2017-02-04 00:00:25 | TEMPLOG : WellhouseOne | 086.000
2017-02-04 00:00:26 | TEMPLOG : Bio   Filter | 028.400
2017-02-04 00:00:26 | TEMPLOG : To   GeoLoop | 031.100
2017-02-04 00:00:26 | TEMPLOG : Table    One | 029.300
2017-02-04 00:01:26 | TEMPLOG : WellhouseOne | 074.300
2017-02-04 00:02:28 | TEMPLOG : WellhouseOne | 067.100
2017-02-04 00:03:28 | TEMPLOG : WellhouseOne | 061.700
2017-02-04 00:04:30 | TEMPLOG : WellhouseOne | 058.100
2017-02-04 00:05:31 | TEMPLOG : WellhouseOne | 055.400
2017-02-04 00:06:32 | TEMPLOG : WellhouseOne | 053.600
2017-02-04 00:07:33 | TEMPLOG : WellhouseOne | 051.800
2017-02-04 00:08:35 | TEMPLOG : WellhouseOne | 050.900
2017-02-04 00:09:36 | TEMPLOG : WellhouseOne | 050.000
2017-02-04 00:11:38 | TEMPLOG : WellhouseOne | 048.200
2017-02-04 00:13:40 | TEMPLOG : WellhouseOne | 047.300
2017-02-04 00:15:41 | TEMPLOG : WellhouseOne | 046.400
2017-02-04 00:16:42 | TEMPLOG : WellhouseOne | 045.500
2017-02-04 00:17:44 | TEMPLOG : WellhouseOne | 044.600
2017-02-04 00:20:48 | TEMPLOG : WellhouseOne | 043.700
2017-02-04 00:21:50 | TEMPLOG : WellhouseOne | 042.800
2017-02-04 00:22:50 | TEMPLOG : WellhouseOne | 087.800
2017-02-04 00:23:52 | TEMPLOG : WellhouseOne | 113.900
2017-02-04 00:24:55 | TEMPLOG : WellhouseOne | 123.800
2017-02-04 00:25:55 | TEMPLOG : WellhouseOne | 130.100
2017-02-04 00:26:57 | TEMPLOG : WellhouseOne | 133.700
2017-02-04 00:27:58 | TEMPLOG : WellhouseOne | 098.600
2017-02-04 00:28:58 | TEMPLOG : WellhouseOne | 081.500
2017-02-04 00:30:00 | TEMPLOG : WellhouseOne | 071.600
2017-02-04 00:31:01 | TEMPLOG : WellhouseOne | 066.200
2017-02-04 00:32:02 | TEMPLOG : WellhouseOne | 061.700
2017-02-04 00:33:03 | TEMPLOG : WellhouseOne | 057.200
2017-02-04 00:34:04 | TEMPLOG : WellhouseOne | 055.400
2017-02-04 00:35:05 | TEMPLOG : WellhouseOne | 053.600
2017-02-04 00:36:06 | TEMPLOG : WellhouseOne | 051.800
2017-02-04 00:37:07 | TEMPLOG : WellhouseOne | 050.900
2017-02-04 00:38:09 | TEMPLOG : WellhouseOne | 049.100
2017-02-04 00:40:13 | TEMPLOG : WellhouseOne | 048.200
2017-02-04 00:41:14 | TEMPLOG : WellhouseOne | 047.300
2017-02-04 00:42:16 | TEMPLOG : WellhouseOne | 046.400
2017-02-04 00:43:17 | TEMPLOG : WellhouseOne | 045.500
2017-02-04 00:44:20 | TEMPLOG : WellhouseOne | 044.600
2017-02-04 00:45:21 | TEMPLOG : WellhouseOne | 045.500
2017-02-04 00:46:22 | TEMPLOG : WellhouseOne | 044.600
2017-02-04 00:48:24 | TEMPLOG : WellhouseOne | 043.700
2017-02-04 00:49:25 | TEMPLOG : WellhouseOne | 042.800
2017-02-04 00:51:28 | TEMPLOG : WellhouseOne | 086.900
2017-02-04 00:52:29 | TEMPLOG : WellhouseOne | 112.100
2017-02-04 00:53:31 | TEMPLOG : WellhouseOne | 122.900
2017-02-04 00:54:32 | TEMPLOG : WellhouseOne | 128.300
2017-02-04 00:55:33 | TEMPLOG : WellhouseOne | 131.000
2017-02-04 00:56:34 | TEMPLOG : WellhouseOne | 089.600
2017-02-04 00:57:35 | TEMPLOG : WellhouseOne | 077.000
2017-02-04 00:58:36 | TEMPLOG : WellhouseOne | 069.800
2017-02-04 00:59:37 | TEMPLOG : WellhouseOne | 063.500
2017-02-04 01:00:38 | TEMPLOG : WellhouseOne | 059.000
2017-02-04 01:00:38 | TEMPLOG : Bio   Filter | 028.400
2017-02-04 01:00:38 | TEMPLOG : To   GeoLoop | 031.100
2017-02-04 01:00:38 | TEMPLOG : Table    One | 029.300
2017-02-04 01:01:39 | TEMPLOG : WellhouseOne | 056.300
2017-02-04 01:02:39 | TEMPLOG : WellhouseOne | 054.500
2017-02-04 01:03:40 | TEMPLOG : WellhouseOne | 052.700
2017-02-04 01:04:41 | TEMPLOG : WellhouseOne | 050.900
2017-02-04 01:05:42 | TEMPLOG : WellhouseOne | 049.100
2017-02-04 01:07:45 | TEMPLOG : WellhouseOne | 047.300
2017-02-04 01:09:48 | TEMPLOG : WellhouseOne | 046.400
2017-02-04 01:12:51 | TEMPLOG : WellhouseOne | 045.500
2017-02-04 01:13:52 | TEMPLOG : WellhouseOne | 044.600
2017-02-04 01:14:54 | TEMPLOG : WellhouseOne | 043.700
2017-02-04 01:15:55 | TEMPLOG : WellhouseOne | 044.600
2017-02-04 01:16:56 | TEMPLOG : WellhouseOne | 043.700
2017-02-04 01:17:57 | TEMPLOG : WellhouseOne | 042.800
2017-02-04 01:19:59 | TEMPLOG : WellhouseOne | 104.000
2017-02-04 01:21:00 | TEMPLOG : WellhouseOne | 120.200
2017-02-04 01:22:01 | TEMPLOG : WellhouseOne | 127.400
2017-02-04 01:23:02 | TEMPLOG : WellhouseOne | 132.800
2017-02-04 01:24:03 | TEMPLOG : WellhouseOne | 113.000
2017-02-04 01:25:05 | TEMPLOG : WellhouseOne | 087.800
2017-02-04 01:26:06 | TEMPLOG : WellhouseOne | 075.200
2017-02-04 01:27:07 | TEMPLOG : WellhouseOne | 067.100
2017-02-04 01:28:08 | TEMPLOG : WellhouseOne | 061.700
2017-02-04 01:29:09 | TEMPLOG : WellhouseOne | 058.100
2017-02-04 01:30:10 | TEMPLOG : WellhouseOne | 055.400
2017-02-04 01:31:11 | TEMPLOG : WellhouseOne | 053.600
2017-02-04 01:32:14 | TEMPLOG : WellhouseOne | 051.800
2017-02-04 01:33:15 | TEMPLOG : WellhouseOne | 050.900
2017-02-04 01:34:16 | TEMPLOG : WellhouseOne | 049.100
2017-02-04 01:36:19 | TEMPLOG : WellhouseOne | 048.200
2017-02-04 01:37:20 | TEMPLOG : WellhouseOne | 047.300
2017-02-04 01:38:21 | TEMPLOG : WellhouseOne | 046.400
2017-02-04 01:40:24 | TEMPLOG : WellhouseOne | 045.500
2017-02-04 01:42:27 | TEMPLOG : WellhouseOne | 044.600
2017-02-04 01:44:29 | TEMPLOG : WellhouseOne | 043.700
2017-02-04 01:47:33 | TEMPLOG : WellhouseOne | 098.600
2017-02-04 01:48:34 | TEMPLOG : WellhouseOne | 117.500
2017-02-04 01:49:36 | TEMPLOG : WellhouseOne | 129.200
2017-02-04 01:50:37 | TEMPLOG : WellhouseOne | 132.800
2017-02-04 01:51:38 | TEMPLOG : WellhouseOne | 095.900
2017-02-04 01:52:39 | TEMPLOG : WellhouseOne | 082.400
2017-02-04 01:53:41 | TEMPLOG : WellhouseOne | 072.500
2017-02-04 01:54:42 | TEMPLOG : WellhouseOne | 066.200
2017-02-04 01:55:43 | TEMPLOG : WellhouseOne | 061.700
2017-02-04 01:56:45 | TEMPLOG : WellhouseOne | 058.100
2017-02-04 01:57:46 | TEMPLOG : WellhouseOne | 056.300
2017-02-04 01:58:47 | TEMPLOG : WellhouseOne | 053.600
2017-02-04 01:59:47 | TEMPLOG : WellhouseOne | 052.700
2017-02-04 02:00:49 | TEMPLOG : WellhouseOne | 050.900
2017-02-04 02:00:49 | TEMPLOG : Bio   Filter | 028.400
2017-02-04 02:00:49 | TEMPLOG : To   GeoLoop | 031.100
2017-02-04 02:00:49 | TEMPLOG : Table    One | 029.300
2017-02-04 02:01:49 | TEMPLOG : WellhouseOne | 050.000
2017-02-04 02:02:50 | TEMPLOG : WellhouseOne | 049.100
2017-02-04 02:02:52 | TEMPLOG : Table    One | 028.400
2017-02-04 02:03:52 | TEMPLOG : WellhouseOne | 048.200
2017-02-04 02:03:52 | TEMPLOG : Bio   Filter | 027.500
2017-02-04 02:04:53 | TEMPLOG : WellhouseOne | 047.300
2017-02-04 02:05:54 | TEMPLOG : WellhouseOne | 046.400
2017-02-04 02:06:55 | TEMPLOG : WellhouseOne | 045.500
2017-02-04 02:06:55 | TEMPLOG : To   GeoLoop | 030.200
2017-02-04 02:07:58 | TEMPLOG : To   GeoLoop | 031.100
2017-02-04 02:08:59 | TEMPLOG : WellhouseOne | 044.600
2017-02-04 02:10:00 | TEMPLOG : WellhouseOne | 043.700
2017-02-04 02:11:02 | TEMPLOG : WellhouseOne | 041.900
2017-02-04 02:12:03 | TEMPLOG : WellhouseOne | 042.800
2017-02-04 02:13:06 | TEMPLOG : To   GeoLoop | 030.200
2017-02-04 02:14:07 | TEMPLOG : WellhouseOne | 043.700
2017-02-04 02:15:08 | TEMPLOG : WellhouseOne | 104.000
2017-02-04 02:16:09 | TEMPLOG : WellhouseOne | 118.400
2017-02-04 02:17:10 | TEMPLOG : WellhouseOne | 127.400
2017-02-04 02:18:12 | TEMPLOG : WellhouseOne | 132.800
2017-02-04 02:19:14 | TEMPLOG : WellhouseOne | 135.500
2017-02-04 02:20:15 | TEMPLOG : WellhouseOne | 097.700
2017-02-04 02:20:16 | TEMPLOG : To   GeoLoop | 031.100
2017-02-04 02:21:16 | TEMPLOG : WellhouseOne | 082.400
2017-02-04 02:22:18 | TEMPLOG : WellhouseOne | 074.300
2017-02-04 02:22:18 | TEMPLOG : To   GeoLoop | 030.200
2017-02-04 02:23:19 | TEMPLOG : WellhouseOne | 068.000
2017-02-04 02:24:20 | TEMPLOG : WellhouseOne | 063.500
2017-02-04 02:24:20 | TEMPLOG : To   GeoLoop | 031.100
2017-02-04 02:25:21 | TEMPLOG : WellhouseOne | 059.000
2017-02-04 02:26:22 | TEMPLOG : WellhouseOne | 056.300
2017-02-04 02:27:23 | TEMPLOG : WellhouseOne | 054.500
2017-02-04 02:27:23 | TEMPLOG : To   GeoLoop | 030.200
2017-02-04 02:28:24 | TEMPLOG : WellhouseOne | 052.700
2017-02-04 02:29:25 | TEMPLOG : WellhouseOne | 051.800
2017-02-04 02:29:26 | TEMPLOG : To   GeoLoop | 031.100
2017-02-04 02:30:26 | TEMPLOG : WellhouseOne | 050.900
2017-02-04 02:30:26 | TEMPLOG : To   GeoLoop | 030.200
2017-02-04 02:31:27 | TEMPLOG : WellhouseOne | 050.000
2017-02-04 02:32:28 | TEMPLOG : WellhouseOne | 049.100
2017-02-04 02:32:28 | TEMPLOG : To   GeoLoop | 031.100
2017-02-04 02:33:29 | TEMPLOG : WellhouseOne | 048.200
2017-02-04 02:34:30 | TEMPLOG : WellhouseOne | 047.300
2017-02-04 02:34:31 | TEMPLOG : To   GeoLoop | 030.200
2017-02-04 02:35:31 | TEMPLOG : WellhouseOne | 046.400
2017-02-04 02:36:32 | TEMPLOG : WellhouseOne | 045.500
2017-02-04 02:38:34 | TEMPLOG : WellhouseOne | 044.600
2017-02-04 02:40:36 | TEMPLOG : WellhouseOne | 043.700
2017-02-04 02:40:37 | TEMPLOG : To   GeoLoop | 031.100
2017-02-04 02:42:38 | TEMPLOG : WellhouseOne | 076.100
2017-02-04 02:42:39 | TEMPLOG : To   GeoLoop | 030.200
2017-02-04 02:43:40 | TEMPLOG : WellhouseOne | 111.200
2017-02-04 02:43:40 | TEMPLOG : To   GeoLoop | 031.100
2017-02-04 02:44:41 | TEMPLOG : WellhouseOne | 122.000
2017-02-04 02:45:43 | TEMPLOG : WellhouseOne | 128.300
2017-02-04 02:45:44 | TEMPLOG : To   GeoLoop | 030.200
2017-02-04 02:46:44 | TEMPLOG : WellhouseOne | 131.900
2017-02-04 02:46:46 | TEMPLOG : To   GeoLoop | 031.100
2017-02-04 02:47:47 | TEMPLOG : WellhouseOne | 134.600
2017-02-04 02:47:47 | TEMPLOG : To   GeoLoop | 030.200
2017-02-04 02:48:47 | TEMPLOG : WellhouseOne | 095.900
2017-02-04 02:48:50 | TEMPLOG : To   GeoLoop | 031.100
2017-02-04 02:49:51 | TEMPLOG : WellhouseOne | 080.600
2017-02-04 02:49:51 | TEMPLOG : To   GeoLoop | 030.200
2017-02-04 02:50:52 | TEMPLOG : WellhouseOne | 072.500
2017-02-04 02:51:53 | TEMPLOG : WellhouseOne | 067.100
2017-02-04 02:51:53 | TEMPLOG : To   GeoLoop | 031.100
2017-02-04 02:52:54 | TEMPLOG : WellhouseOne | 061.700
2017-02-04 02:52:55 | TEMPLOG : To   GeoLoop | 030.200
2017-02-04 02:53:55 | TEMPLOG : WellhouseOne | 059.000
2017-02-04 02:54:57 | TEMPLOG : WellhouseOne | 057.200
2017-02-04 02:55:58 | TEMPLOG : WellhouseOne | 055.400
2017-02-04 02:55:59 | TEMPLOG : To   GeoLoop | 031.100
2017-02-04 02:56:59 | TEMPLOG : WellhouseOne | 053.600
2017-02-04 02:57:00 | TEMPLOG : To   GeoLoop | 030.200
2017-02-04 02:58:00 | TEMPLOG : WellhouseOne | 051.800
2017-02-04 02:59:03 | TEMPLOG : WellhouseOne | 050.900
2017-02-04 03:00:03 | TEMPLOG : WellhouseOne | 050.000
2017-02-04 03:00:03 | TEMPLOG : Bio   Filter | 027.500
2017-02-04 03:00:04 | TEMPLOG : To   GeoLoop | 030.200
2017-02-04 03:00:05 | TEMPLOG : Table    One | 028.400
2017-02-04 03:01:06 | TEMPLOG : WellhouseOne | 049.100
2017-02-04 03:02:07 | TEMPLOG : WellhouseOne | 048.200
2017-02-04 03:03:08 | TEMPLOG : WellhouseOne | 047.300
2017-02-04 03:05:11 | TEMPLOG : WellhouseOne | 046.400
2017-02-04 03:06:12 | TEMPLOG : WellhouseOne | 045.500
2017-02-04 03:06:13 | TEMPLOG : Table    One | 027.500
2017-02-04 03:08:16 | TEMPLOG : Bio   Filter | 026.600
2017-02-04 03:09:17 | TEMPLOG : WellhouseOne | 044.600
2017-02-04 03:11:20 | TEMPLOG : WellhouseOne | 062.600
2017-02-04 03:12:21 | TEMPLOG : WellhouseOne | 109.400
2017-02-04 03:13:22 | TEMPLOG : WellhouseOne | 122.900
2017-02-04 03:14:23 | TEMPLOG : WellhouseOne | 129.200
2017-02-04 03:15:25 | TEMPLOG : WellhouseOne | 133.700
2017-02-04 03:16:26 | TEMPLOG : WellhouseOne | 128.300
2017-02-04 03:17:28 | TEMPLOG : WellhouseOne | 091.400
2017-02-04 03:18:29 | TEMPLOG : WellhouseOne | 080.600
2017-02-04 03:19:30 | TEMPLOG : WellhouseOne | 072.500
2017-02-04 03:20:31 | TEMPLOG : WellhouseOne | 065.300
2017-02-04 03:21:32 | TEMPLOG : WellhouseOne | 061.700
2017-02-04 03:22:35 | TEMPLOG : WellhouseOne | 058.100
2017-02-04 03:23:36 | TEMPLOG : WellhouseOne | 055.400
2017-02-04 03:24:37 | TEMPLOG : WellhouseOne | 053.600
2017-02-04 03:25:39 | TEMPLOG : WellhouseOne | 052.700
2017-02-04 03:26:41 | TEMPLOG : WellhouseOne | 051.800
2017-02-04 03:27:43 | TEMPLOG : WellhouseOne | 050.000
2017-02-04 03:28:44 | TEMPLOG : WellhouseOne | 049.100
2017-02-04 03:29:45 | TEMPLOG : WellhouseOne | 048.200
2017-02-04 03:31:47 | TEMPLOG : WellhouseOne | 047.300
2017-02-04 03:32:48 | TEMPLOG : WellhouseOne | 046.400
2017-02-04 03:34:50 | TEMPLOG : WellhouseOne | 045.500
2017-02-04 03:36:53 | TEMPLOG : WellhouseOne | 044.600
2017-02-04 03:37:54 | TEMPLOG : WellhouseOne | 043.700
2017-02-04 03:38:56 | TEMPLOG : Table    One | 026.600
2017-02-04 03:39:56 | TEMPLOG : WellhouseOne | 098.600
2017-02-04 03:40:57 | TEMPLOG : WellhouseOne | 116.600
2017-02-04 03:40:58 | TEMPLOG : Bio   Filter | 025.700
2017-02-04 03:41:59 | TEMPLOG : WellhouseOne | 125.600
2017-02-04 03:42:59 | TEMPLOG : WellhouseOne | 131.900
2017-02-04 03:44:01 | TEMPLOG : WellhouseOne | 133.700
2017-02-04 03:45:02 | TEMPLOG : WellhouseOne | 118.400
2017-02-04 03:46:03 | TEMPLOG : WellhouseOne | 089.600
2017-02-04 03:47:05 | TEMPLOG : WellhouseOne | 077.900
2017-02-04 03:48:06 | TEMPLOG : WellhouseOne | 070.700
2017-02-04 03:49:07 | TEMPLOG : WellhouseOne | 065.300
2017-02-04 03:50:08 | TEMPLOG : WellhouseOne | 061.700
2017-02-04 03:51:09 | TEMPLOG : WellhouseOne | 058.100
2017-02-04 03:52:10 | TEMPLOG : WellhouseOne | 055.400
2017-02-04 03:53:11 | TEMPLOG : WellhouseOne | 053.600
2017-02-04 03:54:12 | TEMPLOG : WellhouseOne | 052.700
2017-02-04 03:55:14 | TEMPLOG : WellhouseOne | 050.900
2017-02-04 03:56:15 | TEMPLOG : WellhouseOne | 050.000
2017-02-04 03:57:16 | TEMPLOG : WellhouseOne | 048.200
2017-02-04 03:58:17 | TEMPLOG : WellhouseOne | 047.300
2017-02-04 03:59:19 | TEMPLOG : WellhouseOne | 046.400
2017-02-04 04:00:21 | TEMPLOG : WellhouseOne | 045.500
2017-02-04 04:00:21 | TEMPLOG : Bio   Filter | 025.700
2017-02-04 04:00:21 | TEMPLOG : To   GeoLoop | 030.200
2017-02-04 04:00:21 | TEMPLOG : Table    One | 026.600
2017-02-04 04:02:23 | TEMPLOG : WellhouseOne | 044.600
2017-02-04 04:04:25 | TEMPLOG : WellhouseOne | 043.700
2017-02-04 04:06:29 | TEMPLOG : WellhouseOne | 042.800
2017-02-04 04:07:30 | TEMPLOG : WellhouseOne | 041.000
2017-02-04 04:08:31 | TEMPLOG : WellhouseOne | 103.100
2017-02-04 04:09:33 | TEMPLOG : WellhouseOne | 120.200
2017-02-04 04:10:34 | TEMPLOG : WellhouseOne | 130.100
2017-02-04 04:11:35 | TEMPLOG : WellhouseOne | 132.800
2017-02-04 04:12:36 | TEMPLOG : WellhouseOne | 134.600
2017-02-04 04:13:39 | TEMPLOG : WellhouseOne | 095.900
2017-02-04 04:14:40 | TEMPLOG : WellhouseOne | 082.400
2017-02-04 04:15:41 | TEMPLOG : WellhouseOne | 073.400
2017-02-04 04:16:42 | TEMPLOG : WellhouseOne | 066.200
2017-02-04 04:17:44 | TEMPLOG : WellhouseOne | 060.800
2017-02-04 04:18:44 | TEMPLOG : WellhouseOne | 058.100
2017-02-04 04:19:45 | TEMPLOG : WellhouseOne | 054.500
2017-02-04 04:20:47 | TEMPLOG : WellhouseOne | 052.700
2017-02-04 04:21:48 | TEMPLOG : WellhouseOne | 050.000
2017-02-04 04:23:51 | TEMPLOG : WellhouseOne | 048.200
2017-02-04 04:25:54 | TEMPLOG : WellhouseOne | 047.300
2017-02-04 04:26:54 | TEMPLOG : WellhouseOne | 046.400
2017-02-04 04:27:55 | TEMPLOG : WellhouseOne | 045.500
2017-02-04 04:28:57 | TEMPLOG : WellhouseOne | 044.600
2017-02-04 04:32:00 | TEMPLOG : WellhouseOne | 043.700
2017-02-04 04:34:02 | TEMPLOG : WellhouseOne | 042.800
2017-02-04 04:35:03 | TEMPLOG : WellhouseOne | 043.700
2017-02-04 04:36:05 | TEMPLOG : WellhouseOne | 103.100
2017-02-04 04:37:07 | TEMPLOG : WellhouseOne | 115.700
2017-02-04 04:38:07 | TEMPLOG : WellhouseOne | 124.700
2017-02-04 04:39:09 | TEMPLOG : WellhouseOne | 128.300
2017-02-04 04:40:10 | TEMPLOG : WellhouseOne | 132.800
2017-02-04 04:40:11 | TEMPLOG : Table    One | 025.700
2017-02-04 04:41:11 | TEMPLOG : WellhouseOne | 134.600
2017-02-04 04:42:12 | TEMPLOG : WellhouseOne | 098.600
2017-02-04 04:43:14 | TEMPLOG : WellhouseOne | 082.400
2017-02-04 04:44:15 | TEMPLOG : WellhouseOne | 073.400
2017-02-04 04:44:16 | TEMPLOG : Bio   Filter | 024.800
2017-02-04 04:45:16 | TEMPLOG : WellhouseOne | 067.100
2017-02-04 04:46:17 | TEMPLOG : WellhouseOne | 062.600
2017-02-04 04:47:18 | TEMPLOG : WellhouseOne | 059.000
2017-02-04 04:48:19 | TEMPLOG : WellhouseOne | 055.400
2017-02-04 04:49:20 | TEMPLOG : WellhouseOne | 052.700
2017-02-04 04:50:21 | TEMPLOG : WellhouseOne | 051.800
2017-02-04 04:51:23 | TEMPLOG : WellhouseOne | 050.000
2017-02-04 04:52:24 | TEMPLOG : WellhouseOne | 048.200
2017-02-04 04:52:24 | TEMPLOG : Bio   Filter | 025.700
2017-02-04 04:52:25 | TEMPLOG : Table    One | 026.600
2017-02-04 04:53:25 | TEMPLOG : Bio   Filter | 024.800
2017-02-04 04:53:26 | TEMPLOG : Table    One | 025.700
2017-02-04 04:54:26 | TEMPLOG : WellhouseOne | 047.300
2017-02-04 04:54:26 | TEMPLOG : Bio   Filter | 025.700
2017-02-04 04:55:28 | TEMPLOG : WellhouseOne | 046.400
2017-02-04 04:55:28 | TEMPLOG : Bio   Filter | 024.800
2017-02-04 04:55:29 | TEMPLOG : Table    One | 026.600
2017-02-04 04:56:29 | TEMPLOG : WellhouseOne | 045.500
2017-02-04 04:56:29 | TEMPLOG : Bio   Filter | 025.700
2017-02-04 04:57:31 | TEMPLOG : WellhouseOne | 044.600
2017-02-04 04:58:32 | TEMPLOG : WellhouseOne | 042.800
2017-02-04 04:59:34 | TEMPLOG : WellhouseOne | 043.700
2017-02-04 05:00:34 | TEMPLOG : WellhouseOne | 042.800
2017-02-04 05:00:35 | TEMPLOG : Bio   Filter | 025.700
2017-02-04 05:00:35 | TEMPLOG : To   GeoLoop | 030.200
2017-02-04 05:00:35 | TEMPLOG : Table    One | 026.600
2017-02-04 05:02:36 | TEMPLOG : Bio   Filter | 024.800
2017-02-04 05:02:37 | TEMPLOG : Table    One | 025.700
2017-02-04 05:04:39 | TEMPLOG : WellhouseOne | 101.300
2017-02-04 05:05:41 | TEMPLOG : WellhouseOne | 115.700
2017-02-04 05:06:42 | TEMPLOG : WellhouseOne | 123.800
2017-02-04 05:07:43 | TEMPLOG : WellhouseOne | 129.200
2017-02-04 05:08:44 | TEMPLOG : WellhouseOne | 131.900
2017-02-04 05:09:46 | TEMPLOG : WellhouseOne | 134.600
2017-02-04 05:10:47 | TEMPLOG : WellhouseOne | 123.800
2017-02-04 05:11:48 | TEMPLOG : WellhouseOne | 090.500
2017-02-04 05:12:50 | TEMPLOG : WellhouseOne | 079.700
2017-02-04 05:13:51 | TEMPLOG : WellhouseOne | 072.500
2017-02-04 05:14:52 | TEMPLOG : WellhouseOne | 066.200
2017-02-04 05:15:54 | TEMPLOG : WellhouseOne | 062.600
2017-02-04 05:16:54 | TEMPLOG : WellhouseOne | 058.100
2017-02-04 05:17:55 | TEMPLOG : WellhouseOne | 056.300
2017-02-04 05:18:56 | TEMPLOG : WellhouseOne | 054.500
2017-02-04 05:19:57 | TEMPLOG : WellhouseOne | 052.700
2017-02-04 05:20:58 | TEMPLOG : WellhouseOne | 051.800
2017-02-04 05:21:59 | TEMPLOG : WellhouseOne | 050.000
2017-02-04 05:23:01 | TEMPLOG : WellhouseOne | 049.100
2017-02-04 05:24:02 | TEMPLOG : WellhouseOne | 048.200
2017-02-04 05:25:03 | TEMPLOG : WellhouseOne | 047.300
2017-02-04 05:26:05 | TEMPLOG : WellhouseOne | 046.400
2017-02-04 05:28:06 | TEMPLOG : WellhouseOne | 045.500
2017-02-04 05:29:08 | TEMPLOG : WellhouseOne | 044.600
2017-02-04 05:31:11 | TEMPLOG : WellhouseOne | 043.700
2017-02-04 05:33:13 | TEMPLOG : WellhouseOne | 045.500
2017-02-04 05:34:14 | TEMPLOG : WellhouseOne | 104.000
2017-02-04 05:35:15 | TEMPLOG : WellhouseOne | 117.500
2017-02-04 05:36:16 | TEMPLOG : WellhouseOne | 123.800
2017-02-04 05:37:17 | TEMPLOG : WellhouseOne | 128.300
2017-02-04 05:38:19 | TEMPLOG : WellhouseOne | 131.900
2017-02-04 05:39:21 | TEMPLOG : WellhouseOne | 133.700
2017-02-04 05:40:23 | TEMPLOG : WellhouseOne | 106.700
2017-02-04 05:41:24 | TEMPLOG : WellhouseOne | 087.800
2017-02-04 05:42:25 | TEMPLOG : WellhouseOne | 076.100
2017-02-04 05:43:26 | TEMPLOG : WellhouseOne | 068.900
2017-02-04 05:44:28 | TEMPLOG : WellhouseOne | 064.400
2017-02-04 05:45:29 | TEMPLOG : WellhouseOne | 060.800
2017-02-04 05:46:30 | TEMPLOG : WellhouseOne | 058.100
2017-02-04 05:47:31 | TEMPLOG : WellhouseOne | 056.300
2017-02-04 05:48:32 | TEMPLOG : WellhouseOne | 053.600
2017-02-04 05:49:33 | TEMPLOG : WellhouseOne | 051.800
2017-02-04 05:50:35 | TEMPLOG : WellhouseOne | 050.900
2017-02-04 05:51:36 | TEMPLOG : WellhouseOne | 050.000
2017-02-04 05:52:37 | TEMPLOG : WellhouseOne | 049.100
2017-02-04 05:53:38 | TEMPLOG : WellhouseOne | 048.200
2017-02-04 05:54:39 | TEMPLOG : WellhouseOne | 047.300
2017-02-04 05:56:43 | TEMPLOG : WellhouseOne | 045.500
2017-02-04 05:59:47 | TEMPLOG : WellhouseOne | 044.600
2017-02-04 06:00:49 | TEMPLOG : WellhouseOne | 043.700
2017-02-04 06:00:49 | TEMPLOG : Bio   Filter | 025.700
2017-02-04 06:00:50 | TEMPLOG : To   GeoLoop | 030.200
2017-02-04 06:00:50 | TEMPLOG : Table    One | 026.600
2017-02-04 06:01:50 | TEMPLOG : WellhouseOne | 044.600
2017-02-04 06:02:51 | TEMPLOG : WellhouseOne | 085.100
2017-02-04 06:03:53 | TEMPLOG : WellhouseOne | 112.100
2017-02-04 06:04:54 | TEMPLOG : WellhouseOne | 122.000
2017-02-04 06:05:55 | TEMPLOG : WellhouseOne | 128.300
2017-02-04 06:06:57 | TEMPLOG : WellhouseOne | 132.800
2017-02-04 06:07:58 | TEMPLOG : WellhouseOne | 113.900
2017-02-04 06:08:58 | TEMPLOG : WellhouseOne | 088.700
2017-02-04 06:09:59 | TEMPLOG : WellhouseOne | 077.900
2017-02-04 06:11:01 | TEMPLOG : WellhouseOne | 069.800
2017-02-04 06:12:02 | TEMPLOG : WellhouseOne | 065.300
2017-02-04 06:13:03 | TEMPLOG : WellhouseOne | 060.800
2017-02-04 06:14:04 | TEMPLOG : WellhouseOne | 057.200
2017-02-04 06:15:05 | TEMPLOG : WellhouseOne | 053.600
2017-02-04 06:16:07 | TEMPLOG : WellhouseOne | 051.800
2017-02-04 06:18:10 | TEMPLOG : WellhouseOne | 050.000
2017-02-04 06:20:13 | TEMPLOG : WellhouseOne | 048.200
2017-02-04 06:22:17 | TEMPLOG : WellhouseOne | 047.300
2017-02-04 06:23:18 | TEMPLOG : WellhouseOne | 046.400
2017-02-04 06:24:19 | TEMPLOG : WellhouseOne | 045.500
2017-02-04 06:27:21 | TEMPLOG : WellhouseOne | 044.600
2017-02-04 06:30:25 | TEMPLOG : WellhouseOne | 043.700
2017-02-04 06:31:27 | TEMPLOG : WellhouseOne | 091.400
2017-02-04 06:32:27 | TEMPLOG : WellhouseOne | 115.700
2017-02-04 06:33:29 | TEMPLOG : WellhouseOne | 126.500
2017-02-04 06:34:30 | TEMPLOG : WellhouseOne | 131.900
2017-02-04 06:35:31 | TEMPLOG : WellhouseOne | 105.800
2017-02-04 06:36:32 | TEMPLOG : WellhouseOne | 083.300
2017-02-04 06:37:33 | TEMPLOG : WellhouseOne | 073.400
2017-02-04 06:38:34 | TEMPLOG : WellhouseOne | 067.100
2017-02-04 06:39:35 | TEMPLOG : WellhouseOne | 062.600
2017-02-04 06:39:36 | TEMPLOG : Table    One | 027.500
2017-02-04 06:40:36 | TEMPLOG : WellhouseOne | 059.900
2017-02-04 06:40:36 | TEMPLOG : Bio   Filter | 026.600
2017-02-04 06:41:37 | TEMPLOG : WellhouseOne | 057.200
2017-02-04 06:42:38 | TEMPLOG : WellhouseOne | 054.500
2017-02-04 06:43:39 | TEMPLOG : WellhouseOne | 053.600
2017-02-04 06:44:40 | TEMPLOG : WellhouseOne | 051.800
2017-02-04 06:45:42 | TEMPLOG : WellhouseOne | 050.000
2017-02-04 06:47:45 | TEMPLOG : WellhouseOne | 049.100
2017-02-04 06:48:47 | TEMPLOG : WellhouseOne | 048.200
2017-02-04 06:50:50 | TEMPLOG : WellhouseOne | 047.300
2017-02-04 06:52:54 | TEMPLOG : WellhouseOne | 046.400
2017-02-04 06:53:54 | TEMPLOG : WellhouseOne | 045.500
2017-02-04 06:59:00 | TEMPLOG : WellhouseOne | 044.600
2017-02-04 07:00:01 | TEMPLOG : WellhouseOne | 095.900
2017-02-04 07:00:02 | TEMPLOG : Bio   Filter | 026.600
2017-02-04 07:00:02 | TEMPLOG : To   GeoLoop | 030.200
2017-02-04 07:00:02 | TEMPLOG : Table    One | 027.500
2017-02-04 07:01:03 | TEMPLOG : WellhouseOne | 116.600
2017-02-04 07:02:03 | TEMPLOG : WellhouseOne | 125.600
2017-02-04 07:03:04 | TEMPLOG : WellhouseOne | 131.000
2017-02-04 07:04:05 | TEMPLOG : WellhouseOne | 092.300
2017-02-04 07:05:08 | TEMPLOG : WellhouseOne | 080.600
2017-02-04 07:06:09 | TEMPLOG : WellhouseOne | 070.700
2017-02-04 07:07:10 | TEMPLOG : WellhouseOne | 066.200
2017-02-04 07:07:10 | TEMPLOG : Bio   Filter | 027.500
2017-02-04 07:07:11 | TEMPLOG : Table    One | 028.400
2017-02-04 07:08:11 | TEMPLOG : WellhouseOne | 063.500
2017-02-04 07:08:11 | TEMPLOG : To   GeoLoop | 031.100
2017-02-04 07:09:12 | TEMPLOG : WellhouseOne | 060.800
2017-02-04 07:09:12 | TEMPLOG : To   GeoLoop | 030.200
2017-02-04 07:10:13 | TEMPLOG : WellhouseOne | 057.200
2017-02-04 07:10:14 | TEMPLOG : To   GeoLoop | 031.100
2017-02-04 07:11:14 | TEMPLOG : WellhouseOne | 056.300
2017-02-04 07:12:16 | TEMPLOG : WellhouseOne | 054.500
2017-02-04 07:13:17 | TEMPLOG : WellhouseOne | 052.700
2017-02-04 07:14:19 | TEMPLOG : WellhouseOne | 051.800
2017-02-04 07:14:19 | TEMPLOG : Bio   Filter | 028.400
2017-02-04 07:15:20 | TEMPLOG : WellhouseOne | 050.900
2017-02-04 07:16:22 | TEMPLOG : Table    One | 029.300
2017-02-04 07:17:22 | TEMPLOG : WellhouseOne | 049.100
2017-02-04 07:18:25 | TEMPLOG : Bio   Filter | 029.300
2017-02-04 07:19:26 | TEMPLOG : WellhouseOne | 048.200
2017-02-04 07:21:28 | TEMPLOG : WellhouseOne | 047.300
2017-02-04 07:21:28 | TEMPLOG : Bio   Filter | 030.200
2017-02-04 07:21:29 | TEMPLOG : Table    One | 030.200
2017-02-04 07:22:29 | TEMPLOG : WellhouseOne | 046.400
2017-02-04 07:24:31 | TEMPLOG : WellhouseOne | 045.500
2017-02-04 07:25:34 | TEMPLOG : Table    One | 031.100
2017-02-04 07:26:34 | TEMPLOG : WellhouseOne | 067.100
2017-02-04 07:26:34 | TEMPLOG : Bio   Filter | 031.100
2017-02-04 07:27:35 | TEMPLOG : WellhouseOne | 108.500
2017-02-04 07:28:36 | TEMPLOG : WellhouseOne | 122.900
2017-02-04 07:29:37 | TEMPLOG : WellhouseOne | 131.000
2017-02-04 07:30:39 | TEMPLOG : WellhouseOne | 091.400
2017-02-04 07:31:42 | TEMPLOG : WellhouseOne | 078.800
2017-02-04 07:32:44 | TEMPLOG : WellhouseOne | 071.600
2017-02-04 07:33:47 | TEMPLOG : WellhouseOne | 066.200
2017-02-04 07:33:47 | TEMPLOG : Bio   Filter | 032.900
2017-02-04 07:34:48 | TEMPLOG : WellhouseOne | 061.700
2017-02-04 07:34:48 | TEMPLOG : Table    One | 032.900
2017-02-04 07:35:49 | TEMPLOG : WellhouseOne | 059.000
2017-02-04 07:36:50 | TEMPLOG : WellhouseOne | 056.300
2017-02-04 07:36:50 | TEMPLOG : Bio   Filter | 033.800
2017-02-04 07:37:51 | TEMPLOG : WellhouseOne | 055.400
2017-02-04 07:37:52 | TEMPLOG : Table    One | 033.800
2017-02-04 07:38:53 | TEMPLOG : WellhouseOne | 053.600
2017-02-04 07:38:53 | TEMPLOG : Bio   Filter | 034.700
2017-02-04 07:39:56 | TEMPLOG : WellhouseOne | 052.700
2017-02-04 07:40:57 | TEMPLOG : WellhouseOne | 051.800
2017-02-04 07:40:58 | TEMPLOG : Table    One | 034.700
2017-02-04 07:41:58 | TEMPLOG : WellhouseOne | 050.900
2017-02-04 07:41:59 | TEMPLOG : Bio   Filter | 035.600
2017-02-04 07:44:01 | TEMPLOG : WellhouseOne | 050.000
2017-02-04 07:44:01 | TEMPLOG : Bio   Filter | 036.500
2017-02-04 07:44:02 | TEMPLOG : Table    One | 035.600
2017-02-04 07:46:03 | TEMPLOG : WellhouseOne | 049.100
2017-02-04 07:47:04 | TEMPLOG : Bio   Filter | 037.400
2017-02-04 07:47:05 | TEMPLOG : Table    One | 036.500
2017-02-04 07:49:07 | TEMPLOG : Bio   Filter | 038.300
2017-02-04 07:50:08 | TEMPLOG : WellhouseOne | 048.200
2017-02-04 07:52:11 | TEMPLOG : Bio   Filter | 039.200
2017-02-04 07:52:12 | TEMPLOG : Table    One | 037.400
2017-02-04 07:54:13 | TEMPLOG : WellhouseOne | 064.400
2017-02-04 07:55:14 | TEMPLOG : WellhouseOne | 106.700
2017-02-04 07:55:14 | TEMPLOG : Bio   Filter | 040.100
2017-02-04 07:55:15 | TEMPLOG : Table    One | 038.300
2017-02-04 07:56:15 | TEMPLOG : WellhouseOne | 119.300
2017-02-04 07:57:16 | TEMPLOG : WellhouseOne | 128.300
2017-02-04 07:57:17 | TEMPLOG : Bio   Filter | 041.000
2017-02-04 07:57:17 | TEMPLOG : Table    One | 039.200
2017-02-04 07:58:17 | TEMPLOG : WellhouseOne | 100.400
2017-02-04 07:59:18 | TEMPLOG : WellhouseOne | 084.200
2017-02-04 07:59:18 | TEMPLOG : Bio   Filter | 041.900
2017-02-04 07:59:19 | TEMPLOG : To   GeoLoop | 032.900
2017-02-04 07:59:19 | TEMPLOG : Table    One | 040.100
2017-02-04 08:00:19 | TEMPLOG : WellhouseOne | 075.200
2017-02-04 08:00:19 | TEMPLOG : Bio   Filter | 041.900
2017-02-04 08:00:20 | TEMPLOG : Table    One | 040.100
2017-02-04 08:01:20 | TEMPLOG : WellhouseOne | 069.800
2017-02-04 08:01:21 | TEMPLOG : Bio   Filter | 042.800
2017-02-04 08:01:21 | TEMPLOG : Table    One | 041.000
2017-02-04 08:02:22 | TEMPLOG : WellhouseOne | 065.300
2017-02-04 08:03:24 | TEMPLOG : WellhouseOne | 061.700
2017-02-04 08:03:25 | TEMPLOG : Table    One | 041.900
2017-02-04 08:04:25 | TEMPLOG : WellhouseOne | 059.900
2017-02-04 08:04:26 | TEMPLOG : Bio   Filter | 043.700
2017-02-04 08:04:27 | TEMPLOG : Table    One | 042.800
2017-02-04 08:05:27 | TEMPLOG : WellhouseOne | 059.000
2017-02-04 08:05:28 | TEMPLOG : Table    One | 043.700
2017-02-04 08:06:28 | TEMPLOG : WellhouseOne | 057.200
2017-02-04 08:06:28 | TEMPLOG : Bio   Filter | 044.600
2017-02-04 08:07:30 | TEMPLOG : WellhouseOne | 055.400
2017-02-04 08:07:30 | TEMPLOG : Table    One | 044.600
2017-02-04 08:08:31 | TEMPLOG : WellhouseOne | 054.500
2017-02-04 08:08:31 | TEMPLOG : Bio   Filter | 045.500
2017-02-04 08:08:31 | TEMPLOG : Table    One | 045.500
2017-02-04 08:09:32 | TEMPLOG : Bio   Filter | 046.400
2017-02-04 08:09:32 | TEMPLOG : Table    One | 046.400
2017-02-04 08:10:33 | TEMPLOG : WellhouseOne | 053.600
2017-02-04 08:11:34 | TEMPLOG : Bio   Filter | 047.300
2017-02-04 08:11:35 | TEMPLOG : Table    One | 047.300
2017-02-04 08:12:35 | TEMPLOG : WellhouseOne | 052.700
2017-02-04 08:13:36 | TEMPLOG : WellhouseOne | 051.800
2017-02-04 08:13:36 | TEMPLOG : Bio   Filter | 048.200
2017-02-04 08:14:37 | TEMPLOG : WellhouseOne | 050.900
2017-02-04 08:14:37 | TEMPLOG : Bio   Filter | 049.100
2017-02-04 08:14:38 | TEMPLOG : Table    One | 048.200
2017-02-04 08:15:38 | TEMPLOG : Bio   Filter | 050.000
2017-02-04 08:16:41 | TEMPLOG : Table    One | 049.100
2017-02-04 08:17:41 | TEMPLOG : WellhouseOne | 050.000
2017-02-04 08:18:43 | TEMPLOG : Bio   Filter | 050.900
2017-02-04 08:20:45 | TEMPLOG : WellhouseOne | 049.100
2017-02-04 08:20:45 | TEMPLOG : Bio   Filter | 051.800
2017-02-04 08:20:45 | TEMPLOG : Table    One | 050.000
2017-02-04 08:22:47 | TEMPLOG : WellhouseOne | 050.000
2017-02-04 08:22:47 | TEMPLOG : Bio   Filter | 052.700
2017-02-04 08:22:47 | TEMPLOG : Table    One | 050.900
2017-02-04 08:23:47 | TEMPLOG : WellhouseOne | 105.800
2017-02-04 08:24:49 | TEMPLOG : WellhouseOne | 121.100
2017-02-04 08:24:50 | TEMPLOG : Bio   Filter | 053.600
2017-02-04 08:25:50 | TEMPLOG : WellhouseOne | 128.300
2017-02-04 08:25:51 | TEMPLOG : Table    One | 051.800
2017-02-04 08:26:51 | TEMPLOG : WellhouseOne | 100.400
2017-02-04 08:26:52 | TEMPLOG : Bio   Filter | 054.500
2017-02-04 08:27:52 | TEMPLOG : WellhouseOne | 084.200
2017-02-04 08:28:53 | TEMPLOG : WellhouseOne | 075.200
2017-02-04 08:28:53 | TEMPLOG : Bio   Filter | 055.400
2017-02-04 08:29:55 | TEMPLOG : WellhouseOne | 068.900
2017-02-04 08:30:56 | TEMPLOG : WellhouseOne | 064.400
2017-02-04 08:30:57 | TEMPLOG : Bio   Filter | 056.300
2017-02-04 08:30:57 | TEMPLOG : Table    One | 052.700
2017-02-04 08:31:57 | TEMPLOG : WellhouseOne | 060.800
2017-02-04 08:31:58 | TEMPLOG : Bio   Filter | 057.200
2017-02-04 08:32:58 | TEMPLOG : WellhouseOne | 058.100
2017-02-04 08:32:59 | TEMPLOG : Bio   Filter | 058.100
2017-02-04 08:33:00 | TEMPLOG : Table    One | 053.600
2017-02-04 08:34:00 | TEMPLOG : WellhouseOne | 056.300
2017-02-04 08:34:01 | TEMPLOG : Bio   Filter | 059.000
2017-02-04 08:35:01 | TEMPLOG : WellhouseOne | 055.400
2017-02-04 08:35:02 | TEMPLOG : To   GeoLoop | 033.800
2017-02-04 08:35:03 | TEMPLOG : Table    One | 054.500
2017-02-04 08:36:03 | TEMPLOG : WellhouseOne | 054.500
2017-02-04 08:36:03 | TEMPLOG : Bio   Filter | 059.900
2017-02-04 08:36:04 | TEMPLOG : Table    One | 055.400
2017-02-04 08:37:04 | TEMPLOG : WellhouseOne | 053.600
2017-02-04 08:37:05 | TEMPLOG : Table    One | 056.300
2017-02-04 08:38:06 | TEMPLOG : WellhouseOne | 052.700
2017-02-04 08:38:06 | TEMPLOG : Bio   Filter | 060.800
2017-02-04 08:39:07 | TEMPLOG : WellhouseOne | 051.800
2017-02-04 08:40:08 | TEMPLOG : Bio   Filter | 061.700
2017-02-04 08:40:10 | TEMPLOG : Table    One | 057.200
2017-02-04 08:41:10 | TEMPLOG : WellhouseOne | 050.900
2017-02-04 08:41:10 | TEMPLOG : Bio   Filter | 062.600
2017-02-04 08:41:11 | TEMPLOG : Table    One | 058.100
2017-02-04 08:43:12 | TEMPLOG : Bio   Filter | 063.500
2017-02-04 08:44:13 | TEMPLOG : WellhouseOne | 050.000
2017-02-04 08:45:14 | TEMPLOG : WellhouseOne | 049.100
2017-02-04 08:45:14 | TEMPLOG : Bio   Filter | 064.400
2017-02-04 08:45:15 | TEMPLOG : Table    One | 059.000
2017-02-04 08:47:16 | TEMPLOG : WellhouseOne | 048.200
2017-02-04 08:47:16 | TEMPLOG : Bio   Filter | 065.300
2017-02-04 08:48:17 | TEMPLOG : Bio   Filter | 066.200
2017-02-04 08:48:18 | TEMPLOG : Table    One | 059.900
2017-02-04 08:49:18 | TEMPLOG : WellhouseOne | 049.100
2017-02-04 08:50:20 | TEMPLOG : WellhouseOne | 048.200
2017-02-04 08:50:21 | TEMPLOG : Table    One | 060.800
2017-02-04 08:51:21 | TEMPLOG : Bio   Filter | 067.100
2017-02-04 08:52:22 | TEMPLOG : WellhouseOne | 070.700
2017-02-04 08:53:23 | TEMPLOG : WellhouseOne | 110.300
2017-02-04 08:54:24 | TEMPLOG : WellhouseOne | 123.800
2017-02-04 08:55:25 | TEMPLOG : WellhouseOne | 105.800
2017-02-04 08:56:27 | TEMPLOG : WellhouseOne | 082.400
2017-02-04 08:56:27 | TEMPLOG : Bio   Filter | 068.000
2017-02-04 08:57:28 | TEMPLOG : WellhouseOne | 072.500
2017-02-04 08:58:28 | TEMPLOG : WellhouseOne | 066.200
2017-02-04 08:59:29 | TEMPLOG : WellhouseOne | 062.600
2017-02-04 09:00:30 | TEMPLOG : WellhouseOne | 059.900
2017-02-04 09:00:30 | TEMPLOG : Bio   Filter | 068.000
2017-02-04 09:00:31 | TEMPLOG : To   GeoLoop | 033.800
2017-02-04 09:00:31 | TEMPLOG : Table    One | 060.800
2017-02-04 09:01:31 | TEMPLOG : WellhouseOne | 058.100
2017-02-04 09:01:32 | TEMPLOG : To   GeoLoop | 034.700
2017-02-04 09:01:33 | TEMPLOG : Table    One | 061.700
2017-02-04 09:02:33 | TEMPLOG : WellhouseOne | 057.200
2017-02-04 09:02:33 | TEMPLOG : Bio   Filter | 068.900
2017-02-04 09:03:35 | TEMPLOG : WellhouseOne | 055.400
2017-02-04 09:03:35 | TEMPLOG : Table    One | 062.600
2017-02-04 09:04:36 | TEMPLOG : Bio   Filter | 069.800
2017-02-04 09:05:37 | TEMPLOG : WellhouseOne | 054.500
2017-02-04 09:06:39 | TEMPLOG : WellhouseOne | 053.600
2017-02-04 09:06:40 | TEMPLOG : Table    One | 063.500
2017-02-04 09:07:40 | TEMPLOG : WellhouseOne | 052.700
2017-02-04 09:07:41 | TEMPLOG : Bio   Filter | 070.700
2017-02-04 09:08:42 | TEMPLOG : Bio   Filter | 071.600
2017-02-04 09:08:44 | TEMPLOG : Table    One | 064.400
2017-02-04 09:09:44 | TEMPLOG : WellhouseOne | 051.800
2017-02-04 09:10:46 | TEMPLOG : Bio   Filter | 072.500
2017-02-04 09:10:47 | TEMPLOG : Table    One | 065.300
2017-02-04 09:12:50 | TEMPLOG : Bio   Filter | 073.400
2017-02-04 09:12:50 | TEMPLOG : Table    One | 066.200
2017-02-04 09:13:50 | TEMPLOG : WellhouseOne | 050.900
2017-02-04 09:14:52 | TEMPLOG : Bio   Filter | 074.300
2017-02-04 09:14:53 | TEMPLOG : Table    One | 067.100
2017-02-04 09:16:55 | TEMPLOG : Bio   Filter | 075.200
2017-02-04 09:18:57 | TEMPLOG : Bio   Filter | 076.100
2017-02-04 09:20:59 | TEMPLOG : Bio   Filter | 077.000
2017-02-04 09:21:00 | TEMPLOG : Table    One | 068.000
2017-02-04 09:23:01 | TEMPLOG : To   GeoLoop | 035.600
2017-02-04 09:24:01 | TEMPLOG : WellhouseOne | 067.100
2017-02-04 09:25:03 | TEMPLOG : WellhouseOne | 113.000
2017-02-04 09:25:03 | TEMPLOG : Bio   Filter | 077.900
2017-02-04 09:25:05 | TEMPLOG : Table    One | 068.900
2017-02-04 09:26:05 | TEMPLOG : WellhouseOne | 126.500
2017-02-04 09:27:07 | TEMPLOG : WellhouseOne | 091.400
2017-02-04 09:28:08 | TEMPLOG : WellhouseOne | 078.800
2017-02-04 09:29:09 | TEMPLOG : WellhouseOne | 070.700
2017-02-04 09:29:09 | TEMPLOG : Bio   Filter | 078.800
2017-02-04 09:30:10 | TEMPLOG : WellhouseOne | 066.200
2017-02-04 09:31:11 | TEMPLOG : WellhouseOne | 062.600
2017-02-04 09:32:12 | TEMPLOG : WellhouseOne | 059.900
2017-02-04 09:33:13 | TEMPLOG : WellhouseOne | 059.000
2017-02-04 09:33:14 | TEMPLOG : Table    One | 069.800
2017-02-04 09:34:14 | TEMPLOG : WellhouseOne | 057.200
2017-02-04 09:34:14 | TEMPLOG : Bio   Filter | 079.700
2017-02-04 09:36:16 | TEMPLOG : WellhouseOne | 056.300
2017-02-04 09:36:17 | TEMPLOG : Table    One | 070.700
2017-02-04 09:37:18 | TEMPLOG : WellhouseOne | 055.400
2017-02-04 09:38:20 | TEMPLOG : WellhouseOne | 054.500
2017-02-04 09:39:21 | TEMPLOG : Bio   Filter | 080.600
2017-02-04 09:39:21 | TEMPLOG : Table    One | 071.600
2017-02-04 09:40:22 | TEMPLOG : To   GeoLoop | 036.500
2017-02-04 09:40:22 | TEMPLOG : Table    One | 072.500
2017-02-04 09:41:23 | TEMPLOG : WellhouseOne | 053.600
2017-02-04 09:43:27 | TEMPLOG : WellhouseOne | 052.700
2017-02-04 09:45:29 | TEMPLOG : Bio   Filter | 081.500
2017-02-04 09:45:30 | TEMPLOG : Table    One | 071.600
2017-02-04 09:46:31 | TEMPLOG : Table    One | 072.500
2017-02-04 09:47:32 | TEMPLOG : WellhouseOne | 051.800
2017-02-04 09:47:32 | TEMPLOG : Bio   Filter | 082.400
2017-02-04 09:50:36 | TEMPLOG : Bio   Filter | 083.300
2017-02-04 09:51:39 | TEMPLOG : To   GeoLoop | 037.400
2017-02-04 09:54:42 | TEMPLOG : To   GeoLoop | 038.300
2017-02-04 09:55:43 | TEMPLOG : Bio   Filter | 084.200
2017-02-04 09:56:44 | TEMPLOG : WellhouseOne | 076.100
2017-02-04 09:57:46 | TEMPLOG : WellhouseOne | 114.800
2017-02-04 09:57:46 | TEMPLOG : To   GeoLoop | 039.200
2017-02-04 09:58:47 | TEMPLOG : WellhouseOne | 112.100
2017-02-04 09:58:47 | TEMPLOG : Bio   Filter | 085.100
2017-02-04 09:58:49 | TEMPLOG : Table    One | 071.600
2017-02-04 09:59:50 | TEMPLOG : WellhouseOne | 084.200
2017-02-04 09:59:50 | TEMPLOG : Table    One | 070.700
2017-02-04 10:00:51 | TEMPLOG : WellhouseOne | 073.400
2017-02-04 10:00:51 | TEMPLOG : Bio   Filter | 085.100
2017-02-04 10:00:51 | TEMPLOG : To   GeoLoop | 039.200
2017-02-04 10:00:51 | TEMPLOG : Table    One | 069.800
2017-02-04 10:01:51 | TEMPLOG : WellhouseOne | 068.000
2017-02-04 10:01:52 | TEMPLOG : Bio   Filter | 086.000
2017-02-04 10:01:52 | TEMPLOG : Table    One | 068.900
2017-02-04 10:02:52 | TEMPLOG : WellhouseOne | 064.400
2017-02-04 10:03:54 | TEMPLOG : WellhouseOne | 062.600
2017-02-04 10:03:54 | TEMPLOG : Bio   Filter | 086.900
2017-02-04 10:04:55 | TEMPLOG : WellhouseOne | 060.800
2017-02-04 10:04:55 | TEMPLOG : Bio   Filter | 087.800
2017-02-04 10:05:56 | TEMPLOG : WellhouseOne | 059.900
2017-02-04 10:06:58 | TEMPLOG : WellhouseOne | 058.100
2017-02-04 10:06:59 | TEMPLOG : Bio   Filter | 072.500
2017-02-04 10:06:59 | TEMPLOG : To   GeoLoop | 040.100
2017-02-04 10:06:59 | TEMPLOG : Table    One | 070.700
2017-02-04 10:08:00 | TEMPLOG : WellhouseOne | 057.200
2017-02-04 10:08:00 | TEMPLOG : Bio   Filter | 069.800
2017-02-04 10:08:00 | TEMPLOG : To   GeoLoop | 041.900
2017-02-04 10:08:00 | TEMPLOG : Table    One | 071.600
2017-02-04 10:09:01 | TEMPLOG : Bio   Filter | 070.700
2017-02-04 10:09:01 | TEMPLOG : To   GeoLoop | 044.600
2017-02-04 10:09:02 | TEMPLOG : Table    One | 073.400
2017-02-04 10:10:02 | TEMPLOG : WellhouseOne | 056.300
2017-02-04 10:10:03 | TEMPLOG : To   GeoLoop | 046.400
2017-02-04 10:10:03 | TEMPLOG : Table    One | 074.300
2017-02-04 10:11:03 | TEMPLOG : WellhouseOne | 055.400
2017-02-04 10:11:03 | TEMPLOG : Bio   Filter | 071.600
2017-02-04 10:11:04 | TEMPLOG : To   GeoLoop | 047.300
2017-02-04 10:11:04 | TEMPLOG : Table    One | 075.200
2017-02-04 10:12:04 | TEMPLOG : Bio   Filter | 072.500
2017-02-04 10:13:06 | TEMPLOG : Bio   Filter | 073.400
2017-02-04 10:13:06 | TEMPLOG : Table    One | 076.100
2017-02-04 10:14:06 | TEMPLOG : WellhouseOne | 054.500
2017-02-04 10:14:07 | TEMPLOG : Bio   Filter | 074.300
2017-02-04 10:14:07 | TEMPLOG : To   GeoLoop | 048.200
2017-02-04 10:15:07 | TEMPLOG : Bio   Filter | 075.200
2017-02-04 10:16:08 | TEMPLOG : WellhouseOne | 053.600
2017-02-04 10:16:08 | TEMPLOG : Bio   Filter | 076.100
2017-02-04 10:18:10 | TEMPLOG : Bio   Filter | 077.000
2017-02-04 10:18:11 | TEMPLOG : Table    One | 077.000
2017-02-04 10:19:11 | TEMPLOG : Bio   Filter | 077.900
2017-02-04 10:20:13 | TEMPLOG : Bio   Filter | 078.800
2017-02-04 10:21:16 | TEMPLOG : Table    One | 077.900
2017-02-04 10:22:16 | TEMPLOG : Bio   Filter | 079.700
2017-02-04 10:23:17 | TEMPLOG : Bio   Filter | 080.600
2017-02-04 10:23:18 | TEMPLOG : Table    One | 078.800
2017-02-04 10:24:19 | TEMPLOG : To   GeoLoop | 049.100
2017-02-04 10:26:22 | TEMPLOG : Bio   Filter | 081.500
2017-02-04 10:28:25 | TEMPLOG : WellhouseOne | 055.400
2017-02-04 10:29:26 | TEMPLOG : WellhouseOne | 122.900
2017-02-04 10:30:28 | TEMPLOG : WellhouseOne | 135.500
2017-02-04 10:31:29 | TEMPLOG : WellhouseOne | 093.200
2017-02-04 10:31:31 | TEMPLOG : To   GeoLoop | 050.000
2017-02-04 10:32:32 | TEMPLOG : WellhouseOne | 076.100
2017-02-04 10:33:33 | TEMPLOG : WellhouseOne | 068.900
2017-02-04 10:33:33 | TEMPLOG : Bio   Filter | 082.400
2017-02-04 10:34:34 | TEMPLOG : WellhouseOne | 064.400
2017-02-04 10:34:35 | TEMPLOG : Table    One | 079.700
2017-02-04 10:35:35 | TEMPLOG : WellhouseOne | 062.600
2017-02-04 10:35:35 | TEMPLOG : Bio   Filter | 083.300
2017-02-04 10:36:36 | TEMPLOG : WellhouseOne | 060.800
2017-02-04 10:37:37 | TEMPLOG : WellhouseOne | 059.900
2017-02-04 10:37:37 | TEMPLOG : Bio   Filter | 084.200
2017-02-04 10:37:37 | TEMPLOG : Table    One | 078.800
2017-02-04 10:38:38 | TEMPLOG : WellhouseOne | 059.000
2017-02-04 10:38:38 | TEMPLOG : Table    One | 077.900
2017-02-04 10:39:39 | TEMPLOG : WellhouseOne | 058.100
2017-02-04 10:39:39 | TEMPLOG : Bio   Filter | 085.100
2017-02-04 10:39:40 | TEMPLOG : Table    One | 077.000
2017-02-04 10:40:41 | TEMPLOG : Bio   Filter | 086.000
2017-02-04 10:41:42 | TEMPLOG : WellhouseOne | 057.200
2017-02-04 10:41:43 | TEMPLOG : Table    One | 076.100
2017-02-04 10:43:45 | TEMPLOG : Bio   Filter | 086.900
2017-02-04 10:44:46 | TEMPLOG : WellhouseOne | 056.300
2017-02-04 10:44:47 | TEMPLOG : Table    One | 075.200
2017-02-04 10:45:48 | TEMPLOG : To   GeoLoop | 050.900
2017-02-04 10:45:48 | TEMPLOG : Table    One | 076.100
2017-02-04 10:47:50 | TEMPLOG : WellhouseOne | 055.400
2017-02-04 10:47:51 | TEMPLOG : Table    One | 075.200
2017-02-04 10:48:52 | TEMPLOG : Bio   Filter | 087.800
2017-02-04 10:48:52 | TEMPLOG : Table    One | 076.100
2017-02-04 10:50:55 | TEMPLOG : WellhouseOne | 056.300
2017-02-04 10:50:55 | TEMPLOG : Bio   Filter | 088.700
2017-02-04 10:50:56 | TEMPLOG : To   GeoLoop | 051.800
2017-02-04 10:50:56 | TEMPLOG : Table    One | 077.000
2017-02-04 10:51:56 | TEMPLOG : WellhouseOne | 055.400
2017-02-04 10:51:56 | TEMPLOG : Bio   Filter | 089.600
2017-02-04 10:52:58 | TEMPLOG : Table    One | 077.900
2017-02-04 10:53:59 | TEMPLOG : Bio   Filter | 090.500
2017-02-04 10:55:01 | TEMPLOG : Table    One | 078.800
2017-02-04 10:56:02 | TEMPLOG : Bio   Filter | 091.400
2017-02-04 10:57:03 | TEMPLOG : To   GeoLoop | 052.700
2017-02-04 10:57:04 | TEMPLOG : Table    One | 079.700
2017-02-04 11:00:09 | TEMPLOG : WellhouseOne | 055.400
2017-02-04 11:00:09 | TEMPLOG : Bio   Filter | 092.300
2017-02-04 11:00:09 | TEMPLOG : To   GeoLoop | 052.700
2017-02-04 11:00:09 | TEMPLOG : Table    One | 080.600
2017-02-04 11:01:09 | TEMPLOG : WellhouseOne | 054.500
2017-02-04 11:02:11 | TEMPLOG : WellhouseOne | 055.400
2017-02-04 11:03:13 | TEMPLOG : Bio   Filter | 093.200
2017-02-04 11:04:16 | TEMPLOG : Table    One | 081.500
2017-02-04 11:05:16 | TEMPLOG : WellhouseOne | 112.100
2017-02-04 11:05:17 | TEMPLOG : Bio   Filter | 094.100
2017-02-04 11:06:17 | TEMPLOG : WellhouseOne | 104.900
2017-02-04 11:07:19 | TEMPLOG : WellhouseOne | 081.500
2017-02-04 11:07:19 | TEMPLOG : To   GeoLoop | 053.600
2017-02-04 11:08:20 | TEMPLOG : WellhouseOne | 072.500
2017-02-04 11:09:21 | TEMPLOG : WellhouseOne | 068.000
2017-02-04 11:09:22 | TEMPLOG : Table    One | 082.400
2017-02-04 11:10:22 | TEMPLOG : WellhouseOne | 065.300
2017-02-04 11:11:23 | TEMPLOG : WellhouseOne | 062.600
2017-02-04 11:11:24 | TEMPLOG : Bio   Filter | 095.000
2017-02-04 11:12:25 | TEMPLOG : WellhouseOne | 061.700
2017-02-04 11:13:26 | TEMPLOG : WellhouseOne | 060.800
2017-02-04 11:14:27 | TEMPLOG : WellhouseOne | 059.900
2017-02-04 11:15:28 | TEMPLOG : WellhouseOne | 059.000
2017-02-04 11:15:28 | TEMPLOG : Bio   Filter | 094.100
2017-02-04 11:17:31 | TEMPLOG : Table    One | 083.300
2017-02-04 11:18:32 | TEMPLOG : WellhouseOne | 058.100
2017-02-04 11:21:36 | TEMPLOG : WellhouseOne | 057.200
2017-02-04 11:22:37 | TEMPLOG : Bio   Filter | 095.000
2017-02-04 11:23:39 | TEMPLOG : Table    One | 082.400
2017-02-04 11:25:40 | TEMPLOG : Table    One | 083.300
2017-02-04 11:26:40 | TEMPLOG : WellhouseOne | 056.300
2017-02-04 11:27:42 | TEMPLOG : Bio   Filter | 095.900
2017-02-04 11:27:43 | TEMPLOG : To   GeoLoop | 054.500
2017-02-04 11:27:43 | TEMPLOG : Table    One | 082.400
2017-02-04 11:28:43 | TEMPLOG : To   GeoLoop | 053.600
2017-02-04 11:29:44 | TEMPLOG : Bio   Filter | 096.800
2017-02-04 11:29:44 | TEMPLOG : To   GeoLoop | 054.500
2017-02-04 11:29:45 | TEMPLOG : Table    One | 083.300
2017-02-04 11:31:46 | TEMPLOG : Bio   Filter | 097.700
2017-02-04 11:31:47 | TEMPLOG : Table    One | 084.200
2017-02-04 11:33:50 | TEMPLOG : Table    One | 083.300
2017-02-04 11:34:51 | TEMPLOG : Table    One | 084.200
2017-02-04 11:35:52 | TEMPLOG : Bio   Filter | 098.600
2017-02-04 11:35:53 | TEMPLOG : Table    One | 083.300
2017-02-04 11:36:54 | TEMPLOG : Table    One | 084.200
2017-02-04 11:37:54 | TEMPLOG : To   GeoLoop | 053.600
2017-02-04 11:37:54 | TEMPLOG : Table    One | 085.100
2017-02-04 11:38:56 | TEMPLOG : To   GeoLoop | 054.500
2017-02-04 11:39:58 | TEMPLOG : Table    One | 086.000
2017-02-04 11:40:58 | TEMPLOG : WellhouseOne | 055.400
2017-02-04 11:40:59 | TEMPLOG : To   GeoLoop | 053.600
2017-02-04 11:42:00 | TEMPLOG : WellhouseOne | 104.000
2017-02-04 11:42:00 | TEMPLOG : To   GeoLoop | 054.500
2017-02-04 11:42:01 | TEMPLOG : Table    One | 085.100
2017-02-04 11:43:01 | TEMPLOG : WellhouseOne | 129.200
2017-02-04 11:43:01 | TEMPLOG : To   GeoLoop | 053.600
2017-02-04 11:44:02 | TEMPLOG : WellhouseOne | 085.100
2017-02-04 11:45:03 | TEMPLOG : WellhouseOne | 076.100
2017-02-04 11:45:03 | TEMPLOG : Bio   Filter | 097.700
2017-02-04 11:46:03 | TEMPLOG : WellhouseOne | 070.700
2017-02-04 11:46:04 | TEMPLOG : Bio   Filter | 096.800
2017-02-04 11:46:04 | TEMPLOG : To   GeoLoop | 052.700
2017-02-04 11:46:06 | TEMPLOG : Table    One | 086.000
2017-02-04 11:47:06 | TEMPLOG : WellhouseOne | 066.200
2017-02-04 11:48:08 | TEMPLOG : WellhouseOne | 063.500
2017-02-04 11:48:09 | TEMPLOG : To   GeoLoop | 051.800
2017-02-04 11:48:09 | TEMPLOG : Table    One | 085.100
2017-02-04 11:49:10 | TEMPLOG : WellhouseOne | 062.600
2017-02-04 11:50:11 | TEMPLOG : WellhouseOne | 061.700
2017-02-04 11:51:13 | TEMPLOG : WellhouseOne | 059.900
2017-02-04 11:52:13 | TEMPLOG : WellhouseOne | 059.000
2017-02-04 11:52:13 | TEMPLOG : Bio   Filter | 095.900
2017-02-04 11:52:14 | TEMPLOG : To   GeoLoop | 050.900
2017-02-04 11:54:17 | TEMPLOG : Bio   Filter | 095.000
2017-02-04 11:55:18 | TEMPLOG : WellhouseOne | 058.100
2017-02-04 11:56:20 | TEMPLOG : Bio   Filter | 094.100
2017-02-04 11:57:21 | TEMPLOG : Bio   Filter | 093.200
2017-02-04 11:58:21 | TEMPLOG : WellhouseOne | 057.200
2017-02-04 11:58:22 | TEMPLOG : Bio   Filter | 092.300
2017-02-04 11:58:22 | TEMPLOG : Table    One | 086.000
2017-02-04 11:59:23 | TEMPLOG : Bio   Filter | 091.400
2017-02-04 12:00:24 | TEMPLOG : WellhouseOne | 057.200
2017-02-04 12:00:24 | TEMPLOG : Bio   Filter | 089.600
2017-02-04 12:00:25 | TEMPLOG : To   GeoLoop | 050.900
2017-02-04 12:00:25 | TEMPLOG : Table    One | 086.000
2017-02-04 12:01:26 | TEMPLOG : Bio   Filter | 087.800
2017-02-04 12:02:26 | TEMPLOG : Bio   Filter | 086.000
2017-02-04 12:03:28 | TEMPLOG : Bio   Filter | 085.100
2017-02-04 12:03:29 | TEMPLOG : Table    One | 086.900
2017-02-04 12:04:29 | TEMPLOG : WellhouseOne | 056.300
2017-02-04 12:04:29 | TEMPLOG : Bio   Filter | 084.200
2017-02-04 12:04:30 | TEMPLOG : Table    One | 085.100
2017-02-04 12:05:30 | TEMPLOG : WellhouseOne | 057.200
2017-02-04 12:05:30 | TEMPLOG : Bio   Filter | 083.300
2017-02-04 12:05:31 | TEMPLOG : Table    One | 086.000
2017-02-04 12:06:31 | TEMPLOG : WellhouseOne | 056.300
2017-02-04 12:06:31 | TEMPLOG : Bio   Filter | 082.400
2017-02-04 12:09:36 | TEMPLOG : Table    One | 086.900
2017-02-04 12:11:37 | TEMPLOG : Bio   Filter | 083.300
2017-02-04 12:11:38 | TEMPLOG : To   GeoLoop | 050.000
2017-02-04 12:11:38 | TEMPLOG : Table    One | 086.000
2017-02-04 12:12:41 | TEMPLOG : To   GeoLoop | 050.900
2017-02-04 12:13:41 | TEMPLOG : WellhouseOne | 071.600
2017-02-04 12:13:41 | TEMPLOG : Bio   Filter | 085.100
2017-02-04 12:14:42 | TEMPLOG : WellhouseOne | 122.900
2017-02-04 12:14:42 | TEMPLOG : Bio   Filter | 086.000
2017-02-04 12:15:43 | TEMPLOG : WellhouseOne | 102.200
2017-02-04 12:15:43 | TEMPLOG : Bio   Filter | 086.900
2017-02-04 12:15:44 | TEMPLOG : Table    One | 086.900
2017-02-04 12:16:44 | TEMPLOG : WellhouseOne | 077.000
2017-02-04 12:16:44 | TEMPLOG : Bio   Filter | 087.800
2017-02-04 12:16:45 | TEMPLOG : Table    One | 086.000
2017-02-04 12:17:45 | TEMPLOG : WellhouseOne | 068.900
2017-02-04 12:17:46 | TEMPLOG : Bio   Filter | 089.600
2017-02-04 12:18:47 | TEMPLOG : WellhouseOne | 065.300
2017-02-04 12:18:47 | TEMPLOG : Bio   Filter | 090.500
2017-02-04 12:18:47 | TEMPLOG : Table    One | 086.900
2017-02-04 12:19:48 | TEMPLOG : WellhouseOne | 063.500
2017-02-04 12:19:49 | TEMPLOG : Bio   Filter | 091.400
2017-02-04 12:20:49 | TEMPLOG : WellhouseOne | 061.700
2017-02-04 12:20:50 | TEMPLOG : Table    One | 087.800
2017-02-04 12:21:50 | TEMPLOG : WellhouseOne | 060.800
2017-02-04 12:21:50 | TEMPLOG : Bio   Filter | 092.300
2017-02-04 12:21:51 | TEMPLOG : Table    One | 088.700
2017-02-04 12:22:51 | TEMPLOG : WellhouseOne | 059.900
2017-02-04 12:22:52 | TEMPLOG : Table    One | 086.900
2017-02-04 12:23:52 | TEMPLOG : WellhouseOne | 059.000
2017-02-04 12:23:53 | TEMPLOG : Bio   Filter | 093.200
2017-02-04 12:25:55 | TEMPLOG : WellhouseOne | 058.100
2017-02-04 12:25:56 | TEMPLOG : To   GeoLoop | 051.800
2017-02-04 12:26:57 | TEMPLOG : Table    One | 087.800
2017-02-04 12:27:57 | TEMPLOG : Bio   Filter | 094.100
2017-02-04 12:27:58 | TEMPLOG : Table    One | 086.900
2017-02-04 12:29:00 | TEMPLOG : Table    One | 087.800
2017-02-04 12:30:02 | TEMPLOG : Table    One | 086.000
2017-02-04 12:31:03 | TEMPLOG : WellhouseOne | 057.200
2017-02-04 12:32:05 | TEMPLOG : To   GeoLoop | 052.700
2017-02-04 12:32:06 | TEMPLOG : Table    One | 086.900
2017-02-04 12:34:08 | TEMPLOG : Bio   Filter | 095.000
2017-02-04 12:34:09 | TEMPLOG : Table    One | 088.700
2017-02-04 12:35:09 | TEMPLOG : To   GeoLoop | 053.600
2017-02-04 12:35:10 | TEMPLOG : Table    One | 087.800
2017-02-04 12:36:10 | TEMPLOG : Bio   Filter | 095.900
2017-02-04 12:36:11 | TEMPLOG : Table    One | 088.700
2017-02-04 12:37:11 | TEMPLOG : To   GeoLoop | 054.500
2017-02-04 12:37:11 | TEMPLOG : Table    One | 087.800
2017-02-04 12:38:13 | TEMPLOG : Table    One | 088.700
2017-02-04 12:39:13 | TEMPLOG : WellhouseOne | 056.300
2017-02-04 12:39:14 | TEMPLOG : To   GeoLoop | 055.400
2017-02-04 12:39:14 | TEMPLOG : Table    One | 087.800
2017-02-04 12:40:15 | TEMPLOG : Table    One | 086.900
2017-02-04 12:41:16 | TEMPLOG : To   GeoLoop | 056.300
2017-02-04 12:42:17 | TEMPLOG : Table    One | 087.800
2017-02-04 12:43:17 | TEMPLOG : WellhouseOne | 057.200
2017-02-04 12:44:18 | TEMPLOG : WellhouseOne | 056.300
2017-02-04 12:44:19 | TEMPLOG : Bio   Filter | 096.800
2017-02-04 12:44:20 | TEMPLOG : To   GeoLoop | 057.200
2017-02-04 12:46:21 | TEMPLOG : WellhouseOne | 103.100
2017-02-04 12:47:22 | TEMPLOG : WellhouseOne | 136.400
2017-02-04 12:47:22 | TEMPLOG : Bio   Filter | 095.900
2017-02-04 12:47:23 | TEMPLOG : Table    One | 088.700
2017-02-04 12:48:23 | TEMPLOG : WellhouseOne | 090.500
2017-02-04 12:49:24 | TEMPLOG : WellhouseOne | 076.100
2017-02-04 12:49:24 | TEMPLOG : To   GeoLoop | 058.100
2017-02-04 12:50:25 | TEMPLOG : WellhouseOne | 069.800
2017-02-04 12:51:26 | TEMPLOG : WellhouseOne | 065.300
2017-02-04 12:52:27 | TEMPLOG : WellhouseOne | 064.400
2017-02-04 12:53:28 | TEMPLOG : WellhouseOne | 062.600
2017-02-04 12:53:29 | TEMPLOG : Table    One | 087.800
2017-02-04 12:54:29 | TEMPLOG : WellhouseOne | 061.700
2017-02-04 12:54:30 | TEMPLOG : Table    One | 088.700
2017-02-04 12:55:31 | TEMPLOG : WellhouseOne | 060.800
2017-02-04 12:56:33 | TEMPLOG : WellhouseOne | 059.900
2017-02-04 12:59:37 | TEMPLOG : WellhouseOne | 059.000
2017-02-04 12:59:38 | TEMPLOG : Table    One | 090.500
2017-02-04 13:00:38 | TEMPLOG : WellhouseOne | 059.000
2017-02-04 13:00:38 | TEMPLOG : Bio   Filter | 095.900
2017-02-04 13:00:39 | TEMPLOG : To   GeoLoop | 058.100
2017-02-04 13:00:39 | TEMPLOG : Table    One | 089.600
2017-02-04 13:01:39 | TEMPLOG : WellhouseOne | 058.100
2017-02-04 13:01:40 | TEMPLOG : Table    One | 090.500
2017-02-04 13:02:41 | TEMPLOG : WellhouseOne | 059.000
2017-02-04 13:04:42 | TEMPLOG : WellhouseOne | 058.100
2017-02-04 13:05:44 | TEMPLOG : Bio   Filter | 095.000
2017-02-04 13:05:45 | TEMPLOG : Table    One | 091.400
2017-02-04 13:06:45 | TEMPLOG : Table    One | 090.500
2017-02-04 13:07:47 | TEMPLOG : Table    One | 091.400
2017-02-04 13:08:47 | TEMPLOG : Table    One | 090.500
2017-02-04 13:09:48 | TEMPLOG : WellhouseOne | 057.200
2017-02-04 13:09:49 | TEMPLOG : Table    One | 091.400
2017-02-04 13:10:50 | TEMPLOG : Bio   Filter | 094.100
2017-02-04 13:11:51 | TEMPLOG : Bio   Filter | 095.000
2017-02-04 13:12:53 | TEMPLOG : Table    One | 090.500
2017-02-04 13:13:54 | TEMPLOG : Bio   Filter | 094.100
2017-02-04 13:14:55 | TEMPLOG : Table    One | 089.600
2017-02-04 13:15:56 | TEMPLOG : To   GeoLoop | 059.000
2017-02-04 13:18:59 | TEMPLOG : WellhouseOne | 100.400
2017-02-04 13:18:59 | TEMPLOG : Bio   Filter | 093.200
2017-02-04 13:20:00 | TEMPLOG : WellhouseOne | 122.900
2017-02-04 13:21:01 | TEMPLOG : WellhouseOne | 086.900
2017-02-04 13:21:02 | TEMPLOG : Table    One | 090.500
2017-02-04 13:22:03 | TEMPLOG : WellhouseOne | 072.500
2017-02-04 13:22:03 | TEMPLOG : Bio   Filter | 092.300
2017-02-04 13:22:03 | TEMPLOG : To   GeoLoop | 059.900
2017-02-04 13:23:04 | TEMPLOG : WellhouseOne | 066.200
2017-02-04 13:24:05 | TEMPLOG : WellhouseOne | 063.500
2017-02-04 13:24:06 | TEMPLOG : Table    One | 089.600
2017-02-04 13:25:06 | TEMPLOG : WellhouseOne | 061.700
2017-02-04 13:25:08 | TEMPLOG : Table    One | 090.500
2017-02-04 13:26:08 | TEMPLOG : WellhouseOne | 060.800
2017-02-04 13:26:09 | TEMPLOG : Table    One | 091.400
2017-02-04 13:27:10 | TEMPLOG : WellhouseOne | 059.900
2017-02-04 13:27:11 | TEMPLOG : Table    One | 092.300
2017-02-04 13:28:12 | TEMPLOG : Bio   Filter | 091.400
2017-02-04 13:29:13 | TEMPLOG : WellhouseOne | 059.000
2017-02-04 13:29:14 | TEMPLOG : Table    One | 091.400
2017-02-04 13:31:17 | TEMPLOG : Table    One | 092.300
2017-02-04 13:32:18 | TEMPLOG : To   GeoLoop | 060.800
2017-02-04 13:33:20 | TEMPLOG : WellhouseOne | 058.100
2017-02-04 13:34:21 | TEMPLOG : WellhouseOne | 059.000
2017-02-04 13:34:22 | TEMPLOG : Table    One | 093.200
2017-02-04 13:35:22 | TEMPLOG : WellhouseOne | 058.100
2017-02-04 13:35:22 | TEMPLOG : Bio   Filter | 090.500
2017-02-04 13:36:24 | TEMPLOG : Table    One | 094.100
2017-02-04 13:38:28 | TEMPLOG : Table    One | 095.000
2017-02-04 13:39:28 | TEMPLOG : Bio   Filter | 089.600
2017-02-04 13:40:29 | TEMPLOG : WellhouseOne | 057.200
2017-02-04 13:40:30 | TEMPLOG : To   GeoLoop | 061.700
2017-02-04 13:41:31 | TEMPLOG : To   GeoLoop | 060.800
2017-02-04 13:41:31 | TEMPLOG : Table    One | 095.900
2017-02-04 13:43:33 | TEMPLOG : To   GeoLoop | 061.700
2017-02-04 13:44:33 | TEMPLOG : To   GeoLoop | 060.800
2017-02-04 13:44:33 | TEMPLOG : Table    One | 095.000
2017-02-04 13:45:34 | TEMPLOG : To   GeoLoop | 061.700
2017-02-04 13:45:34 | TEMPLOG : Table    One | 095.900
2017-02-04 13:46:35 | TEMPLOG : Bio   Filter | 088.700
2017-02-04 13:46:35 | TEMPLOG : Table    One | 095.000
2017-02-04 13:48:37 | TEMPLOG : WellhouseOne | 056.300
2017-02-04 13:49:38 | TEMPLOG : WellhouseOne | 057.200
2017-02-04 13:51:42 | TEMPLOG : Table    One | 095.900
2017-02-04 13:52:43 | TEMPLOG : WellhouseOne | 056.300
2017-02-04 13:53:44 | TEMPLOG : WellhouseOne | 109.400
2017-02-04 13:53:44 | TEMPLOG : Bio   Filter | 089.600
2017-02-04 13:54:44 | TEMPLOG : WellhouseOne | 113.900
2017-02-04 13:54:45 | TEMPLOG : Bio   Filter | 088.700
2017-02-04 13:54:45 | TEMPLOG : Table    One | 096.800
2017-02-04 13:55:46 | TEMPLOG : WellhouseOne | 084.200
2017-02-04 13:55:46 | TEMPLOG : Bio   Filter | 089.600
2017-02-04 13:55:46 | TEMPLOG : Table    One | 095.900
2017-02-04 13:56:47 | TEMPLOG : WellhouseOne | 073.400
2017-02-04 13:57:48 | TEMPLOG : WellhouseOne | 068.900
2017-02-04 13:58:50 | TEMPLOG : WellhouseOne | 066.200
2017-02-04 13:58:50 | TEMPLOG : To   GeoLoop | 062.600
2017-02-04 13:59:51 | TEMPLOG : WellhouseOne | 065.300
2017-02-04 13:59:51 | TEMPLOG : To   GeoLoop | 061.700
2017-02-04 14:00:52 | TEMPLOG : WellhouseOne | 063.500
2017-02-04 14:00:52 | TEMPLOG : Bio   Filter | 088.700
2017-02-04 14:00:52 | TEMPLOG : To   GeoLoop | 061.700
2017-02-04 14:00:53 | TEMPLOG : Table    One | 095.000
2017-02-04 14:01:53 | TEMPLOG : WellhouseOne | 062.600
2017-02-04 14:02:55 | TEMPLOG : WellhouseOne | 061.700
2017-02-04 14:03:56 | TEMPLOG : WellhouseOne | 060.800
2017-02-04 14:03:56 | TEMPLOG : Bio   Filter | 089.600
2017-02-04 14:06:59 | TEMPLOG : WellhouseOne | 059.900
2017-02-04 14:06:59 | TEMPLOG : Bio   Filter | 088.700
2017-02-04 14:06:59 | TEMPLOG : To   GeoLoop | 062.600
2017-02-04 14:08:00 | TEMPLOG : To   GeoLoop | 061.700
2017-02-04 14:08:00 | TEMPLOG : Table    One | 095.900
2017-02-04 14:09:00 | TEMPLOG : WellhouseOne | 059.000
2017-02-04 14:09:01 | TEMPLOG : To   GeoLoop | 062.600
2017-02-04 14:12:03 | TEMPLOG : To   GeoLoop | 061.700
2017-02-04 14:12:04 | TEMPLOG : Table    One | 095.000
2017-02-04 14:13:04 | TEMPLOG : To   GeoLoop | 062.600
2017-02-04 14:13:05 | TEMPLOG : Table    One | 095.900
2017-02-04 14:14:05 | TEMPLOG : Bio   Filter | 087.800
2017-02-04 14:14:06 | TEMPLOG : Table    One | 095.000
2017-02-04 14:15:07 | TEMPLOG : Bio   Filter | 088.700
2017-02-04 14:15:07 | TEMPLOG : Table    One | 094.100
2017-02-04 14:16:08 | TEMPLOG : WellhouseOne | 058.100
2017-02-04 14:16:09 | TEMPLOG : Bio   Filter | 087.800
2017-02-04 14:18:11 | TEMPLOG : WellhouseOne | 059.000
2017-02-04 14:18:12 | TEMPLOG : Table    One | 093.200
2017-02-04 14:19:12 | TEMPLOG : WellhouseOne | 058.100
2017-02-04 14:19:12 | TEMPLOG : Bio   Filter | 086.900
2017-02-04 14:19:13 | TEMPLOG : To   GeoLoop | 061.700
2017-02-04 14:19:13 | TEMPLOG : Table    One | 092.300
2017-02-04 14:20:13 | TEMPLOG : Bio   Filter | 086.000
2017-02-04 14:23:16 | TEMPLOG : WellhouseOne | 057.200
2017-02-04 14:23:16 | TEMPLOG : Bio   Filter | 085.100
2017-02-04 14:26:19 | TEMPLOG : Bio   Filter | 086.000
2017-02-04 14:26:20 | TEMPLOG : Table    One | 093.200
2017-02-04 14:27:21 | TEMPLOG : To   GeoLoop | 062.600
2017-02-04 14:28:23 | TEMPLOG : Table    One | 094.100
2017-02-04 14:29:23 | TEMPLOG : Bio   Filter | 086.900
2017-02-04 14:30:26 | TEMPLOG : Bio   Filter | 086.000
2017-02-04 14:30:26 | TEMPLOG : To   GeoLoop | 063.500
2017-02-04 14:30:27 | TEMPLOG : Table    One | 095.000
2017-02-04 14:31:27 | TEMPLOG : WellhouseOne | 124.700
2017-02-04 14:32:29 | TEMPLOG : WellhouseOne | 113.900
2017-02-04 14:33:30 | TEMPLOG : WellhouseOne | 085.100
2017-02-04 14:33:31 | TEMPLOG : To   GeoLoop | 064.400
2017-02-04 14:33:32 | TEMPLOG : Table    One | 094.100
2017-02-04 14:34:32 | TEMPLOG : WellhouseOne | 075.200
2017-02-04 14:34:32 | TEMPLOG : To   GeoLoop | 063.500
2017-02-04 14:35:33 | TEMPLOG : WellhouseOne | 070.700
2017-02-04 14:35:35 | TEMPLOG : To   GeoLoop | 064.400
2017-02-04 14:35:35 | TEMPLOG : Table    One | 095.000
2017-02-04 14:36:35 | TEMPLOG : WellhouseOne | 068.000
2017-02-04 14:36:37 | TEMPLOG : Table    One | 094.100
2017-02-04 14:37:37 | TEMPLOG : WellhouseOne | 065.300
2017-02-04 14:37:37 | TEMPLOG : Bio   Filter | 085.100
2017-02-04 14:37:38 | TEMPLOG : To   GeoLoop | 065.300
2017-02-04 14:38:38 | TEMPLOG : WellhouseOne | 063.500
2017-02-04 14:38:40 | TEMPLOG : Table    One | 093.200
2017-02-04 14:39:40 | TEMPLOG : WellhouseOne | 062.600
2017-02-04 14:39:40 | TEMPLOG : To   GeoLoop | 064.400
2017-02-04 14:40:41 | TEMPLOG : WellhouseOne | 061.700
2017-02-04 14:40:41 | TEMPLOG : Bio   Filter | 084.200
2017-02-04 14:40:41 | TEMPLOG : Table    One | 092.300
2017-02-04 14:41:43 | TEMPLOG : Table    One | 090.500
2017-02-04 14:42:43 | TEMPLOG : WellhouseOne | 060.800
2017-02-04 14:42:43 | TEMPLOG : Bio   Filter | 083.300
2017-02-04 14:43:45 | TEMPLOG : Table    One | 091.400
2017-02-04 14:44:46 | TEMPLOG : To   GeoLoop | 065.300
2017-02-04 14:45:46 | TEMPLOG : WellhouseOne | 059.900
2017-02-04 14:45:47 | TEMPLOG : To   GeoLoop | 066.200
2017-02-04 14:45:47 | TEMPLOG : Table    One | 092.300
2017-02-04 14:46:49 | TEMPLOG : Table    One | 091.400
2017-02-04 14:47:49 | TEMPLOG : To   GeoLoop | 067.100
2017-02-04 14:47:49 | TEMPLOG : Table    One | 092.300
2017-02-04 14:48:51 | TEMPLOG : To   GeoLoop | 068.000
2017-02-04 14:48:51 | TEMPLOG : Table    One | 091.400
2017-02-04 14:49:52 | TEMPLOG : Table    One | 092.300
2017-02-04 14:50:52 | TEMPLOG : WellhouseOne | 059.000
2017-02-04 14:50:52 | TEMPLOG : To   GeoLoop | 068.900
2017-02-04 14:50:53 | TEMPLOG : Table    One | 091.400
2017-02-04 14:52:55 | TEMPLOG : To   GeoLoop | 069.800
2017-02-04 14:53:56 | TEMPLOG : Bio   Filter | 082.400
2017-02-04 14:53:56 | TEMPLOG : Table    One | 090.500
2017-02-04 14:54:57 | TEMPLOG : To   GeoLoop | 070.700
2017-02-04 14:54:57 | TEMPLOG : Table    One | 089.600
2017-02-04 14:55:57 | TEMPLOG : Bio   Filter | 081.500
2017-02-04 14:56:58 | TEMPLOG : WellhouseOne | 058.100
2017-02-04 14:56:58 | TEMPLOG : To   GeoLoop | 071.600
2017-02-04 14:56:58 | TEMPLOG : Table    One | 088.700
2017-02-04 14:57:59 | TEMPLOG : Bio   Filter | 080.600
2017-02-04 14:58:00 | TEMPLOG : Table    One | 089.600
2017-02-04 15:00:02 | TEMPLOG : WellhouseOne | 058.100
2017-02-04 15:00:02 | TEMPLOG : Bio   Filter | 080.600
2017-02-04 15:00:02 | TEMPLOG : To   GeoLoop | 072.500
2017-02-04 15:00:02 | TEMPLOG : Table    One | 089.600
2017-02-04 15:01:03 | TEMPLOG : To   GeoLoop | 073.400
2017-02-04 15:03:05 | TEMPLOG : Bio   Filter | 079.700
2017-02-04 15:04:06 | TEMPLOG : To   GeoLoop | 074.300
2017-02-04 15:04:07 | TEMPLOG : Table    One | 088.700
2017-02-04 15:05:08 | TEMPLOG : WellhouseOne | 057.200
2017-02-04 15:05:09 | TEMPLOG : To   GeoLoop | 075.200
2017-02-04 15:06:09 | TEMPLOG : WellhouseOne | 058.100
2017-02-04 15:06:10 | TEMPLOG : Table    One | 087.800
2017-02-04 15:07:10 | TEMPLOG : WellhouseOne | 057.200
2017-02-04 15:08:12 | TEMPLOG : WellhouseOne | 058.100
2017-02-04 15:08:12 | TEMPLOG : Bio   Filter | 078.800
2017-02-04 15:08:12 | TEMPLOG : To   GeoLoop | 074.300
2017-02-04 15:09:14 | TEMPLOG : WellhouseOne | 057.200
2017-02-04 15:10:16 | TEMPLOG : WellhouseOne | 097.700
2017-02-04 15:10:17 | TEMPLOG : To   GeoLoop | 073.400
2017-02-04 15:10:17 | TEMPLOG : Table    One | 086.900
2017-02-04 15:11:19 | TEMPLOG : WellhouseOne | 119.300
2017-02-04 15:11:20 | TEMPLOG : Table    One | 086.000
2017-02-04 15:12:20 | TEMPLOG : WellhouseOne | 084.200
2017-02-04 15:12:21 | TEMPLOG : Table    One | 085.100
2017-02-04 15:13:21 | TEMPLOG : WellhouseOne | 074.300
2017-02-04 15:13:22 | TEMPLOG : To   GeoLoop | 072.500
2017-02-04 15:14:22 | TEMPLOG : WellhouseOne | 068.900
2017-02-04 15:14:23 | TEMPLOG : To   GeoLoop | 071.600
2017-02-04 15:15:24 | TEMPLOG : WellhouseOne | 065.300
2017-02-04 15:15:24 | TEMPLOG : Bio   Filter | 077.900
2017-02-04 15:15:25 | TEMPLOG : To   GeoLoop | 068.900
2017-02-04 15:15:25 | TEMPLOG : Table    One | 084.200
2017-02-04 15:16:25 | TEMPLOG : WellhouseOne | 064.400
2017-02-04 15:16:26 | TEMPLOG : To   GeoLoop | 068.000
2017-02-04 15:16:26 | TEMPLOG : Table    One | 083.300
2017-02-04 15:17:26 | TEMPLOG : WellhouseOne | 063.500
2017-02-04 15:17:27 | TEMPLOG : To   GeoLoop | 067.100
2017-02-04 15:18:27 | TEMPLOG : WellhouseOne | 061.700
2017-02-04 15:19:28 | TEMPLOG : WellhouseOne | 060.800
2017-02-04 15:19:29 | TEMPLOG : Table    One | 082.400
2017-02-04 15:20:29 | TEMPLOG : WellhouseOne | 059.900
2017-02-04 15:21:32 | TEMPLOG : Bio   Filter | 077.000
2017-02-04 15:22:32 | TEMPLOG : WellhouseOne | 059.000
2017-02-04 15:22:33 | TEMPLOG : To   GeoLoop | 068.000
2017-02-04 15:24:35 | TEMPLOG : Table    One | 083.300
2017-02-04 15:25:36 | TEMPLOG : Bio   Filter | 076.100
2017-02-04 15:25:36 | TEMPLOG : To   GeoLoop | 068.900
2017-02-04 15:26:36 | TEMPLOG : WellhouseOne | 058.100
2017-02-04 15:27:38 | TEMPLOG : To   GeoLoop | 069.800
2017-02-04 15:28:39 | TEMPLOG : Bio   Filter | 075.200
2017-02-04 15:29:39 | TEMPLOG : WellhouseOne | 057.200
2017-02-04 15:30:41 | TEMPLOG : WellhouseOne | 058.100
2017-02-04 15:30:42 | TEMPLOG : To   GeoLoop | 070.700
2017-02-04 15:30:42 | TEMPLOG : Table    One | 084.200
2017-02-04 15:31:42 | TEMPLOG : WellhouseOne | 057.200
2017-02-04 15:31:43 | TEMPLOG : Table    One | 083.300
2017-02-04 15:32:43 | TEMPLOG : Bio   Filter | 074.300
2017-02-04 15:32:44 | TEMPLOG : Table    One | 082.400
2017-02-04 15:33:45 | TEMPLOG : Table    One | 080.600
2017-02-04 15:34:46 | TEMPLOG : Table    One | 081.500
2017-02-04 15:36:48 | TEMPLOG : Bio   Filter | 073.400
2017-02-04 15:37:49 | TEMPLOG : Table    One | 080.600
2017-02-04 15:38:49 | TEMPLOG : WellhouseOne | 056.300
2017-02-04 15:38:49 | TEMPLOG : Bio   Filter | 072.500
2017-02-04 15:38:50 | TEMPLOG : To   GeoLoop | 069.800
2017-02-04 15:38:50 | TEMPLOG : Table    One | 079.700
2017-02-04 15:39:50 | TEMPLOG : WellhouseOne | 057.200
2017-02-04 15:40:51 | TEMPLOG : WellhouseOne | 056.300
2017-02-04 15:40:51 | TEMPLOG : Bio   Filter | 071.600
2017-02-04 15:41:52 | TEMPLOG : To   GeoLoop | 068.900
2017-02-04 15:41:52 | TEMPLOG : Table    One | 080.600
2017-02-04 15:43:56 | TEMPLOG : Table    One | 081.500
2017-02-04 15:44:57 | TEMPLOG : Table    One | 082.400
2017-02-04 15:45:58 | TEMPLOG : To   GeoLoop | 067.100
2017-02-04 15:46:58 | TEMPLOG : Bio   Filter | 072.500
2017-02-04 15:46:59 | TEMPLOG : To   GeoLoop | 065.300
2017-02-04 15:47:59 | TEMPLOG : WellhouseOne | 112.100
2017-02-04 15:48:01 | TEMPLOG : Table    One | 083.300
2017-02-04 15:49:01 | TEMPLOG : WellhouseOne | 098.600
2017-02-04 15:50:02 | TEMPLOG : WellhouseOne | 083.300
2017-02-04 15:50:02 | TEMPLOG : Bio   Filter | 071.600
2017-02-04 15:51:03 | TEMPLOG : WellhouseOne | 075.200
2017-02-04 15:52:04 | TEMPLOG : WellhouseOne | 070.700
2017-02-04 15:52:05 | TEMPLOG : Table    One | 082.400
2017-02-04 15:53:05 | TEMPLOG : WellhouseOne | 067.100
2017-02-04 15:54:07 | TEMPLOG : WellhouseOne | 065.300
2017-02-04 15:54:07 | TEMPLOG : Bio   Filter | 070.700
2017-02-04 15:54:07 | TEMPLOG : Table    One | 081.500
2017-02-04 15:55:08 | TEMPLOG : WellhouseOne | 063.500
2017-02-04 15:56:09 | TEMPLOG : WellhouseOne | 062.600
2017-02-04 15:56:09 | TEMPLOG : Bio   Filter | 069.800
2017-02-04 15:56:10 | TEMPLOG : Table    One | 080.600
2017-02-04 15:57:11 | TEMPLOG : WellhouseOne | 061.700
2017-02-04 15:58:12 | TEMPLOG : WellhouseOne | 060.800
2017-02-04 15:58:12 | TEMPLOG : To   GeoLoop | 066.200
2017-02-04 15:59:13 | TEMPLOG : Bio   Filter | 068.900
2017-02-04 15:59:13 | TEMPLOG : Table    One | 079.700
2017-02-04 16:00:14 | TEMPLOG : WellhouseOne | 059.900
2017-02-04 16:00:14 | TEMPLOG : Bio   Filter | 068.900
2017-02-04 16:00:14 | TEMPLOG : To   GeoLoop | 066.200
2017-02-04 16:00:14 | TEMPLOG : Table    One | 079.700
2017-02-04 16:02:16 | TEMPLOG : WellhouseOne | 059.000
2017-02-04 16:02:16 | TEMPLOG : Bio   Filter | 068.000
2017-02-04 16:03:18 | TEMPLOG : Table    One | 078.800
2017-02-04 16:06:20 | TEMPLOG : To   GeoLoop | 067.100
2017-02-04 16:06:21 | TEMPLOG : Table    One | 077.900
2017-02-04 16:07:21 | TEMPLOG : WellhouseOne | 058.100
2017-02-04 16:07:22 | TEMPLOG : To   GeoLoop | 065.300
2017-02-04 16:08:22 | TEMPLOG : To   GeoLoop | 064.400
2017-02-04 16:09:24 | TEMPLOG : Table    One | 077.000
2017-02-04 16:11:25 | TEMPLOG : Bio   Filter | 067.100
2017-02-04 16:12:26 | TEMPLOG : To   GeoLoop | 063.500
2017-02-04 16:13:28 | TEMPLOG : To   GeoLoop | 062.600
2017-02-04 16:13:28 | TEMPLOG : Table    One | 076.100
2017-02-04 16:14:29 | TEMPLOG : WellhouseOne | 057.200
2017-02-04 16:14:30 | TEMPLOG : To   GeoLoop | 061.700
2017-02-04 16:15:32 | TEMPLOG : Table    One | 075.200
2017-02-04 16:16:32 | TEMPLOG : WellhouseOne | 058.100
2017-02-04 16:17:34 | TEMPLOG : To   GeoLoop | 062.600
2017-02-04 16:18:35 | TEMPLOG : WellhouseOne | 057.200
2017-02-04 16:19:36 | TEMPLOG : Bio   Filter | 066.200
2017-02-04 16:19:37 | TEMPLOG : Table    One | 074.300
2017-02-04 16:22:40 | TEMPLOG : To   GeoLoop | 061.700
2017-02-04 16:22:40 | TEMPLOG : Table    One | 073.400
2017-02-04 16:24:42 | TEMPLOG : Bio   Filter | 065.300
2017-02-04 16:25:43 | TEMPLOG : Table    One | 072.500
2017-02-04 16:26:44 | TEMPLOG : Table    One | 071.600
2017-02-04 16:27:45 | TEMPLOG : Bio   Filter | 064.400
2017-02-04 16:27:45 | TEMPLOG : Table    One | 070.700
2017-02-04 16:28:47 | TEMPLOG : Table    One | 068.000
2017-02-04 16:29:47 | TEMPLOG : WellhouseOne | 073.400
2017-02-04 16:30:48 | TEMPLOG : WellhouseOne | 125.600
2017-02-04 16:31:49 | TEMPLOG : WellhouseOne | 091.400
2017-02-04 16:31:50 | TEMPLOG : Bio   Filter | 063.500
2017-02-04 16:32:51 | TEMPLOG : WellhouseOne | 079.700
2017-02-04 16:32:51 | TEMPLOG : Table    One | 068.900
2017-02-04 16:33:51 | TEMPLOG : WellhouseOne | 075.200
2017-02-04 16:34:53 | TEMPLOG : WellhouseOne | 071.600
2017-02-04 16:35:53 | TEMPLOG : WellhouseOne | 068.900
2017-02-04 16:36:55 | TEMPLOG : WellhouseOne | 067.100
2017-02-04 16:37:56 | TEMPLOG : WellhouseOne | 065.300
2017-02-04 16:38:56 | TEMPLOG : WellhouseOne | 064.400
2017-02-04 16:38:57 | TEMPLOG : Bio   Filter | 062.600
2017-02-04 16:38:57 | TEMPLOG : To   GeoLoop | 058.100
2017-02-04 16:38:58 | TEMPLOG : Table    One | 068.000
2017-02-04 16:39:58 | TEMPLOG : WellhouseOne | 063.500
2017-02-04 16:40:59 | TEMPLOG : WellhouseOne | 062.600
2017-02-04 16:41:01 | TEMPLOG : Table    One | 067.100
2017-02-04 16:42:01 | TEMPLOG : WellhouseOne | 061.700
2017-02-04 16:43:03 | TEMPLOG : Table    One | 066.200
2017-02-04 16:45:05 | TEMPLOG : WellhouseOne | 060.800
2017-02-04 16:45:05 | TEMPLOG : Bio   Filter | 061.700
2017-02-04 16:46:07 | TEMPLOG : Table    One | 065.300
2017-02-04 16:47:07 | TEMPLOG : WellhouseOne | 059.900
2017-02-04 16:48:09 | TEMPLOG : To   GeoLoop | 057.200
2017-02-04 16:48:09 | TEMPLOG : Table    One | 064.400
2017-02-04 16:49:10 | TEMPLOG : WellhouseOne | 059.000
2017-02-04 16:49:10 | TEMPLOG : Bio   Filter | 060.800
2017-02-04 16:50:12 | TEMPLOG : Table    One | 063.500
2017-02-04 16:52:13 | TEMPLOG : WellhouseOne | 058.100
2017-02-04 16:52:13 | TEMPLOG : Bio   Filter | 059.900
2017-02-04 16:53:17 | TEMPLOG : Table    One | 062.600
2017-02-04 16:54:17 | TEMPLOG : WellhouseOne | 057.200
2017-02-04 16:54:18 | TEMPLOG : Table    One | 061.700
2017-02-04 16:55:19 | TEMPLOG : Bio   Filter | 059.000
2017-02-04 16:56:20 | TEMPLOG : Table    One | 060.800
2017-02-04 16:57:21 | TEMPLOG : Table    One | 059.900
2017-02-04 16:58:21 | TEMPLOG : WellhouseOne | 056.300
2017-02-04 16:58:21 | TEMPLOG : Bio   Filter | 058.100
2017-02-04 16:58:21 | TEMPLOG : To   GeoLoop | 056.300
2017-02-04 16:58:21 | TEMPLOG : Table    One | 059.000
2017-02-04 16:59:22 | TEMPLOG : Bio   Filter | 057.200
2017-02-04 17:00:23 | TEMPLOG : WellhouseOne | 056.300
2017-02-04 17:00:24 | TEMPLOG : Bio   Filter | 057.200
2017-02-04 17:00:25 | TEMPLOG : To   GeoLoop | 056.300
2017-02-04 17:00:25 | TEMPLOG : Table    One | 059.000
2017-02-04 17:01:26 | TEMPLOG : Table    One | 058.100
2017-02-04 17:03:27 | TEMPLOG : WellhouseOne | 055.400
2017-02-04 17:03:28 | TEMPLOG : Bio   Filter | 056.300
2017-02-04 17:05:31 | TEMPLOG : Table    One | 057.200
2017-02-04 17:06:31 | TEMPLOG : Bio   Filter | 055.400
2017-02-04 17:07:33 | TEMPLOG : Table    One | 055.400
2017-02-04 17:08:34 | TEMPLOG : WellhouseOne | 054.500
2017-02-04 17:08:34 | TEMPLOG : Bio   Filter | 054.500
2017-02-04 17:08:34 | TEMPLOG : To   GeoLoop | 055.400
2017-02-04 17:08:34 | TEMPLOG : Table    One | 054.500
2017-02-04 17:09:36 | TEMPLOG : Table    One | 053.600
2017-02-04 17:10:36 | TEMPLOG : WellhouseOne | 088.700
2017-02-04 17:10:37 | TEMPLOG : Bio   Filter | 053.600
2017-02-04 17:10:37 | TEMPLOG : Table    One | 052.700
2017-02-04 17:11:37 | TEMPLOG : WellhouseOne | 122.000
2017-02-04 17:11:37 | TEMPLOG : Bio   Filter | 052.700
2017-02-04 17:12:38 | TEMPLOG : WellhouseOne | 093.200
2017-02-04 17:12:40 | TEMPLOG : Table    One | 051.800
2017-02-04 17:13:41 | TEMPLOG : WellhouseOne | 081.500
2017-02-04 17:13:41 | TEMPLOG : Bio   Filter | 051.800
2017-02-04 17:13:41 | TEMPLOG : To   GeoLoop | 054.500
2017-02-04 17:13:41 | TEMPLOG : Table    One | 050.900
2017-02-04 17:14:42 | TEMPLOG : WellhouseOne | 074.300
2017-02-04 17:15:44 | TEMPLOG : WellhouseOne | 070.700
2017-02-04 17:15:44 | TEMPLOG : Bio   Filter | 050.900
2017-02-04 17:15:45 | TEMPLOG : Table    One | 050.000
2017-02-04 17:16:45 | TEMPLOG : WellhouseOne | 067.100
2017-02-04 17:17:47 | TEMPLOG : WellhouseOne | 064.400
2017-02-04 17:18:48 | TEMPLOG : WellhouseOne | 062.600
2017-02-04 17:18:48 | TEMPLOG : Bio   Filter | 050.000
2017-02-04 17:18:48 | TEMPLOG : Table    One | 049.100
2017-02-04 17:19:48 | TEMPLOG : WellhouseOne | 061.700
2017-02-04 17:20:50 | TEMPLOG : WellhouseOne | 060.800
2017-02-04 17:21:51 | TEMPLOG : WellhouseOne | 059.900
2017-02-04 17:21:51 | TEMPLOG : Bio   Filter | 049.100
2017-02-04 17:21:51 | TEMPLOG : To   GeoLoop | 053.600
2017-02-04 17:21:51 | TEMPLOG : Table    One | 048.200
2017-02-04 17:22:52 | TEMPLOG : WellhouseOne | 059.000
2017-02-04 17:23:53 | TEMPLOG : WellhouseOne | 058.100
2017-02-04 17:23:53 | TEMPLOG : Bio   Filter | 048.200
2017-02-04 17:24:54 | TEMPLOG : WellhouseOne | 057.200
2017-02-04 17:25:56 | TEMPLOG : Table    One | 047.300
2017-02-04 17:26:56 | TEMPLOG : WellhouseOne | 056.300
2017-02-04 17:28:58 | TEMPLOG : WellhouseOne | 055.400
2017-02-04 17:31:00 | TEMPLOG : Bio   Filter | 047.300
2017-02-04 17:31:01 | TEMPLOG : Table    One | 046.400
2017-02-04 17:32:01 | TEMPLOG : WellhouseOne | 054.500
2017-02-04 17:34:04 | TEMPLOG : WellhouseOne | 053.600
2017-02-04 17:36:06 | TEMPLOG : WellhouseOne | 052.700
2017-02-04 17:36:07 | TEMPLOG : To   GeoLoop | 052.700
2017-02-04 17:37:08 | TEMPLOG : Bio   Filter | 046.400
2017-02-04 17:37:09 | TEMPLOG : To   GeoLoop | 053.600
2017-02-04 17:37:09 | TEMPLOG : Table    One | 045.500
2017-02-04 17:40:11 | TEMPLOG : To   GeoLoop | 052.700
2017-02-04 17:41:11 | TEMPLOG : WellhouseOne | 051.800
2017-02-04 17:47:19 | TEMPLOG : WellhouseOne | 094.100
2017-02-04 17:48:20 | TEMPLOG : WellhouseOne | 130.100
2017-02-04 17:48:21 | TEMPLOG : To   GeoLoop | 051.800
2017-02-04 17:49:21 | TEMPLOG : WellhouseOne | 087.800
2017-02-04 17:50:23 | TEMPLOG : WellhouseOne | 076.100
2017-02-04 17:51:24 | TEMPLOG : WellhouseOne | 070.700
2017-02-04 17:51:25 | TEMPLOG : To   GeoLoop | 052.700
2017-02-04 17:52:26 | TEMPLOG : WellhouseOne | 067.100
2017-02-04 17:52:26 | TEMPLOG : Bio   Filter | 045.500
2017-02-04 17:53:27 | TEMPLOG : WellhouseOne | 063.500
2017-02-04 17:53:27 | TEMPLOG : Bio   Filter | 046.400
2017-02-04 17:54:27 | TEMPLOG : WellhouseOne | 061.700
2017-02-04 17:54:28 | TEMPLOG : Bio   Filter | 045.500
2017-02-04 17:55:28 | TEMPLOG : WellhouseOne | 059.900
2017-02-04 17:56:29 | TEMPLOG : WellhouseOne | 059.000
2017-02-04 17:56:30 | TEMPLOG : Bio   Filter | 046.400
2017-02-04 17:57:31 | TEMPLOG : WellhouseOne | 058.100
2017-02-04 17:57:31 | TEMPLOG : Bio   Filter | 045.500
2017-02-04 17:58:32 | TEMPLOG : WellhouseOne | 057.200
2017-02-04 17:58:32 | TEMPLOG : Bio   Filter | 046.400
2017-02-04 17:59:32 | TEMPLOG : WellhouseOne | 056.300
2017-02-04 17:59:33 | TEMPLOG : Bio   Filter | 045.500
2017-02-04 18:00:34 | TEMPLOG : WellhouseOne | 056.300
2017-02-04 18:00:34 | TEMPLOG : Bio   Filter | 045.500
2017-02-04 18:00:34 | TEMPLOG : To   GeoLoop | 052.700
2017-02-04 18:00:34 | TEMPLOG : Table    One | 044.600
2017-02-04 18:04:39 | TEMPLOG : WellhouseOne | 055.400
2017-02-04 18:06:42 | TEMPLOG : To   GeoLoop | 051.800
2017-02-04 18:09:44 | TEMPLOG : WellhouseOne | 054.500
2017-02-04 18:10:46 | TEMPLOG : Bio   Filter | 044.600
2017-02-04 18:15:52 | TEMPLOG : Table    One | 043.700
2017-02-04 18:18:54 | TEMPLOG : WellhouseOne | 053.600
2017-02-04 18:26:05 | TEMPLOG : WellhouseOne | 057.200
2017-02-04 18:27:06 | TEMPLOG : WellhouseOne | 120.200
2017-02-04 18:27:07 | TEMPLOG : Bio   Filter | 043.700
2017-02-04 18:28:08 | TEMPLOG : WellhouseOne | 098.600
2017-02-04 18:29:09 | TEMPLOG : WellhouseOne | 082.400
2017-02-04 18:30:10 | TEMPLOG : WellhouseOne | 075.200
2017-02-04 18:31:12 | TEMPLOG : WellhouseOne | 070.700
2017-02-04 18:32:13 | TEMPLOG : WellhouseOne | 068.000
2017-02-04 18:33:14 | TEMPLOG : WellhouseOne | 065.300
2017-02-04 18:33:15 | TEMPLOG : Table    One | 042.800
2017-02-04 18:34:15 | TEMPLOG : WellhouseOne | 063.500
2017-02-04 18:35:16 | TEMPLOG : WellhouseOne | 062.600
2017-02-04 18:35:17 | TEMPLOG : To   GeoLoop | 050.900
2017-02-04 18:36:18 | TEMPLOG : WellhouseOne | 061.700
2017-02-04 18:37:20 | TEMPLOG : WellhouseOne | 060.800
2017-02-04 18:38:21 | TEMPLOG : WellhouseOne | 059.900
2017-02-04 18:39:22 | TEMPLOG : WellhouseOne | 059.000
2017-02-04 18:41:25 | TEMPLOG : WellhouseOne | 058.100
2017-02-04 18:41:25 | TEMPLOG : Bio   Filter | 042.800
2017-02-04 18:42:26 | TEMPLOG : WellhouseOne | 057.200
2017-02-04 18:44:29 | TEMPLOG : WellhouseOne | 056.300
2017-02-04 18:45:31 | TEMPLOG : Table    One | 041.900
2017-02-04 18:46:32 | TEMPLOG : WellhouseOne | 055.400
2017-02-04 18:49:35 | TEMPLOG : WellhouseOne | 054.500
2017-02-04 18:49:35 | TEMPLOG : To   GeoLoop | 050.000
2017-02-04 18:50:36 | TEMPLOG : Bio   Filter | 041.900
2017-02-04 18:51:37 | TEMPLOG : WellhouseOne | 053.600
2017-02-04 18:51:38 | TEMPLOG : To   GeoLoop | 050.900
2017-02-04 18:52:39 | TEMPLOG : Bio   Filter | 042.800
2017-02-04 18:54:43 | TEMPLOG : Bio   Filter | 041.900
2017-02-04 18:57:48 | TEMPLOG : WellhouseOne | 052.700
2017-02-04 18:57:48 | TEMPLOG : Bio   Filter | 042.800
2017-02-04 18:58:49 | TEMPLOG : WellhouseOne | 053.600
2017-02-04 18:58:50 | TEMPLOG : Bio   Filter | 041.900
2017-02-04 18:59:50 | TEMPLOG : WellhouseOne | 052.700
2017-02-04 19:00:51 | TEMPLOG : WellhouseOne | 052.700
2017-02-04 19:00:52 | TEMPLOG : Bio   Filter | 041.900
2017-02-04 19:00:53 | TEMPLOG : To   GeoLoop | 050.900
2017-02-04 19:00:53 | TEMPLOG : Table    One | 041.900
2017-02-04 19:02:54 | TEMPLOG : WellhouseOne | 075.200
2017-02-04 19:03:56 | TEMPLOG : WellhouseOne | 121.100
2017-02-04 19:04:57 | TEMPLOG : WellhouseOne | 111.200
2017-02-04 19:05:58 | TEMPLOG : WellhouseOne | 086.900
2017-02-04 19:05:58 | TEMPLOG : Table    One | 041.000
2017-02-04 19:06:59 | TEMPLOG : WellhouseOne | 077.000
2017-02-04 19:08:00 | TEMPLOG : WellhouseOne | 071.600
2017-02-04 19:09:01 | TEMPLOG : WellhouseOne | 067.100
2017-02-04 19:10:03 | TEMPLOG : WellhouseOne | 064.400
2017-02-04 19:11:05 | TEMPLOG : WellhouseOne | 061.700
2017-02-04 19:11:05 | TEMPLOG : To   GeoLoop | 050.000
2017-02-04 19:12:05 | TEMPLOG : WellhouseOne | 060.800
2017-02-04 19:13:07 | TEMPLOG : WellhouseOne | 059.900
2017-02-04 19:14:08 | TEMPLOG : WellhouseOne | 059.000
2017-02-04 19:15:11 | TEMPLOG : Table    One | 041.900
2017-02-04 19:16:11 | TEMPLOG : WellhouseOne | 058.100
2017-02-04 19:17:12 | TEMPLOG : WellhouseOne | 057.200
2017-02-04 19:18:13 | TEMPLOG : WellhouseOne | 056.300
2017-02-04 19:20:16 | TEMPLOG : WellhouseOne | 055.400
2017-02-04 19:23:20 | TEMPLOG : WellhouseOne | 054.500
2017-02-04 19:28:26 | TEMPLOG : WellhouseOne | 053.600
2017-02-04 19:29:28 | TEMPLOG : To   GeoLoop | 049.100
2017-02-04 19:31:30 | TEMPLOG : To   GeoLoop | 050.000
2017-02-04 19:32:31 | TEMPLOG : WellhouseOne | 052.700
2017-02-04 19:33:34 | TEMPLOG : To   GeoLoop | 050.900
2017-02-04 19:37:38 | TEMPLOG : WellhouseOne | 051.800
2017-02-04 19:39:41 | TEMPLOG : WellhouseOne | 089.600
2017-02-04 19:40:42 | TEMPLOG : WellhouseOne | 120.200
2017-02-04 19:41:44 | TEMPLOG : WellhouseOne | 097.700
2017-02-04 19:42:45 | TEMPLOG : WellhouseOne | 082.400
2017-02-04 19:43:46 | TEMPLOG : WellhouseOne | 075.200
2017-02-04 19:44:48 | TEMPLOG : WellhouseOne | 069.800
2017-02-04 19:45:49 | TEMPLOG : WellhouseOne | 067.100
2017-02-04 19:45:51 | TEMPLOG : Table    One | 041.000
2017-02-04 19:46:51 | TEMPLOG : WellhouseOne | 064.400
2017-02-04 19:47:52 | TEMPLOG : WellhouseOne | 061.700
2017-02-04 19:48:53 | TEMPLOG : WellhouseOne | 060.800
2017-02-04 19:49:55 | TEMPLOG : WellhouseOne | 059.000
2017-02-04 19:50:57 | TEMPLOG : WellhouseOne | 058.100
2017-02-04 19:51:58 | TEMPLOG : WellhouseOne | 057.200
2017-02-04 19:52:59 | TEMPLOG : WellhouseOne | 056.300
2017-02-04 19:54:02 | TEMPLOG : WellhouseOne | 055.400
2017-02-04 19:58:07 | TEMPLOG : WellhouseOne | 054.500
2017-02-04 20:00:10 | TEMPLOG : WellhouseOne | 053.600
2017-02-04 20:00:10 | TEMPLOG : Bio   Filter | 041.900
2017-02-04 20:00:11 | TEMPLOG : To   GeoLoop | 050.900
2017-02-04 20:00:11 | TEMPLOG : Table    One | 041.000
2017-02-04 20:02:13 | TEMPLOG : Table    One | 041.900
2017-02-04 20:05:15 | TEMPLOG : WellhouseOne | 052.700
2017-02-04 20:05:16 | TEMPLOG : Table    One | 041.000
2017-02-04 20:09:19 | TEMPLOG : To   GeoLoop | 050.000
2017-02-04 20:14:26 | TEMPLOG : Bio   Filter | 041.000
2017-02-04 20:15:27 | TEMPLOG : WellhouseOne | 051.800
2017-02-04 20:15:28 | TEMPLOG : To   GeoLoop | 049.100
2017-02-04 20:15:28 | TEMPLOG : Table    One | 040.100
2017-02-04 20:17:30 | TEMPLOG : WellhouseOne | 114.800
2017-02-04 20:18:32 | TEMPLOG : WellhouseOne | 109.400
2017-02-04 20:18:33 | TEMPLOG : To   GeoLoop | 050.000
2017-02-04 20:19:34 | TEMPLOG : WellhouseOne | 083.300
2017-02-04 20:20:35 | TEMPLOG : WellhouseOne | 075.200
2017-02-04 20:21:37 | TEMPLOG : WellhouseOne | 069.800
2017-02-04 20:22:38 | TEMPLOG : WellhouseOne | 067.100
2017-02-04 20:23:39 | TEMPLOG : WellhouseOne | 064.400
2017-02-04 20:24:40 | TEMPLOG : WellhouseOne | 061.700
2017-02-04 20:25:41 | TEMPLOG : WellhouseOne | 060.800
2017-02-04 20:25:41 | TEMPLOG : Bio   Filter | 040.100
2017-02-04 20:26:42 | TEMPLOG : WellhouseOne | 059.000
2017-02-04 20:27:43 | TEMPLOG : WellhouseOne | 058.100
2017-02-04 20:27:44 | TEMPLOG : Table    One | 039.200
2017-02-04 20:28:44 | TEMPLOG : WellhouseOne | 057.200
2017-02-04 20:28:45 | TEMPLOG : To   GeoLoop | 049.100
2017-02-04 20:29:45 | TEMPLOG : WellhouseOne | 056.300
2017-02-04 20:29:46 | TEMPLOG : To   GeoLoop | 050.000
2017-02-04 20:31:49 | TEMPLOG : WellhouseOne | 055.400
2017-02-04 20:34:53 | TEMPLOG : WellhouseOne | 054.500
2017-02-04 20:36:56 | TEMPLOG : Table    One | 040.100
2017-02-04 20:37:56 | TEMPLOG : WellhouseOne | 053.600
2017-02-04 20:37:57 | TEMPLOG : Table    One | 039.200
2017-02-04 20:41:02 | TEMPLOG : Table    One | 040.100
2017-02-04 20:42:04 | TEMPLOG : Table    One | 039.200
2017-02-04 20:43:04 | TEMPLOG : Table    One | 040.100
2017-02-04 20:44:04 | TEMPLOG : WellhouseOne | 052.700
2017-02-04 20:51:13 | TEMPLOG : WellhouseOne | 051.800
2017-02-04 20:52:16 | TEMPLOG : WellhouseOne | 059.900
2017-02-04 20:53:17 | TEMPLOG : WellhouseOne | 115.700
2017-02-04 20:54:18 | TEMPLOG : WellhouseOne | 104.000
2017-02-04 20:55:19 | TEMPLOG : WellhouseOne | 081.500
2017-02-04 20:56:20 | TEMPLOG : WellhouseOne | 074.300
2017-02-04 20:57:21 | TEMPLOG : WellhouseOne | 068.900
2017-02-04 20:57:22 | TEMPLOG : To   GeoLoop | 049.100
2017-02-04 20:58:22 | TEMPLOG : WellhouseOne | 066.200
2017-02-04 20:58:22 | TEMPLOG : Table    One | 039.200
2017-02-04 20:59:23 | TEMPLOG : WellhouseOne | 063.500
2017-02-04 21:00:24 | TEMPLOG : WellhouseOne | 061.700
2017-02-04 21:00:24 | TEMPLOG : Bio   Filter | 040.100
2017-02-04 21:00:24 | TEMPLOG : To   GeoLoop | 049.100
2017-02-04 21:00:24 | TEMPLOG : Table    One | 039.200
2017-02-04 21:01:25 | TEMPLOG : WellhouseOne | 059.900
2017-02-04 21:02:26 | TEMPLOG : WellhouseOne | 058.100
2017-02-04 21:03:27 | TEMPLOG : WellhouseOne | 056.300
2017-02-04 21:04:29 | TEMPLOG : Bio   Filter | 039.200
2017-02-04 21:05:29 | TEMPLOG : WellhouseOne | 055.400
2017-02-04 21:06:30 | TEMPLOG : WellhouseOne | 054.500
2017-02-04 21:07:31 | TEMPLOG : WellhouseOne | 053.600
2017-02-04 21:08:33 | TEMPLOG : WellhouseOne | 052.700
2017-02-04 21:12:38 | TEMPLOG : Bio   Filter | 040.100
2017-02-04 21:13:39 | TEMPLOG : WellhouseOne | 051.800
2017-02-04 21:17:43 | TEMPLOG : Bio   Filter | 039.200
2017-02-04 21:19:44 | TEMPLOG : WellhouseOne | 050.900
2017-02-04 21:21:47 | TEMPLOG : Bio   Filter | 040.100
2017-02-04 21:22:48 | TEMPLOG : Bio   Filter | 039.200
2017-02-04 21:23:48 | TEMPLOG : WellhouseOne | 050.000
2017-02-04 21:24:50 | TEMPLOG : WellhouseOne | 057.200
2017-02-04 21:25:52 | TEMPLOG : WellhouseOne | 115.700
2017-02-04 21:26:54 | TEMPLOG : WellhouseOne | 130.100
2017-02-04 21:27:55 | TEMPLOG : WellhouseOne | 092.300
2017-02-04 21:28:56 | TEMPLOG : WellhouseOne | 080.600
2017-02-04 21:29:57 | TEMPLOG : WellhouseOne | 074.300
2017-02-04 21:30:59 | TEMPLOG : WellhouseOne | 068.900
2017-02-04 21:32:01 | TEMPLOG : WellhouseOne | 065.300
2017-02-04 21:33:02 | TEMPLOG : WellhouseOne | 062.600
2017-02-04 21:34:03 | TEMPLOG : WellhouseOne | 060.800
2017-02-04 21:35:05 | TEMPLOG : WellhouseOne | 059.900
2017-02-04 21:36:06 | TEMPLOG : WellhouseOne | 058.100
2017-02-04 21:37:07 | TEMPLOG : WellhouseOne | 057.200
2017-02-04 21:38:08 | TEMPLOG : WellhouseOne | 056.300
2017-02-04 21:40:11 | TEMPLOG : WellhouseOne | 055.400
2017-02-04 21:41:12 | TEMPLOG : WellhouseOne | 054.500
2017-02-04 21:43:14 | TEMPLOG : WellhouseOne | 053.600
2017-02-04 21:44:16 | TEMPLOG : Table    One | 038.300
2017-02-04 21:46:18 | TEMPLOG : WellhouseOne | 052.700
2017-02-04 21:50:23 | TEMPLOG : WellhouseOne | 051.800
2017-02-04 21:50:23 | TEMPLOG : Bio   Filter | 038.300
2017-02-04 21:51:25 | TEMPLOG : Bio   Filter | 039.200
2017-02-04 21:52:26 | TEMPLOG : Bio   Filter | 038.300
2017-02-04 21:55:31 | TEMPLOG : Bio   Filter | 039.200
2017-02-04 21:56:32 | TEMPLOG : Bio   Filter | 038.300
2017-02-04 21:57:33 | TEMPLOG : WellhouseOne | 050.900
2017-02-04 21:57:33 | TEMPLOG : Bio   Filter | 039.200
2017-02-04 21:59:35 | TEMPLOG : WellhouseOne | 104.000
2017-02-04 21:59:35 | TEMPLOG : Bio   Filter | 038.300
2017-02-04 22:00:37 | TEMPLOG : WellhouseOne | 127.400
2017-02-04 22:00:37 | TEMPLOG : Bio   Filter | 038.300
2017-02-04 22:00:37 | TEMPLOG : To   GeoLoop | 048.200
2017-02-04 22:00:37 | TEMPLOG : Table    One | 038.300
2017-02-04 22:01:38 | TEMPLOG : WellhouseOne | 092.300
2017-02-04 22:01:39 | TEMPLOG : To   GeoLoop | 049.100
2017-02-04 22:02:39 | TEMPLOG : WellhouseOne | 079.700
2017-02-04 22:02:40 | TEMPLOG : To   GeoLoop | 048.200
2017-02-04 22:03:41 | TEMPLOG : WellhouseOne | 073.400
2017-02-04 22:03:42 | TEMPLOG : To   GeoLoop | 049.100
2017-02-04 22:04:42 | TEMPLOG : WellhouseOne | 068.900
2017-02-04 22:04:42 | TEMPLOG : To   GeoLoop | 048.200
2017-02-04 22:05:43 | TEMPLOG : WellhouseOne | 064.400
2017-02-04 22:06:45 | TEMPLOG : WellhouseOne | 061.700
2017-02-04 22:07:46 | TEMPLOG : WellhouseOne | 059.900
2017-02-04 22:08:47 | TEMPLOG : WellhouseOne | 059.000
2017-02-04 22:09:49 | TEMPLOG : WellhouseOne | 057.200
2017-02-04 22:10:51 | TEMPLOG : WellhouseOne | 056.300
2017-02-04 22:11:53 | TEMPLOG : WellhouseOne | 055.400
2017-02-04 22:12:56 | TEMPLOG : Table    One | 037.400
2017-02-04 22:13:57 | TEMPLOG : WellhouseOne | 054.500
2017-02-04 22:14:58 | TEMPLOG : WellhouseOne | 053.600
2017-02-04 22:15:59 | TEMPLOG : WellhouseOne | 052.700
2017-02-04 22:21:07 | TEMPLOG : WellhouseOne | 051.800
2017-02-04 22:24:10 | TEMPLOG : Table    One | 038.300
2017-02-04 22:27:13 | TEMPLOG : WellhouseOne | 050.900
2017-02-04 22:30:16 | TEMPLOG : WellhouseOne | 050.000
2017-02-04 22:30:16 | TEMPLOG : Table    One | 037.400
2017-02-04 22:31:18 | TEMPLOG : Table    One | 038.300
2017-02-04 22:32:18 | TEMPLOG : WellhouseOne | 092.300
2017-02-04 22:32:19 | TEMPLOG : Table    One | 037.400
2017-02-04 22:33:19 | TEMPLOG : WellhouseOne | 122.900
2017-02-04 22:34:20 | TEMPLOG : WellhouseOne | 099.500
2017-02-04 22:35:21 | TEMPLOG : WellhouseOne | 079.700
2017-02-04 22:36:22 | TEMPLOG : WellhouseOne | 071.600
2017-02-04 22:36:23 | TEMPLOG : Table    One | 038.300
2017-02-04 22:37:24 | TEMPLOG : WellhouseOne | 067.100
2017-02-04 22:38:26 | TEMPLOG : WellhouseOne | 064.400
2017-02-04 22:39:26 | TEMPLOG : WellhouseOne | 062.600
2017-02-04 22:39:27 | TEMPLOG : Table    One | 037.400
2017-02-04 22:40:27 | TEMPLOG : WellhouseOne | 059.900
2017-02-04 22:41:28 | TEMPLOG : WellhouseOne | 058.100
2017-02-04 22:42:30 | TEMPLOG : WellhouseOne | 057.200
2017-02-04 22:43:32 | TEMPLOG : WellhouseOne | 055.400
2017-02-04 22:44:33 | TEMPLOG : Bio   Filter | 037.400
2017-02-04 22:45:34 | TEMPLOG : WellhouseOne | 054.500
2017-02-04 22:46:35 | TEMPLOG : WellhouseOne | 053.600
2017-02-04 22:47:36 | TEMPLOG : WellhouseOne | 052.700
2017-02-04 22:49:38 | TEMPLOG : WellhouseOne | 051.800
2017-02-04 22:51:40 | TEMPLOG : WellhouseOne | 050.900
2017-02-04 22:54:43 | TEMPLOG : WellhouseOne | 050.000
2017-02-04 22:58:49 | TEMPLOG : WellhouseOne | 049.100
2017-02-04 23:00:52 | TEMPLOG : WellhouseOne | 049.100
2017-02-04 23:00:52 | TEMPLOG : Bio   Filter | 037.400
2017-02-04 23:00:52 | TEMPLOG : To   GeoLoop | 048.200
2017-02-04 23:00:53 | TEMPLOG : Table    One | 037.400
2017-02-04 23:03:55 | TEMPLOG : WellhouseOne | 104.900
2017-02-04 23:03:55 | TEMPLOG : Bio   Filter | 038.300
2017-02-04 23:04:56 | TEMPLOG : WellhouseOne | 125.600
2017-02-04 23:04:57 | TEMPLOG : Bio   Filter | 037.400
2017-02-04 23:05:58 | TEMPLOG : WellhouseOne | 101.300
2017-02-04 23:06:59 | TEMPLOG : WellhouseOne | 083.300
2017-02-04 23:08:00 | TEMPLOG : WellhouseOne | 075.200
2017-02-04 23:09:01 | TEMPLOG : WellhouseOne | 068.900
2017-02-04 23:10:02 | TEMPLOG : WellhouseOne | 065.300
2017-02-04 23:11:03 | TEMPLOG : WellhouseOne | 062.600
2017-02-04 23:11:03 | TEMPLOG : Bio   Filter | 038.300
2017-02-04 23:12:04 | TEMPLOG : WellhouseOne | 059.900
2017-02-04 23:13:06 | TEMPLOG : WellhouseOne | 058.100
2017-02-04 23:14:06 | TEMPLOG : WellhouseOne | 056.300
2017-02-04 23:15:08 | TEMPLOG : WellhouseOne | 055.400
2017-02-04 23:15:08 | TEMPLOG : Bio   Filter | 037.400
2017-02-04 23:16:09 | TEMPLOG : WellhouseOne | 054.500
2017-02-04 23:16:09 | TEMPLOG : Bio   Filter | 038.300
2017-02-04 23:18:12 | TEMPLOG : WellhouseOne | 053.600
2017-02-04 23:18:12 | TEMPLOG : Bio   Filter | 037.400
2017-02-04 23:19:14 | TEMPLOG : Bio   Filter | 038.300
2017-02-04 23:21:16 | TEMPLOG : WellhouseOne | 052.700
2017-02-04 23:22:17 | TEMPLOG : Bio   Filter | 037.400
2017-02-04 23:23:18 | TEMPLOG : WellhouseOne | 051.800
2017-02-04 23:26:22 | TEMPLOG : Bio   Filter | 038.300
2017-02-04 23:27:23 | TEMPLOG : WellhouseOne | 050.900
2017-02-04 23:29:25 | TEMPLOG : WellhouseOne | 050.000
2017-02-04 23:29:26 | TEMPLOG : Table    One | 038.300
2017-02-04 23:35:33 | TEMPLOG : WellhouseOne | 051.800
2017-02-04 23:36:34 | TEMPLOG : WellhouseOne | 113.000
2017-02-04 23:37:34 | TEMPLOG : WellhouseOne | 130.100
2017-02-04 23:38:36 | TEMPLOG : WellhouseOne | 087.800
2017-02-04 23:39:37 | TEMPLOG : WellhouseOne | 077.000
2017-02-04 23:40:38 | TEMPLOG : WellhouseOne | 071.600
2017-02-04 23:41:39 | TEMPLOG : WellhouseOne | 067.100
2017-02-04 23:42:41 | TEMPLOG : WellhouseOne | 063.500
2017-02-04 23:43:42 | TEMPLOG : WellhouseOne | 061.700
2017-02-04 23:44:43 | TEMPLOG : WellhouseOne | 059.000
2017-02-04 23:45:44 | TEMPLOG : WellhouseOne | 058.100
2017-02-04 23:46:46 | TEMPLOG : WellhouseOne | 056.300
2017-02-04 23:47:47 | TEMPLOG : WellhouseOne | 055.400
2017-02-04 23:48:49 | TEMPLOG : WellhouseOne | 054.500
2017-02-04 23:49:49 | TEMPLOG : WellhouseOne | 053.600
2017-02-04 23:51:53 | TEMPLOG : WellhouseOne | 052.700
2017-02-04 23:53:55 | TEMPLOG : WellhouseOne | 051.800
2017-02-04 23:55:58 | TEMPLOG : WellhouseOne | 050.900
