2017-01-08 00:00:09 | TEMPLOG : WellhouseOne | 050.900
2017-01-08 00:00:09 | TEMPLOG : Bio   Filter | 024.800
2017-01-08 00:00:10 | TEMPLOG : To   GeoLoop | 035.600
2017-01-08 00:00:10 | TEMPLOG : Table    One | 024.800
2017-01-08 00:01:10 | TEMPLOG : WellhouseOne | 049.100
2017-01-08 00:02:11 | TEMPLOG : WellhouseOne | 048.200
2017-01-08 00:03:12 | TEMPLOG : WellhouseOne | 047.300
2017-01-08 00:04:15 | TEMPLOG : WellhouseOne | 045.500
2017-01-08 00:06:17 | TEMPLOG : WellhouseOne | 044.600
2017-01-08 00:07:17 | TEMPLOG : WellhouseOne | 043.700
2017-01-08 00:08:19 | TEMPLOG : WellhouseOne | 041.900
2017-01-08 00:09:20 | TEMPLOG : WellhouseOne | 041.000
2017-01-08 00:10:20 | TEMPLOG : WellhouseOne | 041.900
2017-01-08 00:11:22 | TEMPLOG : WellhouseOne | 096.800
2017-01-08 00:12:24 | TEMPLOG : WellhouseOne | 113.900
2017-01-08 00:13:26 | TEMPLOG : WellhouseOne | 122.000
2017-01-08 00:14:27 | TEMPLOG : WellhouseOne | 127.400
2017-01-08 00:15:28 | TEMPLOG : WellhouseOne | 131.000
2017-01-08 00:16:28 | TEMPLOG : WellhouseOne | 132.800
2017-01-08 00:17:29 | TEMPLOG : WellhouseOne | 135.500
2017-01-08 00:18:31 | TEMPLOG : WellhouseOne | 136.400
2017-01-08 00:19:33 | TEMPLOG : WellhouseOne | 097.700
2017-01-08 00:20:34 | TEMPLOG : WellhouseOne | 082.400
2017-01-08 00:21:36 | TEMPLOG : WellhouseOne | 073.400
2017-01-08 00:22:37 | TEMPLOG : WellhouseOne | 067.100
2017-01-08 00:23:38 | TEMPLOG : WellhouseOne | 062.600
2017-01-08 00:24:39 | TEMPLOG : WellhouseOne | 058.100
2017-01-08 00:25:41 | TEMPLOG : WellhouseOne | 055.400
2017-01-08 00:25:42 | TEMPLOG : Table    One | 023.900
2017-01-08 00:26:42 | TEMPLOG : WellhouseOne | 053.600
2017-01-08 00:26:43 | TEMPLOG : Table    One | 024.800
2017-01-08 00:27:43 | TEMPLOG : WellhouseOne | 050.900
2017-01-08 00:27:44 | TEMPLOG : Table    One | 023.900
2017-01-08 00:28:44 | TEMPLOG : WellhouseOne | 049.100
2017-01-08 00:28:45 | TEMPLOG : Table    One | 024.800
2017-01-08 00:29:45 | TEMPLOG : WellhouseOne | 048.200
2017-01-08 00:29:46 | TEMPLOG : Table    One | 023.900
2017-01-08 00:30:46 | TEMPLOG : WellhouseOne | 046.400
2017-01-08 00:30:47 | TEMPLOG : Table    One | 024.800
2017-01-08 00:31:48 | TEMPLOG : WellhouseOne | 045.500
2017-01-08 00:32:49 | TEMPLOG : WellhouseOne | 044.600
2017-01-08 00:32:50 | TEMPLOG : Table    One | 023.900
2017-01-08 00:33:50 | TEMPLOG : WellhouseOne | 043.700
2017-01-08 00:36:55 | TEMPLOG : WellhouseOne | 042.800
2017-01-08 00:37:55 | TEMPLOG : WellhouseOne | 041.900
2017-01-08 00:38:57 | TEMPLOG : WellhouseOne | 059.000
2017-01-08 00:39:58 | TEMPLOG : WellhouseOne | 104.900
2017-01-08 00:40:59 | TEMPLOG : WellhouseOne | 115.700
2017-01-08 00:42:00 | TEMPLOG : WellhouseOne | 122.900
2017-01-08 00:43:00 | TEMPLOG : WellhouseOne | 127.400
2017-01-08 00:44:02 | TEMPLOG : WellhouseOne | 129.200
2017-01-08 00:45:02 | TEMPLOG : WellhouseOne | 131.900
2017-01-08 00:45:03 | TEMPLOG : Bio   Filter | 023.900
2017-01-08 00:46:03 | TEMPLOG : WellhouseOne | 132.800
2017-01-08 00:46:04 | TEMPLOG : Bio   Filter | 024.800
2017-01-08 00:47:04 | TEMPLOG : WellhouseOne | 134.600
2017-01-08 00:48:05 | TEMPLOG : WellhouseOne | 135.500
2017-01-08 00:48:06 | TEMPLOG : Bio   Filter | 023.900
2017-01-08 00:49:07 | TEMPLOG : WellhouseOne | 137.300
2017-01-08 00:50:08 | TEMPLOG : WellhouseOne | 138.200
2017-01-08 00:51:09 | TEMPLOG : WellhouseOne | 111.200
2017-01-08 00:51:09 | TEMPLOG : To   GeoLoop | 034.700
2017-01-08 00:52:10 | TEMPLOG : WellhouseOne | 090.500
2017-01-08 00:52:10 | TEMPLOG : To   GeoLoop | 035.600
2017-01-08 00:53:11 | TEMPLOG : WellhouseOne | 077.900
2017-01-08 00:54:12 | TEMPLOG : WellhouseOne | 069.800
2017-01-08 00:55:13 | TEMPLOG : WellhouseOne | 064.400
2017-01-08 00:55:14 | TEMPLOG : To   GeoLoop | 034.700
2017-01-08 00:56:14 | TEMPLOG : WellhouseOne | 059.900
2017-01-08 00:56:15 | TEMPLOG : To   GeoLoop | 035.600
2017-01-08 00:57:16 | TEMPLOG : WellhouseOne | 056.300
2017-01-08 00:58:16 | TEMPLOG : WellhouseOne | 053.600
2017-01-08 00:59:18 | TEMPLOG : WellhouseOne | 050.900
2017-01-08 00:59:19 | TEMPLOG : To   GeoLoop | 034.700
2017-01-08 01:00:19 | TEMPLOG : WellhouseOne | 050.000
2017-01-08 01:00:19 | TEMPLOG : Bio   Filter | 023.900
2017-01-08 01:00:19 | TEMPLOG : To   GeoLoop | 034.700
2017-01-08 01:00:20 | TEMPLOG : Table    One | 023.900
2017-01-08 01:01:20 | TEMPLOG : WellhouseOne | 048.200
2017-01-08 01:01:21 | TEMPLOG : To   GeoLoop | 035.600
2017-01-08 01:02:22 | TEMPLOG : WellhouseOne | 047.300
2017-01-08 01:03:23 | TEMPLOG : WellhouseOne | 046.400
2017-01-08 01:03:24 | TEMPLOG : To   GeoLoop | 034.700
2017-01-08 01:04:24 | TEMPLOG : WellhouseOne | 045.500
2017-01-08 01:05:25 | TEMPLOG : WellhouseOne | 043.700
2017-01-08 01:07:28 | TEMPLOG : WellhouseOne | 042.800
2017-01-08 01:09:31 | TEMPLOG : WellhouseOne | 041.900
2017-01-08 01:11:34 | TEMPLOG : WellhouseOne | 100.400
2017-01-08 01:12:36 | TEMPLOG : WellhouseOne | 113.900
2017-01-08 01:13:37 | TEMPLOG : WellhouseOne | 120.200
2017-01-08 01:14:37 | TEMPLOG : WellhouseOne | 126.500
2017-01-08 01:15:38 | TEMPLOG : WellhouseOne | 128.300
2017-01-08 01:16:40 | TEMPLOG : WellhouseOne | 130.100
2017-01-08 01:16:40 | TEMPLOG : To   GeoLoop | 035.600
2017-01-08 01:17:41 | TEMPLOG : WellhouseOne | 131.900
2017-01-08 01:17:42 | TEMPLOG : To   GeoLoop | 034.700
2017-01-08 01:18:42 | TEMPLOG : WellhouseOne | 133.700
2017-01-08 01:19:44 | TEMPLOG : WellhouseOne | 135.500
2017-01-08 01:20:45 | TEMPLOG : WellhouseOne | 136.400
2017-01-08 01:22:47 | TEMPLOG : WellhouseOne | 137.300
2017-01-08 01:23:48 | TEMPLOG : WellhouseOne | 138.200
2017-01-08 01:24:50 | TEMPLOG : WellhouseOne | 100.400
2017-01-08 01:25:51 | TEMPLOG : WellhouseOne | 087.800
2017-01-08 01:26:53 | TEMPLOG : WellhouseOne | 075.200
2017-01-08 01:27:54 | TEMPLOG : WellhouseOne | 068.900
2017-01-08 01:28:55 | TEMPLOG : WellhouseOne | 064.400
2017-01-08 01:29:57 | TEMPLOG : WellhouseOne | 059.900
2017-01-08 01:30:58 | TEMPLOG : WellhouseOne | 057.200
2017-01-08 01:31:59 | TEMPLOG : WellhouseOne | 054.500
2017-01-08 01:33:00 | TEMPLOG : WellhouseOne | 052.700
2017-01-08 01:34:01 | TEMPLOG : WellhouseOne | 050.900
2017-01-08 01:35:02 | TEMPLOG : WellhouseOne | 049.100
2017-01-08 01:36:04 | TEMPLOG : WellhouseOne | 048.200
2017-01-08 01:37:04 | TEMPLOG : WellhouseOne | 047.300
2017-01-08 01:38:06 | TEMPLOG : WellhouseOne | 046.400
2017-01-08 01:40:09 | TEMPLOG : WellhouseOne | 045.500
2017-01-08 01:41:11 | TEMPLOG : WellhouseOne | 044.600
2017-01-08 01:42:12 | TEMPLOG : WellhouseOne | 043.700
2017-01-08 01:43:13 | TEMPLOG : WellhouseOne | 042.800
2017-01-08 01:45:14 | TEMPLOG : WellhouseOne | 098.600
2017-01-08 01:46:15 | TEMPLOG : WellhouseOne | 113.900
2017-01-08 01:47:17 | TEMPLOG : WellhouseOne | 122.000
2017-01-08 01:48:18 | TEMPLOG : WellhouseOne | 127.400
2017-01-08 01:49:20 | TEMPLOG : WellhouseOne | 131.000
2017-01-08 01:50:21 | TEMPLOG : WellhouseOne | 134.600
2017-01-08 01:51:23 | TEMPLOG : WellhouseOne | 136.400
2017-01-08 01:52:24 | TEMPLOG : WellhouseOne | 105.800
2017-01-08 01:53:25 | TEMPLOG : WellhouseOne | 086.000
2017-01-08 01:54:26 | TEMPLOG : WellhouseOne | 076.100
2017-01-08 01:54:28 | TEMPLOG : Table    One | 023.000
2017-01-08 01:55:28 | TEMPLOG : WellhouseOne | 069.800
2017-01-08 01:56:29 | TEMPLOG : WellhouseOne | 064.400
2017-01-08 01:57:30 | TEMPLOG : WellhouseOne | 059.000
2017-01-08 01:58:32 | TEMPLOG : WellhouseOne | 055.400
2017-01-08 01:58:32 | TEMPLOG : Bio   Filter | 023.000
2017-01-08 01:59:33 | TEMPLOG : WellhouseOne | 053.600
2017-01-08 01:59:33 | TEMPLOG : Bio   Filter | 023.900
2017-01-08 02:00:35 | TEMPLOG : WellhouseOne | 051.800
2017-01-08 02:00:35 | TEMPLOG : Bio   Filter | 023.900
2017-01-08 02:00:36 | TEMPLOG : To   GeoLoop | 034.700
2017-01-08 02:00:36 | TEMPLOG : Table    One | 023.000
2017-01-08 02:01:37 | TEMPLOG : WellhouseOne | 050.900
2017-01-08 02:01:38 | TEMPLOG : Table    One | 023.900
2017-01-08 02:02:38 | TEMPLOG : WellhouseOne | 050.000
2017-01-08 02:03:39 | TEMPLOG : WellhouseOne | 047.300
2017-01-08 02:05:41 | TEMPLOG : WellhouseOne | 046.400
2017-01-08 02:05:42 | TEMPLOG : Bio   Filter | 023.000
2017-01-08 02:05:43 | TEMPLOG : Table    One | 023.000
2017-01-08 02:06:43 | TEMPLOG : WellhouseOne | 044.600
2017-01-08 02:06:43 | TEMPLOG : Bio   Filter | 023.900
2017-01-08 02:07:44 | TEMPLOG : WellhouseOne | 043.700
2017-01-08 02:09:46 | TEMPLOG : WellhouseOne | 042.800
2017-01-08 02:10:47 | TEMPLOG : WellhouseOne | 041.900
2017-01-08 02:11:48 | TEMPLOG : WellhouseOne | 042.800
2017-01-08 02:11:49 | TEMPLOG : Table    One | 023.900
2017-01-08 02:12:49 | TEMPLOG : WellhouseOne | 099.500
2017-01-08 02:13:50 | TEMPLOG : WellhouseOne | 113.900
2017-01-08 02:14:52 | TEMPLOG : WellhouseOne | 121.100
2017-01-08 02:14:53 | TEMPLOG : Table    One | 023.000
2017-01-08 02:15:53 | TEMPLOG : WellhouseOne | 125.600
2017-01-08 02:16:54 | TEMPLOG : WellhouseOne | 129.200
2017-01-08 02:16:55 | TEMPLOG : Table    One | 023.900
2017-01-08 02:17:56 | TEMPLOG : WellhouseOne | 131.900
2017-01-08 02:18:57 | TEMPLOG : WellhouseOne | 132.800
2017-01-08 02:19:58 | TEMPLOG : WellhouseOne | 133.700
2017-01-08 02:20:59 | TEMPLOG : WellhouseOne | 134.600
2017-01-08 02:21:00 | TEMPLOG : Table    One | 023.000
2017-01-08 02:22:00 | TEMPLOG : WellhouseOne | 135.500
2017-01-08 02:23:00 | TEMPLOG : WellhouseOne | 136.400
2017-01-08 02:24:02 | TEMPLOG : WellhouseOne | 134.600
2017-01-08 02:25:03 | TEMPLOG : WellhouseOne | 095.000
2017-01-08 02:25:04 | TEMPLOG : Table    One | 023.900
2017-01-08 02:26:04 | TEMPLOG : WellhouseOne | 080.600
2017-01-08 02:27:04 | TEMPLOG : WellhouseOne | 071.600
2017-01-08 02:28:06 | TEMPLOG : WellhouseOne | 065.300
2017-01-08 02:28:06 | TEMPLOG : Table    One | 023.000
2017-01-08 02:29:07 | TEMPLOG : WellhouseOne | 060.800
2017-01-08 02:30:08 | TEMPLOG : WellhouseOne | 057.200
2017-01-08 02:30:08 | TEMPLOG : Bio   Filter | 023.000
2017-01-08 02:31:08 | TEMPLOG : WellhouseOne | 055.400
2017-01-08 02:32:10 | TEMPLOG : WellhouseOne | 052.700
2017-01-08 02:33:11 | TEMPLOG : WellhouseOne | 051.800
2017-01-08 02:33:11 | TEMPLOG : Bio   Filter | 023.900
2017-01-08 02:33:12 | TEMPLOG : Table    One | 023.900
2017-01-08 02:34:12 | TEMPLOG : WellhouseOne | 050.000
2017-01-08 02:35:14 | TEMPLOG : WellhouseOne | 049.100
2017-01-08 02:36:15 | TEMPLOG : WellhouseOne | 048.200
2017-01-08 02:36:15 | TEMPLOG : Bio   Filter | 023.000
2017-01-08 02:37:16 | TEMPLOG : WellhouseOne | 047.300
2017-01-08 02:37:17 | TEMPLOG : Bio   Filter | 023.900
2017-01-08 02:38:18 | TEMPLOG : WellhouseOne | 046.400
2017-01-08 02:38:18 | TEMPLOG : Bio   Filter | 023.000
2017-01-08 02:39:19 | TEMPLOG : WellhouseOne | 045.500
2017-01-08 02:39:20 | TEMPLOG : Bio   Filter | 023.900
2017-01-08 02:40:21 | TEMPLOG : WellhouseOne | 044.600
2017-01-08 02:41:23 | TEMPLOG : WellhouseOne | 043.700
2017-01-08 02:42:24 | TEMPLOG : WellhouseOne | 042.800
2017-01-08 02:42:25 | TEMPLOG : Bio   Filter | 023.000
2017-01-08 02:43:26 | TEMPLOG : WellhouseOne | 041.900
2017-01-08 02:44:26 | TEMPLOG : WellhouseOne | 063.500
2017-01-08 02:44:26 | TEMPLOG : Bio   Filter | 023.900
2017-01-08 02:45:28 | TEMPLOG : WellhouseOne | 104.900
2017-01-08 02:46:29 | TEMPLOG : WellhouseOne | 116.600
2017-01-08 02:47:30 | TEMPLOG : WellhouseOne | 122.900
2017-01-08 02:48:31 | TEMPLOG : WellhouseOne | 126.500
2017-01-08 02:48:31 | TEMPLOG : Table    One | 023.000
2017-01-08 02:49:31 | TEMPLOG : WellhouseOne | 129.200
2017-01-08 02:49:32 | TEMPLOG : Table    One | 023.900
2017-01-08 02:50:32 | TEMPLOG : WellhouseOne | 131.000
2017-01-08 02:50:32 | TEMPLOG : Bio   Filter | 023.000
2017-01-08 02:51:33 | TEMPLOG : WellhouseOne | 132.800
2017-01-08 02:52:35 | TEMPLOG : WellhouseOne | 134.600
2017-01-08 02:52:35 | TEMPLOG : Bio   Filter | 023.900
2017-01-08 02:53:38 | TEMPLOG : Table    One | 023.000
2017-01-08 02:54:39 | TEMPLOG : WellhouseOne | 135.500
2017-01-08 02:55:40 | TEMPLOG : WellhouseOne | 136.400
2017-01-08 02:56:41 | TEMPLOG : WellhouseOne | 123.800
2017-01-08 02:56:41 | TEMPLOG : Bio   Filter | 023.000
2017-01-08 02:57:42 | TEMPLOG : WellhouseOne | 093.200
2017-01-08 02:58:44 | TEMPLOG : WellhouseOne | 080.600
2017-01-08 02:59:45 | TEMPLOG : WellhouseOne | 073.400
2017-01-08 03:00:47 | TEMPLOG : WellhouseOne | 067.100
2017-01-08 03:00:47 | TEMPLOG : Bio   Filter | 023.000
2017-01-08 03:00:47 | TEMPLOG : To   GeoLoop | 034.700
2017-01-08 03:00:48 | TEMPLOG : Table    One | 023.000
2017-01-08 03:01:48 | TEMPLOG : WellhouseOne | 062.600
2017-01-08 03:01:48 | TEMPLOG : Bio   Filter | 023.900
2017-01-08 03:02:49 | TEMPLOG : WellhouseOne | 058.100
2017-01-08 03:02:49 | TEMPLOG : Bio   Filter | 023.000
2017-01-08 03:03:50 | TEMPLOG : WellhouseOne | 056.300
2017-01-08 03:04:51 | TEMPLOG : WellhouseOne | 054.500
2017-01-08 03:05:52 | TEMPLOG : WellhouseOne | 051.800
2017-01-08 03:06:53 | TEMPLOG : WellhouseOne | 050.000
2017-01-08 03:07:56 | TEMPLOG : WellhouseOne | 048.200
2017-01-08 03:08:57 | TEMPLOG : WellhouseOne | 047.300
2017-01-08 03:10:59 | TEMPLOG : WellhouseOne | 045.500
2017-01-08 03:13:01 | TEMPLOG : WellhouseOne | 043.700
2017-01-08 03:15:04 | TEMPLOG : WellhouseOne | 042.800
2017-01-08 03:17:05 | TEMPLOG : WellhouseOne | 072.500
2017-01-08 03:18:07 | TEMPLOG : WellhouseOne | 107.600
2017-01-08 03:19:09 | TEMPLOG : WellhouseOne | 120.200
2017-01-08 03:20:11 | TEMPLOG : WellhouseOne | 127.400
2017-01-08 03:21:11 | TEMPLOG : WellhouseOne | 131.000
2017-01-08 03:22:13 | TEMPLOG : WellhouseOne | 133.700
2017-01-08 03:23:14 | TEMPLOG : WellhouseOne | 135.500
2017-01-08 03:24:15 | TEMPLOG : WellhouseOne | 134.600
2017-01-08 03:25:16 | TEMPLOG : WellhouseOne | 093.200
2017-01-08 03:25:17 | TEMPLOG : Bio   Filter | 023.900
2017-01-08 03:26:18 | TEMPLOG : WellhouseOne | 078.800
2017-01-08 03:27:19 | TEMPLOG : WellhouseOne | 069.800
2017-01-08 03:27:19 | TEMPLOG : Bio   Filter | 023.000
2017-01-08 03:28:20 | TEMPLOG : WellhouseOne | 064.400
2017-01-08 03:29:22 | TEMPLOG : WellhouseOne | 059.000
2017-01-08 03:30:24 | TEMPLOG : WellhouseOne | 056.300
2017-01-08 03:31:25 | TEMPLOG : WellhouseOne | 052.700
2017-01-08 03:32:26 | TEMPLOG : WellhouseOne | 050.900
2017-01-08 03:33:27 | TEMPLOG : WellhouseOne | 049.100
2017-01-08 03:34:28 | TEMPLOG : WellhouseOne | 048.200
2017-01-08 03:35:31 | TEMPLOG : WellhouseOne | 046.400
2017-01-08 03:36:32 | TEMPLOG : WellhouseOne | 045.500
2017-01-08 03:38:35 | TEMPLOG : WellhouseOne | 044.600
2017-01-08 03:39:36 | TEMPLOG : WellhouseOne | 043.700
2017-01-08 03:40:38 | TEMPLOG : WellhouseOne | 041.900
2017-01-08 03:41:40 | TEMPLOG : WellhouseOne | 041.000
2017-01-08 03:42:42 | TEMPLOG : WellhouseOne | 041.900
2017-01-08 03:43:44 | TEMPLOG : WellhouseOne | 045.500
2017-01-08 03:44:45 | TEMPLOG : WellhouseOne | 101.300
2017-01-08 03:45:46 | TEMPLOG : WellhouseOne | 116.600
2017-01-08 03:46:47 | TEMPLOG : WellhouseOne | 122.900
2017-01-08 03:46:48 | TEMPLOG : Table    One | 023.900
2017-01-08 03:47:48 | TEMPLOG : WellhouseOne | 126.500
2017-01-08 03:48:49 | TEMPLOG : WellhouseOne | 129.200
2017-01-08 03:49:51 | TEMPLOG : WellhouseOne | 131.000
2017-01-08 03:50:51 | TEMPLOG : WellhouseOne | 131.900
2017-01-08 03:51:53 | TEMPLOG : WellhouseOne | 133.700
2017-01-08 03:52:54 | TEMPLOG : WellhouseOne | 134.600
2017-01-08 03:52:55 | TEMPLOG : Bio   Filter | 023.900
2017-01-08 03:53:57 | TEMPLOG : WellhouseOne | 135.500
2017-01-08 03:54:59 | TEMPLOG : WellhouseOne | 136.400
2017-01-08 03:55:59 | TEMPLOG : WellhouseOne | 125.600
2017-01-08 03:57:00 | TEMPLOG : WellhouseOne | 094.100
2017-01-08 03:58:01 | TEMPLOG : WellhouseOne | 079.700
2017-01-08 03:59:02 | TEMPLOG : WellhouseOne | 072.500
2017-01-08 04:00:03 | TEMPLOG : WellhouseOne | 065.300
2017-01-08 04:00:03 | TEMPLOG : Bio   Filter | 023.900
2017-01-08 04:00:03 | TEMPLOG : To   GeoLoop | 034.700
2017-01-08 04:00:04 | TEMPLOG : Table    One | 023.900
2017-01-08 04:01:04 | TEMPLOG : WellhouseOne | 060.800
2017-01-08 04:02:05 | TEMPLOG : WellhouseOne | 057.200
2017-01-08 04:03:06 | TEMPLOG : WellhouseOne | 053.600
2017-01-08 04:04:08 | TEMPLOG : WellhouseOne | 051.800
2017-01-08 04:05:09 | TEMPLOG : WellhouseOne | 050.000
2017-01-08 04:06:10 | TEMPLOG : WellhouseOne | 049.100
2017-01-08 04:06:11 | TEMPLOG : Table    One | 023.000
2017-01-08 04:07:11 | TEMPLOG : WellhouseOne | 047.300
2017-01-08 04:07:11 | TEMPLOG : Bio   Filter | 023.000
2017-01-08 04:08:12 | TEMPLOG : WellhouseOne | 046.400
2017-01-08 04:08:13 | TEMPLOG : Bio   Filter | 023.900
2017-01-08 04:09:14 | TEMPLOG : WellhouseOne | 045.500
2017-01-08 04:10:15 | TEMPLOG : WellhouseOne | 044.600
2017-01-08 04:10:16 | TEMPLOG : Bio   Filter | 023.000
2017-01-08 04:11:17 | TEMPLOG : WellhouseOne | 041.900
2017-01-08 04:11:17 | TEMPLOG : Bio   Filter | 023.900
2017-01-08 04:13:19 | TEMPLOG : WellhouseOne | 041.000
2017-01-08 04:13:20 | TEMPLOG : Bio   Filter | 023.000
2017-01-08 04:15:21 | TEMPLOG : WellhouseOne | 047.300
2017-01-08 04:16:22 | TEMPLOG : WellhouseOne | 100.400
2017-01-08 04:17:24 | TEMPLOG : WellhouseOne | 115.700
2017-01-08 04:18:25 | TEMPLOG : WellhouseOne | 121.100
2017-01-08 04:19:26 | TEMPLOG : WellhouseOne | 125.600
2017-01-08 04:20:28 | TEMPLOG : WellhouseOne | 129.200
2017-01-08 04:21:29 | TEMPLOG : WellhouseOne | 131.900
2017-01-08 04:22:30 | TEMPLOG : WellhouseOne | 136.400
2017-01-08 04:23:31 | TEMPLOG : WellhouseOne | 135.500
2017-01-08 04:23:31 | TEMPLOG : Bio   Filter | 023.900
2017-01-08 04:24:32 | TEMPLOG : WellhouseOne | 133.700
2017-01-08 04:24:33 | TEMPLOG : Bio   Filter | 023.000
2017-01-08 04:25:33 | TEMPLOG : WellhouseOne | 135.500
2017-01-08 04:26:34 | TEMPLOG : WellhouseOne | 139.100
2017-01-08 04:27:35 | TEMPLOG : WellhouseOne | 136.400
2017-01-08 04:28:37 | TEMPLOG : WellhouseOne | 139.100
2017-01-08 04:29:39 | TEMPLOG : WellhouseOne | 138.200
2017-01-08 04:30:41 | TEMPLOG : WellhouseOne | 118.400
2017-01-08 04:31:42 | TEMPLOG : WellhouseOne | 092.300
2017-01-08 04:32:43 | TEMPLOG : WellhouseOne | 077.900
2017-01-08 04:33:44 | TEMPLOG : WellhouseOne | 071.600
2017-01-08 04:34:45 | TEMPLOG : WellhouseOne | 064.400
2017-01-08 04:35:46 | TEMPLOG : WellhouseOne | 061.700
2017-01-08 04:36:48 | TEMPLOG : WellhouseOne | 059.000
2017-01-08 04:37:49 | TEMPLOG : WellhouseOne | 055.400
2017-01-08 04:38:49 | TEMPLOG : WellhouseOne | 053.600
2017-01-08 04:39:50 | TEMPLOG : WellhouseOne | 050.900
2017-01-08 04:41:52 | TEMPLOG : WellhouseOne | 042.800
2017-01-08 04:42:54 | TEMPLOG : WellhouseOne | 043.700
2017-01-08 04:42:54 | TEMPLOG : Bio   Filter | 023.900
2017-01-08 04:43:55 | TEMPLOG : WellhouseOne | 042.800
2017-01-08 04:43:55 | TEMPLOG : To   GeoLoop | 033.800
2017-01-08 04:44:56 | TEMPLOG : Bio   Filter | 023.000
2017-01-08 04:44:57 | TEMPLOG : To   GeoLoop | 034.700
2017-01-08 04:45:58 | TEMPLOG : To   GeoLoop | 033.800
2017-01-08 04:46:59 | TEMPLOG : To   GeoLoop | 034.700
2017-01-08 04:48:00 | TEMPLOG : To   GeoLoop | 033.800
2017-01-08 04:49:01 | TEMPLOG : WellhouseOne | 041.900
2017-01-08 04:49:01 | TEMPLOG : To   GeoLoop | 034.700
2017-01-08 04:50:02 | TEMPLOG : WellhouseOne | 080.600
2017-01-08 04:50:03 | TEMPLOG : To   GeoLoop | 033.800
2017-01-08 04:51:04 | TEMPLOG : WellhouseOne | 107.600
2017-01-08 04:52:05 | TEMPLOG : WellhouseOne | 116.600
2017-01-08 04:53:07 | TEMPLOG : WellhouseOne | 128.300
2017-01-08 04:53:07 | TEMPLOG : To   GeoLoop | 034.700
2017-01-08 04:54:08 | TEMPLOG : WellhouseOne | 127.400
2017-01-08 04:54:09 | TEMPLOG : To   GeoLoop | 033.800
2017-01-08 04:55:09 | TEMPLOG : WellhouseOne | 129.200
2017-01-08 04:55:11 | TEMPLOG : To   GeoLoop | 034.700
2017-01-08 04:56:11 | TEMPLOG : WellhouseOne | 132.800
2017-01-08 04:58:13 | TEMPLOG : WellhouseOne | 134.600
2017-01-08 04:58:14 | TEMPLOG : To   GeoLoop | 033.800
2017-01-08 04:59:14 | TEMPLOG : WellhouseOne | 136.400
2017-01-08 04:59:15 | TEMPLOG : To   GeoLoop | 034.700
2017-01-08 05:00:15 | TEMPLOG : WellhouseOne | 139.100
2017-01-08 05:00:16 | TEMPLOG : Bio   Filter | 023.000
2017-01-08 05:00:16 | TEMPLOG : To   GeoLoop | 033.800
2017-01-08 05:00:16 | TEMPLOG : Table    One | 023.000
2017-01-08 05:01:16 | TEMPLOG : WellhouseOne | 136.400
2017-01-08 05:03:18 | TEMPLOG : WellhouseOne | 137.300
2017-01-08 05:04:19 | TEMPLOG : WellhouseOne | 138.200
2017-01-08 05:05:21 | TEMPLOG : WellhouseOne | 123.800
2017-01-08 05:06:22 | TEMPLOG : WellhouseOne | 094.100
2017-01-08 05:07:23 | TEMPLOG : WellhouseOne | 082.400
2017-01-08 05:07:24 | TEMPLOG : To   GeoLoop | 034.700
2017-01-08 05:08:24 | TEMPLOG : WellhouseOne | 073.400
2017-01-08 05:08:26 | TEMPLOG : To   GeoLoop | 033.800
2017-01-08 05:09:26 | TEMPLOG : WellhouseOne | 067.100
2017-01-08 05:10:27 | TEMPLOG : WellhouseOne | 060.800
2017-01-08 05:10:28 | TEMPLOG : To   GeoLoop | 034.700
2017-01-08 05:11:29 | TEMPLOG : WellhouseOne | 059.000
2017-01-08 05:11:29 | TEMPLOG : To   GeoLoop | 033.800
2017-01-08 05:12:30 | TEMPLOG : WellhouseOne | 056.300
2017-01-08 05:13:31 | TEMPLOG : WellhouseOne | 053.600
2017-01-08 05:15:35 | TEMPLOG : WellhouseOne | 051.800
2017-01-08 05:16:36 | TEMPLOG : WellhouseOne | 050.000
2017-01-08 05:17:38 | TEMPLOG : WellhouseOne | 048.200
2017-01-08 05:18:40 | TEMPLOG : WellhouseOne | 047.300
2017-01-08 05:19:41 | TEMPLOG : WellhouseOne | 046.400
2017-01-08 05:20:43 | TEMPLOG : WellhouseOne | 045.500
2017-01-08 05:21:44 | TEMPLOG : WellhouseOne | 044.600
2017-01-08 05:22:46 | TEMPLOG : WellhouseOne | 043.700
2017-01-08 05:23:47 | TEMPLOG : WellhouseOne | 042.800
2017-01-08 05:24:49 | TEMPLOG : WellhouseOne | 041.900
2017-01-08 05:25:50 | TEMPLOG : WellhouseOne | 094.100
2017-01-08 05:26:51 | TEMPLOG : WellhouseOne | 113.000
2017-01-08 05:27:53 | TEMPLOG : WellhouseOne | 122.000
2017-01-08 05:28:55 | TEMPLOG : WellhouseOne | 128.300
2017-01-08 05:29:56 | TEMPLOG : WellhouseOne | 132.800
2017-01-08 05:30:57 | TEMPLOG : WellhouseOne | 135.500
2017-01-08 05:31:58 | TEMPLOG : WellhouseOne | 100.400
2017-01-08 05:31:59 | TEMPLOG : To   GeoLoop | 034.700
2017-01-08 05:32:59 | TEMPLOG : WellhouseOne | 081.500
2017-01-08 05:33:00 | TEMPLOG : To   GeoLoop | 033.800
2017-01-08 05:33:00 | TEMPLOG : Table    One | 023.900
2017-01-08 05:34:00 | TEMPLOG : WellhouseOne | 072.500
2017-01-08 05:34:01 | TEMPLOG : To   GeoLoop | 034.700
2017-01-08 05:35:03 | TEMPLOG : WellhouseOne | 066.200
2017-01-08 05:35:03 | TEMPLOG : To   GeoLoop | 033.800
2017-01-08 05:36:04 | TEMPLOG : WellhouseOne | 060.800
2017-01-08 05:36:04 | TEMPLOG : To   GeoLoop | 034.700
2017-01-08 05:37:05 | TEMPLOG : WellhouseOne | 058.100
2017-01-08 05:37:05 | TEMPLOG : Bio   Filter | 023.900
2017-01-08 05:38:06 | TEMPLOG : WellhouseOne | 053.600
2017-01-08 05:39:08 | TEMPLOG : WellhouseOne | 051.800
2017-01-08 05:40:09 | TEMPLOG : WellhouseOne | 050.900
2017-01-08 05:41:10 | TEMPLOG : WellhouseOne | 050.000
2017-01-08 05:42:11 | TEMPLOG : WellhouseOne | 048.200
2017-01-08 05:44:13 | TEMPLOG : WellhouseOne | 046.400
2017-01-08 05:45:14 | TEMPLOG : WellhouseOne | 045.500
2017-01-08 05:47:17 | TEMPLOG : WellhouseOne | 044.600
2017-01-08 05:49:19 | TEMPLOG : WellhouseOne | 043.700
2017-01-08 05:50:20 | TEMPLOG : WellhouseOne | 042.800
2017-01-08 05:51:22 | TEMPLOG : Bio   Filter | 024.800
2017-01-08 05:51:23 | TEMPLOG : Table    One | 024.800
2017-01-08 05:52:23 | TEMPLOG : WellhouseOne | 046.400
2017-01-08 05:53:23 | TEMPLOG : WellhouseOne | 104.000
2017-01-08 05:54:23 | TEMPLOG : WellhouseOne | 117.500
2017-01-08 05:55:24 | TEMPLOG : WellhouseOne | 123.800
2017-01-08 05:56:26 | TEMPLOG : WellhouseOne | 128.300
2017-01-08 05:57:27 | TEMPLOG : WellhouseOne | 131.900
2017-01-08 05:58:30 | TEMPLOG : WellhouseOne | 098.600
2017-01-08 05:59:31 | TEMPLOG : WellhouseOne | 082.400
2017-01-08 06:00:33 | TEMPLOG : WellhouseOne | 074.300
2017-01-08 06:00:34 | TEMPLOG : Bio   Filter | 024.800
2017-01-08 06:00:34 | TEMPLOG : To   GeoLoop | 034.700
2017-01-08 06:00:34 | TEMPLOG : Table    One | 024.800
2017-01-08 06:01:35 | TEMPLOG : WellhouseOne | 066.200
2017-01-08 06:02:36 | TEMPLOG : WellhouseOne | 060.800
2017-01-08 06:03:37 | TEMPLOG : WellhouseOne | 057.200
2017-01-08 06:04:39 | TEMPLOG : WellhouseOne | 055.400
2017-01-08 06:05:40 | TEMPLOG : WellhouseOne | 051.800
2017-01-08 06:06:42 | TEMPLOG : WellhouseOne | 049.100
2017-01-08 06:08:46 | TEMPLOG : WellhouseOne | 048.200
2017-01-08 06:09:46 | TEMPLOG : WellhouseOne | 047.300
2017-01-08 06:10:47 | TEMPLOG : WellhouseOne | 045.500
2017-01-08 06:11:50 | TEMPLOG : Bio   Filter | 025.700
2017-01-08 06:11:50 | TEMPLOG : Table    One | 025.700
2017-01-08 06:12:51 | TEMPLOG : WellhouseOne | 044.600
2017-01-08 06:13:52 | TEMPLOG : WellhouseOne | 043.700
2017-01-08 06:15:54 | TEMPLOG : WellhouseOne | 042.800
2017-01-08 06:17:56 | TEMPLOG : WellhouseOne | 041.000
2017-01-08 06:18:57 | TEMPLOG : WellhouseOne | 079.700
2017-01-08 06:19:58 | TEMPLOG : WellhouseOne | 107.600
2017-01-08 06:21:00 | TEMPLOG : WellhouseOne | 119.300
2017-01-08 06:22:01 | TEMPLOG : WellhouseOne | 131.000
2017-01-08 06:23:01 | TEMPLOG : WellhouseOne | 130.100
2017-01-08 06:24:02 | TEMPLOG : WellhouseOne | 131.900
2017-01-08 06:25:03 | TEMPLOG : WellhouseOne | 133.700
2017-01-08 06:26:05 | TEMPLOG : WellhouseOne | 134.600
2017-01-08 06:27:06 | TEMPLOG : WellhouseOne | 120.200
2017-01-08 06:28:07 | TEMPLOG : WellhouseOne | 092.300
2017-01-08 06:29:08 | TEMPLOG : WellhouseOne | 079.700
2017-01-08 06:30:09 | TEMPLOG : WellhouseOne | 071.600
2017-01-08 06:31:10 | TEMPLOG : WellhouseOne | 066.200
2017-01-08 06:32:11 | TEMPLOG : WellhouseOne | 061.700
2017-01-08 06:33:12 | TEMPLOG : WellhouseOne | 059.000
2017-01-08 06:34:14 | TEMPLOG : WellhouseOne | 055.400
2017-01-08 06:35:15 | TEMPLOG : WellhouseOne | 052.700
2017-01-08 06:36:16 | TEMPLOG : WellhouseOne | 051.800
2017-01-08 06:37:17 | TEMPLOG : WellhouseOne | 050.000
2017-01-08 06:38:19 | TEMPLOG : WellhouseOne | 049.100
2017-01-08 06:39:20 | TEMPLOG : WellhouseOne | 048.200
2017-01-08 06:40:22 | TEMPLOG : WellhouseOne | 046.400
2017-01-08 06:42:24 | TEMPLOG : WellhouseOne | 045.500
2017-01-08 06:43:25 | TEMPLOG : WellhouseOne | 044.600
2017-01-08 06:44:27 | TEMPLOG : WellhouseOne | 043.700
2017-01-08 06:46:28 | TEMPLOG : WellhouseOne | 042.800
2017-01-08 06:47:29 | TEMPLOG : WellhouseOne | 041.900
2017-01-08 06:48:30 | TEMPLOG : WellhouseOne | 089.600
2017-01-08 06:49:32 | TEMPLOG : WellhouseOne | 113.000
2017-01-08 06:50:33 | TEMPLOG : WellhouseOne | 122.000
2017-01-08 06:51:33 | TEMPLOG : WellhouseOne | 126.500
2017-01-08 06:52:34 | TEMPLOG : WellhouseOne | 130.100
2017-01-08 06:54:37 | TEMPLOG : WellhouseOne | 131.900
2017-01-08 06:55:38 | TEMPLOG : WellhouseOne | 099.500
2017-01-08 06:56:40 | TEMPLOG : WellhouseOne | 081.500
2017-01-08 06:57:41 | TEMPLOG : WellhouseOne | 072.500
2017-01-08 06:58:42 | TEMPLOG : WellhouseOne | 065.300
2017-01-08 06:59:44 | TEMPLOG : WellhouseOne | 060.800
2017-01-08 07:00:45 | TEMPLOG : WellhouseOne | 059.000
2017-01-08 07:00:46 | TEMPLOG : Bio   Filter | 025.700
2017-01-08 07:00:46 | TEMPLOG : To   GeoLoop | 034.700
2017-01-08 07:00:46 | TEMPLOG : Table    One | 025.700
2017-01-08 07:01:47 | TEMPLOG : WellhouseOne | 054.500
2017-01-08 07:02:48 | TEMPLOG : WellhouseOne | 051.800
2017-01-08 07:03:50 | TEMPLOG : WellhouseOne | 050.000
2017-01-08 07:04:50 | TEMPLOG : WellhouseOne | 049.100
2017-01-08 07:05:53 | TEMPLOG : WellhouseOne | 048.200
2017-01-08 07:06:54 | TEMPLOG : WellhouseOne | 047.300
2017-01-08 07:07:55 | TEMPLOG : WellhouseOne | 046.400
2017-01-08 07:09:57 | TEMPLOG : WellhouseOne | 044.600
2017-01-08 07:11:59 | TEMPLOG : WellhouseOne | 043.700
2017-01-08 07:14:02 | TEMPLOG : WellhouseOne | 041.900
2017-01-08 07:16:04 | TEMPLOG : WellhouseOne | 089.600
2017-01-08 07:17:05 | TEMPLOG : WellhouseOne | 111.200
2017-01-08 07:18:06 | TEMPLOG : WellhouseOne | 121.100
2017-01-08 07:19:07 | TEMPLOG : WellhouseOne | 125.600
2017-01-08 07:20:08 | TEMPLOG : WellhouseOne | 129.200
2017-01-08 07:21:10 | TEMPLOG : WellhouseOne | 131.900
2017-01-08 07:22:11 | TEMPLOG : WellhouseOne | 133.700
2017-01-08 07:23:12 | TEMPLOG : WellhouseOne | 136.400
2017-01-08 07:24:13 | TEMPLOG : WellhouseOne | 107.600
2017-01-08 07:25:14 | TEMPLOG : WellhouseOne | 089.600
2017-01-08 07:26:15 | TEMPLOG : WellhouseOne | 078.800
2017-01-08 07:27:16 | TEMPLOG : WellhouseOne | 069.800
2017-01-08 07:28:17 | TEMPLOG : WellhouseOne | 066.200
2017-01-08 07:29:19 | TEMPLOG : WellhouseOne | 060.800
2017-01-08 07:30:19 | TEMPLOG : WellhouseOne | 058.100
2017-01-08 07:31:20 | TEMPLOG : WellhouseOne | 055.400
2017-01-08 07:32:21 | TEMPLOG : WellhouseOne | 053.600
2017-01-08 07:33:22 | TEMPLOG : WellhouseOne | 052.700
2017-01-08 07:34:23 | TEMPLOG : WellhouseOne | 051.800
2017-01-08 07:35:24 | TEMPLOG : WellhouseOne | 050.000
2017-01-08 07:36:25 | TEMPLOG : WellhouseOne | 049.100
2017-01-08 07:36:25 | TEMPLOG : Table    One | 026.600
2017-01-08 07:37:26 | TEMPLOG : Bio   Filter | 026.600
2017-01-08 07:38:27 | TEMPLOG : WellhouseOne | 048.200
2017-01-08 07:39:28 | TEMPLOG : WellhouseOne | 047.300
2017-01-08 07:40:29 | TEMPLOG : WellhouseOne | 046.400
2017-01-08 07:41:30 | TEMPLOG : WellhouseOne | 045.500
2017-01-08 07:44:34 | TEMPLOG : WellhouseOne | 044.600
2017-01-08 07:44:34 | TEMPLOG : Bio   Filter | 027.500
2017-01-08 07:44:34 | TEMPLOG : To   GeoLoop | 035.600
2017-01-08 07:44:34 | TEMPLOG : Table    One | 027.500
2017-01-08 07:46:35 | TEMPLOG : WellhouseOne | 059.000
2017-01-08 07:47:37 | TEMPLOG : WellhouseOne | 104.900
2017-01-08 07:47:38 | TEMPLOG : Bio   Filter | 028.400
2017-01-08 07:48:39 | TEMPLOG : WellhouseOne | 118.400
2017-01-08 07:48:40 | TEMPLOG : Table    One | 028.400
2017-01-08 07:49:40 | TEMPLOG : WellhouseOne | 126.500
2017-01-08 07:50:41 | TEMPLOG : WellhouseOne | 131.000
2017-01-08 07:51:43 | TEMPLOG : WellhouseOne | 104.000
2017-01-08 07:51:43 | TEMPLOG : Bio   Filter | 029.300
2017-01-08 07:52:44 | TEMPLOG : WellhouseOne | 085.100
2017-01-08 07:52:45 | TEMPLOG : Table    One | 029.300
2017-01-08 07:53:45 | TEMPLOG : WellhouseOne | 077.000
2017-01-08 07:54:46 | TEMPLOG : WellhouseOne | 068.900
2017-01-08 07:54:47 | TEMPLOG : Bio   Filter | 030.200
2017-01-08 07:54:48 | TEMPLOG : Table    One | 030.200
2017-01-08 07:55:48 | TEMPLOG : WellhouseOne | 064.400
2017-01-08 07:56:49 | TEMPLOG : WellhouseOne | 060.800
2017-01-08 07:57:50 | TEMPLOG : WellhouseOne | 058.100
2017-01-08 07:58:51 | TEMPLOG : WellhouseOne | 056.300
2017-01-08 07:58:51 | TEMPLOG : Bio   Filter | 031.100
2017-01-08 07:58:52 | TEMPLOG : Table    One | 031.100
2017-01-08 07:59:52 | TEMPLOG : WellhouseOne | 054.500
2017-01-08 08:00:53 | TEMPLOG : WellhouseOne | 052.700
2017-01-08 08:00:54 | TEMPLOG : Bio   Filter | 031.100
2017-01-08 08:00:54 | TEMPLOG : To   GeoLoop | 036.500
2017-01-08 08:01:54 | TEMPLOG : WellhouseOne | 051.800
2017-01-08 08:02:55 | TEMPLOG : WellhouseOne | 050.900
2017-01-08 08:03:56 | TEMPLOG : WellhouseOne | 049.100
2017-01-08 08:05:58 | TEMPLOG : WellhouseOne | 047.300
2017-01-08 08:09:02 | TEMPLOG : WellhouseOne | 046.400
2017-01-08 08:10:03 | TEMPLOG : WellhouseOne | 045.500
2017-01-08 08:12:06 | TEMPLOG : WellhouseOne | 043.700
2017-01-08 08:13:08 | TEMPLOG : WellhouseOne | 044.600
2017-01-08 08:14:10 | TEMPLOG : WellhouseOne | 095.000
2017-01-08 08:15:12 | TEMPLOG : WellhouseOne | 117.500
2017-01-08 08:16:13 | TEMPLOG : WellhouseOne | 129.200
2017-01-08 08:17:14 | TEMPLOG : WellhouseOne | 132.800
2017-01-08 08:18:14 | TEMPLOG : WellhouseOne | 117.500
2017-01-08 08:18:15 | TEMPLOG : Table    One | 030.200
2017-01-08 08:19:15 | TEMPLOG : WellhouseOne | 085.100
2017-01-08 08:19:16 | TEMPLOG : Table    One | 031.100
2017-01-08 08:20:16 | TEMPLOG : WellhouseOne | 073.400
2017-01-08 08:21:19 | TEMPLOG : WellhouseOne | 065.300
2017-01-08 08:22:21 | TEMPLOG : WellhouseOne | 060.800
2017-01-08 08:23:22 | TEMPLOG : WellhouseOne | 058.100
2017-01-08 08:24:23 | TEMPLOG : WellhouseOne | 055.400
2017-01-08 08:25:24 | TEMPLOG : WellhouseOne | 053.600
2017-01-08 08:26:25 | TEMPLOG : WellhouseOne | 052.700
2017-01-08 08:27:26 | TEMPLOG : WellhouseOne | 051.800
2017-01-08 08:28:27 | TEMPLOG : WellhouseOne | 050.000
2017-01-08 08:29:28 | TEMPLOG : WellhouseOne | 049.100
2017-01-08 08:30:29 | TEMPLOG : WellhouseOne | 048.200
2017-01-08 08:31:30 | TEMPLOG : WellhouseOne | 047.300
2017-01-08 08:34:33 | TEMPLOG : WellhouseOne | 046.400
2017-01-08 08:34:33 | TEMPLOG : Bio   Filter | 032.900
2017-01-08 08:36:37 | TEMPLOG : WellhouseOne | 045.500
2017-01-08 08:37:38 | TEMPLOG : WellhouseOne | 044.600
2017-01-08 08:37:39 | TEMPLOG : Table    One | 032.900
2017-01-08 08:40:44 | TEMPLOG : WellhouseOne | 043.700
2017-01-08 08:41:45 | TEMPLOG : WellhouseOne | 086.000
2017-01-08 08:41:45 | TEMPLOG : Bio   Filter | 033.800
2017-01-08 08:42:46 | TEMPLOG : WellhouseOne | 113.900
2017-01-08 08:43:48 | TEMPLOG : WellhouseOne | 124.700
2017-01-08 08:44:50 | TEMPLOG : WellhouseOne | 131.900
2017-01-08 08:45:51 | TEMPLOG : WellhouseOne | 100.400
2017-01-08 08:46:52 | TEMPLOG : WellhouseOne | 083.300
2017-01-08 08:47:53 | TEMPLOG : WellhouseOne | 073.400
2017-01-08 08:48:54 | TEMPLOG : WellhouseOne | 069.800
2017-01-08 08:49:55 | TEMPLOG : WellhouseOne | 063.500
2017-01-08 08:50:56 | TEMPLOG : WellhouseOne | 059.900
2017-01-08 08:50:57 | TEMPLOG : To   GeoLoop | 037.400
2017-01-08 08:51:57 | TEMPLOG : WellhouseOne | 057.200
2017-01-08 08:51:57 | TEMPLOG : Bio   Filter | 034.700
2017-01-08 08:51:58 | TEMPLOG : Table    One | 033.800
2017-01-08 08:52:58 | TEMPLOG : WellhouseOne | 054.500
2017-01-08 08:53:59 | TEMPLOG : WellhouseOne | 052.700
2017-01-08 08:55:00 | TEMPLOG : WellhouseOne | 051.800
2017-01-08 08:56:01 | TEMPLOG : WellhouseOne | 050.900
2017-01-08 08:57:02 | TEMPLOG : WellhouseOne | 050.000
2017-01-08 08:57:02 | TEMPLOG : Table    One | 034.700
2017-01-08 08:58:03 | TEMPLOG : WellhouseOne | 049.100
2017-01-08 08:58:03 | TEMPLOG : Bio   Filter | 035.600
2017-01-08 08:59:03 | TEMPLOG : WellhouseOne | 048.200
2017-01-08 09:00:05 | TEMPLOG : WellhouseOne | 047.300
2017-01-08 09:00:05 | TEMPLOG : Bio   Filter | 035.600
2017-01-08 09:00:06 | TEMPLOG : To   GeoLoop | 037.400
2017-01-08 09:00:06 | TEMPLOG : Table    One | 034.700
2017-01-08 09:01:06 | TEMPLOG : Bio   Filter | 036.500
2017-01-08 09:01:07 | TEMPLOG : Table    One | 035.600
2017-01-08 09:02:07 | TEMPLOG : WellhouseOne | 046.400
2017-01-08 09:03:08 | TEMPLOG : WellhouseOne | 045.500
2017-01-08 09:03:08 | TEMPLOG : Bio   Filter | 037.400
2017-01-08 09:06:12 | TEMPLOG : Bio   Filter | 036.500
2017-01-08 09:09:17 | TEMPLOG : WellhouseOne | 090.500
2017-01-08 09:09:18 | TEMPLOG : Table    One | 036.500
2017-01-08 09:10:18 | TEMPLOG : WellhouseOne | 115.700
2017-01-08 09:11:20 | TEMPLOG : WellhouseOne | 127.400
2017-01-08 09:12:21 | TEMPLOG : WellhouseOne | 133.700
2017-01-08 09:13:23 | TEMPLOG : WellhouseOne | 094.100
2017-01-08 09:14:23 | TEMPLOG : WellhouseOne | 078.800
2017-01-08 09:15:25 | TEMPLOG : WellhouseOne | 071.600
2017-01-08 09:16:26 | TEMPLOG : WellhouseOne | 066.200
2017-01-08 09:17:28 | TEMPLOG : WellhouseOne | 062.600
2017-01-08 09:18:29 | TEMPLOG : WellhouseOne | 059.000
2017-01-08 09:18:30 | TEMPLOG : Bio   Filter | 037.400
2017-01-08 09:19:31 | TEMPLOG : WellhouseOne | 058.100
2017-01-08 09:20:33 | TEMPLOG : WellhouseOne | 055.400
2017-01-08 09:20:33 | TEMPLOG : Bio   Filter | 038.300
2017-01-08 09:20:34 | TEMPLOG : Table    One | 037.400
2017-01-08 09:21:36 | TEMPLOG : WellhouseOne | 054.500
2017-01-08 09:22:37 | TEMPLOG : WellhouseOne | 052.700
2017-01-08 09:22:37 | TEMPLOG : To   GeoLoop | 038.300
2017-01-08 09:23:38 | TEMPLOG : WellhouseOne | 051.800
2017-01-08 09:23:38 | TEMPLOG : To   GeoLoop | 037.400
2017-01-08 09:24:39 | TEMPLOG : WellhouseOne | 050.900
2017-01-08 09:26:41 | TEMPLOG : WellhouseOne | 050.000
2017-01-08 09:27:42 | TEMPLOG : WellhouseOne | 049.100
2017-01-08 09:27:43 | TEMPLOG : To   GeoLoop | 038.300
2017-01-08 09:28:43 | TEMPLOG : WellhouseOne | 048.200
2017-01-08 09:29:45 | TEMPLOG : Bio   Filter | 039.200
2017-01-08 09:30:46 | TEMPLOG : WellhouseOne | 047.300
2017-01-08 09:30:47 | TEMPLOG : Table    One | 038.300
2017-01-08 09:31:48 | TEMPLOG : Bio   Filter | 040.100
2017-01-08 09:32:49 | TEMPLOG : WellhouseOne | 046.400
2017-01-08 09:32:49 | TEMPLOG : Bio   Filter | 041.000
2017-01-08 09:36:52 | TEMPLOG : WellhouseOne | 045.500
2017-01-08 09:37:54 | TEMPLOG : WellhouseOne | 104.900
2017-01-08 09:38:55 | TEMPLOG : WellhouseOne | 121.100
2017-01-08 09:39:56 | TEMPLOG : WellhouseOne | 129.200
2017-01-08 09:40:58 | TEMPLOG : WellhouseOne | 113.000
2017-01-08 09:40:59 | TEMPLOG : Table    One | 039.200
2017-01-08 09:42:00 | TEMPLOG : WellhouseOne | 087.800
2017-01-08 09:42:01 | TEMPLOG : Table    One | 038.300
2017-01-08 09:43:01 | TEMPLOG : WellhouseOne | 077.900
2017-01-08 09:43:01 | TEMPLOG : Bio   Filter | 040.100
2017-01-08 09:43:02 | TEMPLOG : Table    One | 039.200
2017-01-08 09:44:02 | TEMPLOG : WellhouseOne | 071.600
2017-01-08 09:45:03 | TEMPLOG : WellhouseOne | 065.300
2017-01-08 09:46:04 | TEMPLOG : WellhouseOne | 061.700
2017-01-08 09:47:05 | TEMPLOG : WellhouseOne | 059.000
2017-01-08 09:48:07 | TEMPLOG : WellhouseOne | 057.200
2017-01-08 09:49:08 | TEMPLOG : WellhouseOne | 055.400
2017-01-08 09:50:09 | TEMPLOG : WellhouseOne | 053.600
2017-01-08 09:51:11 | TEMPLOG : WellhouseOne | 052.700
2017-01-08 09:51:12 | TEMPLOG : Bio   Filter | 041.000
2017-01-08 09:52:13 | TEMPLOG : WellhouseOne | 051.800
2017-01-08 09:52:13 | TEMPLOG : Bio   Filter | 040.100
2017-01-08 09:53:14 | TEMPLOG : WellhouseOne | 050.900
2017-01-08 09:54:15 | TEMPLOG : WellhouseOne | 050.000
2017-01-08 09:54:15 | TEMPLOG : Bio   Filter | 041.000
2017-01-08 09:54:16 | TEMPLOG : To   GeoLoop | 039.200
2017-01-08 09:55:17 | TEMPLOG : Table    One | 040.100
2017-01-08 09:56:17 | TEMPLOG : Bio   Filter | 041.900
2017-01-08 09:57:18 | TEMPLOG : WellhouseOne | 049.100
2017-01-08 09:57:19 | TEMPLOG : Bio   Filter | 042.800
2017-01-08 09:59:21 | TEMPLOG : WellhouseOne | 048.200
2017-01-08 09:59:21 | TEMPLOG : Bio   Filter | 041.900
2017-01-08 10:00:22 | TEMPLOG : WellhouseOne | 048.200
2017-01-08 10:00:22 | TEMPLOG : Bio   Filter | 041.900
2017-01-08 10:00:23 | TEMPLOG : To   GeoLoop | 039.200
2017-01-08 10:00:23 | TEMPLOG : Table    One | 040.100
2017-01-08 10:01:24 | TEMPLOG : WellhouseOne | 047.300
2017-01-08 10:02:25 | TEMPLOG : Bio   Filter | 041.000
2017-01-08 10:05:30 | TEMPLOG : WellhouseOne | 046.400
2017-01-08 10:06:31 | TEMPLOG : WellhouseOne | 104.900
2017-01-08 10:07:32 | TEMPLOG : WellhouseOne | 121.100
2017-01-08 10:08:33 | TEMPLOG : WellhouseOne | 129.200
2017-01-08 10:08:34 | TEMPLOG : Table    One | 041.000
2017-01-08 10:09:34 | TEMPLOG : WellhouseOne | 101.300
2017-01-08 10:10:35 | TEMPLOG : WellhouseOne | 085.100
2017-01-08 10:10:36 | TEMPLOG : Bio   Filter | 041.900
2017-01-08 10:11:37 | TEMPLOG : WellhouseOne | 074.300
2017-01-08 10:12:38 | TEMPLOG : WellhouseOne | 068.900
2017-01-08 10:13:38 | TEMPLOG : WellhouseOne | 065.300
2017-01-08 10:13:40 | TEMPLOG : Table    One | 041.900
2017-01-08 10:14:40 | TEMPLOG : WellhouseOne | 062.600
2017-01-08 10:15:41 | TEMPLOG : WellhouseOne | 059.000
2017-01-08 10:15:41 | TEMPLOG : Bio   Filter | 042.800
2017-01-08 10:16:42 | TEMPLOG : WellhouseOne | 057.200
2017-01-08 10:16:43 | TEMPLOG : Table    One | 042.800
2017-01-08 10:17:44 | TEMPLOG : WellhouseOne | 056.300
2017-01-08 10:17:44 | TEMPLOG : Table    One | 043.700
2017-01-08 10:18:45 | TEMPLOG : WellhouseOne | 055.400
2017-01-08 10:18:45 | TEMPLOG : Bio   Filter | 043.700
2017-01-08 10:18:46 | TEMPLOG : To   GeoLoop | 040.100
2017-01-08 10:18:46 | TEMPLOG : Table    One | 044.600
2017-01-08 10:19:46 | TEMPLOG : WellhouseOne | 054.500
2017-01-08 10:19:47 | TEMPLOG : Table    One | 043.700
2017-01-08 10:20:47 | TEMPLOG : WellhouseOne | 053.600
2017-01-08 10:20:48 | TEMPLOG : Table    One | 044.600
2017-01-08 10:21:48 | TEMPLOG : WellhouseOne | 052.700
2017-01-08 10:21:49 | TEMPLOG : Bio   Filter | 044.600
2017-01-08 10:21:49 | TEMPLOG : Table    One | 045.500
2017-01-08 10:22:49 | TEMPLOG : WellhouseOne | 051.800
2017-01-08 10:23:51 | TEMPLOG : Table    One | 046.400
2017-01-08 10:24:51 | TEMPLOG : WellhouseOne | 050.900
2017-01-08 10:24:52 | TEMPLOG : Bio   Filter | 045.500
2017-01-08 10:27:55 | TEMPLOG : WellhouseOne | 050.000
2017-01-08 10:30:59 | TEMPLOG : WellhouseOne | 049.100
2017-01-08 10:32:01 | TEMPLOG : Bio   Filter | 046.400
2017-01-08 10:32:02 | TEMPLOG : Table    One | 047.300
2017-01-08 10:33:02 | TEMPLOG : WellhouseOne | 048.200
2017-01-08 10:35:07 | TEMPLOG : Table    One | 048.200
2017-01-08 10:36:08 | TEMPLOG : To   GeoLoop | 041.000
2017-01-08 10:37:08 | TEMPLOG : WellhouseOne | 105.800
2017-01-08 10:38:09 | TEMPLOG : WellhouseOne | 124.700
2017-01-08 10:39:10 | TEMPLOG : WellhouseOne | 101.300
2017-01-08 10:40:11 | TEMPLOG : WellhouseOne | 083.300
2017-01-08 10:41:13 | TEMPLOG : WellhouseOne | 074.300
2017-01-08 10:42:14 | TEMPLOG : WellhouseOne | 068.900
2017-01-08 10:43:16 | TEMPLOG : WellhouseOne | 064.400
2017-01-08 10:44:17 | TEMPLOG : WellhouseOne | 061.700
2017-01-08 10:45:18 | TEMPLOG : WellhouseOne | 059.000
2017-01-08 10:46:19 | TEMPLOG : WellhouseOne | 057.200
2017-01-08 10:46:21 | TEMPLOG : Table    One | 049.100
2017-01-08 10:47:21 | TEMPLOG : WellhouseOne | 054.500
2017-01-08 10:47:22 | TEMPLOG : Table    One | 050.000
2017-01-08 10:48:22 | TEMPLOG : WellhouseOne | 053.600
2017-01-08 10:48:23 | TEMPLOG : Bio   Filter | 047.300
2017-01-08 10:48:24 | TEMPLOG : Table    One | 050.900
2017-01-08 10:49:24 | TEMPLOG : WellhouseOne | 052.700
2017-01-08 10:49:25 | TEMPLOG : Table    One | 051.800
2017-01-08 10:50:25 | TEMPLOG : WellhouseOne | 051.800
2017-01-08 10:50:25 | TEMPLOG : Bio   Filter | 048.200
2017-01-08 10:51:29 | TEMPLOG : Table    One | 052.700
2017-01-08 10:52:29 | TEMPLOG : WellhouseOne | 050.900
2017-01-08 10:52:30 | TEMPLOG : To   GeoLoop | 041.900
2017-01-08 10:53:30 | TEMPLOG : WellhouseOne | 050.000
2017-01-08 10:53:30 | TEMPLOG : Bio   Filter | 049.100
2017-01-08 10:56:34 | TEMPLOG : WellhouseOne | 049.100
2017-01-08 10:56:35 | TEMPLOG : Table    One | 053.600
2017-01-08 10:57:36 | TEMPLOG : Bio   Filter | 050.000
2017-01-08 10:58:37 | TEMPLOG : WellhouseOne | 048.200
2017-01-08 11:00:40 | TEMPLOG : WellhouseOne | 048.200
2017-01-08 11:00:42 | TEMPLOG : Bio   Filter | 050.000
2017-01-08 11:00:42 | TEMPLOG : To   GeoLoop | 041.900
2017-01-08 11:00:42 | TEMPLOG : Table    One | 052.700
2017-01-08 11:02:45 | TEMPLOG : WellhouseOne | 047.300
2017-01-08 11:02:45 | TEMPLOG : Bio   Filter | 049.100
2017-01-08 11:03:47 | TEMPLOG : WellhouseOne | 048.200
2017-01-08 11:03:47 | TEMPLOG : Table    One | 051.800
2017-01-08 11:04:48 | TEMPLOG : WellhouseOne | 094.100
2017-01-08 11:05:51 | TEMPLOG : WellhouseOne | 120.200
2017-01-08 11:06:52 | TEMPLOG : WellhouseOne | 131.900
2017-01-08 11:07:54 | TEMPLOG : WellhouseOne | 090.500
2017-01-08 11:07:55 | TEMPLOG : Table    One | 050.900
2017-01-08 11:08:55 | TEMPLOG : WellhouseOne | 077.000
2017-01-08 11:09:56 | TEMPLOG : WellhouseOne | 069.800
2017-01-08 11:10:56 | TEMPLOG : WellhouseOne | 064.400
2017-01-08 11:11:58 | TEMPLOG : WellhouseOne | 059.900
2017-01-08 11:11:59 | TEMPLOG : Table    One | 050.000
2017-01-08 11:12:59 | TEMPLOG : WellhouseOne | 058.100
2017-01-08 11:14:00 | TEMPLOG : WellhouseOne | 056.300
2017-01-08 11:14:02 | TEMPLOG : To   GeoLoop | 041.000
2017-01-08 11:15:03 | TEMPLOG : WellhouseOne | 054.500
2017-01-08 11:15:03 | TEMPLOG : To   GeoLoop | 041.900
2017-01-08 11:16:04 | TEMPLOG : WellhouseOne | 053.600
2017-01-08 11:16:05 | TEMPLOG : Bio   Filter | 050.000
2017-01-08 11:17:05 | TEMPLOG : WellhouseOne | 052.700
2017-01-08 11:18:07 | TEMPLOG : WellhouseOne | 051.800
2017-01-08 11:19:09 | TEMPLOG : WellhouseOne | 050.900
2017-01-08 11:20:10 | TEMPLOG : WellhouseOne | 051.800
2017-01-08 11:21:11 | TEMPLOG : WellhouseOne | 050.000
2017-01-08 11:21:11 | TEMPLOG : Bio   Filter | 050.900
2017-01-08 11:21:12 | TEMPLOG : Table    One | 050.900
2017-01-08 11:22:13 | TEMPLOG : Table    One | 050.000
2017-01-08 11:23:13 | TEMPLOG : WellhouseOne | 049.100
2017-01-08 11:27:18 | TEMPLOG : WellhouseOne | 048.200
2017-01-08 11:31:24 | TEMPLOG : Bio   Filter | 050.000
2017-01-08 11:32:26 | TEMPLOG : Bio   Filter | 050.900
2017-01-08 11:33:27 | TEMPLOG : WellhouseOne | 074.300
2017-01-08 11:34:28 | TEMPLOG : WellhouseOne | 114.800
2017-01-08 11:34:29 | TEMPLOG : Table    One | 050.900
2017-01-08 11:35:29 | TEMPLOG : WellhouseOne | 129.200
2017-01-08 11:36:30 | TEMPLOG : WellhouseOne | 091.400
2017-01-08 11:37:31 | TEMPLOG : WellhouseOne | 078.800
2017-01-08 11:37:32 | TEMPLOG : Table    One | 051.800
2017-01-08 11:38:33 | TEMPLOG : WellhouseOne | 072.500
2017-01-08 11:38:33 | TEMPLOG : Bio   Filter | 051.800
2017-01-08 11:39:34 | TEMPLOG : WellhouseOne | 067.100
2017-01-08 11:39:35 | TEMPLOG : Table    One | 052.700
2017-01-08 11:40:36 | TEMPLOG : WellhouseOne | 064.400
2017-01-08 11:40:37 | TEMPLOG : Bio   Filter | 052.700
2017-01-08 11:41:38 | TEMPLOG : WellhouseOne | 061.700
2017-01-08 11:41:39 | TEMPLOG : Bio   Filter | 053.600
2017-01-08 11:41:40 | TEMPLOG : Table    One | 053.600
2017-01-08 11:42:40 | TEMPLOG : WellhouseOne | 059.000
2017-01-08 11:42:40 | TEMPLOG : Bio   Filter | 054.500
2017-01-08 11:42:41 | TEMPLOG : To   GeoLoop | 042.800
2017-01-08 11:42:41 | TEMPLOG : Table    One | 054.500
2017-01-08 11:43:41 | TEMPLOG : WellhouseOne | 057.200
2017-01-08 11:43:41 | TEMPLOG : Bio   Filter | 055.400
2017-01-08 11:44:42 | TEMPLOG : WellhouseOne | 056.300
2017-01-08 11:44:42 | TEMPLOG : Bio   Filter | 056.300
2017-01-08 11:44:43 | TEMPLOG : Table    One | 055.400
2017-01-08 11:45:43 | TEMPLOG : WellhouseOne | 055.400
2017-01-08 11:46:44 | TEMPLOG : WellhouseOne | 054.500
2017-01-08 11:47:45 | TEMPLOG : WellhouseOne | 053.600
2017-01-08 11:47:46 | TEMPLOG : Table    One | 054.500
2017-01-08 11:49:47 | TEMPLOG : Table    One | 055.400
2017-01-08 11:50:48 | TEMPLOG : WellhouseOne | 052.700
2017-01-08 11:51:50 | TEMPLOG : Bio   Filter | 057.200
2017-01-08 11:51:51 | TEMPLOG : Table    One | 056.300
2017-01-08 11:54:54 | TEMPLOG : WellhouseOne | 051.800
2017-01-08 11:55:56 | TEMPLOG : Table    One | 057.200
2017-01-08 11:56:56 | TEMPLOG : WellhouseOne | 050.900
2017-01-08 11:59:59 | TEMPLOG : WellhouseOne | 050.000
2017-01-08 12:00:00 | TEMPLOG : Bio   Filter | 057.200
2017-01-08 12:00:01 | TEMPLOG : To   GeoLoop | 042.800
2017-01-08 12:00:01 | TEMPLOG : Table    One | 057.200
2017-01-08 12:04:07 | TEMPLOG : WellhouseOne | 049.100
2017-01-08 12:05:09 | TEMPLOG : WellhouseOne | 104.900
2017-01-08 12:05:10 | TEMPLOG : To   GeoLoop | 043.700
2017-01-08 12:06:11 | TEMPLOG : WellhouseOne | 126.500
2017-01-08 12:07:12 | TEMPLOG : WellhouseOne | 115.700
2017-01-08 12:08:13 | TEMPLOG : WellhouseOne | 088.700
2017-01-08 12:08:14 | TEMPLOG : To   GeoLoop | 042.800
2017-01-08 12:09:14 | TEMPLOG : WellhouseOne | 077.900
2017-01-08 12:09:15 | TEMPLOG : To   GeoLoop | 043.700
2017-01-08 12:10:15 | TEMPLOG : WellhouseOne | 071.600
2017-01-08 12:11:16 | TEMPLOG : WellhouseOne | 067.100
2017-01-08 12:11:17 | TEMPLOG : Bio   Filter | 058.100
2017-01-08 12:11:17 | TEMPLOG : Table    One | 058.100
2017-01-08 12:12:17 | TEMPLOG : WellhouseOne | 063.500
2017-01-08 12:12:18 | TEMPLOG : Bio   Filter | 059.000
2017-01-08 12:13:19 | TEMPLOG : WellhouseOne | 061.700
2017-01-08 12:13:19 | TEMPLOG : Bio   Filter | 060.800
2017-01-08 12:13:19 | TEMPLOG : Table    One | 059.000
2017-01-08 12:14:20 | TEMPLOG : WellhouseOne | 059.900
2017-01-08 12:14:20 | TEMPLOG : Bio   Filter | 061.700
2017-01-08 12:15:21 | TEMPLOG : WellhouseOne | 059.000
2017-01-08 12:15:22 | TEMPLOG : Table    One | 059.900
2017-01-08 12:16:22 | TEMPLOG : WellhouseOne | 058.100
2017-01-08 12:16:23 | TEMPLOG : Bio   Filter | 062.600
2017-01-08 12:17:24 | TEMPLOG : WellhouseOne | 056.300
2017-01-08 12:17:26 | TEMPLOG : Table    One | 060.800
2017-01-08 12:18:27 | TEMPLOG : Bio   Filter | 063.500
2017-01-08 12:19:28 | TEMPLOG : WellhouseOne | 055.400
2017-01-08 12:19:28 | TEMPLOG : Bio   Filter | 064.400
2017-01-08 12:19:29 | TEMPLOG : To   GeoLoop | 044.600
2017-01-08 12:19:29 | TEMPLOG : Table    One | 061.700
2017-01-08 12:20:30 | TEMPLOG : WellhouseOne | 054.500
2017-01-08 12:20:30 | TEMPLOG : Bio   Filter | 065.300
2017-01-08 12:20:30 | TEMPLOG : Table    One | 062.600
2017-01-08 12:21:31 | TEMPLOG : Bio   Filter | 066.200
2017-01-08 12:22:32 | TEMPLOG : WellhouseOne | 053.600
2017-01-08 12:22:33 | TEMPLOG : Table    One | 063.500
2017-01-08 12:23:33 | TEMPLOG : Bio   Filter | 067.100
2017-01-08 12:24:34 | TEMPLOG : WellhouseOne | 052.700
2017-01-08 12:24:35 | TEMPLOG : Bio   Filter | 068.000
2017-01-08 12:24:35 | TEMPLOG : Table    One | 064.400
2017-01-08 12:25:36 | TEMPLOG : Bio   Filter | 068.900
2017-01-08 12:25:36 | TEMPLOG : Table    One | 065.300
2017-01-08 12:26:37 | TEMPLOG : Bio   Filter | 069.800
2017-01-08 12:27:38 | TEMPLOG : WellhouseOne | 051.800
2017-01-08 12:29:42 | TEMPLOG : Bio   Filter | 070.700
2017-01-08 12:29:43 | TEMPLOG : Table    One | 066.200
2017-01-08 12:30:43 | TEMPLOG : WellhouseOne | 050.900
2017-01-08 12:31:45 | TEMPLOG : Bio   Filter | 071.600
2017-01-08 12:32:47 | TEMPLOG : Table    One | 067.100
2017-01-08 12:34:50 | TEMPLOG : Bio   Filter | 072.500
2017-01-08 12:34:50 | TEMPLOG : Table    One | 068.000
2017-01-08 12:35:50 | TEMPLOG : WellhouseOne | 050.000
2017-01-08 12:35:52 | TEMPLOG : Bio   Filter | 073.400
2017-01-08 12:35:52 | TEMPLOG : Table    One | 068.900
2017-01-08 12:36:53 | TEMPLOG : WellhouseOne | 084.200
2017-01-08 12:36:53 | TEMPLOG : Table    One | 068.000
2017-01-08 12:37:54 | TEMPLOG : WellhouseOne | 118.400
2017-01-08 12:37:54 | TEMPLOG : Bio   Filter | 074.300
2017-01-08 12:38:55 | TEMPLOG : WellhouseOne | 115.700
2017-01-08 12:38:55 | TEMPLOG : Table    One | 068.900
2017-01-08 12:39:56 | TEMPLOG : WellhouseOne | 087.800
2017-01-08 12:39:56 | TEMPLOG : To   GeoLoop | 045.500
2017-01-08 12:40:57 | TEMPLOG : WellhouseOne | 077.000
2017-01-08 12:41:58 | TEMPLOG : WellhouseOne | 070.700
2017-01-08 12:42:59 | TEMPLOG : WellhouseOne | 067.100
2017-01-08 12:43:00 | TEMPLOG : Bio   Filter | 073.400
2017-01-08 12:44:01 | TEMPLOG : WellhouseOne | 064.400
2017-01-08 12:45:02 | TEMPLOG : WellhouseOne | 061.700
2017-01-08 12:45:02 | TEMPLOG : Bio   Filter | 072.500
2017-01-08 12:45:03 | TEMPLOG : Table    One | 069.800
2017-01-08 12:46:03 | TEMPLOG : WellhouseOne | 059.900
2017-01-08 12:46:04 | TEMPLOG : Table    One | 068.900
2017-01-08 12:47:05 | TEMPLOG : WellhouseOne | 059.000
2017-01-08 12:47:05 | TEMPLOG : Bio   Filter | 071.600
2017-01-08 12:47:06 | TEMPLOG : Table    One | 068.000
2017-01-08 12:48:06 | TEMPLOG : WellhouseOne | 058.100
2017-01-08 12:48:06 | TEMPLOG : Bio   Filter | 070.700
2017-01-08 12:49:07 | TEMPLOG : WellhouseOne | 057.200
2017-01-08 12:49:07 | TEMPLOG : Bio   Filter | 069.800
2017-01-08 12:49:08 | TEMPLOG : Table    One | 067.100
2017-01-08 12:50:08 | TEMPLOG : WellhouseOne | 056.300
2017-01-08 12:50:08 | TEMPLOG : Bio   Filter | 068.900
2017-01-08 12:51:09 | TEMPLOG : WellhouseOne | 055.400
2017-01-08 12:51:11 | TEMPLOG : Table    One | 066.200
2017-01-08 12:52:11 | TEMPLOG : Bio   Filter | 068.000
2017-01-08 12:52:12 | TEMPLOG : To   GeoLoop | 046.400
2017-01-08 12:53:12 | TEMPLOG : Bio   Filter | 067.100
2017-01-08 12:54:14 | TEMPLOG : WellhouseOne | 054.500
2017-01-08 12:57:17 | TEMPLOG : WellhouseOne | 053.600
2017-01-08 12:59:20 | TEMPLOG : WellhouseOne | 052.700
2017-01-08 13:00:22 | TEMPLOG : WellhouseOne | 052.700
2017-01-08 13:00:22 | TEMPLOG : Bio   Filter | 066.200
2017-01-08 13:00:22 | TEMPLOG : To   GeoLoop | 046.400
2017-01-08 13:00:23 | TEMPLOG : Table    One | 066.200
2017-01-08 13:02:24 | TEMPLOG : WellhouseOne | 051.800
2017-01-08 13:02:24 | TEMPLOG : Bio   Filter | 067.100
2017-01-08 13:02:24 | TEMPLOG : Table    One | 067.100
2017-01-08 13:03:25 | TEMPLOG : Bio   Filter | 068.000
2017-01-08 13:04:26 | TEMPLOG : Table    One | 068.000
2017-01-08 13:05:26 | TEMPLOG : Bio   Filter | 068.900
2017-01-08 13:05:27 | TEMPLOG : To   GeoLoop | 047.300
2017-01-08 13:08:30 | TEMPLOG : Bio   Filter | 068.000
2017-01-08 13:09:31 | TEMPLOG : WellhouseOne | 092.300
2017-01-08 13:10:34 | TEMPLOG : WellhouseOne | 122.000
2017-01-08 13:10:34 | TEMPLOG : Bio   Filter | 068.900
2017-01-08 13:10:35 | TEMPLOG : Table    One | 068.900
2017-01-08 13:11:35 | TEMPLOG : WellhouseOne | 099.500
2017-01-08 13:12:36 | TEMPLOG : WellhouseOne | 084.200
2017-01-08 13:12:36 | TEMPLOG : Bio   Filter | 069.800
2017-01-08 13:12:37 | TEMPLOG : Table    One | 069.800
2017-01-08 13:13:37 | TEMPLOG : WellhouseOne | 075.200
2017-01-08 13:14:39 | TEMPLOG : WellhouseOne | 070.700
2017-01-08 13:15:40 | TEMPLOG : WellhouseOne | 066.200
2017-01-08 13:15:40 | TEMPLOG : To   GeoLoop | 048.200
2017-01-08 13:16:41 | TEMPLOG : WellhouseOne | 063.500
2017-01-08 13:17:42 | TEMPLOG : WellhouseOne | 061.700
2017-01-08 13:17:42 | TEMPLOG : Bio   Filter | 070.700
2017-01-08 13:17:43 | TEMPLOG : Table    One | 070.700
2017-01-08 13:18:43 | TEMPLOG : WellhouseOne | 060.800
2017-01-08 13:18:44 | TEMPLOG : Table    One | 071.600
2017-01-08 13:19:45 | TEMPLOG : WellhouseOne | 059.000
2017-01-08 13:19:45 | TEMPLOG : Bio   Filter | 071.600
2017-01-08 13:19:45 | TEMPLOG : Table    One | 072.500
2017-01-08 13:20:45 | TEMPLOG : WellhouseOne | 058.100
2017-01-08 13:20:46 | TEMPLOG : Bio   Filter | 072.500
2017-01-08 13:20:46 | TEMPLOG : Table    One | 073.400
2017-01-08 13:21:46 | TEMPLOG : WellhouseOne | 057.200
2017-01-08 13:23:48 | TEMPLOG : WellhouseOne | 056.300
2017-01-08 13:23:48 | TEMPLOG : Bio   Filter | 073.400
2017-01-08 13:23:48 | TEMPLOG : To   GeoLoop | 049.100
2017-01-08 13:23:48 | TEMPLOG : Table    One | 074.300
2017-01-08 13:25:50 | TEMPLOG : WellhouseOne | 055.400
2017-01-08 13:27:54 | TEMPLOG : WellhouseOne | 054.500
2017-01-08 13:29:56 | TEMPLOG : Bio   Filter | 072.500
2017-01-08 13:29:57 | TEMPLOG : Table    One | 073.400
2017-01-08 13:30:57 | TEMPLOG : WellhouseOne | 053.600
2017-01-08 13:30:57 | TEMPLOG : To   GeoLoop | 048.200
2017-01-08 13:33:00 | TEMPLOG : To   GeoLoop | 049.100
2017-01-08 13:34:00 | TEMPLOG : Bio   Filter | 073.400
2017-01-08 13:34:01 | TEMPLOG : Table    One | 075.200
2017-01-08 13:35:01 | TEMPLOG : WellhouseOne | 052.700
2017-01-08 13:35:01 | TEMPLOG : Bio   Filter | 074.300
2017-01-08 13:35:02 | TEMPLOG : Table    One | 076.100
2017-01-08 13:36:02 | TEMPLOG : Bio   Filter | 075.200
2017-01-08 13:41:09 | TEMPLOG : WellhouseOne | 051.800
2017-01-08 13:42:11 | TEMPLOG : Table    One | 077.000
2017-01-08 13:43:11 | TEMPLOG : WellhouseOne | 096.800
2017-01-08 13:43:12 | TEMPLOG : Bio   Filter | 076.100
2017-01-08 13:43:12 | TEMPLOG : To   GeoLoop | 050.000
2017-01-08 13:43:13 | TEMPLOG : Table    One | 077.900
2017-01-08 13:44:13 | TEMPLOG : WellhouseOne | 122.900
2017-01-08 13:44:14 | TEMPLOG : Table    One | 078.800
2017-01-08 13:45:15 | TEMPLOG : WellhouseOne | 096.800
2017-01-08 13:45:15 | TEMPLOG : Bio   Filter | 077.000
2017-01-08 13:46:16 | TEMPLOG : WellhouseOne | 081.500
2017-01-08 13:46:16 | TEMPLOG : Table    One | 079.700
2017-01-08 13:47:17 | TEMPLOG : WellhouseOne | 073.400
2017-01-08 13:47:17 | TEMPLOG : Bio   Filter | 077.900
2017-01-08 13:48:19 | TEMPLOG : WellhouseOne | 068.900
2017-01-08 13:49:20 | TEMPLOG : WellhouseOne | 066.200
2017-01-08 13:49:21 | TEMPLOG : Table    One | 080.600
2017-01-08 13:50:21 | TEMPLOG : WellhouseOne | 063.500
2017-01-08 13:51:22 | TEMPLOG : WellhouseOne | 061.700
2017-01-08 13:51:22 | TEMPLOG : Bio   Filter | 078.800
2017-01-08 13:52:24 | TEMPLOG : WellhouseOne | 059.900
2017-01-08 13:52:25 | TEMPLOG : Table    One | 081.500
2017-01-08 13:53:25 | TEMPLOG : WellhouseOne | 059.000
2017-01-08 13:53:26 | TEMPLOG : To   GeoLoop | 050.900
2017-01-08 13:54:27 | TEMPLOG : WellhouseOne | 058.100
2017-01-08 13:54:28 | TEMPLOG : Table    One | 080.600
2017-01-08 13:55:28 | TEMPLOG : WellhouseOne | 057.200
2017-01-08 13:55:28 | TEMPLOG : Bio   Filter | 077.900
2017-01-08 13:56:30 | TEMPLOG : Bio   Filter | 077.000
2017-01-08 13:56:30 | TEMPLOG : To   GeoLoop | 050.000
2017-01-08 13:56:30 | TEMPLOG : Table    One | 078.800
2017-01-08 13:57:31 | TEMPLOG : WellhouseOne | 056.300
2017-01-08 13:57:31 | TEMPLOG : Bio   Filter | 075.200
2017-01-08 13:57:31 | TEMPLOG : Table    One | 077.000
2017-01-08 13:58:32 | TEMPLOG : Bio   Filter | 074.300
2017-01-08 13:58:32 | TEMPLOG : Table    One | 075.200
2017-01-08 13:59:33 | TEMPLOG : WellhouseOne | 055.400
2017-01-08 13:59:33 | TEMPLOG : Bio   Filter | 072.500
2017-01-08 13:59:33 | TEMPLOG : To   GeoLoop | 049.100
2017-01-08 13:59:33 | TEMPLOG : Table    One | 072.500
2017-01-08 14:00:34 | TEMPLOG : WellhouseOne | 055.400
2017-01-08 14:00:35 | TEMPLOG : Bio   Filter | 070.700
2017-01-08 14:00:35 | TEMPLOG : To   GeoLoop | 049.100
2017-01-08 14:00:35 | TEMPLOG : Table    One | 070.700
2017-01-08 14:01:35 | TEMPLOG : WellhouseOne | 054.500
2017-01-08 14:01:36 | TEMPLOG : Bio   Filter | 068.900
2017-01-08 14:01:36 | TEMPLOG : To   GeoLoop | 048.200
2017-01-08 14:01:36 | TEMPLOG : Table    One | 068.900
2017-01-08 14:02:37 | TEMPLOG : Bio   Filter | 067.100
2017-01-08 14:02:38 | TEMPLOG : Table    One | 067.100
2017-01-08 14:03:38 | TEMPLOG : Bio   Filter | 066.200
2017-01-08 14:03:39 | TEMPLOG : To   GeoLoop | 047.300
2017-01-08 14:03:39 | TEMPLOG : Table    One | 065.300
2017-01-08 14:04:40 | TEMPLOG : WellhouseOne | 053.600
2017-01-08 14:04:40 | TEMPLOG : Bio   Filter | 064.400
2017-01-08 14:04:40 | TEMPLOG : Table    One | 064.400
2017-01-08 14:05:41 | TEMPLOG : Bio   Filter | 063.500
2017-01-08 14:05:41 | TEMPLOG : Table    One | 062.600
2017-01-08 14:06:42 | TEMPLOG : Bio   Filter | 062.600
2017-01-08 14:06:42 | TEMPLOG : Table    One | 061.700
2017-01-08 14:07:42 | TEMPLOG : WellhouseOne | 052.700
2017-01-08 14:07:42 | TEMPLOG : Bio   Filter | 061.700
2017-01-08 14:08:43 | TEMPLOG : Bio   Filter | 060.800
2017-01-08 14:08:43 | TEMPLOG : To   GeoLoop | 046.400
2017-01-08 14:08:43 | TEMPLOG : Table    One | 060.800
2017-01-08 14:09:44 | TEMPLOG : Bio   Filter | 059.900
2017-01-08 14:09:45 | TEMPLOG : Table    One | 059.900
2017-01-08 14:10:45 | TEMPLOG : WellhouseOne | 051.800
2017-01-08 14:10:46 | TEMPLOG : Table    One | 059.000
2017-01-08 14:11:46 | TEMPLOG : Bio   Filter | 059.000
2017-01-08 14:13:49 | TEMPLOG : Bio   Filter | 058.100
2017-01-08 14:13:49 | TEMPLOG : Table    One | 058.100
2017-01-08 14:14:49 | TEMPLOG : WellhouseOne | 050.900
2017-01-08 14:15:50 | TEMPLOG : WellhouseOne | 051.800
2017-01-08 14:16:52 | TEMPLOG : WellhouseOne | 115.700
2017-01-08 14:16:52 | TEMPLOG : Bio   Filter | 057.200
2017-01-08 14:16:52 | TEMPLOG : Table    One | 057.200
2017-01-08 14:17:53 | TEMPLOG : WellhouseOne | 132.800
2017-01-08 14:17:54 | TEMPLOG : Table    One | 056.300
2017-01-08 14:18:54 | TEMPLOG : WellhouseOne | 095.000
2017-01-08 14:18:54 | TEMPLOG : To   GeoLoop | 045.500
2017-01-08 14:19:55 | TEMPLOG : WellhouseOne | 081.500
2017-01-08 14:19:55 | TEMPLOG : Bio   Filter | 056.300
2017-01-08 14:20:57 | TEMPLOG : WellhouseOne | 073.400
2017-01-08 14:21:58 | TEMPLOG : WellhouseOne | 068.900
2017-01-08 14:21:59 | TEMPLOG : Bio   Filter | 057.200
2017-01-08 14:21:59 | TEMPLOG : Table    One | 057.200
2017-01-08 14:23:00 | TEMPLOG : WellhouseOne | 065.300
2017-01-08 14:23:00 | TEMPLOG : Bio   Filter | 058.100
2017-01-08 14:23:00 | TEMPLOG : To   GeoLoop | 046.400
2017-01-08 14:23:01 | TEMPLOG : Table    One | 059.000
2017-01-08 14:24:01 | TEMPLOG : WellhouseOne | 062.600
2017-01-08 14:24:02 | TEMPLOG : Bio   Filter | 059.900
2017-01-08 14:24:03 | TEMPLOG : Table    One | 060.800
2017-01-08 14:25:03 | TEMPLOG : WellhouseOne | 061.700
2017-01-08 14:25:03 | TEMPLOG : Bio   Filter | 061.700
2017-01-08 14:25:04 | TEMPLOG : Table    One | 063.500
2017-01-08 14:26:04 | TEMPLOG : WellhouseOne | 059.900
2017-01-08 14:26:04 | TEMPLOG : Bio   Filter | 062.600
2017-01-08 14:26:04 | TEMPLOG : To   GeoLoop | 047.300
2017-01-08 14:26:05 | TEMPLOG : Table    One | 065.300
2017-01-08 14:27:05 | TEMPLOG : WellhouseOne | 059.000
2017-01-08 14:27:06 | TEMPLOG : Bio   Filter | 064.400
2017-01-08 14:27:07 | TEMPLOG : Table    One | 066.200
2017-01-08 14:28:08 | TEMPLOG : WellhouseOne | 058.100
2017-01-08 14:28:08 | TEMPLOG : Bio   Filter | 065.300
2017-01-08 14:28:08 | TEMPLOG : Table    One | 067.100
2017-01-08 14:29:09 | TEMPLOG : WellhouseOne | 057.200
2017-01-08 14:29:09 | TEMPLOG : Bio   Filter | 064.400
2017-01-08 14:29:10 | TEMPLOG : Table    One | 066.200
2017-01-08 14:30:10 | TEMPLOG : WellhouseOne | 056.300
2017-01-08 14:30:11 | TEMPLOG : Bio   Filter | 063.500
2017-01-08 14:30:11 | TEMPLOG : Table    One | 063.500
2017-01-08 14:31:12 | TEMPLOG : Bio   Filter | 061.700
2017-01-08 14:31:12 | TEMPLOG : To   GeoLoop | 046.400
2017-01-08 14:31:13 | TEMPLOG : Table    One | 061.700
2017-01-08 14:32:13 | TEMPLOG : WellhouseOne | 055.400
2017-01-08 14:32:14 | TEMPLOG : Bio   Filter | 059.900
2017-01-08 14:32:14 | TEMPLOG : Table    One | 059.900
2017-01-08 14:33:15 | TEMPLOG : WellhouseOne | 054.500
2017-01-08 14:33:16 | TEMPLOG : Bio   Filter | 059.000
2017-01-08 14:33:17 | TEMPLOG : Table    One | 059.000
2017-01-08 14:34:18 | TEMPLOG : Table    One | 059.900
2017-01-08 14:35:19 | TEMPLOG : Bio   Filter | 059.900
2017-01-08 14:35:19 | TEMPLOG : Table    One | 060.800
2017-01-08 14:36:20 | TEMPLOG : WellhouseOne | 053.600
2017-01-08 14:36:22 | TEMPLOG : Table    One | 062.600
2017-01-08 14:37:23 | TEMPLOG : Table    One | 060.800
2017-01-08 14:38:23 | TEMPLOG : Bio   Filter | 058.100
2017-01-08 14:38:24 | TEMPLOG : Table    One | 059.000
2017-01-08 14:39:25 | TEMPLOG : Bio   Filter | 057.200
2017-01-08 14:39:25 | TEMPLOG : Table    One | 057.200
2017-01-08 14:40:26 | TEMPLOG : WellhouseOne | 052.700
2017-01-08 14:40:26 | TEMPLOG : Bio   Filter | 056.300
2017-01-08 14:40:26 | TEMPLOG : To   GeoLoop | 045.500
2017-01-08 14:40:26 | TEMPLOG : Table    One | 055.400
2017-01-08 14:41:27 | TEMPLOG : Bio   Filter | 055.400
2017-01-08 14:41:27 | TEMPLOG : Table    One | 054.500
2017-01-08 14:42:27 | TEMPLOG : Bio   Filter | 054.500
2017-01-08 14:43:28 | TEMPLOG : Bio   Filter | 053.600
2017-01-08 14:43:29 | TEMPLOG : Table    One | 053.600
2017-01-08 14:44:29 | TEMPLOG : WellhouseOne | 051.800
2017-01-08 14:44:30 | TEMPLOG : Table    One | 052.700
2017-01-08 14:45:31 | TEMPLOG : Bio   Filter | 052.700
2017-01-08 14:46:33 | TEMPLOG : Bio   Filter | 051.800
2017-01-08 14:47:36 | TEMPLOG : Table    One | 051.800
2017-01-08 14:49:37 | TEMPLOG : WellhouseOne | 062.600
2017-01-08 14:50:38 | TEMPLOG : WellhouseOne | 114.800
2017-01-08 14:51:40 | TEMPLOG : WellhouseOne | 115.700
2017-01-08 14:52:41 | TEMPLOG : WellhouseOne | 086.900
2017-01-08 14:53:42 | TEMPLOG : WellhouseOne | 077.000
2017-01-08 14:53:43 | TEMPLOG : Table    One | 052.700
2017-01-08 14:54:43 | TEMPLOG : WellhouseOne | 070.700
2017-01-08 14:54:45 | TEMPLOG : Table    One | 051.800
2017-01-08 14:55:45 | TEMPLOG : WellhouseOne | 067.100
2017-01-08 14:56:46 | TEMPLOG : WellhouseOne | 064.400
2017-01-08 14:57:47 | TEMPLOG : WellhouseOne | 062.600
2017-01-08 14:58:49 | TEMPLOG : WellhouseOne | 060.800
2017-01-08 14:59:51 | TEMPLOG : WellhouseOne | 059.900
2017-01-08 15:00:52 | TEMPLOG : WellhouseOne | 058.100
2017-01-08 15:00:52 | TEMPLOG : Bio   Filter | 051.800
2017-01-08 15:00:53 | TEMPLOG : To   GeoLoop | 045.500
2017-01-08 15:00:54 | TEMPLOG : Table    One | 052.700
2017-01-08 15:01:54 | TEMPLOG : Bio   Filter | 050.900
2017-01-08 15:01:54 | TEMPLOG : Table    One | 051.800
2017-01-08 15:02:54 | TEMPLOG : WellhouseOne | 057.200
2017-01-08 15:02:55 | TEMPLOG : Table    One | 050.900
2017-01-08 15:03:55 | TEMPLOG : WellhouseOne | 056.300
2017-01-08 15:03:56 | TEMPLOG : Bio   Filter | 050.000
2017-01-08 15:03:57 | TEMPLOG : Table    One | 050.000
2017-01-08 15:04:57 | TEMPLOG : WellhouseOne | 055.400
2017-01-08 15:08:01 | TEMPLOG : WellhouseOne | 054.500
2017-01-08 15:11:03 | TEMPLOG : WellhouseOne | 053.600
2017-01-08 15:12:05 | TEMPLOG : Bio   Filter | 049.100
2017-01-08 15:12:05 | TEMPLOG : Table    One | 049.100
2017-01-08 15:15:07 | TEMPLOG : WellhouseOne | 052.700
2017-01-08 15:15:08 | TEMPLOG : Table    One | 048.200
2017-01-08 15:16:09 | TEMPLOG : Bio   Filter | 048.200
2017-01-08 15:18:11 | TEMPLOG : To   GeoLoop | 044.600
2017-01-08 15:20:12 | TEMPLOG : WellhouseOne | 051.800
2017-01-08 15:20:13 | TEMPLOG : Table    One | 047.300
2017-01-08 15:23:16 | TEMPLOG : WellhouseOne | 071.600
2017-01-08 15:23:16 | TEMPLOG : Bio   Filter | 047.300
2017-01-08 15:24:17 | TEMPLOG : WellhouseOne | 115.700
2017-01-08 15:26:21 | TEMPLOG : WellhouseOne | 088.700
2017-01-08 15:27:22 | TEMPLOG : WellhouseOne | 077.900
2017-01-08 15:28:24 | TEMPLOG : WellhouseOne | 073.400
2017-01-08 15:29:25 | TEMPLOG : WellhouseOne | 068.900
2017-01-08 15:29:26 | TEMPLOG : Table    One | 046.400
2017-01-08 15:30:27 | TEMPLOG : WellhouseOne | 066.200
2017-01-08 15:31:28 | TEMPLOG : WellhouseOne | 063.500
2017-01-08 15:32:29 | TEMPLOG : WellhouseOne | 061.700
2017-01-08 15:33:30 | TEMPLOG : WellhouseOne | 059.900
2017-01-08 15:34:31 | TEMPLOG : WellhouseOne | 059.000
2017-01-08 15:34:32 | TEMPLOG : Bio   Filter | 046.400
2017-01-08 15:35:32 | TEMPLOG : WellhouseOne | 058.100
2017-01-08 15:36:35 | TEMPLOG : Table    One | 045.500
2017-01-08 15:37:36 | TEMPLOG : WellhouseOne | 057.200
2017-01-08 15:38:36 | TEMPLOG : WellhouseOne | 056.300
2017-01-08 15:39:38 | TEMPLOG : Bio   Filter | 045.500
2017-01-08 15:41:41 | TEMPLOG : WellhouseOne | 055.400
2017-01-08 15:41:42 | TEMPLOG : Table    One | 044.600
2017-01-08 15:43:43 | TEMPLOG : WellhouseOne | 054.500
2017-01-08 15:45:47 | TEMPLOG : Bio   Filter | 044.600
2017-01-08 15:45:49 | TEMPLOG : Table    One | 045.500
2017-01-08 15:46:51 | TEMPLOG : Table    One | 044.600
2017-01-08 15:47:51 | TEMPLOG : WellhouseOne | 053.600
2017-01-08 15:51:54 | TEMPLOG : WellhouseOne | 052.700
2017-01-08 15:52:56 | TEMPLOG : Table    One | 043.700
2017-01-08 15:54:58 | TEMPLOG : Bio   Filter | 043.700
2017-01-08 15:56:59 | TEMPLOG : WellhouseOne | 051.800
2017-01-08 15:58:01 | TEMPLOG : WellhouseOne | 096.800
2017-01-08 15:59:01 | TEMPLOG : WellhouseOne | 121.100
2017-01-08 15:59:03 | TEMPLOG : Table    One | 044.600
2017-01-08 16:00:04 | TEMPLOG : WellhouseOne | 104.900
2017-01-08 16:00:04 | TEMPLOG : Bio   Filter | 044.600
2017-01-08 16:00:04 | TEMPLOG : To   GeoLoop | 044.600
2017-01-08 16:00:04 | TEMPLOG : Table    One | 044.600
2017-01-08 16:01:05 | TEMPLOG : WellhouseOne | 086.000
2017-01-08 16:02:06 | TEMPLOG : WellhouseOne | 077.000
2017-01-08 16:03:07 | TEMPLOG : WellhouseOne | 070.700
2017-01-08 16:03:07 | TEMPLOG : Bio   Filter | 043.700
2017-01-08 16:04:08 | TEMPLOG : WellhouseOne | 068.000
2017-01-08 16:05:09 | TEMPLOG : WellhouseOne | 065.300
2017-01-08 16:06:10 | TEMPLOG : WellhouseOne | 063.500
2017-01-08 16:06:11 | TEMPLOG : Table    One | 043.700
2017-01-08 16:07:11 | TEMPLOG : WellhouseOne | 061.700
2017-01-08 16:08:12 | TEMPLOG : WellhouseOne | 059.900
2017-01-08 16:09:14 | TEMPLOG : WellhouseOne | 059.000
2017-01-08 16:09:15 | TEMPLOG : Bio   Filter | 042.800
2017-01-08 16:09:15 | TEMPLOG : Table    One | 042.800
2017-01-08 16:10:15 | TEMPLOG : WellhouseOne | 058.100
2017-01-08 16:11:16 | TEMPLOG : WellhouseOne | 057.200
2017-01-08 16:12:18 | TEMPLOG : WellhouseOne | 056.300
2017-01-08 16:13:20 | TEMPLOG : Table    One | 041.900
2017-01-08 16:14:20 | TEMPLOG : WellhouseOne | 055.400
2017-01-08 16:14:20 | TEMPLOG : Bio   Filter | 041.900
2017-01-08 16:14:20 | TEMPLOG : To   GeoLoop | 043.700
2017-01-08 16:16:22 | TEMPLOG : WellhouseOne | 054.500
2017-01-08 16:16:23 | TEMPLOG : Table    One | 041.000
2017-01-08 16:17:23 | TEMPLOG : WellhouseOne | 053.600
2017-01-08 16:20:28 | TEMPLOG : Bio   Filter | 041.000
2017-01-08 16:22:31 | TEMPLOG : Table    One | 040.100
2017-01-08 16:24:33 | TEMPLOG : WellhouseOne | 052.700
2017-01-08 16:27:38 | TEMPLOG : WellhouseOne | 051.800
2017-01-08 16:28:39 | TEMPLOG : Bio   Filter | 040.100
2017-01-08 16:31:44 | TEMPLOG : Table    One | 039.200
2017-01-08 16:32:44 | TEMPLOG : WellhouseOne | 108.500
2017-01-08 16:33:45 | TEMPLOG : WellhouseOne | 127.400
2017-01-08 16:34:46 | TEMPLOG : WellhouseOne | 105.800
2017-01-08 16:35:47 | TEMPLOG : WellhouseOne | 087.800
2017-01-08 16:36:48 | TEMPLOG : WellhouseOne | 078.800
2017-01-08 16:37:49 | TEMPLOG : WellhouseOne | 071.600
2017-01-08 16:38:50 | TEMPLOG : WellhouseOne | 067.100
2017-01-08 16:39:52 | TEMPLOG : WellhouseOne | 063.500
2017-01-08 16:39:53 | TEMPLOG : Bio   Filter | 039.200
2017-01-08 16:40:53 | TEMPLOG : WellhouseOne | 061.700
2017-01-08 16:40:54 | TEMPLOG : Table    One | 038.300
2017-01-08 16:41:54 | TEMPLOG : WellhouseOne | 059.900
2017-01-08 16:42:55 | TEMPLOG : WellhouseOne | 058.100
2017-01-08 16:43:56 | TEMPLOG : WellhouseOne | 057.200
2017-01-08 16:44:57 | TEMPLOG : WellhouseOne | 056.300
2017-01-08 16:45:57 | TEMPLOG : WellhouseOne | 055.400
2017-01-08 16:45:57 | TEMPLOG : Bio   Filter | 038.300
2017-01-08 16:45:58 | TEMPLOG : Table    One | 037.400
2017-01-08 16:49:02 | TEMPLOG : WellhouseOne | 054.500
2017-01-08 16:50:03 | TEMPLOG : WellhouseOne | 053.600
2017-01-08 16:51:06 | TEMPLOG : To   GeoLoop | 042.800
2017-01-08 16:52:07 | TEMPLOG : To   GeoLoop | 043.700
2017-01-08 16:53:07 | TEMPLOG : WellhouseOne | 052.700
2017-01-08 16:54:08 | TEMPLOG : To   GeoLoop | 042.800
2017-01-08 16:55:09 | TEMPLOG : Bio   Filter | 037.400
2017-01-08 16:55:09 | TEMPLOG : To   GeoLoop | 043.700
2017-01-08 16:56:10 | TEMPLOG : Bio   Filter | 038.300
2017-01-08 16:57:11 | TEMPLOG : WellhouseOne | 051.800
2017-01-08 16:57:12 | TEMPLOG : Bio   Filter | 037.400
2017-01-08 16:57:12 | TEMPLOG : To   GeoLoop | 042.800
2017-01-08 16:58:13 | TEMPLOG : Table    One | 036.500
2017-01-08 16:59:13 | TEMPLOG : WellhouseOne | 050.900
2017-01-08 16:59:13 | TEMPLOG : Bio   Filter | 038.300
2017-01-08 17:00:15 | TEMPLOG : WellhouseOne | 050.000
2017-01-08 17:00:15 | TEMPLOG : Bio   Filter | 037.400
2017-01-08 17:00:15 | TEMPLOG : To   GeoLoop | 042.800
2017-01-08 17:00:16 | TEMPLOG : Table    One | 036.500
2017-01-08 17:04:23 | TEMPLOG : WellhouseOne | 050.900
2017-01-08 17:05:24 | TEMPLOG : WellhouseOne | 113.000
2017-01-08 17:06:24 | TEMPLOG : WellhouseOne | 131.000
2017-01-08 17:07:26 | TEMPLOG : WellhouseOne | 093.200
2017-01-08 17:08:27 | TEMPLOG : WellhouseOne | 081.500
2017-01-08 17:09:28 | TEMPLOG : WellhouseOne | 074.300
2017-01-08 17:10:29 | TEMPLOG : WellhouseOne | 068.900
2017-01-08 17:11:30 | TEMPLOG : WellhouseOne | 065.300
2017-01-08 17:12:31 | TEMPLOG : WellhouseOne | 062.600
2017-01-08 17:13:31 | TEMPLOG : WellhouseOne | 060.800
2017-01-08 17:14:32 | TEMPLOG : WellhouseOne | 059.000
2017-01-08 17:15:33 | TEMPLOG : WellhouseOne | 058.100
2017-01-08 17:16:35 | TEMPLOG : WellhouseOne | 057.200
2017-01-08 17:17:37 | TEMPLOG : WellhouseOne | 056.300
2017-01-08 17:18:38 | TEMPLOG : WellhouseOne | 055.400
2017-01-08 17:20:40 | TEMPLOG : WellhouseOne | 054.500
2017-01-08 17:22:43 | TEMPLOG : WellhouseOne | 053.600
2017-01-08 17:25:46 | TEMPLOG : WellhouseOne | 052.700
2017-01-08 17:27:49 | TEMPLOG : WellhouseOne | 051.800
2017-01-08 17:30:53 | TEMPLOG : WellhouseOne | 050.900
2017-01-08 17:34:59 | TEMPLOG : WellhouseOne | 050.000
2017-01-08 17:38:03 | TEMPLOG : WellhouseOne | 090.500
2017-01-08 17:39:05 | TEMPLOG : WellhouseOne | 122.000
2017-01-08 17:40:06 | TEMPLOG : WellhouseOne | 122.900
2017-01-08 17:41:07 | TEMPLOG : WellhouseOne | 090.500
2017-01-08 17:42:09 | TEMPLOG : WellhouseOne | 078.800
2017-01-08 17:43:10 | TEMPLOG : WellhouseOne | 071.600
2017-01-08 17:44:12 | TEMPLOG : WellhouseOne | 067.100
2017-01-08 17:45:12 | TEMPLOG : WellhouseOne | 063.500
2017-01-08 17:46:13 | TEMPLOG : WellhouseOne | 060.800
2017-01-08 17:47:14 | TEMPLOG : WellhouseOne | 059.000
2017-01-08 17:48:15 | TEMPLOG : WellhouseOne | 058.100
2017-01-08 17:49:16 | TEMPLOG : WellhouseOne | 056.300
2017-01-08 17:49:16 | TEMPLOG : Table    One | 035.600
2017-01-08 17:50:18 | TEMPLOG : Table    One | 036.500
2017-01-08 17:51:18 | TEMPLOG : WellhouseOne | 055.400
2017-01-08 17:51:18 | TEMPLOG : Table    One | 035.600
2017-01-08 17:53:20 | TEMPLOG : WellhouseOne | 054.500
2017-01-08 17:54:23 | TEMPLOG : Bio   Filter | 036.500
2017-01-08 17:55:23 | TEMPLOG : WellhouseOne | 053.600
2017-01-08 17:56:24 | TEMPLOG : WellhouseOne | 052.700
2017-01-08 17:57:25 | TEMPLOG : WellhouseOne | 051.800
2017-01-08 17:59:27 | TEMPLOG : Bio   Filter | 037.400
2017-01-08 18:00:28 | TEMPLOG : WellhouseOne | 051.800
2017-01-08 18:00:28 | TEMPLOG : Bio   Filter | 036.500
2017-01-08 18:00:29 | TEMPLOG : To   GeoLoop | 042.800
2017-01-08 18:00:29 | TEMPLOG : Table    One | 036.500
2017-01-08 18:01:30 | TEMPLOG : WellhouseOne | 050.900
2017-01-08 18:02:32 | TEMPLOG : Bio   Filter | 037.400
2017-01-08 18:02:32 | TEMPLOG : Table    One | 035.600
2017-01-08 18:03:34 | TEMPLOG : Table    One | 036.500
2017-01-08 18:05:36 | TEMPLOG : WellhouseOne | 050.000
2017-01-08 18:08:39 | TEMPLOG : WellhouseOne | 049.100
2017-01-08 18:10:42 | TEMPLOG : WellhouseOne | 053.600
2017-01-08 18:11:43 | TEMPLOG : WellhouseOne | 112.100
2017-01-08 18:12:45 | TEMPLOG : WellhouseOne | 126.500
2017-01-08 18:13:48 | TEMPLOG : WellhouseOne | 097.700
2017-01-08 18:14:49 | TEMPLOG : WellhouseOne | 081.500
2017-01-08 18:15:50 | TEMPLOG : WellhouseOne | 073.400
2017-01-08 18:16:51 | TEMPLOG : WellhouseOne | 068.900
2017-01-08 18:16:51 | TEMPLOG : Table    One | 035.600
2017-01-08 18:17:52 | TEMPLOG : WellhouseOne | 065.300
2017-01-08 18:18:53 | TEMPLOG : WellhouseOne | 062.600
2017-01-08 18:19:54 | TEMPLOG : WellhouseOne | 060.800
2017-01-08 18:19:54 | TEMPLOG : Bio   Filter | 036.500
2017-01-08 18:20:55 | TEMPLOG : WellhouseOne | 059.000
2017-01-08 18:21:56 | TEMPLOG : WellhouseOne | 058.100
2017-01-08 18:22:57 | TEMPLOG : WellhouseOne | 057.200
2017-01-08 18:23:58 | TEMPLOG : WellhouseOne | 056.300
2017-01-08 18:24:59 | TEMPLOG : WellhouseOne | 055.400
2017-01-08 18:26:01 | TEMPLOG : WellhouseOne | 054.500
2017-01-08 18:27:02 | TEMPLOG : WellhouseOne | 053.600
2017-01-08 18:28:03 | TEMPLOG : WellhouseOne | 052.700
2017-01-08 18:30:05 | TEMPLOG : WellhouseOne | 051.800
2017-01-08 18:34:10 | TEMPLOG : WellhouseOne | 050.900
2017-01-08 18:38:15 | TEMPLOG : WellhouseOne | 050.000
2017-01-08 18:42:18 | TEMPLOG : WellhouseOne | 049.100
2017-01-08 18:43:19 | TEMPLOG : WellhouseOne | 094.100
2017-01-08 18:44:20 | TEMPLOG : WellhouseOne | 122.000
2017-01-08 18:45:22 | TEMPLOG : WellhouseOne | 117.500
2017-01-08 18:46:23 | TEMPLOG : WellhouseOne | 089.600
2017-01-08 18:47:24 | TEMPLOG : WellhouseOne | 078.800
2017-01-08 18:48:25 | TEMPLOG : WellhouseOne | 071.600
2017-01-08 18:49:26 | TEMPLOG : WellhouseOne | 066.200
2017-01-08 18:50:27 | TEMPLOG : WellhouseOne | 063.500
2017-01-08 18:51:28 | TEMPLOG : WellhouseOne | 060.800
2017-01-08 18:52:29 | TEMPLOG : WellhouseOne | 058.100
2017-01-08 18:53:31 | TEMPLOG : WellhouseOne | 057.200
2017-01-08 18:54:32 | TEMPLOG : WellhouseOne | 056.300
2017-01-08 18:55:33 | TEMPLOG : WellhouseOne | 055.400
2017-01-08 18:57:35 | TEMPLOG : WellhouseOne | 054.500
2017-01-08 18:58:36 | TEMPLOG : WellhouseOne | 053.600
2017-01-08 19:00:40 | TEMPLOG : WellhouseOne | 052.700
2017-01-08 19:00:40 | TEMPLOG : Bio   Filter | 036.500
2017-01-08 19:00:40 | TEMPLOG : To   GeoLoop | 042.800
2017-01-08 19:00:41 | TEMPLOG : Table    One | 035.600
2017-01-08 19:04:43 | TEMPLOG : WellhouseOne | 051.800
2017-01-08 19:06:47 | TEMPLOG : WellhouseOne | 050.900
2017-01-08 19:10:51 | TEMPLOG : WellhouseOne | 050.000
2017-01-08 19:14:55 | TEMPLOG : WellhouseOne | 049.100
2017-01-08 19:15:56 | TEMPLOG : WellhouseOne | 103.100
2017-01-08 19:16:58 | TEMPLOG : WellhouseOne | 122.900
2017-01-08 19:17:59 | TEMPLOG : WellhouseOne | 131.000
2017-01-08 19:19:00 | TEMPLOG : WellhouseOne | 092.300
2017-01-08 19:20:01 | TEMPLOG : WellhouseOne | 080.600
2017-01-08 19:21:03 | TEMPLOG : WellhouseOne | 072.500
2017-01-08 19:22:05 | TEMPLOG : WellhouseOne | 068.000
2017-01-08 19:23:05 | TEMPLOG : WellhouseOne | 065.300
2017-01-08 19:24:06 | TEMPLOG : WellhouseOne | 062.600
2017-01-08 19:25:07 | TEMPLOG : WellhouseOne | 060.800
2017-01-08 19:26:08 | TEMPLOG : WellhouseOne | 059.000
2017-01-08 19:26:09 | TEMPLOG : Table    One | 034.700
2017-01-08 19:27:09 | TEMPLOG : WellhouseOne | 057.200
2017-01-08 19:28:10 | TEMPLOG : WellhouseOne | 056.300
2017-01-08 19:29:11 | TEMPLOG : WellhouseOne | 055.400
2017-01-08 19:30:12 | TEMPLOG : WellhouseOne | 054.500
2017-01-08 19:31:14 | TEMPLOG : WellhouseOne | 053.600
2017-01-08 19:31:14 | TEMPLOG : Bio   Filter | 035.600
2017-01-08 19:32:15 | TEMPLOG : Bio   Filter | 036.500
2017-01-08 19:33:17 | TEMPLOG : Bio   Filter | 035.600
2017-01-08 19:34:17 | TEMPLOG : WellhouseOne | 052.700
2017-01-08 19:36:20 | TEMPLOG : WellhouseOne | 051.800
2017-01-08 19:40:24 | TEMPLOG : WellhouseOne | 050.900
2017-01-08 19:40:25 | TEMPLOG : Table    One | 033.800
2017-01-08 19:42:28 | TEMPLOG : WellhouseOne | 050.000
2017-01-08 19:43:30 | TEMPLOG : Bio   Filter | 034.700
2017-01-08 19:45:31 | TEMPLOG : WellhouseOne | 049.100
2017-01-08 19:45:32 | TEMPLOG : Bio   Filter | 035.600
2017-01-08 19:47:34 | TEMPLOG : Bio   Filter | 034.700
2017-01-08 19:48:36 | TEMPLOG : WellhouseOne | 094.100
2017-01-08 19:49:37 | TEMPLOG : WellhouseOne | 121.100
2017-01-08 19:50:39 | TEMPLOG : WellhouseOne | 132.800
2017-01-08 19:51:40 | TEMPLOG : WellhouseOne | 092.300
2017-01-08 19:52:41 | TEMPLOG : WellhouseOne | 081.500
2017-01-08 19:53:42 | TEMPLOG : WellhouseOne | 073.400
2017-01-08 19:53:42 | TEMPLOG : To   GeoLoop | 041.900
2017-01-08 19:54:43 | TEMPLOG : WellhouseOne | 068.900
2017-01-08 19:55:43 | TEMPLOG : WellhouseOne | 064.400
2017-01-08 19:55:44 | TEMPLOG : To   GeoLoop | 042.800
2017-01-08 19:56:44 | TEMPLOG : WellhouseOne | 061.700
2017-01-08 19:56:45 | TEMPLOG : To   GeoLoop | 041.900
2017-01-08 19:57:46 | TEMPLOG : WellhouseOne | 059.900
2017-01-08 19:57:47 | TEMPLOG : To   GeoLoop | 042.800
2017-01-08 19:58:47 | TEMPLOG : WellhouseOne | 058.100
2017-01-08 19:58:48 | TEMPLOG : To   GeoLoop | 041.900
2017-01-08 19:59:49 | TEMPLOG : WellhouseOne | 056.300
2017-01-08 20:00:50 | TEMPLOG : WellhouseOne | 055.400
2017-01-08 20:00:50 | TEMPLOG : Bio   Filter | 034.700
2017-01-08 20:00:50 | TEMPLOG : To   GeoLoop | 041.900
2017-01-08 20:00:51 | TEMPLOG : Table    One | 033.800
2017-01-08 20:02:52 | TEMPLOG : WellhouseOne | 054.500
2017-01-08 20:03:53 | TEMPLOG : WellhouseOne | 053.600
2017-01-08 20:03:54 | TEMPLOG : To   GeoLoop | 042.800
2017-01-08 20:04:55 | TEMPLOG : To   GeoLoop | 041.900
2017-01-08 20:05:56 | TEMPLOG : WellhouseOne | 052.700
2017-01-08 20:07:58 | TEMPLOG : WellhouseOne | 051.800
2017-01-08 20:10:00 | TEMPLOG : WellhouseOne | 050.900
2017-01-08 20:12:02 | TEMPLOG : WellhouseOne | 050.000
2017-01-08 20:12:03 | TEMPLOG : To   GeoLoop | 042.800
2017-01-08 20:14:05 | TEMPLOG : To   GeoLoop | 041.900
2017-01-08 20:15:06 | TEMPLOG : Bio   Filter | 035.600
2017-01-08 20:15:06 | TEMPLOG : To   GeoLoop | 042.800
2017-01-08 20:18:08 | TEMPLOG : WellhouseOne | 049.100
2017-01-08 20:21:13 | TEMPLOG : WellhouseOne | 109.400
2017-01-08 20:22:14 | TEMPLOG : WellhouseOne | 125.600
2017-01-08 20:23:15 | TEMPLOG : WellhouseOne | 104.000
2017-01-08 20:23:16 | TEMPLOG : Table    One | 034.700
2017-01-08 20:24:16 | TEMPLOG : WellhouseOne | 086.000
2017-01-08 20:25:18 | TEMPLOG : WellhouseOne | 075.200
2017-01-08 20:26:20 | TEMPLOG : WellhouseOne | 069.800
2017-01-08 20:27:21 | TEMPLOG : WellhouseOne | 066.200
2017-01-08 20:27:22 | TEMPLOG : Table    One | 033.800
2017-01-08 20:28:22 | TEMPLOG : WellhouseOne | 062.600
2017-01-08 20:28:22 | TEMPLOG : To   GeoLoop | 041.900
2017-01-08 20:28:23 | TEMPLOG : Table    One | 034.700
2017-01-08 20:29:23 | TEMPLOG : WellhouseOne | 059.900
2017-01-08 20:29:23 | TEMPLOG : To   GeoLoop | 042.800
2017-01-08 20:30:24 | TEMPLOG : WellhouseOne | 058.100
2017-01-08 20:30:25 | TEMPLOG : Table    One | 033.800
2017-01-08 20:31:25 | TEMPLOG : WellhouseOne | 057.200
2017-01-08 20:32:26 | TEMPLOG : WellhouseOne | 055.400
2017-01-08 20:33:28 | TEMPLOG : WellhouseOne | 054.500
2017-01-08 20:34:29 | TEMPLOG : WellhouseOne | 053.600
2017-01-08 20:34:29 | TEMPLOG : Bio   Filter | 034.700
2017-01-08 20:34:30 | TEMPLOG : To   GeoLoop | 041.900
2017-01-08 20:36:31 | TEMPLOG : WellhouseOne | 052.700
2017-01-08 20:37:33 | TEMPLOG : To   GeoLoop | 042.800
2017-01-08 20:38:33 | TEMPLOG : WellhouseOne | 051.800
2017-01-08 20:38:34 | TEMPLOG : To   GeoLoop | 041.900
2017-01-08 20:40:35 | TEMPLOG : WellhouseOne | 050.900
2017-01-08 20:42:37 | TEMPLOG : WellhouseOne | 050.000
2017-01-08 20:45:42 | TEMPLOG : WellhouseOne | 049.100
2017-01-08 20:49:47 | TEMPLOG : WellhouseOne | 048.200
2017-01-08 20:51:50 | TEMPLOG : WellhouseOne | 103.100
2017-01-08 20:52:50 | TEMPLOG : WellhouseOne | 122.000
2017-01-08 20:53:51 | TEMPLOG : WellhouseOne | 130.100
2017-01-08 20:54:52 | TEMPLOG : WellhouseOne | 096.800
2017-01-08 20:55:54 | TEMPLOG : WellhouseOne | 081.500
2017-01-08 20:56:55 | TEMPLOG : WellhouseOne | 073.400
2017-01-08 20:57:56 | TEMPLOG : WellhouseOne | 068.000
2017-01-08 20:58:57 | TEMPLOG : WellhouseOne | 064.400
2017-01-08 20:59:57 | TEMPLOG : WellhouseOne | 061.700
2017-01-08 21:00:59 | TEMPLOG : WellhouseOne | 059.900
2017-01-08 21:02:01 | TEMPLOG : WellhouseOne | 058.100
2017-01-08 21:03:01 | TEMPLOG : WellhouseOne | 056.300
2017-01-08 21:04:03 | TEMPLOG : WellhouseOne | 055.400
2017-01-08 21:05:04 | TEMPLOG : WellhouseOne | 054.500
2017-01-08 21:06:05 | TEMPLOG : WellhouseOne | 053.600
2017-01-08 21:08:07 | TEMPLOG : WellhouseOne | 052.700
2017-01-08 21:10:09 | TEMPLOG : WellhouseOne | 051.800
2017-01-08 21:11:10 | TEMPLOG : WellhouseOne | 050.900
2017-01-08 21:13:12 | TEMPLOG : WellhouseOne | 050.000
2017-01-08 21:16:15 | TEMPLOG : WellhouseOne | 049.100
2017-01-08 21:22:22 | TEMPLOG : WellhouseOne | 057.200
2017-01-08 21:23:24 | TEMPLOG : WellhouseOne | 112.100
2017-01-08 21:24:26 | TEMPLOG : WellhouseOne | 128.300
2017-01-08 21:25:28 | TEMPLOG : WellhouseOne | 097.700
2017-01-08 21:26:29 | TEMPLOG : WellhouseOne | 083.300
2017-01-08 21:27:30 | TEMPLOG : WellhouseOne | 075.200
2017-01-08 21:27:31 | TEMPLOG : Bio   Filter | 035.600
2017-01-08 21:28:32 | TEMPLOG : WellhouseOne | 068.000
2017-01-08 21:28:33 | TEMPLOG : Bio   Filter | 034.700
2017-01-08 21:29:34 | TEMPLOG : WellhouseOne | 064.400
2017-01-08 21:30:35 | TEMPLOG : WellhouseOne | 060.800
2017-01-08 21:31:36 | TEMPLOG : WellhouseOne | 059.000
2017-01-08 21:32:38 | TEMPLOG : WellhouseOne | 057.200
2017-01-08 21:33:39 | TEMPLOG : WellhouseOne | 055.400
2017-01-08 21:34:40 | TEMPLOG : WellhouseOne | 054.500
2017-01-08 21:35:41 | TEMPLOG : WellhouseOne | 052.700
2017-01-08 21:36:42 | TEMPLOG : WellhouseOne | 051.800
2017-01-08 21:39:45 | TEMPLOG : WellhouseOne | 050.900
2017-01-08 21:40:47 | TEMPLOG : WellhouseOne | 050.000
2017-01-08 21:41:50 | TEMPLOG : Table    One | 032.900
2017-01-08 21:42:51 | TEMPLOG : WellhouseOne | 049.100
2017-01-08 21:42:52 | TEMPLOG : Table    One | 033.800
2017-01-08 21:44:55 | TEMPLOG : Table    One | 032.900
2017-01-08 21:45:55 | TEMPLOG : WellhouseOne | 048.200
2017-01-08 21:45:55 | TEMPLOG : Bio   Filter | 033.800
2017-01-08 21:48:58 | TEMPLOG : WellhouseOne | 047.300
2017-01-08 21:50:00 | TEMPLOG : WellhouseOne | 046.400
2017-01-08 21:52:02 | TEMPLOG : WellhouseOne | 104.000
2017-01-08 21:53:03 | TEMPLOG : WellhouseOne | 122.900
2017-01-08 21:54:06 | TEMPLOG : WellhouseOne | 131.900
2017-01-08 21:55:07 | TEMPLOG : WellhouseOne | 100.400
2017-01-08 21:56:09 | TEMPLOG : WellhouseOne | 081.500
2017-01-08 21:57:10 | TEMPLOG : WellhouseOne | 071.600
2017-01-08 21:58:11 | TEMPLOG : WellhouseOne | 067.100
2017-01-08 21:59:12 | TEMPLOG : WellhouseOne | 063.500
2017-01-08 22:00:14 | TEMPLOG : WellhouseOne | 059.000
2017-01-08 22:00:14 | TEMPLOG : Bio   Filter | 033.800
2017-01-08 22:00:14 | TEMPLOG : To   GeoLoop | 041.900
2017-01-08 22:00:15 | TEMPLOG : Table    One | 032.900
2017-01-08 22:01:15 | TEMPLOG : WellhouseOne | 057.200
2017-01-08 22:02:16 | TEMPLOG : WellhouseOne | 055.400
2017-01-08 22:03:17 | TEMPLOG : WellhouseOne | 054.500
2017-01-08 22:04:18 | TEMPLOG : WellhouseOne | 052.700
2017-01-08 22:05:20 | TEMPLOG : WellhouseOne | 051.800
2017-01-08 22:07:21 | TEMPLOG : WellhouseOne | 050.900
2017-01-08 22:08:23 | TEMPLOG : Bio   Filter | 032.900
2017-01-08 22:09:24 | TEMPLOG : WellhouseOne | 050.000
2017-01-08 22:09:25 | TEMPLOG : Bio   Filter | 033.800
2017-01-08 22:11:26 | TEMPLOG : WellhouseOne | 049.100
2017-01-08 22:11:26 | TEMPLOG : Bio   Filter | 032.900
2017-01-08 22:15:32 | TEMPLOG : WellhouseOne | 048.200
2017-01-08 22:18:35 | TEMPLOG : WellhouseOne | 046.400
2017-01-08 22:20:38 | TEMPLOG : WellhouseOne | 082.400
2017-01-08 22:21:39 | TEMPLOG : WellhouseOne | 118.400
2017-01-08 22:22:40 | TEMPLOG : WellhouseOne | 129.200
2017-01-08 22:23:42 | TEMPLOG : WellhouseOne | 117.500
2017-01-08 22:24:43 | TEMPLOG : WellhouseOne | 089.600
2017-01-08 22:25:44 | TEMPLOG : WellhouseOne | 078.800
2017-01-08 22:26:45 | TEMPLOG : WellhouseOne | 071.600
2017-01-08 22:27:47 | TEMPLOG : WellhouseOne | 066.200
2017-01-08 22:28:50 | TEMPLOG : WellhouseOne | 062.600
2017-01-08 22:29:51 | TEMPLOG : WellhouseOne | 059.900
2017-01-08 22:30:52 | TEMPLOG : WellhouseOne | 058.100
2017-01-08 22:31:53 | TEMPLOG : WellhouseOne | 056.300
2017-01-08 22:32:55 | TEMPLOG : WellhouseOne | 054.500
2017-01-08 22:33:56 | TEMPLOG : WellhouseOne | 053.600
2017-01-08 22:34:57 | TEMPLOG : WellhouseOne | 052.700
2017-01-08 22:35:58 | TEMPLOG : WellhouseOne | 051.800
2017-01-08 22:35:59 | TEMPLOG : To   GeoLoop | 041.000
2017-01-08 22:37:00 | TEMPLOG : WellhouseOne | 050.900
2017-01-08 22:37:00 | TEMPLOG : To   GeoLoop | 041.900
2017-01-08 22:38:01 | TEMPLOG : To   GeoLoop | 041.000
2017-01-08 22:39:02 | TEMPLOG : WellhouseOne | 050.000
2017-01-08 22:41:05 | TEMPLOG : WellhouseOne | 049.100
2017-01-08 22:45:11 | TEMPLOG : WellhouseOne | 048.200
2017-01-08 22:49:15 | TEMPLOG : WellhouseOne | 047.300
2017-01-08 22:50:17 | TEMPLOG : WellhouseOne | 066.200
2017-01-08 22:51:18 | TEMPLOG : WellhouseOne | 113.000
2017-01-08 22:52:19 | TEMPLOG : WellhouseOne | 124.700
2017-01-08 22:53:20 | TEMPLOG : WellhouseOne | 133.700
2017-01-08 22:54:21 | TEMPLOG : WellhouseOne | 096.800
2017-01-08 22:55:22 | TEMPLOG : WellhouseOne | 083.300
2017-01-08 22:56:23 | TEMPLOG : WellhouseOne | 074.300
2017-01-08 22:57:25 | TEMPLOG : WellhouseOne | 068.900
2017-01-08 22:58:26 | TEMPLOG : WellhouseOne | 065.300
2017-01-08 22:59:27 | TEMPLOG : WellhouseOne | 060.800
2017-01-08 23:00:28 | TEMPLOG : WellhouseOne | 059.000
2017-01-08 23:00:29 | TEMPLOG : To   GeoLoop | 041.000
2017-01-08 23:01:29 | TEMPLOG : WellhouseOne | 057.200
2017-01-08 23:02:30 | TEMPLOG : WellhouseOne | 056.300
2017-01-08 23:03:31 | TEMPLOG : WellhouseOne | 054.500
2017-01-08 23:04:33 | TEMPLOG : WellhouseOne | 052.700
2017-01-08 23:06:35 | TEMPLOG : WellhouseOne | 051.800
2017-01-08 23:07:36 | TEMPLOG : WellhouseOne | 050.900
2017-01-08 23:09:39 | TEMPLOG : WellhouseOne | 050.000
2017-01-08 23:12:43 | TEMPLOG : WellhouseOne | 049.100
2017-01-08 23:13:44 | TEMPLOG : WellhouseOne | 048.200
2017-01-08 23:17:50 | TEMPLOG : WellhouseOne | 047.300
2017-01-08 23:20:54 | TEMPLOG : WellhouseOne | 104.900
2017-01-08 23:21:55 | TEMPLOG : WellhouseOne | 122.000
2017-01-08 23:22:55 | TEMPLOG : WellhouseOne | 130.100
2017-01-08 23:22:56 | TEMPLOG : Table    One | 031.100
2017-01-08 23:23:56 | TEMPLOG : WellhouseOne | 116.600
2017-01-08 23:24:57 | TEMPLOG : WellhouseOne | 090.500
2017-01-08 23:25:58 | TEMPLOG : WellhouseOne | 079.700
2017-01-08 23:26:59 | TEMPLOG : WellhouseOne | 072.500
2017-01-08 23:28:01 | TEMPLOG : WellhouseOne | 067.100
2017-01-08 23:29:02 | TEMPLOG : WellhouseOne | 063.500
2017-01-08 23:30:03 | TEMPLOG : WellhouseOne | 060.800
2017-01-08 23:31:05 | TEMPLOG : WellhouseOne | 057.200
2017-01-08 23:32:06 | TEMPLOG : WellhouseOne | 055.400
2017-01-08 23:33:08 | TEMPLOG : WellhouseOne | 054.500
2017-01-08 23:34:09 | TEMPLOG : WellhouseOne | 053.600
2017-01-08 23:35:11 | TEMPLOG : WellhouseOne | 052.700
2017-01-08 23:36:12 | TEMPLOG : WellhouseOne | 051.800
2017-01-08 23:37:14 | TEMPLOG : WellhouseOne | 050.900
2017-01-08 23:38:15 | TEMPLOG : WellhouseOne | 050.000
2017-01-08 23:41:18 | TEMPLOG : WellhouseOne | 049.100
2017-01-08 23:43:20 | TEMPLOG : WellhouseOne | 048.200
2017-01-08 23:45:23 | TEMPLOG : WellhouseOne | 047.300
2017-01-08 23:48:27 | TEMPLOG : WellhouseOne | 046.400
2017-01-08 23:50:29 | TEMPLOG : WellhouseOne | 103.100
2017-01-08 23:51:30 | TEMPLOG : WellhouseOne | 121.100
2017-01-08 23:52:31 | TEMPLOG : WellhouseOne | 129.200
2017-01-08 23:53:32 | TEMPLOG : WellhouseOne | 122.900
2017-01-08 23:54:34 | TEMPLOG : WellhouseOne | 091.400
2017-01-08 23:55:35 | TEMPLOG : WellhouseOne | 079.700
2017-01-08 23:56:37 | TEMPLOG : WellhouseOne | 071.600
2017-01-08 23:57:38 | TEMPLOG : WellhouseOne | 067.100
2017-01-08 23:58:39 | TEMPLOG : WellhouseOne | 062.600
2017-01-08 23:58:39 | TEMPLOG : Bio   Filter | 031.100
2017-01-08 23:59:40 | TEMPLOG : WellhouseOne | 059.000
