2017-02-15 00:00:01 | TEMPLOG : WellhouseOne | 050.000
2017-02-15 00:00:02 | TEMPLOG : Bio   Filter | 037.400
2017-02-15 00:00:02 | TEMPLOG : To   GeoLoop | 050.900
2017-02-15 00:00:03 | TEMPLOG : Table    One | 037.400
2017-02-15 00:02:05 | TEMPLOG : WellhouseOne | 049.100
2017-02-15 00:04:07 | TEMPLOG : WellhouseOne | 048.200
2017-02-15 00:07:13 | TEMPLOG : WellhouseOne | 047.300
2017-02-15 00:11:20 | TEMPLOG : WellhouseOne | 081.500
2017-02-15 00:12:21 | TEMPLOG : WellhouseOne | 115.700
2017-02-15 00:13:23 | TEMPLOG : WellhouseOne | 128.300
2017-02-15 00:14:24 | TEMPLOG : WellhouseOne | 093.200
2017-02-15 00:15:26 | TEMPLOG : WellhouseOne | 078.800
2017-02-15 00:16:27 | TEMPLOG : WellhouseOne | 071.600
2017-02-15 00:17:28 | TEMPLOG : WellhouseOne | 067.100
2017-02-15 00:18:29 | TEMPLOG : WellhouseOne | 064.400
2017-02-15 00:19:30 | TEMPLOG : WellhouseOne | 060.800
2017-02-15 00:20:31 | TEMPLOG : WellhouseOne | 058.100
2017-02-15 00:21:34 | TEMPLOG : WellhouseOne | 055.400
2017-02-15 00:22:35 | TEMPLOG : WellhouseOne | 054.500
2017-02-15 00:23:36 | TEMPLOG : WellhouseOne | 053.600
2017-02-15 00:24:38 | TEMPLOG : WellhouseOne | 052.700
2017-02-15 00:24:38 | TEMPLOG : Bio   Filter | 036.500
2017-02-15 00:25:39 | TEMPLOG : WellhouseOne | 051.800
2017-02-15 00:26:40 | TEMPLOG : WellhouseOne | 050.900
2017-02-15 00:28:43 | TEMPLOG : WellhouseOne | 050.000
2017-02-15 00:29:46 | TEMPLOG : WellhouseOne | 049.100
2017-02-15 00:32:50 | TEMPLOG : WellhouseOne | 048.200
2017-02-15 00:37:57 | TEMPLOG : WellhouseOne | 047.300
2017-02-15 00:39:59 | TEMPLOG : To   GeoLoop | 050.000
2017-02-15 00:41:00 | TEMPLOG : WellhouseOne | 103.100
2017-02-15 00:42:01 | TEMPLOG : WellhouseOne | 123.800
2017-02-15 00:43:03 | TEMPLOG : WellhouseOne | 101.300
2017-02-15 00:44:04 | TEMPLOG : WellhouseOne | 079.700
2017-02-15 00:45:05 | TEMPLOG : WellhouseOne | 071.600
2017-02-15 00:46:05 | TEMPLOG : WellhouseOne | 067.100
2017-02-15 00:47:06 | TEMPLOG : WellhouseOne | 063.500
2017-02-15 00:48:07 | TEMPLOG : WellhouseOne | 060.800
2017-02-15 00:49:09 | TEMPLOG : WellhouseOne | 057.200
2017-02-15 00:50:10 | TEMPLOG : WellhouseOne | 056.300
2017-02-15 00:51:12 | TEMPLOG : WellhouseOne | 054.500
2017-02-15 00:52:13 | TEMPLOG : WellhouseOne | 053.600
2017-02-15 00:53:14 | TEMPLOG : WellhouseOne | 052.700
2017-02-15 00:54:15 | TEMPLOG : WellhouseOne | 051.800
2017-02-15 00:54:16 | TEMPLOG : Table    One | 036.500
2017-02-15 00:55:17 | TEMPLOG : WellhouseOne | 050.900
2017-02-15 00:55:18 | TEMPLOG : Table    One | 037.400
2017-02-15 00:56:18 | TEMPLOG : WellhouseOne | 050.000
2017-02-15 00:56:19 | TEMPLOG : Table    One | 036.500
2017-02-15 00:57:20 | TEMPLOG : Table    One | 037.400
2017-02-15 00:58:20 | TEMPLOG : WellhouseOne | 049.100
2017-02-15 00:58:21 | TEMPLOG : Table    One | 036.500
2017-02-15 01:00:24 | TEMPLOG : WellhouseOne | 049.100
2017-02-15 01:00:24 | TEMPLOG : Bio   Filter | 036.500
2017-02-15 01:00:25 | TEMPLOG : To   GeoLoop | 050.000
2017-02-15 01:00:25 | TEMPLOG : Table    One | 036.500
2017-02-15 01:01:25 | TEMPLOG : WellhouseOne | 048.200
2017-02-15 01:04:29 | TEMPLOG : WellhouseOne | 047.300
2017-02-15 01:08:34 | TEMPLOG : WellhouseOne | 046.400
2017-02-15 01:09:36 | TEMPLOG : WellhouseOne | 097.700
2017-02-15 01:10:37 | TEMPLOG : WellhouseOne | 119.300
2017-02-15 01:11:39 | TEMPLOG : WellhouseOne | 130.100
2017-02-15 01:12:40 | TEMPLOG : WellhouseOne | 121.100
2017-02-15 01:13:41 | TEMPLOG : WellhouseOne | 089.600
2017-02-15 01:14:43 | TEMPLOG : WellhouseOne | 078.800
2017-02-15 01:15:44 | TEMPLOG : WellhouseOne | 071.600
2017-02-15 01:16:45 | TEMPLOG : WellhouseOne | 067.100
2017-02-15 01:17:46 | TEMPLOG : WellhouseOne | 063.500
2017-02-15 01:18:46 | TEMPLOG : WellhouseOne | 059.900
2017-02-15 01:19:48 | TEMPLOG : WellhouseOne | 058.100
2017-02-15 01:20:49 | TEMPLOG : WellhouseOne | 056.300
2017-02-15 01:21:50 | TEMPLOG : WellhouseOne | 055.400
2017-02-15 01:22:51 | TEMPLOG : WellhouseOne | 053.600
2017-02-15 01:23:52 | TEMPLOG : WellhouseOne | 052.700
2017-02-15 01:24:53 | TEMPLOG : WellhouseOne | 051.800
2017-02-15 01:25:54 | TEMPLOG : WellhouseOne | 050.900
2017-02-15 01:26:56 | TEMPLOG : Bio   Filter | 035.600
2017-02-15 01:27:58 | TEMPLOG : WellhouseOne | 050.000
2017-02-15 01:29:01 | TEMPLOG : WellhouseOne | 049.100
2017-02-15 01:30:02 | TEMPLOG : WellhouseOne | 048.200
2017-02-15 01:30:03 | TEMPLOG : To   GeoLoop | 049.100
2017-02-15 01:31:04 | TEMPLOG : To   GeoLoop | 050.000
2017-02-15 01:33:06 | TEMPLOG : To   GeoLoop | 049.100
2017-02-15 01:34:06 | TEMPLOG : WellhouseOne | 047.300
2017-02-15 01:34:07 | TEMPLOG : To   GeoLoop | 050.000
2017-02-15 01:35:08 | TEMPLOG : To   GeoLoop | 049.100
2017-02-15 01:38:11 | TEMPLOG : WellhouseOne | 046.400
2017-02-15 01:39:12 | TEMPLOG : WellhouseOne | 061.700
2017-02-15 01:40:13 | TEMPLOG : WellhouseOne | 110.300
2017-02-15 01:41:15 | TEMPLOG : WellhouseOne | 124.700
2017-02-15 01:42:15 | TEMPLOG : WellhouseOne | 130.100
2017-02-15 01:43:17 | TEMPLOG : WellhouseOne | 088.700
2017-02-15 01:44:17 | TEMPLOG : WellhouseOne | 077.900
2017-02-15 01:45:18 | TEMPLOG : WellhouseOne | 071.600
2017-02-15 01:46:19 | TEMPLOG : WellhouseOne | 066.200
2017-02-15 01:47:21 | TEMPLOG : WellhouseOne | 060.800
2017-02-15 01:48:22 | TEMPLOG : WellhouseOne | 059.000
2017-02-15 01:49:24 | TEMPLOG : WellhouseOne | 057.200
2017-02-15 01:50:25 | TEMPLOG : WellhouseOne | 055.400
2017-02-15 01:51:26 | TEMPLOG : WellhouseOne | 054.500
2017-02-15 01:52:27 | TEMPLOG : WellhouseOne | 052.700
2017-02-15 01:53:28 | TEMPLOG : WellhouseOne | 051.800
2017-02-15 01:54:31 | TEMPLOG : WellhouseOne | 050.900
2017-02-15 01:56:33 | TEMPLOG : WellhouseOne | 050.000
2017-02-15 01:58:35 | TEMPLOG : WellhouseOne | 049.100
2017-02-15 01:59:36 | TEMPLOG : WellhouseOne | 048.200
2017-02-15 02:00:38 | TEMPLOG : WellhouseOne | 048.200
2017-02-15 02:00:38 | TEMPLOG : Bio   Filter | 035.600
2017-02-15 02:00:38 | TEMPLOG : To   GeoLoop | 049.100
2017-02-15 02:00:38 | TEMPLOG : Table    One | 036.500
2017-02-15 02:03:40 | TEMPLOG : WellhouseOne | 047.300
2017-02-15 02:03:41 | TEMPLOG : Table    One | 035.600
2017-02-15 02:08:46 | TEMPLOG : WellhouseOne | 079.700
2017-02-15 02:09:47 | TEMPLOG : WellhouseOne | 114.800
2017-02-15 02:10:48 | TEMPLOG : WellhouseOne | 127.400
2017-02-15 02:11:49 | TEMPLOG : WellhouseOne | 099.500
2017-02-15 02:12:51 | TEMPLOG : WellhouseOne | 080.600
2017-02-15 02:13:53 | TEMPLOG : WellhouseOne | 072.500
2017-02-15 02:14:55 | TEMPLOG : WellhouseOne | 068.000
2017-02-15 02:15:56 | TEMPLOG : WellhouseOne | 063.500
2017-02-15 02:16:57 | TEMPLOG : WellhouseOne | 060.800
2017-02-15 02:17:59 | TEMPLOG : WellhouseOne | 058.100
2017-02-15 02:19:00 | TEMPLOG : WellhouseOne | 056.300
2017-02-15 02:20:01 | TEMPLOG : WellhouseOne | 054.500
2017-02-15 02:21:02 | TEMPLOG : WellhouseOne | 053.600
2017-02-15 02:22:03 | TEMPLOG : WellhouseOne | 051.800
2017-02-15 02:23:05 | TEMPLOG : Bio   Filter | 034.700
2017-02-15 02:24:06 | TEMPLOG : WellhouseOne | 050.900
2017-02-15 02:25:08 | TEMPLOG : WellhouseOne | 050.000
2017-02-15 02:25:08 | TEMPLOG : Bio   Filter | 035.600
2017-02-15 02:26:09 | TEMPLOG : WellhouseOne | 049.100
2017-02-15 02:28:12 | TEMPLOG : Bio   Filter | 034.700
2017-02-15 02:29:13 | TEMPLOG : WellhouseOne | 048.200
2017-02-15 02:29:13 | TEMPLOG : Bio   Filter | 035.600
2017-02-15 02:32:17 | TEMPLOG : To   GeoLoop | 048.200
2017-02-15 02:33:18 | TEMPLOG : WellhouseOne | 047.300
2017-02-15 02:34:19 | TEMPLOG : To   GeoLoop | 049.100
2017-02-15 02:35:20 | TEMPLOG : WellhouseOne | 046.400
2017-02-15 02:35:20 | TEMPLOG : Bio   Filter | 034.700
2017-02-15 02:35:20 | TEMPLOG : To   GeoLoop | 048.200
2017-02-15 02:36:22 | TEMPLOG : Bio   Filter | 035.600
2017-02-15 02:36:22 | TEMPLOG : To   GeoLoop | 049.100
2017-02-15 02:37:23 | TEMPLOG : WellhouseOne | 047.300
2017-02-15 02:37:23 | TEMPLOG : Bio   Filter | 034.700
2017-02-15 02:37:23 | TEMPLOG : To   GeoLoop | 048.200
2017-02-15 02:38:24 | TEMPLOG : WellhouseOne | 106.700
2017-02-15 02:39:26 | TEMPLOG : WellhouseOne | 124.700
2017-02-15 02:40:27 | TEMPLOG : WellhouseOne | 116.600
2017-02-15 02:41:28 | TEMPLOG : WellhouseOne | 085.100
2017-02-15 02:42:29 | TEMPLOG : WellhouseOne | 074.300
2017-02-15 02:43:30 | TEMPLOG : WellhouseOne | 068.000
2017-02-15 02:44:31 | TEMPLOG : WellhouseOne | 065.300
2017-02-15 02:45:33 | TEMPLOG : WellhouseOne | 061.700
2017-02-15 02:46:34 | TEMPLOG : WellhouseOne | 058.100
2017-02-15 02:47:36 | TEMPLOG : WellhouseOne | 056.300
2017-02-15 02:48:38 | TEMPLOG : WellhouseOne | 054.500
2017-02-15 02:49:39 | TEMPLOG : WellhouseOne | 052.700
2017-02-15 02:50:41 | TEMPLOG : WellhouseOne | 051.800
2017-02-15 02:51:42 | TEMPLOG : WellhouseOne | 050.900
2017-02-15 02:52:44 | TEMPLOG : WellhouseOne | 050.000
2017-02-15 02:52:44 | TEMPLOG : Bio   Filter | 035.600
2017-02-15 02:53:46 | TEMPLOG : Bio   Filter | 034.700
2017-02-15 02:54:47 | TEMPLOG : WellhouseOne | 049.100
2017-02-15 02:56:49 | TEMPLOG : WellhouseOne | 048.200
2017-02-15 02:58:50 | TEMPLOG : WellhouseOne | 047.300
2017-02-15 03:00:53 | TEMPLOG : WellhouseOne | 046.400
2017-02-15 03:00:54 | TEMPLOG : Bio   Filter | 034.700
2017-02-15 03:00:54 | TEMPLOG : To   GeoLoop | 048.200
2017-02-15 03:00:54 | TEMPLOG : Table    One | 035.600
2017-02-15 03:05:59 | TEMPLOG : WellhouseOne | 066.200
2017-02-15 03:07:01 | TEMPLOG : WellhouseOne | 110.300
2017-02-15 03:08:02 | TEMPLOG : WellhouseOne | 124.700
2017-02-15 03:09:03 | TEMPLOG : WellhouseOne | 131.000
2017-02-15 03:10:05 | TEMPLOG : WellhouseOne | 087.800
2017-02-15 03:11:07 | TEMPLOG : WellhouseOne | 076.100
2017-02-15 03:12:08 | TEMPLOG : WellhouseOne | 069.800
2017-02-15 03:13:09 | TEMPLOG : WellhouseOne | 066.200
2017-02-15 03:14:12 | TEMPLOG : WellhouseOne | 062.600
2017-02-15 03:15:13 | TEMPLOG : WellhouseOne | 059.000
2017-02-15 03:15:14 | TEMPLOG : Table    One | 034.700
2017-02-15 03:16:14 | TEMPLOG : WellhouseOne | 057.200
2017-02-15 03:16:15 | TEMPLOG : Table    One | 035.600
2017-02-15 03:17:16 | TEMPLOG : WellhouseOne | 055.400
2017-02-15 03:18:17 | TEMPLOG : WellhouseOne | 054.500
2017-02-15 03:19:18 | TEMPLOG : WellhouseOne | 052.700
2017-02-15 03:19:19 | TEMPLOG : Table    One | 034.700
2017-02-15 03:20:19 | TEMPLOG : WellhouseOne | 051.800
2017-02-15 03:21:20 | TEMPLOG : WellhouseOne | 050.900
2017-02-15 03:21:22 | TEMPLOG : Table    One | 035.600
2017-02-15 03:22:22 | TEMPLOG : WellhouseOne | 050.000
2017-02-15 03:23:25 | TEMPLOG : WellhouseOne | 049.100
2017-02-15 03:23:26 | TEMPLOG : Table    One | 034.700
2017-02-15 03:24:27 | TEMPLOG : Table    One | 035.600
2017-02-15 03:25:28 | TEMPLOG : WellhouseOne | 048.200
2017-02-15 03:26:29 | TEMPLOG : Table    One | 034.700
2017-02-15 03:27:29 | TEMPLOG : WellhouseOne | 047.300
2017-02-15 03:28:31 | TEMPLOG : Table    One | 035.600
2017-02-15 03:29:32 | TEMPLOG : WellhouseOne | 046.400
2017-02-15 03:29:33 | TEMPLOG : Table    One | 034.700
2017-02-15 03:34:39 | TEMPLOG : WellhouseOne | 053.600
2017-02-15 03:35:40 | TEMPLOG : WellhouseOne | 107.600
2017-02-15 03:36:41 | TEMPLOG : WellhouseOne | 123.800
2017-02-15 03:37:42 | TEMPLOG : WellhouseOne | 127.400
2017-02-15 03:38:43 | TEMPLOG : WellhouseOne | 086.900
2017-02-15 03:39:45 | TEMPLOG : WellhouseOne | 074.300
2017-02-15 03:40:45 | TEMPLOG : WellhouseOne | 068.900
2017-02-15 03:41:47 | TEMPLOG : WellhouseOne | 064.400
2017-02-15 03:42:48 | TEMPLOG : WellhouseOne | 061.700
2017-02-15 03:43:49 | TEMPLOG : WellhouseOne | 059.000
2017-02-15 03:43:49 | TEMPLOG : To   GeoLoop | 047.300
2017-02-15 03:44:49 | TEMPLOG : WellhouseOne | 056.300
2017-02-15 03:45:50 | TEMPLOG : WellhouseOne | 054.500
2017-02-15 03:46:52 | TEMPLOG : WellhouseOne | 052.700
2017-02-15 03:47:54 | TEMPLOG : WellhouseOne | 051.800
2017-02-15 03:48:55 | TEMPLOG : WellhouseOne | 050.900
2017-02-15 03:49:56 | TEMPLOG : WellhouseOne | 050.000
2017-02-15 03:50:58 | TEMPLOG : WellhouseOne | 049.100
2017-02-15 03:53:00 | TEMPLOG : WellhouseOne | 048.200
2017-02-15 03:55:03 | TEMPLOG : WellhouseOne | 047.300
2017-02-15 03:58:07 | TEMPLOG : WellhouseOne | 046.400
2017-02-15 04:00:10 | TEMPLOG : WellhouseOne | 045.500
2017-02-15 04:00:11 | TEMPLOG : Bio   Filter | 033.800
2017-02-15 04:00:11 | TEMPLOG : To   GeoLoop | 047.300
2017-02-15 04:00:11 | TEMPLOG : Table    One | 034.700
2017-02-15 04:03:15 | TEMPLOG : WellhouseOne | 086.000
2017-02-15 04:03:15 | TEMPLOG : Bio   Filter | 034.700
2017-02-15 04:04:16 | TEMPLOG : WellhouseOne | 116.600
2017-02-15 04:05:17 | TEMPLOG : WellhouseOne | 127.400
2017-02-15 04:06:18 | TEMPLOG : WellhouseOne | 109.400
2017-02-15 04:06:18 | TEMPLOG : Bio   Filter | 033.800
2017-02-15 04:07:19 | TEMPLOG : WellhouseOne | 083.300
2017-02-15 04:08:20 | TEMPLOG : WellhouseOne | 074.300
2017-02-15 04:08:21 | TEMPLOG : Bio   Filter | 034.700
2017-02-15 04:09:21 | TEMPLOG : WellhouseOne | 068.900
2017-02-15 04:09:22 | TEMPLOG : Bio   Filter | 033.800
2017-02-15 04:10:22 | TEMPLOG : WellhouseOne | 064.400
2017-02-15 04:10:23 | TEMPLOG : Bio   Filter | 034.700
2017-02-15 04:11:23 | TEMPLOG : WellhouseOne | 060.800
2017-02-15 04:12:24 | TEMPLOG : WellhouseOne | 058.100
2017-02-15 04:12:24 | TEMPLOG : Bio   Filter | 033.800
2017-02-15 04:13:25 | TEMPLOG : WellhouseOne | 055.400
2017-02-15 04:14:26 | TEMPLOG : WellhouseOne | 053.600
2017-02-15 04:15:27 | TEMPLOG : WellhouseOne | 052.700
2017-02-15 04:16:28 | TEMPLOG : WellhouseOne | 051.800
2017-02-15 04:17:29 | TEMPLOG : WellhouseOne | 050.900
2017-02-15 04:18:30 | TEMPLOG : WellhouseOne | 050.000
2017-02-15 04:19:32 | TEMPLOG : WellhouseOne | 049.100
2017-02-15 04:21:35 | TEMPLOG : WellhouseOne | 048.200
2017-02-15 04:23:37 | TEMPLOG : WellhouseOne | 047.300
2017-02-15 04:25:40 | TEMPLOG : WellhouseOne | 046.400
2017-02-15 04:28:44 | TEMPLOG : WellhouseOne | 045.500
2017-02-15 04:31:46 | TEMPLOG : WellhouseOne | 090.500
2017-02-15 04:32:47 | TEMPLOG : WellhouseOne | 116.600
2017-02-15 04:33:48 | TEMPLOG : WellhouseOne | 128.300
2017-02-15 04:34:50 | TEMPLOG : WellhouseOne | 113.000
2017-02-15 04:35:51 | TEMPLOG : WellhouseOne | 085.100
2017-02-15 04:36:53 | TEMPLOG : WellhouseOne | 075.200
2017-02-15 04:37:54 | TEMPLOG : WellhouseOne | 068.900
2017-02-15 04:38:56 | TEMPLOG : WellhouseOne | 064.400
2017-02-15 04:39:57 | TEMPLOG : WellhouseOne | 060.800
2017-02-15 04:40:59 | TEMPLOG : WellhouseOne | 058.100
2017-02-15 04:42:00 | TEMPLOG : WellhouseOne | 056.300
2017-02-15 04:43:01 | TEMPLOG : WellhouseOne | 053.600
2017-02-15 04:44:03 | TEMPLOG : WellhouseOne | 052.700
2017-02-15 04:45:04 | TEMPLOG : WellhouseOne | 051.800
2017-02-15 04:46:05 | TEMPLOG : WellhouseOne | 050.900
2017-02-15 04:46:05 | TEMPLOG : To   GeoLoop | 046.400
2017-02-15 04:47:06 | TEMPLOG : WellhouseOne | 050.000
2017-02-15 04:47:06 | TEMPLOG : To   GeoLoop | 047.300
2017-02-15 04:48:07 | TEMPLOG : WellhouseOne | 049.100
2017-02-15 04:49:08 | TEMPLOG : WellhouseOne | 048.200
2017-02-15 04:51:10 | TEMPLOG : WellhouseOne | 047.300
2017-02-15 04:53:12 | TEMPLOG : WellhouseOne | 046.400
2017-02-15 04:53:12 | TEMPLOG : To   GeoLoop | 046.400
2017-02-15 04:56:16 | TEMPLOG : WellhouseOne | 045.500
2017-02-15 05:00:22 | TEMPLOG : WellhouseOne | 100.400
2017-02-15 05:00:22 | TEMPLOG : Bio   Filter | 033.800
2017-02-15 05:00:22 | TEMPLOG : To   GeoLoop | 046.400
2017-02-15 05:00:23 | TEMPLOG : Table    One | 034.700
2017-02-15 05:01:23 | TEMPLOG : WellhouseOne | 118.400
2017-02-15 05:02:24 | TEMPLOG : WellhouseOne | 127.400
2017-02-15 05:02:25 | TEMPLOG : Table    One | 033.800
2017-02-15 05:03:25 | TEMPLOG : WellhouseOne | 094.100
2017-02-15 05:03:28 | TEMPLOG : Table    One | 034.700
2017-02-15 05:04:28 | TEMPLOG : WellhouseOne | 079.700
2017-02-15 05:04:28 | TEMPLOG : Table    One | 033.800
2017-02-15 05:05:29 | TEMPLOG : WellhouseOne | 072.500
2017-02-15 05:05:31 | TEMPLOG : Table    One | 034.700
2017-02-15 05:06:31 | TEMPLOG : WellhouseOne | 066.200
2017-02-15 05:07:32 | TEMPLOG : WellhouseOne | 062.600
2017-02-15 05:08:33 | TEMPLOG : WellhouseOne | 059.000
2017-02-15 05:09:34 | TEMPLOG : WellhouseOne | 056.300
2017-02-15 05:10:35 | TEMPLOG : WellhouseOne | 053.600
2017-02-15 05:10:37 | TEMPLOG : Table    One | 033.800
2017-02-15 05:11:37 | TEMPLOG : WellhouseOne | 052.700
2017-02-15 05:11:39 | TEMPLOG : Table    One | 034.700
2017-02-15 05:12:39 | TEMPLOG : WellhouseOne | 050.900
2017-02-15 05:13:40 | TEMPLOG : WellhouseOne | 050.000
2017-02-15 05:14:41 | TEMPLOG : WellhouseOne | 049.100
2017-02-15 05:14:42 | TEMPLOG : Table    One | 033.800
2017-02-15 05:15:42 | TEMPLOG : WellhouseOne | 048.200
2017-02-15 05:15:43 | TEMPLOG : Table    One | 034.700
2017-02-15 05:17:44 | TEMPLOG : WellhouseOne | 047.300
2017-02-15 05:17:45 | TEMPLOG : Table    One | 033.800
2017-02-15 05:18:47 | TEMPLOG : Table    One | 034.700
2017-02-15 05:19:47 | TEMPLOG : WellhouseOne | 046.400
2017-02-15 05:25:53 | TEMPLOG : WellhouseOne | 045.500
2017-02-15 05:27:55 | TEMPLOG : WellhouseOne | 095.000
2017-02-15 05:28:56 | TEMPLOG : WellhouseOne | 115.700
2017-02-15 05:29:57 | TEMPLOG : WellhouseOne | 125.600
2017-02-15 05:29:58 | TEMPLOG : Table    One | 033.800
2017-02-15 05:30:59 | TEMPLOG : WellhouseOne | 129.200
2017-02-15 05:32:00 | TEMPLOG : WellhouseOne | 094.100
2017-02-15 05:33:02 | TEMPLOG : WellhouseOne | 079.700
2017-02-15 05:34:03 | TEMPLOG : WellhouseOne | 071.600
2017-02-15 05:35:04 | TEMPLOG : WellhouseOne | 067.100
2017-02-15 05:36:06 | TEMPLOG : WellhouseOne | 063.500
2017-02-15 05:37:08 | TEMPLOG : WellhouseOne | 060.800
2017-02-15 05:38:10 | TEMPLOG : WellhouseOne | 058.100
2017-02-15 05:39:11 | TEMPLOG : WellhouseOne | 056.300
2017-02-15 05:40:12 | TEMPLOG : WellhouseOne | 054.500
2017-02-15 05:41:13 | TEMPLOG : WellhouseOne | 053.600
2017-02-15 05:42:15 | TEMPLOG : WellhouseOne | 051.800
2017-02-15 05:44:17 | TEMPLOG : WellhouseOne | 050.900
2017-02-15 05:45:19 | TEMPLOG : WellhouseOne | 050.000
2017-02-15 05:46:20 | TEMPLOG : WellhouseOne | 049.100
2017-02-15 05:47:22 | TEMPLOG : WellhouseOne | 048.200
2017-02-15 05:50:25 | TEMPLOG : WellhouseOne | 047.300
2017-02-15 05:51:28 | TEMPLOG : Bio   Filter | 032.900
2017-02-15 05:52:30 | TEMPLOG : Bio   Filter | 033.800
2017-02-15 05:53:31 | TEMPLOG : Bio   Filter | 032.900
2017-02-15 05:54:32 | TEMPLOG : Bio   Filter | 033.800
2017-02-15 05:55:33 | TEMPLOG : WellhouseOne | 046.400
2017-02-15 05:57:36 | TEMPLOG : WellhouseOne | 095.900
2017-02-15 05:58:39 | TEMPLOG : WellhouseOne | 117.500
2017-02-15 05:59:40 | TEMPLOG : WellhouseOne | 125.600
2017-02-15 06:00:42 | TEMPLOG : WellhouseOne | 115.700
2017-02-15 06:00:42 | TEMPLOG : Bio   Filter | 033.800
2017-02-15 06:00:42 | TEMPLOG : To   GeoLoop | 046.400
2017-02-15 06:00:42 | TEMPLOG : Table    One | 033.800
2017-02-15 06:01:43 | TEMPLOG : WellhouseOne | 085.100
2017-02-15 06:02:43 | TEMPLOG : WellhouseOne | 074.300
2017-02-15 06:03:44 | TEMPLOG : WellhouseOne | 068.900
2017-02-15 06:04:45 | TEMPLOG : WellhouseOne | 063.500
2017-02-15 06:04:45 | TEMPLOG : Bio   Filter | 032.900
2017-02-15 06:05:47 | TEMPLOG : WellhouseOne | 059.900
2017-02-15 06:06:47 | TEMPLOG : WellhouseOne | 057.200
2017-02-15 06:07:48 | TEMPLOG : WellhouseOne | 055.400
2017-02-15 06:07:48 | TEMPLOG : Bio   Filter | 033.800
2017-02-15 06:08:50 | TEMPLOG : WellhouseOne | 054.500
2017-02-15 06:09:51 | TEMPLOG : WellhouseOne | 052.700
2017-02-15 06:10:52 | TEMPLOG : WellhouseOne | 050.900
2017-02-15 06:11:53 | TEMPLOG : WellhouseOne | 050.000
2017-02-15 06:12:56 | TEMPLOG : To   GeoLoop | 045.500
2017-02-15 06:13:56 | TEMPLOG : WellhouseOne | 049.100
2017-02-15 06:13:57 | TEMPLOG : To   GeoLoop | 046.400
2017-02-15 06:14:57 | TEMPLOG : WellhouseOne | 048.200
2017-02-15 06:14:58 | TEMPLOG : To   GeoLoop | 045.500
2017-02-15 06:17:00 | TEMPLOG : WellhouseOne | 047.300
2017-02-15 06:19:03 | TEMPLOG : Bio   Filter | 032.900
2017-02-15 06:22:07 | TEMPLOG : WellhouseOne | 046.400
2017-02-15 06:25:10 | TEMPLOG : WellhouseOne | 045.500
2017-02-15 06:26:10 | TEMPLOG : WellhouseOne | 094.100
2017-02-15 06:27:11 | TEMPLOG : WellhouseOne | 113.900
2017-02-15 06:28:12 | TEMPLOG : WellhouseOne | 122.900
2017-02-15 06:29:13 | TEMPLOG : WellhouseOne | 129.200
2017-02-15 06:30:14 | TEMPLOG : WellhouseOne | 099.500
2017-02-15 06:31:16 | TEMPLOG : WellhouseOne | 082.400
2017-02-15 06:32:17 | TEMPLOG : WellhouseOne | 074.300
2017-02-15 06:33:18 | TEMPLOG : WellhouseOne | 068.000
2017-02-15 06:34:20 | TEMPLOG : WellhouseOne | 063.500
2017-02-15 06:35:21 | TEMPLOG : WellhouseOne | 059.900
2017-02-15 06:36:22 | TEMPLOG : WellhouseOne | 057.200
2017-02-15 06:37:23 | TEMPLOG : WellhouseOne | 055.400
2017-02-15 06:38:25 | TEMPLOG : WellhouseOne | 053.600
2017-02-15 06:39:26 | TEMPLOG : WellhouseOne | 052.700
2017-02-15 06:40:26 | TEMPLOG : WellhouseOne | 051.800
2017-02-15 06:41:27 | TEMPLOG : WellhouseOne | 050.900
2017-02-15 06:42:28 | TEMPLOG : WellhouseOne | 050.000
2017-02-15 06:44:30 | TEMPLOG : WellhouseOne | 049.100
2017-02-15 06:46:34 | TEMPLOG : WellhouseOne | 048.200
2017-02-15 06:47:35 | TEMPLOG : WellhouseOne | 047.300
2017-02-15 06:50:38 | TEMPLOG : WellhouseOne | 046.400
2017-02-15 06:54:43 | TEMPLOG : WellhouseOne | 045.500
2017-02-15 06:55:44 | TEMPLOG : WellhouseOne | 096.800
2017-02-15 06:56:44 | TEMPLOG : WellhouseOne | 115.700
2017-02-15 06:57:46 | TEMPLOG : WellhouseOne | 124.700
2017-02-15 06:58:47 | TEMPLOG : WellhouseOne | 129.200
2017-02-15 06:59:48 | TEMPLOG : WellhouseOne | 090.500
2017-02-15 07:00:49 | TEMPLOG : WellhouseOne | 077.000
2017-02-15 07:00:50 | TEMPLOG : Bio   Filter | 033.800
2017-02-15 07:00:50 | TEMPLOG : To   GeoLoop | 045.500
2017-02-15 07:00:51 | TEMPLOG : Table    One | 033.800
2017-02-15 07:01:51 | TEMPLOG : WellhouseOne | 069.800
2017-02-15 07:01:52 | TEMPLOG : Table    One | 034.700
2017-02-15 07:02:52 | TEMPLOG : WellhouseOne | 066.200
2017-02-15 07:03:54 | TEMPLOG : WellhouseOne | 062.600
2017-02-15 07:03:54 | TEMPLOG : Bio   Filter | 034.700
2017-02-15 07:04:55 | TEMPLOG : WellhouseOne | 059.000
2017-02-15 07:05:56 | TEMPLOG : WellhouseOne | 057.200
2017-02-15 07:06:58 | TEMPLOG : WellhouseOne | 055.400
2017-02-15 07:06:58 | TEMPLOG : Bio   Filter | 035.600
2017-02-15 07:06:59 | TEMPLOG : Table    One | 035.600
2017-02-15 07:07:59 | TEMPLOG : WellhouseOne | 053.600
2017-02-15 07:09:00 | TEMPLOG : WellhouseOne | 052.700
2017-02-15 07:10:01 | TEMPLOG : WellhouseOne | 051.800
2017-02-15 07:10:01 | TEMPLOG : Bio   Filter | 036.500
2017-02-15 07:10:01 | TEMPLOG : To   GeoLoop | 046.400
2017-02-15 07:11:02 | TEMPLOG : WellhouseOne | 050.900
2017-02-15 07:12:04 | TEMPLOG : Table    One | 036.500
2017-02-15 07:13:04 | TEMPLOG : WellhouseOne | 050.000
2017-02-15 07:14:05 | TEMPLOG : Bio   Filter | 037.400
2017-02-15 07:15:06 | TEMPLOG : WellhouseOne | 049.100
2017-02-15 07:16:07 | TEMPLOG : WellhouseOne | 048.200
2017-02-15 07:16:07 | TEMPLOG : Bio   Filter | 038.300
2017-02-15 07:17:10 | TEMPLOG : Table    One | 037.400
2017-02-15 07:19:12 | TEMPLOG : Bio   Filter | 039.200
2017-02-15 07:22:15 | TEMPLOG : WellhouseOne | 047.300
2017-02-15 07:22:16 | TEMPLOG : Bio   Filter | 040.100
2017-02-15 07:22:17 | TEMPLOG : Table    One | 038.300
2017-02-15 07:23:18 | TEMPLOG : To   GeoLoop | 047.300
2017-02-15 07:24:19 | TEMPLOG : Bio   Filter | 041.000
2017-02-15 07:25:19 | TEMPLOG : WellhouseOne | 093.200
2017-02-15 07:25:21 | TEMPLOG : Table    One | 039.200
2017-02-15 07:26:21 | TEMPLOG : WellhouseOne | 110.300
2017-02-15 07:27:22 | TEMPLOG : WellhouseOne | 123.800
2017-02-15 07:27:23 | TEMPLOG : Bio   Filter | 041.900
2017-02-15 07:28:23 | TEMPLOG : WellhouseOne | 120.200
2017-02-15 07:29:24 | TEMPLOG : WellhouseOne | 087.800
2017-02-15 07:29:25 | TEMPLOG : Table    One | 040.100
2017-02-15 07:30:25 | TEMPLOG : WellhouseOne | 077.000
2017-02-15 07:30:26 | TEMPLOG : Bio   Filter | 042.800
2017-02-15 07:31:27 | TEMPLOG : WellhouseOne | 069.800
2017-02-15 07:31:27 | TEMPLOG : Table    One | 041.000
2017-02-15 07:32:27 | TEMPLOG : WellhouseOne | 065.300
2017-02-15 07:33:28 | TEMPLOG : WellhouseOne | 061.700
2017-02-15 07:33:29 | TEMPLOG : Bio   Filter | 043.700
2017-02-15 07:34:30 | TEMPLOG : WellhouseOne | 059.000
2017-02-15 07:35:31 | TEMPLOG : WellhouseOne | 057.200
2017-02-15 07:35:31 | TEMPLOG : To   GeoLoop | 048.200
2017-02-15 07:35:32 | TEMPLOG : Table    One | 041.900
2017-02-15 07:36:32 | TEMPLOG : WellhouseOne | 055.400
2017-02-15 07:36:33 | TEMPLOG : Bio   Filter | 044.600
2017-02-15 07:36:33 | TEMPLOG : To   GeoLoop | 047.300
2017-02-15 07:37:33 | TEMPLOG : WellhouseOne | 054.500
2017-02-15 07:37:34 | TEMPLOG : To   GeoLoop | 048.200
2017-02-15 07:38:34 | TEMPLOG : WellhouseOne | 053.600
2017-02-15 07:38:36 | TEMPLOG : Table    One | 042.800
2017-02-15 07:39:37 | TEMPLOG : WellhouseOne | 052.700
2017-02-15 07:39:37 | TEMPLOG : Bio   Filter | 045.500
2017-02-15 07:40:38 | TEMPLOG : WellhouseOne | 051.800
2017-02-15 07:40:39 | TEMPLOG : Table    One | 043.700
2017-02-15 07:41:39 | TEMPLOG : Bio   Filter | 046.400
2017-02-15 07:42:41 | TEMPLOG : WellhouseOne | 050.900
2017-02-15 07:43:43 | TEMPLOG : Table    One | 044.600
2017-02-15 07:44:43 | TEMPLOG : WellhouseOne | 050.000
2017-02-15 07:44:43 | TEMPLOG : Bio   Filter | 047.300
2017-02-15 07:45:44 | TEMPLOG : Bio   Filter | 048.200
2017-02-15 07:45:44 | TEMPLOG : Table    One | 045.500
2017-02-15 07:46:45 | TEMPLOG : WellhouseOne | 049.100
2017-02-15 07:47:46 | TEMPLOG : Bio   Filter | 049.100
2017-02-15 07:49:50 | TEMPLOG : Table    One | 046.400
2017-02-15 07:50:52 | TEMPLOG : Table    One | 045.500
2017-02-15 07:51:52 | TEMPLOG : WellhouseOne | 048.200
2017-02-15 07:51:53 | TEMPLOG : Bio   Filter | 048.200
2017-02-15 07:52:54 | TEMPLOG : Bio   Filter | 049.100
2017-02-15 07:52:54 | TEMPLOG : Table    One | 047.300
2017-02-15 07:53:55 | TEMPLOG : Bio   Filter | 050.000
2017-02-15 07:53:55 | TEMPLOG : To   GeoLoop | 049.100
2017-02-15 07:53:55 | TEMPLOG : Table    One | 048.200
2017-02-15 07:54:56 | TEMPLOG : Bio   Filter | 050.900
2017-02-15 07:54:57 | TEMPLOG : Table    One | 049.100
2017-02-15 07:55:57 | TEMPLOG : WellhouseOne | 049.100
2017-02-15 07:55:57 | TEMPLOG : Bio   Filter | 052.700
2017-02-15 07:55:59 | TEMPLOG : Table    One | 050.000
2017-02-15 07:56:59 | TEMPLOG : WellhouseOne | 098.600
2017-02-15 07:58:01 | TEMPLOG : WellhouseOne | 114.800
2017-02-15 07:58:01 | TEMPLOG : Bio   Filter | 054.500
2017-02-15 07:58:02 | TEMPLOG : Table    One | 050.900
2017-02-15 07:59:02 | TEMPLOG : WellhouseOne | 125.600
2017-02-15 07:59:02 | TEMPLOG : Bio   Filter | 055.400
2017-02-15 08:00:03 | TEMPLOG : WellhouseOne | 094.100
2017-02-15 08:00:04 | TEMPLOG : Bio   Filter | 056.300
2017-02-15 08:00:04 | TEMPLOG : To   GeoLoop | 049.100
2017-02-15 08:00:04 | TEMPLOG : Table    One | 051.800
2017-02-15 08:01:04 | TEMPLOG : WellhouseOne | 078.800
2017-02-15 08:01:05 | TEMPLOG : Bio   Filter | 057.200
2017-02-15 08:02:06 | TEMPLOG : WellhouseOne | 071.600
2017-02-15 08:02:06 | TEMPLOG : Bio   Filter | 058.100
2017-02-15 08:03:07 | TEMPLOG : WellhouseOne | 068.000
2017-02-15 08:03:07 | TEMPLOG : Bio   Filter | 059.000
2017-02-15 08:04:08 | TEMPLOG : WellhouseOne | 064.400
2017-02-15 08:04:08 | TEMPLOG : Bio   Filter | 059.900
2017-02-15 08:05:10 | TEMPLOG : WellhouseOne | 061.700
2017-02-15 08:05:10 | TEMPLOG : Bio   Filter | 060.800
2017-02-15 08:06:10 | TEMPLOG : WellhouseOne | 059.000
2017-02-15 08:07:11 | TEMPLOG : WellhouseOne | 058.100
2017-02-15 08:07:11 | TEMPLOG : Bio   Filter | 061.700
2017-02-15 08:08:13 | TEMPLOG : WellhouseOne | 056.300
2017-02-15 08:08:13 | TEMPLOG : Bio   Filter | 060.800
2017-02-15 08:08:14 | TEMPLOG : Table    One | 050.900
2017-02-15 08:09:14 | TEMPLOG : WellhouseOne | 055.400
2017-02-15 08:09:14 | TEMPLOG : Bio   Filter | 059.000
2017-02-15 08:09:15 | TEMPLOG : Table    One | 050.000
2017-02-15 08:10:15 | TEMPLOG : WellhouseOne | 054.500
2017-02-15 08:10:16 | TEMPLOG : Table    One | 050.900
2017-02-15 08:11:16 | TEMPLOG : WellhouseOne | 053.600
2017-02-15 08:11:16 | TEMPLOG : Bio   Filter | 059.900
2017-02-15 08:11:17 | TEMPLOG : Table    One | 051.800
2017-02-15 08:12:19 | TEMPLOG : Table    One | 053.600
2017-02-15 08:13:19 | TEMPLOG : WellhouseOne | 052.700
2017-02-15 08:13:20 | TEMPLOG : Bio   Filter | 060.800
2017-02-15 08:15:21 | TEMPLOG : WellhouseOne | 051.800
2017-02-15 08:15:22 | TEMPLOG : Table    One | 054.500
2017-02-15 08:17:23 | TEMPLOG : Bio   Filter | 059.900
2017-02-15 08:17:24 | TEMPLOG : Table    One | 055.400
2017-02-15 08:18:24 | TEMPLOG : WellhouseOne | 050.900
2017-02-15 08:18:24 | TEMPLOG : Bio   Filter | 059.000
2017-02-15 08:19:25 | TEMPLOG : Bio   Filter | 058.100
2017-02-15 08:20:26 | TEMPLOG : Bio   Filter | 059.000
2017-02-15 08:20:26 | TEMPLOG : Table    One | 057.200
2017-02-15 08:21:28 | TEMPLOG : Table    One | 058.100
2017-02-15 08:22:28 | TEMPLOG : To   GeoLoop | 050.000
2017-02-15 08:22:29 | TEMPLOG : Table    One | 059.000
2017-02-15 08:23:30 | TEMPLOG : WellhouseOne | 050.000
2017-02-15 08:24:32 | TEMPLOG : Bio   Filter | 059.900
2017-02-15 08:24:32 | TEMPLOG : Table    One | 059.900
2017-02-15 08:25:34 | TEMPLOG : Table    One | 060.800
2017-02-15 08:27:36 | TEMPLOG : Bio   Filter | 060.800
2017-02-15 08:28:37 | TEMPLOG : WellhouseOne | 059.900
2017-02-15 08:29:38 | TEMPLOG : WellhouseOne | 103.100
2017-02-15 08:29:38 | TEMPLOG : Bio   Filter | 061.700
2017-02-15 08:29:39 | TEMPLOG : Table    One | 061.700
2017-02-15 08:30:39 | TEMPLOG : WellhouseOne | 121.100
2017-02-15 08:30:39 | TEMPLOG : Bio   Filter | 062.600
2017-02-15 08:31:40 | TEMPLOG : WellhouseOne | 094.100
2017-02-15 08:32:41 | TEMPLOG : WellhouseOne | 079.700
2017-02-15 08:32:42 | TEMPLOG : Bio   Filter | 063.500
2017-02-15 08:33:43 | TEMPLOG : WellhouseOne | 072.500
2017-02-15 08:33:44 | TEMPLOG : To   GeoLoop | 050.900
2017-02-15 08:34:45 | TEMPLOG : WellhouseOne | 068.900
2017-02-15 08:34:45 | TEMPLOG : Bio   Filter | 064.400
2017-02-15 08:34:46 | TEMPLOG : Table    One | 062.600
2017-02-15 08:35:46 | TEMPLOG : WellhouseOne | 065.300
2017-02-15 08:35:47 | TEMPLOG : Table    One | 063.500
2017-02-15 08:36:47 | TEMPLOG : WellhouseOne | 062.600
2017-02-15 08:37:48 | TEMPLOG : WellhouseOne | 060.800
2017-02-15 08:37:48 | TEMPLOG : Bio   Filter | 065.300
2017-02-15 08:37:49 | TEMPLOG : Table    One | 064.400
2017-02-15 08:38:49 | TEMPLOG : WellhouseOne | 059.000
2017-02-15 08:38:50 | TEMPLOG : Table    One | 065.300
2017-02-15 08:39:50 | TEMPLOG : WellhouseOne | 058.100
2017-02-15 08:40:51 | TEMPLOG : WellhouseOne | 056.300
2017-02-15 08:40:52 | TEMPLOG : Bio   Filter | 066.200
2017-02-15 08:42:55 | TEMPLOG : WellhouseOne | 055.400
2017-02-15 08:42:56 | TEMPLOG : Bio   Filter | 067.100
2017-02-15 08:42:56 | TEMPLOG : Table    One | 066.200
2017-02-15 08:43:57 | TEMPLOG : WellhouseOne | 054.500
2017-02-15 08:44:59 | TEMPLOG : To   GeoLoop | 051.800
2017-02-15 08:45:59 | TEMPLOG : Bio   Filter | 068.000
2017-02-15 08:46:00 | TEMPLOG : Table    One | 067.100
2017-02-15 08:47:00 | TEMPLOG : WellhouseOne | 053.600
2017-02-15 08:47:00 | TEMPLOG : Bio   Filter | 068.900
2017-02-15 08:48:02 | TEMPLOG : Bio   Filter | 070.700
2017-02-15 08:48:03 | TEMPLOG : Table    One | 068.000
2017-02-15 08:49:03 | TEMPLOG : Bio   Filter | 072.500
2017-02-15 08:50:04 | TEMPLOG : Bio   Filter | 073.400
2017-02-15 08:51:05 | TEMPLOG : WellhouseOne | 052.700
2017-02-15 08:51:05 | TEMPLOG : Bio   Filter | 074.300
2017-02-15 08:52:07 | TEMPLOG : Bio   Filter | 075.200
2017-02-15 08:54:08 | TEMPLOG : Bio   Filter | 076.100
2017-02-15 08:56:12 | TEMPLOG : Bio   Filter | 077.000
2017-02-15 08:58:14 | TEMPLOG : Bio   Filter | 077.900
2017-02-15 08:58:15 | TEMPLOG : To   GeoLoop | 052.700
2017-02-15 08:58:15 | TEMPLOG : Table    One | 068.900
2017-02-15 08:59:16 | TEMPLOG : WellhouseOne | 051.800
2017-02-15 08:59:16 | TEMPLOG : Bio   Filter | 078.800
2017-02-15 09:00:16 | TEMPLOG : WellhouseOne | 051.800
2017-02-15 09:00:17 | TEMPLOG : Bio   Filter | 078.800
2017-02-15 09:00:17 | TEMPLOG : To   GeoLoop | 052.700
2017-02-15 09:00:18 | TEMPLOG : Table    One | 069.800
2017-02-15 09:02:19 | TEMPLOG : Bio   Filter | 079.700
2017-02-15 09:03:20 | TEMPLOG : WellhouseOne | 082.400
2017-02-15 09:04:21 | TEMPLOG : WellhouseOne | 114.800
2017-02-15 09:05:22 | TEMPLOG : WellhouseOne | 096.800
2017-02-15 09:05:23 | TEMPLOG : Bio   Filter | 080.600
2017-02-15 09:05:24 | TEMPLOG : Table    One | 070.700
2017-02-15 09:06:24 | TEMPLOG : WellhouseOne | 079.700
2017-02-15 09:06:25 | TEMPLOG : Table    One | 071.600
2017-02-15 09:07:26 | TEMPLOG : WellhouseOne | 073.400
2017-02-15 09:07:26 | TEMPLOG : Bio   Filter | 081.500
2017-02-15 09:08:28 | TEMPLOG : WellhouseOne | 069.800
2017-02-15 09:08:29 | TEMPLOG : Table    One | 072.500
2017-02-15 09:09:29 | TEMPLOG : WellhouseOne | 067.100
2017-02-15 09:09:29 | TEMPLOG : Bio   Filter | 082.400
2017-02-15 09:10:30 | TEMPLOG : WellhouseOne | 064.400
2017-02-15 09:10:31 | TEMPLOG : Table    One | 073.400
2017-02-15 09:11:31 | TEMPLOG : WellhouseOne | 062.600
2017-02-15 09:11:31 | TEMPLOG : To   GeoLoop | 053.600
2017-02-15 09:12:32 | TEMPLOG : WellhouseOne | 060.800
2017-02-15 09:12:32 | TEMPLOG : Bio   Filter | 083.300
2017-02-15 09:13:34 | TEMPLOG : WellhouseOne | 059.900
2017-02-15 09:13:35 | TEMPLOG : Table    One | 074.300
2017-02-15 09:14:35 | TEMPLOG : WellhouseOne | 059.000
2017-02-15 09:14:36 | TEMPLOG : Table    One | 075.200
2017-02-15 09:15:37 | TEMPLOG : WellhouseOne | 058.100
2017-02-15 09:16:39 | TEMPLOG : WellhouseOne | 057.200
2017-02-15 09:17:40 | TEMPLOG : Table    One | 076.100
2017-02-15 09:18:41 | TEMPLOG : WellhouseOne | 056.300
2017-02-15 09:18:42 | TEMPLOG : Bio   Filter | 082.400
2017-02-15 09:19:43 | TEMPLOG : Bio   Filter | 083.300
2017-02-15 09:21:46 | TEMPLOG : WellhouseOne | 055.400
2017-02-15 09:22:48 | TEMPLOG : Table    One | 077.000
2017-02-15 09:24:49 | TEMPLOG : WellhouseOne | 054.500
2017-02-15 09:24:50 | TEMPLOG : To   GeoLoop | 054.500
2017-02-15 09:31:57 | TEMPLOG : WellhouseOne | 053.600
2017-02-15 09:31:58 | TEMPLOG : Table    One | 077.900
2017-02-15 09:32:58 | TEMPLOG : WellhouseOne | 054.500
2017-02-15 09:33:59 | TEMPLOG : WellhouseOne | 053.600
2017-02-15 09:34:00 | TEMPLOG : Table    One | 078.800
2017-02-15 09:35:01 | TEMPLOG : Bio   Filter | 084.200
2017-02-15 09:35:02 | TEMPLOG : To   GeoLoop | 055.400
2017-02-15 09:36:03 | TEMPLOG : Bio   Filter | 083.300
2017-02-15 09:38:05 | TEMPLOG : WellhouseOne | 054.500
2017-02-15 09:38:06 | TEMPLOG : Table    One | 079.700
2017-02-15 09:39:06 | TEMPLOG : WellhouseOne | 053.600
2017-02-15 09:39:07 | TEMPLOG : Table    One | 080.600
2017-02-15 09:40:07 | TEMPLOG : WellhouseOne | 085.100
2017-02-15 09:41:08 | TEMPLOG : WellhouseOne | 113.000
2017-02-15 09:41:09 | TEMPLOG : Table    One | 081.500
2017-02-15 09:42:09 | TEMPLOG : WellhouseOne | 111.200
2017-02-15 09:43:10 | TEMPLOG : WellhouseOne | 087.800
2017-02-15 09:43:10 | TEMPLOG : Bio   Filter | 082.400
2017-02-15 09:44:11 | TEMPLOG : WellhouseOne | 079.700
2017-02-15 09:44:11 | TEMPLOG : Bio   Filter | 083.300
2017-02-15 09:45:12 | TEMPLOG : WellhouseOne | 075.200
2017-02-15 09:45:13 | TEMPLOG : To   GeoLoop | 056.300
2017-02-15 09:45:13 | TEMPLOG : Table    One | 082.400
2017-02-15 09:46:13 | TEMPLOG : WellhouseOne | 071.600
2017-02-15 09:47:14 | TEMPLOG : WellhouseOne | 068.900
2017-02-15 09:48:16 | TEMPLOG : WellhouseOne | 067.100
2017-02-15 09:49:17 | TEMPLOG : WellhouseOne | 065.300
2017-02-15 09:50:18 | TEMPLOG : WellhouseOne | 063.500
2017-02-15 09:50:18 | TEMPLOG : Bio   Filter | 084.200
2017-02-15 09:50:19 | TEMPLOG : Table    One | 083.300
2017-02-15 09:51:19 | TEMPLOG : WellhouseOne | 062.600
2017-02-15 09:51:20 | TEMPLOG : To   GeoLoop | 057.200
2017-02-15 09:52:21 | TEMPLOG : Table    One | 084.200
2017-02-15 09:53:22 | TEMPLOG : WellhouseOne | 061.700
2017-02-15 09:53:22 | TEMPLOG : Table    One | 085.100
2017-02-15 09:54:23 | TEMPLOG : WellhouseOne | 060.800
2017-02-15 09:54:23 | TEMPLOG : Bio   Filter | 085.100
2017-02-15 09:55:24 | TEMPLOG : Bio   Filter | 086.000
2017-02-15 09:55:24 | TEMPLOG : To   GeoLoop | 058.100
2017-02-15 09:56:25 | TEMPLOG : WellhouseOne | 059.900
2017-02-15 09:57:27 | TEMPLOG : Table    One | 086.000
2017-02-15 09:58:28 | TEMPLOG : Bio   Filter | 086.900
2017-02-15 09:59:29 | TEMPLOG : WellhouseOne | 059.000
2017-02-15 09:59:30 | TEMPLOG : To   GeoLoop | 059.000
2017-02-15 10:00:30 | TEMPLOG : WellhouseOne | 059.000
2017-02-15 10:00:31 | TEMPLOG : Bio   Filter | 086.900
2017-02-15 10:00:31 | TEMPLOG : To   GeoLoop | 059.000
2017-02-15 10:00:31 | TEMPLOG : Table    One | 086.900
2017-02-15 10:01:32 | TEMPLOG : WellhouseOne | 058.100
2017-02-15 10:03:34 | TEMPLOG : To   GeoLoop | 059.900
2017-02-15 10:04:35 | TEMPLOG : Bio   Filter | 087.800
2017-02-15 10:05:37 | TEMPLOG : Table    One | 087.800
2017-02-15 10:06:37 | TEMPLOG : WellhouseOne | 057.200
2017-02-15 10:06:37 | TEMPLOG : Bio   Filter | 088.700
2017-02-15 10:07:38 | TEMPLOG : WellhouseOne | 058.100
2017-02-15 10:07:38 | TEMPLOG : Table    One | 088.700
2017-02-15 10:08:38 | TEMPLOG : WellhouseOne | 057.200
2017-02-15 10:08:39 | TEMPLOG : To   GeoLoop | 060.800
2017-02-15 10:09:40 | TEMPLOG : Bio   Filter | 089.600
2017-02-15 10:09:41 | TEMPLOG : Table    One | 089.600
2017-02-15 10:11:42 | TEMPLOG : WellhouseOne | 056.300
2017-02-15 10:11:43 | TEMPLOG : Bio   Filter | 090.500
2017-02-15 10:12:44 | TEMPLOG : Bio   Filter | 091.400
2017-02-15 10:13:45 | TEMPLOG : WellhouseOne | 057.200
2017-02-15 10:13:45 | TEMPLOG : Bio   Filter | 092.300
2017-02-15 10:14:46 | TEMPLOG : To   GeoLoop | 061.700
2017-02-15 10:15:48 | TEMPLOG : Bio   Filter | 093.200
2017-02-15 10:15:49 | TEMPLOG : Table    One | 090.500
2017-02-15 10:16:49 | TEMPLOG : WellhouseOne | 056.300
2017-02-15 10:16:50 | TEMPLOG : Table    One | 089.600
2017-02-15 10:17:51 | TEMPLOG : Bio   Filter | 094.100
2017-02-15 10:18:52 | TEMPLOG : Bio   Filter | 095.000
2017-02-15 10:19:53 | TEMPLOG : To   GeoLoop | 062.600
2017-02-15 10:19:53 | TEMPLOG : Table    One | 090.500
2017-02-15 10:21:55 | TEMPLOG : WellhouseOne | 055.400
2017-02-15 10:21:55 | TEMPLOG : Bio   Filter | 095.900
2017-02-15 10:22:56 | TEMPLOG : WellhouseOne | 061.700
2017-02-15 10:23:57 | TEMPLOG : WellhouseOne | 111.200
2017-02-15 10:23:57 | TEMPLOG : Bio   Filter | 096.800
2017-02-15 10:23:57 | TEMPLOG : Table    One | 091.400
2017-02-15 10:24:57 | TEMPLOG : WellhouseOne | 106.700
2017-02-15 10:24:59 | TEMPLOG : To   GeoLoop | 063.500
2017-02-15 10:25:59 | TEMPLOG : WellhouseOne | 086.000
2017-02-15 10:27:01 | TEMPLOG : WellhouseOne | 078.800
2017-02-15 10:27:01 | TEMPLOG : Bio   Filter | 097.700
2017-02-15 10:28:02 | TEMPLOG : WellhouseOne | 074.300
2017-02-15 10:29:03 | TEMPLOG : WellhouseOne | 070.700
2017-02-15 10:30:05 | TEMPLOG : WellhouseOne | 068.000
2017-02-15 10:30:05 | TEMPLOG : Bio   Filter | 098.600
2017-02-15 10:30:06 | TEMPLOG : Table    One | 092.300
2017-02-15 10:31:06 | TEMPLOG : WellhouseOne | 066.200
2017-02-15 10:32:08 | TEMPLOG : WellhouseOne | 064.400
2017-02-15 10:33:09 | TEMPLOG : WellhouseOne | 062.600
2017-02-15 10:33:09 | TEMPLOG : Bio   Filter | 099.500
2017-02-15 10:33:09 | TEMPLOG : To   GeoLoop | 064.400
2017-02-15 10:35:12 | TEMPLOG : WellhouseOne | 061.700
2017-02-15 10:36:13 | TEMPLOG : WellhouseOne | 060.800
2017-02-15 10:37:14 | TEMPLOG : Bio   Filter | 100.400
2017-02-15 10:38:16 | TEMPLOG : To   GeoLoop | 065.300
2017-02-15 10:40:18 | TEMPLOG : WellhouseOne | 059.900
2017-02-15 10:40:18 | TEMPLOG : Bio   Filter | 101.300
2017-02-15 10:40:18 | TEMPLOG : Table    One | 093.200
2017-02-15 10:41:19 | TEMPLOG : WellhouseOne | 060.800
2017-02-15 10:41:19 | TEMPLOG : Bio   Filter | 102.200
2017-02-15 10:42:20 | TEMPLOG : WellhouseOne | 059.900
2017-02-15 10:42:20 | TEMPLOG : To   GeoLoop | 066.200
2017-02-15 10:44:23 | TEMPLOG : Bio   Filter | 103.100
2017-02-15 10:46:26 | TEMPLOG : Table    One | 092.300
2017-02-15 10:47:26 | TEMPLOG : WellhouseOne | 059.000
2017-02-15 10:47:26 | TEMPLOG : Bio   Filter | 104.000
2017-02-15 10:47:27 | TEMPLOG : Table    One | 091.400
2017-02-15 10:49:28 | TEMPLOG : Table    One | 090.500
2017-02-15 10:50:29 | TEMPLOG : Bio   Filter | 104.900
2017-02-15 10:51:30 | TEMPLOG : WellhouseOne | 059.900
2017-02-15 10:51:31 | TEMPLOG : To   GeoLoop | 067.100
2017-02-15 10:51:31 | TEMPLOG : Table    One | 089.600
2017-02-15 10:54:33 | TEMPLOG : WellhouseOne | 059.000
2017-02-15 10:55:34 | TEMPLOG : Bio   Filter | 105.800
2017-02-15 10:58:37 | TEMPLOG : Bio   Filter | 106.700
2017-02-15 10:58:37 | TEMPLOG : To   GeoLoop | 068.000
2017-02-15 10:59:38 | TEMPLOG : WellhouseOne | 059.900
2017-02-15 10:59:38 | TEMPLOG : Bio   Filter | 107.600
2017-02-15 11:00:40 | TEMPLOG : WellhouseOne | 059.900
2017-02-15 11:00:40 | TEMPLOG : Bio   Filter | 107.600
2017-02-15 11:00:40 | TEMPLOG : To   GeoLoop | 068.000
2017-02-15 11:00:41 | TEMPLOG : Table    One | 089.600
2017-02-15 11:01:42 | TEMPLOG : Table    One | 090.500
2017-02-15 11:02:42 | TEMPLOG : Bio   Filter | 108.500
2017-02-15 11:03:44 | TEMPLOG : To   GeoLoop | 068.900
2017-02-15 11:03:44 | TEMPLOG : Table    One | 091.400
2017-02-15 11:05:48 | TEMPLOG : Table    One | 092.300
2017-02-15 11:06:48 | TEMPLOG : Bio   Filter | 107.600
2017-02-15 11:09:52 | TEMPLOG : To   GeoLoop | 069.800
2017-02-15 11:10:52 | TEMPLOG : Bio   Filter | 108.500
2017-02-15 11:10:53 | TEMPLOG : Table    One | 093.200
2017-02-15 11:11:54 | TEMPLOG : WellhouseOne | 112.100
2017-02-15 11:11:55 | TEMPLOG : Table    One | 094.100
2017-02-15 11:12:55 | TEMPLOG : WellhouseOne | 090.500
2017-02-15 11:13:57 | TEMPLOG : WellhouseOne | 081.500
2017-02-15 11:14:59 | TEMPLOG : WellhouseOne | 076.100
2017-02-15 11:16:00 | TEMPLOG : WellhouseOne | 073.400
2017-02-15 11:16:01 | TEMPLOG : Table    One | 095.000
2017-02-15 11:17:01 | TEMPLOG : WellhouseOne | 071.600
2017-02-15 11:18:02 | TEMPLOG : WellhouseOne | 069.800
2017-02-15 11:19:03 | TEMPLOG : WellhouseOne | 068.900
2017-02-15 11:20:05 | TEMPLOG : WellhouseOne | 068.000
2017-02-15 11:21:06 | TEMPLOG : WellhouseOne | 067.100
2017-02-15 11:22:07 | TEMPLOG : To   GeoLoop | 070.700
2017-02-15 11:22:07 | TEMPLOG : Table    One | 095.900
2017-02-15 11:23:08 | TEMPLOG : WellhouseOne | 066.200
2017-02-15 11:25:10 | TEMPLOG : WellhouseOne | 065.300
2017-02-15 11:25:10 | TEMPLOG : Bio   Filter | 107.600
2017-02-15 11:25:11 | TEMPLOG : Table    One | 096.800
2017-02-15 11:29:15 | TEMPLOG : Bio   Filter | 108.500
2017-02-15 11:29:16 | TEMPLOG : Table    One | 097.700
2017-02-15 11:30:16 | TEMPLOG : Bio   Filter | 109.400
2017-02-15 11:32:18 | TEMPLOG : Bio   Filter | 110.300
2017-02-15 11:32:18 | TEMPLOG : Table    One | 098.600
2017-02-15 11:33:19 | TEMPLOG : Bio   Filter | 111.200
2017-02-15 11:33:19 | TEMPLOG : To   GeoLoop | 071.600
2017-02-15 11:34:20 | TEMPLOG : WellhouseOne | 064.400
2017-02-15 11:34:21 | TEMPLOG : Bio   Filter | 110.300
2017-02-15 11:34:21 | TEMPLOG : Table    One | 097.700
2017-02-15 11:35:21 | TEMPLOG : Bio   Filter | 107.600
2017-02-15 11:35:22 | TEMPLOG : To   GeoLoop | 070.700
2017-02-15 11:35:22 | TEMPLOG : Table    One | 095.900
2017-02-15 11:36:24 | TEMPLOG : Table    One | 096.800
2017-02-15 11:37:25 | TEMPLOG : Bio   Filter | 108.500
2017-02-15 11:37:25 | TEMPLOG : Table    One | 097.700
2017-02-15 11:38:27 | TEMPLOG : To   GeoLoop | 071.600
2017-02-15 11:38:27 | TEMPLOG : Table    One | 098.600
2017-02-15 11:39:28 | TEMPLOG : Bio   Filter | 109.400
2017-02-15 11:39:29 | TEMPLOG : Table    One | 099.500
2017-02-15 11:40:30 | TEMPLOG : To   GeoLoop | 072.500
2017-02-15 11:40:30 | TEMPLOG : Table    One | 100.400
2017-02-15 11:43:34 | TEMPLOG : Table    One | 101.300
2017-02-15 11:47:38 | TEMPLOG : WellhouseOne | 063.500
2017-02-15 11:48:39 | TEMPLOG : WellhouseOne | 064.400
2017-02-15 11:48:39 | TEMPLOG : Bio   Filter | 110.300
2017-02-15 11:48:40 | TEMPLOG : Table    One | 102.200
2017-02-15 11:49:40 | TEMPLOG : WellhouseOne | 063.500
2017-02-15 11:52:44 | TEMPLOG : Bio   Filter | 109.400
2017-02-15 11:52:44 | TEMPLOG : Table    One | 103.100
2017-02-15 11:54:46 | TEMPLOG : To   GeoLoop | 073.400
2017-02-15 11:55:46 | TEMPLOG : WellhouseOne | 062.600
2017-02-15 11:56:47 | TEMPLOG : WellhouseOne | 063.500
2017-02-15 11:56:48 | TEMPLOG : Bio   Filter | 108.500
2017-02-15 11:57:49 | TEMPLOG : WellhouseOne | 062.600
2017-02-15 11:57:49 | TEMPLOG : Bio   Filter | 107.600
2017-02-15 11:58:50 | TEMPLOG : Bio   Filter | 105.800
2017-02-15 11:59:51 | TEMPLOG : Bio   Filter | 104.000
2017-02-15 12:00:53 | TEMPLOG : WellhouseOne | 061.700
2017-02-15 12:00:53 | TEMPLOG : Bio   Filter | 103.100
2017-02-15 12:00:53 | TEMPLOG : To   GeoLoop | 073.400
2017-02-15 12:00:54 | TEMPLOG : Table    One | 103.100
2017-02-15 12:01:55 | TEMPLOG : Bio   Filter | 102.200
2017-02-15 12:02:56 | TEMPLOG : Bio   Filter | 101.300
2017-02-15 12:03:57 | TEMPLOG : Bio   Filter | 100.400
2017-02-15 12:04:58 | TEMPLOG : Table    One | 104.000
2017-02-15 12:05:59 | TEMPLOG : Table    One | 103.100
2017-02-15 12:07:00 | TEMPLOG : Table    One | 104.000
2017-02-15 12:08:01 | TEMPLOG : Table    One | 103.100
2017-02-15 12:09:02 | TEMPLOG : Bio   Filter | 101.300
2017-02-15 12:10:02 | TEMPLOG : WellhouseOne | 060.800
2017-02-15 12:10:03 | TEMPLOG : To   GeoLoop | 072.500
2017-02-15 12:10:03 | TEMPLOG : Table    One | 104.000
2017-02-15 12:11:03 | TEMPLOG : Bio   Filter | 102.200
2017-02-15 12:12:04 | TEMPLOG : WellhouseOne | 101.300
2017-02-15 12:12:04 | TEMPLOG : Bio   Filter | 103.100
2017-02-15 12:12:05 | TEMPLOG : To   GeoLoop | 071.600
2017-02-15 12:13:06 | TEMPLOG : WellhouseOne | 100.400
2017-02-15 12:13:06 | TEMPLOG : Bio   Filter | 104.000
2017-02-15 12:14:06 | TEMPLOG : WellhouseOne | 086.000
2017-02-15 12:14:07 | TEMPLOG : Bio   Filter | 105.800
2017-02-15 12:14:07 | TEMPLOG : To   GeoLoop | 070.700
2017-02-15 12:14:07 | TEMPLOG : Table    One | 104.900
2017-02-15 12:15:08 | TEMPLOG : WellhouseOne | 079.700
2017-02-15 12:15:08 | TEMPLOG : Bio   Filter | 106.700
2017-02-15 12:16:09 | TEMPLOG : WellhouseOne | 076.100
2017-02-15 12:16:09 | TEMPLOG : Bio   Filter | 107.600
2017-02-15 12:17:10 | TEMPLOG : WellhouseOne | 073.400
2017-02-15 12:17:11 | TEMPLOG : Bio   Filter | 108.500
2017-02-15 12:17:12 | TEMPLOG : To   GeoLoop | 071.600
2017-02-15 12:17:12 | TEMPLOG : Table    One | 105.800
2017-02-15 12:18:12 | TEMPLOG : WellhouseOne | 071.600
2017-02-15 12:18:12 | TEMPLOG : Bio   Filter | 109.400
2017-02-15 12:19:13 | TEMPLOG : WellhouseOne | 069.800
2017-02-15 12:19:14 | TEMPLOG : Bio   Filter | 110.300
2017-02-15 12:19:14 | TEMPLOG : To   GeoLoop | 072.500
2017-02-15 12:20:15 | TEMPLOG : WellhouseOne | 068.000
2017-02-15 12:21:15 | TEMPLOG : WellhouseOne | 067.100
2017-02-15 12:21:16 | TEMPLOG : Bio   Filter | 111.200
2017-02-15 12:21:16 | TEMPLOG : To   GeoLoop | 073.400
2017-02-15 12:22:16 | TEMPLOG : WellhouseOne | 066.200
2017-02-15 12:23:17 | TEMPLOG : WellhouseOne | 065.300
2017-02-15 12:23:18 | TEMPLOG : Bio   Filter | 112.100
2017-02-15 12:24:19 | TEMPLOG : To   GeoLoop | 074.300
2017-02-15 12:24:19 | TEMPLOG : Table    One | 106.700
2017-02-15 12:25:20 | TEMPLOG : WellhouseOne | 064.400
2017-02-15 12:25:21 | TEMPLOG : To   GeoLoop | 075.200
2017-02-15 12:25:21 | TEMPLOG : Table    One | 105.800
2017-02-15 12:26:21 | TEMPLOG : Bio   Filter | 113.000
2017-02-15 12:27:23 | TEMPLOG : Table    One | 104.900
2017-02-15 12:28:23 | TEMPLOG : WellhouseOne | 063.500
2017-02-15 12:29:25 | TEMPLOG : Bio   Filter | 113.900
2017-02-15 12:29:26 | TEMPLOG : Table    One | 105.800
2017-02-15 12:31:28 | TEMPLOG : To   GeoLoop | 076.100
2017-02-15 12:31:28 | TEMPLOG : Table    One | 106.700
2017-02-15 12:33:29 | TEMPLOG : WellhouseOne | 062.600
2017-02-15 12:34:31 | TEMPLOG : Bio   Filter | 114.800
2017-02-15 12:36:34 | TEMPLOG : Table    One | 107.600
2017-02-15 12:37:35 | TEMPLOG : Table    One | 108.500
2017-02-15 12:38:36 | TEMPLOG : To   GeoLoop | 077.000
2017-02-15 12:38:36 | TEMPLOG : Table    One | 107.600
2017-02-15 12:39:38 | TEMPLOG : Table    One | 108.500
2017-02-15 12:41:39 | TEMPLOG : Bio   Filter | 113.900
2017-02-15 12:41:39 | TEMPLOG : Table    One | 107.600
2017-02-15 12:44:43 | TEMPLOG : Table    One | 106.700
2017-02-15 12:45:44 | TEMPLOG : WellhouseOne | 061.700
2017-02-15 12:46:46 | TEMPLOG : To   GeoLoop | 077.900
2017-02-15 12:46:46 | TEMPLOG : Table    One | 107.600
2017-02-15 12:47:46 | TEMPLOG : WellhouseOne | 062.600
2017-02-15 12:48:49 | TEMPLOG : Table    One | 106.700
2017-02-15 12:49:49 | TEMPLOG : WellhouseOne | 061.700
2017-02-15 12:50:53 | TEMPLOG : Table    One | 107.600
2017-02-15 12:51:54 | TEMPLOG : Table    One | 106.700
2017-02-15 12:54:58 | TEMPLOG : Table    One | 107.600
2017-02-15 12:55:58 | TEMPLOG : WellhouseOne | 060.800
2017-02-15 12:57:00 | TEMPLOG : WellhouseOne | 061.700
2017-02-15 12:57:01 | TEMPLOG : Table    One | 108.500
2017-02-15 12:58:02 | TEMPLOG : WellhouseOne | 060.800
2017-02-15 13:00:04 | TEMPLOG : WellhouseOne | 060.800
2017-02-15 13:00:05 | TEMPLOG : Bio   Filter | 113.900
2017-02-15 13:00:05 | TEMPLOG : To   GeoLoop | 077.900
2017-02-15 13:00:05 | TEMPLOG : Table    One | 108.500
2017-02-15 13:02:07 | TEMPLOG : To   GeoLoop | 077.000
2017-02-15 13:02:08 | TEMPLOG : Table    One | 109.400
2017-02-15 13:03:09 | TEMPLOG : Bio   Filter | 113.000
2017-02-15 13:03:10 | TEMPLOG : Table    One | 110.300
2017-02-15 13:04:11 | TEMPLOG : Table    One | 109.400
2017-02-15 13:05:12 | TEMPLOG : Table    One | 108.500
2017-02-15 13:06:12 | TEMPLOG : Bio   Filter | 113.900
2017-02-15 13:07:13 | TEMPLOG : WellhouseOne | 113.900
2017-02-15 13:07:14 | TEMPLOG : Table    One | 109.400
2017-02-15 13:08:16 | TEMPLOG : WellhouseOne | 092.300
2017-02-15 13:09:17 | TEMPLOG : WellhouseOne | 081.500
2017-02-15 13:09:18 | TEMPLOG : Table    One | 110.300
2017-02-15 13:10:18 | TEMPLOG : WellhouseOne | 077.000
2017-02-15 13:10:18 | TEMPLOG : Table    One | 109.400
2017-02-15 13:11:18 | TEMPLOG : WellhouseOne | 074.300
2017-02-15 13:12:20 | TEMPLOG : WellhouseOne | 072.500
2017-02-15 13:12:20 | TEMPLOG : To   GeoLoop | 077.900
2017-02-15 13:13:21 | TEMPLOG : WellhouseOne | 071.600
2017-02-15 13:14:22 | TEMPLOG : WellhouseOne | 069.800
2017-02-15 13:14:22 | TEMPLOG : Bio   Filter | 113.000
2017-02-15 13:14:23 | TEMPLOG : Table    One | 110.300
2017-02-15 13:15:24 | TEMPLOG : WellhouseOne | 068.000
2017-02-15 13:15:25 | TEMPLOG : Table    One | 111.200
2017-02-15 13:16:25 | TEMPLOG : WellhouseOne | 067.100
2017-02-15 13:16:25 | TEMPLOG : Bio   Filter | 112.100
2017-02-15 13:17:27 | TEMPLOG : WellhouseOne | 066.200
2017-02-15 13:17:27 | TEMPLOG : To   GeoLoop | 078.800
2017-02-15 13:17:27 | TEMPLOG : Table    One | 112.100
2017-02-15 13:18:28 | TEMPLOG : Bio   Filter | 111.200
2017-02-15 13:18:29 | TEMPLOG : Table    One | 113.000
2017-02-15 13:19:29 | TEMPLOG : WellhouseOne | 065.300
2017-02-15 13:19:29 | TEMPLOG : Bio   Filter | 112.100
2017-02-15 13:21:31 | TEMPLOG : WellhouseOne | 064.400
2017-02-15 13:21:32 | TEMPLOG : Table    One | 113.900
2017-02-15 13:22:34 | TEMPLOG : Table    One | 114.800
2017-02-15 13:23:36 | TEMPLOG : Table    One | 113.900
2017-02-15 13:24:37 | TEMPLOG : To   GeoLoop | 079.700
2017-02-15 13:24:37 | TEMPLOG : Table    One | 114.800
2017-02-15 13:25:38 | TEMPLOG : WellhouseOne | 063.500
2017-02-15 13:25:39 | TEMPLOG : Table    One | 113.900
2017-02-15 13:26:41 | TEMPLOG : Table    One | 114.800
2017-02-15 13:27:41 | TEMPLOG : Bio   Filter | 111.200
2017-02-15 13:29:43 | TEMPLOG : To   GeoLoop | 080.600
2017-02-15 13:30:44 | TEMPLOG : WellhouseOne | 062.600
2017-02-15 13:30:46 | TEMPLOG : Table    One | 115.700
2017-02-15 13:35:53 | TEMPLOG : Table    One | 114.800
2017-02-15 13:37:54 | TEMPLOG : Table    One | 113.900
2017-02-15 13:39:56 | TEMPLOG : Bio   Filter | 110.300
2017-02-15 13:42:00 | TEMPLOG : Bio   Filter | 109.400
2017-02-15 13:42:00 | TEMPLOG : Table    One | 114.800
2017-02-15 13:43:01 | TEMPLOG : Bio   Filter | 110.300
2017-02-15 13:43:01 | TEMPLOG : Table    One | 113.900
2017-02-15 13:44:01 | TEMPLOG : Bio   Filter | 109.400
2017-02-15 13:45:03 | TEMPLOG : Table    One | 114.800
2017-02-15 13:49:07 | TEMPLOG : Table    One | 115.700
2017-02-15 13:50:07 | TEMPLOG : WellhouseOne | 061.700
2017-02-15 13:52:10 | TEMPLOG : Table    One | 114.800
2017-02-15 13:53:11 | TEMPLOG : Bio   Filter | 108.500
2017-02-15 13:57:15 | TEMPLOG : Bio   Filter | 107.600
2017-02-15 13:57:15 | TEMPLOG : Table    One | 113.900
2017-02-15 13:58:16 | TEMPLOG : Table    One | 113.000
2017-02-15 13:59:17 | TEMPLOG : Bio   Filter | 106.700
2017-02-15 13:59:17 | TEMPLOG : Table    One | 112.100
2017-02-15 14:00:17 | TEMPLOG : WellhouseOne | 061.700
2017-02-15 14:00:17 | TEMPLOG : Bio   Filter | 105.800
2017-02-15 14:00:18 | TEMPLOG : Table    One | 113.000
2017-02-15 14:01:18 | TEMPLOG : Bio   Filter | 106.700
2017-02-15 14:01:19 | TEMPLOG : Table    One | 113.900
2017-02-15 14:04:22 | TEMPLOG : Bio   Filter | 105.800
2017-02-15 14:05:22 | TEMPLOG : WellhouseOne | 095.900
2017-02-15 14:05:22 | TEMPLOG : Bio   Filter | 104.900
2017-02-15 14:05:23 | TEMPLOG : Table    One | 112.100
2017-02-15 14:06:23 | TEMPLOG : WellhouseOne | 108.500
2017-02-15 14:07:24 | TEMPLOG : WellhouseOne | 086.900
2017-02-15 14:07:24 | TEMPLOG : Bio   Filter | 105.800
2017-02-15 14:08:24 | TEMPLOG : WellhouseOne | 080.600
2017-02-15 14:08:25 | TEMPLOG : Bio   Filter | 104.900
2017-02-15 14:08:25 | TEMPLOG : Table    One | 111.200
2017-02-15 14:09:25 | TEMPLOG : WellhouseOne | 077.000
2017-02-15 14:09:25 | TEMPLOG : Bio   Filter | 104.000
2017-02-15 14:09:26 | TEMPLOG : Table    One | 110.300
2017-02-15 14:10:26 | TEMPLOG : WellhouseOne | 075.200
2017-02-15 14:10:26 | TEMPLOG : Bio   Filter | 103.100
2017-02-15 14:11:27 | TEMPLOG : WellhouseOne | 072.500
2017-02-15 14:11:28 | TEMPLOG : Bio   Filter | 104.000
2017-02-15 14:11:28 | TEMPLOG : Table    One | 112.100
2017-02-15 14:12:28 | TEMPLOG : WellhouseOne | 071.600
2017-02-15 14:13:29 | TEMPLOG : WellhouseOne | 070.700
2017-02-15 14:14:30 | TEMPLOG : WellhouseOne | 069.800
2017-02-15 14:14:30 | TEMPLOG : Bio   Filter | 103.100
2017-02-15 14:14:31 | TEMPLOG : Table    One | 111.200
2017-02-15 14:15:33 | TEMPLOG : WellhouseOne | 068.000
2017-02-15 14:15:33 | TEMPLOG : Bio   Filter | 102.200
2017-02-15 14:15:33 | TEMPLOG : Table    One | 110.300
2017-02-15 14:16:34 | TEMPLOG : Bio   Filter | 101.300
2017-02-15 14:16:34 | TEMPLOG : Table    One | 108.500
2017-02-15 14:17:34 | TEMPLOG : WellhouseOne | 067.100
2017-02-15 14:17:34 | TEMPLOG : Bio   Filter | 100.400
2017-02-15 14:19:37 | TEMPLOG : WellhouseOne | 066.200
2017-02-15 14:19:38 | TEMPLOG : Table    One | 107.600
2017-02-15 14:20:38 | TEMPLOG : Bio   Filter | 099.500
2017-02-15 14:20:39 | TEMPLOG : Table    One | 106.700
2017-02-15 14:21:39 | TEMPLOG : WellhouseOne | 065.300
2017-02-15 14:21:40 | TEMPLOG : Table    One | 107.600
2017-02-15 14:22:41 | TEMPLOG : Table    One | 106.700
2017-02-15 14:23:42 | TEMPLOG : Bio   Filter | 098.600
2017-02-15 14:23:42 | TEMPLOG : Table    One | 105.800
2017-02-15 14:24:42 | TEMPLOG : Bio   Filter | 097.700
2017-02-15 14:24:43 | TEMPLOG : Table    One | 104.900
2017-02-15 14:25:44 | TEMPLOG : Bio   Filter | 096.800
2017-02-15 14:26:44 | TEMPLOG : WellhouseOne | 064.400
2017-02-15 14:26:45 | TEMPLOG : Bio   Filter | 097.700
2017-02-15 14:26:45 | TEMPLOG : Table    One | 105.800
2017-02-15 14:28:47 | TEMPLOG : Bio   Filter | 098.600
2017-02-15 14:28:47 | TEMPLOG : Table    One | 106.700
2017-02-15 14:29:47 | TEMPLOG : Bio   Filter | 099.500
2017-02-15 14:29:48 | TEMPLOG : Table    One | 107.600
2017-02-15 14:30:48 | TEMPLOG : Bio   Filter | 100.400
2017-02-15 14:30:48 | TEMPLOG : Table    One | 110.300
2017-02-15 14:31:49 | TEMPLOG : Bio   Filter | 101.300
2017-02-15 14:31:50 | TEMPLOG : Table    One | 111.200
2017-02-15 14:32:50 | TEMPLOG : Bio   Filter | 102.200
2017-02-15 14:32:50 | TEMPLOG : Table    One | 112.100
2017-02-15 14:33:51 | TEMPLOG : Bio   Filter | 103.100
2017-02-15 14:33:51 | TEMPLOG : Table    One | 113.000
2017-02-15 14:36:53 | TEMPLOG : Bio   Filter | 102.200
2017-02-15 14:36:53 | TEMPLOG : Table    One | 111.200
2017-02-15 14:37:54 | TEMPLOG : Bio   Filter | 099.500
2017-02-15 14:37:54 | TEMPLOG : Table    One | 106.700
2017-02-15 14:38:55 | TEMPLOG : WellhouseOne | 063.500
2017-02-15 14:38:55 | TEMPLOG : Bio   Filter | 096.800
2017-02-15 14:38:55 | TEMPLOG : Table    One | 103.100
2017-02-15 14:39:56 | TEMPLOG : Bio   Filter | 095.000
2017-02-15 14:39:56 | TEMPLOG : Table    One | 101.300
2017-02-15 14:40:57 | TEMPLOG : Bio   Filter | 094.100
2017-02-15 14:40:57 | TEMPLOG : Table    One | 100.400
2017-02-15 14:42:58 | TEMPLOG : Bio   Filter | 092.300
2017-02-15 14:42:59 | TEMPLOG : Table    One | 097.700
2017-02-15 14:44:00 | TEMPLOG : Table    One | 098.600
2017-02-15 14:46:02 | TEMPLOG : Bio   Filter | 093.200
2017-02-15 14:46:02 | TEMPLOG : Table    One | 100.400
2017-02-15 14:47:02 | TEMPLOG : Bio   Filter | 094.100
2017-02-15 14:47:02 | TEMPLOG : Table    One | 101.300
2017-02-15 14:48:03 | TEMPLOG : Bio   Filter | 093.200
2017-02-15 14:48:03 | TEMPLOG : Table    One | 099.500
2017-02-15 14:49:04 | TEMPLOG : Bio   Filter | 092.300
2017-02-15 14:49:05 | TEMPLOG : Table    One | 098.600
2017-02-15 14:50:05 | TEMPLOG : Bio   Filter | 090.500
2017-02-15 14:50:06 | TEMPLOG : Table    One | 095.000
2017-02-15 14:51:06 | TEMPLOG : WellhouseOne | 062.600
2017-02-15 14:51:06 | TEMPLOG : Table    One | 095.900
2017-02-15 14:52:07 | TEMPLOG : Bio   Filter | 091.400
2017-02-15 14:52:07 | TEMPLOG : Table    One | 096.800
2017-02-15 14:53:07 | TEMPLOG : Bio   Filter | 092.300
2017-02-15 14:53:08 | TEMPLOG : Table    One | 099.500
2017-02-15 14:54:09 | TEMPLOG : Bio   Filter | 093.200
2017-02-15 14:55:10 | TEMPLOG : Table    One | 100.400
2017-02-15 14:56:11 | TEMPLOG : Table    One | 099.500
2017-02-15 14:57:11 | TEMPLOG : Bio   Filter | 092.300
2017-02-15 14:58:12 | TEMPLOG : Table    One | 097.700
2017-02-15 14:59:13 | TEMPLOG : Table    One | 100.400
2017-02-15 15:00:13 | TEMPLOG : WellhouseOne | 062.600
2017-02-15 15:00:14 | TEMPLOG : Bio   Filter | 092.300
2017-02-15 15:00:14 | TEMPLOG : Table    One | 100.400
2017-02-15 15:01:15 | TEMPLOG : Bio   Filter | 093.200
2017-02-15 15:01:15 | TEMPLOG : Table    One | 101.300
2017-02-15 15:02:16 | TEMPLOG : Table    One | 103.100
2017-02-15 15:03:16 | TEMPLOG : Bio   Filter | 094.100
2017-02-15 15:05:18 | TEMPLOG : Bio   Filter | 095.000
2017-02-15 15:09:22 | TEMPLOG : WellhouseOne | 081.500
2017-02-15 15:10:23 | TEMPLOG : WellhouseOne | 114.800
2017-02-15 15:11:24 | TEMPLOG : WellhouseOne | 088.700
2017-02-15 15:11:24 | TEMPLOG : Bio   Filter | 094.100
2017-02-15 15:11:24 | TEMPLOG : Table    One | 102.200
2017-02-15 15:12:25 | TEMPLOG : WellhouseOne | 082.400
2017-02-15 15:13:26 | TEMPLOG : WellhouseOne | 077.900
2017-02-15 15:14:27 | TEMPLOG : WellhouseOne | 075.200
2017-02-15 15:14:29 | TEMPLOG : Table    One | 101.300
2017-02-15 15:15:29 | TEMPLOG : WellhouseOne | 073.400
2017-02-15 15:15:29 | TEMPLOG : Bio   Filter | 093.200
2017-02-15 15:15:29 | TEMPLOG : Table    One | 100.400
2017-02-15 15:16:29 | TEMPLOG : WellhouseOne | 072.500
2017-02-15 15:17:30 | TEMPLOG : WellhouseOne | 071.600
2017-02-15 15:17:31 | TEMPLOG : Table    One | 099.500
2017-02-15 15:18:31 | TEMPLOG : WellhouseOne | 070.700
2017-02-15 15:18:31 | TEMPLOG : Bio   Filter | 092.300
2017-02-15 15:19:32 | TEMPLOG : WellhouseOne | 069.800
2017-02-15 15:19:32 | TEMPLOG : Table    One | 098.600
2017-02-15 15:21:34 | TEMPLOG : WellhouseOne | 068.900
2017-02-15 15:22:34 | TEMPLOG : WellhouseOne | 068.000
2017-02-15 15:22:35 | TEMPLOG : Bio   Filter | 091.400
2017-02-15 15:24:36 | TEMPLOG : WellhouseOne | 067.100
2017-02-15 15:26:37 | TEMPLOG : WellhouseOne | 066.200
2017-02-15 15:26:37 | TEMPLOG : Bio   Filter | 090.500
2017-02-15 15:30:43 | TEMPLOG : Bio   Filter | 089.600
2017-02-15 15:32:45 | TEMPLOG : WellhouseOne | 065.300
2017-02-15 15:34:47 | TEMPLOG : Bio   Filter | 088.700
2017-02-15 15:35:47 | TEMPLOG : Table    One | 097.700
2017-02-15 15:37:49 | TEMPLOG : WellhouseOne | 064.400
2017-02-15 15:37:49 | TEMPLOG : Bio   Filter | 087.800
2017-02-15 15:41:53 | TEMPLOG : Bio   Filter | 086.900
2017-02-15 15:44:57 | TEMPLOG : Table    One | 096.800
2017-02-15 15:45:57 | TEMPLOG : Bio   Filter | 086.000
2017-02-15 15:48:59 | TEMPLOG : WellhouseOne | 063.500
2017-02-15 15:48:59 | TEMPLOG : Bio   Filter | 085.100
2017-02-15 15:50:00 | TEMPLOG : Table    One | 095.900
2017-02-15 15:52:02 | TEMPLOG : Bio   Filter | 084.200
2017-02-15 15:54:04 | TEMPLOG : Bio   Filter | 083.300
2017-02-15 15:54:04 | TEMPLOG : Table    One | 095.000
2017-02-15 15:57:06 | TEMPLOG : Bio   Filter | 082.400
2017-02-15 16:00:10 | TEMPLOG : WellhouseOne | 063.500
2017-02-15 16:00:10 | TEMPLOG : Bio   Filter | 082.400
2017-02-15 16:00:10 | TEMPLOG : Table    One | 094.100
2017-02-15 16:03:13 | TEMPLOG : Bio   Filter | 081.500
2017-02-15 16:03:13 | TEMPLOG : Table    One | 093.200
2017-02-15 16:05:14 | TEMPLOG : Table    One | 092.300
2017-02-15 16:07:16 | TEMPLOG : WellhouseOne | 062.600
2017-02-15 16:08:18 | TEMPLOG : Bio   Filter | 080.600
2017-02-15 16:10:19 | TEMPLOG : Table    One | 091.400
2017-02-15 16:12:21 | TEMPLOG : Table    One | 090.500
2017-02-15 16:14:22 | TEMPLOG : Bio   Filter | 079.700
2017-02-15 16:15:23 | TEMPLOG : Table    One | 089.600
2017-02-15 16:17:24 | TEMPLOG : WellhouseOne | 095.900
2017-02-15 16:17:25 | TEMPLOG : Table    One | 088.700
2017-02-15 16:18:25 | TEMPLOG : WellhouseOne | 106.700
2017-02-15 16:18:25 | TEMPLOG : Bio   Filter | 078.800
2017-02-15 16:19:26 | TEMPLOG : WellhouseOne | 087.800
2017-02-15 16:20:27 | TEMPLOG : WellhouseOne | 080.600
2017-02-15 16:20:27 | TEMPLOG : Table    One | 087.800
2017-02-15 16:21:28 | TEMPLOG : WellhouseOne | 077.000
2017-02-15 16:22:29 | TEMPLOG : WellhouseOne | 074.300
2017-02-15 16:22:29 | TEMPLOG : Bio   Filter | 077.900
2017-02-15 16:22:30 | TEMPLOG : Table    One | 086.900
2017-02-15 16:23:30 | TEMPLOG : WellhouseOne | 072.500
2017-02-15 16:24:31 | TEMPLOG : WellhouseOne | 070.700
2017-02-15 16:24:32 | TEMPLOG : Table    One | 086.000
2017-02-15 16:25:32 | TEMPLOG : WellhouseOne | 069.800
2017-02-15 16:26:33 | TEMPLOG : WellhouseOne | 068.900
2017-02-15 16:26:33 | TEMPLOG : Bio   Filter | 077.000
2017-02-15 16:27:35 | TEMPLOG : WellhouseOne | 068.000
2017-02-15 16:27:35 | TEMPLOG : Table    One | 085.100
2017-02-15 16:28:36 | TEMPLOG : Table    One | 084.200
2017-02-15 16:29:36 | TEMPLOG : WellhouseOne | 067.100
2017-02-15 16:30:37 | TEMPLOG : Bio   Filter | 076.100
2017-02-15 16:30:37 | TEMPLOG : Table    One | 083.300
2017-02-15 16:31:38 | TEMPLOG : WellhouseOne | 066.200
2017-02-15 16:33:40 | TEMPLOG : Bio   Filter | 075.200
2017-02-15 16:33:41 | TEMPLOG : Table    One | 082.400
2017-02-15 16:34:41 | TEMPLOG : WellhouseOne | 065.300
2017-02-15 16:34:41 | TEMPLOG : Table    One | 081.500
2017-02-15 16:35:42 | TEMPLOG : Bio   Filter | 074.300
2017-02-15 16:35:42 | TEMPLOG : Table    One | 080.600
2017-02-15 16:37:43 | TEMPLOG : WellhouseOne | 064.400
2017-02-15 16:37:44 | TEMPLOG : Table    One | 079.700
2017-02-15 16:39:45 | TEMPLOG : Bio   Filter | 073.400
2017-02-15 16:39:45 | TEMPLOG : Table    One | 078.800
2017-02-15 16:42:47 | TEMPLOG : WellhouseOne | 063.500
2017-02-15 16:42:47 | TEMPLOG : Table    One | 077.900
2017-02-15 16:44:49 | TEMPLOG : Bio   Filter | 072.500
2017-02-15 16:44:50 | TEMPLOG : Table    One | 077.000
2017-02-15 16:46:52 | TEMPLOG : Table    One | 076.100
2017-02-15 16:47:54 | TEMPLOG : Bio   Filter | 071.600
2017-02-15 16:48:55 | TEMPLOG : Table    One | 075.200
2017-02-15 16:49:55 | TEMPLOG : Table    One | 074.300
2017-02-15 16:50:55 | TEMPLOG : WellhouseOne | 062.600
2017-02-15 16:50:56 | TEMPLOG : Bio   Filter | 070.700
2017-02-15 16:50:56 | TEMPLOG : Table    One | 072.500
2017-02-15 16:51:57 | TEMPLOG : Bio   Filter | 069.800
2017-02-15 16:51:57 | TEMPLOG : Table    One | 071.600
2017-02-15 16:52:57 | TEMPLOG : Bio   Filter | 068.900
2017-02-15 16:52:57 | TEMPLOG : Table    One | 070.700
2017-02-15 16:53:58 | TEMPLOG : Table    One | 068.900
2017-02-15 16:54:59 | TEMPLOG : Bio   Filter | 068.000
2017-02-15 16:55:00 | TEMPLOG : Table    One | 068.000
2017-02-15 16:56:01 | TEMPLOG : Bio   Filter | 067.100
2017-02-15 16:56:01 | TEMPLOG : Table    One | 067.100
2017-02-15 16:58:03 | TEMPLOG : Bio   Filter | 066.200
2017-02-15 16:59:04 | TEMPLOG : WellhouseOne | 061.700
2017-02-15 17:00:04 | TEMPLOG : WellhouseOne | 061.700
2017-02-15 17:00:05 | TEMPLOG : Bio   Filter | 066.200
2017-02-15 17:00:05 | TEMPLOG : Table    One | 067.100
2017-02-15 17:01:06 | TEMPLOG : Table    One | 066.200
2017-02-15 17:02:07 | TEMPLOG : Table    One | 067.100
2017-02-15 17:03:07 | TEMPLOG : Bio   Filter | 065.300
2017-02-15 17:03:08 | TEMPLOG : Table    One | 066.200
2017-02-15 17:04:08 | TEMPLOG : Table    One | 065.300
2017-02-15 17:06:09 | TEMPLOG : WellhouseOne | 060.800
2017-02-15 17:09:13 | TEMPLOG : Bio   Filter | 064.400
2017-02-15 17:09:13 | TEMPLOG : To   GeoLoop | 066.200
2017-02-15 17:11:15 | TEMPLOG : Table    One | 064.400
2017-02-15 17:14:18 | TEMPLOG : Bio   Filter | 063.500
2017-02-15 17:14:19 | TEMPLOG : Table    One | 063.500
2017-02-15 17:15:20 | TEMPLOG : To   GeoLoop | 065.300
2017-02-15 17:16:21 | TEMPLOG : WellhouseOne | 116.600
2017-02-15 17:16:22 | TEMPLOG : Table    One | 062.600
2017-02-15 17:17:22 | TEMPLOG : WellhouseOne | 097.700
2017-02-15 17:17:22 | TEMPLOG : Bio   Filter | 062.600
2017-02-15 17:18:24 | TEMPLOG : WellhouseOne | 084.200
2017-02-15 17:19:24 | TEMPLOG : WellhouseOne | 077.900
2017-02-15 17:20:25 | TEMPLOG : WellhouseOne | 074.300
2017-02-15 17:20:25 | TEMPLOG : Bio   Filter | 061.700
2017-02-15 17:20:26 | TEMPLOG : Table    One | 061.700
2017-02-15 17:21:27 | TEMPLOG : WellhouseOne | 072.500
2017-02-15 17:22:27 | TEMPLOG : WellhouseOne | 070.700
2017-02-15 17:22:28 | TEMPLOG : Table    One | 060.800
2017-02-15 17:23:29 | TEMPLOG : WellhouseOne | 068.900
2017-02-15 17:23:29 | TEMPLOG : Bio   Filter | 060.800
2017-02-15 17:24:30 | TEMPLOG : WellhouseOne | 068.000
2017-02-15 17:24:30 | TEMPLOG : To   GeoLoop | 064.400
2017-02-15 17:24:31 | TEMPLOG : Table    One | 059.900
2017-02-15 17:25:31 | TEMPLOG : WellhouseOne | 067.100
2017-02-15 17:26:33 | TEMPLOG : WellhouseOne | 066.200
2017-02-15 17:26:34 | TEMPLOG : Bio   Filter | 059.900
2017-02-15 17:26:34 | TEMPLOG : Table    One | 059.000
2017-02-15 17:27:34 | TEMPLOG : WellhouseOne | 065.300
2017-02-15 17:29:36 | TEMPLOG : WellhouseOne | 064.400
2017-02-15 17:29:36 | TEMPLOG : Bio   Filter | 059.000
2017-02-15 17:29:37 | TEMPLOG : Table    One | 058.100
2017-02-15 17:31:38 | TEMPLOG : WellhouseOne | 063.500
2017-02-15 17:33:41 | TEMPLOG : Bio   Filter | 058.100
2017-02-15 17:33:42 | TEMPLOG : Table    One | 057.200
2017-02-15 17:34:42 | TEMPLOG : WellhouseOne | 062.600
2017-02-15 17:34:43 | TEMPLOG : To   GeoLoop | 063.500
2017-02-15 17:37:46 | TEMPLOG : WellhouseOne | 061.700
2017-02-15 17:38:48 | TEMPLOG : Bio   Filter | 057.200
2017-02-15 17:38:48 | TEMPLOG : Table    One | 056.300
2017-02-15 17:42:52 | TEMPLOG : WellhouseOne | 060.800
2017-02-15 17:43:54 | TEMPLOG : Bio   Filter | 056.300
2017-02-15 17:43:55 | TEMPLOG : Table    One | 055.400
2017-02-15 17:44:55 | TEMPLOG : Bio   Filter | 057.200
2017-02-15 17:45:56 | TEMPLOG : Bio   Filter | 056.300
2017-02-15 17:47:59 | TEMPLOG : WellhouseOne | 059.900
2017-02-15 17:47:59 | TEMPLOG : To   GeoLoop | 062.600
2017-02-15 17:50:01 | TEMPLOG : Bio   Filter | 055.400
2017-02-15 17:50:01 | TEMPLOG : To   GeoLoop | 063.500
2017-02-15 17:50:01 | TEMPLOG : Table    One | 054.500
2017-02-15 17:52:02 | TEMPLOG : WellhouseOne | 059.000
2017-02-15 17:52:02 | TEMPLOG : Bio   Filter | 056.300
2017-02-15 17:52:03 | TEMPLOG : To   GeoLoop | 062.600
2017-02-15 17:53:03 | TEMPLOG : Bio   Filter | 055.400
2017-02-15 17:55:05 | TEMPLOG : Table    One | 053.600
2017-02-15 17:56:06 | TEMPLOG : Table    One | 054.500
2017-02-15 17:57:07 | TEMPLOG : WellhouseOne | 058.100
2017-02-15 17:57:07 | TEMPLOG : Table    One | 053.600
2017-02-15 17:58:08 | TEMPLOG : Bio   Filter | 054.500
2017-02-15 18:00:11 | TEMPLOG : WellhouseOne | 058.100
2017-02-15 18:00:11 | TEMPLOG : Bio   Filter | 054.500
2017-02-15 18:00:12 | TEMPLOG : To   GeoLoop | 062.600
2017-02-15 18:00:12 | TEMPLOG : Table    One | 053.600
2017-02-15 18:05:18 | TEMPLOG : WellhouseOne | 117.500
2017-02-15 18:06:18 | TEMPLOG : WellhouseOne | 097.700
2017-02-15 18:07:19 | TEMPLOG : WellhouseOne | 083.300
2017-02-15 18:08:20 | TEMPLOG : WellhouseOne | 077.900
2017-02-15 18:09:22 | TEMPLOG : WellhouseOne | 073.400
2017-02-15 18:09:23 | TEMPLOG : Table    One | 052.700
2017-02-15 18:10:23 | TEMPLOG : WellhouseOne | 069.800
2017-02-15 18:10:23 | TEMPLOG : Bio   Filter | 053.600
2017-02-15 18:11:24 | TEMPLOG : WellhouseOne | 068.000
2017-02-15 18:12:25 | TEMPLOG : WellhouseOne | 066.200
2017-02-15 18:12:26 | TEMPLOG : To   GeoLoop | 061.700
2017-02-15 18:13:27 | TEMPLOG : WellhouseOne | 065.300
2017-02-15 18:13:28 | TEMPLOG : To   GeoLoop | 062.600
2017-02-15 18:14:28 | TEMPLOG : WellhouseOne | 064.400
2017-02-15 18:14:29 | TEMPLOG : To   GeoLoop | 061.700
2017-02-15 18:15:30 | TEMPLOG : WellhouseOne | 063.500
2017-02-15 18:16:31 | TEMPLOG : WellhouseOne | 062.600
2017-02-15 18:18:34 | TEMPLOG : WellhouseOne | 061.700
2017-02-15 18:18:35 | TEMPLOG : Table    One | 051.800
2017-02-15 18:19:35 | TEMPLOG : WellhouseOne | 060.800
2017-02-15 18:20:36 | TEMPLOG : Bio   Filter | 052.700
2017-02-15 18:22:38 | TEMPLOG : WellhouseOne | 059.900
2017-02-15 18:24:40 | TEMPLOG : WellhouseOne | 059.000
2017-02-15 18:27:45 | TEMPLOG : Bio   Filter | 051.800
2017-02-15 18:27:45 | TEMPLOG : Table    One | 050.900
2017-02-15 18:28:46 | TEMPLOG : WellhouseOne | 058.100
2017-02-15 18:31:48 | TEMPLOG : WellhouseOne | 057.200
2017-02-15 18:31:48 | TEMPLOG : To   GeoLoop | 060.800
2017-02-15 18:32:50 | TEMPLOG : To   GeoLoop | 061.700
2017-02-15 18:33:51 | TEMPLOG : To   GeoLoop | 060.800
2017-02-15 18:34:52 | TEMPLOG : WellhouseOne | 056.300
2017-02-15 18:34:52 | TEMPLOG : To   GeoLoop | 061.700
2017-02-15 18:35:54 | TEMPLOG : To   GeoLoop | 060.800
2017-02-15 18:36:55 | TEMPLOG : Table    One | 050.000
2017-02-15 18:37:56 | TEMPLOG : Table    One | 050.900
2017-02-15 18:38:57 | TEMPLOG : WellhouseOne | 055.400
2017-02-15 18:38:58 | TEMPLOG : Table    One | 050.000
2017-02-15 18:41:00 | TEMPLOG : Bio   Filter | 050.900
2017-02-15 18:42:01 | TEMPLOG : Bio   Filter | 051.800
2017-02-15 18:43:02 | TEMPLOG : Bio   Filter | 050.900
2017-02-15 18:44:02 | TEMPLOG : WellhouseOne | 054.500
2017-02-15 18:46:05 | TEMPLOG : WellhouseOne | 114.800
2017-02-15 18:47:06 | TEMPLOG : WellhouseOne | 113.000
2017-02-15 18:48:07 | TEMPLOG : WellhouseOne | 086.900
2017-02-15 18:49:09 | TEMPLOG : WellhouseOne | 077.900
2017-02-15 18:49:10 | TEMPLOG : Table    One | 049.100
2017-02-15 18:50:10 | TEMPLOG : WellhouseOne | 072.500
2017-02-15 18:51:11 | TEMPLOG : WellhouseOne | 068.900
2017-02-15 18:52:13 | TEMPLOG : WellhouseOne | 066.200
2017-02-15 18:53:14 | TEMPLOG : WellhouseOne | 064.400
2017-02-15 18:54:15 | TEMPLOG : WellhouseOne | 062.600
2017-02-15 18:55:16 | TEMPLOG : WellhouseOne | 061.700
2017-02-15 18:55:17 | TEMPLOG : Bio   Filter | 050.000
2017-02-15 18:56:18 | TEMPLOG : WellhouseOne | 060.800
2017-02-15 18:57:19 | TEMPLOG : WellhouseOne | 059.900
2017-02-15 18:58:21 | TEMPLOG : WellhouseOne | 059.000
2017-02-15 18:59:22 | TEMPLOG : WellhouseOne | 058.100
2017-02-15 18:59:22 | TEMPLOG : To   GeoLoop | 059.900
2017-02-15 19:00:23 | TEMPLOG : WellhouseOne | 058.100
2017-02-15 19:00:23 | TEMPLOG : Bio   Filter | 050.900
2017-02-15 19:00:23 | TEMPLOG : To   GeoLoop | 060.800
2017-02-15 19:00:24 | TEMPLOG : Table    One | 049.100
2017-02-15 19:01:24 | TEMPLOG : WellhouseOne | 057.200
2017-02-15 19:01:24 | TEMPLOG : Bio   Filter | 050.000
2017-02-15 19:02:26 | TEMPLOG : To   GeoLoop | 059.900
2017-02-15 19:04:28 | TEMPLOG : WellhouseOne | 056.300
2017-02-15 19:06:31 | TEMPLOG : WellhouseOne | 055.400
2017-02-15 19:06:32 | TEMPLOG : Table    One | 048.200
2017-02-15 19:09:34 | TEMPLOG : WellhouseOne | 054.500
2017-02-15 19:12:37 | TEMPLOG : WellhouseOne | 053.600
2017-02-15 19:13:38 | TEMPLOG : WellhouseOne | 054.500
2017-02-15 19:14:39 | TEMPLOG : WellhouseOne | 053.600
2017-02-15 19:16:42 | TEMPLOG : Bio   Filter | 049.100
2017-02-15 19:18:44 | TEMPLOG : WellhouseOne | 052.700
2017-02-15 19:21:49 | TEMPLOG : WellhouseOne | 055.400
2017-02-15 19:22:50 | TEMPLOG : WellhouseOne | 115.700
2017-02-15 19:23:52 | TEMPLOG : WellhouseOne | 120.200
2017-02-15 19:23:52 | TEMPLOG : Table    One | 047.300
2017-02-15 19:24:52 | TEMPLOG : WellhouseOne | 088.700
2017-02-15 19:25:54 | TEMPLOG : WellhouseOne | 078.800
2017-02-15 19:26:54 | TEMPLOG : WellhouseOne | 073.400
2017-02-15 19:27:56 | TEMPLOG : WellhouseOne | 068.900
2017-02-15 19:28:58 | TEMPLOG : WellhouseOne | 066.200
2017-02-15 19:28:58 | TEMPLOG : To   GeoLoop | 059.000
2017-02-15 19:29:59 | TEMPLOG : WellhouseOne | 064.400
2017-02-15 19:30:59 | TEMPLOG : WellhouseOne | 061.700
2017-02-15 19:31:00 | TEMPLOG : To   GeoLoop | 059.900
2017-02-15 19:32:01 | TEMPLOG : WellhouseOne | 059.900
2017-02-15 19:32:02 | TEMPLOG : To   GeoLoop | 059.000
2017-02-15 19:33:02 | TEMPLOG : WellhouseOne | 059.000
2017-02-15 19:34:04 | TEMPLOG : WellhouseOne | 058.100
2017-02-15 19:35:05 | TEMPLOG : WellhouseOne | 057.200
2017-02-15 19:36:06 | TEMPLOG : WellhouseOne | 056.300
2017-02-15 19:38:10 | TEMPLOG : WellhouseOne | 055.400
2017-02-15 19:39:11 | TEMPLOG : Bio   Filter | 048.200
2017-02-15 19:39:12 | TEMPLOG : Table    One | 046.400
2017-02-15 19:40:13 | TEMPLOG : Table    One | 047.300
2017-02-15 19:42:15 | TEMPLOG : WellhouseOne | 054.500
2017-02-15 19:43:17 | TEMPLOG : Table    One | 046.400
2017-02-15 19:44:18 | TEMPLOG : WellhouseOne | 053.600
2017-02-15 19:49:24 | TEMPLOG : WellhouseOne | 052.700
2017-02-15 19:57:33 | TEMPLOG : WellhouseOne | 079.700
2017-02-15 19:58:34 | TEMPLOG : WellhouseOne | 120.200
2017-02-15 19:59:35 | TEMPLOG : WellhouseOne | 102.200
2017-02-15 20:00:36 | TEMPLOG : WellhouseOne | 083.300
2017-02-15 20:00:37 | TEMPLOG : Bio   Filter | 048.200
2017-02-15 20:00:38 | TEMPLOG : To   GeoLoop | 059.000
2017-02-15 20:00:38 | TEMPLOG : Table    One | 046.400
2017-02-15 20:01:38 | TEMPLOG : WellhouseOne | 075.200
2017-02-15 20:02:39 | TEMPLOG : WellhouseOne | 071.600
2017-02-15 20:03:40 | TEMPLOG : WellhouseOne | 067.100
2017-02-15 20:04:41 | TEMPLOG : WellhouseOne | 065.300
2017-02-15 20:05:41 | TEMPLOG : WellhouseOne | 062.600
2017-02-15 20:05:42 | TEMPLOG : Bio   Filter | 047.300
2017-02-15 20:05:42 | TEMPLOG : To   GeoLoop | 058.100
2017-02-15 20:06:42 | TEMPLOG : WellhouseOne | 060.800
2017-02-15 20:07:43 | TEMPLOG : WellhouseOne | 059.900
2017-02-15 20:08:45 | TEMPLOG : WellhouseOne | 059.000
2017-02-15 20:08:46 | TEMPLOG : Table    One | 045.500
2017-02-15 20:09:46 | TEMPLOG : WellhouseOne | 058.100
2017-02-15 20:10:47 | TEMPLOG : WellhouseOne | 057.200
2017-02-15 20:11:48 | TEMPLOG : WellhouseOne | 056.300
2017-02-15 20:13:51 | TEMPLOG : WellhouseOne | 055.400
2017-02-15 20:15:53 | TEMPLOG : WellhouseOne | 054.500
2017-02-15 20:18:57 | TEMPLOG : WellhouseOne | 053.600
2017-02-15 20:22:00 | TEMPLOG : WellhouseOne | 052.700
2017-02-15 20:26:06 | TEMPLOG : WellhouseOne | 051.800
2017-02-15 20:26:06 | TEMPLOG : Bio   Filter | 046.400
2017-02-15 20:27:07 | TEMPLOG : Table    One | 044.600
2017-02-15 20:29:09 | TEMPLOG : Bio   Filter | 047.300
2017-02-15 20:30:11 | TEMPLOG : Bio   Filter | 046.400
2017-02-15 20:31:12 | TEMPLOG : WellhouseOne | 062.600
2017-02-15 20:32:13 | TEMPLOG : WellhouseOne | 114.800
2017-02-15 20:32:14 | TEMPLOG : To   GeoLoop | 057.200
2017-02-15 20:33:16 | TEMPLOG : WellhouseOne | 115.700
2017-02-15 20:33:16 | TEMPLOG : To   GeoLoop | 058.100
2017-02-15 20:34:17 | TEMPLOG : WellhouseOne | 088.700
2017-02-15 20:35:18 | TEMPLOG : WellhouseOne | 078.800
2017-02-15 20:35:18 | TEMPLOG : Bio   Filter | 047.300
2017-02-15 20:36:19 | TEMPLOG : WellhouseOne | 073.400
2017-02-15 20:37:22 | TEMPLOG : WellhouseOne | 068.900
2017-02-15 20:38:23 | TEMPLOG : WellhouseOne | 066.200
2017-02-15 20:39:24 | TEMPLOG : WellhouseOne | 064.400
2017-02-15 20:39:25 | TEMPLOG : To   GeoLoop | 057.200
2017-02-15 20:40:25 | TEMPLOG : WellhouseOne | 062.600
2017-02-15 20:41:26 | TEMPLOG : WellhouseOne | 060.800
2017-02-15 20:41:26 | TEMPLOG : Bio   Filter | 046.400
2017-02-15 20:41:27 | TEMPLOG : To   GeoLoop | 058.100
2017-02-15 20:42:27 | TEMPLOG : WellhouseOne | 059.000
2017-02-15 20:42:28 | TEMPLOG : To   GeoLoop | 057.200
2017-02-15 20:43:28 | TEMPLOG : WellhouseOne | 058.100
2017-02-15 20:43:29 | TEMPLOG : To   GeoLoop | 058.100
2017-02-15 20:44:29 | TEMPLOG : WellhouseOne | 057.200
2017-02-15 20:44:30 | TEMPLOG : To   GeoLoop | 057.200
2017-02-15 20:45:30 | TEMPLOG : WellhouseOne | 056.300
2017-02-15 20:47:33 | TEMPLOG : WellhouseOne | 055.400
2017-02-15 20:48:34 | TEMPLOG : WellhouseOne | 054.500
2017-02-15 20:50:38 | TEMPLOG : WellhouseOne | 053.600
2017-02-15 20:53:43 | TEMPLOG : WellhouseOne | 052.700
2017-02-15 20:53:43 | TEMPLOG : Bio   Filter | 045.500
2017-02-15 20:54:44 | TEMPLOG : Bio   Filter | 046.400
2017-02-15 20:56:46 | TEMPLOG : Table    One | 043.700
2017-02-15 20:57:48 | TEMPLOG : Table    One | 044.600
2017-02-15 20:58:48 | TEMPLOG : WellhouseOne | 051.800
2017-02-15 21:00:50 | TEMPLOG : WellhouseOne | 051.800
2017-02-15 21:00:50 | TEMPLOG : Bio   Filter | 046.400
2017-02-15 21:00:51 | TEMPLOG : To   GeoLoop | 057.200
2017-02-15 21:00:51 | TEMPLOG : Table    One | 044.600
2017-02-15 21:02:53 | TEMPLOG : WellhouseOne | 050.900
2017-02-15 21:03:54 | TEMPLOG : Bio   Filter | 045.500
2017-02-15 21:03:55 | TEMPLOG : Table    One | 043.700
2017-02-15 21:04:55 | TEMPLOG : WellhouseOne | 101.300
2017-02-15 21:05:56 | TEMPLOG : WellhouseOne | 122.900
2017-02-15 21:06:57 | TEMPLOG : WellhouseOne | 096.800
2017-02-15 21:07:58 | TEMPLOG : WellhouseOne | 082.400
2017-02-15 21:08:59 | TEMPLOG : WellhouseOne | 076.100
2017-02-15 21:10:00 | TEMPLOG : WellhouseOne | 070.700
2017-02-15 21:11:01 | TEMPLOG : WellhouseOne | 067.100
2017-02-15 21:12:02 | TEMPLOG : WellhouseOne | 064.400
2017-02-15 21:12:03 | TEMPLOG : Bio   Filter | 046.400
2017-02-15 21:13:04 | TEMPLOG : WellhouseOne | 062.600
2017-02-15 21:13:04 | TEMPLOG : Bio   Filter | 045.500
2017-02-15 21:14:05 | TEMPLOG : WellhouseOne | 060.800
2017-02-15 21:15:06 | TEMPLOG : WellhouseOne | 059.000
2017-02-15 21:16:08 | TEMPLOG : WellhouseOne | 058.100
2017-02-15 21:16:08 | TEMPLOG : To   GeoLoop | 056.300
2017-02-15 21:17:09 | TEMPLOG : WellhouseOne | 057.200
2017-02-15 21:18:10 | TEMPLOG : WellhouseOne | 055.400
2017-02-15 21:20:12 | TEMPLOG : WellhouseOne | 054.500
2017-02-15 21:21:14 | TEMPLOG : Bio   Filter | 046.400
2017-02-15 21:22:15 | TEMPLOG : WellhouseOne | 053.600
2017-02-15 21:22:15 | TEMPLOG : Bio   Filter | 045.500
2017-02-15 21:25:18 | TEMPLOG : WellhouseOne | 052.700
2017-02-15 21:27:21 | TEMPLOG : Bio   Filter | 044.600
2017-02-15 21:28:23 | TEMPLOG : WellhouseOne | 051.800
2017-02-15 21:28:23 | TEMPLOG : Bio   Filter | 045.500
2017-02-15 21:28:23 | TEMPLOG : Table    One | 042.800
2017-02-15 21:32:29 | TEMPLOG : Bio   Filter | 044.600
2017-02-15 21:33:29 | TEMPLOG : WellhouseOne | 050.900
2017-02-15 21:37:34 | TEMPLOG : WellhouseOne | 107.600
2017-02-15 21:38:36 | TEMPLOG : WellhouseOne | 125.600
2017-02-15 21:39:38 | TEMPLOG : WellhouseOne | 103.100
2017-02-15 21:40:39 | TEMPLOG : WellhouseOne | 085.100
2017-02-15 21:41:40 | TEMPLOG : WellhouseOne | 077.000
2017-02-15 21:42:41 | TEMPLOG : WellhouseOne | 072.500
2017-02-15 21:43:43 | TEMPLOG : WellhouseOne | 067.100
2017-02-15 21:44:43 | TEMPLOG : WellhouseOne | 063.500
2017-02-15 21:45:45 | TEMPLOG : WellhouseOne | 061.700
2017-02-15 21:46:46 | TEMPLOG : WellhouseOne | 060.800
2017-02-15 21:47:47 | TEMPLOG : WellhouseOne | 059.000
2017-02-15 21:48:48 | TEMPLOG : WellhouseOne | 058.100
2017-02-15 21:49:50 | TEMPLOG : WellhouseOne | 057.200
2017-02-15 21:50:51 | TEMPLOG : WellhouseOne | 056.300
2017-02-15 21:50:51 | TEMPLOG : Bio   Filter | 043.700
2017-02-15 21:51:52 | TEMPLOG : WellhouseOne | 055.400
2017-02-15 21:53:54 | TEMPLOG : WellhouseOne | 054.500
2017-02-15 21:55:56 | TEMPLOG : WellhouseOne | 053.600
2017-02-15 21:55:57 | TEMPLOG : Bio   Filter | 044.600
2017-02-15 21:55:57 | TEMPLOG : To   GeoLoop | 055.400
2017-02-15 21:56:57 | TEMPLOG : WellhouseOne | 052.700
2017-02-15 22:00:01 | TEMPLOG : WellhouseOne | 052.700
2017-02-15 22:00:01 | TEMPLOG : Bio   Filter | 044.600
2017-02-15 22:00:02 | TEMPLOG : To   GeoLoop | 055.400
2017-02-15 22:00:02 | TEMPLOG : Table    One | 042.800
2017-02-15 22:01:03 | TEMPLOG : WellhouseOne | 051.800
2017-02-15 22:05:07 | TEMPLOG : WellhouseOne | 050.900
2017-02-15 22:05:08 | TEMPLOG : Bio   Filter | 045.500
2017-02-15 22:06:10 | TEMPLOG : Bio   Filter | 044.600
2017-02-15 22:09:13 | TEMPLOG : WellhouseOne | 050.000
2017-02-15 22:10:14 | TEMPLOG : WellhouseOne | 099.500
2017-02-15 22:11:15 | TEMPLOG : WellhouseOne | 122.000
2017-02-15 22:12:16 | TEMPLOG : WellhouseOne | 111.200
2017-02-15 22:13:17 | TEMPLOG : WellhouseOne | 086.000
2017-02-15 22:13:18 | TEMPLOG : Table    One | 041.900
2017-02-15 22:14:18 | TEMPLOG : WellhouseOne | 077.000
2017-02-15 22:15:19 | TEMPLOG : WellhouseOne | 071.600
2017-02-15 22:16:20 | TEMPLOG : WellhouseOne | 066.200
2017-02-15 22:17:20 | TEMPLOG : WellhouseOne | 063.500
2017-02-15 22:18:21 | TEMPLOG : WellhouseOne | 060.800
2017-02-15 22:19:23 | TEMPLOG : WellhouseOne | 059.000
2017-02-15 22:19:23 | TEMPLOG : Bio   Filter | 043.700
2017-02-15 22:20:24 | TEMPLOG : WellhouseOne | 058.100
2017-02-15 22:20:24 | TEMPLOG : Bio   Filter | 044.600
2017-02-15 22:21:26 | TEMPLOG : WellhouseOne | 057.200
2017-02-15 22:21:26 | TEMPLOG : Bio   Filter | 043.700
2017-02-15 22:22:26 | TEMPLOG : WellhouseOne | 056.300
2017-02-15 22:22:27 | TEMPLOG : Bio   Filter | 044.600
2017-02-15 22:23:27 | TEMPLOG : WellhouseOne | 055.400
2017-02-15 22:23:28 | TEMPLOG : Bio   Filter | 043.700
2017-02-15 22:24:29 | TEMPLOG : WellhouseOne | 054.500
2017-02-15 22:24:29 | TEMPLOG : Bio   Filter | 044.600
2017-02-15 22:25:30 | TEMPLOG : WellhouseOne | 053.600
2017-02-15 22:27:33 | TEMPLOG : WellhouseOne | 052.700
2017-02-15 22:27:33 | TEMPLOG : Bio   Filter | 043.700
2017-02-15 22:30:36 | TEMPLOG : WellhouseOne | 051.800
2017-02-15 22:32:38 | TEMPLOG : WellhouseOne | 050.900
2017-02-15 22:32:39 | TEMPLOG : Bio   Filter | 044.600
2017-02-15 22:34:41 | TEMPLOG : Bio   Filter | 043.700
2017-02-15 22:37:44 | TEMPLOG : WellhouseOne | 050.000
2017-02-15 22:38:46 | TEMPLOG : To   GeoLoop | 054.500
2017-02-15 22:41:48 | TEMPLOG : WellhouseOne | 098.600
2017-02-15 22:41:48 | TEMPLOG : Bio   Filter | 044.600
2017-02-15 22:42:49 | TEMPLOG : WellhouseOne | 121.100
2017-02-15 22:42:49 | TEMPLOG : Bio   Filter | 043.700
2017-02-15 22:43:50 | TEMPLOG : WellhouseOne | 110.300
2017-02-15 22:44:51 | TEMPLOG : WellhouseOne | 086.900
2017-02-15 22:45:52 | TEMPLOG : WellhouseOne | 077.900
2017-02-15 22:46:53 | TEMPLOG : WellhouseOne | 071.600
2017-02-15 22:47:55 | TEMPLOG : WellhouseOne | 067.100
2017-02-15 22:48:56 | TEMPLOG : WellhouseOne | 063.500
2017-02-15 22:49:57 | TEMPLOG : WellhouseOne | 061.700
2017-02-15 22:50:58 | TEMPLOG : WellhouseOne | 059.900
2017-02-15 22:51:59 | TEMPLOG : WellhouseOne | 058.100
2017-02-15 22:53:00 | TEMPLOG : WellhouseOne | 057.200
2017-02-15 22:54:01 | TEMPLOG : WellhouseOne | 056.300
2017-02-15 22:54:02 | TEMPLOG : Table    One | 041.000
2017-02-15 22:55:02 | TEMPLOG : WellhouseOne | 055.400
2017-02-15 22:56:03 | TEMPLOG : WellhouseOne | 054.500
2017-02-15 22:56:04 | TEMPLOG : Bio   Filter | 042.800
2017-02-15 22:57:05 | TEMPLOG : WellhouseOne | 053.600
2017-02-15 22:57:05 | TEMPLOG : Bio   Filter | 043.700
2017-02-15 22:57:06 | TEMPLOG : Table    One | 041.900
2017-02-15 22:58:06 | TEMPLOG : WellhouseOne | 052.700
2017-02-15 22:59:09 | TEMPLOG : Table    One | 041.000
2017-02-15 23:00:09 | TEMPLOG : WellhouseOne | 052.700
2017-02-15 23:00:10 | TEMPLOG : Bio   Filter | 043.700
2017-02-15 23:00:11 | TEMPLOG : To   GeoLoop | 054.500
2017-02-15 23:00:11 | TEMPLOG : Table    One | 041.000
2017-02-15 23:01:11 | TEMPLOG : WellhouseOne | 051.800
2017-02-15 23:03:13 | TEMPLOG : WellhouseOne | 050.900
2017-02-15 23:07:19 | TEMPLOG : WellhouseOne | 050.000
2017-02-15 23:07:20 | TEMPLOG : Table    One | 041.900
2017-02-15 23:08:21 | TEMPLOG : Table    One | 041.000
2017-02-15 23:11:24 | TEMPLOG : WellhouseOne | 049.100
2017-02-15 23:11:24 | TEMPLOG : Bio   Filter | 042.800
2017-02-15 23:12:25 | TEMPLOG : WellhouseOne | 086.000
2017-02-15 23:12:25 | TEMPLOG : Bio   Filter | 043.700
2017-02-15 23:13:25 | TEMPLOG : WellhouseOne | 116.600
2017-02-15 23:14:27 | TEMPLOG : WellhouseOne | 129.200
2017-02-15 23:15:28 | TEMPLOG : WellhouseOne | 090.500
2017-02-15 23:16:29 | TEMPLOG : WellhouseOne | 080.600
2017-02-15 23:17:31 | TEMPLOG : WellhouseOne | 073.400
2017-02-15 23:18:32 | TEMPLOG : WellhouseOne | 068.000
2017-02-15 23:19:34 | TEMPLOG : WellhouseOne | 064.400
2017-02-15 23:20:36 | TEMPLOG : WellhouseOne | 061.700
2017-02-15 23:20:36 | TEMPLOG : Bio   Filter | 042.800
2017-02-15 23:21:37 | TEMPLOG : WellhouseOne | 059.000
2017-02-15 23:21:37 | TEMPLOG : Bio   Filter | 043.700
2017-02-15 23:22:38 | TEMPLOG : WellhouseOne | 058.100
2017-02-15 23:22:38 | TEMPLOG : Bio   Filter | 042.800
2017-02-15 23:23:39 | TEMPLOG : WellhouseOne | 056.300
2017-02-15 23:23:40 | TEMPLOG : To   GeoLoop | 053.600
2017-02-15 23:24:40 | TEMPLOG : WellhouseOne | 055.400
2017-02-15 23:24:40 | TEMPLOG : Bio   Filter | 043.700
2017-02-15 23:24:41 | TEMPLOG : To   GeoLoop | 054.500
2017-02-15 23:25:41 | TEMPLOG : WellhouseOne | 054.500
2017-02-15 23:25:42 | TEMPLOG : To   GeoLoop | 053.600
2017-02-15 23:26:42 | TEMPLOG : WellhouseOne | 053.600
2017-02-15 23:27:44 | TEMPLOG : Bio   Filter | 042.800
2017-02-15 23:28:45 | TEMPLOG : WellhouseOne | 052.700
2017-02-15 23:30:47 | TEMPLOG : WellhouseOne | 051.800
2017-02-15 23:31:49 | TEMPLOG : Bio   Filter | 043.700
2017-02-15 23:32:49 | TEMPLOG : Bio   Filter | 042.800
2017-02-15 23:33:50 | TEMPLOG : WellhouseOne | 050.900
2017-02-15 23:33:51 | TEMPLOG : Bio   Filter | 043.700
2017-02-15 23:37:55 | TEMPLOG : WellhouseOne | 050.000
2017-02-15 23:40:57 | TEMPLOG : WellhouseOne | 049.100
2017-02-15 23:40:57 | TEMPLOG : Bio   Filter | 042.800
2017-02-15 23:44:01 | TEMPLOG : WellhouseOne | 098.600
2017-02-15 23:44:02 | TEMPLOG : Table    One | 040.100
2017-02-15 23:45:02 | TEMPLOG : WellhouseOne | 120.200
2017-02-15 23:46:03 | TEMPLOG : WellhouseOne | 130.100
2017-02-15 23:47:04 | TEMPLOG : WellhouseOne | 090.500
2017-02-15 23:48:05 | TEMPLOG : WellhouseOne | 079.700
2017-02-15 23:49:06 | TEMPLOG : WellhouseOne | 072.500
2017-02-15 23:50:08 | TEMPLOG : WellhouseOne | 068.000
2017-02-15 23:51:09 | TEMPLOG : WellhouseOne | 063.500
2017-02-15 23:52:10 | TEMPLOG : WellhouseOne | 060.800
2017-02-15 23:53:11 | TEMPLOG : WellhouseOne | 059.000
2017-02-15 23:54:13 | TEMPLOG : WellhouseOne | 057.200
2017-02-15 23:55:14 | TEMPLOG : WellhouseOne | 056.300
2017-02-15 23:56:15 | TEMPLOG : WellhouseOne | 055.400
2017-02-15 23:57:16 | TEMPLOG : WellhouseOne | 054.500
2017-02-15 23:57:16 | TEMPLOG : Bio   Filter | 041.900
2017-02-15 23:58:17 | TEMPLOG : WellhouseOne | 053.600
2017-02-15 23:59:18 | TEMPLOG : Bio   Filter | 042.800
