2017-01-12 00:00:01 | TEMPLOG : WellhouseOne | 043.700
2017-01-12 00:00:01 | TEMPLOG : Bio   Filter | 029.300
2017-01-12 00:00:01 | TEMPLOG : To   GeoLoop | 041.900
2017-01-12 00:00:02 | TEMPLOG : Table    One | 028.400
2017-01-12 00:01:02 | TEMPLOG : WellhouseOne | 042.800
2017-01-12 00:02:03 | TEMPLOG : Bio   Filter | 028.400
2017-01-12 00:03:05 | TEMPLOG : WellhouseOne | 091.400
2017-01-12 00:04:06 | TEMPLOG : WellhouseOne | 113.900
2017-01-12 00:05:08 | TEMPLOG : WellhouseOne | 123.800
2017-01-12 00:06:09 | TEMPLOG : WellhouseOne | 128.300
2017-01-12 00:06:09 | TEMPLOG : Bio   Filter | 029.300
2017-01-12 00:06:10 | TEMPLOG : To   GeoLoop | 041.000
2017-01-12 00:07:10 | TEMPLOG : WellhouseOne | 131.900
2017-01-12 00:07:11 | TEMPLOG : To   GeoLoop | 041.900
2017-01-12 00:08:12 | TEMPLOG : WellhouseOne | 135.500
2017-01-12 00:08:12 | TEMPLOG : Bio   Filter | 028.400
2017-01-12 00:09:13 | TEMPLOG : WellhouseOne | 100.400
2017-01-12 00:10:14 | TEMPLOG : WellhouseOne | 083.300
2017-01-12 00:11:15 | TEMPLOG : WellhouseOne | 073.400
2017-01-12 00:12:16 | TEMPLOG : WellhouseOne | 067.100
2017-01-12 00:12:16 | TEMPLOG : To   GeoLoop | 041.000
2017-01-12 00:13:17 | TEMPLOG : WellhouseOne | 062.600
2017-01-12 00:14:18 | TEMPLOG : WellhouseOne | 059.000
2017-01-12 00:15:19 | TEMPLOG : WellhouseOne | 056.300
2017-01-12 00:16:20 | TEMPLOG : WellhouseOne | 054.500
2017-01-12 00:17:22 | TEMPLOG : WellhouseOne | 052.700
2017-01-12 00:18:23 | TEMPLOG : WellhouseOne | 050.900
2017-01-12 00:19:25 | TEMPLOG : WellhouseOne | 050.000
2017-01-12 00:20:26 | TEMPLOG : WellhouseOne | 049.100
2017-01-12 00:21:27 | TEMPLOG : WellhouseOne | 048.200
2017-01-12 00:22:28 | TEMPLOG : WellhouseOne | 047.300
2017-01-12 00:23:29 | TEMPLOG : WellhouseOne | 046.400
2017-01-12 00:24:30 | TEMPLOG : WellhouseOne | 045.500
2017-01-12 00:26:33 | TEMPLOG : WellhouseOne | 044.600
2017-01-12 00:28:36 | TEMPLOG : WellhouseOne | 043.700
2017-01-12 00:29:38 | TEMPLOG : WellhouseOne | 042.800
2017-01-12 00:31:41 | TEMPLOG : WellhouseOne | 099.500
2017-01-12 00:32:41 | TEMPLOG : WellhouseOne | 114.800
2017-01-12 00:33:42 | TEMPLOG : WellhouseOne | 123.800
2017-01-12 00:34:43 | TEMPLOG : WellhouseOne | 128.300
2017-01-12 00:35:45 | TEMPLOG : WellhouseOne | 131.900
2017-01-12 00:36:47 | TEMPLOG : WellhouseOne | 134.600
2017-01-12 00:37:47 | TEMPLOG : WellhouseOne | 107.600
2017-01-12 00:38:48 | TEMPLOG : WellhouseOne | 086.900
2017-01-12 00:39:50 | TEMPLOG : WellhouseOne | 075.200
2017-01-12 00:40:50 | TEMPLOG : WellhouseOne | 068.900
2017-01-12 00:41:51 | TEMPLOG : WellhouseOne | 064.400
2017-01-12 00:42:53 | TEMPLOG : WellhouseOne | 060.800
2017-01-12 00:43:54 | TEMPLOG : WellhouseOne | 058.100
2017-01-12 00:44:55 | TEMPLOG : WellhouseOne | 055.400
2017-01-12 00:45:56 | TEMPLOG : WellhouseOne | 053.600
2017-01-12 00:46:57 | TEMPLOG : WellhouseOne | 051.800
2017-01-12 00:47:58 | TEMPLOG : WellhouseOne | 050.900
2017-01-12 00:48:59 | TEMPLOG : WellhouseOne | 050.000
2017-01-12 00:50:00 | TEMPLOG : WellhouseOne | 049.100
2017-01-12 00:51:02 | TEMPLOG : WellhouseOne | 047.300
2017-01-12 00:52:03 | TEMPLOG : WellhouseOne | 046.400
2017-01-12 00:54:05 | TEMPLOG : WellhouseOne | 045.500
2017-01-12 00:56:08 | TEMPLOG : WellhouseOne | 044.600
2017-01-12 00:58:11 | TEMPLOG : WellhouseOne | 043.700
2017-01-12 01:00:14 | TEMPLOG : WellhouseOne | 073.400
2017-01-12 01:00:14 | TEMPLOG : Bio   Filter | 028.400
2017-01-12 01:00:15 | TEMPLOG : To   GeoLoop | 041.000
2017-01-12 01:00:15 | TEMPLOG : Table    One | 028.400
2017-01-12 01:01:15 | TEMPLOG : WellhouseOne | 110.300
2017-01-12 01:02:18 | TEMPLOG : WellhouseOne | 122.900
2017-01-12 01:03:19 | TEMPLOG : WellhouseOne | 128.300
2017-01-12 01:04:20 | TEMPLOG : WellhouseOne | 131.900
2017-01-12 01:05:21 | TEMPLOG : WellhouseOne | 110.300
2017-01-12 01:06:22 | TEMPLOG : WellhouseOne | 086.900
2017-01-12 01:07:23 | TEMPLOG : WellhouseOne | 076.100
2017-01-12 01:08:24 | TEMPLOG : WellhouseOne | 070.700
2017-01-12 01:09:25 | TEMPLOG : WellhouseOne | 064.400
2017-01-12 01:10:25 | TEMPLOG : WellhouseOne | 060.800
2017-01-12 01:11:26 | TEMPLOG : WellhouseOne | 058.100
2017-01-12 01:12:27 | TEMPLOG : WellhouseOne | 054.500
2017-01-12 01:13:29 | TEMPLOG : WellhouseOne | 053.600
2017-01-12 01:14:31 | TEMPLOG : WellhouseOne | 051.800
2017-01-12 01:15:32 | TEMPLOG : WellhouseOne | 050.900
2017-01-12 01:16:33 | TEMPLOG : WellhouseOne | 049.100
2017-01-12 01:17:34 | TEMPLOG : WellhouseOne | 048.200
2017-01-12 01:19:36 | TEMPLOG : WellhouseOne | 046.400
2017-01-12 01:21:39 | TEMPLOG : WellhouseOne | 044.600
2017-01-12 01:22:41 | TEMPLOG : WellhouseOne | 045.500
2017-01-12 01:23:42 | TEMPLOG : WellhouseOne | 044.600
2017-01-12 01:25:45 | TEMPLOG : WellhouseOne | 043.700
2017-01-12 01:27:47 | TEMPLOG : WellhouseOne | 047.300
2017-01-12 01:28:48 | TEMPLOG : WellhouseOne | 104.000
2017-01-12 01:29:49 | TEMPLOG : WellhouseOne | 118.400
2017-01-12 01:30:50 | TEMPLOG : WellhouseOne | 125.600
2017-01-12 01:31:51 | TEMPLOG : WellhouseOne | 129.200
2017-01-12 01:32:52 | TEMPLOG : WellhouseOne | 132.800
2017-01-12 01:33:53 | TEMPLOG : WellhouseOne | 134.600
2017-01-12 01:34:54 | TEMPLOG : WellhouseOne | 095.000
2017-01-12 01:35:55 | TEMPLOG : WellhouseOne | 082.400
2017-01-12 01:36:56 | TEMPLOG : WellhouseOne | 071.600
2017-01-12 01:37:59 | TEMPLOG : WellhouseOne | 066.200
2017-01-12 01:39:01 | TEMPLOG : WellhouseOne | 060.800
2017-01-12 01:40:03 | TEMPLOG : WellhouseOne | 058.100
2017-01-12 01:41:03 | TEMPLOG : WellhouseOne | 055.400
2017-01-12 01:42:04 | TEMPLOG : WellhouseOne | 052.700
2017-01-12 01:43:05 | TEMPLOG : WellhouseOne | 051.800
2017-01-12 01:44:06 | TEMPLOG : WellhouseOne | 050.900
2017-01-12 01:45:09 | TEMPLOG : WellhouseOne | 049.100
2017-01-12 01:46:11 | TEMPLOG : WellhouseOne | 048.200
2017-01-12 01:47:12 | TEMPLOG : WellhouseOne | 047.300
2017-01-12 01:49:13 | TEMPLOG : WellhouseOne | 046.400
2017-01-12 01:50:14 | TEMPLOG : WellhouseOne | 045.500
2017-01-12 01:51:16 | TEMPLOG : WellhouseOne | 044.600
2017-01-12 01:53:18 | TEMPLOG : WellhouseOne | 042.800
2017-01-12 01:54:20 | TEMPLOG : To   GeoLoop | 040.100
2017-01-12 01:55:22 | TEMPLOG : To   GeoLoop | 041.000
2017-01-12 01:57:23 | TEMPLOG : WellhouseOne | 097.700
2017-01-12 01:58:24 | TEMPLOG : WellhouseOne | 114.800
2017-01-12 01:59:24 | TEMPLOG : WellhouseOne | 123.800
2017-01-12 02:00:25 | TEMPLOG : WellhouseOne | 128.300
2017-01-12 02:00:25 | TEMPLOG : Bio   Filter | 028.400
2017-01-12 02:00:26 | TEMPLOG : To   GeoLoop | 041.000
2017-01-12 02:00:27 | TEMPLOG : Table    One | 028.400
2017-01-12 02:01:27 | TEMPLOG : WellhouseOne | 131.000
2017-01-12 02:02:28 | TEMPLOG : WellhouseOne | 133.700
2017-01-12 02:03:29 | TEMPLOG : WellhouseOne | 113.900
2017-01-12 02:04:31 | TEMPLOG : WellhouseOne | 089.600
2017-01-12 02:05:32 | TEMPLOG : WellhouseOne | 079.700
2017-01-12 02:06:34 | TEMPLOG : WellhouseOne | 072.500
2017-01-12 02:07:35 | TEMPLOG : WellhouseOne | 067.100
2017-01-12 02:07:36 | TEMPLOG : To   GeoLoop | 040.100
2017-01-12 02:08:36 | TEMPLOG : WellhouseOne | 061.700
2017-01-12 02:09:38 | TEMPLOG : WellhouseOne | 059.000
2017-01-12 02:10:39 | TEMPLOG : WellhouseOne | 056.300
2017-01-12 02:11:40 | TEMPLOG : WellhouseOne | 054.500
2017-01-12 02:12:42 | TEMPLOG : WellhouseOne | 052.700
2017-01-12 02:12:43 | TEMPLOG : To   GeoLoop | 041.000
2017-01-12 02:13:43 | TEMPLOG : WellhouseOne | 051.800
2017-01-12 02:13:44 | TEMPLOG : To   GeoLoop | 040.100
2017-01-12 02:14:44 | TEMPLOG : WellhouseOne | 050.000
2017-01-12 02:15:47 | TEMPLOG : WellhouseOne | 049.100
2017-01-12 02:16:48 | TEMPLOG : WellhouseOne | 048.200
2017-01-12 02:18:50 | TEMPLOG : WellhouseOne | 047.300
2017-01-12 02:19:51 | TEMPLOG : WellhouseOne | 046.400
2017-01-12 02:21:53 | TEMPLOG : WellhouseOne | 045.500
2017-01-12 02:22:55 | TEMPLOG : WellhouseOne | 044.600
2017-01-12 02:24:57 | TEMPLOG : WellhouseOne | 043.700
2017-01-12 02:24:58 | TEMPLOG : Table    One | 027.500
2017-01-12 02:25:58 | TEMPLOG : WellhouseOne | 076.100
2017-01-12 02:27:00 | TEMPLOG : WellhouseOne | 111.200
2017-01-12 02:27:01 | TEMPLOG : Table    One | 028.400
2017-01-12 02:28:01 | TEMPLOG : WellhouseOne | 122.000
2017-01-12 02:29:03 | TEMPLOG : WellhouseOne | 130.100
2017-01-12 02:29:03 | TEMPLOG : Table    One | 027.500
2017-01-12 02:30:03 | TEMPLOG : WellhouseOne | 133.700
2017-01-12 02:31:05 | TEMPLOG : WellhouseOne | 093.200
2017-01-12 02:31:05 | TEMPLOG : Bio   Filter | 027.500
2017-01-12 02:32:06 | TEMPLOG : WellhouseOne | 077.900
2017-01-12 02:32:06 | TEMPLOG : Bio   Filter | 028.400
2017-01-12 02:33:07 | TEMPLOG : WellhouseOne | 068.000
2017-01-12 02:34:09 | TEMPLOG : WellhouseOne | 064.400
2017-01-12 02:34:09 | TEMPLOG : Bio   Filter | 027.500
2017-01-12 02:35:10 | TEMPLOG : WellhouseOne | 060.800
2017-01-12 02:35:11 | TEMPLOG : Bio   Filter | 028.400
2017-01-12 02:36:11 | TEMPLOG : WellhouseOne | 058.100
2017-01-12 02:37:12 | TEMPLOG : WellhouseOne | 056.300
2017-01-12 02:38:14 | TEMPLOG : WellhouseOne | 054.500
2017-01-12 02:38:15 | TEMPLOG : Table    One | 028.400
2017-01-12 02:39:15 | TEMPLOG : WellhouseOne | 051.800
2017-01-12 02:40:17 | TEMPLOG : WellhouseOne | 050.900
2017-01-12 02:40:17 | TEMPLOG : Table    One | 027.500
2017-01-12 02:41:18 | TEMPLOG : WellhouseOne | 050.000
2017-01-12 02:41:18 | TEMPLOG : Table    One | 028.400
2017-01-12 02:42:19 | TEMPLOG : WellhouseOne | 049.100
2017-01-12 02:43:20 | TEMPLOG : WellhouseOne | 047.300
2017-01-12 02:44:21 | TEMPLOG : WellhouseOne | 046.400
2017-01-12 02:46:24 | TEMPLOG : WellhouseOne | 045.500
2017-01-12 02:47:25 | TEMPLOG : WellhouseOne | 044.600
2017-01-12 02:47:26 | TEMPLOG : Table    One | 027.500
2017-01-12 02:50:29 | TEMPLOG : WellhouseOne | 043.700
2017-01-12 02:51:30 | TEMPLOG : WellhouseOne | 042.800
2017-01-12 02:52:31 | TEMPLOG : WellhouseOne | 061.700
2017-01-12 02:53:32 | TEMPLOG : WellhouseOne | 106.700
2017-01-12 02:54:33 | TEMPLOG : WellhouseOne | 120.200
2017-01-12 02:55:34 | TEMPLOG : WellhouseOne | 126.500
2017-01-12 02:56:35 | TEMPLOG : WellhouseOne | 130.100
2017-01-12 02:56:36 | TEMPLOG : Table    One | 028.400
2017-01-12 02:57:37 | TEMPLOG : WellhouseOne | 132.800
2017-01-12 02:57:38 | TEMPLOG : Table    One | 027.500
2017-01-12 02:58:39 | TEMPLOG : WellhouseOne | 102.200
2017-01-12 02:59:39 | TEMPLOG : WellhouseOne | 086.000
2017-01-12 03:00:40 | TEMPLOG : WellhouseOne | 075.200
2017-01-12 03:00:40 | TEMPLOG : Bio   Filter | 028.400
2017-01-12 03:00:41 | TEMPLOG : To   GeoLoop | 040.100
2017-01-12 03:00:41 | TEMPLOG : Table    One | 027.500
2017-01-12 03:01:41 | TEMPLOG : WellhouseOne | 068.900
2017-01-12 03:02:43 | TEMPLOG : WellhouseOne | 063.500
2017-01-12 03:03:44 | TEMPLOG : WellhouseOne | 059.000
2017-01-12 03:04:47 | TEMPLOG : WellhouseOne | 055.400
2017-01-12 03:05:48 | TEMPLOG : WellhouseOne | 053.600
2017-01-12 03:06:49 | TEMPLOG : WellhouseOne | 051.800
2017-01-12 03:06:49 | TEMPLOG : Bio   Filter | 027.500
2017-01-12 03:07:51 | TEMPLOG : WellhouseOne | 050.900
2017-01-12 03:07:51 | TEMPLOG : Bio   Filter | 028.400
2017-01-12 03:08:52 | TEMPLOG : WellhouseOne | 050.000
2017-01-12 03:09:53 | TEMPLOG : WellhouseOne | 048.200
2017-01-12 03:09:53 | TEMPLOG : Bio   Filter | 027.500
2017-01-12 03:10:54 | TEMPLOG : Bio   Filter | 028.400
2017-01-12 03:11:55 | TEMPLOG : WellhouseOne | 047.300
2017-01-12 03:12:57 | TEMPLOG : WellhouseOne | 046.400
2017-01-12 03:12:57 | TEMPLOG : Bio   Filter | 027.500
2017-01-12 03:13:58 | TEMPLOG : WellhouseOne | 045.500
2017-01-12 03:13:58 | TEMPLOG : Bio   Filter | 028.400
2017-01-12 03:16:00 | TEMPLOG : WellhouseOne | 044.600
2017-01-12 03:18:03 | TEMPLOG : WellhouseOne | 043.700
2017-01-12 03:21:08 | TEMPLOG : WellhouseOne | 102.200
2017-01-12 03:22:09 | TEMPLOG : WellhouseOne | 118.400
2017-01-12 03:23:10 | TEMPLOG : WellhouseOne | 125.600
2017-01-12 03:24:11 | TEMPLOG : WellhouseOne | 130.100
2017-01-12 03:25:12 | TEMPLOG : WellhouseOne | 133.700
2017-01-12 03:26:13 | TEMPLOG : WellhouseOne | 119.300
2017-01-12 03:27:14 | TEMPLOG : WellhouseOne | 092.300
2017-01-12 03:28:15 | TEMPLOG : WellhouseOne | 079.700
2017-01-12 03:29:16 | TEMPLOG : WellhouseOne | 071.600
2017-01-12 03:30:17 | TEMPLOG : WellhouseOne | 065.300
2017-01-12 03:31:18 | TEMPLOG : WellhouseOne | 059.900
2017-01-12 03:32:19 | TEMPLOG : WellhouseOne | 057.200
2017-01-12 03:33:20 | TEMPLOG : WellhouseOne | 054.500
2017-01-12 03:34:21 | TEMPLOG : WellhouseOne | 053.600
2017-01-12 03:35:22 | TEMPLOG : WellhouseOne | 051.800
2017-01-12 03:36:23 | TEMPLOG : WellhouseOne | 050.900
2017-01-12 03:37:26 | TEMPLOG : WellhouseOne | 049.100
2017-01-12 03:39:28 | TEMPLOG : WellhouseOne | 048.200
2017-01-12 03:40:29 | TEMPLOG : WellhouseOne | 047.300
2017-01-12 03:41:30 | TEMPLOG : WellhouseOne | 046.400
2017-01-12 03:43:32 | TEMPLOG : WellhouseOne | 045.500
2017-01-12 03:44:33 | TEMPLOG : WellhouseOne | 044.600
2017-01-12 03:46:35 | TEMPLOG : WellhouseOne | 043.700
2017-01-12 03:47:38 | TEMPLOG : Table    One | 028.400
2017-01-12 03:48:38 | TEMPLOG : WellhouseOne | 044.600
2017-01-12 03:48:39 | TEMPLOG : Table    One | 027.500
2017-01-12 03:49:40 | TEMPLOG : WellhouseOne | 102.200
2017-01-12 03:50:41 | TEMPLOG : WellhouseOne | 117.500
2017-01-12 03:51:42 | TEMPLOG : WellhouseOne | 124.700
2017-01-12 03:52:43 | TEMPLOG : WellhouseOne | 129.200
2017-01-12 03:53:44 | TEMPLOG : WellhouseOne | 131.900
2017-01-12 03:54:46 | TEMPLOG : WellhouseOne | 104.000
2017-01-12 03:55:47 | TEMPLOG : WellhouseOne | 084.200
2017-01-12 03:56:49 | TEMPLOG : WellhouseOne | 076.100
2017-01-12 03:57:50 | TEMPLOG : WellhouseOne | 068.000
2017-01-12 03:58:51 | TEMPLOG : WellhouseOne | 063.500
2017-01-12 03:59:54 | TEMPLOG : WellhouseOne | 059.900
2017-01-12 04:00:54 | TEMPLOG : WellhouseOne | 057.200
2017-01-12 04:00:55 | TEMPLOG : Bio   Filter | 028.400
2017-01-12 04:00:55 | TEMPLOG : To   GeoLoop | 040.100
2017-01-12 04:00:55 | TEMPLOG : Table    One | 027.500
2017-01-12 04:01:55 | TEMPLOG : WellhouseOne | 055.400
2017-01-12 04:02:56 | TEMPLOG : WellhouseOne | 052.700
2017-01-12 04:02:56 | TEMPLOG : Bio   Filter | 027.500
2017-01-12 04:03:58 | TEMPLOG : WellhouseOne | 051.800
2017-01-12 04:03:58 | TEMPLOG : Bio   Filter | 028.400
2017-01-12 04:04:59 | TEMPLOG : WellhouseOne | 050.000
2017-01-12 04:06:00 | TEMPLOG : WellhouseOne | 049.100
2017-01-12 04:06:01 | TEMPLOG : To   GeoLoop | 039.200
2017-01-12 04:07:02 | TEMPLOG : WellhouseOne | 048.200
2017-01-12 04:07:03 | TEMPLOG : To   GeoLoop | 040.100
2017-01-12 04:08:03 | TEMPLOG : WellhouseOne | 047.300
2017-01-12 04:08:04 | TEMPLOG : Table    One | 028.400
2017-01-12 04:09:04 | TEMPLOG : WellhouseOne | 046.400
2017-01-12 04:09:05 | TEMPLOG : To   GeoLoop | 039.200
2017-01-12 04:10:06 | TEMPLOG : To   GeoLoop | 040.100
2017-01-12 04:11:07 | TEMPLOG : WellhouseOne | 045.500
2017-01-12 04:13:09 | TEMPLOG : WellhouseOne | 044.600
2017-01-12 04:15:11 | TEMPLOG : WellhouseOne | 043.700
2017-01-12 04:17:13 | TEMPLOG : WellhouseOne | 042.800
2017-01-12 04:18:14 | TEMPLOG : WellhouseOne | 095.000
2017-01-12 04:19:16 | TEMPLOG : WellhouseOne | 113.900
2017-01-12 04:20:18 | TEMPLOG : WellhouseOne | 121.100
2017-01-12 04:21:20 | TEMPLOG : WellhouseOne | 127.400
2017-01-12 04:22:23 | TEMPLOG : WellhouseOne | 131.000
2017-01-12 04:22:23 | TEMPLOG : To   GeoLoop | 039.200
2017-01-12 04:23:23 | TEMPLOG : WellhouseOne | 126.500
2017-01-12 04:23:24 | TEMPLOG : To   GeoLoop | 040.100
2017-01-12 04:24:25 | TEMPLOG : WellhouseOne | 087.800
2017-01-12 04:25:26 | TEMPLOG : WellhouseOne | 077.000
2017-01-12 04:26:27 | TEMPLOG : WellhouseOne | 068.900
2017-01-12 04:26:27 | TEMPLOG : To   GeoLoop | 039.200
2017-01-12 04:27:27 | TEMPLOG : WellhouseOne | 065.300
2017-01-12 04:27:28 | TEMPLOG : To   GeoLoop | 040.100
2017-01-12 04:28:28 | TEMPLOG : WellhouseOne | 059.900
2017-01-12 04:29:30 | TEMPLOG : WellhouseOne | 057.200
2017-01-12 04:30:32 | TEMPLOG : WellhouseOne | 055.400
2017-01-12 04:31:33 | TEMPLOG : WellhouseOne | 053.600
2017-01-12 04:32:34 | TEMPLOG : WellhouseOne | 052.700
2017-01-12 04:33:34 | TEMPLOG : WellhouseOne | 050.900
2017-01-12 04:34:36 | TEMPLOG : WellhouseOne | 049.100
2017-01-12 04:35:37 | TEMPLOG : To   GeoLoop | 039.200
2017-01-12 04:36:38 | TEMPLOG : WellhouseOne | 048.200
2017-01-12 04:36:40 | TEMPLOG : To   GeoLoop | 040.100
2017-01-12 04:37:40 | TEMPLOG : WellhouseOne | 047.300
2017-01-12 04:39:42 | TEMPLOG : WellhouseOne | 045.500
2017-01-12 04:40:45 | TEMPLOG : To   GeoLoop | 039.200
2017-01-12 04:41:46 | TEMPLOG : WellhouseOne | 044.600
2017-01-12 04:41:46 | TEMPLOG : To   GeoLoop | 040.100
2017-01-12 04:43:49 | TEMPLOG : WellhouseOne | 043.700
2017-01-12 04:43:49 | TEMPLOG : Bio   Filter | 029.300
2017-01-12 04:46:53 | TEMPLOG : WellhouseOne | 089.600
2017-01-12 04:46:54 | TEMPLOG : Table    One | 029.300
2017-01-12 04:47:54 | TEMPLOG : WellhouseOne | 113.900
2017-01-12 04:48:55 | TEMPLOG : WellhouseOne | 124.700
2017-01-12 04:49:56 | TEMPLOG : WellhouseOne | 130.100
2017-01-12 04:50:57 | TEMPLOG : WellhouseOne | 112.100
2017-01-12 04:51:58 | TEMPLOG : WellhouseOne | 084.200
2017-01-12 04:52:59 | TEMPLOG : WellhouseOne | 074.300
2017-01-12 04:54:02 | TEMPLOG : WellhouseOne | 068.000
2017-01-12 04:55:03 | TEMPLOG : WellhouseOne | 063.500
2017-01-12 04:56:05 | TEMPLOG : WellhouseOne | 059.900
2017-01-12 04:57:07 | TEMPLOG : WellhouseOne | 057.200
2017-01-12 04:58:08 | TEMPLOG : WellhouseOne | 055.400
2017-01-12 04:59:10 | TEMPLOG : WellhouseOne | 053.600
2017-01-12 05:00:12 | TEMPLOG : WellhouseOne | 051.800
2017-01-12 05:00:12 | TEMPLOG : Bio   Filter | 029.300
2017-01-12 05:00:12 | TEMPLOG : To   GeoLoop | 040.100
2017-01-12 05:00:12 | TEMPLOG : Table    One | 029.300
2017-01-12 05:01:13 | TEMPLOG : WellhouseOne | 050.900
2017-01-12 05:02:14 | TEMPLOG : WellhouseOne | 050.000
2017-01-12 05:03:14 | TEMPLOG : WellhouseOne | 049.100
2017-01-12 05:04:15 | TEMPLOG : WellhouseOne | 048.200
2017-01-12 05:05:16 | TEMPLOG : WellhouseOne | 047.300
2017-01-12 05:07:20 | TEMPLOG : WellhouseOne | 046.400
2017-01-12 05:09:21 | TEMPLOG : WellhouseOne | 045.500
2017-01-12 05:10:23 | TEMPLOG : WellhouseOne | 044.600
2017-01-12 05:11:24 | TEMPLOG : WellhouseOne | 043.700
2017-01-12 05:13:27 | TEMPLOG : To   GeoLoop | 039.200
2017-01-12 05:14:28 | TEMPLOG : WellhouseOne | 097.700
2017-01-12 05:14:28 | TEMPLOG : To   GeoLoop | 040.100
2017-01-12 05:15:29 | TEMPLOG : WellhouseOne | 115.700
2017-01-12 05:15:29 | TEMPLOG : To   GeoLoop | 039.200
2017-01-12 05:16:30 | TEMPLOG : WellhouseOne | 124.700
2017-01-12 05:16:31 | TEMPLOG : To   GeoLoop | 040.100
2017-01-12 05:16:31 | TEMPLOG : Table    One | 028.400
2017-01-12 05:17:31 | TEMPLOG : WellhouseOne | 130.100
2017-01-12 05:17:32 | TEMPLOG : To   GeoLoop | 039.200
2017-01-12 05:17:33 | TEMPLOG : Table    One | 029.300
2017-01-12 05:18:33 | TEMPLOG : WellhouseOne | 132.800
2017-01-12 05:19:35 | TEMPLOG : WellhouseOne | 102.200
2017-01-12 05:19:35 | TEMPLOG : Table    One | 028.400
2017-01-12 05:20:35 | TEMPLOG : WellhouseOne | 085.100
2017-01-12 05:21:37 | TEMPLOG : WellhouseOne | 076.100
2017-01-12 05:22:38 | TEMPLOG : WellhouseOne | 068.900
2017-01-12 05:22:38 | TEMPLOG : Bio   Filter | 028.400
2017-01-12 05:23:39 | TEMPLOG : WellhouseOne | 063.500
2017-01-12 05:23:39 | TEMPLOG : Bio   Filter | 029.300
2017-01-12 05:24:41 | TEMPLOG : WellhouseOne | 059.900
2017-01-12 05:25:43 | TEMPLOG : WellhouseOne | 056.300
2017-01-12 05:25:44 | TEMPLOG : Bio   Filter | 028.400
2017-01-12 05:26:45 | TEMPLOG : WellhouseOne | 055.400
2017-01-12 05:27:46 | TEMPLOG : WellhouseOne | 053.600
2017-01-12 05:27:46 | TEMPLOG : Bio   Filter | 029.300
2017-01-12 05:28:47 | TEMPLOG : WellhouseOne | 052.700
2017-01-12 05:28:47 | TEMPLOG : Bio   Filter | 028.400
2017-01-12 05:29:48 | TEMPLOG : WellhouseOne | 050.900
2017-01-12 05:30:49 | TEMPLOG : WellhouseOne | 050.000
2017-01-12 05:31:50 | TEMPLOG : WellhouseOne | 049.100
2017-01-12 05:32:52 | TEMPLOG : Bio   Filter | 029.300
2017-01-12 05:33:53 | TEMPLOG : WellhouseOne | 048.200
2017-01-12 05:33:54 | TEMPLOG : Bio   Filter | 028.400
2017-01-12 05:34:54 | TEMPLOG : WellhouseOne | 047.300
2017-01-12 05:35:55 | TEMPLOG : WellhouseOne | 046.400
2017-01-12 05:37:58 | TEMPLOG : WellhouseOne | 045.500
2017-01-12 05:38:59 | TEMPLOG : Bio   Filter | 029.300
2017-01-12 05:40:00 | TEMPLOG : WellhouseOne | 044.600
2017-01-12 05:42:02 | TEMPLOG : Bio   Filter | 028.400
2017-01-12 05:43:04 | TEMPLOG : WellhouseOne | 095.000
2017-01-12 05:43:04 | TEMPLOG : Bio   Filter | 029.300
2017-01-12 05:44:06 | TEMPLOG : WellhouseOne | 113.000
2017-01-12 05:45:06 | TEMPLOG : WellhouseOne | 121.100
2017-01-12 05:45:07 | TEMPLOG : Bio   Filter | 028.400
2017-01-12 05:46:08 | TEMPLOG : WellhouseOne | 127.400
2017-01-12 05:46:08 | TEMPLOG : Bio   Filter | 029.300
2017-01-12 05:47:09 | TEMPLOG : WellhouseOne | 130.100
2017-01-12 05:47:10 | TEMPLOG : Bio   Filter | 028.400
2017-01-12 05:48:11 | TEMPLOG : WellhouseOne | 127.400
2017-01-12 05:49:14 | TEMPLOG : WellhouseOne | 089.600
2017-01-12 05:50:15 | TEMPLOG : WellhouseOne | 077.900
2017-01-12 05:51:17 | TEMPLOG : WellhouseOne | 071.600
2017-01-12 05:52:18 | TEMPLOG : WellhouseOne | 065.300
2017-01-12 05:53:19 | TEMPLOG : WellhouseOne | 061.700
2017-01-12 05:54:20 | TEMPLOG : WellhouseOne | 059.000
2017-01-12 05:55:21 | TEMPLOG : WellhouseOne | 056.300
2017-01-12 05:56:22 | TEMPLOG : WellhouseOne | 054.500
2017-01-12 05:57:24 | TEMPLOG : WellhouseOne | 053.600
2017-01-12 05:58:26 | TEMPLOG : WellhouseOne | 051.800
2017-01-12 05:59:27 | TEMPLOG : WellhouseOne | 050.900
2017-01-12 06:00:29 | TEMPLOG : WellhouseOne | 050.000
2017-01-12 06:00:29 | TEMPLOG : Bio   Filter | 028.400
2017-01-12 06:00:29 | TEMPLOG : To   GeoLoop | 039.200
2017-01-12 06:00:29 | TEMPLOG : Table    One | 028.400
2017-01-12 06:01:30 | TEMPLOG : WellhouseOne | 049.100
2017-01-12 06:02:30 | TEMPLOG : WellhouseOne | 048.200
2017-01-12 06:02:31 | TEMPLOG : Bio   Filter | 029.300
2017-01-12 06:03:32 | TEMPLOG : WellhouseOne | 047.300
2017-01-12 06:05:35 | TEMPLOG : WellhouseOne | 046.400
2017-01-12 06:07:38 | TEMPLOG : WellhouseOne | 045.500
2017-01-12 06:09:41 | TEMPLOG : WellhouseOne | 044.600
2017-01-12 06:12:46 | TEMPLOG : WellhouseOne | 100.400
2017-01-12 06:13:47 | TEMPLOG : WellhouseOne | 113.900
2017-01-12 06:14:48 | TEMPLOG : WellhouseOne | 122.000
2017-01-12 06:15:49 | TEMPLOG : WellhouseOne | 125.600
2017-01-12 06:16:50 | TEMPLOG : WellhouseOne | 131.900
2017-01-12 06:17:52 | TEMPLOG : WellhouseOne | 105.800
2017-01-12 06:18:53 | TEMPLOG : WellhouseOne | 085.100
2017-01-12 06:19:55 | TEMPLOG : WellhouseOne | 077.000
2017-01-12 06:20:56 | TEMPLOG : WellhouseOne | 068.900
2017-01-12 06:21:56 | TEMPLOG : WellhouseOne | 064.400
2017-01-12 06:22:58 | TEMPLOG : WellhouseOne | 060.800
2017-01-12 06:23:59 | TEMPLOG : WellhouseOne | 058.100
2017-01-12 06:25:00 | TEMPLOG : WellhouseOne | 055.400
2017-01-12 06:26:02 | TEMPLOG : WellhouseOne | 053.600
2017-01-12 06:27:03 | TEMPLOG : WellhouseOne | 051.800
2017-01-12 06:28:04 | TEMPLOG : WellhouseOne | 050.900
2017-01-12 06:29:05 | TEMPLOG : WellhouseOne | 050.000
2017-01-12 06:30:06 | TEMPLOG : WellhouseOne | 049.100
2017-01-12 06:31:08 | TEMPLOG : WellhouseOne | 048.200
2017-01-12 06:32:08 | TEMPLOG : WellhouseOne | 047.300
2017-01-12 06:34:11 | TEMPLOG : WellhouseOne | 046.400
2017-01-12 06:35:12 | TEMPLOG : WellhouseOne | 045.500
2017-01-12 06:37:15 | TEMPLOG : WellhouseOne | 044.600
2017-01-12 06:40:19 | TEMPLOG : WellhouseOne | 067.100
2017-01-12 06:41:20 | TEMPLOG : WellhouseOne | 104.900
2017-01-12 06:42:21 | TEMPLOG : WellhouseOne | 116.600
2017-01-12 06:43:22 | TEMPLOG : WellhouseOne | 123.800
2017-01-12 06:44:23 | TEMPLOG : WellhouseOne | 128.300
2017-01-12 06:45:24 | TEMPLOG : WellhouseOne | 131.000
2017-01-12 06:46:25 | TEMPLOG : WellhouseOne | 102.200
2017-01-12 06:47:25 | TEMPLOG : WellhouseOne | 086.000
2017-01-12 06:48:27 | TEMPLOG : WellhouseOne | 075.200
2017-01-12 06:49:28 | TEMPLOG : WellhouseOne | 068.000
2017-01-12 06:50:30 | TEMPLOG : WellhouseOne | 063.500
2017-01-12 06:51:32 | TEMPLOG : WellhouseOne | 060.800
2017-01-12 06:52:33 | TEMPLOG : WellhouseOne | 057.200
2017-01-12 06:53:34 | TEMPLOG : WellhouseOne | 055.400
2017-01-12 06:54:35 | TEMPLOG : WellhouseOne | 053.600
2017-01-12 06:55:37 | TEMPLOG : WellhouseOne | 052.700
2017-01-12 06:55:38 | TEMPLOG : Table    One | 029.300
2017-01-12 06:56:38 | TEMPLOG : WellhouseOne | 050.900
2017-01-12 06:57:40 | TEMPLOG : WellhouseOne | 050.000
2017-01-12 06:58:41 | TEMPLOG : WellhouseOne | 049.100
2017-01-12 06:59:42 | TEMPLOG : WellhouseOne | 048.200
2017-01-12 07:00:43 | TEMPLOG : WellhouseOne | 048.200
2017-01-12 07:00:43 | TEMPLOG : Bio   Filter | 029.300
2017-01-12 07:00:43 | TEMPLOG : To   GeoLoop | 039.200
2017-01-12 07:00:44 | TEMPLOG : Table    One | 029.300
2017-01-12 07:01:44 | TEMPLOG : WellhouseOne | 047.300
2017-01-12 07:03:46 | TEMPLOG : WellhouseOne | 046.400
2017-01-12 07:05:49 | TEMPLOG : WellhouseOne | 045.500
2017-01-12 07:08:52 | TEMPLOG : WellhouseOne | 044.600
2017-01-12 07:09:54 | TEMPLOG : WellhouseOne | 064.400
2017-01-12 07:10:55 | TEMPLOG : WellhouseOne | 106.700
2017-01-12 07:11:57 | TEMPLOG : WellhouseOne | 120.200
2017-01-12 07:12:58 | TEMPLOG : WellhouseOne | 125.600
2017-01-12 07:13:59 | TEMPLOG : WellhouseOne | 131.900
2017-01-12 07:15:00 | TEMPLOG : WellhouseOne | 090.500
2017-01-12 07:16:01 | TEMPLOG : WellhouseOne | 077.000
2017-01-12 07:17:02 | TEMPLOG : WellhouseOne | 070.700
2017-01-12 07:18:04 | TEMPLOG : WellhouseOne | 066.200
2017-01-12 07:19:06 | TEMPLOG : WellhouseOne | 062.600
2017-01-12 07:20:07 | TEMPLOG : WellhouseOne | 058.100
2017-01-12 07:21:09 | TEMPLOG : WellhouseOne | 056.300
2017-01-12 07:22:10 | TEMPLOG : WellhouseOne | 054.500
2017-01-12 07:23:11 | TEMPLOG : WellhouseOne | 052.700
2017-01-12 07:24:13 | TEMPLOG : WellhouseOne | 051.800
2017-01-12 07:25:14 | TEMPLOG : WellhouseOne | 050.900
2017-01-12 07:26:15 | TEMPLOG : WellhouseOne | 049.100
2017-01-12 07:28:17 | TEMPLOG : WellhouseOne | 048.200
2017-01-12 07:30:20 | TEMPLOG : WellhouseOne | 047.300
2017-01-12 07:32:22 | TEMPLOG : WellhouseOne | 046.400
2017-01-12 07:33:24 | TEMPLOG : WellhouseOne | 045.500
2017-01-12 07:33:25 | TEMPLOG : Bio   Filter | 030.200
2017-01-12 07:34:26 | TEMPLOG : WellhouseOne | 044.600
2017-01-12 07:34:26 | TEMPLOG : Bio   Filter | 029.300
2017-01-12 07:36:28 | TEMPLOG : WellhouseOne | 043.700
2017-01-12 07:38:30 | TEMPLOG : WellhouseOne | 067.100
2017-01-12 07:39:32 | TEMPLOG : WellhouseOne | 110.300
2017-01-12 07:40:33 | TEMPLOG : WellhouseOne | 121.100
2017-01-12 07:41:35 | TEMPLOG : WellhouseOne | 126.500
2017-01-12 07:41:35 | TEMPLOG : Bio   Filter | 030.200
2017-01-12 07:42:36 | TEMPLOG : WellhouseOne | 131.000
2017-01-12 07:43:37 | TEMPLOG : WellhouseOne | 094.100
2017-01-12 07:44:38 | TEMPLOG : WellhouseOne | 078.800
2017-01-12 07:45:40 | TEMPLOG : WellhouseOne | 068.900
2017-01-12 07:45:40 | TEMPLOG : Table    One | 030.200
2017-01-12 07:46:40 | TEMPLOG : WellhouseOne | 063.500
2017-01-12 07:47:43 | TEMPLOG : WellhouseOne | 059.900
2017-01-12 07:48:44 | TEMPLOG : WellhouseOne | 057.200
2017-01-12 07:49:46 | TEMPLOG : WellhouseOne | 055.400
2017-01-12 07:50:48 | TEMPLOG : WellhouseOne | 053.600
2017-01-12 07:51:49 | TEMPLOG : WellhouseOne | 050.900
2017-01-12 07:52:50 | TEMPLOG : WellhouseOne | 049.100
2017-01-12 07:53:51 | TEMPLOG : WellhouseOne | 048.200
2017-01-12 07:55:53 | TEMPLOG : WellhouseOne | 047.300
2017-01-12 07:57:56 | TEMPLOG : WellhouseOne | 045.500
2017-01-12 07:58:58 | TEMPLOG : WellhouseOne | 044.600
2017-01-12 07:59:59 | TEMPLOG : WellhouseOne | 043.700
2017-01-12 08:00:00 | TEMPLOG : Table    One | 030.200
2017-01-12 08:01:00 | TEMPLOG : WellhouseOne | 044.600
2017-01-12 08:02:02 | TEMPLOG : WellhouseOne | 043.700
2017-01-12 08:03:04 | TEMPLOG : Bio   Filter | 031.100
2017-01-12 08:04:05 | TEMPLOG : WellhouseOne | 042.800
2017-01-12 08:05:06 | TEMPLOG : WellhouseOne | 041.900
2017-01-12 08:07:09 | TEMPLOG : WellhouseOne | 086.000
2017-01-12 08:08:11 | TEMPLOG : WellhouseOne | 108.500
2017-01-12 08:09:12 | TEMPLOG : WellhouseOne | 119.300
2017-01-12 08:10:13 | TEMPLOG : WellhouseOne | 127.400
2017-01-12 08:11:14 | TEMPLOG : WellhouseOne | 131.000
2017-01-12 08:11:16 | TEMPLOG : Table    One | 031.100
2017-01-12 08:12:16 | TEMPLOG : WellhouseOne | 103.100
2017-01-12 08:13:17 | TEMPLOG : WellhouseOne | 083.300
2017-01-12 08:14:18 | TEMPLOG : WellhouseOne | 073.400
2017-01-12 08:15:19 | TEMPLOG : WellhouseOne | 066.200
2017-01-12 08:16:20 | TEMPLOG : WellhouseOne | 061.700
2017-01-12 08:17:22 | TEMPLOG : WellhouseOne | 058.100
2017-01-12 08:18:24 | TEMPLOG : WellhouseOne | 056.300
2017-01-12 08:19:24 | TEMPLOG : WellhouseOne | 054.500
2017-01-12 08:20:26 | TEMPLOG : WellhouseOne | 051.800
2017-01-12 08:21:27 | TEMPLOG : WellhouseOne | 050.900
2017-01-12 08:22:28 | TEMPLOG : WellhouseOne | 049.100
2017-01-12 08:23:29 | TEMPLOG : WellhouseOne | 048.200
2017-01-12 08:24:30 | TEMPLOG : WellhouseOne | 047.300
2017-01-12 08:25:32 | TEMPLOG : To   GeoLoop | 040.100
2017-01-12 08:26:33 | TEMPLOG : To   GeoLoop | 039.200
2017-01-12 08:27:34 | TEMPLOG : WellhouseOne | 046.400
2017-01-12 08:27:34 | TEMPLOG : To   GeoLoop | 040.100
2017-01-12 08:28:35 | TEMPLOG : WellhouseOne | 045.500
2017-01-12 08:29:37 | TEMPLOG : Bio   Filter | 032.900
2017-01-12 08:31:38 | TEMPLOG : WellhouseOne | 044.600
2017-01-12 08:31:39 | TEMPLOG : Table    One | 032.900
2017-01-12 08:33:41 | TEMPLOG : WellhouseOne | 043.700
2017-01-12 08:35:44 | TEMPLOG : WellhouseOne | 079.700
2017-01-12 08:36:45 | TEMPLOG : WellhouseOne | 112.100
2017-01-12 08:36:45 | TEMPLOG : Bio   Filter | 033.800
2017-01-12 08:37:46 | TEMPLOG : WellhouseOne | 122.900
2017-01-12 08:37:47 | TEMPLOG : Table    One | 033.800
2017-01-12 08:38:47 | TEMPLOG : WellhouseOne | 129.200
2017-01-12 08:39:48 | TEMPLOG : WellhouseOne | 132.800
2017-01-12 08:40:49 | TEMPLOG : WellhouseOne | 102.200
2017-01-12 08:41:49 | TEMPLOG : WellhouseOne | 084.200
2017-01-12 08:41:50 | TEMPLOG : Bio   Filter | 034.700
2017-01-12 08:41:50 | TEMPLOG : Table    One | 034.700
2017-01-12 08:42:51 | TEMPLOG : WellhouseOne | 074.300
2017-01-12 08:43:53 | TEMPLOG : WellhouseOne | 068.000
2017-01-12 08:44:54 | TEMPLOG : WellhouseOne | 064.400
2017-01-12 08:44:54 | TEMPLOG : Bio   Filter | 035.600
2017-01-12 08:45:55 | TEMPLOG : WellhouseOne | 060.800
2017-01-12 08:45:55 | TEMPLOG : To   GeoLoop | 041.000
2017-01-12 08:45:55 | TEMPLOG : Table    One | 035.600
2017-01-12 08:46:56 | TEMPLOG : WellhouseOne | 057.200
2017-01-12 08:47:56 | TEMPLOG : WellhouseOne | 055.400
2017-01-12 08:48:58 | TEMPLOG : WellhouseOne | 053.600
2017-01-12 08:48:58 | TEMPLOG : Bio   Filter | 036.500
2017-01-12 08:50:00 | TEMPLOG : WellhouseOne | 051.800
2017-01-12 08:51:01 | TEMPLOG : WellhouseOne | 050.900
2017-01-12 08:52:01 | TEMPLOG : WellhouseOne | 050.000
2017-01-12 08:53:03 | TEMPLOG : Table    One | 036.500
2017-01-12 08:54:04 | TEMPLOG : WellhouseOne | 049.100
2017-01-12 08:54:04 | TEMPLOG : Table    One | 035.600
2017-01-12 08:55:05 | TEMPLOG : WellhouseOne | 048.200
2017-01-12 08:55:07 | TEMPLOG : Bio   Filter | 037.400
2017-01-12 08:55:08 | TEMPLOG : Table    One | 036.500
2017-01-12 08:57:09 | TEMPLOG : WellhouseOne | 047.300
2017-01-12 08:58:11 | TEMPLOG : WellhouseOne | 046.400
2017-01-12 08:59:12 | TEMPLOG : Bio   Filter | 038.300
2017-01-12 09:00:13 | TEMPLOG : WellhouseOne | 045.500
2017-01-12 09:00:14 | TEMPLOG : Bio   Filter | 038.300
2017-01-12 09:00:14 | TEMPLOG : To   GeoLoop | 041.000
2017-01-12 09:00:15 | TEMPLOG : Table    One | 037.400
2017-01-12 09:03:17 | TEMPLOG : WellhouseOne | 044.600
2017-01-12 09:03:17 | TEMPLOG : Bio   Filter | 039.200
2017-01-12 09:04:18 | TEMPLOG : WellhouseOne | 071.600
2017-01-12 09:05:20 | TEMPLOG : WellhouseOne | 109.400
2017-01-12 09:06:22 | TEMPLOG : WellhouseOne | 121.100
2017-01-12 09:07:23 | TEMPLOG : WellhouseOne | 127.400
2017-01-12 09:08:24 | TEMPLOG : WellhouseOne | 122.000
2017-01-12 09:09:25 | TEMPLOG : WellhouseOne | 090.500
2017-01-12 09:09:26 | TEMPLOG : Table    One | 038.300
2017-01-12 09:10:26 | TEMPLOG : WellhouseOne | 077.900
2017-01-12 09:11:27 | TEMPLOG : WellhouseOne | 069.800
2017-01-12 09:12:29 | TEMPLOG : WellhouseOne | 064.400
2017-01-12 09:12:29 | TEMPLOG : Bio   Filter | 040.100
2017-01-12 09:13:29 | TEMPLOG : WellhouseOne | 061.700
2017-01-12 09:13:30 | TEMPLOG : Bio   Filter | 039.200
2017-01-12 09:13:30 | TEMPLOG : To   GeoLoop | 041.900
2017-01-12 09:14:31 | TEMPLOG : WellhouseOne | 059.000
2017-01-12 09:14:31 | TEMPLOG : Bio   Filter | 040.100
2017-01-12 09:15:32 | TEMPLOG : WellhouseOne | 056.300
2017-01-12 09:16:33 | TEMPLOG : WellhouseOne | 053.600
2017-01-12 09:17:35 | TEMPLOG : WellhouseOne | 052.700
2017-01-12 09:17:36 | TEMPLOG : Table    One | 039.200
2017-01-12 09:18:36 | TEMPLOG : WellhouseOne | 051.800
2017-01-12 09:18:37 | TEMPLOG : Bio   Filter | 041.000
2017-01-12 09:19:39 | TEMPLOG : WellhouseOne | 050.000
2017-01-12 09:20:41 | TEMPLOG : Bio   Filter | 040.100
2017-01-12 09:21:42 | TEMPLOG : Bio   Filter | 041.000
2017-01-12 09:22:43 | TEMPLOG : WellhouseOne | 049.100
2017-01-12 09:22:43 | TEMPLOG : Bio   Filter | 040.100
2017-01-12 09:23:45 | TEMPLOG : Bio   Filter | 041.000
2017-01-12 09:24:45 | TEMPLOG : WellhouseOne | 048.200
2017-01-12 09:27:49 | TEMPLOG : WellhouseOne | 047.300
2017-01-12 09:28:51 | TEMPLOG : Table    One | 040.100
2017-01-12 09:30:54 | TEMPLOG : WellhouseOne | 046.400
2017-01-12 09:33:57 | TEMPLOG : WellhouseOne | 083.300
2017-01-12 09:33:58 | TEMPLOG : Bio   Filter | 041.900
2017-01-12 09:34:58 | TEMPLOG : WellhouseOne | 113.900
2017-01-12 09:35:59 | TEMPLOG : WellhouseOne | 124.700
2017-01-12 09:37:00 | TEMPLOG : WellhouseOne | 107.600
2017-01-12 09:37:00 | TEMPLOG : Table    One | 041.000
2017-01-12 09:38:00 | TEMPLOG : WellhouseOne | 083.300
2017-01-12 09:38:01 | TEMPLOG : Table    One | 040.100
2017-01-12 09:39:01 | TEMPLOG : WellhouseOne | 072.500
2017-01-12 09:39:02 | TEMPLOG : To   GeoLoop | 042.800
2017-01-12 09:39:02 | TEMPLOG : Table    One | 041.000
2017-01-12 09:40:03 | TEMPLOG : WellhouseOne | 066.200
2017-01-12 09:41:04 | TEMPLOG : WellhouseOne | 062.600
2017-01-12 09:42:04 | TEMPLOG : WellhouseOne | 059.000
2017-01-12 09:43:06 | TEMPLOG : WellhouseOne | 056.300
2017-01-12 09:44:07 | TEMPLOG : WellhouseOne | 054.500
2017-01-12 09:45:08 | TEMPLOG : WellhouseOne | 053.600
2017-01-12 09:46:09 | TEMPLOG : WellhouseOne | 052.700
2017-01-12 09:46:09 | TEMPLOG : Bio   Filter | 041.000
2017-01-12 09:47:10 | TEMPLOG : WellhouseOne | 051.800
2017-01-12 09:48:11 | TEMPLOG : WellhouseOne | 050.900
2017-01-12 09:49:12 | TEMPLOG : WellhouseOne | 050.000
2017-01-12 09:51:14 | TEMPLOG : WellhouseOne | 049.100
2017-01-12 09:52:17 | TEMPLOG : WellhouseOne | 047.300
2017-01-12 09:54:21 | TEMPLOG : Bio   Filter | 041.900
2017-01-12 09:54:21 | TEMPLOG : Table    One | 041.900
2017-01-12 09:55:22 | TEMPLOG : Table    One | 041.000
2017-01-12 09:56:22 | TEMPLOG : WellhouseOne | 046.400
2017-01-12 09:56:23 | TEMPLOG : Table    One | 041.900
2017-01-12 09:57:24 | TEMPLOG : Bio   Filter | 042.800
2017-01-12 09:59:27 | TEMPLOG : WellhouseOne | 045.500
2017-01-12 10:00:27 | TEMPLOG : WellhouseOne | 045.500
2017-01-12 10:00:27 | TEMPLOG : Bio   Filter | 042.800
2017-01-12 10:00:28 | TEMPLOG : To   GeoLoop | 042.800
2017-01-12 10:00:28 | TEMPLOG : Table    One | 041.900
2017-01-12 10:01:28 | TEMPLOG : WellhouseOne | 055.400
2017-01-12 10:02:29 | TEMPLOG : WellhouseOne | 112.100
2017-01-12 10:02:30 | TEMPLOG : Bio   Filter | 043.700
2017-01-12 10:03:31 | TEMPLOG : WellhouseOne | 125.600
2017-01-12 10:03:31 | TEMPLOG : Bio   Filter | 042.800
2017-01-12 10:04:32 | TEMPLOG : WellhouseOne | 105.800
2017-01-12 10:05:33 | TEMPLOG : WellhouseOne | 078.800
2017-01-12 10:05:34 | TEMPLOG : Table    One | 041.000
2017-01-12 10:06:35 | TEMPLOG : WellhouseOne | 067.100
2017-01-12 10:07:37 | TEMPLOG : WellhouseOne | 060.800
2017-01-12 10:07:37 | TEMPLOG : Bio   Filter | 041.900
2017-01-12 10:08:38 | TEMPLOG : WellhouseOne | 056.300
2017-01-12 10:09:40 | TEMPLOG : WellhouseOne | 052.700
2017-01-12 10:10:41 | TEMPLOG : WellhouseOne | 050.000
2017-01-12 10:11:43 | TEMPLOG : WellhouseOne | 048.200
2017-01-12 10:12:44 | TEMPLOG : WellhouseOne | 046.400
2017-01-12 10:12:45 | TEMPLOG : Table    One | 041.900
2017-01-12 10:13:45 | TEMPLOG : WellhouseOne | 045.500
2017-01-12 10:13:46 | TEMPLOG : Table    One | 041.000
2017-01-12 10:14:48 | TEMPLOG : Table    One | 041.900
2017-01-12 10:15:48 | TEMPLOG : WellhouseOne | 044.600
2017-01-12 10:15:48 | TEMPLOG : Bio   Filter | 042.800
2017-01-12 10:16:49 | TEMPLOG : WellhouseOne | 043.700
2017-01-12 10:17:51 | TEMPLOG : Table    One | 042.800
2017-01-12 10:18:51 | TEMPLOG : WellhouseOne | 042.800
2017-01-12 10:19:54 | TEMPLOG : Table    One | 043.700
2017-01-12 10:21:55 | TEMPLOG : Bio   Filter | 043.700
2017-01-12 10:22:56 | TEMPLOG : Table    One | 044.600
2017-01-12 10:23:57 | TEMPLOG : WellhouseOne | 041.900
2017-01-12 10:23:57 | TEMPLOG : Bio   Filter | 044.600
2017-01-12 10:24:58 | TEMPLOG : To   GeoLoop | 043.700
2017-01-12 10:25:59 | TEMPLOG : Table    One | 045.500
2017-01-12 10:26:59 | TEMPLOG : WellhouseOne | 052.700
2017-01-12 10:28:00 | TEMPLOG : WellhouseOne | 108.500
2017-01-12 10:28:01 | TEMPLOG : Table    One | 044.600
2017-01-12 10:29:01 | TEMPLOG : WellhouseOne | 123.800
2017-01-12 10:30:02 | TEMPLOG : WellhouseOne | 111.200
2017-01-12 10:31:04 | TEMPLOG : WellhouseOne | 079.700
2017-01-12 10:31:05 | TEMPLOG : Bio   Filter | 045.500
2017-01-12 10:32:05 | TEMPLOG : WellhouseOne | 069.800
2017-01-12 10:32:06 | TEMPLOG : Bio   Filter | 044.600
2017-01-12 10:33:06 | TEMPLOG : WellhouseOne | 063.500
2017-01-12 10:34:07 | TEMPLOG : WellhouseOne | 059.000
2017-01-12 10:35:08 | TEMPLOG : WellhouseOne | 056.300
2017-01-12 10:36:09 | TEMPLOG : WellhouseOne | 054.500
2017-01-12 10:37:11 | TEMPLOG : WellhouseOne | 051.800
2017-01-12 10:38:12 | TEMPLOG : WellhouseOne | 050.900
2017-01-12 10:39:14 | TEMPLOG : WellhouseOne | 050.000
2017-01-12 10:40:15 | TEMPLOG : WellhouseOne | 049.100
2017-01-12 10:41:15 | TEMPLOG : WellhouseOne | 048.200
2017-01-12 10:41:16 | TEMPLOG : Bio   Filter | 043.700
2017-01-12 10:42:17 | TEMPLOG : Bio   Filter | 044.600
2017-01-12 10:43:18 | TEMPLOG : WellhouseOne | 047.300
2017-01-12 10:45:20 | TEMPLOG : WellhouseOne | 046.400
2017-01-12 10:45:20 | TEMPLOG : Bio   Filter | 043.700
2017-01-12 10:46:21 | TEMPLOG : WellhouseOne | 045.500
2017-01-12 10:46:22 | TEMPLOG : Table    One | 043.700
2017-01-12 10:48:23 | TEMPLOG : WellhouseOne | 044.600
2017-01-12 10:49:24 | TEMPLOG : WellhouseOne | 043.700
2017-01-12 10:50:25 | TEMPLOG : WellhouseOne | 042.800
2017-01-12 10:53:28 | TEMPLOG : WellhouseOne | 059.000
2017-01-12 10:54:30 | TEMPLOG : WellhouseOne | 110.300
2017-01-12 10:55:32 | TEMPLOG : WellhouseOne | 124.700
2017-01-12 10:55:32 | TEMPLOG : Bio   Filter | 044.600
2017-01-12 10:55:33 | TEMPLOG : Table    One | 044.600
2017-01-12 10:56:34 | TEMPLOG : WellhouseOne | 101.300
2017-01-12 10:57:35 | TEMPLOG : WellhouseOne | 078.800
2017-01-12 10:58:36 | TEMPLOG : WellhouseOne | 068.900
2017-01-12 10:59:37 | TEMPLOG : WellhouseOne | 063.500
2017-01-12 11:00:38 | TEMPLOG : WellhouseOne | 059.900
2017-01-12 11:00:38 | TEMPLOG : Bio   Filter | 044.600
2017-01-12 11:00:39 | TEMPLOG : To   GeoLoop | 043.700
2017-01-12 11:00:39 | TEMPLOG : Table    One | 044.600
2017-01-12 11:01:39 | TEMPLOG : WellhouseOne | 056.300
2017-01-12 11:02:41 | TEMPLOG : WellhouseOne | 054.500
2017-01-12 11:03:41 | TEMPLOG : WellhouseOne | 052.700
2017-01-12 11:04:42 | TEMPLOG : WellhouseOne | 051.800
2017-01-12 11:05:43 | TEMPLOG : WellhouseOne | 050.000
2017-01-12 11:06:44 | TEMPLOG : WellhouseOne | 049.100
2017-01-12 11:08:47 | TEMPLOG : WellhouseOne | 048.200
2017-01-12 11:09:48 | TEMPLOG : WellhouseOne | 047.300
2017-01-12 11:11:51 | TEMPLOG : WellhouseOne | 046.400
2017-01-12 11:13:55 | TEMPLOG : Bio   Filter | 045.500
2017-01-12 11:14:56 | TEMPLOG : WellhouseOne | 044.600
2017-01-12 11:14:57 | TEMPLOG : Table    One | 045.500
2017-01-12 11:16:58 | TEMPLOG : WellhouseOne | 043.700
2017-01-12 11:16:59 | TEMPLOG : Table    One | 044.600
2017-01-12 11:21:04 | TEMPLOG : WellhouseOne | 097.700
2017-01-12 11:21:05 | TEMPLOG : Table    One | 045.500
2017-01-12 11:22:05 | TEMPLOG : WellhouseOne | 120.200
2017-01-12 11:22:05 | TEMPLOG : To   GeoLoop | 044.600
2017-01-12 11:22:05 | TEMPLOG : Table    One | 044.600
2017-01-12 11:23:06 | TEMPLOG : WellhouseOne | 123.800
2017-01-12 11:23:06 | TEMPLOG : Bio   Filter | 044.600
2017-01-12 11:24:07 | TEMPLOG : WellhouseOne | 086.900
2017-01-12 11:25:09 | TEMPLOG : WellhouseOne | 071.600
2017-01-12 11:25:10 | TEMPLOG : To   GeoLoop | 043.700
2017-01-12 11:26:10 | TEMPLOG : WellhouseOne | 066.200
2017-01-12 11:27:12 | TEMPLOG : WellhouseOne | 061.700
2017-01-12 11:28:13 | TEMPLOG : WellhouseOne | 058.100
2017-01-12 11:29:15 | TEMPLOG : WellhouseOne | 054.500
2017-01-12 11:30:17 | TEMPLOG : WellhouseOne | 052.700
2017-01-12 11:31:18 | TEMPLOG : WellhouseOne | 051.800
2017-01-12 11:32:19 | TEMPLOG : WellhouseOne | 050.000
2017-01-12 11:33:21 | TEMPLOG : WellhouseOne | 049.100
2017-01-12 11:33:21 | TEMPLOG : Table    One | 045.500
2017-01-12 11:34:22 | TEMPLOG : WellhouseOne | 048.200
2017-01-12 11:34:22 | TEMPLOG : Bio   Filter | 045.500
2017-01-12 11:35:22 | TEMPLOG : WellhouseOne | 047.300
2017-01-12 11:36:24 | TEMPLOG : WellhouseOne | 046.400
2017-01-12 11:36:25 | TEMPLOG : To   GeoLoop | 044.600
2017-01-12 11:37:26 | TEMPLOG : Bio   Filter | 046.400
2017-01-12 11:37:26 | TEMPLOG : Table    One | 046.400
2017-01-12 11:38:27 | TEMPLOG : WellhouseOne | 045.500
2017-01-12 11:38:27 | TEMPLOG : Bio   Filter | 047.300
2017-01-12 11:38:27 | TEMPLOG : Table    One | 047.300
2017-01-12 11:39:28 | TEMPLOG : Bio   Filter | 048.200
2017-01-12 11:39:29 | TEMPLOG : Table    One | 048.200
2017-01-12 11:40:29 | TEMPLOG : WellhouseOne | 044.600
2017-01-12 11:41:30 | TEMPLOG : WellhouseOne | 043.700
2017-01-12 11:42:31 | TEMPLOG : WellhouseOne | 044.600
2017-01-12 11:43:32 | TEMPLOG : WellhouseOne | 043.700
2017-01-12 11:44:33 | TEMPLOG : WellhouseOne | 042.800
2017-01-12 11:44:33 | TEMPLOG : Bio   Filter | 047.300
2017-01-12 11:44:34 | TEMPLOG : Table    One | 047.300
2017-01-12 11:46:35 | TEMPLOG : WellhouseOne | 041.900
2017-01-12 11:46:35 | TEMPLOG : Bio   Filter | 046.400
2017-01-12 11:46:36 | TEMPLOG : Table    One | 046.400
2017-01-12 11:47:36 | TEMPLOG : WellhouseOne | 084.200
2017-01-12 11:48:37 | TEMPLOG : WellhouseOne | 116.600
2017-01-12 11:48:37 | TEMPLOG : Bio   Filter | 045.500
2017-01-12 11:48:37 | TEMPLOG : To   GeoLoop | 043.700
2017-01-12 11:48:38 | TEMPLOG : Table    One | 045.500
2017-01-12 11:49:38 | TEMPLOG : WellhouseOne | 133.700
2017-01-12 11:49:39 | TEMPLOG : Bio   Filter | 044.600
2017-01-12 11:49:39 | TEMPLOG : Table    One | 044.600
2017-01-12 11:50:40 | TEMPLOG : WellhouseOne | 106.700
2017-01-12 11:51:40 | TEMPLOG : WellhouseOne | 082.400
2017-01-12 11:51:41 | TEMPLOG : Bio   Filter | 043.700
2017-01-12 11:51:41 | TEMPLOG : Table    One | 043.700
2017-01-12 11:52:41 | TEMPLOG : WellhouseOne | 071.600
2017-01-12 11:53:42 | TEMPLOG : WellhouseOne | 065.300
2017-01-12 11:53:43 | TEMPLOG : Bio   Filter | 042.800
2017-01-12 11:54:44 | TEMPLOG : WellhouseOne | 059.900
2017-01-12 11:54:45 | TEMPLOG : Table    One | 042.800
2017-01-12 11:55:45 | TEMPLOG : WellhouseOne | 052.700
2017-01-12 11:56:46 | TEMPLOG : WellhouseOne | 050.000
2017-01-12 11:57:47 | TEMPLOG : WellhouseOne | 049.100
2017-01-12 11:58:49 | TEMPLOG : WellhouseOne | 048.200
2017-01-12 11:58:49 | TEMPLOG : Table    One | 041.900
2017-01-12 11:59:50 | TEMPLOG : WellhouseOne | 047.300
2017-01-12 12:00:51 | TEMPLOG : WellhouseOne | 046.400
2017-01-12 12:00:51 | TEMPLOG : Bio   Filter | 042.800
2017-01-12 12:00:51 | TEMPLOG : To   GeoLoop | 043.700
2017-01-12 12:00:51 | TEMPLOG : Table    One | 041.900
2017-01-12 12:02:53 | TEMPLOG : Bio   Filter | 041.900
2017-01-12 12:03:54 | TEMPLOG : WellhouseOne | 044.600
2017-01-12 12:04:56 | TEMPLOG : WellhouseOne | 045.500
2017-01-12 12:04:56 | TEMPLOG : Bio   Filter | 042.800
2017-01-12 12:05:57 | TEMPLOG : WellhouseOne | 043.700
2017-01-12 12:06:58 | TEMPLOG : WellhouseOne | 042.800
2017-01-12 12:09:01 | TEMPLOG : Table    One | 042.800
2017-01-12 12:10:01 | TEMPLOG : WellhouseOne | 041.900
2017-01-12 12:11:02 | TEMPLOG : WellhouseOne | 041.000
2017-01-12 12:11:02 | TEMPLOG : Bio   Filter | 043.700
2017-01-12 12:12:03 | TEMPLOG : Table    One | 043.700
2017-01-12 12:14:04 | TEMPLOG : Bio   Filter | 044.600
2017-01-12 12:14:06 | TEMPLOG : Table    One | 044.600
2017-01-12 12:15:06 | TEMPLOG : WellhouseOne | 059.900
2017-01-12 12:15:07 | TEMPLOG : To   GeoLoop | 044.600
2017-01-12 12:16:08 | TEMPLOG : WellhouseOne | 109.400
2017-01-12 12:16:09 | TEMPLOG : Table    One | 045.500
2017-01-12 12:17:10 | TEMPLOG : WellhouseOne | 125.600
2017-01-12 12:17:10 | TEMPLOG : Bio   Filter | 045.500
2017-01-12 12:18:10 | TEMPLOG : WellhouseOne | 102.200
2017-01-12 12:19:12 | TEMPLOG : WellhouseOne | 080.600
2017-01-12 12:19:13 | TEMPLOG : Bio   Filter | 046.400
2017-01-12 12:19:14 | TEMPLOG : Table    One | 046.400
2017-01-12 12:20:14 | TEMPLOG : WellhouseOne | 072.500
2017-01-12 12:20:15 | TEMPLOG : Table    One | 047.300
2017-01-12 12:21:15 | TEMPLOG : WellhouseOne | 065.300
2017-01-12 12:21:15 | TEMPLOG : Bio   Filter | 047.300
2017-01-12 12:21:16 | TEMPLOG : Table    One | 048.200
2017-01-12 12:22:17 | TEMPLOG : WellhouseOne | 060.800
2017-01-12 12:22:17 | TEMPLOG : Bio   Filter | 048.200
2017-01-12 12:22:17 | TEMPLOG : Table    One | 049.100
2017-01-12 12:23:17 | TEMPLOG : WellhouseOne | 055.400
2017-01-12 12:23:18 | TEMPLOG : Bio   Filter | 049.100
2017-01-12 12:23:18 | TEMPLOG : To   GeoLoop | 045.500
2017-01-12 12:23:18 | TEMPLOG : Table    One | 050.000
2017-01-12 12:24:18 | TEMPLOG : WellhouseOne | 051.800
2017-01-12 12:24:19 | TEMPLOG : Bio   Filter | 050.000
2017-01-12 12:24:19 | TEMPLOG : Table    One | 050.900
2017-01-12 12:25:19 | TEMPLOG : WellhouseOne | 049.100
2017-01-12 12:26:23 | TEMPLOG : WellhouseOne | 047.300
2017-01-12 12:26:23 | TEMPLOG : Bio   Filter | 050.900
2017-01-12 12:26:23 | TEMPLOG : Table    One | 051.800
2017-01-12 12:27:24 | TEMPLOG : Bio   Filter | 051.800
2017-01-12 12:27:26 | TEMPLOG : Table    One | 052.700
2017-01-12 12:28:26 | TEMPLOG : WellhouseOne | 046.400
2017-01-12 12:28:26 | TEMPLOG : Bio   Filter | 052.700
2017-01-12 12:28:27 | TEMPLOG : Table    One | 054.500
2017-01-12 12:29:27 | TEMPLOG : Bio   Filter | 055.400
2017-01-12 12:29:27 | TEMPLOG : Table    One | 056.300
2017-01-12 12:30:28 | TEMPLOG : WellhouseOne | 045.500
2017-01-12 12:30:28 | TEMPLOG : Bio   Filter | 056.300
2017-01-12 12:30:28 | TEMPLOG : Table    One | 057.200
2017-01-12 12:31:29 | TEMPLOG : Bio   Filter | 057.200
2017-01-12 12:32:29 | TEMPLOG : WellhouseOne | 044.600
2017-01-12 12:32:29 | TEMPLOG : Bio   Filter | 058.100
2017-01-12 12:33:30 | TEMPLOG : Bio   Filter | 059.900
2017-01-12 12:33:30 | TEMPLOG : Table    One | 058.100
2017-01-12 12:34:32 | TEMPLOG : Bio   Filter | 060.800
2017-01-12 12:34:32 | TEMPLOG : To   GeoLoop | 046.400
2017-01-12 12:34:32 | TEMPLOG : Table    One | 059.000
2017-01-12 12:35:32 | TEMPLOG : Bio   Filter | 061.700
2017-01-12 12:35:33 | TEMPLOG : To   GeoLoop | 047.300
2017-01-12 12:35:34 | TEMPLOG : Table    One | 059.900
2017-01-12 12:36:34 | TEMPLOG : Bio   Filter | 062.600
2017-01-12 12:36:34 | TEMPLOG : Table    One | 060.800
2017-01-12 12:37:35 | TEMPLOG : WellhouseOne | 042.800
2017-01-12 12:37:35 | TEMPLOG : Bio   Filter | 064.400
2017-01-12 12:37:36 | TEMPLOG : Table    One | 062.600
2017-01-12 12:38:36 | TEMPLOG : Bio   Filter | 065.300
2017-01-12 12:39:37 | TEMPLOG : Bio   Filter | 064.400
2017-01-12 12:39:37 | TEMPLOG : Table    One | 061.700
2017-01-12 12:40:37 | TEMPLOG : WellhouseOne | 041.900
2017-01-12 12:40:37 | TEMPLOG : Bio   Filter | 063.500
2017-01-12 12:40:38 | TEMPLOG : Table    One | 059.900
2017-01-12 12:41:38 | TEMPLOG : WellhouseOne | 042.800
2017-01-12 12:41:38 | TEMPLOG : Bio   Filter | 062.600
2017-01-12 12:42:40 | TEMPLOG : WellhouseOne | 065.300
2017-01-12 12:42:40 | TEMPLOG : Bio   Filter | 063.500
2017-01-12 12:42:41 | TEMPLOG : Table    One | 061.700
2017-01-12 12:43:41 | TEMPLOG : WellhouseOne | 110.300
2017-01-12 12:43:42 | TEMPLOG : Table    One | 060.800
2017-01-12 12:44:43 | TEMPLOG : WellhouseOne | 125.600
2017-01-12 12:44:43 | TEMPLOG : Bio   Filter | 062.600
2017-01-12 12:44:43 | TEMPLOG : Table    One | 059.900
2017-01-12 12:45:44 | TEMPLOG : WellhouseOne | 104.000
2017-01-12 12:45:44 | TEMPLOG : Bio   Filter | 061.700
2017-01-12 12:45:44 | TEMPLOG : Table    One | 059.000
2017-01-12 12:46:45 | TEMPLOG : WellhouseOne | 082.400
2017-01-12 12:46:45 | TEMPLOG : Bio   Filter | 062.600
2017-01-12 12:46:45 | TEMPLOG : Table    One | 059.900
2017-01-12 12:47:46 | TEMPLOG : WellhouseOne | 071.600
2017-01-12 12:47:46 | TEMPLOG : Bio   Filter | 063.500
2017-01-12 12:47:46 | TEMPLOG : Table    One | 060.800
2017-01-12 12:48:47 | TEMPLOG : WellhouseOne | 064.400
2017-01-12 12:48:47 | TEMPLOG : Bio   Filter | 064.400
2017-01-12 12:48:48 | TEMPLOG : To   GeoLoop | 048.200
2017-01-12 12:48:48 | TEMPLOG : Table    One | 061.700
2017-01-12 12:49:48 | TEMPLOG : WellhouseOne | 059.900
2017-01-12 12:49:49 | TEMPLOG : Bio   Filter | 065.300
2017-01-12 12:49:50 | TEMPLOG : Table    One | 064.400
2017-01-12 12:50:50 | TEMPLOG : WellhouseOne | 057.200
2017-01-12 12:50:50 | TEMPLOG : Bio   Filter | 066.200
2017-01-12 12:50:51 | TEMPLOG : Table    One | 066.200
2017-01-12 12:51:51 | TEMPLOG : WellhouseOne | 055.400
2017-01-12 12:51:51 | TEMPLOG : Bio   Filter | 067.100
2017-01-12 12:51:51 | TEMPLOG : To   GeoLoop | 049.100
2017-01-12 12:52:53 | TEMPLOG : WellhouseOne | 052.700
2017-01-12 12:53:54 | TEMPLOG : WellhouseOne | 051.800
2017-01-12 12:54:55 | TEMPLOG : WellhouseOne | 050.900
2017-01-12 12:55:55 | TEMPLOG : WellhouseOne | 050.000
2017-01-12 12:55:56 | TEMPLOG : Table    One | 065.300
2017-01-12 12:56:56 | TEMPLOG : WellhouseOne | 049.100
2017-01-12 12:57:57 | TEMPLOG : WellhouseOne | 047.300
2017-01-12 12:57:58 | TEMPLOG : Bio   Filter | 068.000
2017-01-12 12:57:58 | TEMPLOG : Table    One | 066.200
2017-01-12 12:58:58 | TEMPLOG : Bio   Filter | 068.900
2017-01-12 13:00:00 | TEMPLOG : Bio   Filter | 068.000
2017-01-12 13:00:00 | TEMPLOG : To   GeoLoop | 049.100
2017-01-12 13:00:00 | TEMPLOG : Table    One | 065.300
2017-01-12 13:01:00 | TEMPLOG : WellhouseOne | 046.400
2017-01-12 13:01:01 | TEMPLOG : Bio   Filter | 067.100
2017-01-12 13:01:02 | TEMPLOG : Table    One | 064.400
2017-01-12 13:02:03 | TEMPLOG : WellhouseOne | 045.500
2017-01-12 13:02:03 | TEMPLOG : Bio   Filter | 065.300
2017-01-12 13:02:03 | TEMPLOG : To   GeoLoop | 048.200
2017-01-12 13:02:04 | TEMPLOG : Table    One | 062.600
2017-01-12 13:03:04 | TEMPLOG : Bio   Filter | 062.600
2017-01-12 13:03:05 | TEMPLOG : Table    One | 059.900
2017-01-12 13:04:05 | TEMPLOG : Bio   Filter | 060.800
2017-01-12 13:04:06 | TEMPLOG : To   GeoLoop | 047.300
2017-01-12 13:04:06 | TEMPLOG : Table    One | 058.100
2017-01-12 13:05:06 | TEMPLOG : WellhouseOne | 044.600
2017-01-12 13:06:07 | TEMPLOG : Bio   Filter | 059.900
2017-01-12 13:06:08 | TEMPLOG : Table    One | 056.300
2017-01-12 13:07:08 | TEMPLOG : Bio   Filter | 058.100
2017-01-12 13:07:10 | TEMPLOG : Table    One | 054.500
2017-01-12 13:08:11 | TEMPLOG : WellhouseOne | 043.700
2017-01-12 13:08:11 | TEMPLOG : Bio   Filter | 057.200
2017-01-12 13:08:11 | TEMPLOG : Table    One | 053.600
2017-01-12 13:09:12 | TEMPLOG : Bio   Filter | 058.100
2017-01-12 13:09:13 | TEMPLOG : Table    One | 055.400
2017-01-12 13:10:13 | TEMPLOG : WellhouseOne | 046.400
2017-01-12 13:10:14 | TEMPLOG : Table    One | 056.300
2017-01-12 13:11:14 | TEMPLOG : WellhouseOne | 113.000
2017-01-12 13:11:14 | TEMPLOG : Bio   Filter | 059.000
2017-01-12 13:12:15 | TEMPLOG : WellhouseOne | 125.600
2017-01-12 13:12:16 | TEMPLOG : Table    One | 055.400
2017-01-12 13:13:16 | TEMPLOG : WellhouseOne | 115.700
2017-01-12 13:13:16 | TEMPLOG : Bio   Filter | 057.200
2017-01-12 13:13:17 | TEMPLOG : Table    One | 054.500
2017-01-12 13:14:18 | TEMPLOG : WellhouseOne | 088.700
2017-01-12 13:14:18 | TEMPLOG : Bio   Filter | 056.300
2017-01-12 13:14:19 | TEMPLOG : Table    One | 053.600
2017-01-12 13:15:19 | TEMPLOG : WellhouseOne | 076.100
2017-01-12 13:15:20 | TEMPLOG : Bio   Filter | 055.400
2017-01-12 13:15:20 | TEMPLOG : To   GeoLoop | 046.400
2017-01-12 13:15:20 | TEMPLOG : Table    One | 052.700
2017-01-12 13:16:21 | TEMPLOG : WellhouseOne | 068.900
2017-01-12 13:16:21 | TEMPLOG : Bio   Filter | 054.500
2017-01-12 13:17:22 | TEMPLOG : WellhouseOne | 062.600
2017-01-12 13:17:24 | TEMPLOG : Table    One | 053.600
2017-01-12 13:18:24 | TEMPLOG : WellhouseOne | 057.200
2017-01-12 13:18:24 | TEMPLOG : Bio   Filter | 055.400
2017-01-12 13:18:24 | TEMPLOG : To   GeoLoop | 047.300
2017-01-12 13:18:24 | TEMPLOG : Table    One | 054.500
2017-01-12 13:19:24 | TEMPLOG : WellhouseOne | 053.600
2017-01-12 13:19:25 | TEMPLOG : Bio   Filter | 056.300
2017-01-12 13:19:25 | TEMPLOG : Table    One | 055.400
2017-01-12 13:20:25 | TEMPLOG : WellhouseOne | 051.800
2017-01-12 13:21:30 | TEMPLOG : WellhouseOne | 050.900
2017-01-12 13:21:31 | TEMPLOG : Table    One | 053.600
2017-01-12 13:22:32 | TEMPLOG : WellhouseOne | 050.000
2017-01-12 13:22:33 | TEMPLOG : Table    One | 054.500
2017-01-12 13:23:33 | TEMPLOG : WellhouseOne | 049.100
2017-01-12 13:23:34 | TEMPLOG : Table    One | 055.400
2017-01-12 13:24:34 | TEMPLOG : WellhouseOne | 048.200
2017-01-12 13:25:37 | TEMPLOG : Bio   Filter | 055.400
2017-01-12 13:25:37 | TEMPLOG : Table    One | 054.500
2017-01-12 13:26:38 | TEMPLOG : WellhouseOne | 047.300
2017-01-12 13:26:38 | TEMPLOG : Bio   Filter | 056.300
2017-01-12 13:28:42 | TEMPLOG : WellhouseOne | 046.400
2017-01-12 13:30:44 | TEMPLOG : WellhouseOne | 045.500
2017-01-12 13:30:44 | TEMPLOG : Table    One | 055.400
2017-01-12 13:31:45 | TEMPLOG : Table    One | 054.500
2017-01-12 13:32:45 | TEMPLOG : WellhouseOne | 044.600
2017-01-12 13:32:47 | TEMPLOG : Table    One | 055.400
2017-01-12 13:33:47 | TEMPLOG : Bio   Filter | 055.400
2017-01-12 13:34:48 | TEMPLOG : WellhouseOne | 042.800
2017-01-12 13:34:49 | TEMPLOG : Table    One | 054.500
2017-01-12 13:35:49 | TEMPLOG : WellhouseOne | 043.700
2017-01-12 13:36:51 | TEMPLOG : WellhouseOne | 042.800
2017-01-12 13:36:51 | TEMPLOG : Bio   Filter | 056.300
2017-01-12 13:37:52 | TEMPLOG : Bio   Filter | 055.400
2017-01-12 13:38:53 | TEMPLOG : WellhouseOne | 104.000
2017-01-12 13:39:54 | TEMPLOG : WellhouseOne | 122.000
2017-01-12 13:40:55 | TEMPLOG : WellhouseOne | 130.100
2017-01-12 13:40:56 | TEMPLOG : Table    One | 053.600
2017-01-12 13:41:56 | TEMPLOG : WellhouseOne | 092.300
2017-01-12 13:42:57 | TEMPLOG : WellhouseOne | 077.000
2017-01-12 13:42:57 | TEMPLOG : Bio   Filter | 054.500
2017-01-12 13:43:58 | TEMPLOG : WellhouseOne | 069.800
2017-01-12 13:44:59 | TEMPLOG : WellhouseOne | 063.500
2017-01-12 13:44:59 | TEMPLOG : Bio   Filter | 053.600
2017-01-12 13:45:00 | TEMPLOG : Table    One | 052.700
2017-01-12 13:46:00 | TEMPLOG : WellhouseOne | 060.800
2017-01-12 13:47:01 | TEMPLOG : WellhouseOne | 056.300
2017-01-12 13:47:02 | TEMPLOG : Table    One | 051.800
2017-01-12 13:48:02 | TEMPLOG : WellhouseOne | 053.600
2017-01-12 13:49:03 | TEMPLOG : WellhouseOne | 051.800
2017-01-12 13:49:03 | TEMPLOG : Bio   Filter | 052.700
2017-01-12 13:49:03 | TEMPLOG : To   GeoLoop | 046.400
2017-01-12 13:50:03 | TEMPLOG : WellhouseOne | 050.000
2017-01-12 13:52:06 | TEMPLOG : WellhouseOne | 049.100
2017-01-12 13:53:07 | TEMPLOG : WellhouseOne | 047.300
2017-01-12 13:54:08 | TEMPLOG : WellhouseOne | 048.200
2017-01-12 13:54:08 | TEMPLOG : Table    One | 050.900
2017-01-12 13:55:08 | TEMPLOG : WellhouseOne | 046.400
2017-01-12 13:55:09 | TEMPLOG : Bio   Filter | 051.800
2017-01-12 13:57:10 | TEMPLOG : WellhouseOne | 045.500
2017-01-12 13:59:14 | TEMPLOG : Table    One | 050.000
2017-01-12 14:00:14 | TEMPLOG : WellhouseOne | 044.600
2017-01-12 14:00:14 | TEMPLOG : Bio   Filter | 050.900
2017-01-12 14:00:15 | TEMPLOG : To   GeoLoop | 046.400
2017-01-12 14:00:15 | TEMPLOG : Table    One | 050.000
2017-01-12 14:04:20 | TEMPLOG : Table    One | 049.100
2017-01-12 14:05:20 | TEMPLOG : WellhouseOne | 043.700
2017-01-12 14:06:21 | TEMPLOG : WellhouseOne | 055.400
2017-01-12 14:06:21 | TEMPLOG : Bio   Filter | 050.000
2017-01-12 14:07:22 | TEMPLOG : WellhouseOne | 113.000
2017-01-12 14:08:23 | TEMPLOG : WellhouseOne | 124.700
2017-01-12 14:09:24 | TEMPLOG : WellhouseOne | 118.400
2017-01-12 14:10:26 | TEMPLOG : WellhouseOne | 088.700
2017-01-12 14:10:27 | TEMPLOG : Table    One | 050.000
2017-01-12 14:11:27 | TEMPLOG : WellhouseOne | 077.900
2017-01-12 14:12:28 | TEMPLOG : WellhouseOne | 069.800
2017-01-12 14:12:29 | TEMPLOG : Bio   Filter | 050.900
2017-01-12 14:13:30 | TEMPLOG : WellhouseOne | 062.600
2017-01-12 14:14:33 | TEMPLOG : WellhouseOne | 059.000
2017-01-12 14:15:33 | TEMPLOG : WellhouseOne | 056.300
2017-01-12 14:16:35 | TEMPLOG : WellhouseOne | 053.600
2017-01-12 14:17:36 | TEMPLOG : WellhouseOne | 051.800
2017-01-12 14:17:36 | TEMPLOG : Bio   Filter | 050.000
2017-01-12 14:18:37 | TEMPLOG : WellhouseOne | 050.900
2017-01-12 14:18:38 | TEMPLOG : Table    One | 049.100
2017-01-12 14:19:38 | TEMPLOG : WellhouseOne | 049.100
2017-01-12 14:20:39 | TEMPLOG : WellhouseOne | 048.200
2017-01-12 14:21:40 | TEMPLOG : WellhouseOne | 047.300
2017-01-12 14:23:42 | TEMPLOG : WellhouseOne | 046.400
2017-01-12 14:23:43 | TEMPLOG : Table    One | 050.000
2017-01-12 14:25:44 | TEMPLOG : WellhouseOne | 045.500
2017-01-12 14:25:45 | TEMPLOG : Bio   Filter | 050.900
2017-01-12 14:26:46 | TEMPLOG : WellhouseOne | 044.600
2017-01-12 14:28:49 | TEMPLOG : WellhouseOne | 043.700
2017-01-12 14:32:56 | TEMPLOG : WellhouseOne | 042.800
2017-01-12 14:33:58 | TEMPLOG : Bio   Filter | 050.000
2017-01-12 14:33:59 | TEMPLOG : Table    One | 049.100
2017-01-12 14:34:59 | TEMPLOG : WellhouseOne | 050.900
2017-01-12 14:36:01 | TEMPLOG : WellhouseOne | 112.100
2017-01-12 14:37:03 | TEMPLOG : WellhouseOne | 125.600
2017-01-12 14:38:04 | TEMPLOG : WellhouseOne | 117.500
2017-01-12 14:38:05 | TEMPLOG : Table    One | 050.000
2017-01-12 14:39:05 | TEMPLOG : WellhouseOne | 088.700
2017-01-12 14:40:07 | TEMPLOG : WellhouseOne | 077.000
2017-01-12 14:41:08 | TEMPLOG : WellhouseOne | 069.800
2017-01-12 14:42:10 | TEMPLOG : WellhouseOne | 062.600
2017-01-12 14:42:10 | TEMPLOG : Bio   Filter | 050.900
2017-01-12 14:43:10 | TEMPLOG : WellhouseOne | 058.100
2017-01-12 14:43:11 | TEMPLOG : Bio   Filter | 050.000
2017-01-12 14:43:11 | TEMPLOG : Table    One | 049.100
2017-01-12 14:44:12 | TEMPLOG : WellhouseOne | 054.500
2017-01-12 14:45:13 | TEMPLOG : WellhouseOne | 051.800
2017-01-12 14:45:14 | TEMPLOG : Bio   Filter | 049.100
2017-01-12 14:45:14 | TEMPLOG : Table    One | 048.200
2017-01-12 14:47:15 | TEMPLOG : WellhouseOne | 050.000
2017-01-12 14:48:18 | TEMPLOG : WellhouseOne | 049.100
2017-01-12 14:48:18 | TEMPLOG : Bio   Filter | 048.200
2017-01-12 14:48:19 | TEMPLOG : Table    One | 047.300
2017-01-12 14:49:19 | TEMPLOG : WellhouseOne | 048.200
2017-01-12 14:50:20 | TEMPLOG : To   GeoLoop | 045.500
2017-01-12 14:50:20 | TEMPLOG : Table    One | 046.400
2017-01-12 14:51:20 | TEMPLOG : WellhouseOne | 047.300
2017-01-12 14:51:21 | TEMPLOG : Bio   Filter | 047.300
2017-01-12 14:52:22 | TEMPLOG : WellhouseOne | 046.400
2017-01-12 14:53:23 | TEMPLOG : WellhouseOne | 045.500
2017-01-12 14:53:23 | TEMPLOG : Table    One | 045.500
2017-01-12 14:55:24 | TEMPLOG : Bio   Filter | 046.400
2017-01-12 14:56:26 | TEMPLOG : WellhouseOne | 044.600
2017-01-12 14:57:26 | TEMPLOG : WellhouseOne | 043.700
2017-01-12 14:57:27 | TEMPLOG : Table    One | 044.600
2017-01-12 14:58:27 | TEMPLOG : Bio   Filter | 045.500
2017-01-12 15:00:29 | TEMPLOG : WellhouseOne | 043.700
2017-01-12 15:00:29 | TEMPLOG : Bio   Filter | 045.500
2017-01-12 15:00:30 | TEMPLOG : To   GeoLoop | 045.500
2017-01-12 15:00:30 | TEMPLOG : Table    One | 044.600
2017-01-12 15:01:31 | TEMPLOG : Table    One | 043.700
2017-01-12 15:02:32 | TEMPLOG : Bio   Filter | 044.600
2017-01-12 15:03:33 | TEMPLOG : WellhouseOne | 084.200
2017-01-12 15:03:33 | TEMPLOG : To   GeoLoop | 044.600
2017-01-12 15:04:34 | TEMPLOG : WellhouseOne | 113.000
2017-01-12 15:04:35 | TEMPLOG : To   GeoLoop | 045.500
2017-01-12 15:05:35 | TEMPLOG : WellhouseOne | 125.600
2017-01-12 15:06:36 | TEMPLOG : WellhouseOne | 108.500
2017-01-12 15:06:37 | TEMPLOG : To   GeoLoop | 044.600
2017-01-12 15:06:37 | TEMPLOG : Table    One | 042.800
2017-01-12 15:07:37 | TEMPLOG : WellhouseOne | 085.100
2017-01-12 15:07:37 | TEMPLOG : Bio   Filter | 043.700
2017-01-12 15:08:39 | TEMPLOG : WellhouseOne | 074.300
2017-01-12 15:09:40 | TEMPLOG : WellhouseOne | 066.200
2017-01-12 15:10:41 | TEMPLOG : WellhouseOne | 060.800
2017-01-12 15:11:41 | TEMPLOG : WellhouseOne | 056.300
2017-01-12 15:11:42 | TEMPLOG : Bio   Filter | 042.800
2017-01-12 15:12:43 | TEMPLOG : WellhouseOne | 053.600
2017-01-12 15:12:44 | TEMPLOG : Table    One | 041.900
2017-01-12 15:13:44 | TEMPLOG : WellhouseOne | 051.800
2017-01-12 15:14:46 | TEMPLOG : WellhouseOne | 050.000
2017-01-12 15:15:47 | TEMPLOG : WellhouseOne | 048.200
2017-01-12 15:15:47 | TEMPLOG : Bio   Filter | 041.900
2017-01-12 15:16:49 | TEMPLOG : Table    One | 041.000
2017-01-12 15:17:49 | TEMPLOG : WellhouseOne | 047.300
2017-01-12 15:18:50 | TEMPLOG : WellhouseOne | 046.400
2017-01-12 15:19:51 | TEMPLOG : WellhouseOne | 045.500
2017-01-12 15:19:51 | TEMPLOG : Bio   Filter | 041.000
2017-01-12 15:20:53 | TEMPLOG : WellhouseOne | 044.600
2017-01-12 15:20:53 | TEMPLOG : To   GeoLoop | 043.700
2017-01-12 15:20:54 | TEMPLOG : Table    One | 040.100
2017-01-12 15:22:55 | TEMPLOG : Bio   Filter | 040.100
2017-01-12 15:25:58 | TEMPLOG : WellhouseOne | 043.700
2017-01-12 15:26:59 | TEMPLOG : Table    One | 039.200
2017-01-12 15:28:00 | TEMPLOG : WellhouseOne | 042.800
2017-01-12 15:29:02 | TEMPLOG : WellhouseOne | 043.700
2017-01-12 15:30:03 | TEMPLOG : WellhouseOne | 042.800
2017-01-12 15:30:03 | TEMPLOG : Bio   Filter | 039.200
2017-01-12 15:32:05 | TEMPLOG : WellhouseOne | 097.700
2017-01-12 15:33:06 | TEMPLOG : WellhouseOne | 119.300
2017-01-12 15:34:06 | TEMPLOG : WellhouseOne | 128.300
2017-01-12 15:34:08 | TEMPLOG : Table    One | 038.300
2017-01-12 15:35:08 | TEMPLOG : WellhouseOne | 101.300
2017-01-12 15:36:08 | TEMPLOG : WellhouseOne | 085.100
2017-01-12 15:37:10 | TEMPLOG : WellhouseOne | 074.300
2017-01-12 15:38:12 | TEMPLOG : WellhouseOne | 066.200
2017-01-12 15:38:12 | TEMPLOG : Bio   Filter | 038.300
2017-01-12 15:39:13 | TEMPLOG : WellhouseOne | 061.700
2017-01-12 15:40:14 | TEMPLOG : WellhouseOne | 056.300
2017-01-12 15:41:15 | TEMPLOG : WellhouseOne | 053.600
2017-01-12 15:42:17 | TEMPLOG : WellhouseOne | 051.800
2017-01-12 15:43:18 | TEMPLOG : WellhouseOne | 050.000
2017-01-12 15:43:19 | TEMPLOG : To   GeoLoop | 042.800
2017-01-12 15:43:19 | TEMPLOG : Table    One | 037.400
2017-01-12 15:44:19 | TEMPLOG : WellhouseOne | 049.100
2017-01-12 15:44:20 | TEMPLOG : Bio   Filter | 037.400
2017-01-12 15:44:20 | TEMPLOG : To   GeoLoop | 043.700
2017-01-12 15:45:21 | TEMPLOG : WellhouseOne | 047.300
2017-01-12 15:45:21 | TEMPLOG : To   GeoLoop | 042.800
2017-01-12 15:47:24 | TEMPLOG : WellhouseOne | 046.400
2017-01-12 15:49:27 | TEMPLOG : WellhouseOne | 045.500
2017-01-12 15:50:30 | TEMPLOG : WellhouseOne | 044.600
2017-01-12 15:51:31 | TEMPLOG : WellhouseOne | 045.500
2017-01-12 15:52:32 | TEMPLOG : WellhouseOne | 044.600
2017-01-12 15:54:34 | TEMPLOG : WellhouseOne | 043.700
2017-01-12 15:57:39 | TEMPLOG : WellhouseOne | 042.800
2017-01-12 15:58:40 | TEMPLOG : WellhouseOne | 041.900
2017-01-12 15:58:41 | TEMPLOG : Table    One | 036.500
2017-01-12 15:59:41 | TEMPLOG : WellhouseOne | 085.100
2017-01-12 16:00:42 | TEMPLOG : WellhouseOne | 113.000
2017-01-12 16:00:42 | TEMPLOG : Bio   Filter | 036.500
2017-01-12 16:00:42 | TEMPLOG : To   GeoLoop | 042.800
2017-01-12 16:00:42 | TEMPLOG : Table    One | 036.500
2017-01-12 16:01:43 | TEMPLOG : WellhouseOne | 123.800
2017-01-12 16:02:44 | TEMPLOG : WellhouseOne | 131.000
2017-01-12 16:03:45 | TEMPLOG : WellhouseOne | 090.500
2017-01-12 16:04:46 | TEMPLOG : WellhouseOne | 078.800
2017-01-12 16:05:47 | TEMPLOG : WellhouseOne | 068.900
2017-01-12 16:06:48 | TEMPLOG : WellhouseOne | 062.600
2017-01-12 16:07:49 | TEMPLOG : WellhouseOne | 057.200
2017-01-12 16:08:50 | TEMPLOG : WellhouseOne | 054.500
2017-01-12 16:09:53 | TEMPLOG : WellhouseOne | 053.600
2017-01-12 16:09:53 | TEMPLOG : Table    One | 035.600
2017-01-12 16:10:54 | TEMPLOG : WellhouseOne | 051.800
2017-01-12 16:10:55 | TEMPLOG : Table    One | 036.500
2017-01-12 16:11:55 | TEMPLOG : WellhouseOne | 050.900
2017-01-12 16:11:56 | TEMPLOG : Table    One | 035.600
2017-01-12 16:12:56 | TEMPLOG : WellhouseOne | 049.100
2017-01-12 16:13:57 | TEMPLOG : WellhouseOne | 048.200
2017-01-12 16:15:59 | TEMPLOG : WellhouseOne | 047.300
2017-01-12 16:18:02 | TEMPLOG : WellhouseOne | 046.400
2017-01-12 16:19:03 | TEMPLOG : WellhouseOne | 045.500
2017-01-12 16:20:04 | TEMPLOG : WellhouseOne | 044.600
2017-01-12 16:22:08 | TEMPLOG : WellhouseOne | 043.700
2017-01-12 16:22:08 | TEMPLOG : Bio   Filter | 035.600
2017-01-12 16:23:09 | TEMPLOG : WellhouseOne | 042.800
2017-01-12 16:23:09 | TEMPLOG : Bio   Filter | 036.500
2017-01-12 16:24:10 | TEMPLOG : Bio   Filter | 035.600
2017-01-12 16:27:13 | TEMPLOG : WellhouseOne | 043.700
2017-01-12 16:28:15 | TEMPLOG : WellhouseOne | 104.000
2017-01-12 16:29:16 | TEMPLOG : WellhouseOne | 118.400
2017-01-12 16:30:17 | TEMPLOG : WellhouseOne | 126.500
2017-01-12 16:31:18 | TEMPLOG : WellhouseOne | 120.200
2017-01-12 16:32:19 | TEMPLOG : WellhouseOne | 086.900
2017-01-12 16:32:20 | TEMPLOG : Table    One | 034.700
2017-01-12 16:33:20 | TEMPLOG : WellhouseOne | 075.200
2017-01-12 16:34:21 | TEMPLOG : WellhouseOne | 068.000
2017-01-12 16:35:22 | TEMPLOG : WellhouseOne | 063.500
2017-01-12 16:36:23 | TEMPLOG : WellhouseOne | 059.000
2017-01-12 16:36:24 | TEMPLOG : Bio   Filter | 034.700
2017-01-12 16:37:24 | TEMPLOG : WellhouseOne | 055.400
2017-01-12 16:38:25 | TEMPLOG : WellhouseOne | 053.600
2017-01-12 16:39:26 | TEMPLOG : WellhouseOne | 051.800
2017-01-12 16:40:27 | TEMPLOG : WellhouseOne | 050.000
2017-01-12 16:41:29 | TEMPLOG : WellhouseOne | 049.100
2017-01-12 16:41:30 | TEMPLOG : To   GeoLoop | 041.900
2017-01-12 16:42:31 | TEMPLOG : WellhouseOne | 048.200
2017-01-12 16:43:33 | TEMPLOG : WellhouseOne | 047.300
2017-01-12 16:45:36 | TEMPLOG : WellhouseOne | 046.400
2017-01-12 16:46:37 | TEMPLOG : WellhouseOne | 045.500
2017-01-12 16:46:38 | TEMPLOG : Table    One | 033.800
2017-01-12 16:48:39 | TEMPLOG : WellhouseOne | 044.600
2017-01-12 16:48:39 | TEMPLOG : Bio   Filter | 033.800
2017-01-12 16:50:41 | TEMPLOG : WellhouseOne | 043.700
2017-01-12 16:53:46 | TEMPLOG : WellhouseOne | 042.800
2017-01-12 16:54:48 | TEMPLOG : WellhouseOne | 043.700
2017-01-12 16:55:49 | TEMPLOG : WellhouseOne | 104.900
2017-01-12 16:56:49 | TEMPLOG : WellhouseOne | 121.100
2017-01-12 16:57:51 | TEMPLOG : WellhouseOne | 131.000
2017-01-12 16:58:52 | TEMPLOG : WellhouseOne | 094.100
2017-01-12 16:59:53 | TEMPLOG : WellhouseOne | 076.100
2017-01-12 17:00:54 | TEMPLOG : WellhouseOne | 065.300
2017-01-12 17:00:54 | TEMPLOG : Bio   Filter | 033.800
2017-01-12 17:00:54 | TEMPLOG : To   GeoLoop | 041.900
2017-01-12 17:00:54 | TEMPLOG : Table    One | 033.800
2017-01-12 17:01:55 | TEMPLOG : WellhouseOne | 059.000
2017-01-12 17:02:56 | TEMPLOG : WellhouseOne | 054.500
2017-01-12 17:02:56 | TEMPLOG : Bio   Filter | 032.900
2017-01-12 17:03:57 | TEMPLOG : WellhouseOne | 051.800
2017-01-12 17:04:58 | TEMPLOG : WellhouseOne | 049.100
2017-01-12 17:05:59 | TEMPLOG : WellhouseOne | 047.300
2017-01-12 17:06:00 | TEMPLOG : Table    One | 032.900
2017-01-12 17:07:00 | TEMPLOG : WellhouseOne | 046.400
2017-01-12 17:08:03 | TEMPLOG : WellhouseOne | 045.500
2017-01-12 17:09:03 | TEMPLOG : WellhouseOne | 044.600
2017-01-12 17:10:05 | TEMPLOG : WellhouseOne | 043.700
2017-01-12 17:11:05 | TEMPLOG : WellhouseOne | 042.800
2017-01-12 17:12:07 | TEMPLOG : WellhouseOne | 041.900
2017-01-12 17:13:09 | TEMPLOG : WellhouseOne | 041.000
2017-01-12 17:18:17 | TEMPLOG : WellhouseOne | 040.100
2017-01-12 17:20:21 | TEMPLOG : WellhouseOne | 101.300
2017-01-12 17:21:23 | TEMPLOG : WellhouseOne | 120.200
2017-01-12 17:22:25 | TEMPLOG : WellhouseOne | 128.300
2017-01-12 17:23:27 | TEMPLOG : WellhouseOne | 112.100
2017-01-12 17:24:28 | TEMPLOG : WellhouseOne | 081.500
2017-01-12 17:25:29 | TEMPLOG : WellhouseOne | 068.900
2017-01-12 17:26:30 | TEMPLOG : WellhouseOne | 063.500
2017-01-12 17:27:31 | TEMPLOG : WellhouseOne | 058.100
2017-01-12 17:28:31 | TEMPLOG : WellhouseOne | 055.400
2017-01-12 17:29:34 | TEMPLOG : WellhouseOne | 052.700
2017-01-12 17:30:36 | TEMPLOG : WellhouseOne | 050.000
2017-01-12 17:31:38 | TEMPLOG : WellhouseOne | 049.100
2017-01-12 17:32:40 | TEMPLOG : WellhouseOne | 047.300
2017-01-12 17:33:41 | TEMPLOG : WellhouseOne | 046.400
2017-01-12 17:34:42 | TEMPLOG : WellhouseOne | 045.500
2017-01-12 17:35:44 | TEMPLOG : WellhouseOne | 044.600
2017-01-12 17:36:45 | TEMPLOG : WellhouseOne | 043.700
2017-01-12 17:38:47 | TEMPLOG : WellhouseOne | 042.800
2017-01-12 17:41:53 | TEMPLOG : WellhouseOne | 041.900
2017-01-12 17:43:56 | TEMPLOG : WellhouseOne | 041.000
2017-01-12 17:46:00 | TEMPLOG : WellhouseOne | 098.600
2017-01-12 17:47:01 | TEMPLOG : WellhouseOne | 114.800
2017-01-12 17:48:03 | TEMPLOG : WellhouseOne | 124.700
2017-01-12 17:49:03 | TEMPLOG : WellhouseOne | 130.100
2017-01-12 17:50:04 | TEMPLOG : WellhouseOne | 095.000
2017-01-12 17:51:05 | TEMPLOG : WellhouseOne | 077.000
2017-01-12 17:52:06 | TEMPLOG : WellhouseOne | 067.100
2017-01-12 17:53:08 | TEMPLOG : WellhouseOne | 061.700
2017-01-12 17:54:09 | TEMPLOG : WellhouseOne | 058.100
2017-01-12 17:55:10 | TEMPLOG : WellhouseOne | 054.500
2017-01-12 17:56:11 | TEMPLOG : WellhouseOne | 052.700
2017-01-12 17:57:13 | TEMPLOG : WellhouseOne | 050.900
2017-01-12 17:58:14 | TEMPLOG : WellhouseOne | 049.100
2017-01-12 17:59:16 | TEMPLOG : WellhouseOne | 047.300
2017-01-12 18:00:17 | TEMPLOG : WellhouseOne | 046.400
2017-01-12 18:00:18 | TEMPLOG : To   GeoLoop | 041.900
2017-01-12 18:01:18 | TEMPLOG : WellhouseOne | 045.500
2017-01-12 18:03:20 | TEMPLOG : WellhouseOne | 044.600
2017-01-12 18:03:21 | TEMPLOG : To   GeoLoop | 041.000
2017-01-12 18:04:22 | TEMPLOG : WellhouseOne | 042.800
2017-01-12 18:07:26 | TEMPLOG : WellhouseOne | 041.900
2017-01-12 18:09:28 | TEMPLOG : WellhouseOne | 041.000
2017-01-12 18:11:31 | TEMPLOG : WellhouseOne | 068.900
2017-01-12 18:12:33 | TEMPLOG : WellhouseOne | 107.600
2017-01-12 18:12:33 | TEMPLOG : Table    One | 031.100
2017-01-12 18:13:33 | TEMPLOG : WellhouseOne | 121.100
2017-01-12 18:14:35 | TEMPLOG : WellhouseOne | 127.400
2017-01-12 18:15:36 | TEMPLOG : WellhouseOne | 112.100
2017-01-12 18:16:37 | TEMPLOG : WellhouseOne | 082.400
2017-01-12 18:17:38 | TEMPLOG : WellhouseOne | 071.600
2017-01-12 18:18:39 | TEMPLOG : WellhouseOne | 063.500
2017-01-12 18:18:39 | TEMPLOG : Bio   Filter | 031.100
2017-01-12 18:19:40 | TEMPLOG : WellhouseOne | 059.900
2017-01-12 18:20:42 | TEMPLOG : WellhouseOne | 057.200
2017-01-12 18:21:43 | TEMPLOG : WellhouseOne | 054.500
2017-01-12 18:22:44 | TEMPLOG : WellhouseOne | 052.700
2017-01-12 18:23:45 | TEMPLOG : WellhouseOne | 050.900
2017-01-12 18:24:46 | TEMPLOG : WellhouseOne | 049.100
2017-01-12 18:25:48 | TEMPLOG : WellhouseOne | 048.200
2017-01-12 18:26:49 | TEMPLOG : WellhouseOne | 046.400
2017-01-12 18:28:51 | TEMPLOG : WellhouseOne | 045.500
2017-01-12 18:29:52 | TEMPLOG : WellhouseOne | 044.600
2017-01-12 18:31:54 | TEMPLOG : WellhouseOne | 043.700
2017-01-12 18:34:57 | TEMPLOG : WellhouseOne | 042.800
2017-01-12 18:37:00 | TEMPLOG : WellhouseOne | 050.900
2017-01-12 18:38:01 | TEMPLOG : WellhouseOne | 102.200
2017-01-12 18:39:03 | TEMPLOG : WellhouseOne | 114.800
2017-01-12 18:40:04 | TEMPLOG : WellhouseOne | 123.800
2017-01-12 18:41:07 | TEMPLOG : WellhouseOne | 131.000
2017-01-12 18:42:08 | TEMPLOG : WellhouseOne | 112.100
2017-01-12 18:43:10 | TEMPLOG : WellhouseOne | 086.900
2017-01-12 18:44:12 | TEMPLOG : WellhouseOne | 073.400
2017-01-12 18:45:13 | TEMPLOG : WellhouseOne | 066.200
2017-01-12 18:46:14 | TEMPLOG : WellhouseOne | 062.600
2017-01-12 18:47:15 | TEMPLOG : WellhouseOne | 059.000
2017-01-12 18:48:16 | TEMPLOG : WellhouseOne | 056.300
2017-01-12 18:49:16 | TEMPLOG : WellhouseOne | 054.500
2017-01-12 18:50:18 | TEMPLOG : WellhouseOne | 052.700
2017-01-12 18:51:18 | TEMPLOG : WellhouseOne | 050.900
2017-01-12 18:52:20 | TEMPLOG : WellhouseOne | 050.000
2017-01-12 18:53:21 | TEMPLOG : WellhouseOne | 049.100
2017-01-12 18:54:22 | TEMPLOG : WellhouseOne | 048.200
2017-01-12 18:55:24 | TEMPLOG : WellhouseOne | 047.300
2017-01-12 18:56:24 | TEMPLOG : WellhouseOne | 046.400
2017-01-12 18:57:27 | TEMPLOG : WellhouseOne | 045.500
2017-01-12 18:59:29 | TEMPLOG : WellhouseOne | 044.600
2017-01-12 19:00:31 | TEMPLOG : WellhouseOne | 044.600
2017-01-12 19:00:31 | TEMPLOG : To   GeoLoop | 041.000
2017-01-12 19:00:31 | TEMPLOG : Table    One | 031.100
2017-01-12 19:01:32 | TEMPLOG : WellhouseOne | 043.700
2017-01-12 19:04:36 | TEMPLOG : WellhouseOne | 080.600
2017-01-12 19:05:38 | TEMPLOG : WellhouseOne | 107.600
2017-01-12 19:06:40 | TEMPLOG : WellhouseOne | 118.400
2017-01-12 19:07:42 | TEMPLOG : WellhouseOne | 125.600
2017-01-12 19:08:43 | TEMPLOG : WellhouseOne | 130.100
2017-01-12 19:09:44 | TEMPLOG : WellhouseOne | 104.000
2017-01-12 19:10:45 | TEMPLOG : WellhouseOne | 085.100
2017-01-12 19:11:46 | TEMPLOG : WellhouseOne | 075.200
2017-01-12 19:12:48 | TEMPLOG : WellhouseOne | 068.000
2017-01-12 19:13:50 | TEMPLOG : WellhouseOne | 062.600
2017-01-12 19:14:51 | TEMPLOG : WellhouseOne | 059.900
2017-01-12 19:15:53 | TEMPLOG : WellhouseOne | 057.200
2017-01-12 19:16:53 | TEMPLOG : WellhouseOne | 054.500
2017-01-12 19:17:55 | TEMPLOG : WellhouseOne | 052.700
2017-01-12 19:18:56 | TEMPLOG : WellhouseOne | 051.800
2017-01-12 19:19:58 | TEMPLOG : WellhouseOne | 050.000
2017-01-12 19:20:59 | TEMPLOG : WellhouseOne | 049.100
2017-01-12 19:22:01 | TEMPLOG : WellhouseOne | 048.200
2017-01-12 19:23:02 | TEMPLOG : WellhouseOne | 047.300
2017-01-12 19:24:03 | TEMPLOG : WellhouseOne | 046.400
2017-01-12 19:26:05 | TEMPLOG : WellhouseOne | 045.500
2017-01-12 19:28:07 | TEMPLOG : WellhouseOne | 044.600
2017-01-12 19:30:09 | TEMPLOG : WellhouseOne | 043.700
2017-01-12 19:32:11 | TEMPLOG : WellhouseOne | 095.900
2017-01-12 19:33:13 | TEMPLOG : WellhouseOne | 115.700
2017-01-12 19:34:14 | TEMPLOG : WellhouseOne | 123.800
2017-01-12 19:35:15 | TEMPLOG : WellhouseOne | 128.300
2017-01-12 19:36:17 | TEMPLOG : WellhouseOne | 120.200
2017-01-12 19:37:18 | TEMPLOG : WellhouseOne | 091.400
2017-01-12 19:38:20 | TEMPLOG : WellhouseOne | 078.800
2017-01-12 19:38:21 | TEMPLOG : Table    One | 030.200
2017-01-12 19:39:21 | TEMPLOG : WellhouseOne | 069.800
2017-01-12 19:39:22 | TEMPLOG : Table    One | 031.100
2017-01-12 19:40:22 | TEMPLOG : WellhouseOne | 065.300
2017-01-12 19:41:24 | TEMPLOG : WellhouseOne | 060.800
2017-01-12 19:42:25 | TEMPLOG : WellhouseOne | 057.200
2017-01-12 19:42:26 | TEMPLOG : Table    One | 030.200
2017-01-12 19:43:26 | TEMPLOG : WellhouseOne | 055.400
2017-01-12 19:44:27 | TEMPLOG : WellhouseOne | 053.600
2017-01-12 19:44:28 | TEMPLOG : Table    One | 031.100
2017-01-12 19:45:28 | TEMPLOG : WellhouseOne | 051.800
2017-01-12 19:46:29 | TEMPLOG : WellhouseOne | 050.900
2017-01-12 19:47:30 | TEMPLOG : WellhouseOne | 050.000
2017-01-12 19:48:31 | TEMPLOG : WellhouseOne | 049.100
2017-01-12 19:48:32 | TEMPLOG : Table    One | 030.200
2017-01-12 19:49:32 | TEMPLOG : WellhouseOne | 048.200
2017-01-12 19:50:35 | TEMPLOG : WellhouseOne | 047.300
2017-01-12 19:51:35 | TEMPLOG : WellhouseOne | 046.400
2017-01-12 19:52:36 | TEMPLOG : WellhouseOne | 045.500
2017-01-12 19:52:36 | TEMPLOG : Bio   Filter | 030.200
2017-01-12 19:54:38 | TEMPLOG : WellhouseOne | 044.600
2017-01-12 19:57:42 | TEMPLOG : WellhouseOne | 043.700
2017-01-12 19:58:43 | TEMPLOG : WellhouseOne | 095.000
2017-01-12 19:59:46 | TEMPLOG : WellhouseOne | 113.900
2017-01-12 20:00:47 | TEMPLOG : WellhouseOne | 123.800
2017-01-12 20:00:47 | TEMPLOG : Bio   Filter | 030.200
2017-01-12 20:00:48 | TEMPLOG : To   GeoLoop | 041.000
2017-01-12 20:00:48 | TEMPLOG : Table    One | 030.200
2017-01-12 20:01:49 | TEMPLOG : WellhouseOne | 128.300
2017-01-12 20:02:50 | TEMPLOG : WellhouseOne | 132.800
2017-01-12 20:03:52 | TEMPLOG : WellhouseOne | 108.500
2017-01-12 20:03:52 | TEMPLOG : To   GeoLoop | 040.100
2017-01-12 20:04:53 | TEMPLOG : WellhouseOne | 086.900
2017-01-12 20:04:54 | TEMPLOG : To   GeoLoop | 041.000
2017-01-12 20:05:55 | TEMPLOG : WellhouseOne | 076.100
2017-01-12 20:05:55 | TEMPLOG : To   GeoLoop | 040.100
2017-01-12 20:06:56 | TEMPLOG : WellhouseOne | 069.800
2017-01-12 20:06:57 | TEMPLOG : To   GeoLoop | 041.000
2017-01-12 20:07:58 | TEMPLOG : WellhouseOne | 064.400
2017-01-12 20:09:00 | TEMPLOG : WellhouseOne | 059.900
2017-01-12 20:10:01 | TEMPLOG : WellhouseOne | 057.200
2017-01-12 20:10:02 | TEMPLOG : To   GeoLoop | 040.100
2017-01-12 20:11:02 | TEMPLOG : WellhouseOne | 054.500
2017-01-12 20:12:04 | TEMPLOG : WellhouseOne | 053.600
2017-01-12 20:13:05 | TEMPLOG : WellhouseOne | 051.800
2017-01-12 20:14:09 | TEMPLOG : WellhouseOne | 050.900
2017-01-12 20:15:09 | TEMPLOG : WellhouseOne | 050.000
2017-01-12 20:17:12 | TEMPLOG : WellhouseOne | 049.100
2017-01-12 20:18:15 | TEMPLOG : WellhouseOne | 048.200
2017-01-12 20:19:16 | TEMPLOG : WellhouseOne | 047.300
2017-01-12 20:20:18 | TEMPLOG : WellhouseOne | 046.400
2017-01-12 20:22:22 | TEMPLOG : Table    One | 029.300
2017-01-12 20:23:22 | TEMPLOG : WellhouseOne | 045.500
2017-01-12 20:23:22 | TEMPLOG : Bio   Filter | 029.300
2017-01-12 20:24:23 | TEMPLOG : WellhouseOne | 044.600
2017-01-12 20:24:23 | TEMPLOG : Bio   Filter | 030.200
2017-01-12 20:27:26 | TEMPLOG : WellhouseOne | 100.400
2017-01-12 20:27:26 | TEMPLOG : Table    One | 030.200
2017-01-12 20:28:27 | TEMPLOG : WellhouseOne | 117.500
2017-01-12 20:28:27 | TEMPLOG : Table    One | 029.300
2017-01-12 20:29:28 | TEMPLOG : WellhouseOne | 127.400
2017-01-12 20:29:29 | TEMPLOG : Table    One | 030.200
2017-01-12 20:30:29 | TEMPLOG : WellhouseOne | 132.800
2017-01-12 20:30:30 | TEMPLOG : Table    One | 029.300
2017-01-12 20:31:30 | TEMPLOG : WellhouseOne | 101.300
2017-01-12 20:31:31 | TEMPLOG : Bio   Filter | 029.300
2017-01-12 20:32:32 | TEMPLOG : WellhouseOne | 084.200
2017-01-12 20:32:32 | TEMPLOG : Bio   Filter | 030.200
2017-01-12 20:33:33 | TEMPLOG : WellhouseOne | 075.200
2017-01-12 20:33:34 | TEMPLOG : Bio   Filter | 029.300
2017-01-12 20:34:35 | TEMPLOG : WellhouseOne | 068.000
2017-01-12 20:35:37 | TEMPLOG : WellhouseOne | 062.600
2017-01-12 20:36:38 | TEMPLOG : WellhouseOne | 059.000
2017-01-12 20:37:39 | TEMPLOG : WellhouseOne | 055.400
2017-01-12 20:38:41 | TEMPLOG : WellhouseOne | 053.600
2017-01-12 20:39:43 | TEMPLOG : WellhouseOne | 051.800
2017-01-12 20:40:44 | TEMPLOG : WellhouseOne | 050.900
2017-01-12 20:41:46 | TEMPLOG : WellhouseOne | 049.100
2017-01-12 20:43:49 | TEMPLOG : WellhouseOne | 047.300
2017-01-12 20:45:53 | TEMPLOG : WellhouseOne | 046.400
2017-01-12 20:47:55 | TEMPLOG : WellhouseOne | 045.500
2017-01-12 20:48:57 | TEMPLOG : WellhouseOne | 044.600
2017-01-12 20:52:02 | TEMPLOG : WellhouseOne | 043.700
2017-01-12 20:54:04 | TEMPLOG : WellhouseOne | 101.300
2017-01-12 20:55:05 | TEMPLOG : WellhouseOne | 116.600
2017-01-12 20:56:06 | TEMPLOG : WellhouseOne | 125.600
2017-01-12 20:57:08 | TEMPLOG : WellhouseOne | 130.100
2017-01-12 20:58:09 | TEMPLOG : WellhouseOne | 133.700
2017-01-12 20:59:10 | TEMPLOG : WellhouseOne | 134.600
2017-01-12 21:00:12 | TEMPLOG : WellhouseOne | 093.200
2017-01-12 21:00:13 | TEMPLOG : Bio   Filter | 029.300
2017-01-12 21:00:13 | TEMPLOG : To   GeoLoop | 040.100
2017-01-12 21:00:13 | TEMPLOG : Table    One | 029.300
2017-01-12 21:01:13 | TEMPLOG : WellhouseOne | 079.700
2017-01-12 21:02:14 | TEMPLOG : WellhouseOne | 072.500
2017-01-12 21:03:15 | TEMPLOG : WellhouseOne | 066.200
2017-01-12 21:04:18 | TEMPLOG : WellhouseOne | 062.600
2017-01-12 21:05:18 | TEMPLOG : WellhouseOne | 059.000
2017-01-12 21:06:19 | TEMPLOG : WellhouseOne | 056.300
2017-01-12 21:07:20 | TEMPLOG : WellhouseOne | 054.500
2017-01-12 21:08:21 | TEMPLOG : WellhouseOne | 052.700
2017-01-12 21:09:22 | TEMPLOG : WellhouseOne | 051.800
2017-01-12 21:10:24 | TEMPLOG : WellhouseOne | 050.000
2017-01-12 21:11:26 | TEMPLOG : WellhouseOne | 049.100
2017-01-12 21:12:26 | TEMPLOG : WellhouseOne | 048.200
2017-01-12 21:13:27 | TEMPLOG : WellhouseOne | 047.300
2017-01-12 21:14:29 | TEMPLOG : WellhouseOne | 046.400
2017-01-12 21:16:30 | TEMPLOG : WellhouseOne | 045.500
2017-01-12 21:18:33 | TEMPLOG : WellhouseOne | 044.600
2017-01-12 21:19:35 | TEMPLOG : Table    One | 028.400
2017-01-12 21:21:36 | TEMPLOG : WellhouseOne | 043.700
2017-01-12 21:22:39 | TEMPLOG : WellhouseOne | 100.400
2017-01-12 21:23:40 | TEMPLOG : WellhouseOne | 114.800
2017-01-12 21:24:41 | TEMPLOG : WellhouseOne | 124.700
2017-01-12 21:25:42 | TEMPLOG : WellhouseOne | 129.200
2017-01-12 21:26:44 | TEMPLOG : WellhouseOne | 131.900
2017-01-12 21:27:45 | TEMPLOG : WellhouseOne | 131.000
2017-01-12 21:28:46 | TEMPLOG : WellhouseOne | 094.100
2017-01-12 21:29:47 | TEMPLOG : WellhouseOne | 081.500
2017-01-12 21:30:50 | TEMPLOG : WellhouseOne | 073.400
2017-01-12 21:31:51 | TEMPLOG : WellhouseOne | 066.200
2017-01-12 21:31:52 | TEMPLOG : Bio   Filter | 028.400
2017-01-12 21:32:52 | TEMPLOG : WellhouseOne | 061.700
2017-01-12 21:33:54 | TEMPLOG : WellhouseOne | 058.100
2017-01-12 21:34:55 | TEMPLOG : WellhouseOne | 056.300
2017-01-12 21:35:57 | TEMPLOG : WellhouseOne | 053.600
2017-01-12 21:36:57 | TEMPLOG : WellhouseOne | 052.700
2017-01-12 21:37:59 | TEMPLOG : WellhouseOne | 050.900
2017-01-12 21:39:00 | TEMPLOG : WellhouseOne | 050.000
2017-01-12 21:40:01 | TEMPLOG : WellhouseOne | 049.100
2017-01-12 21:41:03 | TEMPLOG : WellhouseOne | 048.200
2017-01-12 21:43:06 | TEMPLOG : WellhouseOne | 046.400
2017-01-12 21:43:07 | TEMPLOG : To   GeoLoop | 039.200
2017-01-12 21:45:10 | TEMPLOG : WellhouseOne | 045.500
2017-01-12 21:47:13 | TEMPLOG : WellhouseOne | 044.600
2017-01-12 21:49:15 | TEMPLOG : WellhouseOne | 043.700
2017-01-12 21:50:17 | TEMPLOG : WellhouseOne | 082.400
2017-01-12 21:51:18 | TEMPLOG : WellhouseOne | 110.300
2017-01-12 21:52:20 | TEMPLOG : WellhouseOne | 121.100
2017-01-12 21:53:21 | TEMPLOG : WellhouseOne | 126.500
2017-01-12 21:54:22 | TEMPLOG : WellhouseOne | 130.100
2017-01-12 21:54:24 | TEMPLOG : To   GeoLoop | 040.100
2017-01-12 21:55:24 | TEMPLOG : WellhouseOne | 132.800
2017-01-12 21:55:24 | TEMPLOG : Bio   Filter | 029.300
2017-01-12 21:55:25 | TEMPLOG : To   GeoLoop | 039.200
2017-01-12 21:56:26 | TEMPLOG : WellhouseOne | 108.500
2017-01-12 21:56:26 | TEMPLOG : To   GeoLoop | 040.100
2017-01-12 21:57:27 | TEMPLOG : WellhouseOne | 087.800
2017-01-12 21:58:28 | TEMPLOG : WellhouseOne | 076.100
2017-01-12 21:58:29 | TEMPLOG : To   GeoLoop | 039.200
2017-01-12 21:59:29 | TEMPLOG : WellhouseOne | 068.000
2017-01-12 22:00:30 | TEMPLOG : WellhouseOne | 062.600
2017-01-12 22:00:30 | TEMPLOG : Bio   Filter | 029.300
2017-01-12 22:00:30 | TEMPLOG : To   GeoLoop | 040.100
2017-01-12 22:00:31 | TEMPLOG : Table    One | 028.400
2017-01-12 22:01:31 | TEMPLOG : WellhouseOne | 059.000
2017-01-12 22:02:32 | TEMPLOG : WellhouseOne | 056.300
2017-01-12 22:03:33 | TEMPLOG : WellhouseOne | 053.600
2017-01-12 22:04:34 | TEMPLOG : WellhouseOne | 051.800
2017-01-12 22:05:35 | TEMPLOG : WellhouseOne | 050.000
2017-01-12 22:05:36 | TEMPLOG : Table    One | 029.300
2017-01-12 22:06:36 | TEMPLOG : WellhouseOne | 049.100
2017-01-12 22:07:38 | TEMPLOG : WellhouseOne | 048.200
2017-01-12 22:09:40 | TEMPLOG : WellhouseOne | 047.300
2017-01-12 22:10:43 | TEMPLOG : WellhouseOne | 045.500
2017-01-12 22:12:45 | TEMPLOG : WellhouseOne | 044.600
2017-01-12 22:14:48 | TEMPLOG : WellhouseOne | 043.700
2017-01-12 22:16:49 | TEMPLOG : WellhouseOne | 042.800
2017-01-12 22:18:52 | TEMPLOG : WellhouseOne | 095.900
2017-01-12 22:19:53 | TEMPLOG : WellhouseOne | 113.000
2017-01-12 22:20:54 | TEMPLOG : WellhouseOne | 122.000
2017-01-12 22:21:56 | TEMPLOG : WellhouseOne | 128.300
2017-01-12 22:21:57 | TEMPLOG : Bio   Filter | 030.200
2017-01-12 22:22:58 | TEMPLOG : WellhouseOne | 131.000
2017-01-12 22:22:59 | TEMPLOG : Bio   Filter | 029.300
2017-01-12 22:24:00 | TEMPLOG : WellhouseOne | 119.300
2017-01-12 22:24:01 | TEMPLOG : Bio   Filter | 030.200
2017-01-12 22:25:01 | TEMPLOG : WellhouseOne | 087.800
2017-01-12 22:25:02 | TEMPLOG : Bio   Filter | 029.300
2017-01-12 22:26:03 | TEMPLOG : WellhouseOne | 075.200
2017-01-12 22:27:04 | TEMPLOG : WellhouseOne | 068.000
2017-01-12 22:28:05 | TEMPLOG : WellhouseOne | 062.600
2017-01-12 22:28:06 | TEMPLOG : Bio   Filter | 030.200
2017-01-12 22:29:06 | TEMPLOG : WellhouseOne | 058.100
2017-01-12 22:30:07 | TEMPLOG : WellhouseOne | 055.400
2017-01-12 22:31:08 | TEMPLOG : WellhouseOne | 052.700
2017-01-12 22:31:08 | TEMPLOG : Bio   Filter | 029.300
2017-01-12 22:32:09 | TEMPLOG : WellhouseOne | 050.900
2017-01-12 22:33:11 | TEMPLOG : WellhouseOne | 049.100
2017-01-12 22:34:12 | TEMPLOG : WellhouseOne | 048.200
2017-01-12 22:34:12 | TEMPLOG : Bio   Filter | 030.200
2017-01-12 22:35:13 | TEMPLOG : WellhouseOne | 047.300
2017-01-12 22:36:15 | TEMPLOG : WellhouseOne | 046.400
2017-01-12 22:38:17 | TEMPLOG : WellhouseOne | 045.500
2017-01-12 22:39:18 | TEMPLOG : WellhouseOne | 044.600
2017-01-12 22:41:20 | TEMPLOG : WellhouseOne | 042.800
2017-01-12 22:42:21 | TEMPLOG : WellhouseOne | 041.900
2017-01-12 22:43:22 | TEMPLOG : WellhouseOne | 042.800
2017-01-12 22:44:23 | TEMPLOG : WellhouseOne | 041.900
2017-01-12 22:46:26 | TEMPLOG : WellhouseOne | 099.500
2017-01-12 22:47:27 | TEMPLOG : WellhouseOne | 113.900
2017-01-12 22:48:29 | TEMPLOG : WellhouseOne | 122.900
2017-01-12 22:49:30 | TEMPLOG : WellhouseOne | 127.400
2017-01-12 22:50:31 | TEMPLOG : WellhouseOne | 130.100
2017-01-12 22:51:32 | TEMPLOG : WellhouseOne | 109.400
2017-01-12 22:52:33 | TEMPLOG : WellhouseOne | 086.000
2017-01-12 22:53:34 | TEMPLOG : WellhouseOne | 073.400
2017-01-12 22:54:36 | TEMPLOG : WellhouseOne | 066.200
2017-01-12 22:55:36 | TEMPLOG : WellhouseOne | 061.700
2017-01-12 22:56:37 | TEMPLOG : WellhouseOne | 058.100
2017-01-12 22:57:38 | TEMPLOG : WellhouseOne | 054.500
2017-01-12 22:58:39 | TEMPLOG : WellhouseOne | 051.800
2017-01-12 22:59:41 | TEMPLOG : WellhouseOne | 050.900
2017-01-12 23:00:42 | TEMPLOG : WellhouseOne | 049.100
2017-01-12 23:00:42 | TEMPLOG : Bio   Filter | 030.200
2017-01-12 23:00:42 | TEMPLOG : To   GeoLoop | 040.100
2017-01-12 23:00:42 | TEMPLOG : Table    One | 029.300
2017-01-12 23:01:42 | TEMPLOG : WellhouseOne | 048.200
2017-01-12 23:02:43 | TEMPLOG : WellhouseOne | 047.300
2017-01-12 23:03:45 | TEMPLOG : WellhouseOne | 046.400
2017-01-12 23:04:46 | TEMPLOG : WellhouseOne | 045.500
2017-01-12 23:05:48 | TEMPLOG : WellhouseOne | 044.600
2017-01-12 23:06:49 | TEMPLOG : WellhouseOne | 043.700
2017-01-12 23:08:51 | TEMPLOG : WellhouseOne | 042.800
2017-01-12 23:09:52 | TEMPLOG : WellhouseOne | 041.000
2017-01-12 23:10:54 | TEMPLOG : To   GeoLoop | 039.200
2017-01-12 23:11:54 | TEMPLOG : WellhouseOne | 040.100
2017-01-12 23:12:55 | TEMPLOG : WellhouseOne | 041.000
2017-01-12 23:13:57 | TEMPLOG : WellhouseOne | 102.200
2017-01-12 23:13:58 | TEMPLOG : To   GeoLoop | 040.100
2017-01-12 23:14:58 | TEMPLOG : WellhouseOne | 114.800
2017-01-12 23:14:59 | TEMPLOG : To   GeoLoop | 039.200
2017-01-12 23:16:00 | TEMPLOG : WellhouseOne | 122.000
2017-01-12 23:17:01 | TEMPLOG : WellhouseOne | 126.500
2017-01-12 23:17:01 | TEMPLOG : To   GeoLoop | 040.100
2017-01-12 23:18:02 | TEMPLOG : WellhouseOne | 130.100
2017-01-12 23:19:03 | TEMPLOG : WellhouseOne | 127.400
2017-01-12 23:20:04 | TEMPLOG : WellhouseOne | 089.600
2017-01-12 23:21:05 | TEMPLOG : WellhouseOne | 076.100
2017-01-12 23:22:06 | TEMPLOG : WellhouseOne | 068.000
2017-01-12 23:22:06 | TEMPLOG : To   GeoLoop | 039.200
2017-01-12 23:23:08 | TEMPLOG : WellhouseOne | 061.700
2017-01-12 23:24:09 | TEMPLOG : WellhouseOne | 058.100
2017-01-12 23:24:09 | TEMPLOG : To   GeoLoop | 040.100
2017-01-12 23:25:09 | TEMPLOG : WellhouseOne | 054.500
2017-01-12 23:25:10 | TEMPLOG : To   GeoLoop | 039.200
2017-01-12 23:26:10 | TEMPLOG : WellhouseOne | 052.700
2017-01-12 23:27:11 | TEMPLOG : WellhouseOne | 050.900
2017-01-12 23:27:12 | TEMPLOG : To   GeoLoop | 040.100
2017-01-12 23:28:12 | TEMPLOG : WellhouseOne | 050.000
2017-01-12 23:28:13 | TEMPLOG : To   GeoLoop | 039.200
2017-01-12 23:29:14 | TEMPLOG : WellhouseOne | 048.200
2017-01-12 23:31:16 | TEMPLOG : WellhouseOne | 046.400
2017-01-12 23:31:16 | TEMPLOG : To   GeoLoop | 040.100
2017-01-12 23:32:17 | TEMPLOG : To   GeoLoop | 039.200
2017-01-12 23:33:18 | TEMPLOG : WellhouseOne | 045.500
2017-01-12 23:34:19 | TEMPLOG : WellhouseOne | 044.600
2017-01-12 23:35:20 | TEMPLOG : WellhouseOne | 043.700
2017-01-12 23:35:20 | TEMPLOG : To   GeoLoop | 040.100
2017-01-12 23:36:21 | TEMPLOG : WellhouseOne | 042.800
2017-01-12 23:37:23 | TEMPLOG : To   GeoLoop | 039.200
2017-01-12 23:38:24 | TEMPLOG : WellhouseOne | 041.900
2017-01-12 23:39:25 | TEMPLOG : WellhouseOne | 041.000
2017-01-12 23:39:26 | TEMPLOG : To   GeoLoop | 040.100
2017-01-12 23:40:27 | TEMPLOG : To   GeoLoop | 039.200
2017-01-12 23:41:27 | TEMPLOG : WellhouseOne | 083.300
2017-01-12 23:42:28 | TEMPLOG : WellhouseOne | 109.400
2017-01-12 23:42:29 | TEMPLOG : To   GeoLoop | 040.100
2017-01-12 23:43:29 | TEMPLOG : WellhouseOne | 118.400
2017-01-12 23:44:30 | TEMPLOG : WellhouseOne | 124.700
2017-01-12 23:44:31 | TEMPLOG : To   GeoLoop | 039.200
2017-01-12 23:45:31 | TEMPLOG : WellhouseOne | 129.200
2017-01-12 23:46:33 | TEMPLOG : WellhouseOne | 131.000
2017-01-12 23:47:34 | TEMPLOG : WellhouseOne | 097.700
2017-01-12 23:48:35 | TEMPLOG : WellhouseOne | 078.800
2017-01-12 23:49:36 | TEMPLOG : WellhouseOne | 068.900
2017-01-12 23:50:37 | TEMPLOG : WellhouseOne | 062.600
2017-01-12 23:51:38 | TEMPLOG : WellhouseOne | 058.100
2017-01-12 23:52:39 | TEMPLOG : WellhouseOne | 055.400
2017-01-12 23:53:40 | TEMPLOG : WellhouseOne | 053.600
2017-01-12 23:54:41 | TEMPLOG : WellhouseOne | 051.800
2017-01-12 23:55:41 | TEMPLOG : WellhouseOne | 050.000
2017-01-12 23:56:43 | TEMPLOG : WellhouseOne | 049.100
2017-01-12 23:56:43 | TEMPLOG : Table    One | 030.200
2017-01-12 23:57:43 | TEMPLOG : WellhouseOne | 048.200
2017-01-12 23:58:44 | TEMPLOG : WellhouseOne | 047.300
2017-01-12 23:58:45 | TEMPLOG : Table    One | 029.300
2017-01-12 23:59:45 | TEMPLOG : WellhouseOne | 046.400
