2017-01-21 00:00:39 | TEMPLOG : WellhouseOne | 073.400
2017-01-21 00:00:39 | TEMPLOG : Bio   Filter | 035.600
2017-01-21 00:00:41 | TEMPLOG : To   GeoLoop | 046.400
2017-01-21 00:00:41 | TEMPLOG : Table    One | 035.600
2017-01-21 00:01:42 | TEMPLOG : WellhouseOne | 068.000
2017-01-21 00:02:43 | TEMPLOG : WellhouseOne | 065.300
2017-01-21 00:03:44 | TEMPLOG : WellhouseOne | 061.700
2017-01-21 00:04:46 | TEMPLOG : WellhouseOne | 059.000
2017-01-21 00:05:47 | TEMPLOG : WellhouseOne | 057.200
2017-01-21 00:06:48 | TEMPLOG : WellhouseOne | 055.400
2017-01-21 00:07:49 | TEMPLOG : WellhouseOne | 054.500
2017-01-21 00:08:50 | TEMPLOG : WellhouseOne | 053.600
2017-01-21 00:09:52 | TEMPLOG : WellhouseOne | 052.700
2017-01-21 00:10:53 | TEMPLOG : WellhouseOne | 051.800
2017-01-21 00:12:55 | TEMPLOG : WellhouseOne | 050.900
2017-01-21 00:14:57 | TEMPLOG : WellhouseOne | 050.000
2017-01-21 00:15:58 | TEMPLOG : WellhouseOne | 049.100
2017-01-21 00:16:59 | TEMPLOG : WellhouseOne | 048.200
2017-01-21 00:19:02 | TEMPLOG : WellhouseOne | 047.300
2017-01-21 00:19:04 | TEMPLOG : Table    One | 034.700
2017-01-21 00:20:04 | TEMPLOG : Bio   Filter | 034.700
2017-01-21 00:22:07 | TEMPLOG : Bio   Filter | 035.600
2017-01-21 00:23:07 | TEMPLOG : WellhouseOne | 046.400
2017-01-21 00:23:08 | TEMPLOG : Bio   Filter | 034.700
2017-01-21 00:25:09 | TEMPLOG : WellhouseOne | 086.000
2017-01-21 00:26:11 | TEMPLOG : WellhouseOne | 118.400
2017-01-21 00:27:12 | TEMPLOG : WellhouseOne | 129.200
2017-01-21 00:28:13 | TEMPLOG : WellhouseOne | 123.800
2017-01-21 00:29:14 | TEMPLOG : WellhouseOne | 090.500
2017-01-21 00:30:15 | TEMPLOG : WellhouseOne | 078.800
2017-01-21 00:31:18 | TEMPLOG : WellhouseOne | 070.700
2017-01-21 00:32:18 | TEMPLOG : WellhouseOne | 066.200
2017-01-21 00:33:20 | TEMPLOG : WellhouseOne | 062.600
2017-01-21 00:34:21 | TEMPLOG : WellhouseOne | 059.900
2017-01-21 00:35:23 | TEMPLOG : WellhouseOne | 057.200
2017-01-21 00:36:24 | TEMPLOG : WellhouseOne | 056.300
2017-01-21 00:37:25 | TEMPLOG : WellhouseOne | 054.500
2017-01-21 00:38:27 | TEMPLOG : WellhouseOne | 053.600
2017-01-21 00:39:28 | TEMPLOG : WellhouseOne | 052.700
2017-01-21 00:40:29 | TEMPLOG : WellhouseOne | 051.800
2017-01-21 00:41:30 | TEMPLOG : WellhouseOne | 050.900
2017-01-21 00:42:31 | TEMPLOG : WellhouseOne | 050.000
2017-01-21 00:42:32 | TEMPLOG : To   GeoLoop | 045.500
2017-01-21 00:43:32 | TEMPLOG : WellhouseOne | 049.100
2017-01-21 00:45:34 | TEMPLOG : WellhouseOne | 048.200
2017-01-21 00:46:36 | TEMPLOG : WellhouseOne | 047.300
2017-01-21 00:49:39 | TEMPLOG : WellhouseOne | 046.400
2017-01-21 00:52:43 | TEMPLOG : WellhouseOne | 045.500
2017-01-21 00:53:44 | TEMPLOG : WellhouseOne | 077.000
2017-01-21 00:54:45 | TEMPLOG : WellhouseOne | 113.900
2017-01-21 00:55:47 | TEMPLOG : WellhouseOne | 124.700
2017-01-21 00:56:49 | TEMPLOG : WellhouseOne | 131.900
2017-01-21 00:57:50 | TEMPLOG : WellhouseOne | 095.000
2017-01-21 00:57:50 | TEMPLOG : Bio   Filter | 033.800
2017-01-21 00:57:51 | TEMPLOG : Table    One | 033.800
2017-01-21 00:58:51 | TEMPLOG : WellhouseOne | 080.600
2017-01-21 00:59:53 | TEMPLOG : WellhouseOne | 072.500
2017-01-21 01:00:54 | TEMPLOG : WellhouseOne | 065.300
2017-01-21 01:00:54 | TEMPLOG : Bio   Filter | 033.800
2017-01-21 01:00:54 | TEMPLOG : To   GeoLoop | 045.500
2017-01-21 01:00:55 | TEMPLOG : Table    One | 033.800
2017-01-21 01:01:56 | TEMPLOG : WellhouseOne | 061.700
2017-01-21 01:02:57 | TEMPLOG : WellhouseOne | 058.100
2017-01-21 01:03:58 | TEMPLOG : WellhouseOne | 055.400
2017-01-21 01:03:58 | TEMPLOG : Bio   Filter | 034.700
2017-01-21 01:04:59 | TEMPLOG : WellhouseOne | 054.500
2017-01-21 01:06:00 | TEMPLOG : WellhouseOne | 053.600
2017-01-21 01:06:01 | TEMPLOG : Table    One | 034.700
2017-01-21 01:07:02 | TEMPLOG : WellhouseOne | 051.800
2017-01-21 01:08:02 | TEMPLOG : WellhouseOne | 050.900
2017-01-21 01:08:03 | TEMPLOG : Table    One | 033.800
2017-01-21 01:09:04 | TEMPLOG : WellhouseOne | 050.000
2017-01-21 01:10:05 | TEMPLOG : WellhouseOne | 049.100
2017-01-21 01:10:06 | TEMPLOG : Table    One | 034.700
2017-01-21 01:11:08 | TEMPLOG : Table    One | 033.800
2017-01-21 01:12:08 | TEMPLOG : WellhouseOne | 048.200
2017-01-21 01:12:08 | TEMPLOG : Bio   Filter | 033.800
2017-01-21 01:13:10 | TEMPLOG : Table    One | 034.700
2017-01-21 01:14:11 | TEMPLOG : WellhouseOne | 047.300
2017-01-21 01:14:12 | TEMPLOG : Table    One | 033.800
2017-01-21 01:16:13 | TEMPLOG : WellhouseOne | 046.400
2017-01-21 01:19:16 | TEMPLOG : WellhouseOne | 045.500
2017-01-21 01:21:19 | TEMPLOG : WellhouseOne | 044.600
2017-01-21 01:21:19 | TEMPLOG : Bio   Filter | 034.700
2017-01-21 01:22:21 | TEMPLOG : Bio   Filter | 033.800
2017-01-21 01:23:22 | TEMPLOG : WellhouseOne | 100.400
2017-01-21 01:24:23 | TEMPLOG : WellhouseOne | 121.100
2017-01-21 01:24:23 | TEMPLOG : Bio   Filter | 034.700
2017-01-21 01:25:25 | TEMPLOG : WellhouseOne | 128.300
2017-01-21 01:26:26 | TEMPLOG : WellhouseOne | 100.400
2017-01-21 01:27:27 | TEMPLOG : WellhouseOne | 082.400
2017-01-21 01:27:28 | TEMPLOG : Bio   Filter | 033.800
2017-01-21 01:28:29 | TEMPLOG : WellhouseOne | 073.400
2017-01-21 01:29:29 | TEMPLOG : WellhouseOne | 067.100
2017-01-21 01:30:31 | TEMPLOG : WellhouseOne | 062.600
2017-01-21 01:31:32 | TEMPLOG : WellhouseOne | 059.000
2017-01-21 01:32:33 | TEMPLOG : WellhouseOne | 056.300
2017-01-21 01:33:34 | TEMPLOG : WellhouseOne | 054.500
2017-01-21 01:34:35 | TEMPLOG : WellhouseOne | 053.600
2017-01-21 01:35:37 | TEMPLOG : WellhouseOne | 051.800
2017-01-21 01:36:38 | TEMPLOG : WellhouseOne | 050.900
2017-01-21 01:37:39 | TEMPLOG : WellhouseOne | 050.000
2017-01-21 01:38:40 | TEMPLOG : WellhouseOne | 049.100
2017-01-21 01:40:43 | TEMPLOG : WellhouseOne | 048.200
2017-01-21 01:41:44 | TEMPLOG : WellhouseOne | 047.300
2017-01-21 01:43:47 | TEMPLOG : WellhouseOne | 045.500
2017-01-21 01:46:51 | TEMPLOG : WellhouseOne | 044.600
2017-01-21 01:47:53 | TEMPLOG : WellhouseOne | 043.700
2017-01-21 01:50:58 | TEMPLOG : To   GeoLoop | 044.600
2017-01-21 01:51:58 | TEMPLOG : WellhouseOne | 084.200
2017-01-21 01:52:59 | TEMPLOG : WellhouseOne | 113.900
2017-01-21 01:54:00 | TEMPLOG : WellhouseOne | 123.800
2017-01-21 01:55:01 | TEMPLOG : WellhouseOne | 131.000
2017-01-21 01:56:03 | TEMPLOG : WellhouseOne | 100.400
2017-01-21 01:57:06 | TEMPLOG : WellhouseOne | 083.300
2017-01-21 01:58:07 | TEMPLOG : WellhouseOne | 074.300
2017-01-21 01:59:08 | TEMPLOG : WellhouseOne | 068.000
2017-01-21 02:00:09 | TEMPLOG : WellhouseOne | 063.500
2017-01-21 02:00:09 | TEMPLOG : Bio   Filter | 033.800
2017-01-21 02:00:10 | TEMPLOG : To   GeoLoop | 044.600
2017-01-21 02:00:10 | TEMPLOG : Table    One | 033.800
2017-01-21 02:01:11 | TEMPLOG : WellhouseOne | 059.900
2017-01-21 02:01:11 | TEMPLOG : Bio   Filter | 032.900
2017-01-21 02:01:12 | TEMPLOG : Table    One | 032.900
2017-01-21 02:02:12 | TEMPLOG : WellhouseOne | 057.200
2017-01-21 02:02:13 | TEMPLOG : Bio   Filter | 033.800
2017-01-21 02:03:13 | TEMPLOG : WellhouseOne | 054.500
2017-01-21 02:03:14 | TEMPLOG : Bio   Filter | 032.900
2017-01-21 02:04:15 | TEMPLOG : WellhouseOne | 052.700
2017-01-21 02:05:15 | TEMPLOG : WellhouseOne | 050.900
2017-01-21 02:06:17 | TEMPLOG : WellhouseOne | 050.000
2017-01-21 02:07:18 | TEMPLOG : WellhouseOne | 049.100
2017-01-21 02:08:19 | TEMPLOG : WellhouseOne | 048.200
2017-01-21 02:10:22 | TEMPLOG : WellhouseOne | 047.300
2017-01-21 02:10:23 | TEMPLOG : Bio   Filter | 033.800
2017-01-21 02:11:23 | TEMPLOG : WellhouseOne | 046.400
2017-01-21 02:11:24 | TEMPLOG : Bio   Filter | 032.900
2017-01-21 02:12:25 | TEMPLOG : Bio   Filter | 033.800
2017-01-21 02:14:27 | TEMPLOG : WellhouseOne | 045.500
2017-01-21 02:15:30 | TEMPLOG : Bio   Filter | 032.900
2017-01-21 02:16:31 | TEMPLOG : WellhouseOne | 044.600
2017-01-21 02:16:32 | TEMPLOG : Table    One | 033.800
2017-01-21 02:17:33 | TEMPLOG : Table    One | 032.900
2017-01-21 02:18:33 | TEMPLOG : WellhouseOne | 043.700
2017-01-21 02:19:35 | TEMPLOG : Bio   Filter | 033.800
2017-01-21 02:20:36 | TEMPLOG : WellhouseOne | 045.500
2017-01-21 02:20:36 | TEMPLOG : Bio   Filter | 032.900
2017-01-21 02:21:36 | TEMPLOG : WellhouseOne | 105.800
2017-01-21 02:21:37 | TEMPLOG : Bio   Filter | 033.800
2017-01-21 02:22:37 | TEMPLOG : WellhouseOne | 120.200
2017-01-21 02:23:38 | TEMPLOG : WellhouseOne | 127.400
2017-01-21 02:23:38 | TEMPLOG : Bio   Filter | 032.900
2017-01-21 02:24:39 | TEMPLOG : WellhouseOne | 128.300
2017-01-21 02:25:40 | TEMPLOG : WellhouseOne | 089.600
2017-01-21 02:26:41 | TEMPLOG : WellhouseOne | 077.900
2017-01-21 02:26:42 | TEMPLOG : Bio   Filter | 033.800
2017-01-21 02:27:43 | TEMPLOG : WellhouseOne | 071.600
2017-01-21 02:27:43 | TEMPLOG : Bio   Filter | 032.900
2017-01-21 02:28:43 | TEMPLOG : WellhouseOne | 066.200
2017-01-21 02:28:44 | TEMPLOG : Bio   Filter | 033.800
2017-01-21 02:29:45 | TEMPLOG : WellhouseOne | 062.600
2017-01-21 02:29:46 | TEMPLOG : Bio   Filter | 032.900
2017-01-21 02:30:47 | TEMPLOG : WellhouseOne | 059.000
2017-01-21 02:31:48 | TEMPLOG : WellhouseOne | 055.400
2017-01-21 02:31:49 | TEMPLOG : Bio   Filter | 033.800
2017-01-21 02:32:50 | TEMPLOG : WellhouseOne | 054.500
2017-01-21 02:32:50 | TEMPLOG : Bio   Filter | 032.900
2017-01-21 02:33:52 | TEMPLOG : WellhouseOne | 052.700
2017-01-21 02:34:53 | TEMPLOG : WellhouseOne | 051.800
2017-01-21 02:35:54 | TEMPLOG : WellhouseOne | 050.000
2017-01-21 02:37:57 | TEMPLOG : WellhouseOne | 049.100
2017-01-21 02:38:58 | TEMPLOG : WellhouseOne | 048.200
2017-01-21 02:41:02 | TEMPLOG : WellhouseOne | 047.300
2017-01-21 02:43:05 | TEMPLOG : WellhouseOne | 046.400
2017-01-21 02:44:06 | TEMPLOG : WellhouseOne | 045.500
2017-01-21 02:45:07 | TEMPLOG : WellhouseOne | 043.700
2017-01-21 02:46:08 | TEMPLOG : WellhouseOne | 044.600
2017-01-21 02:49:12 | TEMPLOG : WellhouseOne | 043.700
2017-01-21 02:50:13 | TEMPLOG : WellhouseOne | 097.700
2017-01-21 02:51:14 | TEMPLOG : WellhouseOne | 117.500
2017-01-21 02:52:15 | TEMPLOG : WellhouseOne | 126.500
2017-01-21 02:53:16 | TEMPLOG : WellhouseOne | 131.900
2017-01-21 02:54:17 | TEMPLOG : WellhouseOne | 098.600
2017-01-21 02:55:18 | TEMPLOG : WellhouseOne | 083.300
2017-01-21 02:56:19 | TEMPLOG : WellhouseOne | 074.300
2017-01-21 02:57:20 | TEMPLOG : WellhouseOne | 068.000
2017-01-21 02:58:21 | TEMPLOG : WellhouseOne | 062.600
2017-01-21 02:59:22 | TEMPLOG : WellhouseOne | 059.900
2017-01-21 03:00:24 | TEMPLOG : WellhouseOne | 057.200
2017-01-21 03:00:24 | TEMPLOG : Bio   Filter | 032.900
2017-01-21 03:00:25 | TEMPLOG : To   GeoLoop | 044.600
2017-01-21 03:00:25 | TEMPLOG : Table    One | 032.900
2017-01-21 03:01:25 | TEMPLOG : WellhouseOne | 055.400
2017-01-21 03:02:26 | TEMPLOG : WellhouseOne | 053.600
2017-01-21 03:03:28 | TEMPLOG : WellhouseOne | 051.800
2017-01-21 03:04:29 | TEMPLOG : WellhouseOne | 050.900
2017-01-21 03:05:31 | TEMPLOG : WellhouseOne | 050.000
2017-01-21 03:06:32 | TEMPLOG : WellhouseOne | 049.100
2017-01-21 03:07:33 | TEMPLOG : WellhouseOne | 048.200
2017-01-21 03:09:35 | TEMPLOG : WellhouseOne | 047.300
2017-01-21 03:11:38 | TEMPLOG : WellhouseOne | 046.400
2017-01-21 03:12:39 | TEMPLOG : WellhouseOne | 045.500
2017-01-21 03:15:42 | TEMPLOG : WellhouseOne | 044.600
2017-01-21 03:17:48 | TEMPLOG : To   GeoLoop | 043.700
2017-01-21 03:18:48 | TEMPLOG : WellhouseOne | 102.200
2017-01-21 03:19:50 | TEMPLOG : WellhouseOne | 119.300
2017-01-21 03:20:51 | TEMPLOG : WellhouseOne | 127.400
2017-01-21 03:21:52 | TEMPLOG : WellhouseOne | 132.800
2017-01-21 03:22:53 | TEMPLOG : WellhouseOne | 113.000
2017-01-21 03:23:55 | TEMPLOG : WellhouseOne | 087.800
2017-01-21 03:24:55 | TEMPLOG : WellhouseOne | 077.900
2017-01-21 03:25:57 | TEMPLOG : WellhouseOne | 069.800
2017-01-21 03:26:58 | TEMPLOG : WellhouseOne | 064.400
2017-01-21 03:28:00 | TEMPLOG : WellhouseOne | 060.800
2017-01-21 03:29:01 | TEMPLOG : WellhouseOne | 058.100
2017-01-21 03:30:03 | TEMPLOG : WellhouseOne | 055.400
2017-01-21 03:31:04 | TEMPLOG : WellhouseOne | 053.600
2017-01-21 03:32:05 | TEMPLOG : WellhouseOne | 052.700
2017-01-21 03:33:07 | TEMPLOG : WellhouseOne | 051.800
2017-01-21 03:34:09 | TEMPLOG : WellhouseOne | 050.900
2017-01-21 03:35:11 | TEMPLOG : WellhouseOne | 050.000
2017-01-21 03:36:12 | TEMPLOG : WellhouseOne | 049.100
2017-01-21 03:37:14 | TEMPLOG : WellhouseOne | 048.200
2017-01-21 03:38:15 | TEMPLOG : WellhouseOne | 047.300
2017-01-21 03:42:20 | TEMPLOG : WellhouseOne | 046.400
2017-01-21 03:44:23 | TEMPLOG : WellhouseOne | 045.500
2017-01-21 03:45:24 | TEMPLOG : WellhouseOne | 044.600
2017-01-21 03:47:26 | TEMPLOG : WellhouseOne | 059.000
2017-01-21 03:48:28 | TEMPLOG : WellhouseOne | 109.400
2017-01-21 03:49:30 | TEMPLOG : WellhouseOne | 122.000
2017-01-21 03:50:31 | TEMPLOG : WellhouseOne | 128.300
2017-01-21 03:51:32 | TEMPLOG : WellhouseOne | 132.800
2017-01-21 03:52:35 | TEMPLOG : WellhouseOne | 093.200
2017-01-21 03:53:36 | TEMPLOG : WellhouseOne | 080.600
2017-01-21 03:54:39 | TEMPLOG : WellhouseOne | 072.500
2017-01-21 03:55:40 | TEMPLOG : WellhouseOne | 067.100
2017-01-21 03:56:41 | TEMPLOG : WellhouseOne | 062.600
2017-01-21 03:57:43 | TEMPLOG : WellhouseOne | 059.000
2017-01-21 03:58:45 | TEMPLOG : WellhouseOne | 056.300
2017-01-21 03:59:47 | TEMPLOG : WellhouseOne | 054.500
2017-01-21 04:00:48 | TEMPLOG : WellhouseOne | 052.700
2017-01-21 04:00:49 | TEMPLOG : To   GeoLoop | 043.700
2017-01-21 04:01:50 | TEMPLOG : WellhouseOne | 051.800
2017-01-21 04:02:51 | TEMPLOG : WellhouseOne | 050.900
2017-01-21 04:03:52 | TEMPLOG : WellhouseOne | 050.000
2017-01-21 04:04:53 | TEMPLOG : WellhouseOne | 049.100
2017-01-21 04:06:55 | TEMPLOG : WellhouseOne | 048.200
2017-01-21 04:07:56 | TEMPLOG : WellhouseOne | 047.300
2017-01-21 04:08:57 | TEMPLOG : WellhouseOne | 046.400
2017-01-21 04:09:58 | TEMPLOG : Bio   Filter | 031.100
2017-01-21 04:10:59 | TEMPLOG : WellhouseOne | 045.500
2017-01-21 04:12:01 | TEMPLOG : Table    One | 031.100
2017-01-21 04:13:01 | TEMPLOG : WellhouseOne | 044.600
2017-01-21 04:16:05 | TEMPLOG : WellhouseOne | 095.000
2017-01-21 04:17:06 | TEMPLOG : WellhouseOne | 116.600
2017-01-21 04:18:07 | TEMPLOG : WellhouseOne | 124.700
2017-01-21 04:19:09 | TEMPLOG : WellhouseOne | 131.000
2017-01-21 04:20:10 | TEMPLOG : WellhouseOne | 110.300
2017-01-21 04:21:11 | TEMPLOG : WellhouseOne | 086.900
2017-01-21 04:22:13 | TEMPLOG : WellhouseOne | 076.100
2017-01-21 04:23:14 | TEMPLOG : WellhouseOne | 069.800
2017-01-21 04:24:15 | TEMPLOG : WellhouseOne | 064.400
2017-01-21 04:25:16 | TEMPLOG : WellhouseOne | 059.900
2017-01-21 04:26:18 | TEMPLOG : WellhouseOne | 057.200
2017-01-21 04:27:19 | TEMPLOG : WellhouseOne | 054.500
2017-01-21 04:27:19 | TEMPLOG : To   GeoLoop | 042.800
2017-01-21 04:28:20 | TEMPLOG : To   GeoLoop | 043.700
2017-01-21 04:29:21 | TEMPLOG : WellhouseOne | 052.700
2017-01-21 04:30:22 | TEMPLOG : WellhouseOne | 050.900
2017-01-21 04:30:23 | TEMPLOG : To   GeoLoop | 042.800
2017-01-21 04:31:25 | TEMPLOG : WellhouseOne | 050.000
2017-01-21 04:32:27 | TEMPLOG : WellhouseOne | 049.100
2017-01-21 04:34:29 | TEMPLOG : WellhouseOne | 048.200
2017-01-21 04:36:33 | TEMPLOG : WellhouseOne | 047.300
2017-01-21 04:37:34 | TEMPLOG : WellhouseOne | 046.400
2017-01-21 04:39:37 | TEMPLOG : WellhouseOne | 045.500
2017-01-21 04:42:39 | TEMPLOG : WellhouseOne | 044.600
2017-01-21 04:44:42 | TEMPLOG : WellhouseOne | 096.800
2017-01-21 04:45:43 | TEMPLOG : WellhouseOne | 115.700
2017-01-21 04:46:44 | TEMPLOG : WellhouseOne | 124.700
2017-01-21 04:47:45 | TEMPLOG : WellhouseOne | 130.100
2017-01-21 04:48:46 | TEMPLOG : WellhouseOne | 113.000
2017-01-21 04:49:48 | TEMPLOG : WellhouseOne | 087.800
2017-01-21 04:50:49 | TEMPLOG : WellhouseOne | 076.100
2017-01-21 04:51:50 | TEMPLOG : WellhouseOne | 069.800
2017-01-21 04:52:51 | TEMPLOG : WellhouseOne | 064.400
2017-01-21 04:53:52 | TEMPLOG : WellhouseOne | 060.800
2017-01-21 04:54:53 | TEMPLOG : WellhouseOne | 057.200
2017-01-21 04:55:55 | TEMPLOG : WellhouseOne | 055.400
2017-01-21 04:56:56 | TEMPLOG : WellhouseOne | 053.600
2017-01-21 04:57:57 | TEMPLOG : WellhouseOne | 051.800
2017-01-21 04:58:59 | TEMPLOG : WellhouseOne | 050.900
2017-01-21 05:00:00 | TEMPLOG : WellhouseOne | 050.000
2017-01-21 05:00:00 | TEMPLOG : Bio   Filter | 031.100
2017-01-21 05:00:00 | TEMPLOG : To   GeoLoop | 042.800
2017-01-21 05:00:01 | TEMPLOG : Table    One | 031.100
2017-01-21 05:01:01 | TEMPLOG : WellhouseOne | 049.100
2017-01-21 05:02:02 | TEMPLOG : WellhouseOne | 048.200
2017-01-21 05:04:05 | TEMPLOG : WellhouseOne | 047.300
2017-01-21 05:06:07 | TEMPLOG : WellhouseOne | 046.400
2017-01-21 05:07:08 | TEMPLOG : WellhouseOne | 045.500
2017-01-21 05:09:09 | TEMPLOG : WellhouseOne | 044.600
2017-01-21 05:12:13 | TEMPLOG : WellhouseOne | 047.300
2017-01-21 05:13:14 | TEMPLOG : WellhouseOne | 104.000
2017-01-21 05:14:16 | TEMPLOG : WellhouseOne | 118.400
2017-01-21 05:14:16 | TEMPLOG : Bio   Filter | 030.200
2017-01-21 05:15:17 | TEMPLOG : WellhouseOne | 126.500
2017-01-21 05:15:17 | TEMPLOG : Bio   Filter | 031.100
2017-01-21 05:16:18 | TEMPLOG : WellhouseOne | 131.000
2017-01-21 05:17:19 | TEMPLOG : WellhouseOne | 123.800
2017-01-21 05:18:19 | TEMPLOG : WellhouseOne | 092.300
2017-01-21 05:19:20 | TEMPLOG : WellhouseOne | 079.700
2017-01-21 05:20:21 | TEMPLOG : WellhouseOne | 072.500
2017-01-21 05:21:24 | TEMPLOG : WellhouseOne | 066.200
2017-01-21 05:22:25 | TEMPLOG : WellhouseOne | 062.600
2017-01-21 05:22:26 | TEMPLOG : Bio   Filter | 030.200
2017-01-21 05:23:26 | TEMPLOG : WellhouseOne | 059.000
2017-01-21 05:23:27 | TEMPLOG : Bio   Filter | 031.100
2017-01-21 05:24:28 | TEMPLOG : WellhouseOne | 057.200
2017-01-21 05:24:29 | TEMPLOG : Bio   Filter | 030.200
2017-01-21 05:25:29 | TEMPLOG : WellhouseOne | 054.500
2017-01-21 05:25:29 | TEMPLOG : Bio   Filter | 031.100
2017-01-21 05:25:30 | TEMPLOG : Table    One | 030.200
2017-01-21 05:26:30 | TEMPLOG : WellhouseOne | 052.700
2017-01-21 05:26:30 | TEMPLOG : Bio   Filter | 030.200
2017-01-21 05:27:31 | TEMPLOG : WellhouseOne | 050.900
2017-01-21 05:28:32 | TEMPLOG : WellhouseOne | 050.000
2017-01-21 05:28:32 | TEMPLOG : Bio   Filter | 031.100
2017-01-21 05:29:33 | TEMPLOG : WellhouseOne | 049.100
2017-01-21 05:29:33 | TEMPLOG : Bio   Filter | 030.200
2017-01-21 05:29:34 | TEMPLOG : Table    One | 031.100
2017-01-21 05:30:34 | TEMPLOG : Bio   Filter | 031.100
2017-01-21 05:31:35 | TEMPLOG : WellhouseOne | 048.200
2017-01-21 05:33:37 | TEMPLOG : WellhouseOne | 047.300
2017-01-21 05:33:37 | TEMPLOG : Table    One | 030.200
2017-01-21 05:34:37 | TEMPLOG : WellhouseOne | 046.400
2017-01-21 05:36:39 | TEMPLOG : WellhouseOne | 045.500
2017-01-21 05:37:41 | TEMPLOG : Bio   Filter | 030.200
2017-01-21 05:38:42 | TEMPLOG : WellhouseOne | 044.600
2017-01-21 05:41:45 | TEMPLOG : WellhouseOne | 098.600
2017-01-21 05:42:47 | TEMPLOG : WellhouseOne | 114.800
2017-01-21 05:43:49 | TEMPLOG : WellhouseOne | 123.800
2017-01-21 05:44:51 | TEMPLOG : WellhouseOne | 129.200
2017-01-21 05:45:53 | TEMPLOG : WellhouseOne | 132.800
2017-01-21 05:46:55 | TEMPLOG : WellhouseOne | 095.900
2017-01-21 05:47:55 | TEMPLOG : WellhouseOne | 082.400
2017-01-21 05:48:57 | TEMPLOG : WellhouseOne | 073.400
2017-01-21 05:49:59 | TEMPLOG : WellhouseOne | 068.000
2017-01-21 05:51:00 | TEMPLOG : WellhouseOne | 063.500
2017-01-21 05:52:01 | TEMPLOG : WellhouseOne | 059.900
2017-01-21 05:53:01 | TEMPLOG : WellhouseOne | 057.200
2017-01-21 05:54:03 | TEMPLOG : WellhouseOne | 055.400
2017-01-21 05:55:04 | TEMPLOG : WellhouseOne | 053.600
2017-01-21 05:56:05 | TEMPLOG : WellhouseOne | 051.800
2017-01-21 05:57:07 | TEMPLOG : WellhouseOne | 050.900
2017-01-21 05:58:08 | TEMPLOG : WellhouseOne | 050.000
2017-01-21 05:59:09 | TEMPLOG : WellhouseOne | 049.100
2017-01-21 06:00:10 | TEMPLOG : WellhouseOne | 048.200
2017-01-21 06:00:10 | TEMPLOG : Bio   Filter | 030.200
2017-01-21 06:00:10 | TEMPLOG : To   GeoLoop | 042.800
2017-01-21 06:00:10 | TEMPLOG : Table    One | 030.200
2017-01-21 06:02:13 | TEMPLOG : WellhouseOne | 047.300
2017-01-21 06:04:15 | TEMPLOG : WellhouseOne | 046.400
2017-01-21 06:04:15 | TEMPLOG : To   GeoLoop | 041.900
2017-01-21 06:05:15 | TEMPLOG : WellhouseOne | 045.500
2017-01-21 06:05:16 | TEMPLOG : To   GeoLoop | 042.800
2017-01-21 06:06:17 | TEMPLOG : To   GeoLoop | 041.900
2017-01-21 06:07:17 | TEMPLOG : WellhouseOne | 044.600
2017-01-21 06:08:18 | TEMPLOG : To   GeoLoop | 042.800
2017-01-21 06:09:19 | TEMPLOG : WellhouseOne | 069.800
2017-01-21 06:09:19 | TEMPLOG : To   GeoLoop | 041.900
2017-01-21 06:10:20 | TEMPLOG : WellhouseOne | 108.500
2017-01-21 06:11:21 | TEMPLOG : WellhouseOne | 120.200
2017-01-21 06:12:22 | TEMPLOG : WellhouseOne | 128.300
2017-01-21 06:13:26 | TEMPLOG : WellhouseOne | 131.900
2017-01-21 06:14:26 | TEMPLOG : WellhouseOne | 106.700
2017-01-21 06:15:28 | TEMPLOG : WellhouseOne | 086.900
2017-01-21 06:16:29 | TEMPLOG : WellhouseOne | 076.100
2017-01-21 06:17:31 | TEMPLOG : WellhouseOne | 068.900
2017-01-21 06:18:32 | TEMPLOG : WellhouseOne | 062.600
2017-01-21 06:19:33 | TEMPLOG : WellhouseOne | 059.900
2017-01-21 06:20:35 | TEMPLOG : WellhouseOne | 057.200
2017-01-21 06:21:36 | TEMPLOG : WellhouseOne | 055.400
2017-01-21 06:22:37 | TEMPLOG : WellhouseOne | 053.600
2017-01-21 06:23:39 | TEMPLOG : WellhouseOne | 051.800
2017-01-21 06:24:40 | TEMPLOG : WellhouseOne | 050.000
2017-01-21 06:26:42 | TEMPLOG : WellhouseOne | 049.100
2017-01-21 06:27:44 | TEMPLOG : WellhouseOne | 048.200
2017-01-21 06:28:45 | TEMPLOG : WellhouseOne | 047.300
2017-01-21 06:30:47 | TEMPLOG : WellhouseOne | 046.400
2017-01-21 06:31:48 | TEMPLOG : WellhouseOne | 045.500
2017-01-21 06:34:51 | TEMPLOG : WellhouseOne | 044.600
2017-01-21 06:37:56 | TEMPLOG : WellhouseOne | 088.700
2017-01-21 06:38:59 | TEMPLOG : WellhouseOne | 113.000
2017-01-21 06:40:00 | TEMPLOG : WellhouseOne | 122.900
2017-01-21 06:41:01 | TEMPLOG : WellhouseOne | 129.200
2017-01-21 06:42:02 | TEMPLOG : WellhouseOne | 133.700
2017-01-21 06:43:04 | TEMPLOG : WellhouseOne | 094.100
2017-01-21 06:44:05 | TEMPLOG : WellhouseOne | 081.500
2017-01-21 06:45:06 | TEMPLOG : WellhouseOne | 072.500
2017-01-21 06:46:07 | TEMPLOG : WellhouseOne | 067.100
2017-01-21 06:47:08 | TEMPLOG : WellhouseOne | 062.600
2017-01-21 06:48:09 | TEMPLOG : WellhouseOne | 059.000
2017-01-21 06:49:10 | TEMPLOG : WellhouseOne | 056.300
2017-01-21 06:50:12 | TEMPLOG : WellhouseOne | 054.500
2017-01-21 06:51:12 | TEMPLOG : WellhouseOne | 052.700
2017-01-21 06:52:14 | TEMPLOG : WellhouseOne | 051.800
2017-01-21 06:53:15 | TEMPLOG : WellhouseOne | 050.000
2017-01-21 06:54:16 | TEMPLOG : WellhouseOne | 049.100
2017-01-21 06:55:17 | TEMPLOG : WellhouseOne | 048.200
2017-01-21 06:57:20 | TEMPLOG : WellhouseOne | 047.300
2017-01-21 06:58:22 | TEMPLOG : WellhouseOne | 046.400
2017-01-21 07:00:24 | TEMPLOG : WellhouseOne | 045.500
2017-01-21 07:00:24 | TEMPLOG : Bio   Filter | 030.200
2017-01-21 07:00:25 | TEMPLOG : To   GeoLoop | 041.900
2017-01-21 07:00:25 | TEMPLOG : Table    One | 030.200
2017-01-21 07:02:26 | TEMPLOG : WellhouseOne | 044.600
2017-01-21 07:03:27 | TEMPLOG : WellhouseOne | 043.700
2017-01-21 07:05:29 | TEMPLOG : WellhouseOne | 076.100
2017-01-21 07:06:30 | TEMPLOG : WellhouseOne | 108.500
2017-01-21 07:07:32 | TEMPLOG : WellhouseOne | 121.100
2017-01-21 07:08:32 | TEMPLOG : WellhouseOne | 127.400
2017-01-21 07:09:33 | TEMPLOG : WellhouseOne | 130.100
2017-01-21 07:10:35 | TEMPLOG : WellhouseOne | 132.800
2017-01-21 07:11:36 | TEMPLOG : WellhouseOne | 096.800
2017-01-21 07:12:38 | TEMPLOG : WellhouseOne | 081.500
2017-01-21 07:13:40 | TEMPLOG : WellhouseOne | 073.400
2017-01-21 07:14:41 | TEMPLOG : WellhouseOne | 066.200
2017-01-21 07:15:42 | TEMPLOG : WellhouseOne | 061.700
2017-01-21 07:16:43 | TEMPLOG : WellhouseOne | 059.000
2017-01-21 07:17:44 | TEMPLOG : WellhouseOne | 057.200
2017-01-21 07:18:45 | TEMPLOG : WellhouseOne | 054.500
2017-01-21 07:19:46 | TEMPLOG : WellhouseOne | 053.600
2017-01-21 07:20:47 | TEMPLOG : WellhouseOne | 051.800
2017-01-21 07:21:49 | TEMPLOG : WellhouseOne | 050.900
2017-01-21 07:22:50 | TEMPLOG : WellhouseOne | 050.000
2017-01-21 07:23:50 | TEMPLOG : WellhouseOne | 049.100
2017-01-21 07:24:51 | TEMPLOG : WellhouseOne | 048.200
2017-01-21 07:25:52 | TEMPLOG : WellhouseOne | 047.300
2017-01-21 07:27:55 | TEMPLOG : WellhouseOne | 046.400
2017-01-21 07:28:56 | TEMPLOG : WellhouseOne | 045.500
2017-01-21 07:29:58 | TEMPLOG : Table    One | 031.100
2017-01-21 07:30:58 | TEMPLOG : Bio   Filter | 031.100
2017-01-21 07:32:00 | TEMPLOG : WellhouseOne | 044.600
2017-01-21 07:35:02 | TEMPLOG : WellhouseOne | 101.300
2017-01-21 07:36:04 | TEMPLOG : WellhouseOne | 117.500
2017-01-21 07:37:05 | TEMPLOG : WellhouseOne | 125.600
2017-01-21 07:38:06 | TEMPLOG : WellhouseOne | 130.100
2017-01-21 07:39:07 | TEMPLOG : WellhouseOne | 133.700
2017-01-21 07:40:09 | TEMPLOG : WellhouseOne | 094.100
2017-01-21 07:41:11 | TEMPLOG : WellhouseOne | 080.600
2017-01-21 07:42:12 | TEMPLOG : WellhouseOne | 072.500
2017-01-21 07:42:13 | TEMPLOG : Table    One | 032.900
2017-01-21 07:43:13 | TEMPLOG : WellhouseOne | 067.100
2017-01-21 07:44:14 | TEMPLOG : WellhouseOne | 061.700
2017-01-21 07:45:15 | TEMPLOG : WellhouseOne | 058.100
2017-01-21 07:46:16 | TEMPLOG : WellhouseOne | 056.300
2017-01-21 07:46:16 | TEMPLOG : Bio   Filter | 032.900
2017-01-21 07:47:17 | TEMPLOG : WellhouseOne | 054.500
2017-01-21 07:48:19 | TEMPLOG : WellhouseOne | 053.600
2017-01-21 07:49:20 | TEMPLOG : WellhouseOne | 050.900
2017-01-21 07:50:22 | TEMPLOG : WellhouseOne | 050.000
2017-01-21 07:51:23 | TEMPLOG : WellhouseOne | 049.100
2017-01-21 07:51:24 | TEMPLOG : Table    One | 033.800
2017-01-21 07:53:25 | TEMPLOG : WellhouseOne | 048.200
2017-01-21 07:53:26 | TEMPLOG : To   GeoLoop | 042.800
2017-01-21 07:54:27 | TEMPLOG : WellhouseOne | 047.300
2017-01-21 07:54:27 | TEMPLOG : Bio   Filter | 033.800
2017-01-21 07:54:28 | TEMPLOG : To   GeoLoop | 041.900
2017-01-21 07:54:28 | TEMPLOG : Table    One | 034.700
2017-01-21 07:55:29 | TEMPLOG : To   GeoLoop | 042.800
2017-01-21 07:56:30 | TEMPLOG : WellhouseOne | 046.400
2017-01-21 07:56:30 | TEMPLOG : To   GeoLoop | 041.900
2017-01-21 07:57:31 | TEMPLOG : To   GeoLoop | 042.800
2017-01-21 07:58:32 | TEMPLOG : WellhouseOne | 045.500
2017-01-21 07:58:32 | TEMPLOG : Table    One | 035.600
2017-01-21 07:59:33 | TEMPLOG : Bio   Filter | 034.700
2017-01-21 08:00:34 | TEMPLOG : WellhouseOne | 044.600
2017-01-21 08:00:34 | TEMPLOG : Bio   Filter | 034.700
2017-01-21 08:00:35 | TEMPLOG : To   GeoLoop | 042.800
2017-01-21 08:00:35 | TEMPLOG : Table    One | 035.600
2017-01-21 08:02:37 | TEMPLOG : WellhouseOne | 052.700
2017-01-21 08:03:38 | TEMPLOG : WellhouseOne | 105.800
2017-01-21 08:04:39 | TEMPLOG : WellhouseOne | 120.200
2017-01-21 08:04:39 | TEMPLOG : Bio   Filter | 035.600
2017-01-21 08:05:39 | TEMPLOG : WellhouseOne | 128.300
2017-01-21 08:06:41 | TEMPLOG : WellhouseOne | 132.800
2017-01-21 08:06:41 | TEMPLOG : Bio   Filter | 034.700
2017-01-21 08:06:41 | TEMPLOG : Table    One | 034.700
2017-01-21 08:07:42 | TEMPLOG : WellhouseOne | 094.100
2017-01-21 08:08:43 | TEMPLOG : WellhouseOne | 080.600
2017-01-21 08:09:45 | TEMPLOG : WellhouseOne | 072.500
2017-01-21 08:10:46 | TEMPLOG : WellhouseOne | 067.100
2017-01-21 08:11:47 | TEMPLOG : WellhouseOne | 061.700
2017-01-21 08:12:48 | TEMPLOG : WellhouseOne | 059.000
2017-01-21 08:12:48 | TEMPLOG : Bio   Filter | 035.600
2017-01-21 08:13:49 | TEMPLOG : WellhouseOne | 056.300
2017-01-21 08:14:50 | TEMPLOG : WellhouseOne | 054.500
2017-01-21 08:14:51 | TEMPLOG : Bio   Filter | 034.700
2017-01-21 08:15:52 | TEMPLOG : WellhouseOne | 052.700
2017-01-21 08:15:52 | TEMPLOG : Bio   Filter | 035.600
2017-01-21 08:16:53 | TEMPLOG : WellhouseOne | 051.800
2017-01-21 08:17:54 | TEMPLOG : WellhouseOne | 050.900
2017-01-21 08:17:56 | TEMPLOG : Table    One | 035.600
2017-01-21 08:18:56 | TEMPLOG : WellhouseOne | 050.000
2017-01-21 08:18:56 | TEMPLOG : Bio   Filter | 036.500
2017-01-21 08:18:56 | TEMPLOG : Table    One | 036.500
2017-01-21 08:19:56 | TEMPLOG : WellhouseOne | 049.100
2017-01-21 08:20:57 | TEMPLOG : WellhouseOne | 048.200
2017-01-21 08:20:57 | TEMPLOG : Bio   Filter | 037.400
2017-01-21 08:20:59 | TEMPLOG : Table    One | 037.400
2017-01-21 08:23:00 | TEMPLOG : WellhouseOne | 047.300
2017-01-21 08:23:01 | TEMPLOG : Bio   Filter | 038.300
2017-01-21 08:24:01 | TEMPLOG : WellhouseOne | 046.400
2017-01-21 08:25:07 | TEMPLOG : Table    One | 038.300
2017-01-21 08:26:07 | TEMPLOG : Bio   Filter | 039.200
2017-01-21 08:27:08 | TEMPLOG : WellhouseOne | 045.500
2017-01-21 08:27:10 | TEMPLOG : Table    One | 039.200
2017-01-21 08:28:10 | TEMPLOG : Bio   Filter | 040.100
2017-01-21 08:28:11 | TEMPLOG : To   GeoLoop | 043.700
2017-01-21 08:29:12 | TEMPLOG : WellhouseOne | 044.600
2017-01-21 08:29:13 | TEMPLOG : Table    One | 040.100
2017-01-21 08:30:13 | TEMPLOG : WellhouseOne | 062.600
2017-01-21 08:30:14 | TEMPLOG : Bio   Filter | 041.000
2017-01-21 08:31:15 | TEMPLOG : WellhouseOne | 107.600
2017-01-21 08:32:16 | TEMPLOG : WellhouseOne | 121.100
2017-01-21 08:32:17 | TEMPLOG : Bio   Filter | 041.900
2017-01-21 08:33:18 | TEMPLOG : WellhouseOne | 128.300
2017-01-21 08:34:19 | TEMPLOG : WellhouseOne | 132.800
2017-01-21 08:35:21 | TEMPLOG : WellhouseOne | 091.400
2017-01-21 08:36:22 | TEMPLOG : WellhouseOne | 079.700
2017-01-21 08:36:22 | TEMPLOG : Bio   Filter | 041.000
2017-01-21 08:36:23 | TEMPLOG : Table    One | 039.200
2017-01-21 08:37:23 | TEMPLOG : WellhouseOne | 072.500
2017-01-21 08:38:24 | TEMPLOG : WellhouseOne | 067.100
2017-01-21 08:39:26 | TEMPLOG : WellhouseOne | 062.600
2017-01-21 08:39:26 | TEMPLOG : Bio   Filter | 040.100
2017-01-21 08:40:27 | TEMPLOG : WellhouseOne | 059.900
2017-01-21 08:40:28 | TEMPLOG : Table    One | 038.300
2017-01-21 08:41:28 | TEMPLOG : WellhouseOne | 057.200
2017-01-21 08:42:29 | TEMPLOG : WellhouseOne | 055.400
2017-01-21 08:43:30 | TEMPLOG : WellhouseOne | 053.600
2017-01-21 08:44:31 | TEMPLOG : WellhouseOne | 051.800
2017-01-21 08:44:32 | TEMPLOG : Bio   Filter | 039.200
2017-01-21 08:45:32 | TEMPLOG : WellhouseOne | 050.900
2017-01-21 08:46:33 | TEMPLOG : WellhouseOne | 050.000
2017-01-21 08:47:34 | TEMPLOG : WellhouseOne | 049.100
2017-01-21 08:49:37 | TEMPLOG : WellhouseOne | 048.200
2017-01-21 08:50:39 | TEMPLOG : WellhouseOne | 047.300
2017-01-21 08:52:41 | TEMPLOG : WellhouseOne | 046.400
2017-01-21 08:55:45 | TEMPLOG : WellhouseOne | 045.500
2017-01-21 08:57:49 | TEMPLOG : WellhouseOne | 044.600
2017-01-21 08:58:50 | TEMPLOG : WellhouseOne | 098.600
2017-01-21 08:59:52 | TEMPLOG : WellhouseOne | 118.400
2017-01-21 09:00:53 | TEMPLOG : WellhouseOne | 126.500
2017-01-21 09:00:53 | TEMPLOG : Bio   Filter | 039.200
2017-01-21 09:00:54 | TEMPLOG : To   GeoLoop | 043.700
2017-01-21 09:00:54 | TEMPLOG : Table    One | 038.300
2017-01-21 09:01:54 | TEMPLOG : WellhouseOne | 131.900
2017-01-21 09:01:54 | TEMPLOG : Bio   Filter | 040.100
2017-01-21 09:02:56 | TEMPLOG : WellhouseOne | 104.000
2017-01-21 09:03:56 | TEMPLOG : WellhouseOne | 085.100
2017-01-21 09:04:58 | TEMPLOG : WellhouseOne | 074.300
2017-01-21 09:06:00 | TEMPLOG : WellhouseOne | 068.000
2017-01-21 09:07:01 | TEMPLOG : WellhouseOne | 063.500
2017-01-21 09:07:01 | TEMPLOG : Bio   Filter | 039.200
2017-01-21 09:08:02 | TEMPLOG : WellhouseOne | 059.900
2017-01-21 09:09:03 | TEMPLOG : WellhouseOne | 058.100
2017-01-21 09:10:05 | TEMPLOG : WellhouseOne | 055.400
2017-01-21 09:11:06 | TEMPLOG : WellhouseOne | 053.600
2017-01-21 09:12:07 | TEMPLOG : WellhouseOne | 052.700
2017-01-21 09:13:08 | TEMPLOG : WellhouseOne | 050.900
2017-01-21 09:15:09 | TEMPLOG : WellhouseOne | 050.000
2017-01-21 09:16:11 | TEMPLOG : WellhouseOne | 049.100
2017-01-21 09:17:12 | TEMPLOG : WellhouseOne | 048.200
2017-01-21 09:17:13 | TEMPLOG : Table    One | 039.200
2017-01-21 09:19:15 | TEMPLOG : WellhouseOne | 047.300
2017-01-21 09:19:15 | TEMPLOG : Bio   Filter | 040.100
2017-01-21 09:22:19 | TEMPLOG : WellhouseOne | 046.400
2017-01-21 09:22:19 | TEMPLOG : To   GeoLoop | 044.600
2017-01-21 09:23:20 | TEMPLOG : Bio   Filter | 041.000
2017-01-21 09:23:21 | TEMPLOG : Table    One | 040.100
2017-01-21 09:24:22 | TEMPLOG : WellhouseOne | 045.500
2017-01-21 09:26:25 | TEMPLOG : WellhouseOne | 049.100
2017-01-21 09:27:26 | TEMPLOG : WellhouseOne | 105.800
2017-01-21 09:27:27 | TEMPLOG : Table    One | 041.000
2017-01-21 09:28:28 | TEMPLOG : WellhouseOne | 119.300
2017-01-21 09:29:29 | TEMPLOG : WellhouseOne | 127.400
2017-01-21 09:29:29 | TEMPLOG : Bio   Filter | 041.900
2017-01-21 09:31:31 | TEMPLOG : WellhouseOne | 091.400
2017-01-21 09:32:33 | TEMPLOG : WellhouseOne | 077.900
2017-01-21 09:33:34 | TEMPLOG : WellhouseOne | 070.700
2017-01-21 09:33:35 | TEMPLOG : Table    One | 041.900
2017-01-21 09:34:35 | TEMPLOG : WellhouseOne | 066.200
2017-01-21 09:35:36 | TEMPLOG : WellhouseOne | 061.700
2017-01-21 09:36:37 | TEMPLOG : WellhouseOne | 059.000
2017-01-21 09:37:38 | TEMPLOG : WellhouseOne | 056.300
2017-01-21 09:38:40 | TEMPLOG : WellhouseOne | 054.500
2017-01-21 09:38:40 | TEMPLOG : Bio   Filter | 042.800
2017-01-21 09:39:41 | TEMPLOG : WellhouseOne | 053.600
2017-01-21 09:40:43 | TEMPLOG : WellhouseOne | 052.700
2017-01-21 09:41:44 | TEMPLOG : WellhouseOne | 051.800
2017-01-21 09:41:44 | TEMPLOG : To   GeoLoop | 045.500
2017-01-21 09:41:44 | TEMPLOG : Table    One | 042.800
2017-01-21 09:42:45 | TEMPLOG : WellhouseOne | 050.900
2017-01-21 09:43:46 | TEMPLOG : WellhouseOne | 050.000
2017-01-21 09:43:46 | TEMPLOG : Bio   Filter | 043.700
2017-01-21 09:44:47 | TEMPLOG : WellhouseOne | 049.100
2017-01-21 09:46:49 | TEMPLOG : WellhouseOne | 048.200
2017-01-21 09:46:49 | TEMPLOG : Bio   Filter | 044.600
2017-01-21 09:47:50 | TEMPLOG : Bio   Filter | 045.500
2017-01-21 09:47:51 | TEMPLOG : Table    One | 043.700
2017-01-21 09:48:51 | TEMPLOG : WellhouseOne | 047.300
2017-01-21 09:48:52 | TEMPLOG : Bio   Filter | 048.200
2017-01-21 09:48:53 | TEMPLOG : To   GeoLoop | 046.400
2017-01-21 09:48:53 | TEMPLOG : Table    One | 044.600
2017-01-21 09:49:54 | TEMPLOG : Bio   Filter | 052.700
2017-01-21 09:49:54 | TEMPLOG : Table    One | 046.400
2017-01-21 09:50:55 | TEMPLOG : WellhouseOne | 046.400
2017-01-21 09:50:55 | TEMPLOG : Bio   Filter | 054.500
2017-01-21 09:50:55 | TEMPLOG : Table    One | 047.300
2017-01-21 09:52:56 | TEMPLOG : WellhouseOne | 045.500
2017-01-21 09:52:57 | TEMPLOG : Bio   Filter | 052.700
2017-01-21 09:53:58 | TEMPLOG : Bio   Filter | 051.800
2017-01-21 09:55:00 | TEMPLOG : WellhouseOne | 095.000
2017-01-21 09:55:00 | TEMPLOG : Bio   Filter | 052.700
2017-01-21 09:55:01 | TEMPLOG : Table    One | 048.200
2017-01-21 09:56:01 | TEMPLOG : WellhouseOne | 115.700
2017-01-21 09:56:01 | TEMPLOG : Bio   Filter | 058.100
2017-01-21 09:56:01 | TEMPLOG : To   GeoLoop | 047.300
2017-01-21 09:56:02 | TEMPLOG : Table    One | 049.100
2017-01-21 09:57:02 | TEMPLOG : WellhouseOne | 127.400
2017-01-21 09:57:02 | TEMPLOG : Bio   Filter | 061.700
2017-01-21 09:57:03 | TEMPLOG : To   GeoLoop | 048.200
2017-01-21 09:57:03 | TEMPLOG : Table    One | 050.000
2017-01-21 09:58:03 | TEMPLOG : WellhouseOne | 131.900
2017-01-21 09:58:03 | TEMPLOG : Bio   Filter | 065.300
2017-01-21 09:58:04 | TEMPLOG : Table    One | 051.800
2017-01-21 09:59:04 | TEMPLOG : WellhouseOne | 091.400
2017-01-21 09:59:05 | TEMPLOG : Bio   Filter | 066.200
2017-01-21 09:59:05 | TEMPLOG : To   GeoLoop | 049.100
2017-01-21 10:00:07 | TEMPLOG : WellhouseOne | 077.900
2017-01-21 10:00:07 | TEMPLOG : Bio   Filter | 064.400
2017-01-21 10:00:08 | TEMPLOG : To   GeoLoop | 049.100
2017-01-21 10:00:08 | TEMPLOG : Table    One | 051.800
2017-01-21 10:01:08 | TEMPLOG : WellhouseOne | 069.800
2017-01-21 10:01:08 | TEMPLOG : Bio   Filter | 061.700
2017-01-21 10:01:09 | TEMPLOG : To   GeoLoop | 048.200
2017-01-21 10:01:10 | TEMPLOG : Table    One | 050.900
2017-01-21 10:02:10 | TEMPLOG : WellhouseOne | 065.300
2017-01-21 10:02:10 | TEMPLOG : Bio   Filter | 060.800
2017-01-21 10:03:11 | TEMPLOG : WellhouseOne | 061.700
2017-01-21 10:03:11 | TEMPLOG : Bio   Filter | 059.000
2017-01-21 10:04:12 | TEMPLOG : WellhouseOne | 059.000
2017-01-21 10:04:13 | TEMPLOG : Bio   Filter | 058.100
2017-01-21 10:04:13 | TEMPLOG : To   GeoLoop | 047.300
2017-01-21 10:05:13 | TEMPLOG : WellhouseOne | 056.300
2017-01-21 10:05:13 | TEMPLOG : Bio   Filter | 057.200
2017-01-21 10:06:15 | TEMPLOG : WellhouseOne | 055.400
2017-01-21 10:06:15 | TEMPLOG : Bio   Filter | 056.300
2017-01-21 10:07:16 | TEMPLOG : WellhouseOne | 053.600
2017-01-21 10:08:17 | TEMPLOG : WellhouseOne | 052.700
2017-01-21 10:08:17 | TEMPLOG : Bio   Filter | 059.000
2017-01-21 10:08:17 | TEMPLOG : To   GeoLoop | 048.200
2017-01-21 10:08:18 | TEMPLOG : Table    One | 051.800
2017-01-21 10:09:18 | TEMPLOG : Bio   Filter | 061.700
2017-01-21 10:09:20 | TEMPLOG : Table    One | 052.700
2017-01-21 10:10:20 | TEMPLOG : WellhouseOne | 051.800
2017-01-21 10:10:21 | TEMPLOG : Table    One | 053.600
2017-01-21 10:11:21 | TEMPLOG : WellhouseOne | 050.900
2017-01-21 10:11:22 | TEMPLOG : Bio   Filter | 060.800
2017-01-21 10:12:23 | TEMPLOG : WellhouseOne | 049.100
2017-01-21 10:12:23 | TEMPLOG : Bio   Filter | 062.600
2017-01-21 10:12:23 | TEMPLOG : Table    One | 055.400
2017-01-21 10:13:25 | TEMPLOG : Table    One | 056.300
2017-01-21 10:14:25 | TEMPLOG : WellhouseOne | 048.200
2017-01-21 10:14:25 | TEMPLOG : Table    One | 058.100
2017-01-21 10:15:26 | TEMPLOG : Bio   Filter | 065.300
2017-01-21 10:15:27 | TEMPLOG : To   GeoLoop | 049.100
2017-01-21 10:15:27 | TEMPLOG : Table    One | 061.700
2017-01-21 10:16:28 | TEMPLOG : WellhouseOne | 047.300
2017-01-21 10:16:28 | TEMPLOG : Bio   Filter | 068.900
2017-01-21 10:16:28 | TEMPLOG : Table    One | 064.400
2017-01-21 10:17:29 | TEMPLOG : Bio   Filter | 070.700
2017-01-21 10:17:29 | TEMPLOG : To   GeoLoop | 050.000
2017-01-21 10:17:30 | TEMPLOG : Table    One | 067.100
2017-01-21 10:18:30 | TEMPLOG : WellhouseOne | 046.400
2017-01-21 10:18:30 | TEMPLOG : Bio   Filter | 072.500
2017-01-21 10:18:32 | TEMPLOG : Table    One | 068.900
2017-01-21 10:19:32 | TEMPLOG : Bio   Filter | 074.300
2017-01-21 10:19:32 | TEMPLOG : Table    One | 069.800
2017-01-21 10:20:33 | TEMPLOG : WellhouseOne | 045.500
2017-01-21 10:20:35 | TEMPLOG : Bio   Filter | 075.200
2017-01-21 10:20:35 | TEMPLOG : To   GeoLoop | 050.900
2017-01-21 10:20:35 | TEMPLOG : Table    One | 070.700
2017-01-21 10:21:36 | TEMPLOG : Table    One | 069.800
2017-01-21 10:22:36 | TEMPLOG : WellhouseOne | 067.100
2017-01-21 10:22:36 | TEMPLOG : Bio   Filter | 076.100
2017-01-21 10:22:37 | TEMPLOG : Table    One | 070.700
2017-01-21 10:23:37 | TEMPLOG : WellhouseOne | 110.300
2017-01-21 10:23:37 | TEMPLOG : Bio   Filter | 077.000
2017-01-21 10:23:38 | TEMPLOG : Table    One | 071.600
2017-01-21 10:24:38 | TEMPLOG : WellhouseOne | 123.800
2017-01-21 10:24:39 | TEMPLOG : Bio   Filter | 078.800
2017-01-21 10:25:40 | TEMPLOG : WellhouseOne | 131.000
2017-01-21 10:26:40 | TEMPLOG : WellhouseOne | 102.200
2017-01-21 10:26:41 | TEMPLOG : Bio   Filter | 077.900
2017-01-21 10:26:41 | TEMPLOG : To   GeoLoop | 051.800
2017-01-21 10:26:41 | TEMPLOG : Table    One | 070.700
2017-01-21 10:27:41 | TEMPLOG : WellhouseOne | 083.300
2017-01-21 10:27:42 | TEMPLOG : Table    One | 071.600
2017-01-21 10:28:42 | TEMPLOG : WellhouseOne | 073.400
2017-01-21 10:29:44 | TEMPLOG : WellhouseOne | 067.100
2017-01-21 10:30:46 | TEMPLOG : WellhouseOne | 062.600
2017-01-21 10:30:46 | TEMPLOG : Bio   Filter | 077.000
2017-01-21 10:30:47 | TEMPLOG : Table    One | 069.800
2017-01-21 10:31:47 | TEMPLOG : WellhouseOne | 059.000
2017-01-21 10:31:48 | TEMPLOG : Table    One | 070.700
2017-01-21 10:32:49 | TEMPLOG : WellhouseOne | 057.200
2017-01-21 10:32:49 | TEMPLOG : Bio   Filter | 077.900
2017-01-21 10:33:50 | TEMPLOG : WellhouseOne | 055.400
2017-01-21 10:33:50 | TEMPLOG : Bio   Filter | 078.800
2017-01-21 10:33:50 | TEMPLOG : To   GeoLoop | 052.700
2017-01-21 10:34:51 | TEMPLOG : WellhouseOne | 053.600
2017-01-21 10:35:52 | TEMPLOG : WellhouseOne | 052.700
2017-01-21 10:36:54 | TEMPLOG : WellhouseOne | 051.800
2017-01-21 10:36:54 | TEMPLOG : Bio   Filter | 077.900
2017-01-21 10:36:55 | TEMPLOG : Table    One | 071.600
2017-01-21 10:37:55 | TEMPLOG : WellhouseOne | 050.900
2017-01-21 10:37:55 | TEMPLOG : Bio   Filter | 076.100
2017-01-21 10:37:55 | TEMPLOG : To   GeoLoop | 053.600
2017-01-21 10:38:56 | TEMPLOG : Bio   Filter | 075.200
2017-01-21 10:38:57 | TEMPLOG : To   GeoLoop | 052.700
2017-01-21 10:39:58 | TEMPLOG : WellhouseOne | 050.000
2017-01-21 10:40:00 | TEMPLOG : Bio   Filter | 073.400
2017-01-21 10:40:00 | TEMPLOG : Table    One | 070.700
2017-01-21 10:41:00 | TEMPLOG : WellhouseOne | 049.100
2017-01-21 10:41:01 | TEMPLOG : Bio   Filter | 071.600
2017-01-21 10:41:02 | TEMPLOG : Table    One | 067.100
2017-01-21 10:42:02 | TEMPLOG : Bio   Filter | 068.000
2017-01-21 10:42:02 | TEMPLOG : To   GeoLoop | 051.800
2017-01-21 10:42:02 | TEMPLOG : Table    One | 064.400
2017-01-21 10:43:03 | TEMPLOG : WellhouseOne | 048.200
2017-01-21 10:43:03 | TEMPLOG : Bio   Filter | 066.200
2017-01-21 10:43:03 | TEMPLOG : To   GeoLoop | 050.900
2017-01-21 10:43:03 | TEMPLOG : Table    One | 062.600
2017-01-21 10:44:04 | TEMPLOG : Bio   Filter | 064.400
2017-01-21 10:44:04 | TEMPLOG : To   GeoLoop | 050.000
2017-01-21 10:44:04 | TEMPLOG : Table    One | 060.800
2017-01-21 10:45:05 | TEMPLOG : WellhouseOne | 047.300
2017-01-21 10:45:05 | TEMPLOG : Bio   Filter | 062.600
2017-01-21 10:45:06 | TEMPLOG : Table    One | 059.000
2017-01-21 10:46:07 | TEMPLOG : Bio   Filter | 060.800
2017-01-21 10:46:07 | TEMPLOG : To   GeoLoop | 049.100
2017-01-21 10:46:07 | TEMPLOG : Table    One | 058.100
2017-01-21 10:47:07 | TEMPLOG : WellhouseOne | 046.400
2017-01-21 10:47:07 | TEMPLOG : Bio   Filter | 059.000
2017-01-21 10:47:08 | TEMPLOG : Table    One | 057.200
2017-01-21 10:48:09 | TEMPLOG : Bio   Filter | 058.100
2017-01-21 10:48:09 | TEMPLOG : Table    One | 056.300
2017-01-21 10:49:11 | TEMPLOG : WellhouseOne | 045.500
2017-01-21 10:49:11 | TEMPLOG : Bio   Filter | 057.200
2017-01-21 10:49:12 | TEMPLOG : To   GeoLoop | 048.200
2017-01-21 10:49:12 | TEMPLOG : Table    One | 055.400
2017-01-21 10:51:14 | TEMPLOG : WellhouseOne | 082.400
2017-01-21 10:51:14 | TEMPLOG : Bio   Filter | 056.300
2017-01-21 10:52:15 | TEMPLOG : WellhouseOne | 115.700
2017-01-21 10:53:16 | TEMPLOG : WellhouseOne | 126.500
2017-01-21 10:53:16 | TEMPLOG : Bio   Filter | 055.400
2017-01-21 10:53:16 | TEMPLOG : To   GeoLoop | 049.100
2017-01-21 10:53:16 | TEMPLOG : Table    One | 056.300
2017-01-21 10:54:16 | TEMPLOG : WellhouseOne | 106.700
2017-01-21 10:54:17 | TEMPLOG : To   GeoLoop | 048.200
2017-01-21 10:55:17 | TEMPLOG : WellhouseOne | 084.200
2017-01-21 10:55:18 | TEMPLOG : To   GeoLoop | 049.100
2017-01-21 10:56:18 | TEMPLOG : WellhouseOne | 073.400
2017-01-21 10:56:19 | TEMPLOG : Table    One | 057.200
2017-01-21 10:57:20 | TEMPLOG : WellhouseOne | 068.000
2017-01-21 10:57:20 | TEMPLOG : Bio   Filter | 056.300
2017-01-21 10:57:20 | TEMPLOG : Table    One | 058.100
2017-01-21 10:58:21 | TEMPLOG : WellhouseOne | 063.500
2017-01-21 10:58:21 | TEMPLOG : To   GeoLoop | 050.000
2017-01-21 10:58:22 | TEMPLOG : Table    One | 059.000
2017-01-21 10:59:22 | TEMPLOG : WellhouseOne | 059.900
2017-01-21 10:59:22 | TEMPLOG : Bio   Filter | 057.200
2017-01-21 10:59:23 | TEMPLOG : Table    One | 060.800
2017-01-21 11:00:23 | TEMPLOG : WellhouseOne | 058.100
2017-01-21 11:00:24 | TEMPLOG : Bio   Filter | 058.100
2017-01-21 11:00:24 | TEMPLOG : To   GeoLoop | 050.900
2017-01-21 11:00:24 | TEMPLOG : Table    One | 061.700
2017-01-21 11:01:24 | TEMPLOG : WellhouseOne | 056.300
2017-01-21 11:01:24 | TEMPLOG : Bio   Filter | 059.000
2017-01-21 11:01:25 | TEMPLOG : Table    One | 062.600
2017-01-21 11:02:25 | TEMPLOG : WellhouseOne | 054.500
2017-01-21 11:02:26 | TEMPLOG : Bio   Filter | 059.900
2017-01-21 11:02:27 | TEMPLOG : Table    One | 063.500
2017-01-21 11:03:27 | TEMPLOG : WellhouseOne | 052.700
2017-01-21 11:03:27 | TEMPLOG : Bio   Filter | 060.800
2017-01-21 11:03:28 | TEMPLOG : To   GeoLoop | 051.800
2017-01-21 11:03:28 | TEMPLOG : Table    One | 064.400
2017-01-21 11:04:28 | TEMPLOG : WellhouseOne | 051.800
2017-01-21 11:04:28 | TEMPLOG : Bio   Filter | 061.700
2017-01-21 11:04:30 | TEMPLOG : Table    One | 065.300
2017-01-21 11:05:30 | TEMPLOG : Bio   Filter | 062.600
2017-01-21 11:05:31 | TEMPLOG : Table    One | 067.100
2017-01-21 11:06:31 | TEMPLOG : WellhouseOne | 050.900
2017-01-21 11:06:31 | TEMPLOG : Bio   Filter | 063.500
2017-01-21 11:06:32 | TEMPLOG : Table    One | 068.000
2017-01-21 11:07:32 | TEMPLOG : WellhouseOne | 050.000
2017-01-21 11:07:32 | TEMPLOG : Bio   Filter | 064.400
2017-01-21 11:07:33 | TEMPLOG : Table    One | 066.200
2017-01-21 11:08:34 | TEMPLOG : WellhouseOne | 049.100
2017-01-21 11:08:34 | TEMPLOG : Table    One | 064.400
2017-01-21 11:09:35 | TEMPLOG : Bio   Filter | 063.500
2017-01-21 11:09:35 | TEMPLOG : To   GeoLoop | 050.900
2017-01-21 11:09:35 | TEMPLOG : Table    One | 062.600
2017-01-21 11:10:35 | TEMPLOG : Bio   Filter | 062.600
2017-01-21 11:10:35 | TEMPLOG : To   GeoLoop | 050.000
2017-01-21 11:10:36 | TEMPLOG : Table    One | 060.800
2017-01-21 11:11:36 | TEMPLOG : WellhouseOne | 048.200
2017-01-21 11:11:36 | TEMPLOG : Bio   Filter | 060.800
2017-01-21 11:11:37 | TEMPLOG : Table    One | 059.900
2017-01-21 11:12:37 | TEMPLOG : WellhouseOne | 047.300
2017-01-21 11:12:38 | TEMPLOG : Bio   Filter | 059.900
2017-01-21 11:12:38 | TEMPLOG : To   GeoLoop | 049.100
2017-01-21 11:12:38 | TEMPLOG : Table    One | 058.100
2017-01-21 11:13:38 | TEMPLOG : Bio   Filter | 059.000
2017-01-21 11:14:40 | TEMPLOG : Bio   Filter | 059.900
2017-01-21 11:16:42 | TEMPLOG : Bio   Filter | 060.800
2017-01-21 11:16:42 | TEMPLOG : Table    One | 059.000
2017-01-21 11:17:42 | TEMPLOG : Bio   Filter | 064.400
2017-01-21 11:17:43 | TEMPLOG : Table    One | 062.600
2017-01-21 11:18:44 | TEMPLOG : WellhouseOne | 046.400
2017-01-21 11:18:44 | TEMPLOG : Bio   Filter | 068.900
2017-01-21 11:18:44 | TEMPLOG : To   GeoLoop | 050.000
2017-01-21 11:18:45 | TEMPLOG : Table    One | 067.100
2017-01-21 11:19:45 | TEMPLOG : WellhouseOne | 077.900
2017-01-21 11:19:45 | TEMPLOG : Bio   Filter | 073.400
2017-01-21 11:19:45 | TEMPLOG : To   GeoLoop | 050.900
2017-01-21 11:19:45 | TEMPLOG : Table    One | 069.800
2017-01-21 11:20:46 | TEMPLOG : WellhouseOne | 117.500
2017-01-21 11:20:46 | TEMPLOG : Bio   Filter | 077.000
2017-01-21 11:20:47 | TEMPLOG : Table    One | 072.500
2017-01-21 11:21:47 | TEMPLOG : WellhouseOne | 130.100
2017-01-21 11:21:47 | TEMPLOG : Bio   Filter | 079.700
2017-01-21 11:21:48 | TEMPLOG : To   GeoLoop | 051.800
2017-01-21 11:21:48 | TEMPLOG : Table    One | 073.400
2017-01-21 11:22:49 | TEMPLOG : WellhouseOne | 093.200
2017-01-21 11:22:49 | TEMPLOG : Bio   Filter | 081.500
2017-01-21 11:22:49 | TEMPLOG : Table    One | 075.200
2017-01-21 11:23:50 | TEMPLOG : WellhouseOne | 078.800
2017-01-21 11:23:50 | TEMPLOG : Bio   Filter | 082.400
2017-01-21 11:24:51 | TEMPLOG : WellhouseOne | 071.600
2017-01-21 11:24:52 | TEMPLOG : Bio   Filter | 083.300
2017-01-21 11:24:53 | TEMPLOG : Table    One | 076.100
2017-01-21 11:25:53 | TEMPLOG : WellhouseOne | 065.300
2017-01-21 11:25:53 | TEMPLOG : Bio   Filter | 084.200
2017-01-21 11:25:55 | TEMPLOG : Table    One | 077.000
2017-01-21 11:26:55 | TEMPLOG : WellhouseOne | 061.700
2017-01-21 11:27:56 | TEMPLOG : WellhouseOne | 059.000
2017-01-21 11:27:57 | TEMPLOG : Table    One | 077.900
2017-01-21 11:28:57 | TEMPLOG : WellhouseOne | 056.300
2017-01-21 11:29:58 | TEMPLOG : WellhouseOne | 055.400
2017-01-21 11:29:59 | TEMPLOG : Bio   Filter | 085.100
2017-01-21 11:31:00 | TEMPLOG : WellhouseOne | 053.600
2017-01-21 11:31:00 | TEMPLOG : Bio   Filter | 084.200
2017-01-21 11:32:02 | TEMPLOG : WellhouseOne | 052.700
2017-01-21 11:33:03 | TEMPLOG : WellhouseOne | 051.800
2017-01-21 11:34:04 | TEMPLOG : WellhouseOne | 050.900
2017-01-21 11:34:05 | TEMPLOG : Bio   Filter | 083.300
2017-01-21 11:36:06 | TEMPLOG : WellhouseOne | 050.000
2017-01-21 11:36:07 | TEMPLOG : To   GeoLoop | 050.900
2017-01-21 11:39:09 | TEMPLOG : WellhouseOne | 049.100
2017-01-21 11:39:10 | TEMPLOG : To   GeoLoop | 051.800
2017-01-21 11:41:13 | TEMPLOG : Bio   Filter | 082.400
2017-01-21 11:41:13 | TEMPLOG : Table    One | 078.800
2017-01-21 11:42:14 | TEMPLOG : WellhouseOne | 048.200
2017-01-21 11:44:16 | TEMPLOG : Bio   Filter | 083.300
2017-01-21 11:45:17 | TEMPLOG : WellhouseOne | 047.300
2017-01-21 11:45:19 | TEMPLOG : Table    One | 079.700
2017-01-21 11:46:19 | TEMPLOG : Bio   Filter | 084.200
2017-01-21 11:48:22 | TEMPLOG : Bio   Filter | 085.100
2017-01-21 11:48:22 | TEMPLOG : Table    One | 080.600
2017-01-21 11:49:23 | TEMPLOG : WellhouseOne | 086.900
2017-01-21 11:50:24 | TEMPLOG : WellhouseOne | 120.200
2017-01-21 11:51:25 | TEMPLOG : WellhouseOne | 133.700
2017-01-21 11:52:28 | TEMPLOG : WellhouseOne | 090.500
2017-01-21 11:52:28 | TEMPLOG : Bio   Filter | 084.200
2017-01-21 11:53:29 | TEMPLOG : WellhouseOne | 078.800
2017-01-21 11:53:30 | TEMPLOG : Table    One | 079.700
2017-01-21 11:54:31 | TEMPLOG : WellhouseOne | 070.700
2017-01-21 11:54:31 | TEMPLOG : Bio   Filter | 083.300
2017-01-21 11:55:32 | TEMPLOG : WellhouseOne | 065.300
2017-01-21 11:55:32 | TEMPLOG : Bio   Filter | 081.500
2017-01-21 11:55:33 | TEMPLOG : Table    One | 080.600
2017-01-21 11:56:33 | TEMPLOG : WellhouseOne | 061.700
2017-01-21 11:56:33 | TEMPLOG : Bio   Filter | 080.600
2017-01-21 11:57:34 | TEMPLOG : WellhouseOne | 059.900
2017-01-21 11:57:34 | TEMPLOG : Bio   Filter | 079.700
2017-01-21 11:58:36 | TEMPLOG : WellhouseOne | 057.200
2017-01-21 11:58:36 | TEMPLOG : Bio   Filter | 078.800
2017-01-21 11:59:38 | TEMPLOG : WellhouseOne | 056.300
2017-01-21 11:59:39 | TEMPLOG : Table    One | 081.500
2017-01-21 12:00:39 | TEMPLOG : WellhouseOne | 055.400
2017-01-21 12:00:40 | TEMPLOG : Bio   Filter | 078.800
2017-01-21 12:00:40 | TEMPLOG : To   GeoLoop | 051.800
2017-01-21 12:00:40 | TEMPLOG : Table    One | 081.500
2017-01-21 12:01:40 | TEMPLOG : WellhouseOne | 054.500
2017-01-21 12:02:42 | TEMPLOG : WellhouseOne | 053.600
2017-01-21 12:02:42 | TEMPLOG : Table    One | 082.400
2017-01-21 12:03:43 | TEMPLOG : WellhouseOne | 052.700
2017-01-21 12:04:44 | TEMPLOG : WellhouseOne | 051.800
2017-01-21 12:05:46 | TEMPLOG : Bio   Filter | 079.700
2017-01-21 12:06:46 | TEMPLOG : WellhouseOne | 050.900
2017-01-21 12:06:48 | TEMPLOG : Table    One | 083.300
2017-01-21 12:07:48 | TEMPLOG : WellhouseOne | 050.000
2017-01-21 12:07:48 | TEMPLOG : Bio   Filter | 080.600
2017-01-21 12:08:50 | TEMPLOG : Table    One | 084.200
2017-01-21 12:09:51 | TEMPLOG : Bio   Filter | 081.500
2017-01-21 12:09:51 | TEMPLOG : Table    One | 083.300
2017-01-21 12:10:52 | TEMPLOG : WellhouseOne | 049.100
2017-01-21 12:10:53 | TEMPLOG : Bio   Filter | 082.400
2017-01-21 12:11:54 | TEMPLOG : Bio   Filter | 084.200
2017-01-21 12:12:55 | TEMPLOG : Bio   Filter | 085.100
2017-01-21 12:12:56 | TEMPLOG : Table    One | 084.200
2017-01-21 12:13:56 | TEMPLOG : WellhouseOne | 048.200
2017-01-21 12:13:57 | TEMPLOG : Bio   Filter | 086.000
2017-01-21 12:14:58 | TEMPLOG : Bio   Filter | 086.900
2017-01-21 12:14:59 | TEMPLOG : To   GeoLoop | 052.700
2017-01-21 12:17:01 | TEMPLOG : Bio   Filter | 087.800
2017-01-21 12:17:01 | TEMPLOG : Table    One | 085.100
2017-01-21 12:18:02 | TEMPLOG : WellhouseOne | 047.300
2017-01-21 12:19:04 | TEMPLOG : Table    One | 086.000
2017-01-21 12:20:04 | TEMPLOG : WellhouseOne | 088.700
2017-01-21 12:20:04 | TEMPLOG : Bio   Filter | 088.700
2017-01-21 12:21:06 | TEMPLOG : WellhouseOne | 121.100
2017-01-21 12:21:07 | TEMPLOG : Table    One | 086.900
2017-01-21 12:22:08 | TEMPLOG : WellhouseOne | 133.700
2017-01-21 12:23:10 | TEMPLOG : WellhouseOne | 092.300
2017-01-21 12:24:11 | TEMPLOG : WellhouseOne | 078.800
2017-01-21 12:25:12 | TEMPLOG : WellhouseOne | 071.600
2017-01-21 12:25:13 | TEMPLOG : Bio   Filter | 089.600
2017-01-21 12:26:14 | TEMPLOG : WellhouseOne | 067.100
2017-01-21 12:27:15 | TEMPLOG : WellhouseOne | 062.600
2017-01-21 12:28:16 | TEMPLOG : WellhouseOne | 059.900
2017-01-21 12:29:17 | TEMPLOG : WellhouseOne | 058.100
2017-01-21 12:30:18 | TEMPLOG : WellhouseOne | 056.300
2017-01-21 12:30:19 | TEMPLOG : Table    One | 087.800
2017-01-21 12:31:19 | TEMPLOG : WellhouseOne | 055.400
2017-01-21 12:32:21 | TEMPLOG : WellhouseOne | 054.500
2017-01-21 12:33:23 | TEMPLOG : WellhouseOne | 053.600
2017-01-21 12:33:23 | TEMPLOG : To   GeoLoop | 053.600
2017-01-21 12:34:24 | TEMPLOG : WellhouseOne | 052.700
2017-01-21 12:34:24 | TEMPLOG : Bio   Filter | 090.500
2017-01-21 12:35:25 | TEMPLOG : WellhouseOne | 051.800
2017-01-21 12:35:26 | TEMPLOG : Table    One | 088.700
2017-01-21 12:37:27 | TEMPLOG : WellhouseOne | 050.900
2017-01-21 12:37:28 | TEMPLOG : Table    One | 087.800
2017-01-21 12:39:30 | TEMPLOG : Table    One | 086.900
2017-01-21 12:40:30 | TEMPLOG : WellhouseOne | 050.000
2017-01-21 12:41:32 | TEMPLOG : Bio   Filter | 091.400
2017-01-21 12:41:33 | TEMPLOG : Table    One | 086.000
2017-01-21 12:43:34 | TEMPLOG : WellhouseOne | 049.100
2017-01-21 12:44:36 | TEMPLOG : Table    One | 086.900
2017-01-21 12:45:37 | TEMPLOG : To   GeoLoop | 054.500
2017-01-21 12:48:42 | TEMPLOG : WellhouseOne | 048.200
2017-01-21 12:50:43 | TEMPLOG : WellhouseOne | 049.100
2017-01-21 12:50:44 | TEMPLOG : To   GeoLoop | 055.400
2017-01-21 12:50:44 | TEMPLOG : Table    One | 087.800
2017-01-21 12:51:45 | TEMPLOG : WellhouseOne | 113.000
2017-01-21 12:51:46 | TEMPLOG : Table    One | 088.700
2017-01-21 12:52:47 | TEMPLOG : WellhouseOne | 128.300
2017-01-21 12:52:47 | TEMPLOG : Table    One | 089.600
2017-01-21 12:53:48 | TEMPLOG : WellhouseOne | 096.800
2017-01-21 12:53:48 | TEMPLOG : Table    One | 088.700
2017-01-21 12:54:49 | TEMPLOG : WellhouseOne | 081.500
2017-01-21 12:55:50 | TEMPLOG : WellhouseOne | 072.500
2017-01-21 12:55:51 | TEMPLOG : To   GeoLoop | 056.300
2017-01-21 12:55:51 | TEMPLOG : Table    One | 089.600
2017-01-21 12:56:52 | TEMPLOG : WellhouseOne | 068.000
2017-01-21 12:57:53 | TEMPLOG : WellhouseOne | 064.400
2017-01-21 12:57:55 | TEMPLOG : Table    One | 090.500
2017-01-21 12:58:55 | TEMPLOG : WellhouseOne | 060.800
2017-01-21 12:58:56 | TEMPLOG : Bio   Filter | 090.500
2017-01-21 12:58:56 | TEMPLOG : To   GeoLoop | 057.200
2017-01-21 12:59:56 | TEMPLOG : WellhouseOne | 059.000
2017-01-21 12:59:57 | TEMPLOG : Table    One | 091.400
2017-01-21 13:00:57 | TEMPLOG : WellhouseOne | 057.200
2017-01-21 13:00:58 | TEMPLOG : Bio   Filter | 090.500
2017-01-21 13:00:58 | TEMPLOG : To   GeoLoop | 057.200
2017-01-21 13:00:59 | TEMPLOG : Table    One | 091.400
2017-01-21 13:01:59 | TEMPLOG : WellhouseOne | 056.300
2017-01-21 13:01:59 | TEMPLOG : Bio   Filter | 091.400
2017-01-21 13:01:59 | TEMPLOG : Table    One | 092.300
2017-01-21 13:03:00 | TEMPLOG : WellhouseOne | 055.400
2017-01-21 13:04:01 | TEMPLOG : WellhouseOne | 054.500
2017-01-21 13:05:02 | TEMPLOG : WellhouseOne | 053.600
2017-01-21 13:05:02 | TEMPLOG : Bio   Filter | 092.300
2017-01-21 13:07:03 | TEMPLOG : WellhouseOne | 052.700
2017-01-21 13:07:04 | TEMPLOG : To   GeoLoop | 058.100
2017-01-21 13:08:05 | TEMPLOG : Bio   Filter | 093.200
2017-01-21 13:09:06 | TEMPLOG : WellhouseOne | 051.800
2017-01-21 13:11:09 | TEMPLOG : WellhouseOne | 050.900
2017-01-21 13:13:12 | TEMPLOG : Bio   Filter | 094.100
2017-01-21 13:14:13 | TEMPLOG : WellhouseOne | 050.000
2017-01-21 13:14:13 | TEMPLOG : Bio   Filter | 093.200
2017-01-21 13:15:14 | TEMPLOG : To   GeoLoop | 059.000
2017-01-21 13:18:18 | TEMPLOG : WellhouseOne | 049.100
2017-01-21 13:18:19 | TEMPLOG : Bio   Filter | 092.300
2017-01-21 13:20:22 | TEMPLOG : Bio   Filter | 093.200
2017-01-21 13:20:23 | TEMPLOG : Table    One | 093.200
2017-01-21 13:22:24 | TEMPLOG : Bio   Filter | 094.100
2017-01-21 13:23:24 | TEMPLOG : WellhouseOne | 103.100
2017-01-21 13:24:27 | TEMPLOG : WellhouseOne | 126.500
2017-01-21 13:25:28 | TEMPLOG : WellhouseOne | 096.800
2017-01-21 13:26:29 | TEMPLOG : WellhouseOne | 079.700
2017-01-21 13:26:30 | TEMPLOG : To   GeoLoop | 059.900
2017-01-21 13:27:30 | TEMPLOG : WellhouseOne | 071.600
2017-01-21 13:27:30 | TEMPLOG : Bio   Filter | 093.200
2017-01-21 13:27:31 | TEMPLOG : Table    One | 094.100
2017-01-21 13:28:31 | TEMPLOG : WellhouseOne | 066.200
2017-01-21 13:28:31 | TEMPLOG : Bio   Filter | 094.100
2017-01-21 13:29:32 | TEMPLOG : WellhouseOne | 063.500
2017-01-21 13:30:33 | TEMPLOG : WellhouseOne | 061.700
2017-01-21 13:31:35 | TEMPLOG : WellhouseOne | 059.000
2017-01-21 13:31:36 | TEMPLOG : Table    One | 093.200
2017-01-21 13:32:36 | TEMPLOG : WellhouseOne | 058.100
2017-01-21 13:33:38 | TEMPLOG : WellhouseOne | 056.300
2017-01-21 13:33:39 | TEMPLOG : Table    One | 094.100
2017-01-21 13:34:40 | TEMPLOG : WellhouseOne | 055.400
2017-01-21 13:34:40 | TEMPLOG : Bio   Filter | 093.200
2017-01-21 13:35:41 | TEMPLOG : WellhouseOne | 054.500
2017-01-21 13:35:41 | TEMPLOG : Table    One | 093.200
2017-01-21 13:36:42 | TEMPLOG : Bio   Filter | 092.300
2017-01-21 13:36:43 | TEMPLOG : Table    One | 091.400
2017-01-21 13:37:43 | TEMPLOG : WellhouseOne | 053.600
2017-01-21 13:37:44 | TEMPLOG : To   GeoLoop | 059.000
2017-01-21 13:37:44 | TEMPLOG : Table    One | 090.500
2017-01-21 13:38:44 | TEMPLOG : WellhouseOne | 052.700
2017-01-21 13:38:46 | TEMPLOG : Table    One | 091.400
2017-01-21 13:39:46 | TEMPLOG : Bio   Filter | 091.400
2017-01-21 13:39:47 | TEMPLOG : Table    One | 090.500
2017-01-21 13:40:49 | TEMPLOG : Table    One | 089.600
2017-01-21 13:41:49 | TEMPLOG : WellhouseOne | 051.800
2017-01-21 13:41:49 | TEMPLOG : Bio   Filter | 090.500
2017-01-21 13:43:52 | TEMPLOG : WellhouseOne | 050.900
2017-01-21 13:44:54 | TEMPLOG : Table    One | 090.500
2017-01-21 13:45:55 | TEMPLOG : Bio   Filter | 091.400
2017-01-21 13:45:56 | TEMPLOG : Table    One | 091.400
2017-01-21 13:46:56 | TEMPLOG : WellhouseOne | 050.000
2017-01-21 13:46:56 | TEMPLOG : To   GeoLoop | 059.900
2017-01-21 13:46:57 | TEMPLOG : Table    One | 092.300
2017-01-21 13:47:59 | TEMPLOG : Bio   Filter | 092.300
2017-01-21 13:47:59 | TEMPLOG : Table    One | 093.200
2017-01-21 13:51:01 | TEMPLOG : Bio   Filter | 091.400
2017-01-21 13:51:01 | TEMPLOG : Table    One | 091.400
2017-01-21 13:52:01 | TEMPLOG : WellhouseOne | 049.100
2017-01-21 13:52:02 | TEMPLOG : Table    One | 090.500
2017-01-21 13:53:05 | TEMPLOG : Table    One | 089.600
2017-01-21 13:55:07 | TEMPLOG : WellhouseOne | 076.100
2017-01-21 13:55:07 | TEMPLOG : To   GeoLoop | 059.000
2017-01-21 13:55:07 | TEMPLOG : Table    One | 088.700
2017-01-21 13:56:07 | TEMPLOG : WellhouseOne | 117.500
2017-01-21 13:56:08 | TEMPLOG : Bio   Filter | 090.500
2017-01-21 13:57:08 | TEMPLOG : WellhouseOne | 116.600
2017-01-21 13:57:09 | TEMPLOG : To   GeoLoop | 059.900
2017-01-21 13:57:09 | TEMPLOG : Table    One | 089.600
2017-01-21 13:58:09 | TEMPLOG : WellhouseOne | 087.800
2017-01-21 13:58:10 | TEMPLOG : To   GeoLoop | 059.000
2017-01-21 13:58:10 | TEMPLOG : Table    One | 088.700
2017-01-21 13:59:11 | TEMPLOG : WellhouseOne | 077.000
2017-01-21 13:59:11 | TEMPLOG : To   GeoLoop | 059.900
2017-01-21 13:59:11 | TEMPLOG : Table    One | 089.600
2017-01-21 14:00:12 | TEMPLOG : WellhouseOne | 069.800
2017-01-21 14:00:12 | TEMPLOG : Bio   Filter | 089.600
2017-01-21 14:00:12 | TEMPLOG : To   GeoLoop | 059.900
2017-01-21 14:00:13 | TEMPLOG : Table    One | 089.600
2017-01-21 14:01:13 | TEMPLOG : WellhouseOne | 066.200
2017-01-21 14:01:13 | TEMPLOG : Bio   Filter | 090.500
2017-01-21 14:02:14 | TEMPLOG : WellhouseOne | 062.600
2017-01-21 14:03:15 | TEMPLOG : WellhouseOne | 060.800
2017-01-21 14:03:16 | TEMPLOG : Table    One | 090.500
2017-01-21 14:04:16 | TEMPLOG : WellhouseOne | 059.000
2017-01-21 14:04:17 | TEMPLOG : Table    One | 091.400
2017-01-21 14:05:17 | TEMPLOG : WellhouseOne | 058.100
2017-01-21 14:06:18 | TEMPLOG : WellhouseOne | 056.300
2017-01-21 14:07:19 | TEMPLOG : WellhouseOne | 055.400
2017-01-21 14:08:21 | TEMPLOG : Bio   Filter | 091.400
2017-01-21 14:09:22 | TEMPLOG : WellhouseOne | 054.500
2017-01-21 14:11:24 | TEMPLOG : WellhouseOne | 053.600
2017-01-21 14:12:25 | TEMPLOG : WellhouseOne | 052.700
2017-01-21 14:12:25 | TEMPLOG : Bio   Filter | 089.600
2017-01-21 14:12:26 | TEMPLOG : Table    One | 090.500
2017-01-21 14:13:27 | TEMPLOG : Bio   Filter | 088.700
2017-01-21 14:13:27 | TEMPLOG : To   GeoLoop | 059.000
2017-01-21 14:13:27 | TEMPLOG : Table    One | 087.800
2017-01-21 14:14:28 | TEMPLOG : Bio   Filter | 086.900
2017-01-21 14:14:28 | TEMPLOG : Table    One | 086.000
2017-01-21 14:15:29 | TEMPLOG : WellhouseOne | 051.800
2017-01-21 14:15:30 | TEMPLOG : Bio   Filter | 085.100
2017-01-21 14:15:30 | TEMPLOG : To   GeoLoop | 058.100
2017-01-21 14:15:31 | TEMPLOG : Table    One | 085.100
2017-01-21 14:16:31 | TEMPLOG : Bio   Filter | 084.200
2017-01-21 14:18:33 | TEMPLOG : WellhouseOne | 050.900
2017-01-21 14:18:34 | TEMPLOG : Table    One | 086.000
2017-01-21 14:19:35 | TEMPLOG : Bio   Filter | 085.100
2017-01-21 14:20:36 | TEMPLOG : WellhouseOne | 050.000
2017-01-21 14:20:37 | TEMPLOG : To   GeoLoop | 059.000
2017-01-21 14:20:37 | TEMPLOG : Table    One | 086.900
2017-01-21 14:22:39 | TEMPLOG : Bio   Filter | 086.000
2017-01-21 14:22:39 | TEMPLOG : Table    One | 087.800
2017-01-21 14:24:42 | TEMPLOG : To   GeoLoop | 059.900
2017-01-21 14:24:42 | TEMPLOG : Table    One | 088.700
2017-01-21 14:25:43 | TEMPLOG : Bio   Filter | 086.900
2017-01-21 14:25:43 | TEMPLOG : Table    One | 087.800
2017-01-21 14:27:45 | TEMPLOG : WellhouseOne | 110.300
2017-01-21 14:28:46 | TEMPLOG : WellhouseOne | 128.300
2017-01-21 14:28:46 | TEMPLOG : Bio   Filter | 087.800
2017-01-21 14:28:48 | TEMPLOG : Table    One | 088.700
2017-01-21 14:29:48 | TEMPLOG : WellhouseOne | 089.600
2017-01-21 14:30:49 | TEMPLOG : WellhouseOne | 077.900
2017-01-21 14:31:50 | TEMPLOG : WellhouseOne | 070.700
2017-01-21 14:31:51 | TEMPLOG : Bio   Filter | 088.700
2017-01-21 14:32:51 | TEMPLOG : WellhouseOne | 066.200
2017-01-21 14:33:53 | TEMPLOG : WellhouseOne | 063.500
2017-01-21 14:34:54 | TEMPLOG : WellhouseOne | 060.800
2017-01-21 14:34:54 | TEMPLOG : Bio   Filter | 087.800
2017-01-21 14:34:55 | TEMPLOG : Table    One | 086.900
2017-01-21 14:35:55 | TEMPLOG : WellhouseOne | 059.000
2017-01-21 14:35:56 | TEMPLOG : Bio   Filter | 086.900
2017-01-21 14:35:56 | TEMPLOG : Table    One | 086.000
2017-01-21 14:36:57 | TEMPLOG : WellhouseOne | 058.100
2017-01-21 14:36:57 | TEMPLOG : Bio   Filter | 086.000
2017-01-21 14:36:57 | TEMPLOG : To   GeoLoop | 059.000
2017-01-21 14:36:57 | TEMPLOG : Table    One | 085.100
2017-01-21 14:37:57 | TEMPLOG : WellhouseOne | 057.200
2017-01-21 14:37:58 | TEMPLOG : Bio   Filter | 085.100
2017-01-21 14:37:59 | TEMPLOG : Table    One | 084.200
2017-01-21 14:38:59 | TEMPLOG : WellhouseOne | 056.300
2017-01-21 14:38:59 | TEMPLOG : Bio   Filter | 083.300
2017-01-21 14:38:59 | TEMPLOG : To   GeoLoop | 058.100
2017-01-21 14:39:00 | TEMPLOG : Table    One | 081.500
2017-01-21 14:40:00 | TEMPLOG : Bio   Filter | 082.400
2017-01-21 14:41:01 | TEMPLOG : WellhouseOne | 055.400
2017-01-21 14:42:02 | TEMPLOG : WellhouseOne | 054.500
2017-01-21 14:42:03 | TEMPLOG : Bio   Filter | 081.500
2017-01-21 14:42:03 | TEMPLOG : Table    One | 080.600
2017-01-21 14:44:04 | TEMPLOG : WellhouseOne | 053.600
2017-01-21 14:44:04 | TEMPLOG : Bio   Filter | 080.600
2017-01-21 14:45:06 | TEMPLOG : Table    One | 079.700
2017-01-21 14:46:06 | TEMPLOG : WellhouseOne | 052.700
2017-01-21 14:46:07 | TEMPLOG : Bio   Filter | 079.700
2017-01-21 14:47:09 | TEMPLOG : Table    One | 078.800
2017-01-21 14:48:09 | TEMPLOG : WellhouseOne | 051.800
2017-01-21 14:48:10 | TEMPLOG : Bio   Filter | 078.800
2017-01-21 14:48:10 | TEMPLOG : To   GeoLoop | 057.200
2017-01-21 14:48:12 | TEMPLOG : Table    One | 077.900
2017-01-21 14:49:12 | TEMPLOG : Bio   Filter | 077.900
2017-01-21 14:49:13 | TEMPLOG : Table    One | 076.100
2017-01-21 14:50:15 | TEMPLOG : Bio   Filter | 077.000
2017-01-21 14:51:16 | TEMPLOG : Bio   Filter | 076.100
2017-01-21 14:51:17 | TEMPLOG : Table    One | 075.200
2017-01-21 14:52:17 | TEMPLOG : WellhouseOne | 050.900
2017-01-21 14:52:17 | TEMPLOG : Bio   Filter | 075.200
2017-01-21 14:52:18 | TEMPLOG : To   GeoLoop | 056.300
2017-01-21 14:52:18 | TEMPLOG : Table    One | 074.300
2017-01-21 14:53:18 | TEMPLOG : Bio   Filter | 074.300
2017-01-21 14:53:19 | TEMPLOG : Table    One | 073.400
2017-01-21 14:54:20 | TEMPLOG : Bio   Filter | 073.400
2017-01-21 14:55:21 | TEMPLOG : WellhouseOne | 050.000
2017-01-21 14:55:21 | TEMPLOG : Bio   Filter | 072.500
2017-01-21 14:55:22 | TEMPLOG : Table    One | 072.500
2017-01-21 14:56:22 | TEMPLOG : Bio   Filter | 071.600
2017-01-21 14:56:23 | TEMPLOG : Table    One | 071.600
2017-01-21 14:57:24 | TEMPLOG : Table    One | 070.700
2017-01-21 14:58:24 | TEMPLOG : Bio   Filter | 070.700
2017-01-21 14:58:24 | TEMPLOG : To   GeoLoop | 055.400
2017-01-21 14:59:26 | TEMPLOG : Table    One | 069.800
2017-01-21 15:00:27 | TEMPLOG : WellhouseOne | 088.700
2017-01-21 15:00:27 | TEMPLOG : Bio   Filter | 069.800
2017-01-21 15:00:27 | TEMPLOG : To   GeoLoop | 055.400
2017-01-21 15:00:27 | TEMPLOG : Table    One | 069.800
2017-01-21 15:01:27 | TEMPLOG : WellhouseOne | 121.100
2017-01-21 15:01:28 | TEMPLOG : Bio   Filter | 068.900
2017-01-21 15:01:28 | TEMPLOG : Table    One | 068.900
2017-01-21 15:02:29 | TEMPLOG : WellhouseOne | 100.400
2017-01-21 15:03:31 | TEMPLOG : WellhouseOne | 082.400
2017-01-21 15:03:32 | TEMPLOG : Table    One | 068.000
2017-01-21 15:04:32 | TEMPLOG : WellhouseOne | 073.400
2017-01-21 15:04:33 | TEMPLOG : Bio   Filter | 068.000
2017-01-21 15:04:33 | TEMPLOG : Table    One | 067.100
2017-01-21 15:05:34 | TEMPLOG : WellhouseOne | 068.000
2017-01-21 15:05:34 | TEMPLOG : Bio   Filter | 067.100
2017-01-21 15:06:35 | TEMPLOG : WellhouseOne | 064.400
2017-01-21 15:06:36 | TEMPLOG : Table    One | 066.200
2017-01-21 15:07:37 | TEMPLOG : WellhouseOne | 062.600
2017-01-21 15:07:37 | TEMPLOG : Bio   Filter | 066.200
2017-01-21 15:08:38 | TEMPLOG : WellhouseOne | 059.900
2017-01-21 15:08:39 | TEMPLOG : To   GeoLoop | 054.500
2017-01-21 15:08:39 | TEMPLOG : Table    One | 065.300
2017-01-21 15:09:39 | TEMPLOG : WellhouseOne | 059.000
2017-01-21 15:09:40 | TEMPLOG : Bio   Filter | 065.300
2017-01-21 15:09:41 | TEMPLOG : Table    One | 064.400
2017-01-21 15:10:41 | TEMPLOG : WellhouseOne | 058.100
2017-01-21 15:10:41 | TEMPLOG : Bio   Filter | 064.400
2017-01-21 15:11:42 | TEMPLOG : WellhouseOne | 057.200
2017-01-21 15:11:43 | TEMPLOG : Table    One | 063.500
2017-01-21 15:12:44 | TEMPLOG : WellhouseOne | 055.400
2017-01-21 15:12:44 | TEMPLOG : Bio   Filter | 063.500
2017-01-21 15:12:45 | TEMPLOG : Table    One | 062.600
2017-01-21 15:13:46 | TEMPLOG : Bio   Filter | 062.600
2017-01-21 15:14:46 | TEMPLOG : WellhouseOne | 054.500
2017-01-21 15:14:46 | TEMPLOG : Bio   Filter | 061.700
2017-01-21 15:14:46 | TEMPLOG : To   GeoLoop | 053.600
2017-01-21 15:14:47 | TEMPLOG : Table    One | 061.700
2017-01-21 15:15:47 | TEMPLOG : WellhouseOne | 053.600
2017-01-21 15:15:48 | TEMPLOG : Table    One | 060.800
2017-01-21 15:16:48 | TEMPLOG : WellhouseOne | 052.700
2017-01-21 15:16:48 | TEMPLOG : Bio   Filter | 060.800
2017-01-21 15:17:49 | TEMPLOG : Bio   Filter | 059.900
2017-01-21 15:17:50 | TEMPLOG : Table    One | 059.900
2017-01-21 15:19:51 | TEMPLOG : WellhouseOne | 051.800
2017-01-21 15:20:52 | TEMPLOG : Bio   Filter | 059.000
2017-01-21 15:21:55 | TEMPLOG : Table    One | 059.000
2017-01-21 15:22:55 | TEMPLOG : WellhouseOne | 050.900
2017-01-21 15:23:57 | TEMPLOG : Bio   Filter | 058.100
2017-01-21 15:24:58 | TEMPLOG : WellhouseOne | 050.000
2017-01-21 15:24:58 | TEMPLOG : Table    One | 058.100
2017-01-21 15:26:00 | TEMPLOG : Bio   Filter | 057.200
2017-01-21 15:28:04 | TEMPLOG : Table    One | 057.200
2017-01-21 15:30:06 | TEMPLOG : Bio   Filter | 056.300
2017-01-21 15:31:07 | TEMPLOG : WellhouseOne | 049.100
2017-01-21 15:32:08 | TEMPLOG : WellhouseOne | 056.300
2017-01-21 15:32:09 | TEMPLOG : To   GeoLoop | 052.700
2017-01-21 15:32:09 | TEMPLOG : Table    One | 056.300
2017-01-21 15:33:10 | TEMPLOG : WellhouseOne | 113.900
2017-01-21 15:34:11 | TEMPLOG : WellhouseOne | 129.200
2017-01-21 15:35:12 | TEMPLOG : WellhouseOne | 089.600
2017-01-21 15:36:13 | TEMPLOG : WellhouseOne | 077.900
2017-01-21 15:36:13 | TEMPLOG : Bio   Filter | 055.400
2017-01-21 15:37:14 | TEMPLOG : WellhouseOne | 070.700
2017-01-21 15:38:15 | TEMPLOG : WellhouseOne | 066.200
2017-01-21 15:39:17 | TEMPLOG : WellhouseOne | 063.500
2017-01-21 15:40:19 | TEMPLOG : WellhouseOne | 061.700
2017-01-21 15:41:20 | TEMPLOG : WellhouseOne | 059.900
2017-01-21 15:41:21 | TEMPLOG : Table    One | 055.400
2017-01-21 15:42:21 | TEMPLOG : WellhouseOne | 058.100
2017-01-21 15:43:23 | TEMPLOG : WellhouseOne | 057.200
2017-01-21 15:44:25 | TEMPLOG : WellhouseOne | 056.300
2017-01-21 15:44:25 | TEMPLOG : Bio   Filter | 054.500
2017-01-21 15:45:26 | TEMPLOG : WellhouseOne | 055.400
2017-01-21 15:45:27 | TEMPLOG : Table    One | 054.500
2017-01-21 15:46:27 | TEMPLOG : WellhouseOne | 054.500
2017-01-21 15:48:29 | TEMPLOG : WellhouseOne | 053.600
2017-01-21 15:48:30 | TEMPLOG : Bio   Filter | 053.600
2017-01-21 15:48:30 | TEMPLOG : Table    One | 053.600
2017-01-21 15:50:32 | TEMPLOG : WellhouseOne | 052.700
2017-01-21 15:53:35 | TEMPLOG : WellhouseOne | 051.800
2017-01-21 15:55:39 | TEMPLOG : Bio   Filter | 052.700
2017-01-21 15:56:39 | TEMPLOG : WellhouseOne | 050.900
2017-01-21 16:00:44 | TEMPLOG : WellhouseOne | 050.000
2017-01-21 16:00:45 | TEMPLOG : Bio   Filter | 052.700
2017-01-21 16:00:45 | TEMPLOG : To   GeoLoop | 052.700
2017-01-21 16:00:45 | TEMPLOG : Table    One | 053.600
2017-01-21 16:03:49 | TEMPLOG : Bio   Filter | 053.600
2017-01-21 16:03:50 | TEMPLOG : Table    One | 054.500
2017-01-21 16:04:50 | TEMPLOG : WellhouseOne | 081.500
2017-01-21 16:05:51 | TEMPLOG : WellhouseOne | 120.200
2017-01-21 16:06:52 | TEMPLOG : WellhouseOne | 133.700
2017-01-21 16:07:52 | TEMPLOG : WellhouseOne | 093.200
2017-01-21 16:08:53 | TEMPLOG : WellhouseOne | 080.600
2017-01-21 16:09:54 | TEMPLOG : WellhouseOne | 073.400
2017-01-21 16:10:55 | TEMPLOG : WellhouseOne | 068.900
2017-01-21 16:10:57 | TEMPLOG : Table    One | 055.400
2017-01-21 16:11:57 | TEMPLOG : WellhouseOne | 065.300
2017-01-21 16:12:58 | TEMPLOG : WellhouseOne | 062.600
2017-01-21 16:14:00 | TEMPLOG : WellhouseOne | 060.800
2017-01-21 16:14:00 | TEMPLOG : Bio   Filter | 054.500
2017-01-21 16:14:00 | TEMPLOG : Table    One | 056.300
2017-01-21 16:15:01 | TEMPLOG : WellhouseOne | 059.000
2017-01-21 16:15:01 | TEMPLOG : Bio   Filter | 053.600
2017-01-21 16:15:01 | TEMPLOG : Table    One | 055.400
2017-01-21 16:16:02 | TEMPLOG : WellhouseOne | 058.100
2017-01-21 16:17:03 | TEMPLOG : WellhouseOne | 057.200
2017-01-21 16:17:04 | TEMPLOG : Table    One | 054.500
2017-01-21 16:18:05 | TEMPLOG : WellhouseOne | 056.300
2017-01-21 16:18:06 | TEMPLOG : Bio   Filter | 052.700
2017-01-21 16:18:06 | TEMPLOG : Table    One | 053.600
2017-01-21 16:19:06 | TEMPLOG : WellhouseOne | 055.400
2017-01-21 16:19:07 | TEMPLOG : To   GeoLoop | 051.800
2017-01-21 16:19:07 | TEMPLOG : Table    One | 052.700
2017-01-21 16:20:08 | TEMPLOG : WellhouseOne | 054.500
2017-01-21 16:20:08 | TEMPLOG : Bio   Filter | 051.800
2017-01-21 16:20:09 | TEMPLOG : Table    One | 051.800
2017-01-21 16:21:09 | TEMPLOG : Bio   Filter | 050.900
2017-01-21 16:21:10 | TEMPLOG : Table    One | 050.900
2017-01-21 16:22:10 | TEMPLOG : WellhouseOne | 053.600
2017-01-21 16:23:13 | TEMPLOG : Table    One | 050.000
2017-01-21 16:24:13 | TEMPLOG : Bio   Filter | 050.000
2017-01-21 16:25:13 | TEMPLOG : WellhouseOne | 052.700
2017-01-21 16:25:14 | TEMPLOG : Table    One | 049.100
2017-01-21 16:27:16 | TEMPLOG : Bio   Filter | 049.100
2017-01-21 16:28:18 | TEMPLOG : WellhouseOne | 051.800
2017-01-21 16:30:21 | TEMPLOG : To   GeoLoop | 050.900
2017-01-21 16:31:22 | TEMPLOG : WellhouseOne | 050.900
2017-01-21 16:33:26 | TEMPLOG : Table    One | 050.000
2017-01-21 16:34:28 | TEMPLOG : To   GeoLoop | 051.800
2017-01-21 16:34:28 | TEMPLOG : Table    One | 050.900
2017-01-21 16:35:28 | TEMPLOG : WellhouseOne | 050.000
2017-01-21 16:35:29 | TEMPLOG : Bio   Filter | 050.000
2017-01-21 16:35:29 | TEMPLOG : Table    One | 051.800
2017-01-21 16:37:32 | TEMPLOG : Table    One | 050.900
2017-01-21 16:38:32 | TEMPLOG : WellhouseOne | 111.200
2017-01-21 16:39:33 | TEMPLOG : WellhouseOne | 128.300
2017-01-21 16:40:34 | TEMPLOG : WellhouseOne | 093.200
2017-01-21 16:41:35 | TEMPLOG : WellhouseOne | 079.700
2017-01-21 16:41:36 | TEMPLOG : Table    One | 051.800
2017-01-21 16:42:36 | TEMPLOG : WellhouseOne | 072.500
2017-01-21 16:42:37 | TEMPLOG : Table    One | 050.900
2017-01-21 16:43:37 | TEMPLOG : WellhouseOne | 068.000
2017-01-21 16:43:38 | TEMPLOG : Table    One | 050.000
2017-01-21 16:44:38 | TEMPLOG : WellhouseOne | 064.400
2017-01-21 16:45:39 | TEMPLOG : WellhouseOne | 061.700
2017-01-21 16:45:40 | TEMPLOG : Bio   Filter | 049.100
2017-01-21 16:45:40 | TEMPLOG : Table    One | 049.100
2017-01-21 16:46:40 | TEMPLOG : WellhouseOne | 059.000
2017-01-21 16:46:41 | TEMPLOG : To   GeoLoop | 050.900
2017-01-21 16:46:41 | TEMPLOG : Table    One | 048.200
2017-01-21 16:47:41 | TEMPLOG : WellhouseOne | 058.100
2017-01-21 16:47:42 | TEMPLOG : Bio   Filter | 048.200
2017-01-21 16:48:43 | TEMPLOG : WellhouseOne | 057.200
2017-01-21 16:48:43 | TEMPLOG : Bio   Filter | 047.300
2017-01-21 16:48:44 | TEMPLOG : Table    One | 047.300
2017-01-21 16:49:44 | TEMPLOG : WellhouseOne | 056.300
2017-01-21 16:49:46 | TEMPLOG : Table    One | 046.400
2017-01-21 16:50:46 | TEMPLOG : WellhouseOne | 055.400
2017-01-21 16:51:47 | TEMPLOG : WellhouseOne | 054.500
2017-01-21 16:51:48 | TEMPLOG : Bio   Filter | 046.400
2017-01-21 16:52:49 | TEMPLOG : Table    One | 045.500
2017-01-21 16:53:50 | TEMPLOG : WellhouseOne | 053.600
2017-01-21 16:54:51 | TEMPLOG : Bio   Filter | 045.500
2017-01-21 16:55:52 | TEMPLOG : WellhouseOne | 052.700
2017-01-21 16:55:52 | TEMPLOG : To   GeoLoop | 050.000
2017-01-21 16:55:52 | TEMPLOG : Table    One | 044.600
2017-01-21 16:57:53 | TEMPLOG : WellhouseOne | 051.800
2017-01-21 16:57:54 | TEMPLOG : Bio   Filter | 044.600
2017-01-21 17:00:56 | TEMPLOG : WellhouseOne | 051.800
2017-01-21 17:00:56 | TEMPLOG : Bio   Filter | 044.600
2017-01-21 17:00:56 | TEMPLOG : To   GeoLoop | 050.000
2017-01-21 17:00:57 | TEMPLOG : Table    One | 044.600
2017-01-21 17:01:57 | TEMPLOG : WellhouseOne | 050.900
2017-01-21 17:01:57 | TEMPLOG : Table    One | 043.700
2017-01-21 17:05:01 | TEMPLOG : Bio   Filter | 043.700
2017-01-21 17:07:03 | TEMPLOG : WellhouseOne | 050.000
2017-01-21 17:10:06 | TEMPLOG : WellhouseOne | 051.800
2017-01-21 17:10:07 | TEMPLOG : Table    One | 042.800
2017-01-21 17:11:07 | TEMPLOG : WellhouseOne | 111.200
2017-01-21 17:12:09 | TEMPLOG : WellhouseOne | 129.200
2017-01-21 17:13:10 | TEMPLOG : WellhouseOne | 096.800
2017-01-21 17:13:11 | TEMPLOG : Bio   Filter | 042.800
2017-01-21 17:14:11 | TEMPLOG : WellhouseOne | 080.600
2017-01-21 17:15:12 | TEMPLOG : WellhouseOne | 073.400
2017-01-21 17:16:14 | TEMPLOG : WellhouseOne | 068.000
2017-01-21 17:17:16 | TEMPLOG : WellhouseOne | 064.400
2017-01-21 17:18:18 | TEMPLOG : WellhouseOne | 061.700
2017-01-21 17:18:18 | TEMPLOG : Table    One | 041.900
2017-01-21 17:19:19 | TEMPLOG : WellhouseOne | 059.000
2017-01-21 17:20:20 | TEMPLOG : WellhouseOne | 058.100
2017-01-21 17:21:22 | TEMPLOG : WellhouseOne | 056.300
2017-01-21 17:22:23 | TEMPLOG : WellhouseOne | 055.400
2017-01-21 17:22:24 | TEMPLOG : To   GeoLoop | 049.100
2017-01-21 17:23:25 | TEMPLOG : WellhouseOne | 054.500
2017-01-21 17:23:25 | TEMPLOG : Bio   Filter | 041.900
2017-01-21 17:24:26 | TEMPLOG : WellhouseOne | 053.600
2017-01-21 17:26:28 | TEMPLOG : WellhouseOne | 052.700
2017-01-21 17:28:31 | TEMPLOG : WellhouseOne | 051.800
2017-01-21 17:28:31 | TEMPLOG : Table    One | 041.000
2017-01-21 17:30:33 | TEMPLOG : WellhouseOne | 050.900
2017-01-21 17:33:37 | TEMPLOG : WellhouseOne | 050.000
2017-01-21 17:36:40 | TEMPLOG : WellhouseOne | 049.100
2017-01-21 17:38:42 | TEMPLOG : Bio   Filter | 041.000
2017-01-21 17:39:43 | TEMPLOG : WellhouseOne | 048.200
2017-01-21 17:41:45 | TEMPLOG : WellhouseOne | 106.700
2017-01-21 17:42:46 | TEMPLOG : WellhouseOne | 125.600
2017-01-21 17:43:46 | TEMPLOG : WellhouseOne | 114.800
2017-01-21 17:44:47 | TEMPLOG : WellhouseOne | 087.800
2017-01-21 17:45:48 | TEMPLOG : WellhouseOne | 077.000
2017-01-21 17:46:50 | TEMPLOG : WellhouseOne | 069.800
2017-01-21 17:47:51 | TEMPLOG : WellhouseOne | 065.300
2017-01-21 17:48:52 | TEMPLOG : WellhouseOne | 061.700
2017-01-21 17:49:54 | TEMPLOG : WellhouseOne | 059.900
2017-01-21 17:50:55 | TEMPLOG : WellhouseOne | 058.100
2017-01-21 17:51:56 | TEMPLOG : WellhouseOne | 056.300
2017-01-21 17:52:56 | TEMPLOG : WellhouseOne | 055.400
2017-01-21 17:53:59 | TEMPLOG : WellhouseOne | 054.500
2017-01-21 17:55:00 | TEMPLOG : WellhouseOne | 053.600
2017-01-21 17:56:01 | TEMPLOG : WellhouseOne | 052.700
2017-01-21 17:58:05 | TEMPLOG : WellhouseOne | 051.800
2017-01-21 18:00:07 | TEMPLOG : WellhouseOne | 051.800
2017-01-21 18:00:07 | TEMPLOG : Bio   Filter | 041.000
2017-01-21 18:00:07 | TEMPLOG : To   GeoLoop | 049.100
2017-01-21 18:00:08 | TEMPLOG : Table    One | 041.000
2017-01-21 18:01:08 | TEMPLOG : WellhouseOne | 050.900
2017-01-21 18:02:11 | TEMPLOG : Table    One | 040.100
2017-01-21 18:04:13 | TEMPLOG : WellhouseOne | 050.000
2017-01-21 18:06:16 | TEMPLOG : Table    One | 041.000
2017-01-21 18:07:16 | TEMPLOG : WellhouseOne | 049.100
2017-01-21 18:07:17 | TEMPLOG : Table    One | 040.100
2017-01-21 18:08:18 | TEMPLOG : Bio   Filter | 040.100
2017-01-21 18:09:21 | TEMPLOG : Bio   Filter | 041.000
2017-01-21 18:10:23 | TEMPLOG : WellhouseOne | 048.200
2017-01-21 18:10:23 | TEMPLOG : Bio   Filter | 040.100
2017-01-21 18:11:24 | TEMPLOG : WellhouseOne | 051.800
2017-01-21 18:12:25 | TEMPLOG : WellhouseOne | 111.200
2017-01-21 18:13:26 | TEMPLOG : WellhouseOne | 127.400
2017-01-21 18:14:27 | TEMPLOG : WellhouseOne | 104.900
2017-01-21 18:15:29 | TEMPLOG : WellhouseOne | 085.100
2017-01-21 18:16:30 | TEMPLOG : WellhouseOne | 076.100
2017-01-21 18:17:32 | TEMPLOG : WellhouseOne | 069.800
2017-01-21 18:17:32 | TEMPLOG : Bio   Filter | 041.000
2017-01-21 18:18:33 | TEMPLOG : WellhouseOne | 065.300
2017-01-21 18:18:33 | TEMPLOG : Bio   Filter | 040.100
2017-01-21 18:19:34 | TEMPLOG : WellhouseOne | 061.700
2017-01-21 18:20:35 | TEMPLOG : WellhouseOne | 059.000
2017-01-21 18:21:36 | TEMPLOG : WellhouseOne | 057.200
2017-01-21 18:22:39 | TEMPLOG : WellhouseOne | 056.300
2017-01-21 18:23:40 | TEMPLOG : WellhouseOne | 055.400
2017-01-21 18:24:42 | TEMPLOG : WellhouseOne | 054.500
2017-01-21 18:25:42 | TEMPLOG : WellhouseOne | 053.600
2017-01-21 18:26:45 | TEMPLOG : WellhouseOne | 052.700
2017-01-21 18:28:48 | TEMPLOG : WellhouseOne | 051.800
2017-01-21 18:30:50 | TEMPLOG : WellhouseOne | 050.900
2017-01-21 18:32:53 | TEMPLOG : WellhouseOne | 050.000
2017-01-21 18:35:56 | TEMPLOG : WellhouseOne | 049.100
2017-01-21 18:37:59 | TEMPLOG : Bio   Filter | 039.200
2017-01-21 18:39:00 | TEMPLOG : WellhouseOne | 048.200
2017-01-21 18:40:01 | TEMPLOG : Bio   Filter | 040.100
2017-01-21 18:40:02 | TEMPLOG : Table    One | 039.200
2017-01-21 18:41:03 | TEMPLOG : Bio   Filter | 039.200
2017-01-21 18:42:05 | TEMPLOG : WellhouseOne | 103.100
2017-01-21 18:43:05 | TEMPLOG : WellhouseOne | 122.900
2017-01-21 18:44:06 | TEMPLOG : WellhouseOne | 131.900
2017-01-21 18:45:08 | TEMPLOG : WellhouseOne | 092.300
2017-01-21 18:46:09 | TEMPLOG : WellhouseOne | 079.700
2017-01-21 18:46:10 | TEMPLOG : To   GeoLoop | 048.200
2017-01-21 18:47:11 | TEMPLOG : WellhouseOne | 072.500
2017-01-21 18:47:11 | TEMPLOG : To   GeoLoop | 049.100
2017-01-21 18:48:12 | TEMPLOG : WellhouseOne | 067.100
2017-01-21 18:49:13 | TEMPLOG : WellhouseOne | 063.500
2017-01-21 18:50:14 | TEMPLOG : WellhouseOne | 060.800
2017-01-21 18:51:15 | TEMPLOG : WellhouseOne | 058.100
2017-01-21 18:51:16 | TEMPLOG : To   GeoLoop | 048.200
2017-01-21 18:52:16 | TEMPLOG : WellhouseOne | 057.200
2017-01-21 18:52:17 | TEMPLOG : To   GeoLoop | 049.100
2017-01-21 18:53:18 | TEMPLOG : WellhouseOne | 055.400
2017-01-21 18:54:19 | TEMPLOG : WellhouseOne | 054.500
2017-01-21 18:54:19 | TEMPLOG : To   GeoLoop | 048.200
2017-01-21 18:55:20 | TEMPLOG : WellhouseOne | 053.600
2017-01-21 18:57:23 | TEMPLOG : WellhouseOne | 052.700
2017-01-21 18:58:24 | TEMPLOG : WellhouseOne | 051.800
2017-01-21 18:59:25 | TEMPLOG : WellhouseOne | 050.900
2017-01-21 19:00:26 | TEMPLOG : WellhouseOne | 050.900
2017-01-21 19:00:27 | TEMPLOG : Bio   Filter | 039.200
2017-01-21 19:00:27 | TEMPLOG : To   GeoLoop | 048.200
2017-01-21 19:00:28 | TEMPLOG : Table    One | 039.200
2017-01-21 19:02:29 | TEMPLOG : WellhouseOne | 050.000
2017-01-21 19:04:31 | TEMPLOG : WellhouseOne | 049.100
2017-01-21 19:05:34 | TEMPLOG : Table    One | 038.300
2017-01-21 19:06:35 | TEMPLOG : Table    One | 039.200
2017-01-21 19:07:36 | TEMPLOG : Table    One | 038.300
2017-01-21 19:08:37 | TEMPLOG : WellhouseOne | 048.200
2017-01-21 19:08:38 | TEMPLOG : Bio   Filter | 038.300
2017-01-21 19:08:39 | TEMPLOG : Table    One | 039.200
2017-01-21 19:09:39 | TEMPLOG : Bio   Filter | 039.200
2017-01-21 19:09:40 | TEMPLOG : Table    One | 038.300
2017-01-21 19:10:40 | TEMPLOG : WellhouseOne | 047.300
2017-01-21 19:10:40 | TEMPLOG : Bio   Filter | 038.300
2017-01-21 19:11:41 | TEMPLOG : WellhouseOne | 080.600
2017-01-21 19:11:41 | TEMPLOG : Bio   Filter | 039.200
2017-01-21 19:12:42 | TEMPLOG : WellhouseOne | 117.500
2017-01-21 19:13:44 | TEMPLOG : WellhouseOne | 128.300
2017-01-21 19:13:44 | TEMPLOG : Bio   Filter | 038.300
2017-01-21 19:14:45 | TEMPLOG : WellhouseOne | 103.100
2017-01-21 19:15:46 | TEMPLOG : WellhouseOne | 084.200
2017-01-21 19:16:48 | TEMPLOG : WellhouseOne | 075.200
2017-01-21 19:17:49 | TEMPLOG : WellhouseOne | 068.900
2017-01-21 19:18:50 | TEMPLOG : WellhouseOne | 064.400
2017-01-21 19:19:51 | TEMPLOG : WellhouseOne | 061.700
2017-01-21 19:20:52 | TEMPLOG : WellhouseOne | 059.000
2017-01-21 19:21:53 | TEMPLOG : WellhouseOne | 057.200
2017-01-21 19:22:55 | TEMPLOG : WellhouseOne | 055.400
2017-01-21 19:23:58 | TEMPLOG : WellhouseOne | 054.500
2017-01-21 19:24:59 | TEMPLOG : WellhouseOne | 053.600
2017-01-21 19:26:00 | TEMPLOG : WellhouseOne | 052.700
2017-01-21 19:27:01 | TEMPLOG : WellhouseOne | 051.800
2017-01-21 19:29:03 | TEMPLOG : WellhouseOne | 050.900
2017-01-21 19:32:06 | TEMPLOG : WellhouseOne | 050.000
2017-01-21 19:35:10 | TEMPLOG : WellhouseOne | 049.100
2017-01-21 19:37:13 | TEMPLOG : WellhouseOne | 048.200
2017-01-21 19:38:14 | TEMPLOG : WellhouseOne | 047.300
2017-01-21 19:41:17 | TEMPLOG : WellhouseOne | 049.100
2017-01-21 19:42:18 | TEMPLOG : WellhouseOne | 110.300
2017-01-21 19:43:20 | TEMPLOG : WellhouseOne | 124.700
2017-01-21 19:44:21 | TEMPLOG : WellhouseOne | 132.800
2017-01-21 19:44:22 | TEMPLOG : Table    One | 037.400
2017-01-21 19:45:22 | TEMPLOG : WellhouseOne | 092.300
2017-01-21 19:46:24 | TEMPLOG : WellhouseOne | 079.700
2017-01-21 19:47:25 | TEMPLOG : WellhouseOne | 072.500
2017-01-21 19:47:26 | TEMPLOG : Bio   Filter | 037.400
2017-01-21 19:48:26 | TEMPLOG : WellhouseOne | 067.100
2017-01-21 19:49:28 | TEMPLOG : WellhouseOne | 063.500
2017-01-21 19:50:28 | TEMPLOG : WellhouseOne | 059.900
2017-01-21 19:51:30 | TEMPLOG : WellhouseOne | 058.100
2017-01-21 19:52:31 | TEMPLOG : WellhouseOne | 055.400
2017-01-21 19:53:32 | TEMPLOG : WellhouseOne | 054.500
2017-01-21 19:54:33 | TEMPLOG : WellhouseOne | 053.600
2017-01-21 19:55:34 | TEMPLOG : WellhouseOne | 052.700
2017-01-21 19:57:38 | TEMPLOG : WellhouseOne | 051.800
2017-01-21 19:58:39 | TEMPLOG : WellhouseOne | 050.900
2017-01-21 20:00:41 | TEMPLOG : WellhouseOne | 050.000
2017-01-21 20:00:41 | TEMPLOG : Bio   Filter | 037.400
2017-01-21 20:00:42 | TEMPLOG : To   GeoLoop | 048.200
2017-01-21 20:00:42 | TEMPLOG : Table    One | 037.400
2017-01-21 20:02:44 | TEMPLOG : WellhouseOne | 049.100
2017-01-21 20:05:47 | TEMPLOG : WellhouseOne | 048.200
2017-01-21 20:08:52 | TEMPLOG : WellhouseOne | 047.300
2017-01-21 20:09:53 | TEMPLOG : Table    One | 038.300
2017-01-21 20:11:54 | TEMPLOG : WellhouseOne | 100.400
2017-01-21 20:11:54 | TEMPLOG : Bio   Filter | 038.300
2017-01-21 20:12:55 | TEMPLOG : WellhouseOne | 121.100
2017-01-21 20:12:56 | TEMPLOG : Table    One | 037.400
2017-01-21 20:13:57 | TEMPLOG : WellhouseOne | 130.100
2017-01-21 20:13:58 | TEMPLOG : Table    One | 038.300
2017-01-21 20:14:58 | TEMPLOG : WellhouseOne | 103.100
2017-01-21 20:15:58 | TEMPLOG : WellhouseOne | 085.100
2017-01-21 20:17:00 | TEMPLOG : WellhouseOne | 075.200
2017-01-21 20:18:01 | TEMPLOG : WellhouseOne | 068.900
2017-01-21 20:19:02 | TEMPLOG : WellhouseOne | 065.300
2017-01-21 20:19:03 | TEMPLOG : Bio   Filter | 037.400
2017-01-21 20:20:04 | TEMPLOG : WellhouseOne | 061.700
2017-01-21 20:20:04 | TEMPLOG : Bio   Filter | 038.300
2017-01-21 20:21:05 | TEMPLOG : WellhouseOne | 059.000
2017-01-21 20:22:06 | TEMPLOG : WellhouseOne | 057.200
2017-01-21 20:23:07 | TEMPLOG : WellhouseOne | 055.400
2017-01-21 20:24:09 | TEMPLOG : WellhouseOne | 054.500
2017-01-21 20:25:11 | TEMPLOG : WellhouseOne | 053.600
2017-01-21 20:26:12 | TEMPLOG : WellhouseOne | 052.700
2017-01-21 20:27:13 | TEMPLOG : WellhouseOne | 051.800
2017-01-21 20:29:16 | TEMPLOG : WellhouseOne | 050.900
2017-01-21 20:31:18 | TEMPLOG : WellhouseOne | 050.000
2017-01-21 20:34:24 | TEMPLOG : WellhouseOne | 049.100
2017-01-21 20:38:30 | TEMPLOG : WellhouseOne | 048.200
2017-01-21 20:38:30 | TEMPLOG : To   GeoLoop | 047.300
2017-01-21 20:39:31 | TEMPLOG : WellhouseOne | 047.300
2017-01-21 20:40:32 | TEMPLOG : Bio   Filter | 037.400
2017-01-21 20:40:33 | TEMPLOG : Table    One | 037.400
2017-01-21 20:41:33 | TEMPLOG : WellhouseOne | 086.900
2017-01-21 20:41:34 | TEMPLOG : Bio   Filter | 038.300
2017-01-21 20:42:35 | TEMPLOG : WellhouseOne | 116.600
2017-01-21 20:42:35 | TEMPLOG : Bio   Filter | 037.400
2017-01-21 20:43:36 | TEMPLOG : WellhouseOne | 127.400
2017-01-21 20:44:37 | TEMPLOG : WellhouseOne | 113.000
2017-01-21 20:45:37 | TEMPLOG : WellhouseOne | 087.800
2017-01-21 20:46:39 | TEMPLOG : WellhouseOne | 077.000
2017-01-21 20:47:39 | TEMPLOG : WellhouseOne | 069.800
2017-01-21 20:48:41 | TEMPLOG : WellhouseOne | 065.300
2017-01-21 20:49:43 | TEMPLOG : WellhouseOne | 061.700
2017-01-21 20:50:44 | TEMPLOG : WellhouseOne | 059.000
2017-01-21 20:51:45 | TEMPLOG : WellhouseOne | 056.300
2017-01-21 20:52:46 | TEMPLOG : WellhouseOne | 055.400
2017-01-21 20:53:47 | TEMPLOG : WellhouseOne | 054.500
2017-01-21 20:54:49 | TEMPLOG : WellhouseOne | 053.600
2017-01-21 20:55:50 | TEMPLOG : WellhouseOne | 052.700
2017-01-21 20:56:52 | TEMPLOG : WellhouseOne | 051.800
2017-01-21 20:58:55 | TEMPLOG : WellhouseOne | 050.900
2017-01-21 20:59:57 | TEMPLOG : WellhouseOne | 050.000
2017-01-21 21:00:57 | TEMPLOG : WellhouseOne | 050.000
2017-01-21 21:00:58 | TEMPLOG : Bio   Filter | 037.400
2017-01-21 21:00:58 | TEMPLOG : To   GeoLoop | 047.300
2017-01-21 21:00:58 | TEMPLOG : Table    One | 037.400
2017-01-21 21:03:00 | TEMPLOG : WellhouseOne | 049.100
2017-01-21 21:03:01 | TEMPLOG : Table    One | 036.500
2017-01-21 21:05:02 | TEMPLOG : Bio   Filter | 036.500
2017-01-21 21:06:03 | TEMPLOG : WellhouseOne | 048.200
2017-01-21 21:09:07 | TEMPLOG : WellhouseOne | 047.300
2017-01-21 21:11:09 | TEMPLOG : WellhouseOne | 068.000
2017-01-21 21:12:11 | TEMPLOG : WellhouseOne | 113.000
2017-01-21 21:13:12 | TEMPLOG : WellhouseOne | 125.600
2017-01-21 21:14:15 | TEMPLOG : WellhouseOne | 123.800
2017-01-21 21:14:15 | TEMPLOG : Bio   Filter | 037.400
2017-01-21 21:15:16 | TEMPLOG : WellhouseOne | 089.600
2017-01-21 21:15:16 | TEMPLOG : Bio   Filter | 036.500
2017-01-21 21:16:17 | TEMPLOG : WellhouseOne | 077.900
2017-01-21 21:17:18 | TEMPLOG : WellhouseOne | 070.700
2017-01-21 21:18:19 | TEMPLOG : WellhouseOne | 065.300
2017-01-21 21:19:20 | TEMPLOG : WellhouseOne | 061.700
2017-01-21 21:20:21 | TEMPLOG : WellhouseOne | 059.000
2017-01-21 21:21:22 | TEMPLOG : WellhouseOne | 057.200
2017-01-21 21:21:22 | TEMPLOG : Bio   Filter | 037.400
2017-01-21 21:22:23 | TEMPLOG : WellhouseOne | 055.400
2017-01-21 21:22:23 | TEMPLOG : Bio   Filter | 036.500
2017-01-21 21:23:24 | TEMPLOG : WellhouseOne | 054.500
2017-01-21 21:23:24 | TEMPLOG : Bio   Filter | 037.400
2017-01-21 21:23:25 | TEMPLOG : Table    One | 037.400
2017-01-21 21:24:26 | TEMPLOG : WellhouseOne | 053.600
2017-01-21 21:25:27 | TEMPLOG : WellhouseOne | 052.700
2017-01-21 21:26:29 | TEMPLOG : WellhouseOne | 051.800
2017-01-21 21:27:30 | TEMPLOG : WellhouseOne | 050.900
2017-01-21 21:29:32 | TEMPLOG : WellhouseOne | 050.000
2017-01-21 21:30:33 | TEMPLOG : WellhouseOne | 049.100
2017-01-21 21:32:36 | TEMPLOG : WellhouseOne | 048.200
2017-01-21 21:34:37 | TEMPLOG : WellhouseOne | 047.300
2017-01-21 21:38:41 | TEMPLOG : Bio   Filter | 036.500
2017-01-21 21:39:42 | TEMPLOG : Bio   Filter | 037.400
2017-01-21 21:39:42 | TEMPLOG : Table    One | 036.500
2017-01-21 21:40:42 | TEMPLOG : WellhouseOne | 062.600
2017-01-21 21:41:43 | TEMPLOG : WellhouseOne | 111.200
2017-01-21 21:41:44 | TEMPLOG : Bio   Filter | 036.500
2017-01-21 21:42:46 | TEMPLOG : WellhouseOne | 123.800
2017-01-21 21:43:48 | TEMPLOG : WellhouseOne | 131.900
2017-01-21 21:44:49 | TEMPLOG : WellhouseOne | 091.400
2017-01-21 21:45:51 | TEMPLOG : WellhouseOne | 078.800
2017-01-21 21:46:52 | TEMPLOG : WellhouseOne | 071.600
2017-01-21 21:47:53 | TEMPLOG : WellhouseOne | 066.200
2017-01-21 21:47:54 | TEMPLOG : To   GeoLoop | 046.400
2017-01-21 21:48:54 | TEMPLOG : WellhouseOne | 062.600
2017-01-21 21:49:55 | TEMPLOG : WellhouseOne | 059.900
2017-01-21 21:50:58 | TEMPLOG : WellhouseOne | 058.100
2017-01-21 21:51:58 | TEMPLOG : WellhouseOne | 056.300
2017-01-21 21:53:00 | TEMPLOG : WellhouseOne | 054.500
2017-01-21 21:54:01 | TEMPLOG : WellhouseOne | 053.600
2017-01-21 21:55:02 | TEMPLOG : WellhouseOne | 051.800
2017-01-21 21:57:03 | TEMPLOG : WellhouseOne | 050.900
2017-01-21 21:59:06 | TEMPLOG : WellhouseOne | 050.000
2017-01-21 22:00:06 | TEMPLOG : WellhouseOne | 050.000
2017-01-21 22:00:07 | TEMPLOG : Bio   Filter | 036.500
2017-01-21 22:00:07 | TEMPLOG : To   GeoLoop | 046.400
2017-01-21 22:00:07 | TEMPLOG : Table    One | 036.500
2017-01-21 22:01:07 | TEMPLOG : WellhouseOne | 049.100
2017-01-21 22:03:09 | TEMPLOG : WellhouseOne | 048.200
2017-01-21 22:04:11 | TEMPLOG : WellhouseOne | 047.300
2017-01-21 22:05:12 | TEMPLOG : WellhouseOne | 048.200
2017-01-21 22:06:13 | TEMPLOG : WellhouseOne | 047.300
2017-01-21 22:08:16 | TEMPLOG : WellhouseOne | 046.400
2017-01-21 22:10:19 | TEMPLOG : WellhouseOne | 074.300
2017-01-21 22:11:20 | TEMPLOG : WellhouseOne | 113.000
2017-01-21 22:12:21 | TEMPLOG : WellhouseOne | 125.600
2017-01-21 22:13:22 | TEMPLOG : WellhouseOne | 131.900
2017-01-21 22:14:23 | TEMPLOG : WellhouseOne | 092.300
2017-01-21 22:15:25 | TEMPLOG : WellhouseOne | 079.700
2017-01-21 22:15:25 | TEMPLOG : To   GeoLoop | 047.300
2017-01-21 22:16:26 | TEMPLOG : WellhouseOne | 072.500
2017-01-21 22:16:26 | TEMPLOG : To   GeoLoop | 046.400
2017-01-21 22:17:26 | TEMPLOG : WellhouseOne | 067.100
2017-01-21 22:18:29 | TEMPLOG : WellhouseOne | 063.500
2017-01-21 22:18:30 | TEMPLOG : Bio   Filter | 037.400
2017-01-21 22:18:30 | TEMPLOG : To   GeoLoop | 047.300
2017-01-21 22:19:31 | TEMPLOG : WellhouseOne | 060.800
2017-01-21 22:19:31 | TEMPLOG : Bio   Filter | 036.500
2017-01-21 22:19:31 | TEMPLOG : To   GeoLoop | 046.400
2017-01-21 22:20:32 | TEMPLOG : WellhouseOne | 058.100
2017-01-21 22:21:33 | TEMPLOG : WellhouseOne | 056.300
2017-01-21 22:22:34 | TEMPLOG : WellhouseOne | 054.500
2017-01-21 22:23:35 | TEMPLOG : WellhouseOne | 053.600
2017-01-21 22:24:36 | TEMPLOG : WellhouseOne | 052.700
2017-01-21 22:25:37 | TEMPLOG : WellhouseOne | 051.800
2017-01-21 22:26:38 | TEMPLOG : WellhouseOne | 050.900
2017-01-21 22:28:40 | TEMPLOG : WellhouseOne | 050.000
2017-01-21 22:29:42 | TEMPLOG : WellhouseOne | 049.100
2017-01-21 22:33:47 | TEMPLOG : WellhouseOne | 048.200
2017-01-21 22:36:49 | TEMPLOG : WellhouseOne | 047.300
2017-01-21 22:39:53 | TEMPLOG : WellhouseOne | 046.400
2017-01-21 22:40:54 | TEMPLOG : WellhouseOne | 096.800
2017-01-21 22:40:55 | TEMPLOG : Table    One | 035.600
2017-01-21 22:41:56 | TEMPLOG : WellhouseOne | 117.500
2017-01-21 22:41:56 | TEMPLOG : Bio   Filter | 035.600
2017-01-21 22:41:56 | TEMPLOG : Table    One | 036.500
2017-01-21 22:42:57 | TEMPLOG : WellhouseOne | 128.300
2017-01-21 22:42:57 | TEMPLOG : Table    One | 035.600
2017-01-21 22:43:57 | TEMPLOG : WellhouseOne | 111.200
2017-01-21 22:44:59 | TEMPLOG : WellhouseOne | 087.800
2017-01-21 22:46:00 | TEMPLOG : WellhouseOne | 077.000
2017-01-21 22:47:01 | TEMPLOG : WellhouseOne | 069.800
2017-01-21 22:48:02 | TEMPLOG : WellhouseOne | 065.300
2017-01-21 22:49:03 | TEMPLOG : WellhouseOne | 061.700
2017-01-21 22:50:04 | TEMPLOG : WellhouseOne | 059.000
2017-01-21 22:51:05 | TEMPLOG : WellhouseOne | 057.200
2017-01-21 22:52:06 | TEMPLOG : WellhouseOne | 055.400
2017-01-21 22:53:07 | TEMPLOG : WellhouseOne | 053.600
2017-01-21 22:54:08 | TEMPLOG : WellhouseOne | 052.700
2017-01-21 22:55:09 | TEMPLOG : WellhouseOne | 051.800
2017-01-21 22:56:09 | TEMPLOG : WellhouseOne | 050.900
2017-01-21 22:58:11 | TEMPLOG : WellhouseOne | 050.000
2017-01-21 23:00:13 | TEMPLOG : WellhouseOne | 049.100
2017-01-21 23:00:13 | TEMPLOG : Bio   Filter | 035.600
2017-01-21 23:00:13 | TEMPLOG : To   GeoLoop | 046.400
2017-01-21 23:00:14 | TEMPLOG : Table    One | 035.600
2017-01-21 23:01:14 | TEMPLOG : WellhouseOne | 048.200
2017-01-21 23:04:18 | TEMPLOG : WellhouseOne | 047.300
2017-01-21 23:06:21 | TEMPLOG : WellhouseOne | 046.400
2017-01-21 23:08:25 | TEMPLOG : WellhouseOne | 045.500
2017-01-21 23:09:26 | TEMPLOG : WellhouseOne | 063.500
2017-01-21 23:10:27 | TEMPLOG : WellhouseOne | 112.100
2017-01-21 23:11:28 | TEMPLOG : WellhouseOne | 124.700
2017-01-21 23:12:29 | TEMPLOG : WellhouseOne | 131.900
2017-01-21 23:13:31 | TEMPLOG : WellhouseOne | 095.000
2017-01-21 23:14:31 | TEMPLOG : WellhouseOne | 081.500
2017-01-21 23:15:33 | TEMPLOG : WellhouseOne | 073.400
2017-01-21 23:16:35 | TEMPLOG : WellhouseOne | 068.000
2017-01-21 23:17:37 | TEMPLOG : WellhouseOne | 063.500
2017-01-21 23:18:37 | TEMPLOG : WellhouseOne | 060.800
2017-01-21 23:19:39 | TEMPLOG : WellhouseOne | 058.100
2017-01-21 23:20:41 | TEMPLOG : WellhouseOne | 055.400
2017-01-21 23:21:42 | TEMPLOG : WellhouseOne | 054.500
2017-01-21 23:22:44 | TEMPLOG : WellhouseOne | 052.700
2017-01-21 23:22:45 | TEMPLOG : Bio   Filter | 036.500
2017-01-21 23:23:45 | TEMPLOG : WellhouseOne | 051.800
2017-01-21 23:23:46 | TEMPLOG : Bio   Filter | 035.600
2017-01-21 23:24:47 | TEMPLOG : WellhouseOne | 050.900
2017-01-21 23:24:48 | TEMPLOG : Bio   Filter | 036.500
2017-01-21 23:25:49 | TEMPLOG : WellhouseOne | 050.000
2017-01-21 23:27:51 | TEMPLOG : WellhouseOne | 049.100
2017-01-21 23:28:52 | TEMPLOG : Bio   Filter | 035.600
2017-01-21 23:29:53 | TEMPLOG : WellhouseOne | 048.200
2017-01-21 23:29:54 | TEMPLOG : Bio   Filter | 036.500
2017-01-21 23:31:58 | TEMPLOG : Bio   Filter | 035.600
2017-01-21 23:32:59 | TEMPLOG : WellhouseOne | 047.300
2017-01-21 23:36:02 | TEMPLOG : WellhouseOne | 046.400
2017-01-21 23:39:05 | TEMPLOG : WellhouseOne | 095.000
2017-01-21 23:40:07 | TEMPLOG : WellhouseOne | 117.500
2017-01-21 23:41:09 | TEMPLOG : WellhouseOne | 129.200
2017-01-21 23:42:10 | TEMPLOG : WellhouseOne | 103.100
2017-01-21 23:43:11 | TEMPLOG : WellhouseOne | 084.200
2017-01-21 23:44:12 | TEMPLOG : WellhouseOne | 075.200
2017-01-21 23:45:14 | TEMPLOG : WellhouseOne | 068.900
2017-01-21 23:45:15 | TEMPLOG : Bio   Filter | 036.500
2017-01-21 23:46:15 | TEMPLOG : WellhouseOne | 064.400
2017-01-21 23:46:15 | TEMPLOG : Bio   Filter | 035.600
2017-01-21 23:47:16 | TEMPLOG : WellhouseOne | 060.800
2017-01-21 23:48:18 | TEMPLOG : WellhouseOne | 058.100
2017-01-21 23:49:18 | TEMPLOG : WellhouseOne | 056.300
2017-01-21 23:50:19 | TEMPLOG : WellhouseOne | 054.500
2017-01-21 23:50:19 | TEMPLOG : Bio   Filter | 036.500
2017-01-21 23:51:21 | TEMPLOG : WellhouseOne | 053.600
2017-01-21 23:51:21 | TEMPLOG : Bio   Filter | 035.600
2017-01-21 23:52:22 | TEMPLOG : WellhouseOne | 052.700
2017-01-21 23:53:23 | TEMPLOG : WellhouseOne | 051.800
2017-01-21 23:54:24 | TEMPLOG : WellhouseOne | 050.900
2017-01-21 23:56:26 | TEMPLOG : WellhouseOne | 050.000
2017-01-21 23:56:26 | TEMPLOG : Bio   Filter | 036.500
2017-01-21 23:56:26 | TEMPLOG : To   GeoLoop | 045.500
2017-01-21 23:57:27 | TEMPLOG : WellhouseOne | 049.100
2017-01-21 23:57:27 | TEMPLOG : Bio   Filter | 035.600
