2017-02-13 00:00:37 | TEMPLOG : WellhouseOne | 052.700
2017-02-13 00:00:37 | TEMPLOG : Bio   Filter | 039.200
2017-02-13 00:00:37 | TEMPLOG : To   GeoLoop | 052.700
2017-02-13 00:00:37 | TEMPLOG : Table    One | 039.200
2017-02-13 00:02:39 | TEMPLOG : WellhouseOne | 051.800
2017-02-13 00:03:42 | TEMPLOG : WellhouseOne | 050.900
2017-02-13 00:05:44 | TEMPLOG : WellhouseOne | 050.000
2017-02-13 00:07:46 | TEMPLOG : WellhouseOne | 049.100
2017-02-13 00:10:50 | TEMPLOG : WellhouseOne | 048.200
2017-02-13 00:13:55 | TEMPLOG : WellhouseOne | 047.300
2017-02-13 00:15:57 | TEMPLOG : WellhouseOne | 053.600
2017-02-13 00:16:58 | TEMPLOG : WellhouseOne | 110.300
2017-02-13 00:17:59 | TEMPLOG : WellhouseOne | 123.800
2017-02-13 00:19:01 | TEMPLOG : WellhouseOne | 131.900
2017-02-13 00:20:02 | TEMPLOG : WellhouseOne | 093.200
2017-02-13 00:21:03 | TEMPLOG : WellhouseOne | 079.700
2017-02-13 00:22:04 | TEMPLOG : WellhouseOne | 072.500
2017-02-13 00:23:05 | TEMPLOG : WellhouseOne | 067.100
2017-02-13 00:24:07 | TEMPLOG : WellhouseOne | 062.600
2017-02-13 00:25:08 | TEMPLOG : WellhouseOne | 059.900
2017-02-13 00:26:10 | TEMPLOG : WellhouseOne | 057.200
2017-02-13 00:27:11 | TEMPLOG : WellhouseOne | 056.300
2017-02-13 00:28:12 | TEMPLOG : WellhouseOne | 054.500
2017-02-13 00:29:13 | TEMPLOG : WellhouseOne | 053.600
2017-02-13 00:30:15 | TEMPLOG : WellhouseOne | 052.700
2017-02-13 00:31:16 | TEMPLOG : WellhouseOne | 051.800
2017-02-13 00:32:17 | TEMPLOG : WellhouseOne | 050.900
2017-02-13 00:34:19 | TEMPLOG : WellhouseOne | 050.000
2017-02-13 00:37:22 | TEMPLOG : WellhouseOne | 049.100
2017-02-13 00:39:24 | TEMPLOG : WellhouseOne | 048.200
2017-02-13 00:41:27 | TEMPLOG : WellhouseOne | 046.400
2017-02-13 00:43:29 | TEMPLOG : Bio   Filter | 040.100
2017-02-13 00:43:30 | TEMPLOG : Table    One | 040.100
2017-02-13 00:45:31 | TEMPLOG : WellhouseOne | 054.500
2017-02-13 00:46:32 | TEMPLOG : WellhouseOne | 112.100
2017-02-13 00:46:32 | TEMPLOG : Bio   Filter | 039.200
2017-02-13 00:47:33 | TEMPLOG : WellhouseOne | 126.500
2017-02-13 00:48:34 | TEMPLOG : WellhouseOne | 116.600
2017-02-13 00:48:34 | TEMPLOG : Bio   Filter | 040.100
2017-02-13 00:49:35 | TEMPLOG : WellhouseOne | 087.800
2017-02-13 00:49:35 | TEMPLOG : Bio   Filter | 039.200
2017-02-13 00:50:36 | TEMPLOG : WellhouseOne | 077.000
2017-02-13 00:51:38 | TEMPLOG : WellhouseOne | 069.800
2017-02-13 00:52:39 | TEMPLOG : WellhouseOne | 065.300
2017-02-13 00:53:41 | TEMPLOG : WellhouseOne | 060.800
2017-02-13 00:54:41 | TEMPLOG : WellhouseOne | 058.100
2017-02-13 00:55:42 | TEMPLOG : WellhouseOne | 056.300
2017-02-13 00:56:43 | TEMPLOG : WellhouseOne | 054.500
2017-02-13 00:57:46 | TEMPLOG : WellhouseOne | 052.700
2017-02-13 00:58:47 | TEMPLOG : WellhouseOne | 050.900
2017-02-13 00:58:47 | TEMPLOG : To   GeoLoop | 051.800
2017-02-13 00:59:48 | TEMPLOG : WellhouseOne | 050.000
2017-02-13 01:00:50 | TEMPLOG : WellhouseOne | 050.000
2017-02-13 01:00:50 | TEMPLOG : Bio   Filter | 040.100
2017-02-13 01:00:50 | TEMPLOG : To   GeoLoop | 051.800
2017-02-13 01:00:51 | TEMPLOG : Table    One | 039.200
2017-02-13 01:01:51 | TEMPLOG : WellhouseOne | 049.100
2017-02-13 01:01:51 | TEMPLOG : Bio   Filter | 039.200
2017-02-13 01:01:52 | TEMPLOG : Table    One | 040.100
2017-02-13 01:03:52 | TEMPLOG : WellhouseOne | 048.200
2017-02-13 01:03:53 | TEMPLOG : Table    One | 039.200
2017-02-13 01:04:54 | TEMPLOG : Table    One | 040.100
2017-02-13 01:07:56 | TEMPLOG : WellhouseOne | 047.300
2017-02-13 01:10:59 | TEMPLOG : WellhouseOne | 046.400
2017-02-13 01:12:00 | TEMPLOG : Table    One | 039.200
2017-02-13 01:13:02 | TEMPLOG : Table    One | 040.100
2017-02-13 01:15:03 | TEMPLOG : WellhouseOne | 080.600
2017-02-13 01:16:06 | TEMPLOG : WellhouseOne | 117.500
2017-02-13 01:16:07 | TEMPLOG : Table    One | 039.200
2017-02-13 01:17:07 | TEMPLOG : WellhouseOne | 129.200
2017-02-13 01:18:08 | TEMPLOG : WellhouseOne | 104.000
2017-02-13 01:19:10 | TEMPLOG : WellhouseOne | 083.300
2017-02-13 01:20:11 | TEMPLOG : WellhouseOne | 074.300
2017-02-13 01:21:12 | TEMPLOG : WellhouseOne | 068.000
2017-02-13 01:22:13 | TEMPLOG : WellhouseOne | 064.400
2017-02-13 01:23:14 | TEMPLOG : WellhouseOne | 060.800
2017-02-13 01:24:15 | TEMPLOG : WellhouseOne | 057.200
2017-02-13 01:25:16 | TEMPLOG : WellhouseOne | 056.300
2017-02-13 01:26:17 | TEMPLOG : WellhouseOne | 055.400
2017-02-13 01:27:18 | TEMPLOG : WellhouseOne | 053.600
2017-02-13 01:28:19 | TEMPLOG : WellhouseOne | 052.700
2017-02-13 01:30:21 | TEMPLOG : WellhouseOne | 051.800
2017-02-13 01:31:22 | TEMPLOG : WellhouseOne | 050.900
2017-02-13 01:33:23 | TEMPLOG : WellhouseOne | 050.000
2017-02-13 01:33:24 | TEMPLOG : Bio   Filter | 038.300
2017-02-13 01:35:25 | TEMPLOG : WellhouseOne | 049.100
2017-02-13 01:37:28 | TEMPLOG : WellhouseOne | 048.200
2017-02-13 01:39:32 | TEMPLOG : WellhouseOne | 047.300
2017-02-13 01:39:32 | TEMPLOG : Table    One | 038.300
2017-02-13 01:40:33 | TEMPLOG : Table    One | 039.200
2017-02-13 01:42:35 | TEMPLOG : WellhouseOne | 046.400
2017-02-13 01:43:36 | TEMPLOG : To   GeoLoop | 050.900
2017-02-13 01:44:37 | TEMPLOG : WellhouseOne | 088.700
2017-02-13 01:44:38 | TEMPLOG : To   GeoLoop | 051.800
2017-02-13 01:44:38 | TEMPLOG : Table    One | 038.300
2017-02-13 01:45:39 | TEMPLOG : WellhouseOne | 117.500
2017-02-13 01:46:40 | TEMPLOG : WellhouseOne | 127.400
2017-02-13 01:47:41 | TEMPLOG : WellhouseOne | 122.900
2017-02-13 01:47:41 | TEMPLOG : To   GeoLoop | 050.900
2017-02-13 01:48:42 | TEMPLOG : WellhouseOne | 090.500
2017-02-13 01:49:43 | TEMPLOG : WellhouseOne | 079.700
2017-02-13 01:50:44 | TEMPLOG : WellhouseOne | 072.500
2017-02-13 01:51:46 | TEMPLOG : WellhouseOne | 066.200
2017-02-13 01:52:47 | TEMPLOG : WellhouseOne | 062.600
2017-02-13 01:53:48 | TEMPLOG : WellhouseOne | 059.900
2017-02-13 01:54:49 | TEMPLOG : WellhouseOne | 057.200
2017-02-13 01:55:51 | TEMPLOG : WellhouseOne | 055.400
2017-02-13 01:56:52 | TEMPLOG : WellhouseOne | 054.500
2017-02-13 01:57:54 | TEMPLOG : WellhouseOne | 053.600
2017-02-13 01:58:54 | TEMPLOG : WellhouseOne | 052.700
2017-02-13 01:59:55 | TEMPLOG : WellhouseOne | 051.800
2017-02-13 02:00:56 | TEMPLOG : WellhouseOne | 050.900
2017-02-13 02:00:57 | TEMPLOG : Bio   Filter | 038.300
2017-02-13 02:00:57 | TEMPLOG : To   GeoLoop | 050.900
2017-02-13 02:00:57 | TEMPLOG : Table    One | 038.300
2017-02-13 02:02:59 | TEMPLOG : WellhouseOne | 050.000
2017-02-13 02:05:01 | TEMPLOG : WellhouseOne | 049.100
2017-02-13 02:06:02 | TEMPLOG : WellhouseOne | 048.200
2017-02-13 02:06:02 | TEMPLOG : Bio   Filter | 037.400
2017-02-13 02:10:09 | TEMPLOG : WellhouseOne | 047.300
2017-02-13 02:12:11 | TEMPLOG : WellhouseOne | 046.400
2017-02-13 02:13:12 | TEMPLOG : Table    One | 037.400
2017-02-13 02:14:12 | TEMPLOG : WellhouseOne | 077.000
2017-02-13 02:14:13 | TEMPLOG : Table    One | 038.300
2017-02-13 02:15:13 | TEMPLOG : WellhouseOne | 113.900
2017-02-13 02:16:14 | TEMPLOG : WellhouseOne | 126.500
2017-02-13 02:17:15 | TEMPLOG : WellhouseOne | 132.800
2017-02-13 02:18:16 | TEMPLOG : WellhouseOne | 097.700
2017-02-13 02:19:17 | TEMPLOG : WellhouseOne | 082.400
2017-02-13 02:20:18 | TEMPLOG : WellhouseOne | 073.400
2017-02-13 02:20:19 | TEMPLOG : Table    One | 037.400
2017-02-13 02:21:19 | TEMPLOG : WellhouseOne | 068.000
2017-02-13 02:21:21 | TEMPLOG : Table    One | 038.300
2017-02-13 02:22:21 | TEMPLOG : WellhouseOne | 064.400
2017-02-13 02:22:21 | TEMPLOG : Table    One | 037.400
2017-02-13 02:23:22 | TEMPLOG : WellhouseOne | 060.800
2017-02-13 02:24:24 | TEMPLOG : WellhouseOne | 059.000
2017-02-13 02:24:24 | TEMPLOG : Table    One | 038.300
2017-02-13 02:25:25 | TEMPLOG : WellhouseOne | 057.200
2017-02-13 02:25:26 | TEMPLOG : Table    One | 037.400
2017-02-13 02:26:26 | TEMPLOG : WellhouseOne | 055.400
2017-02-13 02:27:27 | TEMPLOG : WellhouseOne | 054.500
2017-02-13 02:28:28 | TEMPLOG : WellhouseOne | 053.600
2017-02-13 02:29:29 | TEMPLOG : WellhouseOne | 052.700
2017-02-13 02:30:30 | TEMPLOG : WellhouseOne | 051.800
2017-02-13 02:30:31 | TEMPLOG : To   GeoLoop | 050.000
2017-02-13 02:31:31 | TEMPLOG : WellhouseOne | 050.900
2017-02-13 02:31:32 | TEMPLOG : To   GeoLoop | 050.900
2017-02-13 02:32:33 | TEMPLOG : To   GeoLoop | 050.000
2017-02-13 02:33:34 | TEMPLOG : WellhouseOne | 050.000
2017-02-13 02:33:34 | TEMPLOG : To   GeoLoop | 050.900
2017-02-13 02:34:36 | TEMPLOG : To   GeoLoop | 050.000
2017-02-13 02:35:37 | TEMPLOG : WellhouseOne | 049.100
2017-02-13 02:38:41 | TEMPLOG : WellhouseOne | 048.200
2017-02-13 02:40:44 | TEMPLOG : WellhouseOne | 047.300
2017-02-13 02:43:49 | TEMPLOG : WellhouseOne | 046.400
2017-02-13 02:44:51 | TEMPLOG : WellhouseOne | 086.000
2017-02-13 02:45:52 | TEMPLOG : WellhouseOne | 115.700
2017-02-13 02:46:53 | TEMPLOG : WellhouseOne | 127.400
2017-02-13 02:47:54 | TEMPLOG : WellhouseOne | 132.800
2017-02-13 02:48:55 | TEMPLOG : WellhouseOne | 093.200
2017-02-13 02:49:56 | TEMPLOG : WellhouseOne | 081.500
2017-02-13 02:50:58 | TEMPLOG : WellhouseOne | 074.300
2017-02-13 02:50:58 | TEMPLOG : Bio   Filter | 036.500
2017-02-13 02:51:58 | TEMPLOG : WellhouseOne | 068.000
2017-02-13 02:53:00 | TEMPLOG : WellhouseOne | 063.500
2017-02-13 02:54:01 | TEMPLOG : WellhouseOne | 060.800
2017-02-13 02:55:02 | TEMPLOG : WellhouseOne | 057.200
2017-02-13 02:56:03 | TEMPLOG : WellhouseOne | 056.300
2017-02-13 02:57:04 | TEMPLOG : WellhouseOne | 054.500
2017-02-13 02:59:07 | TEMPLOG : WellhouseOne | 052.700
2017-02-13 03:00:08 | TEMPLOG : WellhouseOne | 051.800
2017-02-13 03:00:08 | TEMPLOG : Bio   Filter | 036.500
2017-02-13 03:00:08 | TEMPLOG : To   GeoLoop | 050.000
2017-02-13 03:00:08 | TEMPLOG : Table    One | 037.400
2017-02-13 03:01:09 | TEMPLOG : WellhouseOne | 050.900
2017-02-13 03:03:11 | TEMPLOG : WellhouseOne | 050.000
2017-02-13 03:04:12 | TEMPLOG : WellhouseOne | 049.100
2017-02-13 03:04:13 | TEMPLOG : Table    One | 036.500
2017-02-13 03:06:14 | TEMPLOG : WellhouseOne | 048.200
2017-02-13 03:08:17 | TEMPLOG : WellhouseOne | 047.300
2017-02-13 03:10:20 | TEMPLOG : WellhouseOne | 046.400
2017-02-13 03:14:25 | TEMPLOG : WellhouseOne | 098.600
2017-02-13 03:15:26 | TEMPLOG : WellhouseOne | 122.000
2017-02-13 03:16:29 | TEMPLOG : WellhouseOne | 123.800
2017-02-13 03:17:30 | TEMPLOG : WellhouseOne | 086.900
2017-02-13 03:18:31 | TEMPLOG : WellhouseOne | 075.200
2017-02-13 03:19:32 | TEMPLOG : WellhouseOne | 068.000
2017-02-13 03:20:34 | TEMPLOG : WellhouseOne | 063.500
2017-02-13 03:21:35 | TEMPLOG : WellhouseOne | 059.900
2017-02-13 03:22:36 | TEMPLOG : WellhouseOne | 057.200
2017-02-13 03:22:36 | TEMPLOG : Bio   Filter | 035.600
2017-02-13 03:23:36 | TEMPLOG : WellhouseOne | 055.400
2017-02-13 03:24:37 | TEMPLOG : WellhouseOne | 053.600
2017-02-13 03:24:37 | TEMPLOG : Bio   Filter | 036.500
2017-02-13 03:25:38 | TEMPLOG : WellhouseOne | 052.700
2017-02-13 03:26:39 | TEMPLOG : WellhouseOne | 050.900
2017-02-13 03:28:42 | TEMPLOG : WellhouseOne | 050.000
2017-02-13 03:28:43 | TEMPLOG : To   GeoLoop | 049.100
2017-02-13 03:29:44 | TEMPLOG : WellhouseOne | 049.100
2017-02-13 03:29:45 | TEMPLOG : To   GeoLoop | 050.000
2017-02-13 03:30:45 | TEMPLOG : WellhouseOne | 048.200
2017-02-13 03:32:49 | TEMPLOG : To   GeoLoop | 049.100
2017-02-13 03:33:50 | TEMPLOG : WellhouseOne | 047.300
2017-02-13 03:34:52 | TEMPLOG : To   GeoLoop | 050.000
2017-02-13 03:35:53 | TEMPLOG : To   GeoLoop | 049.100
2017-02-13 03:36:54 | TEMPLOG : WellhouseOne | 046.400
2017-02-13 03:38:57 | TEMPLOG : WellhouseOne | 045.500
2017-02-13 03:42:00 | TEMPLOG : WellhouseOne | 102.200
2017-02-13 03:43:01 | TEMPLOG : WellhouseOne | 120.200
2017-02-13 03:44:02 | TEMPLOG : WellhouseOne | 127.400
2017-02-13 03:44:03 | TEMPLOG : Bio   Filter | 035.600
2017-02-13 03:45:03 | TEMPLOG : WellhouseOne | 113.900
2017-02-13 03:46:04 | TEMPLOG : WellhouseOne | 087.800
2017-02-13 03:47:06 | TEMPLOG : WellhouseOne | 077.000
2017-02-13 03:48:07 | TEMPLOG : WellhouseOne | 069.800
2017-02-13 03:49:08 | TEMPLOG : WellhouseOne | 064.400
2017-02-13 03:50:09 | TEMPLOG : WellhouseOne | 060.800
2017-02-13 03:51:10 | TEMPLOG : WellhouseOne | 058.100
2017-02-13 03:52:11 | TEMPLOG : WellhouseOne | 056.300
2017-02-13 03:53:13 | TEMPLOG : WellhouseOne | 053.600
2017-02-13 03:54:14 | TEMPLOG : WellhouseOne | 052.700
2017-02-13 03:55:16 | TEMPLOG : WellhouseOne | 051.800
2017-02-13 03:55:17 | TEMPLOG : Bio   Filter | 036.500
2017-02-13 03:56:18 | TEMPLOG : WellhouseOne | 050.900
2017-02-13 03:57:19 | TEMPLOG : WellhouseOne | 050.000
2017-02-13 03:58:20 | TEMPLOG : WellhouseOne | 049.100
2017-02-13 03:59:21 | TEMPLOG : WellhouseOne | 048.200
2017-02-13 04:00:22 | TEMPLOG : WellhouseOne | 048.200
2017-02-13 04:00:22 | TEMPLOG : Bio   Filter | 036.500
2017-02-13 04:00:23 | TEMPLOG : To   GeoLoop | 049.100
2017-02-13 04:00:23 | TEMPLOG : Table    One | 036.500
2017-02-13 04:01:23 | TEMPLOG : WellhouseOne | 047.300
2017-02-13 04:04:27 | TEMPLOG : WellhouseOne | 046.400
2017-02-13 04:06:30 | TEMPLOG : WellhouseOne | 045.500
2017-02-13 04:09:33 | TEMPLOG : WellhouseOne | 092.300
2017-02-13 04:10:34 | TEMPLOG : WellhouseOne | 116.600
2017-02-13 04:11:36 | TEMPLOG : WellhouseOne | 125.600
2017-02-13 04:12:37 | TEMPLOG : WellhouseOne | 131.900
2017-02-13 04:13:39 | TEMPLOG : WellhouseOne | 102.200
2017-02-13 04:14:40 | TEMPLOG : WellhouseOne | 084.200
2017-02-13 04:15:41 | TEMPLOG : WellhouseOne | 075.200
2017-02-13 04:16:42 | TEMPLOG : WellhouseOne | 068.900
2017-02-13 04:17:43 | TEMPLOG : WellhouseOne | 063.500
2017-02-13 04:18:44 | TEMPLOG : WellhouseOne | 060.800
2017-02-13 04:19:45 | TEMPLOG : WellhouseOne | 058.100
2017-02-13 04:20:46 | TEMPLOG : WellhouseOne | 056.300
2017-02-13 04:21:49 | TEMPLOG : WellhouseOne | 054.500
2017-02-13 04:22:51 | TEMPLOG : WellhouseOne | 053.600
2017-02-13 04:23:52 | TEMPLOG : WellhouseOne | 052.700
2017-02-13 04:24:53 | TEMPLOG : WellhouseOne | 051.800
2017-02-13 04:25:54 | TEMPLOG : WellhouseOne | 050.900
2017-02-13 04:26:56 | TEMPLOG : WellhouseOne | 050.000
2017-02-13 04:28:58 | TEMPLOG : WellhouseOne | 049.100
2017-02-13 04:31:00 | TEMPLOG : WellhouseOne | 048.200
2017-02-13 04:33:03 | TEMPLOG : WellhouseOne | 047.300
2017-02-13 04:35:05 | TEMPLOG : WellhouseOne | 046.400
2017-02-13 04:37:08 | TEMPLOG : Bio   Filter | 035.600
2017-02-13 04:38:08 | TEMPLOG : WellhouseOne | 062.600
2017-02-13 04:38:09 | TEMPLOG : Bio   Filter | 036.500
2017-02-13 04:39:09 | TEMPLOG : WellhouseOne | 109.400
2017-02-13 04:39:10 | TEMPLOG : Bio   Filter | 035.600
2017-02-13 04:40:10 | TEMPLOG : WellhouseOne | 122.900
2017-02-13 04:41:11 | TEMPLOG : WellhouseOne | 130.100
2017-02-13 04:42:13 | TEMPLOG : WellhouseOne | 133.700
2017-02-13 04:43:15 | TEMPLOG : WellhouseOne | 093.200
2017-02-13 04:44:15 | TEMPLOG : WellhouseOne | 079.700
2017-02-13 04:45:16 | TEMPLOG : WellhouseOne | 072.500
2017-02-13 04:46:18 | TEMPLOG : WellhouseOne | 067.100
2017-02-13 04:47:19 | TEMPLOG : WellhouseOne | 063.500
2017-02-13 04:48:22 | TEMPLOG : WellhouseOne | 060.800
2017-02-13 04:49:24 | TEMPLOG : WellhouseOne | 058.100
2017-02-13 04:50:25 | TEMPLOG : WellhouseOne | 056.300
2017-02-13 04:51:27 | TEMPLOG : WellhouseOne | 054.500
2017-02-13 04:51:28 | TEMPLOG : To   GeoLoop | 048.200
2017-02-13 04:52:28 | TEMPLOG : WellhouseOne | 053.600
2017-02-13 04:53:30 | TEMPLOG : WellhouseOne | 052.700
2017-02-13 04:54:31 | TEMPLOG : WellhouseOne | 051.800
2017-02-13 04:55:33 | TEMPLOG : WellhouseOne | 050.900
2017-02-13 04:56:34 | TEMPLOG : WellhouseOne | 050.000
2017-02-13 04:57:36 | TEMPLOG : WellhouseOne | 049.100
2017-02-13 04:58:39 | TEMPLOG : Table    One | 035.600
2017-02-13 04:59:39 | TEMPLOG : WellhouseOne | 048.200
2017-02-13 05:00:41 | TEMPLOG : WellhouseOne | 048.200
2017-02-13 05:00:41 | TEMPLOG : Bio   Filter | 035.600
2017-02-13 05:00:42 | TEMPLOG : To   GeoLoop | 048.200
2017-02-13 05:00:42 | TEMPLOG : Table    One | 035.600
2017-02-13 05:02:44 | TEMPLOG : WellhouseOne | 047.300
2017-02-13 05:05:48 | TEMPLOG : WellhouseOne | 046.400
2017-02-13 05:07:50 | TEMPLOG : WellhouseOne | 089.600
2017-02-13 05:08:51 | TEMPLOG : WellhouseOne | 114.800
2017-02-13 05:09:52 | TEMPLOG : WellhouseOne | 124.700
2017-02-13 05:10:54 | TEMPLOG : WellhouseOne | 131.000
2017-02-13 05:11:55 | TEMPLOG : WellhouseOne | 104.900
2017-02-13 05:12:56 | TEMPLOG : WellhouseOne | 086.900
2017-02-13 05:13:57 | TEMPLOG : WellhouseOne | 077.000
2017-02-13 05:14:59 | TEMPLOG : WellhouseOne | 071.600
2017-02-13 05:16:00 | TEMPLOG : WellhouseOne | 066.200
2017-02-13 05:17:02 | TEMPLOG : WellhouseOne | 061.700
2017-02-13 05:18:04 | TEMPLOG : WellhouseOne | 059.000
2017-02-13 05:19:05 | TEMPLOG : WellhouseOne | 056.300
2017-02-13 05:20:06 | TEMPLOG : WellhouseOne | 055.400
2017-02-13 05:21:07 | TEMPLOG : WellhouseOne | 053.600
2017-02-13 05:22:08 | TEMPLOG : WellhouseOne | 052.700
2017-02-13 05:23:09 | TEMPLOG : WellhouseOne | 051.800
2017-02-13 05:24:10 | TEMPLOG : WellhouseOne | 050.900
2017-02-13 05:26:12 | TEMPLOG : WellhouseOne | 050.000
2017-02-13 05:27:13 | TEMPLOG : WellhouseOne | 049.100
2017-02-13 05:29:15 | TEMPLOG : WellhouseOne | 048.200
2017-02-13 05:31:18 | TEMPLOG : WellhouseOne | 047.300
2017-02-13 05:32:19 | TEMPLOG : Bio   Filter | 034.700
2017-02-13 05:34:20 | TEMPLOG : WellhouseOne | 046.400
2017-02-13 05:36:23 | TEMPLOG : WellhouseOne | 049.100
2017-02-13 05:37:24 | TEMPLOG : WellhouseOne | 105.800
2017-02-13 05:38:25 | TEMPLOG : WellhouseOne | 119.300
2017-02-13 05:39:27 | TEMPLOG : WellhouseOne | 127.400
2017-02-13 05:40:28 | TEMPLOG : WellhouseOne | 131.000
2017-02-13 05:41:29 | TEMPLOG : WellhouseOne | 095.900
2017-02-13 05:42:30 | TEMPLOG : WellhouseOne | 082.400
2017-02-13 05:43:31 | TEMPLOG : WellhouseOne | 075.200
2017-02-13 05:44:32 | TEMPLOG : WellhouseOne | 067.100
2017-02-13 05:45:33 | TEMPLOG : WellhouseOne | 063.500
2017-02-13 05:46:35 | TEMPLOG : WellhouseOne | 059.900
2017-02-13 05:47:36 | TEMPLOG : WellhouseOne | 056.300
2017-02-13 05:48:38 | TEMPLOG : WellhouseOne | 054.500
2017-02-13 05:49:39 | TEMPLOG : WellhouseOne | 053.600
2017-02-13 05:50:40 | TEMPLOG : WellhouseOne | 052.700
2017-02-13 05:50:40 | TEMPLOG : To   GeoLoop | 047.300
2017-02-13 05:51:40 | TEMPLOG : WellhouseOne | 051.800
2017-02-13 05:51:41 | TEMPLOG : To   GeoLoop | 048.200
2017-02-13 05:52:43 | TEMPLOG : WellhouseOne | 050.900
2017-02-13 05:52:43 | TEMPLOG : To   GeoLoop | 047.300
2017-02-13 05:53:43 | TEMPLOG : WellhouseOne | 050.000
2017-02-13 05:53:44 | TEMPLOG : To   GeoLoop | 048.200
2017-02-13 05:54:45 | TEMPLOG : WellhouseOne | 049.100
2017-02-13 05:56:48 | TEMPLOG : WellhouseOne | 048.200
2017-02-13 05:57:49 | TEMPLOG : To   GeoLoop | 047.300
2017-02-13 05:58:49 | TEMPLOG : WellhouseOne | 047.300
2017-02-13 06:00:51 | TEMPLOG : WellhouseOne | 046.400
2017-02-13 06:00:51 | TEMPLOG : Bio   Filter | 034.700
2017-02-13 06:00:52 | TEMPLOG : To   GeoLoop | 047.300
2017-02-13 06:00:52 | TEMPLOG : Table    One | 035.600
2017-02-13 06:04:55 | TEMPLOG : WellhouseOne | 045.500
2017-02-13 06:05:56 | TEMPLOG : WellhouseOne | 050.900
2017-02-13 06:06:57 | TEMPLOG : WellhouseOne | 104.900
2017-02-13 06:07:58 | TEMPLOG : WellhouseOne | 118.400
2017-02-13 06:08:59 | TEMPLOG : WellhouseOne | 125.600
2017-02-13 06:10:00 | TEMPLOG : WellhouseOne | 131.000
2017-02-13 06:11:01 | TEMPLOG : WellhouseOne | 090.500
2017-02-13 06:12:03 | TEMPLOG : WellhouseOne | 080.600
2017-02-13 06:13:04 | TEMPLOG : WellhouseOne | 072.500
2017-02-13 06:14:04 | TEMPLOG : WellhouseOne | 068.000
2017-02-13 06:15:05 | TEMPLOG : WellhouseOne | 063.500
2017-02-13 06:16:07 | TEMPLOG : WellhouseOne | 059.900
2017-02-13 06:17:10 | TEMPLOG : WellhouseOne | 058.100
2017-02-13 06:18:11 | TEMPLOG : WellhouseOne | 056.300
2017-02-13 06:19:12 | TEMPLOG : WellhouseOne | 054.500
2017-02-13 06:19:13 | TEMPLOG : Table    One | 034.700
2017-02-13 06:20:13 | TEMPLOG : WellhouseOne | 053.600
2017-02-13 06:21:14 | TEMPLOG : WellhouseOne | 051.800
2017-02-13 06:23:16 | TEMPLOG : WellhouseOne | 050.900
2017-02-13 06:24:19 | TEMPLOG : WellhouseOne | 050.000
2017-02-13 06:25:21 | TEMPLOG : WellhouseOne | 049.100
2017-02-13 06:27:23 | TEMPLOG : WellhouseOne | 048.200
2017-02-13 06:29:26 | TEMPLOG : WellhouseOne | 047.300
2017-02-13 06:33:30 | TEMPLOG : WellhouseOne | 046.400
2017-02-13 06:36:33 | TEMPLOG : WellhouseOne | 089.600
2017-02-13 06:37:34 | TEMPLOG : WellhouseOne | 113.000
2017-02-13 06:38:35 | TEMPLOG : WellhouseOne | 120.200
2017-02-13 06:38:36 | TEMPLOG : Table    One | 035.600
2017-02-13 06:39:37 | TEMPLOG : WellhouseOne | 127.400
2017-02-13 06:40:38 | TEMPLOG : WellhouseOne | 093.200
2017-02-13 06:40:38 | TEMPLOG : Table    One | 034.700
2017-02-13 06:41:39 | TEMPLOG : WellhouseOne | 078.800
2017-02-13 06:42:40 | TEMPLOG : WellhouseOne | 070.700
2017-02-13 06:42:41 | TEMPLOG : Table    One | 035.600
2017-02-13 06:43:41 | TEMPLOG : WellhouseOne | 066.200
2017-02-13 06:43:42 | TEMPLOG : Table    One | 034.700
2017-02-13 06:44:43 | TEMPLOG : WellhouseOne | 061.700
2017-02-13 06:45:44 | TEMPLOG : WellhouseOne | 059.000
2017-02-13 06:45:45 | TEMPLOG : Table    One | 035.600
2017-02-13 06:46:45 | TEMPLOG : WellhouseOne | 057.200
2017-02-13 06:47:46 | TEMPLOG : WellhouseOne | 055.400
2017-02-13 06:48:48 | TEMPLOG : WellhouseOne | 053.600
2017-02-13 06:49:50 | TEMPLOG : WellhouseOne | 052.700
2017-02-13 06:50:51 | TEMPLOG : WellhouseOne | 051.800
2017-02-13 06:52:54 | TEMPLOG : WellhouseOne | 050.900
2017-02-13 06:53:55 | TEMPLOG : WellhouseOne | 050.000
2017-02-13 06:54:56 | TEMPLOG : WellhouseOne | 049.100
2017-02-13 06:55:57 | TEMPLOG : WellhouseOne | 048.200
2017-02-13 06:58:00 | TEMPLOG : WellhouseOne | 047.300
2017-02-13 07:00:03 | TEMPLOG : WellhouseOne | 046.400
2017-02-13 07:00:03 | TEMPLOG : Bio   Filter | 034.700
2017-02-13 07:00:04 | TEMPLOG : To   GeoLoop | 047.300
2017-02-13 07:00:04 | TEMPLOG : Table    One | 035.600
2017-02-13 07:04:07 | TEMPLOG : WellhouseOne | 045.500
2017-02-13 07:05:09 | TEMPLOG : WellhouseOne | 094.100
2017-02-13 07:06:10 | TEMPLOG : WellhouseOne | 113.000
2017-02-13 07:07:11 | TEMPLOG : WellhouseOne | 121.100
2017-02-13 07:08:12 | TEMPLOG : WellhouseOne | 128.300
2017-02-13 07:09:14 | TEMPLOG : WellhouseOne | 108.500
2017-02-13 07:10:14 | TEMPLOG : WellhouseOne | 086.000
2017-02-13 07:11:17 | TEMPLOG : WellhouseOne | 075.200
2017-02-13 07:12:18 | TEMPLOG : WellhouseOne | 068.900
2017-02-13 07:13:21 | TEMPLOG : WellhouseOne | 064.400
2017-02-13 07:14:22 | TEMPLOG : WellhouseOne | 060.800
2017-02-13 07:15:23 | TEMPLOG : WellhouseOne | 058.100
2017-02-13 07:16:24 | TEMPLOG : WellhouseOne | 056.300
2017-02-13 07:17:25 | TEMPLOG : WellhouseOne | 054.500
2017-02-13 07:18:26 | TEMPLOG : WellhouseOne | 053.600
2017-02-13 07:19:28 | TEMPLOG : WellhouseOne | 052.700
2017-02-13 07:20:30 | TEMPLOG : WellhouseOne | 051.800
2017-02-13 07:20:30 | TEMPLOG : Bio   Filter | 035.600
2017-02-13 07:21:31 | TEMPLOG : WellhouseOne | 050.900
2017-02-13 07:22:32 | TEMPLOG : WellhouseOne | 050.000
2017-02-13 07:23:33 | TEMPLOG : WellhouseOne | 049.100
2017-02-13 07:24:34 | TEMPLOG : WellhouseOne | 048.200
2017-02-13 07:24:35 | TEMPLOG : Table    One | 036.500
2017-02-13 07:26:37 | TEMPLOG : WellhouseOne | 047.300
2017-02-13 07:27:38 | TEMPLOG : WellhouseOne | 046.400
2017-02-13 07:32:45 | TEMPLOG : WellhouseOne | 045.500
2017-02-13 07:33:47 | TEMPLOG : WellhouseOne | 083.300
2017-02-13 07:34:48 | TEMPLOG : WellhouseOne | 110.300
2017-02-13 07:35:49 | TEMPLOG : WellhouseOne | 120.200
2017-02-13 07:36:51 | TEMPLOG : WellhouseOne | 122.900
2017-02-13 07:37:52 | TEMPLOG : WellhouseOne | 125.600
2017-02-13 07:37:52 | TEMPLOG : Bio   Filter | 036.500
2017-02-13 07:38:53 | TEMPLOG : WellhouseOne | 095.900
2017-02-13 07:39:54 | TEMPLOG : WellhouseOne | 080.600
2017-02-13 07:39:55 | TEMPLOG : Table    One | 037.400
2017-02-13 07:40:55 | TEMPLOG : WellhouseOne | 072.500
2017-02-13 07:41:56 | TEMPLOG : WellhouseOne | 067.100
2017-02-13 07:42:57 | TEMPLOG : WellhouseOne | 063.500
2017-02-13 07:43:58 | TEMPLOG : WellhouseOne | 059.900
2017-02-13 07:45:00 | TEMPLOG : WellhouseOne | 057.200
2017-02-13 07:46:01 | TEMPLOG : WellhouseOne | 055.400
2017-02-13 07:47:02 | TEMPLOG : WellhouseOne | 054.500
2017-02-13 07:47:03 | TEMPLOG : Bio   Filter | 037.400
2017-02-13 07:48:03 | TEMPLOG : WellhouseOne | 053.600
2017-02-13 07:49:04 | TEMPLOG : WellhouseOne | 051.800
2017-02-13 07:50:05 | TEMPLOG : WellhouseOne | 050.900
2017-02-13 07:51:06 | TEMPLOG : WellhouseOne | 050.000
2017-02-13 07:51:06 | TEMPLOG : Table    One | 038.300
2017-02-13 07:52:06 | TEMPLOG : WellhouseOne | 049.100
2017-02-13 07:52:07 | TEMPLOG : To   GeoLoop | 048.200
2017-02-13 07:53:09 | TEMPLOG : WellhouseOne | 048.200
2017-02-13 07:54:10 | TEMPLOG : To   GeoLoop | 047.300
2017-02-13 07:56:11 | TEMPLOG : WellhouseOne | 047.300
2017-02-13 07:56:12 | TEMPLOG : To   GeoLoop | 048.200
2017-02-13 07:58:13 | TEMPLOG : Bio   Filter | 038.300
2017-02-13 07:59:14 | TEMPLOG : WellhouseOne | 046.400
2017-02-13 07:59:15 | TEMPLOG : Table    One | 039.200
2017-02-13 08:00:15 | TEMPLOG : WellhouseOne | 046.400
2017-02-13 08:00:15 | TEMPLOG : Bio   Filter | 038.300
2017-02-13 08:00:16 | TEMPLOG : To   GeoLoop | 048.200
2017-02-13 08:00:16 | TEMPLOG : Table    One | 039.200
2017-02-13 08:02:17 | TEMPLOG : WellhouseOne | 045.500
2017-02-13 08:03:19 | TEMPLOG : WellhouseOne | 076.100
2017-02-13 08:03:19 | TEMPLOG : Bio   Filter | 039.200
2017-02-13 08:04:20 | TEMPLOG : WellhouseOne | 108.500
2017-02-13 08:05:21 | TEMPLOG : WellhouseOne | 119.300
2017-02-13 08:06:22 | TEMPLOG : WellhouseOne | 122.900
2017-02-13 08:06:23 | TEMPLOG : Table    One | 040.100
2017-02-13 08:07:23 | TEMPLOG : WellhouseOne | 128.300
2017-02-13 08:08:26 | TEMPLOG : WellhouseOne | 091.400
2017-02-13 08:09:27 | TEMPLOG : WellhouseOne | 078.800
2017-02-13 08:09:27 | TEMPLOG : Bio   Filter | 040.100
2017-02-13 08:10:28 | TEMPLOG : WellhouseOne | 071.600
2017-02-13 08:11:28 | TEMPLOG : WellhouseOne | 067.100
2017-02-13 08:11:30 | TEMPLOG : Table    One | 041.000
2017-02-13 08:12:30 | TEMPLOG : WellhouseOne | 062.600
2017-02-13 08:13:32 | TEMPLOG : WellhouseOne | 059.900
2017-02-13 08:14:33 | TEMPLOG : WellhouseOne | 058.100
2017-02-13 08:14:33 | TEMPLOG : Bio   Filter | 041.000
2017-02-13 08:15:34 | TEMPLOG : WellhouseOne | 056.300
2017-02-13 08:15:34 | TEMPLOG : To   GeoLoop | 049.100
2017-02-13 08:15:34 | TEMPLOG : Table    One | 041.900
2017-02-13 08:16:34 | TEMPLOG : WellhouseOne | 054.500
2017-02-13 08:17:36 | TEMPLOG : WellhouseOne | 053.600
2017-02-13 08:18:39 | TEMPLOG : WellhouseOne | 052.700
2017-02-13 08:18:39 | TEMPLOG : Bio   Filter | 041.900
2017-02-13 08:19:40 | TEMPLOG : WellhouseOne | 051.800
2017-02-13 08:20:43 | TEMPLOG : Table    One | 042.800
2017-02-13 08:21:43 | TEMPLOG : WellhouseOne | 050.900
2017-02-13 08:21:43 | TEMPLOG : Bio   Filter | 042.800
2017-02-13 08:22:44 | TEMPLOG : WellhouseOne | 050.000
2017-02-13 08:23:47 | TEMPLOG : Table    One | 043.700
2017-02-13 08:24:47 | TEMPLOG : WellhouseOne | 049.100
2017-02-13 08:24:48 | TEMPLOG : Bio   Filter | 043.700
2017-02-13 08:25:49 | TEMPLOG : WellhouseOne | 048.200
2017-02-13 08:28:52 | TEMPLOG : WellhouseOne | 047.300
2017-02-13 08:28:53 | TEMPLOG : Table    One | 044.600
2017-02-13 08:29:53 | TEMPLOG : Bio   Filter | 044.600
2017-02-13 08:30:54 | TEMPLOG : To   GeoLoop | 050.000
2017-02-13 08:32:56 | TEMPLOG : WellhouseOne | 068.900
2017-02-13 08:32:57 | TEMPLOG : Bio   Filter | 045.500
2017-02-13 08:32:59 | TEMPLOG : Table    One | 045.500
2017-02-13 08:33:59 | TEMPLOG : WellhouseOne | 101.300
2017-02-13 08:34:00 | TEMPLOG : Table    One | 046.400
2017-02-13 08:35:00 | TEMPLOG : WellhouseOne | 111.200
2017-02-13 08:35:00 | TEMPLOG : Bio   Filter | 046.400
2017-02-13 08:36:02 | TEMPLOG : WellhouseOne | 121.100
2017-02-13 08:37:03 | TEMPLOG : WellhouseOne | 125.600
2017-02-13 08:38:05 | TEMPLOG : WellhouseOne | 088.700
2017-02-13 08:39:06 | TEMPLOG : WellhouseOne | 078.800
2017-02-13 08:40:07 | TEMPLOG : WellhouseOne | 071.600
2017-02-13 08:41:08 | TEMPLOG : WellhouseOne | 068.000
2017-02-13 08:42:09 | TEMPLOG : WellhouseOne | 064.400
2017-02-13 08:43:10 | TEMPLOG : WellhouseOne | 060.800
2017-02-13 08:43:11 | TEMPLOG : Table    One | 045.500
2017-02-13 08:44:11 | TEMPLOG : WellhouseOne | 059.000
2017-02-13 08:45:12 | TEMPLOG : WellhouseOne | 057.200
2017-02-13 08:46:13 | TEMPLOG : WellhouseOne | 056.300
2017-02-13 08:46:14 | TEMPLOG : Table    One | 046.400
2017-02-13 08:47:15 | TEMPLOG : WellhouseOne | 054.500
2017-02-13 08:48:16 | TEMPLOG : WellhouseOne | 053.600
2017-02-13 08:49:16 | TEMPLOG : WellhouseOne | 052.700
2017-02-13 08:51:19 | TEMPLOG : WellhouseOne | 051.800
2017-02-13 08:53:23 | TEMPLOG : WellhouseOne | 050.900
2017-02-13 08:53:23 | TEMPLOG : Bio   Filter | 047.300
2017-02-13 08:53:24 | TEMPLOG : Table    One | 047.300
2017-02-13 08:54:25 | TEMPLOG : To   GeoLoop | 050.900
2017-02-13 08:54:25 | TEMPLOG : Table    One | 048.200
2017-02-13 08:55:25 | TEMPLOG : WellhouseOne | 050.000
2017-02-13 08:55:25 | TEMPLOG : Bio   Filter | 048.200
2017-02-13 08:56:26 | TEMPLOG : Bio   Filter | 049.100
2017-02-13 08:56:27 | TEMPLOG : Table    One | 049.100
2017-02-13 08:57:28 | TEMPLOG : Bio   Filter | 050.000
2017-02-13 08:57:29 | TEMPLOG : Table    One | 050.000
2017-02-13 08:59:30 | TEMPLOG : WellhouseOne | 049.100
2017-02-13 09:00:31 | TEMPLOG : WellhouseOne | 049.100
2017-02-13 09:00:31 | TEMPLOG : Bio   Filter | 050.000
2017-02-13 09:00:32 | TEMPLOG : To   GeoLoop | 050.900
2017-02-13 09:00:32 | TEMPLOG : Table    One | 050.000
2017-02-13 09:02:33 | TEMPLOG : WellhouseOne | 048.200
2017-02-13 09:05:36 | TEMPLOG : WellhouseOne | 093.200
2017-02-13 09:05:36 | TEMPLOG : Bio   Filter | 050.900
2017-02-13 09:06:37 | TEMPLOG : WellhouseOne | 113.000
2017-02-13 09:06:38 | TEMPLOG : Table    One | 050.900
2017-02-13 09:07:38 | TEMPLOG : WellhouseOne | 122.900
2017-02-13 09:07:38 | TEMPLOG : Bio   Filter | 051.800
2017-02-13 09:08:39 | TEMPLOG : WellhouseOne | 097.700
2017-02-13 09:09:40 | TEMPLOG : WellhouseOne | 081.500
2017-02-13 09:09:42 | TEMPLOG : Table    One | 051.800
2017-02-13 09:10:42 | TEMPLOG : WellhouseOne | 074.300
2017-02-13 09:10:42 | TEMPLOG : Bio   Filter | 052.700
2017-02-13 09:11:44 | TEMPLOG : WellhouseOne | 068.900
2017-02-13 09:12:46 | TEMPLOG : WellhouseOne | 065.300
2017-02-13 09:12:46 | TEMPLOG : Bio   Filter | 053.600
2017-02-13 09:12:46 | TEMPLOG : Table    One | 052.700
2017-02-13 09:13:47 | TEMPLOG : WellhouseOne | 062.600
2017-02-13 09:13:48 | TEMPLOG : To   GeoLoop | 051.800
2017-02-13 09:14:48 | TEMPLOG : WellhouseOne | 059.900
2017-02-13 09:15:49 | TEMPLOG : WellhouseOne | 057.200
2017-02-13 09:15:50 | TEMPLOG : Bio   Filter | 054.500
2017-02-13 09:16:50 | TEMPLOG : WellhouseOne | 056.300
2017-02-13 09:16:51 | TEMPLOG : Table    One | 053.600
2017-02-13 09:17:51 | TEMPLOG : WellhouseOne | 055.400
2017-02-13 09:18:52 | TEMPLOG : WellhouseOne | 054.500
2017-02-13 09:18:53 | TEMPLOG : Bio   Filter | 055.400
2017-02-13 09:19:54 | TEMPLOG : WellhouseOne | 053.600
2017-02-13 09:19:54 | TEMPLOG : Bio   Filter | 054.500
2017-02-13 09:20:56 | TEMPLOG : Bio   Filter | 055.400
2017-02-13 09:21:57 | TEMPLOG : WellhouseOne | 052.700
2017-02-13 09:22:58 | TEMPLOG : WellhouseOne | 051.800
2017-02-13 09:25:01 | TEMPLOG : Bio   Filter | 054.500
2017-02-13 09:26:01 | TEMPLOG : WellhouseOne | 050.900
2017-02-13 09:30:07 | TEMPLOG : WellhouseOne | 050.000
2017-02-13 09:31:08 | TEMPLOG : Bio   Filter | 055.400
2017-02-13 09:31:09 | TEMPLOG : Table    One | 054.500
2017-02-13 09:33:11 | TEMPLOG : To   GeoLoop | 052.700
2017-02-13 09:35:12 | TEMPLOG : WellhouseOne | 049.100
2017-02-13 09:35:13 | TEMPLOG : Bio   Filter | 056.300
2017-02-13 09:37:15 | TEMPLOG : WellhouseOne | 068.000
2017-02-13 09:38:16 | TEMPLOG : WellhouseOne | 104.000
2017-02-13 09:38:17 | TEMPLOG : Table    One | 055.400
2017-02-13 09:39:18 | TEMPLOG : WellhouseOne | 121.100
2017-02-13 09:40:19 | TEMPLOG : WellhouseOne | 094.100
2017-02-13 09:40:19 | TEMPLOG : Bio   Filter | 057.200
2017-02-13 09:40:20 | TEMPLOG : Table    One | 056.300
2017-02-13 09:41:20 | TEMPLOG : WellhouseOne | 078.800
2017-02-13 09:42:21 | TEMPLOG : WellhouseOne | 072.500
2017-02-13 09:42:22 | TEMPLOG : Bio   Filter | 058.100
2017-02-13 09:43:23 | TEMPLOG : WellhouseOne | 068.000
2017-02-13 09:43:24 | TEMPLOG : Table    One | 057.200
2017-02-13 09:44:24 | TEMPLOG : WellhouseOne | 064.400
2017-02-13 09:44:24 | TEMPLOG : Bio   Filter | 059.000
2017-02-13 09:44:24 | TEMPLOG : To   GeoLoop | 053.600
2017-02-13 09:44:24 | TEMPLOG : Table    One | 058.100
2017-02-13 09:45:25 | TEMPLOG : WellhouseOne | 062.600
2017-02-13 09:45:25 | TEMPLOG : Bio   Filter | 059.900
2017-02-13 09:46:25 | TEMPLOG : WellhouseOne | 061.700
2017-02-13 09:46:25 | TEMPLOG : Bio   Filter | 060.800
2017-02-13 09:46:26 | TEMPLOG : Table    One | 059.000
2017-02-13 09:47:26 | TEMPLOG : WellhouseOne | 059.900
2017-02-13 09:47:26 | TEMPLOG : Bio   Filter | 061.700
2017-02-13 09:47:27 | TEMPLOG : Table    One | 059.900
2017-02-13 09:48:28 | TEMPLOG : WellhouseOne | 059.000
2017-02-13 09:48:28 | TEMPLOG : Bio   Filter | 062.600
2017-02-13 09:48:29 | TEMPLOG : Table    One | 060.800
2017-02-13 09:49:29 | TEMPLOG : WellhouseOne | 057.200
2017-02-13 09:49:29 | TEMPLOG : Bio   Filter | 063.500
2017-02-13 09:49:30 | TEMPLOG : Table    One | 061.700
2017-02-13 09:50:30 | TEMPLOG : WellhouseOne | 056.300
2017-02-13 09:50:30 | TEMPLOG : Bio   Filter | 064.400
2017-02-13 09:50:31 | TEMPLOG : To   GeoLoop | 054.500
2017-02-13 09:50:31 | TEMPLOG : Table    One | 062.600
2017-02-13 09:51:32 | TEMPLOG : WellhouseOne | 055.400
2017-02-13 09:51:33 | TEMPLOG : Bio   Filter | 066.200
2017-02-13 09:51:33 | TEMPLOG : Table    One | 064.400
2017-02-13 09:52:33 | TEMPLOG : WellhouseOne | 054.500
2017-02-13 09:52:33 | TEMPLOG : Bio   Filter | 068.000
2017-02-13 09:52:34 | TEMPLOG : Table    One | 065.300
2017-02-13 09:53:34 | TEMPLOG : Bio   Filter | 068.900
2017-02-13 09:53:35 | TEMPLOG : To   GeoLoop | 055.400
2017-02-13 09:53:35 | TEMPLOG : Table    One | 066.200
2017-02-13 09:54:35 | TEMPLOG : Bio   Filter | 069.800
2017-02-13 09:54:36 | TEMPLOG : Table    One | 068.000
2017-02-13 09:55:36 | TEMPLOG : WellhouseOne | 053.600
2017-02-13 09:55:37 | TEMPLOG : Bio   Filter | 070.700
2017-02-13 09:55:37 | TEMPLOG : Table    One | 068.900
2017-02-13 09:56:39 | TEMPLOG : Table    One | 068.000
2017-02-13 09:57:39 | TEMPLOG : WellhouseOne | 052.700
2017-02-13 09:58:41 | TEMPLOG : Table    One | 068.900
2017-02-13 09:59:42 | TEMPLOG : Bio   Filter | 071.600
2017-02-13 09:59:42 | TEMPLOG : To   GeoLoop | 056.300
2017-02-13 10:00:43 | TEMPLOG : WellhouseOne | 052.700
2017-02-13 10:00:43 | TEMPLOG : Bio   Filter | 072.500
2017-02-13 10:00:44 | TEMPLOG : To   GeoLoop | 056.300
2017-02-13 10:00:44 | TEMPLOG : Table    One | 069.800
2017-02-13 10:02:47 | TEMPLOG : Bio   Filter | 073.400
2017-02-13 10:02:48 | TEMPLOG : Table    One | 070.700
2017-02-13 10:03:48 | TEMPLOG : WellhouseOne | 051.800
2017-02-13 10:03:49 | TEMPLOG : Bio   Filter | 074.300
2017-02-13 10:03:49 | TEMPLOG : To   GeoLoop | 057.200
2017-02-13 10:04:52 | TEMPLOG : Table    One | 071.600
2017-02-13 10:05:53 | TEMPLOG : Bio   Filter | 075.200
2017-02-13 10:07:54 | TEMPLOG : WellhouseOne | 050.900
2017-02-13 10:07:55 | TEMPLOG : Table    One | 070.700
2017-02-13 10:09:57 | TEMPLOG : WellhouseOne | 074.300
2017-02-13 10:09:58 | TEMPLOG : Bio   Filter | 074.300
2017-02-13 10:10:59 | TEMPLOG : WellhouseOne | 113.900
2017-02-13 10:12:00 | TEMPLOG : WellhouseOne | 126.500
2017-02-13 10:13:01 | TEMPLOG : WellhouseOne | 095.000
2017-02-13 10:14:03 | TEMPLOG : WellhouseOne | 080.600
2017-02-13 10:15:04 | TEMPLOG : WellhouseOne | 073.400
2017-02-13 10:16:05 | TEMPLOG : WellhouseOne | 068.000
2017-02-13 10:16:07 | TEMPLOG : Table    One | 069.800
2017-02-13 10:17:07 | TEMPLOG : WellhouseOne | 065.300
2017-02-13 10:17:08 | TEMPLOG : Bio   Filter | 073.400
2017-02-13 10:18:08 | TEMPLOG : WellhouseOne | 062.600
2017-02-13 10:19:09 | TEMPLOG : WellhouseOne | 060.800
2017-02-13 10:20:11 | TEMPLOG : WellhouseOne | 059.000
2017-02-13 10:20:12 | TEMPLOG : Bio   Filter | 072.500
2017-02-13 10:20:13 | TEMPLOG : Table    One | 068.900
2017-02-13 10:21:13 | TEMPLOG : WellhouseOne | 058.100
2017-02-13 10:21:13 | TEMPLOG : Table    One | 068.000
2017-02-13 10:22:14 | TEMPLOG : WellhouseOne | 057.200
2017-02-13 10:23:14 | TEMPLOG : WellhouseOne | 056.300
2017-02-13 10:24:16 | TEMPLOG : WellhouseOne | 055.400
2017-02-13 10:24:16 | TEMPLOG : Bio   Filter | 071.600
2017-02-13 10:25:17 | TEMPLOG : To   GeoLoop | 056.300
2017-02-13 10:26:18 | TEMPLOG : WellhouseOne | 054.500
2017-02-13 10:26:19 | TEMPLOG : To   GeoLoop | 057.200
2017-02-13 10:27:19 | TEMPLOG : WellhouseOne | 053.600
2017-02-13 10:27:20 | TEMPLOG : Bio   Filter | 072.500
2017-02-13 10:28:21 | TEMPLOG : Table    One | 068.900
2017-02-13 10:29:22 | TEMPLOG : WellhouseOne | 052.700
2017-02-13 10:31:23 | TEMPLOG : Bio   Filter | 073.400
2017-02-13 10:33:26 | TEMPLOG : Table    One | 069.800
2017-02-13 10:34:26 | TEMPLOG : WellhouseOne | 051.800
2017-02-13 10:34:26 | TEMPLOG : Bio   Filter | 074.300
2017-02-13 10:34:26 | TEMPLOG : To   GeoLoop | 058.100
2017-02-13 10:35:28 | TEMPLOG : Table    One | 070.700
2017-02-13 10:36:29 | TEMPLOG : Bio   Filter | 075.200
2017-02-13 10:37:30 | TEMPLOG : Bio   Filter | 076.100
2017-02-13 10:37:30 | TEMPLOG : Table    One | 071.600
2017-02-13 10:38:31 | TEMPLOG : Bio   Filter | 077.000
2017-02-13 10:38:32 | TEMPLOG : Table    One | 072.500
2017-02-13 10:40:33 | TEMPLOG : WellhouseOne | 050.900
2017-02-13 10:40:33 | TEMPLOG : Bio   Filter | 077.900
2017-02-13 10:40:34 | TEMPLOG : To   GeoLoop | 059.000
2017-02-13 10:41:34 | TEMPLOG : Bio   Filter | 078.800
2017-02-13 10:42:35 | TEMPLOG : WellhouseOne | 095.900
2017-02-13 10:43:36 | TEMPLOG : WellhouseOne | 115.700
2017-02-13 10:43:36 | TEMPLOG : Bio   Filter | 079.700
2017-02-13 10:44:37 | TEMPLOG : WellhouseOne | 120.200
2017-02-13 10:45:39 | TEMPLOG : WellhouseOne | 088.700
2017-02-13 10:46:40 | TEMPLOG : WellhouseOne | 077.900
2017-02-13 10:46:40 | TEMPLOG : Bio   Filter | 080.600
2017-02-13 10:46:41 | TEMPLOG : Table    One | 073.400
2017-02-13 10:47:41 | TEMPLOG : WellhouseOne | 071.600
2017-02-13 10:47:41 | TEMPLOG : To   GeoLoop | 059.900
2017-02-13 10:48:42 | TEMPLOG : WellhouseOne | 068.000
2017-02-13 10:49:43 | TEMPLOG : WellhouseOne | 065.300
2017-02-13 10:50:44 | TEMPLOG : WellhouseOne | 063.500
2017-02-13 10:50:45 | TEMPLOG : Bio   Filter | 081.500
2017-02-13 10:51:46 | TEMPLOG : WellhouseOne | 061.700
2017-02-13 10:52:46 | TEMPLOG : WellhouseOne | 059.900
2017-02-13 10:52:47 | TEMPLOG : Table    One | 074.300
2017-02-13 10:53:47 | TEMPLOG : WellhouseOne | 059.000
2017-02-13 10:54:48 | TEMPLOG : WellhouseOne | 058.100
2017-02-13 10:54:49 | TEMPLOG : Bio   Filter | 080.600
2017-02-13 10:55:50 | TEMPLOG : WellhouseOne | 057.200
2017-02-13 10:56:51 | TEMPLOG : WellhouseOne | 056.300
2017-02-13 10:56:51 | TEMPLOG : Bio   Filter | 079.700
2017-02-13 10:58:53 | TEMPLOG : WellhouseOne | 055.400
2017-02-13 11:00:55 | TEMPLOG : WellhouseOne | 054.500
2017-02-13 11:00:56 | TEMPLOG : Bio   Filter | 080.600
2017-02-13 11:00:56 | TEMPLOG : To   GeoLoop | 059.900
2017-02-13 11:00:56 | TEMPLOG : Table    One | 074.300
2017-02-13 11:01:57 | TEMPLOG : To   GeoLoop | 060.800
2017-02-13 11:02:58 | TEMPLOG : Bio   Filter | 081.500
2017-02-13 11:02:59 | TEMPLOG : Table    One | 075.200
2017-02-13 11:05:01 | TEMPLOG : WellhouseOne | 053.600
2017-02-13 11:05:01 | TEMPLOG : Bio   Filter | 082.400
2017-02-13 11:06:02 | TEMPLOG : Table    One | 076.100
2017-02-13 11:07:04 | TEMPLOG : Bio   Filter | 083.300
2017-02-13 11:07:04 | TEMPLOG : To   GeoLoop | 061.700
2017-02-13 11:08:05 | TEMPLOG : Bio   Filter | 084.200
2017-02-13 11:08:05 | TEMPLOG : Table    One | 077.000
2017-02-13 11:09:06 | TEMPLOG : Bio   Filter | 085.100
2017-02-13 11:10:07 | TEMPLOG : WellhouseOne | 052.700
2017-02-13 11:11:09 | TEMPLOG : Table    One | 077.900
2017-02-13 11:13:11 | TEMPLOG : Bio   Filter | 084.200
2017-02-13 11:13:12 | TEMPLOG : Table    One | 077.000
2017-02-13 11:14:13 | TEMPLOG : Table    One | 077.900
2017-02-13 11:16:14 | TEMPLOG : WellhouseOne | 051.800
2017-02-13 11:17:16 | TEMPLOG : WellhouseOne | 094.100
2017-02-13 11:18:16 | TEMPLOG : WellhouseOne | 123.800
2017-02-13 11:18:17 | TEMPLOG : Bio   Filter | 083.300
2017-02-13 11:18:17 | TEMPLOG : Table    One | 078.800
2017-02-13 11:19:17 | TEMPLOG : WellhouseOne | 104.900
2017-02-13 11:20:19 | TEMPLOG : WellhouseOne | 086.000
2017-02-13 11:21:20 | TEMPLOG : WellhouseOne | 077.000
2017-02-13 11:21:20 | TEMPLOG : Bio   Filter | 084.200
2017-02-13 11:22:22 | TEMPLOG : WellhouseOne | 071.600
2017-02-13 11:23:23 | TEMPLOG : WellhouseOne | 068.000
2017-02-13 11:24:24 | TEMPLOG : WellhouseOne | 065.300
2017-02-13 11:24:24 | TEMPLOG : To   GeoLoop | 062.600
2017-02-13 11:25:25 | TEMPLOG : WellhouseOne | 063.500
2017-02-13 11:26:26 | TEMPLOG : WellhouseOne | 061.700
2017-02-13 11:26:27 | TEMPLOG : Table    One | 079.700
2017-02-13 11:27:27 | TEMPLOG : WellhouseOne | 060.800
2017-02-13 11:27:28 | TEMPLOG : Bio   Filter | 085.100
2017-02-13 11:28:29 | TEMPLOG : WellhouseOne | 059.900
2017-02-13 11:28:29 | TEMPLOG : Bio   Filter | 086.000
2017-02-13 11:28:30 | TEMPLOG : Table    One | 080.600
2017-02-13 11:29:30 | TEMPLOG : WellhouseOne | 059.000
2017-02-13 11:29:30 | TEMPLOG : Bio   Filter | 086.900
2017-02-13 11:29:30 | TEMPLOG : To   GeoLoop | 063.500
2017-02-13 11:29:31 | TEMPLOG : Table    One | 082.400
2017-02-13 11:30:31 | TEMPLOG : WellhouseOne | 058.100
2017-02-13 11:30:31 | TEMPLOG : Bio   Filter | 087.800
2017-02-13 11:31:32 | TEMPLOG : WellhouseOne | 057.200
2017-02-13 11:31:33 | TEMPLOG : Table    One | 083.300
2017-02-13 11:32:34 | TEMPLOG : Bio   Filter | 088.700
2017-02-13 11:33:36 | TEMPLOG : To   GeoLoop | 064.400
2017-02-13 11:34:38 | TEMPLOG : Table    One | 084.200
2017-02-13 11:35:38 | TEMPLOG : WellhouseOne | 056.300
2017-02-13 11:35:39 | TEMPLOG : Bio   Filter | 089.600
2017-02-13 11:37:41 | TEMPLOG : WellhouseOne | 055.400
2017-02-13 11:39:44 | TEMPLOG : Bio   Filter | 088.700
2017-02-13 11:40:45 | TEMPLOG : WellhouseOne | 054.500
2017-02-13 11:43:49 | TEMPLOG : WellhouseOne | 053.600
2017-02-13 11:43:49 | TEMPLOG : Bio   Filter | 087.800
2017-02-13 11:44:51 | TEMPLOG : Table    One | 083.300
2017-02-13 11:45:52 | TEMPLOG : Bio   Filter | 086.900
2017-02-13 11:46:53 | TEMPLOG : Bio   Filter | 086.000
2017-02-13 11:46:53 | TEMPLOG : To   GeoLoop | 063.500
2017-02-13 11:47:55 | TEMPLOG : Table    One | 082.400
2017-02-13 11:49:57 | TEMPLOG : WellhouseOne | 052.700
2017-02-13 11:49:57 | TEMPLOG : Bio   Filter | 085.100
2017-02-13 11:50:59 | TEMPLOG : Bio   Filter | 084.200
2017-02-13 11:51:00 | TEMPLOG : Table    One | 081.500
2017-02-13 11:52:00 | TEMPLOG : Bio   Filter | 083.300
2017-02-13 11:52:01 | TEMPLOG : Table    One | 080.600
2017-02-13 11:53:02 | TEMPLOG : Bio   Filter | 082.400
2017-02-13 11:53:02 | TEMPLOG : To   GeoLoop | 062.600
2017-02-13 11:54:02 | TEMPLOG : WellhouseOne | 105.800
2017-02-13 11:54:03 | TEMPLOG : Bio   Filter | 081.500
2017-02-13 11:54:03 | TEMPLOG : Table    One | 079.700
2017-02-13 11:55:03 | TEMPLOG : WellhouseOne | 126.500
2017-02-13 11:55:04 | TEMPLOG : Table    One | 078.800
2017-02-13 11:56:04 | TEMPLOG : WellhouseOne | 090.500
2017-02-13 11:57:05 | TEMPLOG : WellhouseOne | 078.800
2017-02-13 11:57:05 | TEMPLOG : Bio   Filter | 080.600
2017-02-13 11:57:06 | TEMPLOG : Table    One | 077.900
2017-02-13 11:58:06 | TEMPLOG : WellhouseOne | 072.500
2017-02-13 11:58:06 | TEMPLOG : Bio   Filter | 079.700
2017-02-13 11:59:07 | TEMPLOG : WellhouseOne | 069.800
2017-02-13 11:59:08 | TEMPLOG : Bio   Filter | 078.800
2017-02-13 11:59:08 | TEMPLOG : To   GeoLoop | 061.700
2017-02-13 11:59:08 | TEMPLOG : Table    One | 077.000
2017-02-13 12:00:09 | TEMPLOG : WellhouseOne | 066.200
2017-02-13 12:00:09 | TEMPLOG : Bio   Filter | 077.900
2017-02-13 12:00:09 | TEMPLOG : To   GeoLoop | 061.700
2017-02-13 12:00:09 | TEMPLOG : Table    One | 076.100
2017-02-13 12:01:10 | TEMPLOG : WellhouseOne | 064.400
2017-02-13 12:01:10 | TEMPLOG : Bio   Filter | 077.000
2017-02-13 12:01:11 | TEMPLOG : Table    One | 075.200
2017-02-13 12:02:11 | TEMPLOG : WellhouseOne | 063.500
2017-02-13 12:02:12 | TEMPLOG : Bio   Filter | 076.100
2017-02-13 12:02:12 | TEMPLOG : To   GeoLoop | 060.800
2017-02-13 12:02:12 | TEMPLOG : Table    One | 074.300
2017-02-13 12:03:13 | TEMPLOG : WellhouseOne | 061.700
2017-02-13 12:03:14 | TEMPLOG : Table    One | 073.400
2017-02-13 12:04:14 | TEMPLOG : WellhouseOne | 059.900
2017-02-13 12:04:15 | TEMPLOG : Bio   Filter | 075.200
2017-02-13 12:04:15 | TEMPLOG : To   GeoLoop | 061.700
2017-02-13 12:05:16 | TEMPLOG : WellhouseOne | 059.000
2017-02-13 12:05:17 | TEMPLOG : To   GeoLoop | 060.800
2017-02-13 12:06:17 | TEMPLOG : WellhouseOne | 058.100
2017-02-13 12:06:18 | TEMPLOG : Table    One | 072.500
2017-02-13 12:07:19 | TEMPLOG : Bio   Filter | 074.300
2017-02-13 12:08:20 | TEMPLOG : WellhouseOne | 057.200
2017-02-13 12:09:23 | TEMPLOG : Table    One | 071.600
2017-02-13 12:11:24 | TEMPLOG : WellhouseOne | 056.300
2017-02-13 12:12:27 | TEMPLOG : Bio   Filter | 073.400
2017-02-13 12:14:28 | TEMPLOG : WellhouseOne | 055.400
2017-02-13 12:19:35 | TEMPLOG : To   GeoLoop | 061.700
2017-02-13 12:20:36 | TEMPLOG : WellhouseOne | 054.500
2017-02-13 12:22:40 | TEMPLOG : Table    One | 072.500
2017-02-13 12:23:41 | TEMPLOG : Bio   Filter | 074.300
2017-02-13 12:26:45 | TEMPLOG : WellhouseOne | 053.600
2017-02-13 12:27:46 | TEMPLOG : Bio   Filter | 075.200
2017-02-13 12:29:49 | TEMPLOG : Table    One | 073.400
2017-02-13 12:30:50 | TEMPLOG : To   GeoLoop | 062.600
2017-02-13 12:31:51 | TEMPLOG : WellhouseOne | 082.400
2017-02-13 12:32:52 | TEMPLOG : WellhouseOne | 122.000
2017-02-13 12:33:54 | TEMPLOG : WellhouseOne | 096.800
2017-02-13 12:33:54 | TEMPLOG : Bio   Filter | 076.100
2017-02-13 12:33:54 | TEMPLOG : Table    One | 074.300
2017-02-13 12:34:55 | TEMPLOG : WellhouseOne | 079.700
2017-02-13 12:34:55 | TEMPLOG : Table    One | 075.200
2017-02-13 12:35:56 | TEMPLOG : WellhouseOne | 073.400
2017-02-13 12:35:56 | TEMPLOG : Table    One | 074.300
2017-02-13 12:36:57 | TEMPLOG : WellhouseOne | 068.900
2017-02-13 12:37:58 | TEMPLOG : WellhouseOne | 066.200
2017-02-13 12:37:58 | TEMPLOG : Bio   Filter | 077.000
2017-02-13 12:37:59 | TEMPLOG : Table    One | 075.200
2017-02-13 12:38:59 | TEMPLOG : WellhouseOne | 064.400
2017-02-13 12:40:01 | TEMPLOG : WellhouseOne | 063.500
2017-02-13 12:41:02 | TEMPLOG : WellhouseOne | 062.600
2017-02-13 12:42:03 | TEMPLOG : WellhouseOne | 061.700
2017-02-13 12:42:03 | TEMPLOG : Bio   Filter | 076.100
2017-02-13 12:42:03 | TEMPLOG : Table    One | 076.100
2017-02-13 12:43:03 | TEMPLOG : WellhouseOne | 060.800
2017-02-13 12:44:05 | TEMPLOG : WellhouseOne | 059.900
2017-02-13 12:44:05 | TEMPLOG : Table    One | 075.200
2017-02-13 12:45:06 | TEMPLOG : WellhouseOne | 059.000
2017-02-13 12:47:08 | TEMPLOG : WellhouseOne | 058.100
2017-02-13 12:47:09 | TEMPLOG : Table    One | 076.100
2017-02-13 12:49:11 | TEMPLOG : To   GeoLoop | 063.500
2017-02-13 12:50:12 | TEMPLOG : WellhouseOne | 057.200
2017-02-13 12:50:12 | TEMPLOG : Bio   Filter | 077.000
2017-02-13 12:50:12 | TEMPLOG : Table    One | 077.000
2017-02-13 12:52:16 | TEMPLOG : Table    One | 077.900
2017-02-13 12:53:16 | TEMPLOG : WellhouseOne | 056.300
2017-02-13 12:53:16 | TEMPLOG : Bio   Filter | 077.900
2017-02-13 12:53:16 | TEMPLOG : To   GeoLoop | 064.400
2017-02-13 12:53:17 | TEMPLOG : Table    One | 078.800
2017-02-13 12:54:17 | TEMPLOG : Bio   Filter | 078.800
2017-02-13 12:54:19 | TEMPLOG : Table    One | 079.700
2017-02-13 12:55:20 | TEMPLOG : Bio   Filter | 080.600
2017-02-13 12:55:20 | TEMPLOG : Table    One | 080.600
2017-02-13 12:56:21 | TEMPLOG : Bio   Filter | 081.500
2017-02-13 12:56:21 | TEMPLOG : To   GeoLoop | 065.300
2017-02-13 12:57:22 | TEMPLOG : WellhouseOne | 055.400
2017-02-13 12:57:22 | TEMPLOG : Bio   Filter | 082.400
2017-02-13 12:57:23 | TEMPLOG : Table    One | 081.500
2017-02-13 12:58:24 | TEMPLOG : Bio   Filter | 083.300
2017-02-13 12:58:24 | TEMPLOG : Table    One | 082.400
2017-02-13 12:59:25 | TEMPLOG : To   GeoLoop | 066.200
2017-02-13 12:59:25 | TEMPLOG : Table    One | 084.200
2017-02-13 13:00:26 | TEMPLOG : WellhouseOne | 055.400
2017-02-13 13:00:26 | TEMPLOG : Bio   Filter | 085.100
2017-02-13 13:00:26 | TEMPLOG : To   GeoLoop | 066.200
2017-02-13 13:00:27 | TEMPLOG : Table    One | 084.200
2017-02-13 13:01:27 | TEMPLOG : Bio   Filter | 086.000
2017-02-13 13:01:28 | TEMPLOG : To   GeoLoop | 067.100
2017-02-13 13:02:28 | TEMPLOG : Bio   Filter | 086.900
2017-02-13 13:02:29 | TEMPLOG : Table    One | 086.000
2017-02-13 13:03:30 | TEMPLOG : Bio   Filter | 088.700
2017-02-13 13:03:31 | TEMPLOG : Table    One | 086.900
2017-02-13 13:04:31 | TEMPLOG : Bio   Filter | 090.500
2017-02-13 13:04:31 | TEMPLOG : To   GeoLoop | 068.000
2017-02-13 13:04:32 | TEMPLOG : Table    One | 087.800
2017-02-13 13:05:32 | TEMPLOG : WellhouseOne | 054.500
2017-02-13 13:06:33 | TEMPLOG : Bio   Filter | 091.400
2017-02-13 13:06:34 | TEMPLOG : Table    One | 088.700
2017-02-13 13:07:35 | TEMPLOG : Bio   Filter | 092.300
2017-02-13 13:07:36 | TEMPLOG : To   GeoLoop | 068.900
2017-02-13 13:07:36 | TEMPLOG : Table    One | 089.600
2017-02-13 13:08:37 | TEMPLOG : Bio   Filter | 093.200
2017-02-13 13:10:39 | TEMPLOG : Bio   Filter | 094.100
2017-02-13 13:10:39 | TEMPLOG : Table    One | 090.500
2017-02-13 13:11:39 | TEMPLOG : WellhouseOne | 106.700
2017-02-13 13:11:40 | TEMPLOG : Bio   Filter | 095.000
2017-02-13 13:11:40 | TEMPLOG : Table    One | 091.400
2017-02-13 13:12:40 | TEMPLOG : WellhouseOne | 119.300
2017-02-13 13:12:41 | TEMPLOG : Table    One | 092.300
2017-02-13 13:13:41 | TEMPLOG : WellhouseOne | 086.900
2017-02-13 13:13:42 | TEMPLOG : Table    One | 091.400
2017-02-13 13:14:43 | TEMPLOG : WellhouseOne | 077.900
2017-02-13 13:14:43 | TEMPLOG : Bio   Filter | 094.100
2017-02-13 13:15:43 | TEMPLOG : WellhouseOne | 072.500
2017-02-13 13:15:44 | TEMPLOG : Bio   Filter | 093.200
2017-02-13 13:16:44 | TEMPLOG : WellhouseOne | 068.900
2017-02-13 13:17:45 | TEMPLOG : WellhouseOne | 067.100
2017-02-13 13:17:45 | TEMPLOG : Bio   Filter | 092.300
2017-02-13 13:18:46 | TEMPLOG : WellhouseOne | 065.300
2017-02-13 13:18:46 | TEMPLOG : Table    One | 090.500
2017-02-13 13:19:46 | TEMPLOG : WellhouseOne | 063.500
2017-02-13 13:19:47 | TEMPLOG : Table    One | 089.600
2017-02-13 13:20:47 | TEMPLOG : WellhouseOne | 062.600
2017-02-13 13:20:47 | TEMPLOG : Bio   Filter | 091.400
2017-02-13 13:21:50 | TEMPLOG : WellhouseOne | 061.700
2017-02-13 13:21:50 | TEMPLOG : Bio   Filter | 090.500
2017-02-13 13:21:50 | TEMPLOG : Table    One | 087.800
2017-02-13 13:22:51 | TEMPLOG : WellhouseOne | 060.800
2017-02-13 13:22:51 | TEMPLOG : Bio   Filter | 088.700
2017-02-13 13:22:51 | TEMPLOG : To   GeoLoop | 068.000
2017-02-13 13:22:52 | TEMPLOG : Table    One | 086.000
2017-02-13 13:23:52 | TEMPLOG : WellhouseOne | 059.900
2017-02-13 13:23:53 | TEMPLOG : Bio   Filter | 086.900
2017-02-13 13:23:54 | TEMPLOG : To   GeoLoop | 067.100
2017-02-13 13:23:54 | TEMPLOG : Table    One | 084.200
2017-02-13 13:24:54 | TEMPLOG : WellhouseOne | 059.000
2017-02-13 13:24:55 | TEMPLOG : Bio   Filter | 085.100
2017-02-13 13:24:56 | TEMPLOG : To   GeoLoop | 066.200
2017-02-13 13:24:56 | TEMPLOG : Table    One | 083.300
2017-02-13 13:25:57 | TEMPLOG : Bio   Filter | 084.200
2017-02-13 13:25:57 | TEMPLOG : Table    One | 084.200
2017-02-13 13:26:58 | TEMPLOG : Bio   Filter | 085.100
2017-02-13 13:26:59 | TEMPLOG : To   GeoLoop | 067.100
2017-02-13 13:26:59 | TEMPLOG : Table    One | 085.100
2017-02-13 13:28:00 | TEMPLOG : WellhouseOne | 058.100
2017-02-13 13:28:00 | TEMPLOG : Bio   Filter | 086.900
2017-02-13 13:28:00 | TEMPLOG : To   GeoLoop | 068.000
2017-02-13 13:28:00 | TEMPLOG : Table    One | 086.000
2017-02-13 13:29:02 | TEMPLOG : Table    One | 086.900
2017-02-13 13:32:05 | TEMPLOG : WellhouseOne | 057.200
2017-02-13 13:33:06 | TEMPLOG : Bio   Filter | 087.800
2017-02-13 13:34:09 | TEMPLOG : To   GeoLoop | 068.900
2017-02-13 13:34:09 | TEMPLOG : Table    One | 087.800
2017-02-13 13:36:11 | TEMPLOG : Table    One | 086.900
2017-02-13 13:37:12 | TEMPLOG : Bio   Filter | 086.900
2017-02-13 13:37:12 | TEMPLOG : Table    One | 086.000
2017-02-13 13:38:13 | TEMPLOG : WellhouseOne | 056.300
2017-02-13 13:38:13 | TEMPLOG : Bio   Filter | 086.000
2017-02-13 13:38:13 | TEMPLOG : To   GeoLoop | 068.000
2017-02-13 13:39:14 | TEMPLOG : Bio   Filter | 086.900
2017-02-13 13:39:15 | TEMPLOG : Table    One | 086.900
2017-02-13 13:40:16 | TEMPLOG : Table    One | 086.000
2017-02-13 13:41:17 | TEMPLOG : To   GeoLoop | 068.900
2017-02-13 13:43:19 | TEMPLOG : Bio   Filter | 086.000
2017-02-13 13:45:22 | TEMPLOG : Bio   Filter | 085.100
2017-02-13 13:45:22 | TEMPLOG : To   GeoLoop | 068.000
2017-02-13 13:45:23 | TEMPLOG : Table    One | 085.100
2017-02-13 13:46:23 | TEMPLOG : WellhouseOne | 055.400
2017-02-13 13:46:23 | TEMPLOG : Bio   Filter | 084.200
2017-02-13 13:47:25 | TEMPLOG : Table    One | 084.200
2017-02-13 13:50:28 | TEMPLOG : WellhouseOne | 054.500
2017-02-13 13:51:29 | TEMPLOG : WellhouseOne | 055.400
2017-02-13 13:52:30 | TEMPLOG : WellhouseOne | 086.900
2017-02-13 13:53:31 | TEMPLOG : WellhouseOne | 121.100
2017-02-13 13:53:31 | TEMPLOG : Bio   Filter | 083.300
2017-02-13 13:54:32 | TEMPLOG : WellhouseOne | 090.500
2017-02-13 13:54:34 | TEMPLOG : To   GeoLoop | 067.100
2017-02-13 13:54:34 | TEMPLOG : Table    One | 083.300
2017-02-13 13:55:35 | TEMPLOG : WellhouseOne | 080.600
2017-02-13 13:55:35 | TEMPLOG : Bio   Filter | 082.400
2017-02-13 13:55:35 | TEMPLOG : Table    One | 082.400
2017-02-13 13:56:35 | TEMPLOG : WellhouseOne | 074.300
2017-02-13 13:57:36 | TEMPLOG : WellhouseOne | 070.700
2017-02-13 13:57:36 | TEMPLOG : Bio   Filter | 081.500
2017-02-13 13:58:38 | TEMPLOG : WellhouseOne | 068.000
2017-02-13 13:59:39 | TEMPLOG : WellhouseOne | 066.200
2017-02-13 13:59:40 | TEMPLOG : Table    One | 081.500
2017-02-13 14:00:40 | TEMPLOG : WellhouseOne | 064.400
2017-02-13 14:00:40 | TEMPLOG : Bio   Filter | 080.600
2017-02-13 14:00:40 | TEMPLOG : To   GeoLoop | 067.100
2017-02-13 14:00:41 | TEMPLOG : Table    One | 080.600
2017-02-13 14:01:41 | TEMPLOG : WellhouseOne | 063.500
2017-02-13 14:01:42 | TEMPLOG : To   GeoLoop | 066.200
2017-02-13 14:02:42 | TEMPLOG : WellhouseOne | 062.600
2017-02-13 14:02:42 | TEMPLOG : Bio   Filter | 079.700
2017-02-13 14:03:44 | TEMPLOG : WellhouseOne | 061.700
2017-02-13 14:03:44 | TEMPLOG : Bio   Filter | 078.800
2017-02-13 14:03:44 | TEMPLOG : Table    One | 079.700
2017-02-13 14:04:45 | TEMPLOG : WellhouseOne | 060.800
2017-02-13 14:04:46 | TEMPLOG : Table    One | 078.800
2017-02-13 14:05:47 | TEMPLOG : WellhouseOne | 059.900
2017-02-13 14:05:49 | TEMPLOG : Bio   Filter | 077.900
2017-02-13 14:05:49 | TEMPLOG : To   GeoLoop | 065.300
2017-02-13 14:05:49 | TEMPLOG : Table    One | 077.900
2017-02-13 14:06:50 | TEMPLOG : Bio   Filter | 077.000
2017-02-13 14:06:50 | TEMPLOG : Table    One | 077.000
2017-02-13 14:07:51 | TEMPLOG : WellhouseOne | 059.000
2017-02-13 14:07:52 | TEMPLOG : Table    One | 076.100
2017-02-13 14:08:52 | TEMPLOG : Bio   Filter | 076.100
2017-02-13 14:08:52 | TEMPLOG : To   GeoLoop | 064.400
2017-02-13 14:09:54 | TEMPLOG : Bio   Filter | 075.200
2017-02-13 14:09:55 | TEMPLOG : Table    One | 075.200
2017-02-13 14:10:55 | TEMPLOG : WellhouseOne | 058.100
2017-02-13 14:11:57 | TEMPLOG : Bio   Filter | 074.300
2017-02-13 14:11:58 | TEMPLOG : Table    One | 074.300
2017-02-13 14:12:59 | TEMPLOG : Table    One | 073.400
2017-02-13 14:15:00 | TEMPLOG : WellhouseOne | 057.200
2017-02-13 14:15:01 | TEMPLOG : Table    One | 074.300
2017-02-13 14:16:01 | TEMPLOG : Bio   Filter | 073.400
2017-02-13 14:16:02 | TEMPLOG : Table    One | 073.400
2017-02-13 14:17:03 | TEMPLOG : Table    One | 074.300
2017-02-13 14:22:08 | TEMPLOG : WellhouseOne | 056.300
2017-02-13 14:25:13 | TEMPLOG : Bio   Filter | 072.500
2017-02-13 14:25:13 | TEMPLOG : Table    One | 073.400
2017-02-13 14:29:20 | TEMPLOG : Table    One | 072.500
2017-02-13 14:30:21 | TEMPLOG : WellhouseOne | 055.400
2017-02-13 14:31:23 | TEMPLOG : Bio   Filter | 071.600
2017-02-13 14:33:26 | TEMPLOG : Bio   Filter | 072.500
2017-02-13 14:34:27 | TEMPLOG : WellhouseOne | 113.000
2017-02-13 14:35:29 | TEMPLOG : Bio   Filter | 071.600
2017-02-13 14:36:29 | TEMPLOG : WellhouseOne | 087.800
2017-02-13 14:37:30 | TEMPLOG : WellhouseOne | 077.900
2017-02-13 14:38:31 | TEMPLOG : WellhouseOne | 073.400
2017-02-13 14:38:32 | TEMPLOG : Table    One | 071.600
2017-02-13 14:39:32 | TEMPLOG : WellhouseOne | 070.700
2017-02-13 14:39:32 | TEMPLOG : Bio   Filter | 070.700
2017-02-13 14:40:33 | TEMPLOG : WellhouseOne | 068.000
2017-02-13 14:41:35 | TEMPLOG : WellhouseOne | 066.200
2017-02-13 14:42:36 | TEMPLOG : WellhouseOne | 064.400
2017-02-13 14:42:36 | TEMPLOG : To   GeoLoop | 063.500
2017-02-13 14:43:36 | TEMPLOG : WellhouseOne | 063.500
2017-02-13 14:43:37 | TEMPLOG : To   GeoLoop | 064.400
2017-02-13 14:43:38 | TEMPLOG : Table    One | 070.700
2017-02-13 14:44:38 | TEMPLOG : WellhouseOne | 062.600
2017-02-13 14:45:39 | TEMPLOG : WellhouseOne | 061.700
2017-02-13 14:46:41 | TEMPLOG : WellhouseOne | 060.800
2017-02-13 14:46:41 | TEMPLOG : To   GeoLoop | 063.500
2017-02-13 14:48:42 | TEMPLOG : WellhouseOne | 059.900
2017-02-13 14:50:45 | TEMPLOG : WellhouseOne | 059.000
2017-02-13 14:50:45 | TEMPLOG : Bio   Filter | 069.800
2017-02-13 14:50:46 | TEMPLOG : To   GeoLoop | 064.400
2017-02-13 14:51:47 | TEMPLOG : To   GeoLoop | 063.500
2017-02-13 14:53:49 | TEMPLOG : WellhouseOne | 058.100
2017-02-13 14:53:49 | TEMPLOG : Table    One | 069.800
2017-02-13 14:54:50 | TEMPLOG : Bio   Filter | 068.900
2017-02-13 14:56:52 | TEMPLOG : Table    One | 068.900
2017-02-13 14:58:54 | TEMPLOG : Bio   Filter | 068.000
2017-02-13 14:59:55 | TEMPLOG : Table    One | 068.000
2017-02-13 15:00:56 | TEMPLOG : WellhouseOne | 057.200
2017-02-13 15:00:56 | TEMPLOG : Bio   Filter | 068.000
2017-02-13 15:00:56 | TEMPLOG : To   GeoLoop | 063.500
2017-02-13 15:00:57 | TEMPLOG : Table    One | 068.000
2017-02-13 15:05:01 | TEMPLOG : Bio   Filter | 067.100
2017-02-13 15:05:01 | TEMPLOG : To   GeoLoop | 062.600
2017-02-13 15:05:01 | TEMPLOG : Table    One | 067.100
2017-02-13 15:06:01 | TEMPLOG : WellhouseOne | 056.300
2017-02-13 15:10:06 | TEMPLOG : Bio   Filter | 066.200
2017-02-13 15:10:07 | TEMPLOG : Table    One | 066.200
2017-02-13 15:11:07 | TEMPLOG : Bio   Filter | 067.100
2017-02-13 15:12:08 | TEMPLOG : Bio   Filter | 066.200
2017-02-13 15:14:12 | TEMPLOG : WellhouseOne | 055.400
2017-02-13 15:16:15 | TEMPLOG : WellhouseOne | 072.500
2017-02-13 15:17:17 | TEMPLOG : WellhouseOne | 122.000
2017-02-13 15:18:18 | TEMPLOG : WellhouseOne | 094.100
2017-02-13 15:19:20 | TEMPLOG : WellhouseOne | 082.400
2017-02-13 15:19:20 | TEMPLOG : Bio   Filter | 065.300
2017-02-13 15:20:21 | TEMPLOG : WellhouseOne | 075.200
2017-02-13 15:20:22 | TEMPLOG : Table    One | 065.300
2017-02-13 15:21:22 | TEMPLOG : WellhouseOne | 071.600
2017-02-13 15:22:24 | TEMPLOG : WellhouseOne | 068.900
2017-02-13 15:23:25 | TEMPLOG : WellhouseOne | 066.200
2017-02-13 15:24:26 | TEMPLOG : WellhouseOne | 064.400
2017-02-13 15:24:27 | TEMPLOG : Bio   Filter | 064.400
2017-02-13 15:25:28 | TEMPLOG : WellhouseOne | 063.500
2017-02-13 15:26:28 | TEMPLOG : WellhouseOne | 062.600
2017-02-13 15:27:30 | TEMPLOG : WellhouseOne | 061.700
2017-02-13 15:28:31 | TEMPLOG : WellhouseOne | 060.800
2017-02-13 15:30:34 | TEMPLOG : WellhouseOne | 059.900
2017-02-13 15:30:34 | TEMPLOG : Bio   Filter | 063.500
2017-02-13 15:30:35 | TEMPLOG : Table    One | 064.400
2017-02-13 15:32:37 | TEMPLOG : WellhouseOne | 059.000
2017-02-13 15:33:39 | TEMPLOG : Bio   Filter | 064.400
2017-02-13 15:34:40 | TEMPLOG : WellhouseOne | 058.100
2017-02-13 15:34:41 | TEMPLOG : Bio   Filter | 063.500
2017-02-13 15:38:46 | TEMPLOG : WellhouseOne | 057.200
2017-02-13 15:38:47 | TEMPLOG : To   GeoLoop | 061.700
2017-02-13 15:38:47 | TEMPLOG : Table    One | 063.500
2017-02-13 15:39:48 | TEMPLOG : To   GeoLoop | 062.600
2017-02-13 15:41:51 | TEMPLOG : To   GeoLoop | 061.700
2017-02-13 15:43:52 | TEMPLOG : Bio   Filter | 062.600
2017-02-13 15:44:55 | TEMPLOG : WellhouseOne | 056.300
2017-02-13 15:44:55 | TEMPLOG : Table    One | 062.600
2017-02-13 15:48:59 | TEMPLOG : Bio   Filter | 061.700
2017-02-13 15:50:00 | TEMPLOG : WellhouseOne | 055.400
2017-02-13 15:50:01 | TEMPLOG : Table    One | 061.700
2017-02-13 15:54:05 | TEMPLOG : Bio   Filter | 060.800
2017-02-13 15:58:09 | TEMPLOG : WellhouseOne | 113.000
2017-02-13 15:59:11 | TEMPLOG : WellhouseOne | 118.400
2017-02-13 16:00:12 | TEMPLOG : WellhouseOne | 089.600
2017-02-13 16:00:12 | TEMPLOG : Bio   Filter | 060.800
2017-02-13 16:00:12 | TEMPLOG : To   GeoLoop | 061.700
2017-02-13 16:00:13 | TEMPLOG : Table    One | 061.700
2017-02-13 16:01:13 | TEMPLOG : WellhouseOne | 079.700
2017-02-13 16:02:14 | TEMPLOG : WellhouseOne | 075.200
2017-02-13 16:02:14 | TEMPLOG : To   GeoLoop | 060.800
2017-02-13 16:02:15 | TEMPLOG : Table    One | 060.800
2017-02-13 16:03:15 | TEMPLOG : WellhouseOne | 070.700
2017-02-13 16:03:15 | TEMPLOG : Bio   Filter | 059.900
2017-02-13 16:04:17 | TEMPLOG : WellhouseOne | 068.000
2017-02-13 16:05:18 | TEMPLOG : WellhouseOne | 065.300
2017-02-13 16:06:20 | TEMPLOG : WellhouseOne | 063.500
2017-02-13 16:06:20 | TEMPLOG : Table    One | 059.900
2017-02-13 16:07:21 | TEMPLOG : WellhouseOne | 062.600
2017-02-13 16:08:22 | TEMPLOG : WellhouseOne | 061.700
2017-02-13 16:09:23 | TEMPLOG : WellhouseOne | 060.800
2017-02-13 16:10:25 | TEMPLOG : WellhouseOne | 059.900
2017-02-13 16:10:26 | TEMPLOG : Bio   Filter | 059.000
2017-02-13 16:12:28 | TEMPLOG : WellhouseOne | 059.000
2017-02-13 16:12:28 | TEMPLOG : Table    One | 059.000
2017-02-13 16:14:31 | TEMPLOG : WellhouseOne | 058.100
2017-02-13 16:16:34 | TEMPLOG : Bio   Filter | 058.100
2017-02-13 16:18:35 | TEMPLOG : WellhouseOne | 057.200
2017-02-13 16:19:38 | TEMPLOG : Table    One | 058.100
2017-02-13 16:21:40 | TEMPLOG : To   GeoLoop | 059.900
2017-02-13 16:22:41 | TEMPLOG : WellhouseOne | 056.300
2017-02-13 16:22:42 | TEMPLOG : Bio   Filter | 057.200
2017-02-13 16:22:42 | TEMPLOG : Table    One | 057.200
2017-02-13 16:26:48 | TEMPLOG : Bio   Filter | 056.300
2017-02-13 16:27:51 | TEMPLOG : Table    One | 056.300
2017-02-13 16:28:51 | TEMPLOG : WellhouseOne | 055.400
2017-02-13 16:31:55 | TEMPLOG : Bio   Filter | 055.400
2017-02-13 16:31:56 | TEMPLOG : To   GeoLoop | 059.000
2017-02-13 16:31:56 | TEMPLOG : Table    One | 055.400
2017-02-13 16:34:58 | TEMPLOG : WellhouseOne | 054.500
2017-02-13 16:37:01 | TEMPLOG : Table    One | 054.500
2017-02-13 16:38:02 | TEMPLOG : WellhouseOne | 056.300
2017-02-13 16:38:02 | TEMPLOG : Bio   Filter | 054.500
2017-02-13 16:39:03 | TEMPLOG : WellhouseOne | 114.800
2017-02-13 16:40:04 | TEMPLOG : WellhouseOne | 096.800
2017-02-13 16:41:05 | TEMPLOG : WellhouseOne | 080.600
2017-02-13 16:42:07 | TEMPLOG : WellhouseOne | 074.300
2017-02-13 16:42:08 | TEMPLOG : Table    One | 053.600
2017-02-13 16:43:08 | TEMPLOG : WellhouseOne | 069.800
2017-02-13 16:43:08 | TEMPLOG : Bio   Filter | 053.600
2017-02-13 16:44:09 | TEMPLOG : WellhouseOne | 067.100
2017-02-13 16:45:10 | TEMPLOG : WellhouseOne | 065.300
2017-02-13 16:45:10 | TEMPLOG : To   GeoLoop | 058.100
2017-02-13 16:46:11 | TEMPLOG : WellhouseOne | 063.500
2017-02-13 16:46:12 | TEMPLOG : Table    One | 052.700
2017-02-13 16:47:12 | TEMPLOG : WellhouseOne | 061.700
2017-02-13 16:48:13 | TEMPLOG : WellhouseOne | 060.800
2017-02-13 16:48:13 | TEMPLOG : Bio   Filter | 052.700
2017-02-13 16:49:14 | TEMPLOG : WellhouseOne | 059.900
2017-02-13 16:50:16 | TEMPLOG : WellhouseOne | 059.000
2017-02-13 16:51:18 | TEMPLOG : WellhouseOne | 058.100
2017-02-13 16:52:21 | TEMPLOG : Table    One | 051.800
2017-02-13 16:53:21 | TEMPLOG : Bio   Filter | 051.800
2017-02-13 16:54:22 | TEMPLOG : WellhouseOne | 057.200
2017-02-13 16:56:25 | TEMPLOG : WellhouseOne | 056.300
2017-02-13 16:57:27 | TEMPLOG : Table    One | 050.900
2017-02-13 16:59:29 | TEMPLOG : Bio   Filter | 050.900
2017-02-13 17:00:30 | TEMPLOG : WellhouseOne | 055.400
2017-02-13 17:00:30 | TEMPLOG : Bio   Filter | 050.900
2017-02-13 17:00:30 | TEMPLOG : To   GeoLoop | 058.100
2017-02-13 17:00:30 | TEMPLOG : Table    One | 050.900
2017-02-13 17:01:32 | TEMPLOG : To   GeoLoop | 057.200
2017-02-13 17:03:34 | TEMPLOG : Table    One | 050.000
2017-02-13 17:04:34 | TEMPLOG : WellhouseOne | 054.500
2017-02-13 17:06:37 | TEMPLOG : Bio   Filter | 050.000
2017-02-13 17:08:39 | TEMPLOG : WellhouseOne | 053.600
2017-02-13 17:09:42 | TEMPLOG : Table    One | 049.100
2017-02-13 17:11:43 | TEMPLOG : Bio   Filter | 049.100
2017-02-13 17:13:45 | TEMPLOG : WellhouseOne | 052.700
2017-02-13 17:15:48 | TEMPLOG : WellhouseOne | 090.500
2017-02-13 17:16:50 | TEMPLOG : WellhouseOne | 121.100
2017-02-13 17:16:51 | TEMPLOG : Table    One | 048.200
2017-02-13 17:17:51 | TEMPLOG : WellhouseOne | 092.300
2017-02-13 17:17:52 | TEMPLOG : Bio   Filter | 048.200
2017-02-13 17:18:53 | TEMPLOG : WellhouseOne | 078.800
2017-02-13 17:19:53 | TEMPLOG : WellhouseOne | 072.500
2017-02-13 17:20:54 | TEMPLOG : WellhouseOne | 068.000
2017-02-13 17:21:55 | TEMPLOG : WellhouseOne | 065.300
2017-02-13 17:22:56 | TEMPLOG : WellhouseOne | 063.500
2017-02-13 17:22:57 | TEMPLOG : To   GeoLoop | 056.300
2017-02-13 17:23:57 | TEMPLOG : WellhouseOne | 061.700
2017-02-13 17:23:58 | TEMPLOG : Table    One | 047.300
2017-02-13 17:24:58 | TEMPLOG : WellhouseOne | 059.900
2017-02-13 17:24:58 | TEMPLOG : Bio   Filter | 047.300
2017-02-13 17:26:00 | TEMPLOG : WellhouseOne | 059.000
2017-02-13 17:27:02 | TEMPLOG : WellhouseOne | 058.100
2017-02-13 17:28:03 | TEMPLOG : WellhouseOne | 057.200
2017-02-13 17:30:04 | TEMPLOG : WellhouseOne | 056.300
2017-02-13 17:32:07 | TEMPLOG : WellhouseOne | 055.400
2017-02-13 17:32:07 | TEMPLOG : Table    One | 046.400
2017-02-13 17:34:09 | TEMPLOG : WellhouseOne | 054.500
2017-02-13 17:34:10 | TEMPLOG : Bio   Filter | 046.400
2017-02-13 17:36:12 | TEMPLOG : WellhouseOne | 053.600
2017-02-13 17:39:17 | TEMPLOG : WellhouseOne | 052.700
2017-02-13 17:43:21 | TEMPLOG : WellhouseOne | 051.800
2017-02-13 17:45:24 | TEMPLOG : Bio   Filter | 045.500
2017-02-13 17:46:26 | TEMPLOG : Table    One | 045.500
2017-02-13 17:48:27 | TEMPLOG : To   GeoLoop | 055.400
2017-02-13 17:49:28 | TEMPLOG : WellhouseOne | 050.900
2017-02-13 17:49:29 | TEMPLOG : To   GeoLoop | 056.300
2017-02-13 17:50:30 | TEMPLOG : WellhouseOne | 059.900
2017-02-13 17:50:30 | TEMPLOG : To   GeoLoop | 055.400
2017-02-13 17:51:31 | TEMPLOG : WellhouseOne | 110.300
2017-02-13 17:51:32 | TEMPLOG : To   GeoLoop | 056.300
2017-02-13 17:52:32 | TEMPLOG : WellhouseOne | 125.600
2017-02-13 17:52:32 | TEMPLOG : To   GeoLoop | 055.400
2017-02-13 17:53:33 | TEMPLOG : WellhouseOne | 086.900
2017-02-13 17:54:33 | TEMPLOG : WellhouseOne | 077.000
2017-02-13 17:55:35 | TEMPLOG : WellhouseOne | 070.700
2017-02-13 17:56:37 | TEMPLOG : WellhouseOne | 067.100
2017-02-13 17:57:39 | TEMPLOG : WellhouseOne | 064.400
2017-02-13 17:58:39 | TEMPLOG : WellhouseOne | 062.600
2017-02-13 17:59:41 | TEMPLOG : WellhouseOne | 060.800
2017-02-13 18:00:42 | TEMPLOG : WellhouseOne | 059.900
2017-02-13 18:00:42 | TEMPLOG : Bio   Filter | 044.600
2017-02-13 18:00:43 | TEMPLOG : To   GeoLoop | 055.400
2017-02-13 18:00:44 | TEMPLOG : Table    One | 045.500
2017-02-13 18:01:44 | TEMPLOG : WellhouseOne | 059.000
2017-02-13 18:02:44 | TEMPLOG : WellhouseOne | 058.100
2017-02-13 18:03:47 | TEMPLOG : WellhouseOne | 057.200
2017-02-13 18:03:48 | TEMPLOG : Table    One | 044.600
2017-02-13 18:04:48 | TEMPLOG : WellhouseOne | 056.300
2017-02-13 18:06:51 | TEMPLOG : WellhouseOne | 055.400
2017-02-13 18:08:53 | TEMPLOG : WellhouseOne | 054.500
2017-02-13 18:11:57 | TEMPLOG : WellhouseOne | 053.600
2017-02-13 18:14:00 | TEMPLOG : WellhouseOne | 052.700
2017-02-13 18:15:02 | TEMPLOG : Bio   Filter | 043.700
2017-02-13 18:16:03 | TEMPLOG : Bio   Filter | 044.600
2017-02-13 18:17:03 | TEMPLOG : Bio   Filter | 043.700
2017-02-13 18:19:05 | TEMPLOG : WellhouseOne | 051.800
2017-02-13 18:23:10 | TEMPLOG : WellhouseOne | 050.900
2017-02-13 18:24:11 | TEMPLOG : To   GeoLoop | 054.500
2017-02-13 18:25:12 | TEMPLOG : WellhouseOne | 057.200
2017-02-13 18:25:12 | TEMPLOG : To   GeoLoop | 055.400
2017-02-13 18:26:13 | TEMPLOG : WellhouseOne | 113.000
2017-02-13 18:26:13 | TEMPLOG : To   GeoLoop | 054.500
2017-02-13 18:27:14 | TEMPLOG : WellhouseOne | 126.500
2017-02-13 18:27:15 | TEMPLOG : Table    One | 043.700
2017-02-13 18:28:15 | TEMPLOG : WellhouseOne | 091.400
2017-02-13 18:29:16 | TEMPLOG : WellhouseOne | 077.900
2017-02-13 18:30:17 | TEMPLOG : WellhouseOne | 071.600
2017-02-13 18:31:20 | TEMPLOG : WellhouseOne | 067.100
2017-02-13 18:32:20 | TEMPLOG : WellhouseOne | 064.400
2017-02-13 18:33:21 | TEMPLOG : WellhouseOne | 062.600
2017-02-13 18:34:24 | TEMPLOG : WellhouseOne | 060.800
2017-02-13 18:35:25 | TEMPLOG : WellhouseOne | 059.000
2017-02-13 18:36:26 | TEMPLOG : WellhouseOne | 058.100
2017-02-13 18:37:27 | TEMPLOG : WellhouseOne | 057.200
2017-02-13 18:38:28 | TEMPLOG : WellhouseOne | 056.300
2017-02-13 18:40:31 | TEMPLOG : WellhouseOne | 055.400
2017-02-13 18:40:31 | TEMPLOG : Bio   Filter | 042.800
2017-02-13 18:42:33 | TEMPLOG : WellhouseOne | 054.500
2017-02-13 18:44:36 | TEMPLOG : WellhouseOne | 053.600
2017-02-13 18:46:37 | TEMPLOG : WellhouseOne | 052.700
2017-02-13 18:47:39 | TEMPLOG : Table    One | 042.800
2017-02-13 18:50:43 | TEMPLOG : WellhouseOne | 051.800
2017-02-13 18:55:51 | TEMPLOG : WellhouseOne | 050.900
2017-02-13 18:59:54 | TEMPLOG : WellhouseOne | 107.600
2017-02-13 19:00:55 | TEMPLOG : WellhouseOne | 126.500
2017-02-13 19:00:56 | TEMPLOG : Bio   Filter | 042.800
2017-02-13 19:00:56 | TEMPLOG : To   GeoLoop | 054.500
2017-02-13 19:00:56 | TEMPLOG : Table    One | 042.800
2017-02-13 19:01:57 | TEMPLOG : WellhouseOne | 105.800
2017-02-13 19:02:57 | TEMPLOG : WellhouseOne | 086.000
2017-02-13 19:02:58 | TEMPLOG : To   GeoLoop | 053.600
2017-02-13 19:03:59 | TEMPLOG : WellhouseOne | 077.900
2017-02-13 19:05:00 | TEMPLOG : WellhouseOne | 071.600
2017-02-13 19:06:02 | TEMPLOG : WellhouseOne | 068.000
2017-02-13 19:07:04 | TEMPLOG : WellhouseOne | 064.400
2017-02-13 19:08:05 | TEMPLOG : WellhouseOne | 062.600
2017-02-13 19:09:06 | TEMPLOG : WellhouseOne | 060.800
2017-02-13 19:10:07 | TEMPLOG : WellhouseOne | 059.000
2017-02-13 19:11:08 | TEMPLOG : WellhouseOne | 058.100
2017-02-13 19:12:09 | TEMPLOG : WellhouseOne | 057.200
2017-02-13 19:13:10 | TEMPLOG : WellhouseOne | 056.300
2017-02-13 19:15:13 | TEMPLOG : WellhouseOne | 055.400
2017-02-13 19:15:13 | TEMPLOG : Bio   Filter | 041.900
2017-02-13 19:17:16 | TEMPLOG : WellhouseOne | 054.500
2017-02-13 19:19:18 | TEMPLOG : WellhouseOne | 053.600
2017-02-13 19:22:22 | TEMPLOG : Table    One | 041.900
2017-02-13 19:24:23 | TEMPLOG : WellhouseOne | 052.700
2017-02-13 19:28:28 | TEMPLOG : WellhouseOne | 051.800
2017-02-13 19:31:31 | TEMPLOG : WellhouseOne | 050.900
2017-02-13 19:33:34 | TEMPLOG : WellhouseOne | 068.900
2017-02-13 19:33:34 | TEMPLOG : Bio   Filter | 041.000
2017-02-13 19:34:35 | TEMPLOG : WellhouseOne | 115.700
2017-02-13 19:34:35 | TEMPLOG : Bio   Filter | 041.900
2017-02-13 19:35:36 | TEMPLOG : WellhouseOne | 129.200
2017-02-13 19:35:36 | TEMPLOG : Bio   Filter | 041.000
2017-02-13 19:36:39 | TEMPLOG : WellhouseOne | 098.600
2017-02-13 19:37:40 | TEMPLOG : WellhouseOne | 082.400
2017-02-13 19:38:41 | TEMPLOG : WellhouseOne | 074.300
2017-02-13 19:39:41 | TEMPLOG : WellhouseOne | 069.800
2017-02-13 19:40:43 | TEMPLOG : WellhouseOne | 066.200
2017-02-13 19:41:43 | TEMPLOG : WellhouseOne | 063.500
2017-02-13 19:41:44 | TEMPLOG : To   GeoLoop | 052.700
2017-02-13 19:42:45 | TEMPLOG : WellhouseOne | 061.700
2017-02-13 19:42:45 | TEMPLOG : To   GeoLoop | 053.600
2017-02-13 19:43:46 | TEMPLOG : WellhouseOne | 059.900
2017-02-13 19:43:47 | TEMPLOG : To   GeoLoop | 052.700
2017-02-13 19:44:47 | TEMPLOG : WellhouseOne | 058.100
2017-02-13 19:44:48 | TEMPLOG : To   GeoLoop | 053.600
2017-02-13 19:45:48 | TEMPLOG : WellhouseOne | 057.200
2017-02-13 19:45:48 | TEMPLOG : To   GeoLoop | 052.700
2017-02-13 19:45:49 | TEMPLOG : Table    One | 041.000
2017-02-13 19:46:49 | TEMPLOG : WellhouseOne | 056.300
2017-02-13 19:48:52 | TEMPLOG : WellhouseOne | 055.400
2017-02-13 19:49:54 | TEMPLOG : WellhouseOne | 054.500
2017-02-13 19:51:55 | TEMPLOG : WellhouseOne | 053.600
2017-02-13 19:54:59 | TEMPLOG : WellhouseOne | 052.700
2017-02-13 19:57:00 | TEMPLOG : WellhouseOne | 051.800
2017-02-13 19:59:04 | TEMPLOG : WellhouseOne | 050.900
2017-02-13 20:00:05 | TEMPLOG : WellhouseOne | 050.900
2017-02-13 20:00:05 | TEMPLOG : Bio   Filter | 040.100
2017-02-13 20:00:05 | TEMPLOG : To   GeoLoop | 052.700
2017-02-13 20:00:05 | TEMPLOG : Table    One | 041.000
2017-02-13 20:02:09 | TEMPLOG : WellhouseOne | 050.000
2017-02-13 20:06:13 | TEMPLOG : WellhouseOne | 068.000
2017-02-13 20:07:15 | TEMPLOG : WellhouseOne | 115.700
2017-02-13 20:08:16 | TEMPLOG : WellhouseOne | 128.300
2017-02-13 20:09:18 | TEMPLOG : WellhouseOne | 098.600
2017-02-13 20:10:19 | TEMPLOG : WellhouseOne | 082.400
2017-02-13 20:11:19 | TEMPLOG : WellhouseOne | 074.300
2017-02-13 20:12:20 | TEMPLOG : WellhouseOne | 068.900
2017-02-13 20:13:22 | TEMPLOG : WellhouseOne | 065.300
2017-02-13 20:13:23 | TEMPLOG : Table    One | 040.100
2017-02-13 20:14:23 | TEMPLOG : WellhouseOne | 062.600
2017-02-13 20:15:24 | TEMPLOG : WellhouseOne | 060.800
2017-02-13 20:16:25 | TEMPLOG : WellhouseOne | 059.000
2017-02-13 20:17:27 | TEMPLOG : WellhouseOne | 058.100
2017-02-13 20:18:28 | TEMPLOG : WellhouseOne | 056.300
2017-02-13 20:19:29 | TEMPLOG : WellhouseOne | 055.400
2017-02-13 20:19:30 | TEMPLOG : Table    One | 041.000
2017-02-13 20:20:31 | TEMPLOG : Table    One | 040.100
2017-02-13 20:21:31 | TEMPLOG : WellhouseOne | 054.500
2017-02-13 20:23:33 | TEMPLOG : WellhouseOne | 053.600
2017-02-13 20:24:34 | TEMPLOG : WellhouseOne | 052.700
2017-02-13 20:27:39 | TEMPLOG : WellhouseOne | 051.800
2017-02-13 20:31:43 | TEMPLOG : WellhouseOne | 050.900
2017-02-13 20:33:45 | TEMPLOG : To   GeoLoop | 051.800
2017-02-13 20:34:46 | TEMPLOG : WellhouseOne | 050.000
2017-02-13 20:34:46 | TEMPLOG : To   GeoLoop | 052.700
2017-02-13 20:36:48 | TEMPLOG : WellhouseOne | 049.100
2017-02-13 20:38:50 | TEMPLOG : WellhouseOne | 102.200
2017-02-13 20:39:52 | TEMPLOG : WellhouseOne | 123.800
2017-02-13 20:39:52 | TEMPLOG : To   GeoLoop | 051.800
2017-02-13 20:40:52 | TEMPLOG : WellhouseOne | 120.200
2017-02-13 20:41:53 | TEMPLOG : WellhouseOne | 088.700
2017-02-13 20:42:54 | TEMPLOG : WellhouseOne | 077.900
2017-02-13 20:43:56 | TEMPLOG : WellhouseOne | 070.700
2017-02-13 20:44:56 | TEMPLOG : WellhouseOne | 067.100
2017-02-13 20:45:57 | TEMPLOG : WellhouseOne | 063.500
2017-02-13 20:46:59 | TEMPLOG : WellhouseOne | 060.800
2017-02-13 20:46:59 | TEMPLOG : Bio   Filter | 039.200
2017-02-13 20:48:00 | TEMPLOG : WellhouseOne | 059.000
2017-02-13 20:49:00 | TEMPLOG : WellhouseOne | 057.200
2017-02-13 20:50:02 | TEMPLOG : WellhouseOne | 056.300
2017-02-13 20:51:03 | TEMPLOG : WellhouseOne | 055.400
2017-02-13 20:51:04 | TEMPLOG : Bio   Filter | 040.100
2017-02-13 20:52:04 | TEMPLOG : WellhouseOne | 054.500
2017-02-13 20:54:06 | TEMPLOG : WellhouseOne | 053.600
2017-02-13 20:55:07 | TEMPLOG : WellhouseOne | 052.700
2017-02-13 20:57:12 | TEMPLOG : WellhouseOne | 051.800
2017-02-13 20:57:12 | TEMPLOG : Bio   Filter | 039.200
2017-02-13 20:59:14 | TEMPLOG : WellhouseOne | 050.900
2017-02-13 21:00:16 | TEMPLOG : WellhouseOne | 050.900
2017-02-13 21:00:16 | TEMPLOG : Bio   Filter | 039.200
2017-02-13 21:00:16 | TEMPLOG : To   GeoLoop | 051.800
2017-02-13 21:00:17 | TEMPLOG : Table    One | 039.200
2017-02-13 21:01:17 | TEMPLOG : WellhouseOne | 050.000
2017-02-13 21:04:21 | TEMPLOG : WellhouseOne | 049.100
2017-02-13 21:09:27 | TEMPLOG : WellhouseOne | 072.500
2017-02-13 21:09:28 | TEMPLOG : Table    One | 040.100
2017-02-13 21:10:28 | TEMPLOG : WellhouseOne | 118.400
2017-02-13 21:11:29 | TEMPLOG : WellhouseOne | 131.000
2017-02-13 21:12:30 | TEMPLOG : WellhouseOne | 090.500
2017-02-13 21:13:31 | TEMPLOG : WellhouseOne | 078.800
2017-02-13 21:14:32 | TEMPLOG : WellhouseOne | 072.500
2017-02-13 21:14:33 | TEMPLOG : Table    One | 039.200
2017-02-13 21:15:33 | TEMPLOG : WellhouseOne | 068.000
2017-02-13 21:15:35 | TEMPLOG : Table    One | 040.100
2017-02-13 21:16:35 | TEMPLOG : WellhouseOne | 062.600
2017-02-13 21:16:36 | TEMPLOG : Table    One | 039.200
2017-02-13 21:17:36 | TEMPLOG : WellhouseOne | 059.900
2017-02-13 21:17:38 | TEMPLOG : Table    One | 040.100
2017-02-13 21:18:38 | TEMPLOG : WellhouseOne | 058.100
2017-02-13 21:19:39 | TEMPLOG : WellhouseOne | 056.300
2017-02-13 21:20:40 | TEMPLOG : WellhouseOne | 055.400
2017-02-13 21:20:41 | TEMPLOG : Table    One | 039.200
2017-02-13 21:21:41 | TEMPLOG : WellhouseOne | 054.500
2017-02-13 21:21:42 | TEMPLOG : Table    One | 040.100
2017-02-13 21:22:42 | TEMPLOG : WellhouseOne | 053.600
2017-02-13 21:23:43 | TEMPLOG : WellhouseOne | 052.700
2017-02-13 21:25:46 | TEMPLOG : WellhouseOne | 051.800
2017-02-13 21:26:48 | TEMPLOG : Table    One | 039.200
2017-02-13 21:27:49 | TEMPLOG : Table    One | 040.100
2017-02-13 21:28:49 | TEMPLOG : WellhouseOne | 050.900
2017-02-13 21:30:54 | TEMPLOG : WellhouseOne | 050.000
2017-02-13 21:32:56 | TEMPLOG : WellhouseOne | 049.100
2017-02-13 21:34:58 | TEMPLOG : WellhouseOne | 048.200
2017-02-13 21:37:00 | TEMPLOG : Table    One | 039.200
2017-02-13 21:38:01 | TEMPLOG : WellhouseOne | 047.300
2017-02-13 21:42:06 | TEMPLOG : WellhouseOne | 109.400
2017-02-13 21:43:07 | TEMPLOG : WellhouseOne | 127.400
2017-02-13 21:44:08 | TEMPLOG : WellhouseOne | 103.100
2017-02-13 21:45:09 | TEMPLOG : WellhouseOne | 083.300
2017-02-13 21:46:10 | TEMPLOG : WellhouseOne | 074.300
2017-02-13 21:47:12 | TEMPLOG : WellhouseOne | 067.100
2017-02-13 21:48:14 | TEMPLOG : WellhouseOne | 062.600
2017-02-13 21:49:15 | TEMPLOG : WellhouseOne | 059.900
2017-02-13 21:50:16 | TEMPLOG : WellhouseOne | 058.100
2017-02-13 21:50:17 | TEMPLOG : To   GeoLoop | 050.900
2017-02-13 21:51:18 | TEMPLOG : WellhouseOne | 056.300
2017-02-13 21:52:19 | TEMPLOG : WellhouseOne | 054.500
2017-02-13 21:52:21 | TEMPLOG : To   GeoLoop | 051.800
2017-02-13 21:53:21 | TEMPLOG : WellhouseOne | 053.600
2017-02-13 21:55:24 | TEMPLOG : WellhouseOne | 052.700
2017-02-13 21:56:26 | TEMPLOG : To   GeoLoop | 050.900
2017-02-13 21:57:26 | TEMPLOG : WellhouseOne | 051.800
2017-02-13 22:00:29 | TEMPLOG : WellhouseOne | 050.900
2017-02-13 22:00:29 | TEMPLOG : Bio   Filter | 039.200
2017-02-13 22:00:30 | TEMPLOG : To   GeoLoop | 050.900
2017-02-13 22:00:30 | TEMPLOG : Table    One | 039.200
2017-02-13 22:03:33 | TEMPLOG : WellhouseOne | 050.000
2017-02-13 22:05:36 | TEMPLOG : WellhouseOne | 049.100
2017-02-13 22:11:43 | TEMPLOG : WellhouseOne | 048.200
2017-02-13 22:13:46 | TEMPLOG : WellhouseOne | 106.700
2017-02-13 22:14:47 | TEMPLOG : WellhouseOne | 124.700
2017-02-13 22:15:47 | TEMPLOG : WellhouseOne | 112.100
2017-02-13 22:16:48 | TEMPLOG : WellhouseOne | 086.000
2017-02-13 22:17:50 | TEMPLOG : WellhouseOne | 075.200
2017-02-13 22:18:51 | TEMPLOG : WellhouseOne | 068.900
2017-02-13 22:19:53 | TEMPLOG : WellhouseOne | 063.500
2017-02-13 22:20:54 | TEMPLOG : WellhouseOne | 059.900
2017-02-13 22:21:55 | TEMPLOG : WellhouseOne | 058.100
2017-02-13 22:22:56 | TEMPLOG : WellhouseOne | 057.200
2017-02-13 22:22:56 | TEMPLOG : Bio   Filter | 038.300
2017-02-13 22:23:58 | TEMPLOG : WellhouseOne | 056.300
2017-02-13 22:24:59 | TEMPLOG : WellhouseOne | 055.400
2017-02-13 22:26:00 | TEMPLOG : WellhouseOne | 054.500
2017-02-13 22:27:01 | TEMPLOG : WellhouseOne | 052.700
2017-02-13 22:27:02 | TEMPLOG : Table    One | 038.300
2017-02-13 22:28:03 | TEMPLOG : WellhouseOne | 051.800
2017-02-13 22:30:04 | TEMPLOG : WellhouseOne | 050.900
2017-02-13 22:32:07 | TEMPLOG : WellhouseOne | 050.000
2017-02-13 22:35:10 | TEMPLOG : WellhouseOne | 049.100
2017-02-13 22:37:12 | TEMPLOG : To   GeoLoop | 050.000
2017-02-13 22:38:13 | TEMPLOG : WellhouseOne | 048.200
2017-02-13 22:40:15 | TEMPLOG : WellhouseOne | 047.300
2017-02-13 22:43:19 | TEMPLOG : WellhouseOne | 091.400
2017-02-13 22:43:20 | TEMPLOG : Bio   Filter | 037.400
2017-02-13 22:44:21 | TEMPLOG : WellhouseOne | 119.300
2017-02-13 22:44:22 | TEMPLOG : Table    One | 037.400
2017-02-13 22:45:22 | TEMPLOG : WellhouseOne | 130.100
2017-02-13 22:45:23 | TEMPLOG : Table    One | 038.300
2017-02-13 22:46:23 | TEMPLOG : WellhouseOne | 095.000
2017-02-13 22:47:25 | TEMPLOG : WellhouseOne | 079.700
2017-02-13 22:48:27 | TEMPLOG : WellhouseOne | 071.600
2017-02-13 22:49:28 | TEMPLOG : WellhouseOne | 067.100
2017-02-13 22:50:29 | TEMPLOG : WellhouseOne | 062.600
2017-02-13 22:50:29 | TEMPLOG : Table    One | 037.400
2017-02-13 22:51:30 | TEMPLOG : WellhouseOne | 059.900
2017-02-13 22:51:31 | TEMPLOG : Table    One | 038.300
2017-02-13 22:52:31 | TEMPLOG : WellhouseOne | 058.100
2017-02-13 22:52:32 | TEMPLOG : Table    One | 037.400
2017-02-13 22:53:32 | TEMPLOG : WellhouseOne | 056.300
2017-02-13 22:54:34 | TEMPLOG : WellhouseOne | 054.500
2017-02-13 22:55:34 | TEMPLOG : WellhouseOne | 053.600
2017-02-13 22:56:35 | TEMPLOG : WellhouseOne | 052.700
2017-02-13 22:57:37 | TEMPLOG : WellhouseOne | 051.800
2017-02-13 22:59:40 | TEMPLOG : WellhouseOne | 050.900
2017-02-13 23:00:42 | TEMPLOG : WellhouseOne | 050.900
2017-02-13 23:00:42 | TEMPLOG : Bio   Filter | 037.400
2017-02-13 23:00:42 | TEMPLOG : To   GeoLoop | 050.000
2017-02-13 23:00:42 | TEMPLOG : Table    One | 037.400
2017-02-13 23:01:43 | TEMPLOG : WellhouseOne | 050.000
2017-02-13 23:03:46 | TEMPLOG : WellhouseOne | 049.100
2017-02-13 23:06:49 | TEMPLOG : WellhouseOne | 048.200
2017-02-13 23:09:53 | TEMPLOG : WellhouseOne | 047.300
2017-02-13 23:12:57 | TEMPLOG : Bio   Filter | 036.500
2017-02-13 23:13:58 | TEMPLOG : WellhouseOne | 102.200
2017-02-13 23:13:59 | TEMPLOG : Bio   Filter | 037.400
2017-02-13 23:14:59 | TEMPLOG : WellhouseOne | 122.000
2017-02-13 23:16:03 | TEMPLOG : WellhouseOne | 125.600
2017-02-13 23:17:04 | TEMPLOG : WellhouseOne | 088.700
2017-02-13 23:17:04 | TEMPLOG : Bio   Filter | 036.500
2017-02-13 23:18:05 | TEMPLOG : WellhouseOne | 078.800
2017-02-13 23:18:05 | TEMPLOG : Bio   Filter | 037.400
2017-02-13 23:19:07 | TEMPLOG : WellhouseOne | 072.500
2017-02-13 23:20:08 | TEMPLOG : WellhouseOne | 067.100
2017-02-13 23:21:08 | TEMPLOG : WellhouseOne | 063.500
2017-02-13 23:22:10 | TEMPLOG : WellhouseOne | 059.900
2017-02-13 23:23:12 | TEMPLOG : WellhouseOne | 058.100
2017-02-13 23:23:13 | TEMPLOG : To   GeoLoop | 049.100
2017-02-13 23:24:14 | TEMPLOG : WellhouseOne | 055.400
2017-02-13 23:24:15 | TEMPLOG : To   GeoLoop | 050.000
2017-02-13 23:25:16 | TEMPLOG : WellhouseOne | 054.500
2017-02-13 23:25:16 | TEMPLOG : To   GeoLoop | 049.100
2017-02-13 23:26:17 | TEMPLOG : WellhouseOne | 053.600
2017-02-13 23:27:18 | TEMPLOG : WellhouseOne | 052.700
2017-02-13 23:28:19 | TEMPLOG : WellhouseOne | 051.800
2017-02-13 23:29:21 | TEMPLOG : Bio   Filter | 036.500
2017-02-13 23:30:23 | TEMPLOG : WellhouseOne | 050.900
2017-02-13 23:32:25 | TEMPLOG : WellhouseOne | 050.000
2017-02-13 23:34:27 | TEMPLOG : WellhouseOne | 049.100
2017-02-13 23:37:32 | TEMPLOG : WellhouseOne | 048.200
2017-02-13 23:40:35 | TEMPLOG : WellhouseOne | 047.300
2017-02-13 23:43:39 | TEMPLOG : WellhouseOne | 053.600
2017-02-13 23:44:41 | TEMPLOG : WellhouseOne | 112.100
2017-02-13 23:45:42 | TEMPLOG : WellhouseOne | 126.500
2017-02-13 23:45:42 | TEMPLOG : Table    One | 036.500
2017-02-13 23:46:42 | TEMPLOG : WellhouseOne | 102.200
2017-02-13 23:47:44 | TEMPLOG : WellhouseOne | 083.300
2017-02-13 23:48:45 | TEMPLOG : WellhouseOne | 074.300
2017-02-13 23:49:46 | TEMPLOG : WellhouseOne | 068.900
2017-02-13 23:50:47 | TEMPLOG : WellhouseOne | 064.400
2017-02-13 23:51:49 | TEMPLOG : WellhouseOne | 061.700
2017-02-13 23:52:50 | TEMPLOG : WellhouseOne | 058.100
2017-02-13 23:53:51 | TEMPLOG : WellhouseOne | 055.400
2017-02-13 23:54:52 | TEMPLOG : WellhouseOne | 053.600
2017-02-13 23:56:54 | TEMPLOG : WellhouseOne | 052.700
2017-02-13 23:57:56 | TEMPLOG : WellhouseOne | 051.800
2017-02-13 23:58:58 | TEMPLOG : WellhouseOne | 050.900
2017-02-13 23:59:59 | TEMPLOG : Table    One | 037.400
