2017-01-01 07:16:59 | -=< Temperature Logger Restart >=-
2017-01-01 07:17:00 | TEMPLOG : WellhouseOne | 128.300
2017-01-01 07:17:00 | TEMPLOG : Bio   Filter | 025.700
2017-01-01 07:17:00 | TEMPLOG : To   GeoLoop | 038.300
2017-01-01 07:17:00 | TEMPLOG : Table    One | 025.700
2017-01-01 07:18:01 | TEMPLOG : WellhouseOne | 131.000
2017-01-01 07:19:02 | TEMPLOG : WellhouseOne | 133.700
2017-01-01 07:20:05 | TEMPLOG : WellhouseOne | 135.500
2017-01-01 07:22:09 | TEMPLOG : WellhouseOne | 138.200
2017-01-01 07:24:12 | TEMPLOG : WellhouseOne | 122.000
2017-01-01 07:25:13 | TEMPLOG : WellhouseOne | 094.100
2017-01-01 07:26:15 | TEMPLOG : WellhouseOne | 081.500
2017-01-01 07:27:16 | TEMPLOG : WellhouseOne | 071.600
2017-01-01 07:28:17 | TEMPLOG : WellhouseOne | 066.200
2017-01-01 07:29:18 | TEMPLOG : WellhouseOne | 061.700
2017-01-01 07:30:21 | TEMPLOG : WellhouseOne | 058.100
2017-01-01 07:31:22 | TEMPLOG : WellhouseOne | 056.300
2017-01-01 07:32:24 | TEMPLOG : WellhouseOne | 053.600
2017-01-01 07:33:25 | TEMPLOG : WellhouseOne | 051.800
2017-01-01 07:34:26 | TEMPLOG : WellhouseOne | 050.900
2017-01-01 07:38:08 | -=< Temperature Logger Restart >=-
2017-01-01 07:38:09 | TEMPLOG : WellhouseOne | 046.400
2017-01-01 07:38:09 | TEMPLOG : Bio   Filter | 025.700
2017-01-01 07:38:09 | TEMPLOG : To   GeoLoop | 038.300
2017-01-01 07:38:10 | TEMPLOG : Table    One | 025.700
2017-01-01 07:39:10 | TEMPLOG : Bio   Filter | 026.600
2017-01-01 07:39:10 | TEMPLOG : Table    One | 026.600
2017-01-01 07:40:10 | TEMPLOG : WellhouseOne | 045.500
2017-01-01 07:41:11 | TEMPLOG : WellhouseOne | 044.600
2017-01-01 07:42:12 | TEMPLOG : WellhouseOne | 043.700
2017-01-01 07:42:13 | TEMPLOG : Table    One | 027.500
2017-01-01 07:43:14 | TEMPLOG : Bio   Filter | 027.500
2017-01-01 07:44:15 | TEMPLOG : WellhouseOne | 042.800
2017-01-01 07:44:16 | TEMPLOG : Table    One | 028.400
2017-01-01 07:45:16 | TEMPLOG : WellhouseOne | 064.400
2017-01-01 07:45:17 | TEMPLOG : To   GeoLoop | 039.200
2017-01-01 07:46:17 | TEMPLOG : WellhouseOne | 106.700
2017-01-01 07:46:17 | TEMPLOG : Bio   Filter | 028.400
2017-01-01 07:47:18 | TEMPLOG : WellhouseOne | 118.400
2017-01-01 07:48:19 | TEMPLOG : WellhouseOne | 125.600
2017-01-01 07:48:21 | TEMPLOG : Table    One | 029.300
2017-01-01 07:49:21 | TEMPLOG : WellhouseOne | 130.100
2017-01-01 07:49:21 | TEMPLOG : Bio   Filter | 029.300
2017-01-01 07:50:23 | TEMPLOG : WellhouseOne | 131.900
2017-01-01 07:51:24 | TEMPLOG : WellhouseOne | 134.600
2017-01-01 07:51:24 | TEMPLOG : Bio   Filter | 030.200
2017-01-01 07:51:25 | TEMPLOG : Table    One | 030.200
2017-01-01 07:52:26 | TEMPLOG : WellhouseOne | 136.400
2017-01-01 07:53:27 | TEMPLOG : WellhouseOne | 137.300
2017-01-01 07:53:28 | TEMPLOG : Table    One | 031.100
2017-01-01 07:54:28 | TEMPLOG : WellhouseOne | 110.300
2017-01-01 07:55:29 | TEMPLOG : WellhouseOne | 088.700
2017-01-01 07:55:29 | TEMPLOG : Bio   Filter | 031.100
2017-01-01 07:56:30 | TEMPLOG : WellhouseOne | 077.000
2017-01-01 07:57:31 | TEMPLOG : WellhouseOne | 068.900
2017-01-01 07:58:33 | TEMPLOG : WellhouseOne | 063.500
2017-01-01 07:58:33 | TEMPLOG : Bio   Filter | 032.900
2017-01-01 07:58:33 | TEMPLOG : Table    One | 032.900
2017-01-01 07:59:34 | TEMPLOG : WellhouseOne | 059.000
2017-01-01 07:59:34 | TEMPLOG : Bio   Filter | 033.800
2017-01-01 08:00:35 | TEMPLOG : WellhouseOne | 055.400
2017-01-01 08:00:35 | TEMPLOG : Bio   Filter | 034.700
2017-01-01 08:00:35 | TEMPLOG : To   GeoLoop | 039.200
2017-01-01 08:00:36 | TEMPLOG : Table    One | 033.800
2017-01-01 08:01:36 | TEMPLOG : WellhouseOne | 053.600
2017-01-01 08:01:36 | TEMPLOG : To   GeoLoop | 040.100
2017-01-01 08:02:37 | TEMPLOG : WellhouseOne | 051.800
2017-01-01 08:02:37 | TEMPLOG : Bio   Filter | 035.600
2017-01-01 08:03:38 | TEMPLOG : WellhouseOne | 050.000
2017-01-01 08:03:39 | TEMPLOG : Bio   Filter | 036.500
2017-01-01 08:03:39 | TEMPLOG : Table    One | 034.700
2017-01-01 08:04:39 | TEMPLOG : WellhouseOne | 049.100
2017-01-01 08:05:40 | TEMPLOG : WellhouseOne | 047.300
2017-01-01 08:05:40 | TEMPLOG : Bio   Filter | 037.400
2017-01-01 08:06:41 | TEMPLOG : WellhouseOne | 046.400
2017-01-01 08:07:42 | TEMPLOG : WellhouseOne | 045.500
2017-01-01 08:08:43 | TEMPLOG : WellhouseOne | 044.600
2017-01-01 08:08:44 | TEMPLOG : Table    One | 035.600
2017-01-01 08:09:45 | TEMPLOG : Bio   Filter | 038.300
2017-01-01 08:10:46 | TEMPLOG : WellhouseOne | 043.700
2017-01-01 08:11:47 | TEMPLOG : WellhouseOne | 042.800
2017-01-01 08:13:50 | TEMPLOG : WellhouseOne | 041.900
2017-01-01 08:14:50 | TEMPLOG : WellhouseOne | 059.900
2017-01-01 08:14:51 | TEMPLOG : Bio   Filter | 039.200
2017-01-01 08:15:52 | TEMPLOG : WellhouseOne | 105.800
2017-01-01 08:16:54 | TEMPLOG : WellhouseOne | 119.300
2017-01-01 08:17:55 | TEMPLOG : WellhouseOne | 126.500
2017-01-01 08:17:56 | TEMPLOG : Bio   Filter | 040.100
2017-01-01 08:18:57 | TEMPLOG : WellhouseOne | 130.100
2017-01-01 08:19:59 | TEMPLOG : WellhouseOne | 132.800
2017-01-01 08:21:00 | TEMPLOG : WellhouseOne | 136.400
2017-01-01 08:21:00 | TEMPLOG : Bio   Filter | 041.000
2017-01-01 08:21:00 | TEMPLOG : To   GeoLoop | 041.000
2017-01-01 08:22:01 | TEMPLOG : WellhouseOne | 137.300
2017-01-01 08:22:01 | TEMPLOG : To   GeoLoop | 040.100
2017-01-01 08:23:01 | TEMPLOG : WellhouseOne | 098.600
2017-01-01 08:23:02 | TEMPLOG : To   GeoLoop | 041.000
2017-01-01 08:24:02 | TEMPLOG : WellhouseOne | 080.600
2017-01-01 08:24:02 | TEMPLOG : Bio   Filter | 041.900
2017-01-01 08:24:04 | TEMPLOG : Table    One | 036.500
2017-01-01 08:25:05 | TEMPLOG : WellhouseOne | 071.600
2017-01-01 08:25:05 | TEMPLOG : Table    One | 035.600
2017-01-01 08:26:06 | TEMPLOG : WellhouseOne | 064.400
2017-01-01 08:26:06 | TEMPLOG : Bio   Filter | 042.800
2017-01-01 08:26:06 | TEMPLOG : Table    One | 036.500
2017-01-01 08:27:07 | TEMPLOG : WellhouseOne | 060.800
2017-01-01 08:28:08 | TEMPLOG : WellhouseOne | 057.200
2017-01-01 08:29:10 | TEMPLOG : WellhouseOne | 054.500
2017-01-01 08:29:10 | TEMPLOG : Bio   Filter | 043.700
2017-01-01 08:30:11 | TEMPLOG : WellhouseOne | 051.800
2017-01-01 08:31:13 | TEMPLOG : WellhouseOne | 050.900
2017-01-01 08:32:14 | TEMPLOG : WellhouseOne | 049.100
2017-01-01 08:32:14 | TEMPLOG : Bio   Filter | 044.600
2017-01-01 08:33:16 | TEMPLOG : WellhouseOne | 048.200
2017-01-01 08:34:17 | TEMPLOG : WellhouseOne | 047.300
2017-01-01 08:35:18 | TEMPLOG : WellhouseOne | 046.400
2017-01-01 08:35:19 | TEMPLOG : Bio   Filter | 045.500
2017-01-01 08:36:19 | TEMPLOG : WellhouseOne | 045.500
2017-01-01 08:37:20 | TEMPLOG : WellhouseOne | 044.600
2017-01-01 08:39:23 | TEMPLOG : WellhouseOne | 043.700
2017-01-01 08:39:24 | TEMPLOG : To   GeoLoop | 041.900
2017-01-01 08:41:25 | TEMPLOG : WellhouseOne | 042.800
2017-01-01 08:42:27 | TEMPLOG : Bio   Filter | 046.400
2017-01-01 08:43:28 | TEMPLOG : WellhouseOne | 066.200
2017-01-01 08:44:29 | TEMPLOG : WellhouseOne | 109.400
2017-01-01 08:45:30 | TEMPLOG : WellhouseOne | 122.000
2017-01-01 08:46:33 | TEMPLOG : WellhouseOne | 129.200
2017-01-01 08:47:34 | TEMPLOG : WellhouseOne | 133.700
2017-01-01 08:48:34 | TEMPLOG : WellhouseOne | 136.400
2017-01-01 08:48:35 | TEMPLOG : Bio   Filter | 047.300
2017-01-01 08:48:36 | TEMPLOG : Table    One | 037.400
2017-01-01 08:49:36 | TEMPLOG : WellhouseOne | 120.200
2017-01-01 08:50:37 | TEMPLOG : WellhouseOne | 092.300
2017-01-01 08:51:38 | TEMPLOG : WellhouseOne | 078.800
2017-01-01 08:52:39 | TEMPLOG : WellhouseOne | 070.700
2017-01-01 08:52:39 | TEMPLOG : Bio   Filter | 048.200
2017-01-01 08:53:41 | TEMPLOG : WellhouseOne | 064.400
2017-01-01 08:54:41 | TEMPLOG : WellhouseOne | 059.900
2017-01-01 08:55:43 | TEMPLOG : WellhouseOne | 056.300
2017-01-01 08:55:43 | TEMPLOG : Bio   Filter | 049.100
2017-01-01 08:55:43 | TEMPLOG : To   GeoLoop | 042.800
2017-01-01 08:55:44 | TEMPLOG : Table    One | 038.300
2017-01-01 08:56:44 | TEMPLOG : WellhouseOne | 054.500
2017-01-01 08:56:44 | TEMPLOG : To   GeoLoop | 041.900
2017-01-01 08:57:45 | TEMPLOG : WellhouseOne | 052.700
2017-01-01 08:57:45 | TEMPLOG : To   GeoLoop | 042.800
2017-01-01 08:58:46 | TEMPLOG : WellhouseOne | 051.800
2017-01-01 08:58:46 | TEMPLOG : Bio   Filter | 050.000
2017-01-01 08:59:47 | TEMPLOG : WellhouseOne | 050.000
2017-01-01 09:00:48 | TEMPLOG : WellhouseOne | 049.100
2017-01-01 09:00:48 | TEMPLOG : Bio   Filter | 050.000
2017-01-01 09:00:48 | TEMPLOG : To   GeoLoop | 042.800
2017-01-01 09:00:49 | TEMPLOG : Table    One | 038.300
2017-01-01 09:01:49 | TEMPLOG : WellhouseOne | 048.200
2017-01-01 09:01:49 | TEMPLOG : Bio   Filter | 050.900
2017-01-01 09:01:50 | TEMPLOG : Table    One | 039.200
2017-01-01 09:02:51 | TEMPLOG : WellhouseOne | 047.300
2017-01-01 09:03:51 | TEMPLOG : WellhouseOne | 046.400
2017-01-01 09:04:52 | TEMPLOG : WellhouseOne | 045.500
2017-01-01 09:04:53 | TEMPLOG : Bio   Filter | 051.800
2017-01-01 09:06:56 | TEMPLOG : Table    One | 040.100
2017-01-01 09:07:56 | TEMPLOG : WellhouseOne | 044.600
2017-01-01 09:07:57 | TEMPLOG : Bio   Filter | 052.700
2017-01-01 09:08:57 | TEMPLOG : Bio   Filter | 053.600
2017-01-01 09:09:58 | TEMPLOG : WellhouseOne | 043.700
2017-01-01 09:09:59 | TEMPLOG : Bio   Filter | 055.400
2017-01-01 09:09:59 | TEMPLOG : To   GeoLoop | 041.900
2017-01-01 09:11:00 | TEMPLOG : WellhouseOne | 042.800
2017-01-01 09:11:01 | TEMPLOG : Table    One | 041.000
2017-01-01 09:12:01 | TEMPLOG : WellhouseOne | 083.300
2017-01-01 09:12:01 | TEMPLOG : Bio   Filter | 057.200
2017-01-01 09:13:02 | TEMPLOG : WellhouseOne | 113.000
2017-01-01 09:13:02 | TEMPLOG : Bio   Filter | 058.100
2017-01-01 09:13:02 | TEMPLOG : To   GeoLoop | 042.800
2017-01-01 09:14:03 | TEMPLOG : WellhouseOne | 124.700
2017-01-01 09:14:04 | TEMPLOG : Bio   Filter | 059.000
2017-01-01 09:14:04 | TEMPLOG : To   GeoLoop | 041.900
2017-01-01 09:15:05 | TEMPLOG : WellhouseOne | 131.000
2017-01-01 09:15:05 | TEMPLOG : Bio   Filter | 059.900
2017-01-01 09:15:05 | TEMPLOG : To   GeoLoop | 042.800
2017-01-01 09:16:06 | TEMPLOG : WellhouseOne | 136.400
2017-01-01 09:16:06 | TEMPLOG : Bio   Filter | 060.800
2017-01-01 09:17:07 | TEMPLOG : WellhouseOne | 104.900
2017-01-01 09:17:07 | TEMPLOG : Bio   Filter | 061.700
2017-01-01 09:18:07 | TEMPLOG : WellhouseOne | 084.200
2017-01-01 09:18:08 | TEMPLOG : Table    One | 041.900
2017-01-01 09:19:09 | TEMPLOG : WellhouseOne | 073.400
2017-01-01 09:20:10 | TEMPLOG : WellhouseOne | 066.200
2017-01-01 09:21:11 | TEMPLOG : WellhouseOne | 060.800
2017-01-01 09:21:12 | TEMPLOG : Bio   Filter | 062.600
2017-01-01 09:22:13 | TEMPLOG : WellhouseOne | 057.200
2017-01-01 09:22:13 | TEMPLOG : Table    One | 042.800
2017-01-01 09:23:14 | TEMPLOG : WellhouseOne | 055.400
2017-01-01 09:24:15 | TEMPLOG : WellhouseOne | 053.600
2017-01-01 09:25:16 | TEMPLOG : WellhouseOne | 051.800
2017-01-01 09:25:16 | TEMPLOG : Bio   Filter | 063.500
2017-01-01 09:26:19 | TEMPLOG : WellhouseOne | 050.000
2017-01-01 09:27:20 | TEMPLOG : WellhouseOne | 049.100
2017-01-01 09:28:20 | TEMPLOG : WellhouseOne | 048.200
2017-01-01 09:28:21 | TEMPLOG : Bio   Filter | 064.400
2017-01-01 09:28:22 | TEMPLOG : Table    One | 043.700
2017-01-01 09:30:24 | TEMPLOG : WellhouseOne | 047.300
2017-01-01 09:31:24 | TEMPLOG : WellhouseOne | 046.400
2017-01-01 09:31:25 | TEMPLOG : Bio   Filter | 065.300
2017-01-01 09:31:25 | TEMPLOG : To   GeoLoop | 043.700
2017-01-01 09:33:26 | TEMPLOG : WellhouseOne | 045.500
2017-01-01 09:33:27 | TEMPLOG : Bio   Filter | 066.200
2017-01-01 09:35:29 | TEMPLOG : WellhouseOne | 044.600
2017-01-01 09:35:29 | TEMPLOG : Table    One | 044.600
2017-01-01 09:36:30 | TEMPLOG : Bio   Filter | 067.100
2017-01-01 09:38:33 | TEMPLOG : WellhouseOne | 043.700
2017-01-01 09:39:34 | TEMPLOG : WellhouseOne | 068.900
2017-01-01 09:39:35 | TEMPLOG : Bio   Filter | 068.000
2017-01-01 09:40:36 | TEMPLOG : WellhouseOne | 113.000
2017-01-01 09:40:37 | TEMPLOG : Table    One | 045.500
2017-01-01 09:41:37 | TEMPLOG : WellhouseOne | 126.500
2017-01-01 09:42:38 | TEMPLOG : WellhouseOne | 132.800
2017-01-01 09:42:39 | TEMPLOG : Bio   Filter | 068.900
2017-01-01 09:43:39 | TEMPLOG : WellhouseOne | 126.500
2017-01-01 09:43:39 | TEMPLOG : Bio   Filter | 069.800
2017-01-01 09:44:41 | TEMPLOG : WellhouseOne | 092.300
2017-01-01 09:44:42 | TEMPLOG : Table    One | 046.400
2017-01-01 09:45:43 | TEMPLOG : WellhouseOne | 077.000
2017-01-01 09:45:43 | TEMPLOG : To   GeoLoop | 044.600
2017-01-01 09:46:44 | TEMPLOG : WellhouseOne | 069.800
2017-01-01 09:46:44 | TEMPLOG : Bio   Filter | 070.700
2017-01-01 09:47:44 | TEMPLOG : WellhouseOne | 063.500
2017-01-01 09:47:45 | TEMPLOG : Table    One | 047.300
2017-01-01 09:48:45 | TEMPLOG : WellhouseOne | 059.000
2017-01-01 09:48:45 | TEMPLOG : Bio   Filter | 071.600
2017-01-01 09:49:46 | TEMPLOG : WellhouseOne | 057.200
2017-01-01 09:50:47 | TEMPLOG : WellhouseOne | 054.500
2017-01-01 09:51:49 | TEMPLOG : WellhouseOne | 051.800
2017-01-01 09:52:50 | TEMPLOG : WellhouseOne | 050.900
2017-01-01 09:52:51 | TEMPLOG : Bio   Filter | 072.500
2017-01-01 09:52:51 | TEMPLOG : Table    One | 048.200
2017-01-01 09:53:52 | TEMPLOG : WellhouseOne | 049.100
2017-01-01 09:55:54 | TEMPLOG : WellhouseOne | 048.200
2017-01-01 09:55:54 | TEMPLOG : Bio   Filter | 071.600
2017-01-01 09:55:54 | TEMPLOG : Table    One | 049.100
2017-01-01 09:56:55 | TEMPLOG : WellhouseOne | 047.300
2017-01-01 09:57:56 | TEMPLOG : Bio   Filter | 070.700
2017-01-01 09:57:56 | TEMPLOG : To   GeoLoop | 045.500
2017-01-01 09:58:56 | TEMPLOG : WellhouseOne | 046.400
2017-01-01 09:58:56 | TEMPLOG : Bio   Filter | 069.800
2017-01-01 09:59:57 | TEMPLOG : Bio   Filter | 068.900
2017-01-01 09:59:58 | TEMPLOG : Table    One | 050.000
2017-01-01 10:00:58 | TEMPLOG : WellhouseOne | 045.500
2017-01-01 10:00:58 | TEMPLOG : Bio   Filter | 067.100
2017-01-01 10:00:58 | TEMPLOG : To   GeoLoop | 045.500
2017-01-01 10:00:58 | TEMPLOG : Table    One | 050.000
2017-01-01 10:01:59 | TEMPLOG : Bio   Filter | 066.200
2017-01-01 10:01:59 | TEMPLOG : Table    One | 050.900
2017-01-01 10:03:00 | TEMPLOG : WellhouseOne | 044.600
2017-01-01 10:03:00 | TEMPLOG : Bio   Filter | 064.400
2017-01-01 10:04:01 | TEMPLOG : Bio   Filter | 063.500
2017-01-01 10:05:02 | TEMPLOG : Bio   Filter | 062.600
2017-01-01 10:05:02 | TEMPLOG : Table    One | 051.800
2017-01-01 10:06:03 | TEMPLOG : Bio   Filter | 061.700
2017-01-01 10:07:04 | TEMPLOG : WellhouseOne | 080.600
2017-01-01 10:07:04 | TEMPLOG : Bio   Filter | 059.900
2017-01-01 10:07:05 | TEMPLOG : Table    One | 052.700
2017-01-01 10:08:06 | TEMPLOG : WellhouseOne | 116.600
2017-01-01 10:09:08 | TEMPLOG : WellhouseOne | 129.200
2017-01-01 10:09:08 | TEMPLOG : Bio   Filter | 059.000
2017-01-01 10:09:08 | TEMPLOG : To   GeoLoop | 046.400
2017-01-01 10:09:08 | TEMPLOG : Table    One | 053.600
2017-01-01 10:10:09 | TEMPLOG : WellhouseOne | 135.500
2017-01-01 10:10:09 | TEMPLOG : Bio   Filter | 058.100
2017-01-01 10:10:09 | TEMPLOG : Table    One | 054.500
2017-01-01 10:11:10 | TEMPLOG : WellhouseOne | 101.300
2017-01-01 10:11:10 | TEMPLOG : Table    One | 055.400
2017-01-01 10:12:11 | TEMPLOG : WellhouseOne | 083.300
2017-01-01 10:12:11 | TEMPLOG : Bio   Filter | 057.200
2017-01-01 10:12:11 | TEMPLOG : Table    One | 057.200
2017-01-01 10:13:12 | TEMPLOG : WellhouseOne | 073.400
2017-01-01 10:13:13 | TEMPLOG : Table    One | 059.900
2017-01-01 10:14:14 | TEMPLOG : WellhouseOne | 065.300
2017-01-01 10:14:14 | TEMPLOG : Table    One | 061.700
2017-01-01 10:15:15 | TEMPLOG : WellhouseOne | 060.800
2017-01-01 10:15:16 | TEMPLOG : Table    One | 062.600
2017-01-01 10:16:16 | TEMPLOG : WellhouseOne | 057.200
2017-01-01 10:16:16 | TEMPLOG : Bio   Filter | 056.300
2017-01-01 10:16:17 | TEMPLOG : Table    One | 063.500
2017-01-01 10:17:17 | TEMPLOG : WellhouseOne | 055.400
2017-01-01 10:18:19 | TEMPLOG : WellhouseOne | 052.700
2017-01-01 10:18:19 | TEMPLOG : Table    One | 064.400
2017-01-01 10:19:19 | TEMPLOG : WellhouseOne | 051.800
2017-01-01 10:20:20 | TEMPLOG : WellhouseOne | 050.900
2017-01-01 10:20:20 | TEMPLOG : To   GeoLoop | 047.300
2017-01-01 10:21:21 | TEMPLOG : WellhouseOne | 049.100
2017-01-01 10:21:21 | TEMPLOG : Bio   Filter | 055.400
2017-01-01 10:22:23 | TEMPLOG : Table    One | 065.300
2017-01-01 10:23:23 | TEMPLOG : WellhouseOne | 048.200
2017-01-01 10:25:25 | TEMPLOG : WellhouseOne | 047.300
2017-01-01 10:27:28 | TEMPLOG : WellhouseOne | 046.400
2017-01-01 10:30:30 | TEMPLOG : WellhouseOne | 045.500
2017-01-01 10:30:32 | TEMPLOG : Table    One | 066.200
2017-01-01 10:32:34 | TEMPLOG : WellhouseOne | 044.600
2017-01-01 10:32:35 | TEMPLOG : To   GeoLoop | 048.200
2017-01-01 10:32:35 | TEMPLOG : Table    One | 067.100
2017-01-01 10:33:36 | TEMPLOG : Table    One | 068.000
2017-01-01 10:34:36 | TEMPLOG : WellhouseOne | 062.600
2017-01-01 10:34:37 | TEMPLOG : Table    One | 068.900
2017-01-01 10:35:37 | TEMPLOG : WellhouseOne | 113.900
2017-01-01 10:35:38 | TEMPLOG : Table    One | 069.800
2017-01-01 10:36:38 | TEMPLOG : WellhouseOne | 127.400
2017-01-01 10:37:39 | TEMPLOG : WellhouseOne | 135.500
2017-01-01 10:38:40 | TEMPLOG : WellhouseOne | 096.800
2017-01-01 10:38:41 | TEMPLOG : Table    One | 070.700
2017-01-01 10:39:41 | TEMPLOG : WellhouseOne | 081.500
2017-01-01 10:39:41 | TEMPLOG : Bio   Filter | 056.300
2017-01-01 10:40:42 | TEMPLOG : WellhouseOne | 071.600
2017-01-01 10:40:44 | TEMPLOG : Table    One | 071.600
2017-01-01 10:41:44 | TEMPLOG : WellhouseOne | 064.400
2017-01-01 10:42:46 | TEMPLOG : WellhouseOne | 060.800
2017-01-01 10:43:47 | TEMPLOG : WellhouseOne | 058.100
2017-01-01 10:43:48 | TEMPLOG : Table    One | 072.500
2017-01-01 10:44:48 | TEMPLOG : WellhouseOne | 055.400
2017-01-01 10:45:49 | TEMPLOG : WellhouseOne | 053.600
2017-01-01 10:46:49 | TEMPLOG : WellhouseOne | 052.700
2017-01-01 10:47:52 | TEMPLOG : WellhouseOne | 050.900
2017-01-01 10:47:53 | TEMPLOG : Table    One | 073.400
2017-01-01 10:48:53 | TEMPLOG : WellhouseOne | 050.000
2017-01-01 10:49:54 | TEMPLOG : Bio   Filter | 057.200
2017-01-01 10:50:56 | TEMPLOG : WellhouseOne | 049.100
2017-01-01 10:50:57 | TEMPLOG : Table    One | 074.300
2017-01-01 10:52:59 | TEMPLOG : WellhouseOne | 048.200
2017-01-01 10:53:00 | TEMPLOG : Table    One | 075.200
2017-01-01 10:54:00 | TEMPLOG : WellhouseOne | 047.300
2017-01-01 10:55:02 | TEMPLOG : Table    One | 076.100
2017-01-01 10:56:03 | TEMPLOG : Bio   Filter | 058.100
2017-01-01 10:57:04 | TEMPLOG : WellhouseOne | 046.400
2017-01-01 10:57:05 | TEMPLOG : Table    One | 077.000
2017-01-01 10:58:06 | TEMPLOG : Table    One | 077.900
2017-01-01 11:00:07 | TEMPLOG : WellhouseOne | 045.500
2017-01-01 11:00:08 | TEMPLOG : Bio   Filter | 059.000
2017-01-01 11:00:09 | TEMPLOG : To   GeoLoop | 048.200
2017-01-01 11:00:09 | TEMPLOG : Table    One | 078.800
2017-01-01 11:02:10 | TEMPLOG : WellhouseOne | 048.200
2017-01-01 11:02:11 | TEMPLOG : Bio   Filter | 059.900
2017-01-01 11:03:12 | TEMPLOG : WellhouseOne | 111.200
2017-01-01 11:04:13 | TEMPLOG : WellhouseOne | 127.400
2017-01-01 11:05:14 | TEMPLOG : WellhouseOne | 136.400
2017-01-01 11:05:15 | TEMPLOG : Bio   Filter | 060.800
2017-01-01 11:06:16 | TEMPLOG : WellhouseOne | 101.300
2017-01-01 11:06:16 | TEMPLOG : Bio   Filter | 061.700
2017-01-01 11:07:17 | TEMPLOG : WellhouseOne | 083.300
2017-01-01 11:08:18 | TEMPLOG : WellhouseOne | 073.400
2017-01-01 11:08:18 | TEMPLOG : Bio   Filter | 062.600
2017-01-01 11:08:20 | TEMPLOG : Table    One | 079.700
2017-01-01 11:09:20 | TEMPLOG : WellhouseOne | 066.200
2017-01-01 11:09:20 | TEMPLOG : Bio   Filter | 064.400
2017-01-01 11:10:21 | TEMPLOG : WellhouseOne | 061.700
2017-01-01 11:10:21 | TEMPLOG : Bio   Filter | 065.300
2017-01-01 11:11:22 | TEMPLOG : WellhouseOne | 059.000
2017-01-01 11:11:22 | TEMPLOG : Bio   Filter | 068.000
2017-01-01 11:12:24 | TEMPLOG : WellhouseOne | 056.300
2017-01-01 11:12:24 | TEMPLOG : Bio   Filter | 070.700
2017-01-01 11:13:25 | TEMPLOG : WellhouseOne | 055.400
2017-01-01 11:13:25 | TEMPLOG : Bio   Filter | 073.400
2017-01-01 11:14:26 | TEMPLOG : WellhouseOne | 054.500
2017-01-01 11:14:26 | TEMPLOG : Bio   Filter | 077.000
2017-01-01 11:15:27 | TEMPLOG : WellhouseOne | 053.600
2017-01-01 11:15:27 | TEMPLOG : Bio   Filter | 078.800
2017-01-01 11:16:28 | TEMPLOG : WellhouseOne | 051.800
2017-01-01 11:16:29 | TEMPLOG : Bio   Filter | 081.500
2017-01-01 11:16:29 | TEMPLOG : Table    One | 080.600
2017-01-01 11:17:29 | TEMPLOG : WellhouseOne | 050.900
2017-01-01 11:17:30 | TEMPLOG : Bio   Filter | 083.300
2017-01-01 11:18:31 | TEMPLOG : WellhouseOne | 050.000
2017-01-01 11:18:31 | TEMPLOG : Bio   Filter | 085.100
2017-01-01 11:20:34 | TEMPLOG : WellhouseOne | 049.100
2017-01-01 11:20:34 | TEMPLOG : Bio   Filter | 086.000
2017-01-01 11:21:36 | TEMPLOG : WellhouseOne | 048.200
2017-01-01 11:22:37 | TEMPLOG : Bio   Filter | 086.900
2017-01-01 11:24:40 | TEMPLOG : Bio   Filter | 087.800
2017-01-01 11:25:42 | TEMPLOG : Table    One | 081.500
2017-01-01 11:27:44 | TEMPLOG : WellhouseOne | 047.300
2017-01-01 11:27:46 | TEMPLOG : Bio   Filter | 086.900
2017-01-01 11:28:47 | TEMPLOG : Bio   Filter | 086.000
2017-01-01 11:30:49 | TEMPLOG : WellhouseOne | 046.400
2017-01-01 11:30:49 | TEMPLOG : Bio   Filter | 085.100
2017-01-01 11:30:49 | TEMPLOG : To   GeoLoop | 049.100
2017-01-01 11:31:50 | TEMPLOG : WellhouseOne | 100.400
2017-01-01 11:32:51 | TEMPLOG : WellhouseOne | 124.700
2017-01-01 11:33:54 | TEMPLOG : WellhouseOne | 135.500
2017-01-01 11:33:55 | TEMPLOG : Bio   Filter | 084.200
2017-01-01 11:34:56 | TEMPLOG : WellhouseOne | 099.500
2017-01-01 11:35:56 | TEMPLOG : WellhouseOne | 082.400
2017-01-01 11:35:58 | TEMPLOG : Table    One | 082.400
2017-01-01 11:36:58 | TEMPLOG : WellhouseOne | 073.400
2017-01-01 11:36:58 | TEMPLOG : Bio   Filter | 083.300
2017-01-01 11:37:59 | TEMPLOG : WellhouseOne | 066.200
2017-01-01 11:38:00 | TEMPLOG : Table    One | 083.300
2017-01-01 11:39:00 | TEMPLOG : WellhouseOne | 062.600
2017-01-01 11:39:00 | TEMPLOG : Bio   Filter | 084.200
2017-01-01 11:40:02 | TEMPLOG : WellhouseOne | 059.900
2017-01-01 11:40:02 | TEMPLOG : Table    One | 084.200
2017-01-01 11:41:02 | TEMPLOG : WellhouseOne | 058.100
2017-01-01 11:41:02 | TEMPLOG : Bio   Filter | 085.100
2017-01-01 11:42:04 | TEMPLOG : WellhouseOne | 056.300
2017-01-01 11:43:05 | TEMPLOG : WellhouseOne | 055.400
2017-01-01 11:43:05 | TEMPLOG : Bio   Filter | 086.000
2017-01-01 11:43:05 | TEMPLOG : Table    One | 085.100
2017-01-01 11:44:06 | TEMPLOG : WellhouseOne | 053.600
2017-01-01 11:44:06 | TEMPLOG : Bio   Filter | 086.900
2017-01-01 11:46:08 | TEMPLOG : WellhouseOne | 052.700
2017-01-01 11:47:10 | TEMPLOG : WellhouseOne | 051.800
2017-01-01 11:48:10 | TEMPLOG : WellhouseOne | 050.900
2017-01-01 11:48:11 | TEMPLOG : Bio   Filter | 086.000
2017-01-01 11:49:12 | TEMPLOG : Bio   Filter | 085.100
2017-01-01 11:50:13 | TEMPLOG : Bio   Filter | 084.200
2017-01-01 11:51:13 | TEMPLOG : WellhouseOne | 050.000
2017-01-01 11:51:14 | TEMPLOG : Bio   Filter | 083.300
2017-01-01 11:52:15 | TEMPLOG : Bio   Filter | 081.500
2017-01-01 11:53:15 | TEMPLOG : WellhouseOne | 049.100
2017-01-01 11:53:15 | TEMPLOG : Bio   Filter | 080.600
2017-01-01 11:54:17 | TEMPLOG : Bio   Filter | 079.700
2017-01-01 11:56:18 | TEMPLOG : WellhouseOne | 048.200
2017-01-01 11:56:19 | TEMPLOG : Bio   Filter | 078.800
2017-01-01 11:57:20 | TEMPLOG : To   GeoLoop | 050.000
2017-01-01 11:58:21 | TEMPLOG : WellhouseOne | 047.300
2017-01-01 12:00:24 | TEMPLOG : WellhouseOne | 047.300
2017-01-01 12:00:25 | TEMPLOG : Bio   Filter | 078.800
2017-01-01 12:00:26 | TEMPLOG : To   GeoLoop | 050.000
2017-01-01 12:00:26 | TEMPLOG : Table    One | 084.200
2017-01-01 12:01:27 | TEMPLOG : WellhouseOne | 095.900
2017-01-01 12:01:27 | TEMPLOG : Bio   Filter | 079.700
2017-01-01 12:02:28 | TEMPLOG : WellhouseOne | 122.900
2017-01-01 12:03:29 | TEMPLOG : WellhouseOne | 125.600
2017-01-01 12:03:29 | TEMPLOG : To   GeoLoop | 049.100
2017-01-01 12:04:30 | TEMPLOG : WellhouseOne | 091.400
2017-01-01 12:04:30 | TEMPLOG : Bio   Filter | 080.600
2017-01-01 12:04:31 | TEMPLOG : To   GeoLoop | 050.000
2017-01-01 12:05:32 | TEMPLOG : WellhouseOne | 078.800
2017-01-01 12:05:32 | TEMPLOG : Bio   Filter | 082.400
2017-01-01 12:06:33 | TEMPLOG : WellhouseOne | 071.600
2017-01-01 12:06:34 | TEMPLOG : Bio   Filter | 083.300
2017-01-01 12:07:34 | TEMPLOG : WellhouseOne | 065.300
2017-01-01 12:07:35 | TEMPLOG : Bio   Filter | 085.100
2017-01-01 12:08:35 | TEMPLOG : WellhouseOne | 061.700
2017-01-01 12:08:36 | TEMPLOG : Bio   Filter | 086.000
2017-01-01 12:09:37 | TEMPLOG : WellhouseOne | 059.000
2017-01-01 12:09:38 | TEMPLOG : Bio   Filter | 086.900
2017-01-01 12:09:39 | TEMPLOG : Table    One | 085.100
2017-01-01 12:10:39 | TEMPLOG : WellhouseOne | 057.200
2017-01-01 12:11:40 | TEMPLOG : WellhouseOne | 056.300
2017-01-01 12:11:41 | TEMPLOG : Bio   Filter | 087.800
2017-01-01 12:11:41 | TEMPLOG : Table    One | 086.000
2017-01-01 12:12:42 | TEMPLOG : WellhouseOne | 055.400
2017-01-01 12:12:42 | TEMPLOG : Bio   Filter | 088.700
2017-01-01 12:12:42 | TEMPLOG : Table    One | 086.900
2017-01-01 12:13:42 | TEMPLOG : WellhouseOne | 054.500
2017-01-01 12:14:44 | TEMPLOG : WellhouseOne | 053.600
2017-01-01 12:15:45 | TEMPLOG : WellhouseOne | 052.700
2017-01-01 12:16:46 | TEMPLOG : WellhouseOne | 051.800
2017-01-01 12:20:51 | TEMPLOG : WellhouseOne | 050.900
2017-01-01 12:20:52 | TEMPLOG : To   GeoLoop | 050.900
2017-01-01 12:22:53 | TEMPLOG : WellhouseOne | 050.000
2017-01-01 12:23:55 | TEMPLOG : Bio   Filter | 089.600
2017-01-01 12:26:59 | TEMPLOG : WellhouseOne | 049.100
2017-01-01 12:31:04 | TEMPLOG : WellhouseOne | 052.700
2017-01-01 12:32:07 | TEMPLOG : WellhouseOne | 116.600
2017-01-01 12:32:08 | TEMPLOG : Table    One | 087.800
2017-01-01 12:33:08 | TEMPLOG : WellhouseOne | 133.700
2017-01-01 12:34:10 | TEMPLOG : WellhouseOne | 098.600
2017-01-01 12:34:11 | TEMPLOG : To   GeoLoop | 051.800
2017-01-01 12:35:12 | TEMPLOG : WellhouseOne | 082.400
2017-01-01 12:35:12 | TEMPLOG : Bio   Filter | 090.500
2017-01-01 12:35:13 | TEMPLOG : Table    One | 088.700
2017-01-01 12:36:13 | TEMPLOG : WellhouseOne | 073.400
2017-01-01 12:37:15 | TEMPLOG : WellhouseOne | 068.000
2017-01-01 12:38:16 | TEMPLOG : WellhouseOne | 063.500
2017-01-01 12:39:18 | TEMPLOG : WellhouseOne | 059.900
2017-01-01 12:40:19 | TEMPLOG : WellhouseOne | 059.000
2017-01-01 12:41:20 | TEMPLOG : WellhouseOne | 057.200
2017-01-01 12:42:21 | TEMPLOG : WellhouseOne | 056.300
2017-01-01 12:43:24 | TEMPLOG : WellhouseOne | 055.400
2017-01-01 12:43:25 | TEMPLOG : To   GeoLoop | 052.700
2017-01-01 12:44:25 | TEMPLOG : WellhouseOne | 054.500
2017-01-01 12:45:26 | TEMPLOG : WellhouseOne | 053.600
2017-01-01 12:45:27 | TEMPLOG : Table    One | 089.600
2017-01-01 12:47:30 | TEMPLOG : WellhouseOne | 052.700
2017-01-01 12:47:31 | TEMPLOG : To   GeoLoop | 053.600
2017-01-01 12:47:31 | TEMPLOG : Table    One | 090.500
2017-01-01 12:49:33 | TEMPLOG : WellhouseOne | 051.800
2017-01-01 12:49:34 | TEMPLOG : Table    One | 091.400
2017-01-01 12:50:35 | TEMPLOG : To   GeoLoop | 054.500
2017-01-01 12:52:38 | TEMPLOG : WellhouseOne | 050.900
2017-01-01 12:52:38 | TEMPLOG : Bio   Filter | 091.400
2017-01-01 12:54:41 | TEMPLOG : Table    One | 092.300
2017-01-01 12:55:42 | TEMPLOG : Bio   Filter | 092.300
2017-01-01 12:56:43 | TEMPLOG : WellhouseOne | 050.000
2017-01-01 12:57:45 | TEMPLOG : To   GeoLoop | 055.400
2017-01-01 12:57:46 | TEMPLOG : Table    One | 091.400
2017-01-01 12:58:47 | TEMPLOG : Bio   Filter | 093.200
2017-01-01 13:00:48 | TEMPLOG : WellhouseOne | 050.000
2017-01-01 13:00:49 | TEMPLOG : Bio   Filter | 093.200
2017-01-01 13:00:49 | TEMPLOG : To   GeoLoop | 055.400
2017-01-01 13:00:49 | TEMPLOG : Table    One | 091.400
2017-01-01 13:01:50 | TEMPLOG : Table    One | 090.500
2017-01-01 13:02:51 | TEMPLOG : WellhouseOne | 092.300
2017-01-01 13:03:52 | TEMPLOG : WellhouseOne | 125.600
2017-01-01 13:04:53 | TEMPLOG : WellhouseOne | 110.300
2017-01-01 13:04:54 | TEMPLOG : Bio   Filter | 092.300
2017-01-01 13:04:54 | TEMPLOG : Table    One | 089.600
2017-01-01 13:05:54 | TEMPLOG : WellhouseOne | 087.800
2017-01-01 13:05:55 | TEMPLOG : Bio   Filter | 091.400
2017-01-01 13:06:56 | TEMPLOG : WellhouseOne | 077.900
2017-01-01 13:06:56 | TEMPLOG : Bio   Filter | 090.500
2017-01-01 13:06:56 | TEMPLOG : Table    One | 087.800
2017-01-01 13:07:56 | TEMPLOG : WellhouseOne | 070.700
2017-01-01 13:07:57 | TEMPLOG : Table    One | 088.700
2017-01-01 13:08:58 | TEMPLOG : WellhouseOne | 066.200
2017-01-01 13:08:58 | TEMPLOG : Bio   Filter | 091.400
2017-01-01 13:08:59 | TEMPLOG : Table    One | 089.600
2017-01-01 13:10:00 | TEMPLOG : WellhouseOne | 063.500
2017-01-01 13:10:01 | TEMPLOG : Table    One | 090.500
2017-01-01 13:11:01 | TEMPLOG : WellhouseOne | 060.800
2017-01-01 13:11:01 | TEMPLOG : Bio   Filter | 092.300
2017-01-01 13:11:02 | TEMPLOG : To   GeoLoop | 056.300
2017-01-01 13:11:03 | TEMPLOG : Table    One | 091.400
2017-01-01 13:12:03 | TEMPLOG : WellhouseOne | 059.000
2017-01-01 13:12:05 | TEMPLOG : Table    One | 092.300
2017-01-01 13:13:05 | TEMPLOG : WellhouseOne | 057.200
2017-01-01 13:13:05 | TEMPLOG : Bio   Filter | 091.400
2017-01-01 13:13:06 | TEMPLOG : Table    One | 091.400
2017-01-01 13:14:07 | TEMPLOG : WellhouseOne | 056.300
2017-01-01 13:14:08 | TEMPLOG : Table    One | 090.500
2017-01-01 13:15:08 | TEMPLOG : WellhouseOne | 055.400
2017-01-01 13:15:08 | TEMPLOG : Bio   Filter | 088.700
2017-01-01 13:15:09 | TEMPLOG : Table    One | 086.900
2017-01-01 13:16:10 | TEMPLOG : Bio   Filter | 086.900
2017-01-01 13:16:11 | TEMPLOG : To   GeoLoop | 055.400
2017-01-01 13:16:11 | TEMPLOG : Table    One | 086.000
2017-01-01 13:17:11 | TEMPLOG : WellhouseOne | 054.500
2017-01-01 13:17:11 | TEMPLOG : Bio   Filter | 084.200
2017-01-01 13:17:11 | TEMPLOG : Table    One | 083.300
2017-01-01 13:18:12 | TEMPLOG : WellhouseOne | 053.600
2017-01-01 13:18:12 | TEMPLOG : Bio   Filter | 081.500
2017-01-01 13:18:13 | TEMPLOG : To   GeoLoop | 054.500
2017-01-01 13:18:13 | TEMPLOG : Table    One | 080.600
2017-01-01 13:19:14 | TEMPLOG : Bio   Filter | 080.600
2017-01-01 13:19:15 | TEMPLOG : Table    One | 078.800
2017-01-01 13:20:16 | TEMPLOG : WellhouseOne | 052.700
2017-01-01 13:20:17 | TEMPLOG : Bio   Filter | 078.800
2017-01-01 13:20:17 | TEMPLOG : Table    One | 077.000
2017-01-01 13:21:18 | TEMPLOG : Bio   Filter | 077.900
2017-01-01 13:21:18 | TEMPLOG : To   GeoLoop | 053.600
2017-01-01 13:21:18 | TEMPLOG : Table    One | 076.100
2017-01-01 13:22:19 | TEMPLOG : Bio   Filter | 079.700
2017-01-01 13:22:19 | TEMPLOG : To   GeoLoop | 054.500
2017-01-01 13:22:19 | TEMPLOG : Table    One | 079.700
2017-01-01 13:23:20 | TEMPLOG : Bio   Filter | 082.400
2017-01-01 13:23:20 | TEMPLOG : To   GeoLoop | 055.400
2017-01-01 13:23:20 | TEMPLOG : Table    One | 083.300
2017-01-01 13:24:21 | TEMPLOG : WellhouseOne | 051.800
2017-01-01 13:24:21 | TEMPLOG : Bio   Filter | 085.100
2017-01-01 13:24:22 | TEMPLOG : To   GeoLoop | 056.300
2017-01-01 13:24:22 | TEMPLOG : Table    One | 086.000
2017-01-01 13:25:24 | TEMPLOG : Bio   Filter | 086.000
2017-01-01 13:25:25 | TEMPLOG : Table    One | 086.900
2017-01-01 13:26:25 | TEMPLOG : Bio   Filter | 086.900
2017-01-01 13:26:25 | TEMPLOG : To   GeoLoop | 057.200
2017-01-01 13:26:26 | TEMPLOG : Table    One | 087.800
2017-01-01 13:27:27 | TEMPLOG : Bio   Filter | 087.800
2017-01-01 13:28:27 | TEMPLOG : Bio   Filter | 086.900
2017-01-01 13:28:28 | TEMPLOG : Table    One | 086.000
2017-01-01 13:29:28 | TEMPLOG : WellhouseOne | 050.900
2017-01-01 13:29:28 | TEMPLOG : Bio   Filter | 086.000
2017-01-01 13:30:30 | TEMPLOG : Bio   Filter | 085.100
2017-01-01 13:30:30 | TEMPLOG : To   GeoLoop | 056.300
2017-01-01 13:30:30 | TEMPLOG : Table    One | 084.200
2017-01-01 13:31:30 | TEMPLOG : Bio   Filter | 083.300
2017-01-01 13:31:31 | TEMPLOG : Table    One | 082.400
2017-01-01 13:32:32 | TEMPLOG : Bio   Filter | 082.400
2017-01-01 13:32:33 | TEMPLOG : To   GeoLoop | 055.400
2017-01-01 13:32:33 | TEMPLOG : Table    One | 080.600
2017-01-01 13:34:35 | TEMPLOG : Table    One | 082.400
2017-01-01 13:35:36 | TEMPLOG : Bio   Filter | 083.300
2017-01-01 13:35:37 | TEMPLOG : To   GeoLoop | 056.300
2017-01-01 13:35:37 | TEMPLOG : Table    One | 083.300
2017-01-01 13:36:37 | TEMPLOG : WellhouseOne | 104.000
2017-01-01 13:37:39 | TEMPLOG : WellhouseOne | 131.900
2017-01-01 13:38:40 | TEMPLOG : WellhouseOne | 101.300
2017-01-01 13:38:41 | TEMPLOG : Table    One | 084.200
2017-01-01 13:39:41 | TEMPLOG : WellhouseOne | 083.300
2017-01-01 13:39:41 | TEMPLOG : Bio   Filter | 084.200
2017-01-01 13:39:42 | TEMPLOG : Table    One | 086.000
2017-01-01 13:40:42 | TEMPLOG : WellhouseOne | 074.300
2017-01-01 13:40:43 | TEMPLOG : Bio   Filter | 086.000
2017-01-01 13:40:43 | TEMPLOG : Table    One | 088.700
2017-01-01 13:41:43 | TEMPLOG : WellhouseOne | 068.900
2017-01-01 13:41:44 | TEMPLOG : Bio   Filter | 086.900
2017-01-01 13:41:44 | TEMPLOG : To   GeoLoop | 057.200
2017-01-01 13:41:44 | TEMPLOG : Table    One | 089.600
2017-01-01 13:42:46 | TEMPLOG : WellhouseOne | 065.300
2017-01-01 13:42:46 | TEMPLOG : Bio   Filter | 087.800
2017-01-01 13:42:47 | TEMPLOG : Table    One | 090.500
2017-01-01 13:43:47 | TEMPLOG : WellhouseOne | 062.600
2017-01-01 13:43:47 | TEMPLOG : Bio   Filter | 088.700
2017-01-01 13:43:48 | TEMPLOG : Table    One | 091.400
2017-01-01 13:44:48 | TEMPLOG : WellhouseOne | 060.800
2017-01-01 13:45:50 | TEMPLOG : WellhouseOne | 059.000
2017-01-01 13:45:50 | TEMPLOG : Bio   Filter | 089.600
2017-01-01 13:45:50 | TEMPLOG : To   GeoLoop | 058.100
2017-01-01 13:46:51 | TEMPLOG : WellhouseOne | 058.100
2017-01-01 13:46:51 | TEMPLOG : To   GeoLoop | 057.200
2017-01-01 13:46:52 | TEMPLOG : Table    One | 092.300
2017-01-01 13:47:52 | TEMPLOG : WellhouseOne | 057.200
2017-01-01 13:47:52 | TEMPLOG : Bio   Filter | 090.500
2017-01-01 13:47:53 | TEMPLOG : To   GeoLoop | 058.100
2017-01-01 13:48:53 | TEMPLOG : WellhouseOne | 056.300
2017-01-01 13:48:54 | TEMPLOG : To   GeoLoop | 057.200
2017-01-01 13:49:55 | TEMPLOG : WellhouseOne | 055.400
2017-01-01 13:50:57 | TEMPLOG : Bio   Filter | 089.600
2017-01-01 13:51:58 | TEMPLOG : WellhouseOne | 054.500
2017-01-01 13:53:00 | TEMPLOG : Table    One | 091.400
2017-01-01 13:54:00 | TEMPLOG : WellhouseOne | 053.600
2017-01-01 13:56:02 | TEMPLOG : WellhouseOne | 052.700
2017-01-01 13:56:04 | TEMPLOG : Table    One | 090.500
2017-01-01 13:57:04 | TEMPLOG : Bio   Filter | 088.700
2017-01-01 13:58:06 | TEMPLOG : Table    One | 089.600
2017-01-01 13:59:08 | TEMPLOG : Table    One | 090.500
2017-01-01 14:00:08 | TEMPLOG : WellhouseOne | 051.800
2017-01-01 14:00:08 | TEMPLOG : Bio   Filter | 088.700
2017-01-01 14:00:08 | TEMPLOG : To   GeoLoop | 057.200
2017-01-01 14:00:09 | TEMPLOG : Table    One | 089.600
2017-01-01 14:03:11 | TEMPLOG : Bio   Filter | 087.800
2017-01-01 14:03:12 | TEMPLOG : Table    One | 088.700
2017-01-01 14:05:14 | TEMPLOG : Table    One | 089.600
2017-01-01 14:07:16 | TEMPLOG : WellhouseOne | 050.900
2017-01-01 14:10:20 | TEMPLOG : WellhouseOne | 079.700
2017-01-01 14:10:21 | TEMPLOG : Table    One | 088.700
2017-01-01 14:11:21 | TEMPLOG : WellhouseOne | 122.900
2017-01-01 14:11:21 | TEMPLOG : Bio   Filter | 086.900
2017-01-01 14:12:22 | TEMPLOG : WellhouseOne | 103.100
2017-01-01 14:13:23 | TEMPLOG : WellhouseOne | 083.300
2017-01-01 14:14:24 | TEMPLOG : WellhouseOne | 074.300
2017-01-01 14:14:25 | TEMPLOG : Table    One | 087.800
2017-01-01 14:15:25 | TEMPLOG : WellhouseOne | 069.800
2017-01-01 14:16:26 | TEMPLOG : WellhouseOne | 065.300
2017-01-01 14:16:26 | TEMPLOG : Bio   Filter | 086.000
2017-01-01 14:17:27 | TEMPLOG : WellhouseOne | 062.600
2017-01-01 14:18:27 | TEMPLOG : WellhouseOne | 060.800
2017-01-01 14:19:28 | TEMPLOG : WellhouseOne | 059.900
2017-01-01 14:20:30 | TEMPLOG : WellhouseOne | 059.000
2017-01-01 14:20:31 | TEMPLOG : To   GeoLoop | 056.300
2017-01-01 14:21:31 | TEMPLOG : WellhouseOne | 058.100
2017-01-01 14:21:32 | TEMPLOG : Bio   Filter | 085.100
2017-01-01 14:22:32 | TEMPLOG : WellhouseOne | 056.300
2017-01-01 14:22:33 | TEMPLOG : To   GeoLoop | 057.200
2017-01-01 14:23:34 | TEMPLOG : WellhouseOne | 055.400
2017-01-01 14:23:34 | TEMPLOG : Table    One | 086.900
2017-01-01 14:24:35 | TEMPLOG : To   GeoLoop | 056.300
2017-01-01 14:25:36 | TEMPLOG : Bio   Filter | 084.200
2017-01-01 14:26:38 | TEMPLOG : WellhouseOne | 054.500
2017-01-01 14:27:39 | TEMPLOG : Bio   Filter | 083.300
2017-01-01 14:28:40 | TEMPLOG : WellhouseOne | 053.600
2017-01-01 14:28:42 | TEMPLOG : Table    One | 086.000
2017-01-01 14:29:43 | TEMPLOG : Bio   Filter | 081.500
2017-01-01 14:29:43 | TEMPLOG : Table    One | 083.300
2017-01-01 14:30:44 | TEMPLOG : Bio   Filter | 078.800
2017-01-01 14:30:44 | TEMPLOG : To   GeoLoop | 055.400
2017-01-01 14:30:44 | TEMPLOG : Table    One | 081.500
2017-01-01 14:31:45 | TEMPLOG : Bio   Filter | 077.000
2017-01-01 14:31:46 | TEMPLOG : Table    One | 078.800
2017-01-01 14:32:46 | TEMPLOG : WellhouseOne | 052.700
2017-01-01 14:32:46 | TEMPLOG : Bio   Filter | 075.200
2017-01-01 14:32:46 | TEMPLOG : To   GeoLoop | 054.500
2017-01-01 14:32:47 | TEMPLOG : Table    One | 077.000
2017-01-01 14:33:47 | TEMPLOG : Bio   Filter | 074.300
2017-01-01 14:33:48 | TEMPLOG : Table    One | 076.100
2017-01-01 14:34:48 | TEMPLOG : Bio   Filter | 072.500
2017-01-01 14:34:49 | TEMPLOG : Table    One | 074.300
2017-01-01 14:35:49 | TEMPLOG : WellhouseOne | 051.800
2017-01-01 14:35:49 | TEMPLOG : Bio   Filter | 070.700
2017-01-01 14:35:50 | TEMPLOG : Table    One | 071.600
2017-01-01 14:36:50 | TEMPLOG : Bio   Filter | 068.900
2017-01-01 14:36:50 | TEMPLOG : To   GeoLoop | 053.600
2017-01-01 14:36:50 | TEMPLOG : Table    One | 069.800
2017-01-01 14:37:51 | TEMPLOG : Bio   Filter | 068.000
2017-01-01 14:37:51 | TEMPLOG : Table    One | 068.000
2017-01-01 14:38:52 | TEMPLOG : Bio   Filter | 066.200
2017-01-01 14:38:52 | TEMPLOG : Table    One | 067.100
2017-01-01 14:39:52 | TEMPLOG : WellhouseOne | 050.900
2017-01-01 14:40:54 | TEMPLOG : Bio   Filter | 065.300
2017-01-01 14:40:54 | TEMPLOG : Table    One | 066.200
2017-01-01 14:41:54 | TEMPLOG : Bio   Filter | 064.400
2017-01-01 14:41:55 | TEMPLOG : To   GeoLoop | 052.700
2017-01-01 14:41:55 | TEMPLOG : Table    One | 065.300
2017-01-01 14:42:55 | TEMPLOG : Bio   Filter | 063.500
2017-01-01 14:42:56 | TEMPLOG : Table    One | 064.400
2017-01-01 14:43:56 | TEMPLOG : Bio   Filter | 062.600
2017-01-01 14:43:57 | TEMPLOG : Table    One | 062.600
2017-01-01 14:44:57 | TEMPLOG : WellhouseOne | 112.100
2017-01-01 14:44:57 | TEMPLOG : Bio   Filter | 061.700
2017-01-01 14:44:58 | TEMPLOG : Table    One | 061.700
2017-01-01 14:45:58 | TEMPLOG : WellhouseOne | 111.200
2017-01-01 14:45:58 | TEMPLOG : Bio   Filter | 060.800
2017-01-01 14:45:59 | TEMPLOG : Table    One | 060.800
2017-01-01 14:46:59 | TEMPLOG : WellhouseOne | 084.200
2017-01-01 14:47:00 | TEMPLOG : Bio   Filter | 059.900
2017-01-01 14:47:00 | TEMPLOG : Table    One | 059.900
2017-01-01 14:48:00 | TEMPLOG : WellhouseOne | 073.400
2017-01-01 14:48:01 | TEMPLOG : Bio   Filter | 059.000
2017-01-01 14:48:01 | TEMPLOG : To   GeoLoop | 051.800
2017-01-01 14:48:02 | TEMPLOG : Table    One | 059.000
2017-01-01 14:49:02 | TEMPLOG : WellhouseOne | 068.000
2017-01-01 14:49:02 | TEMPLOG : Bio   Filter | 058.100
2017-01-01 14:49:03 | TEMPLOG : Table    One | 058.100
2017-01-01 14:50:03 | TEMPLOG : WellhouseOne | 064.400
2017-01-01 14:51:04 | TEMPLOG : WellhouseOne | 061.700
2017-01-01 14:51:04 | TEMPLOG : Bio   Filter | 057.200
2017-01-01 14:51:05 | TEMPLOG : Table    One | 057.200
2017-01-01 14:52:05 | TEMPLOG : WellhouseOne | 059.900
2017-01-01 14:52:05 | TEMPLOG : Bio   Filter | 056.300
2017-01-01 14:52:06 | TEMPLOG : Table    One | 056.300
2017-01-01 14:53:06 | TEMPLOG : WellhouseOne | 059.000
2017-01-01 14:54:07 | TEMPLOG : WellhouseOne | 058.100
2017-01-01 14:54:07 | TEMPLOG : Bio   Filter | 055.400
2017-01-01 14:54:09 | TEMPLOG : Table    One | 055.400
2017-01-01 14:55:09 | TEMPLOG : WellhouseOne | 057.200
2017-01-01 14:56:10 | TEMPLOG : WellhouseOne | 056.300
2017-01-01 14:56:10 | TEMPLOG : Bio   Filter | 054.500
2017-01-01 14:56:11 | TEMPLOG : Table    One | 054.500
2017-01-01 14:57:11 | TEMPLOG : WellhouseOne | 055.400
2017-01-01 14:58:13 | TEMPLOG : WellhouseOne | 054.500
2017-01-01 14:59:15 | TEMPLOG : Bio   Filter | 053.600
2017-01-01 15:00:16 | TEMPLOG : WellhouseOne | 054.500
2017-01-01 15:00:16 | TEMPLOG : Bio   Filter | 053.600
2017-01-01 15:00:17 | TEMPLOG : To   GeoLoop | 051.800
2017-01-01 15:00:18 | TEMPLOG : Table    One | 053.600
2017-01-01 15:01:18 | TEMPLOG : WellhouseOne | 053.600
2017-01-01 15:03:21 | TEMPLOG : WellhouseOne | 052.700
2017-01-01 15:03:21 | TEMPLOG : Bio   Filter | 052.700
2017-01-01 15:04:23 | TEMPLOG : Bio   Filter | 053.600
2017-01-01 15:04:23 | TEMPLOG : Table    One | 052.700
2017-01-01 15:05:24 | TEMPLOG : Bio   Filter | 052.700
2017-01-01 15:05:24 | TEMPLOG : To   GeoLoop | 050.900
2017-01-01 15:06:25 | TEMPLOG : To   GeoLoop | 051.800
2017-01-01 15:07:26 | TEMPLOG : WellhouseOne | 051.800
2017-01-01 15:08:27 | TEMPLOG : To   GeoLoop | 050.900
2017-01-01 15:09:28 | TEMPLOG : WellhouseOne | 050.900
2017-01-01 15:09:28 | TEMPLOG : Bio   Filter | 051.800
2017-01-01 15:09:30 | TEMPLOG : Table    One | 051.800
2017-01-01 15:12:32 | TEMPLOG : WellhouseOne | 050.000
2017-01-01 15:13:34 | TEMPLOG : Table    One | 050.900
2017-01-01 15:14:34 | TEMPLOG : Bio   Filter | 050.900
2017-01-01 15:15:36 | TEMPLOG : WellhouseOne | 049.100
2017-01-01 15:16:38 | TEMPLOG : WellhouseOne | 085.100
2017-01-01 15:17:39 | TEMPLOG : WellhouseOne | 122.900
2017-01-01 15:18:40 | TEMPLOG : WellhouseOne | 101.300
2017-01-01 15:18:41 | TEMPLOG : Table    One | 050.000
2017-01-01 15:19:42 | TEMPLOG : WellhouseOne | 080.600
2017-01-01 15:20:43 | TEMPLOG : WellhouseOne | 071.600
2017-01-01 15:20:44 | TEMPLOG : Bio   Filter | 050.000
2017-01-01 15:21:44 | TEMPLOG : WellhouseOne | 067.100
2017-01-01 15:22:45 | TEMPLOG : WellhouseOne | 063.500
2017-01-01 15:22:46 | TEMPLOG : Table    One | 049.100
2017-01-01 15:23:46 | TEMPLOG : WellhouseOne | 060.800
2017-01-01 15:24:47 | TEMPLOG : WellhouseOne | 059.000
2017-01-01 15:24:48 | TEMPLOG : Bio   Filter | 049.100
2017-01-01 15:25:48 | TEMPLOG : WellhouseOne | 058.100
2017-01-01 15:26:50 | TEMPLOG : WellhouseOne | 056.300
2017-01-01 15:27:51 | TEMPLOG : WellhouseOne | 055.400
2017-01-01 15:27:52 | TEMPLOG : Table    One | 048.200
2017-01-01 15:29:54 | TEMPLOG : WellhouseOne | 054.500
2017-01-01 15:30:55 | TEMPLOG : WellhouseOne | 053.600
2017-01-01 15:31:56 | TEMPLOG : Bio   Filter | 048.200
2017-01-01 15:31:56 | TEMPLOG : To   GeoLoop | 050.000
2017-01-01 15:32:57 | TEMPLOG : WellhouseOne | 052.700
2017-01-01 15:32:58 | TEMPLOG : To   GeoLoop | 050.900
2017-01-01 15:33:58 | TEMPLOG : WellhouseOne | 051.800
2017-01-01 15:33:59 | TEMPLOG : To   GeoLoop | 050.000
2017-01-01 15:34:00 | TEMPLOG : Table    One | 047.300
2017-01-01 15:37:03 | TEMPLOG : WellhouseOne | 050.900
2017-01-01 15:37:03 | TEMPLOG : Bio   Filter | 047.300
2017-01-01 15:43:11 | TEMPLOG : Table    One | 046.400
2017-01-01 15:44:11 | TEMPLOG : WellhouseOne | 050.000
2017-01-01 15:44:12 | TEMPLOG : Bio   Filter | 046.400
2017-01-01 15:45:12 | TEMPLOG : Bio   Filter | 047.300
2017-01-01 15:46:14 | TEMPLOG : Bio   Filter | 046.400
2017-01-01 15:48:15 | TEMPLOG : WellhouseOne | 063.500
2017-01-01 15:49:16 | TEMPLOG : WellhouseOne | 120.200
2017-01-01 15:50:18 | TEMPLOG : WellhouseOne | 134.600
2017-01-01 15:51:19 | TEMPLOG : WellhouseOne | 095.000
2017-01-01 15:52:20 | TEMPLOG : WellhouseOne | 082.400
2017-01-01 15:52:20 | TEMPLOG : Table    One | 045.500
2017-01-01 15:53:21 | TEMPLOG : WellhouseOne | 074.300
2017-01-01 15:54:22 | TEMPLOG : WellhouseOne | 068.900
2017-01-01 15:54:22 | TEMPLOG : Bio   Filter | 045.500
2017-01-01 15:55:23 | TEMPLOG : WellhouseOne | 065.300
2017-01-01 15:56:24 | TEMPLOG : WellhouseOne | 062.600
2017-01-01 15:57:25 | TEMPLOG : WellhouseOne | 059.900
2017-01-01 15:58:26 | TEMPLOG : WellhouseOne | 058.100
2017-01-01 15:59:28 | TEMPLOG : WellhouseOne | 057.200
2017-01-01 16:00:28 | TEMPLOG : WellhouseOne | 056.300
2017-01-01 16:00:29 | TEMPLOG : Bio   Filter | 045.500
2017-01-01 16:00:29 | TEMPLOG : To   GeoLoop | 050.000
2017-01-01 16:00:29 | TEMPLOG : Table    One | 045.500
2017-01-01 16:01:30 | TEMPLOG : WellhouseOne | 055.400
2017-01-01 16:02:31 | TEMPLOG : WellhouseOne | 054.500
2017-01-01 16:02:32 | TEMPLOG : Table    One | 044.600
2017-01-01 16:03:32 | TEMPLOG : WellhouseOne | 053.600
2017-01-01 16:03:32 | TEMPLOG : Bio   Filter | 044.600
2017-01-01 16:05:35 | TEMPLOG : WellhouseOne | 052.700
2017-01-01 16:07:38 | TEMPLOG : WellhouseOne | 051.800
2017-01-01 16:07:38 | TEMPLOG : To   GeoLoop | 049.100
2017-01-01 16:08:39 | TEMPLOG : WellhouseOne | 050.900
2017-01-01 16:08:40 | TEMPLOG : To   GeoLoop | 050.000
2017-01-01 16:09:41 | TEMPLOG : To   GeoLoop | 049.100
2017-01-01 16:10:42 | TEMPLOG : WellhouseOne | 050.000
2017-01-01 16:11:44 | TEMPLOG : To   GeoLoop | 050.000
2017-01-01 16:12:46 | TEMPLOG : To   GeoLoop | 049.100
2017-01-01 16:13:46 | TEMPLOG : WellhouseOne | 049.100
2017-01-01 16:15:48 | TEMPLOG : To   GeoLoop | 050.000
2017-01-01 16:15:48 | TEMPLOG : Table    One | 045.500
2017-01-01 16:16:49 | TEMPLOG : Bio   Filter | 045.500
2017-01-01 16:16:49 | TEMPLOG : Table    One | 047.300
2017-01-01 16:17:49 | TEMPLOG : Bio   Filter | 046.400
2017-01-01 16:17:50 | TEMPLOG : Table    One | 048.200
2017-01-01 16:18:51 | TEMPLOG : Table    One | 049.100
2017-01-01 16:20:52 | TEMPLOG : WellhouseOne | 111.200
2017-01-01 16:20:53 | TEMPLOG : Table    One | 048.200
2017-01-01 16:21:53 | TEMPLOG : WellhouseOne | 130.100
2017-01-01 16:21:54 | TEMPLOG : Table    One | 046.400
2017-01-01 16:22:55 | TEMPLOG : WellhouseOne | 102.200
2017-01-01 16:22:55 | TEMPLOG : Bio   Filter | 045.500
2017-01-01 16:22:56 | TEMPLOG : Table    One | 045.500
2017-01-01 16:23:56 | TEMPLOG : WellhouseOne | 084.200
2017-01-01 16:24:57 | TEMPLOG : WellhouseOne | 074.300
2017-01-01 16:24:58 | TEMPLOG : To   GeoLoop | 049.100
2017-01-01 16:25:58 | TEMPLOG : WellhouseOne | 068.000
2017-01-01 16:25:58 | TEMPLOG : Bio   Filter | 044.600
2017-01-01 16:27:00 | TEMPLOG : WellhouseOne | 064.400
2017-01-01 16:27:01 | TEMPLOG : To   GeoLoop | 050.000
2017-01-01 16:28:02 | TEMPLOG : WellhouseOne | 061.700
2017-01-01 16:28:03 | TEMPLOG : To   GeoLoop | 049.100
2017-01-01 16:28:03 | TEMPLOG : Table    One | 044.600
2017-01-01 16:29:04 | TEMPLOG : WellhouseOne | 059.900
2017-01-01 16:30:04 | TEMPLOG : WellhouseOne | 058.100
2017-01-01 16:31:05 | TEMPLOG : WellhouseOne | 057.200
2017-01-01 16:32:08 | TEMPLOG : WellhouseOne | 056.300
2017-01-01 16:32:08 | TEMPLOG : Bio   Filter | 043.700
2017-01-01 16:32:08 | TEMPLOG : Table    One | 043.700
2017-01-01 16:33:09 | TEMPLOG : WellhouseOne | 055.400
2017-01-01 16:34:10 | TEMPLOG : WellhouseOne | 054.500
2017-01-01 16:35:11 | TEMPLOG : WellhouseOne | 053.600
2017-01-01 16:36:12 | TEMPLOG : Bio   Filter | 042.800
2017-01-01 16:36:13 | TEMPLOG : Table    One | 042.800
2017-01-01 16:37:13 | TEMPLOG : WellhouseOne | 052.700
2017-01-01 16:39:16 | TEMPLOG : WellhouseOne | 051.800
2017-01-01 16:42:21 | TEMPLOG : WellhouseOne | 050.900
2017-01-01 16:44:24 | TEMPLOG : WellhouseOne | 050.000
2017-01-01 16:45:26 | TEMPLOG : Table    One | 041.900
2017-01-01 16:46:27 | TEMPLOG : Table    One | 042.800
2017-01-01 16:47:27 | TEMPLOG : WellhouseOne | 049.100
2017-01-01 16:47:28 | TEMPLOG : Bio   Filter | 041.900
2017-01-01 16:47:28 | TEMPLOG : Table    One | 041.900
2017-01-01 16:49:29 | TEMPLOG : WellhouseOne | 048.200
2017-01-01 16:52:34 | TEMPLOG : WellhouseOne | 107.600
2017-01-01 16:53:35 | TEMPLOG : WellhouseOne | 126.500
2017-01-01 16:54:36 | TEMPLOG : WellhouseOne | 097.700
2017-01-01 16:55:37 | TEMPLOG : WellhouseOne | 081.500
2017-01-01 16:56:40 | TEMPLOG : WellhouseOne | 072.500
2017-01-01 16:57:42 | TEMPLOG : WellhouseOne | 066.200
2017-01-01 16:58:43 | TEMPLOG : WellhouseOne | 062.600
2017-01-01 16:59:45 | TEMPLOG : WellhouseOne | 060.800
2017-01-01 17:00:46 | TEMPLOG : WellhouseOne | 059.900
2017-01-01 17:00:46 | TEMPLOG : Bio   Filter | 041.900
2017-01-01 17:00:46 | TEMPLOG : To   GeoLoop | 049.100
2017-01-01 17:00:46 | TEMPLOG : Table    One | 041.900
2017-01-01 17:01:47 | TEMPLOG : WellhouseOne | 058.100
2017-01-01 17:02:48 | TEMPLOG : WellhouseOne | 057.200
2017-01-01 17:03:49 | TEMPLOG : WellhouseOne | 056.300
2017-01-01 17:04:50 | TEMPLOG : WellhouseOne | 055.400
2017-01-01 17:04:51 | TEMPLOG : Table    One | 041.000
2017-01-01 17:05:51 | TEMPLOG : WellhouseOne | 054.500
2017-01-01 17:05:52 | TEMPLOG : To   GeoLoop | 048.200
2017-01-01 17:05:52 | TEMPLOG : Table    One | 041.900
2017-01-01 17:06:53 | TEMPLOG : WellhouseOne | 053.600
2017-01-01 17:06:53 | TEMPLOG : Bio   Filter | 041.000
2017-01-01 17:06:54 | TEMPLOG : Table    One | 041.000
2017-01-01 17:07:55 | TEMPLOG : To   GeoLoop | 049.100
2017-01-01 17:08:55 | TEMPLOG : WellhouseOne | 052.700
2017-01-01 17:08:56 | TEMPLOG : Bio   Filter | 041.900
2017-01-01 17:08:56 | TEMPLOG : To   GeoLoop | 048.200
2017-01-01 17:09:57 | TEMPLOG : Bio   Filter | 041.000
2017-01-01 17:16:03 | TEMPLOG : WellhouseOne | 051.800
2017-01-01 17:17:04 | TEMPLOG : WellhouseOne | 050.900
2017-01-01 17:20:09 | TEMPLOG : WellhouseOne | 050.000
2017-01-01 17:23:12 | TEMPLOG : WellhouseOne | 049.100
2017-01-01 17:24:14 | TEMPLOG : WellhouseOne | 052.700
2017-01-01 17:24:15 | TEMPLOG : Table    One | 040.100
2017-01-01 17:25:15 | TEMPLOG : WellhouseOne | 113.000
2017-01-01 17:26:17 | TEMPLOG : WellhouseOne | 122.900
2017-01-01 17:27:19 | TEMPLOG : WellhouseOne | 088.700
2017-01-01 17:28:19 | TEMPLOG : WellhouseOne | 078.800
2017-01-01 17:28:20 | TEMPLOG : Bio   Filter | 040.100
2017-01-01 17:29:21 | TEMPLOG : WellhouseOne | 072.500
2017-01-01 17:30:22 | TEMPLOG : WellhouseOne | 068.900
2017-01-01 17:31:23 | TEMPLOG : WellhouseOne | 065.300
2017-01-01 17:31:25 | TEMPLOG : Bio   Filter | 041.000
2017-01-01 17:32:26 | TEMPLOG : WellhouseOne | 061.700
2017-01-01 17:32:26 | TEMPLOG : Bio   Filter | 040.100
2017-01-01 17:33:27 | TEMPLOG : WellhouseOne | 059.900
2017-01-01 17:34:28 | TEMPLOG : WellhouseOne | 058.100
2017-01-01 17:35:29 | TEMPLOG : WellhouseOne | 056.300
2017-01-01 17:36:30 | TEMPLOG : WellhouseOne | 055.400
2017-01-01 17:39:34 | TEMPLOG : WellhouseOne | 054.500
2017-01-01 17:42:38 | TEMPLOG : WellhouseOne | 053.600
2017-01-01 17:44:40 | TEMPLOG : WellhouseOne | 052.700
2017-01-01 17:50:47 | TEMPLOG : WellhouseOne | 051.800
2017-01-01 17:55:55 | TEMPLOG : WellhouseOne | 050.900
2017-01-01 17:58:59 | TEMPLOG : WellhouseOne | 053.600
2017-01-01 18:00:00 | TEMPLOG : WellhouseOne | 112.100
2017-01-01 18:00:00 | TEMPLOG : Bio   Filter | 040.100
2017-01-01 18:00:00 | TEMPLOG : To   GeoLoop | 048.200
2017-01-01 18:00:01 | TEMPLOG : Table    One | 040.100
2017-01-01 18:01:01 | TEMPLOG : WellhouseOne | 114.800
2017-01-01 18:02:03 | TEMPLOG : WellhouseOne | 086.000
2017-01-01 18:03:04 | TEMPLOG : WellhouseOne | 076.100
2017-01-01 18:04:05 | TEMPLOG : WellhouseOne | 070.700
2017-01-01 18:05:07 | TEMPLOG : WellhouseOne | 067.100
2017-01-01 18:06:08 | TEMPLOG : WellhouseOne | 064.400
2017-01-01 18:07:10 | TEMPLOG : WellhouseOne | 061.700
2017-01-01 18:07:11 | TEMPLOG : Table    One | 039.200
2017-01-01 18:08:12 | TEMPLOG : WellhouseOne | 059.900
2017-01-01 18:08:13 | TEMPLOG : Table    One | 040.100
2017-01-01 18:09:14 | TEMPLOG : WellhouseOne | 058.100
2017-01-01 18:09:14 | TEMPLOG : Table    One | 039.200
2017-01-01 18:10:15 | TEMPLOG : WellhouseOne | 057.200
2017-01-01 18:11:16 | TEMPLOG : WellhouseOne | 056.300
2017-01-01 18:12:17 | TEMPLOG : WellhouseOne | 055.400
2017-01-01 18:13:18 | TEMPLOG : WellhouseOne | 054.500
2017-01-01 18:15:20 | TEMPLOG : WellhouseOne | 053.600
2017-01-01 18:17:23 | TEMPLOG : Bio   Filter | 039.200
2017-01-01 18:20:26 | TEMPLOG : WellhouseOne | 052.700
2017-01-01 18:23:29 | TEMPLOG : WellhouseOne | 051.800
2017-01-01 18:27:34 | TEMPLOG : WellhouseOne | 050.900
2017-01-01 18:27:34 | TEMPLOG : To   GeoLoop | 047.300
2017-01-01 18:28:36 | TEMPLOG : To   GeoLoop | 048.200
2017-01-01 18:29:38 | TEMPLOG : To   GeoLoop | 047.300
2017-01-01 18:31:39 | TEMPLOG : WellhouseOne | 050.000
2017-01-01 18:33:42 | TEMPLOG : WellhouseOne | 102.200
2017-01-01 18:34:43 | TEMPLOG : WellhouseOne | 126.500
2017-01-01 18:35:44 | TEMPLOG : WellhouseOne | 102.200
2017-01-01 18:36:45 | TEMPLOG : WellhouseOne | 084.200
2017-01-01 18:36:46 | TEMPLOG : Table    One | 038.300
2017-01-01 18:37:46 | TEMPLOG : WellhouseOne | 076.100
2017-01-01 18:37:47 | TEMPLOG : Table    One | 039.200
2017-01-01 18:38:47 | TEMPLOG : WellhouseOne | 069.800
2017-01-01 18:39:50 | TEMPLOG : WellhouseOne | 065.300
2017-01-01 18:39:51 | TEMPLOG : Table    One | 038.300
2017-01-01 18:40:51 | TEMPLOG : WellhouseOne | 063.500
2017-01-01 18:40:52 | TEMPLOG : Table    One | 039.200
2017-01-01 18:41:52 | TEMPLOG : WellhouseOne | 060.800
2017-01-01 18:41:53 | TEMPLOG : Table    One | 038.300
2017-01-01 18:42:53 | TEMPLOG : WellhouseOne | 059.000
2017-01-01 18:43:55 | TEMPLOG : WellhouseOne | 058.100
2017-01-01 18:44:56 | TEMPLOG : WellhouseOne | 057.200
2017-01-01 18:44:56 | TEMPLOG : Bio   Filter | 038.300
2017-01-01 18:45:57 | TEMPLOG : WellhouseOne | 056.300
2017-01-01 18:46:58 | TEMPLOG : WellhouseOne | 055.400
2017-01-01 18:47:59 | TEMPLOG : WellhouseOne | 054.500
2017-01-01 18:47:59 | TEMPLOG : Bio   Filter | 039.200
2017-01-01 18:49:00 | TEMPLOG : Bio   Filter | 038.300
2017-01-01 18:50:02 | TEMPLOG : WellhouseOne | 053.600
2017-01-01 18:52:04 | TEMPLOG : WellhouseOne | 052.700
2017-01-01 18:53:06 | TEMPLOG : WellhouseOne | 051.800
2017-01-01 18:57:12 | TEMPLOG : WellhouseOne | 050.900
2017-01-01 19:00:15 | TEMPLOG : WellhouseOne | 050.900
2017-01-01 19:00:16 | TEMPLOG : Bio   Filter | 038.300
2017-01-01 19:00:16 | TEMPLOG : To   GeoLoop | 047.300
2017-01-01 19:00:16 | TEMPLOG : Table    One | 038.300
2017-01-01 19:02:18 | TEMPLOG : WellhouseOne | 050.000
2017-01-01 19:04:21 | TEMPLOG : Table    One | 037.400
2017-01-01 19:06:23 | TEMPLOG : WellhouseOne | 054.500
2017-01-01 19:07:24 | TEMPLOG : WellhouseOne | 113.900
2017-01-01 19:08:26 | TEMPLOG : WellhouseOne | 131.000
2017-01-01 19:09:27 | TEMPLOG : WellhouseOne | 095.000
2017-01-01 19:10:29 | TEMPLOG : WellhouseOne | 082.400
2017-01-01 19:11:30 | TEMPLOG : WellhouseOne | 074.300
2017-01-01 19:12:31 | TEMPLOG : WellhouseOne | 068.000
2017-01-01 19:12:31 | TEMPLOG : Bio   Filter | 037.400
2017-01-01 19:13:32 | TEMPLOG : WellhouseOne | 063.500
2017-01-01 19:14:33 | TEMPLOG : WellhouseOne | 059.900
2017-01-01 19:15:34 | TEMPLOG : WellhouseOne | 058.100
2017-01-01 19:16:35 | TEMPLOG : WellhouseOne | 055.400
2017-01-01 19:17:36 | TEMPLOG : WellhouseOne | 054.500
2017-01-01 19:18:38 | TEMPLOG : WellhouseOne | 053.600
2017-01-01 19:18:39 | TEMPLOG : Table    One | 036.500
2017-01-01 19:19:39 | TEMPLOG : WellhouseOne | 052.700
2017-01-01 19:20:40 | TEMPLOG : WellhouseOne | 051.800
2017-01-01 19:22:42 | TEMPLOG : WellhouseOne | 050.900
2017-01-01 19:23:43 | TEMPLOG : To   GeoLoop | 046.400
2017-01-01 19:24:44 | TEMPLOG : WellhouseOne | 050.000
2017-01-01 19:24:44 | TEMPLOG : To   GeoLoop | 047.300
2017-01-01 19:25:45 | TEMPLOG : To   GeoLoop | 046.400
2017-01-01 19:26:46 | TEMPLOG : WellhouseOne | 049.100
2017-01-01 19:26:46 | TEMPLOG : Bio   Filter | 036.500
2017-01-01 19:27:47 | TEMPLOG : WellhouseOne | 048.200
2017-01-01 19:27:47 | TEMPLOG : Bio   Filter | 037.400
2017-01-01 19:28:48 | TEMPLOG : Bio   Filter | 036.500
2017-01-01 19:29:49 | TEMPLOG : WellhouseOne | 047.300
2017-01-01 19:32:53 | TEMPLOG : WellhouseOne | 046.400
2017-01-01 19:33:55 | TEMPLOG : Bio   Filter | 037.400
2017-01-01 19:34:56 | TEMPLOG : Bio   Filter | 036.500
2017-01-01 19:35:57 | TEMPLOG : Bio   Filter | 037.400
2017-01-01 19:36:58 | TEMPLOG : WellhouseOne | 102.200
2017-01-01 19:36:58 | TEMPLOG : Bio   Filter | 036.500
2017-01-01 19:37:59 | TEMPLOG : WellhouseOne | 123.800
2017-01-01 19:39:00 | TEMPLOG : WellhouseOne | 133.700
2017-01-01 19:40:01 | TEMPLOG : WellhouseOne | 095.000
2017-01-01 19:41:02 | TEMPLOG : WellhouseOne | 081.500
2017-01-01 19:42:03 | TEMPLOG : WellhouseOne | 073.400
2017-01-01 19:43:04 | TEMPLOG : WellhouseOne | 068.000
2017-01-01 19:44:05 | TEMPLOG : WellhouseOne | 063.500
2017-01-01 19:45:06 | TEMPLOG : WellhouseOne | 059.900
2017-01-01 19:46:07 | TEMPLOG : WellhouseOne | 058.100
2017-01-01 19:47:09 | TEMPLOG : WellhouseOne | 056.300
2017-01-01 19:48:10 | TEMPLOG : WellhouseOne | 054.500
2017-01-01 19:49:11 | TEMPLOG : WellhouseOne | 053.600
2017-01-01 19:50:13 | TEMPLOG : WellhouseOne | 052.700
2017-01-01 19:52:15 | TEMPLOG : WellhouseOne | 051.800
2017-01-01 19:53:16 | TEMPLOG : WellhouseOne | 050.900
2017-01-01 19:53:17 | TEMPLOG : Table    One | 035.600
2017-01-01 19:55:19 | TEMPLOG : WellhouseOne | 050.000
2017-01-01 19:57:23 | TEMPLOG : WellhouseOne | 049.100
2017-01-01 19:59:25 | TEMPLOG : WellhouseOne | 048.200
2017-01-01 20:00:26 | TEMPLOG : WellhouseOne | 048.200
2017-01-01 20:00:27 | TEMPLOG : Bio   Filter | 035.600
2017-01-01 20:00:27 | TEMPLOG : To   GeoLoop | 046.400
2017-01-01 20:00:27 | TEMPLOG : Table    One | 035.600
2017-01-01 20:01:27 | TEMPLOG : WellhouseOne | 047.300
2017-01-01 20:01:28 | TEMPLOG : Bio   Filter | 036.500
2017-01-01 20:02:28 | TEMPLOG : WellhouseOne | 046.400
2017-01-01 20:02:28 | TEMPLOG : Bio   Filter | 035.600
2017-01-01 20:05:32 | TEMPLOG : WellhouseOne | 045.500
2017-01-01 20:06:34 | TEMPLOG : WellhouseOne | 095.000
2017-01-01 20:07:35 | TEMPLOG : WellhouseOne | 122.000
2017-01-01 20:08:35 | TEMPLOG : WellhouseOne | 132.800
2017-01-01 20:09:37 | TEMPLOG : WellhouseOne | 096.800
2017-01-01 20:09:37 | TEMPLOG : Bio   Filter | 036.500
2017-01-01 20:10:38 | TEMPLOG : WellhouseOne | 082.400
2017-01-01 20:11:39 | TEMPLOG : WellhouseOne | 073.400
2017-01-01 20:12:41 | TEMPLOG : WellhouseOne | 067.100
2017-01-01 20:13:43 | TEMPLOG : WellhouseOne | 062.600
2017-01-01 20:14:44 | TEMPLOG : WellhouseOne | 059.900
2017-01-01 20:15:45 | TEMPLOG : WellhouseOne | 058.100
2017-01-01 20:15:45 | TEMPLOG : Bio   Filter | 035.600
2017-01-01 20:16:45 | TEMPLOG : WellhouseOne | 056.300
2017-01-01 20:17:47 | TEMPLOG : WellhouseOne | 054.500
2017-01-01 20:17:47 | TEMPLOG : Bio   Filter | 036.500
2017-01-01 20:18:48 | TEMPLOG : WellhouseOne | 053.600
2017-01-01 20:19:50 | TEMPLOG : WellhouseOne | 052.700
2017-01-01 20:19:50 | TEMPLOG : Bio   Filter | 035.600
2017-01-01 20:20:51 | TEMPLOG : WellhouseOne | 051.800
2017-01-01 20:21:53 | TEMPLOG : WellhouseOne | 050.900
2017-01-01 20:22:54 | TEMPLOG : WellhouseOne | 050.000
2017-01-01 20:23:56 | TEMPLOG : WellhouseOne | 049.100
2017-01-01 20:24:56 | TEMPLOG : WellhouseOne | 048.200
2017-01-01 20:24:57 | TEMPLOG : Bio   Filter | 036.500
2017-01-01 20:26:59 | TEMPLOG : WellhouseOne | 047.300
2017-01-01 20:29:01 | TEMPLOG : WellhouseOne | 046.400
2017-01-01 20:31:03 | TEMPLOG : WellhouseOne | 047.300
2017-01-01 20:34:06 | TEMPLOG : WellhouseOne | 046.400
2017-01-01 20:37:09 | TEMPLOG : WellhouseOne | 093.200
2017-01-01 20:38:09 | TEMPLOG : WellhouseOne | 119.300
2017-01-01 20:38:10 | TEMPLOG : Bio   Filter | 035.600
2017-01-01 20:39:11 | TEMPLOG : WellhouseOne | 129.200
2017-01-01 20:40:12 | TEMPLOG : WellhouseOne | 118.400
2017-01-01 20:41:14 | TEMPLOG : WellhouseOne | 091.400
2017-01-01 20:42:15 | TEMPLOG : WellhouseOne | 077.000
2017-01-01 20:43:16 | TEMPLOG : WellhouseOne | 068.900
2017-01-01 20:43:17 | TEMPLOG : To   GeoLoop | 045.500
2017-01-01 20:44:17 | TEMPLOG : WellhouseOne | 064.400
2017-01-01 20:44:18 | TEMPLOG : To   GeoLoop | 046.400
2017-01-01 20:45:19 | TEMPLOG : WellhouseOne | 060.800
2017-01-01 20:45:19 | TEMPLOG : To   GeoLoop | 045.500
2017-01-01 20:46:20 | TEMPLOG : WellhouseOne | 058.100
2017-01-01 20:47:22 | TEMPLOG : WellhouseOne | 056.300
2017-01-01 20:48:23 | TEMPLOG : WellhouseOne | 054.500
2017-01-01 20:48:23 | TEMPLOG : To   GeoLoop | 046.400
2017-01-01 20:49:24 | TEMPLOG : WellhouseOne | 052.700
2017-01-01 20:50:25 | TEMPLOG : To   GeoLoop | 045.500
2017-01-01 20:51:26 | TEMPLOG : WellhouseOne | 051.800
2017-01-01 20:52:27 | TEMPLOG : WellhouseOne | 050.000
2017-01-01 20:54:31 | TEMPLOG : WellhouseOne | 048.200
2017-01-01 20:56:33 | TEMPLOG : WellhouseOne | 047.300
2017-01-01 20:57:34 | TEMPLOG : WellhouseOne | 046.400
2017-01-01 20:58:36 | TEMPLOG : WellhouseOne | 047.300
2017-01-01 21:00:39 | TEMPLOG : WellhouseOne | 047.300
2017-01-01 21:00:39 | TEMPLOG : Bio   Filter | 035.600
2017-01-01 21:00:39 | TEMPLOG : To   GeoLoop | 045.500
2017-01-01 21:00:39 | TEMPLOG : Table    One | 035.600
2017-01-01 21:02:41 | TEMPLOG : WellhouseOne | 046.400
2017-01-01 21:05:45 | TEMPLOG : WellhouseOne | 045.500
2017-01-01 21:07:47 | TEMPLOG : WellhouseOne | 095.000
2017-01-01 21:08:48 | TEMPLOG : WellhouseOne | 117.500
2017-01-01 21:09:49 | TEMPLOG : WellhouseOne | 127.400
2017-01-01 21:11:52 | TEMPLOG : WellhouseOne | 091.400
2017-01-01 21:12:53 | TEMPLOG : WellhouseOne | 079.700
2017-01-01 21:13:55 | TEMPLOG : WellhouseOne | 071.600
2017-01-01 21:14:57 | TEMPLOG : WellhouseOne | 066.200
2017-01-01 21:15:59 | TEMPLOG : WellhouseOne | 060.800
2017-01-01 21:16:59 | TEMPLOG : WellhouseOne | 057.200
2017-01-01 21:18:01 | TEMPLOG : WellhouseOne | 055.400
2017-01-01 21:19:02 | TEMPLOG : WellhouseOne | 053.600
2017-01-01 21:20:03 | TEMPLOG : WellhouseOne | 052.700
2017-01-01 21:21:05 | TEMPLOG : WellhouseOne | 051.800
2017-01-01 21:21:06 | TEMPLOG : Table    One | 034.700
2017-01-01 21:22:06 | TEMPLOG : WellhouseOne | 050.000
2017-01-01 21:23:07 | TEMPLOG : WellhouseOne | 049.100
2017-01-01 21:24:08 | TEMPLOG : WellhouseOne | 048.200
2017-01-01 21:24:09 | TEMPLOG : Table    One | 035.600
2017-01-01 21:25:09 | TEMPLOG : WellhouseOne | 047.300
2017-01-01 21:25:11 | TEMPLOG : Table    One | 034.700
2017-01-01 21:26:11 | TEMPLOG : WellhouseOne | 046.400
2017-01-01 21:27:12 | TEMPLOG : WellhouseOne | 047.300
2017-01-01 21:28:13 | TEMPLOG : WellhouseOne | 046.400
2017-01-01 21:29:15 | TEMPLOG : WellhouseOne | 045.500
2017-01-01 21:30:16 | TEMPLOG : WellhouseOne | 046.400
2017-01-01 21:31:17 | TEMPLOG : WellhouseOne | 045.500
2017-01-01 21:33:22 | TEMPLOG : WellhouseOne | 044.600
2017-01-01 21:37:27 | TEMPLOG : WellhouseOne | 045.500
2017-01-01 21:38:28 | TEMPLOG : WellhouseOne | 098.600
2017-01-01 21:39:30 | TEMPLOG : WellhouseOne | 122.000
2017-01-01 21:40:32 | TEMPLOG : WellhouseOne | 131.900
2017-01-01 21:41:33 | TEMPLOG : WellhouseOne | 096.800
2017-01-01 21:42:35 | TEMPLOG : WellhouseOne | 081.500
2017-01-01 21:43:35 | TEMPLOG : WellhouseOne | 073.400
2017-01-01 21:44:36 | TEMPLOG : WellhouseOne | 067.100
2017-01-01 21:45:38 | TEMPLOG : WellhouseOne | 063.500
2017-01-01 21:46:40 | TEMPLOG : WellhouseOne | 059.900
2017-01-01 21:47:41 | TEMPLOG : WellhouseOne | 057.200
2017-01-01 21:47:41 | TEMPLOG : Bio   Filter | 034.700
2017-01-01 21:48:42 | TEMPLOG : WellhouseOne | 055.400
2017-01-01 21:49:43 | TEMPLOG : WellhouseOne | 053.600
2017-01-01 21:50:44 | TEMPLOG : WellhouseOne | 052.700
2017-01-01 21:51:45 | TEMPLOG : WellhouseOne | 050.900
2017-01-01 21:53:48 | TEMPLOG : WellhouseOne | 050.000
2017-01-01 21:54:50 | TEMPLOG : WellhouseOne | 049.100
2017-01-01 21:56:53 | TEMPLOG : WellhouseOne | 048.200
2017-01-01 21:59:59 | TEMPLOG : WellhouseOne | 047.300
2017-01-01 22:03:03 | TEMPLOG : WellhouseOne | 046.400
2017-01-01 22:06:06 | TEMPLOG : WellhouseOne | 045.500
2017-01-01 22:06:07 | TEMPLOG : To   GeoLoop | 044.600
2017-01-01 22:07:07 | TEMPLOG : WellhouseOne | 072.500
2017-01-01 22:07:08 | TEMPLOG : To   GeoLoop | 045.500
2017-01-01 22:08:08 | TEMPLOG : WellhouseOne | 113.900
2017-01-01 22:08:09 | TEMPLOG : To   GeoLoop | 044.600
2017-01-01 22:09:09 | TEMPLOG : WellhouseOne | 126.500
2017-01-01 22:10:10 | TEMPLOG : WellhouseOne | 134.600
2017-01-01 22:11:12 | TEMPLOG : WellhouseOne | 101.300
2017-01-01 22:12:13 | TEMPLOG : WellhouseOne | 084.200
2017-01-01 22:13:14 | TEMPLOG : WellhouseOne | 075.200
2017-01-01 22:14:15 | TEMPLOG : WellhouseOne | 068.000
2017-01-01 22:15:18 | TEMPLOG : WellhouseOne | 062.600
2017-01-01 22:16:19 | TEMPLOG : WellhouseOne | 059.000
2017-01-01 22:17:20 | TEMPLOG : WellhouseOne | 056.300
2017-01-01 22:17:21 | TEMPLOG : To   GeoLoop | 045.500
2017-01-01 22:18:22 | TEMPLOG : WellhouseOne | 054.500
2017-01-01 22:18:22 | TEMPLOG : To   GeoLoop | 044.600
2017-01-01 22:19:23 | TEMPLOG : WellhouseOne | 052.700
2017-01-01 22:20:24 | TEMPLOG : WellhouseOne | 051.800
2017-01-01 22:21:26 | TEMPLOG : WellhouseOne | 050.900
2017-01-01 22:22:27 | TEMPLOG : WellhouseOne | 050.000
2017-01-01 22:23:28 | TEMPLOG : WellhouseOne | 049.100
2017-01-01 22:24:31 | TEMPLOG : WellhouseOne | 048.200
2017-01-01 22:25:33 | TEMPLOG : Table    One | 033.800
2017-01-01 22:26:34 | TEMPLOG : WellhouseOne | 047.300
2017-01-01 22:28:37 | TEMPLOG : WellhouseOne | 046.400
2017-01-01 22:31:41 | TEMPLOG : WellhouseOne | 045.500
2017-01-01 22:33:44 | TEMPLOG : WellhouseOne | 044.600
2017-01-01 22:34:46 | TEMPLOG : WellhouseOne | 043.700
2017-01-01 22:35:47 | TEMPLOG : WellhouseOne | 068.000
2017-01-01 22:36:48 | TEMPLOG : WellhouseOne | 113.900
2017-01-01 22:37:49 | TEMPLOG : WellhouseOne | 127.400
2017-01-01 22:38:51 | TEMPLOG : WellhouseOne | 134.600
2017-01-01 22:39:52 | TEMPLOG : WellhouseOne | 107.600
2017-01-01 22:39:52 | TEMPLOG : Bio   Filter | 033.800
2017-01-01 22:40:54 | TEMPLOG : WellhouseOne | 086.000
2017-01-01 22:41:55 | TEMPLOG : WellhouseOne | 076.100
2017-01-01 22:42:56 | TEMPLOG : WellhouseOne | 068.900
2017-01-01 22:43:57 | TEMPLOG : WellhouseOne | 064.400
2017-01-01 22:44:58 | TEMPLOG : WellhouseOne | 059.900
2017-01-01 22:45:59 | TEMPLOG : WellhouseOne | 057.200
2017-01-01 22:47:00 | TEMPLOG : WellhouseOne | 053.600
2017-01-01 22:48:01 | TEMPLOG : WellhouseOne | 052.700
2017-01-01 22:49:03 | TEMPLOG : WellhouseOne | 050.900
2017-01-01 22:50:05 | TEMPLOG : WellhouseOne | 050.000
2017-01-01 22:51:08 | TEMPLOG : WellhouseOne | 049.100
2017-01-01 22:52:09 | TEMPLOG : WellhouseOne | 048.200
2017-01-01 22:54:11 | TEMPLOG : WellhouseOne | 047.300
2017-01-01 22:56:15 | TEMPLOG : WellhouseOne | 046.400
2017-01-01 22:57:15 | TEMPLOG : WellhouseOne | 044.600
2017-01-01 22:58:16 | TEMPLOG : WellhouseOne | 043.700
2017-01-01 22:59:18 | TEMPLOG : WellhouseOne | 044.600
2017-01-01 22:59:19 | TEMPLOG : Table    One | 032.900
2017-01-01 23:00:19 | TEMPLOG : WellhouseOne | 044.600
2017-01-01 23:00:20 | TEMPLOG : Bio   Filter | 033.800
2017-01-01 23:00:20 | TEMPLOG : To   GeoLoop | 044.600
2017-01-01 23:00:21 | TEMPLOG : Table    One | 032.900
2017-01-01 23:01:21 | TEMPLOG : WellhouseOne | 043.700
2017-01-01 23:04:25 | TEMPLOG : WellhouseOne | 091.400
2017-01-01 23:05:28 | TEMPLOG : WellhouseOne | 118.400
2017-01-01 23:06:29 | TEMPLOG : WellhouseOne | 129.200
2017-01-01 23:07:30 | TEMPLOG : WellhouseOne | 134.600
2017-01-01 23:08:31 | TEMPLOG : WellhouseOne | 126.500
2017-01-01 23:09:32 | TEMPLOG : WellhouseOne | 094.100
2017-01-01 23:10:33 | TEMPLOG : WellhouseOne | 079.700
2017-01-01 23:11:34 | TEMPLOG : WellhouseOne | 069.800
2017-01-01 23:12:36 | TEMPLOG : WellhouseOne | 064.400
2017-01-01 23:13:38 | TEMPLOG : WellhouseOne | 060.800
2017-01-01 23:14:39 | TEMPLOG : WellhouseOne | 057.200
2017-01-01 23:15:40 | TEMPLOG : WellhouseOne | 054.500
2017-01-01 23:16:41 | TEMPLOG : WellhouseOne | 052.700
2017-01-01 23:17:42 | TEMPLOG : WellhouseOne | 051.800
2017-01-01 23:18:43 | TEMPLOG : WellhouseOne | 050.000
2017-01-01 23:18:43 | TEMPLOG : To   GeoLoop | 043.700
2017-01-01 23:19:44 | TEMPLOG : WellhouseOne | 049.100
2017-01-01 23:19:44 | TEMPLOG : To   GeoLoop | 044.600
2017-01-01 23:20:45 | TEMPLOG : To   GeoLoop | 043.700
2017-01-01 23:21:46 | TEMPLOG : WellhouseOne | 048.200
2017-01-01 23:21:47 | TEMPLOG : To   GeoLoop | 044.600
2017-01-01 23:22:48 | TEMPLOG : WellhouseOne | 047.300
2017-01-01 23:23:49 | TEMPLOG : WellhouseOne | 046.400
2017-01-01 23:23:49 | TEMPLOG : Bio   Filter | 032.900
2017-01-01 23:25:51 | TEMPLOG : WellhouseOne | 045.500
2017-01-01 23:26:54 | TEMPLOG : To   GeoLoop | 043.700
2017-01-01 23:27:54 | TEMPLOG : WellhouseOne | 043.700
2017-01-01 23:29:57 | TEMPLOG : WellhouseOne | 042.800
2017-01-01 23:33:01 | TEMPLOG : WellhouseOne | 063.500
2017-01-01 23:34:02 | TEMPLOG : WellhouseOne | 112.100
2017-01-01 23:35:03 | TEMPLOG : WellhouseOne | 125.600
2017-01-01 23:35:03 | TEMPLOG : Bio   Filter | 033.800
2017-01-01 23:36:04 | TEMPLOG : WellhouseOne | 132.800
2017-01-01 23:36:04 | TEMPLOG : Bio   Filter | 032.900
2017-01-01 23:37:05 | TEMPLOG : WellhouseOne | 136.400
2017-01-01 23:38:06 | TEMPLOG : WellhouseOne | 098.600
2017-01-01 23:39:07 | TEMPLOG : WellhouseOne | 082.400
2017-01-01 23:40:08 | TEMPLOG : WellhouseOne | 073.400
2017-01-01 23:41:09 | TEMPLOG : WellhouseOne | 067.100
2017-01-01 23:42:12 | TEMPLOG : WellhouseOne | 062.600
2017-01-01 23:43:13 | TEMPLOG : WellhouseOne | 059.900
2017-01-01 23:44:14 | TEMPLOG : WellhouseOne | 056.300
2017-01-01 23:45:15 | TEMPLOG : WellhouseOne | 054.500
2017-01-01 23:46:15 | TEMPLOG : WellhouseOne | 052.700
2017-01-01 23:47:17 | TEMPLOG : WellhouseOne | 051.800
2017-01-01 23:48:18 | TEMPLOG : WellhouseOne | 050.000
2017-01-01 23:50:21 | TEMPLOG : WellhouseOne | 049.100
2017-01-01 23:51:23 | TEMPLOG : WellhouseOne | 048.200
2017-01-01 23:53:24 | TEMPLOG : WellhouseOne | 047.300
2017-01-01 23:54:26 | TEMPLOG : WellhouseOne | 046.400
2017-01-01 23:55:27 | TEMPLOG : WellhouseOne | 045.500
2017-01-01 23:57:30 | TEMPLOG : WellhouseOne | 044.600
2017-01-01 23:58:31 | TEMPLOG : WellhouseOne | 045.500
2017-01-01 23:59:33 | TEMPLOG : WellhouseOne | 044.600
