2017-01-15 00:00:30 | TEMPLOG : WellhouseOne | 045.500
2017-01-15 00:00:31 | TEMPLOG : Bio   Filter | 030.200
2017-01-15 00:00:31 | TEMPLOG : To   GeoLoop | 041.000
2017-01-15 00:00:32 | TEMPLOG : Table    One | 030.200
2017-01-15 00:01:32 | TEMPLOG : WellhouseOne | 046.400
2017-01-15 00:02:34 | TEMPLOG : WellhouseOne | 105.800
2017-01-15 00:03:35 | TEMPLOG : WellhouseOne | 120.200
2017-01-15 00:04:36 | TEMPLOG : WellhouseOne | 128.300
2017-01-15 00:05:37 | TEMPLOG : WellhouseOne | 132.800
2017-01-15 00:06:38 | TEMPLOG : WellhouseOne | 098.600
2017-01-15 00:07:40 | TEMPLOG : WellhouseOne | 082.400
2017-01-15 00:07:41 | TEMPLOG : Table    One | 029.300
2017-01-15 00:08:42 | TEMPLOG : WellhouseOne | 073.400
2017-01-15 00:09:43 | TEMPLOG : WellhouseOne | 068.000
2017-01-15 00:10:44 | TEMPLOG : WellhouseOne | 063.500
2017-01-15 00:10:45 | TEMPLOG : Table    One | 030.200
2017-01-15 00:11:46 | TEMPLOG : WellhouseOne | 060.800
2017-01-15 00:11:47 | TEMPLOG : Table    One | 029.300
2017-01-15 00:12:47 | TEMPLOG : WellhouseOne | 058.100
2017-01-15 00:13:49 | TEMPLOG : WellhouseOne | 055.400
2017-01-15 00:14:50 | TEMPLOG : WellhouseOne | 053.600
2017-01-15 00:14:51 | TEMPLOG : Table    One | 030.200
2017-01-15 00:15:52 | TEMPLOG : WellhouseOne | 052.700
2017-01-15 00:16:52 | TEMPLOG : WellhouseOne | 050.900
2017-01-15 00:17:54 | TEMPLOG : WellhouseOne | 050.000
2017-01-15 00:18:55 | TEMPLOG : WellhouseOne | 049.100
2017-01-15 00:20:57 | TEMPLOG : WellhouseOne | 048.200
2017-01-15 00:23:00 | TEMPLOG : WellhouseOne | 047.300
2017-01-15 00:25:03 | TEMPLOG : WellhouseOne | 046.400
2017-01-15 00:27:05 | TEMPLOG : WellhouseOne | 045.500
2017-01-15 00:31:12 | TEMPLOG : WellhouseOne | 099.500
2017-01-15 00:32:14 | TEMPLOG : WellhouseOne | 117.500
2017-01-15 00:33:15 | TEMPLOG : WellhouseOne | 126.500
2017-01-15 00:34:16 | TEMPLOG : WellhouseOne | 131.000
2017-01-15 00:35:17 | TEMPLOG : WellhouseOne | 096.800
2017-01-15 00:35:17 | TEMPLOG : Bio   Filter | 031.100
2017-01-15 00:36:18 | TEMPLOG : WellhouseOne | 082.400
2017-01-15 00:37:19 | TEMPLOG : WellhouseOne | 073.400
2017-01-15 00:38:20 | TEMPLOG : WellhouseOne | 067.100
2017-01-15 00:39:22 | TEMPLOG : WellhouseOne | 063.500
2017-01-15 00:40:24 | TEMPLOG : WellhouseOne | 059.900
2017-01-15 00:41:24 | TEMPLOG : WellhouseOne | 056.300
2017-01-15 00:42:25 | TEMPLOG : WellhouseOne | 054.500
2017-01-15 00:42:26 | TEMPLOG : Table    One | 031.100
2017-01-15 00:43:27 | TEMPLOG : WellhouseOne | 053.600
2017-01-15 00:44:28 | TEMPLOG : WellhouseOne | 051.800
2017-01-15 00:45:29 | TEMPLOG : WellhouseOne | 050.900
2017-01-15 00:46:30 | TEMPLOG : WellhouseOne | 050.000
2017-01-15 00:47:32 | TEMPLOG : WellhouseOne | 049.100
2017-01-15 00:48:32 | TEMPLOG : WellhouseOne | 048.200
2017-01-15 00:50:36 | TEMPLOG : WellhouseOne | 047.300
2017-01-15 00:51:37 | TEMPLOG : WellhouseOne | 046.400
2017-01-15 00:54:41 | TEMPLOG : WellhouseOne | 045.500
2017-01-15 00:57:45 | TEMPLOG : WellhouseOne | 044.600
2017-01-15 00:58:46 | TEMPLOG : WellhouseOne | 086.900
2017-01-15 00:59:49 | TEMPLOG : WellhouseOne | 113.900
2017-01-15 01:00:50 | TEMPLOG : WellhouseOne | 123.800
2017-01-15 01:00:50 | TEMPLOG : Bio   Filter | 031.100
2017-01-15 01:00:50 | TEMPLOG : To   GeoLoop | 041.000
2017-01-15 01:00:50 | TEMPLOG : Table    One | 031.100
2017-01-15 01:01:51 | TEMPLOG : WellhouseOne | 130.100
2017-01-15 01:02:52 | TEMPLOG : WellhouseOne | 134.600
2017-01-15 01:03:53 | TEMPLOG : WellhouseOne | 095.900
2017-01-15 01:04:54 | TEMPLOG : WellhouseOne | 082.400
2017-01-15 01:05:55 | TEMPLOG : WellhouseOne | 073.400
2017-01-15 01:06:56 | TEMPLOG : WellhouseOne | 068.000
2017-01-15 01:07:58 | TEMPLOG : WellhouseOne | 064.400
2017-01-15 01:08:59 | TEMPLOG : WellhouseOne | 061.700
2017-01-15 01:10:00 | TEMPLOG : WellhouseOne | 058.100
2017-01-15 01:11:00 | TEMPLOG : WellhouseOne | 056.300
2017-01-15 01:12:02 | TEMPLOG : WellhouseOne | 054.500
2017-01-15 01:13:03 | TEMPLOG : WellhouseOne | 052.700
2017-01-15 01:15:05 | TEMPLOG : WellhouseOne | 050.900
2017-01-15 01:17:07 | TEMPLOG : WellhouseOne | 050.000
2017-01-15 01:18:09 | TEMPLOG : WellhouseOne | 049.100
2017-01-15 01:19:10 | TEMPLOG : WellhouseOne | 048.200
2017-01-15 01:22:15 | TEMPLOG : WellhouseOne | 047.300
2017-01-15 01:23:17 | TEMPLOG : WellhouseOne | 046.400
2017-01-15 01:26:20 | TEMPLOG : WellhouseOne | 045.500
2017-01-15 01:28:22 | TEMPLOG : WellhouseOne | 104.000
2017-01-15 01:28:23 | TEMPLOG : Table    One | 030.200
2017-01-15 01:29:23 | TEMPLOG : WellhouseOne | 120.200
2017-01-15 01:30:25 | TEMPLOG : WellhouseOne | 128.300
2017-01-15 01:31:26 | TEMPLOG : WellhouseOne | 132.800
2017-01-15 01:32:27 | TEMPLOG : WellhouseOne | 093.200
2017-01-15 01:33:28 | TEMPLOG : WellhouseOne | 079.700
2017-01-15 01:34:28 | TEMPLOG : WellhouseOne | 071.600
2017-01-15 01:35:29 | TEMPLOG : WellhouseOne | 066.200
2017-01-15 01:36:30 | TEMPLOG : WellhouseOne | 062.600
2017-01-15 01:37:32 | TEMPLOG : WellhouseOne | 059.000
2017-01-15 01:38:33 | TEMPLOG : WellhouseOne | 057.200
2017-01-15 01:38:34 | TEMPLOG : To   GeoLoop | 040.100
2017-01-15 01:39:35 | TEMPLOG : WellhouseOne | 055.400
2017-01-15 01:39:35 | TEMPLOG : Bio   Filter | 030.200
2017-01-15 01:40:36 | TEMPLOG : WellhouseOne | 053.600
2017-01-15 01:40:36 | TEMPLOG : Bio   Filter | 031.100
2017-01-15 01:41:37 | TEMPLOG : WellhouseOne | 051.800
2017-01-15 01:41:37 | TEMPLOG : Bio   Filter | 030.200
2017-01-15 01:42:38 | TEMPLOG : WellhouseOne | 050.900
2017-01-15 01:43:40 | TEMPLOG : WellhouseOne | 050.000
2017-01-15 01:44:41 | TEMPLOG : WellhouseOne | 049.100
2017-01-15 01:46:42 | TEMPLOG : WellhouseOne | 048.200
2017-01-15 01:48:44 | TEMPLOG : WellhouseOne | 047.300
2017-01-15 01:50:46 | TEMPLOG : WellhouseOne | 046.400
2017-01-15 01:52:49 | TEMPLOG : WellhouseOne | 045.500
2017-01-15 01:52:50 | TEMPLOG : Table    One | 029.300
2017-01-15 01:53:50 | TEMPLOG : WellhouseOne | 044.600
2017-01-15 01:53:51 | TEMPLOG : Table    One | 030.200
2017-01-15 01:54:51 | TEMPLOG : Table    One | 029.300
2017-01-15 01:55:52 | TEMPLOG : WellhouseOne | 092.300
2017-01-15 01:56:53 | TEMPLOG : WellhouseOne | 115.700
2017-01-15 01:57:55 | TEMPLOG : WellhouseOne | 125.600
2017-01-15 01:58:57 | TEMPLOG : WellhouseOne | 131.000
2017-01-15 01:59:58 | TEMPLOG : WellhouseOne | 107.600
2017-01-15 02:01:00 | TEMPLOG : WellhouseOne | 085.100
2017-01-15 02:02:01 | TEMPLOG : WellhouseOne | 075.200
2017-01-15 02:03:02 | TEMPLOG : WellhouseOne | 068.900
2017-01-15 02:04:03 | TEMPLOG : WellhouseOne | 064.400
2017-01-15 02:05:05 | TEMPLOG : WellhouseOne | 060.800
2017-01-15 02:06:06 | TEMPLOG : WellhouseOne | 058.100
2017-01-15 02:07:07 | TEMPLOG : WellhouseOne | 056.300
2017-01-15 02:08:08 | TEMPLOG : WellhouseOne | 054.500
2017-01-15 02:08:08 | TEMPLOG : Table    One | 030.200
2017-01-15 02:09:09 | TEMPLOG : WellhouseOne | 053.600
2017-01-15 02:10:10 | TEMPLOG : WellhouseOne | 051.800
2017-01-15 02:10:11 | TEMPLOG : Table    One | 029.300
2017-01-15 02:11:11 | TEMPLOG : WellhouseOne | 050.900
2017-01-15 02:12:14 | TEMPLOG : WellhouseOne | 050.000
2017-01-15 02:12:14 | TEMPLOG : Table    One | 030.200
2017-01-15 02:13:15 | TEMPLOG : WellhouseOne | 049.100
2017-01-15 02:14:16 | TEMPLOG : WellhouseOne | 048.200
2017-01-15 02:16:18 | TEMPLOG : WellhouseOne | 047.300
2017-01-15 02:18:20 | TEMPLOG : WellhouseOne | 045.500
2017-01-15 02:20:24 | TEMPLOG : WellhouseOne | 044.600
2017-01-15 02:23:28 | TEMPLOG : WellhouseOne | 067.100
2017-01-15 02:24:30 | TEMPLOG : WellhouseOne | 110.300
2017-01-15 02:24:30 | TEMPLOG : Table    One | 029.300
2017-01-15 02:25:31 | TEMPLOG : WellhouseOne | 122.000
2017-01-15 02:25:31 | TEMPLOG : Table    One | 030.200
2017-01-15 02:26:31 | TEMPLOG : WellhouseOne | 128.300
2017-01-15 02:27:33 | TEMPLOG : WellhouseOne | 133.700
2017-01-15 02:27:34 | TEMPLOG : Table    One | 029.300
2017-01-15 02:28:34 | TEMPLOG : WellhouseOne | 097.700
2017-01-15 02:28:35 | TEMPLOG : Table    One | 030.200
2017-01-15 02:29:35 | TEMPLOG : WellhouseOne | 081.500
2017-01-15 02:30:36 | TEMPLOG : WellhouseOne | 073.400
2017-01-15 02:31:38 | TEMPLOG : WellhouseOne | 068.000
2017-01-15 02:32:39 | TEMPLOG : WellhouseOne | 063.500
2017-01-15 02:32:39 | TEMPLOG : Table    One | 029.300
2017-01-15 02:33:40 | TEMPLOG : WellhouseOne | 060.800
2017-01-15 02:33:40 | TEMPLOG : Table    One | 030.200
2017-01-15 02:34:41 | TEMPLOG : WellhouseOne | 058.100
2017-01-15 02:35:42 | TEMPLOG : WellhouseOne | 055.400
2017-01-15 02:35:43 | TEMPLOG : Table    One | 029.300
2017-01-15 02:36:43 | TEMPLOG : WellhouseOne | 054.500
2017-01-15 02:36:44 | TEMPLOG : Table    One | 030.200
2017-01-15 02:37:44 | TEMPLOG : WellhouseOne | 052.700
2017-01-15 02:37:45 | TEMPLOG : Table    One | 029.300
2017-01-15 02:38:46 | TEMPLOG : WellhouseOne | 050.900
2017-01-15 02:39:47 | TEMPLOG : WellhouseOne | 050.000
2017-01-15 02:41:50 | TEMPLOG : WellhouseOne | 049.100
2017-01-15 02:42:51 | TEMPLOG : WellhouseOne | 048.200
2017-01-15 02:44:53 | TEMPLOG : WellhouseOne | 047.300
2017-01-15 02:46:56 | TEMPLOG : WellhouseOne | 046.400
2017-01-15 02:50:00 | TEMPLOG : WellhouseOne | 045.500
2017-01-15 02:50:00 | TEMPLOG : Bio   Filter | 029.300
2017-01-15 02:52:02 | TEMPLOG : WellhouseOne | 098.600
2017-01-15 02:53:04 | TEMPLOG : WellhouseOne | 117.500
2017-01-15 02:54:06 | TEMPLOG : WellhouseOne | 126.500
2017-01-15 02:55:07 | TEMPLOG : WellhouseOne | 131.900
2017-01-15 02:55:07 | TEMPLOG : Bio   Filter | 030.200
2017-01-15 02:56:09 | TEMPLOG : WellhouseOne | 125.600
2017-01-15 02:57:10 | TEMPLOG : WellhouseOne | 092.300
2017-01-15 02:58:11 | TEMPLOG : WellhouseOne | 080.600
2017-01-15 02:58:11 | TEMPLOG : Bio   Filter | 029.300
2017-01-15 02:59:12 | TEMPLOG : WellhouseOne | 072.500
2017-01-15 03:00:13 | TEMPLOG : WellhouseOne | 066.200
2017-01-15 03:00:13 | TEMPLOG : Bio   Filter | 029.300
2017-01-15 03:00:14 | TEMPLOG : To   GeoLoop | 040.100
2017-01-15 03:00:15 | TEMPLOG : Table    One | 029.300
2017-01-15 03:01:15 | TEMPLOG : WellhouseOne | 062.600
2017-01-15 03:02:15 | TEMPLOG : WellhouseOne | 059.900
2017-01-15 03:03:17 | TEMPLOG : WellhouseOne | 058.100
2017-01-15 03:04:19 | TEMPLOG : WellhouseOne | 055.400
2017-01-15 03:05:20 | TEMPLOG : WellhouseOne | 053.600
2017-01-15 03:06:21 | TEMPLOG : WellhouseOne | 052.700
2017-01-15 03:07:23 | TEMPLOG : WellhouseOne | 050.900
2017-01-15 03:08:24 | TEMPLOG : WellhouseOne | 050.000
2017-01-15 03:09:25 | TEMPLOG : WellhouseOne | 049.100
2017-01-15 03:10:27 | TEMPLOG : WellhouseOne | 048.200
2017-01-15 03:12:30 | TEMPLOG : WellhouseOne | 047.300
2017-01-15 03:13:31 | TEMPLOG : WellhouseOne | 046.400
2017-01-15 03:16:35 | TEMPLOG : WellhouseOne | 045.500
2017-01-15 03:17:35 | TEMPLOG : WellhouseOne | 044.600
2017-01-15 03:20:40 | TEMPLOG : WellhouseOne | 101.300
2017-01-15 03:21:42 | TEMPLOG : WellhouseOne | 117.500
2017-01-15 03:22:43 | TEMPLOG : WellhouseOne | 125.600
2017-01-15 03:23:44 | TEMPLOG : WellhouseOne | 131.000
2017-01-15 03:24:45 | TEMPLOG : WellhouseOne | 133.700
2017-01-15 03:25:47 | TEMPLOG : WellhouseOne | 094.100
2017-01-15 03:26:48 | TEMPLOG : WellhouseOne | 081.500
2017-01-15 03:27:50 | TEMPLOG : WellhouseOne | 073.400
2017-01-15 03:28:52 | TEMPLOG : WellhouseOne | 066.200
2017-01-15 03:29:53 | TEMPLOG : WellhouseOne | 061.700
2017-01-15 03:30:54 | TEMPLOG : WellhouseOne | 059.000
2017-01-15 03:31:55 | TEMPLOG : WellhouseOne | 057.200
2017-01-15 03:32:57 | TEMPLOG : WellhouseOne | 055.400
2017-01-15 03:33:58 | TEMPLOG : WellhouseOne | 053.600
2017-01-15 03:35:00 | TEMPLOG : WellhouseOne | 051.800
2017-01-15 03:36:01 | TEMPLOG : WellhouseOne | 050.900
2017-01-15 03:37:03 | TEMPLOG : WellhouseOne | 050.000
2017-01-15 03:38:03 | TEMPLOG : WellhouseOne | 049.100
2017-01-15 03:40:07 | TEMPLOG : WellhouseOne | 048.200
2017-01-15 03:42:08 | TEMPLOG : WellhouseOne | 047.300
2017-01-15 03:43:09 | TEMPLOG : WellhouseOne | 046.400
2017-01-15 03:46:13 | TEMPLOG : WellhouseOne | 045.500
2017-01-15 03:48:17 | TEMPLOG : WellhouseOne | 044.600
2017-01-15 03:49:18 | TEMPLOG : WellhouseOne | 080.600
2017-01-15 03:50:19 | TEMPLOG : WellhouseOne | 113.000
2017-01-15 03:51:20 | TEMPLOG : WellhouseOne | 123.800
2017-01-15 03:52:21 | TEMPLOG : WellhouseOne | 130.100
2017-01-15 03:53:22 | TEMPLOG : WellhouseOne | 110.300
2017-01-15 03:53:23 | TEMPLOG : To   GeoLoop | 039.200
2017-01-15 03:53:23 | TEMPLOG : Table    One | 028.400
2017-01-15 03:54:23 | TEMPLOG : WellhouseOne | 086.900
2017-01-15 03:54:24 | TEMPLOG : To   GeoLoop | 040.100
2017-01-15 03:54:24 | TEMPLOG : Table    One | 029.300
2017-01-15 03:55:24 | TEMPLOG : WellhouseOne | 076.100
2017-01-15 03:55:25 | TEMPLOG : To   GeoLoop | 039.200
2017-01-15 03:56:25 | TEMPLOG : WellhouseOne | 068.900
2017-01-15 03:56:26 | TEMPLOG : To   GeoLoop | 040.100
2017-01-15 03:57:26 | TEMPLOG : WellhouseOne | 063.500
2017-01-15 03:58:27 | TEMPLOG : WellhouseOne | 059.000
2017-01-15 03:58:28 | TEMPLOG : To   GeoLoop | 039.200
2017-01-15 03:58:29 | TEMPLOG : Table    One | 028.400
2017-01-15 03:59:29 | TEMPLOG : WellhouseOne | 056.300
2017-01-15 03:59:30 | TEMPLOG : To   GeoLoop | 040.100
2017-01-15 03:59:30 | TEMPLOG : Table    One | 029.300
2017-01-15 04:00:30 | TEMPLOG : WellhouseOne | 054.500
2017-01-15 04:00:31 | TEMPLOG : Bio   Filter | 029.300
2017-01-15 04:00:31 | TEMPLOG : To   GeoLoop | 039.200
2017-01-15 04:00:31 | TEMPLOG : Table    One | 028.400
2017-01-15 04:01:31 | TEMPLOG : WellhouseOne | 052.700
2017-01-15 04:01:33 | TEMPLOG : To   GeoLoop | 040.100
2017-01-15 04:02:34 | TEMPLOG : WellhouseOne | 050.900
2017-01-15 04:03:36 | TEMPLOG : WellhouseOne | 050.000
2017-01-15 04:03:37 | TEMPLOG : To   GeoLoop | 039.200
2017-01-15 04:04:37 | TEMPLOG : WellhouseOne | 049.100
2017-01-15 04:04:38 | TEMPLOG : Table    One | 029.300
2017-01-15 04:05:39 | TEMPLOG : WellhouseOne | 048.200
2017-01-15 04:05:39 | TEMPLOG : Table    One | 028.400
2017-01-15 04:07:41 | TEMPLOG : WellhouseOne | 047.300
2017-01-15 04:07:41 | TEMPLOG : Table    One | 029.300
2017-01-15 04:08:42 | TEMPLOG : WellhouseOne | 046.400
2017-01-15 04:10:44 | TEMPLOG : WellhouseOne | 045.500
2017-01-15 04:11:46 | TEMPLOG : To   GeoLoop | 040.100
2017-01-15 04:12:48 | TEMPLOG : To   GeoLoop | 039.200
2017-01-15 04:12:48 | TEMPLOG : Table    One | 028.400
2017-01-15 04:13:49 | TEMPLOG : WellhouseOne | 044.600
2017-01-15 04:13:50 | TEMPLOG : Table    One | 029.300
2017-01-15 04:15:51 | TEMPLOG : WellhouseOne | 043.700
2017-01-15 04:16:53 | TEMPLOG : WellhouseOne | 101.300
2017-01-15 04:17:54 | TEMPLOG : WellhouseOne | 118.400
2017-01-15 04:18:55 | TEMPLOG : WellhouseOne | 126.500
2017-01-15 04:19:57 | TEMPLOG : WellhouseOne | 131.900
2017-01-15 04:20:59 | TEMPLOG : WellhouseOne | 103.100
2017-01-15 04:22:00 | TEMPLOG : WellhouseOne | 085.100
2017-01-15 04:23:01 | TEMPLOG : WellhouseOne | 075.200
2017-01-15 04:24:04 | TEMPLOG : WellhouseOne | 068.900
2017-01-15 04:25:05 | TEMPLOG : WellhouseOne | 063.500
2017-01-15 04:26:06 | TEMPLOG : WellhouseOne | 059.000
2017-01-15 04:27:07 | TEMPLOG : WellhouseOne | 056.300
2017-01-15 04:28:09 | TEMPLOG : WellhouseOne | 054.500
2017-01-15 04:29:10 | TEMPLOG : WellhouseOne | 052.700
2017-01-15 04:30:11 | TEMPLOG : WellhouseOne | 051.800
2017-01-15 04:31:12 | TEMPLOG : WellhouseOne | 050.000
2017-01-15 04:32:14 | TEMPLOG : WellhouseOne | 049.100
2017-01-15 04:33:15 | TEMPLOG : WellhouseOne | 048.200
2017-01-15 04:34:16 | TEMPLOG : WellhouseOne | 047.300
2017-01-15 04:36:18 | TEMPLOG : WellhouseOne | 046.400
2017-01-15 04:38:23 | TEMPLOG : WellhouseOne | 045.500
2017-01-15 04:40:26 | TEMPLOG : WellhouseOne | 044.600
2017-01-15 04:43:30 | TEMPLOG : WellhouseOne | 068.900
2017-01-15 04:44:31 | TEMPLOG : WellhouseOne | 109.400
2017-01-15 04:45:32 | TEMPLOG : WellhouseOne | 122.000
2017-01-15 04:46:34 | TEMPLOG : WellhouseOne | 128.300
2017-01-15 04:47:35 | TEMPLOG : WellhouseOne | 132.800
2017-01-15 04:48:36 | TEMPLOG : WellhouseOne | 097.700
2017-01-15 04:49:37 | TEMPLOG : WellhouseOne | 083.300
2017-01-15 04:50:38 | TEMPLOG : WellhouseOne | 074.300
2017-01-15 04:51:39 | TEMPLOG : WellhouseOne | 068.000
2017-01-15 04:52:40 | TEMPLOG : WellhouseOne | 063.500
2017-01-15 04:53:41 | TEMPLOG : WellhouseOne | 059.900
2017-01-15 04:54:42 | TEMPLOG : WellhouseOne | 057.200
2017-01-15 04:55:43 | TEMPLOG : WellhouseOne | 054.500
2017-01-15 04:56:44 | TEMPLOG : WellhouseOne | 053.600
2017-01-15 04:57:46 | TEMPLOG : WellhouseOne | 051.800
2017-01-15 04:58:47 | TEMPLOG : WellhouseOne | 050.900
2017-01-15 04:59:48 | TEMPLOG : WellhouseOne | 050.000
2017-01-15 05:00:49 | TEMPLOG : WellhouseOne | 049.100
2017-01-15 05:00:50 | TEMPLOG : Bio   Filter | 029.300
2017-01-15 05:00:50 | TEMPLOG : To   GeoLoop | 039.200
2017-01-15 05:00:50 | TEMPLOG : Table    One | 029.300
2017-01-15 05:01:51 | TEMPLOG : WellhouseOne | 048.200
2017-01-15 05:02:52 | TEMPLOG : WellhouseOne | 047.300
2017-01-15 05:04:54 | TEMPLOG : WellhouseOne | 046.400
2017-01-15 05:06:57 | TEMPLOG : WellhouseOne | 045.500
2017-01-15 05:08:59 | TEMPLOG : WellhouseOne | 044.600
2017-01-15 05:11:02 | TEMPLOG : WellhouseOne | 079.700
2017-01-15 05:12:03 | TEMPLOG : WellhouseOne | 111.200
2017-01-15 05:13:04 | TEMPLOG : WellhouseOne | 122.000
2017-01-15 05:14:05 | TEMPLOG : WellhouseOne | 128.300
2017-01-15 05:15:07 | TEMPLOG : WellhouseOne | 131.900
2017-01-15 05:16:08 | TEMPLOG : WellhouseOne | 106.700
2017-01-15 05:17:10 | TEMPLOG : WellhouseOne | 086.000
2017-01-15 05:18:12 | TEMPLOG : WellhouseOne | 076.100
2017-01-15 05:19:13 | TEMPLOG : WellhouseOne | 068.900
2017-01-15 05:20:14 | TEMPLOG : WellhouseOne | 064.400
2017-01-15 05:21:15 | TEMPLOG : WellhouseOne | 060.800
2017-01-15 05:22:16 | TEMPLOG : WellhouseOne | 058.100
2017-01-15 05:23:17 | TEMPLOG : WellhouseOne | 055.400
2017-01-15 05:24:19 | TEMPLOG : WellhouseOne | 054.500
2017-01-15 05:25:20 | TEMPLOG : WellhouseOne | 052.700
2017-01-15 05:26:22 | TEMPLOG : WellhouseOne | 051.800
2017-01-15 05:27:23 | TEMPLOG : WellhouseOne | 050.900
2017-01-15 05:28:25 | TEMPLOG : WellhouseOne | 050.000
2017-01-15 05:29:26 | TEMPLOG : WellhouseOne | 049.100
2017-01-15 05:30:27 | TEMPLOG : WellhouseOne | 048.200
2017-01-15 05:31:28 | TEMPLOG : WellhouseOne | 047.300
2017-01-15 05:33:31 | TEMPLOG : WellhouseOne | 046.400
2017-01-15 05:34:32 | TEMPLOG : WellhouseOne | 045.500
2017-01-15 05:35:32 | TEMPLOG : WellhouseOne | 044.600
2017-01-15 05:38:36 | TEMPLOG : WellhouseOne | 043.700
2017-01-15 05:39:37 | TEMPLOG : WellhouseOne | 094.100
2017-01-15 05:40:38 | TEMPLOG : WellhouseOne | 115.700
2017-01-15 05:41:39 | TEMPLOG : WellhouseOne | 125.600
2017-01-15 05:42:40 | TEMPLOG : WellhouseOne | 130.100
2017-01-15 05:43:42 | TEMPLOG : WellhouseOne | 105.800
2017-01-15 05:44:43 | TEMPLOG : WellhouseOne | 086.000
2017-01-15 05:45:44 | TEMPLOG : WellhouseOne | 077.000
2017-01-15 05:46:46 | TEMPLOG : WellhouseOne | 068.000
2017-01-15 05:47:47 | TEMPLOG : WellhouseOne | 063.500
2017-01-15 05:48:48 | TEMPLOG : WellhouseOne | 059.900
2017-01-15 05:49:50 | TEMPLOG : WellhouseOne | 057.200
2017-01-15 05:50:51 | TEMPLOG : WellhouseOne | 054.500
2017-01-15 05:51:53 | TEMPLOG : WellhouseOne | 052.700
2017-01-15 05:52:54 | TEMPLOG : WellhouseOne | 051.800
2017-01-15 05:53:55 | TEMPLOG : WellhouseOne | 050.900
2017-01-15 05:54:56 | TEMPLOG : WellhouseOne | 050.000
2017-01-15 05:56:58 | TEMPLOG : WellhouseOne | 049.100
2017-01-15 05:57:59 | TEMPLOG : WellhouseOne | 048.200
2017-01-15 05:59:00 | TEMPLOG : WellhouseOne | 047.300
2017-01-15 06:00:01 | TEMPLOG : WellhouseOne | 047.300
2017-01-15 06:00:01 | TEMPLOG : Bio   Filter | 029.300
2017-01-15 06:00:02 | TEMPLOG : To   GeoLoop | 039.200
2017-01-15 06:00:02 | TEMPLOG : Table    One | 029.300
2017-01-15 06:01:02 | TEMPLOG : WellhouseOne | 046.400
2017-01-15 06:03:05 | TEMPLOG : WellhouseOne | 045.500
2017-01-15 06:06:09 | TEMPLOG : WellhouseOne | 044.600
2017-01-15 06:08:13 | TEMPLOG : WellhouseOne | 094.100
2017-01-15 06:09:15 | TEMPLOG : WellhouseOne | 113.900
2017-01-15 06:10:16 | TEMPLOG : WellhouseOne | 123.800
2017-01-15 06:11:17 | TEMPLOG : WellhouseOne | 129.200
2017-01-15 06:12:18 | TEMPLOG : WellhouseOne | 133.700
2017-01-15 06:13:19 | TEMPLOG : WellhouseOne | 096.800
2017-01-15 06:14:20 | TEMPLOG : WellhouseOne | 082.400
2017-01-15 06:15:21 | TEMPLOG : WellhouseOne | 073.400
2017-01-15 06:16:22 | TEMPLOG : WellhouseOne | 067.100
2017-01-15 06:17:24 | TEMPLOG : WellhouseOne | 062.600
2017-01-15 06:18:25 | TEMPLOG : WellhouseOne | 059.000
2017-01-15 06:19:26 | TEMPLOG : WellhouseOne | 056.300
2017-01-15 06:20:27 | TEMPLOG : WellhouseOne | 054.500
2017-01-15 06:21:28 | TEMPLOG : WellhouseOne | 052.700
2017-01-15 06:22:29 | TEMPLOG : WellhouseOne | 051.800
2017-01-15 06:23:30 | TEMPLOG : WellhouseOne | 050.900
2017-01-15 06:24:32 | TEMPLOG : WellhouseOne | 049.100
2017-01-15 06:25:33 | TEMPLOG : WellhouseOne | 048.200
2017-01-15 06:27:35 | TEMPLOG : WellhouseOne | 047.300
2017-01-15 06:28:37 | TEMPLOG : WellhouseOne | 046.400
2017-01-15 06:30:40 | TEMPLOG : WellhouseOne | 045.500
2017-01-15 06:32:42 | TEMPLOG : WellhouseOne | 044.600
2017-01-15 06:34:43 | TEMPLOG : WellhouseOne | 043.700
2017-01-15 06:35:45 | TEMPLOG : WellhouseOne | 055.400
2017-01-15 06:36:47 | TEMPLOG : WellhouseOne | 105.800
2017-01-15 06:37:48 | TEMPLOG : WellhouseOne | 118.400
2017-01-15 06:38:49 | TEMPLOG : WellhouseOne | 125.600
2017-01-15 06:39:51 | TEMPLOG : WellhouseOne | 130.100
2017-01-15 06:40:51 | TEMPLOG : WellhouseOne | 119.300
2017-01-15 06:41:53 | TEMPLOG : WellhouseOne | 090.500
2017-01-15 06:42:53 | TEMPLOG : WellhouseOne | 078.800
2017-01-15 06:43:54 | TEMPLOG : WellhouseOne | 071.600
2017-01-15 06:44:55 | TEMPLOG : WellhouseOne | 065.300
2017-01-15 06:45:56 | TEMPLOG : WellhouseOne | 059.900
2017-01-15 06:46:57 | TEMPLOG : WellhouseOne | 057.200
2017-01-15 06:47:59 | TEMPLOG : WellhouseOne | 054.500
2017-01-15 06:49:00 | TEMPLOG : WellhouseOne | 053.600
2017-01-15 06:49:00 | TEMPLOG : Bio   Filter | 030.200
2017-01-15 06:50:01 | TEMPLOG : WellhouseOne | 052.700
2017-01-15 06:50:01 | TEMPLOG : Bio   Filter | 029.300
2017-01-15 06:51:02 | TEMPLOG : WellhouseOne | 050.900
2017-01-15 06:52:03 | TEMPLOG : WellhouseOne | 050.000
2017-01-15 06:53:05 | TEMPLOG : WellhouseOne | 049.100
2017-01-15 06:53:05 | TEMPLOG : Bio   Filter | 030.200
2017-01-15 06:55:07 | TEMPLOG : WellhouseOne | 048.200
2017-01-15 06:56:08 | TEMPLOG : WellhouseOne | 047.300
2017-01-15 06:58:12 | TEMPLOG : WellhouseOne | 046.400
2017-01-15 06:59:13 | TEMPLOG : Table    One | 030.200
2017-01-15 07:00:14 | TEMPLOG : WellhouseOne | 045.500
2017-01-15 07:00:14 | TEMPLOG : Bio   Filter | 030.200
2017-01-15 07:00:14 | TEMPLOG : To   GeoLoop | 039.200
2017-01-15 07:00:14 | TEMPLOG : Table    One | 030.200
2017-01-15 07:04:18 | TEMPLOG : WellhouseOne | 062.600
2017-01-15 07:05:19 | TEMPLOG : WellhouseOne | 108.500
2017-01-15 07:06:21 | TEMPLOG : WellhouseOne | 122.000
2017-01-15 07:07:23 | TEMPLOG : WellhouseOne | 128.300
2017-01-15 07:08:24 | TEMPLOG : WellhouseOne | 107.600
2017-01-15 07:08:24 | TEMPLOG : Bio   Filter | 031.100
2017-01-15 07:09:25 | TEMPLOG : WellhouseOne | 086.000
2017-01-15 07:10:26 | TEMPLOG : WellhouseOne | 076.100
2017-01-15 07:10:27 | TEMPLOG : Table    One | 031.100
2017-01-15 07:11:28 | TEMPLOG : WellhouseOne | 068.900
2017-01-15 07:12:29 | TEMPLOG : WellhouseOne | 063.500
2017-01-15 07:13:30 | TEMPLOG : WellhouseOne | 060.800
2017-01-15 07:14:32 | TEMPLOG : WellhouseOne | 058.100
2017-01-15 07:15:33 | TEMPLOG : WellhouseOne | 055.400
2017-01-15 07:16:34 | TEMPLOG : WellhouseOne | 053.600
2017-01-15 07:17:35 | TEMPLOG : WellhouseOne | 052.700
2017-01-15 07:17:35 | TEMPLOG : To   GeoLoop | 040.100
2017-01-15 07:18:36 | TEMPLOG : WellhouseOne | 050.900
2017-01-15 07:19:37 | TEMPLOG : WellhouseOne | 050.000
2017-01-15 07:19:37 | TEMPLOG : To   GeoLoop | 039.200
2017-01-15 07:20:39 | TEMPLOG : To   GeoLoop | 040.100
2017-01-15 07:21:39 | TEMPLOG : WellhouseOne | 049.100
2017-01-15 07:22:42 | TEMPLOG : WellhouseOne | 048.200
2017-01-15 07:23:43 | TEMPLOG : To   GeoLoop | 039.200
2017-01-15 07:24:43 | TEMPLOG : WellhouseOne | 047.300
2017-01-15 07:25:44 | TEMPLOG : WellhouseOne | 046.400
2017-01-15 07:26:45 | TEMPLOG : To   GeoLoop | 040.100
2017-01-15 07:28:46 | TEMPLOG : WellhouseOne | 045.500
2017-01-15 07:30:49 | TEMPLOG : WellhouseOne | 044.600
2017-01-15 07:32:51 | TEMPLOG : WellhouseOne | 095.900
2017-01-15 07:33:54 | TEMPLOG : WellhouseOne | 116.600
2017-01-15 07:34:55 | TEMPLOG : WellhouseOne | 126.500
2017-01-15 07:35:56 | TEMPLOG : WellhouseOne | 106.700
2017-01-15 07:36:58 | TEMPLOG : WellhouseOne | 081.500
2017-01-15 07:37:59 | TEMPLOG : WellhouseOne | 072.500
2017-01-15 07:39:00 | TEMPLOG : WellhouseOne | 067.100
2017-01-15 07:40:01 | TEMPLOG : WellhouseOne | 063.500
2017-01-15 07:41:03 | TEMPLOG : WellhouseOne | 059.900
2017-01-15 07:42:04 | TEMPLOG : WellhouseOne | 058.100
2017-01-15 07:43:04 | TEMPLOG : WellhouseOne | 055.400
2017-01-15 07:44:05 | TEMPLOG : WellhouseOne | 053.600
2017-01-15 07:45:07 | TEMPLOG : WellhouseOne | 052.700
2017-01-15 07:46:08 | TEMPLOG : WellhouseOne | 051.800
2017-01-15 07:47:09 | TEMPLOG : WellhouseOne | 050.000
2017-01-15 07:48:11 | TEMPLOG : WellhouseOne | 049.100
2017-01-15 07:50:13 | TEMPLOG : WellhouseOne | 048.200
2017-01-15 07:51:15 | TEMPLOG : WellhouseOne | 047.300
2017-01-15 07:53:17 | TEMPLOG : WellhouseOne | 046.400
2017-01-15 07:56:22 | TEMPLOG : WellhouseOne | 045.500
2017-01-15 07:57:23 | TEMPLOG : Bio   Filter | 032.900
2017-01-15 07:59:25 | TEMPLOG : WellhouseOne | 044.600
2017-01-15 08:00:26 | TEMPLOG : WellhouseOne | 095.000
2017-01-15 08:00:26 | TEMPLOG : Bio   Filter | 032.900
2017-01-15 08:00:26 | TEMPLOG : To   GeoLoop | 040.100
2017-01-15 08:01:27 | TEMPLOG : WellhouseOne | 115.700
2017-01-15 08:02:28 | TEMPLOG : WellhouseOne | 126.500
2017-01-15 08:03:29 | TEMPLOG : WellhouseOne | 131.900
2017-01-15 08:04:31 | TEMPLOG : WellhouseOne | 091.400
2017-01-15 08:05:32 | TEMPLOG : WellhouseOne | 079.700
2017-01-15 08:05:33 | TEMPLOG : Table    One | 032.900
2017-01-15 08:06:33 | TEMPLOG : WellhouseOne | 071.600
2017-01-15 08:07:34 | TEMPLOG : WellhouseOne | 065.300
2017-01-15 08:08:34 | TEMPLOG : WellhouseOne | 062.600
2017-01-15 08:09:36 | TEMPLOG : WellhouseOne | 059.000
2017-01-15 08:10:37 | TEMPLOG : WellhouseOne | 056.300
2017-01-15 08:11:37 | TEMPLOG : WellhouseOne | 054.500
2017-01-15 08:12:40 | TEMPLOG : WellhouseOne | 052.700
2017-01-15 08:13:41 | TEMPLOG : WellhouseOne | 051.800
2017-01-15 08:14:41 | TEMPLOG : WellhouseOne | 050.900
2017-01-15 08:15:42 | TEMPLOG : WellhouseOne | 050.000
2017-01-15 08:16:43 | TEMPLOG : WellhouseOne | 049.100
2017-01-15 08:17:44 | TEMPLOG : WellhouseOne | 048.200
2017-01-15 08:19:46 | TEMPLOG : WellhouseOne | 047.300
2017-01-15 08:19:47 | TEMPLOG : Bio   Filter | 033.800
2017-01-15 08:20:47 | TEMPLOG : WellhouseOne | 046.400
2017-01-15 08:23:52 | TEMPLOG : WellhouseOne | 045.500
2017-01-15 08:24:53 | TEMPLOG : WellhouseOne | 044.600
2017-01-15 08:24:53 | TEMPLOG : Table    One | 033.800
2017-01-15 08:25:54 | TEMPLOG : WellhouseOne | 045.500
2017-01-15 08:26:54 | TEMPLOG : WellhouseOne | 050.000
2017-01-15 08:27:55 | TEMPLOG : WellhouseOne | 105.800
2017-01-15 08:28:57 | TEMPLOG : WellhouseOne | 120.200
2017-01-15 08:29:57 | TEMPLOG : WellhouseOne | 128.300
2017-01-15 08:30:59 | TEMPLOG : WellhouseOne | 121.100
2017-01-15 08:32:00 | TEMPLOG : WellhouseOne | 089.600
2017-01-15 08:33:01 | TEMPLOG : WellhouseOne | 078.800
2017-01-15 08:34:02 | TEMPLOG : WellhouseOne | 070.700
2017-01-15 08:35:03 | TEMPLOG : WellhouseOne | 065.300
2017-01-15 08:35:03 | TEMPLOG : Bio   Filter | 034.700
2017-01-15 08:36:04 | TEMPLOG : WellhouseOne | 061.700
2017-01-15 08:37:06 | TEMPLOG : WellhouseOne | 058.100
2017-01-15 08:38:07 | TEMPLOG : WellhouseOne | 056.300
2017-01-15 08:39:11 | TEMPLOG : WellhouseOne | 054.500
2017-01-15 08:40:12 | TEMPLOG : WellhouseOne | 052.700
2017-01-15 08:41:13 | TEMPLOG : WellhouseOne | 051.800
2017-01-15 08:42:14 | TEMPLOG : WellhouseOne | 050.900
2017-01-15 08:42:16 | TEMPLOG : Table    One | 034.700
2017-01-15 08:43:16 | TEMPLOG : WellhouseOne | 050.000
2017-01-15 08:44:18 | TEMPLOG : WellhouseOne | 049.100
2017-01-15 08:45:19 | TEMPLOG : WellhouseOne | 048.200
2017-01-15 08:45:20 | TEMPLOG : To   GeoLoop | 041.000
2017-01-15 08:46:21 | TEMPLOG : To   GeoLoop | 040.100
2017-01-15 08:47:21 | TEMPLOG : WellhouseOne | 047.300
2017-01-15 08:47:22 | TEMPLOG : To   GeoLoop | 041.000
2017-01-15 08:49:23 | TEMPLOG : WellhouseOne | 046.400
2017-01-15 08:52:26 | TEMPLOG : WellhouseOne | 045.500
2017-01-15 08:53:27 | TEMPLOG : Bio   Filter | 035.600
2017-01-15 08:55:30 | TEMPLOG : WellhouseOne | 095.000
2017-01-15 08:56:32 | TEMPLOG : WellhouseOne | 116.600
2017-01-15 08:57:33 | TEMPLOG : WellhouseOne | 127.400
2017-01-15 08:58:34 | TEMPLOG : WellhouseOne | 113.000
2017-01-15 08:59:35 | TEMPLOG : WellhouseOne | 086.900
2017-01-15 09:00:37 | TEMPLOG : WellhouseOne | 077.000
2017-01-15 09:00:38 | TEMPLOG : Bio   Filter | 035.600
2017-01-15 09:00:38 | TEMPLOG : To   GeoLoop | 041.000
2017-01-15 09:00:39 | TEMPLOG : Table    One | 034.700
2017-01-15 09:01:39 | TEMPLOG : WellhouseOne | 069.800
2017-01-15 09:02:41 | TEMPLOG : WellhouseOne | 065.300
2017-01-15 09:03:42 | TEMPLOG : WellhouseOne | 060.800
2017-01-15 09:04:45 | TEMPLOG : WellhouseOne | 058.100
2017-01-15 09:05:46 | TEMPLOG : WellhouseOne | 056.300
2017-01-15 09:06:47 | TEMPLOG : WellhouseOne | 054.500
2017-01-15 09:07:48 | TEMPLOG : WellhouseOne | 053.600
2017-01-15 09:08:50 | TEMPLOG : WellhouseOne | 051.800
2017-01-15 09:09:52 | TEMPLOG : WellhouseOne | 050.900
2017-01-15 09:10:52 | TEMPLOG : WellhouseOne | 050.000
2017-01-15 09:10:53 | TEMPLOG : Table    One | 035.600
2017-01-15 09:12:56 | TEMPLOG : WellhouseOne | 049.100
2017-01-15 09:13:57 | TEMPLOG : WellhouseOne | 048.200
2017-01-15 09:16:00 | TEMPLOG : WellhouseOne | 047.300
2017-01-15 09:18:02 | TEMPLOG : WellhouseOne | 046.400
2017-01-15 09:21:05 | TEMPLOG : WellhouseOne | 045.500
2017-01-15 09:22:06 | TEMPLOG : WellhouseOne | 081.500
2017-01-15 09:23:07 | TEMPLOG : WellhouseOne | 113.900
2017-01-15 09:24:08 | TEMPLOG : WellhouseOne | 122.900
2017-01-15 09:25:09 | TEMPLOG : WellhouseOne | 129.200
2017-01-15 09:26:11 | TEMPLOG : WellhouseOne | 133.700
2017-01-15 09:27:13 | TEMPLOG : WellhouseOne | 096.800
2017-01-15 09:28:14 | TEMPLOG : WellhouseOne | 080.600
2017-01-15 09:29:16 | TEMPLOG : WellhouseOne | 071.600
2017-01-15 09:30:17 | TEMPLOG : WellhouseOne | 067.100
2017-01-15 09:31:18 | TEMPLOG : WellhouseOne | 063.500
2017-01-15 09:32:20 | TEMPLOG : WellhouseOne | 059.900
2017-01-15 09:33:20 | TEMPLOG : WellhouseOne | 057.200
2017-01-15 09:34:21 | TEMPLOG : WellhouseOne | 055.400
2017-01-15 09:35:22 | TEMPLOG : WellhouseOne | 054.500
2017-01-15 09:36:24 | TEMPLOG : WellhouseOne | 052.700
2017-01-15 09:37:25 | TEMPLOG : WellhouseOne | 051.800
2017-01-15 09:38:27 | TEMPLOG : WellhouseOne | 050.900
2017-01-15 09:39:28 | TEMPLOG : WellhouseOne | 050.000
2017-01-15 09:41:31 | TEMPLOG : WellhouseOne | 049.100
2017-01-15 09:41:31 | TEMPLOG : Bio   Filter | 036.500
2017-01-15 09:42:32 | TEMPLOG : WellhouseOne | 048.200
2017-01-15 09:42:32 | TEMPLOG : Bio   Filter | 035.600
2017-01-15 09:43:33 | TEMPLOG : Bio   Filter | 036.500
2017-01-15 09:44:34 | TEMPLOG : WellhouseOne | 047.300
2017-01-15 09:44:34 | TEMPLOG : Bio   Filter | 035.600
2017-01-15 09:47:38 | TEMPLOG : WellhouseOne | 046.400
2017-01-15 09:47:39 | TEMPLOG : Table    One | 036.500
2017-01-15 09:48:40 | TEMPLOG : Table    One | 035.600
2017-01-15 09:50:42 | TEMPLOG : WellhouseOne | 086.000
2017-01-15 09:50:42 | TEMPLOG : Bio   Filter | 036.500
2017-01-15 09:50:42 | TEMPLOG : Table    One | 036.500
2017-01-15 09:51:43 | TEMPLOG : WellhouseOne | 114.800
2017-01-15 09:52:44 | TEMPLOG : WellhouseOne | 124.700
2017-01-15 09:53:45 | TEMPLOG : WellhouseOne | 131.900
2017-01-15 09:54:46 | TEMPLOG : WellhouseOne | 102.200
2017-01-15 09:55:47 | TEMPLOG : WellhouseOne | 084.200
2017-01-15 09:56:48 | TEMPLOG : WellhouseOne | 074.300
2017-01-15 09:57:50 | TEMPLOG : WellhouseOne | 068.000
2017-01-15 09:58:51 | TEMPLOG : WellhouseOne | 064.400
2017-01-15 09:59:52 | TEMPLOG : WellhouseOne | 060.800
2017-01-15 10:00:54 | TEMPLOG : WellhouseOne | 058.100
2017-01-15 10:00:55 | TEMPLOG : Bio   Filter | 036.500
2017-01-15 10:00:55 | TEMPLOG : To   GeoLoop | 041.000
2017-01-15 10:00:56 | TEMPLOG : Table    One | 036.500
2017-01-15 10:01:56 | TEMPLOG : WellhouseOne | 056.300
2017-01-15 10:02:57 | TEMPLOG : WellhouseOne | 054.500
2017-01-15 10:03:59 | TEMPLOG : WellhouseOne | 053.600
2017-01-15 10:05:00 | TEMPLOG : WellhouseOne | 052.700
2017-01-15 10:06:01 | TEMPLOG : WellhouseOne | 051.800
2017-01-15 10:07:03 | TEMPLOG : WellhouseOne | 050.900
2017-01-15 10:08:04 | TEMPLOG : WellhouseOne | 050.000
2017-01-15 10:10:07 | TEMPLOG : WellhouseOne | 049.100
2017-01-15 10:10:08 | TEMPLOG : To   GeoLoop | 041.900
2017-01-15 10:11:09 | TEMPLOG : WellhouseOne | 048.200
2017-01-15 10:11:09 | TEMPLOG : To   GeoLoop | 041.000
2017-01-15 10:12:10 | TEMPLOG : Bio   Filter | 037.400
2017-01-15 10:13:11 | TEMPLOG : WellhouseOne | 047.300
2017-01-15 10:14:12 | TEMPLOG : To   GeoLoop | 041.900
2017-01-15 10:14:13 | TEMPLOG : Table    One | 037.400
2017-01-15 10:16:14 | TEMPLOG : WellhouseOne | 046.400
2017-01-15 10:16:14 | TEMPLOG : To   GeoLoop | 041.000
2017-01-15 10:17:15 | TEMPLOG : To   GeoLoop | 041.900
2017-01-15 10:19:16 | TEMPLOG : WellhouseOne | 088.700
2017-01-15 10:20:17 | TEMPLOG : WellhouseOne | 113.900
2017-01-15 10:21:18 | TEMPLOG : WellhouseOne | 124.700
2017-01-15 10:22:20 | TEMPLOG : WellhouseOne | 130.100
2017-01-15 10:23:22 | TEMPLOG : WellhouseOne | 092.300
2017-01-15 10:24:24 | TEMPLOG : WellhouseOne | 079.700
2017-01-15 10:24:24 | TEMPLOG : Bio   Filter | 038.300
2017-01-15 10:25:25 | TEMPLOG : WellhouseOne | 071.600
2017-01-15 10:25:25 | TEMPLOG : Table    One | 038.300
2017-01-15 10:26:26 | TEMPLOG : WellhouseOne | 066.200
2017-01-15 10:27:27 | TEMPLOG : WellhouseOne | 063.500
2017-01-15 10:28:29 | TEMPLOG : WellhouseOne | 059.900
2017-01-15 10:29:30 | TEMPLOG : WellhouseOne | 058.100
2017-01-15 10:30:31 | TEMPLOG : WellhouseOne | 056.300
2017-01-15 10:31:33 | TEMPLOG : WellhouseOne | 054.500
2017-01-15 10:31:34 | TEMPLOG : Bio   Filter | 039.200
2017-01-15 10:31:34 | TEMPLOG : Table    One | 039.200
2017-01-15 10:32:35 | TEMPLOG : WellhouseOne | 053.600
2017-01-15 10:33:35 | TEMPLOG : WellhouseOne | 052.700
2017-01-15 10:34:36 | TEMPLOG : WellhouseOne | 051.800
2017-01-15 10:35:37 | TEMPLOG : WellhouseOne | 050.900
2017-01-15 10:37:39 | TEMPLOG : WellhouseOne | 050.000
2017-01-15 10:38:40 | TEMPLOG : WellhouseOne | 049.100
2017-01-15 10:40:42 | TEMPLOG : WellhouseOne | 048.200
2017-01-15 10:42:45 | TEMPLOG : Bio   Filter | 040.100
2017-01-15 10:43:45 | TEMPLOG : WellhouseOne | 047.300
2017-01-15 10:44:47 | TEMPLOG : Table    One | 040.100
2017-01-15 10:46:49 | TEMPLOG : WellhouseOne | 046.400
2017-01-15 10:47:50 | TEMPLOG : WellhouseOne | 096.800
2017-01-15 10:48:51 | TEMPLOG : WellhouseOne | 117.500
2017-01-15 10:48:51 | TEMPLOG : To   GeoLoop | 042.800
2017-01-15 10:49:52 | TEMPLOG : WellhouseOne | 126.500
2017-01-15 10:49:52 | TEMPLOG : To   GeoLoop | 041.900
2017-01-15 10:50:53 | TEMPLOG : WellhouseOne | 129.200
2017-01-15 10:50:54 | TEMPLOG : To   GeoLoop | 042.800
2017-01-15 10:51:55 | TEMPLOG : WellhouseOne | 091.400
2017-01-15 10:52:56 | TEMPLOG : WellhouseOne | 078.800
2017-01-15 10:53:58 | TEMPLOG : WellhouseOne | 072.500
2017-01-15 10:54:58 | TEMPLOG : WellhouseOne | 067.100
2017-01-15 10:55:59 | TEMPLOG : WellhouseOne | 063.500
2017-01-15 10:57:00 | TEMPLOG : WellhouseOne | 060.800
2017-01-15 10:58:01 | TEMPLOG : WellhouseOne | 058.100
2017-01-15 10:59:03 | TEMPLOG : WellhouseOne | 056.300
2017-01-15 10:59:04 | TEMPLOG : To   GeoLoop | 041.900
2017-01-15 11:00:05 | TEMPLOG : WellhouseOne | 055.400
2017-01-15 11:00:05 | TEMPLOG : Bio   Filter | 040.100
2017-01-15 11:00:05 | TEMPLOG : To   GeoLoop | 041.900
2017-01-15 11:00:05 | TEMPLOG : Table    One | 040.100
2017-01-15 11:01:06 | TEMPLOG : WellhouseOne | 053.600
2017-01-15 11:01:06 | TEMPLOG : Bio   Filter | 039.200
2017-01-15 11:02:07 | TEMPLOG : WellhouseOne | 052.700
2017-01-15 11:03:10 | TEMPLOG : WellhouseOne | 051.800
2017-01-15 11:03:10 | TEMPLOG : Bio   Filter | 040.100
2017-01-15 11:04:11 | TEMPLOG : WellhouseOne | 050.900
2017-01-15 11:04:11 | TEMPLOG : Bio   Filter | 039.200
2017-01-15 11:07:16 | TEMPLOG : WellhouseOne | 050.000
2017-01-15 11:08:17 | TEMPLOG : WellhouseOne | 049.100
2017-01-15 11:10:19 | TEMPLOG : Bio   Filter | 040.100
2017-01-15 11:11:19 | TEMPLOG : WellhouseOne | 048.200
2017-01-15 11:11:20 | TEMPLOG : To   GeoLoop | 042.800
2017-01-15 11:14:23 | TEMPLOG : WellhouseOne | 047.300
2017-01-15 11:17:26 | TEMPLOG : WellhouseOne | 103.100
2017-01-15 11:18:27 | TEMPLOG : WellhouseOne | 119.300
2017-01-15 11:19:29 | TEMPLOG : WellhouseOne | 127.400
2017-01-15 11:20:30 | TEMPLOG : WellhouseOne | 106.700
2017-01-15 11:21:31 | TEMPLOG : WellhouseOne | 086.000
2017-01-15 11:22:33 | TEMPLOG : WellhouseOne | 076.100
2017-01-15 11:23:33 | TEMPLOG : WellhouseOne | 070.700
2017-01-15 11:24:35 | TEMPLOG : WellhouseOne | 066.200
2017-01-15 11:25:36 | TEMPLOG : WellhouseOne | 062.600
2017-01-15 11:26:37 | TEMPLOG : WellhouseOne | 059.900
2017-01-15 11:27:38 | TEMPLOG : WellhouseOne | 057.200
2017-01-15 11:28:40 | TEMPLOG : WellhouseOne | 056.300
2017-01-15 11:28:41 | TEMPLOG : Table    One | 041.000
2017-01-15 11:29:41 | TEMPLOG : WellhouseOne | 054.500
2017-01-15 11:29:42 | TEMPLOG : Bio   Filter | 041.000
2017-01-15 11:29:43 | TEMPLOG : Table    One | 040.100
2017-01-15 11:30:43 | TEMPLOG : WellhouseOne | 052.700
2017-01-15 11:30:43 | TEMPLOG : Bio   Filter | 040.100
2017-01-15 11:32:46 | TEMPLOG : WellhouseOne | 051.800
2017-01-15 11:33:48 | TEMPLOG : WellhouseOne | 050.900
2017-01-15 11:35:50 | TEMPLOG : WellhouseOne | 050.000
2017-01-15 11:35:51 | TEMPLOG : To   GeoLoop | 041.900
2017-01-15 11:36:52 | TEMPLOG : To   GeoLoop | 042.800
2017-01-15 11:37:53 | TEMPLOG : WellhouseOne | 049.100
2017-01-15 11:37:53 | TEMPLOG : To   GeoLoop | 041.900
2017-01-15 11:38:55 | TEMPLOG : To   GeoLoop | 042.800
2017-01-15 11:40:59 | TEMPLOG : WellhouseOne | 048.200
2017-01-15 11:40:59 | TEMPLOG : To   GeoLoop | 041.900
2017-01-15 11:42:00 | TEMPLOG : To   GeoLoop | 042.800
2017-01-15 11:43:01 | TEMPLOG : WellhouseOne | 047.300
2017-01-15 11:47:06 | TEMPLOG : WellhouseOne | 084.200
2017-01-15 11:48:07 | TEMPLOG : WellhouseOne | 117.500
2017-01-15 11:49:09 | TEMPLOG : WellhouseOne | 128.300
2017-01-15 11:50:11 | TEMPLOG : WellhouseOne | 098.600
2017-01-15 11:51:12 | TEMPLOG : WellhouseOne | 082.400
2017-01-15 11:52:12 | TEMPLOG : WellhouseOne | 075.200
2017-01-15 11:53:14 | TEMPLOG : WellhouseOne | 068.000
2017-01-15 11:54:16 | TEMPLOG : WellhouseOne | 063.500
2017-01-15 11:55:19 | TEMPLOG : WellhouseOne | 060.800
2017-01-15 11:56:20 | TEMPLOG : WellhouseOne | 058.100
2017-01-15 11:57:22 | TEMPLOG : WellhouseOne | 056.300
2017-01-15 11:58:22 | TEMPLOG : WellhouseOne | 054.500
2017-01-15 11:59:24 | TEMPLOG : WellhouseOne | 053.600
2017-01-15 12:00:25 | TEMPLOG : WellhouseOne | 052.700
2017-01-15 12:00:25 | TEMPLOG : Bio   Filter | 040.100
2017-01-15 12:00:25 | TEMPLOG : To   GeoLoop | 042.800
2017-01-15 12:00:26 | TEMPLOG : Table    One | 040.100
2017-01-15 12:01:26 | TEMPLOG : WellhouseOne | 051.800
2017-01-15 12:03:29 | TEMPLOG : WellhouseOne | 050.900
2017-01-15 12:05:32 | TEMPLOG : WellhouseOne | 050.000
2017-01-15 12:07:36 | TEMPLOG : Bio   Filter | 041.000
2017-01-15 12:08:37 | TEMPLOG : WellhouseOne | 049.100
2017-01-15 12:10:39 | TEMPLOG : WellhouseOne | 048.200
2017-01-15 12:11:40 | TEMPLOG : Table    One | 041.000
2017-01-15 12:13:41 | TEMPLOG : WellhouseOne | 047.300
2017-01-15 12:16:46 | TEMPLOG : WellhouseOne | 104.000
2017-01-15 12:17:47 | TEMPLOG : WellhouseOne | 121.100
2017-01-15 12:18:49 | TEMPLOG : WellhouseOne | 129.200
2017-01-15 12:19:51 | TEMPLOG : WellhouseOne | 099.500
2017-01-15 12:20:52 | TEMPLOG : WellhouseOne | 083.300
2017-01-15 12:21:53 | TEMPLOG : WellhouseOne | 075.200
2017-01-15 12:22:53 | TEMPLOG : WellhouseOne | 068.900
2017-01-15 12:23:55 | TEMPLOG : WellhouseOne | 064.400
2017-01-15 12:24:57 | TEMPLOG : WellhouseOne | 062.600
2017-01-15 12:25:58 | TEMPLOG : WellhouseOne | 059.900
2017-01-15 12:25:58 | TEMPLOG : Bio   Filter | 041.900
2017-01-15 12:26:58 | TEMPLOG : WellhouseOne | 058.100
2017-01-15 12:26:59 | TEMPLOG : Bio   Filter | 041.000
2017-01-15 12:27:59 | TEMPLOG : WellhouseOne | 056.300
2017-01-15 12:29:00 | TEMPLOG : WellhouseOne | 055.400
2017-01-15 12:30:01 | TEMPLOG : WellhouseOne | 053.600
2017-01-15 12:31:02 | TEMPLOG : WellhouseOne | 052.700
2017-01-15 12:32:03 | TEMPLOG : WellhouseOne | 051.800
2017-01-15 12:35:07 | TEMPLOG : WellhouseOne | 050.900
2017-01-15 12:37:10 | TEMPLOG : WellhouseOne | 050.000
2017-01-15 12:40:13 | TEMPLOG : WellhouseOne | 049.100
2017-01-15 12:43:16 | TEMPLOG : WellhouseOne | 048.200
2017-01-15 12:43:16 | TEMPLOG : Table    One | 041.900
2017-01-15 12:44:17 | TEMPLOG : Bio   Filter | 041.900
2017-01-15 12:46:19 | TEMPLOG : WellhouseOne | 057.200
2017-01-15 12:47:21 | TEMPLOG : WellhouseOne | 109.400
2017-01-15 12:48:22 | TEMPLOG : WellhouseOne | 123.800
2017-01-15 12:49:24 | TEMPLOG : WellhouseOne | 119.300
2017-01-15 12:50:25 | TEMPLOG : WellhouseOne | 088.700
2017-01-15 12:51:27 | TEMPLOG : WellhouseOne | 077.900
2017-01-15 12:52:28 | TEMPLOG : WellhouseOne | 071.600
2017-01-15 12:53:29 | TEMPLOG : WellhouseOne | 067.100
2017-01-15 12:54:31 | TEMPLOG : WellhouseOne | 062.600
2017-01-15 12:55:32 | TEMPLOG : WellhouseOne | 059.900
2017-01-15 12:56:33 | TEMPLOG : WellhouseOne | 058.100
2017-01-15 12:57:33 | TEMPLOG : WellhouseOne | 056.300
2017-01-15 12:58:35 | TEMPLOG : WellhouseOne | 055.400
2017-01-15 12:59:36 | TEMPLOG : WellhouseOne | 054.500
2017-01-15 13:00:38 | TEMPLOG : WellhouseOne | 053.600
2017-01-15 13:00:39 | TEMPLOG : Bio   Filter | 041.900
2017-01-15 13:00:39 | TEMPLOG : To   GeoLoop | 042.800
2017-01-15 13:00:39 | TEMPLOG : Table    One | 041.900
2017-01-15 13:01:39 | TEMPLOG : WellhouseOne | 052.700
2017-01-15 13:02:41 | TEMPLOG : WellhouseOne | 051.800
2017-01-15 13:04:44 | TEMPLOG : WellhouseOne | 050.900
2017-01-15 13:06:48 | TEMPLOG : Bio   Filter | 042.800
2017-01-15 13:06:48 | TEMPLOG : To   GeoLoop | 043.700
2017-01-15 13:07:49 | TEMPLOG : WellhouseOne | 050.000
2017-01-15 13:07:50 | TEMPLOG : Table    One | 042.800
2017-01-15 13:09:51 | TEMPLOG : WellhouseOne | 049.100
2017-01-15 13:12:56 | TEMPLOG : Bio   Filter | 043.700
2017-01-15 13:13:58 | TEMPLOG : WellhouseOne | 048.200
2017-01-15 13:17:01 | TEMPLOG : WellhouseOne | 091.400
2017-01-15 13:18:04 | TEMPLOG : WellhouseOne | 117.500
2017-01-15 13:19:04 | TEMPLOG : WellhouseOne | 129.200
2017-01-15 13:20:05 | TEMPLOG : WellhouseOne | 095.000
2017-01-15 13:20:06 | TEMPLOG : Table    One | 043.700
2017-01-15 13:21:06 | TEMPLOG : WellhouseOne | 081.500
2017-01-15 13:21:07 | TEMPLOG : Table    One | 042.800
2017-01-15 13:22:07 | TEMPLOG : WellhouseOne | 073.400
2017-01-15 13:23:09 | TEMPLOG : WellhouseOne | 067.100
2017-01-15 13:24:12 | TEMPLOG : WellhouseOne | 062.600
2017-01-15 13:25:13 | TEMPLOG : WellhouseOne | 059.900
2017-01-15 13:26:14 | TEMPLOG : WellhouseOne | 058.100
2017-01-15 13:26:14 | TEMPLOG : Bio   Filter | 042.800
2017-01-15 13:26:15 | TEMPLOG : Table    One | 043.700
2017-01-15 13:27:15 | TEMPLOG : WellhouseOne | 056.300
2017-01-15 13:28:16 | TEMPLOG : WellhouseOne | 055.400
2017-01-15 13:28:16 | TEMPLOG : Bio   Filter | 043.700
2017-01-15 13:29:17 | TEMPLOG : WellhouseOne | 054.500
2017-01-15 13:30:18 | TEMPLOG : WellhouseOne | 053.600
2017-01-15 13:31:20 | TEMPLOG : WellhouseOne | 052.700
2017-01-15 13:31:20 | TEMPLOG : Table    One | 042.800
2017-01-15 13:32:21 | TEMPLOG : Table    One | 043.700
2017-01-15 13:33:21 | TEMPLOG : WellhouseOne | 051.800
2017-01-15 13:35:23 | TEMPLOG : WellhouseOne | 050.900
2017-01-15 13:36:24 | TEMPLOG : WellhouseOne | 050.000
2017-01-15 13:40:28 | TEMPLOG : WellhouseOne | 049.100
2017-01-15 13:42:30 | TEMPLOG : WellhouseOne | 048.200
2017-01-15 13:42:31 | TEMPLOG : Bio   Filter | 044.600
2017-01-15 13:43:32 | TEMPLOG : WellhouseOne | 049.100
2017-01-15 13:44:33 | TEMPLOG : WellhouseOne | 048.200
2017-01-15 13:47:37 | TEMPLOG : WellhouseOne | 099.500
2017-01-15 13:48:39 | TEMPLOG : WellhouseOne | 120.200
2017-01-15 13:48:39 | TEMPLOG : Bio   Filter | 043.700
2017-01-15 13:49:40 | TEMPLOG : WellhouseOne | 130.100
2017-01-15 13:50:41 | TEMPLOG : WellhouseOne | 091.400
2017-01-15 13:51:42 | TEMPLOG : WellhouseOne | 078.800
2017-01-15 13:52:43 | TEMPLOG : WellhouseOne | 071.600
2017-01-15 13:53:44 | TEMPLOG : WellhouseOne | 067.100
2017-01-15 13:54:44 | TEMPLOG : WellhouseOne | 063.500
2017-01-15 13:55:45 | TEMPLOG : WellhouseOne | 060.800
2017-01-15 13:56:46 | TEMPLOG : WellhouseOne | 059.000
2017-01-15 13:57:47 | TEMPLOG : WellhouseOne | 057.200
2017-01-15 13:58:48 | TEMPLOG : WellhouseOne | 055.400
2017-01-15 13:59:49 | TEMPLOG : WellhouseOne | 054.500
2017-01-15 14:00:50 | TEMPLOG : WellhouseOne | 053.600
2017-01-15 14:00:50 | TEMPLOG : Bio   Filter | 043.700
2017-01-15 14:00:50 | TEMPLOG : To   GeoLoop | 043.700
2017-01-15 14:00:51 | TEMPLOG : Table    One | 043.700
2017-01-15 14:01:51 | TEMPLOG : WellhouseOne | 052.700
2017-01-15 14:03:54 | TEMPLOG : WellhouseOne | 051.800
2017-01-15 14:05:57 | TEMPLOG : WellhouseOne | 050.900
2017-01-15 14:08:59 | TEMPLOG : WellhouseOne | 050.000
2017-01-15 14:09:00 | TEMPLOG : Table    One | 042.800
2017-01-15 14:13:06 | TEMPLOG : WellhouseOne | 049.100
2017-01-15 14:13:06 | TEMPLOG : Bio   Filter | 042.800
2017-01-15 14:15:08 | TEMPLOG : WellhouseOne | 048.200
2017-01-15 14:18:13 | TEMPLOG : WellhouseOne | 108.500
2017-01-15 14:19:15 | TEMPLOG : WellhouseOne | 125.600
2017-01-15 14:19:16 | TEMPLOG : Table    One | 041.900
2017-01-15 14:20:16 | TEMPLOG : WellhouseOne | 116.600
2017-01-15 14:21:19 | TEMPLOG : WellhouseOne | 087.800
2017-01-15 14:22:21 | TEMPLOG : WellhouseOne | 077.000
2017-01-15 14:23:22 | TEMPLOG : WellhouseOne | 070.700
2017-01-15 14:24:23 | TEMPLOG : WellhouseOne | 066.200
2017-01-15 14:25:24 | TEMPLOG : WellhouseOne | 062.600
2017-01-15 14:26:25 | TEMPLOG : WellhouseOne | 059.900
2017-01-15 14:26:25 | TEMPLOG : Bio   Filter | 041.900
2017-01-15 14:27:26 | TEMPLOG : WellhouseOne | 057.200
2017-01-15 14:28:28 | TEMPLOG : WellhouseOne | 056.300
2017-01-15 14:29:29 | TEMPLOG : WellhouseOne | 054.500
2017-01-15 14:30:30 | TEMPLOG : WellhouseOne | 053.600
2017-01-15 14:31:31 | TEMPLOG : WellhouseOne | 052.700
2017-01-15 14:32:33 | TEMPLOG : WellhouseOne | 051.800
2017-01-15 14:33:35 | TEMPLOG : Table    One | 041.000
2017-01-15 14:34:36 | TEMPLOG : WellhouseOne | 050.900
2017-01-15 14:37:39 | TEMPLOG : WellhouseOne | 050.000
2017-01-15 14:39:42 | TEMPLOG : WellhouseOne | 049.100
2017-01-15 14:41:45 | TEMPLOG : Bio   Filter | 041.000
2017-01-15 14:42:46 | TEMPLOG : WellhouseOne | 048.200
2017-01-15 14:44:49 | TEMPLOG : To   GeoLoop | 042.800
2017-01-15 14:47:52 | TEMPLOG : WellhouseOne | 104.900
2017-01-15 14:48:54 | TEMPLOG : WellhouseOne | 123.800
2017-01-15 14:49:54 | TEMPLOG : WellhouseOne | 131.000
2017-01-15 14:49:55 | TEMPLOG : To   GeoLoop | 043.700
2017-01-15 14:49:55 | TEMPLOG : Table    One | 040.100
2017-01-15 14:50:55 | TEMPLOG : WellhouseOne | 090.500
2017-01-15 14:50:56 | TEMPLOG : To   GeoLoop | 042.800
2017-01-15 14:51:56 | TEMPLOG : WellhouseOne | 078.800
2017-01-15 14:52:58 | TEMPLOG : WellhouseOne | 071.600
2017-01-15 14:53:59 | TEMPLOG : WellhouseOne | 067.100
2017-01-15 14:55:00 | TEMPLOG : WellhouseOne | 062.600
2017-01-15 14:56:02 | TEMPLOG : WellhouseOne | 060.800
2017-01-15 14:57:03 | TEMPLOG : WellhouseOne | 058.100
2017-01-15 14:58:04 | TEMPLOG : WellhouseOne | 056.300
2017-01-15 14:59:05 | TEMPLOG : WellhouseOne | 055.400
2017-01-15 15:00:06 | TEMPLOG : WellhouseOne | 054.500
2017-01-15 15:00:06 | TEMPLOG : Bio   Filter | 041.000
2017-01-15 15:00:06 | TEMPLOG : To   GeoLoop | 042.800
2017-01-15 15:00:07 | TEMPLOG : Table    One | 040.100
2017-01-15 15:01:07 | TEMPLOG : WellhouseOne | 053.600
2017-01-15 15:02:09 | TEMPLOG : WellhouseOne | 052.700
2017-01-15 15:02:10 | TEMPLOG : To   GeoLoop | 043.700
2017-01-15 15:03:10 | TEMPLOG : WellhouseOne | 051.800
2017-01-15 15:04:12 | TEMPLOG : To   GeoLoop | 042.800
2017-01-15 15:05:13 | TEMPLOG : WellhouseOne | 050.900
2017-01-15 15:05:14 | TEMPLOG : To   GeoLoop | 043.700
2017-01-15 15:08:18 | TEMPLOG : WellhouseOne | 050.000
2017-01-15 15:09:20 | TEMPLOG : Bio   Filter | 040.100
2017-01-15 15:09:20 | TEMPLOG : To   GeoLoop | 042.800
2017-01-15 15:10:21 | TEMPLOG : To   GeoLoop | 043.700
2017-01-15 15:11:21 | TEMPLOG : WellhouseOne | 049.100
2017-01-15 15:12:23 | TEMPLOG : To   GeoLoop | 042.800
2017-01-15 15:13:24 | TEMPLOG : WellhouseOne | 048.200
2017-01-15 15:15:26 | TEMPLOG : To   GeoLoop | 043.700
2017-01-15 15:17:28 | TEMPLOG : WellhouseOne | 089.600
2017-01-15 15:17:29 | TEMPLOG : To   GeoLoop | 042.800
2017-01-15 15:18:30 | TEMPLOG : WellhouseOne | 119.300
2017-01-15 15:18:30 | TEMPLOG : Table    One | 039.200
2017-01-15 15:19:30 | TEMPLOG : WellhouseOne | 130.100
2017-01-15 15:19:32 | TEMPLOG : Table    One | 040.100
2017-01-15 15:20:32 | TEMPLOG : WellhouseOne | 097.700
2017-01-15 15:20:32 | TEMPLOG : Table    One | 039.200
2017-01-15 15:21:33 | TEMPLOG : WellhouseOne | 081.500
2017-01-15 15:22:35 | TEMPLOG : WellhouseOne | 072.500
2017-01-15 15:23:35 | TEMPLOG : WellhouseOne | 068.000
2017-01-15 15:24:36 | TEMPLOG : WellhouseOne | 064.400
2017-01-15 15:24:36 | TEMPLOG : Bio   Filter | 039.200
2017-01-15 15:25:38 | TEMPLOG : WellhouseOne | 061.700
2017-01-15 15:26:39 | TEMPLOG : WellhouseOne | 059.000
2017-01-15 15:27:40 | TEMPLOG : WellhouseOne | 057.200
2017-01-15 15:28:41 | TEMPLOG : WellhouseOne | 055.400
2017-01-15 15:29:41 | TEMPLOG : WellhouseOne | 054.500
2017-01-15 15:30:42 | TEMPLOG : WellhouseOne | 053.600
2017-01-15 15:31:43 | TEMPLOG : WellhouseOne | 052.700
2017-01-15 15:33:45 | TEMPLOG : WellhouseOne | 051.800
2017-01-15 15:35:48 | TEMPLOG : WellhouseOne | 050.900
2017-01-15 15:37:50 | TEMPLOG : WellhouseOne | 050.000
2017-01-15 15:40:54 | TEMPLOG : WellhouseOne | 049.100
2017-01-15 15:43:57 | TEMPLOG : WellhouseOne | 048.200
2017-01-15 15:48:03 | TEMPLOG : WellhouseOne | 109.400
2017-01-15 15:48:05 | TEMPLOG : Table    One | 038.300
2017-01-15 15:49:05 | TEMPLOG : WellhouseOne | 125.600
2017-01-15 15:50:07 | TEMPLOG : WellhouseOne | 113.900
2017-01-15 15:51:08 | TEMPLOG : WellhouseOne | 086.900
2017-01-15 15:52:09 | TEMPLOG : WellhouseOne | 077.000
2017-01-15 15:53:10 | TEMPLOG : WellhouseOne | 069.800
2017-01-15 15:54:11 | TEMPLOG : WellhouseOne | 065.300
2017-01-15 15:55:12 | TEMPLOG : WellhouseOne | 062.600
2017-01-15 15:56:13 | TEMPLOG : WellhouseOne | 059.900
2017-01-15 15:57:14 | TEMPLOG : WellhouseOne | 058.100
2017-01-15 15:58:16 | TEMPLOG : WellhouseOne | 056.300
2017-01-15 15:59:17 | TEMPLOG : WellhouseOne | 054.500
2017-01-15 16:00:18 | TEMPLOG : WellhouseOne | 053.600
2017-01-15 16:00:19 | TEMPLOG : Bio   Filter | 039.200
2017-01-15 16:00:19 | TEMPLOG : To   GeoLoop | 042.800
2017-01-15 16:00:19 | TEMPLOG : Table    One | 038.300
2017-01-15 16:01:20 | TEMPLOG : WellhouseOne | 052.700
2017-01-15 16:03:22 | TEMPLOG : WellhouseOne | 051.800
2017-01-15 16:04:23 | TEMPLOG : WellhouseOne | 050.900
2017-01-15 16:07:27 | TEMPLOG : WellhouseOne | 050.000
2017-01-15 16:07:28 | TEMPLOG : Table    One | 039.200
2017-01-15 16:08:29 | TEMPLOG : Table    One | 038.300
2017-01-15 16:10:30 | TEMPLOG : WellhouseOne | 049.100
2017-01-15 16:14:34 | TEMPLOG : WellhouseOne | 048.200
2017-01-15 16:17:39 | TEMPLOG : WellhouseOne | 096.800
2017-01-15 16:18:39 | TEMPLOG : WellhouseOne | 120.200
2017-01-15 16:19:41 | TEMPLOG : WellhouseOne | 130.100
2017-01-15 16:20:42 | TEMPLOG : WellhouseOne | 096.800
2017-01-15 16:21:43 | TEMPLOG : WellhouseOne | 082.400
2017-01-15 16:22:43 | TEMPLOG : WellhouseOne | 074.300
2017-01-15 16:23:45 | TEMPLOG : WellhouseOne | 068.900
2017-01-15 16:24:47 | TEMPLOG : WellhouseOne | 064.400
2017-01-15 16:25:48 | TEMPLOG : WellhouseOne | 061.700
2017-01-15 16:26:49 | TEMPLOG : WellhouseOne | 059.000
2017-01-15 16:27:51 | TEMPLOG : WellhouseOne | 057.200
2017-01-15 16:28:52 | TEMPLOG : WellhouseOne | 055.400
2017-01-15 16:29:54 | TEMPLOG : WellhouseOne | 054.500
2017-01-15 16:30:55 | TEMPLOG : WellhouseOne | 053.600
2017-01-15 16:30:55 | TEMPLOG : Bio   Filter | 038.300
2017-01-15 16:32:58 | TEMPLOG : WellhouseOne | 052.700
2017-01-15 16:33:59 | TEMPLOG : WellhouseOne | 051.800
2017-01-15 16:36:01 | TEMPLOG : WellhouseOne | 050.900
2017-01-15 16:39:06 | TEMPLOG : WellhouseOne | 050.000
2017-01-15 16:40:07 | TEMPLOG : Table    One | 037.400
2017-01-15 16:42:08 | TEMPLOG : WellhouseOne | 049.100
2017-01-15 16:45:11 | TEMPLOG : WellhouseOne | 048.200
2017-01-15 16:48:15 | TEMPLOG : WellhouseOne | 083.300
2017-01-15 16:49:15 | TEMPLOG : WellhouseOne | 116.600
2017-01-15 16:49:16 | TEMPLOG : Bio   Filter | 037.400
2017-01-15 16:50:16 | TEMPLOG : WellhouseOne | 128.300
2017-01-15 16:50:16 | TEMPLOG : Bio   Filter | 038.300
2017-01-15 16:51:18 | TEMPLOG : WellhouseOne | 096.800
2017-01-15 16:52:19 | TEMPLOG : WellhouseOne | 081.500
2017-01-15 16:52:19 | TEMPLOG : Bio   Filter | 037.400
2017-01-15 16:53:19 | TEMPLOG : WellhouseOne | 073.400
2017-01-15 16:54:20 | TEMPLOG : WellhouseOne | 068.000
2017-01-15 16:55:21 | TEMPLOG : WellhouseOne | 064.400
2017-01-15 16:56:22 | TEMPLOG : WellhouseOne | 061.700
2017-01-15 16:57:24 | TEMPLOG : WellhouseOne | 059.000
2017-01-15 16:58:25 | TEMPLOG : WellhouseOne | 057.200
2017-01-15 16:59:28 | TEMPLOG : WellhouseOne | 056.300
2017-01-15 16:59:28 | TEMPLOG : Table    One | 036.500
2017-01-15 17:00:28 | TEMPLOG : WellhouseOne | 054.500
2017-01-15 17:00:28 | TEMPLOG : Bio   Filter | 037.400
2017-01-15 17:00:29 | TEMPLOG : To   GeoLoop | 042.800
2017-01-15 17:00:29 | TEMPLOG : Table    One | 036.500
2017-01-15 17:01:30 | TEMPLOG : WellhouseOne | 053.600
2017-01-15 17:02:31 | TEMPLOG : WellhouseOne | 052.700
2017-01-15 17:04:33 | TEMPLOG : WellhouseOne | 051.800
2017-01-15 17:06:34 | TEMPLOG : WellhouseOne | 050.900
2017-01-15 17:09:36 | TEMPLOG : WellhouseOne | 050.000
2017-01-15 17:11:38 | TEMPLOG : WellhouseOne | 049.100
2017-01-15 17:16:44 | TEMPLOG : WellhouseOne | 048.200
2017-01-15 17:18:47 | TEMPLOG : WellhouseOne | 106.700
2017-01-15 17:19:48 | TEMPLOG : WellhouseOne | 123.800
2017-01-15 17:20:51 | TEMPLOG : WellhouseOne | 111.200
2017-01-15 17:21:53 | TEMPLOG : WellhouseOne | 086.000
2017-01-15 17:22:53 | TEMPLOG : WellhouseOne | 076.100
2017-01-15 17:23:55 | TEMPLOG : WellhouseOne | 069.800
2017-01-15 17:23:55 | TEMPLOG : Bio   Filter | 036.500
2017-01-15 17:24:56 | TEMPLOG : WellhouseOne | 066.200
2017-01-15 17:24:56 | TEMPLOG : Bio   Filter | 037.400
2017-01-15 17:25:58 | TEMPLOG : WellhouseOne | 062.600
2017-01-15 17:26:59 | TEMPLOG : WellhouseOne | 059.900
2017-01-15 17:28:01 | TEMPLOG : WellhouseOne | 058.100
2017-01-15 17:29:03 | TEMPLOG : WellhouseOne | 056.300
2017-01-15 17:30:04 | TEMPLOG : WellhouseOne | 055.400
2017-01-15 17:31:05 | TEMPLOG : WellhouseOne | 053.600
2017-01-15 17:33:07 | TEMPLOG : WellhouseOne | 052.700
2017-01-15 17:33:08 | TEMPLOG : Bio   Filter | 036.500
2017-01-15 17:34:08 | TEMPLOG : WellhouseOne | 051.800
2017-01-15 17:34:09 | TEMPLOG : Bio   Filter | 037.400
2017-01-15 17:36:13 | TEMPLOG : WellhouseOne | 050.900
2017-01-15 17:38:14 | TEMPLOG : WellhouseOne | 050.000
2017-01-15 17:41:19 | TEMPLOG : WellhouseOne | 049.100
2017-01-15 17:43:22 | TEMPLOG : Bio   Filter | 036.500
2017-01-15 17:44:23 | TEMPLOG : Bio   Filter | 037.400
2017-01-15 17:45:25 | TEMPLOG : Bio   Filter | 036.500
2017-01-15 17:46:25 | TEMPLOG : WellhouseOne | 048.200
2017-01-15 17:48:27 | TEMPLOG : WellhouseOne | 101.300
2017-01-15 17:49:29 | TEMPLOG : WellhouseOne | 122.000
2017-01-15 17:50:30 | TEMPLOG : WellhouseOne | 129.200
2017-01-15 17:51:31 | TEMPLOG : WellhouseOne | 090.500
2017-01-15 17:51:32 | TEMPLOG : Bio   Filter | 037.400
2017-01-15 17:52:33 | TEMPLOG : WellhouseOne | 078.800
2017-01-15 17:53:34 | TEMPLOG : WellhouseOne | 071.600
2017-01-15 17:53:35 | TEMPLOG : Bio   Filter | 036.500
2017-01-15 17:54:35 | TEMPLOG : WellhouseOne | 067.100
2017-01-15 17:55:37 | TEMPLOG : WellhouseOne | 063.500
2017-01-15 17:56:38 | TEMPLOG : WellhouseOne | 060.800
2017-01-15 17:57:39 | TEMPLOG : WellhouseOne | 058.100
2017-01-15 17:58:40 | TEMPLOG : WellhouseOne | 057.200
2017-01-15 17:59:42 | TEMPLOG : WellhouseOne | 055.400
2017-01-15 17:59:42 | TEMPLOG : Bio   Filter | 037.400
2017-01-15 18:00:43 | TEMPLOG : WellhouseOne | 054.500
2017-01-15 18:00:43 | TEMPLOG : Bio   Filter | 037.400
2017-01-15 18:00:43 | TEMPLOG : To   GeoLoop | 042.800
2017-01-15 18:00:43 | TEMPLOG : Table    One | 036.500
2017-01-15 18:01:44 | TEMPLOG : WellhouseOne | 053.600
2017-01-15 18:01:44 | TEMPLOG : Bio   Filter | 036.500
2017-01-15 18:02:45 | TEMPLOG : WellhouseOne | 052.700
2017-01-15 18:03:46 | TEMPLOG : WellhouseOne | 051.800
2017-01-15 18:03:47 | TEMPLOG : Bio   Filter | 037.400
2017-01-15 18:04:48 | TEMPLOG : Bio   Filter | 036.500
2017-01-15 18:05:49 | TEMPLOG : WellhouseOne | 050.900
2017-01-15 18:08:51 | TEMPLOG : WellhouseOne | 050.000
2017-01-15 18:10:54 | TEMPLOG : WellhouseOne | 049.100
2017-01-15 18:14:59 | TEMPLOG : WellhouseOne | 048.200
2017-01-15 18:18:03 | TEMPLOG : WellhouseOne | 086.000
2017-01-15 18:19:03 | TEMPLOG : WellhouseOne | 116.600
2017-01-15 18:20:04 | TEMPLOG : WellhouseOne | 127.400
2017-01-15 18:21:05 | TEMPLOG : WellhouseOne | 098.600
2017-01-15 18:22:06 | TEMPLOG : WellhouseOne | 081.500
2017-01-15 18:23:07 | TEMPLOG : WellhouseOne | 073.400
2017-01-15 18:24:09 | TEMPLOG : WellhouseOne | 068.000
2017-01-15 18:25:10 | TEMPLOG : WellhouseOne | 064.400
2017-01-15 18:26:12 | TEMPLOG : WellhouseOne | 060.800
2017-01-15 18:27:13 | TEMPLOG : WellhouseOne | 058.100
2017-01-15 18:28:13 | TEMPLOG : WellhouseOne | 057.200
2017-01-15 18:29:14 | TEMPLOG : WellhouseOne | 055.400
2017-01-15 18:30:15 | TEMPLOG : WellhouseOne | 054.500
2017-01-15 18:31:16 | TEMPLOG : WellhouseOne | 053.600
2017-01-15 18:32:18 | TEMPLOG : WellhouseOne | 052.700
2017-01-15 18:33:19 | TEMPLOG : WellhouseOne | 051.800
2017-01-15 18:35:20 | TEMPLOG : WellhouseOne | 050.900
2017-01-15 18:36:22 | TEMPLOG : WellhouseOne | 050.000
2017-01-15 18:37:24 | TEMPLOG : To   GeoLoop | 041.900
2017-01-15 18:39:27 | TEMPLOG : To   GeoLoop | 042.800
2017-01-15 18:40:28 | TEMPLOG : WellhouseOne | 049.100
2017-01-15 18:42:31 | TEMPLOG : WellhouseOne | 048.200
2017-01-15 18:47:37 | TEMPLOG : WellhouseOne | 086.000
2017-01-15 18:48:38 | TEMPLOG : WellhouseOne | 115.700
2017-01-15 18:49:39 | TEMPLOG : WellhouseOne | 126.500
2017-01-15 18:49:40 | TEMPLOG : To   GeoLoop | 041.900
2017-01-15 18:50:40 | TEMPLOG : WellhouseOne | 104.900
2017-01-15 18:50:40 | TEMPLOG : To   GeoLoop | 042.800
2017-01-15 18:51:41 | TEMPLOG : WellhouseOne | 085.100
2017-01-15 18:52:42 | TEMPLOG : WellhouseOne | 075.200
2017-01-15 18:52:43 | TEMPLOG : To   GeoLoop | 041.900
2017-01-15 18:53:44 | TEMPLOG : WellhouseOne | 069.800
2017-01-15 18:53:44 | TEMPLOG : To   GeoLoop | 042.800
2017-01-15 18:54:45 | TEMPLOG : WellhouseOne | 065.300
2017-01-15 18:55:45 | TEMPLOG : WellhouseOne | 062.600
2017-01-15 18:56:46 | TEMPLOG : WellhouseOne | 059.900
2017-01-15 18:57:47 | TEMPLOG : WellhouseOne | 058.100
2017-01-15 18:58:48 | TEMPLOG : WellhouseOne | 056.300
2017-01-15 18:59:49 | TEMPLOG : WellhouseOne | 055.400
2017-01-15 19:00:51 | TEMPLOG : WellhouseOne | 053.600
2017-01-15 19:00:51 | TEMPLOG : Bio   Filter | 036.500
2017-01-15 19:00:51 | TEMPLOG : To   GeoLoop | 042.800
2017-01-15 19:00:51 | TEMPLOG : Table    One | 036.500
2017-01-15 19:02:52 | TEMPLOG : WellhouseOne | 052.700
2017-01-15 19:03:53 | TEMPLOG : WellhouseOne | 051.800
2017-01-15 19:05:56 | TEMPLOG : WellhouseOne | 050.900
2017-01-15 19:07:59 | TEMPLOG : WellhouseOne | 050.000
2017-01-15 19:11:03 | TEMPLOG : WellhouseOne | 049.100
2017-01-15 19:13:06 | TEMPLOG : To   GeoLoop | 041.900
2017-01-15 19:14:06 | TEMPLOG : WellhouseOne | 048.200
2017-01-15 19:14:07 | TEMPLOG : To   GeoLoop | 042.800
2017-01-15 19:15:09 | TEMPLOG : Table    One | 035.600
2017-01-15 19:16:10 | TEMPLOG : Table    One | 036.500
2017-01-15 19:17:11 | TEMPLOG : To   GeoLoop | 041.900
2017-01-15 19:18:12 | TEMPLOG : WellhouseOne | 106.700
2017-01-15 19:18:12 | TEMPLOG : To   GeoLoop | 042.800
2017-01-15 19:19:13 | TEMPLOG : WellhouseOne | 122.900
2017-01-15 19:19:13 | TEMPLOG : Table    One | 035.600
2017-01-15 19:20:13 | TEMPLOG : WellhouseOne | 131.000
2017-01-15 19:20:14 | TEMPLOG : Table    One | 036.500
2017-01-15 19:21:15 | TEMPLOG : WellhouseOne | 092.300
2017-01-15 19:22:16 | TEMPLOG : WellhouseOne | 078.800
2017-01-15 19:23:17 | TEMPLOG : WellhouseOne | 071.600
2017-01-15 19:24:19 | TEMPLOG : WellhouseOne | 067.100
2017-01-15 19:25:20 | TEMPLOG : WellhouseOne | 063.500
2017-01-15 19:26:21 | TEMPLOG : WellhouseOne | 060.800
2017-01-15 19:27:22 | TEMPLOG : WellhouseOne | 059.000
2017-01-15 19:28:24 | TEMPLOG : WellhouseOne | 057.200
2017-01-15 19:29:25 | TEMPLOG : WellhouseOne | 055.400
2017-01-15 19:30:26 | TEMPLOG : WellhouseOne | 054.500
2017-01-15 19:31:27 | TEMPLOG : WellhouseOne | 053.600
2017-01-15 19:32:28 | TEMPLOG : WellhouseOne | 052.700
2017-01-15 19:32:29 | TEMPLOG : Table    One | 035.600
2017-01-15 19:33:29 | TEMPLOG : WellhouseOne | 051.800
2017-01-15 19:33:30 | TEMPLOG : Table    One | 036.500
2017-01-15 19:35:31 | TEMPLOG : WellhouseOne | 050.900
2017-01-15 19:36:33 | TEMPLOG : Table    One | 035.600
2017-01-15 19:37:33 | TEMPLOG : WellhouseOne | 050.000
2017-01-15 19:37:34 | TEMPLOG : Table    One | 036.500
2017-01-15 19:39:35 | TEMPLOG : To   GeoLoop | 041.900
2017-01-15 19:40:36 | TEMPLOG : WellhouseOne | 049.100
2017-01-15 19:40:36 | TEMPLOG : To   GeoLoop | 042.800
2017-01-15 19:43:39 | TEMPLOG : Table    One | 035.600
2017-01-15 19:44:39 | TEMPLOG : WellhouseOne | 048.200
2017-01-15 19:44:40 | TEMPLOG : Table    One | 036.500
2017-01-15 19:47:43 | TEMPLOG : WellhouseOne | 088.700
2017-01-15 19:47:43 | TEMPLOG : Table    One | 035.600
2017-01-15 19:48:44 | TEMPLOG : WellhouseOne | 116.600
2017-01-15 19:48:45 | TEMPLOG : Table    One | 036.500
2017-01-15 19:49:45 | TEMPLOG : WellhouseOne | 127.400
2017-01-15 19:49:46 | TEMPLOG : Table    One | 035.600
2017-01-15 19:50:46 | TEMPLOG : WellhouseOne | 105.800
2017-01-15 19:50:47 | TEMPLOG : To   GeoLoop | 041.900
2017-01-15 19:50:47 | TEMPLOG : Table    One | 036.500
2017-01-15 19:51:47 | TEMPLOG : WellhouseOne | 086.000
2017-01-15 19:51:48 | TEMPLOG : To   GeoLoop | 042.800
2017-01-15 19:52:48 | TEMPLOG : WellhouseOne | 076.100
2017-01-15 19:53:49 | TEMPLOG : WellhouseOne | 070.700
2017-01-15 19:53:50 | TEMPLOG : Table    One | 035.600
2017-01-15 19:54:50 | TEMPLOG : WellhouseOne | 066.200
2017-01-15 19:55:53 | TEMPLOG : WellhouseOne | 062.600
2017-01-15 19:55:53 | TEMPLOG : To   GeoLoop | 041.900
2017-01-15 19:55:54 | TEMPLOG : Table    One | 036.500
2017-01-15 19:56:55 | TEMPLOG : WellhouseOne | 059.900
2017-01-15 19:56:56 | TEMPLOG : Table    One | 035.600
2017-01-15 19:57:56 | TEMPLOG : WellhouseOne | 058.100
2017-01-15 19:58:57 | TEMPLOG : WellhouseOne | 057.200
2017-01-15 19:58:58 | TEMPLOG : To   GeoLoop | 042.800
2017-01-15 19:59:59 | TEMPLOG : WellhouseOne | 055.400
2017-01-15 19:59:59 | TEMPLOG : To   GeoLoop | 041.900
2017-01-15 20:00:00 | TEMPLOG : Table    One | 035.600
2017-01-15 20:01:00 | TEMPLOG : WellhouseOne | 054.500
2017-01-15 20:01:01 | TEMPLOG : To   GeoLoop | 042.800
2017-01-15 20:02:01 | TEMPLOG : WellhouseOne | 053.600
2017-01-15 20:02:02 | TEMPLOG : Table    One | 036.500
2017-01-15 20:03:02 | TEMPLOG : WellhouseOne | 052.700
2017-01-15 20:03:03 | TEMPLOG : Table    One | 035.600
2017-01-15 20:04:03 | TEMPLOG : WellhouseOne | 051.800
2017-01-15 20:04:04 | TEMPLOG : To   GeoLoop | 041.900
2017-01-15 20:05:05 | TEMPLOG : To   GeoLoop | 042.800
2017-01-15 20:06:05 | TEMPLOG : WellhouseOne | 050.900
2017-01-15 20:07:08 | TEMPLOG : To   GeoLoop | 041.900
2017-01-15 20:08:08 | TEMPLOG : WellhouseOne | 050.000
2017-01-15 20:08:10 | TEMPLOG : To   GeoLoop | 042.800
2017-01-15 20:10:12 | TEMPLOG : WellhouseOne | 049.100
2017-01-15 20:10:13 | TEMPLOG : To   GeoLoop | 041.900
2017-01-15 20:14:18 | TEMPLOG : WellhouseOne | 048.200
2017-01-15 20:15:19 | TEMPLOG : To   GeoLoop | 042.800
2017-01-15 20:17:21 | TEMPLOG : WellhouseOne | 050.000
2017-01-15 20:18:22 | TEMPLOG : WellhouseOne | 108.500
2017-01-15 20:18:24 | TEMPLOG : To   GeoLoop | 041.900
2017-01-15 20:19:25 | TEMPLOG : WellhouseOne | 122.900
2017-01-15 20:20:26 | TEMPLOG : WellhouseOne | 131.000
2017-01-15 20:21:27 | TEMPLOG : WellhouseOne | 095.000
2017-01-15 20:21:27 | TEMPLOG : To   GeoLoop | 042.800
2017-01-15 20:22:28 | TEMPLOG : WellhouseOne | 081.500
2017-01-15 20:22:28 | TEMPLOG : To   GeoLoop | 041.900
2017-01-15 20:23:29 | TEMPLOG : WellhouseOne | 074.300
2017-01-15 20:24:30 | TEMPLOG : WellhouseOne | 068.000
2017-01-15 20:24:31 | TEMPLOG : To   GeoLoop | 042.800
2017-01-15 20:25:32 | TEMPLOG : WellhouseOne | 064.400
2017-01-15 20:26:32 | TEMPLOG : WellhouseOne | 061.700
2017-01-15 20:27:33 | TEMPLOG : WellhouseOne | 059.900
2017-01-15 20:28:34 | TEMPLOG : WellhouseOne | 058.100
2017-01-15 20:29:35 | TEMPLOG : WellhouseOne | 056.300
2017-01-15 20:29:36 | TEMPLOG : To   GeoLoop | 041.900
2017-01-15 20:30:37 | TEMPLOG : WellhouseOne | 055.400
2017-01-15 20:31:38 | TEMPLOG : WellhouseOne | 054.500
2017-01-15 20:32:40 | TEMPLOG : WellhouseOne | 053.600
2017-01-15 20:32:40 | TEMPLOG : To   GeoLoop | 042.800
2017-01-15 20:33:41 | TEMPLOG : WellhouseOne | 052.700
2017-01-15 20:33:41 | TEMPLOG : Bio   Filter | 035.600
2017-01-15 20:33:42 | TEMPLOG : To   GeoLoop | 041.900
2017-01-15 20:34:43 | TEMPLOG : WellhouseOne | 051.800
2017-01-15 20:34:43 | TEMPLOG : Bio   Filter | 036.500
2017-01-15 20:36:45 | TEMPLOG : WellhouseOne | 050.900
2017-01-15 20:36:46 | TEMPLOG : To   GeoLoop | 042.800
2017-01-15 20:37:47 | TEMPLOG : To   GeoLoop | 041.900
2017-01-15 20:38:47 | TEMPLOG : WellhouseOne | 050.000
2017-01-15 20:40:49 | TEMPLOG : WellhouseOne | 049.100
2017-01-15 20:40:50 | TEMPLOG : Bio   Filter | 035.600
2017-01-15 20:42:52 | TEMPLOG : Bio   Filter | 036.500
2017-01-15 20:44:55 | TEMPLOG : WellhouseOne | 048.200
2017-01-15 20:44:55 | TEMPLOG : Bio   Filter | 035.600
2017-01-15 20:47:58 | TEMPLOG : WellhouseOne | 068.000
2017-01-15 20:47:58 | TEMPLOG : Bio   Filter | 036.500
2017-01-15 20:48:59 | TEMPLOG : WellhouseOne | 112.100
2017-01-15 20:50:01 | TEMPLOG : WellhouseOne | 125.600
2017-01-15 20:50:01 | TEMPLOG : Bio   Filter | 035.600
2017-01-15 20:51:02 | TEMPLOG : WellhouseOne | 107.600
2017-01-15 20:51:03 | TEMPLOG : To   GeoLoop | 042.800
2017-01-15 20:52:04 | TEMPLOG : WellhouseOne | 085.100
2017-01-15 20:53:06 | TEMPLOG : WellhouseOne | 075.200
2017-01-15 20:53:06 | TEMPLOG : Bio   Filter | 036.500
2017-01-15 20:53:07 | TEMPLOG : To   GeoLoop | 041.900
2017-01-15 20:54:07 | TEMPLOG : WellhouseOne | 069.800
2017-01-15 20:55:08 | TEMPLOG : WellhouseOne | 065.300
2017-01-15 20:56:09 | TEMPLOG : WellhouseOne | 062.600
2017-01-15 20:56:09 | TEMPLOG : Bio   Filter | 035.600
2017-01-15 20:57:10 | TEMPLOG : WellhouseOne | 059.900
2017-01-15 20:57:10 | TEMPLOG : Bio   Filter | 036.500
2017-01-15 20:58:11 | TEMPLOG : WellhouseOne | 058.100
2017-01-15 20:59:12 | TEMPLOG : WellhouseOne | 056.300
2017-01-15 20:59:13 | TEMPLOG : Bio   Filter | 035.600
2017-01-15 21:00:14 | TEMPLOG : WellhouseOne | 055.400
2017-01-15 21:00:15 | TEMPLOG : Bio   Filter | 036.500
2017-01-15 21:00:16 | TEMPLOG : To   GeoLoop | 041.900
2017-01-15 21:00:16 | TEMPLOG : Table    One | 035.600
2017-01-15 21:01:16 | TEMPLOG : WellhouseOne | 054.500
2017-01-15 21:01:16 | TEMPLOG : Bio   Filter | 035.600
2017-01-15 21:02:17 | TEMPLOG : WellhouseOne | 053.600
2017-01-15 21:02:17 | TEMPLOG : Bio   Filter | 036.500
2017-01-15 21:03:18 | TEMPLOG : WellhouseOne | 052.700
2017-01-15 21:03:18 | TEMPLOG : Bio   Filter | 035.600
2017-01-15 21:04:20 | TEMPLOG : WellhouseOne | 051.800
2017-01-15 21:04:21 | TEMPLOG : Bio   Filter | 036.500
2017-01-15 21:06:23 | TEMPLOG : WellhouseOne | 050.900
2017-01-15 21:08:26 | TEMPLOG : WellhouseOne | 050.000
2017-01-15 21:11:30 | TEMPLOG : WellhouseOne | 049.100
2017-01-15 21:12:31 | TEMPLOG : Bio   Filter | 035.600
2017-01-15 21:13:33 | TEMPLOG : Bio   Filter | 036.500
2017-01-15 21:14:34 | TEMPLOG : WellhouseOne | 048.200
2017-01-15 21:14:35 | TEMPLOG : To   GeoLoop | 042.800
2017-01-15 21:15:36 | TEMPLOG : Bio   Filter | 035.600
2017-01-15 21:15:36 | TEMPLOG : To   GeoLoop | 041.900
2017-01-15 21:16:37 | TEMPLOG : Bio   Filter | 036.500
2017-01-15 21:17:37 | TEMPLOG : WellhouseOne | 050.000
2017-01-15 21:18:39 | TEMPLOG : WellhouseOne | 108.500
2017-01-15 21:18:39 | TEMPLOG : Bio   Filter | 035.600
2017-01-15 21:19:39 | TEMPLOG : WellhouseOne | 122.900
2017-01-15 21:19:40 | TEMPLOG : Bio   Filter | 036.500
2017-01-15 21:19:40 | TEMPLOG : To   GeoLoop | 042.800
2017-01-15 21:20:40 | TEMPLOG : WellhouseOne | 130.100
2017-01-15 21:20:40 | TEMPLOG : Bio   Filter | 035.600
2017-01-15 21:20:40 | TEMPLOG : To   GeoLoop | 041.900
2017-01-15 21:21:41 | TEMPLOG : WellhouseOne | 091.400
2017-01-15 21:21:42 | TEMPLOG : Bio   Filter | 036.500
2017-01-15 21:22:43 | TEMPLOG : WellhouseOne | 078.800
2017-01-15 21:22:43 | TEMPLOG : Bio   Filter | 035.600
2017-01-15 21:22:43 | TEMPLOG : To   GeoLoop | 042.800
2017-01-15 21:23:43 | TEMPLOG : WellhouseOne | 072.500
2017-01-15 21:23:43 | TEMPLOG : Bio   Filter | 036.500
2017-01-15 21:23:44 | TEMPLOG : To   GeoLoop | 041.900
2017-01-15 21:24:44 | TEMPLOG : WellhouseOne | 067.100
2017-01-15 21:24:45 | TEMPLOG : Bio   Filter | 035.600
2017-01-15 21:25:45 | TEMPLOG : WellhouseOne | 063.500
2017-01-15 21:26:46 | TEMPLOG : WellhouseOne | 060.800
2017-01-15 21:27:48 | TEMPLOG : WellhouseOne | 058.100
2017-01-15 21:28:49 | TEMPLOG : WellhouseOne | 057.200
2017-01-15 21:29:51 | TEMPLOG : WellhouseOne | 055.400
2017-01-15 21:30:51 | TEMPLOG : WellhouseOne | 054.500
2017-01-15 21:31:54 | TEMPLOG : WellhouseOne | 053.600
2017-01-15 21:31:54 | TEMPLOG : To   GeoLoop | 042.800
2017-01-15 21:32:55 | TEMPLOG : WellhouseOne | 052.700
2017-01-15 21:32:56 | TEMPLOG : To   GeoLoop | 041.900
2017-01-15 21:33:56 | TEMPLOG : WellhouseOne | 051.800
2017-01-15 21:34:58 | TEMPLOG : WellhouseOne | 050.900
2017-01-15 21:37:01 | TEMPLOG : WellhouseOne | 050.000
2017-01-15 21:37:01 | TEMPLOG : To   GeoLoop | 042.800
2017-01-15 21:38:03 | TEMPLOG : To   GeoLoop | 041.900
2017-01-15 21:40:04 | TEMPLOG : WellhouseOne | 049.100
2017-01-15 21:43:09 | TEMPLOG : WellhouseOne | 048.200
2017-01-15 21:43:09 | TEMPLOG : To   GeoLoop | 042.800
2017-01-15 21:44:10 | TEMPLOG : To   GeoLoop | 041.900
2017-01-15 21:47:12 | TEMPLOG : WellhouseOne | 049.100
2017-01-15 21:48:13 | TEMPLOG : WellhouseOne | 109.400
2017-01-15 21:49:14 | TEMPLOG : WellhouseOne | 124.700
2017-01-15 21:50:16 | TEMPLOG : WellhouseOne | 131.900
2017-01-15 21:51:17 | TEMPLOG : WellhouseOne | 092.300
2017-01-15 21:52:18 | TEMPLOG : WellhouseOne | 079.700
2017-01-15 21:53:19 | TEMPLOG : WellhouseOne | 071.600
2017-01-15 21:54:20 | TEMPLOG : WellhouseOne | 067.100
2017-01-15 21:55:23 | TEMPLOG : WellhouseOne | 063.500
2017-01-15 21:56:24 | TEMPLOG : WellhouseOne | 060.800
2017-01-15 21:57:25 | TEMPLOG : WellhouseOne | 058.100
2017-01-15 21:58:25 | TEMPLOG : WellhouseOne | 056.300
2017-01-15 21:59:28 | TEMPLOG : WellhouseOne | 055.400
2017-01-15 22:00:30 | TEMPLOG : WellhouseOne | 054.500
2017-01-15 22:00:30 | TEMPLOG : Bio   Filter | 035.600
2017-01-15 22:00:31 | TEMPLOG : To   GeoLoop | 041.900
2017-01-15 22:00:31 | TEMPLOG : Table    One | 035.600
2017-01-15 22:01:31 | TEMPLOG : WellhouseOne | 052.700
2017-01-15 22:03:35 | TEMPLOG : WellhouseOne | 051.800
2017-01-15 22:04:35 | TEMPLOG : WellhouseOne | 050.900
2017-01-15 22:07:39 | TEMPLOG : WellhouseOne | 050.000
2017-01-15 22:09:42 | TEMPLOG : WellhouseOne | 049.100
2017-01-15 22:11:44 | TEMPLOG : WellhouseOne | 048.200
2017-01-15 22:15:50 | TEMPLOG : WellhouseOne | 047.300
2017-01-15 22:16:51 | TEMPLOG : WellhouseOne | 087.800
2017-01-15 22:17:52 | TEMPLOG : WellhouseOne | 116.600
2017-01-15 22:18:53 | TEMPLOG : WellhouseOne | 127.400
2017-01-15 22:19:54 | TEMPLOG : WellhouseOne | 100.400
2017-01-15 22:20:55 | TEMPLOG : WellhouseOne | 083.300
2017-01-15 22:21:57 | TEMPLOG : WellhouseOne | 074.300
2017-01-15 22:22:58 | TEMPLOG : WellhouseOne | 068.900
2017-01-15 22:23:59 | TEMPLOG : WellhouseOne | 064.400
2017-01-15 22:25:01 | TEMPLOG : WellhouseOne | 061.700
2017-01-15 22:26:02 | TEMPLOG : WellhouseOne | 059.000
2017-01-15 22:27:03 | TEMPLOG : WellhouseOne | 057.200
2017-01-15 22:28:03 | TEMPLOG : WellhouseOne | 055.400
2017-01-15 22:29:05 | TEMPLOG : WellhouseOne | 054.500
2017-01-15 22:30:06 | TEMPLOG : WellhouseOne | 053.600
2017-01-15 22:31:07 | TEMPLOG : WellhouseOne | 052.700
2017-01-15 22:32:08 | TEMPLOG : WellhouseOne | 051.800
2017-01-15 22:34:12 | TEMPLOG : WellhouseOne | 050.900
2017-01-15 22:35:13 | TEMPLOG : WellhouseOne | 050.000
2017-01-15 22:38:16 | TEMPLOG : WellhouseOne | 049.100
2017-01-15 22:41:21 | TEMPLOG : WellhouseOne | 048.200
2017-01-15 22:44:25 | TEMPLOG : WellhouseOne | 047.300
2017-01-15 22:46:27 | TEMPLOG : WellhouseOne | 097.700
2017-01-15 22:47:28 | TEMPLOG : WellhouseOne | 119.300
2017-01-15 22:48:29 | TEMPLOG : WellhouseOne | 129.200
2017-01-15 22:49:31 | TEMPLOG : WellhouseOne | 095.900
2017-01-15 22:50:32 | TEMPLOG : WellhouseOne | 080.600
2017-01-15 22:51:34 | TEMPLOG : WellhouseOne | 072.500
2017-01-15 22:52:35 | TEMPLOG : WellhouseOne | 067.100
2017-01-15 22:53:38 | TEMPLOG : WellhouseOne | 063.500
2017-01-15 22:54:39 | TEMPLOG : WellhouseOne | 060.800
2017-01-15 22:55:39 | TEMPLOG : WellhouseOne | 059.000
2017-01-15 22:56:41 | TEMPLOG : WellhouseOne | 057.200
2017-01-15 22:56:41 | TEMPLOG : Bio   Filter | 036.500
2017-01-15 22:57:41 | TEMPLOG : WellhouseOne | 055.400
2017-01-15 22:57:42 | TEMPLOG : Bio   Filter | 035.600
2017-01-15 22:58:42 | TEMPLOG : WellhouseOne | 054.500
2017-01-15 22:58:42 | TEMPLOG : Bio   Filter | 036.500
2017-01-15 22:59:44 | TEMPLOG : WellhouseOne | 053.600
2017-01-15 22:59:44 | TEMPLOG : Bio   Filter | 035.600
2017-01-15 23:00:45 | TEMPLOG : WellhouseOne | 052.700
2017-01-15 23:00:46 | TEMPLOG : Bio   Filter | 035.600
2017-01-15 23:00:47 | TEMPLOG : To   GeoLoop | 041.900
2017-01-15 23:00:47 | TEMPLOG : Table    One | 035.600
2017-01-15 23:01:47 | TEMPLOG : WellhouseOne | 051.800
2017-01-15 23:03:50 | TEMPLOG : WellhouseOne | 050.900
2017-01-15 23:04:51 | TEMPLOG : WellhouseOne | 050.000
2017-01-15 23:07:55 | TEMPLOG : WellhouseOne | 049.100
2017-01-15 23:09:58 | TEMPLOG : WellhouseOne | 048.200
2017-01-15 23:13:01 | TEMPLOG : WellhouseOne | 047.300
2017-01-15 23:16:07 | TEMPLOG : WellhouseOne | 106.700
2017-01-15 23:17:09 | TEMPLOG : WellhouseOne | 122.900
2017-01-15 23:18:10 | TEMPLOG : WellhouseOne | 131.000
2017-01-15 23:19:11 | TEMPLOG : WellhouseOne | 093.200
2017-01-15 23:20:12 | TEMPLOG : WellhouseOne | 081.500
2017-01-15 23:21:13 | TEMPLOG : WellhouseOne | 073.400
2017-01-15 23:22:15 | TEMPLOG : WellhouseOne | 068.000
2017-01-15 23:23:16 | TEMPLOG : WellhouseOne | 063.500
2017-01-15 23:24:17 | TEMPLOG : WellhouseOne | 060.800
2017-01-15 23:25:19 | TEMPLOG : WellhouseOne | 059.000
2017-01-15 23:26:20 | TEMPLOG : WellhouseOne | 057.200
2017-01-15 23:27:21 | TEMPLOG : WellhouseOne | 055.400
2017-01-15 23:28:22 | TEMPLOG : WellhouseOne | 054.500
2017-01-15 23:29:23 | TEMPLOG : WellhouseOne | 053.600
2017-01-15 23:30:24 | TEMPLOG : WellhouseOne | 052.700
2017-01-15 23:31:26 | TEMPLOG : WellhouseOne | 051.800
2017-01-15 23:33:27 | TEMPLOG : WellhouseOne | 050.900
2017-01-15 23:35:31 | TEMPLOG : WellhouseOne | 050.000
2017-01-15 23:37:35 | TEMPLOG : WellhouseOne | 049.100
2017-01-15 23:39:36 | TEMPLOG : WellhouseOne | 048.200
2017-01-15 23:43:41 | TEMPLOG : WellhouseOne | 047.300
2017-01-15 23:45:43 | TEMPLOG : WellhouseOne | 104.900
2017-01-15 23:46:44 | TEMPLOG : WellhouseOne | 122.000
2017-01-15 23:47:44 | TEMPLOG : WellhouseOne | 131.000
2017-01-15 23:48:46 | TEMPLOG : WellhouseOne | 091.400
2017-01-15 23:49:47 | TEMPLOG : WellhouseOne | 078.800
2017-01-15 23:50:48 | TEMPLOG : WellhouseOne | 071.600
2017-01-15 23:51:48 | TEMPLOG : WellhouseOne | 066.200
2017-01-15 23:52:51 | TEMPLOG : WellhouseOne | 062.600
2017-01-15 23:53:52 | TEMPLOG : WellhouseOne | 059.900
2017-01-15 23:54:54 | TEMPLOG : WellhouseOne | 058.100
2017-01-15 23:55:55 | TEMPLOG : WellhouseOne | 056.300
2017-01-15 23:56:56 | TEMPLOG : WellhouseOne | 055.400
2017-01-15 23:57:57 | TEMPLOG : WellhouseOne | 053.600
2017-01-15 23:59:00 | TEMPLOG : WellhouseOne | 052.700
