2017-02-08 00:00:12 | TEMPLOG : WellhouseOne | 063.500
2017-02-08 00:00:13 | TEMPLOG : Bio   Filter | 038.300
2017-02-08 00:00:13 | TEMPLOG : To   GeoLoop | 049.100
2017-02-08 00:00:14 | TEMPLOG : Table    One | 038.300
2017-02-08 00:01:14 | TEMPLOG : WellhouseOne | 060.800
2017-02-08 00:02:16 | TEMPLOG : WellhouseOne | 059.000
2017-02-08 00:03:18 | TEMPLOG : WellhouseOne | 056.300
2017-02-08 00:03:18 | TEMPLOG : Table    One | 037.400
2017-02-08 00:04:19 | TEMPLOG : WellhouseOne | 055.400
2017-02-08 00:05:20 | TEMPLOG : WellhouseOne | 054.500
2017-02-08 00:06:22 | TEMPLOG : WellhouseOne | 052.700
2017-02-08 00:07:24 | TEMPLOG : Bio   Filter | 037.400
2017-02-08 00:08:25 | TEMPLOG : WellhouseOne | 051.800
2017-02-08 00:09:26 | TEMPLOG : WellhouseOne | 050.900
2017-02-08 00:11:28 | TEMPLOG : WellhouseOne | 050.000
2017-02-08 00:12:29 | TEMPLOG : WellhouseOne | 049.100
2017-02-08 00:14:31 | TEMPLOG : WellhouseOne | 048.200
2017-02-08 00:17:35 | TEMPLOG : WellhouseOne | 047.300
2017-02-08 00:20:40 | TEMPLOG : Table    One | 036.500
2017-02-08 00:21:41 | TEMPLOG : Table    One | 037.400
2017-02-08 00:22:41 | TEMPLOG : WellhouseOne | 083.300
2017-02-08 00:23:43 | TEMPLOG : WellhouseOne | 117.500
2017-02-08 00:24:44 | TEMPLOG : WellhouseOne | 131.000
2017-02-08 00:25:45 | TEMPLOG : WellhouseOne | 087.800
2017-02-08 00:25:46 | TEMPLOG : Table    One | 036.500
2017-02-08 00:26:46 | TEMPLOG : WellhouseOne | 077.000
2017-02-08 00:27:47 | TEMPLOG : WellhouseOne | 069.800
2017-02-08 00:27:49 | TEMPLOG : Table    One | 037.400
2017-02-08 00:28:49 | TEMPLOG : WellhouseOne | 065.300
2017-02-08 00:29:50 | TEMPLOG : WellhouseOne | 061.700
2017-02-08 00:30:51 | TEMPLOG : WellhouseOne | 058.100
2017-02-08 00:31:53 | TEMPLOG : WellhouseOne | 056.300
2017-02-08 00:32:54 | TEMPLOG : WellhouseOne | 054.500
2017-02-08 00:33:55 | TEMPLOG : WellhouseOne | 052.700
2017-02-08 00:34:56 | TEMPLOG : WellhouseOne | 051.800
2017-02-08 00:35:57 | TEMPLOG : WellhouseOne | 050.900
2017-02-08 00:38:00 | TEMPLOG : WellhouseOne | 050.000
2017-02-08 00:41:06 | TEMPLOG : WellhouseOne | 049.100
2017-02-08 00:45:10 | TEMPLOG : WellhouseOne | 048.200
2017-02-08 00:50:17 | TEMPLOG : WellhouseOne | 047.300
2017-02-08 00:52:19 | TEMPLOG : WellhouseOne | 103.100
2017-02-08 00:53:21 | TEMPLOG : WellhouseOne | 121.100
2017-02-08 00:54:22 | TEMPLOG : WellhouseOne | 131.000
2017-02-08 00:55:23 | TEMPLOG : WellhouseOne | 086.900
2017-02-08 00:56:24 | TEMPLOG : WellhouseOne | 076.100
2017-02-08 00:56:25 | TEMPLOG : To   GeoLoop | 048.200
2017-02-08 00:57:25 | TEMPLOG : WellhouseOne | 070.700
2017-02-08 00:57:26 | TEMPLOG : Table    One | 036.500
2017-02-08 00:58:26 | TEMPLOG : WellhouseOne | 066.200
2017-02-08 00:59:27 | TEMPLOG : WellhouseOne | 062.600
2017-02-08 00:59:28 | TEMPLOG : Table    One | 037.400
2017-02-08 01:00:29 | TEMPLOG : WellhouseOne | 059.000
2017-02-08 01:00:29 | TEMPLOG : Bio   Filter | 037.400
2017-02-08 01:00:29 | TEMPLOG : To   GeoLoop | 048.200
2017-02-08 01:00:30 | TEMPLOG : Table    One | 037.400
2017-02-08 01:01:30 | TEMPLOG : WellhouseOne | 057.200
2017-02-08 01:02:31 | TEMPLOG : WellhouseOne | 055.400
2017-02-08 01:03:33 | TEMPLOG : WellhouseOne | 054.500
2017-02-08 01:04:34 | TEMPLOG : WellhouseOne | 053.600
2017-02-08 01:05:35 | TEMPLOG : WellhouseOne | 052.700
2017-02-08 01:06:36 | TEMPLOG : WellhouseOne | 051.800
2017-02-08 01:07:37 | TEMPLOG : WellhouseOne | 050.900
2017-02-08 01:08:39 | TEMPLOG : To   GeoLoop | 049.100
2017-02-08 01:09:40 | TEMPLOG : WellhouseOne | 050.000
2017-02-08 01:11:42 | TEMPLOG : WellhouseOne | 049.100
2017-02-08 01:12:43 | TEMPLOG : Bio   Filter | 038.300
2017-02-08 01:12:44 | TEMPLOG : Table    One | 038.300
2017-02-08 01:14:46 | TEMPLOG : WellhouseOne | 048.200
2017-02-08 01:16:48 | TEMPLOG : WellhouseOne | 047.300
2017-02-08 01:21:54 | TEMPLOG : WellhouseOne | 090.500
2017-02-08 01:22:56 | TEMPLOG : WellhouseOne | 118.400
2017-02-08 01:23:57 | TEMPLOG : WellhouseOne | 131.000
2017-02-08 01:24:59 | TEMPLOG : WellhouseOne | 092.300
2017-02-08 01:26:00 | TEMPLOG : WellhouseOne | 079.700
2017-02-08 01:27:02 | TEMPLOG : WellhouseOne | 072.500
2017-02-08 01:28:03 | TEMPLOG : WellhouseOne | 067.100
2017-02-08 01:29:04 | TEMPLOG : WellhouseOne | 063.500
2017-02-08 01:30:05 | TEMPLOG : WellhouseOne | 060.800
2017-02-08 01:31:06 | TEMPLOG : WellhouseOne | 058.100
2017-02-08 01:32:07 | TEMPLOG : WellhouseOne | 056.300
2017-02-08 01:33:08 | TEMPLOG : WellhouseOne | 054.500
2017-02-08 01:34:09 | TEMPLOG : WellhouseOne | 053.600
2017-02-08 01:35:11 | TEMPLOG : WellhouseOne | 052.700
2017-02-08 01:36:12 | TEMPLOG : WellhouseOne | 051.800
2017-02-08 01:37:13 | TEMPLOG : WellhouseOne | 050.900
2017-02-08 01:39:15 | TEMPLOG : WellhouseOne | 050.000
2017-02-08 01:41:18 | TEMPLOG : WellhouseOne | 049.100
2017-02-08 01:44:21 | TEMPLOG : WellhouseOne | 048.200
2017-02-08 01:47:24 | TEMPLOG : WellhouseOne | 047.300
2017-02-08 01:49:27 | TEMPLOG : WellhouseOne | 046.400
2017-02-08 01:50:28 | TEMPLOG : WellhouseOne | 047.300
2017-02-08 01:51:30 | TEMPLOG : WellhouseOne | 061.700
2017-02-08 01:52:31 | TEMPLOG : WellhouseOne | 113.000
2017-02-08 01:52:32 | TEMPLOG : To   GeoLoop | 048.200
2017-02-08 01:52:33 | TEMPLOG : Table    One | 037.400
2017-02-08 01:53:33 | TEMPLOG : WellhouseOne | 128.300
2017-02-08 01:54:34 | TEMPLOG : WellhouseOne | 124.700
2017-02-08 01:55:35 | TEMPLOG : WellhouseOne | 087.800
2017-02-08 01:56:36 | TEMPLOG : WellhouseOne | 077.900
2017-02-08 01:56:37 | TEMPLOG : Table    One | 038.300
2017-02-08 01:57:37 | TEMPLOG : WellhouseOne | 070.700
2017-02-08 01:58:38 | TEMPLOG : WellhouseOne | 067.100
2017-02-08 01:59:40 | TEMPLOG : WellhouseOne | 063.500
2017-02-08 02:00:40 | TEMPLOG : WellhouseOne | 060.800
2017-02-08 02:00:41 | TEMPLOG : Bio   Filter | 038.300
2017-02-08 02:00:41 | TEMPLOG : To   GeoLoop | 048.200
2017-02-08 02:00:41 | TEMPLOG : Table    One | 038.300
2017-02-08 02:01:41 | TEMPLOG : WellhouseOne | 059.000
2017-02-08 02:01:42 | TEMPLOG : Table    One | 037.400
2017-02-08 02:02:42 | TEMPLOG : WellhouseOne | 057.200
2017-02-08 02:02:43 | TEMPLOG : Table    One | 038.300
2017-02-08 02:03:43 | TEMPLOG : WellhouseOne | 055.400
2017-02-08 02:03:44 | TEMPLOG : Bio   Filter | 037.400
2017-02-08 02:03:44 | TEMPLOG : Table    One | 037.400
2017-02-08 02:04:44 | TEMPLOG : WellhouseOne | 053.600
2017-02-08 02:06:48 | TEMPLOG : WellhouseOne | 052.700
2017-02-08 02:07:49 | TEMPLOG : WellhouseOne | 051.800
2017-02-08 02:08:51 | TEMPLOG : WellhouseOne | 050.900
2017-02-08 02:10:53 | TEMPLOG : WellhouseOne | 050.000
2017-02-08 02:11:54 | TEMPLOG : WellhouseOne | 049.100
2017-02-08 02:13:57 | TEMPLOG : WellhouseOne | 048.200
2017-02-08 02:14:58 | TEMPLOG : WellhouseOne | 049.100
2017-02-08 02:16:00 | TEMPLOG : WellhouseOne | 048.200
2017-02-08 02:19:05 | TEMPLOG : WellhouseOne | 047.300
2017-02-08 02:22:10 | TEMPLOG : WellhouseOne | 063.500
2017-02-08 02:23:10 | TEMPLOG : WellhouseOne | 110.300
2017-02-08 02:23:11 | TEMPLOG : Bio   Filter | 038.300
2017-02-08 02:24:12 | TEMPLOG : WellhouseOne | 125.600
2017-02-08 02:25:13 | TEMPLOG : WellhouseOne | 122.900
2017-02-08 02:25:14 | TEMPLOG : Table    One | 038.300
2017-02-08 02:26:14 | TEMPLOG : WellhouseOne | 086.900
2017-02-08 02:27:14 | TEMPLOG : WellhouseOne | 076.100
2017-02-08 02:28:16 | TEMPLOG : WellhouseOne | 068.000
2017-02-08 02:29:17 | TEMPLOG : WellhouseOne | 064.400
2017-02-08 02:30:19 | TEMPLOG : WellhouseOne | 062.600
2017-02-08 02:31:20 | TEMPLOG : WellhouseOne | 060.800
2017-02-08 02:32:21 | TEMPLOG : WellhouseOne | 058.100
2017-02-08 02:33:22 | TEMPLOG : WellhouseOne | 056.300
2017-02-08 02:34:24 | TEMPLOG : WellhouseOne | 055.400
2017-02-08 02:34:25 | TEMPLOG : Table    One | 037.400
2017-02-08 02:35:25 | TEMPLOG : WellhouseOne | 054.500
2017-02-08 02:36:26 | TEMPLOG : WellhouseOne | 053.600
2017-02-08 02:37:26 | TEMPLOG : WellhouseOne | 052.700
2017-02-08 02:38:28 | TEMPLOG : WellhouseOne | 051.800
2017-02-08 02:39:28 | TEMPLOG : WellhouseOne | 050.900
2017-02-08 02:39:29 | TEMPLOG : Bio   Filter | 037.400
2017-02-08 02:41:32 | TEMPLOG : WellhouseOne | 050.000
2017-02-08 02:44:37 | TEMPLOG : WellhouseOne | 049.100
2017-02-08 02:47:41 | TEMPLOG : WellhouseOne | 048.200
2017-02-08 02:50:43 | TEMPLOG : WellhouseOne | 047.300
2017-02-08 02:53:47 | TEMPLOG : WellhouseOne | 101.300
2017-02-08 02:54:48 | TEMPLOG : WellhouseOne | 121.100
2017-02-08 02:55:49 | TEMPLOG : WellhouseOne | 130.100
2017-02-08 02:56:50 | TEMPLOG : WellhouseOne | 095.000
2017-02-08 02:57:51 | TEMPLOG : WellhouseOne | 081.500
2017-02-08 02:58:52 | TEMPLOG : WellhouseOne | 074.300
2017-02-08 02:59:54 | TEMPLOG : WellhouseOne | 068.900
2017-02-08 03:00:55 | TEMPLOG : WellhouseOne | 063.500
2017-02-08 03:00:55 | TEMPLOG : Bio   Filter | 037.400
2017-02-08 03:00:56 | TEMPLOG : To   GeoLoop | 048.200
2017-02-08 03:00:56 | TEMPLOG : Table    One | 037.400
2017-02-08 03:01:57 | TEMPLOG : WellhouseOne | 060.800
2017-02-08 03:02:57 | TEMPLOG : WellhouseOne | 058.100
2017-02-08 03:03:58 | TEMPLOG : WellhouseOne | 056.300
2017-02-08 03:05:00 | TEMPLOG : WellhouseOne | 055.400
2017-02-08 03:06:00 | TEMPLOG : WellhouseOne | 054.500
2017-02-08 03:07:03 | TEMPLOG : WellhouseOne | 053.600
2017-02-08 03:08:05 | TEMPLOG : WellhouseOne | 051.800
2017-02-08 03:09:07 | TEMPLOG : WellhouseOne | 050.900
2017-02-08 03:10:08 | TEMPLOG : WellhouseOne | 051.800
2017-02-08 03:12:10 | TEMPLOG : WellhouseOne | 050.900
2017-02-08 03:12:10 | TEMPLOG : Bio   Filter | 038.300
2017-02-08 03:12:10 | TEMPLOG : Table    One | 038.300
2017-02-08 03:16:14 | TEMPLOG : WellhouseOne | 050.000
2017-02-08 03:19:18 | TEMPLOG : Bio   Filter | 039.200
2017-02-08 03:21:19 | TEMPLOG : WellhouseOne | 049.100
2017-02-08 03:21:20 | TEMPLOG : Table    One | 039.200
2017-02-08 03:24:22 | TEMPLOG : WellhouseOne | 101.300
2017-02-08 03:25:23 | TEMPLOG : WellhouseOne | 122.900
2017-02-08 03:26:24 | TEMPLOG : WellhouseOne | 123.800
2017-02-08 03:27:25 | TEMPLOG : WellhouseOne | 084.200
2017-02-08 03:28:27 | TEMPLOG : WellhouseOne | 070.700
2017-02-08 03:28:28 | TEMPLOG : Bio   Filter | 040.100
2017-02-08 03:28:28 | TEMPLOG : Table    One | 040.100
2017-02-08 03:29:29 | TEMPLOG : WellhouseOne | 065.300
2017-02-08 03:30:30 | TEMPLOG : WellhouseOne | 061.700
2017-02-08 03:31:32 | TEMPLOG : WellhouseOne | 059.000
2017-02-08 03:31:32 | TEMPLOG : To   GeoLoop | 049.100
2017-02-08 03:32:33 | TEMPLOG : WellhouseOne | 056.300
2017-02-08 03:33:34 | TEMPLOG : WellhouseOne | 055.400
2017-02-08 03:33:34 | TEMPLOG : Table    One | 041.000
2017-02-08 03:34:34 | TEMPLOG : WellhouseOne | 054.500
2017-02-08 03:34:35 | TEMPLOG : Bio   Filter | 041.000
2017-02-08 03:35:36 | TEMPLOG : WellhouseOne | 053.600
2017-02-08 03:36:37 | TEMPLOG : WellhouseOne | 052.700
2017-02-08 03:37:39 | TEMPLOG : WellhouseOne | 051.800
2017-02-08 03:39:41 | TEMPLOG : WellhouseOne | 050.900
2017-02-08 03:45:48 | TEMPLOG : WellhouseOne | 050.000
2017-02-08 03:52:58 | TEMPLOG : Table    One | 040.100
2017-02-08 03:53:58 | TEMPLOG : WellhouseOne | 049.100
2017-02-08 03:54:59 | TEMPLOG : WellhouseOne | 051.800
2017-02-08 03:56:00 | TEMPLOG : WellhouseOne | 111.200
2017-02-08 03:56:00 | TEMPLOG : Bio   Filter | 040.100
2017-02-08 03:57:01 | TEMPLOG : WellhouseOne | 126.500
2017-02-08 03:58:02 | TEMPLOG : WellhouseOne | 105.800
2017-02-08 03:59:03 | TEMPLOG : WellhouseOne | 086.000
2017-02-08 04:00:04 | TEMPLOG : WellhouseOne | 076.100
2017-02-08 04:00:04 | TEMPLOG : Bio   Filter | 040.100
2017-02-08 04:00:04 | TEMPLOG : To   GeoLoop | 049.100
2017-02-08 04:00:05 | TEMPLOG : Table    One | 040.100
2017-02-08 04:01:05 | TEMPLOG : WellhouseOne | 069.800
2017-02-08 04:02:06 | TEMPLOG : WellhouseOne | 065.300
2017-02-08 04:03:07 | TEMPLOG : WellhouseOne | 061.700
2017-02-08 04:04:09 | TEMPLOG : WellhouseOne | 059.900
2017-02-08 04:05:10 | TEMPLOG : WellhouseOne | 059.000
2017-02-08 04:05:10 | TEMPLOG : To   GeoLoop | 048.200
2017-02-08 04:06:10 | TEMPLOG : WellhouseOne | 057.200
2017-02-08 04:06:11 | TEMPLOG : To   GeoLoop | 049.100
2017-02-08 04:07:11 | TEMPLOG : WellhouseOne | 056.300
2017-02-08 04:08:12 | TEMPLOG : WellhouseOne | 055.400
2017-02-08 04:09:13 | TEMPLOG : WellhouseOne | 054.500
2017-02-08 04:11:16 | TEMPLOG : WellhouseOne | 053.600
2017-02-08 04:12:17 | TEMPLOG : WellhouseOne | 052.700
2017-02-08 04:14:19 | TEMPLOG : WellhouseOne | 051.800
2017-02-08 04:16:21 | TEMPLOG : WellhouseOne | 050.900
2017-02-08 04:22:29 | TEMPLOG : WellhouseOne | 050.000
2017-02-08 04:27:35 | TEMPLOG : WellhouseOne | 061.700
2017-02-08 04:28:36 | TEMPLOG : WellhouseOne | 113.900
2017-02-08 04:29:38 | TEMPLOG : WellhouseOne | 129.200
2017-02-08 04:30:39 | TEMPLOG : WellhouseOne | 091.400
2017-02-08 04:31:40 | TEMPLOG : WellhouseOne | 078.800
2017-02-08 04:32:41 | TEMPLOG : WellhouseOne | 070.700
2017-02-08 04:33:42 | TEMPLOG : WellhouseOne | 066.200
2017-02-08 04:33:43 | TEMPLOG : To   GeoLoop | 048.200
2017-02-08 04:34:44 | TEMPLOG : WellhouseOne | 062.600
2017-02-08 04:35:45 | TEMPLOG : WellhouseOne | 059.900
2017-02-08 04:35:45 | TEMPLOG : To   GeoLoop | 049.100
2017-02-08 04:36:46 | TEMPLOG : WellhouseOne | 059.000
2017-02-08 04:36:46 | TEMPLOG : To   GeoLoop | 048.200
2017-02-08 04:37:46 | TEMPLOG : WellhouseOne | 058.100
2017-02-08 04:37:47 | TEMPLOG : Bio   Filter | 041.000
2017-02-08 04:38:47 | TEMPLOG : WellhouseOne | 057.200
2017-02-08 04:38:48 | TEMPLOG : To   GeoLoop | 049.100
2017-02-08 04:39:48 | TEMPLOG : WellhouseOne | 056.300
2017-02-08 04:40:50 | TEMPLOG : WellhouseOne | 055.400
2017-02-08 04:41:51 | TEMPLOG : Bio   Filter | 040.100
2017-02-08 04:42:52 | TEMPLOG : WellhouseOne | 054.500
2017-02-08 04:43:53 | TEMPLOG : To   GeoLoop | 048.200
2017-02-08 04:44:54 | TEMPLOG : WellhouseOne | 053.600
2017-02-08 04:45:56 | TEMPLOG : Table    One | 039.200
2017-02-08 04:46:57 | TEMPLOG : WellhouseOne | 052.700
2017-02-08 04:47:58 | TEMPLOG : Bio   Filter | 039.200
2017-02-08 04:48:59 | TEMPLOG : WellhouseOne | 051.800
2017-02-08 04:51:01 | TEMPLOG : WellhouseOne | 050.900
2017-02-08 04:55:06 | TEMPLOG : WellhouseOne | 050.000
2017-02-08 04:56:08 | TEMPLOG : Table    One | 038.300
2017-02-08 04:58:11 | TEMPLOG : WellhouseOne | 049.100
2017-02-08 05:00:14 | TEMPLOG : WellhouseOne | 109.400
2017-02-08 05:00:15 | TEMPLOG : Bio   Filter | 038.300
2017-02-08 05:00:15 | TEMPLOG : To   GeoLoop | 048.200
2017-02-08 05:00:15 | TEMPLOG : Table    One | 038.300
2017-02-08 05:01:16 | TEMPLOG : WellhouseOne | 124.700
2017-02-08 05:01:16 | TEMPLOG : Bio   Filter | 039.200
2017-02-08 05:02:17 | TEMPLOG : WellhouseOne | 101.300
2017-02-08 05:02:17 | TEMPLOG : Bio   Filter | 038.300
2017-02-08 05:03:18 | TEMPLOG : WellhouseOne | 083.300
2017-02-08 05:04:20 | TEMPLOG : WellhouseOne | 075.200
2017-02-08 05:05:22 | TEMPLOG : WellhouseOne | 068.900
2017-02-08 05:06:23 | TEMPLOG : WellhouseOne | 064.400
2017-02-08 05:06:24 | TEMPLOG : Bio   Filter | 039.200
2017-02-08 05:07:24 | TEMPLOG : WellhouseOne | 061.700
2017-02-08 05:07:25 | TEMPLOG : Bio   Filter | 038.300
2017-02-08 05:08:27 | TEMPLOG : WellhouseOne | 059.900
2017-02-08 05:09:28 | TEMPLOG : WellhouseOne | 059.000
2017-02-08 05:10:30 | TEMPLOG : WellhouseOne | 058.100
2017-02-08 05:11:30 | TEMPLOG : WellhouseOne | 056.300
2017-02-08 05:12:31 | TEMPLOG : WellhouseOne | 055.400
2017-02-08 05:13:32 | TEMPLOG : WellhouseOne | 054.500
2017-02-08 05:15:34 | TEMPLOG : WellhouseOne | 052.700
2017-02-08 05:16:35 | TEMPLOG : WellhouseOne | 051.800
2017-02-08 05:17:35 | TEMPLOG : WellhouseOne | 052.700
2017-02-08 05:19:38 | TEMPLOG : WellhouseOne | 051.800
2017-02-08 05:22:42 | TEMPLOG : Bio   Filter | 039.200
2017-02-08 05:22:42 | TEMPLOG : Table    One | 039.200
2017-02-08 05:23:43 | TEMPLOG : Table    One | 038.300
2017-02-08 05:24:43 | TEMPLOG : WellhouseOne | 050.900
2017-02-08 05:24:44 | TEMPLOG : Table    One | 039.200
2017-02-08 05:26:46 | TEMPLOG : WellhouseOne | 050.000
2017-02-08 05:27:48 | TEMPLOG : Table    One | 038.300
2017-02-08 05:29:51 | TEMPLOG : Bio   Filter | 038.300
2017-02-08 05:31:52 | TEMPLOG : WellhouseOne | 063.500
2017-02-08 05:32:55 | TEMPLOG : WellhouseOne | 113.900
2017-02-08 05:32:56 | TEMPLOG : To   GeoLoop | 047.300
2017-02-08 05:33:56 | TEMPLOG : WellhouseOne | 129.200
2017-02-08 05:34:58 | TEMPLOG : WellhouseOne | 088.700
2017-02-08 05:35:59 | TEMPLOG : WellhouseOne | 077.000
2017-02-08 05:37:00 | TEMPLOG : WellhouseOne | 070.700
2017-02-08 05:38:01 | TEMPLOG : WellhouseOne | 068.000
2017-02-08 05:39:03 | TEMPLOG : WellhouseOne | 064.400
2017-02-08 05:40:04 | TEMPLOG : WellhouseOne | 062.600
2017-02-08 05:41:05 | TEMPLOG : WellhouseOne | 059.900
2017-02-08 05:42:06 | TEMPLOG : WellhouseOne | 058.100
2017-02-08 05:43:08 | TEMPLOG : WellhouseOne | 056.300
2017-02-08 05:45:10 | TEMPLOG : WellhouseOne | 055.400
2017-02-08 05:46:12 | TEMPLOG : WellhouseOne | 054.500
2017-02-08 05:46:12 | TEMPLOG : Table    One | 037.400
2017-02-08 05:47:13 | TEMPLOG : WellhouseOne | 053.600
2017-02-08 05:48:14 | TEMPLOG : Bio   Filter | 037.400
2017-02-08 05:49:15 | TEMPLOG : Bio   Filter | 038.300
2017-02-08 05:50:16 | TEMPLOG : WellhouseOne | 052.700
2017-02-08 05:50:17 | TEMPLOG : Table    One | 038.300
2017-02-08 05:54:20 | TEMPLOG : WellhouseOne | 051.800
2017-02-08 05:59:27 | TEMPLOG : WellhouseOne | 050.900
2017-02-08 06:00:28 | TEMPLOG : WellhouseOne | 050.900
2017-02-08 06:00:28 | TEMPLOG : Bio   Filter | 038.300
2017-02-08 06:00:29 | TEMPLOG : To   GeoLoop | 047.300
2017-02-08 06:00:29 | TEMPLOG : Table    One | 038.300
2017-02-08 06:04:32 | TEMPLOG : WellhouseOne | 101.300
2017-02-08 06:05:33 | TEMPLOG : WellhouseOne | 119.300
2017-02-08 06:06:34 | TEMPLOG : WellhouseOne | 113.000
2017-02-08 06:07:36 | TEMPLOG : WellhouseOne | 086.900
2017-02-08 06:08:37 | TEMPLOG : WellhouseOne | 077.900
2017-02-08 06:09:38 | TEMPLOG : WellhouseOne | 071.600
2017-02-08 06:10:39 | TEMPLOG : WellhouseOne | 068.000
2017-02-08 06:11:40 | TEMPLOG : WellhouseOne | 064.400
2017-02-08 06:12:42 | TEMPLOG : WellhouseOne | 061.700
2017-02-08 06:13:43 | TEMPLOG : WellhouseOne | 059.900
2017-02-08 06:14:44 | TEMPLOG : WellhouseOne | 058.100
2017-02-08 06:15:45 | TEMPLOG : WellhouseOne | 057.200
2017-02-08 06:16:45 | TEMPLOG : WellhouseOne | 056.300
2017-02-08 06:17:47 | TEMPLOG : WellhouseOne | 055.400
2017-02-08 06:18:48 | TEMPLOG : WellhouseOne | 054.500
2017-02-08 06:18:48 | TEMPLOG : Table    One | 037.400
2017-02-08 06:20:50 | TEMPLOG : Bio   Filter | 037.400
2017-02-08 06:21:51 | TEMPLOG : WellhouseOne | 053.600
2017-02-08 06:24:54 | TEMPLOG : WellhouseOne | 052.700
2017-02-08 06:25:56 | TEMPLOG : Bio   Filter | 038.300
2017-02-08 06:27:58 | TEMPLOG : WellhouseOne | 051.800
2017-02-08 06:29:01 | TEMPLOG : Table    One | 038.300
2017-02-08 06:31:03 | TEMPLOG : WellhouseOne | 050.900
2017-02-08 06:34:08 | TEMPLOG : WellhouseOne | 050.000
2017-02-08 06:36:11 | TEMPLOG : WellhouseOne | 066.200
2017-02-08 06:37:12 | TEMPLOG : WellhouseOne | 112.100
2017-02-08 06:38:14 | TEMPLOG : WellhouseOne | 125.600
2017-02-08 06:39:15 | TEMPLOG : WellhouseOne | 106.700
2017-02-08 06:40:17 | TEMPLOG : WellhouseOne | 086.000
2017-02-08 06:41:17 | TEMPLOG : WellhouseOne | 077.000
2017-02-08 06:42:18 | TEMPLOG : WellhouseOne | 070.700
2017-02-08 06:43:19 | TEMPLOG : WellhouseOne | 067.100
2017-02-08 06:44:20 | TEMPLOG : WellhouseOne | 063.500
2017-02-08 06:45:21 | TEMPLOG : WellhouseOne | 061.700
2017-02-08 06:46:23 | TEMPLOG : WellhouseOne | 059.900
2017-02-08 06:47:24 | TEMPLOG : WellhouseOne | 058.100
2017-02-08 06:48:25 | TEMPLOG : WellhouseOne | 057.200
2017-02-08 06:49:26 | TEMPLOG : WellhouseOne | 056.300
2017-02-08 06:51:28 | TEMPLOG : WellhouseOne | 055.400
2017-02-08 06:53:31 | TEMPLOG : WellhouseOne | 054.500
2017-02-08 06:55:34 | TEMPLOG : WellhouseOne | 053.600
2017-02-08 06:57:36 | TEMPLOG : WellhouseOne | 052.700
2017-02-08 07:00:39 | TEMPLOG : WellhouseOne | 051.800
2017-02-08 07:00:39 | TEMPLOG : Bio   Filter | 038.300
2017-02-08 07:00:39 | TEMPLOG : To   GeoLoop | 047.300
2017-02-08 07:00:40 | TEMPLOG : Table    One | 038.300
2017-02-08 07:01:40 | TEMPLOG : WellhouseOne | 050.900
2017-02-08 07:03:43 | TEMPLOG : WellhouseOne | 050.000
2017-02-08 07:05:45 | TEMPLOG : Bio   Filter | 039.200
2017-02-08 07:05:45 | TEMPLOG : Table    One | 039.200
2017-02-08 07:07:47 | TEMPLOG : WellhouseOne | 071.600
2017-02-08 07:08:48 | TEMPLOG : WellhouseOne | 112.100
2017-02-08 07:09:49 | TEMPLOG : WellhouseOne | 125.600
2017-02-08 07:10:51 | TEMPLOG : WellhouseOne | 111.200
2017-02-08 07:11:52 | TEMPLOG : WellhouseOne | 086.000
2017-02-08 07:12:53 | TEMPLOG : WellhouseOne | 077.000
2017-02-08 07:13:54 | TEMPLOG : WellhouseOne | 071.600
2017-02-08 07:14:56 | TEMPLOG : WellhouseOne | 068.000
2017-02-08 07:15:56 | TEMPLOG : WellhouseOne | 064.400
2017-02-08 07:16:57 | TEMPLOG : WellhouseOne | 062.600
2017-02-08 07:17:59 | TEMPLOG : WellhouseOne | 060.800
2017-02-08 07:19:00 | TEMPLOG : WellhouseOne | 059.000
2017-02-08 07:20:00 | TEMPLOG : WellhouseOne | 058.100
2017-02-08 07:20:01 | TEMPLOG : Bio   Filter | 040.100
2017-02-08 07:21:02 | TEMPLOG : WellhouseOne | 056.300
2017-02-08 07:22:04 | TEMPLOG : WellhouseOne | 055.400
2017-02-08 07:23:05 | TEMPLOG : WellhouseOne | 054.500
2017-02-08 07:23:06 | TEMPLOG : Table    One | 040.100
2017-02-08 07:25:07 | TEMPLOG : WellhouseOne | 053.600
2017-02-08 07:25:07 | TEMPLOG : Bio   Filter | 041.000
2017-02-08 07:27:09 | TEMPLOG : WellhouseOne | 052.700
2017-02-08 07:27:09 | TEMPLOG : To   GeoLoop | 048.200
2017-02-08 07:28:11 | TEMPLOG : Table    One | 041.000
2017-02-08 07:30:12 | TEMPLOG : WellhouseOne | 051.800
2017-02-08 07:31:13 | TEMPLOG : Bio   Filter | 041.900
2017-02-08 07:33:15 | TEMPLOG : WellhouseOne | 050.900
2017-02-08 07:37:20 | TEMPLOG : WellhouseOne | 050.000
2017-02-08 07:40:23 | TEMPLOG : WellhouseOne | 094.100
2017-02-08 07:40:24 | TEMPLOG : Table    One | 041.900
2017-02-08 07:41:24 | TEMPLOG : WellhouseOne | 115.700
2017-02-08 07:41:24 | TEMPLOG : Bio   Filter | 042.800
2017-02-08 07:42:25 | TEMPLOG : WellhouseOne | 125.600
2017-02-08 07:43:27 | TEMPLOG : WellhouseOne | 092.300
2017-02-08 07:44:28 | TEMPLOG : WellhouseOne | 079.700
2017-02-08 07:45:29 | TEMPLOG : WellhouseOne | 073.400
2017-02-08 07:46:31 | TEMPLOG : WellhouseOne | 068.900
2017-02-08 07:46:31 | TEMPLOG : Table    One | 042.800
2017-02-08 07:47:32 | TEMPLOG : WellhouseOne | 065.300
2017-02-08 07:47:32 | TEMPLOG : Bio   Filter | 043.700
2017-02-08 07:48:32 | TEMPLOG : WellhouseOne | 062.600
2017-02-08 07:49:34 | TEMPLOG : WellhouseOne | 060.800
2017-02-08 07:50:35 | TEMPLOG : WellhouseOne | 059.000
2017-02-08 07:50:36 | TEMPLOG : Bio   Filter | 044.600
2017-02-08 07:50:36 | TEMPLOG : Table    One | 043.700
2017-02-08 07:51:36 | TEMPLOG : WellhouseOne | 058.100
2017-02-08 07:52:37 | TEMPLOG : WellhouseOne | 056.300
2017-02-08 07:54:40 | TEMPLOG : WellhouseOne | 055.400
2017-02-08 07:55:42 | TEMPLOG : WellhouseOne | 054.500
2017-02-08 07:56:42 | TEMPLOG : WellhouseOne | 053.600
2017-02-08 07:57:44 | TEMPLOG : To   GeoLoop | 049.100
2017-02-08 07:58:45 | TEMPLOG : WellhouseOne | 052.700
2017-02-08 07:58:46 | TEMPLOG : To   GeoLoop | 048.200
2017-02-08 08:00:48 | TEMPLOG : WellhouseOne | 052.700
2017-02-08 08:00:48 | TEMPLOG : Bio   Filter | 044.600
2017-02-08 08:00:48 | TEMPLOG : To   GeoLoop | 048.200
2017-02-08 08:00:49 | TEMPLOG : Table    One | 043.700
2017-02-08 08:02:51 | TEMPLOG : WellhouseOne | 051.800
2017-02-08 08:02:52 | TEMPLOG : To   GeoLoop | 049.100
2017-02-08 08:04:53 | TEMPLOG : To   GeoLoop | 048.200
2017-02-08 08:05:55 | TEMPLOG : To   GeoLoop | 049.100
2017-02-08 08:06:56 | TEMPLOG : WellhouseOne | 050.900
2017-02-08 08:06:57 | TEMPLOG : Table    One | 044.600
2017-02-08 08:07:57 | TEMPLOG : Bio   Filter | 045.500
2017-02-08 08:08:58 | TEMPLOG : Bio   Filter | 046.400
2017-02-08 08:09:00 | TEMPLOG : Table    One | 045.500
2017-02-08 08:10:01 | TEMPLOG : Bio   Filter | 048.200
2017-02-08 08:10:01 | TEMPLOG : Table    One | 047.300
2017-02-08 08:12:03 | TEMPLOG : WellhouseOne | 050.000
2017-02-08 08:12:03 | TEMPLOG : Bio   Filter | 049.100
2017-02-08 08:12:03 | TEMPLOG : Table    One | 048.200
2017-02-08 08:13:04 | TEMPLOG : WellhouseOne | 102.200
2017-02-08 08:13:05 | TEMPLOG : Bio   Filter | 050.000
2017-02-08 08:13:05 | TEMPLOG : Table    One | 049.100
2017-02-08 08:14:05 | TEMPLOG : WellhouseOne | 120.200
2017-02-08 08:14:07 | TEMPLOG : Table    One | 050.000
2017-02-08 08:15:07 | TEMPLOG : WellhouseOne | 104.000
2017-02-08 08:15:07 | TEMPLOG : Bio   Filter | 050.900
2017-02-08 08:16:08 | TEMPLOG : WellhouseOne | 083.300
2017-02-08 08:16:09 | TEMPLOG : Table    One | 050.900
2017-02-08 08:17:09 | TEMPLOG : WellhouseOne | 075.200
2017-02-08 08:17:09 | TEMPLOG : Bio   Filter | 051.800
2017-02-08 08:18:11 | TEMPLOG : WellhouseOne | 069.800
2017-02-08 08:18:12 | TEMPLOG : Table    One | 051.800
2017-02-08 08:19:12 | TEMPLOG : WellhouseOne | 066.200
2017-02-08 08:19:12 | TEMPLOG : Bio   Filter | 052.700
2017-02-08 08:19:13 | TEMPLOG : To   GeoLoop | 050.000
2017-02-08 08:19:13 | TEMPLOG : Table    One | 052.700
2017-02-08 08:20:13 | TEMPLOG : WellhouseOne | 063.500
2017-02-08 08:20:13 | TEMPLOG : Bio   Filter | 053.600
2017-02-08 08:20:14 | TEMPLOG : Table    One | 053.600
2017-02-08 08:21:14 | TEMPLOG : WellhouseOne | 061.700
2017-02-08 08:22:16 | TEMPLOG : WellhouseOne | 059.900
2017-02-08 08:23:16 | TEMPLOG : WellhouseOne | 059.000
2017-02-08 08:23:17 | TEMPLOG : Bio   Filter | 054.500
2017-02-08 08:24:17 | TEMPLOG : WellhouseOne | 058.100
2017-02-08 08:24:18 | TEMPLOG : Table    One | 054.500
2017-02-08 08:25:18 | TEMPLOG : WellhouseOne | 057.200
2017-02-08 08:25:19 | TEMPLOG : Bio   Filter | 055.400
2017-02-08 08:26:20 | TEMPLOG : WellhouseOne | 056.300
2017-02-08 08:26:20 | TEMPLOG : To   GeoLoop | 050.900
2017-02-08 08:26:21 | TEMPLOG : Table    One | 055.400
2017-02-08 08:27:21 | TEMPLOG : WellhouseOne | 055.400
2017-02-08 08:28:23 | TEMPLOG : Table    One | 056.300
2017-02-08 08:29:23 | TEMPLOG : WellhouseOne | 054.500
2017-02-08 08:29:24 | TEMPLOG : Bio   Filter | 056.300
2017-02-08 08:30:25 | TEMPLOG : Table    One | 057.200
2017-02-08 08:31:25 | TEMPLOG : WellhouseOne | 053.600
2017-02-08 08:35:30 | TEMPLOG : WellhouseOne | 052.700
2017-02-08 08:35:30 | TEMPLOG : Bio   Filter | 057.200
2017-02-08 08:35:31 | TEMPLOG : Table    One | 058.100
2017-02-08 08:37:33 | TEMPLOG : Table    One | 059.000
2017-02-08 08:38:34 | TEMPLOG : Bio   Filter | 058.100
2017-02-08 08:38:34 | TEMPLOG : Table    One | 059.900
2017-02-08 08:39:35 | TEMPLOG : Bio   Filter | 059.000
2017-02-08 08:40:35 | TEMPLOG : WellhouseOne | 051.800
2017-02-08 08:40:37 | TEMPLOG : Table    One | 060.800
2017-02-08 08:42:39 | TEMPLOG : Bio   Filter | 059.900
2017-02-08 08:42:39 | TEMPLOG : To   GeoLoop | 051.800
2017-02-08 08:43:42 | TEMPLOG : Table    One | 061.700
2017-02-08 08:44:43 | TEMPLOG : Bio   Filter | 060.800
2017-02-08 08:45:43 | TEMPLOG : WellhouseOne | 063.500
2017-02-08 08:45:44 | TEMPLOG : Table    One | 062.600
2017-02-08 08:46:44 | TEMPLOG : WellhouseOne | 113.900
2017-02-08 08:46:45 | TEMPLOG : Bio   Filter | 061.700
2017-02-08 08:47:45 | TEMPLOG : WellhouseOne | 128.300
2017-02-08 08:47:46 | TEMPLOG : Table    One | 063.500
2017-02-08 08:48:47 | TEMPLOG : WellhouseOne | 092.300
2017-02-08 08:48:47 | TEMPLOG : Bio   Filter | 062.600
2017-02-08 08:49:48 | TEMPLOG : WellhouseOne | 079.700
2017-02-08 08:50:49 | TEMPLOG : WellhouseOne | 073.400
2017-02-08 08:51:50 | TEMPLOG : WellhouseOne | 068.900
2017-02-08 08:52:50 | TEMPLOG : WellhouseOne | 066.200
2017-02-08 08:52:51 | TEMPLOG : Bio   Filter | 063.500
2017-02-08 08:52:52 | TEMPLOG : Table    One | 064.400
2017-02-08 08:53:54 | TEMPLOG : WellhouseOne | 063.500
2017-02-08 08:53:54 | TEMPLOG : Bio   Filter | 064.400
2017-02-08 08:54:55 | TEMPLOG : WellhouseOne | 061.700
2017-02-08 08:54:56 | TEMPLOG : Table    One | 065.300
2017-02-08 08:55:57 | TEMPLOG : WellhouseOne | 060.800
2017-02-08 08:55:57 | TEMPLOG : Bio   Filter | 065.300
2017-02-08 08:55:57 | TEMPLOG : To   GeoLoop | 052.700
2017-02-08 08:55:58 | TEMPLOG : Table    One | 066.200
2017-02-08 08:56:58 | TEMPLOG : WellhouseOne | 059.000
2017-02-08 08:56:58 | TEMPLOG : Bio   Filter | 066.200
2017-02-08 08:57:59 | TEMPLOG : Table    One | 067.100
2017-02-08 08:59:00 | TEMPLOG : WellhouseOne | 058.100
2017-02-08 08:59:00 | TEMPLOG : Bio   Filter | 067.100
2017-02-08 09:00:01 | TEMPLOG : WellhouseOne | 057.200
2017-02-08 09:00:01 | TEMPLOG : Bio   Filter | 068.000
2017-02-08 09:00:01 | TEMPLOG : To   GeoLoop | 052.700
2017-02-08 09:00:02 | TEMPLOG : Table    One | 068.000
2017-02-08 09:01:02 | TEMPLOG : WellhouseOne | 056.300
2017-02-08 09:01:02 | TEMPLOG : Bio   Filter | 068.900
2017-02-08 09:02:03 | TEMPLOG : Table    One | 067.100
2017-02-08 09:03:04 | TEMPLOG : WellhouseOne | 055.400
2017-02-08 09:03:04 | TEMPLOG : Bio   Filter | 067.100
2017-02-08 09:03:04 | TEMPLOG : Table    One | 065.300
2017-02-08 09:04:05 | TEMPLOG : Bio   Filter | 065.300
2017-02-08 09:04:05 | TEMPLOG : Table    One | 062.600
2017-02-08 09:05:06 | TEMPLOG : Bio   Filter | 063.500
2017-02-08 09:05:07 | TEMPLOG : Table    One | 060.800
2017-02-08 09:06:07 | TEMPLOG : WellhouseOne | 054.500
2017-02-08 09:06:07 | TEMPLOG : Bio   Filter | 061.700
2017-02-08 09:06:08 | TEMPLOG : Table    One | 059.000
2017-02-08 09:07:08 | TEMPLOG : Bio   Filter | 059.900
2017-02-08 09:07:09 | TEMPLOG : Table    One | 058.100
2017-02-08 09:08:09 | TEMPLOG : WellhouseOne | 053.600
2017-02-08 09:08:10 | TEMPLOG : Bio   Filter | 059.000
2017-02-08 09:08:10 | TEMPLOG : Table    One | 057.200
2017-02-08 09:09:12 | TEMPLOG : Bio   Filter | 058.100
2017-02-08 09:10:13 | TEMPLOG : Bio   Filter | 057.200
2017-02-08 09:10:14 | TEMPLOG : Table    One | 056.300
2017-02-08 09:11:14 | TEMPLOG : To   GeoLoop | 051.800
2017-02-08 09:12:15 | TEMPLOG : Bio   Filter | 056.300
2017-02-08 09:12:16 | TEMPLOG : To   GeoLoop | 052.700
2017-02-08 09:12:16 | TEMPLOG : Table    One | 055.400
2017-02-08 09:13:16 | TEMPLOG : WellhouseOne | 052.700
2017-02-08 09:14:18 | TEMPLOG : Bio   Filter | 055.400
2017-02-08 09:14:18 | TEMPLOG : To   GeoLoop | 051.800
2017-02-08 09:15:20 | TEMPLOG : To   GeoLoop | 052.700
2017-02-08 09:15:21 | TEMPLOG : Table    One | 054.500
2017-02-08 09:20:26 | TEMPLOG : WellhouseOne | 058.100
2017-02-08 09:21:27 | TEMPLOG : WellhouseOne | 109.400
2017-02-08 09:21:27 | TEMPLOG : Bio   Filter | 054.500
2017-02-08 09:22:28 | TEMPLOG : WellhouseOne | 125.600
2017-02-08 09:22:29 | TEMPLOG : Table    One | 053.600
2017-02-08 09:23:30 | TEMPLOG : WellhouseOne | 087.800
2017-02-08 09:23:31 | TEMPLOG : To   GeoLoop | 051.800
2017-02-08 09:24:31 | TEMPLOG : WellhouseOne | 078.800
2017-02-08 09:24:32 | TEMPLOG : Bio   Filter | 053.600
2017-02-08 09:25:32 | TEMPLOG : WellhouseOne | 071.600
2017-02-08 09:25:33 | TEMPLOG : Table    One | 052.700
2017-02-08 09:26:33 | TEMPLOG : WellhouseOne | 068.000
2017-02-08 09:27:36 | TEMPLOG : WellhouseOne | 064.400
2017-02-08 09:28:37 | TEMPLOG : WellhouseOne | 062.600
2017-02-08 09:28:37 | TEMPLOG : Bio   Filter | 052.700
2017-02-08 09:29:38 | TEMPLOG : WellhouseOne | 060.800
2017-02-08 09:30:39 | TEMPLOG : WellhouseOne | 059.900
2017-02-08 09:30:40 | TEMPLOG : Table    One | 051.800
2017-02-08 09:31:41 | TEMPLOG : WellhouseOne | 059.000
2017-02-08 09:32:42 | TEMPLOG : WellhouseOne | 058.100
2017-02-08 09:32:43 | TEMPLOG : Bio   Filter | 051.800
2017-02-08 09:34:45 | TEMPLOG : WellhouseOne | 057.200
2017-02-08 09:35:47 | TEMPLOG : WellhouseOne | 056.300
2017-02-08 09:37:50 | TEMPLOG : WellhouseOne | 055.400
2017-02-08 09:39:53 | TEMPLOG : WellhouseOne | 054.500
2017-02-08 09:41:56 | TEMPLOG : Table    One | 050.900
2017-02-08 09:43:58 | TEMPLOG : WellhouseOne | 053.600
2017-02-08 09:43:59 | TEMPLOG : Bio   Filter | 050.900
2017-02-08 09:46:01 | TEMPLOG : WellhouseOne | 052.700
2017-02-08 09:49:05 | TEMPLOG : WellhouseOne | 051.800
2017-02-08 09:49:05 | TEMPLOG : Bio   Filter | 051.800
2017-02-08 09:49:06 | TEMPLOG : Table    One | 051.800
2017-02-08 09:50:06 | TEMPLOG : Bio   Filter | 052.700
2017-02-08 09:51:07 | TEMPLOG : Table    One | 052.700
2017-02-08 09:52:07 | TEMPLOG : WellhouseOne | 050.900
2017-02-08 09:52:08 | TEMPLOG : Bio   Filter | 053.600
2017-02-08 09:52:08 | TEMPLOG : Table    One | 053.600
2017-02-08 09:53:09 | TEMPLOG : WellhouseOne | 068.900
2017-02-08 09:53:09 | TEMPLOG : Bio   Filter | 054.500
2017-02-08 09:54:11 | TEMPLOG : WellhouseOne | 108.500
2017-02-08 09:55:12 | TEMPLOG : WellhouseOne | 121.100
2017-02-08 09:56:14 | TEMPLOG : WellhouseOne | 093.200
2017-02-08 09:56:14 | TEMPLOG : Bio   Filter | 053.600
2017-02-08 09:57:16 | TEMPLOG : WellhouseOne | 079.700
2017-02-08 09:57:18 | TEMPLOG : Table    One | 052.700
2017-02-08 09:58:18 | TEMPLOG : WellhouseOne | 072.500
2017-02-08 09:59:19 | TEMPLOG : WellhouseOne | 068.000
2017-02-08 10:00:20 | TEMPLOG : WellhouseOne | 065.300
2017-02-08 10:00:20 | TEMPLOG : Bio   Filter | 053.600
2017-02-08 10:00:20 | TEMPLOG : To   GeoLoop | 051.800
2017-02-08 10:00:21 | TEMPLOG : Table    One | 052.700
2017-02-08 10:01:21 | TEMPLOG : WellhouseOne | 062.600
2017-02-08 10:02:23 | TEMPLOG : WellhouseOne | 060.800
2017-02-08 10:02:24 | TEMPLOG : Table    One | 053.600
2017-02-08 10:03:24 | TEMPLOG : WellhouseOne | 059.900
2017-02-08 10:03:24 | TEMPLOG : Bio   Filter | 054.500
2017-02-08 10:04:25 | TEMPLOG : WellhouseOne | 059.000
2017-02-08 10:04:25 | TEMPLOG : Bio   Filter | 055.400
2017-02-08 10:04:26 | TEMPLOG : To   GeoLoop | 052.700
2017-02-08 10:04:26 | TEMPLOG : Table    One | 054.500
2017-02-08 10:05:26 | TEMPLOG : WellhouseOne | 058.100
2017-02-08 10:05:26 | TEMPLOG : Bio   Filter | 056.300
2017-02-08 10:05:27 | TEMPLOG : Table    One | 055.400
2017-02-08 10:06:27 | TEMPLOG : WellhouseOne | 057.200
2017-02-08 10:06:28 | TEMPLOG : Bio   Filter | 057.200
2017-02-08 10:06:29 | TEMPLOG : Table    One | 056.300
2017-02-08 10:07:29 | TEMPLOG : WellhouseOne | 055.400
2017-02-08 10:08:30 | TEMPLOG : Bio   Filter | 058.100
2017-02-08 10:08:30 | TEMPLOG : Table    One | 057.200
2017-02-08 10:09:30 | TEMPLOG : WellhouseOne | 054.500
2017-02-08 10:09:30 | TEMPLOG : Bio   Filter | 059.900
2017-02-08 10:09:31 | TEMPLOG : To   GeoLoop | 053.600
2017-02-08 10:09:31 | TEMPLOG : Table    One | 058.100
2017-02-08 10:10:33 | TEMPLOG : Table    One | 057.200
2017-02-08 10:11:33 | TEMPLOG : WellhouseOne | 053.600
2017-02-08 10:11:34 | TEMPLOG : Bio   Filter | 059.000
2017-02-08 10:12:35 | TEMPLOG : To   GeoLoop | 052.700
2017-02-08 10:13:35 | TEMPLOG : WellhouseOne | 052.700
2017-02-08 10:13:36 | TEMPLOG : Bio   Filter | 060.800
2017-02-08 10:13:36 | TEMPLOG : To   GeoLoop | 053.600
2017-02-08 10:13:36 | TEMPLOG : Table    One | 058.100
2017-02-08 10:14:37 | TEMPLOG : Bio   Filter | 062.600
2017-02-08 10:14:37 | TEMPLOG : Table    One | 059.900
2017-02-08 10:15:38 | TEMPLOG : Bio   Filter | 064.400
2017-02-08 10:15:38 | TEMPLOG : Table    One | 061.700
2017-02-08 10:16:39 | TEMPLOG : To   GeoLoop | 054.500
2017-02-08 10:18:40 | TEMPLOG : WellhouseOne | 051.800
2017-02-08 10:18:41 | TEMPLOG : Table    One | 060.800
2017-02-08 10:19:41 | TEMPLOG : WellhouseOne | 050.900
2017-02-08 10:19:41 | TEMPLOG : Bio   Filter | 063.500
2017-02-08 10:19:42 | TEMPLOG : Table    One | 059.900
2017-02-08 10:20:42 | TEMPLOG : WellhouseOne | 050.000
2017-02-08 10:20:43 | TEMPLOG : Bio   Filter | 061.700
2017-02-08 10:20:43 | TEMPLOG : Table    One | 059.000
2017-02-08 10:21:44 | TEMPLOG : Bio   Filter | 060.800
2017-02-08 10:22:45 | TEMPLOG : To   GeoLoop | 053.600
2017-02-08 10:24:47 | TEMPLOG : WellhouseOne | 068.000
2017-02-08 10:25:48 | TEMPLOG : WellhouseOne | 113.900
2017-02-08 10:25:48 | TEMPLOG : To   GeoLoop | 054.500
2017-02-08 10:26:49 | TEMPLOG : WellhouseOne | 117.500
2017-02-08 10:26:49 | TEMPLOG : To   GeoLoop | 053.600
2017-02-08 10:27:50 | TEMPLOG : WellhouseOne | 084.200
2017-02-08 10:28:53 | TEMPLOG : WellhouseOne | 076.100
2017-02-08 10:28:54 | TEMPLOG : To   GeoLoop | 054.500
2017-02-08 10:29:54 | TEMPLOG : WellhouseOne | 068.000
2017-02-08 10:29:54 | TEMPLOG : Bio   Filter | 059.900
2017-02-08 10:29:54 | TEMPLOG : To   GeoLoop | 053.600
2017-02-08 10:29:55 | TEMPLOG : Table    One | 058.100
2017-02-08 10:30:55 | TEMPLOG : WellhouseOne | 063.500
2017-02-08 10:31:56 | TEMPLOG : WellhouseOne | 060.800
2017-02-08 10:31:57 | TEMPLOG : To   GeoLoop | 054.500
2017-02-08 10:32:58 | TEMPLOG : WellhouseOne | 058.100
2017-02-08 10:32:58 | TEMPLOG : Bio   Filter | 060.800
2017-02-08 10:33:59 | TEMPLOG : WellhouseOne | 056.300
2017-02-08 10:35:00 | TEMPLOG : WellhouseOne | 055.400
2017-02-08 10:35:01 | TEMPLOG : Table    One | 059.000
2017-02-08 10:36:01 | TEMPLOG : WellhouseOne | 053.600
2017-02-08 10:37:03 | TEMPLOG : WellhouseOne | 052.700
2017-02-08 10:37:03 | TEMPLOG : Bio   Filter | 059.900
2017-02-08 10:37:04 | TEMPLOG : Table    One | 058.100
2017-02-08 10:38:04 | TEMPLOG : WellhouseOne | 051.800
2017-02-08 10:39:06 | TEMPLOG : WellhouseOne | 050.900
2017-02-08 10:41:09 | TEMPLOG : Table    One | 057.200
2017-02-08 10:42:09 | TEMPLOG : WellhouseOne | 050.000
2017-02-08 10:43:11 | TEMPLOG : Bio   Filter | 059.000
2017-02-08 10:44:12 | TEMPLOG : WellhouseOne | 049.100
2017-02-08 10:44:12 | TEMPLOG : To   GeoLoop | 053.600
2017-02-08 10:44:13 | TEMPLOG : Table    One | 056.300
2017-02-08 10:45:13 | TEMPLOG : Bio   Filter | 058.100
2017-02-08 10:45:15 | TEMPLOG : Table    One | 055.400
2017-02-08 10:46:15 | TEMPLOG : Bio   Filter | 057.200
2017-02-08 10:47:17 | TEMPLOG : Bio   Filter | 056.300
2017-02-08 10:47:18 | TEMPLOG : Table    One | 054.500
2017-02-08 10:48:18 | TEMPLOG : WellhouseOne | 048.200
2017-02-08 10:48:18 | TEMPLOG : Bio   Filter | 055.400
2017-02-08 10:49:19 | TEMPLOG : Bio   Filter | 054.500
2017-02-08 10:49:20 | TEMPLOG : Table    One | 053.600
2017-02-08 10:51:22 | TEMPLOG : Bio   Filter | 053.600
2017-02-08 10:51:22 | TEMPLOG : To   GeoLoop | 052.700
2017-02-08 10:52:22 | TEMPLOG : WellhouseOne | 049.100
2017-02-08 10:53:23 | TEMPLOG : WellhouseOne | 048.200
2017-02-08 10:53:24 | TEMPLOG : Table    One | 052.700
2017-02-08 10:54:24 | TEMPLOG : WellhouseOne | 089.600
2017-02-08 10:55:26 | TEMPLOG : WellhouseOne | 112.100
2017-02-08 10:55:27 | TEMPLOG : Table    One | 053.600
2017-02-08 10:56:27 | TEMPLOG : WellhouseOne | 125.600
2017-02-08 10:57:28 | TEMPLOG : WellhouseOne | 088.700
2017-02-08 10:58:29 | TEMPLOG : WellhouseOne | 077.900
2017-02-08 10:59:30 | TEMPLOG : WellhouseOne | 070.700
2017-02-08 11:00:31 | TEMPLOG : WellhouseOne | 066.200
2017-02-08 11:00:32 | TEMPLOG : Bio   Filter | 053.600
2017-02-08 11:00:32 | TEMPLOG : To   GeoLoop | 052.700
2017-02-08 11:00:32 | TEMPLOG : Table    One | 053.600
2017-02-08 11:01:32 | TEMPLOG : WellhouseOne | 063.500
2017-02-08 11:02:34 | TEMPLOG : WellhouseOne | 060.800
2017-02-08 11:03:34 | TEMPLOG : WellhouseOne | 059.900
2017-02-08 11:04:35 | TEMPLOG : WellhouseOne | 058.100
2017-02-08 11:04:35 | TEMPLOG : Bio   Filter | 054.500
2017-02-08 11:04:36 | TEMPLOG : To   GeoLoop | 053.600
2017-02-08 11:05:36 | TEMPLOG : WellhouseOne | 057.200
2017-02-08 11:05:37 | TEMPLOG : Table    One | 054.500
2017-02-08 11:06:37 | TEMPLOG : WellhouseOne | 056.300
2017-02-08 11:06:38 | TEMPLOG : Bio   Filter | 055.400
2017-02-08 11:06:39 | TEMPLOG : Table    One | 055.400
2017-02-08 11:07:39 | TEMPLOG : WellhouseOne | 055.400
2017-02-08 11:08:41 | TEMPLOG : WellhouseOne | 054.500
2017-02-08 11:08:41 | TEMPLOG : Bio   Filter | 056.300
2017-02-08 11:10:43 | TEMPLOG : WellhouseOne | 053.600
2017-02-08 11:10:44 | TEMPLOG : Table    One | 056.300
2017-02-08 11:11:44 | TEMPLOG : Bio   Filter | 057.200
2017-02-08 11:12:45 | TEMPLOG : WellhouseOne | 052.700
2017-02-08 11:13:46 | TEMPLOG : Bio   Filter | 056.300
2017-02-08 11:14:47 | TEMPLOG : Bio   Filter | 057.200
2017-02-08 11:14:48 | TEMPLOG : Table    One | 057.200
2017-02-08 11:15:48 | TEMPLOG : Bio   Filter | 058.100
2017-02-08 11:15:48 | TEMPLOG : To   GeoLoop | 054.500
2017-02-08 11:16:49 | TEMPLOG : Bio   Filter | 059.000
2017-02-08 11:16:50 | TEMPLOG : Table    One | 058.100
2017-02-08 11:17:50 | TEMPLOG : WellhouseOne | 051.800
2017-02-08 11:17:50 | TEMPLOG : Bio   Filter | 059.900
2017-02-08 11:18:51 | TEMPLOG : Bio   Filter | 059.000
2017-02-08 11:22:55 | TEMPLOG : WellhouseOne | 050.900
2017-02-08 11:24:58 | TEMPLOG : Bio   Filter | 058.100
2017-02-08 11:25:59 | TEMPLOG : WellhouseOne | 095.900
2017-02-08 11:27:01 | TEMPLOG : WellhouseOne | 113.000
2017-02-08 11:27:01 | TEMPLOG : Table    One | 057.200
2017-02-08 11:28:02 | TEMPLOG : WellhouseOne | 112.100
2017-02-08 11:29:02 | TEMPLOG : WellhouseOne | 085.100
2017-02-08 11:29:04 | TEMPLOG : Table    One | 056.300
2017-02-08 11:30:04 | TEMPLOG : WellhouseOne | 076.100
2017-02-08 11:30:05 | TEMPLOG : Bio   Filter | 057.200
2017-02-08 11:30:05 | TEMPLOG : To   GeoLoop | 053.600
2017-02-08 11:31:05 | TEMPLOG : WellhouseOne | 069.800
2017-02-08 11:32:06 | TEMPLOG : WellhouseOne | 067.100
2017-02-08 11:33:07 | TEMPLOG : WellhouseOne | 064.400
2017-02-08 11:33:07 | TEMPLOG : Bio   Filter | 056.300
2017-02-08 11:34:08 | TEMPLOG : WellhouseOne | 062.600
2017-02-08 11:35:09 | TEMPLOG : WellhouseOne | 060.800
2017-02-08 11:36:10 | TEMPLOG : WellhouseOne | 059.000
2017-02-08 11:36:11 | TEMPLOG : Bio   Filter | 057.200
2017-02-08 11:37:12 | TEMPLOG : WellhouseOne | 058.100
2017-02-08 11:37:12 | TEMPLOG : To   GeoLoop | 054.500
2017-02-08 11:37:12 | TEMPLOG : Table    One | 057.200
2017-02-08 11:38:13 | TEMPLOG : WellhouseOne | 057.200
2017-02-08 11:38:13 | TEMPLOG : Bio   Filter | 058.100
2017-02-08 11:38:13 | TEMPLOG : Table    One | 058.100
2017-02-08 11:39:14 | TEMPLOG : WellhouseOne | 056.300
2017-02-08 11:39:14 | TEMPLOG : Bio   Filter | 059.000
2017-02-08 11:39:15 | TEMPLOG : Table    One | 059.000
2017-02-08 11:40:15 | TEMPLOG : Bio   Filter | 059.900
2017-02-08 11:40:15 | TEMPLOG : Table    One | 060.800
2017-02-08 11:41:16 | TEMPLOG : WellhouseOne | 055.400
2017-02-08 11:41:16 | TEMPLOG : Bio   Filter | 060.800
2017-02-08 11:41:16 | TEMPLOG : To   GeoLoop | 055.400
2017-02-08 11:42:18 | TEMPLOG : Bio   Filter | 061.700
2017-02-08 11:43:19 | TEMPLOG : WellhouseOne | 054.500
2017-02-08 11:43:20 | TEMPLOG : Table    One | 061.700
2017-02-08 11:45:22 | TEMPLOG : Bio   Filter | 062.600
2017-02-08 11:45:22 | TEMPLOG : Table    One | 062.600
2017-02-08 11:47:23 | TEMPLOG : WellhouseOne | 053.600
2017-02-08 11:48:27 | TEMPLOG : Table    One | 061.700
2017-02-08 11:49:27 | TEMPLOG : WellhouseOne | 052.700
2017-02-08 11:49:28 | TEMPLOG : Table    One | 062.600
2017-02-08 11:50:29 | TEMPLOG : Bio   Filter | 061.700
2017-02-08 11:50:30 | TEMPLOG : Table    One | 061.700
2017-02-08 11:51:31 | TEMPLOG : Table    One | 060.800
2017-02-08 11:52:32 | TEMPLOG : Bio   Filter | 060.800
2017-02-08 11:53:34 | TEMPLOG : Table    One | 061.700
2017-02-08 11:54:34 | TEMPLOG : WellhouseOne | 051.800
2017-02-08 11:54:35 | TEMPLOG : Table    One | 060.800
2017-02-08 11:55:35 | TEMPLOG : Bio   Filter | 061.700
2017-02-08 11:55:37 | TEMPLOG : Table    One | 061.700
2017-02-08 11:56:38 | TEMPLOG : Table    One | 062.600
2017-02-08 11:57:39 | TEMPLOG : WellhouseOne | 071.600
2017-02-08 11:58:39 | TEMPLOG : WellhouseOne | 108.500
2017-02-08 11:58:40 | TEMPLOG : Bio   Filter | 062.600
2017-02-08 11:58:40 | TEMPLOG : Table    One | 063.500
2017-02-08 11:59:40 | TEMPLOG : WellhouseOne | 123.800
2017-02-08 11:59:41 | TEMPLOG : Bio   Filter | 064.400
2017-02-08 11:59:41 | TEMPLOG : Table    One | 066.200
2017-02-08 12:00:41 | TEMPLOG : WellhouseOne | 088.700
2017-02-08 12:00:42 | TEMPLOG : Bio   Filter | 065.300
2017-02-08 12:00:42 | TEMPLOG : To   GeoLoop | 056.300
2017-02-08 12:00:42 | TEMPLOG : Table    One | 066.200
2017-02-08 12:01:43 | TEMPLOG : WellhouseOne | 077.900
2017-02-08 12:01:44 | TEMPLOG : Table    One | 067.100
2017-02-08 12:02:45 | TEMPLOG : WellhouseOne | 071.600
2017-02-08 12:02:45 | TEMPLOG : Bio   Filter | 066.200
2017-02-08 12:03:46 | TEMPLOG : WellhouseOne | 068.000
2017-02-08 12:03:47 | TEMPLOG : Table    One | 068.000
2017-02-08 12:04:47 | TEMPLOG : WellhouseOne | 064.400
2017-02-08 12:04:48 | TEMPLOG : To   GeoLoop | 055.400
2017-02-08 12:05:49 | TEMPLOG : WellhouseOne | 062.600
2017-02-08 12:05:49 | TEMPLOG : Bio   Filter | 065.300
2017-02-08 12:05:49 | TEMPLOG : Table    One | 066.200
2017-02-08 12:06:50 | TEMPLOG : WellhouseOne | 060.800
2017-02-08 12:06:50 | TEMPLOG : Bio   Filter | 064.400
2017-02-08 12:07:51 | TEMPLOG : WellhouseOne | 059.900
2017-02-08 12:07:52 | TEMPLOG : Bio   Filter | 065.300
2017-02-08 12:07:53 | TEMPLOG : Table    One | 068.000
2017-02-08 12:08:53 | TEMPLOG : WellhouseOne | 059.000
2017-02-08 12:08:53 | TEMPLOG : Bio   Filter | 066.200
2017-02-08 12:08:53 | TEMPLOG : Table    One | 070.700
2017-02-08 12:09:54 | TEMPLOG : WellhouseOne | 058.100
2017-02-08 12:09:54 | TEMPLOG : Bio   Filter | 067.100
2017-02-08 12:09:54 | TEMPLOG : To   GeoLoop | 056.300
2017-02-08 12:10:56 | TEMPLOG : WellhouseOne | 057.200
2017-02-08 12:10:56 | TEMPLOG : Bio   Filter | 068.000
2017-02-08 12:10:56 | TEMPLOG : Table    One | 071.600
2017-02-08 12:11:57 | TEMPLOG : Bio   Filter | 068.900
2017-02-08 12:11:57 | TEMPLOG : Table    One | 073.400
2017-02-08 12:12:58 | TEMPLOG : WellhouseOne | 056.300
2017-02-08 12:12:58 | TEMPLOG : Bio   Filter | 071.600
2017-02-08 12:12:59 | TEMPLOG : Table    One | 077.000
2017-02-08 12:14:00 | TEMPLOG : Bio   Filter | 073.400
2017-02-08 12:14:00 | TEMPLOG : To   GeoLoop | 057.200
2017-02-08 12:14:00 | TEMPLOG : Table    One | 078.800
2017-02-08 12:15:00 | TEMPLOG : Bio   Filter | 075.200
2017-02-08 12:15:01 | TEMPLOG : Table    One | 079.700
2017-02-08 12:16:01 | TEMPLOG : WellhouseOne | 055.400
2017-02-08 12:16:02 | TEMPLOG : Bio   Filter | 077.000
2017-02-08 12:17:04 | TEMPLOG : Bio   Filter | 078.800
2017-02-08 12:18:04 | TEMPLOG : WellhouseOne | 054.500
2017-02-08 12:18:05 | TEMPLOG : Bio   Filter | 080.600
2017-02-08 12:18:05 | TEMPLOG : To   GeoLoop | 058.100
2017-02-08 12:18:05 | TEMPLOG : Table    One | 080.600
2017-02-08 12:19:06 | TEMPLOG : Bio   Filter | 081.500
2017-02-08 12:19:07 | TEMPLOG : Table    One | 079.700
2017-02-08 12:20:08 | TEMPLOG : Bio   Filter | 082.400
2017-02-08 12:21:09 | TEMPLOG : WellhouseOne | 053.600
2017-02-08 12:21:10 | TEMPLOG : Bio   Filter | 083.300
2017-02-08 12:22:11 | TEMPLOG : Bio   Filter | 084.200
2017-02-08 12:22:11 | TEMPLOG : To   GeoLoop | 059.000
2017-02-08 12:23:12 | TEMPLOG : Table    One | 080.600
2017-02-08 12:25:13 | TEMPLOG : WellhouseOne | 052.700
2017-02-08 12:25:13 | TEMPLOG : Bio   Filter | 085.100
2017-02-08 12:25:14 | TEMPLOG : Table    One | 081.500
2017-02-08 12:26:15 | TEMPLOG : Bio   Filter | 086.000
2017-02-08 12:26:16 | TEMPLOG : To   GeoLoop | 059.900
2017-02-08 12:28:18 | TEMPLOG : Bio   Filter | 086.900
2017-02-08 12:29:19 | TEMPLOG : To   GeoLoop | 060.800
2017-02-08 12:29:19 | TEMPLOG : Table    One | 082.400
2017-02-08 12:30:20 | TEMPLOG : WellhouseOne | 056.300
2017-02-08 12:30:20 | TEMPLOG : Bio   Filter | 087.800
2017-02-08 12:31:21 | TEMPLOG : WellhouseOne | 108.500
2017-02-08 12:31:21 | TEMPLOG : Bio   Filter | 088.700
2017-02-08 12:32:22 | TEMPLOG : WellhouseOne | 124.700
2017-02-08 12:32:22 | TEMPLOG : To   GeoLoop | 061.700
2017-02-08 12:33:23 | TEMPLOG : WellhouseOne | 088.700
2017-02-08 12:33:23 | TEMPLOG : Bio   Filter | 089.600
2017-02-08 12:34:24 | TEMPLOG : WellhouseOne | 077.900
2017-02-08 12:34:24 | TEMPLOG : Bio   Filter | 090.500
2017-02-08 12:34:24 | TEMPLOG : To   GeoLoop | 062.600
2017-02-08 12:35:25 | TEMPLOG : WellhouseOne | 072.500
2017-02-08 12:35:25 | TEMPLOG : Bio   Filter | 091.400
2017-02-08 12:35:25 | TEMPLOG : Table    One | 083.300
2017-02-08 12:36:25 | TEMPLOG : WellhouseOne | 068.900
2017-02-08 12:36:26 | TEMPLOG : Bio   Filter | 092.300
2017-02-08 12:37:27 | TEMPLOG : WellhouseOne | 066.200
2017-02-08 12:37:27 | TEMPLOG : Bio   Filter | 093.200
2017-02-08 12:37:28 | TEMPLOG : To   GeoLoop | 063.500
2017-02-08 12:37:28 | TEMPLOG : Table    One | 084.200
2017-02-08 12:38:29 | TEMPLOG : WellhouseOne | 063.500
2017-02-08 12:38:29 | TEMPLOG : Bio   Filter | 094.100
2017-02-08 12:39:30 | TEMPLOG : WellhouseOne | 062.600
2017-02-08 12:40:31 | TEMPLOG : WellhouseOne | 061.700
2017-02-08 12:41:32 | TEMPLOG : WellhouseOne | 060.800
2017-02-08 12:41:32 | TEMPLOG : To   GeoLoop | 064.400
2017-02-08 12:41:32 | TEMPLOG : Table    One | 085.100
2017-02-08 12:42:32 | TEMPLOG : WellhouseOne | 059.900
2017-02-08 12:42:33 | TEMPLOG : Bio   Filter | 093.200
2017-02-08 12:42:33 | TEMPLOG : Table    One | 086.000
2017-02-08 12:43:34 | TEMPLOG : WellhouseOne | 059.000
2017-02-08 12:43:34 | TEMPLOG : Bio   Filter | 094.100
2017-02-08 12:44:35 | TEMPLOG : Bio   Filter | 095.000
2017-02-08 12:44:35 | TEMPLOG : To   GeoLoop | 065.300
2017-02-08 12:44:35 | TEMPLOG : Table    One | 086.900
2017-02-08 12:45:35 | TEMPLOG : WellhouseOne | 058.100
2017-02-08 12:47:37 | TEMPLOG : WellhouseOne | 057.200
2017-02-08 12:47:37 | TEMPLOG : Bio   Filter | 095.900
2017-02-08 12:50:42 | TEMPLOG : To   GeoLoop | 066.200
2017-02-08 12:50:43 | TEMPLOG : Table    One | 087.800
2017-02-08 12:51:44 | TEMPLOG : Bio   Filter | 096.800
2017-02-08 12:52:45 | TEMPLOG : WellhouseOne | 056.300
2017-02-08 12:55:49 | TEMPLOG : Table    One | 088.700
2017-02-08 12:57:50 | TEMPLOG : WellhouseOne | 055.400
2017-02-08 12:57:50 | TEMPLOG : Bio   Filter | 095.900
2017-02-08 12:59:53 | TEMPLOG : To   GeoLoop | 065.300
2017-02-08 13:00:54 | TEMPLOG : WellhouseOne | 055.400
2017-02-08 13:00:54 | TEMPLOG : Bio   Filter | 095.000
2017-02-08 13:00:54 | TEMPLOG : To   GeoLoop | 065.300
2017-02-08 13:00:55 | TEMPLOG : Table    One | 089.600
2017-02-08 13:01:55 | TEMPLOG : Table    One | 090.500
2017-02-08 13:02:57 | TEMPLOG : Table    One | 091.400
2017-02-08 13:03:58 | TEMPLOG : WellhouseOne | 054.500
2017-02-08 13:03:59 | TEMPLOG : Table    One | 092.300
2017-02-08 13:04:59 | TEMPLOG : Bio   Filter | 094.100
2017-02-08 13:06:01 | TEMPLOG : Bio   Filter | 093.200
2017-02-08 13:06:01 | TEMPLOG : Table    One | 091.400
2017-02-08 13:07:02 | TEMPLOG : Table    One | 092.300
2017-02-08 13:08:02 | TEMPLOG : Bio   Filter | 094.100
2017-02-08 13:09:03 | TEMPLOG : WellhouseOne | 097.700
2017-02-08 13:10:05 | TEMPLOG : WellhouseOne | 122.900
2017-02-08 13:11:06 | TEMPLOG : WellhouseOne | 092.300
2017-02-08 13:12:07 | TEMPLOG : WellhouseOne | 080.600
2017-02-08 13:13:08 | TEMPLOG : WellhouseOne | 074.300
2017-02-08 13:14:10 | TEMPLOG : WellhouseOne | 070.700
2017-02-08 13:14:10 | TEMPLOG : Bio   Filter | 093.200
2017-02-08 13:15:11 | TEMPLOG : WellhouseOne | 067.100
2017-02-08 13:16:12 | TEMPLOG : WellhouseOne | 065.300
2017-02-08 13:16:14 | TEMPLOG : Table    One | 093.200
2017-02-08 13:17:14 | TEMPLOG : WellhouseOne | 063.500
2017-02-08 13:18:15 | TEMPLOG : WellhouseOne | 062.600
2017-02-08 13:18:15 | TEMPLOG : Bio   Filter | 092.300
2017-02-08 13:19:16 | TEMPLOG : WellhouseOne | 060.800
2017-02-08 13:19:17 | TEMPLOG : Table    One | 094.100
2017-02-08 13:20:18 | TEMPLOG : To   GeoLoop | 066.200
2017-02-08 13:21:19 | TEMPLOG : WellhouseOne | 059.900
2017-02-08 13:22:21 | TEMPLOG : WellhouseOne | 059.000
2017-02-08 13:22:21 | TEMPLOG : Table    One | 095.000
2017-02-08 13:25:24 | TEMPLOG : WellhouseOne | 058.100
2017-02-08 13:26:26 | TEMPLOG : To   GeoLoop | 067.100
2017-02-08 13:27:27 | TEMPLOG : WellhouseOne | 057.200
2017-02-08 13:31:32 | TEMPLOG : WellhouseOne | 056.300
2017-02-08 13:31:32 | TEMPLOG : Bio   Filter | 091.400
2017-02-08 13:35:39 | TEMPLOG : To   GeoLoop | 068.000
2017-02-08 13:35:39 | TEMPLOG : Table    One | 095.900
2017-02-08 13:37:41 | TEMPLOG : WellhouseOne | 055.400
2017-02-08 13:37:41 | TEMPLOG : Bio   Filter | 092.300
2017-02-08 13:38:42 | TEMPLOG : Bio   Filter | 091.400
2017-02-08 13:38:43 | TEMPLOG : Table    One | 096.800
2017-02-08 13:39:44 | TEMPLOG : Bio   Filter | 092.300
2017-02-08 13:39:44 | TEMPLOG : Table    One | 097.700
2017-02-08 13:40:45 | TEMPLOG : Bio   Filter | 091.400
2017-02-08 13:41:46 | TEMPLOG : Bio   Filter | 092.300
2017-02-08 13:41:46 | TEMPLOG : To   GeoLoop | 068.900
2017-02-08 13:41:46 | TEMPLOG : Table    One | 098.600
2017-02-08 13:42:47 | TEMPLOG : Bio   Filter | 091.400
2017-02-08 13:43:49 | TEMPLOG : Table    One | 097.700
2017-02-08 13:44:50 | TEMPLOG : Bio   Filter | 092.300
2017-02-08 13:44:50 | TEMPLOG : Table    One | 098.600
2017-02-08 13:45:51 | TEMPLOG : Table    One | 097.700
2017-02-08 13:47:52 | TEMPLOG : WellhouseOne | 104.000
2017-02-08 13:48:53 | TEMPLOG : WellhouseOne | 116.600
2017-02-08 13:48:54 | TEMPLOG : To   GeoLoop | 068.000
2017-02-08 13:48:54 | TEMPLOG : Table    One | 096.800
2017-02-08 13:49:55 | TEMPLOG : WellhouseOne | 085.100
2017-02-08 13:50:56 | TEMPLOG : WellhouseOne | 077.000
2017-02-08 13:51:56 | TEMPLOG : WellhouseOne | 073.400
2017-02-08 13:51:56 | TEMPLOG : Bio   Filter | 093.200
2017-02-08 13:51:57 | TEMPLOG : To   GeoLoop | 068.900
2017-02-08 13:51:57 | TEMPLOG : Table    One | 097.700
2017-02-08 13:52:57 | TEMPLOG : WellhouseOne | 069.800
2017-02-08 13:52:57 | TEMPLOG : Bio   Filter | 094.100
2017-02-08 13:52:59 | TEMPLOG : Table    One | 098.600
2017-02-08 13:53:59 | TEMPLOG : WellhouseOne | 067.100
2017-02-08 13:55:01 | TEMPLOG : WellhouseOne | 065.300
2017-02-08 13:56:02 | TEMPLOG : WellhouseOne | 064.400
2017-02-08 13:56:03 | TEMPLOG : Table    One | 097.700
2017-02-08 13:57:03 | TEMPLOG : WellhouseOne | 062.600
2017-02-08 13:57:04 | TEMPLOG : Bio   Filter | 093.200
2017-02-08 13:57:05 | TEMPLOG : Table    One | 095.900
2017-02-08 13:58:05 | TEMPLOG : WellhouseOne | 061.700
2017-02-08 13:58:06 | TEMPLOG : Bio   Filter | 091.400
2017-02-08 13:58:06 | TEMPLOG : To   GeoLoop | 068.000
2017-02-08 13:58:07 | TEMPLOG : Table    One | 093.200
2017-02-08 13:59:07 | TEMPLOG : Bio   Filter | 088.700
2017-02-08 13:59:07 | TEMPLOG : To   GeoLoop | 067.100
2017-02-08 13:59:08 | TEMPLOG : Table    One | 089.600
2017-02-08 14:00:08 | TEMPLOG : WellhouseOne | 060.800
2017-02-08 14:00:08 | TEMPLOG : Bio   Filter | 086.000
2017-02-08 14:00:08 | TEMPLOG : To   GeoLoop | 066.200
2017-02-08 14:00:08 | TEMPLOG : Table    One | 086.000
2017-02-08 14:01:09 | TEMPLOG : WellhouseOne | 059.900
2017-02-08 14:01:09 | TEMPLOG : Bio   Filter | 084.200
2017-02-08 14:01:09 | TEMPLOG : To   GeoLoop | 064.400
2017-02-08 14:01:09 | TEMPLOG : Table    One | 084.200
2017-02-08 14:02:10 | TEMPLOG : Bio   Filter | 082.400
2017-02-08 14:02:11 | TEMPLOG : Table    One | 083.300
2017-02-08 14:03:11 | TEMPLOG : WellhouseOne | 059.000
2017-02-08 14:03:12 | TEMPLOG : Bio   Filter | 081.500
2017-02-08 14:03:12 | TEMPLOG : To   GeoLoop | 063.500
2017-02-08 14:03:12 | TEMPLOG : Table    One | 082.400
2017-02-08 14:04:13 | TEMPLOG : Bio   Filter | 080.600
2017-02-08 14:04:13 | TEMPLOG : Table    One | 081.500
2017-02-08 14:05:14 | TEMPLOG : Bio   Filter | 079.700
2017-02-08 14:06:14 | TEMPLOG : Bio   Filter | 078.800
2017-02-08 14:07:15 | TEMPLOG : WellhouseOne | 058.100
2017-02-08 14:07:17 | TEMPLOG : Table    One | 080.600
2017-02-08 14:10:21 | TEMPLOG : Table    One | 081.500
2017-02-08 14:11:21 | TEMPLOG : WellhouseOne | 057.200
2017-02-08 14:12:23 | TEMPLOG : Bio   Filter | 079.700
2017-02-08 14:12:23 | TEMPLOG : To   GeoLoop | 064.400
2017-02-08 14:12:24 | TEMPLOG : Table    One | 083.300
2017-02-08 14:13:24 | TEMPLOG : Bio   Filter | 080.600
2017-02-08 14:13:25 | TEMPLOG : Table    One | 084.200
2017-02-08 14:14:26 | TEMPLOG : Bio   Filter | 081.500
2017-02-08 14:14:26 | TEMPLOG : To   GeoLoop | 065.300
2017-02-08 14:14:27 | TEMPLOG : Table    One | 086.900
2017-02-08 14:15:27 | TEMPLOG : Bio   Filter | 082.400
2017-02-08 14:15:28 | TEMPLOG : Table    One | 087.800
2017-02-08 14:17:31 | TEMPLOG : Table    One | 088.700
2017-02-08 14:18:31 | TEMPLOG : WellhouseOne | 056.300
2017-02-08 14:19:33 | TEMPLOG : Bio   Filter | 083.300
2017-02-08 14:19:33 | TEMPLOG : To   GeoLoop | 066.200
2017-02-08 14:19:33 | TEMPLOG : Table    One | 090.500
2017-02-08 14:20:34 | TEMPLOG : Bio   Filter | 084.200
2017-02-08 14:20:35 | TEMPLOG : Table    One | 089.600
2017-02-08 14:21:37 | TEMPLOG : Table    One | 090.500
2017-02-08 14:22:37 | TEMPLOG : Bio   Filter | 085.100
2017-02-08 14:22:38 | TEMPLOG : Table    One | 091.400
2017-02-08 14:23:39 | TEMPLOG : Bio   Filter | 084.200
2017-02-08 14:23:39 | TEMPLOG : Table    One | 089.600
2017-02-08 14:24:40 | TEMPLOG : Bio   Filter | 082.400
2017-02-08 14:24:40 | TEMPLOG : To   GeoLoop | 065.300
2017-02-08 14:24:40 | TEMPLOG : Table    One | 086.000
2017-02-08 14:25:41 | TEMPLOG : Bio   Filter | 080.600
2017-02-08 14:25:42 | TEMPLOG : To   GeoLoop | 064.400
2017-02-08 14:25:43 | TEMPLOG : Table    One | 082.400
2017-02-08 14:26:44 | TEMPLOG : Bio   Filter | 078.800
2017-02-08 14:26:45 | TEMPLOG : To   GeoLoop | 063.500
2017-02-08 14:26:45 | TEMPLOG : Table    One | 079.700
2017-02-08 14:27:46 | TEMPLOG : Bio   Filter | 077.000
2017-02-08 14:27:46 | TEMPLOG : Table    One | 078.800
2017-02-08 14:28:46 | TEMPLOG : WellhouseOne | 068.000
2017-02-08 14:28:46 | TEMPLOG : Bio   Filter | 076.100
2017-02-08 14:28:47 | TEMPLOG : Table    One | 077.900
2017-02-08 14:29:47 | TEMPLOG : WellhouseOne | 117.500
2017-02-08 14:30:48 | TEMPLOG : WellhouseOne | 094.100
2017-02-08 14:30:49 | TEMPLOG : Bio   Filter | 077.000
2017-02-08 14:30:49 | TEMPLOG : Table    One | 080.600
2017-02-08 14:31:49 | TEMPLOG : WellhouseOne | 081.500
2017-02-08 14:31:50 | TEMPLOG : Bio   Filter | 078.800
2017-02-08 14:31:50 | TEMPLOG : To   GeoLoop | 064.400
2017-02-08 14:31:50 | TEMPLOG : Table    One | 082.400
2017-02-08 14:32:51 | TEMPLOG : WellhouseOne | 076.100
2017-02-08 14:32:51 | TEMPLOG : Table    One | 081.500
2017-02-08 14:33:52 | TEMPLOG : WellhouseOne | 072.500
2017-02-08 14:33:52 | TEMPLOG : Bio   Filter | 077.900
2017-02-08 14:33:53 | TEMPLOG : Table    One | 080.600
2017-02-08 14:34:53 | TEMPLOG : WellhouseOne | 069.800
2017-02-08 14:34:55 | TEMPLOG : Table    One | 082.400
2017-02-08 14:35:55 | TEMPLOG : WellhouseOne | 067.100
2017-02-08 14:35:55 | TEMPLOG : Bio   Filter | 079.700
2017-02-08 14:35:56 | TEMPLOG : To   GeoLoop | 065.300
2017-02-08 14:35:56 | TEMPLOG : Table    One | 085.100
2017-02-08 14:36:56 | TEMPLOG : WellhouseOne | 065.300
2017-02-08 14:36:57 | TEMPLOG : Bio   Filter | 080.600
2017-02-08 14:37:58 | TEMPLOG : WellhouseOne | 064.400
2017-02-08 14:37:59 | TEMPLOG : Bio   Filter | 079.700
2017-02-08 14:38:00 | TEMPLOG : Table    One | 084.200
2017-02-08 14:39:00 | TEMPLOG : WellhouseOne | 063.500
2017-02-08 14:40:01 | TEMPLOG : WellhouseOne | 062.600
2017-02-08 14:40:02 | TEMPLOG : Table    One | 085.100
2017-02-08 14:41:02 | TEMPLOG : WellhouseOne | 061.700
2017-02-08 14:41:02 | TEMPLOG : Bio   Filter | 080.600
2017-02-08 14:41:02 | TEMPLOG : To   GeoLoop | 066.200
2017-02-08 14:41:03 | TEMPLOG : Table    One | 086.000
2017-02-08 14:42:03 | TEMPLOG : WellhouseOne | 060.800
2017-02-08 14:43:05 | TEMPLOG : WellhouseOne | 059.900
2017-02-08 14:43:06 | TEMPLOG : Table    One | 086.900
2017-02-08 14:44:06 | TEMPLOG : Bio   Filter | 081.500
2017-02-08 14:44:07 | TEMPLOG : Table    One | 088.700
2017-02-08 14:45:07 | TEMPLOG : Bio   Filter | 083.300
2017-02-08 14:45:08 | TEMPLOG : To   GeoLoop | 067.100
2017-02-08 14:45:08 | TEMPLOG : Table    One | 091.400
2017-02-08 14:46:09 | TEMPLOG : Bio   Filter | 084.200
2017-02-08 14:46:09 | TEMPLOG : To   GeoLoop | 068.000
2017-02-08 14:46:10 | TEMPLOG : Table    One | 093.200
2017-02-08 14:47:11 | TEMPLOG : Bio   Filter | 085.100
2017-02-08 14:47:11 | TEMPLOG : To   GeoLoop | 068.900
2017-02-08 14:47:12 | TEMPLOG : Table    One | 094.100
2017-02-08 14:48:12 | TEMPLOG : WellhouseOne | 059.000
2017-02-08 14:55:19 | TEMPLOG : WellhouseOne | 058.100
2017-02-08 14:56:22 | TEMPLOG : Bio   Filter | 084.200
2017-02-08 14:56:22 | TEMPLOG : Table    One | 093.200
2017-02-08 14:59:26 | TEMPLOG : Table    One | 092.300
2017-02-08 15:00:26 | TEMPLOG : WellhouseOne | 058.100
2017-02-08 15:00:26 | TEMPLOG : Bio   Filter | 083.300
2017-02-08 15:00:27 | TEMPLOG : To   GeoLoop | 068.900
2017-02-08 15:00:27 | TEMPLOG : Table    One | 092.300
2017-02-08 15:01:28 | TEMPLOG : Table    One | 093.200
2017-02-08 15:03:30 | TEMPLOG : Bio   Filter | 084.200
2017-02-08 15:04:30 | TEMPLOG : Bio   Filter | 083.300
2017-02-08 15:04:31 | TEMPLOG : Table    One | 092.300
2017-02-08 15:05:31 | TEMPLOG : Bio   Filter | 084.200
2017-02-08 15:06:32 | TEMPLOG : WellhouseOne | 116.600
2017-02-08 15:07:34 | TEMPLOG : WellhouseOne | 127.400
2017-02-08 15:07:35 | TEMPLOG : Bio   Filter | 083.300
2017-02-08 15:07:35 | TEMPLOG : To   GeoLoop | 068.000
2017-02-08 15:07:35 | TEMPLOG : Table    One | 091.400
2017-02-08 15:08:35 | TEMPLOG : WellhouseOne | 084.200
2017-02-08 15:08:36 | TEMPLOG : Table    One | 090.500
2017-02-08 15:09:36 | TEMPLOG : WellhouseOne | 072.500
2017-02-08 15:09:36 | TEMPLOG : Bio   Filter | 082.400
2017-02-08 15:09:37 | TEMPLOG : Table    One | 089.600
2017-02-08 15:10:37 | TEMPLOG : WellhouseOne | 068.000
2017-02-08 15:10:38 | TEMPLOG : Table    One | 088.700
2017-02-08 15:11:38 | TEMPLOG : WellhouseOne | 064.400
2017-02-08 15:11:38 | TEMPLOG : Bio   Filter | 081.500
2017-02-08 15:11:38 | TEMPLOG : Table    One | 087.800
2017-02-08 15:12:38 | TEMPLOG : WellhouseOne | 063.500
2017-02-08 15:12:39 | TEMPLOG : To   GeoLoop | 067.100
2017-02-08 15:12:39 | TEMPLOG : Table    One | 086.900
2017-02-08 15:13:39 | TEMPLOG : WellhouseOne | 062.600
2017-02-08 15:14:41 | TEMPLOG : WellhouseOne | 061.700
2017-02-08 15:14:41 | TEMPLOG : Bio   Filter | 080.600
2017-02-08 15:14:41 | TEMPLOG : Table    One | 086.000
2017-02-08 15:15:42 | TEMPLOG : Table    One | 085.100
2017-02-08 15:16:42 | TEMPLOG : WellhouseOne | 060.800
2017-02-08 15:17:43 | TEMPLOG : WellhouseOne | 059.900
2017-02-08 15:17:44 | TEMPLOG : Table    One | 084.200
2017-02-08 15:19:46 | TEMPLOG : Bio   Filter | 079.700
2017-02-08 15:20:47 | TEMPLOG : WellhouseOne | 059.000
2017-02-08 15:21:48 | TEMPLOG : Bio   Filter | 078.800
2017-02-08 15:21:48 | TEMPLOG : To   GeoLoop | 066.200
2017-02-08 15:25:51 | TEMPLOG : Bio   Filter | 077.900
2017-02-08 15:25:52 | TEMPLOG : Table    One | 085.100
2017-02-08 15:27:53 | TEMPLOG : WellhouseOne | 058.100
2017-02-08 15:27:53 | TEMPLOG : Bio   Filter | 077.000
2017-02-08 15:28:54 | TEMPLOG : Bio   Filter | 077.900
2017-02-08 15:28:55 | TEMPLOG : Table    One | 084.200
2017-02-08 15:29:55 | TEMPLOG : Bio   Filter | 077.000
2017-02-08 15:29:56 | TEMPLOG : Table    One | 085.100
2017-02-08 15:30:57 | TEMPLOG : Table    One | 084.200
2017-02-08 15:32:59 | TEMPLOG : Bio   Filter | 076.100
2017-02-08 15:32:59 | TEMPLOG : To   GeoLoop | 065.300
2017-02-08 15:34:00 | TEMPLOG : Table    One | 083.300
2017-02-08 15:35:01 | TEMPLOG : WellhouseOne | 057.200
2017-02-08 15:37:04 | TEMPLOG : WellhouseOne | 058.100
2017-02-08 15:37:04 | TEMPLOG : Bio   Filter | 075.200
2017-02-08 15:37:05 | TEMPLOG : Table    One | 084.200
2017-02-08 15:38:05 | TEMPLOG : WellhouseOne | 057.200
2017-02-08 15:40:07 | TEMPLOG : WellhouseOne | 125.600
2017-02-08 15:41:07 | TEMPLOG : WellhouseOne | 106.700
2017-02-08 15:41:08 | TEMPLOG : Bio   Filter | 074.300
2017-02-08 15:41:08 | TEMPLOG : To   GeoLoop | 064.400
2017-02-08 15:42:08 | TEMPLOG : WellhouseOne | 081.500
2017-02-08 15:43:09 | TEMPLOG : WellhouseOne | 072.500
2017-02-08 15:44:10 | TEMPLOG : WellhouseOne | 068.000
2017-02-08 15:45:11 | TEMPLOG : WellhouseOne | 066.200
2017-02-08 15:46:12 | TEMPLOG : WellhouseOne | 063.500
2017-02-08 15:47:13 | TEMPLOG : WellhouseOne | 062.600
2017-02-08 15:48:14 | TEMPLOG : WellhouseOne | 061.700
2017-02-08 15:49:15 | TEMPLOG : WellhouseOne | 060.800
2017-02-08 15:50:16 | TEMPLOG : WellhouseOne | 059.900
2017-02-08 15:50:16 | TEMPLOG : Bio   Filter | 073.400
2017-02-08 15:51:18 | TEMPLOG : Table    One | 083.300
2017-02-08 15:53:19 | TEMPLOG : Bio   Filter | 072.500
2017-02-08 15:55:22 | TEMPLOG : WellhouseOne | 059.000
2017-02-08 15:55:22 | TEMPLOG : Bio   Filter | 071.600
2017-02-08 15:57:24 | TEMPLOG : To   GeoLoop | 063.500
2017-02-08 15:57:25 | TEMPLOG : Table    One | 082.400
2017-02-08 15:58:26 | TEMPLOG : Bio   Filter | 070.700
2017-02-08 15:58:26 | TEMPLOG : To   GeoLoop | 064.400
2017-02-08 15:59:27 | TEMPLOG : To   GeoLoop | 063.500
2017-02-08 16:00:28 | TEMPLOG : WellhouseOne | 059.000
2017-02-08 16:00:28 | TEMPLOG : Bio   Filter | 070.700
2017-02-08 16:00:29 | TEMPLOG : To   GeoLoop | 063.500
2017-02-08 16:00:29 | TEMPLOG : Table    One | 081.500
2017-02-08 16:01:29 | TEMPLOG : WellhouseOne | 058.100
2017-02-08 16:01:30 | TEMPLOG : Bio   Filter | 069.800
2017-02-08 16:01:30 | TEMPLOG : To   GeoLoop | 064.400
2017-02-08 16:02:31 | TEMPLOG : To   GeoLoop | 063.500
2017-02-08 16:02:31 | TEMPLOG : Table    One | 080.600
2017-02-08 16:06:37 | TEMPLOG : Table    One | 079.700
2017-02-08 16:07:37 | TEMPLOG : Bio   Filter | 068.900
2017-02-08 16:09:39 | TEMPLOG : Bio   Filter | 069.800
2017-02-08 16:09:40 | TEMPLOG : To   GeoLoop | 062.600
2017-02-08 16:10:42 | TEMPLOG : Bio   Filter | 068.900
2017-02-08 16:10:42 | TEMPLOG : To   GeoLoop | 063.500
2017-02-08 16:10:42 | TEMPLOG : Table    One | 078.800
2017-02-08 16:11:43 | TEMPLOG : To   GeoLoop | 062.600
2017-02-08 16:13:44 | TEMPLOG : Table    One | 077.900
2017-02-08 16:17:48 | TEMPLOG : WellhouseOne | 104.900
2017-02-08 16:18:51 | TEMPLOG : WellhouseOne | 112.100
2017-02-08 16:19:52 | TEMPLOG : WellhouseOne | 088.700
2017-02-08 16:19:52 | TEMPLOG : Table    One | 077.000
2017-02-08 16:20:53 | TEMPLOG : WellhouseOne | 080.600
2017-02-08 16:21:54 | TEMPLOG : WellhouseOne | 075.200
2017-02-08 16:22:56 | TEMPLOG : WellhouseOne | 072.500
2017-02-08 16:23:58 | TEMPLOG : WellhouseOne | 070.700
2017-02-08 16:23:58 | TEMPLOG : Bio   Filter | 068.000
2017-02-08 16:23:58 | TEMPLOG : Table    One | 076.100
2017-02-08 16:24:59 | TEMPLOG : WellhouseOne | 068.900
2017-02-08 16:24:59 | TEMPLOG : Bio   Filter | 068.900
2017-02-08 16:26:00 | TEMPLOG : WellhouseOne | 068.000
2017-02-08 16:26:01 | TEMPLOG : Bio   Filter | 068.000
2017-02-08 16:26:01 | TEMPLOG : To   GeoLoop | 061.700
2017-02-08 16:27:01 | TEMPLOG : WellhouseOne | 066.200
2017-02-08 16:28:02 | TEMPLOG : WellhouseOne | 065.300
2017-02-08 16:28:04 | TEMPLOG : Table    One | 075.200
2017-02-08 16:29:04 | TEMPLOG : WellhouseOne | 064.400
2017-02-08 16:31:07 | TEMPLOG : WellhouseOne | 063.500
2017-02-08 16:31:08 | TEMPLOG : Table    One | 074.300
2017-02-08 16:33:10 | TEMPLOG : WellhouseOne | 062.600
2017-02-08 16:33:10 | TEMPLOG : Bio   Filter | 067.100
2017-02-08 16:34:12 | TEMPLOG : Table    One | 073.400
2017-02-08 16:37:16 | TEMPLOG : WellhouseOne | 061.700
2017-02-08 16:37:17 | TEMPLOG : Bio   Filter | 066.200
2017-02-08 16:37:17 | TEMPLOG : To   GeoLoop | 060.800
2017-02-08 16:37:18 | TEMPLOG : Table    One | 072.500
2017-02-08 16:38:19 | TEMPLOG : To   GeoLoop | 061.700
2017-02-08 16:39:20 | TEMPLOG : To   GeoLoop | 060.800
2017-02-08 16:39:21 | TEMPLOG : Table    One | 071.600
2017-02-08 16:41:23 | TEMPLOG : Table    One | 070.700
2017-02-08 16:43:25 | TEMPLOG : WellhouseOne | 060.800
2017-02-08 16:43:25 | TEMPLOG : Bio   Filter | 065.300
2017-02-08 16:44:27 | TEMPLOG : Table    One | 069.800
2017-02-08 16:46:28 | TEMPLOG : Table    One | 068.900
2017-02-08 16:47:29 | TEMPLOG : Bio   Filter | 064.400
2017-02-08 16:48:30 | TEMPLOG : WellhouseOne | 059.900
2017-02-08 16:49:32 | TEMPLOG : Table    One | 068.000
2017-02-08 16:50:33 | TEMPLOG : Table    One | 067.100
2017-02-08 16:51:33 | TEMPLOG : Bio   Filter | 063.500
2017-02-08 16:52:34 | TEMPLOG : WellhouseOne | 059.000
2017-02-08 16:52:36 | TEMPLOG : To   GeoLoop | 059.900
2017-02-08 16:52:36 | TEMPLOG : Table    One | 066.200
2017-02-08 16:53:36 | TEMPLOG : WellhouseOne | 059.900
2017-02-08 16:54:37 | TEMPLOG : WellhouseOne | 059.000
2017-02-08 16:54:38 | TEMPLOG : Table    One | 065.300
2017-02-08 16:55:39 | TEMPLOG : Bio   Filter | 062.600
2017-02-08 16:56:41 | TEMPLOG : Table    One | 064.400
2017-02-08 16:58:43 | TEMPLOG : Bio   Filter | 061.700
2017-02-08 16:59:45 | TEMPLOG : Table    One | 063.500
2017-02-08 17:00:45 | TEMPLOG : WellhouseOne | 059.000
2017-02-08 17:00:45 | TEMPLOG : Bio   Filter | 060.800
2017-02-08 17:00:46 | TEMPLOG : To   GeoLoop | 059.900
2017-02-08 17:00:46 | TEMPLOG : Table    One | 063.500
2017-02-08 17:01:47 | TEMPLOG : Bio   Filter | 061.700
2017-02-08 17:02:48 | TEMPLOG : Bio   Filter | 060.800
2017-02-08 17:02:49 | TEMPLOG : Table    One | 062.600
2017-02-08 17:03:50 | TEMPLOG : Table    One | 061.700
2017-02-08 17:04:50 | TEMPLOG : WellhouseOne | 058.100
2017-02-08 17:04:50 | TEMPLOG : Bio   Filter | 059.900
2017-02-08 17:04:50 | TEMPLOG : To   GeoLoop | 059.000
2017-02-08 17:04:51 | TEMPLOG : Table    One | 060.800
2017-02-08 17:05:51 | TEMPLOG : Bio   Filter | 059.000
2017-02-08 17:05:52 | TEMPLOG : Table    One | 059.900
2017-02-08 17:06:53 | TEMPLOG : WellhouseOne | 103.100
2017-02-08 17:06:53 | TEMPLOG : Table    One | 059.000
2017-02-08 17:07:54 | TEMPLOG : WellhouseOne | 111.200
2017-02-08 17:07:54 | TEMPLOG : Bio   Filter | 058.100
2017-02-08 17:07:54 | TEMPLOG : Table    One | 058.100
2017-02-08 17:08:55 | TEMPLOG : WellhouseOne | 087.800
2017-02-08 17:08:55 | TEMPLOG : Bio   Filter | 057.200
2017-02-08 17:08:56 | TEMPLOG : Table    One | 057.200
2017-02-08 17:09:56 | TEMPLOG : WellhouseOne | 080.600
2017-02-08 17:09:56 | TEMPLOG : To   GeoLoop | 058.100
2017-02-08 17:09:57 | TEMPLOG : Table    One | 056.300
2017-02-08 17:10:57 | TEMPLOG : WellhouseOne | 076.100
2017-02-08 17:10:58 | TEMPLOG : Bio   Filter | 056.300
2017-02-08 17:10:58 | TEMPLOG : Table    One | 055.400
2017-02-08 17:11:59 | TEMPLOG : WellhouseOne | 072.500
2017-02-08 17:13:00 | TEMPLOG : WellhouseOne | 068.900
2017-02-08 17:13:00 | TEMPLOG : Bio   Filter | 055.400
2017-02-08 17:14:01 | TEMPLOG : WellhouseOne | 067.100
2017-02-08 17:14:02 | TEMPLOG : Table    One | 054.500
2017-02-08 17:15:02 | TEMPLOG : WellhouseOne | 066.200
2017-02-08 17:15:03 | TEMPLOG : Bio   Filter | 054.500
2017-02-08 17:16:04 | TEMPLOG : WellhouseOne | 065.300
2017-02-08 17:17:06 | TEMPLOG : WellhouseOne | 064.400
2017-02-08 17:17:07 | TEMPLOG : Table    One | 053.600
2017-02-08 17:18:08 | TEMPLOG : WellhouseOne | 063.500
2017-02-08 17:18:08 | TEMPLOG : To   GeoLoop | 057.200
2017-02-08 17:19:09 | TEMPLOG : Bio   Filter | 053.600
2017-02-08 17:19:10 | TEMPLOG : To   GeoLoop | 058.100
2017-02-08 17:20:10 | TEMPLOG : WellhouseOne | 062.600
2017-02-08 17:20:11 | TEMPLOG : To   GeoLoop | 057.200
2017-02-08 17:20:11 | TEMPLOG : Table    One | 052.700
2017-02-08 17:23:14 | TEMPLOG : WellhouseOne | 061.700
2017-02-08 17:23:14 | TEMPLOG : Bio   Filter | 052.700
2017-02-08 17:24:15 | TEMPLOG : WellhouseOne | 060.800
2017-02-08 17:24:16 | TEMPLOG : Table    One | 051.800
2017-02-08 17:25:16 | TEMPLOG : Bio   Filter | 051.800
2017-02-08 17:27:18 | TEMPLOG : WellhouseOne | 059.900
2017-02-08 17:27:19 | TEMPLOG : Table    One | 050.900
2017-02-08 17:28:20 | TEMPLOG : Table    One | 051.800
2017-02-08 17:29:20 | TEMPLOG : Table    One | 050.900
2017-02-08 17:32:24 | TEMPLOG : WellhouseOne | 059.000
2017-02-08 17:32:25 | TEMPLOG : Bio   Filter | 050.900
2017-02-08 17:32:25 | TEMPLOG : Table    One | 050.000
2017-02-08 17:33:26 | TEMPLOG : To   GeoLoop | 056.300
2017-02-08 17:34:27 | TEMPLOG : To   GeoLoop | 057.200
2017-02-08 17:36:29 | TEMPLOG : To   GeoLoop | 056.300
2017-02-08 17:38:30 | TEMPLOG : WellhouseOne | 058.100
2017-02-08 17:38:31 | TEMPLOG : Bio   Filter | 050.000
2017-02-08 17:39:32 | TEMPLOG : Table    One | 049.100
2017-02-08 17:44:38 | TEMPLOG : WellhouseOne | 057.200
2017-02-08 17:45:39 | TEMPLOG : Bio   Filter | 049.100
2017-02-08 17:47:44 | TEMPLOG : Table    One | 048.200
2017-02-08 17:51:47 | TEMPLOG : WellhouseOne | 113.900
2017-02-08 17:52:48 | TEMPLOG : WellhouseOne | 103.100
2017-02-08 17:53:49 | TEMPLOG : WellhouseOne | 085.100
2017-02-08 17:54:51 | TEMPLOG : WellhouseOne | 077.000
2017-02-08 17:54:52 | TEMPLOG : Table    One | 049.100
2017-02-08 17:55:52 | TEMPLOG : WellhouseOne | 074.300
2017-02-08 17:55:54 | TEMPLOG : Table    One | 048.200
2017-02-08 17:56:54 | TEMPLOG : WellhouseOne | 070.700
2017-02-08 17:57:55 | TEMPLOG : WellhouseOne | 068.900
2017-02-08 17:57:56 | TEMPLOG : Table    One | 049.100
2017-02-08 17:58:56 | TEMPLOG : WellhouseOne | 067.100
2017-02-08 17:59:59 | TEMPLOG : WellhouseOne | 065.300
2017-02-08 18:01:00 | TEMPLOG : WellhouseOne | 064.400
2017-02-08 18:03:03 | TEMPLOG : WellhouseOne | 063.500
2017-02-08 18:04:04 | TEMPLOG : WellhouseOne | 062.600
2017-02-08 18:06:07 | TEMPLOG : WellhouseOne | 061.700
2017-02-08 18:08:11 | TEMPLOG : WellhouseOne | 060.800
2017-02-08 18:13:16 | TEMPLOG : WellhouseOne | 059.900
2017-02-08 18:17:22 | TEMPLOG : Table    One | 048.200
2017-02-08 18:18:22 | TEMPLOG : WellhouseOne | 059.000
2017-02-08 18:21:28 | TEMPLOG : WellhouseOne | 058.100
2017-02-08 18:22:30 | TEMPLOG : Table    One | 049.100
2017-02-08 18:24:33 | TEMPLOG : Table    One | 048.200
2017-02-08 18:25:34 | TEMPLOG : Table    One | 049.100
2017-02-08 18:27:36 | TEMPLOG : WellhouseOne | 057.200
2017-02-08 18:31:41 | TEMPLOG : Table    One | 048.200
2017-02-08 18:33:42 | TEMPLOG : WellhouseOne | 056.300
2017-02-08 18:34:43 | TEMPLOG : To   GeoLoop | 055.400
2017-02-08 18:35:44 | TEMPLOG : WellhouseOne | 104.900
2017-02-08 18:35:44 | TEMPLOG : Bio   Filter | 048.200
2017-02-08 18:36:44 | TEMPLOG : WellhouseOne | 123.800
2017-02-08 18:37:46 | TEMPLOG : WellhouseOne | 089.600
2017-02-08 18:38:47 | TEMPLOG : WellhouseOne | 080.600
2017-02-08 18:39:48 | TEMPLOG : WellhouseOne | 075.200
2017-02-08 18:39:50 | TEMPLOG : Table    One | 047.300
2017-02-08 18:40:50 | TEMPLOG : WellhouseOne | 071.600
2017-02-08 18:41:52 | TEMPLOG : WellhouseOne | 068.900
2017-02-08 18:42:54 | TEMPLOG : WellhouseOne | 067.100
2017-02-08 18:43:55 | TEMPLOG : WellhouseOne | 065.300
2017-02-08 18:43:55 | TEMPLOG : Bio   Filter | 047.300
2017-02-08 18:44:56 | TEMPLOG : WellhouseOne | 064.400
2017-02-08 18:45:57 | TEMPLOG : WellhouseOne | 063.500
2017-02-08 18:47:59 | TEMPLOG : WellhouseOne | 062.600
2017-02-08 18:49:00 | TEMPLOG : WellhouseOne | 061.700
2017-02-08 18:51:03 | TEMPLOG : WellhouseOne | 060.800
2017-02-08 18:54:06 | TEMPLOG : WellhouseOne | 059.900
2017-02-08 18:54:07 | TEMPLOG : Table    One | 046.400
2017-02-08 18:58:12 | TEMPLOG : WellhouseOne | 059.000
2017-02-08 19:00:14 | TEMPLOG : WellhouseOne | 059.000
2017-02-08 19:00:15 | TEMPLOG : Bio   Filter | 047.300
2017-02-08 19:00:15 | TEMPLOG : To   GeoLoop | 055.400
2017-02-08 19:00:15 | TEMPLOG : Table    One | 046.400
2017-02-08 19:03:17 | TEMPLOG : WellhouseOne | 058.100
2017-02-08 19:06:22 | TEMPLOG : Bio   Filter | 046.400
2017-02-08 19:11:29 | TEMPLOG : WellhouseOne | 057.200
2017-02-08 19:17:39 | TEMPLOG : WellhouseOne | 056.300
2017-02-08 19:19:41 | TEMPLOG : WellhouseOne | 069.800
2017-02-08 19:19:42 | TEMPLOG : Table    One | 045.500
2017-02-08 19:20:42 | TEMPLOG : WellhouseOne | 119.300
2017-02-08 19:20:43 | TEMPLOG : Table    One | 046.400
2017-02-08 19:21:43 | TEMPLOG : WellhouseOne | 095.900
2017-02-08 19:21:44 | TEMPLOG : To   GeoLoop | 054.500
2017-02-08 19:22:45 | TEMPLOG : WellhouseOne | 081.500
2017-02-08 19:23:46 | TEMPLOG : WellhouseOne | 075.200
2017-02-08 19:24:47 | TEMPLOG : WellhouseOne | 070.700
2017-02-08 19:25:49 | TEMPLOG : WellhouseOne | 068.000
2017-02-08 19:25:50 | TEMPLOG : To   GeoLoop | 055.400
2017-02-08 19:26:50 | TEMPLOG : WellhouseOne | 066.200
2017-02-08 19:26:51 | TEMPLOG : To   GeoLoop | 054.500
2017-02-08 19:27:52 | TEMPLOG : WellhouseOne | 064.400
2017-02-08 19:27:53 | TEMPLOG : To   GeoLoop | 055.400
2017-02-08 19:28:54 | TEMPLOG : WellhouseOne | 063.500
2017-02-08 19:28:56 | TEMPLOG : To   GeoLoop | 054.500
2017-02-08 19:29:56 | TEMPLOG : WellhouseOne | 062.600
2017-02-08 19:30:57 | TEMPLOG : WellhouseOne | 060.800
2017-02-08 19:33:00 | TEMPLOG : WellhouseOne | 059.900
2017-02-08 19:35:03 | TEMPLOG : WellhouseOne | 059.000
2017-02-08 19:36:05 | TEMPLOG : Table    One | 045.500
2017-02-08 19:37:05 | TEMPLOG : WellhouseOne | 058.100
2017-02-08 19:37:06 | TEMPLOG : Table    One | 046.400
2017-02-08 19:39:08 | TEMPLOG : Table    One | 045.500
2017-02-08 19:40:08 | TEMPLOG : WellhouseOne | 057.200
2017-02-08 19:40:09 | TEMPLOG : Table    One | 046.400
2017-02-08 19:41:10 | TEMPLOG : Table    One | 045.500
2017-02-08 19:42:12 | TEMPLOG : Table    One | 046.400
2017-02-08 19:44:15 | TEMPLOG : WellhouseOne | 056.300
2017-02-08 19:47:18 | TEMPLOG : WellhouseOne | 055.400
2017-02-08 19:50:23 | TEMPLOG : Table    One | 045.500
2017-02-08 19:54:28 | TEMPLOG : Bio   Filter | 045.500
2017-02-08 19:55:29 | TEMPLOG : WellhouseOne | 054.500
2017-02-08 19:58:34 | TEMPLOG : WellhouseOne | 116.600
2017-02-08 19:59:34 | TEMPLOG : WellhouseOne | 110.300
2017-02-08 19:59:35 | TEMPLOG : Table    One | 044.600
2017-02-08 20:00:35 | TEMPLOG : WellhouseOne | 086.000
2017-02-08 20:00:35 | TEMPLOG : Bio   Filter | 045.500
2017-02-08 20:00:35 | TEMPLOG : To   GeoLoop | 054.500
2017-02-08 20:00:36 | TEMPLOG : Table    One | 044.600
2017-02-08 20:01:36 | TEMPLOG : WellhouseOne | 077.900
2017-02-08 20:02:38 | TEMPLOG : WellhouseOne | 073.400
2017-02-08 20:03:40 | TEMPLOG : WellhouseOne | 068.900
2017-02-08 20:04:41 | TEMPLOG : WellhouseOne | 066.200
2017-02-08 20:05:43 | TEMPLOG : WellhouseOne | 064.400
2017-02-08 20:05:43 | TEMPLOG : Bio   Filter | 044.600
2017-02-08 20:06:44 | TEMPLOG : WellhouseOne | 062.600
2017-02-08 20:07:46 | TEMPLOG : WellhouseOne | 061.700
2017-02-08 20:08:48 | TEMPLOG : WellhouseOne | 060.800
2017-02-08 20:08:48 | TEMPLOG : To   GeoLoop | 053.600
2017-02-08 20:09:49 | TEMPLOG : WellhouseOne | 059.900
2017-02-08 20:09:49 | TEMPLOG : To   GeoLoop | 054.500
2017-02-08 20:10:49 | TEMPLOG : WellhouseOne | 059.000
2017-02-08 20:10:50 | TEMPLOG : To   GeoLoop | 053.600
2017-02-08 20:11:52 | TEMPLOG : Table    One | 043.700
2017-02-08 20:12:53 | TEMPLOG : WellhouseOne | 058.100
2017-02-08 20:14:55 | TEMPLOG : WellhouseOne | 057.200
2017-02-08 20:18:00 | TEMPLOG : WellhouseOne | 056.300
2017-02-08 20:20:04 | TEMPLOG : Bio   Filter | 043.700
2017-02-08 20:21:04 | TEMPLOG : WellhouseOne | 055.400
2017-02-08 20:21:05 | TEMPLOG : Bio   Filter | 044.600
2017-02-08 20:22:06 | TEMPLOG : Bio   Filter | 043.700
2017-02-08 20:24:08 | TEMPLOG : WellhouseOne | 054.500
2017-02-08 20:29:15 | TEMPLOG : WellhouseOne | 053.600
2017-02-08 20:34:20 | TEMPLOG : WellhouseOne | 052.700
2017-02-08 20:35:21 | TEMPLOG : WellhouseOne | 104.900
2017-02-08 20:36:22 | TEMPLOG : WellhouseOne | 124.700
2017-02-08 20:37:23 | TEMPLOG : WellhouseOne | 092.300
2017-02-08 20:38:24 | TEMPLOG : WellhouseOne | 081.500
2017-02-08 20:39:25 | TEMPLOG : WellhouseOne | 074.300
2017-02-08 20:40:26 | TEMPLOG : WellhouseOne | 068.900
2017-02-08 20:41:28 | TEMPLOG : WellhouseOne | 067.100
2017-02-08 20:42:29 | TEMPLOG : WellhouseOne | 064.400
2017-02-08 20:43:31 | TEMPLOG : WellhouseOne | 062.600
2017-02-08 20:44:32 | TEMPLOG : WellhouseOne | 061.700
2017-02-08 20:45:33 | TEMPLOG : WellhouseOne | 060.800
2017-02-08 20:46:34 | TEMPLOG : WellhouseOne | 059.900
2017-02-08 20:47:36 | TEMPLOG : WellhouseOne | 059.000
2017-02-08 20:48:37 | TEMPLOG : WellhouseOne | 058.100
2017-02-08 20:49:38 | TEMPLOG : WellhouseOne | 057.200
2017-02-08 20:49:39 | TEMPLOG : Table    One | 042.800
2017-02-08 20:51:41 | TEMPLOG : WellhouseOne | 056.300
2017-02-08 20:54:45 | TEMPLOG : WellhouseOne | 055.400
2017-02-08 20:56:48 | TEMPLOG : Bio   Filter | 042.800
2017-02-08 20:57:48 | TEMPLOG : WellhouseOne | 054.500
2017-02-08 20:57:49 | TEMPLOG : Bio   Filter | 043.700
2017-02-08 20:57:50 | TEMPLOG : Table    One | 043.700
2017-02-08 20:58:52 | TEMPLOG : Table    One | 042.800
2017-02-08 20:59:53 | TEMPLOG : Table    One | 043.700
2017-02-08 21:00:53 | TEMPLOG : WellhouseOne | 054.500
2017-02-08 21:00:53 | TEMPLOG : Bio   Filter | 043.700
2017-02-08 21:00:54 | TEMPLOG : To   GeoLoop | 053.600
2017-02-08 21:00:54 | TEMPLOG : Table    One | 043.700
2017-02-08 21:01:55 | TEMPLOG : Table    One | 042.800
2017-02-08 21:05:59 | TEMPLOG : WellhouseOne | 053.600
2017-02-08 21:05:59 | TEMPLOG : Bio   Filter | 042.800
2017-02-08 21:09:04 | TEMPLOG : WellhouseOne | 052.700
2017-02-08 21:11:07 | TEMPLOG : To   GeoLoop | 052.700
2017-02-08 21:12:08 | TEMPLOG : WellhouseOne | 102.200
2017-02-08 21:13:11 | TEMPLOG : WellhouseOne | 126.500
2017-02-08 21:14:11 | TEMPLOG : WellhouseOne | 095.900
2017-02-08 21:15:13 | TEMPLOG : WellhouseOne | 083.300
2017-02-08 21:16:15 | TEMPLOG : WellhouseOne | 076.100
2017-02-08 21:17:16 | TEMPLOG : WellhouseOne | 071.600
2017-02-08 21:18:17 | TEMPLOG : WellhouseOne | 068.000
2017-02-08 21:19:19 | TEMPLOG : WellhouseOne | 065.300
2017-02-08 21:20:21 | TEMPLOG : WellhouseOne | 062.600
2017-02-08 21:21:22 | TEMPLOG : WellhouseOne | 061.700
2017-02-08 21:22:23 | TEMPLOG : WellhouseOne | 059.900
2017-02-08 21:23:24 | TEMPLOG : WellhouseOne | 059.000
2017-02-08 21:24:25 | TEMPLOG : WellhouseOne | 058.100
2017-02-08 21:26:27 | TEMPLOG : WellhouseOne | 057.200
2017-02-08 21:27:29 | TEMPLOG : WellhouseOne | 056.300
2017-02-08 21:27:29 | TEMPLOG : To   GeoLoop | 053.600
2017-02-08 21:28:31 | TEMPLOG : Bio   Filter | 043.700
2017-02-08 21:29:31 | TEMPLOG : WellhouseOne | 055.400
2017-02-08 21:29:32 | TEMPLOG : Bio   Filter | 042.800
2017-02-08 21:31:34 | TEMPLOG : Bio   Filter | 043.700
2017-02-08 21:31:34 | TEMPLOG : To   GeoLoop | 052.700
2017-02-08 21:33:37 | TEMPLOG : To   GeoLoop | 053.600
2017-02-08 21:34:37 | TEMPLOG : WellhouseOne | 054.500
2017-02-08 21:34:38 | TEMPLOG : To   GeoLoop | 052.700
2017-02-08 21:35:39 | TEMPLOG : Bio   Filter | 042.800
2017-02-08 21:35:39 | TEMPLOG : To   GeoLoop | 053.600
2017-02-08 21:36:41 | TEMPLOG : Bio   Filter | 043.700
2017-02-08 21:36:42 | TEMPLOG : To   GeoLoop | 052.700
2017-02-08 21:36:42 | TEMPLOG : Table    One | 043.700
2017-02-08 21:37:43 | TEMPLOG : Bio   Filter | 042.800
2017-02-08 21:37:45 | TEMPLOG : Table    One | 042.800
2017-02-08 21:38:45 | TEMPLOG : WellhouseOne | 053.600
2017-02-08 21:38:45 | TEMPLOG : Bio   Filter | 043.700
2017-02-08 21:38:45 | TEMPLOG : To   GeoLoop | 053.600
2017-02-08 21:40:47 | TEMPLOG : To   GeoLoop | 052.700
2017-02-08 21:42:51 | TEMPLOG : Bio   Filter | 042.800
2017-02-08 21:44:53 | TEMPLOG : WellhouseOne | 052.700
2017-02-08 21:47:58 | TEMPLOG : WellhouseOne | 054.500
2017-02-08 21:49:00 | TEMPLOG : WellhouseOne | 113.900
2017-02-08 21:49:00 | TEMPLOG : Bio   Filter | 043.700
2017-02-08 21:50:01 | TEMPLOG : WellhouseOne | 110.300
2017-02-08 21:50:01 | TEMPLOG : Bio   Filter | 042.800
2017-02-08 21:51:02 | TEMPLOG : WellhouseOne | 084.200
2017-02-08 21:52:03 | TEMPLOG : WellhouseOne | 075.200
2017-02-08 21:53:05 | TEMPLOG : WellhouseOne | 069.800
2017-02-08 21:54:06 | TEMPLOG : WellhouseOne | 067.100
2017-02-08 21:55:07 | TEMPLOG : WellhouseOne | 064.400
2017-02-08 21:56:09 | TEMPLOG : WellhouseOne | 062.600
2017-02-08 21:57:10 | TEMPLOG : WellhouseOne | 060.800
2017-02-08 21:58:11 | TEMPLOG : WellhouseOne | 059.900
2017-02-08 21:59:13 | TEMPLOG : WellhouseOne | 058.100
2017-02-08 22:00:14 | TEMPLOG : WellhouseOne | 058.100
2017-02-08 22:00:14 | TEMPLOG : Bio   Filter | 042.800
2017-02-08 22:00:15 | TEMPLOG : To   GeoLoop | 052.700
2017-02-08 22:00:15 | TEMPLOG : Table    One | 042.800
2017-02-08 22:01:15 | TEMPLOG : WellhouseOne | 057.200
2017-02-08 22:02:17 | TEMPLOG : WellhouseOne | 056.300
2017-02-08 22:04:21 | TEMPLOG : WellhouseOne | 055.400
2017-02-08 22:08:26 | TEMPLOG : WellhouseOne | 054.500
2017-02-08 22:12:30 | TEMPLOG : WellhouseOne | 053.600
2017-02-08 22:16:37 | TEMPLOG : Table    One | 041.900
2017-02-08 22:18:39 | TEMPLOG : WellhouseOne | 052.700
2017-02-08 22:20:42 | TEMPLOG : Bio   Filter | 041.900
2017-02-08 22:21:43 | TEMPLOG : Bio   Filter | 042.800
2017-02-08 22:24:48 | TEMPLOG : WellhouseOne | 104.000
2017-02-08 22:25:50 | TEMPLOG : WellhouseOne | 124.700
2017-02-08 22:25:51 | TEMPLOG : Bio   Filter | 041.900
2017-02-08 22:26:51 | TEMPLOG : WellhouseOne | 097.700
2017-02-08 22:27:52 | TEMPLOG : WellhouseOne | 081.500
2017-02-08 22:27:52 | TEMPLOG : Bio   Filter | 042.800
2017-02-08 22:28:54 | TEMPLOG : WellhouseOne | 074.300
2017-02-08 22:28:55 | TEMPLOG : Bio   Filter | 041.900
2017-02-08 22:29:56 | TEMPLOG : WellhouseOne | 069.800
2017-02-08 22:30:57 | TEMPLOG : WellhouseOne | 066.200
2017-02-08 22:31:58 | TEMPLOG : WellhouseOne | 063.500
2017-02-08 22:33:00 | TEMPLOG : WellhouseOne | 061.700
2017-02-08 22:33:00 | TEMPLOG : To   GeoLoop | 051.800
2017-02-08 22:34:01 | TEMPLOG : WellhouseOne | 060.800
2017-02-08 22:35:03 | TEMPLOG : WellhouseOne | 059.000
2017-02-08 22:36:04 | TEMPLOG : WellhouseOne | 058.100
2017-02-08 22:37:06 | TEMPLOG : WellhouseOne | 057.200
2017-02-08 22:37:06 | TEMPLOG : Table    One | 041.000
2017-02-08 22:38:07 | TEMPLOG : WellhouseOne | 056.300
2017-02-08 22:38:08 | TEMPLOG : Table    One | 041.900
2017-02-08 22:40:09 | TEMPLOG : WellhouseOne | 055.400
2017-02-08 22:42:12 | TEMPLOG : WellhouseOne | 054.500
2017-02-08 22:46:18 | TEMPLOG : WellhouseOne | 053.600
2017-02-08 22:47:20 | TEMPLOG : To   GeoLoop | 052.700
2017-02-08 22:48:21 | TEMPLOG : To   GeoLoop | 051.800
2017-02-08 22:50:22 | TEMPLOG : WellhouseOne | 052.700
2017-02-08 22:52:25 | TEMPLOG : WellhouseOne | 051.800
2017-02-08 22:54:28 | TEMPLOG : Bio   Filter | 041.000
2017-02-08 22:54:28 | TEMPLOG : Table    One | 041.000
2017-02-08 22:57:31 | TEMPLOG : WellhouseOne | 050.900
2017-02-08 22:58:32 | TEMPLOG : WellhouseOne | 064.400
2017-02-08 22:58:33 | TEMPLOG : Table    One | 041.900
2017-02-08 22:59:33 | TEMPLOG : WellhouseOne | 116.600
2017-02-08 23:00:35 | TEMPLOG : WellhouseOne | 120.200
2017-02-08 23:00:35 | TEMPLOG : Bio   Filter | 041.900
2017-02-08 23:00:35 | TEMPLOG : To   GeoLoop | 051.800
2017-02-08 23:00:36 | TEMPLOG : Table    One | 041.900
2017-02-08 23:01:36 | TEMPLOG : WellhouseOne | 086.000
2017-02-08 23:02:38 | TEMPLOG : WellhouseOne | 076.100
2017-02-08 23:03:40 | TEMPLOG : WellhouseOne | 071.600
2017-02-08 23:04:41 | TEMPLOG : WellhouseOne | 067.100
2017-02-08 23:05:42 | TEMPLOG : WellhouseOne | 064.400
2017-02-08 23:06:43 | TEMPLOG : WellhouseOne | 061.700
2017-02-08 23:07:44 | TEMPLOG : WellhouseOne | 059.900
2017-02-08 23:08:46 | TEMPLOG : WellhouseOne | 059.000
2017-02-08 23:09:47 | TEMPLOG : WellhouseOne | 058.100
2017-02-08 23:10:48 | TEMPLOG : WellhouseOne | 057.200
2017-02-08 23:11:49 | TEMPLOG : WellhouseOne | 056.300
2017-02-08 23:13:54 | TEMPLOG : WellhouseOne | 055.400
2017-02-08 23:15:57 | TEMPLOG : WellhouseOne | 054.500
2017-02-08 23:17:58 | TEMPLOG : WellhouseOne | 053.600
2017-02-08 23:20:01 | TEMPLOG : WellhouseOne | 052.700
2017-02-08 23:21:03 | TEMPLOG : Table    One | 041.000
2017-02-08 23:22:04 | TEMPLOG : WellhouseOne | 051.800
2017-02-08 23:26:10 | TEMPLOG : WellhouseOne | 050.900
2017-02-08 23:26:11 | TEMPLOG : Table    One | 041.900
2017-02-08 23:27:12 | TEMPLOG : WellhouseOne | 051.800
2017-02-08 23:28:13 | TEMPLOG : WellhouseOne | 050.900
2017-02-08 23:32:18 | TEMPLOG : WellhouseOne | 068.900
2017-02-08 23:33:19 | TEMPLOG : WellhouseOne | 120.200
2017-02-08 23:33:19 | TEMPLOG : Bio   Filter | 042.800
2017-02-08 23:35:21 | TEMPLOG : WellhouseOne | 084.200
2017-02-08 23:36:23 | TEMPLOG : WellhouseOne | 076.100
2017-02-08 23:37:24 | TEMPLOG : WellhouseOne | 070.700
2017-02-08 23:38:25 | TEMPLOG : WellhouseOne | 066.200
2017-02-08 23:39:26 | TEMPLOG : WellhouseOne | 062.600
2017-02-08 23:40:27 | TEMPLOG : WellhouseOne | 060.800
2017-02-08 23:41:28 | TEMPLOG : WellhouseOne | 059.900
2017-02-08 23:42:29 | TEMPLOG : WellhouseOne | 058.100
2017-02-08 23:42:29 | TEMPLOG : Bio   Filter | 041.900
2017-02-08 23:43:30 | TEMPLOG : WellhouseOne | 057.200
2017-02-08 23:43:31 | TEMPLOG : Table    One | 041.000
2017-02-08 23:44:31 | TEMPLOG : WellhouseOne | 056.300
2017-02-08 23:45:32 | TEMPLOG : WellhouseOne | 055.400
2017-02-08 23:46:33 | TEMPLOG : WellhouseOne | 054.500
2017-02-08 23:48:35 | TEMPLOG : WellhouseOne | 052.700
2017-02-08 23:50:39 | TEMPLOG : WellhouseOne | 051.800
2017-02-08 23:53:43 | TEMPLOG : WellhouseOne | 050.900
2017-02-08 23:53:43 | TEMPLOG : Bio   Filter | 041.000
2017-02-08 23:56:47 | TEMPLOG : WellhouseOne | 050.000
2017-02-08 23:57:48 | TEMPLOG : To   GeoLoop | 050.900
