2017-03-26 00:00:33 | TEMPLOG : WellhouseOne | 056.300
2017-03-26 00:00:34 | TEMPLOG : To   GeoLoop | 057.200
2017-03-26 00:00:34 | TEMPLOG : Table    One | 049.100
2017-03-26 00:03:37 | TEMPLOG : WellhouseOne | 095.900
2017-03-26 00:04:38 | TEMPLOG : WellhouseOne | 124.700
2017-03-26 00:05:39 | TEMPLOG : WellhouseOne | 091.400
2017-03-26 00:06:40 | TEMPLOG : WellhouseOne | 079.700
2017-03-26 00:07:41 | TEMPLOG : WellhouseOne | 074.300
2017-03-26 00:08:42 | TEMPLOG : WellhouseOne | 069.800
2017-03-26 00:09:43 | TEMPLOG : WellhouseOne | 068.000
2017-03-26 00:10:44 | TEMPLOG : WellhouseOne | 065.300
2017-03-26 00:11:45 | TEMPLOG : WellhouseOne | 064.400
2017-03-26 00:12:46 | TEMPLOG : WellhouseOne | 063.500
2017-03-26 00:13:47 | TEMPLOG : WellhouseOne | 062.600
2017-03-26 00:14:49 | TEMPLOG : WellhouseOne | 061.700
2017-03-26 00:15:51 | TEMPLOG : WellhouseOne | 060.800
2017-03-26 00:17:52 | TEMPLOG : WellhouseOne | 059.900
2017-03-26 00:20:56 | TEMPLOG : WellhouseOne | 059.000
2017-03-26 00:23:58 | TEMPLOG : WellhouseOne | 058.100
2017-03-26 00:29:01 | TEMPLOG : WellhouseOne | 057.200
2017-03-26 00:33:06 | TEMPLOG : WellhouseOne | 056.300
2017-03-26 00:34:07 | TEMPLOG : Table    One | 048.200
2017-03-26 00:35:09 | TEMPLOG : Table    One | 049.100
2017-03-26 00:41:13 | TEMPLOG : WellhouseOne | 055.400
2017-03-26 00:41:13 | TEMPLOG : To   GeoLoop | 056.300
2017-03-26 00:42:14 | TEMPLOG : To   GeoLoop | 057.200
2017-03-26 00:42:15 | TEMPLOG : Table    One | 048.200
2017-03-26 00:45:17 | TEMPLOG : To   GeoLoop | 056.300
2017-03-26 00:46:17 | TEMPLOG : WellhouseOne | 092.300
2017-03-26 00:47:18 | TEMPLOG : WellhouseOne | 123.800
2017-03-26 00:48:18 | TEMPLOG : WellhouseOne | 092.300
2017-03-26 00:49:19 | TEMPLOG : WellhouseOne | 080.600
2017-03-26 00:50:20 | TEMPLOG : WellhouseOne | 074.300
2017-03-26 00:51:21 | TEMPLOG : WellhouseOne | 070.700
2017-03-26 00:52:22 | TEMPLOG : WellhouseOne | 068.000
2017-03-26 00:53:23 | TEMPLOG : WellhouseOne | 065.300
2017-03-26 00:54:24 | TEMPLOG : WellhouseOne | 063.500
2017-03-26 00:54:24 | TEMPLOG : Table    One | 047.300
2017-03-26 00:55:25 | TEMPLOG : WellhouseOne | 062.600
2017-03-26 00:56:26 | TEMPLOG : WellhouseOne | 061.700
2017-03-26 00:57:27 | TEMPLOG : WellhouseOne | 060.800
2017-03-26 00:58:27 | TEMPLOG : WellhouseOne | 059.900
2017-03-26 01:00:30 | TEMPLOG : WellhouseOne | 059.000
2017-03-26 01:00:30 | TEMPLOG : To   GeoLoop | 056.300
2017-03-26 01:00:30 | TEMPLOG : Table    One | 047.300
2017-03-26 01:02:31 | TEMPLOG : WellhouseOne | 058.100
2017-03-26 01:04:33 | TEMPLOG : WellhouseOne | 057.200
2017-03-26 01:07:36 | TEMPLOG : WellhouseOne | 056.300
2017-03-26 01:10:40 | TEMPLOG : WellhouseOne | 055.400
2017-03-26 01:16:45 | TEMPLOG : WellhouseOne | 054.500
2017-03-26 01:24:53 | TEMPLOG : WellhouseOne | 060.800
2017-03-26 01:25:54 | TEMPLOG : WellhouseOne | 116.600
2017-03-26 01:25:54 | TEMPLOG : Table    One | 048.200
2017-03-26 01:26:55 | TEMPLOG : WellhouseOne | 108.500
2017-03-26 01:27:56 | TEMPLOG : WellhouseOne | 086.000
2017-03-26 01:28:57 | TEMPLOG : WellhouseOne | 077.900
2017-03-26 01:29:57 | TEMPLOG : WellhouseOne | 072.500
2017-03-26 01:30:59 | TEMPLOG : WellhouseOne | 068.900
2017-03-26 01:32:00 | TEMPLOG : WellhouseOne | 066.200
2017-03-26 01:33:00 | TEMPLOG : WellhouseOne | 063.500
2017-03-26 01:34:01 | TEMPLOG : WellhouseOne | 062.600
2017-03-26 01:35:03 | TEMPLOG : WellhouseOne | 061.700
2017-03-26 01:36:05 | TEMPLOG : WellhouseOne | 060.800
2017-03-26 01:37:06 | TEMPLOG : WellhouseOne | 059.900
2017-03-26 01:39:07 | TEMPLOG : WellhouseOne | 059.000
2017-03-26 01:40:08 | TEMPLOG : WellhouseOne | 058.100
2017-03-26 01:43:11 | TEMPLOG : WellhouseOne | 057.200
2017-03-26 01:47:15 | TEMPLOG : Table    One | 049.100
2017-03-26 01:48:15 | TEMPLOG : WellhouseOne | 056.300
2017-03-26 01:48:16 | TEMPLOG : Table    One | 048.200
2017-03-26 01:50:19 | TEMPLOG : Table    One | 049.100
2017-03-26 01:54:22 | TEMPLOG : WellhouseOne | 055.400
2017-03-26 02:00:27 | TEMPLOG : WellhouseOne | 055.400
2017-03-26 02:00:27 | TEMPLOG : To   GeoLoop | 056.300
2017-03-26 02:00:27 | TEMPLOG : Table    One | 049.100
2017-03-26 02:01:27 | TEMPLOG : WellhouseOne | 054.500
2017-03-26 02:05:32 | TEMPLOG : WellhouseOne | 083.300
2017-03-26 02:06:33 | TEMPLOG : WellhouseOne | 122.000
2017-03-26 02:07:33 | TEMPLOG : WellhouseOne | 091.400
2017-03-26 02:08:34 | TEMPLOG : WellhouseOne | 079.700
2017-03-26 02:09:35 | TEMPLOG : WellhouseOne | 073.400
2017-03-26 02:10:36 | TEMPLOG : WellhouseOne | 068.900
2017-03-26 02:11:36 | TEMPLOG : WellhouseOne | 066.200
2017-03-26 02:12:37 | TEMPLOG : WellhouseOne | 063.500
2017-03-26 02:13:38 | TEMPLOG : WellhouseOne | 062.600
2017-03-26 02:14:39 | TEMPLOG : WellhouseOne | 061.700
2017-03-26 02:15:41 | TEMPLOG : WellhouseOne | 060.800
2017-03-26 02:16:41 | TEMPLOG : WellhouseOne | 059.900
2017-03-26 02:17:42 | TEMPLOG : WellhouseOne | 059.000
2017-03-26 02:19:45 | TEMPLOG : WellhouseOne | 058.100
2017-03-26 02:21:46 | TEMPLOG : WellhouseOne | 057.200
2017-03-26 02:23:49 | TEMPLOG : WellhouseOne | 056.300
2017-03-26 02:26:52 | TEMPLOG : WellhouseOne | 055.400
2017-03-26 02:30:55 | TEMPLOG : WellhouseOne | 054.500
2017-03-26 02:32:58 | TEMPLOG : Table    One | 048.200
2017-03-26 02:38:01 | TEMPLOG : WellhouseOne | 053.600
2017-03-26 02:43:05 | TEMPLOG : WellhouseOne | 052.700
2017-03-26 02:44:06 | TEMPLOG : WellhouseOne | 091.400
2017-03-26 02:45:07 | TEMPLOG : WellhouseOne | 124.700
2017-03-26 02:46:09 | TEMPLOG : WellhouseOne | 092.300
2017-03-26 02:47:10 | TEMPLOG : WellhouseOne | 079.700
2017-03-26 02:48:11 | TEMPLOG : WellhouseOne | 072.500
2017-03-26 02:49:12 | TEMPLOG : WellhouseOne | 068.900
2017-03-26 02:50:12 | TEMPLOG : WellhouseOne | 066.200
2017-03-26 02:51:13 | TEMPLOG : WellhouseOne | 064.400
2017-03-26 02:52:13 | TEMPLOG : WellhouseOne | 062.600
2017-03-26 02:53:14 | TEMPLOG : WellhouseOne | 061.700
2017-03-26 02:54:15 | TEMPLOG : WellhouseOne | 059.900
2017-03-26 02:55:16 | TEMPLOG : WellhouseOne | 059.000
2017-03-26 02:57:18 | TEMPLOG : WellhouseOne | 058.100
2017-03-26 02:58:19 | TEMPLOG : WellhouseOne | 057.200
2017-03-26 03:00:20 | TEMPLOG : WellhouseOne | 057.200
2017-03-26 03:00:21 | TEMPLOG : To   GeoLoop | 056.300
2017-03-26 03:00:21 | TEMPLOG : Table    One | 048.200
2017-03-26 03:01:21 | TEMPLOG : WellhouseOne | 056.300
2017-03-26 03:05:25 | TEMPLOG : WellhouseOne | 055.400
2017-03-26 03:11:33 | TEMPLOG : WellhouseOne | 054.500
2017-03-26 03:18:42 | TEMPLOG : WellhouseOne | 053.600
2017-03-26 03:22:45 | TEMPLOG : WellhouseOne | 056.300
2017-03-26 03:23:47 | TEMPLOG : WellhouseOne | 114.800
2017-03-26 03:24:48 | TEMPLOG : WellhouseOne | 104.900
2017-03-26 03:25:48 | TEMPLOG : WellhouseOne | 083.300
2017-03-26 03:26:49 | TEMPLOG : WellhouseOne | 076.100
2017-03-26 03:27:50 | TEMPLOG : WellhouseOne | 070.700
2017-03-26 03:28:51 | TEMPLOG : WellhouseOne | 067.100
2017-03-26 03:29:52 | TEMPLOG : WellhouseOne | 065.300
2017-03-26 03:30:53 | TEMPLOG : WellhouseOne | 063.500
2017-03-26 03:31:54 | TEMPLOG : WellhouseOne | 061.700
2017-03-26 03:32:55 | TEMPLOG : WellhouseOne | 060.800
2017-03-26 03:33:56 | TEMPLOG : WellhouseOne | 059.900
2017-03-26 03:34:57 | TEMPLOG : WellhouseOne | 059.000
2017-03-26 03:35:57 | TEMPLOG : To   GeoLoop | 055.400
2017-03-26 03:36:58 | TEMPLOG : WellhouseOne | 058.100
2017-03-26 03:36:58 | TEMPLOG : To   GeoLoop | 056.300
2017-03-26 03:39:00 | TEMPLOG : WellhouseOne | 057.200
2017-03-26 03:39:00 | TEMPLOG : To   GeoLoop | 055.400
2017-03-26 03:40:01 | TEMPLOG : Table    One | 047.300
2017-03-26 03:41:02 | TEMPLOG : WellhouseOne | 056.300
2017-03-26 03:44:05 | TEMPLOG : WellhouseOne | 055.400
2017-03-26 03:47:07 | TEMPLOG : WellhouseOne | 054.500
2017-03-26 03:49:09 | TEMPLOG : WellhouseOne | 053.600
2017-03-26 03:52:12 | TEMPLOG : WellhouseOne | 052.700
2017-03-26 03:57:18 | TEMPLOG : WellhouseOne | 051.800
2017-03-26 04:00:20 | TEMPLOG : WellhouseOne | 103.100
2017-03-26 04:00:21 | TEMPLOG : To   GeoLoop | 055.400
2017-03-26 04:00:21 | TEMPLOG : Table    One | 047.300
2017-03-26 04:01:21 | TEMPLOG : WellhouseOne | 126.500
2017-03-26 04:02:22 | TEMPLOG : WellhouseOne | 087.800
2017-03-26 04:03:22 | TEMPLOG : WellhouseOne | 077.900
2017-03-26 04:04:23 | TEMPLOG : WellhouseOne | 071.600
2017-03-26 04:05:24 | TEMPLOG : WellhouseOne | 067.100
2017-03-26 04:06:25 | TEMPLOG : WellhouseOne | 064.400
2017-03-26 04:07:28 | TEMPLOG : WellhouseOne | 062.600
2017-03-26 04:08:29 | TEMPLOG : WellhouseOne | 059.900
2017-03-26 04:09:30 | TEMPLOG : WellhouseOne | 059.000
2017-03-26 04:11:33 | TEMPLOG : WellhouseOne | 058.100
2017-03-26 04:13:35 | TEMPLOG : WellhouseOne | 057.200
2017-03-26 04:15:37 | TEMPLOG : WellhouseOne | 056.300
2017-03-26 04:17:39 | TEMPLOG : WellhouseOne | 055.400
2017-03-26 04:20:43 | TEMPLOG : WellhouseOne | 054.500
2017-03-26 04:22:44 | TEMPLOG : WellhouseOne | 053.600
2017-03-26 04:24:46 | TEMPLOG : WellhouseOne | 052.700
2017-03-26 04:27:48 | TEMPLOG : WellhouseOne | 051.800
2017-03-26 04:34:53 | TEMPLOG : WellhouseOne | 050.900
2017-03-26 04:35:55 | TEMPLOG : Table    One | 046.400
2017-03-26 04:37:56 | TEMPLOG : Table    One | 047.300
2017-03-26 04:38:57 | TEMPLOG : WellhouseOne | 110.300
2017-03-26 04:39:58 | TEMPLOG : WellhouseOne | 127.400
2017-03-26 04:39:59 | TEMPLOG : Table    One | 046.400
2017-03-26 04:40:59 | TEMPLOG : WellhouseOne | 088.700
2017-03-26 04:42:00 | TEMPLOG : WellhouseOne | 078.800
2017-03-26 04:43:00 | TEMPLOG : WellhouseOne | 072.500
2017-03-26 04:43:02 | TEMPLOG : Table    One | 047.300
2017-03-26 04:44:02 | TEMPLOG : WellhouseOne | 068.000
2017-03-26 04:44:02 | TEMPLOG : Table    One | 046.400
2017-03-26 04:45:03 | TEMPLOG : WellhouseOne | 065.300
2017-03-26 04:46:03 | TEMPLOG : WellhouseOne | 063.500
2017-03-26 04:47:04 | TEMPLOG : WellhouseOne | 061.700
2017-03-26 04:48:06 | TEMPLOG : WellhouseOne | 059.900
2017-03-26 04:49:06 | TEMPLOG : WellhouseOne | 059.000
2017-03-26 04:50:08 | TEMPLOG : WellhouseOne | 058.100
2017-03-26 04:51:08 | TEMPLOG : WellhouseOne | 057.200
2017-03-26 04:53:11 | TEMPLOG : WellhouseOne | 056.300
2017-03-26 04:55:13 | TEMPLOG : WellhouseOne | 055.400
2017-03-26 04:58:15 | TEMPLOG : WellhouseOne | 054.500
2017-03-26 05:00:17 | TEMPLOG : WellhouseOne | 054.500
2017-03-26 05:00:17 | TEMPLOG : To   GeoLoop | 055.400
2017-03-26 05:00:18 | TEMPLOG : Table    One | 046.400
2017-03-26 05:03:20 | TEMPLOG : WellhouseOne | 053.600
2017-03-26 05:05:21 | TEMPLOG : WellhouseOne | 052.700
2017-03-26 05:09:26 | TEMPLOG : WellhouseOne | 051.800
2017-03-26 05:10:27 | TEMPLOG : To   GeoLoop | 054.500
2017-03-26 05:11:29 | TEMPLOG : To   GeoLoop | 055.400
2017-03-26 05:16:32 | TEMPLOG : WellhouseOne | 106.700
2017-03-26 05:16:32 | TEMPLOG : To   GeoLoop | 054.500
2017-03-26 05:17:33 | TEMPLOG : WellhouseOne | 126.500
2017-03-26 05:18:34 | TEMPLOG : WellhouseOne | 088.700
2017-03-26 05:19:35 | TEMPLOG : WellhouseOne | 077.900
2017-03-26 05:20:36 | TEMPLOG : WellhouseOne | 072.500
2017-03-26 05:20:36 | TEMPLOG : To   GeoLoop | 055.400
2017-03-26 05:21:37 | TEMPLOG : WellhouseOne | 068.000
2017-03-26 05:21:37 | TEMPLOG : To   GeoLoop | 054.500
2017-03-26 05:22:38 | TEMPLOG : WellhouseOne | 065.300
2017-03-26 05:23:38 | TEMPLOG : WellhouseOne | 062.600
2017-03-26 05:24:40 | TEMPLOG : WellhouseOne | 060.800
2017-03-26 05:25:41 | TEMPLOG : WellhouseOne | 059.900
2017-03-26 05:26:42 | TEMPLOG : WellhouseOne | 059.000
2017-03-26 05:28:44 | TEMPLOG : WellhouseOne | 058.100
2017-03-26 05:30:45 | TEMPLOG : WellhouseOne | 057.200
2017-03-26 05:31:46 | TEMPLOG : WellhouseOne | 056.300
2017-03-26 05:31:47 | TEMPLOG : Table    One | 045.500
2017-03-26 05:33:48 | TEMPLOG : WellhouseOne | 055.400
2017-03-26 05:37:52 | TEMPLOG : WellhouseOne | 054.500
2017-03-26 05:42:57 | TEMPLOG : WellhouseOne | 053.600
2017-03-26 05:47:00 | TEMPLOG : WellhouseOne | 052.700
2017-03-26 05:53:06 | TEMPLOG : WellhouseOne | 053.600
2017-03-26 05:54:07 | TEMPLOG : WellhouseOne | 109.400
2017-03-26 05:55:07 | TEMPLOG : WellhouseOne | 124.700
2017-03-26 05:56:08 | TEMPLOG : WellhouseOne | 090.500
2017-03-26 05:57:09 | TEMPLOG : WellhouseOne | 079.700
2017-03-26 05:58:09 | TEMPLOG : WellhouseOne | 073.400
2017-03-26 05:59:10 | TEMPLOG : WellhouseOne | 068.000
2017-03-26 06:00:11 | TEMPLOG : WellhouseOne | 065.300
2017-03-26 06:00:12 | TEMPLOG : To   GeoLoop | 054.500
2017-03-26 06:00:12 | TEMPLOG : Table    One | 045.500
2017-03-26 06:01:12 | TEMPLOG : WellhouseOne | 062.600
2017-03-26 06:02:13 | TEMPLOG : WellhouseOne | 060.800
2017-03-26 06:03:15 | TEMPLOG : WellhouseOne | 059.900
2017-03-26 06:04:16 | TEMPLOG : WellhouseOne | 059.000
2017-03-26 06:05:16 | TEMPLOG : WellhouseOne | 058.100
2017-03-26 06:06:17 | TEMPLOG : WellhouseOne | 057.200
2017-03-26 06:07:19 | TEMPLOG : Table    One | 044.600
2017-03-26 06:08:20 | TEMPLOG : WellhouseOne | 056.300
2017-03-26 06:08:21 | TEMPLOG : Table    One | 045.500
2017-03-26 06:10:21 | TEMPLOG : WellhouseOne | 055.400
2017-03-26 06:10:22 | TEMPLOG : Table    One | 044.600
2017-03-26 06:12:23 | TEMPLOG : WellhouseOne | 054.500
2017-03-26 06:15:26 | TEMPLOG : WellhouseOne | 053.600
2017-03-26 06:22:31 | TEMPLOG : WellhouseOne | 052.700
2017-03-26 06:29:37 | TEMPLOG : WellhouseOne | 051.800
2017-03-26 06:29:37 | TEMPLOG : To   GeoLoop | 053.600
2017-03-26 06:30:39 | TEMPLOG : WellhouseOne | 104.900
2017-03-26 06:31:40 | TEMPLOG : WellhouseOne | 125.600
2017-03-26 06:31:41 | TEMPLOG : To   GeoLoop | 054.500
2017-03-26 06:32:41 | TEMPLOG : WellhouseOne | 090.500
2017-03-26 06:32:41 | TEMPLOG : To   GeoLoop | 053.600
2017-03-26 06:33:42 | TEMPLOG : WellhouseOne | 078.800
2017-03-26 06:34:43 | TEMPLOG : WellhouseOne | 072.500
2017-03-26 06:34:44 | TEMPLOG : To   GeoLoop | 054.500
2017-03-26 06:35:44 | TEMPLOG : WellhouseOne | 068.000
2017-03-26 06:35:44 | TEMPLOG : To   GeoLoop | 053.600
2017-03-26 06:36:45 | TEMPLOG : WellhouseOne | 065.300
2017-03-26 06:37:46 | TEMPLOG : WellhouseOne | 062.600
2017-03-26 06:38:47 | TEMPLOG : WellhouseOne | 061.700
2017-03-26 06:38:47 | TEMPLOG : To   GeoLoop | 054.500
2017-03-26 06:39:47 | TEMPLOG : WellhouseOne | 059.900
2017-03-26 06:40:49 | TEMPLOG : WellhouseOne | 059.000
2017-03-26 06:41:50 | TEMPLOG : WellhouseOne | 057.200
2017-03-26 06:42:52 | TEMPLOG : WellhouseOne | 056.300
2017-03-26 06:42:52 | TEMPLOG : Table    One | 045.500
2017-03-26 06:44:54 | TEMPLOG : WellhouseOne | 054.500
2017-03-26 06:49:58 | TEMPLOG : WellhouseOne | 053.600
2017-03-26 06:53:00 | TEMPLOG : WellhouseOne | 052.700
2017-03-26 06:54:04 | TEMPLOG : Table    One | 046.400
2017-03-26 07:00:08 | TEMPLOG : WellhouseOne | 051.800
2017-03-26 07:00:09 | TEMPLOG : To   GeoLoop | 054.500
2017-03-26 07:00:09 | TEMPLOG : Table    One | 046.400
2017-03-26 07:03:11 | TEMPLOG : WellhouseOne | 050.900
2017-03-26 07:04:12 | TEMPLOG : WellhouseOne | 051.800
2017-03-26 07:07:16 | TEMPLOG : WellhouseOne | 106.700
2017-03-26 07:08:16 | TEMPLOG : WellhouseOne | 123.800
2017-03-26 07:09:17 | TEMPLOG : WellhouseOne | 091.400
2017-03-26 07:10:19 | TEMPLOG : WellhouseOne | 078.800
2017-03-26 07:11:19 | TEMPLOG : WellhouseOne | 072.500
2017-03-26 07:12:20 | TEMPLOG : WellhouseOne | 068.000
2017-03-26 07:13:22 | TEMPLOG : WellhouseOne | 065.300
2017-03-26 07:14:23 | TEMPLOG : WellhouseOne | 062.600
2017-03-26 07:15:24 | TEMPLOG : WellhouseOne | 060.800
2017-03-26 07:16:24 | TEMPLOG : WellhouseOne | 059.000
2017-03-26 07:17:26 | TEMPLOG : WellhouseOne | 057.200
2017-03-26 07:19:27 | TEMPLOG : WellhouseOne | 055.400
2017-03-26 07:20:28 | TEMPLOG : Table    One | 047.300
2017-03-26 07:23:30 | TEMPLOG : WellhouseOne | 054.500
2017-03-26 07:24:30 | TEMPLOG : WellhouseOne | 053.600
2017-03-26 07:26:32 | TEMPLOG : WellhouseOne | 052.700
2017-03-26 07:28:34 | TEMPLOG : WellhouseOne | 051.800
2017-03-26 07:30:37 | TEMPLOG : WellhouseOne | 050.900
2017-03-26 07:34:41 | TEMPLOG : Table    One | 048.200
2017-03-26 07:36:42 | TEMPLOG : WellhouseOne | 050.000
2017-03-26 07:38:43 | TEMPLOG : WellhouseOne | 050.900
2017-03-26 07:42:47 | TEMPLOG : WellhouseOne | 075.200
2017-03-26 07:43:48 | TEMPLOG : WellhouseOne | 118.400
2017-03-26 07:43:48 | TEMPLOG : To   GeoLoop | 055.400
2017-03-26 07:44:49 | TEMPLOG : WellhouseOne | 110.300
2017-03-26 07:44:50 | TEMPLOG : Table    One | 049.100
2017-03-26 07:45:50 | TEMPLOG : WellhouseOne | 085.100
2017-03-26 07:46:51 | TEMPLOG : WellhouseOne | 076.100
2017-03-26 07:47:52 | TEMPLOG : WellhouseOne | 069.800
2017-03-26 07:47:53 | TEMPLOG : To   GeoLoop | 054.500
2017-03-26 07:48:53 | TEMPLOG : WellhouseOne | 065.300
2017-03-26 07:49:54 | TEMPLOG : WellhouseOne | 063.500
2017-03-26 07:49:54 | TEMPLOG : To   GeoLoop | 055.400
2017-03-26 07:50:55 | TEMPLOG : WellhouseOne | 061.700
2017-03-26 07:51:56 | TEMPLOG : WellhouseOne | 059.000
2017-03-26 07:52:57 | TEMPLOG : WellhouseOne | 057.200
2017-03-26 07:53:58 | TEMPLOG : WellhouseOne | 056.300
2017-03-26 07:54:59 | TEMPLOG : WellhouseOne | 055.400
2017-03-26 07:56:01 | TEMPLOG : WellhouseOne | 054.500
2017-03-26 07:57:02 | TEMPLOG : WellhouseOne | 053.600
2017-03-26 07:59:04 | TEMPLOG : WellhouseOne | 052.700
2017-03-26 08:00:06 | TEMPLOG : WellhouseOne | 052.700
2017-03-26 08:00:06 | TEMPLOG : To   GeoLoop | 055.400
2017-03-26 08:00:07 | TEMPLOG : Table    One | 049.100
2017-03-26 08:01:08 | TEMPLOG : WellhouseOne | 051.800
2017-03-26 08:03:09 | TEMPLOG : WellhouseOne | 052.700
2017-03-26 08:04:09 | TEMPLOG : WellhouseOne | 051.800
2017-03-26 08:07:12 | TEMPLOG : WellhouseOne | 050.900
2017-03-26 08:07:12 | TEMPLOG : To   GeoLoop | 054.500
2017-03-26 08:09:14 | TEMPLOG : WellhouseOne | 051.800
2017-03-26 08:11:16 | TEMPLOG : WellhouseOne | 050.900
2017-03-26 08:19:23 | TEMPLOG : WellhouseOne | 056.300
2017-03-26 08:20:24 | TEMPLOG : WellhouseOne | 116.600
2017-03-26 08:21:25 | TEMPLOG : WellhouseOne | 113.900
2017-03-26 08:22:26 | TEMPLOG : WellhouseOne | 086.000
2017-03-26 08:23:27 | TEMPLOG : WellhouseOne | 077.900
2017-03-26 08:24:27 | TEMPLOG : WellhouseOne | 070.700
2017-03-26 08:25:28 | TEMPLOG : WellhouseOne | 067.100
2017-03-26 08:26:29 | TEMPLOG : WellhouseOne | 064.400
2017-03-26 08:27:29 | TEMPLOG : WellhouseOne | 061.700
2017-03-26 08:28:31 | TEMPLOG : WellhouseOne | 059.900
2017-03-26 08:29:32 | TEMPLOG : WellhouseOne | 059.000
2017-03-26 08:30:33 | TEMPLOG : WellhouseOne | 058.100
2017-03-26 08:31:34 | TEMPLOG : WellhouseOne | 057.200
2017-03-26 08:33:36 | TEMPLOG : WellhouseOne | 056.300
2017-03-26 08:35:38 | TEMPLOG : WellhouseOne | 055.400
2017-03-26 08:37:40 | TEMPLOG : WellhouseOne | 054.500
2017-03-26 08:40:43 | TEMPLOG : WellhouseOne | 053.600
2017-03-26 08:47:48 | TEMPLOG : WellhouseOne | 052.700
2017-03-26 08:49:49 | TEMPLOG : WellhouseOne | 051.800
2017-03-26 08:50:50 | TEMPLOG : WellhouseOne | 052.700
2017-03-26 08:54:53 | TEMPLOG : WellhouseOne | 051.800
2017-03-26 08:56:55 | TEMPLOG : WellhouseOne | 104.900
2017-03-26 08:57:56 | TEMPLOG : WellhouseOne | 124.700
2017-03-26 08:58:57 | TEMPLOG : WellhouseOne | 094.100
2017-03-26 08:59:58 | TEMPLOG : WellhouseOne | 081.500
2017-03-26 09:00:59 | TEMPLOG : WellhouseOne | 075.200
2017-03-26 09:02:01 | TEMPLOG : WellhouseOne | 070.700
2017-03-26 09:03:01 | TEMPLOG : WellhouseOne | 066.200
2017-03-26 09:04:03 | TEMPLOG : WellhouseOne | 063.500
2017-03-26 09:04:03 | TEMPLOG : To   GeoLoop | 055.400
2017-03-26 09:05:04 | TEMPLOG : WellhouseOne | 061.700
2017-03-26 09:06:05 | TEMPLOG : WellhouseOne | 060.800
2017-03-26 09:07:06 | TEMPLOG : WellhouseOne | 059.900
2017-03-26 09:08:07 | TEMPLOG : WellhouseOne | 059.000
2017-03-26 09:09:07 | TEMPLOG : WellhouseOne | 058.100
2017-03-26 09:09:09 | TEMPLOG : Table    One | 050.000
2017-03-26 09:10:09 | TEMPLOG : WellhouseOne | 057.200
2017-03-26 09:12:11 | TEMPLOG : WellhouseOne | 056.300
2017-03-26 09:14:13 | TEMPLOG : WellhouseOne | 055.400
2017-03-26 09:17:16 | TEMPLOG : WellhouseOne | 054.500
2017-03-26 09:20:19 | TEMPLOG : Table    One | 050.900
2017-03-26 09:21:19 | TEMPLOG : WellhouseOne | 053.600
2017-03-26 09:24:22 | TEMPLOG : Table    One | 051.800
2017-03-26 09:25:22 | TEMPLOG : To   GeoLoop | 056.300
2017-03-26 09:26:24 | TEMPLOG : Table    One | 052.700
2017-03-26 09:27:24 | TEMPLOG : Table    One | 053.600
2017-03-26 09:28:25 | TEMPLOG : To   GeoLoop | 057.200
2017-03-26 09:29:27 | TEMPLOG : Table    One | 054.500
2017-03-26 09:30:27 | TEMPLOG : WellhouseOne | 052.700
2017-03-26 09:31:29 | TEMPLOG : Table    One | 055.400
2017-03-26 09:33:31 | TEMPLOG : Table    One | 056.300
2017-03-26 09:34:32 | TEMPLOG : WellhouseOne | 080.600
2017-03-26 09:35:34 | TEMPLOG : WellhouseOne | 122.900
2017-03-26 09:36:35 | TEMPLOG : WellhouseOne | 096.800
2017-03-26 09:37:35 | TEMPLOG : WellhouseOne | 081.500
2017-03-26 09:38:36 | TEMPLOG : WellhouseOne | 074.300
2017-03-26 09:39:37 | TEMPLOG : WellhouseOne | 070.700
2017-03-26 09:40:38 | TEMPLOG : WellhouseOne | 066.200
2017-03-26 09:41:39 | TEMPLOG : WellhouseOne | 064.400
2017-03-26 09:41:39 | TEMPLOG : Table    One | 057.200
2017-03-26 09:42:39 | TEMPLOG : WellhouseOne | 061.700
2017-03-26 09:42:40 | TEMPLOG : Table    One | 056.300
2017-03-26 09:43:40 | TEMPLOG : WellhouseOne | 059.900
2017-03-26 09:45:42 | TEMPLOG : WellhouseOne | 059.000
2017-03-26 09:45:43 | TEMPLOG : Table    One | 057.200
2017-03-26 09:46:43 | TEMPLOG : WellhouseOne | 058.100
2017-03-26 09:48:45 | TEMPLOG : WellhouseOne | 056.300
2017-03-26 09:49:46 | TEMPLOG : WellhouseOne | 057.200
2017-03-26 09:50:47 | TEMPLOG : WellhouseOne | 055.400
2017-03-26 09:51:48 | TEMPLOG : WellhouseOne | 056.300
2017-03-26 09:52:48 | TEMPLOG : WellhouseOne | 055.400
2017-03-26 09:53:50 | TEMPLOG : WellhouseOne | 054.500
2017-03-26 09:54:52 | TEMPLOG : To   GeoLoop | 058.100
2017-03-26 09:56:53 | TEMPLOG : WellhouseOne | 053.600
2017-03-26 09:56:54 | TEMPLOG : To   GeoLoop | 057.200
2017-03-26 09:57:54 | TEMPLOG : WellhouseOne | 054.500
2017-03-26 09:58:55 | TEMPLOG : Table    One | 058.100
2017-03-26 10:00:56 | TEMPLOG : WellhouseOne | 054.500
2017-03-26 10:00:56 | TEMPLOG : To   GeoLoop | 058.100
2017-03-26 10:00:57 | TEMPLOG : Table    One | 059.000
2017-03-26 10:02:58 | TEMPLOG : WellhouseOne | 053.600
2017-03-26 10:05:00 | TEMPLOG : Table    One | 059.900
2017-03-26 10:06:01 | TEMPLOG : Table    One | 060.800
2017-03-26 10:07:01 | TEMPLOG : WellhouseOne | 054.500
2017-03-26 10:07:01 | TEMPLOG : To   GeoLoop | 059.000
2017-03-26 10:07:01 | TEMPLOG : Table    One | 061.700
2017-03-26 10:08:02 | TEMPLOG : WellhouseOne | 052.700
2017-03-26 10:08:03 | TEMPLOG : Table    One | 062.600
2017-03-26 10:11:06 | TEMPLOG : Table    One | 061.700
2017-03-26 10:14:07 | TEMPLOG : WellhouseOne | 104.900
2017-03-26 10:15:08 | TEMPLOG : WellhouseOne | 123.800
2017-03-26 10:16:09 | TEMPLOG : WellhouseOne | 089.600
2017-03-26 10:17:10 | TEMPLOG : WellhouseOne | 078.800
2017-03-26 10:18:11 | TEMPLOG : WellhouseOne | 071.600
2017-03-26 10:18:12 | TEMPLOG : Table    One | 062.600
2017-03-26 10:19:12 | TEMPLOG : WellhouseOne | 068.900
2017-03-26 10:19:12 | TEMPLOG : To   GeoLoop | 059.900
2017-03-26 10:19:13 | TEMPLOG : Table    One | 064.400
2017-03-26 10:20:13 | TEMPLOG : WellhouseOne | 065.300
2017-03-26 10:21:14 | TEMPLOG : WellhouseOne | 063.500
2017-03-26 10:22:15 | TEMPLOG : WellhouseOne | 061.700
2017-03-26 10:23:15 | TEMPLOG : WellhouseOne | 059.900
2017-03-26 10:24:17 | TEMPLOG : WellhouseOne | 058.100
2017-03-26 10:24:18 | TEMPLOG : Table    One | 067.100
2017-03-26 10:25:18 | TEMPLOG : WellhouseOne | 059.000
2017-03-26 10:25:18 | TEMPLOG : Table    One | 068.000
2017-03-26 10:26:18 | TEMPLOG : WellhouseOne | 058.100
2017-03-26 10:26:19 | TEMPLOG : To   GeoLoop | 060.800
2017-03-26 10:26:19 | TEMPLOG : Table    One | 069.800
2017-03-26 10:29:22 | TEMPLOG : WellhouseOne | 057.200
2017-03-26 10:31:24 | TEMPLOG : Table    One | 068.900
2017-03-26 10:32:25 | TEMPLOG : Table    One | 068.000
2017-03-26 10:33:26 | TEMPLOG : WellhouseOne | 056.300
2017-03-26 10:33:26 | TEMPLOG : To   GeoLoop | 059.900
2017-03-26 10:33:26 | TEMPLOG : Table    One | 067.100
2017-03-26 10:34:27 | TEMPLOG : Table    One | 066.200
2017-03-26 10:35:27 | TEMPLOG : Table    One | 065.300
2017-03-26 10:36:28 | TEMPLOG : WellhouseOne | 055.400
2017-03-26 10:36:28 | TEMPLOG : To   GeoLoop | 059.000
2017-03-26 10:36:28 | TEMPLOG : Table    One | 064.400
2017-03-26 12:24:22 | -=< Temperature Logger Restart >=-
2017-03-26 12:24:22 | TEMPLOG : WellhouseOne | 062.600
2017-03-26 12:24:22 | TEMPLOG : To   GeoLoop | 065.300
2017-03-26 12:24:23 | TEMPLOG : Table    One | 075.200
2017-03-26 12:25:23 | TEMPLOG : WellhouseOne | 059.900
2017-03-26 12:25:23 | TEMPLOG : Table    One | 073.400
2017-03-26 12:26:24 | TEMPLOG : WellhouseOne | 059.000
2017-03-26 12:26:24 | TEMPLOG : To   GeoLoop | 066.200
2017-03-26 12:26:24 | TEMPLOG : Table    One | 076.100
2017-03-26 12:27:24 | TEMPLOG : WellhouseOne | 058.100
2017-03-26 12:27:24 | TEMPLOG : To   GeoLoop | 067.100
2017-03-26 12:27:24 | TEMPLOG : Table    One | 077.900
2017-03-26 12:28:25 | TEMPLOG : WellhouseOne | 057.200
2017-03-26 12:28:25 | TEMPLOG : Table    One | 077.000
2017-03-26 12:29:26 | TEMPLOG : WellhouseOne | 058.100
2017-03-26 12:29:26 | TEMPLOG : To   GeoLoop | 066.200
2017-03-26 12:29:26 | TEMPLOG : Table    One | 076.100
2017-03-26 12:30:26 | TEMPLOG : WellhouseOne | 057.200
2017-03-26 12:30:27 | TEMPLOG : To   GeoLoop | 067.100
2017-03-26 12:30:27 | TEMPLOG : Table    One | 077.000
2017-03-26 12:31:27 | TEMPLOG : To   GeoLoop | 066.200
2017-03-26 12:33:29 | TEMPLOG : To   GeoLoop | 067.100
2017-03-26 12:33:30 | TEMPLOG : Table    One | 077.900
2017-03-26 12:35:30 | TEMPLOG : WellhouseOne | 056.300
2017-03-26 12:35:31 | TEMPLOG : To   GeoLoop | 066.200
2017-03-26 12:35:31 | TEMPLOG : Table    One | 077.000
2017-03-26 12:36:32 | TEMPLOG : Table    One | 076.100
2017-03-26 12:37:33 | TEMPLOG : To   GeoLoop | 065.300
2017-03-26 12:38:33 | TEMPLOG : Table    One | 075.200
2017-03-26 12:39:34 | TEMPLOG : Table    One | 074.300
2017-03-26 12:40:35 | TEMPLOG : WellhouseOne | 055.400
2017-03-26 12:41:36 | TEMPLOG : To   GeoLoop | 066.200
2017-03-26 12:41:36 | TEMPLOG : Table    One | 076.100
2017-03-26 12:43:37 | TEMPLOG : To   GeoLoop | 067.100
2017-03-26 12:43:37 | TEMPLOG : Table    One | 077.900
2017-03-26 12:44:38 | TEMPLOG : Table    One | 078.800
2017-03-26 12:45:39 | TEMPLOG : To   GeoLoop | 068.000
2017-03-26 12:45:39 | TEMPLOG : Table    One | 079.700
2017-03-26 12:46:39 | TEMPLOG : WellhouseOne | 054.500
2017-03-26 12:46:40 | TEMPLOG : To   GeoLoop | 068.900
2017-03-26 12:46:40 | TEMPLOG : Table    One | 080.600
2017-03-26 12:47:40 | TEMPLOG : WellhouseOne | 055.400
2017-03-26 12:47:40 | TEMPLOG : To   GeoLoop | 069.800
2017-03-26 12:47:40 | TEMPLOG : Table    One | 083.300
2017-03-26 12:48:41 | TEMPLOG : To   GeoLoop | 070.700
2017-03-26 12:48:42 | TEMPLOG : Table    One | 085.100
2017-03-26 12:49:42 | TEMPLOG : To   GeoLoop | 071.600
2017-03-26 12:49:43 | TEMPLOG : Table    One | 087.800
2017-03-26 12:51:44 | TEMPLOG : Table    One | 086.000
2017-03-26 12:52:44 | TEMPLOG : To   GeoLoop | 070.700
2017-03-26 12:52:45 | TEMPLOG : Table    One | 084.200
2017-03-26 12:53:46 | TEMPLOG : To   GeoLoop | 068.900
2017-03-26 12:53:46 | TEMPLOG : Table    One | 082.400
2017-03-26 12:54:47 | TEMPLOG : Table    One | 084.200
2017-03-26 12:55:47 | TEMPLOG : To   GeoLoop | 071.600
2017-03-26 12:55:48 | TEMPLOG : Table    One | 086.900
2017-03-26 12:57:50 | TEMPLOG : To   GeoLoop | 072.500
2017-03-26 12:58:52 | TEMPLOG : Table    One | 088.700
2017-03-26 12:59:52 | TEMPLOG : WellhouseOne | 054.500
2017-03-26 13:00:53 | TEMPLOG : WellhouseOne | 054.500
2017-03-26 13:00:53 | TEMPLOG : To   GeoLoop | 072.500
2017-03-26 13:00:54 | TEMPLOG : Table    One | 086.000
2017-03-26 13:01:54 | TEMPLOG : WellhouseOne | 055.400
2017-03-26 13:01:54 | TEMPLOG : To   GeoLoop | 069.800
2017-03-26 13:01:54 | TEMPLOG : Table    One | 082.400
2017-03-26 13:02:56 | TEMPLOG : To   GeoLoop | 068.000
2017-03-26 13:02:56 | TEMPLOG : Table    One | 079.700
2017-03-26 13:03:57 | TEMPLOG : To   GeoLoop | 067.100
2017-03-26 13:03:57 | TEMPLOG : Table    One | 077.000
2017-03-26 13:04:58 | TEMPLOG : WellhouseOne | 110.300
2017-03-26 13:04:58 | TEMPLOG : To   GeoLoop | 066.200
2017-03-26 13:04:59 | TEMPLOG : Table    One | 075.200
2017-03-26 13:06:00 | TEMPLOG : WellhouseOne | 099.500
2017-03-26 13:06:00 | TEMPLOG : To   GeoLoop | 065.300
2017-03-26 13:06:00 | TEMPLOG : Table    One | 074.300
2017-03-26 13:07:00 | TEMPLOG : WellhouseOne | 081.500
2017-03-26 13:07:01 | TEMPLOG : To   GeoLoop | 066.200
2017-03-26 13:07:01 | TEMPLOG : Table    One | 077.900
2017-03-26 13:08:01 | TEMPLOG : WellhouseOne | 070.700
2017-03-26 13:08:01 | TEMPLOG : To   GeoLoop | 068.900
2017-03-26 13:08:01 | TEMPLOG : Table    One | 081.500
2017-03-26 13:09:02 | TEMPLOG : WellhouseOne | 065.300
2017-03-26 13:09:02 | TEMPLOG : To   GeoLoop | 071.600
2017-03-26 13:09:03 | TEMPLOG : Table    One | 084.200
2017-03-26 13:10:03 | TEMPLOG : WellhouseOne | 064.400
2017-03-26 13:10:04 | TEMPLOG : To   GeoLoop | 073.400
2017-03-26 13:10:04 | TEMPLOG : Table    One | 086.900
2017-03-26 13:11:05 | TEMPLOG : WellhouseOne | 063.500
2017-03-26 13:11:06 | TEMPLOG : Table    One | 087.800
2017-03-26 13:12:06 | TEMPLOG : WellhouseOne | 062.600
2017-03-26 13:12:06 | TEMPLOG : Table    One | 089.600
2017-03-26 13:13:07 | TEMPLOG : WellhouseOne | 060.800
2017-03-26 13:13:07 | TEMPLOG : To   GeoLoop | 075.200
2017-03-26 13:13:07 | TEMPLOG : Table    One | 091.400
2017-03-26 13:14:07 | TEMPLOG : WellhouseOne | 059.900
2017-03-26 13:14:08 | TEMPLOG : Table    One | 092.300
2017-03-26 13:15:09 | TEMPLOG : WellhouseOne | 059.000
2017-03-26 13:15:09 | TEMPLOG : Table    One | 090.500
2017-03-26 13:16:09 | TEMPLOG : WellhouseOne | 059.900
2017-03-26 13:16:10 | TEMPLOG : To   GeoLoop | 074.300
2017-03-26 13:16:10 | TEMPLOG : Table    One | 088.700
2017-03-26 13:17:10 | TEMPLOG : WellhouseOne | 059.000
2017-03-26 13:17:10 | TEMPLOG : To   GeoLoop | 073.400
2017-03-26 13:17:11 | TEMPLOG : Table    One | 087.800
2017-03-26 13:18:11 | TEMPLOG : To   GeoLoop | 071.600
2017-03-26 13:18:11 | TEMPLOG : Table    One | 085.100
2017-03-26 13:19:12 | TEMPLOG : To   GeoLoop | 070.700
2017-03-26 13:20:13 | TEMPLOG : WellhouseOne | 057.200
2017-03-26 13:20:13 | TEMPLOG : To   GeoLoop | 071.600
2017-03-26 13:21:15 | TEMPLOG : WellhouseOne | 059.000
2017-03-26 13:21:15 | TEMPLOG : To   GeoLoop | 070.700
2017-03-26 13:21:15 | TEMPLOG : Table    One | 082.400
2017-03-26 13:22:16 | TEMPLOG : To   GeoLoop | 068.900
2017-03-26 13:22:16 | TEMPLOG : Table    One | 080.600
2017-03-26 13:23:17 | TEMPLOG : WellhouseOne | 058.100
2017-03-26 13:23:17 | TEMPLOG : To   GeoLoop | 067.100
2017-03-26 13:23:17 | TEMPLOG : Table    One | 079.700
2017-03-26 13:24:18 | TEMPLOG : Table    One | 078.800
2017-03-26 13:25:19 | TEMPLOG : WellhouseOne | 057.200
2017-03-26 13:25:19 | TEMPLOG : To   GeoLoop | 066.200
2017-03-26 13:25:19 | TEMPLOG : Table    One | 077.000
2017-03-26 13:26:20 | TEMPLOG : Table    One | 075.200
2017-03-26 13:27:20 | TEMPLOG : To   GeoLoop | 065.300
2017-03-26 13:27:21 | TEMPLOG : Table    One | 074.300
2017-03-26 13:28:21 | TEMPLOG : Table    One | 073.400
2017-03-26 13:29:22 | TEMPLOG : To   GeoLoop | 064.400
2017-03-26 13:29:22 | TEMPLOG : Table    One | 072.500
2017-03-26 13:30:22 | TEMPLOG : WellhouseOne | 058.100
2017-03-26 13:30:23 | TEMPLOG : Table    One | 071.600
2017-03-26 13:31:23 | TEMPLOG : WellhouseOne | 057.200
2017-03-26 13:31:24 | TEMPLOG : Table    One | 072.500
2017-03-26 13:32:25 | TEMPLOG : Table    One | 071.600
2017-03-26 13:33:26 | TEMPLOG : Table    One | 070.700
2017-03-26 13:35:27 | TEMPLOG : To   GeoLoop | 063.500
2017-03-26 13:35:27 | TEMPLOG : Table    One | 069.800
2017-03-26 13:36:28 | TEMPLOG : Table    One | 068.900
2017-03-26 13:38:30 | TEMPLOG : WellhouseOne | 056.300
2017-03-26 13:39:31 | TEMPLOG : WellhouseOne | 057.200
2017-03-26 13:39:32 | TEMPLOG : Table    One | 068.000
2017-03-26 13:43:35 | TEMPLOG : To   GeoLoop | 062.600
2017-03-26 13:44:35 | TEMPLOG : WellhouseOne | 056.300
2017-03-26 13:44:37 | TEMPLOG : Table    One | 067.100
2017-03-26 13:45:37 | TEMPLOG : Table    One | 066.200
2017-03-26 13:46:38 | TEMPLOG : WellhouseOne | 055.400
2017-03-26 13:47:38 | TEMPLOG : WellhouseOne | 056.300
2017-03-26 13:47:39 | TEMPLOG : Table    One | 065.300
2017-03-26 13:49:40 | TEMPLOG : WellhouseOne | 055.400
2017-03-26 13:49:41 | TEMPLOG : Table    One | 064.400
2017-03-26 13:51:43 | TEMPLOG : Table    One | 063.500
2017-03-26 13:52:43 | TEMPLOG : WellhouseOne | 119.300
2017-03-26 13:52:44 | TEMPLOG : Table    One | 062.600
2017-03-26 13:53:44 | TEMPLOG : WellhouseOne | 095.900
2017-03-26 13:53:44 | TEMPLOG : To   GeoLoop | 061.700
2017-03-26 13:54:45 | TEMPLOG : WellhouseOne | 082.400
2017-03-26 13:55:46 | TEMPLOG : WellhouseOne | 076.100
2017-03-26 13:56:46 | TEMPLOG : WellhouseOne | 071.600
2017-03-26 13:57:48 | TEMPLOG : WellhouseOne | 068.900
2017-03-26 13:57:48 | TEMPLOG : Table    One | 061.700
2017-03-26 13:58:48 | TEMPLOG : WellhouseOne | 064.400
2017-03-26 13:59:49 | TEMPLOG : WellhouseOne | 062.600
2017-03-26 14:00:50 | TEMPLOG : WellhouseOne | 061.700
2017-03-26 14:00:50 | TEMPLOG : To   GeoLoop | 061.700
2017-03-26 14:00:51 | TEMPLOG : Table    One | 061.700
2017-03-26 14:01:51 | TEMPLOG : WellhouseOne | 060.800
2017-03-26 14:06:55 | TEMPLOG : WellhouseOne | 059.900
2017-03-26 14:06:55 | TEMPLOG : Table    One | 062.600
2017-03-26 14:08:56 | TEMPLOG : WellhouseOne | 059.000
2017-03-26 14:09:57 | TEMPLOG : WellhouseOne | 058.100
2017-03-26 14:10:59 | TEMPLOG : Table    One | 061.700
2017-03-26 14:13:00 | TEMPLOG : WellhouseOne | 057.200
2017-03-26 14:13:00 | TEMPLOG : Table    One | 060.800
2017-03-26 14:15:02 | TEMPLOG : WellhouseOne | 056.300
2017-03-26 14:16:03 | TEMPLOG : Table    One | 059.900
2017-03-26 14:17:04 | TEMPLOG : To   GeoLoop | 060.800
2017-03-26 14:18:05 | TEMPLOG : WellhouseOne | 057.200
2017-03-26 14:18:05 | TEMPLOG : To   GeoLoop | 061.700
2017-03-26 14:19:06 | TEMPLOG : WellhouseOne | 056.300
2017-03-26 14:20:07 | TEMPLOG : Table    One | 059.000
2017-03-26 14:21:07 | TEMPLOG : WellhouseOne | 057.200
2017-03-26 14:21:08 | TEMPLOG : To   GeoLoop | 060.800
2017-03-26 14:21:08 | TEMPLOG : Table    One | 059.900
2017-03-26 14:22:08 | TEMPLOG : WellhouseOne | 056.300
2017-03-26 14:22:09 | TEMPLOG : Table    One | 059.000
2017-03-26 14:23:09 | TEMPLOG : WellhouseOne | 057.200
2017-03-26 14:24:10 | TEMPLOG : WellhouseOne | 056.300
2017-03-26 14:26:12 | TEMPLOG : WellhouseOne | 055.400
2017-03-26 14:26:12 | TEMPLOG : To   GeoLoop | 061.700
2017-03-26 14:27:13 | TEMPLOG : Table    One | 059.900
2017-03-26 14:30:15 | TEMPLOG : WellhouseOne | 054.500
2017-03-26 14:31:17 | TEMPLOG : Table    One | 060.800
2017-03-26 14:32:17 | TEMPLOG : To   GeoLoop | 062.600
2017-03-26 14:32:17 | TEMPLOG : Table    One | 061.700
2017-03-26 14:33:18 | TEMPLOG : Table    One | 062.600
2017-03-26 14:34:18 | TEMPLOG : WellhouseOne | 055.400
2017-03-26 14:34:19 | TEMPLOG : Table    One | 063.500
2017-03-26 14:35:20 | TEMPLOG : To   GeoLoop | 063.500
2017-03-26 14:35:20 | TEMPLOG : Table    One | 065.300
2017-03-26 14:37:23 | TEMPLOG : Table    One | 066.200
2017-03-26 14:38:23 | TEMPLOG : WellhouseOne | 070.700
2017-03-26 14:39:24 | TEMPLOG : WellhouseOne | 125.600
2017-03-26 14:39:24 | TEMPLOG : Table    One | 065.300
2017-03-26 14:40:25 | TEMPLOG : WellhouseOne | 090.500
2017-03-26 14:41:27 | TEMPLOG : WellhouseOne | 077.000
2017-03-26 14:41:27 | TEMPLOG : Table    One | 066.200
2017-03-26 14:42:28 | TEMPLOG : WellhouseOne | 073.400
2017-03-26 14:42:28 | TEMPLOG : To   GeoLoop | 064.400
2017-03-26 14:42:29 | TEMPLOG : Table    One | 067.100
2017-03-26 14:43:30 | TEMPLOG : WellhouseOne | 068.900
2017-03-26 14:43:30 | TEMPLOG : Table    One | 068.000
2017-03-26 14:44:30 | TEMPLOG : WellhouseOne | 066.200
2017-03-26 14:44:31 | TEMPLOG : Table    One | 069.800
2017-03-26 14:45:31 | TEMPLOG : WellhouseOne | 065.300
2017-03-26 14:45:32 | TEMPLOG : To   GeoLoop | 065.300
2017-03-26 14:45:32 | TEMPLOG : Table    One | 070.700
2017-03-26 14:46:32 | TEMPLOG : WellhouseOne | 064.400
2017-03-26 14:46:33 | TEMPLOG : Table    One | 072.500
2017-03-26 14:47:33 | TEMPLOG : WellhouseOne | 063.500
2017-03-26 14:48:35 | TEMPLOG : WellhouseOne | 062.600
2017-03-26 14:48:36 | TEMPLOG : Table    One | 071.600
2017-03-26 14:49:37 | TEMPLOG : WellhouseOne | 061.700
2017-03-26 14:49:37 | TEMPLOG : To   GeoLoop | 064.400
2017-03-26 14:49:37 | TEMPLOG : Table    One | 070.700
2017-03-26 14:50:37 | TEMPLOG : WellhouseOne | 059.900
2017-03-26 14:50:37 | TEMPLOG : Table    One | 069.800
2017-03-26 14:51:39 | TEMPLOG : Table    One | 070.700
2017-03-26 14:52:40 | TEMPLOG : To   GeoLoop | 066.200
2017-03-26 14:52:40 | TEMPLOG : Table    One | 074.300
2017-03-26 14:53:40 | TEMPLOG : WellhouseOne | 060.800
2017-03-26 14:53:41 | TEMPLOG : To   GeoLoop | 067.100
2017-03-26 14:53:41 | TEMPLOG : Table    One | 076.100
2017-03-26 14:54:41 | TEMPLOG : WellhouseOne | 059.900
2017-03-26 14:54:42 | TEMPLOG : Table    One | 074.300
2017-03-26 14:55:42 | TEMPLOG : To   GeoLoop | 066.200
2017-03-26 14:55:42 | TEMPLOG : Table    One | 072.500
2017-03-26 14:56:43 | TEMPLOG : Table    One | 074.300
2017-03-26 14:57:45 | TEMPLOG : Table    One | 075.200
2017-03-26 14:58:45 | TEMPLOG : WellhouseOne | 059.000
2017-03-26 14:59:46 | TEMPLOG : WellhouseOne | 058.100
2017-03-26 14:59:46 | TEMPLOG : Table    One | 074.300
2017-03-26 15:00:46 | TEMPLOG : WellhouseOne | 059.000
2017-03-26 15:00:46 | TEMPLOG : To   GeoLoop | 066.200
2017-03-26 15:00:47 | TEMPLOG : Table    One | 073.400
2017-03-26 15:01:48 | TEMPLOG : To   GeoLoop | 065.300
2017-03-26 15:01:48 | TEMPLOG : Table    One | 072.500
2017-03-26 15:02:49 | TEMPLOG : To   GeoLoop | 064.400
2017-03-26 15:02:49 | TEMPLOG : Table    One | 070.700
2017-03-26 15:03:49 | TEMPLOG : WellhouseOne | 058.100
2017-03-26 15:03:50 | TEMPLOG : Table    One | 069.800
2017-03-26 15:04:51 | TEMPLOG : Table    One | 068.000
2017-03-26 15:05:51 | TEMPLOG : WellhouseOne | 059.000
2017-03-26 15:05:51 | TEMPLOG : To   GeoLoop | 063.500
2017-03-26 15:06:52 | TEMPLOG : WellhouseOne | 058.100
2017-03-26 15:07:53 | TEMPLOG : Table    One | 067.100
2017-03-26 15:09:54 | TEMPLOG : WellhouseOne | 057.200
2017-03-26 15:10:54 | TEMPLOG : WellhouseOne | 058.100
2017-03-26 15:10:55 | TEMPLOG : Table    One | 066.200
2017-03-26 15:11:55 | TEMPLOG : WellhouseOne | 057.200
2017-03-26 15:11:56 | TEMPLOG : Table    One | 067.100
2017-03-26 15:13:57 | TEMPLOG : To   GeoLoop | 064.400
2017-03-26 15:13:57 | TEMPLOG : Table    One | 068.000
2017-03-26 15:15:58 | TEMPLOG : WellhouseOne | 058.100
2017-03-26 15:15:59 | TEMPLOG : To   GeoLoop | 063.500
2017-03-26 15:17:00 | TEMPLOG : WellhouseOne | 057.200
2017-03-26 15:17:00 | TEMPLOG : Table    One | 067.100
2017-03-26 15:18:01 | TEMPLOG : Table    One | 066.200
2017-03-26 15:19:01 | TEMPLOG : To   GeoLoop | 062.600
2017-03-26 15:20:02 | TEMPLOG : WellhouseOne | 056.300
2017-03-26 15:20:03 | TEMPLOG : Table    One | 065.300
2017-03-26 15:21:04 | TEMPLOG : WellhouseOne | 057.200
2017-03-26 15:21:04 | TEMPLOG : Table    One | 064.400
2017-03-26 15:24:06 | TEMPLOG : WellhouseOne | 056.300
2017-03-26 15:24:07 | TEMPLOG : Table    One | 063.500
2017-03-26 15:25:07 | TEMPLOG : WellhouseOne | 055.400
2017-03-26 15:26:07 | TEMPLOG : WellhouseOne | 096.800
2017-03-26 15:27:08 | TEMPLOG : WellhouseOne | 114.800
2017-03-26 15:28:09 | TEMPLOG : WellhouseOne | 086.900
2017-03-26 15:29:09 | TEMPLOG : WellhouseOne | 078.800
2017-03-26 15:30:10 | TEMPLOG : WellhouseOne | 074.300
2017-03-26 15:30:11 | TEMPLOG : Table    One | 064.400
2017-03-26 15:31:12 | TEMPLOG : WellhouseOne | 070.700
2017-03-26 15:31:12 | TEMPLOG : To   GeoLoop | 063.500
2017-03-26 15:32:12 | TEMPLOG : WellhouseOne | 068.000
2017-03-26 15:33:13 | TEMPLOG : WellhouseOne | 066.200
2017-03-26 15:33:13 | TEMPLOG : Table    One | 065.300
2017-03-26 15:34:13 | TEMPLOG : WellhouseOne | 065.300
2017-03-26 15:34:14 | TEMPLOG : Table    One | 066.200
2017-03-26 15:35:14 | TEMPLOG : WellhouseOne | 064.400
2017-03-26 15:35:15 | TEMPLOG : Table    One | 067.100
2017-03-26 15:36:15 | TEMPLOG : WellhouseOne | 063.500
2017-03-26 15:36:15 | TEMPLOG : To   GeoLoop | 064.400
2017-03-26 15:36:15 | TEMPLOG : Table    One | 068.000
2017-03-26 15:37:16 | TEMPLOG : WellhouseOne | 062.600
2017-03-26 15:39:18 | TEMPLOG : WellhouseOne | 061.700
2017-03-26 15:39:19 | TEMPLOG : Table    One | 068.900
2017-03-26 15:40:20 | TEMPLOG : WellhouseOne | 060.800
2017-03-26 15:40:21 | TEMPLOG : Table    One | 069.800
2017-03-26 15:41:21 | TEMPLOG : To   GeoLoop | 065.300
2017-03-26 15:41:22 | TEMPLOG : Table    One | 070.700
2017-03-26 15:42:22 | TEMPLOG : Table    One | 071.600
2017-03-26 15:43:24 | TEMPLOG : Table    One | 070.700
2017-03-26 15:44:25 | TEMPLOG : WellhouseOne | 059.900
2017-03-26 15:44:25 | TEMPLOG : To   GeoLoop | 064.400
2017-03-26 15:44:26 | TEMPLOG : Table    One | 069.800
2017-03-26 15:46:27 | TEMPLOG : WellhouseOne | 059.000
2017-03-26 15:47:28 | TEMPLOG : WellhouseOne | 059.900
2017-03-26 15:47:29 | TEMPLOG : Table    One | 068.900
2017-03-26 15:48:30 | TEMPLOG : WellhouseOne | 059.000
2017-03-26 15:49:31 | TEMPLOG : To   GeoLoop | 063.500
2017-03-26 15:49:31 | TEMPLOG : Table    One | 068.000
2017-03-26 15:50:31 | TEMPLOG : WellhouseOne | 058.100
2017-03-26 15:51:32 | TEMPLOG : To   GeoLoop | 064.400
2017-03-26 15:52:33 | TEMPLOG : WellhouseOne | 059.000
2017-03-26 15:53:34 | TEMPLOG : To   GeoLoop | 063.500
2017-03-26 15:54:34 | TEMPLOG : WellhouseOne | 058.100
2017-03-26 15:54:34 | TEMPLOG : To   GeoLoop | 064.400
2017-03-26 15:54:34 | TEMPLOG : Table    One | 068.900
2017-03-26 15:55:36 | TEMPLOG : Table    One | 069.800
2017-03-26 15:56:37 | TEMPLOG : To   GeoLoop | 066.200
2017-03-26 15:56:37 | TEMPLOG : Table    One | 074.300
2017-03-26 15:57:38 | TEMPLOG : To   GeoLoop | 067.100
2017-03-26 15:57:38 | TEMPLOG : Table    One | 077.000
2017-03-26 15:58:38 | TEMPLOG : WellhouseOne | 057.200
2017-03-26 15:58:38 | TEMPLOG : To   GeoLoop | 068.000
2017-03-26 15:59:39 | TEMPLOG : To   GeoLoop | 067.100
2017-03-26 15:59:39 | TEMPLOG : Table    One | 074.300
2017-03-26 16:00:39 | TEMPLOG : WellhouseOne | 058.100
2017-03-26 16:00:40 | TEMPLOG : To   GeoLoop | 066.200
2017-03-26 16:00:40 | TEMPLOG : Table    One | 071.600
2017-03-26 16:01:41 | TEMPLOG : To   GeoLoop | 065.300
2017-03-26 16:01:41 | TEMPLOG : Table    One | 070.700
2017-03-26 16:02:42 | TEMPLOG : To   GeoLoop | 064.400
2017-03-26 16:02:42 | TEMPLOG : Table    One | 069.800
2017-03-26 16:03:43 | TEMPLOG : Table    One | 068.900
2017-03-26 16:05:45 | TEMPLOG : Table    One | 068.000
2017-03-26 16:06:45 | TEMPLOG : WellhouseOne | 057.200
2017-03-26 16:06:46 | TEMPLOG : To   GeoLoop | 063.500
2017-03-26 16:07:47 | TEMPLOG : Table    One | 067.100
2017-03-26 16:09:48 | TEMPLOG : To   GeoLoop | 064.400
2017-03-26 16:11:50 | TEMPLOG : Table    One | 068.000
2017-03-26 16:12:51 | TEMPLOG : To   GeoLoop | 065.300
2017-03-26 16:12:51 | TEMPLOG : Table    One | 072.500
2017-03-26 16:13:52 | TEMPLOG : WellhouseOne | 059.000
2017-03-26 16:13:52 | TEMPLOG : To   GeoLoop | 066.200
2017-03-26 16:14:53 | TEMPLOG : WellhouseOne | 124.700
2017-03-26 16:14:54 | TEMPLOG : To   GeoLoop | 067.100
2017-03-26 16:14:54 | TEMPLOG : Table    One | 073.400
2017-03-26 16:15:54 | TEMPLOG : WellhouseOne | 095.000
2017-03-26 16:15:55 | TEMPLOG : Table    One | 077.000
2017-03-26 16:16:55 | TEMPLOG : WellhouseOne | 082.400
2017-03-26 16:16:55 | TEMPLOG : Table    One | 075.200
2017-03-26 16:17:56 | TEMPLOG : WellhouseOne | 076.100
2017-03-26 16:17:56 | TEMPLOG : To   GeoLoop | 066.200
2017-03-26 16:17:56 | TEMPLOG : Table    One | 072.500
2017-03-26 16:18:56 | TEMPLOG : WellhouseOne | 072.500
2017-03-26 16:18:57 | TEMPLOG : To   GeoLoop | 065.300
2017-03-26 16:18:57 | TEMPLOG : Table    One | 070.700
2017-03-26 16:19:57 | TEMPLOG : WellhouseOne | 069.800
2017-03-26 16:19:58 | TEMPLOG : Table    One | 069.800
2017-03-26 16:20:59 | TEMPLOG : WellhouseOne | 068.000
2017-03-26 16:20:59 | TEMPLOG : To   GeoLoop | 064.400
2017-03-26 16:21:00 | TEMPLOG : Table    One | 068.900
2017-03-26 16:22:00 | TEMPLOG : WellhouseOne | 066.200
2017-03-26 16:22:01 | TEMPLOG : Table    One | 068.000
2017-03-26 16:23:01 | TEMPLOG : WellhouseOne | 065.300
2017-03-26 16:23:01 | TEMPLOG : To   GeoLoop | 063.500
2017-03-26 16:23:02 | TEMPLOG : Table    One | 067.100
2017-03-26 16:24:02 | TEMPLOG : WellhouseOne | 063.500
2017-03-26 16:24:02 | TEMPLOG : Table    One | 066.200
2017-03-26 16:25:04 | TEMPLOG : Table    One | 065.300
2017-03-26 16:26:04 | TEMPLOG : WellhouseOne | 062.600
2017-03-26 16:27:05 | TEMPLOG : To   GeoLoop | 062.600
2017-03-26 16:27:05 | TEMPLOG : Table    One | 064.400
2017-03-26 16:28:06 | TEMPLOG : WellhouseOne | 060.800
2017-03-26 16:29:06 | TEMPLOG : WellhouseOne | 061.700
2017-03-26 16:29:07 | TEMPLOG : Table    One | 063.500
2017-03-26 16:31:08 | TEMPLOG : WellhouseOne | 060.800
2017-03-26 16:32:10 | TEMPLOG : Table    One | 062.600
2017-03-26 16:33:10 | TEMPLOG : WellhouseOne | 059.900
2017-03-26 16:34:12 | TEMPLOG : WellhouseOne | 060.800
2017-03-26 16:35:12 | TEMPLOG : WellhouseOne | 059.900
2017-03-26 16:37:14 | TEMPLOG : Table    One | 061.700
2017-03-26 16:38:14 | TEMPLOG : WellhouseOne | 059.000
2017-03-26 16:39:15 | TEMPLOG : Table    One | 060.800
2017-03-26 16:42:17 | TEMPLOG : To   GeoLoop | 061.700
2017-03-26 16:46:21 | TEMPLOG : Table    One | 059.900
2017-03-26 16:47:21 | TEMPLOG : WellhouseOne | 058.100
2017-03-26 16:49:24 | TEMPLOG : Table    One | 059.000
2017-03-26 16:50:25 | TEMPLOG : WellhouseOne | 057.200
2017-03-26 16:53:28 | TEMPLOG : Table    One | 058.100
2017-03-26 16:54:28 | TEMPLOG : WellhouseOne | 058.100
2017-03-26 16:56:30 | TEMPLOG : To   GeoLoop | 060.800
2017-03-26 16:57:31 | TEMPLOG : To   GeoLoop | 061.700
2017-03-26 16:58:31 | TEMPLOG : WellhouseOne | 057.200
2017-03-26 16:58:31 | TEMPLOG : To   GeoLoop | 060.800
2017-03-26 17:00:33 | TEMPLOG : WellhouseOne | 057.200
2017-03-26 17:00:33 | TEMPLOG : To   GeoLoop | 060.800
2017-03-26 17:00:33 | TEMPLOG : Table    One | 058.100
2017-03-26 17:02:35 | TEMPLOG : WellhouseOne | 066.200
2017-03-26 17:02:35 | TEMPLOG : To   GeoLoop | 061.700
2017-03-26 17:03:36 | TEMPLOG : WellhouseOne | 122.900
2017-03-26 17:03:36 | TEMPLOG : To   GeoLoop | 060.800
2017-03-26 17:03:37 | TEMPLOG : Table    One | 057.200
2017-03-26 17:04:37 | TEMPLOG : WellhouseOne | 090.500
2017-03-26 17:05:38 | TEMPLOG : WellhouseOne | 079.700
2017-03-26 17:06:39 | TEMPLOG : WellhouseOne | 075.200
2017-03-26 17:06:39 | TEMPLOG : Table    One | 058.100
2017-03-26 17:07:40 | TEMPLOG : WellhouseOne | 071.600
2017-03-26 17:07:40 | TEMPLOG : Table    One | 057.200
2017-03-26 17:08:40 | TEMPLOG : WellhouseOne | 069.800
2017-03-26 17:09:41 | TEMPLOG : WellhouseOne | 068.000
2017-03-26 17:10:42 | TEMPLOG : WellhouseOne | 066.200
2017-03-26 17:11:43 | TEMPLOG : WellhouseOne | 064.400
2017-03-26 17:12:45 | TEMPLOG : WellhouseOne | 063.500
2017-03-26 17:14:47 | TEMPLOG : WellhouseOne | 062.600
2017-03-26 17:15:48 | TEMPLOG : WellhouseOne | 061.700
2017-03-26 17:18:51 | TEMPLOG : WellhouseOne | 060.800
2017-03-26 17:21:52 | TEMPLOG : WellhouseOne | 059.900
2017-03-26 17:22:55 | TEMPLOG : WellhouseOne | 059.000
2017-03-26 17:23:55 | TEMPLOG : WellhouseOne | 058.100
2017-03-26 17:25:57 | TEMPLOG : WellhouseOne | 057.200
2017-03-26 17:27:58 | TEMPLOG : To   GeoLoop | 061.700
2017-03-26 17:27:58 | TEMPLOG : Table    One | 058.100
2017-03-26 17:28:59 | TEMPLOG : Table    One | 059.000
2017-03-26 17:31:01 | TEMPLOG : Table    One | 059.900
2017-03-26 17:32:02 | TEMPLOG : To   GeoLoop | 062.600
2017-03-26 17:32:02 | TEMPLOG : Table    One | 062.600
2017-03-26 17:33:03 | TEMPLOG : Table    One | 061.700
2017-03-26 17:35:04 | TEMPLOG : WellhouseOne | 056.300
2017-03-26 17:35:04 | TEMPLOG : Table    One | 060.800
2017-03-26 17:36:05 | TEMPLOG : To   GeoLoop | 061.700
2017-03-26 17:38:08 | TEMPLOG : Table    One | 059.900
2017-03-26 17:39:09 | TEMPLOG : WellhouseOne | 055.400
2017-03-26 17:41:12 | TEMPLOG : Table    One | 059.000
2017-03-26 17:45:17 | TEMPLOG : Table    One | 059.900
2017-03-26 17:46:17 | TEMPLOG : WellhouseOne | 054.500
2017-03-26 17:48:19 | TEMPLOG : WellhouseOne | 097.700
2017-03-26 17:48:19 | TEMPLOG : To   GeoLoop | 062.600
2017-03-26 17:49:20 | TEMPLOG : WellhouseOne | 110.300
2017-03-26 17:49:20 | TEMPLOG : To   GeoLoop | 061.700
2017-03-26 17:50:21 | TEMPLOG : WellhouseOne | 084.200
2017-03-26 17:51:22 | TEMPLOG : WellhouseOne | 076.100
2017-03-26 17:52:23 | TEMPLOG : WellhouseOne | 070.700
2017-03-26 17:52:24 | TEMPLOG : Table    One | 059.000
2017-03-26 17:53:24 | TEMPLOG : WellhouseOne | 068.900
2017-03-26 17:54:25 | TEMPLOG : WellhouseOne | 066.200
2017-03-26 17:55:25 | TEMPLOG : WellhouseOne | 065.300
2017-03-26 17:55:26 | TEMPLOG : To   GeoLoop | 060.800
2017-03-26 17:56:26 | TEMPLOG : WellhouseOne | 063.500
2017-03-26 17:56:26 | TEMPLOG : Table    One | 058.100
2017-03-26 17:57:27 | TEMPLOG : WellhouseOne | 062.600
2017-03-26 17:58:30 | TEMPLOG : WellhouseOne | 060.800
2017-03-26 18:00:32 | TEMPLOG : WellhouseOne | 059.900
2017-03-26 18:00:33 | TEMPLOG : To   GeoLoop | 060.800
2017-03-26 18:00:33 | TEMPLOG : Table    One | 057.200
2017-03-26 18:03:34 | TEMPLOG : WellhouseOne | 059.000
2017-03-26 18:04:35 | TEMPLOG : WellhouseOne | 059.900
2017-03-26 18:05:36 | TEMPLOG : WellhouseOne | 059.000
2017-03-26 18:09:40 | TEMPLOG : WellhouseOne | 058.100
2017-03-26 18:12:44 | TEMPLOG : Table    One | 056.300
2017-03-26 18:17:49 | TEMPLOG : WellhouseOne | 057.200
2017-03-26 18:17:49 | TEMPLOG : Table    One | 055.400
2017-03-26 18:25:56 | TEMPLOG : WellhouseOne | 056.300
2017-03-26 18:26:57 | TEMPLOG : WellhouseOne | 057.200
2017-03-26 18:27:59 | TEMPLOG : WellhouseOne | 056.300
2017-03-26 18:27:59 | TEMPLOG : To   GeoLoop | 059.900
2017-03-26 18:33:02 | TEMPLOG : WellhouseOne | 106.700
2017-03-26 18:34:03 | TEMPLOG : WellhouseOne | 110.300
2017-03-26 18:35:04 | TEMPLOG : WellhouseOne | 086.000
2017-03-26 18:36:05 | TEMPLOG : WellhouseOne | 077.900
2017-03-26 18:36:07 | TEMPLOG : Table    One | 054.500
2017-03-26 18:37:07 | TEMPLOG : WellhouseOne | 073.400
2017-03-26 18:38:08 | TEMPLOG : WellhouseOne | 069.800
2017-03-26 18:39:09 | TEMPLOG : WellhouseOne | 068.000
2017-03-26 18:40:10 | TEMPLOG : WellhouseOne | 066.200
2017-03-26 18:41:11 | TEMPLOG : WellhouseOne | 064.400
2017-03-26 18:42:12 | TEMPLOG : WellhouseOne | 063.500
2017-03-26 18:43:13 | TEMPLOG : WellhouseOne | 062.600
2017-03-26 18:44:14 | TEMPLOG : WellhouseOne | 061.700
2017-03-26 18:46:16 | TEMPLOG : WellhouseOne | 060.800
2017-03-26 18:48:17 | TEMPLOG : WellhouseOne | 059.900
2017-03-26 18:48:18 | TEMPLOG : Table    One | 053.600
2017-03-26 18:51:20 | TEMPLOG : WellhouseOne | 059.000
2017-03-26 18:56:25 | TEMPLOG : WellhouseOne | 058.100
2017-03-26 19:00:29 | TEMPLOG : WellhouseOne | 057.200
2017-03-26 19:00:29 | TEMPLOG : To   GeoLoop | 059.900
2017-03-26 19:00:30 | TEMPLOG : Table    One | 053.600
2017-03-26 19:01:30 | TEMPLOG : WellhouseOne | 058.100
2017-03-26 19:02:31 | TEMPLOG : WellhouseOne | 057.200
2017-03-26 19:04:33 | TEMPLOG : To   GeoLoop | 059.000
2017-03-26 19:07:38 | TEMPLOG : To   GeoLoop | 059.900
2017-03-26 19:07:38 | TEMPLOG : Table    One | 052.700
2017-03-26 19:08:38 | TEMPLOG : To   GeoLoop | 059.000
2017-03-26 19:12:41 | TEMPLOG : WellhouseOne | 056.300
2017-03-26 19:12:41 | TEMPLOG : To   GeoLoop | 059.900
2017-03-26 19:12:41 | TEMPLOG : Table    One | 053.600
2017-03-26 19:13:42 | TEMPLOG : To   GeoLoop | 059.000
2017-03-26 19:13:42 | TEMPLOG : Table    One | 052.700
2017-03-26 19:17:45 | TEMPLOG : WellhouseOne | 104.900
2017-03-26 19:18:46 | TEMPLOG : WellhouseOne | 121.100
2017-03-26 19:19:47 | TEMPLOG : WellhouseOne | 090.500
2017-03-26 19:20:48 | TEMPLOG : WellhouseOne | 080.600
2017-03-26 19:21:49 | TEMPLOG : WellhouseOne | 075.200
2017-03-26 19:22:49 | TEMPLOG : WellhouseOne | 072.500
2017-03-26 19:23:50 | TEMPLOG : WellhouseOne | 068.900
2017-03-26 19:24:52 | TEMPLOG : WellhouseOne | 067.100
2017-03-26 19:25:53 | TEMPLOG : WellhouseOne | 065.300
2017-03-26 19:26:54 | TEMPLOG : WellhouseOne | 064.400
2017-03-26 19:26:55 | TEMPLOG : Table    One | 051.800
2017-03-26 19:27:55 | TEMPLOG : WellhouseOne | 063.500
2017-03-26 19:28:55 | TEMPLOG : WellhouseOne | 062.600
2017-03-26 19:29:56 | TEMPLOG : WellhouseOne | 061.700
2017-03-26 19:30:57 | TEMPLOG : WellhouseOne | 060.800
2017-03-26 19:31:58 | TEMPLOG : Table    One | 050.900
2017-03-26 19:32:59 | TEMPLOG : WellhouseOne | 059.900
2017-03-26 19:34:00 | TEMPLOG : To   GeoLoop | 058.100
2017-03-26 19:35:01 | TEMPLOG : WellhouseOne | 059.000
2017-03-26 19:35:01 | TEMPLOG : To   GeoLoop | 059.000
2017-03-26 19:36:03 | TEMPLOG : To   GeoLoop | 058.100
2017-03-26 19:40:07 | TEMPLOG : Table    One | 050.000
2017-03-26 19:41:08 | TEMPLOG : Table    One | 050.900
2017-03-26 19:42:08 | TEMPLOG : WellhouseOne | 058.100
2017-03-26 19:43:10 | TEMPLOG : Table    One | 050.000
2017-03-26 19:47:13 | TEMPLOG : WellhouseOne | 057.200
2017-03-26 19:52:19 | TEMPLOG : WellhouseOne | 056.300
2017-03-26 19:56:23 | TEMPLOG : Table    One | 049.100
2017-03-26 19:57:23 | TEMPLOG : Table    One | 050.000
2017-03-26 19:58:23 | TEMPLOG : WellhouseOne | 055.400
2017-03-26 19:58:24 | TEMPLOG : Table    One | 049.100
2017-03-26 19:59:25 | TEMPLOG : Table    One | 050.000
2017-03-26 20:00:25 | TEMPLOG : WellhouseOne | 055.400
2017-03-26 20:00:25 | TEMPLOG : To   GeoLoop | 058.100
2017-03-26 20:00:26 | TEMPLOG : Table    One | 050.000
2017-03-26 20:01:26 | TEMPLOG : WellhouseOne | 098.600
2017-03-26 20:02:27 | TEMPLOG : WellhouseOne | 127.400
2017-03-26 20:03:28 | TEMPLOG : WellhouseOne | 093.200
2017-03-26 20:04:28 | TEMPLOG : WellhouseOne | 081.500
2017-03-26 20:05:30 | TEMPLOG : WellhouseOne | 075.200
2017-03-26 20:06:31 | TEMPLOG : WellhouseOne | 071.600
2017-03-26 20:07:31 | TEMPLOG : WellhouseOne | 068.900
2017-03-26 20:08:32 | TEMPLOG : WellhouseOne | 066.200
2017-03-26 20:09:33 | TEMPLOG : WellhouseOne | 064.400
2017-03-26 20:10:34 | TEMPLOG : WellhouseOne | 063.500
2017-03-26 20:11:35 | TEMPLOG : WellhouseOne | 062.600
2017-03-26 20:12:36 | TEMPLOG : WellhouseOne | 061.700
2017-03-26 20:14:38 | TEMPLOG : WellhouseOne | 060.800
2017-03-26 20:15:38 | TEMPLOG : WellhouseOne | 059.900
2017-03-26 20:15:39 | TEMPLOG : Table    One | 049.100
2017-03-26 20:18:42 | TEMPLOG : WellhouseOne | 059.000
2017-03-26 20:21:44 | TEMPLOG : WellhouseOne | 058.100
2017-03-26 20:22:45 | TEMPLOG : To   GeoLoop | 057.200
2017-03-26 20:26:49 | TEMPLOG : WellhouseOne | 057.200
2017-03-26 20:27:50 | TEMPLOG : Table    One | 048.200
2017-03-26 20:29:51 | TEMPLOG : WellhouseOne | 056.300
2017-03-26 20:33:54 | TEMPLOG : WellhouseOne | 055.400
2017-03-26 20:42:00 | TEMPLOG : WellhouseOne | 054.500
2017-03-26 20:43:01 | TEMPLOG : WellhouseOne | 074.300
2017-03-26 20:44:01 | TEMPLOG : WellhouseOne | 121.100
2017-03-26 20:45:03 | TEMPLOG : WellhouseOne | 098.600
2017-03-26 20:46:03 | TEMPLOG : WellhouseOne | 083.300
2017-03-26 20:47:04 | TEMPLOG : WellhouseOne | 077.000
2017-03-26 20:48:04 | TEMPLOG : WellhouseOne | 072.500
2017-03-26 20:49:05 | TEMPLOG : WellhouseOne | 068.900
2017-03-26 20:50:06 | TEMPLOG : WellhouseOne | 066.200
2017-03-26 20:51:07 | TEMPLOG : WellhouseOne | 064.400
2017-03-26 20:52:09 | TEMPLOG : WellhouseOne | 063.500
2017-03-26 20:53:10 | TEMPLOG : WellhouseOne | 061.700
2017-03-26 20:54:11 | TEMPLOG : WellhouseOne | 060.800
2017-03-26 20:56:14 | TEMPLOG : WellhouseOne | 059.900
2017-03-26 20:58:16 | TEMPLOG : WellhouseOne | 059.000
2017-03-26 21:00:18 | TEMPLOG : WellhouseOne | 059.000
2017-03-26 21:00:18 | TEMPLOG : To   GeoLoop | 057.200
2017-03-26 21:00:18 | TEMPLOG : Table    One | 048.200
2017-03-26 21:01:18 | TEMPLOG : WellhouseOne | 058.100
2017-03-26 21:03:20 | TEMPLOG : Table    One | 047.300
2017-03-26 21:04:21 | TEMPLOG : WellhouseOne | 057.200
2017-03-26 21:08:25 | TEMPLOG : WellhouseOne | 056.300
2017-03-26 21:12:29 | TEMPLOG : WellhouseOne | 055.400
2017-03-26 21:13:30 | TEMPLOG : Table    One | 048.200
2017-03-26 21:14:31 | TEMPLOG : Table    One | 047.300
2017-03-26 21:17:33 | TEMPLOG : To   GeoLoop | 056.300
2017-03-26 21:19:35 | TEMPLOG : WellhouseOne | 054.500
2017-03-26 21:23:39 | TEMPLOG : WellhouseOne | 105.800
2017-03-26 21:24:40 | TEMPLOG : WellhouseOne | 127.400
2017-03-26 21:25:42 | TEMPLOG : WellhouseOne | 091.400
2017-03-26 21:26:42 | TEMPLOG : WellhouseOne | 080.600
2017-03-26 21:27:43 | TEMPLOG : WellhouseOne | 074.300
2017-03-26 21:27:43 | TEMPLOG : Table    One | 046.400
2017-03-26 21:28:44 | TEMPLOG : WellhouseOne | 069.800
2017-03-26 21:29:44 | TEMPLOG : WellhouseOne | 067.100
2017-03-26 21:30:45 | TEMPLOG : WellhouseOne | 065.300
2017-03-26 21:31:46 | TEMPLOG : WellhouseOne | 063.500
2017-03-26 21:32:47 | TEMPLOG : WellhouseOne | 061.700
2017-03-26 21:33:48 | TEMPLOG : WellhouseOne | 060.800
2017-03-26 21:35:49 | TEMPLOG : WellhouseOne | 059.900
2017-03-26 21:36:50 | TEMPLOG : WellhouseOne | 059.000
2017-03-26 21:39:53 | TEMPLOG : WellhouseOne | 058.100
2017-03-26 21:41:56 | TEMPLOG : WellhouseOne | 057.200
2017-03-26 21:46:01 | TEMPLOG : WellhouseOne | 056.300
2017-03-26 21:50:04 | TEMPLOG : WellhouseOne | 055.400
2017-03-26 21:55:08 | TEMPLOG : WellhouseOne | 054.500
2017-03-26 21:59:12 | TEMPLOG : WellhouseOne | 053.600
2017-03-26 22:00:13 | TEMPLOG : WellhouseOne | 053.600
2017-03-26 22:00:13 | TEMPLOG : To   GeoLoop | 056.300
2017-03-26 22:00:13 | TEMPLOG : Table    One | 046.400
2017-03-26 22:02:15 | TEMPLOG : WellhouseOne | 106.700
2017-03-26 22:03:16 | TEMPLOG : WellhouseOne | 128.300
2017-03-26 22:04:17 | TEMPLOG : WellhouseOne | 091.400
2017-03-26 22:05:19 | TEMPLOG : WellhouseOne | 079.700
2017-03-26 22:06:20 | TEMPLOG : WellhouseOne | 073.400
2017-03-26 22:07:22 | TEMPLOG : WellhouseOne | 069.800
2017-03-26 22:08:23 | TEMPLOG : WellhouseOne | 066.200
2017-03-26 22:09:25 | TEMPLOG : WellhouseOne | 063.500
2017-03-26 22:10:25 | TEMPLOG : WellhouseOne | 062.600
2017-03-26 22:11:27 | TEMPLOG : WellhouseOne | 060.800
2017-03-26 22:12:27 | TEMPLOG : WellhouseOne | 059.900
2017-03-26 22:13:28 | TEMPLOG : WellhouseOne | 059.000
2017-03-26 22:13:28 | TEMPLOG : Table    One | 047.300
2017-03-26 22:14:29 | TEMPLOG : WellhouseOne | 058.100
2017-03-26 22:16:30 | TEMPLOG : WellhouseOne | 057.200
2017-03-26 22:18:32 | TEMPLOG : WellhouseOne | 056.300
2017-03-26 22:21:35 | TEMPLOG : WellhouseOne | 055.400
2017-03-26 22:24:37 | TEMPLOG : WellhouseOne | 054.500
2017-03-26 22:28:40 | TEMPLOG : WellhouseOne | 053.600
2017-03-26 22:33:44 | TEMPLOG : WellhouseOne | 052.700
2017-03-26 22:39:48 | TEMPLOG : WellhouseOne | 111.200
2017-03-26 22:40:51 | TEMPLOG : WellhouseOne | 118.400
2017-03-26 22:41:52 | TEMPLOG : WellhouseOne | 086.000
2017-03-26 22:42:53 | TEMPLOG : WellhouseOne | 077.000
2017-03-26 22:43:53 | TEMPLOG : WellhouseOne | 071.600
2017-03-26 22:44:54 | TEMPLOG : WellhouseOne | 069.800
2017-03-26 22:45:55 | TEMPLOG : WellhouseOne | 067.100
2017-03-26 22:46:56 | TEMPLOG : WellhouseOne | 064.400
2017-03-26 22:47:57 | TEMPLOG : WellhouseOne | 062.600
2017-03-26 22:48:58 | TEMPLOG : WellhouseOne | 061.700
2017-03-26 22:49:59 | TEMPLOG : WellhouseOne | 060.800
2017-03-26 22:51:00 | TEMPLOG : WellhouseOne | 059.900
2017-03-26 22:51:00 | TEMPLOG : Table    One | 046.400
2017-03-26 22:52:00 | TEMPLOG : WellhouseOne | 059.000
2017-03-26 22:53:02 | TEMPLOG : WellhouseOne | 058.100
2017-03-26 22:55:04 | TEMPLOG : WellhouseOne | 057.200
2017-03-26 22:55:04 | TEMPLOG : To   GeoLoop | 055.400
2017-03-26 22:56:05 | TEMPLOG : To   GeoLoop | 056.300
2017-03-26 22:57:05 | TEMPLOG : WellhouseOne | 056.300
2017-03-26 22:57:05 | TEMPLOG : To   GeoLoop | 055.400
2017-03-26 23:00:08 | TEMPLOG : WellhouseOne | 055.400
2017-03-26 23:00:08 | TEMPLOG : To   GeoLoop | 055.400
2017-03-26 23:00:08 | TEMPLOG : Table    One | 046.400
2017-03-26 23:04:13 | TEMPLOG : WellhouseOne | 054.500
2017-03-26 23:05:15 | TEMPLOG : Table    One | 045.500
2017-03-26 23:09:19 | TEMPLOG : WellhouseOne | 053.600
2017-03-26 23:15:26 | TEMPLOG : WellhouseOne | 052.700
2017-03-26 23:16:26 | TEMPLOG : WellhouseOne | 107.600
2017-03-26 23:17:27 | TEMPLOG : WellhouseOne | 127.400
2017-03-26 23:18:29 | TEMPLOG : WellhouseOne | 087.800
2017-03-26 23:19:30 | TEMPLOG : WellhouseOne | 077.900
2017-03-26 23:20:30 | TEMPLOG : WellhouseOne | 072.500
2017-03-26 23:21:31 | TEMPLOG : WellhouseOne | 068.900
2017-03-26 23:22:32 | TEMPLOG : WellhouseOne | 065.300
2017-03-26 23:23:33 | TEMPLOG : WellhouseOne | 063.500
2017-03-26 23:24:34 | TEMPLOG : WellhouseOne | 061.700
2017-03-26 23:25:36 | TEMPLOG : WellhouseOne | 060.800
2017-03-26 23:26:36 | TEMPLOG : WellhouseOne | 059.900
2017-03-26 23:26:37 | TEMPLOG : Table    One | 044.600
2017-03-26 23:27:37 | TEMPLOG : WellhouseOne | 059.000
2017-03-26 23:28:38 | TEMPLOG : WellhouseOne | 058.100
2017-03-26 23:30:40 | TEMPLOG : WellhouseOne | 057.200
2017-03-26 23:32:41 | TEMPLOG : WellhouseOne | 056.300
2017-03-26 23:36:44 | TEMPLOG : WellhouseOne | 055.400
2017-03-26 23:39:48 | TEMPLOG : WellhouseOne | 054.500
2017-03-26 23:43:51 | TEMPLOG : WellhouseOne | 053.600
2017-03-26 23:43:51 | TEMPLOG : To   GeoLoop | 054.500
2017-03-26 23:46:54 | TEMPLOG : To   GeoLoop | 055.400
2017-03-26 23:47:54 | TEMPLOG : WellhouseOne | 052.700
2017-03-26 23:48:55 | TEMPLOG : To   GeoLoop | 054.500
2017-03-26 23:51:57 | TEMPLOG : WellhouseOne | 056.300
2017-03-26 23:52:58 | TEMPLOG : WellhouseOne | 116.600
2017-03-26 23:53:59 | TEMPLOG : WellhouseOne | 118.400
2017-03-26 23:54:59 | TEMPLOG : WellhouseOne | 087.800
2017-03-26 23:56:01 | TEMPLOG : WellhouseOne | 077.900
2017-03-26 23:57:01 | TEMPLOG : WellhouseOne | 071.600
2017-03-26 23:58:03 | TEMPLOG : WellhouseOne | 068.000
2017-03-26 23:59:03 | TEMPLOG : WellhouseOne | 065.300
