2017-01-03 00:00:19 | TEMPLOG : WellhouseOne | 084.200
2017-01-03 00:00:19 | TEMPLOG : Bio   Filter | 029.300
2017-01-03 00:00:19 | TEMPLOG : To   GeoLoop | 041.000
2017-01-03 00:00:20 | TEMPLOG : Table    One | 028.400
2017-01-03 00:01:20 | TEMPLOG : WellhouseOne | 073.400
2017-01-03 00:02:21 | TEMPLOG : WellhouseOne | 066.200
2017-01-03 00:03:23 | TEMPLOG : WellhouseOne | 060.800
2017-01-03 00:04:24 | TEMPLOG : WellhouseOne | 056.300
2017-01-03 00:05:26 | TEMPLOG : WellhouseOne | 050.900
2017-01-03 00:06:27 | TEMPLOG : WellhouseOne | 050.000
2017-01-03 00:07:28 | TEMPLOG : WellhouseOne | 046.400
2017-01-03 00:09:30 | TEMPLOG : WellhouseOne | 044.600
2017-01-03 00:10:31 | TEMPLOG : WellhouseOne | 043.700
2017-01-03 00:10:31 | TEMPLOG : Bio   Filter | 028.400
2017-01-03 00:11:32 | TEMPLOG : WellhouseOne | 042.800
2017-01-03 00:13:34 | TEMPLOG : WellhouseOne | 041.000
2017-01-03 00:14:35 | TEMPLOG : WellhouseOne | 040.100
2017-01-03 00:15:36 | TEMPLOG : Bio   Filter | 029.300
2017-01-03 00:16:37 | TEMPLOG : WellhouseOne | 039.200
2017-01-03 00:17:39 | TEMPLOG : WellhouseOne | 038.300
2017-01-03 00:18:40 | TEMPLOG : WellhouseOne | 036.500
2017-01-03 00:20:42 | TEMPLOG : WellhouseOne | 087.800
2017-01-03 00:21:43 | TEMPLOG : WellhouseOne | 112.100
2017-01-03 00:21:43 | TEMPLOG : Bio   Filter | 028.400
2017-01-03 00:22:44 | TEMPLOG : WellhouseOne | 122.900
2017-01-03 00:23:45 | TEMPLOG : WellhouseOne | 127.400
2017-01-03 00:24:46 | TEMPLOG : WellhouseOne | 130.100
2017-01-03 00:25:48 | TEMPLOG : WellhouseOne | 131.900
2017-01-03 00:26:49 | TEMPLOG : WellhouseOne | 134.600
2017-01-03 00:27:50 | TEMPLOG : WellhouseOne | 111.200
2017-01-03 00:28:51 | TEMPLOG : WellhouseOne | 089.600
2017-01-03 00:29:52 | TEMPLOG : WellhouseOne | 074.300
2017-01-03 00:30:55 | TEMPLOG : WellhouseOne | 066.200
2017-01-03 00:30:55 | TEMPLOG : To   GeoLoop | 040.100
2017-01-03 00:31:55 | TEMPLOG : WellhouseOne | 059.000
2017-01-03 00:32:57 | TEMPLOG : WellhouseOne | 055.400
2017-01-03 00:32:58 | TEMPLOG : To   GeoLoop | 041.000
2017-01-03 00:33:58 | TEMPLOG : WellhouseOne | 052.700
2017-01-03 00:35:00 | TEMPLOG : WellhouseOne | 050.900
2017-01-03 00:35:01 | TEMPLOG : To   GeoLoop | 040.100
2017-01-03 00:36:02 | TEMPLOG : WellhouseOne | 048.200
2017-01-03 00:36:02 | TEMPLOG : To   GeoLoop | 041.000
2017-01-03 00:37:03 | TEMPLOG : WellhouseOne | 044.600
2017-01-03 00:38:05 | TEMPLOG : WellhouseOne | 045.500
2017-01-03 00:39:06 | TEMPLOG : WellhouseOne | 042.800
2017-01-03 00:40:06 | TEMPLOG : WellhouseOne | 041.000
2017-01-03 00:40:07 | TEMPLOG : To   GeoLoop | 040.100
2017-01-03 00:41:07 | TEMPLOG : WellhouseOne | 040.100
2017-01-03 00:42:09 | TEMPLOG : Bio   Filter | 029.300
2017-01-03 00:43:10 | TEMPLOG : WellhouseOne | 039.200
2017-01-03 00:43:10 | TEMPLOG : Bio   Filter | 028.400
2017-01-03 00:44:11 | TEMPLOG : WellhouseOne | 038.300
2017-01-03 00:45:12 | TEMPLOG : WellhouseOne | 037.400
2017-01-03 00:46:14 | TEMPLOG : WellhouseOne | 036.500
2017-01-03 00:47:15 | TEMPLOG : WellhouseOne | 035.600
2017-01-03 00:49:19 | TEMPLOG : WellhouseOne | 086.000
2017-01-03 00:50:20 | TEMPLOG : WellhouseOne | 108.500
2017-01-03 00:51:22 | TEMPLOG : WellhouseOne | 117.500
2017-01-03 00:52:22 | TEMPLOG : WellhouseOne | 122.900
2017-01-03 00:53:24 | TEMPLOG : WellhouseOne | 127.400
2017-01-03 00:54:26 | TEMPLOG : WellhouseOne | 131.000
2017-01-03 00:55:28 | TEMPLOG : WellhouseOne | 131.900
2017-01-03 00:56:29 | TEMPLOG : WellhouseOne | 133.700
2017-01-03 00:57:30 | TEMPLOG : WellhouseOne | 136.400
2017-01-03 00:58:32 | TEMPLOG : WellhouseOne | 110.300
2017-01-03 00:59:33 | TEMPLOG : WellhouseOne | 085.100
2017-01-03 01:00:35 | TEMPLOG : WellhouseOne | 072.500
2017-01-03 01:00:35 | TEMPLOG : Bio   Filter | 028.400
2017-01-03 01:00:36 | TEMPLOG : To   GeoLoop | 040.100
2017-01-03 01:00:36 | TEMPLOG : Table    One | 028.400
2017-01-03 01:01:36 | TEMPLOG : WellhouseOne | 065.300
2017-01-03 01:02:38 | TEMPLOG : WellhouseOne | 059.000
2017-01-03 01:03:39 | TEMPLOG : WellhouseOne | 055.400
2017-01-03 01:04:39 | TEMPLOG : WellhouseOne | 052.700
2017-01-03 01:05:40 | TEMPLOG : WellhouseOne | 050.900
2017-01-03 01:06:41 | TEMPLOG : WellhouseOne | 049.100
2017-01-03 01:07:43 | TEMPLOG : WellhouseOne | 048.200
2017-01-03 01:08:44 | TEMPLOG : WellhouseOne | 046.400
2017-01-03 01:09:45 | TEMPLOG : WellhouseOne | 045.500
2017-01-03 01:10:46 | TEMPLOG : WellhouseOne | 044.600
2017-01-03 01:12:48 | TEMPLOG : WellhouseOne | 043.700
2017-01-03 01:13:49 | TEMPLOG : WellhouseOne | 042.800
2017-01-03 01:14:51 | TEMPLOG : WellhouseOne | 041.900
2017-01-03 01:16:53 | TEMPLOG : WellhouseOne | 041.000
2017-01-03 01:17:55 | TEMPLOG : Bio   Filter | 029.300
2017-01-03 01:18:55 | TEMPLOG : WellhouseOne | 060.800
2017-01-03 01:18:55 | TEMPLOG : Bio   Filter | 028.400
2017-01-03 01:19:56 | TEMPLOG : WellhouseOne | 104.900
2017-01-03 01:20:57 | TEMPLOG : WellhouseOne | 116.600
2017-01-03 01:21:58 | TEMPLOG : WellhouseOne | 122.000
2017-01-03 01:22:59 | TEMPLOG : WellhouseOne | 126.500
2017-01-03 01:24:00 | TEMPLOG : WellhouseOne | 130.100
2017-01-03 01:25:03 | TEMPLOG : WellhouseOne | 131.900
2017-01-03 01:26:04 | TEMPLOG : WellhouseOne | 133.700
2017-01-03 01:27:05 | TEMPLOG : WellhouseOne | 135.500
2017-01-03 01:28:06 | TEMPLOG : WellhouseOne | 137.300
2017-01-03 01:29:07 | TEMPLOG : WellhouseOne | 105.800
2017-01-03 01:29:07 | TEMPLOG : Bio   Filter | 029.300
2017-01-03 01:30:09 | TEMPLOG : WellhouseOne | 087.800
2017-01-03 01:30:09 | TEMPLOG : Bio   Filter | 028.400
2017-01-03 01:31:10 | TEMPLOG : WellhouseOne | 075.200
2017-01-03 01:31:10 | TEMPLOG : Bio   Filter | 029.300
2017-01-03 01:32:11 | TEMPLOG : WellhouseOne | 067.100
2017-01-03 01:33:12 | TEMPLOG : WellhouseOne | 060.800
2017-01-03 01:34:14 | TEMPLOG : WellhouseOne | 057.200
2017-01-03 01:34:14 | TEMPLOG : Bio   Filter | 028.400
2017-01-03 01:35:15 | TEMPLOG : WellhouseOne | 053.600
2017-01-03 01:35:16 | TEMPLOG : Bio   Filter | 029.300
2017-01-03 01:36:18 | TEMPLOG : WellhouseOne | 052.700
2017-01-03 01:37:20 | TEMPLOG : WellhouseOne | 050.900
2017-01-03 01:38:21 | TEMPLOG : WellhouseOne | 049.100
2017-01-03 01:39:21 | TEMPLOG : WellhouseOne | 048.200
2017-01-03 01:40:22 | TEMPLOG : WellhouseOne | 047.300
2017-01-03 01:41:23 | TEMPLOG : WellhouseOne | 046.400
2017-01-03 01:42:24 | TEMPLOG : WellhouseOne | 045.500
2017-01-03 01:43:25 | TEMPLOG : WellhouseOne | 043.700
2017-01-03 01:44:26 | TEMPLOG : WellhouseOne | 044.600
2017-01-03 01:45:28 | TEMPLOG : WellhouseOne | 043.700
2017-01-03 01:45:29 | TEMPLOG : Bio   Filter | 028.400
2017-01-03 01:46:31 | TEMPLOG : WellhouseOne | 042.800
2017-01-03 01:46:31 | TEMPLOG : Bio   Filter | 029.300
2017-01-03 01:47:33 | TEMPLOG : WellhouseOne | 041.900
2017-01-03 01:49:36 | TEMPLOG : WellhouseOne | 056.300
2017-01-03 01:50:38 | TEMPLOG : WellhouseOne | 104.900
2017-01-03 01:51:39 | TEMPLOG : WellhouseOne | 117.500
2017-01-03 01:52:40 | TEMPLOG : WellhouseOne | 123.800
2017-01-03 01:53:42 | TEMPLOG : WellhouseOne | 128.300
2017-01-03 01:54:43 | TEMPLOG : WellhouseOne | 131.900
2017-01-03 01:55:44 | TEMPLOG : WellhouseOne | 133.700
2017-01-03 01:56:46 | TEMPLOG : WellhouseOne | 134.600
2017-01-03 01:57:47 | TEMPLOG : WellhouseOne | 136.400
2017-01-03 01:58:49 | TEMPLOG : WellhouseOne | 123.800
2017-01-03 01:59:51 | TEMPLOG : WellhouseOne | 094.100
2017-01-03 02:00:53 | TEMPLOG : WellhouseOne | 080.600
2017-01-03 02:00:53 | TEMPLOG : Bio   Filter | 029.300
2017-01-03 02:00:54 | TEMPLOG : To   GeoLoop | 040.100
2017-01-03 02:00:54 | TEMPLOG : Table    One | 028.400
2017-01-03 02:01:54 | TEMPLOG : WellhouseOne | 070.700
2017-01-03 02:02:55 | TEMPLOG : WellhouseOne | 065.300
2017-01-03 02:03:56 | TEMPLOG : WellhouseOne | 060.800
2017-01-03 02:04:57 | TEMPLOG : WellhouseOne | 057.200
2017-01-03 02:05:59 | TEMPLOG : WellhouseOne | 054.500
2017-01-03 02:07:00 | TEMPLOG : WellhouseOne | 052.700
2017-01-03 02:08:01 | TEMPLOG : WellhouseOne | 050.900
2017-01-03 02:09:03 | TEMPLOG : WellhouseOne | 049.100
2017-01-03 02:10:05 | TEMPLOG : WellhouseOne | 048.200
2017-01-03 02:11:07 | TEMPLOG : WellhouseOne | 047.300
2017-01-03 02:12:09 | TEMPLOG : WellhouseOne | 046.400
2017-01-03 02:13:11 | TEMPLOG : WellhouseOne | 045.500
2017-01-03 02:14:12 | TEMPLOG : WellhouseOne | 044.600
2017-01-03 02:16:15 | TEMPLOG : WellhouseOne | 043.700
2017-01-03 02:19:20 | TEMPLOG : WellhouseOne | 042.800
2017-01-03 02:20:20 | TEMPLOG : WellhouseOne | 086.000
2017-01-03 02:21:21 | TEMPLOG : WellhouseOne | 112.100
2017-01-03 02:22:23 | TEMPLOG : WellhouseOne | 125.600
2017-01-03 02:23:25 | TEMPLOG : WellhouseOne | 131.000
2017-01-03 02:24:26 | TEMPLOG : WellhouseOne | 109.400
2017-01-03 02:25:28 | TEMPLOG : WellhouseOne | 082.400
2017-01-03 02:26:30 | TEMPLOG : WellhouseOne | 069.800
2017-01-03 02:27:31 | TEMPLOG : WellhouseOne | 062.600
2017-01-03 02:28:32 | TEMPLOG : WellhouseOne | 058.100
2017-01-03 02:29:33 | TEMPLOG : WellhouseOne | 055.400
2017-01-03 02:30:35 | TEMPLOG : WellhouseOne | 053.600
2017-01-03 02:31:36 | TEMPLOG : WellhouseOne | 051.800
2017-01-03 02:32:38 | TEMPLOG : WellhouseOne | 050.000
2017-01-03 02:33:40 | TEMPLOG : WellhouseOne | 048.200
2017-01-03 02:33:40 | TEMPLOG : Bio   Filter | 028.400
2017-01-03 02:34:40 | TEMPLOG : WellhouseOne | 047.300
2017-01-03 02:35:42 | TEMPLOG : WellhouseOne | 046.400
2017-01-03 02:36:43 | TEMPLOG : WellhouseOne | 045.500
2017-01-03 02:37:44 | TEMPLOG : WellhouseOne | 044.600
2017-01-03 02:38:45 | TEMPLOG : Bio   Filter | 029.300
2017-01-03 02:39:46 | TEMPLOG : WellhouseOne | 043.700
2017-01-03 02:39:46 | TEMPLOG : Bio   Filter | 028.400
2017-01-03 02:40:47 | TEMPLOG : WellhouseOne | 042.800
2017-01-03 02:40:47 | TEMPLOG : Bio   Filter | 029.300
2017-01-03 02:41:48 | TEMPLOG : Bio   Filter | 028.400
2017-01-03 02:42:50 | TEMPLOG : Bio   Filter | 029.300
2017-01-03 02:43:51 | TEMPLOG : WellhouseOne | 041.900
2017-01-03 02:45:54 | TEMPLOG : WellhouseOne | 084.200
2017-01-03 02:46:56 | TEMPLOG : WellhouseOne | 111.200
2017-01-03 02:47:57 | TEMPLOG : WellhouseOne | 122.900
2017-01-03 02:48:58 | TEMPLOG : WellhouseOne | 128.300
2017-01-03 02:49:59 | TEMPLOG : WellhouseOne | 132.800
2017-01-03 02:51:01 | TEMPLOG : WellhouseOne | 135.500
2017-01-03 02:52:02 | TEMPLOG : WellhouseOne | 137.300
2017-01-03 02:53:03 | TEMPLOG : WellhouseOne | 099.500
2017-01-03 02:54:05 | TEMPLOG : WellhouseOne | 082.400
2017-01-03 02:55:07 | TEMPLOG : WellhouseOne | 072.500
2017-01-03 02:56:09 | TEMPLOG : WellhouseOne | 065.300
2017-01-03 02:57:11 | TEMPLOG : WellhouseOne | 060.800
2017-01-03 02:58:12 | TEMPLOG : WellhouseOne | 057.200
2017-01-03 02:59:13 | TEMPLOG : WellhouseOne | 054.500
2017-01-03 03:00:14 | TEMPLOG : WellhouseOne | 052.700
2017-01-03 03:00:15 | TEMPLOG : Bio   Filter | 029.300
2017-01-03 03:00:15 | TEMPLOG : To   GeoLoop | 040.100
2017-01-03 03:00:15 | TEMPLOG : Table    One | 028.400
2017-01-03 03:01:16 | TEMPLOG : WellhouseOne | 050.900
2017-01-03 03:02:17 | TEMPLOG : WellhouseOne | 050.000
2017-01-03 03:03:18 | TEMPLOG : WellhouseOne | 048.200
2017-01-03 03:04:19 | TEMPLOG : WellhouseOne | 047.300
2017-01-03 03:05:21 | TEMPLOG : WellhouseOne | 046.400
2017-01-03 03:06:21 | TEMPLOG : WellhouseOne | 045.500
2017-01-03 03:07:23 | TEMPLOG : WellhouseOne | 044.600
2017-01-03 03:09:26 | TEMPLOG : WellhouseOne | 043.700
2017-01-03 03:11:29 | TEMPLOG : WellhouseOne | 042.800
2017-01-03 03:13:32 | TEMPLOG : To   GeoLoop | 039.200
2017-01-03 03:14:32 | TEMPLOG : WellhouseOne | 077.900
2017-01-03 03:15:35 | TEMPLOG : WellhouseOne | 111.200
2017-01-03 03:15:35 | TEMPLOG : To   GeoLoop | 040.100
2017-01-03 03:16:36 | TEMPLOG : WellhouseOne | 122.900
2017-01-03 03:17:37 | TEMPLOG : WellhouseOne | 131.000
2017-01-03 03:18:37 | TEMPLOG : WellhouseOne | 134.600
2017-01-03 03:19:38 | TEMPLOG : WellhouseOne | 102.200
2017-01-03 03:20:39 | TEMPLOG : WellhouseOne | 082.400
2017-01-03 03:21:41 | TEMPLOG : WellhouseOne | 072.500
2017-01-03 03:21:42 | TEMPLOG : To   GeoLoop | 039.200
2017-01-03 03:22:42 | TEMPLOG : WellhouseOne | 066.200
2017-01-03 03:22:43 | TEMPLOG : To   GeoLoop | 040.100
2017-01-03 03:23:43 | TEMPLOG : WellhouseOne | 059.900
2017-01-03 03:24:45 | TEMPLOG : WellhouseOne | 058.100
2017-01-03 03:25:46 | TEMPLOG : WellhouseOne | 053.600
2017-01-03 03:26:48 | TEMPLOG : WellhouseOne | 052.700
2017-01-03 03:27:50 | TEMPLOG : WellhouseOne | 050.900
2017-01-03 03:27:50 | TEMPLOG : To   GeoLoop | 039.200
2017-01-03 03:28:51 | TEMPLOG : WellhouseOne | 049.100
2017-01-03 03:29:52 | TEMPLOG : WellhouseOne | 048.200
2017-01-03 03:29:52 | TEMPLOG : To   GeoLoop | 040.100
2017-01-03 03:30:53 | TEMPLOG : WellhouseOne | 046.400
2017-01-03 03:30:53 | TEMPLOG : To   GeoLoop | 039.200
2017-01-03 03:32:55 | TEMPLOG : WellhouseOne | 045.500
2017-01-03 03:33:56 | TEMPLOG : WellhouseOne | 044.600
2017-01-03 03:34:59 | TEMPLOG : Bio   Filter | 028.400
2017-01-03 03:35:59 | TEMPLOG : WellhouseOne | 043.700
2017-01-03 03:35:59 | TEMPLOG : Bio   Filter | 029.300
2017-01-03 03:37:01 | TEMPLOG : Bio   Filter | 028.400
2017-01-03 03:38:02 | TEMPLOG : WellhouseOne | 042.800
2017-01-03 03:38:02 | TEMPLOG : Bio   Filter | 029.300
2017-01-03 03:40:05 | TEMPLOG : WellhouseOne | 041.900
2017-01-03 03:40:05 | TEMPLOG : Bio   Filter | 028.400
2017-01-03 03:41:07 | TEMPLOG : WellhouseOne | 076.100
2017-01-03 03:41:07 | TEMPLOG : Bio   Filter | 029.300
2017-01-03 03:42:08 | TEMPLOG : WellhouseOne | 111.200
2017-01-03 03:43:09 | TEMPLOG : WellhouseOne | 123.800
2017-01-03 03:44:10 | TEMPLOG : WellhouseOne | 130.100
2017-01-03 03:44:10 | TEMPLOG : Bio   Filter | 028.400
2017-01-03 03:45:11 | TEMPLOG : WellhouseOne | 133.700
2017-01-03 03:46:12 | TEMPLOG : WellhouseOne | 101.300
2017-01-03 03:47:13 | TEMPLOG : WellhouseOne | 081.500
2017-01-03 03:48:14 | TEMPLOG : WellhouseOne | 074.300
2017-01-03 03:49:15 | TEMPLOG : WellhouseOne | 065.300
2017-01-03 03:50:17 | TEMPLOG : WellhouseOne | 060.800
2017-01-03 03:51:19 | TEMPLOG : WellhouseOne | 056.300
2017-01-03 03:52:20 | TEMPLOG : WellhouseOne | 054.500
2017-01-03 03:53:22 | TEMPLOG : WellhouseOne | 051.800
2017-01-03 03:54:23 | TEMPLOG : WellhouseOne | 050.000
2017-01-03 03:55:24 | TEMPLOG : WellhouseOne | 048.200
2017-01-03 03:56:25 | TEMPLOG : WellhouseOne | 047.300
2017-01-03 03:56:25 | TEMPLOG : Bio   Filter | 029.300
2017-01-03 03:57:26 | TEMPLOG : WellhouseOne | 046.400
2017-01-03 03:57:27 | TEMPLOG : Bio   Filter | 028.400
2017-01-03 03:58:27 | TEMPLOG : WellhouseOne | 045.500
2017-01-03 03:59:30 | TEMPLOG : WellhouseOne | 044.600
2017-01-03 04:00:31 | TEMPLOG : WellhouseOne | 044.600
2017-01-03 04:00:31 | TEMPLOG : Bio   Filter | 028.400
2017-01-03 04:00:32 | TEMPLOG : To   GeoLoop | 039.200
2017-01-03 04:00:32 | TEMPLOG : Table    One | 028.400
2017-01-03 04:01:32 | TEMPLOG : WellhouseOne | 043.700
2017-01-03 04:03:35 | TEMPLOG : WellhouseOne | 042.800
2017-01-03 04:05:39 | TEMPLOG : WellhouseOne | 041.900
2017-01-03 04:07:41 | TEMPLOG : WellhouseOne | 091.400
2017-01-03 04:08:42 | TEMPLOG : WellhouseOne | 114.800
2017-01-03 04:09:43 | TEMPLOG : WellhouseOne | 124.700
2017-01-03 04:10:44 | TEMPLOG : WellhouseOne | 130.100
2017-01-03 04:11:47 | TEMPLOG : WellhouseOne | 134.600
2017-01-03 04:12:48 | TEMPLOG : WellhouseOne | 122.900
2017-01-03 04:13:49 | TEMPLOG : WellhouseOne | 089.600
2017-01-03 04:13:50 | TEMPLOG : Bio   Filter | 029.300
2017-01-03 04:14:50 | TEMPLOG : WellhouseOne | 078.800
2017-01-03 04:15:51 | TEMPLOG : WellhouseOne | 069.800
2017-01-03 04:16:52 | TEMPLOG : WellhouseOne | 064.400
2017-01-03 04:17:54 | TEMPLOG : WellhouseOne | 059.900
2017-01-03 04:18:55 | TEMPLOG : WellhouseOne | 057.200
2017-01-03 04:19:57 | TEMPLOG : WellhouseOne | 053.600
2017-01-03 04:20:58 | TEMPLOG : WellhouseOne | 050.900
2017-01-03 04:21:59 | TEMPLOG : WellhouseOne | 049.100
2017-01-03 04:23:00 | TEMPLOG : WellhouseOne | 048.200
2017-01-03 04:24:01 | TEMPLOG : WellhouseOne | 046.400
2017-01-03 04:25:02 | TEMPLOG : WellhouseOne | 045.500
2017-01-03 04:25:02 | TEMPLOG : Bio   Filter | 028.400
2017-01-03 04:27:05 | TEMPLOG : WellhouseOne | 044.600
2017-01-03 04:28:06 | TEMPLOG : WellhouseOne | 043.700
2017-01-03 04:30:08 | TEMPLOG : WellhouseOne | 042.800
2017-01-03 04:32:12 | TEMPLOG : WellhouseOne | 041.900
2017-01-03 04:33:13 | TEMPLOG : WellhouseOne | 041.000
2017-01-03 04:35:15 | TEMPLOG : WellhouseOne | 097.700
2017-01-03 04:36:16 | TEMPLOG : WellhouseOne | 116.600
2017-01-03 04:37:18 | TEMPLOG : WellhouseOne | 124.700
2017-01-03 04:38:19 | TEMPLOG : WellhouseOne | 129.200
2017-01-03 04:39:20 | TEMPLOG : WellhouseOne | 127.400
2017-01-03 04:40:22 | TEMPLOG : WellhouseOne | 088.700
2017-01-03 04:41:23 | TEMPLOG : WellhouseOne | 076.100
2017-01-03 04:41:23 | TEMPLOG : Table    One | 027.500
2017-01-03 04:42:24 | TEMPLOG : WellhouseOne | 068.900
2017-01-03 04:42:24 | TEMPLOG : Table    One | 028.400
2017-01-03 04:43:25 | TEMPLOG : WellhouseOne | 062.600
2017-01-03 04:44:27 | TEMPLOG : WellhouseOne | 059.000
2017-01-03 04:45:28 | TEMPLOG : WellhouseOne | 055.400
2017-01-03 04:46:29 | TEMPLOG : WellhouseOne | 052.700
2017-01-03 04:47:30 | TEMPLOG : WellhouseOne | 050.000
2017-01-03 04:48:31 | TEMPLOG : WellhouseOne | 049.100
2017-01-03 04:49:32 | TEMPLOG : WellhouseOne | 047.300
2017-01-03 04:50:34 | TEMPLOG : WellhouseOne | 046.400
2017-01-03 04:51:35 | TEMPLOG : WellhouseOne | 045.500
2017-01-03 04:52:37 | TEMPLOG : WellhouseOne | 044.600
2017-01-03 04:53:38 | TEMPLOG : WellhouseOne | 043.700
2017-01-03 04:54:39 | TEMPLOG : WellhouseOne | 042.800
2017-01-03 04:57:43 | TEMPLOG : WellhouseOne | 041.900
2017-01-03 04:58:45 | TEMPLOG : WellhouseOne | 041.000
2017-01-03 05:00:47 | TEMPLOG : WellhouseOne | 087.800
2017-01-03 05:00:47 | TEMPLOG : Bio   Filter | 028.400
2017-01-03 05:00:47 | TEMPLOG : To   GeoLoop | 039.200
2017-01-03 05:00:48 | TEMPLOG : Table    One | 028.400
2017-01-03 05:01:48 | TEMPLOG : WellhouseOne | 112.100
2017-01-03 05:02:49 | TEMPLOG : WellhouseOne | 122.900
2017-01-03 05:03:52 | TEMPLOG : WellhouseOne | 129.200
2017-01-03 05:04:53 | TEMPLOG : WellhouseOne | 132.800
2017-01-03 05:05:53 | TEMPLOG : WellhouseOne | 098.600
2017-01-03 05:06:54 | TEMPLOG : WellhouseOne | 081.500
2017-01-03 05:07:55 | TEMPLOG : WellhouseOne | 070.700
2017-01-03 05:07:56 | TEMPLOG : Bio   Filter | 029.300
2017-01-03 05:08:56 | TEMPLOG : WellhouseOne | 065.300
2017-01-03 05:08:57 | TEMPLOG : Bio   Filter | 028.400
2017-01-03 05:09:57 | TEMPLOG : WellhouseOne | 060.800
2017-01-03 05:10:58 | TEMPLOG : WellhouseOne | 057.200
2017-01-03 05:11:59 | TEMPLOG : WellhouseOne | 053.600
2017-01-03 05:13:00 | TEMPLOG : WellhouseOne | 051.800
2017-01-03 05:13:01 | TEMPLOG : Table    One | 027.500
2017-01-03 05:14:01 | TEMPLOG : WellhouseOne | 050.000
2017-01-03 05:15:02 | TEMPLOG : WellhouseOne | 049.100
2017-01-03 05:15:03 | TEMPLOG : Table    One | 028.400
2017-01-03 05:16:03 | TEMPLOG : WellhouseOne | 047.300
2017-01-03 05:16:04 | TEMPLOG : Table    One | 027.500
2017-01-03 05:17:04 | TEMPLOG : WellhouseOne | 046.400
2017-01-03 05:17:05 | TEMPLOG : Table    One | 028.400
2017-01-03 05:18:06 | TEMPLOG : WellhouseOne | 045.500
2017-01-03 05:18:06 | TEMPLOG : Table    One | 027.500
2017-01-03 05:19:07 | TEMPLOG : WellhouseOne | 044.600
2017-01-03 05:20:08 | TEMPLOG : Table    One | 028.400
2017-01-03 05:21:10 | TEMPLOG : Table    One | 027.500
2017-01-03 05:22:10 | TEMPLOG : WellhouseOne | 043.700
2017-01-03 05:22:11 | TEMPLOG : Table    One | 028.400
2017-01-03 05:23:11 | TEMPLOG : WellhouseOne | 042.800
2017-01-03 05:25:13 | TEMPLOG : WellhouseOne | 041.900
2017-01-03 05:27:14 | TEMPLOG : WellhouseOne | 084.200
2017-01-03 05:28:15 | TEMPLOG : WellhouseOne | 112.100
2017-01-03 05:29:16 | TEMPLOG : WellhouseOne | 122.000
2017-01-03 05:30:18 | TEMPLOG : WellhouseOne | 126.500
2017-01-03 05:31:19 | TEMPLOG : WellhouseOne | 131.900
2017-01-03 05:31:20 | TEMPLOG : Table    One | 027.500
2017-01-03 05:32:20 | TEMPLOG : WellhouseOne | 117.500
2017-01-03 05:33:21 | TEMPLOG : WellhouseOne | 086.900
2017-01-03 05:34:22 | TEMPLOG : WellhouseOne | 075.200
2017-01-03 05:35:23 | TEMPLOG : WellhouseOne | 068.000
2017-01-03 05:36:24 | TEMPLOG : WellhouseOne | 062.600
2017-01-03 05:37:25 | TEMPLOG : WellhouseOne | 059.000
2017-01-03 05:38:27 | TEMPLOG : WellhouseOne | 056.300
2017-01-03 05:38:27 | TEMPLOG : Table    One | 028.400
2017-01-03 05:39:28 | TEMPLOG : WellhouseOne | 052.700
2017-01-03 05:39:29 | TEMPLOG : Table    One | 027.500
2017-01-03 05:40:30 | TEMPLOG : WellhouseOne | 051.800
2017-01-03 05:41:31 | TEMPLOG : WellhouseOne | 050.000
2017-01-03 05:42:32 | TEMPLOG : WellhouseOne | 049.100
2017-01-03 05:43:33 | TEMPLOG : WellhouseOne | 047.300
2017-01-03 05:44:34 | TEMPLOG : WellhouseOne | 046.400
2017-01-03 05:45:35 | TEMPLOG : WellhouseOne | 045.500
2017-01-03 05:46:35 | TEMPLOG : WellhouseOne | 044.600
2017-01-03 05:47:39 | TEMPLOG : Table    One | 028.400
2017-01-03 05:48:39 | TEMPLOG : WellhouseOne | 043.700
2017-01-03 05:48:40 | TEMPLOG : Table    One | 027.500
2017-01-03 05:49:40 | TEMPLOG : WellhouseOne | 042.800
2017-01-03 05:51:42 | TEMPLOG : WellhouseOne | 041.900
2017-01-03 05:53:44 | TEMPLOG : WellhouseOne | 044.600
2017-01-03 05:54:46 | TEMPLOG : WellhouseOne | 099.500
2017-01-03 05:55:47 | TEMPLOG : WellhouseOne | 113.000
2017-01-03 05:56:49 | TEMPLOG : WellhouseOne | 126.500
2017-01-03 05:57:51 | TEMPLOG : WellhouseOne | 131.900
2017-01-03 05:58:53 | TEMPLOG : Table    One | 028.400
2017-01-03 05:59:53 | TEMPLOG : WellhouseOne | 133.700
2017-01-03 06:00:54 | TEMPLOG : WellhouseOne | 095.900
2017-01-03 06:00:55 | TEMPLOG : Bio   Filter | 028.400
2017-01-03 06:00:55 | TEMPLOG : To   GeoLoop | 039.200
2017-01-03 06:00:55 | TEMPLOG : Table    One | 028.400
2017-01-03 06:01:56 | TEMPLOG : WellhouseOne | 081.500
2017-01-03 06:02:58 | TEMPLOG : WellhouseOne | 071.600
2017-01-03 06:02:59 | TEMPLOG : Table    One | 027.500
2017-01-03 06:03:59 | TEMPLOG : WellhouseOne | 065.300
2017-01-03 06:05:00 | TEMPLOG : WellhouseOne | 060.800
2017-01-03 06:05:01 | TEMPLOG : To   GeoLoop | 038.300
2017-01-03 06:06:01 | TEMPLOG : WellhouseOne | 057.200
2017-01-03 06:06:02 | TEMPLOG : To   GeoLoop | 039.200
2017-01-03 06:07:02 | TEMPLOG : WellhouseOne | 054.500
2017-01-03 06:07:03 | TEMPLOG : Table    One | 028.400
2017-01-03 06:08:03 | TEMPLOG : WellhouseOne | 052.700
2017-01-03 06:09:05 | TEMPLOG : WellhouseOne | 050.900
2017-01-03 06:10:06 | TEMPLOG : WellhouseOne | 049.100
2017-01-03 06:11:07 | TEMPLOG : WellhouseOne | 048.200
2017-01-03 06:12:08 | TEMPLOG : WellhouseOne | 047.300
2017-01-03 06:13:10 | TEMPLOG : WellhouseOne | 046.400
2017-01-03 06:14:11 | TEMPLOG : WellhouseOne | 045.500
2017-01-03 06:15:12 | TEMPLOG : WellhouseOne | 044.600
2017-01-03 06:16:13 | TEMPLOG : To   GeoLoop | 038.300
2017-01-03 06:17:14 | TEMPLOG : WellhouseOne | 043.700
2017-01-03 06:18:15 | TEMPLOG : WellhouseOne | 042.800
2017-01-03 06:18:15 | TEMPLOG : To   GeoLoop | 039.200
2017-01-03 06:19:17 | TEMPLOG : To   GeoLoop | 038.300
2017-01-03 06:20:18 | TEMPLOG : To   GeoLoop | 039.200
2017-01-03 06:21:18 | TEMPLOG : WellhouseOne | 057.200
2017-01-03 06:22:19 | TEMPLOG : WellhouseOne | 103.100
2017-01-03 06:23:20 | TEMPLOG : WellhouseOne | 118.400
2017-01-03 06:24:20 | TEMPLOG : WellhouseOne | 123.800
2017-01-03 06:25:22 | TEMPLOG : WellhouseOne | 128.300
2017-01-03 06:26:23 | TEMPLOG : WellhouseOne | 131.000
2017-01-03 06:26:24 | TEMPLOG : To   GeoLoop | 038.300
2017-01-03 06:27:24 | TEMPLOG : WellhouseOne | 133.700
2017-01-03 06:27:25 | TEMPLOG : To   GeoLoop | 039.200
2017-01-03 06:28:25 | TEMPLOG : WellhouseOne | 134.600
2017-01-03 06:29:27 | TEMPLOG : WellhouseOne | 136.400
2017-01-03 06:30:28 | TEMPLOG : WellhouseOne | 101.300
2017-01-03 06:31:30 | TEMPLOG : WellhouseOne | 083.300
2017-01-03 06:31:30 | TEMPLOG : Bio   Filter | 029.300
2017-01-03 06:32:31 | TEMPLOG : WellhouseOne | 072.500
2017-01-03 06:33:33 | TEMPLOG : WellhouseOne | 064.400
2017-01-03 06:33:33 | TEMPLOG : Bio   Filter | 028.400
2017-01-03 06:34:34 | TEMPLOG : WellhouseOne | 060.800
2017-01-03 06:34:34 | TEMPLOG : Bio   Filter | 029.300
2017-01-03 06:35:36 | TEMPLOG : WellhouseOne | 058.100
2017-01-03 06:35:36 | TEMPLOG : Bio   Filter | 028.400
2017-01-03 06:36:37 | TEMPLOG : WellhouseOne | 055.400
2017-01-03 06:36:37 | TEMPLOG : Bio   Filter | 029.300
2017-01-03 06:37:38 | TEMPLOG : WellhouseOne | 053.600
2017-01-03 06:37:38 | TEMPLOG : Bio   Filter | 028.400
2017-01-03 06:38:39 | TEMPLOG : WellhouseOne | 051.800
2017-01-03 06:38:39 | TEMPLOG : Bio   Filter | 029.300
2017-01-03 06:38:39 | TEMPLOG : To   GeoLoop | 038.300
2017-01-03 06:39:40 | TEMPLOG : WellhouseOne | 050.000
2017-01-03 06:39:40 | TEMPLOG : Bio   Filter | 028.400
2017-01-03 06:40:41 | TEMPLOG : WellhouseOne | 049.100
2017-01-03 06:40:42 | TEMPLOG : Bio   Filter | 029.300
2017-01-03 06:40:42 | TEMPLOG : To   GeoLoop | 039.200
2017-01-03 06:41:42 | TEMPLOG : WellhouseOne | 048.200
2017-01-03 06:42:43 | TEMPLOG : WellhouseOne | 047.300
2017-01-03 06:43:45 | TEMPLOG : WellhouseOne | 046.400
2017-01-03 06:44:46 | TEMPLOG : WellhouseOne | 045.500
2017-01-03 06:45:47 | TEMPLOG : WellhouseOne | 044.600
2017-01-03 06:47:50 | TEMPLOG : WellhouseOne | 043.700
2017-01-03 06:49:52 | TEMPLOG : WellhouseOne | 042.800
2017-01-03 06:49:53 | TEMPLOG : To   GeoLoop | 038.300
2017-01-03 06:50:53 | TEMPLOG : WellhouseOne | 084.200
2017-01-03 06:50:54 | TEMPLOG : Bio   Filter | 028.400
2017-01-03 06:50:54 | TEMPLOG : To   GeoLoop | 039.200
2017-01-03 06:51:54 | TEMPLOG : WellhouseOne | 111.200
2017-01-03 06:51:55 | TEMPLOG : Bio   Filter | 029.300
2017-01-03 06:52:56 | TEMPLOG : WellhouseOne | 122.000
2017-01-03 06:52:56 | TEMPLOG : To   GeoLoop | 038.300
2017-01-03 06:53:56 | TEMPLOG : WellhouseOne | 128.300
2017-01-03 06:53:57 | TEMPLOG : To   GeoLoop | 039.200
2017-01-03 06:54:58 | TEMPLOG : WellhouseOne | 131.900
2017-01-03 06:56:00 | TEMPLOG : WellhouseOne | 133.700
2017-01-03 06:56:01 | TEMPLOG : To   GeoLoop | 038.300
2017-01-03 06:57:01 | TEMPLOG : WellhouseOne | 103.100
2017-01-03 06:58:03 | TEMPLOG : WellhouseOne | 085.100
2017-01-03 06:58:03 | TEMPLOG : Bio   Filter | 028.400
2017-01-03 06:58:04 | TEMPLOG : To   GeoLoop | 039.200
2017-01-03 06:59:04 | TEMPLOG : WellhouseOne | 073.400
2017-01-03 06:59:04 | TEMPLOG : Bio   Filter | 029.300
2017-01-03 06:59:04 | TEMPLOG : To   GeoLoop | 038.300
2017-01-03 07:00:06 | TEMPLOG : WellhouseOne | 066.200
2017-01-03 07:00:06 | TEMPLOG : Bio   Filter | 029.300
2017-01-03 07:00:07 | TEMPLOG : To   GeoLoop | 038.300
2017-01-03 07:00:07 | TEMPLOG : Table    One | 028.400
2017-01-03 07:01:07 | TEMPLOG : WellhouseOne | 061.700
2017-01-03 07:02:08 | TEMPLOG : WellhouseOne | 057.200
2017-01-03 07:03:10 | TEMPLOG : WellhouseOne | 054.500
2017-01-03 07:03:10 | TEMPLOG : Bio   Filter | 028.400
2017-01-03 07:04:11 | TEMPLOG : WellhouseOne | 052.700
2017-01-03 07:05:13 | TEMPLOG : WellhouseOne | 050.000
2017-01-03 07:06:15 | TEMPLOG : WellhouseOne | 049.100
2017-01-03 07:07:15 | TEMPLOG : WellhouseOne | 048.200
2017-01-03 07:07:16 | TEMPLOG : Bio   Filter | 029.300
2017-01-03 07:08:17 | TEMPLOG : WellhouseOne | 047.300
2017-01-03 07:10:20 | TEMPLOG : WellhouseOne | 046.400
2017-01-03 07:11:21 | TEMPLOG : WellhouseOne | 045.500
2017-01-03 07:12:22 | TEMPLOG : WellhouseOne | 044.600
2017-01-03 07:13:23 | TEMPLOG : WellhouseOne | 043.700
2017-01-03 07:15:25 | TEMPLOG : WellhouseOne | 042.800
2017-01-03 07:17:29 | TEMPLOG : WellhouseOne | 082.400
2017-01-03 07:18:31 | TEMPLOG : WellhouseOne | 108.500
2017-01-03 07:19:32 | TEMPLOG : WellhouseOne | 118.400
2017-01-03 07:20:33 | TEMPLOG : WellhouseOne | 122.900
2017-01-03 07:21:35 | TEMPLOG : WellhouseOne | 126.500
2017-01-03 07:22:36 | TEMPLOG : WellhouseOne | 131.000
2017-01-03 07:23:37 | TEMPLOG : WellhouseOne | 132.800
2017-01-03 07:25:41 | TEMPLOG : WellhouseOne | 122.000
2017-01-03 07:26:42 | TEMPLOG : WellhouseOne | 091.400
2017-01-03 07:27:43 | TEMPLOG : WellhouseOne | 078.800
2017-01-03 07:28:45 | TEMPLOG : WellhouseOne | 070.700
2017-01-03 07:29:48 | TEMPLOG : WellhouseOne | 065.300
2017-01-03 07:30:49 | TEMPLOG : WellhouseOne | 060.800
2017-01-03 07:31:50 | TEMPLOG : WellhouseOne | 057.200
2017-01-03 07:32:51 | TEMPLOG : WellhouseOne | 054.500
2017-01-03 07:33:52 | TEMPLOG : WellhouseOne | 052.700
2017-01-03 07:34:53 | TEMPLOG : WellhouseOne | 050.900
2017-01-03 07:35:54 | TEMPLOG : WellhouseOne | 050.000
2017-01-03 07:35:56 | TEMPLOG : Table    One | 029.300
2017-01-03 07:36:56 | TEMPLOG : WellhouseOne | 049.100
2017-01-03 07:37:58 | TEMPLOG : WellhouseOne | 047.300
2017-01-03 07:40:01 | TEMPLOG : WellhouseOne | 046.400
2017-01-03 07:41:02 | TEMPLOG : WellhouseOne | 045.500
2017-01-03 07:42:03 | TEMPLOG : WellhouseOne | 044.600
2017-01-03 07:44:06 | TEMPLOG : WellhouseOne | 042.800
2017-01-03 07:46:08 | TEMPLOG : To   GeoLoop | 039.200
2017-01-03 07:47:09 | TEMPLOG : WellhouseOne | 077.000
2017-01-03 07:47:09 | TEMPLOG : To   GeoLoop | 038.300
2017-01-03 07:48:10 | TEMPLOG : WellhouseOne | 108.500
2017-01-03 07:49:12 | TEMPLOG : WellhouseOne | 120.200
2017-01-03 07:50:12 | TEMPLOG : WellhouseOne | 125.600
2017-01-03 07:51:13 | TEMPLOG : WellhouseOne | 130.100
2017-01-03 07:52:14 | TEMPLOG : WellhouseOne | 131.900
2017-01-03 07:53:16 | TEMPLOG : WellhouseOne | 134.600
2017-01-03 07:54:17 | TEMPLOG : WellhouseOne | 135.500
2017-01-03 07:54:20 | TEMPLOG : To   GeoLoop | 039.200
2017-01-03 07:55:20 | TEMPLOG : WellhouseOne | 108.500
2017-01-03 07:55:21 | TEMPLOG : Bio   Filter | 030.200
2017-01-03 07:55:22 | TEMPLOG : To   GeoLoop | 038.300
2017-01-03 07:56:23 | TEMPLOG : WellhouseOne | 087.800
2017-01-03 07:56:23 | TEMPLOG : Bio   Filter | 029.300
2017-01-03 07:56:24 | TEMPLOG : To   GeoLoop | 039.200
2017-01-03 07:57:24 | TEMPLOG : WellhouseOne | 076.100
2017-01-03 07:57:25 | TEMPLOG : Bio   Filter | 030.200
2017-01-03 07:57:25 | TEMPLOG : To   GeoLoop | 038.300
2017-01-03 07:58:25 | TEMPLOG : WellhouseOne | 068.900
2017-01-03 07:59:26 | TEMPLOG : WellhouseOne | 063.500
2017-01-03 08:00:27 | TEMPLOG : WellhouseOne | 059.900
2017-01-03 08:00:27 | TEMPLOG : Bio   Filter | 030.200
2017-01-03 08:00:27 | TEMPLOG : To   GeoLoop | 038.300
2017-01-03 08:00:27 | TEMPLOG : Table    One | 029.300
2017-01-03 08:01:28 | TEMPLOG : WellhouseOne | 056.300
2017-01-03 08:01:28 | TEMPLOG : To   GeoLoop | 039.200
2017-01-03 08:02:29 | TEMPLOG : WellhouseOne | 053.600
2017-01-03 08:02:29 | TEMPLOG : To   GeoLoop | 038.300
2017-01-03 08:03:31 | TEMPLOG : WellhouseOne | 051.800
2017-01-03 08:03:31 | TEMPLOG : To   GeoLoop | 039.200
2017-01-03 08:04:31 | TEMPLOG : WellhouseOne | 050.000
2017-01-03 08:05:33 | TEMPLOG : WellhouseOne | 049.100
2017-01-03 08:06:34 | TEMPLOG : WellhouseOne | 048.200
2017-01-03 08:07:35 | TEMPLOG : WellhouseOne | 047.300
2017-01-03 08:08:36 | TEMPLOG : WellhouseOne | 046.400
2017-01-03 08:10:39 | TEMPLOG : WellhouseOne | 045.500
2017-01-03 08:10:39 | TEMPLOG : To   GeoLoop | 038.300
2017-01-03 08:11:40 | TEMPLOG : WellhouseOne | 044.600
2017-01-03 08:11:41 | TEMPLOG : To   GeoLoop | 039.200
2017-01-03 08:13:43 | TEMPLOG : WellhouseOne | 043.700
2017-01-03 08:15:46 | TEMPLOG : WellhouseOne | 042.800
2017-01-03 08:15:46 | TEMPLOG : Table    One | 030.200
2017-01-03 08:16:46 | TEMPLOG : WellhouseOne | 077.000
2017-01-03 08:17:47 | TEMPLOG : WellhouseOne | 107.600
2017-01-03 08:18:49 | TEMPLOG : WellhouseOne | 118.400
2017-01-03 08:19:50 | TEMPLOG : WellhouseOne | 124.700
2017-01-03 08:20:51 | TEMPLOG : WellhouseOne | 129.200
2017-01-03 08:21:52 | TEMPLOG : WellhouseOne | 131.000
2017-01-03 08:22:54 | TEMPLOG : WellhouseOne | 134.600
2017-01-03 08:23:55 | TEMPLOG : WellhouseOne | 135.500
2017-01-03 08:24:56 | TEMPLOG : WellhouseOne | 102.200
2017-01-03 08:25:57 | TEMPLOG : WellhouseOne | 083.300
2017-01-03 08:25:57 | TEMPLOG : Bio   Filter | 031.100
2017-01-03 08:26:59 | TEMPLOG : WellhouseOne | 073.400
2017-01-03 08:28:00 | TEMPLOG : WellhouseOne | 067.100
2017-01-03 08:29:00 | TEMPLOG : WellhouseOne | 063.500
2017-01-03 08:30:03 | TEMPLOG : WellhouseOne | 059.900
2017-01-03 08:30:05 | TEMPLOG : Table    One | 031.100
2017-01-03 08:31:05 | TEMPLOG : WellhouseOne | 056.300
2017-01-03 08:32:06 | TEMPLOG : WellhouseOne | 053.600
2017-01-03 08:33:07 | TEMPLOG : WellhouseOne | 051.800
2017-01-03 08:34:08 | TEMPLOG : WellhouseOne | 050.900
2017-01-03 08:35:09 | TEMPLOG : WellhouseOne | 049.100
2017-01-03 08:37:12 | TEMPLOG : WellhouseOne | 047.300
2017-01-03 08:38:14 | TEMPLOG : WellhouseOne | 046.400
2017-01-03 08:40:16 | TEMPLOG : WellhouseOne | 045.500
2017-01-03 08:41:18 | TEMPLOG : WellhouseOne | 044.600
2017-01-03 08:43:22 | TEMPLOG : WellhouseOne | 043.700
2017-01-03 08:43:22 | TEMPLOG : Bio   Filter | 032.900
2017-01-03 08:45:24 | TEMPLOG : WellhouseOne | 042.800
2017-01-03 08:46:25 | TEMPLOG : WellhouseOne | 089.600
2017-01-03 08:47:26 | TEMPLOG : WellhouseOne | 110.300
2017-01-03 08:47:26 | TEMPLOG : Bio   Filter | 033.800
2017-01-03 08:47:27 | TEMPLOG : Table    One | 032.900
2017-01-03 08:48:27 | TEMPLOG : WellhouseOne | 121.100
2017-01-03 08:49:29 | TEMPLOG : WellhouseOne | 127.400
2017-01-03 08:49:30 | TEMPLOG : To   GeoLoop | 040.100
2017-01-03 08:50:30 | TEMPLOG : WellhouseOne | 130.100
2017-01-03 08:50:31 | TEMPLOG : Bio   Filter | 034.700
2017-01-03 08:51:32 | TEMPLOG : WellhouseOne | 132.800
2017-01-03 08:52:33 | TEMPLOG : WellhouseOne | 135.500
2017-01-03 08:52:35 | TEMPLOG : Table    One | 033.800
2017-01-03 08:54:36 | TEMPLOG : WellhouseOne | 098.600
2017-01-03 08:55:37 | TEMPLOG : WellhouseOne | 080.600
2017-01-03 08:56:38 | TEMPLOG : WellhouseOne | 072.500
2017-01-03 08:57:39 | TEMPLOG : WellhouseOne | 065.300
2017-01-03 08:57:39 | TEMPLOG : Bio   Filter | 035.600
2017-01-03 08:58:40 | TEMPLOG : WellhouseOne | 061.700
2017-01-03 08:59:41 | TEMPLOG : WellhouseOne | 057.200
2017-01-03 09:00:43 | TEMPLOG : WellhouseOne | 054.500
2017-01-03 09:00:43 | TEMPLOG : Bio   Filter | 035.600
2017-01-03 09:00:44 | TEMPLOG : To   GeoLoop | 040.100
2017-01-03 09:00:44 | TEMPLOG : Table    One | 034.700
2017-01-03 09:01:44 | TEMPLOG : WellhouseOne | 053.600
2017-01-03 09:01:45 | TEMPLOG : Table    One | 033.800
2017-01-03 09:02:45 | TEMPLOG : WellhouseOne | 050.900
2017-01-03 09:02:46 | TEMPLOG : Table    One | 034.700
2017-01-03 09:03:46 | TEMPLOG : WellhouseOne | 050.000
2017-01-03 09:04:47 | TEMPLOG : WellhouseOne | 049.100
2017-01-03 09:05:48 | TEMPLOG : WellhouseOne | 048.200
2017-01-03 09:06:50 | TEMPLOG : WellhouseOne | 047.300
2017-01-03 09:08:52 | TEMPLOG : WellhouseOne | 046.400
2017-01-03 09:09:53 | TEMPLOG : WellhouseOne | 045.500
2017-01-03 09:10:55 | TEMPLOG : Bio   Filter | 036.500
2017-01-03 09:11:55 | TEMPLOG : WellhouseOne | 044.600
2017-01-03 09:11:55 | TEMPLOG : Bio   Filter | 035.600
2017-01-03 09:12:56 | TEMPLOG : WellhouseOne | 043.700
2017-01-03 09:12:57 | TEMPLOG : Table    One | 035.600
2017-01-03 09:13:58 | TEMPLOG : Bio   Filter | 036.500
2017-01-03 09:13:59 | TEMPLOG : Table    One | 034.700
2017-01-03 09:14:59 | TEMPLOG : Bio   Filter | 035.600
2017-01-03 09:15:00 | TEMPLOG : Table    One | 035.600
2017-01-03 09:16:00 | TEMPLOG : WellhouseOne | 087.800
2017-01-03 09:17:01 | TEMPLOG : WellhouseOne | 110.300
2017-01-03 09:17:01 | TEMPLOG : Bio   Filter | 036.500
2017-01-03 09:18:02 | TEMPLOG : WellhouseOne | 121.100
2017-01-03 09:19:04 | TEMPLOG : WellhouseOne | 129.200
2017-01-03 09:20:05 | TEMPLOG : WellhouseOne | 132.800
2017-01-03 09:20:05 | TEMPLOG : To   GeoLoop | 041.000
2017-01-03 09:20:06 | TEMPLOG : Table    One | 036.500
2017-01-03 09:21:06 | TEMPLOG : WellhouseOne | 133.700
2017-01-03 09:22:07 | TEMPLOG : WellhouseOne | 097.700
2017-01-03 09:22:07 | TEMPLOG : Bio   Filter | 037.400
2017-01-03 09:23:08 | TEMPLOG : WellhouseOne | 084.200
2017-01-03 09:23:08 | TEMPLOG : Bio   Filter | 036.500
2017-01-03 09:24:09 | TEMPLOG : WellhouseOne | 073.400
2017-01-03 09:24:09 | TEMPLOG : Bio   Filter | 037.400
2017-01-03 09:25:10 | TEMPLOG : WellhouseOne | 066.200
2017-01-03 09:26:12 | TEMPLOG : WellhouseOne | 060.800
2017-01-03 09:27:13 | TEMPLOG : WellhouseOne | 057.200
2017-01-03 09:28:14 | TEMPLOG : WellhouseOne | 054.500
2017-01-03 09:29:15 | TEMPLOG : WellhouseOne | 052.700
2017-01-03 09:30:17 | TEMPLOG : WellhouseOne | 050.900
2017-01-03 09:30:17 | TEMPLOG : Table    One | 037.400
2017-01-03 09:31:18 | TEMPLOG : WellhouseOne | 049.100
2017-01-03 09:32:19 | TEMPLOG : WellhouseOne | 048.200
2017-01-03 09:33:22 | TEMPLOG : WellhouseOne | 047.300
2017-01-03 09:34:23 | TEMPLOG : WellhouseOne | 046.400
2017-01-03 09:36:26 | TEMPLOG : WellhouseOne | 045.500
2017-01-03 09:38:28 | TEMPLOG : WellhouseOne | 044.600
2017-01-03 09:40:30 | TEMPLOG : Bio   Filter | 038.300
2017-01-03 09:41:31 | TEMPLOG : WellhouseOne | 043.700
2017-01-03 09:41:32 | TEMPLOG : Table    One | 038.300
2017-01-03 09:43:34 | TEMPLOG : WellhouseOne | 095.900
2017-01-03 09:44:34 | TEMPLOG : WellhouseOne | 118.400
2017-01-03 09:44:35 | TEMPLOG : Bio   Filter | 039.200
2017-01-03 09:45:37 | TEMPLOG : WellhouseOne | 128.300
2017-01-03 09:45:37 | TEMPLOG : To   GeoLoop | 041.900
2017-01-03 09:46:38 | TEMPLOG : WellhouseOne | 132.800
2017-01-03 09:46:39 | TEMPLOG : Table    One | 039.200
2017-01-03 09:47:39 | TEMPLOG : WellhouseOne | 128.300
2017-01-03 09:48:40 | TEMPLOG : WellhouseOne | 093.200
2017-01-03 09:49:41 | TEMPLOG : WellhouseOne | 078.800
2017-01-03 09:50:44 | TEMPLOG : WellhouseOne | 069.800
2017-01-03 09:51:46 | TEMPLOG : WellhouseOne | 064.400
2017-01-03 09:51:46 | TEMPLOG : Bio   Filter | 040.100
2017-01-03 09:51:47 | TEMPLOG : Table    One | 040.100
2017-01-03 09:52:47 | TEMPLOG : WellhouseOne | 059.900
2017-01-03 09:53:49 | TEMPLOG : WellhouseOne | 057.200
2017-01-03 09:54:50 | TEMPLOG : WellhouseOne | 054.500
2017-01-03 09:54:50 | TEMPLOG : Bio   Filter | 041.000
2017-01-03 09:54:50 | TEMPLOG : Table    One | 041.000
2017-01-03 09:55:51 | TEMPLOG : WellhouseOne | 052.700
2017-01-03 09:56:52 | TEMPLOG : WellhouseOne | 051.800
2017-01-03 09:57:54 | TEMPLOG : WellhouseOne | 050.000
2017-01-03 09:57:54 | TEMPLOG : Bio   Filter | 041.900
2017-01-03 09:57:55 | TEMPLOG : Table    One | 041.900
2017-01-03 09:58:56 | TEMPLOG : To   GeoLoop | 042.800
2017-01-03 09:58:56 | TEMPLOG : Table    One | 042.800
2017-01-03 09:59:56 | TEMPLOG : WellhouseOne | 049.100
2017-01-03 09:59:56 | TEMPLOG : Bio   Filter | 042.800
2017-01-03 10:00:57 | TEMPLOG : WellhouseOne | 049.100
2017-01-03 10:00:57 | TEMPLOG : Bio   Filter | 043.700
2017-01-03 10:00:57 | TEMPLOG : To   GeoLoop | 042.800
2017-01-03 10:00:58 | TEMPLOG : Table    One | 042.800
2017-01-03 10:01:58 | TEMPLOG : WellhouseOne | 048.200
2017-01-03 10:01:59 | TEMPLOG : Table    One | 043.700
2017-01-03 10:04:02 | TEMPLOG : WellhouseOne | 047.300
2017-01-03 10:07:05 | TEMPLOG : WellhouseOne | 046.400
2017-01-03 10:08:07 | TEMPLOG : WellhouseOne | 045.500
2017-01-03 10:09:08 | TEMPLOG : WellhouseOne | 046.400
2017-01-03 10:10:09 | TEMPLOG : WellhouseOne | 045.500
2017-01-03 10:11:10 | TEMPLOG : WellhouseOne | 050.000
2017-01-03 10:11:10 | TEMPLOG : Table    One | 044.600
2017-01-03 10:12:11 | TEMPLOG : WellhouseOne | 105.800
2017-01-03 10:12:12 | TEMPLOG : Table    One | 043.700
2017-01-03 10:13:12 | TEMPLOG : WellhouseOne | 123.800
2017-01-03 10:13:13 | TEMPLOG : Table    One | 044.600
2017-01-03 10:14:13 | TEMPLOG : WellhouseOne | 131.900
2017-01-03 10:15:14 | TEMPLOG : WellhouseOne | 091.400
2017-01-03 10:16:16 | TEMPLOG : WellhouseOne | 077.900
2017-01-03 10:17:16 | TEMPLOG : WellhouseOne | 070.700
2017-01-03 10:18:18 | TEMPLOG : WellhouseOne | 065.300
2017-01-03 10:19:19 | TEMPLOG : WellhouseOne | 060.800
2017-01-03 10:20:20 | TEMPLOG : WellhouseOne | 059.000
2017-01-03 10:20:20 | TEMPLOG : To   GeoLoop | 043.700
2017-01-03 10:21:21 | TEMPLOG : WellhouseOne | 056.300
2017-01-03 10:21:21 | TEMPLOG : Bio   Filter | 044.600
2017-01-03 10:22:23 | TEMPLOG : WellhouseOne | 055.400
2017-01-03 10:22:23 | TEMPLOG : Table    One | 045.500
2017-01-03 10:23:24 | TEMPLOG : WellhouseOne | 053.600
2017-01-03 10:24:25 | TEMPLOG : WellhouseOne | 052.700
2017-01-03 10:24:26 | TEMPLOG : To   GeoLoop | 042.800
2017-01-03 10:24:27 | TEMPLOG : Table    One | 044.600
2017-01-03 10:25:27 | TEMPLOG : WellhouseOne | 051.800
2017-01-03 10:25:28 | TEMPLOG : Bio   Filter | 043.700
2017-01-03 10:26:30 | TEMPLOG : WellhouseOne | 050.900
2017-01-03 10:27:31 | TEMPLOG : WellhouseOne | 050.000
2017-01-03 10:28:33 | TEMPLOG : To   GeoLoop | 043.700
2017-01-03 10:29:35 | TEMPLOG : Table    One | 045.500
2017-01-03 10:30:35 | TEMPLOG : WellhouseOne | 049.100
2017-01-03 10:30:35 | TEMPLOG : Bio   Filter | 044.600
2017-01-03 10:32:37 | TEMPLOG : WellhouseOne | 048.200
2017-01-03 10:33:39 | TEMPLOG : WellhouseOne | 047.300
2017-01-03 10:36:43 | TEMPLOG : Table    One | 046.400
2017-01-03 10:37:44 | TEMPLOG : WellhouseOne | 046.400
2017-01-03 10:37:44 | TEMPLOG : Bio   Filter | 045.500
2017-01-03 10:38:46 | TEMPLOG : Table    One | 047.300
2017-01-03 10:39:47 | TEMPLOG : WellhouseOne | 053.600
2017-01-03 10:40:47 | TEMPLOG : WellhouseOne | 107.600
2017-01-03 10:40:48 | TEMPLOG : Bio   Filter | 046.400
2017-01-03 10:40:48 | TEMPLOG : To   GeoLoop | 044.600
2017-01-03 10:40:48 | TEMPLOG : Table    One | 048.200
2017-01-03 10:41:48 | TEMPLOG : WellhouseOne | 125.600
2017-01-03 10:42:50 | TEMPLOG : WellhouseOne | 126.500
2017-01-03 10:43:52 | TEMPLOG : WellhouseOne | 089.600
2017-01-03 10:43:52 | TEMPLOG : Bio   Filter | 047.300
2017-01-03 10:43:53 | TEMPLOG : Table    One | 049.100
2017-01-03 10:44:53 | TEMPLOG : WellhouseOne | 077.900
2017-01-03 10:45:55 | TEMPLOG : WellhouseOne | 071.600
2017-01-03 10:45:56 | TEMPLOG : Table    One | 048.200
2017-01-03 10:46:56 | TEMPLOG : WellhouseOne | 067.100
2017-01-03 10:47:58 | TEMPLOG : WellhouseOne | 061.700
2017-01-03 10:47:58 | TEMPLOG : Table    One | 049.100
2017-01-03 10:48:59 | TEMPLOG : WellhouseOne | 059.000
2017-01-03 10:48:59 | TEMPLOG : Bio   Filter | 048.200
2017-01-03 10:50:00 | TEMPLOG : WellhouseOne | 057.200
2017-01-03 10:50:01 | TEMPLOG : Table    One | 050.000
2017-01-03 10:51:01 | TEMPLOG : WellhouseOne | 055.400
2017-01-03 10:52:02 | TEMPLOG : WellhouseOne | 054.500
2017-01-03 10:53:03 | TEMPLOG : WellhouseOne | 052.700
2017-01-03 10:54:04 | TEMPLOG : WellhouseOne | 051.800
2017-01-03 10:55:05 | TEMPLOG : WellhouseOne | 050.900
2017-01-03 10:55:06 | TEMPLOG : Table    One | 050.900
2017-01-03 10:57:07 | TEMPLOG : WellhouseOne | 050.000
2017-01-03 10:57:07 | TEMPLOG : Bio   Filter | 049.100
2017-01-03 10:57:08 | TEMPLOG : Table    One | 051.800
2017-01-03 10:59:09 | TEMPLOG : WellhouseOne | 049.100
2017-01-03 11:00:11 | TEMPLOG : WellhouseOne | 049.100
2017-01-03 11:00:11 | TEMPLOG : Bio   Filter | 050.000
2017-01-03 11:00:12 | TEMPLOG : To   GeoLoop | 045.500
2017-01-03 11:00:13 | TEMPLOG : Table    One | 052.700
2017-01-03 11:01:13 | TEMPLOG : WellhouseOne | 048.200
2017-01-03 11:02:15 | TEMPLOG : Table    One | 051.800
2017-01-03 11:04:16 | TEMPLOG : WellhouseOne | 047.300
2017-01-03 11:06:18 | TEMPLOG : Bio   Filter | 050.900
2017-01-03 11:07:19 | TEMPLOG : WellhouseOne | 046.400
2017-01-03 11:08:22 | TEMPLOG : Table    One | 050.900
2017-01-03 11:09:22 | TEMPLOG : WellhouseOne | 097.700
2017-01-03 11:10:23 | TEMPLOG : WellhouseOne | 118.400
2017-01-03 11:10:23 | TEMPLOG : Bio   Filter | 051.800
2017-01-03 11:10:24 | TEMPLOG : Table    One | 051.800
2017-01-03 11:11:24 | TEMPLOG : WellhouseOne | 128.300
2017-01-03 11:11:24 | TEMPLOG : Bio   Filter | 052.700
2017-01-03 11:11:25 | TEMPLOG : Table    One | 053.600
2017-01-03 11:12:25 | TEMPLOG : WellhouseOne | 098.600
2017-01-03 11:12:26 | TEMPLOG : Table    One | 052.700
2017-01-03 11:13:27 | TEMPLOG : WellhouseOne | 082.400
2017-01-03 11:13:28 | TEMPLOG : Table    One | 053.600
2017-01-03 11:14:28 | TEMPLOG : WellhouseOne | 069.800
2017-01-03 11:14:28 | TEMPLOG : Bio   Filter | 054.500
2017-01-03 11:14:28 | TEMPLOG : To   GeoLoop | 046.400
2017-01-03 11:14:29 | TEMPLOG : Table    One | 055.400
2017-01-03 11:15:29 | TEMPLOG : WellhouseOne | 062.600
2017-01-03 11:15:29 | TEMPLOG : Bio   Filter | 055.400
2017-01-03 11:16:30 | TEMPLOG : WellhouseOne | 058.100
2017-01-03 11:16:30 | TEMPLOG : Bio   Filter | 056.300
2017-01-03 11:16:31 | TEMPLOG : Table    One | 056.300
2017-01-03 11:17:31 | TEMPLOG : WellhouseOne | 055.400
2017-01-03 11:17:31 | TEMPLOG : Bio   Filter | 057.200
2017-01-03 11:18:32 | TEMPLOG : WellhouseOne | 053.600
2017-01-03 11:18:34 | TEMPLOG : Table    One | 057.200
2017-01-03 11:19:34 | TEMPLOG : WellhouseOne | 050.900
2017-01-03 11:19:34 | TEMPLOG : Bio   Filter | 058.100
2017-01-03 11:20:35 | TEMPLOG : WellhouseOne | 049.100
2017-01-03 11:20:36 | TEMPLOG : Table    One | 058.100
2017-01-03 11:21:36 | TEMPLOG : WellhouseOne | 048.200
2017-01-03 11:21:36 | TEMPLOG : Bio   Filter | 059.000
2017-01-03 11:21:37 | TEMPLOG : Table    One | 059.000
2017-01-03 11:22:37 | TEMPLOG : WellhouseOne | 047.300
2017-01-03 11:22:37 | TEMPLOG : Bio   Filter | 059.900
2017-01-03 11:23:38 | TEMPLOG : WellhouseOne | 046.400
2017-01-03 11:23:38 | TEMPLOG : Bio   Filter | 060.800
2017-01-03 11:23:38 | TEMPLOG : To   GeoLoop | 047.300
2017-01-03 11:24:39 | TEMPLOG : WellhouseOne | 045.500
2017-01-03 11:24:39 | TEMPLOG : Bio   Filter | 061.700
2017-01-03 11:24:40 | TEMPLOG : Table    One | 059.900
2017-01-03 11:25:40 | TEMPLOG : Bio   Filter | 062.600
2017-01-03 11:26:41 | TEMPLOG : Bio   Filter | 063.500
2017-01-03 11:26:43 | TEMPLOG : Table    One | 060.800
2017-01-03 11:27:43 | TEMPLOG : WellhouseOne | 044.600
2017-01-03 11:27:43 | TEMPLOG : Bio   Filter | 062.600
2017-01-03 11:27:44 | TEMPLOG : Table    One | 059.900
2017-01-03 11:28:45 | TEMPLOG : Table    One | 060.800
2017-01-03 11:29:45 | TEMPLOG : Bio   Filter | 064.400
2017-01-03 11:29:46 | TEMPLOG : Table    One | 062.600
2017-01-03 11:30:46 | TEMPLOG : WellhouseOne | 043.700
2017-01-03 11:30:46 | TEMPLOG : Bio   Filter | 065.300
2017-01-03 11:31:48 | TEMPLOG : WellhouseOne | 044.600
2017-01-03 11:31:48 | TEMPLOG : Bio   Filter | 064.400
2017-01-03 11:31:49 | TEMPLOG : Table    One | 061.700
2017-01-03 11:33:51 | TEMPLOG : Bio   Filter | 065.300
2017-01-03 11:33:51 | TEMPLOG : Table    One | 062.600
2017-01-03 11:34:51 | TEMPLOG : WellhouseOne | 075.200
2017-01-03 11:35:52 | TEMPLOG : WellhouseOne | 113.000
2017-01-03 11:35:53 | TEMPLOG : Bio   Filter | 063.500
2017-01-03 11:35:54 | TEMPLOG : Table    One | 060.800
2017-01-03 11:36:55 | TEMPLOG : WellhouseOne | 127.400
2017-01-03 11:37:56 | TEMPLOG : WellhouseOne | 133.700
2017-01-03 11:37:56 | TEMPLOG : Bio   Filter | 062.600
2017-01-03 11:37:57 | TEMPLOG : Table    One | 059.900
2017-01-03 11:38:57 | TEMPLOG : WellhouseOne | 095.900
2017-01-03 11:38:57 | TEMPLOG : Bio   Filter | 061.700
2017-01-03 11:38:58 | TEMPLOG : Table    One | 059.000
2017-01-03 11:39:58 | TEMPLOG : WellhouseOne | 079.700
2017-01-03 11:41:00 | TEMPLOG : WellhouseOne | 070.700
2017-01-03 11:41:00 | TEMPLOG : Bio   Filter | 060.800
2017-01-03 11:41:01 | TEMPLOG : Table    One | 058.100
2017-01-03 11:42:01 | TEMPLOG : WellhouseOne | 063.500
2017-01-03 11:42:02 | TEMPLOG : Table    One | 059.000
2017-01-03 11:43:02 | TEMPLOG : WellhouseOne | 059.900
2017-01-03 11:43:03 | TEMPLOG : Bio   Filter | 061.700
2017-01-03 11:43:03 | TEMPLOG : Table    One | 059.900
2017-01-03 11:44:04 | TEMPLOG : WellhouseOne | 057.200
2017-01-03 11:45:05 | TEMPLOG : WellhouseOne | 053.600
2017-01-03 11:46:07 | TEMPLOG : WellhouseOne | 051.800
2017-01-03 11:46:07 | TEMPLOG : Table    One | 060.800
2017-01-03 11:47:08 | TEMPLOG : WellhouseOne | 050.000
2017-01-03 11:47:08 | TEMPLOG : Bio   Filter | 062.600
2017-01-03 11:47:09 | TEMPLOG : Table    One | 061.700
2017-01-03 11:49:11 | TEMPLOG : WellhouseOne | 048.200
2017-01-03 11:50:13 | TEMPLOG : Bio   Filter | 063.500
2017-01-03 11:50:13 | TEMPLOG : Table    One | 062.600
2017-01-03 11:51:14 | TEMPLOG : WellhouseOne | 047.300
2017-01-03 11:51:14 | TEMPLOG : Bio   Filter | 064.400
2017-01-03 11:51:14 | TEMPLOG : To   GeoLoop | 048.200
2017-01-03 11:51:14 | TEMPLOG : Table    One | 064.400
2017-01-03 11:52:14 | TEMPLOG : WellhouseOne | 046.400
2017-01-03 11:53:15 | TEMPLOG : Bio   Filter | 065.300
2017-01-03 11:53:16 | TEMPLOG : Table    One | 065.300
2017-01-03 11:55:17 | TEMPLOG : WellhouseOne | 044.600
2017-01-03 11:55:19 | TEMPLOG : Table    One | 064.400
2017-01-03 11:56:19 | TEMPLOG : Bio   Filter | 064.400
2017-01-03 11:57:21 | TEMPLOG : Bio   Filter | 063.500
2017-01-03 11:57:21 | TEMPLOG : Table    One | 063.500
2017-01-03 11:58:21 | TEMPLOG : WellhouseOne | 043.700
2017-01-03 11:58:22 | TEMPLOG : Table    One | 062.600
2017-01-03 11:59:23 | TEMPLOG : Bio   Filter | 062.600
2017-01-03 12:00:24 | TEMPLOG : WellhouseOne | 042.800
2017-01-03 12:00:24 | TEMPLOG : Bio   Filter | 061.700
2017-01-03 12:00:24 | TEMPLOG : To   GeoLoop | 048.200
2017-01-03 12:00:25 | TEMPLOG : Table    One | 061.700
2017-01-03 12:01:26 | TEMPLOG : WellhouseOne | 095.900
2017-01-03 12:02:26 | TEMPLOG : WellhouseOne | 119.300
2017-01-03 12:02:27 | TEMPLOG : Bio   Filter | 060.800
2017-01-03 12:02:27 | TEMPLOG : Table    One | 060.800
2017-01-03 12:03:27 | TEMPLOG : WellhouseOne | 131.000
2017-01-03 12:03:27 | TEMPLOG : Bio   Filter | 059.900
2017-01-03 12:03:28 | TEMPLOG : To   GeoLoop | 047.300
2017-01-03 12:03:28 | TEMPLOG : Table    One | 059.900
2017-01-03 12:04:29 | TEMPLOG : WellhouseOne | 106.700
2017-01-03 12:04:30 | TEMPLOG : Table    One | 059.000
2017-01-03 12:05:30 | TEMPLOG : WellhouseOne | 083.300
2017-01-03 12:05:30 | TEMPLOG : Bio   Filter | 059.000
2017-01-03 12:05:31 | TEMPLOG : Table    One | 058.100
2017-01-03 12:06:31 | TEMPLOG : WellhouseOne | 070.700
2017-01-03 12:06:31 | TEMPLOG : Bio   Filter | 058.100
2017-01-03 12:06:32 | TEMPLOG : Table    One | 056.300
2017-01-03 12:07:33 | TEMPLOG : WellhouseOne | 062.600
2017-01-03 12:08:34 | TEMPLOG : WellhouseOne | 058.100
2017-01-03 12:08:35 | TEMPLOG : Bio   Filter | 057.200
2017-01-03 12:08:35 | TEMPLOG : Table    One | 055.400
2017-01-03 12:09:35 | TEMPLOG : WellhouseOne | 054.500
2017-01-03 12:09:36 | TEMPLOG : Bio   Filter | 056.300
2017-01-03 12:09:37 | TEMPLOG : Table    One | 054.500
2017-01-03 12:10:37 | TEMPLOG : WellhouseOne | 051.800
2017-01-03 12:10:37 | TEMPLOG : Table    One | 053.600
2017-01-03 12:11:38 | TEMPLOG : WellhouseOne | 049.100
2017-01-03 12:11:38 | TEMPLOG : Bio   Filter | 055.400
2017-01-03 12:11:38 | TEMPLOG : To   GeoLoop | 046.400
2017-01-03 12:11:39 | TEMPLOG : Table    One | 052.700
2017-01-03 12:12:40 | TEMPLOG : Bio   Filter | 054.500
2017-01-03 12:13:40 | TEMPLOG : WellhouseOne | 047.300
2017-01-03 12:13:41 | TEMPLOG : Bio   Filter | 053.600
2017-01-03 12:13:41 | TEMPLOG : Table    One | 051.800
2017-01-03 12:14:41 | TEMPLOG : WellhouseOne | 046.400
2017-01-03 12:14:42 | TEMPLOG : Bio   Filter | 052.700
2017-01-03 12:14:43 | TEMPLOG : Table    One | 050.900
2017-01-03 12:15:43 | TEMPLOG : WellhouseOne | 045.500
2017-01-03 12:15:43 | TEMPLOG : Bio   Filter | 051.800
2017-01-03 12:16:45 | TEMPLOG : WellhouseOne | 044.600
2017-01-03 12:16:47 | TEMPLOG : Table    One | 050.000
2017-01-03 12:17:47 | TEMPLOG : WellhouseOne | 043.700
2017-01-03 12:17:48 | TEMPLOG : Bio   Filter | 050.900
2017-01-03 12:17:48 | TEMPLOG : Table    One | 049.100
2017-01-03 12:18:49 | TEMPLOG : WellhouseOne | 042.800
2017-01-03 12:18:50 | TEMPLOG : Bio   Filter | 050.000
2017-01-03 12:19:51 | TEMPLOG : To   GeoLoop | 045.500
2017-01-03 12:19:51 | TEMPLOG : Table    One | 048.200
2017-01-03 12:20:51 | TEMPLOG : WellhouseOne | 041.900
2017-01-03 12:20:52 | TEMPLOG : Bio   Filter | 049.100
2017-01-03 12:21:53 | TEMPLOG : Bio   Filter | 048.200
2017-01-03 12:22:54 | TEMPLOG : WellhouseOne | 041.000
2017-01-03 12:25:57 | TEMPLOG : WellhouseOne | 040.100
2017-01-03 12:26:58 | TEMPLOG : Bio   Filter | 049.100
2017-01-03 12:27:59 | TEMPLOG : WellhouseOne | 089.600
2017-01-03 12:29:00 | TEMPLOG : WellhouseOne | 120.200
2017-01-03 12:30:01 | TEMPLOG : WellhouseOne | 134.600
2017-01-03 12:31:02 | TEMPLOG : WellhouseOne | 113.000
2017-01-03 12:32:05 | TEMPLOG : WellhouseOne | 086.000
2017-01-03 12:32:05 | TEMPLOG : Table    One | 049.100
2017-01-03 12:33:06 | TEMPLOG : WellhouseOne | 073.400
2017-01-03 12:34:08 | TEMPLOG : WellhouseOne | 065.300
2017-01-03 12:35:08 | TEMPLOG : WellhouseOne | 058.100
2017-01-03 12:36:09 | TEMPLOG : WellhouseOne | 054.500
2017-01-03 12:37:11 | TEMPLOG : WellhouseOne | 051.800
2017-01-03 12:38:13 | TEMPLOG : WellhouseOne | 050.000
2017-01-03 12:39:15 | TEMPLOG : WellhouseOne | 049.100
2017-01-03 12:40:16 | TEMPLOG : WellhouseOne | 047.300
2017-01-03 12:40:16 | TEMPLOG : Table    One | 048.200
2017-01-03 12:41:16 | TEMPLOG : WellhouseOne | 046.400
2017-01-03 12:41:17 | TEMPLOG : Bio   Filter | 048.200
2017-01-03 12:42:17 | TEMPLOG : WellhouseOne | 045.500
2017-01-03 12:42:19 | TEMPLOG : Table    One | 047.300
2017-01-03 12:44:21 | TEMPLOG : WellhouseOne | 044.600
2017-01-03 12:44:21 | TEMPLOG : Bio   Filter | 047.300
2017-01-03 12:45:22 | TEMPLOG : WellhouseOne | 043.700
2017-01-03 12:45:24 | TEMPLOG : Table    One | 046.400
2017-01-03 12:47:25 | TEMPLOG : WellhouseOne | 042.800
2017-01-03 12:47:25 | TEMPLOG : Bio   Filter | 046.400
2017-01-03 12:50:30 | TEMPLOG : WellhouseOne | 041.900
2017-01-03 12:53:33 | TEMPLOG : WellhouseOne | 041.000
2017-01-03 12:54:34 | TEMPLOG : WellhouseOne | 098.600
2017-01-03 12:54:36 | TEMPLOG : Table    One | 047.300
2017-01-03 12:55:37 | TEMPLOG : WellhouseOne | 119.300
2017-01-03 12:55:38 | TEMPLOG : Bio   Filter | 047.300
2017-01-03 12:56:39 | TEMPLOG : WellhouseOne | 128.300
2017-01-03 12:56:40 | TEMPLOG : Table    One | 048.200
2017-01-03 12:57:41 | TEMPLOG : WellhouseOne | 106.700
2017-01-03 12:57:41 | TEMPLOG : Bio   Filter | 048.200
2017-01-03 12:58:43 | TEMPLOG : WellhouseOne | 086.000
2017-01-03 12:59:45 | TEMPLOG : WellhouseOne | 072.500
2017-01-03 13:00:46 | TEMPLOG : WellhouseOne | 063.500
2017-01-03 13:00:46 | TEMPLOG : Bio   Filter | 048.200
2017-01-03 13:00:47 | TEMPLOG : To   GeoLoop | 045.500
2017-01-03 13:00:47 | TEMPLOG : Table    One | 048.200
2017-01-03 13:01:47 | TEMPLOG : WellhouseOne | 058.100
2017-01-03 13:01:48 | TEMPLOG : Table    One | 047.300
2017-01-03 13:02:48 | TEMPLOG : WellhouseOne | 055.400
2017-01-03 13:02:49 | TEMPLOG : Table    One | 048.200
2017-01-03 13:03:50 | TEMPLOG : WellhouseOne | 052.700
2017-01-03 13:04:50 | TEMPLOG : WellhouseOne | 050.900
2017-01-03 13:05:51 | TEMPLOG : WellhouseOne | 049.100
2017-01-03 13:05:52 | TEMPLOG : To   GeoLoop | 046.400
2017-01-03 13:05:52 | TEMPLOG : Table    One | 049.100
2017-01-03 13:06:53 | TEMPLOG : WellhouseOne | 048.200
2017-01-03 13:07:54 | TEMPLOG : WellhouseOne | 047.300
2017-01-03 13:08:55 | TEMPLOG : WellhouseOne | 045.500
2017-01-03 13:08:55 | TEMPLOG : Bio   Filter | 049.100
2017-01-03 13:09:55 | TEMPLOG : WellhouseOne | 044.600
2017-01-03 13:10:56 | TEMPLOG : WellhouseOne | 043.700
2017-01-03 13:13:00 | TEMPLOG : Bio   Filter | 048.200
2017-01-03 13:13:01 | TEMPLOG : Table    One | 048.200
2017-01-03 13:14:01 | TEMPLOG : WellhouseOne | 042.800
2017-01-03 13:15:03 | TEMPLOG : WellhouseOne | 041.900
2017-01-03 13:17:05 | TEMPLOG : WellhouseOne | 041.000
2017-01-03 13:18:08 | TEMPLOG : Table    One | 049.100
2017-01-03 13:19:09 | TEMPLOG : Bio   Filter | 049.100
2017-01-03 13:20:09 | TEMPLOG : WellhouseOne | 040.100
2017-01-03 13:21:10 | TEMPLOG : WellhouseOne | 081.500
2017-01-03 13:22:12 | TEMPLOG : WellhouseOne | 116.600
2017-01-03 13:22:12 | TEMPLOG : Table    One | 050.000
2017-01-03 13:23:13 | TEMPLOG : WellhouseOne | 126.500
2017-01-03 13:23:13 | TEMPLOG : Bio   Filter | 050.000
2017-01-03 13:24:14 | TEMPLOG : WellhouseOne | 131.000
2017-01-03 13:25:16 | TEMPLOG : WellhouseOne | 094.100
2017-01-03 13:26:17 | TEMPLOG : WellhouseOne | 078.800
2017-01-03 13:27:18 | TEMPLOG : WellhouseOne | 068.900
2017-01-03 13:28:20 | TEMPLOG : WellhouseOne | 060.800
2017-01-03 13:29:22 | TEMPLOG : WellhouseOne | 056.300
2017-01-03 13:29:23 | TEMPLOG : Table    One | 049.100
2017-01-03 13:30:23 | TEMPLOG : WellhouseOne | 052.700
2017-01-03 13:31:24 | TEMPLOG : WellhouseOne | 050.000
2017-01-03 13:31:26 | TEMPLOG : Table    One | 050.000
2017-01-03 13:32:26 | TEMPLOG : WellhouseOne | 048.200
2017-01-03 13:33:28 | TEMPLOG : WellhouseOne | 046.400
2017-01-03 13:33:28 | TEMPLOG : Bio   Filter | 050.900
2017-01-03 13:33:29 | TEMPLOG : Table    One | 050.900
2017-01-03 13:34:30 | TEMPLOG : Bio   Filter | 051.800
2017-01-03 13:34:30 | TEMPLOG : Table    One | 051.800
2017-01-03 13:35:31 | TEMPLOG : WellhouseOne | 044.600
2017-01-03 13:35:31 | TEMPLOG : To   GeoLoop | 047.300
2017-01-03 13:35:32 | TEMPLOG : Table    One | 052.700
2017-01-03 13:36:32 | TEMPLOG : WellhouseOne | 043.700
2017-01-03 13:37:33 | TEMPLOG : Bio   Filter | 052.700
2017-01-03 13:37:33 | TEMPLOG : Table    One | 053.600
2017-01-03 13:38:34 | TEMPLOG : WellhouseOne | 042.800
2017-01-03 13:40:38 | TEMPLOG : Bio   Filter | 053.600
2017-01-03 13:42:39 | TEMPLOG : WellhouseOne | 041.900
2017-01-03 13:42:39 | TEMPLOG : Bio   Filter | 052.700
2017-01-03 13:43:40 | TEMPLOG : WellhouseOne | 041.000
2017-01-03 13:44:41 | TEMPLOG : Bio   Filter | 051.800
2017-01-03 13:44:43 | TEMPLOG : Table    One | 051.800
2017-01-03 13:45:43 | TEMPLOG : WellhouseOne | 040.100
2017-01-03 13:45:43 | TEMPLOG : Bio   Filter | 050.900
2017-01-03 13:45:43 | TEMPLOG : To   GeoLoop | 046.400
2017-01-03 13:45:44 | TEMPLOG : Table    One | 050.900
2017-01-03 13:46:45 | TEMPLOG : Bio   Filter | 050.000
2017-01-03 13:46:45 | TEMPLOG : Table    One | 050.000
2017-01-03 13:48:46 | TEMPLOG : WellhouseOne | 086.000
2017-01-03 13:49:49 | TEMPLOG : WellhouseOne | 119.300
2017-01-03 13:50:50 | TEMPLOG : WellhouseOne | 129.200
2017-01-03 13:51:51 | TEMPLOG : WellhouseOne | 121.100
2017-01-03 13:51:51 | TEMPLOG : Bio   Filter | 049.100
2017-01-03 13:52:52 | TEMPLOG : WellhouseOne | 092.300
2017-01-03 13:52:53 | TEMPLOG : Table    One | 049.100
2017-01-03 13:53:53 | TEMPLOG : WellhouseOne | 077.900
2017-01-03 13:54:54 | TEMPLOG : WellhouseOne | 066.200
2017-01-03 13:54:54 | TEMPLOG : Bio   Filter | 048.200
2017-01-03 13:55:54 | TEMPLOG : WellhouseOne | 058.100
2017-01-03 13:55:55 | TEMPLOG : Table    One | 048.200
2017-01-03 13:56:56 | TEMPLOG : WellhouseOne | 053.600
2017-01-03 13:57:57 | TEMPLOG : WellhouseOne | 050.000
2017-01-03 13:58:59 | TEMPLOG : WellhouseOne | 048.200
2017-01-03 14:00:00 | TEMPLOG : WellhouseOne | 046.400
2017-01-03 14:00:00 | TEMPLOG : Bio   Filter | 048.200
2017-01-03 14:00:01 | TEMPLOG : To   GeoLoop | 046.400
2017-01-03 14:00:01 | TEMPLOG : Table    One | 048.200
2017-01-03 14:01:01 | TEMPLOG : WellhouseOne | 045.500
2017-01-03 14:02:03 | TEMPLOG : WellhouseOne | 044.600
2017-01-03 14:04:05 | TEMPLOG : WellhouseOne | 043.700
2017-01-03 14:04:05 | TEMPLOG : Table    One | 049.100
2017-01-03 14:05:05 | TEMPLOG : WellhouseOne | 042.800
2017-01-03 14:05:06 | TEMPLOG : Bio   Filter | 049.100
2017-01-03 14:07:08 | TEMPLOG : WellhouseOne | 041.000
2017-01-03 14:09:10 | TEMPLOG : WellhouseOne | 041.900
2017-01-03 14:10:13 | TEMPLOG : Table    One | 048.200
2017-01-03 14:11:13 | TEMPLOG : WellhouseOne | 041.000
2017-01-03 14:11:13 | TEMPLOG : Bio   Filter | 048.200
2017-01-03 14:12:15 | TEMPLOG : Table    One | 047.300
2017-01-03 14:13:16 | TEMPLOG : WellhouseOne | 040.100
2017-01-03 14:13:16 | TEMPLOG : Bio   Filter | 047.300
2017-01-03 14:15:18 | TEMPLOG : WellhouseOne | 069.800
2017-01-03 14:15:19 | TEMPLOG : To   GeoLoop | 045.500
2017-01-03 14:15:19 | TEMPLOG : Table    One | 048.200
2017-01-03 14:16:20 | TEMPLOG : WellhouseOne | 114.800
2017-01-03 14:16:20 | TEMPLOG : Bio   Filter | 048.200
2017-01-03 14:16:21 | TEMPLOG : To   GeoLoop | 046.400
2017-01-03 14:17:21 | TEMPLOG : WellhouseOne | 128.300
2017-01-03 14:17:22 | TEMPLOG : Table    One | 049.100
2017-01-03 14:18:22 | TEMPLOG : WellhouseOne | 133.700
2017-01-03 14:18:22 | TEMPLOG : Bio   Filter | 049.100
2017-01-03 14:19:23 | TEMPLOG : WellhouseOne | 097.700
2017-01-03 14:20:24 | TEMPLOG : WellhouseOne | 077.900
2017-01-03 14:21:25 | TEMPLOG : WellhouseOne | 068.900
2017-01-03 14:21:26 | TEMPLOG : Bio   Filter | 048.200
2017-01-03 14:21:26 | TEMPLOG : Table    One | 048.200
2017-01-03 14:22:27 | TEMPLOG : WellhouseOne | 062.600
2017-01-03 14:23:28 | TEMPLOG : WellhouseOne | 057.200
2017-01-03 14:23:28 | TEMPLOG : To   GeoLoop | 045.500
2017-01-03 14:23:28 | TEMPLOG : Table    One | 047.300
2017-01-03 14:24:29 | TEMPLOG : WellhouseOne | 053.600
2017-01-03 14:24:29 | TEMPLOG : Bio   Filter | 047.300
2017-01-03 14:25:30 | TEMPLOG : WellhouseOne | 050.000
2017-01-03 14:26:30 | TEMPLOG : WellhouseOne | 048.200
2017-01-03 14:26:31 | TEMPLOG : Bio   Filter | 046.400
2017-01-03 14:26:31 | TEMPLOG : Table    One | 046.400
2017-01-03 14:27:31 | TEMPLOG : WellhouseOne | 046.400
2017-01-03 14:27:32 | TEMPLOG : Table    One | 047.300
2017-01-03 14:28:33 | TEMPLOG : WellhouseOne | 045.500
2017-01-03 14:29:34 | TEMPLOG : WellhouseOne | 044.600
2017-01-03 14:29:35 | TEMPLOG : Bio   Filter | 047.300
2017-01-03 14:30:35 | TEMPLOG : WellhouseOne | 043.700
2017-01-03 14:31:38 | TEMPLOG : To   GeoLoop | 046.400
2017-01-03 14:32:39 | TEMPLOG : WellhouseOne | 042.800
2017-01-03 14:32:40 | TEMPLOG : To   GeoLoop | 045.500
2017-01-03 14:32:40 | TEMPLOG : Table    One | 046.400
2017-01-03 14:33:41 | TEMPLOG : WellhouseOne | 041.000
2017-01-03 14:33:41 | TEMPLOG : Bio   Filter | 046.400
2017-01-03 14:34:42 | TEMPLOG : WellhouseOne | 041.900
2017-01-03 14:34:44 | TEMPLOG : Table    One | 045.500
2017-01-03 14:35:44 | TEMPLOG : Bio   Filter | 045.500
2017-01-03 14:37:47 | TEMPLOG : WellhouseOne | 041.000
2017-01-03 14:37:48 | TEMPLOG : Table    One | 044.600
2017-01-03 14:38:49 | TEMPLOG : WellhouseOne | 040.100
2017-01-03 14:38:49 | TEMPLOG : Table    One | 045.500
2017-01-03 14:41:51 | TEMPLOG : WellhouseOne | 042.800
2017-01-03 14:41:51 | TEMPLOG : Bio   Filter | 046.400
2017-01-03 14:41:52 | TEMPLOG : Table    One | 046.400
2017-01-03 14:42:52 | TEMPLOG : WellhouseOne | 105.800
2017-01-03 14:42:52 | TEMPLOG : Bio   Filter | 047.300
2017-01-03 14:42:53 | TEMPLOG : To   GeoLoop | 046.400
2017-01-03 14:42:53 | TEMPLOG : Table    One | 048.200
2017-01-03 14:43:53 | TEMPLOG : WellhouseOne | 122.000
2017-01-03 14:44:55 | TEMPLOG : WellhouseOne | 130.100
2017-01-03 14:44:55 | TEMPLOG : Bio   Filter | 048.200
2017-01-03 14:45:56 | TEMPLOG : WellhouseOne | 105.800
2017-01-03 14:45:57 | TEMPLOG : Table    One | 049.100
2017-01-03 14:46:58 | TEMPLOG : WellhouseOne | 085.100
2017-01-03 14:48:00 | TEMPLOG : WellhouseOne | 071.600
2017-01-03 14:49:01 | TEMPLOG : WellhouseOne | 065.300
2017-01-03 14:50:01 | TEMPLOG : WellhouseOne | 059.900
2017-01-03 14:51:02 | TEMPLOG : WellhouseOne | 054.500
2017-01-03 14:52:03 | TEMPLOG : WellhouseOne | 051.800
2017-01-03 14:53:04 | TEMPLOG : WellhouseOne | 050.000
2017-01-03 14:53:06 | TEMPLOG : Bio   Filter | 049.100
2017-01-03 14:53:06 | TEMPLOG : Table    One | 050.000
2017-01-03 14:54:06 | TEMPLOG : WellhouseOne | 048.200
2017-01-03 14:54:08 | TEMPLOG : Bio   Filter | 050.000
2017-01-03 14:54:08 | TEMPLOG : To   GeoLoop | 047.300
2017-01-03 14:55:09 | TEMPLOG : WellhouseOne | 046.400
2017-01-03 14:55:09 | TEMPLOG : Table    One | 050.900
2017-01-03 14:56:09 | TEMPLOG : Bio   Filter | 050.900
2017-01-03 14:56:11 | TEMPLOG : Table    One | 051.800
2017-01-03 14:57:11 | TEMPLOG : WellhouseOne | 045.500
2017-01-03 14:58:12 | TEMPLOG : WellhouseOne | 044.600
2017-01-03 14:58:13 | TEMPLOG : Table    One | 052.700
2017-01-03 15:00:15 | TEMPLOG : WellhouseOne | 043.700
2017-01-03 15:00:15 | TEMPLOG : Bio   Filter | 050.900
2017-01-03 15:00:15 | TEMPLOG : To   GeoLoop | 047.300
2017-01-03 15:00:15 | TEMPLOG : Table    One | 051.800
2017-01-03 15:01:15 | TEMPLOG : WellhouseOne | 042.800
2017-01-03 15:03:18 | TEMPLOG : WellhouseOne | 041.900
2017-01-03 15:04:20 | TEMPLOG : WellhouseOne | 041.000
2017-01-03 15:06:23 | TEMPLOG : Bio   Filter | 051.800
2017-01-03 15:06:23 | TEMPLOG : Table    One | 052.700
2017-01-03 15:08:26 | TEMPLOG : WellhouseOne | 063.500
2017-01-03 15:08:26 | TEMPLOG : Table    One | 051.800
2017-01-03 15:09:27 | TEMPLOG : WellhouseOne | 108.500
2017-01-03 15:09:27 | TEMPLOG : Bio   Filter | 050.900
2017-01-03 15:10:29 | TEMPLOG : WellhouseOne | 126.500
2017-01-03 15:10:30 | TEMPLOG : Table    One | 050.900
2017-01-03 15:11:30 | TEMPLOG : WellhouseOne | 131.900
2017-01-03 15:11:30 | TEMPLOG : Bio   Filter | 050.000
2017-01-03 15:12:31 | TEMPLOG : WellhouseOne | 095.000
2017-01-03 15:13:32 | TEMPLOG : WellhouseOne | 080.600
2017-01-03 15:13:33 | TEMPLOG : Table    One | 050.000
2017-01-03 15:14:33 | TEMPLOG : WellhouseOne | 068.900
2017-01-03 15:14:33 | TEMPLOG : Bio   Filter | 049.100
2017-01-03 15:14:34 | TEMPLOG : To   GeoLoop | 046.400
2017-01-03 15:14:34 | TEMPLOG : Table    One | 049.100
2017-01-03 15:15:35 | TEMPLOG : WellhouseOne | 061.700
2017-01-03 15:15:35 | TEMPLOG : Bio   Filter | 048.200
2017-01-03 15:15:36 | TEMPLOG : Table    One | 048.200
2017-01-03 15:16:37 | TEMPLOG : WellhouseOne | 056.300
2017-01-03 15:16:37 | TEMPLOG : Bio   Filter | 047.300
2017-01-03 15:16:37 | TEMPLOG : Table    One | 047.300
2017-01-03 15:17:37 | TEMPLOG : WellhouseOne | 052.700
2017-01-03 15:18:39 | TEMPLOG : WellhouseOne | 050.900
2017-01-03 15:18:39 | TEMPLOG : Bio   Filter | 046.400
2017-01-03 15:18:40 | TEMPLOG : Table    One | 046.400
2017-01-03 15:19:40 | TEMPLOG : WellhouseOne | 048.200
2017-01-03 15:19:41 | TEMPLOG : Bio   Filter | 045.500
2017-01-03 15:19:41 | TEMPLOG : To   GeoLoop | 045.500
2017-01-03 15:19:41 | TEMPLOG : Table    One | 045.500
2017-01-03 15:20:42 | TEMPLOG : WellhouseOne | 047.300
2017-01-03 15:20:42 | TEMPLOG : Table    One | 044.600
2017-01-03 15:21:43 | TEMPLOG : WellhouseOne | 046.400
2017-01-03 15:21:43 | TEMPLOG : Bio   Filter | 044.600
2017-01-03 15:22:43 | TEMPLOG : WellhouseOne | 045.500
2017-01-03 15:22:44 | TEMPLOG : Table    One | 043.700
2017-01-03 15:24:46 | TEMPLOG : WellhouseOne | 043.700
2017-01-03 15:25:47 | TEMPLOG : WellhouseOne | 042.800
2017-01-03 15:25:48 | TEMPLOG : Table    One | 044.600
2017-01-03 15:27:49 | TEMPLOG : WellhouseOne | 041.900
2017-01-03 15:28:51 | TEMPLOG : WellhouseOne | 041.000
2017-01-03 15:28:51 | TEMPLOG : Table    One | 045.500
2017-01-03 15:29:52 | TEMPLOG : WellhouseOne | 040.100
2017-01-03 15:30:53 | TEMPLOG : WellhouseOne | 039.200
2017-01-03 15:33:58 | TEMPLOG : WellhouseOne | 038.300
2017-01-03 15:36:00 | TEMPLOG : WellhouseOne | 102.200
2017-01-03 15:36:01 | TEMPLOG : Bio   Filter | 045.500
2017-01-03 15:36:01 | TEMPLOG : Table    One | 046.400
2017-01-03 15:37:02 | TEMPLOG : WellhouseOne | 122.000
2017-01-03 15:38:05 | TEMPLOG : WellhouseOne | 130.100
2017-01-03 15:39:06 | TEMPLOG : WellhouseOne | 112.100
2017-01-03 15:39:06 | TEMPLOG : Bio   Filter | 044.600
2017-01-03 15:39:07 | TEMPLOG : Table    One | 045.500
2017-01-03 15:40:07 | TEMPLOG : WellhouseOne | 088.700
2017-01-03 15:40:08 | TEMPLOG : Table    One | 044.600
2017-01-03 15:41:08 | TEMPLOG : WellhouseOne | 071.600
2017-01-03 15:41:08 | TEMPLOG : Bio   Filter | 043.700
2017-01-03 15:41:09 | TEMPLOG : Table    One | 043.700
2017-01-03 15:42:09 | TEMPLOG : WellhouseOne | 061.700
2017-01-03 15:42:09 | TEMPLOG : Bio   Filter | 042.800
2017-01-03 15:42:10 | TEMPLOG : Table    One | 042.800
2017-01-03 15:43:10 | TEMPLOG : WellhouseOne | 057.200
2017-01-03 15:43:10 | TEMPLOG : Bio   Filter | 041.900
2017-01-03 15:43:11 | TEMPLOG : To   GeoLoop | 044.600
2017-01-03 15:43:11 | TEMPLOG : Table    One | 041.900
2017-01-03 15:44:11 | TEMPLOG : WellhouseOne | 052.700
2017-01-03 15:44:12 | TEMPLOG : Table    One | 041.000
2017-01-03 15:45:12 | TEMPLOG : WellhouseOne | 050.000
2017-01-03 15:45:12 | TEMPLOG : Bio   Filter | 041.000
2017-01-03 15:46:13 | TEMPLOG : WellhouseOne | 048.200
2017-01-03 15:46:13 | TEMPLOG : Bio   Filter | 040.100
2017-01-03 15:46:14 | TEMPLOG : Table    One | 040.100
2017-01-03 15:47:15 | TEMPLOG : WellhouseOne | 047.300
2017-01-03 15:48:16 | TEMPLOG : WellhouseOne | 045.500
2017-01-03 15:48:17 | TEMPLOG : Table    One | 039.200
2017-01-03 15:49:17 | TEMPLOG : WellhouseOne | 043.700
2017-01-03 15:49:17 | TEMPLOG : Bio   Filter | 039.200
2017-01-03 15:50:18 | TEMPLOG : WellhouseOne | 042.800
2017-01-03 15:50:19 | TEMPLOG : To   GeoLoop | 043.700
2017-01-03 15:51:19 | TEMPLOG : WellhouseOne | 041.900
2017-01-03 15:51:20 | TEMPLOG : Table    One | 038.300
2017-01-03 15:52:21 | TEMPLOG : Bio   Filter | 038.300
2017-01-03 15:53:21 | TEMPLOG : WellhouseOne | 041.000
2017-01-03 15:55:24 | TEMPLOG : Bio   Filter | 037.400
2017-01-03 15:55:24 | TEMPLOG : Table    One | 037.400
2017-01-03 15:56:25 | TEMPLOG : WellhouseOne | 040.100
2017-01-03 15:57:26 | TEMPLOG : WellhouseOne | 041.000
2017-01-03 16:00:31 | TEMPLOG : WellhouseOne | 041.000
2017-01-03 16:00:31 | TEMPLOG : Bio   Filter | 037.400
2017-01-03 16:00:32 | TEMPLOG : To   GeoLoop | 043.700
2017-01-03 16:00:32 | TEMPLOG : Table    One | 036.500
2017-01-03 16:01:33 | TEMPLOG : WellhouseOne | 040.100
2017-01-03 16:02:33 | TEMPLOG : WellhouseOne | 087.800
2017-01-03 16:02:34 | TEMPLOG : Bio   Filter | 036.500
2017-01-03 16:03:35 | TEMPLOG : WellhouseOne | 112.100
2017-01-03 16:04:36 | TEMPLOG : WellhouseOne | 125.600
2017-01-03 16:05:37 | TEMPLOG : WellhouseOne | 131.900
2017-01-03 16:06:38 | TEMPLOG : WellhouseOne | 108.500
2017-01-03 16:07:39 | TEMPLOG : WellhouseOne | 081.500
2017-01-03 16:08:40 | TEMPLOG : WellhouseOne | 070.700
2017-01-03 16:09:41 | TEMPLOG : WellhouseOne | 063.500
2017-01-03 16:10:44 | TEMPLOG : WellhouseOne | 059.000
2017-01-03 16:10:45 | TEMPLOG : Table    One | 035.600
2017-01-03 16:11:45 | TEMPLOG : WellhouseOne | 055.400
2017-01-03 16:11:46 | TEMPLOG : Bio   Filter | 035.600
2017-01-03 16:11:46 | TEMPLOG : To   GeoLoop | 042.800
2017-01-03 16:12:46 | TEMPLOG : WellhouseOne | 051.800
2017-01-03 16:12:46 | TEMPLOG : To   GeoLoop | 043.700
2017-01-03 16:13:47 | TEMPLOG : WellhouseOne | 050.000
2017-01-03 16:14:48 | TEMPLOG : WellhouseOne | 048.200
2017-01-03 16:14:49 | TEMPLOG : To   GeoLoop | 042.800
2017-01-03 16:15:49 | TEMPLOG : WellhouseOne | 047.300
2017-01-03 16:16:51 | TEMPLOG : WellhouseOne | 046.400
2017-01-03 16:17:52 | TEMPLOG : WellhouseOne | 045.500
2017-01-03 16:17:53 | TEMPLOG : Table    One | 034.700
2017-01-03 16:18:53 | TEMPLOG : WellhouseOne | 044.600
2017-01-03 16:19:54 | TEMPLOG : WellhouseOne | 043.700
2017-01-03 16:20:55 | TEMPLOG : Bio   Filter | 034.700
2017-01-03 16:21:56 | TEMPLOG : WellhouseOne | 042.800
2017-01-03 16:23:58 | TEMPLOG : WellhouseOne | 041.900
2017-01-03 16:23:58 | TEMPLOG : Table    One | 033.800
2017-01-03 16:24:59 | TEMPLOG : Bio   Filter | 033.800
2017-01-03 16:26:00 | TEMPLOG : WellhouseOne | 041.000
2017-01-03 16:27:01 | TEMPLOG : WellhouseOne | 040.100
2017-01-03 16:28:02 | TEMPLOG : WellhouseOne | 039.200
2017-01-03 16:29:04 | TEMPLOG : WellhouseOne | 069.800
2017-01-03 16:29:06 | TEMPLOG : Table    One | 032.900
2017-01-03 16:30:06 | TEMPLOG : WellhouseOne | 110.300
2017-01-03 16:31:08 | TEMPLOG : WellhouseOne | 122.000
2017-01-03 16:32:09 | TEMPLOG : WellhouseOne | 127.400
2017-01-03 16:33:10 | TEMPLOG : WellhouseOne | 131.900
2017-01-03 16:33:10 | TEMPLOG : Bio   Filter | 032.900
2017-01-03 16:34:11 | TEMPLOG : WellhouseOne | 098.600
2017-01-03 16:35:12 | TEMPLOG : WellhouseOne | 080.600
2017-01-03 16:36:14 | TEMPLOG : WellhouseOne | 068.000
2017-01-03 16:36:14 | TEMPLOG : To   GeoLoop | 041.900
2017-01-03 16:37:15 | TEMPLOG : WellhouseOne | 060.800
2017-01-03 16:38:17 | TEMPLOG : WellhouseOne | 056.300
2017-01-03 16:39:18 | TEMPLOG : WellhouseOne | 052.700
2017-01-03 16:40:20 | TEMPLOG : WellhouseOne | 050.900
2017-01-03 16:41:21 | TEMPLOG : WellhouseOne | 049.100
2017-01-03 16:42:21 | TEMPLOG : WellhouseOne | 047.300
2017-01-03 16:43:23 | TEMPLOG : WellhouseOne | 046.400
2017-01-03 16:44:24 | TEMPLOG : WellhouseOne | 045.500
2017-01-03 16:45:25 | TEMPLOG : WellhouseOne | 044.600
2017-01-03 16:45:27 | TEMPLOG : Table    One | 031.100
2017-01-03 16:46:27 | TEMPLOG : WellhouseOne | 043.700
2017-01-03 16:47:28 | TEMPLOG : WellhouseOne | 042.800
2017-01-03 16:49:31 | TEMPLOG : WellhouseOne | 041.900
2017-01-03 16:50:33 | TEMPLOG : Bio   Filter | 031.100
2017-01-03 16:51:34 | TEMPLOG : WellhouseOne | 041.000
2017-01-03 16:53:38 | TEMPLOG : WellhouseOne | 040.100
2017-01-03 16:55:41 | TEMPLOG : WellhouseOne | 087.800
2017-01-03 16:56:42 | TEMPLOG : WellhouseOne | 113.000
2017-01-03 16:57:43 | TEMPLOG : WellhouseOne | 122.000
2017-01-03 16:57:46 | TEMPLOG : Table    One | 030.200
2017-01-03 16:58:46 | TEMPLOG : WellhouseOne | 129.200
2017-01-03 16:59:47 | TEMPLOG : WellhouseOne | 132.800
2017-01-03 16:59:47 | TEMPLOG : Bio   Filter | 030.200
2017-01-03 17:00:49 | TEMPLOG : WellhouseOne | 123.800
2017-01-03 17:00:49 | TEMPLOG : Bio   Filter | 030.200
2017-01-03 17:00:49 | TEMPLOG : To   GeoLoop | 041.900
2017-01-03 17:00:50 | TEMPLOG : Table    One | 030.200
2017-01-03 17:01:50 | TEMPLOG : WellhouseOne | 087.800
2017-01-03 17:02:51 | TEMPLOG : WellhouseOne | 073.400
2017-01-03 17:03:51 | TEMPLOG : WellhouseOne | 065.300
2017-01-03 17:04:52 | TEMPLOG : WellhouseOne | 059.900
2017-01-03 17:05:54 | TEMPLOG : WellhouseOne | 056.300
2017-01-03 17:06:55 | TEMPLOG : WellhouseOne | 053.600
2017-01-03 17:07:56 | TEMPLOG : WellhouseOne | 050.900
2017-01-03 17:08:58 | TEMPLOG : WellhouseOne | 050.000
2017-01-03 17:10:00 | TEMPLOG : WellhouseOne | 048.200
2017-01-03 17:11:02 | TEMPLOG : WellhouseOne | 046.400
2017-01-03 17:12:03 | TEMPLOG : WellhouseOne | 045.500
2017-01-03 17:13:04 | TEMPLOG : WellhouseOne | 044.600
2017-01-03 17:14:05 | TEMPLOG : WellhouseOne | 043.700
2017-01-03 17:15:06 | TEMPLOG : WellhouseOne | 042.800
2017-01-03 17:16:08 | TEMPLOG : Bio   Filter | 029.300
2017-01-03 17:16:08 | TEMPLOG : Table    One | 029.300
2017-01-03 17:17:08 | TEMPLOG : WellhouseOne | 041.900
2017-01-03 17:17:09 | TEMPLOG : To   GeoLoop | 041.000
2017-01-03 17:18:10 | TEMPLOG : WellhouseOne | 041.000
2017-01-03 17:18:11 | TEMPLOG : Bio   Filter | 030.200
2017-01-03 17:19:12 | TEMPLOG : Bio   Filter | 029.300
2017-01-03 17:20:14 | TEMPLOG : To   GeoLoop | 041.900
2017-01-03 17:21:14 | TEMPLOG : WellhouseOne | 040.100
2017-01-03 17:21:14 | TEMPLOG : To   GeoLoop | 041.000
2017-01-03 17:22:16 | TEMPLOG : WellhouseOne | 066.200
2017-01-03 17:23:18 | TEMPLOG : WellhouseOne | 106.700
2017-01-03 17:24:19 | TEMPLOG : WellhouseOne | 119.300
2017-01-03 17:25:19 | TEMPLOG : WellhouseOne | 125.600
2017-01-03 17:26:20 | TEMPLOG : WellhouseOne | 130.100
2017-01-03 17:27:21 | TEMPLOG : WellhouseOne | 134.600
2017-01-03 17:28:22 | TEMPLOG : WellhouseOne | 137.300
2017-01-03 17:29:24 | TEMPLOG : WellhouseOne | 096.800
2017-01-03 17:30:25 | TEMPLOG : WellhouseOne | 078.800
2017-01-03 17:31:26 | TEMPLOG : WellhouseOne | 068.900
2017-01-03 17:32:27 | TEMPLOG : WellhouseOne | 062.600
2017-01-03 17:33:28 | TEMPLOG : WellhouseOne | 059.000
2017-01-03 17:34:29 | TEMPLOG : WellhouseOne | 055.400
2017-01-03 17:35:30 | TEMPLOG : WellhouseOne | 052.700
2017-01-03 17:36:31 | TEMPLOG : WellhouseOne | 050.900
2017-01-03 17:37:32 | TEMPLOG : WellhouseOne | 048.200
2017-01-03 17:38:34 | TEMPLOG : WellhouseOne | 047.300
2017-01-03 17:38:35 | TEMPLOG : Table    One | 028.400
2017-01-03 17:39:35 | TEMPLOG : WellhouseOne | 045.500
2017-01-03 17:39:36 | TEMPLOG : Table    One | 029.300
2017-01-03 17:40:36 | TEMPLOG : WellhouseOne | 043.700
2017-01-03 17:40:37 | TEMPLOG : Table    One | 028.400
2017-01-03 17:41:37 | TEMPLOG : WellhouseOne | 042.800
2017-01-03 17:42:38 | TEMPLOG : WellhouseOne | 041.000
2017-01-03 17:44:42 | TEMPLOG : WellhouseOne | 040.100
2017-01-03 17:44:42 | TEMPLOG : Bio   Filter | 028.400
2017-01-03 17:45:43 | TEMPLOG : WellhouseOne | 039.200
2017-01-03 17:45:44 | TEMPLOG : Bio   Filter | 029.300
2017-01-03 17:47:47 | TEMPLOG : WellhouseOne | 038.300
2017-01-03 17:47:47 | TEMPLOG : Bio   Filter | 028.400
2017-01-03 17:49:49 | TEMPLOG : WellhouseOne | 037.400
2017-01-03 17:50:50 | TEMPLOG : WellhouseOne | 043.700
2017-01-03 17:51:51 | TEMPLOG : WellhouseOne | 103.100
2017-01-03 17:52:52 | TEMPLOG : WellhouseOne | 120.200
2017-01-03 17:53:54 | TEMPLOG : WellhouseOne | 127.400
2017-01-03 17:54:55 | TEMPLOG : WellhouseOne | 129.200
2017-01-03 17:55:56 | TEMPLOG : WellhouseOne | 131.900
2017-01-03 17:56:58 | TEMPLOG : WellhouseOne | 133.700
2017-01-03 17:57:59 | TEMPLOG : WellhouseOne | 101.300
2017-01-03 17:59:01 | TEMPLOG : WellhouseOne | 082.400
2017-01-03 17:59:02 | TEMPLOG : Table    One | 027.500
2017-01-03 18:00:02 | TEMPLOG : WellhouseOne | 072.500
2017-01-03 18:00:02 | TEMPLOG : Bio   Filter | 028.400
2017-01-03 18:00:02 | TEMPLOG : To   GeoLoop | 041.000
2017-01-03 18:00:02 | TEMPLOG : Table    One | 027.500
2017-01-03 18:01:19 | TEMPLOG : WellhouseOne | 063.500
2017-01-03 18:02:21 | TEMPLOG : WellhouseOne | 055.400
2017-01-03 18:03:22 | TEMPLOG : WellhouseOne | 053.600
2017-01-03 18:04:23 | TEMPLOG : WellhouseOne | 051.800
2017-01-03 18:04:24 | TEMPLOG : Bio   Filter | 027.500
2017-01-03 18:04:24 | TEMPLOG : To   GeoLoop | 040.100
2017-01-03 18:05:24 | TEMPLOG : WellhouseOne | 049.100
2017-01-03 18:05:25 | TEMPLOG : To   GeoLoop | 041.000
2017-01-03 18:06:25 | TEMPLOG : WellhouseOne | 046.400
2017-01-03 18:06:25 | TEMPLOG : Bio   Filter | 028.400
2017-01-03 18:07:27 | TEMPLOG : WellhouseOne | 044.600
2017-01-03 18:07:28 | TEMPLOG : To   GeoLoop | 040.100
2017-01-03 18:08:28 | TEMPLOG : WellhouseOne | 042.800
2017-01-03 18:08:29 | TEMPLOG : To   GeoLoop | 041.000
2017-01-03 18:09:29 | TEMPLOG : WellhouseOne | 041.000
2017-01-03 18:09:29 | TEMPLOG : Bio   Filter | 027.500
2017-01-03 18:10:31 | TEMPLOG : WellhouseOne | 040.100
2017-01-03 18:12:33 | TEMPLOG : WellhouseOne | 039.200
2017-01-03 18:12:33 | TEMPLOG : Bio   Filter | 028.400
2017-01-03 18:12:33 | TEMPLOG : To   GeoLoop | 040.100
2017-01-03 18:13:34 | TEMPLOG : WellhouseOne | 038.300
2017-01-03 18:14:35 | TEMPLOG : Bio   Filter | 027.500
2017-01-03 18:15:36 | TEMPLOG : WellhouseOne | 037.400
2017-01-03 18:15:36 | TEMPLOG : Bio   Filter | 028.400
2017-01-03 18:16:37 | TEMPLOG : Bio   Filter | 027.500
2017-01-03 18:18:39 | TEMPLOG : WellhouseOne | 035.600
2017-01-03 18:19:40 | TEMPLOG : WellhouseOne | 087.800
2017-01-03 18:20:42 | TEMPLOG : WellhouseOne | 112.100
2017-01-03 18:21:43 | TEMPLOG : WellhouseOne | 120.200
2017-01-03 18:22:44 | TEMPLOG : WellhouseOne | 125.600
2017-01-03 18:23:46 | TEMPLOG : WellhouseOne | 128.300
2017-01-03 18:24:47 | TEMPLOG : WellhouseOne | 131.000
2017-01-03 18:25:48 | TEMPLOG : WellhouseOne | 127.400
2017-01-03 18:26:49 | TEMPLOG : WellhouseOne | 092.300
2017-01-03 18:27:49 | TEMPLOG : WellhouseOne | 077.900
2017-01-03 18:28:51 | TEMPLOG : WellhouseOne | 068.000
2017-01-03 18:28:52 | TEMPLOG : Table    One | 026.600
2017-01-03 18:29:53 | TEMPLOG : WellhouseOne | 061.700
2017-01-03 18:29:53 | TEMPLOG : Table    One | 027.500
2017-01-03 18:30:54 | TEMPLOG : WellhouseOne | 057.200
2017-01-03 18:30:54 | TEMPLOG : Table    One | 026.600
2017-01-03 18:31:54 | TEMPLOG : WellhouseOne | 052.700
2017-01-03 18:32:57 | TEMPLOG : WellhouseOne | 050.000
2017-01-03 18:33:58 | TEMPLOG : WellhouseOne | 047.300
2017-01-03 18:35:00 | TEMPLOG : WellhouseOne | 044.600
2017-01-03 18:36:00 | TEMPLOG : WellhouseOne | 043.700
2017-01-03 18:37:01 | TEMPLOG : WellhouseOne | 041.900
2017-01-03 18:38:02 | TEMPLOG : WellhouseOne | 041.000
2017-01-03 18:39:03 | TEMPLOG : WellhouseOne | 039.200
2017-01-03 18:40:04 | TEMPLOG : WellhouseOne | 038.300
2017-01-03 18:41:05 | TEMPLOG : WellhouseOne | 037.400
2017-01-03 18:42:07 | TEMPLOG : WellhouseOne | 038.300
2017-01-03 18:44:09 | TEMPLOG : WellhouseOne | 037.400
2017-01-03 18:44:09 | TEMPLOG : Bio   Filter | 026.600
2017-01-03 18:45:10 | TEMPLOG : WellhouseOne | 036.500
2017-01-03 18:46:11 | TEMPLOG : WellhouseOne | 035.600
2017-01-03 18:47:12 | TEMPLOG : WellhouseOne | 064.400
2017-01-03 18:48:14 | TEMPLOG : WellhouseOne | 111.200
2017-01-03 18:49:15 | TEMPLOG : WellhouseOne | 120.200
2017-01-03 18:50:16 | TEMPLOG : WellhouseOne | 122.900
2017-01-03 18:51:17 | TEMPLOG : WellhouseOne | 126.500
2017-01-03 18:52:18 | TEMPLOG : WellhouseOne | 129.200
2017-01-03 18:53:19 | TEMPLOG : WellhouseOne | 131.000
2017-01-03 18:55:23 | TEMPLOG : WellhouseOne | 092.300
2017-01-03 18:56:24 | TEMPLOG : WellhouseOne | 077.000
2017-01-03 18:57:25 | TEMPLOG : WellhouseOne | 067.100
2017-01-03 18:58:26 | TEMPLOG : WellhouseOne | 060.800
2017-01-03 18:59:27 | TEMPLOG : WellhouseOne | 056.300
2017-01-03 18:59:28 | TEMPLOG : Table    One | 025.700
2017-01-03 19:00:28 | TEMPLOG : WellhouseOne | 051.800
2017-01-03 19:00:29 | TEMPLOG : Bio   Filter | 026.600
2017-01-03 19:00:29 | TEMPLOG : To   GeoLoop | 040.100
2017-01-03 19:00:30 | TEMPLOG : Table    One | 026.600
2017-01-03 19:01:30 | TEMPLOG : WellhouseOne | 050.900
2017-01-03 19:02:32 | TEMPLOG : WellhouseOne | 048.200
2017-01-03 19:02:33 | TEMPLOG : Table    One | 025.700
2017-01-03 19:03:33 | TEMPLOG : WellhouseOne | 045.500
2017-01-03 19:04:34 | TEMPLOG : WellhouseOne | 043.700
2017-01-03 19:05:35 | TEMPLOG : WellhouseOne | 042.800
2017-01-03 19:05:36 | TEMPLOG : Table    One | 026.600
2017-01-03 19:06:36 | TEMPLOG : WellhouseOne | 041.000
2017-01-03 19:06:36 | TEMPLOG : Table    One | 025.700
2017-01-03 19:07:37 | TEMPLOG : WellhouseOne | 040.100
2017-01-03 19:08:38 | TEMPLOG : WellhouseOne | 039.200
2017-01-03 19:09:39 | TEMPLOG : WellhouseOne | 038.300
2017-01-03 19:10:40 | TEMPLOG : WellhouseOne | 040.100
2017-01-03 19:12:42 | TEMPLOG : WellhouseOne | 039.200
2017-01-03 19:12:43 | TEMPLOG : To   GeoLoop | 039.200
2017-01-03 19:14:46 | TEMPLOG : WellhouseOne | 038.300
2017-01-03 19:15:47 | TEMPLOG : WellhouseOne | 096.800
2017-01-03 19:16:48 | TEMPLOG : WellhouseOne | 113.000
2017-01-03 19:17:49 | TEMPLOG : WellhouseOne | 121.100
2017-01-03 19:17:50 | TEMPLOG : To   GeoLoop | 040.100
2017-01-03 19:18:50 | TEMPLOG : WellhouseOne | 125.600
2017-01-03 19:18:51 | TEMPLOG : To   GeoLoop | 039.200
2017-01-03 19:19:51 | TEMPLOG : WellhouseOne | 129.200
2017-01-03 19:20:53 | TEMPLOG : WellhouseOne | 131.900
2017-01-03 19:21:54 | TEMPLOG : WellhouseOne | 132.800
2017-01-03 19:22:56 | TEMPLOG : WellhouseOne | 134.600
2017-01-03 19:23:58 | TEMPLOG : WellhouseOne | 135.500
2017-01-03 19:26:00 | TEMPLOG : WellhouseOne | 096.800
2017-01-03 19:26:01 | TEMPLOG : Bio   Filter | 025.700
2017-01-03 19:27:01 | TEMPLOG : WellhouseOne | 080.600
2017-01-03 19:27:01 | TEMPLOG : Bio   Filter | 026.600
2017-01-03 19:28:02 | TEMPLOG : WellhouseOne | 070.700
2017-01-03 19:28:02 | TEMPLOG : Bio   Filter | 025.700
2017-01-03 19:29:03 | TEMPLOG : WellhouseOne | 064.400
2017-01-03 19:30:04 | TEMPLOG : WellhouseOne | 059.900
2017-01-03 19:31:05 | TEMPLOG : WellhouseOne | 055.400
2017-01-03 19:32:06 | TEMPLOG : WellhouseOne | 052.700
2017-01-03 19:33:09 | TEMPLOG : WellhouseOne | 049.100
2017-01-03 19:34:12 | TEMPLOG : WellhouseOne | 047.300
2017-01-03 19:35:13 | TEMPLOG : WellhouseOne | 045.500
2017-01-03 19:36:15 | TEMPLOG : WellhouseOne | 043.700
2017-01-03 19:37:16 | TEMPLOG : WellhouseOne | 041.000
2017-01-03 19:40:20 | TEMPLOG : WellhouseOne | 039.200
2017-01-03 19:41:22 | TEMPLOG : Table    One | 024.800
2017-01-03 19:42:22 | TEMPLOG : WellhouseOne | 038.300
2017-01-03 19:43:23 | TEMPLOG : WellhouseOne | 037.400
2017-01-03 19:44:25 | TEMPLOG : WellhouseOne | 036.500
2017-01-03 19:45:26 | TEMPLOG : WellhouseOne | 035.600
2017-01-03 19:46:27 | TEMPLOG : WellhouseOne | 078.800
2017-01-03 19:47:28 | TEMPLOG : WellhouseOne | 107.600
2017-01-03 19:48:28 | TEMPLOG : WellhouseOne | 116.600
2017-01-03 19:49:30 | TEMPLOG : WellhouseOne | 122.000
2017-01-03 19:50:32 | TEMPLOG : WellhouseOne | 125.600
2017-01-03 19:51:33 | TEMPLOG : WellhouseOne | 128.300
2017-01-03 19:52:34 | TEMPLOG : WellhouseOne | 131.000
2017-01-03 19:53:35 | TEMPLOG : WellhouseOne | 131.900
2017-01-03 19:54:36 | TEMPLOG : WellhouseOne | 133.700
2017-01-03 19:55:38 | TEMPLOG : WellhouseOne | 135.500
2017-01-03 19:57:41 | TEMPLOG : WellhouseOne | 115.700
2017-01-03 19:58:42 | TEMPLOG : WellhouseOne | 089.600
2017-01-03 19:59:43 | TEMPLOG : WellhouseOne | 077.000
2017-01-03 20:00:45 | TEMPLOG : WellhouseOne | 068.900
2017-01-03 20:00:45 | TEMPLOG : Bio   Filter | 025.700
2017-01-03 20:00:45 | TEMPLOG : To   GeoLoop | 039.200
2017-01-03 20:00:45 | TEMPLOG : Table    One | 024.800
2017-01-03 20:01:46 | TEMPLOG : WellhouseOne | 062.600
2017-01-03 20:02:47 | TEMPLOG : WellhouseOne | 058.100
2017-01-03 20:03:48 | TEMPLOG : WellhouseOne | 055.400
2017-01-03 20:04:49 | TEMPLOG : WellhouseOne | 051.800
2017-01-03 20:05:50 | TEMPLOG : WellhouseOne | 050.000
2017-01-03 20:06:50 | TEMPLOG : WellhouseOne | 049.100
2017-01-03 20:07:52 | TEMPLOG : WellhouseOne | 047.300
2017-01-03 20:08:54 | TEMPLOG : WellhouseOne | 045.500
2017-01-03 20:10:57 | TEMPLOG : WellhouseOne | 044.600
2017-01-03 20:11:58 | TEMPLOG : WellhouseOne | 043.700
2017-01-03 20:12:59 | TEMPLOG : WellhouseOne | 042.800
2017-01-03 20:15:02 | TEMPLOG : WellhouseOne | 041.900
2017-01-03 20:15:03 | TEMPLOG : Bio   Filter | 024.800
2017-01-03 20:17:05 | TEMPLOG : WellhouseOne | 040.100
2017-01-03 20:18:06 | TEMPLOG : WellhouseOne | 094.100
2017-01-03 20:19:08 | TEMPLOG : WellhouseOne | 112.100
2017-01-03 20:20:08 | TEMPLOG : WellhouseOne | 119.300
2017-01-03 20:21:10 | TEMPLOG : WellhouseOne | 125.600
2017-01-03 20:21:11 | TEMPLOG : To   GeoLoop | 038.300
2017-01-03 20:22:12 | TEMPLOG : WellhouseOne | 129.200
2017-01-03 20:23:13 | TEMPLOG : WellhouseOne | 131.000
2017-01-03 20:24:14 | TEMPLOG : WellhouseOne | 131.900
2017-01-03 20:25:15 | TEMPLOG : WellhouseOne | 133.700
2017-01-03 20:26:16 | TEMPLOG : WellhouseOne | 134.600
2017-01-03 20:27:17 | TEMPLOG : WellhouseOne | 135.500
2017-01-03 20:28:17 | TEMPLOG : WellhouseOne | 136.400
2017-01-03 20:28:18 | TEMPLOG : Table    One | 023.900
2017-01-03 20:30:19 | TEMPLOG : WellhouseOne | 137.300
2017-01-03 20:31:20 | TEMPLOG : WellhouseOne | 119.300
2017-01-03 20:32:22 | TEMPLOG : WellhouseOne | 091.400
2017-01-03 20:33:23 | TEMPLOG : WellhouseOne | 078.800
2017-01-03 20:34:25 | TEMPLOG : WellhouseOne | 071.600
2017-01-03 20:35:25 | TEMPLOG : WellhouseOne | 064.400
2017-01-03 20:36:26 | TEMPLOG : WellhouseOne | 059.000
2017-01-03 20:37:27 | TEMPLOG : WellhouseOne | 056.300
2017-01-03 20:38:29 | TEMPLOG : WellhouseOne | 052.700
2017-01-03 20:39:30 | TEMPLOG : WellhouseOne | 050.900
2017-01-03 20:40:31 | TEMPLOG : WellhouseOne | 049.100
2017-01-03 20:41:33 | TEMPLOG : WellhouseOne | 048.200
2017-01-03 20:42:34 | TEMPLOG : WellhouseOne | 046.400
2017-01-03 20:43:35 | TEMPLOG : WellhouseOne | 045.500
2017-01-03 20:45:38 | TEMPLOG : WellhouseOne | 044.600
2017-01-03 20:45:39 | TEMPLOG : Bio   Filter | 023.900
2017-01-03 20:46:39 | TEMPLOG : WellhouseOne | 043.700
2017-01-03 20:48:43 | TEMPLOG : WellhouseOne | 041.900
2017-01-03 20:49:44 | TEMPLOG : WellhouseOne | 040.100
2017-01-03 20:50:45 | TEMPLOG : WellhouseOne | 039.200
2017-01-03 20:51:47 | TEMPLOG : WellhouseOne | 095.000
2017-01-03 20:52:47 | TEMPLOG : WellhouseOne | 113.900
2017-01-03 20:53:48 | TEMPLOG : WellhouseOne | 120.200
2017-01-03 20:53:49 | TEMPLOG : Bio   Filter | 024.800
2017-01-03 20:54:49 | TEMPLOG : WellhouseOne | 125.600
2017-01-03 20:55:50 | TEMPLOG : WellhouseOne | 129.200
2017-01-03 20:55:52 | TEMPLOG : Bio   Filter | 023.900
2017-01-03 20:56:53 | TEMPLOG : WellhouseOne | 131.000
2017-01-03 20:57:54 | TEMPLOG : WellhouseOne | 132.800
2017-01-03 20:58:55 | TEMPLOG : WellhouseOne | 133.700
2017-01-03 20:59:56 | TEMPLOG : WellhouseOne | 134.600
2017-01-03 21:00:57 | TEMPLOG : WellhouseOne | 135.500
2017-01-03 21:00:57 | TEMPLOG : Bio   Filter | 024.800
2017-01-03 21:00:58 | TEMPLOG : To   GeoLoop | 038.300
2017-01-03 21:00:58 | TEMPLOG : Table    One | 023.900
2017-01-03 21:01:58 | TEMPLOG : WellhouseOne | 136.400
2017-01-03 21:02:59 | TEMPLOG : WellhouseOne | 137.300
2017-01-03 21:04:00 | TEMPLOG : WellhouseOne | 111.200
2017-01-03 21:04:00 | TEMPLOG : Bio   Filter | 023.900
2017-01-03 21:05:01 | TEMPLOG : WellhouseOne | 091.400
2017-01-03 21:06:02 | TEMPLOG : WellhouseOne | 077.900
2017-01-03 21:07:03 | TEMPLOG : WellhouseOne | 069.800
2017-01-03 21:08:04 | TEMPLOG : WellhouseOne | 063.500
2017-01-03 21:09:05 | TEMPLOG : WellhouseOne | 059.000
2017-01-03 21:10:06 | TEMPLOG : WellhouseOne | 055.400
2017-01-03 21:11:07 | TEMPLOG : WellhouseOne | 052.700
2017-01-03 21:12:08 | TEMPLOG : WellhouseOne | 050.900
2017-01-03 21:13:09 | TEMPLOG : WellhouseOne | 049.100
2017-01-03 21:14:10 | TEMPLOG : WellhouseOne | 048.200
2017-01-03 21:15:12 | TEMPLOG : WellhouseOne | 046.400
2017-01-03 21:17:14 | TEMPLOG : WellhouseOne | 044.600
2017-01-03 21:19:15 | TEMPLOG : WellhouseOne | 042.800
2017-01-03 21:20:17 | TEMPLOG : WellhouseOne | 041.900
2017-01-03 21:21:18 | TEMPLOG : WellhouseOne | 041.000
2017-01-03 21:22:18 | TEMPLOG : WellhouseOne | 040.100
2017-01-03 21:23:19 | TEMPLOG : WellhouseOne | 038.300
2017-01-03 21:24:20 | TEMPLOG : WellhouseOne | 092.300
2017-01-03 21:25:21 | TEMPLOG : WellhouseOne | 112.100
2017-01-03 21:26:23 | TEMPLOG : WellhouseOne | 121.100
2017-01-03 21:26:24 | TEMPLOG : To   GeoLoop | 037.400
2017-01-03 21:27:24 | TEMPLOG : WellhouseOne | 125.600
2017-01-03 21:27:25 | TEMPLOG : To   GeoLoop | 038.300
2017-01-03 21:28:26 | TEMPLOG : WellhouseOne | 129.200
2017-01-03 21:28:26 | TEMPLOG : To   GeoLoop | 037.400
2017-01-03 21:29:27 | TEMPLOG : WellhouseOne | 131.000
2017-01-03 21:29:28 | TEMPLOG : To   GeoLoop | 038.300
2017-01-03 21:30:29 | TEMPLOG : WellhouseOne | 132.800
2017-01-03 21:30:29 | TEMPLOG : To   GeoLoop | 037.400
2017-01-03 21:31:31 | TEMPLOG : WellhouseOne | 133.700
2017-01-03 21:32:32 | TEMPLOG : Table    One | 023.000
2017-01-03 21:33:33 | TEMPLOG : WellhouseOne | 134.600
2017-01-03 21:33:33 | TEMPLOG : Table    One | 023.900
2017-01-03 21:34:33 | TEMPLOG : WellhouseOne | 135.500
2017-01-03 21:34:34 | TEMPLOG : Table    One | 023.000
2017-01-03 21:35:34 | TEMPLOG : WellhouseOne | 137.300
2017-01-03 21:37:37 | TEMPLOG : WellhouseOne | 108.500
2017-01-03 21:38:39 | TEMPLOG : WellhouseOne | 086.900
2017-01-03 21:39:41 | TEMPLOG : WellhouseOne | 075.200
2017-01-03 21:40:42 | TEMPLOG : WellhouseOne | 067.100
2017-01-03 21:41:43 | TEMPLOG : WellhouseOne | 062.600
2017-01-03 21:42:44 | TEMPLOG : WellhouseOne | 057.200
2017-01-03 21:43:44 | TEMPLOG : WellhouseOne | 054.500
2017-01-03 21:44:46 | TEMPLOG : WellhouseOne | 050.900
2017-01-03 21:45:47 | TEMPLOG : WellhouseOne | 050.000
2017-01-03 21:46:48 | TEMPLOG : WellhouseOne | 048.200
2017-01-03 21:47:50 | TEMPLOG : WellhouseOne | 047.300
2017-01-03 21:48:51 | TEMPLOG : WellhouseOne | 046.400
2017-01-03 21:49:54 | TEMPLOG : WellhouseOne | 045.500
2017-01-03 21:50:54 | TEMPLOG : WellhouseOne | 043.700
2017-01-03 21:51:56 | TEMPLOG : WellhouseOne | 041.000
2017-01-03 21:51:57 | TEMPLOG : Table    One | 023.900
2017-01-03 21:52:58 | TEMPLOG : Table    One | 023.000
2017-01-03 21:53:58 | TEMPLOG : WellhouseOne | 040.100
2017-01-03 21:56:02 | TEMPLOG : WellhouseOne | 039.200
2017-01-03 21:56:03 | TEMPLOG : Table    One | 023.900
2017-01-03 21:57:03 | TEMPLOG : WellhouseOne | 086.000
2017-01-03 21:58:04 | TEMPLOG : WellhouseOne | 109.400
2017-01-03 21:59:05 | TEMPLOG : WellhouseOne | 120.200
2017-01-03 22:00:07 | TEMPLOG : WellhouseOne | 124.700
2017-01-03 22:00:07 | TEMPLOG : Bio   Filter | 023.900
2017-01-03 22:00:08 | TEMPLOG : To   GeoLoop | 037.400
2017-01-03 22:00:08 | TEMPLOG : Table    One | 023.900
2017-01-03 22:01:09 | TEMPLOG : WellhouseOne | 128.300
2017-01-03 22:02:10 | TEMPLOG : WellhouseOne | 131.000
2017-01-03 22:03:11 | TEMPLOG : WellhouseOne | 132.800
2017-01-03 22:04:13 | TEMPLOG : WellhouseOne | 134.600
2017-01-03 22:06:15 | TEMPLOG : WellhouseOne | 136.400
2017-01-03 22:06:15 | TEMPLOG : Bio   Filter | 024.800
2017-01-03 22:07:16 | TEMPLOG : Bio   Filter | 023.900
2017-01-03 22:08:17 | TEMPLOG : WellhouseOne | 113.000
2017-01-03 22:09:18 | TEMPLOG : WellhouseOne | 089.600
2017-01-03 22:09:19 | TEMPLOG : To   GeoLoop | 038.300
2017-01-03 22:10:20 | TEMPLOG : WellhouseOne | 077.000
2017-01-03 22:10:20 | TEMPLOG : Bio   Filter | 024.800
2017-01-03 22:10:20 | TEMPLOG : Table    One | 024.800
2017-01-03 22:11:20 | TEMPLOG : WellhouseOne | 069.800
2017-01-03 22:11:20 | TEMPLOG : Bio   Filter | 023.900
2017-01-03 22:11:21 | TEMPLOG : To   GeoLoop | 037.400
2017-01-03 22:12:21 | TEMPLOG : WellhouseOne | 063.500
2017-01-03 22:12:22 | TEMPLOG : Bio   Filter | 024.800
2017-01-03 22:13:23 | TEMPLOG : WellhouseOne | 059.900
2017-01-03 22:14:24 | TEMPLOG : WellhouseOne | 055.400
2017-01-03 22:15:25 | TEMPLOG : WellhouseOne | 053.600
2017-01-03 22:16:26 | TEMPLOG : WellhouseOne | 050.000
2017-01-03 22:16:26 | TEMPLOG : Bio   Filter | 023.900
2017-01-03 22:17:27 | TEMPLOG : WellhouseOne | 049.100
2017-01-03 22:17:27 | TEMPLOG : Bio   Filter | 024.800
2017-01-03 22:18:28 | TEMPLOG : WellhouseOne | 048.200
2017-01-03 22:19:29 | TEMPLOG : WellhouseOne | 047.300
2017-01-03 22:20:32 | TEMPLOG : WellhouseOne | 045.500
2017-01-03 22:20:32 | TEMPLOG : To   GeoLoop | 038.300
2017-01-03 22:21:33 | TEMPLOG : To   GeoLoop | 037.400
2017-01-03 22:22:34 | TEMPLOG : WellhouseOne | 044.600
2017-01-03 22:22:34 | TEMPLOG : To   GeoLoop | 038.300
2017-01-03 22:23:35 | TEMPLOG : WellhouseOne | 041.900
2017-01-03 22:23:36 | TEMPLOG : To   GeoLoop | 037.400
2017-01-03 22:24:36 | TEMPLOG : WellhouseOne | 040.100
2017-01-03 22:26:39 | TEMPLOG : WellhouseOne | 039.200
2017-01-03 22:27:40 | TEMPLOG : WellhouseOne | 038.300
2017-01-03 22:28:41 | TEMPLOG : WellhouseOne | 068.900
2017-01-03 22:29:41 | TEMPLOG : WellhouseOne | 104.900
2017-01-03 22:30:42 | TEMPLOG : WellhouseOne | 117.500
2017-01-03 22:31:43 | TEMPLOG : WellhouseOne | 123.800
2017-01-03 22:32:45 | TEMPLOG : WellhouseOne | 126.500
2017-01-03 22:33:47 | TEMPLOG : WellhouseOne | 129.200
2017-01-03 22:34:47 | TEMPLOG : WellhouseOne | 131.000
2017-01-03 22:36:49 | TEMPLOG : WellhouseOne | 132.800
2017-01-03 22:37:51 | TEMPLOG : WellhouseOne | 134.600
2017-01-03 22:38:52 | TEMPLOG : WellhouseOne | 115.700
2017-01-03 22:39:53 | TEMPLOG : WellhouseOne | 087.800
2017-01-03 22:40:54 | TEMPLOG : WellhouseOne | 077.000
2017-01-03 22:41:55 | TEMPLOG : WellhouseOne | 068.000
2017-01-03 22:42:56 | TEMPLOG : WellhouseOne | 062.600
2017-01-03 22:43:57 | TEMPLOG : WellhouseOne | 058.100
2017-01-03 22:44:59 | TEMPLOG : WellhouseOne | 054.500
2017-01-03 22:45:59 | TEMPLOG : WellhouseOne | 051.800
2017-01-03 22:47:00 | TEMPLOG : WellhouseOne | 050.000
2017-01-03 22:48:02 | TEMPLOG : WellhouseOne | 048.200
2017-01-03 22:49:03 | TEMPLOG : WellhouseOne | 046.400
2017-01-03 22:50:05 | TEMPLOG : WellhouseOne | 045.500
2017-01-03 22:51:06 | TEMPLOG : WellhouseOne | 042.800
2017-01-03 22:52:07 | TEMPLOG : WellhouseOne | 041.900
2017-01-03 22:53:09 | TEMPLOG : WellhouseOne | 040.100
2017-01-03 22:54:11 | TEMPLOG : WellhouseOne | 039.200
2017-01-03 22:55:11 | TEMPLOG : WellhouseOne | 037.400
2017-01-03 22:55:12 | TEMPLOG : Bio   Filter | 025.700
2017-01-03 22:56:12 | TEMPLOG : WellhouseOne | 036.500
2017-01-03 22:57:13 | TEMPLOG : WellhouseOne | 035.600
2017-01-03 22:58:14 | TEMPLOG : WellhouseOne | 034.700
2017-01-03 22:58:14 | TEMPLOG : Bio   Filter | 024.800
2017-01-03 22:59:15 | TEMPLOG : WellhouseOne | 033.800
2017-01-03 22:59:16 | TEMPLOG : Bio   Filter | 025.700
2017-01-03 23:00:16 | TEMPLOG : WellhouseOne | 095.900
2017-01-03 23:00:17 | TEMPLOG : Bio   Filter | 025.700
2017-01-03 23:00:17 | TEMPLOG : To   GeoLoop | 037.400
2017-01-03 23:00:17 | TEMPLOG : Table    One | 024.800
2017-01-03 23:01:17 | TEMPLOG : WellhouseOne | 113.900
2017-01-03 23:02:19 | TEMPLOG : WellhouseOne | 120.200
2017-01-03 23:02:19 | TEMPLOG : Bio   Filter | 024.800
2017-01-03 23:03:20 | TEMPLOG : WellhouseOne | 124.700
2017-01-03 23:04:21 | TEMPLOG : WellhouseOne | 126.500
2017-01-03 23:05:23 | TEMPLOG : WellhouseOne | 128.300
2017-01-03 23:06:24 | TEMPLOG : WellhouseOne | 131.000
2017-01-03 23:07:26 | TEMPLOG : WellhouseOne | 131.900
2017-01-03 23:08:27 | TEMPLOG : WellhouseOne | 132.800
2017-01-03 23:09:28 | TEMPLOG : WellhouseOne | 134.600
2017-01-03 23:10:30 | TEMPLOG : WellhouseOne | 102.200
2017-01-03 23:11:31 | TEMPLOG : WellhouseOne | 082.400
2017-01-03 23:12:32 | TEMPLOG : WellhouseOne | 070.700
2017-01-03 23:13:32 | TEMPLOG : WellhouseOne | 061.700
2017-01-03 23:14:33 | TEMPLOG : WellhouseOne | 056.300
2017-01-03 23:15:34 | TEMPLOG : WellhouseOne | 052.700
2017-01-03 23:15:35 | TEMPLOG : Bio   Filter | 025.700
2017-01-03 23:16:36 | TEMPLOG : WellhouseOne | 049.100
2017-01-03 23:18:37 | TEMPLOG : WellhouseOne | 045.500
2017-01-03 23:19:39 | TEMPLOG : WellhouseOne | 044.600
2017-01-03 23:20:39 | TEMPLOG : WellhouseOne | 042.800
2017-01-03 23:21:41 | TEMPLOG : WellhouseOne | 041.000
2017-01-03 23:22:43 | TEMPLOG : WellhouseOne | 039.200
2017-01-03 23:24:46 | TEMPLOG : WellhouseOne | 037.400
2017-01-03 23:26:48 | TEMPLOG : WellhouseOne | 036.500
2017-01-03 23:28:52 | TEMPLOG : WellhouseOne | 035.600
2017-01-03 23:30:55 | TEMPLOG : WellhouseOne | 080.600
2017-01-03 23:31:56 | TEMPLOG : WellhouseOne | 108.500
2017-01-03 23:32:57 | TEMPLOG : WellhouseOne | 119.300
2017-01-03 23:33:58 | TEMPLOG : WellhouseOne | 124.700
2017-01-03 23:35:00 | TEMPLOG : WellhouseOne | 128.300
2017-01-03 23:36:02 | TEMPLOG : WellhouseOne | 131.000
2017-01-03 23:37:03 | TEMPLOG : WellhouseOne | 131.900
2017-01-03 23:38:04 | TEMPLOG : WellhouseOne | 131.000
2017-01-03 23:39:05 | TEMPLOG : WellhouseOne | 132.800
2017-01-03 23:39:05 | TEMPLOG : Bio   Filter | 024.800
2017-01-03 23:40:06 | TEMPLOG : WellhouseOne | 104.900
2017-01-03 23:41:07 | TEMPLOG : WellhouseOne | 083.300
2017-01-03 23:42:08 | TEMPLOG : WellhouseOne | 070.700
2017-01-03 23:43:09 | TEMPLOG : WellhouseOne | 063.500
2017-01-03 23:43:09 | TEMPLOG : Bio   Filter | 025.700
2017-01-03 23:44:10 | TEMPLOG : WellhouseOne | 056.300
2017-01-03 23:45:11 | TEMPLOG : WellhouseOne | 052.700
2017-01-03 23:45:11 | TEMPLOG : Bio   Filter | 024.800
2017-01-03 23:46:13 | TEMPLOG : WellhouseOne | 049.100
2017-01-03 23:47:13 | TEMPLOG : WellhouseOne | 045.500
2017-01-03 23:48:14 | TEMPLOG : WellhouseOne | 043.700
2017-01-03 23:49:15 | TEMPLOG : WellhouseOne | 041.900
2017-01-03 23:50:17 | TEMPLOG : WellhouseOne | 040.100
2017-01-03 23:51:17 | TEMPLOG : WellhouseOne | 039.200
2017-01-03 23:51:18 | TEMPLOG : Table    One | 023.900
2017-01-03 23:52:19 | TEMPLOG : WellhouseOne | 038.300
2017-01-03 23:53:20 | TEMPLOG : WellhouseOne | 037.400
2017-01-03 23:54:21 | TEMPLOG : WellhouseOne | 036.500
2017-01-03 23:55:22 | TEMPLOG : WellhouseOne | 035.600
2017-01-03 23:56:23 | TEMPLOG : WellhouseOne | 034.700
