2017-01-20 00:00:50 | TEMPLOG : WellhouseOne | 046.400
2017-01-20 00:00:51 | TEMPLOG : Bio   Filter | 036.500
2017-01-20 00:00:51 | TEMPLOG : To   GeoLoop | 047.300
2017-01-20 00:00:52 | TEMPLOG : Table    One | 036.500
2017-01-20 00:01:52 | TEMPLOG : WellhouseOne | 081.500
2017-01-20 00:02:53 | TEMPLOG : WellhouseOne | 114.800
2017-01-20 00:03:54 | TEMPLOG : WellhouseOne | 125.600
2017-01-20 00:04:55 | TEMPLOG : WellhouseOne | 132.800
2017-01-20 00:05:56 | TEMPLOG : WellhouseOne | 094.100
2017-01-20 00:06:57 | TEMPLOG : WellhouseOne | 080.600
2017-01-20 00:07:59 | TEMPLOG : WellhouseOne | 072.500
2017-01-20 00:09:00 | TEMPLOG : WellhouseOne | 068.000
2017-01-20 00:10:01 | TEMPLOG : WellhouseOne | 063.500
2017-01-20 00:11:03 | TEMPLOG : WellhouseOne | 059.900
2017-01-20 00:12:04 | TEMPLOG : WellhouseOne | 057.200
2017-01-20 00:13:05 | TEMPLOG : WellhouseOne | 055.400
2017-01-20 00:14:06 | TEMPLOG : WellhouseOne | 054.500
2017-01-20 00:15:10 | TEMPLOG : WellhouseOne | 052.700
2017-01-20 00:16:10 | TEMPLOG : WellhouseOne | 051.800
2017-01-20 00:18:13 | TEMPLOG : WellhouseOne | 050.900
2017-01-20 00:19:14 | TEMPLOG : WellhouseOne | 050.000
2017-01-20 00:21:17 | TEMPLOG : WellhouseOne | 049.100
2017-01-20 00:23:19 | TEMPLOG : WellhouseOne | 048.200
2017-01-20 00:24:20 | TEMPLOG : Bio   Filter | 037.400
2017-01-20 00:26:23 | TEMPLOG : Bio   Filter | 036.500
2017-01-20 00:27:25 | TEMPLOG : WellhouseOne | 047.300
2017-01-20 00:28:26 | TEMPLOG : WellhouseOne | 046.400
2017-01-20 00:28:26 | TEMPLOG : Bio   Filter | 037.400
2017-01-20 00:31:30 | TEMPLOG : WellhouseOne | 080.600
2017-01-20 00:32:31 | TEMPLOG : WellhouseOne | 113.000
2017-01-20 00:33:32 | TEMPLOG : WellhouseOne | 127.400
2017-01-20 00:34:33 | TEMPLOG : WellhouseOne | 116.600
2017-01-20 00:35:34 | TEMPLOG : WellhouseOne | 088.700
2017-01-20 00:36:35 | TEMPLOG : WellhouseOne | 077.000
2017-01-20 00:37:37 | TEMPLOG : WellhouseOne | 070.700
2017-01-20 00:38:38 | TEMPLOG : WellhouseOne | 066.200
2017-01-20 00:39:40 | TEMPLOG : WellhouseOne | 061.700
2017-01-20 00:39:41 | TEMPLOG : Bio   Filter | 036.500
2017-01-20 00:40:41 | TEMPLOG : WellhouseOne | 059.000
2017-01-20 00:40:41 | TEMPLOG : Bio   Filter | 037.400
2017-01-20 00:41:42 | TEMPLOG : WellhouseOne | 056.300
2017-01-20 00:41:42 | TEMPLOG : Bio   Filter | 036.500
2017-01-20 00:42:43 | TEMPLOG : WellhouseOne | 055.400
2017-01-20 00:42:43 | TEMPLOG : Bio   Filter | 037.400
2017-01-20 00:43:44 | TEMPLOG : WellhouseOne | 053.600
2017-01-20 00:43:44 | TEMPLOG : Bio   Filter | 036.500
2017-01-20 00:44:46 | TEMPLOG : WellhouseOne | 052.700
2017-01-20 00:45:47 | TEMPLOG : WellhouseOne | 051.800
2017-01-20 00:47:49 | TEMPLOG : WellhouseOne | 050.900
2017-01-20 00:48:51 | TEMPLOG : WellhouseOne | 050.000
2017-01-20 00:49:52 | TEMPLOG : Bio   Filter | 037.400
2017-01-20 00:49:53 | TEMPLOG : Table    One | 037.400
2017-01-20 00:50:53 | TEMPLOG : WellhouseOne | 049.100
2017-01-20 00:50:54 | TEMPLOG : Table    One | 036.500
2017-01-20 00:51:55 | TEMPLOG : WellhouseOne | 048.200
2017-01-20 00:51:56 | TEMPLOG : Table    One | 037.400
2017-01-20 00:54:59 | TEMPLOG : WellhouseOne | 047.300
2017-01-20 00:58:03 | TEMPLOG : WellhouseOne | 046.400
2017-01-20 01:00:04 | TEMPLOG : WellhouseOne | 046.400
2017-01-20 01:00:04 | TEMPLOG : Bio   Filter | 037.400
2017-01-20 01:00:04 | TEMPLOG : To   GeoLoop | 047.300
2017-01-20 01:00:05 | TEMPLOG : Table    One | 037.400
2017-01-20 01:01:05 | TEMPLOG : WellhouseOne | 086.900
2017-01-20 01:02:06 | TEMPLOG : WellhouseOne | 114.800
2017-01-20 01:03:07 | TEMPLOG : WellhouseOne | 125.600
2017-01-20 01:03:08 | TEMPLOG : Table    One | 036.500
2017-01-20 01:04:08 | TEMPLOG : WellhouseOne | 108.500
2017-01-20 01:04:09 | TEMPLOG : Table    One | 037.400
2017-01-20 01:05:10 | TEMPLOG : WellhouseOne | 086.000
2017-01-20 01:05:10 | TEMPLOG : Table    One | 036.500
2017-01-20 01:06:11 | TEMPLOG : WellhouseOne | 076.100
2017-01-20 01:06:11 | TEMPLOG : Table    One | 037.400
2017-01-20 01:07:12 | TEMPLOG : WellhouseOne | 069.800
2017-01-20 01:07:12 | TEMPLOG : Bio   Filter | 036.500
2017-01-20 01:08:13 | TEMPLOG : WellhouseOne | 064.400
2017-01-20 01:08:14 | TEMPLOG : Bio   Filter | 037.400
2017-01-20 01:09:14 | TEMPLOG : WellhouseOne | 061.700
2017-01-20 01:10:15 | TEMPLOG : WellhouseOne | 059.000
2017-01-20 01:11:16 | TEMPLOG : WellhouseOne | 056.300
2017-01-20 01:12:17 | TEMPLOG : WellhouseOne | 055.400
2017-01-20 01:12:19 | TEMPLOG : Table    One | 036.500
2017-01-20 01:13:19 | TEMPLOG : WellhouseOne | 053.600
2017-01-20 01:14:20 | TEMPLOG : WellhouseOne | 052.700
2017-01-20 01:14:21 | TEMPLOG : Bio   Filter | 036.500
2017-01-20 01:15:22 | TEMPLOG : WellhouseOne | 051.800
2017-01-20 01:16:23 | TEMPLOG : WellhouseOne | 050.900
2017-01-20 01:17:25 | TEMPLOG : WellhouseOne | 050.000
2017-01-20 01:18:26 | TEMPLOG : WellhouseOne | 049.100
2017-01-20 01:19:27 | TEMPLOG : WellhouseOne | 048.200
2017-01-20 01:22:33 | TEMPLOG : WellhouseOne | 047.300
2017-01-20 01:23:36 | TEMPLOG : To   GeoLoop | 046.400
2017-01-20 01:24:37 | TEMPLOG : WellhouseOne | 046.400
2017-01-20 01:27:39 | TEMPLOG : WellhouseOne | 045.500
2017-01-20 01:28:40 | TEMPLOG : WellhouseOne | 059.000
2017-01-20 01:29:41 | TEMPLOG : WellhouseOne | 110.300
2017-01-20 01:30:42 | TEMPLOG : WellhouseOne | 122.900
2017-01-20 01:31:43 | TEMPLOG : WellhouseOne | 131.000
2017-01-20 01:32:46 | TEMPLOG : WellhouseOne | 098.600
2017-01-20 01:33:47 | TEMPLOG : WellhouseOne | 082.400
2017-01-20 01:34:48 | TEMPLOG : WellhouseOne | 073.400
2017-01-20 01:35:49 | TEMPLOG : WellhouseOne | 067.100
2017-01-20 01:36:50 | TEMPLOG : WellhouseOne | 063.500
2017-01-20 01:37:51 | TEMPLOG : WellhouseOne | 059.900
2017-01-20 01:38:53 | TEMPLOG : WellhouseOne | 057.200
2017-01-20 01:39:54 | TEMPLOG : WellhouseOne | 055.400
2017-01-20 01:40:55 | TEMPLOG : WellhouseOne | 054.500
2017-01-20 01:41:57 | TEMPLOG : WellhouseOne | 053.600
2017-01-20 01:42:58 | TEMPLOG : WellhouseOne | 051.800
2017-01-20 01:43:59 | TEMPLOG : WellhouseOne | 050.900
2017-01-20 01:45:01 | TEMPLOG : WellhouseOne | 050.000
2017-01-20 01:47:03 | TEMPLOG : WellhouseOne | 049.100
2017-01-20 01:48:04 | TEMPLOG : WellhouseOne | 048.200
2017-01-20 01:50:05 | TEMPLOG : WellhouseOne | 047.300
2017-01-20 01:50:06 | TEMPLOG : Table    One | 035.600
2017-01-20 01:51:07 | TEMPLOG : Table    One | 036.500
2017-01-20 01:52:07 | TEMPLOG : WellhouseOne | 046.400
2017-01-20 01:55:12 | TEMPLOG : Bio   Filter | 035.600
2017-01-20 01:55:12 | TEMPLOG : Table    One | 035.600
2017-01-20 01:56:13 | TEMPLOG : Table    One | 036.500
2017-01-20 01:57:14 | TEMPLOG : WellhouseOne | 059.900
2017-01-20 01:57:14 | TEMPLOG : Bio   Filter | 036.500
2017-01-20 01:57:15 | TEMPLOG : Table    One | 035.600
2017-01-20 01:58:15 | TEMPLOG : WellhouseOne | 110.300
2017-01-20 01:58:17 | TEMPLOG : Table    One | 036.500
2017-01-20 01:59:17 | TEMPLOG : WellhouseOne | 123.800
2017-01-20 02:00:17 | TEMPLOG : WellhouseOne | 131.000
2017-01-20 02:00:18 | TEMPLOG : Bio   Filter | 036.500
2017-01-20 02:00:19 | TEMPLOG : To   GeoLoop | 046.400
2017-01-20 02:00:19 | TEMPLOG : Table    One | 036.500
2017-01-20 02:01:19 | TEMPLOG : WellhouseOne | 095.000
2017-01-20 02:02:21 | TEMPLOG : WellhouseOne | 080.600
2017-01-20 02:03:22 | TEMPLOG : WellhouseOne | 072.500
2017-01-20 02:04:24 | TEMPLOG : WellhouseOne | 067.100
2017-01-20 02:05:25 | TEMPLOG : WellhouseOne | 062.600
2017-01-20 02:06:26 | TEMPLOG : WellhouseOne | 059.900
2017-01-20 02:07:28 | TEMPLOG : WellhouseOne | 058.100
2017-01-20 02:08:31 | TEMPLOG : WellhouseOne | 055.400
2017-01-20 02:09:33 | TEMPLOG : WellhouseOne | 054.500
2017-01-20 02:10:34 | TEMPLOG : WellhouseOne | 053.600
2017-01-20 02:11:35 | TEMPLOG : WellhouseOne | 051.800
2017-01-20 02:12:37 | TEMPLOG : WellhouseOne | 050.900
2017-01-20 02:13:38 | TEMPLOG : WellhouseOne | 050.000
2017-01-20 02:14:38 | TEMPLOG : WellhouseOne | 049.100
2017-01-20 02:15:39 | TEMPLOG : WellhouseOne | 048.200
2017-01-20 02:16:40 | TEMPLOG : WellhouseOne | 049.100
2017-01-20 02:17:41 | TEMPLOG : WellhouseOne | 048.200
2017-01-20 02:20:46 | TEMPLOG : WellhouseOne | 047.300
2017-01-20 02:22:48 | TEMPLOG : WellhouseOne | 046.400
2017-01-20 02:26:55 | TEMPLOG : WellhouseOne | 095.900
2017-01-20 02:27:57 | TEMPLOG : WellhouseOne | 117.500
2017-01-20 02:28:58 | TEMPLOG : WellhouseOne | 127.400
2017-01-20 02:30:00 | TEMPLOG : WellhouseOne | 116.600
2017-01-20 02:31:03 | TEMPLOG : WellhouseOne | 088.700
2017-01-20 02:32:04 | TEMPLOG : WellhouseOne | 077.900
2017-01-20 02:33:05 | TEMPLOG : WellhouseOne | 070.700
2017-01-20 02:34:06 | TEMPLOG : WellhouseOne | 065.300
2017-01-20 02:35:07 | TEMPLOG : WellhouseOne | 061.700
2017-01-20 02:36:08 | TEMPLOG : WellhouseOne | 059.000
2017-01-20 02:37:09 | TEMPLOG : WellhouseOne | 057.200
2017-01-20 02:38:12 | TEMPLOG : WellhouseOne | 055.400
2017-01-20 02:39:13 | TEMPLOG : WellhouseOne | 053.600
2017-01-20 02:40:16 | TEMPLOG : WellhouseOne | 052.700
2017-01-20 02:41:17 | TEMPLOG : WellhouseOne | 051.800
2017-01-20 02:42:18 | TEMPLOG : WellhouseOne | 050.900
2017-01-20 02:44:20 | TEMPLOG : WellhouseOne | 050.000
2017-01-20 02:45:22 | TEMPLOG : WellhouseOne | 049.100
2017-01-20 02:47:24 | TEMPLOG : WellhouseOne | 048.200
2017-01-20 02:50:29 | TEMPLOG : WellhouseOne | 047.300
2017-01-20 02:52:31 | TEMPLOG : WellhouseOne | 046.400
2017-01-20 02:55:36 | TEMPLOG : WellhouseOne | 077.000
2017-01-20 02:56:37 | TEMPLOG : WellhouseOne | 111.200
2017-01-20 02:57:37 | TEMPLOG : WellhouseOne | 122.900
2017-01-20 02:58:39 | TEMPLOG : WellhouseOne | 131.000
2017-01-20 02:59:41 | TEMPLOG : WellhouseOne | 091.400
2017-01-20 03:00:42 | TEMPLOG : WellhouseOne | 080.600
2017-01-20 03:00:42 | TEMPLOG : Bio   Filter | 036.500
2017-01-20 03:00:42 | TEMPLOG : To   GeoLoop | 046.400
2017-01-20 03:00:42 | TEMPLOG : Table    One | 036.500
2017-01-20 03:01:43 | TEMPLOG : WellhouseOne | 072.500
2017-01-20 03:02:44 | TEMPLOG : WellhouseOne | 067.100
2017-01-20 03:03:45 | TEMPLOG : WellhouseOne | 062.600
2017-01-20 03:04:46 | TEMPLOG : WellhouseOne | 059.900
2017-01-20 03:05:48 | TEMPLOG : WellhouseOne | 058.100
2017-01-20 03:06:48 | TEMPLOG : WellhouseOne | 055.400
2017-01-20 03:06:49 | TEMPLOG : Bio   Filter | 037.400
2017-01-20 03:07:49 | TEMPLOG : WellhouseOne | 054.500
2017-01-20 03:08:51 | TEMPLOG : WellhouseOne | 053.600
2017-01-20 03:09:52 | TEMPLOG : WellhouseOne | 052.700
2017-01-20 03:09:53 | TEMPLOG : Table    One | 037.400
2017-01-20 03:10:53 | TEMPLOG : WellhouseOne | 051.800
2017-01-20 03:10:54 | TEMPLOG : Table    One | 036.500
2017-01-20 03:11:55 | TEMPLOG : WellhouseOne | 050.900
2017-01-20 03:12:56 | TEMPLOG : WellhouseOne | 050.000
2017-01-20 03:12:57 | TEMPLOG : Table    One | 037.400
2017-01-20 03:13:58 | TEMPLOG : WellhouseOne | 049.100
2017-01-20 03:16:00 | TEMPLOG : WellhouseOne | 048.200
2017-01-20 03:19:05 | TEMPLOG : WellhouseOne | 047.300
2017-01-20 03:22:09 | TEMPLOG : WellhouseOne | 046.400
2017-01-20 03:25:12 | TEMPLOG : WellhouseOne | 104.900
2017-01-20 03:26:12 | TEMPLOG : WellhouseOne | 121.100
2017-01-20 03:27:14 | TEMPLOG : WellhouseOne | 130.100
2017-01-20 03:28:15 | TEMPLOG : WellhouseOne | 100.400
2017-01-20 03:29:16 | TEMPLOG : WellhouseOne | 082.400
2017-01-20 03:30:17 | TEMPLOG : WellhouseOne | 074.300
2017-01-20 03:31:19 | TEMPLOG : WellhouseOne | 068.000
2017-01-20 03:32:20 | TEMPLOG : WellhouseOne | 064.400
2017-01-20 03:33:21 | TEMPLOG : WellhouseOne | 060.800
2017-01-20 03:34:23 | TEMPLOG : WellhouseOne | 058.100
2017-01-20 03:35:24 | TEMPLOG : WellhouseOne | 056.300
2017-01-20 03:36:25 | TEMPLOG : WellhouseOne | 054.500
2017-01-20 03:37:26 | TEMPLOG : WellhouseOne | 053.600
2017-01-20 03:38:27 | TEMPLOG : WellhouseOne | 052.700
2017-01-20 03:39:28 | TEMPLOG : WellhouseOne | 051.800
2017-01-20 03:40:30 | TEMPLOG : WellhouseOne | 050.900
2017-01-20 03:42:32 | TEMPLOG : WellhouseOne | 050.000
2017-01-20 03:44:35 | TEMPLOG : WellhouseOne | 049.100
2017-01-20 03:45:35 | TEMPLOG : WellhouseOne | 048.200
2017-01-20 03:47:37 | TEMPLOG : WellhouseOne | 047.300
2017-01-20 03:49:40 | TEMPLOG : WellhouseOne | 046.400
2017-01-20 03:53:44 | TEMPLOG : WellhouseOne | 099.500
2017-01-20 03:54:46 | TEMPLOG : WellhouseOne | 119.300
2017-01-20 03:55:47 | TEMPLOG : WellhouseOne | 129.200
2017-01-20 03:56:48 | TEMPLOG : WellhouseOne | 115.700
2017-01-20 03:57:49 | TEMPLOG : WellhouseOne | 088.700
2017-01-20 03:58:51 | TEMPLOG : WellhouseOne | 077.000
2017-01-20 03:59:52 | TEMPLOG : WellhouseOne | 069.800
2017-01-20 03:59:53 | TEMPLOG : Table    One | 036.500
2017-01-20 04:00:54 | TEMPLOG : WellhouseOne | 066.200
2017-01-20 04:00:54 | TEMPLOG : Bio   Filter | 037.400
2017-01-20 04:00:54 | TEMPLOG : To   GeoLoop | 046.400
2017-01-20 04:00:55 | TEMPLOG : Table    One | 036.500
2017-01-20 04:01:55 | TEMPLOG : WellhouseOne | 061.700
2017-01-20 04:01:55 | TEMPLOG : Table    One | 037.400
2017-01-20 04:02:56 | TEMPLOG : WellhouseOne | 059.000
2017-01-20 04:03:57 | TEMPLOG : WellhouseOne | 057.200
2017-01-20 04:04:59 | TEMPLOG : WellhouseOne | 055.400
2017-01-20 04:06:01 | TEMPLOG : WellhouseOne | 053.600
2017-01-20 04:07:02 | TEMPLOG : WellhouseOne | 052.700
2017-01-20 04:08:04 | TEMPLOG : WellhouseOne | 051.800
2017-01-20 04:09:06 | TEMPLOG : WellhouseOne | 050.900
2017-01-20 04:10:07 | TEMPLOG : WellhouseOne | 050.000
2017-01-20 04:10:07 | TEMPLOG : To   GeoLoop | 045.500
2017-01-20 04:11:08 | TEMPLOG : To   GeoLoop | 046.400
2017-01-20 04:12:08 | TEMPLOG : WellhouseOne | 049.100
2017-01-20 04:14:10 | TEMPLOG : WellhouseOne | 048.200
2017-01-20 04:16:14 | TEMPLOG : WellhouseOne | 047.300
2017-01-20 04:16:15 | TEMPLOG : To   GeoLoop | 045.500
2017-01-20 04:18:16 | TEMPLOG : WellhouseOne | 046.400
2017-01-20 04:18:17 | TEMPLOG : To   GeoLoop | 046.400
2017-01-20 04:20:19 | TEMPLOG : To   GeoLoop | 045.500
2017-01-20 04:21:20 | TEMPLOG : WellhouseOne | 045.500
2017-01-20 04:23:22 | TEMPLOG : WellhouseOne | 104.000
2017-01-20 04:23:23 | TEMPLOG : To   GeoLoop | 046.400
2017-01-20 04:24:23 | TEMPLOG : WellhouseOne | 120.200
2017-01-20 04:24:24 | TEMPLOG : To   GeoLoop | 045.500
2017-01-20 04:25:25 | TEMPLOG : WellhouseOne | 127.400
2017-01-20 04:26:26 | TEMPLOG : WellhouseOne | 101.300
2017-01-20 04:27:27 | TEMPLOG : WellhouseOne | 084.200
2017-01-20 04:28:28 | TEMPLOG : WellhouseOne | 076.100
2017-01-20 04:29:30 | TEMPLOG : WellhouseOne | 069.800
2017-01-20 04:30:31 | TEMPLOG : WellhouseOne | 064.400
2017-01-20 04:31:32 | TEMPLOG : WellhouseOne | 060.800
2017-01-20 04:32:33 | TEMPLOG : WellhouseOne | 058.100
2017-01-20 04:33:34 | TEMPLOG : WellhouseOne | 056.300
2017-01-20 04:34:36 | TEMPLOG : WellhouseOne | 055.400
2017-01-20 04:35:37 | TEMPLOG : WellhouseOne | 053.600
2017-01-20 04:36:38 | TEMPLOG : WellhouseOne | 052.700
2017-01-20 04:37:39 | TEMPLOG : WellhouseOne | 051.800
2017-01-20 04:38:41 | TEMPLOG : WellhouseOne | 050.900
2017-01-20 04:40:45 | TEMPLOG : WellhouseOne | 050.000
2017-01-20 04:41:47 | TEMPLOG : WellhouseOne | 049.100
2017-01-20 04:44:51 | TEMPLOG : WellhouseOne | 048.200
2017-01-20 04:46:53 | TEMPLOG : WellhouseOne | 047.300
2017-01-20 04:50:59 | TEMPLOG : WellhouseOne | 046.400
2017-01-20 04:52:00 | TEMPLOG : WellhouseOne | 100.400
2017-01-20 04:53:02 | TEMPLOG : WellhouseOne | 119.300
2017-01-20 04:54:02 | TEMPLOG : WellhouseOne | 127.400
2017-01-20 04:55:03 | TEMPLOG : WellhouseOne | 118.400
2017-01-20 04:56:05 | TEMPLOG : WellhouseOne | 088.700
2017-01-20 04:57:07 | TEMPLOG : WellhouseOne | 077.900
2017-01-20 04:58:07 | TEMPLOG : WellhouseOne | 071.600
2017-01-20 04:59:08 | TEMPLOG : WellhouseOne | 066.200
2017-01-20 05:00:10 | TEMPLOG : WellhouseOne | 061.700
2017-01-20 05:00:10 | TEMPLOG : Bio   Filter | 037.400
2017-01-20 05:00:10 | TEMPLOG : To   GeoLoop | 045.500
2017-01-20 05:00:11 | TEMPLOG : Table    One | 037.400
2017-01-20 05:01:11 | TEMPLOG : WellhouseOne | 059.900
2017-01-20 05:02:12 | TEMPLOG : WellhouseOne | 057.200
2017-01-20 05:03:14 | TEMPLOG : WellhouseOne | 055.400
2017-01-20 05:04:15 | TEMPLOG : WellhouseOne | 054.500
2017-01-20 05:05:17 | TEMPLOG : WellhouseOne | 052.700
2017-01-20 05:06:18 | TEMPLOG : WellhouseOne | 051.800
2017-01-20 05:07:19 | TEMPLOG : WellhouseOne | 050.900
2017-01-20 05:09:22 | TEMPLOG : WellhouseOne | 050.000
2017-01-20 05:11:24 | TEMPLOG : WellhouseOne | 049.100
2017-01-20 05:14:27 | TEMPLOG : WellhouseOne | 048.200
2017-01-20 05:16:30 | TEMPLOG : WellhouseOne | 047.300
2017-01-20 05:19:33 | TEMPLOG : WellhouseOne | 046.400
2017-01-20 05:21:36 | TEMPLOG : WellhouseOne | 092.300
2017-01-20 05:22:37 | TEMPLOG : WellhouseOne | 114.800
2017-01-20 05:23:38 | TEMPLOG : WellhouseOne | 126.500
2017-01-20 05:24:39 | TEMPLOG : WellhouseOne | 107.600
2017-01-20 05:25:41 | TEMPLOG : WellhouseOne | 084.200
2017-01-20 05:26:43 | TEMPLOG : WellhouseOne | 075.200
2017-01-20 05:27:43 | TEMPLOG : WellhouseOne | 069.800
2017-01-20 05:28:45 | TEMPLOG : WellhouseOne | 066.200
2017-01-20 05:29:46 | TEMPLOG : WellhouseOne | 062.600
2017-01-20 05:30:48 | TEMPLOG : WellhouseOne | 059.900
2017-01-20 05:31:51 | TEMPLOG : WellhouseOne | 058.100
2017-01-20 05:32:51 | TEMPLOG : WellhouseOne | 056.300
2017-01-20 05:33:53 | TEMPLOG : WellhouseOne | 054.500
2017-01-20 05:34:54 | TEMPLOG : WellhouseOne | 053.600
2017-01-20 05:35:55 | TEMPLOG : WellhouseOne | 052.700
2017-01-20 05:36:57 | TEMPLOG : WellhouseOne | 051.800
2017-01-20 05:39:00 | TEMPLOG : WellhouseOne | 050.900
2017-01-20 05:40:02 | TEMPLOG : WellhouseOne | 050.000
2017-01-20 05:41:02 | TEMPLOG : WellhouseOne | 049.100
2017-01-20 05:44:07 | TEMPLOG : WellhouseOne | 048.200
2017-01-20 05:47:10 | TEMPLOG : WellhouseOne | 047.300
2017-01-20 05:50:14 | TEMPLOG : WellhouseOne | 054.500
2017-01-20 05:51:16 | TEMPLOG : WellhouseOne | 106.700
2017-01-20 05:52:19 | TEMPLOG : WellhouseOne | 121.100
2017-01-20 05:53:20 | TEMPLOG : WellhouseOne | 128.300
2017-01-20 05:54:21 | TEMPLOG : WellhouseOne | 106.700
2017-01-20 05:55:22 | TEMPLOG : WellhouseOne | 085.100
2017-01-20 05:56:24 | TEMPLOG : WellhouseOne | 075.200
2017-01-20 05:57:24 | TEMPLOG : WellhouseOne | 068.900
2017-01-20 05:58:25 | TEMPLOG : WellhouseOne | 064.400
2017-01-20 05:59:26 | TEMPLOG : WellhouseOne | 061.700
2017-01-20 06:00:27 | TEMPLOG : WellhouseOne | 059.000
2017-01-20 06:00:27 | TEMPLOG : Bio   Filter | 037.400
2017-01-20 06:00:27 | TEMPLOG : To   GeoLoop | 045.500
2017-01-20 06:00:28 | TEMPLOG : Table    One | 037.400
2017-01-20 06:01:28 | TEMPLOG : WellhouseOne | 057.200
2017-01-20 06:02:29 | TEMPLOG : WellhouseOne | 056.300
2017-01-20 06:03:30 | TEMPLOG : WellhouseOne | 054.500
2017-01-20 06:04:32 | TEMPLOG : WellhouseOne | 053.600
2017-01-20 06:05:32 | TEMPLOG : WellhouseOne | 052.700
2017-01-20 06:06:33 | TEMPLOG : WellhouseOne | 051.800
2017-01-20 06:07:35 | TEMPLOG : WellhouseOne | 050.900
2017-01-20 06:09:38 | TEMPLOG : WellhouseOne | 050.000
2017-01-20 06:11:42 | TEMPLOG : WellhouseOne | 049.100
2017-01-20 06:13:45 | TEMPLOG : WellhouseOne | 048.200
2017-01-20 06:15:48 | TEMPLOG : WellhouseOne | 047.300
2017-01-20 06:20:55 | TEMPLOG : WellhouseOne | 103.100
2017-01-20 06:21:56 | TEMPLOG : WellhouseOne | 118.400
2017-01-20 06:22:58 | TEMPLOG : WellhouseOne | 127.400
2017-01-20 06:23:59 | TEMPLOG : WellhouseOne | 099.500
2017-01-20 06:25:00 | TEMPLOG : WellhouseOne | 083.300
2017-01-20 06:26:02 | TEMPLOG : WellhouseOne | 075.200
2017-01-20 06:27:03 | TEMPLOG : WellhouseOne | 069.800
2017-01-20 06:28:04 | TEMPLOG : WellhouseOne | 064.400
2017-01-20 06:29:05 | TEMPLOG : WellhouseOne | 061.700
2017-01-20 06:30:06 | TEMPLOG : WellhouseOne | 059.000
2017-01-20 06:31:07 | TEMPLOG : WellhouseOne | 057.200
2017-01-20 06:32:08 | TEMPLOG : WellhouseOne | 055.400
2017-01-20 06:33:09 | TEMPLOG : WellhouseOne | 054.500
2017-01-20 06:34:10 | TEMPLOG : WellhouseOne | 053.600
2017-01-20 06:35:12 | TEMPLOG : WellhouseOne | 052.700
2017-01-20 06:36:13 | TEMPLOG : WellhouseOne | 051.800
2017-01-20 06:37:14 | TEMPLOG : WellhouseOne | 050.900
2017-01-20 06:39:17 | TEMPLOG : WellhouseOne | 050.000
2017-01-20 06:40:17 | TEMPLOG : WellhouseOne | 049.100
2017-01-20 06:42:20 | TEMPLOG : Bio   Filter | 038.300
2017-01-20 06:44:22 | TEMPLOG : WellhouseOne | 048.200
2017-01-20 06:46:24 | TEMPLOG : WellhouseOne | 047.300
2017-01-20 06:46:24 | TEMPLOG : Bio   Filter | 037.400
2017-01-20 06:47:25 | TEMPLOG : Bio   Filter | 038.300
2017-01-20 06:49:26 | TEMPLOG : Bio   Filter | 037.400
2017-01-20 06:50:28 | TEMPLOG : WellhouseOne | 075.200
2017-01-20 06:50:28 | TEMPLOG : Bio   Filter | 038.300
2017-01-20 06:51:28 | TEMPLOG : WellhouseOne | 112.100
2017-01-20 06:52:29 | TEMPLOG : WellhouseOne | 124.700
2017-01-20 06:53:31 | TEMPLOG : WellhouseOne | 103.100
2017-01-20 06:54:32 | TEMPLOG : WellhouseOne | 081.500
2017-01-20 06:55:33 | TEMPLOG : WellhouseOne | 073.400
2017-01-20 06:56:34 | TEMPLOG : WellhouseOne | 068.000
2017-01-20 06:57:36 | TEMPLOG : WellhouseOne | 064.400
2017-01-20 06:58:36 | TEMPLOG : WellhouseOne | 061.700
2017-01-20 06:59:38 | TEMPLOG : WellhouseOne | 059.900
2017-01-20 07:00:40 | TEMPLOG : WellhouseOne | 058.100
2017-01-20 07:00:40 | TEMPLOG : Bio   Filter | 038.300
2017-01-20 07:00:40 | TEMPLOG : To   GeoLoop | 045.500
2017-01-20 07:00:41 | TEMPLOG : Table    One | 037.400
2017-01-20 07:01:41 | TEMPLOG : WellhouseOne | 055.400
2017-01-20 07:02:43 | TEMPLOG : WellhouseOne | 054.500
2017-01-20 07:02:44 | TEMPLOG : Table    One | 038.300
2017-01-20 07:03:44 | TEMPLOG : WellhouseOne | 053.600
2017-01-20 07:03:46 | TEMPLOG : Table    One | 037.400
2017-01-20 07:04:46 | TEMPLOG : WellhouseOne | 051.800
2017-01-20 07:05:48 | TEMPLOG : WellhouseOne | 050.000
2017-01-20 07:07:51 | TEMPLOG : WellhouseOne | 049.100
2017-01-20 07:09:53 | TEMPLOG : WellhouseOne | 048.200
2017-01-20 07:13:58 | TEMPLOG : WellhouseOne | 047.300
2017-01-20 07:13:58 | TEMPLOG : Bio   Filter | 037.400
2017-01-20 07:16:00 | TEMPLOG : WellhouseOne | 046.400
2017-01-20 07:16:00 | TEMPLOG : Bio   Filter | 038.300
2017-01-20 07:19:03 | TEMPLOG : WellhouseOne | 061.700
2017-01-20 07:20:04 | TEMPLOG : WellhouseOne | 109.400
2017-01-20 07:21:05 | TEMPLOG : WellhouseOne | 123.800
2017-01-20 07:22:06 | TEMPLOG : WellhouseOne | 127.400
2017-01-20 07:22:06 | TEMPLOG : Bio   Filter | 037.400
2017-01-20 07:23:07 | TEMPLOG : WellhouseOne | 088.700
2017-01-20 07:23:08 | TEMPLOG : Bio   Filter | 038.300
2017-01-20 07:24:09 | TEMPLOG : WellhouseOne | 077.900
2017-01-20 07:25:10 | TEMPLOG : WellhouseOne | 070.700
2017-01-20 07:26:11 | TEMPLOG : WellhouseOne | 066.200
2017-01-20 07:27:12 | TEMPLOG : WellhouseOne | 061.700
2017-01-20 07:28:14 | TEMPLOG : WellhouseOne | 059.000
2017-01-20 07:29:15 | TEMPLOG : WellhouseOne | 057.200
2017-01-20 07:30:16 | TEMPLOG : WellhouseOne | 055.400
2017-01-20 07:31:18 | TEMPLOG : WellhouseOne | 053.600
2017-01-20 07:32:20 | TEMPLOG : WellhouseOne | 052.700
2017-01-20 07:33:21 | TEMPLOG : WellhouseOne | 051.800
2017-01-20 07:35:23 | TEMPLOG : WellhouseOne | 050.900
2017-01-20 07:35:23 | TEMPLOG : Table    One | 038.300
2017-01-20 07:36:24 | TEMPLOG : WellhouseOne | 050.000
2017-01-20 07:37:26 | TEMPLOG : WellhouseOne | 049.100
2017-01-20 07:40:29 | TEMPLOG : WellhouseOne | 048.200
2017-01-20 07:43:32 | TEMPLOG : WellhouseOne | 047.300
2017-01-20 07:47:38 | TEMPLOG : WellhouseOne | 046.400
2017-01-20 07:48:40 | TEMPLOG : WellhouseOne | 050.000
2017-01-20 07:49:40 | TEMPLOG : WellhouseOne | 104.900
2017-01-20 07:50:41 | TEMPLOG : WellhouseOne | 120.200
2017-01-20 07:51:42 | TEMPLOG : WellhouseOne | 127.400
2017-01-20 07:52:44 | TEMPLOG : WellhouseOne | 097.700
2017-01-20 07:52:44 | TEMPLOG : Bio   Filter | 039.200
2017-01-20 07:53:45 | TEMPLOG : WellhouseOne | 081.500
2017-01-20 07:54:46 | TEMPLOG : WellhouseOne | 072.500
2017-01-20 07:55:48 | TEMPLOG : WellhouseOne | 066.200
2017-01-20 07:56:50 | TEMPLOG : WellhouseOne | 062.600
2017-01-20 07:57:51 | TEMPLOG : WellhouseOne | 059.900
2017-01-20 07:58:52 | TEMPLOG : WellhouseOne | 058.100
2017-01-20 07:59:54 | TEMPLOG : WellhouseOne | 056.300
2017-01-20 08:00:54 | TEMPLOG : WellhouseOne | 054.500
2017-01-20 08:00:55 | TEMPLOG : Bio   Filter | 039.200
2017-01-20 08:00:55 | TEMPLOG : To   GeoLoop | 045.500
2017-01-20 08:00:55 | TEMPLOG : Table    One | 038.300
2017-01-20 08:01:55 | TEMPLOG : WellhouseOne | 053.600
2017-01-20 08:02:57 | TEMPLOG : WellhouseOne | 052.700
2017-01-20 08:02:58 | TEMPLOG : Table    One | 039.200
2017-01-20 08:03:58 | TEMPLOG : WellhouseOne | 051.800
2017-01-20 08:06:01 | TEMPLOG : WellhouseOne | 050.900
2017-01-20 08:08:04 | TEMPLOG : WellhouseOne | 050.000
2017-01-20 08:09:05 | TEMPLOG : WellhouseOne | 049.100
2017-01-20 08:11:07 | TEMPLOG : WellhouseOne | 048.200
2017-01-20 08:15:12 | TEMPLOG : WellhouseOne | 047.300
2017-01-20 08:18:16 | TEMPLOG : WellhouseOne | 046.400
2017-01-20 08:20:18 | TEMPLOG : WellhouseOne | 098.600
2017-01-20 08:21:19 | TEMPLOG : WellhouseOne | 114.800
2017-01-20 08:22:21 | TEMPLOG : WellhouseOne | 124.700
2017-01-20 08:23:22 | TEMPLOG : WellhouseOne | 106.700
2017-01-20 08:24:23 | TEMPLOG : WellhouseOne | 085.100
2017-01-20 08:24:25 | TEMPLOG : Table    One | 040.100
2017-01-20 08:25:25 | TEMPLOG : WellhouseOne | 075.200
2017-01-20 08:25:25 | TEMPLOG : Bio   Filter | 040.100
2017-01-20 08:26:26 | TEMPLOG : WellhouseOne | 068.900
2017-01-20 08:27:27 | TEMPLOG : WellhouseOne | 064.400
2017-01-20 08:28:28 | TEMPLOG : WellhouseOne | 061.700
2017-01-20 08:29:29 | TEMPLOG : WellhouseOne | 059.000
2017-01-20 08:30:30 | TEMPLOG : WellhouseOne | 057.200
2017-01-20 08:31:32 | TEMPLOG : WellhouseOne | 055.400
2017-01-20 08:31:32 | TEMPLOG : To   GeoLoop | 046.400
2017-01-20 08:32:33 | TEMPLOG : WellhouseOne | 054.500
2017-01-20 08:32:33 | TEMPLOG : To   GeoLoop | 045.500
2017-01-20 08:33:33 | TEMPLOG : WellhouseOne | 053.600
2017-01-20 08:33:34 | TEMPLOG : To   GeoLoop | 046.400
2017-01-20 08:34:36 | TEMPLOG : WellhouseOne | 052.700
2017-01-20 08:34:36 | TEMPLOG : Bio   Filter | 041.000
2017-01-20 08:34:36 | TEMPLOG : Table    One | 041.000
2017-01-20 08:36:38 | TEMPLOG : WellhouseOne | 051.800
2017-01-20 08:37:39 | TEMPLOG : WellhouseOne | 050.900
2017-01-20 08:40:42 | TEMPLOG : WellhouseOne | 050.000
2017-01-20 08:41:44 | TEMPLOG : Table    One | 041.900
2017-01-20 08:42:44 | TEMPLOG : WellhouseOne | 049.100
2017-01-20 08:42:44 | TEMPLOG : Bio   Filter | 041.900
2017-01-20 08:47:51 | TEMPLOG : WellhouseOne | 048.200
2017-01-20 08:50:55 | TEMPLOG : WellhouseOne | 069.800
2017-01-20 08:50:56 | TEMPLOG : Table    One | 042.800
2017-01-20 08:51:57 | TEMPLOG : WellhouseOne | 112.100
2017-01-20 08:52:58 | TEMPLOG : WellhouseOne | 125.600
2017-01-20 08:52:59 | TEMPLOG : Bio   Filter | 042.800
2017-01-20 08:54:00 | TEMPLOG : WellhouseOne | 098.600
2017-01-20 08:55:01 | TEMPLOG : WellhouseOne | 080.600
2017-01-20 08:56:02 | TEMPLOG : WellhouseOne | 072.500
2017-01-20 08:57:03 | TEMPLOG : WellhouseOne | 067.100
2017-01-20 08:58:05 | TEMPLOG : WellhouseOne | 063.500
2017-01-20 08:59:06 | TEMPLOG : WellhouseOne | 060.800
2017-01-20 09:00:07 | TEMPLOG : WellhouseOne | 058.100
2017-01-20 09:00:07 | TEMPLOG : Bio   Filter | 042.800
2017-01-20 09:00:07 | TEMPLOG : To   GeoLoop | 046.400
2017-01-20 09:00:09 | TEMPLOG : Table    One | 042.800
2017-01-20 09:01:09 | TEMPLOG : WellhouseOne | 057.200
2017-01-20 09:02:10 | TEMPLOG : WellhouseOne | 055.400
2017-01-20 09:03:11 | TEMPLOG : WellhouseOne | 054.500
2017-01-20 09:03:12 | TEMPLOG : Bio   Filter | 043.700
2017-01-20 09:04:13 | TEMPLOG : WellhouseOne | 053.600
2017-01-20 09:05:15 | TEMPLOG : WellhouseOne | 052.700
2017-01-20 09:07:17 | TEMPLOG : WellhouseOne | 051.800
2017-01-20 09:09:21 | TEMPLOG : Bio   Filter | 042.800
2017-01-20 09:10:21 | TEMPLOG : WellhouseOne | 050.900
2017-01-20 09:11:22 | TEMPLOG : WellhouseOne | 050.000
2017-01-20 09:11:23 | TEMPLOG : Bio   Filter | 043.700
2017-01-20 09:12:26 | TEMPLOG : Table    One | 043.700
2017-01-20 09:16:29 | TEMPLOG : WellhouseOne | 049.100
2017-01-20 09:17:32 | TEMPLOG : To   GeoLoop | 047.300
2017-01-20 09:20:35 | TEMPLOG : WellhouseOne | 048.200
2017-01-20 09:22:36 | TEMPLOG : WellhouseOne | 097.700
2017-01-20 09:23:37 | TEMPLOG : WellhouseOne | 118.400
2017-01-20 09:23:38 | TEMPLOG : Bio   Filter | 044.600
2017-01-20 09:24:39 | TEMPLOG : WellhouseOne | 127.400
2017-01-20 09:25:41 | TEMPLOG : WellhouseOne | 091.400
2017-01-20 09:25:41 | TEMPLOG : Table    One | 044.600
2017-01-20 09:26:42 | TEMPLOG : WellhouseOne | 080.600
2017-01-20 09:27:43 | TEMPLOG : WellhouseOne | 073.400
2017-01-20 09:28:44 | TEMPLOG : WellhouseOne | 068.000
2017-01-20 09:29:45 | TEMPLOG : WellhouseOne | 065.300
2017-01-20 09:30:46 | TEMPLOG : WellhouseOne | 062.600
2017-01-20 09:31:47 | TEMPLOG : WellhouseOne | 059.900
2017-01-20 09:32:48 | TEMPLOG : WellhouseOne | 058.100
2017-01-20 09:33:50 | TEMPLOG : WellhouseOne | 057.200
2017-01-20 09:34:51 | TEMPLOG : WellhouseOne | 055.400
2017-01-20 09:35:52 | TEMPLOG : WellhouseOne | 054.500
2017-01-20 09:36:53 | TEMPLOG : WellhouseOne | 053.600
2017-01-20 09:38:56 | TEMPLOG : WellhouseOne | 052.700
2017-01-20 09:39:58 | TEMPLOG : WellhouseOne | 051.800
2017-01-20 09:42:00 | TEMPLOG : Table    One | 045.500
2017-01-20 09:44:01 | TEMPLOG : WellhouseOne | 050.900
2017-01-20 09:44:01 | TEMPLOG : Bio   Filter | 045.500
2017-01-20 09:51:09 | TEMPLOG : WellhouseOne | 050.000
2017-01-20 09:51:09 | TEMPLOG : Bio   Filter | 046.400
2017-01-20 09:52:10 | TEMPLOG : Table    One | 046.400
2017-01-20 09:55:12 | TEMPLOG : WellhouseOne | 107.600
2017-01-20 09:56:13 | TEMPLOG : WellhouseOne | 122.900
2017-01-20 09:57:14 | TEMPLOG : WellhouseOne | 121.100
2017-01-20 09:58:15 | TEMPLOG : WellhouseOne | 088.700
2017-01-20 09:58:16 | TEMPLOG : To   GeoLoop | 048.200
2017-01-20 09:59:16 | TEMPLOG : WellhouseOne | 077.900
2017-01-20 09:59:17 | TEMPLOG : To   GeoLoop | 047.300
2017-01-20 10:00:18 | TEMPLOG : WellhouseOne | 070.700
2017-01-20 10:00:18 | TEMPLOG : Bio   Filter | 046.400
2017-01-20 10:00:19 | TEMPLOG : To   GeoLoop | 048.200
2017-01-20 10:00:19 | TEMPLOG : Table    One | 046.400
2017-01-20 10:01:19 | TEMPLOG : WellhouseOne | 067.100
2017-01-20 10:02:20 | TEMPLOG : WellhouseOne | 064.400
2017-01-20 10:02:20 | TEMPLOG : Bio   Filter | 047.300
2017-01-20 10:03:22 | TEMPLOG : WellhouseOne | 061.700
2017-01-20 10:04:24 | TEMPLOG : WellhouseOne | 059.900
2017-01-20 10:05:25 | TEMPLOG : WellhouseOne | 058.100
2017-01-20 10:06:26 | TEMPLOG : WellhouseOne | 057.200
2017-01-20 10:07:27 | TEMPLOG : WellhouseOne | 055.400
2017-01-20 10:07:28 | TEMPLOG : Table    One | 047.300
2017-01-20 10:09:30 | TEMPLOG : WellhouseOne | 054.500
2017-01-20 10:10:30 | TEMPLOG : WellhouseOne | 053.600
2017-01-20 10:11:32 | TEMPLOG : WellhouseOne | 052.700
2017-01-20 10:12:33 | TEMPLOG : WellhouseOne | 051.800
2017-01-20 10:12:33 | TEMPLOG : Bio   Filter | 048.200
2017-01-20 10:15:35 | TEMPLOG : WellhouseOne | 050.900
2017-01-20 10:16:36 | TEMPLOG : WellhouseOne | 050.000
2017-01-20 10:17:38 | TEMPLOG : Table    One | 048.200
2017-01-20 10:18:39 | TEMPLOG : Bio   Filter | 049.100
2017-01-20 10:21:42 | TEMPLOG : Bio   Filter | 050.000
2017-01-20 10:22:43 | TEMPLOG : Table    One | 049.100
2017-01-20 10:23:43 | TEMPLOG : WellhouseOne | 049.100
2017-01-20 10:24:45 | TEMPLOG : To   GeoLoop | 049.100
2017-01-20 10:24:45 | TEMPLOG : Table    One | 050.000
2017-01-20 10:25:45 | TEMPLOG : WellhouseOne | 098.600
2017-01-20 10:25:46 | TEMPLOG : Bio   Filter | 050.900
2017-01-20 10:26:47 | TEMPLOG : WellhouseOne | 119.300
2017-01-20 10:27:48 | TEMPLOG : WellhouseOne | 104.900
2017-01-20 10:27:49 | TEMPLOG : Bio   Filter | 051.800
2017-01-20 10:28:49 | TEMPLOG : WellhouseOne | 084.200
2017-01-20 10:28:51 | TEMPLOG : Table    One | 050.900
2017-01-20 10:29:51 | TEMPLOG : WellhouseOne | 077.000
2017-01-20 10:29:51 | TEMPLOG : Bio   Filter | 052.700
2017-01-20 10:30:53 | TEMPLOG : WellhouseOne | 071.600
2017-01-20 10:31:53 | TEMPLOG : WellhouseOne | 068.000
2017-01-20 10:32:54 | TEMPLOG : WellhouseOne | 064.400
2017-01-20 10:32:55 | TEMPLOG : Bio   Filter | 053.600
2017-01-20 10:32:56 | TEMPLOG : Table    One | 051.800
2017-01-20 10:33:57 | TEMPLOG : WellhouseOne | 061.700
2017-01-20 10:34:57 | TEMPLOG : WellhouseOne | 060.800
2017-01-20 10:35:58 | TEMPLOG : WellhouseOne | 059.000
2017-01-20 10:35:59 | TEMPLOG : Table    One | 052.700
2017-01-20 10:36:59 | TEMPLOG : WellhouseOne | 057.200
2017-01-20 10:37:01 | TEMPLOG : Bio   Filter | 054.500
2017-01-20 10:37:01 | TEMPLOG : To   GeoLoop | 050.000
2017-01-20 10:38:01 | TEMPLOG : WellhouseOne | 056.300
2017-01-20 10:38:02 | TEMPLOG : Table    One | 053.600
2017-01-20 10:40:05 | TEMPLOG : WellhouseOne | 055.400
2017-01-20 10:40:05 | TEMPLOG : Bio   Filter | 055.400
2017-01-20 10:41:06 | TEMPLOG : WellhouseOne | 054.500
2017-01-20 10:41:07 | TEMPLOG : Table    One | 054.500
2017-01-20 10:43:09 | TEMPLOG : WellhouseOne | 053.600
2017-01-20 10:43:10 | TEMPLOG : Table    One | 055.400
2017-01-20 10:44:11 | TEMPLOG : Bio   Filter | 056.300
2017-01-20 10:46:12 | TEMPLOG : WellhouseOne | 052.700
2017-01-20 10:46:13 | TEMPLOG : Table    One | 056.300
2017-01-20 10:49:16 | TEMPLOG : Bio   Filter | 057.200
2017-01-20 10:50:16 | TEMPLOG : WellhouseOne | 051.800
2017-01-20 10:51:18 | TEMPLOG : To   GeoLoop | 050.900
2017-01-20 10:51:18 | TEMPLOG : Table    One | 057.200
2017-01-20 10:54:21 | TEMPLOG : Bio   Filter | 058.100
2017-01-20 10:54:22 | TEMPLOG : Table    One | 058.100
2017-01-20 10:55:22 | TEMPLOG : WellhouseOne | 050.900
2017-01-20 10:56:23 | TEMPLOG : Table    One | 059.000
2017-01-20 10:59:26 | TEMPLOG : WellhouseOne | 104.000
2017-01-20 11:00:28 | TEMPLOG : WellhouseOne | 121.100
2017-01-20 11:00:28 | TEMPLOG : Bio   Filter | 058.100
2017-01-20 11:00:28 | TEMPLOG : To   GeoLoop | 050.900
2017-01-20 11:00:28 | TEMPLOG : Table    One | 059.900
2017-01-20 11:01:28 | TEMPLOG : WellhouseOne | 091.400
2017-01-20 11:01:29 | TEMPLOG : Bio   Filter | 059.000
2017-01-20 11:02:29 | TEMPLOG : WellhouseOne | 079.700
2017-01-20 11:02:30 | TEMPLOG : Table    One | 060.800
2017-01-20 11:03:31 | TEMPLOG : WellhouseOne | 073.400
2017-01-20 11:03:31 | TEMPLOG : Bio   Filter | 059.900
2017-01-20 11:03:31 | TEMPLOG : To   GeoLoop | 051.800
2017-01-20 11:04:31 | TEMPLOG : WellhouseOne | 069.800
2017-01-20 11:04:32 | TEMPLOG : Table    One | 061.700
2017-01-20 11:05:32 | TEMPLOG : WellhouseOne | 067.100
2017-01-20 11:06:34 | TEMPLOG : WellhouseOne | 064.400
2017-01-20 11:06:34 | TEMPLOG : Bio   Filter | 060.800
2017-01-20 11:07:35 | TEMPLOG : WellhouseOne | 062.600
2017-01-20 11:07:36 | TEMPLOG : Table    One | 062.600
2017-01-20 11:08:36 | TEMPLOG : WellhouseOne | 060.800
2017-01-20 11:08:37 | TEMPLOG : Bio   Filter | 061.700
2017-01-20 11:09:38 | TEMPLOG : WellhouseOne | 059.900
2017-01-20 11:09:38 | TEMPLOG : Bio   Filter | 062.600
2017-01-20 11:10:40 | TEMPLOG : WellhouseOne | 058.100
2017-01-20 11:10:40 | TEMPLOG : Bio   Filter | 063.500
2017-01-20 11:11:40 | TEMPLOG : WellhouseOne | 057.200
2017-01-20 11:11:41 | TEMPLOG : Bio   Filter | 064.400
2017-01-20 11:13:42 | TEMPLOG : WellhouseOne | 056.300
2017-01-20 11:13:43 | TEMPLOG : Bio   Filter | 065.300
2017-01-20 11:14:44 | TEMPLOG : Table    One | 063.500
2017-01-20 11:15:44 | TEMPLOG : WellhouseOne | 055.400
2017-01-20 11:15:45 | TEMPLOG : Bio   Filter | 066.200
2017-01-20 11:16:47 | TEMPLOG : Bio   Filter | 067.100
2017-01-20 11:17:47 | TEMPLOG : WellhouseOne | 054.500
2017-01-20 11:18:48 | TEMPLOG : Bio   Filter | 068.000
2017-01-20 11:19:51 | TEMPLOG : Table    One | 064.400
2017-01-20 11:20:51 | TEMPLOG : WellhouseOne | 053.600
2017-01-20 11:20:52 | TEMPLOG : Bio   Filter | 068.900
2017-01-20 11:20:52 | TEMPLOG : Table    One | 065.300
2017-01-20 11:22:54 | TEMPLOG : Bio   Filter | 069.800
2017-01-20 11:22:54 | TEMPLOG : Table    One | 066.200
2017-01-20 11:23:55 | TEMPLOG : Bio   Filter | 070.700
2017-01-20 11:24:57 | TEMPLOG : Table    One | 067.100
2017-01-20 11:25:57 | TEMPLOG : WellhouseOne | 052.700
2017-01-20 11:25:58 | TEMPLOG : Bio   Filter | 071.600
2017-01-20 11:25:58 | TEMPLOG : Table    One | 068.900
2017-01-20 11:26:59 | TEMPLOG : Bio   Filter | 072.500
2017-01-20 11:29:02 | TEMPLOG : Bio   Filter | 073.400
2017-01-20 11:29:03 | TEMPLOG : Table    One | 069.800
2017-01-20 11:31:04 | TEMPLOG : Bio   Filter | 074.300
2017-01-20 11:32:06 | TEMPLOG : To   GeoLoop | 052.700
2017-01-20 11:32:06 | TEMPLOG : Table    One | 070.700
2017-01-20 11:33:07 | TEMPLOG : Bio   Filter | 075.200
2017-01-20 11:34:08 | TEMPLOG : WellhouseOne | 077.900
2017-01-20 11:34:08 | TEMPLOG : Bio   Filter | 076.100
2017-01-20 11:34:08 | TEMPLOG : Table    One | 071.600
2017-01-20 11:35:08 | TEMPLOG : WellhouseOne | 117.500
2017-01-20 11:35:10 | TEMPLOG : Table    One | 072.500
2017-01-20 11:36:10 | TEMPLOG : WellhouseOne | 092.300
2017-01-20 11:36:10 | TEMPLOG : Bio   Filter | 077.000
2017-01-20 11:37:11 | TEMPLOG : WellhouseOne | 080.600
2017-01-20 11:37:12 | TEMPLOG : Table    One | 073.400
2017-01-20 11:38:12 | TEMPLOG : WellhouseOne | 073.400
2017-01-20 11:39:14 | TEMPLOG : WellhouseOne | 068.900
2017-01-20 11:39:14 | TEMPLOG : Bio   Filter | 077.900
2017-01-20 11:39:14 | TEMPLOG : Table    One | 074.300
2017-01-20 11:40:15 | TEMPLOG : WellhouseOne | 067.100
2017-01-20 11:40:15 | TEMPLOG : Bio   Filter | 078.800
2017-01-20 11:40:16 | TEMPLOG : Table    One | 075.200
2017-01-20 11:41:16 | TEMPLOG : WellhouseOne | 064.400
2017-01-20 11:41:17 | TEMPLOG : Bio   Filter | 079.700
2017-01-20 11:42:17 | TEMPLOG : WellhouseOne | 062.600
2017-01-20 11:42:18 | TEMPLOG : Table    One | 076.100
2017-01-20 11:43:19 | TEMPLOG : WellhouseOne | 061.700
2017-01-20 11:43:21 | TEMPLOG : Table    One | 077.000
2017-01-20 11:44:21 | TEMPLOG : WellhouseOne | 059.900
2017-01-20 11:44:22 | TEMPLOG : Bio   Filter | 080.600
2017-01-20 11:45:23 | TEMPLOG : Bio   Filter | 079.700
2017-01-20 11:45:24 | TEMPLOG : Table    One | 076.100
2017-01-20 11:46:24 | TEMPLOG : WellhouseOne | 059.000
2017-01-20 11:46:24 | TEMPLOG : Table    One | 077.000
2017-01-20 11:47:25 | TEMPLOG : WellhouseOne | 058.100
2017-01-20 11:48:25 | TEMPLOG : WellhouseOne | 057.200
2017-01-20 11:48:27 | TEMPLOG : Table    One | 077.900
2017-01-20 11:49:27 | TEMPLOG : Bio   Filter | 080.600
2017-01-20 11:49:28 | TEMPLOG : To   GeoLoop | 053.600
2017-01-20 11:49:28 | TEMPLOG : Table    One | 078.800
2017-01-20 11:50:28 | TEMPLOG : WellhouseOne | 056.300
2017-01-20 11:50:29 | TEMPLOG : Table    One | 079.700
2017-01-20 11:51:29 | TEMPLOG : Bio   Filter | 079.700
2017-01-20 11:51:30 | TEMPLOG : Table    One | 077.900
2017-01-20 11:52:31 | TEMPLOG : Bio   Filter | 077.900
2017-01-20 11:52:31 | TEMPLOG : To   GeoLoop | 052.700
2017-01-20 11:52:31 | TEMPLOG : Table    One | 076.100
2017-01-20 11:53:32 | TEMPLOG : Bio   Filter | 076.100
2017-01-20 11:54:33 | TEMPLOG : WellhouseOne | 055.400
2017-01-20 11:55:36 | TEMPLOG : Bio   Filter | 075.200
2017-01-20 11:56:38 | TEMPLOG : Table    One | 074.300
2017-01-20 11:57:39 | TEMPLOG : Bio   Filter | 073.400
2017-01-20 11:57:40 | TEMPLOG : Table    One | 072.500
2017-01-20 11:58:41 | TEMPLOG : WellhouseOne | 054.500
2017-01-20 11:58:41 | TEMPLOG : Bio   Filter | 071.600
2017-01-20 11:58:41 | TEMPLOG : Table    One | 070.700
2017-01-20 11:59:42 | TEMPLOG : Table    One | 071.600
2017-01-20 12:00:42 | TEMPLOG : WellhouseOne | 054.500
2017-01-20 12:00:43 | TEMPLOG : Bio   Filter | 070.700
2017-01-20 12:00:43 | TEMPLOG : To   GeoLoop | 052.700
2017-01-20 12:00:43 | TEMPLOG : Table    One | 071.600
2017-01-20 12:01:43 | TEMPLOG : Bio   Filter | 071.600
2017-01-20 12:01:44 | TEMPLOG : Table    One | 072.500
2017-01-20 12:02:44 | TEMPLOG : Bio   Filter | 072.500
2017-01-20 12:02:45 | TEMPLOG : Table    One | 075.200
2017-01-20 12:03:46 | TEMPLOG : Bio   Filter | 073.400
2017-01-20 12:03:46 | TEMPLOG : Table    One | 074.300
2017-01-20 12:04:46 | TEMPLOG : WellhouseOne | 053.600
2017-01-20 12:04:46 | TEMPLOG : Bio   Filter | 072.500
2017-01-20 12:04:47 | TEMPLOG : Table    One | 073.400
2017-01-20 12:05:47 | TEMPLOG : WellhouseOne | 054.500
2017-01-20 12:05:47 | TEMPLOG : Bio   Filter | 073.400
2017-01-20 12:05:48 | TEMPLOG : Table    One | 074.300
2017-01-20 12:06:48 | TEMPLOG : WellhouseOne | 053.600
2017-01-20 12:06:48 | TEMPLOG : Bio   Filter | 074.300
2017-01-20 12:06:48 | TEMPLOG : To   GeoLoop | 053.600
2017-01-20 12:06:48 | TEMPLOG : Table    One | 075.200
2017-01-20 12:07:49 | TEMPLOG : Bio   Filter | 073.400
2017-01-20 12:07:50 | TEMPLOG : Table    One | 073.400
2017-01-20 12:08:50 | TEMPLOG : To   GeoLoop | 052.700
2017-01-20 12:09:51 | TEMPLOG : Bio   Filter | 075.200
2017-01-20 12:09:51 | TEMPLOG : To   GeoLoop | 053.600
2017-01-20 12:09:51 | TEMPLOG : Table    One | 075.200
2017-01-20 12:10:52 | TEMPLOG : Bio   Filter | 076.100
2017-01-20 12:10:52 | TEMPLOG : Table    One | 077.000
2017-01-20 12:11:52 | TEMPLOG : WellhouseOne | 086.900
2017-01-20 12:11:54 | TEMPLOG : Bio   Filter | 075.200
2017-01-20 12:11:54 | TEMPLOG : Table    One | 074.300
2017-01-20 12:12:54 | TEMPLOG : WellhouseOne | 121.100
2017-01-20 12:12:54 | TEMPLOG : Bio   Filter | 074.300
2017-01-20 12:12:55 | TEMPLOG : To   GeoLoop | 052.700
2017-01-20 12:12:55 | TEMPLOG : Table    One | 072.500
2017-01-20 12:13:55 | TEMPLOG : WellhouseOne | 088.700
2017-01-20 12:13:55 | TEMPLOG : Bio   Filter | 072.500
2017-01-20 12:14:56 | TEMPLOG : WellhouseOne | 078.800
2017-01-20 12:15:58 | TEMPLOG : WellhouseOne | 074.300
2017-01-20 12:17:00 | TEMPLOG : WellhouseOne | 069.800
2017-01-20 12:17:00 | TEMPLOG : Bio   Filter | 071.600
2017-01-20 12:18:01 | TEMPLOG : WellhouseOne | 067.100
2017-01-20 12:18:01 | TEMPLOG : Bio   Filter | 073.400
2017-01-20 12:18:02 | TEMPLOG : Table    One | 073.400
2017-01-20 12:19:03 | TEMPLOG : WellhouseOne | 064.400
2017-01-20 12:19:03 | TEMPLOG : Bio   Filter | 075.200
2017-01-20 12:19:03 | TEMPLOG : Table    One | 075.200
2017-01-20 12:20:04 | TEMPLOG : WellhouseOne | 063.500
2017-01-20 12:20:04 | TEMPLOG : Bio   Filter | 077.000
2017-01-20 12:20:04 | TEMPLOG : To   GeoLoop | 053.600
2017-01-20 12:20:04 | TEMPLOG : Table    One | 076.100
2017-01-20 12:21:05 | TEMPLOG : WellhouseOne | 061.700
2017-01-20 12:21:05 | TEMPLOG : Bio   Filter | 077.900
2017-01-20 12:21:05 | TEMPLOG : Table    One | 077.900
2017-01-20 12:22:06 | TEMPLOG : WellhouseOne | 060.800
2017-01-20 12:22:06 | TEMPLOG : Bio   Filter | 080.600
2017-01-20 12:22:06 | TEMPLOG : Table    One | 079.700
2017-01-20 12:23:07 | TEMPLOG : WellhouseOne | 059.900
2017-01-20 12:23:07 | TEMPLOG : Bio   Filter | 081.500
2017-01-20 12:24:07 | TEMPLOG : Bio   Filter | 079.700
2017-01-20 12:24:08 | TEMPLOG : Table    One | 077.900
2017-01-20 12:25:08 | TEMPLOG : WellhouseOne | 059.000
2017-01-20 12:25:08 | TEMPLOG : Bio   Filter | 078.800
2017-01-20 12:25:09 | TEMPLOG : Table    One | 076.100
2017-01-20 12:26:09 | TEMPLOG : Bio   Filter | 077.000
2017-01-20 12:26:10 | TEMPLOG : Table    One | 075.200
2017-01-20 12:27:10 | TEMPLOG : WellhouseOne | 058.100
2017-01-20 12:27:11 | TEMPLOG : Bio   Filter | 076.100
2017-01-20 12:27:11 | TEMPLOG : Table    One | 074.300
2017-01-20 12:28:12 | TEMPLOG : Bio   Filter | 077.900
2017-01-20 12:28:12 | TEMPLOG : Table    One | 077.900
2017-01-20 12:29:13 | TEMPLOG : WellhouseOne | 057.200
2017-01-20 12:29:13 | TEMPLOG : Bio   Filter | 081.500
2017-01-20 12:29:13 | TEMPLOG : To   GeoLoop | 054.500
2017-01-20 12:29:14 | TEMPLOG : Table    One | 080.600
2017-01-20 12:30:14 | TEMPLOG : Bio   Filter | 085.100
2017-01-20 12:30:14 | TEMPLOG : Table    One | 083.300
2017-01-20 12:31:15 | TEMPLOG : Bio   Filter | 086.000
2017-01-20 12:32:16 | TEMPLOG : WellhouseOne | 056.300
2017-01-20 12:32:16 | TEMPLOG : Bio   Filter | 086.900
2017-01-20 12:32:17 | TEMPLOG : To   GeoLoop | 055.400
2017-01-20 12:33:18 | TEMPLOG : Bio   Filter | 086.000
2017-01-20 12:33:18 | TEMPLOG : Table    One | 082.400
2017-01-20 12:35:20 | TEMPLOG : Table    One | 081.500
2017-01-20 12:36:21 | TEMPLOG : Bio   Filter | 084.200
2017-01-20 12:36:21 | TEMPLOG : To   GeoLoop | 054.500
2017-01-20 12:36:21 | TEMPLOG : Table    One | 080.600
2017-01-20 12:37:23 | TEMPLOG : WellhouseOne | 055.400
2017-01-20 12:37:23 | TEMPLOG : Bio   Filter | 085.100
2017-01-20 12:37:23 | TEMPLOG : Table    One | 082.400
2017-01-20 12:38:24 | TEMPLOG : Bio   Filter | 086.000
2017-01-20 12:38:24 | TEMPLOG : To   GeoLoop | 055.400
2017-01-20 12:39:25 | TEMPLOG : Bio   Filter | 087.800
2017-01-20 12:39:26 | TEMPLOG : Table    One | 084.200
2017-01-20 12:40:28 | TEMPLOG : Table    One | 085.100
2017-01-20 12:41:28 | TEMPLOG : Bio   Filter | 086.900
2017-01-20 12:42:29 | TEMPLOG : Bio   Filter | 088.700
2017-01-20 12:42:30 | TEMPLOG : Table    One | 086.000
2017-01-20 12:43:31 | TEMPLOG : Table    One | 086.900
2017-01-20 12:44:32 | TEMPLOG : Bio   Filter | 089.600
2017-01-20 12:44:33 | TEMPLOG : Table    One | 088.700
2017-01-20 12:45:33 | TEMPLOG : WellhouseOne | 054.500
2017-01-20 12:45:33 | TEMPLOG : Bio   Filter | 090.500
2017-01-20 12:45:34 | TEMPLOG : Table    One | 089.600
2017-01-20 12:46:36 | TEMPLOG : To   GeoLoop | 056.300
2017-01-20 12:46:36 | TEMPLOG : Table    One | 088.700
2017-01-20 12:47:38 | TEMPLOG : Table    One | 089.600
2017-01-20 12:48:39 | TEMPLOG : Table    One | 088.700
2017-01-20 12:49:40 | TEMPLOG : Bio   Filter | 091.400
2017-01-20 12:49:41 | TEMPLOG : Table    One | 089.600
2017-01-20 12:50:41 | TEMPLOG : WellhouseOne | 085.100
2017-01-20 12:51:42 | TEMPLOG : WellhouseOne | 119.300
2017-01-20 12:51:42 | TEMPLOG : Bio   Filter | 090.500
2017-01-20 12:51:43 | TEMPLOG : Table    One | 088.700
2017-01-20 12:52:43 | TEMPLOG : WellhouseOne | 092.300
2017-01-20 12:52:43 | TEMPLOG : Bio   Filter | 089.600
2017-01-20 12:53:44 | TEMPLOG : WellhouseOne | 080.600
2017-01-20 12:54:45 | TEMPLOG : WellhouseOne | 074.300
2017-01-20 12:54:45 | TEMPLOG : Bio   Filter | 088.700
2017-01-20 12:55:46 | TEMPLOG : WellhouseOne | 070.700
2017-01-20 12:55:47 | TEMPLOG : Table    One | 087.800
2017-01-20 12:56:48 | TEMPLOG : WellhouseOne | 068.000
2017-01-20 12:56:48 | TEMPLOG : Bio   Filter | 087.800
2017-01-20 12:56:48 | TEMPLOG : To   GeoLoop | 057.200
2017-01-20 12:56:49 | TEMPLOG : Table    One | 088.700
2017-01-20 12:57:50 | TEMPLOG : WellhouseOne | 065.300
2017-01-20 12:58:51 | TEMPLOG : WellhouseOne | 064.400
2017-01-20 12:58:53 | TEMPLOG : Table    One | 089.600
2017-01-20 12:59:53 | TEMPLOG : WellhouseOne | 062.600
2017-01-20 13:00:56 | TEMPLOG : WellhouseOne | 061.700
2017-01-20 13:00:56 | TEMPLOG : Bio   Filter | 087.800
2017-01-20 13:00:56 | TEMPLOG : To   GeoLoop | 057.200
2017-01-20 13:00:57 | TEMPLOG : Table    One | 090.500
2017-01-20 13:01:58 | TEMPLOG : WellhouseOne | 060.800
2017-01-20 13:01:58 | TEMPLOG : Bio   Filter | 088.700
2017-01-20 13:01:58 | TEMPLOG : To   GeoLoop | 058.100
2017-01-20 13:02:58 | TEMPLOG : WellhouseOne | 059.900
2017-01-20 13:04:00 | TEMPLOG : WellhouseOne | 059.000
2017-01-20 13:05:01 | TEMPLOG : Bio   Filter | 089.600
2017-01-20 13:06:01 | TEMPLOG : WellhouseOne | 058.100
2017-01-20 13:08:04 | TEMPLOG : WellhouseOne | 057.200
2017-01-20 13:08:04 | TEMPLOG : Bio   Filter | 090.500
2017-01-20 13:08:04 | TEMPLOG : Table    One | 091.400
2017-01-20 13:09:05 | TEMPLOG : To   GeoLoop | 059.000
2017-01-20 13:10:06 | TEMPLOG : To   GeoLoop | 058.100
2017-01-20 13:10:06 | TEMPLOG : Table    One | 090.500
2017-01-20 13:12:08 | TEMPLOG : WellhouseOne | 056.300
2017-01-20 13:13:09 | TEMPLOG : To   GeoLoop | 059.000
2017-01-20 13:14:10 | TEMPLOG : Bio   Filter | 089.600
2017-01-20 13:14:10 | TEMPLOG : Table    One | 089.600
2017-01-20 13:15:11 | TEMPLOG : To   GeoLoop | 058.100
2017-01-20 13:15:11 | TEMPLOG : Table    One | 088.700
2017-01-20 13:16:12 | TEMPLOG : Bio   Filter | 088.700
2017-01-20 13:16:13 | TEMPLOG : Table    One | 087.800
2017-01-20 13:18:15 | TEMPLOG : WellhouseOne | 055.400
2017-01-20 13:18:15 | TEMPLOG : Bio   Filter | 087.800
2017-01-20 13:19:15 | TEMPLOG : WellhouseOne | 056.300
2017-01-20 13:19:15 | TEMPLOG : Bio   Filter | 086.900
2017-01-20 13:19:17 | TEMPLOG : Table    One | 086.900
2017-01-20 13:20:17 | TEMPLOG : WellhouseOne | 055.400
2017-01-20 13:21:18 | TEMPLOG : Bio   Filter | 086.000
2017-01-20 13:21:19 | TEMPLOG : Table    One | 086.000
2017-01-20 13:25:22 | TEMPLOG : WellhouseOne | 054.500
2017-01-20 13:26:24 | TEMPLOG : Table    One | 086.900
2017-01-20 13:28:26 | TEMPLOG : Table    One | 087.800
2017-01-20 13:29:26 | TEMPLOG : WellhouseOne | 069.800
2017-01-20 13:30:28 | TEMPLOG : WellhouseOne | 120.200
2017-01-20 13:30:29 | TEMPLOG : Bio   Filter | 086.900
2017-01-20 13:31:30 | TEMPLOG : WellhouseOne | 103.100
2017-01-20 13:31:31 | TEMPLOG : Bio   Filter | 086.000
2017-01-20 13:31:31 | TEMPLOG : Table    One | 086.900
2017-01-20 13:32:31 | TEMPLOG : WellhouseOne | 084.200
2017-01-20 13:32:31 | TEMPLOG : Bio   Filter | 085.100
2017-01-20 13:32:32 | TEMPLOG : Table    One | 086.000
2017-01-20 13:33:32 | TEMPLOG : WellhouseOne | 077.000
2017-01-20 13:34:33 | TEMPLOG : WellhouseOne | 072.500
2017-01-20 13:35:35 | TEMPLOG : WellhouseOne | 068.900
2017-01-20 13:35:35 | TEMPLOG : Bio   Filter | 086.000
2017-01-20 13:35:36 | TEMPLOG : Table    One | 087.800
2017-01-20 13:36:36 | TEMPLOG : WellhouseOne | 066.200
2017-01-20 13:36:37 | TEMPLOG : To   GeoLoop | 059.000
2017-01-20 13:37:38 | TEMPLOG : WellhouseOne | 065.300
2017-01-20 13:37:39 | TEMPLOG : Table    One | 086.900
2017-01-20 13:38:39 | TEMPLOG : WellhouseOne | 063.500
2017-01-20 13:38:39 | TEMPLOG : Bio   Filter | 085.100
2017-01-20 13:38:40 | TEMPLOG : To   GeoLoop | 058.100
2017-01-20 13:38:41 | TEMPLOG : Table    One | 086.000
2017-01-20 13:39:41 | TEMPLOG : WellhouseOne | 062.600
2017-01-20 13:39:41 | TEMPLOG : Bio   Filter | 084.200
2017-01-20 13:39:42 | TEMPLOG : Table    One | 085.100
2017-01-20 13:40:42 | TEMPLOG : WellhouseOne | 061.700
2017-01-20 13:40:43 | TEMPLOG : Table    One | 084.200
2017-01-20 13:41:43 | TEMPLOG : WellhouseOne | 060.800
2017-01-20 13:42:45 | TEMPLOG : Table    One | 085.100
2017-01-20 13:43:46 | TEMPLOG : WellhouseOne | 059.900
2017-01-20 13:43:46 | TEMPLOG : Table    One | 086.000
2017-01-20 13:44:46 | TEMPLOG : WellhouseOne | 059.000
2017-01-20 13:44:47 | TEMPLOG : Bio   Filter | 085.100
2017-01-20 13:44:47 | TEMPLOG : To   GeoLoop | 059.000
2017-01-20 13:44:48 | TEMPLOG : Table    One | 087.800
2017-01-20 13:45:48 | TEMPLOG : Bio   Filter | 086.000
2017-01-20 13:45:49 | TEMPLOG : Table    One | 089.600
2017-01-20 13:46:49 | TEMPLOG : WellhouseOne | 058.100
2017-01-20 13:46:49 | TEMPLOG : Bio   Filter | 087.800
2017-01-20 13:46:49 | TEMPLOG : To   GeoLoop | 059.900
2017-01-20 13:46:49 | TEMPLOG : Table    One | 091.400
2017-01-20 13:48:52 | TEMPLOG : Bio   Filter | 088.700
2017-01-20 13:48:52 | TEMPLOG : Table    One | 093.200
2017-01-20 13:49:53 | TEMPLOG : WellhouseOne | 057.200
2017-01-20 13:49:53 | TEMPLOG : Bio   Filter | 089.600
2017-01-20 13:49:54 | TEMPLOG : Table    One | 092.300
2017-01-20 13:50:54 | TEMPLOG : Bio   Filter | 086.900
2017-01-20 13:50:55 | TEMPLOG : Table    One | 088.700
2017-01-20 13:51:56 | TEMPLOG : Bio   Filter | 084.200
2017-01-20 13:51:56 | TEMPLOG : To   GeoLoop | 059.000
2017-01-20 13:51:56 | TEMPLOG : Table    One | 084.200
2017-01-20 13:52:57 | TEMPLOG : WellhouseOne | 056.300
2017-01-20 13:52:57 | TEMPLOG : Bio   Filter | 081.500
2017-01-20 13:52:58 | TEMPLOG : To   GeoLoop | 058.100
2017-01-20 13:52:58 | TEMPLOG : Table    One | 082.400
2017-01-20 13:53:59 | TEMPLOG : To   GeoLoop | 057.200
2017-01-20 13:55:00 | TEMPLOG : To   GeoLoop | 058.100
2017-01-20 13:56:00 | TEMPLOG : WellhouseOne | 055.400
2017-01-20 13:56:00 | TEMPLOG : Bio   Filter | 079.700
2017-01-20 13:56:01 | TEMPLOG : Table    One | 080.600
2017-01-20 13:57:02 | TEMPLOG : Bio   Filter | 078.800
2017-01-20 13:57:02 | TEMPLOG : To   GeoLoop | 057.200
2017-01-20 13:57:02 | TEMPLOG : Table    One | 079.700
2017-01-20 13:58:03 | TEMPLOG : Table    One | 080.600
2017-01-20 13:59:04 | TEMPLOG : Table    One | 079.700
2017-01-20 14:00:05 | TEMPLOG : WellhouseOne | 055.400
2017-01-20 14:00:05 | TEMPLOG : Bio   Filter | 077.000
2017-01-20 14:00:05 | TEMPLOG : To   GeoLoop | 057.200
2017-01-20 14:00:05 | TEMPLOG : Table    One | 077.900
2017-01-20 14:01:06 | TEMPLOG : WellhouseOne | 054.500
2017-01-20 14:01:06 | TEMPLOG : Bio   Filter | 075.200
2017-01-20 14:01:07 | TEMPLOG : To   GeoLoop | 056.300
2017-01-20 14:01:07 | TEMPLOG : Table    One | 076.100
2017-01-20 14:02:07 | TEMPLOG : Bio   Filter | 074.300
2017-01-20 14:02:08 | TEMPLOG : Table    One | 074.300
2017-01-20 14:03:09 | TEMPLOG : Bio   Filter | 073.400
2017-01-20 14:03:10 | TEMPLOG : Table    One | 073.400
2017-01-20 14:04:11 | TEMPLOG : Bio   Filter | 072.500
2017-01-20 14:05:11 | TEMPLOG : WellhouseOne | 053.600
2017-01-20 14:05:12 | TEMPLOG : Table    One | 072.500
2017-01-20 14:06:13 | TEMPLOG : Bio   Filter | 071.600
2017-01-20 14:07:13 | TEMPLOG : WellhouseOne | 062.600
2017-01-20 14:08:15 | TEMPLOG : WellhouseOne | 120.200
2017-01-20 14:08:16 | TEMPLOG : Table    One | 071.600
2017-01-20 14:09:16 | TEMPLOG : WellhouseOne | 113.000
2017-01-20 14:09:17 | TEMPLOG : Table    One | 072.500
2017-01-20 14:10:17 | TEMPLOG : WellhouseOne | 088.700
2017-01-20 14:10:18 | TEMPLOG : Table    One | 071.600
2017-01-20 14:11:18 | TEMPLOG : WellhouseOne | 078.800
2017-01-20 14:11:18 | TEMPLOG : Bio   Filter | 070.700
2017-01-20 14:12:20 | TEMPLOG : WellhouseOne | 073.400
2017-01-20 14:12:21 | TEMPLOG : Table    One | 070.700
2017-01-20 14:13:21 | TEMPLOG : WellhouseOne | 069.800
2017-01-20 14:13:22 | TEMPLOG : Bio   Filter | 069.800
2017-01-20 14:13:22 | TEMPLOG : To   GeoLoop | 055.400
2017-01-20 14:14:23 | TEMPLOG : WellhouseOne | 067.100
2017-01-20 14:15:24 | TEMPLOG : WellhouseOne | 064.400
2017-01-20 14:15:25 | TEMPLOG : Table    One | 069.800
2017-01-20 14:16:25 | TEMPLOG : WellhouseOne | 063.500
2017-01-20 14:17:26 | TEMPLOG : WellhouseOne | 062.600
2017-01-20 14:17:27 | TEMPLOG : Bio   Filter | 068.900
2017-01-20 14:18:28 | TEMPLOG : WellhouseOne | 061.700
2017-01-20 14:19:29 | TEMPLOG : WellhouseOne | 059.900
2017-01-20 14:21:31 | TEMPLOG : WellhouseOne | 059.000
2017-01-20 14:22:33 | TEMPLOG : WellhouseOne | 058.100
2017-01-20 14:24:35 | TEMPLOG : WellhouseOne | 057.200
2017-01-20 14:26:38 | TEMPLOG : Bio   Filter | 069.800
2017-01-20 14:26:38 | TEMPLOG : Table    One | 070.700
2017-01-20 14:27:39 | TEMPLOG : WellhouseOne | 056.300
2017-01-20 14:27:40 | TEMPLOG : To   GeoLoop | 056.300
2017-01-20 14:27:40 | TEMPLOG : Table    One | 071.600
2017-01-20 14:30:42 | TEMPLOG : WellhouseOne | 055.400
2017-01-20 14:30:43 | TEMPLOG : Table    One | 070.700
2017-01-20 14:31:43 | TEMPLOG : To   GeoLoop | 055.400
2017-01-20 14:33:46 | TEMPLOG : WellhouseOne | 054.500
2017-01-20 14:34:47 | TEMPLOG : Bio   Filter | 068.900
2017-01-20 14:34:48 | TEMPLOG : Table    One | 069.800
2017-01-20 14:35:48 | TEMPLOG : Bio   Filter | 068.000
2017-01-20 14:35:49 | TEMPLOG : Table    One | 068.900
2017-01-20 14:36:49 | TEMPLOG : WellhouseOne | 053.600
2017-01-20 14:36:50 | TEMPLOG : Table    One | 068.000
2017-01-20 14:37:51 | TEMPLOG : Bio   Filter | 067.100
2017-01-20 14:38:54 | TEMPLOG : Table    One | 067.100
2017-01-20 14:39:54 | TEMPLOG : Bio   Filter | 066.200
2017-01-20 14:40:56 | TEMPLOG : Table    One | 066.200
2017-01-20 14:41:56 | TEMPLOG : Bio   Filter | 067.100
2017-01-20 14:41:57 | TEMPLOG : Table    One | 068.000
2017-01-20 14:42:58 | TEMPLOG : Bio   Filter | 068.900
2017-01-20 14:42:58 | TEMPLOG : Table    One | 069.800
2017-01-20 14:43:59 | TEMPLOG : WellhouseOne | 073.400
2017-01-20 14:43:59 | TEMPLOG : Bio   Filter | 070.700
2017-01-20 14:43:59 | TEMPLOG : To   GeoLoop | 056.300
2017-01-20 14:43:59 | TEMPLOG : Table    One | 071.600
2017-01-20 14:44:59 | TEMPLOG : WellhouseOne | 117.500
2017-01-20 14:45:00 | TEMPLOG : Table    One | 072.500
2017-01-20 14:46:00 | TEMPLOG : WellhouseOne | 099.500
2017-01-20 14:46:01 | TEMPLOG : Bio   Filter | 071.600
2017-01-20 14:46:01 | TEMPLOG : Table    One | 073.400
2017-01-20 14:47:02 | TEMPLOG : WellhouseOne | 083.300
2017-01-20 14:47:02 | TEMPLOG : Bio   Filter | 072.500
2017-01-20 14:47:02 | TEMPLOG : Table    One | 074.300
2017-01-20 14:48:02 | TEMPLOG : WellhouseOne | 076.100
2017-01-20 14:48:03 | TEMPLOG : Bio   Filter | 073.400
2017-01-20 14:48:03 | TEMPLOG : To   GeoLoop | 057.200
2017-01-20 14:48:04 | TEMPLOG : Table    One | 075.200
2017-01-20 14:49:05 | TEMPLOG : WellhouseOne | 071.600
2017-01-20 14:49:05 | TEMPLOG : Bio   Filter | 075.200
2017-01-20 14:49:05 | TEMPLOG : Table    One | 077.000
2017-01-20 14:50:06 | TEMPLOG : WellhouseOne | 068.000
2017-01-20 14:51:10 | TEMPLOG : WellhouseOne | 066.200
2017-01-20 14:51:11 | TEMPLOG : Table    One | 076.100
2017-01-20 14:52:11 | TEMPLOG : WellhouseOne | 064.400
2017-01-20 14:52:11 | TEMPLOG : Bio   Filter | 074.300
2017-01-20 14:52:12 | TEMPLOG : Table    One | 075.200
2017-01-20 14:53:12 | TEMPLOG : WellhouseOne | 062.600
2017-01-20 14:53:12 | TEMPLOG : Bio   Filter | 075.200
2017-01-20 14:53:14 | TEMPLOG : Table    One | 076.100
2017-01-20 14:54:14 | TEMPLOG : WellhouseOne | 061.700
2017-01-20 14:54:15 | TEMPLOG : Table    One | 077.000
2017-01-20 14:55:15 | TEMPLOG : WellhouseOne | 059.900
2017-01-20 14:55:15 | TEMPLOG : Bio   Filter | 076.100
2017-01-20 14:55:16 | TEMPLOG : Table    One | 078.800
2017-01-20 14:56:17 | TEMPLOG : Bio   Filter | 077.000
2017-01-20 14:56:18 | TEMPLOG : Table    One | 079.700
2017-01-20 14:57:18 | TEMPLOG : WellhouseOne | 059.000
2017-01-20 14:58:19 | TEMPLOG : WellhouseOne | 058.100
2017-01-20 14:58:19 | TEMPLOG : Bio   Filter | 077.900
2017-01-20 14:58:20 | TEMPLOG : Table    One | 080.600
2017-01-20 14:59:20 | TEMPLOG : To   GeoLoop | 058.100
2017-01-20 15:00:21 | TEMPLOG : WellhouseOne | 057.200
2017-01-20 15:00:21 | TEMPLOG : Bio   Filter | 077.000
2017-01-20 15:00:21 | TEMPLOG : To   GeoLoop | 057.200
2017-01-20 15:00:21 | TEMPLOG : Table    One | 078.800
2017-01-20 15:01:22 | TEMPLOG : Bio   Filter | 077.900
2017-01-20 15:01:22 | TEMPLOG : Table    One | 079.700
2017-01-20 15:02:22 | TEMPLOG : Bio   Filter | 078.800
2017-01-20 15:02:23 | TEMPLOG : Table    One | 081.500
2017-01-20 15:03:24 | TEMPLOG : WellhouseOne | 056.300
2017-01-20 15:03:24 | TEMPLOG : Bio   Filter | 079.700
2017-01-20 15:03:25 | TEMPLOG : To   GeoLoop | 058.100
2017-01-20 15:03:25 | TEMPLOG : Table    One | 082.400
2017-01-20 15:05:26 | TEMPLOG : WellhouseOne | 055.400
2017-01-20 15:05:26 | TEMPLOG : Bio   Filter | 078.800
2017-01-20 15:05:26 | TEMPLOG : To   GeoLoop | 057.200
2017-01-20 15:05:27 | TEMPLOG : Table    One | 080.600
2017-01-20 15:06:28 | TEMPLOG : Bio   Filter | 079.700
2017-01-20 15:06:28 | TEMPLOG : Table    One | 081.500
2017-01-20 15:07:28 | TEMPLOG : WellhouseOne | 054.500
2017-01-20 15:07:29 | TEMPLOG : Bio   Filter | 080.600
2017-01-20 15:07:29 | TEMPLOG : To   GeoLoop | 058.100
2017-01-20 15:07:29 | TEMPLOG : Table    One | 082.400
2017-01-20 15:08:30 | TEMPLOG : Bio   Filter | 081.500
2017-01-20 15:09:31 | TEMPLOG : Bio   Filter | 082.400
2017-01-20 15:10:33 | TEMPLOG : Table    One | 081.500
2017-01-20 15:11:34 | TEMPLOG : Bio   Filter | 081.500
2017-01-20 15:12:35 | TEMPLOG : Table    One | 080.600
2017-01-20 15:13:35 | TEMPLOG : WellhouseOne | 053.600
2017-01-20 15:15:38 | TEMPLOG : Table    One | 079.700
2017-01-20 15:16:39 | TEMPLOG : Table    One | 078.800
2017-01-20 15:17:40 | TEMPLOG : Bio   Filter | 080.600
2017-01-20 15:17:40 | TEMPLOG : To   GeoLoop | 057.200
2017-01-20 15:17:41 | TEMPLOG : Table    One | 077.900
2017-01-20 15:18:42 | TEMPLOG : Bio   Filter | 079.700
2017-01-20 15:18:42 | TEMPLOG : Table    One | 077.000
2017-01-20 15:19:43 | TEMPLOG : Bio   Filter | 078.800
2017-01-20 15:20:43 | TEMPLOG : WellhouseOne | 097.700
2017-01-20 15:20:44 | TEMPLOG : Table    One | 076.100
2017-01-20 15:21:45 | TEMPLOG : WellhouseOne | 124.700
2017-01-20 15:22:45 | TEMPLOG : WellhouseOne | 092.300
2017-01-20 15:22:46 | TEMPLOG : Bio   Filter | 077.900
2017-01-20 15:22:46 | TEMPLOG : Table    One | 075.200
2017-01-20 15:23:47 | TEMPLOG : WellhouseOne | 079.700
2017-01-20 15:23:47 | TEMPLOG : Table    One | 076.100
2017-01-20 15:24:47 | TEMPLOG : WellhouseOne | 074.300
2017-01-20 15:24:48 | TEMPLOG : Bio   Filter | 078.800
2017-01-20 15:24:49 | TEMPLOG : Table    One | 077.000
2017-01-20 15:25:49 | TEMPLOG : WellhouseOne | 069.800
2017-01-20 15:26:50 | TEMPLOG : WellhouseOne | 067.100
2017-01-20 15:26:51 | TEMPLOG : Table    One | 077.900
2017-01-20 15:27:51 | TEMPLOG : WellhouseOne | 064.400
2017-01-20 15:28:52 | TEMPLOG : WellhouseOne | 062.600
2017-01-20 15:29:53 | TEMPLOG : WellhouseOne | 061.700
2017-01-20 15:29:55 | TEMPLOG : Table    One | 078.800
2017-01-20 15:30:55 | TEMPLOG : WellhouseOne | 060.800
2017-01-20 15:30:56 | TEMPLOG : Table    One | 077.900
2017-01-20 15:31:56 | TEMPLOG : WellhouseOne | 059.000
2017-01-20 15:31:57 | TEMPLOG : Table    One | 078.800
2017-01-20 15:32:57 | TEMPLOG : Bio   Filter | 079.700
2017-01-20 15:32:58 | TEMPLOG : Table    One | 077.900
2017-01-20 15:33:58 | TEMPLOG : WellhouseOne | 057.200
2017-01-20 15:33:58 | TEMPLOG : Bio   Filter | 078.800
2017-01-20 15:36:02 | TEMPLOG : To   GeoLoop | 056.300
2017-01-20 15:37:03 | TEMPLOG : To   GeoLoop | 057.200
2017-01-20 15:38:03 | TEMPLOG : WellhouseOne | 056.300
2017-01-20 15:38:04 | TEMPLOG : Bio   Filter | 077.900
2017-01-20 15:39:06 | TEMPLOG : To   GeoLoop | 056.300
2017-01-20 15:40:07 | TEMPLOG : Bio   Filter | 077.000
2017-01-20 15:41:08 | TEMPLOG : WellhouseOne | 055.400
2017-01-20 15:43:12 | TEMPLOG : Bio   Filter | 076.100
2017-01-20 15:43:12 | TEMPLOG : Table    One | 077.000
2017-01-20 15:44:13 | TEMPLOG : Bio   Filter | 075.200
2017-01-20 15:45:14 | TEMPLOG : WellhouseOne | 054.500
2017-01-20 15:47:17 | TEMPLOG : Table    One | 076.100
2017-01-20 15:48:18 | TEMPLOG : Bio   Filter | 074.300
2017-01-20 15:51:21 | TEMPLOG : WellhouseOne | 053.600
2017-01-20 15:51:21 | TEMPLOG : Bio   Filter | 073.400
2017-01-20 15:51:21 | TEMPLOG : Table    One | 075.200
2017-01-20 15:53:23 | TEMPLOG : Bio   Filter | 072.500
2017-01-20 15:55:27 | TEMPLOG : Table    One | 074.300
2017-01-20 15:57:28 | TEMPLOG : WellhouseOne | 106.700
2017-01-20 15:57:29 | TEMPLOG : Bio   Filter | 071.600
2017-01-20 15:58:30 | TEMPLOG : WellhouseOne | 122.000
2017-01-20 15:58:31 | TEMPLOG : To   GeoLoop | 055.400
2017-01-20 15:58:31 | TEMPLOG : Table    One | 073.400
2017-01-20 15:59:31 | TEMPLOG : WellhouseOne | 088.700
2017-01-20 16:00:33 | TEMPLOG : WellhouseOne | 077.000
2017-01-20 16:00:33 | TEMPLOG : Bio   Filter | 071.600
2017-01-20 16:00:33 | TEMPLOG : To   GeoLoop | 055.400
2017-01-20 16:00:34 | TEMPLOG : Table    One | 073.400
2017-01-20 16:01:34 | TEMPLOG : WellhouseOne | 071.600
2017-01-20 16:01:35 | TEMPLOG : Bio   Filter | 070.700
2017-01-20 16:01:35 | TEMPLOG : Table    One | 072.500
2017-01-20 16:02:35 | TEMPLOG : WellhouseOne | 068.000
2017-01-20 16:02:37 | TEMPLOG : Table    One | 071.600
2017-01-20 16:03:37 | TEMPLOG : WellhouseOne | 065.300
2017-01-20 16:03:37 | TEMPLOG : Bio   Filter | 069.800
2017-01-20 16:04:38 | TEMPLOG : WellhouseOne | 063.500
2017-01-20 16:04:38 | TEMPLOG : Bio   Filter | 068.900
2017-01-20 16:05:40 | TEMPLOG : WellhouseOne | 061.700
2017-01-20 16:05:41 | TEMPLOG : Bio   Filter | 068.000
2017-01-20 16:05:41 | TEMPLOG : Table    One | 070.700
2017-01-20 16:06:42 | TEMPLOG : WellhouseOne | 059.900
2017-01-20 16:07:43 | TEMPLOG : WellhouseOne | 059.000
2017-01-20 16:07:43 | TEMPLOG : Bio   Filter | 067.100
2017-01-20 16:07:44 | TEMPLOG : Table    One | 069.800
2017-01-20 16:08:44 | TEMPLOG : WellhouseOne | 058.100
2017-01-20 16:08:44 | TEMPLOG : Bio   Filter | 066.200
2017-01-20 16:09:45 | TEMPLOG : WellhouseOne | 057.200
2017-01-20 16:10:46 | TEMPLOG : WellhouseOne | 056.300
2017-01-20 16:10:46 | TEMPLOG : Bio   Filter | 065.300
2017-01-20 16:10:47 | TEMPLOG : Table    One | 068.900
2017-01-20 16:11:48 | TEMPLOG : Bio   Filter | 064.400
2017-01-20 16:11:48 | TEMPLOG : To   GeoLoop | 054.500
2017-01-20 16:11:48 | TEMPLOG : Table    One | 068.000
2017-01-20 16:12:49 | TEMPLOG : WellhouseOne | 055.400
2017-01-20 16:13:50 | TEMPLOG : Bio   Filter | 063.500
2017-01-20 16:13:50 | TEMPLOG : Table    One | 067.100
2017-01-20 16:14:51 | TEMPLOG : WellhouseOne | 054.500
2017-01-20 16:16:53 | TEMPLOG : WellhouseOne | 053.600
2017-01-20 16:16:53 | TEMPLOG : Bio   Filter | 062.600
2017-01-20 16:16:53 | TEMPLOG : Table    One | 066.200
2017-01-20 16:19:58 | TEMPLOG : Bio   Filter | 061.700
2017-01-20 16:19:58 | TEMPLOG : Table    One | 065.300
2017-01-20 16:22:01 | TEMPLOG : Table    One | 064.400
2017-01-20 16:23:01 | TEMPLOG : WellhouseOne | 052.700
2017-01-20 16:23:01 | TEMPLOG : Bio   Filter | 060.800
2017-01-20 16:25:03 | TEMPLOG : Table    One | 063.500
2017-01-20 16:27:05 | TEMPLOG : Bio   Filter | 059.900
2017-01-20 16:27:05 | TEMPLOG : To   GeoLoop | 053.600
2017-01-20 16:27:06 | TEMPLOG : Table    One | 062.600
2017-01-20 16:29:07 | TEMPLOG : Bio   Filter | 059.000
2017-01-20 16:29:07 | TEMPLOG : Table    One | 061.700
2017-01-20 16:30:08 | TEMPLOG : WellhouseOne | 051.800
2017-01-20 16:30:08 | TEMPLOG : Table    One | 060.800
2017-01-20 16:31:09 | TEMPLOG : Bio   Filter | 058.100
2017-01-20 16:31:09 | TEMPLOG : Table    One | 059.900
2017-01-20 16:32:09 | TEMPLOG : WellhouseOne | 077.900
2017-01-20 16:33:10 | TEMPLOG : WellhouseOne | 121.100
2017-01-20 16:33:10 | TEMPLOG : Bio   Filter | 057.200
2017-01-20 16:33:11 | TEMPLOG : Table    One | 059.000
2017-01-20 16:34:11 | TEMPLOG : WellhouseOne | 104.900
2017-01-20 16:34:12 | TEMPLOG : Table    One | 058.100
2017-01-20 16:35:12 | TEMPLOG : WellhouseOne | 084.200
2017-01-20 16:35:12 | TEMPLOG : Bio   Filter | 056.300
2017-01-20 16:36:13 | TEMPLOG : WellhouseOne | 075.200
2017-01-20 16:37:14 | TEMPLOG : WellhouseOne | 068.900
2017-01-20 16:37:16 | TEMPLOG : Table    One | 057.200
2017-01-20 16:38:16 | TEMPLOG : WellhouseOne | 066.200
2017-01-20 16:38:17 | TEMPLOG : Bio   Filter | 055.400
2017-01-20 16:39:17 | TEMPLOG : WellhouseOne | 063.500
2017-01-20 16:39:18 | TEMPLOG : To   GeoLoop | 052.700
2017-01-20 16:39:19 | TEMPLOG : Table    One | 056.300
2017-01-20 16:40:19 | TEMPLOG : WellhouseOne | 061.700
2017-01-20 16:40:19 | TEMPLOG : Bio   Filter | 054.500
2017-01-20 16:40:19 | TEMPLOG : Table    One | 054.500
2017-01-20 16:41:21 | TEMPLOG : WellhouseOne | 060.800
2017-01-20 16:41:21 | TEMPLOG : Bio   Filter | 053.600
2017-01-20 16:41:22 | TEMPLOG : Table    One | 053.600
2017-01-20 16:42:23 | TEMPLOG : WellhouseOne | 059.000
2017-01-20 16:42:24 | TEMPLOG : Bio   Filter | 052.700
2017-01-20 16:42:24 | TEMPLOG : Table    One | 052.700
2017-01-20 16:43:25 | TEMPLOG : WellhouseOne | 058.100
2017-01-20 16:44:26 | TEMPLOG : WellhouseOne | 057.200
2017-01-20 16:46:30 | TEMPLOG : WellhouseOne | 056.300
2017-01-20 16:46:30 | TEMPLOG : Bio   Filter | 051.800
2017-01-20 16:47:31 | TEMPLOG : WellhouseOne | 055.400
2017-01-20 16:48:33 | TEMPLOG : Table    One | 051.800
2017-01-20 16:49:33 | TEMPLOG : WellhouseOne | 054.500
2017-01-20 16:50:34 | TEMPLOG : Bio   Filter | 050.900
2017-01-20 16:50:35 | TEMPLOG : Table    One | 050.900
2017-01-20 16:51:35 | TEMPLOG : WellhouseOne | 053.600
2017-01-20 16:51:35 | TEMPLOG : Bio   Filter | 050.000
2017-01-20 16:51:36 | TEMPLOG : To   GeoLoop | 051.800
2017-01-20 16:51:36 | TEMPLOG : Table    One | 050.000
2017-01-20 16:52:37 | TEMPLOG : Table    One | 049.100
2017-01-20 16:53:37 | TEMPLOG : WellhouseOne | 052.700
2017-01-20 16:53:37 | TEMPLOG : Bio   Filter | 049.100
2017-01-20 16:54:40 | TEMPLOG : Table    One | 048.200
2017-01-20 16:55:42 | TEMPLOG : Bio   Filter | 048.200
2017-01-20 16:55:42 | TEMPLOG : Table    One | 047.300
2017-01-20 16:57:45 | TEMPLOG : WellhouseOne | 051.800
2017-01-20 16:57:45 | TEMPLOG : Bio   Filter | 047.300
2017-01-20 16:58:47 | TEMPLOG : Table    One | 046.400
2017-01-20 17:00:48 | TEMPLOG : WellhouseOne | 051.800
2017-01-20 17:00:48 | TEMPLOG : Bio   Filter | 046.400
2017-01-20 17:00:49 | TEMPLOG : To   GeoLoop | 051.800
2017-01-20 17:00:49 | TEMPLOG : Table    One | 046.400
2017-01-20 17:01:50 | TEMPLOG : WellhouseOne | 050.900
2017-01-20 17:02:52 | TEMPLOG : To   GeoLoop | 050.900
2017-01-20 17:03:53 | TEMPLOG : Table    One | 045.500
2017-01-20 17:04:54 | TEMPLOG : Bio   Filter | 045.500
2017-01-20 17:05:55 | TEMPLOG : WellhouseOne | 080.600
2017-01-20 17:06:56 | TEMPLOG : WellhouseOne | 120.200
2017-01-20 17:07:57 | TEMPLOG : WellhouseOne | 112.100
2017-01-20 17:07:58 | TEMPLOG : Table    One | 044.600
2017-01-20 17:08:58 | TEMPLOG : WellhouseOne | 086.000
2017-01-20 17:08:58 | TEMPLOG : Bio   Filter | 044.600
2017-01-20 17:10:00 | TEMPLOG : WellhouseOne | 075.200
2017-01-20 17:11:01 | TEMPLOG : WellhouseOne | 069.800
2017-01-20 17:12:02 | TEMPLOG : WellhouseOne | 065.300
2017-01-20 17:13:03 | TEMPLOG : WellhouseOne | 062.600
2017-01-20 17:14:04 | TEMPLOG : WellhouseOne | 060.800
2017-01-20 17:14:04 | TEMPLOG : Bio   Filter | 043.700
2017-01-20 17:14:04 | TEMPLOG : Table    One | 043.700
2017-01-20 17:15:04 | TEMPLOG : WellhouseOne | 059.000
2017-01-20 17:15:04 | TEMPLOG : Bio   Filter | 044.600
2017-01-20 17:16:05 | TEMPLOG : WellhouseOne | 058.100
2017-01-20 17:16:05 | TEMPLOG : Bio   Filter | 043.700
2017-01-20 17:17:06 | TEMPLOG : WellhouseOne | 057.200
2017-01-20 17:17:06 | TEMPLOG : Bio   Filter | 044.600
2017-01-20 17:18:08 | TEMPLOG : WellhouseOne | 056.300
2017-01-20 17:18:08 | TEMPLOG : Bio   Filter | 043.700
2017-01-20 17:19:09 | TEMPLOG : WellhouseOne | 055.400
2017-01-20 17:21:12 | TEMPLOG : WellhouseOne | 054.500
2017-01-20 17:22:14 | TEMPLOG : WellhouseOne | 053.600
2017-01-20 17:22:15 | TEMPLOG : To   GeoLoop | 050.000
2017-01-20 17:23:16 | TEMPLOG : To   GeoLoop | 050.900
2017-01-20 17:23:16 | TEMPLOG : Table    One | 042.800
2017-01-20 17:24:16 | TEMPLOG : WellhouseOne | 052.700
2017-01-20 17:25:18 | TEMPLOG : To   GeoLoop | 050.000
2017-01-20 17:26:19 | TEMPLOG : WellhouseOne | 051.800
2017-01-20 17:26:20 | TEMPLOG : Bio   Filter | 042.800
2017-01-20 17:28:23 | TEMPLOG : WellhouseOne | 050.900
2017-01-20 17:32:26 | TEMPLOG : WellhouseOne | 050.000
2017-01-20 17:35:29 | TEMPLOG : WellhouseOne | 049.100
2017-01-20 17:35:29 | TEMPLOG : Table    One | 041.900
2017-01-20 17:38:32 | TEMPLOG : WellhouseOne | 104.000
2017-01-20 17:38:33 | TEMPLOG : Bio   Filter | 041.900
2017-01-20 17:39:34 | TEMPLOG : WellhouseOne | 122.000
2017-01-20 17:40:35 | TEMPLOG : WellhouseOne | 095.900
2017-01-20 17:41:37 | TEMPLOG : WellhouseOne | 080.600
2017-01-20 17:42:38 | TEMPLOG : WellhouseOne | 072.500
2017-01-20 17:43:39 | TEMPLOG : WellhouseOne | 068.000
2017-01-20 17:44:41 | TEMPLOG : WellhouseOne | 064.400
2017-01-20 17:45:42 | TEMPLOG : WellhouseOne | 061.700
2017-01-20 17:46:44 | TEMPLOG : WellhouseOne | 059.900
2017-01-20 17:47:45 | TEMPLOG : WellhouseOne | 059.000
2017-01-20 17:48:46 | TEMPLOG : WellhouseOne | 057.200
2017-01-20 17:49:47 | TEMPLOG : WellhouseOne | 056.300
2017-01-20 17:50:48 | TEMPLOG : WellhouseOne | 055.400
2017-01-20 17:51:49 | TEMPLOG : WellhouseOne | 054.500
2017-01-20 17:53:51 | TEMPLOG : WellhouseOne | 053.600
2017-01-20 17:54:52 | TEMPLOG : WellhouseOne | 052.700
2017-01-20 17:56:55 | TEMPLOG : WellhouseOne | 051.800
2017-01-20 17:57:58 | TEMPLOG : Bio   Filter | 041.000
2017-01-20 17:57:58 | TEMPLOG : Table    One | 041.000
2017-01-20 17:58:59 | TEMPLOG : Bio   Filter | 041.900
2017-01-20 18:00:01 | TEMPLOG : WellhouseOne | 050.900
2017-01-20 18:00:01 | TEMPLOG : Bio   Filter | 041.000
2017-01-20 18:00:01 | TEMPLOG : To   GeoLoop | 050.000
2017-01-20 18:00:01 | TEMPLOG : Table    One | 041.000
2017-01-20 18:02:04 | TEMPLOG : WellhouseOne | 050.000
2017-01-20 18:03:06 | TEMPLOG : WellhouseOne | 049.100
2017-01-20 18:09:13 | TEMPLOG : WellhouseOne | 098.600
2017-01-20 18:10:14 | TEMPLOG : WellhouseOne | 120.200
2017-01-20 18:11:14 | TEMPLOG : WellhouseOne | 128.300
2017-01-20 18:12:15 | TEMPLOG : WellhouseOne | 089.600
2017-01-20 18:13:16 | TEMPLOG : WellhouseOne | 078.800
2017-01-20 18:14:18 | TEMPLOG : WellhouseOne | 071.600
2017-01-20 18:15:21 | TEMPLOG : WellhouseOne | 067.100
2017-01-20 18:16:23 | TEMPLOG : WellhouseOne | 063.500
2017-01-20 18:17:25 | TEMPLOG : WellhouseOne | 060.800
2017-01-20 18:18:26 | TEMPLOG : WellhouseOne | 059.000
2017-01-20 18:19:27 | TEMPLOG : WellhouseOne | 058.100
2017-01-20 18:20:30 | TEMPLOG : WellhouseOne | 057.200
2017-01-20 18:21:32 | TEMPLOG : WellhouseOne | 056.300
2017-01-20 18:22:33 | TEMPLOG : WellhouseOne | 055.400
2017-01-20 18:23:35 | TEMPLOG : Table    One | 040.100
2017-01-20 18:24:35 | TEMPLOG : WellhouseOne | 054.500
2017-01-20 18:24:36 | TEMPLOG : Table    One | 041.000
2017-01-20 18:25:36 | TEMPLOG : WellhouseOne | 053.600
2017-01-20 18:25:37 | TEMPLOG : Table    One | 040.100
2017-01-20 18:26:37 | TEMPLOG : Bio   Filter | 040.100
2017-01-20 18:26:37 | TEMPLOG : To   GeoLoop | 049.100
2017-01-20 18:27:37 | TEMPLOG : WellhouseOne | 052.700
2017-01-20 18:27:38 | TEMPLOG : Bio   Filter | 041.000
2017-01-20 18:28:39 | TEMPLOG : Bio   Filter | 040.100
2017-01-20 18:29:40 | TEMPLOG : WellhouseOne | 051.800
2017-01-20 18:32:45 | TEMPLOG : WellhouseOne | 050.900
2017-01-20 18:32:45 | TEMPLOG : Bio   Filter | 041.000
2017-01-20 18:34:49 | TEMPLOG : Bio   Filter | 040.100
2017-01-20 18:36:50 | TEMPLOG : WellhouseOne | 050.000
2017-01-20 18:37:53 | TEMPLOG : To   GeoLoop | 050.000
2017-01-20 18:38:54 | TEMPLOG : WellhouseOne | 049.100
2017-01-20 18:38:55 | TEMPLOG : To   GeoLoop | 049.100
2017-01-20 18:42:02 | TEMPLOG : WellhouseOne | 096.800
2017-01-20 18:43:04 | TEMPLOG : WellhouseOne | 118.400
2017-01-20 18:44:05 | TEMPLOG : WellhouseOne | 122.000
2017-01-20 18:45:06 | TEMPLOG : WellhouseOne | 088.700
2017-01-20 18:46:08 | TEMPLOG : WellhouseOne | 077.900
2017-01-20 18:47:08 | TEMPLOG : WellhouseOne | 071.600
2017-01-20 18:48:10 | TEMPLOG : WellhouseOne | 068.000
2017-01-20 18:49:11 | TEMPLOG : WellhouseOne | 064.400
2017-01-20 18:50:13 | TEMPLOG : WellhouseOne | 062.600
2017-01-20 18:50:14 | TEMPLOG : To   GeoLoop | 050.000
2017-01-20 18:51:15 | TEMPLOG : WellhouseOne | 060.800
2017-01-20 18:52:16 | TEMPLOG : WellhouseOne | 059.900
2017-01-20 18:53:17 | TEMPLOG : WellhouseOne | 059.000
2017-01-20 18:53:18 | TEMPLOG : Table    One | 041.000
2017-01-20 18:54:18 | TEMPLOG : WellhouseOne | 057.200
2017-01-20 18:54:19 | TEMPLOG : To   GeoLoop | 049.100
2017-01-20 18:54:19 | TEMPLOG : Table    One | 040.100
2017-01-20 18:55:20 | TEMPLOG : To   GeoLoop | 050.000
2017-01-20 18:56:21 | TEMPLOG : WellhouseOne | 056.300
2017-01-20 18:57:22 | TEMPLOG : WellhouseOne | 055.400
2017-01-20 18:58:24 | TEMPLOG : To   GeoLoop | 049.100
2017-01-20 18:59:24 | TEMPLOG : WellhouseOne | 054.500
2017-01-20 19:00:25 | TEMPLOG : WellhouseOne | 054.500
2017-01-20 19:00:26 | TEMPLOG : Bio   Filter | 040.100
2017-01-20 19:00:26 | TEMPLOG : To   GeoLoop | 049.100
2017-01-20 19:00:26 | TEMPLOG : Table    One | 040.100
2017-01-20 19:01:27 | TEMPLOG : WellhouseOne | 053.600
2017-01-20 19:03:29 | TEMPLOG : WellhouseOne | 052.700
2017-01-20 19:06:32 | TEMPLOG : WellhouseOne | 051.800
2017-01-20 19:09:35 | TEMPLOG : WellhouseOne | 050.900
2017-01-20 19:12:39 | TEMPLOG : WellhouseOne | 050.000
2017-01-20 19:15:43 | TEMPLOG : WellhouseOne | 057.200
2017-01-20 19:16:44 | TEMPLOG : WellhouseOne | 110.300
2017-01-20 19:17:45 | TEMPLOG : WellhouseOne | 125.600
2017-01-20 19:18:46 | TEMPLOG : WellhouseOne | 101.300
2017-01-20 19:19:48 | TEMPLOG : WellhouseOne | 084.200
2017-01-20 19:20:50 | TEMPLOG : WellhouseOne | 076.100
2017-01-20 19:21:51 | TEMPLOG : WellhouseOne | 070.700
2017-01-20 19:22:52 | TEMPLOG : WellhouseOne | 067.100
2017-01-20 19:22:54 | TEMPLOG : Table    One | 039.200
2017-01-20 19:23:54 | TEMPLOG : WellhouseOne | 064.400
2017-01-20 19:23:55 | TEMPLOG : Bio   Filter | 039.200
2017-01-20 19:24:56 | TEMPLOG : WellhouseOne | 061.700
2017-01-20 19:25:57 | TEMPLOG : WellhouseOne | 059.900
2017-01-20 19:25:57 | TEMPLOG : Bio   Filter | 040.100
2017-01-20 19:26:58 | TEMPLOG : WellhouseOne | 058.100
2017-01-20 19:26:59 | TEMPLOG : Bio   Filter | 039.200
2017-01-20 19:28:00 | TEMPLOG : WellhouseOne | 057.200
2017-01-20 19:29:02 | TEMPLOG : WellhouseOne | 056.300
2017-01-20 19:30:03 | TEMPLOG : WellhouseOne | 055.400
2017-01-20 19:32:06 | TEMPLOG : WellhouseOne | 054.500
2017-01-20 19:34:08 | TEMPLOG : WellhouseOne | 053.600
2017-01-20 19:37:11 | TEMPLOG : WellhouseOne | 052.700
2017-01-20 19:39:14 | TEMPLOG : WellhouseOne | 051.800
2017-01-20 19:41:16 | TEMPLOG : WellhouseOne | 050.900
2017-01-20 19:44:20 | TEMPLOG : WellhouseOne | 050.000
2017-01-20 19:47:24 | TEMPLOG : WellhouseOne | 049.100
2017-01-20 19:49:27 | TEMPLOG : WellhouseOne | 103.100
2017-01-20 19:50:27 | TEMPLOG : WellhouseOne | 121.100
2017-01-20 19:51:28 | TEMPLOG : WellhouseOne | 129.200
2017-01-20 19:52:30 | TEMPLOG : WellhouseOne | 090.500
2017-01-20 19:53:31 | TEMPLOG : WellhouseOne | 079.700
2017-01-20 19:54:33 | TEMPLOG : WellhouseOne | 073.400
2017-01-20 19:55:34 | TEMPLOG : WellhouseOne | 068.000
2017-01-20 19:56:35 | TEMPLOG : WellhouseOne | 065.300
2017-01-20 19:57:36 | TEMPLOG : WellhouseOne | 062.600
2017-01-20 19:58:37 | TEMPLOG : WellhouseOne | 060.800
2017-01-20 19:59:40 | TEMPLOG : WellhouseOne | 059.000
2017-01-20 20:00:41 | TEMPLOG : WellhouseOne | 057.200
2017-01-20 20:00:43 | TEMPLOG : Bio   Filter | 039.200
2017-01-20 20:00:43 | TEMPLOG : To   GeoLoop | 049.100
2017-01-20 20:00:44 | TEMPLOG : Table    One | 039.200
2017-01-20 20:01:44 | TEMPLOG : WellhouseOne | 056.300
2017-01-20 20:01:44 | TEMPLOG : Bio   Filter | 038.300
2017-01-20 20:02:45 | TEMPLOG : WellhouseOne | 055.400
2017-01-20 20:02:45 | TEMPLOG : Bio   Filter | 039.200
2017-01-20 20:03:46 | TEMPLOG : Table    One | 038.300
2017-01-20 20:04:47 | TEMPLOG : WellhouseOne | 054.500
2017-01-20 20:05:48 | TEMPLOG : WellhouseOne | 053.600
2017-01-20 20:05:49 | TEMPLOG : Bio   Filter | 038.300
2017-01-20 20:07:52 | TEMPLOG : WellhouseOne | 052.700
2017-01-20 20:09:53 | TEMPLOG : WellhouseOne | 051.800
2017-01-20 20:11:57 | TEMPLOG : To   GeoLoop | 048.200
2017-01-20 20:12:59 | TEMPLOG : To   GeoLoop | 049.100
2017-01-20 20:13:59 | TEMPLOG : WellhouseOne | 050.900
2017-01-20 20:14:00 | TEMPLOG : To   GeoLoop | 048.200
2017-01-20 20:17:03 | TEMPLOG : WellhouseOne | 050.000
2017-01-20 20:17:03 | TEMPLOG : Bio   Filter | 039.200
2017-01-20 20:17:03 | TEMPLOG : To   GeoLoop | 049.100
2017-01-20 20:18:04 | TEMPLOG : Bio   Filter | 038.300
2017-01-20 20:18:04 | TEMPLOG : To   GeoLoop | 048.200
2017-01-20 20:19:05 | TEMPLOG : To   GeoLoop | 049.100
2017-01-20 20:21:07 | TEMPLOG : To   GeoLoop | 048.200
2017-01-20 20:23:10 | TEMPLOG : WellhouseOne | 108.500
2017-01-20 20:24:11 | TEMPLOG : WellhouseOne | 125.600
2017-01-20 20:25:11 | TEMPLOG : WellhouseOne | 092.300
2017-01-20 20:26:12 | TEMPLOG : WellhouseOne | 079.700
2017-01-20 20:27:14 | TEMPLOG : WellhouseOne | 073.400
2017-01-20 20:28:15 | TEMPLOG : WellhouseOne | 068.000
2017-01-20 20:29:16 | TEMPLOG : WellhouseOne | 063.500
2017-01-20 20:30:17 | TEMPLOG : WellhouseOne | 061.700
2017-01-20 20:31:18 | TEMPLOG : WellhouseOne | 059.000
2017-01-20 20:32:19 | TEMPLOG : WellhouseOne | 057.200
2017-01-20 20:33:20 | TEMPLOG : WellhouseOne | 056.300
2017-01-20 20:34:21 | TEMPLOG : WellhouseOne | 055.400
2017-01-20 20:35:22 | TEMPLOG : WellhouseOne | 054.500
2017-01-20 20:36:23 | TEMPLOG : WellhouseOne | 053.600
2017-01-20 20:37:24 | TEMPLOG : WellhouseOne | 052.700
2017-01-20 20:39:26 | TEMPLOG : WellhouseOne | 051.800
2017-01-20 20:41:29 | TEMPLOG : WellhouseOne | 050.900
2017-01-20 20:43:31 | TEMPLOG : WellhouseOne | 050.000
2017-01-20 20:47:37 | TEMPLOG : WellhouseOne | 049.100
2017-01-20 20:49:39 | TEMPLOG : WellhouseOne | 048.200
2017-01-20 20:50:40 | TEMPLOG : Bio   Filter | 037.400
2017-01-20 20:51:41 | TEMPLOG : Bio   Filter | 038.300
2017-01-20 20:52:42 | TEMPLOG : WellhouseOne | 058.100
2017-01-20 20:53:44 | TEMPLOG : WellhouseOne | 107.600
2017-01-20 20:53:44 | TEMPLOG : Bio   Filter | 037.400
2017-01-20 20:54:45 | TEMPLOG : WellhouseOne | 122.000
2017-01-20 20:54:45 | TEMPLOG : Bio   Filter | 038.300
2017-01-20 20:55:46 | TEMPLOG : WellhouseOne | 113.900
2017-01-20 20:55:46 | TEMPLOG : Bio   Filter | 037.400
2017-01-20 20:56:47 | TEMPLOG : WellhouseOne | 087.800
2017-01-20 20:56:48 | TEMPLOG : Bio   Filter | 038.300
2017-01-20 20:57:48 | TEMPLOG : WellhouseOne | 077.900
2017-01-20 20:58:49 | TEMPLOG : WellhouseOne | 072.500
2017-01-20 20:59:50 | TEMPLOG : WellhouseOne | 067.100
2017-01-20 21:00:52 | TEMPLOG : WellhouseOne | 063.500
2017-01-20 21:00:52 | TEMPLOG : Bio   Filter | 038.300
2017-01-20 21:00:53 | TEMPLOG : To   GeoLoop | 048.200
2017-01-20 21:00:53 | TEMPLOG : Table    One | 038.300
2017-01-20 21:01:53 | TEMPLOG : WellhouseOne | 060.800
2017-01-20 21:02:54 | TEMPLOG : WellhouseOne | 059.000
2017-01-20 21:03:56 | TEMPLOG : WellhouseOne | 057.200
2017-01-20 21:04:56 | TEMPLOG : WellhouseOne | 056.300
2017-01-20 21:05:57 | TEMPLOG : WellhouseOne | 055.400
2017-01-20 21:05:57 | TEMPLOG : Bio   Filter | 037.400
2017-01-20 21:06:59 | TEMPLOG : WellhouseOne | 053.600
2017-01-20 21:06:59 | TEMPLOG : Bio   Filter | 038.300
2017-01-20 21:09:00 | TEMPLOG : WellhouseOne | 052.700
2017-01-20 21:10:02 | TEMPLOG : WellhouseOne | 051.800
2017-01-20 21:12:04 | TEMPLOG : WellhouseOne | 050.900
2017-01-20 21:13:06 | TEMPLOG : Bio   Filter | 037.400
2017-01-20 21:15:08 | TEMPLOG : WellhouseOne | 050.000
2017-01-20 21:18:11 | TEMPLOG : WellhouseOne | 049.100
2017-01-20 21:19:14 | TEMPLOG : Bio   Filter | 038.300
2017-01-20 21:20:14 | TEMPLOG : WellhouseOne | 048.200
2017-01-20 21:21:16 | TEMPLOG : Bio   Filter | 037.400
2017-01-20 21:23:18 | TEMPLOG : WellhouseOne | 055.400
2017-01-20 21:24:19 | TEMPLOG : WellhouseOne | 107.600
2017-01-20 21:25:21 | TEMPLOG : WellhouseOne | 122.900
2017-01-20 21:26:23 | TEMPLOG : WellhouseOne | 121.100
2017-01-20 21:26:24 | TEMPLOG : Table    One | 037.400
2017-01-20 21:27:24 | TEMPLOG : WellhouseOne | 090.500
2017-01-20 21:27:25 | TEMPLOG : Table    One | 038.300
2017-01-20 21:28:25 | TEMPLOG : WellhouseOne | 080.600
2017-01-20 21:29:26 | TEMPLOG : WellhouseOne | 072.500
2017-01-20 21:30:27 | TEMPLOG : WellhouseOne | 067.100
2017-01-20 21:31:28 | TEMPLOG : WellhouseOne | 063.500
2017-01-20 21:32:29 | TEMPLOG : WellhouseOne | 060.800
2017-01-20 21:33:31 | TEMPLOG : WellhouseOne | 059.000
2017-01-20 21:33:33 | TEMPLOG : Table    One | 037.400
2017-01-20 21:34:33 | TEMPLOG : WellhouseOne | 058.100
2017-01-20 21:35:34 | TEMPLOG : WellhouseOne | 056.300
2017-01-20 21:36:35 | TEMPLOG : WellhouseOne | 055.400
2017-01-20 21:37:37 | TEMPLOG : WellhouseOne | 054.500
2017-01-20 21:38:38 | TEMPLOG : WellhouseOne | 053.600
2017-01-20 21:39:39 | TEMPLOG : WellhouseOne | 052.700
2017-01-20 21:40:40 | TEMPLOG : WellhouseOne | 051.800
2017-01-20 21:42:42 | TEMPLOG : WellhouseOne | 050.900
2017-01-20 21:44:46 | TEMPLOG : WellhouseOne | 050.000
2017-01-20 21:47:49 | TEMPLOG : WellhouseOne | 049.100
2017-01-20 21:49:52 | TEMPLOG : To   GeoLoop | 047.300
2017-01-20 21:50:53 | TEMPLOG : WellhouseOne | 048.200
2017-01-20 21:53:59 | TEMPLOG : WellhouseOne | 080.600
2017-01-20 21:55:00 | TEMPLOG : WellhouseOne | 111.200
2017-01-20 21:56:02 | TEMPLOG : WellhouseOne | 124.700
2017-01-20 21:56:03 | TEMPLOG : To   GeoLoop | 048.200
2017-01-20 21:57:05 | TEMPLOG : WellhouseOne | 117.500
2017-01-20 21:57:05 | TEMPLOG : To   GeoLoop | 047.300
2017-01-20 21:58:07 | TEMPLOG : WellhouseOne | 088.700
2017-01-20 21:59:08 | TEMPLOG : WellhouseOne | 077.900
2017-01-20 21:59:08 | TEMPLOG : Bio   Filter | 036.500
2017-01-20 22:00:09 | TEMPLOG : WellhouseOne | 071.600
2017-01-20 22:00:10 | TEMPLOG : Bio   Filter | 037.400
2017-01-20 22:00:10 | TEMPLOG : To   GeoLoop | 047.300
2017-01-20 22:00:10 | TEMPLOG : Table    One | 037.400
2017-01-20 22:01:10 | TEMPLOG : WellhouseOne | 067.100
2017-01-20 22:01:11 | TEMPLOG : Bio   Filter | 036.500
2017-01-20 22:02:11 | TEMPLOG : WellhouseOne | 063.500
2017-01-20 22:02:12 | TEMPLOG : To   GeoLoop | 048.200
2017-01-20 22:03:12 | TEMPLOG : WellhouseOne | 060.800
2017-01-20 22:03:13 | TEMPLOG : To   GeoLoop | 047.300
2017-01-20 22:04:13 | TEMPLOG : WellhouseOne | 059.000
2017-01-20 22:05:15 | TEMPLOG : WellhouseOne | 057.200
2017-01-20 22:05:15 | TEMPLOG : Bio   Filter | 037.400
2017-01-20 22:06:15 | TEMPLOG : WellhouseOne | 055.400
2017-01-20 22:07:16 | TEMPLOG : WellhouseOne | 054.500
2017-01-20 22:08:17 | TEMPLOG : WellhouseOne | 053.600
2017-01-20 22:08:17 | TEMPLOG : Bio   Filter | 036.500
2017-01-20 22:09:18 | TEMPLOG : WellhouseOne | 052.700
2017-01-20 22:11:22 | TEMPLOG : WellhouseOne | 051.800
2017-01-20 22:12:23 | TEMPLOG : WellhouseOne | 050.900
2017-01-20 22:14:26 | TEMPLOG : WellhouseOne | 050.000
2017-01-20 22:17:29 | TEMPLOG : WellhouseOne | 049.100
2017-01-20 22:20:32 | TEMPLOG : WellhouseOne | 048.200
2017-01-20 22:24:37 | TEMPLOG : WellhouseOne | 092.300
2017-01-20 22:25:39 | TEMPLOG : WellhouseOne | 114.800
2017-01-20 22:26:41 | TEMPLOG : WellhouseOne | 125.600
2017-01-20 22:27:42 | TEMPLOG : WellhouseOne | 113.000
2017-01-20 22:27:43 | TEMPLOG : Table    One | 036.500
2017-01-20 22:28:43 | TEMPLOG : WellhouseOne | 089.600
2017-01-20 22:28:44 | TEMPLOG : Table    One | 037.400
2017-01-20 22:29:44 | TEMPLOG : WellhouseOne | 078.800
2017-01-20 22:29:45 | TEMPLOG : Table    One | 036.500
2017-01-20 22:30:46 | TEMPLOG : WellhouseOne | 072.500
2017-01-20 22:31:47 | TEMPLOG : WellhouseOne | 067.100
2017-01-20 22:32:48 | TEMPLOG : WellhouseOne | 064.400
2017-01-20 22:32:49 | TEMPLOG : Table    One | 037.400
2017-01-20 22:33:49 | TEMPLOG : WellhouseOne | 060.800
2017-01-20 22:34:51 | TEMPLOG : WellhouseOne | 059.000
2017-01-20 22:34:52 | TEMPLOG : Table    One | 036.500
2017-01-20 22:35:52 | TEMPLOG : WellhouseOne | 057.200
2017-01-20 22:35:53 | TEMPLOG : Table    One | 037.400
2017-01-20 22:36:53 | TEMPLOG : WellhouseOne | 055.400
2017-01-20 22:37:55 | TEMPLOG : WellhouseOne | 054.500
2017-01-20 22:38:56 | TEMPLOG : WellhouseOne | 053.600
2017-01-20 22:38:56 | TEMPLOG : Bio   Filter | 037.400
2017-01-20 22:39:57 | TEMPLOG : WellhouseOne | 052.700
2017-01-20 22:40:59 | TEMPLOG : WellhouseOne | 051.800
2017-01-20 22:41:00 | TEMPLOG : Table    One | 036.500
2017-01-20 22:43:01 | TEMPLOG : WellhouseOne | 050.900
2017-01-20 22:45:02 | TEMPLOG : WellhouseOne | 050.000
2017-01-20 22:46:04 | TEMPLOG : Bio   Filter | 036.500
2017-01-20 22:47:05 | TEMPLOG : WellhouseOne | 049.100
2017-01-20 22:50:09 | TEMPLOG : WellhouseOne | 048.200
2017-01-20 22:53:13 | TEMPLOG : WellhouseOne | 047.300
2017-01-20 22:54:14 | TEMPLOG : WellhouseOne | 062.600
2017-01-20 22:55:15 | TEMPLOG : WellhouseOne | 107.600
2017-01-20 22:56:16 | TEMPLOG : WellhouseOne | 121.100
2017-01-20 22:57:18 | TEMPLOG : WellhouseOne | 129.200
2017-01-20 22:58:19 | TEMPLOG : WellhouseOne | 103.100
2017-01-20 22:59:20 | TEMPLOG : WellhouseOne | 086.900
2017-01-20 23:00:21 | TEMPLOG : WellhouseOne | 077.900
2017-01-20 23:00:21 | TEMPLOG : Bio   Filter | 036.500
2017-01-20 23:00:21 | TEMPLOG : To   GeoLoop | 047.300
2017-01-20 23:00:22 | TEMPLOG : Table    One | 036.500
2017-01-20 23:01:23 | TEMPLOG : WellhouseOne | 070.700
2017-01-20 23:02:24 | TEMPLOG : WellhouseOne | 066.200
2017-01-20 23:03:25 | TEMPLOG : WellhouseOne | 063.500
2017-01-20 23:04:26 | TEMPLOG : WellhouseOne | 059.900
2017-01-20 23:05:27 | TEMPLOG : WellhouseOne | 058.100
2017-01-20 23:06:29 | TEMPLOG : WellhouseOne | 056.300
2017-01-20 23:07:30 | TEMPLOG : WellhouseOne | 055.400
2017-01-20 23:08:31 | TEMPLOG : WellhouseOne | 054.500
2017-01-20 23:09:32 | TEMPLOG : WellhouseOne | 053.600
2017-01-20 23:10:33 | TEMPLOG : WellhouseOne | 052.700
2017-01-20 23:11:34 | TEMPLOG : WellhouseOne | 051.800
2017-01-20 23:13:36 | TEMPLOG : WellhouseOne | 050.900
2017-01-20 23:14:37 | TEMPLOG : WellhouseOne | 050.000
2017-01-20 23:17:41 | TEMPLOG : WellhouseOne | 049.100
2017-01-20 23:17:42 | TEMPLOG : To   GeoLoop | 046.400
2017-01-20 23:19:44 | TEMPLOG : WellhouseOne | 048.200
2017-01-20 23:19:45 | TEMPLOG : To   GeoLoop | 047.300
2017-01-20 23:20:48 | TEMPLOG : To   GeoLoop | 046.400
2017-01-20 23:22:49 | TEMPLOG : WellhouseOne | 047.300
2017-01-20 23:24:51 | TEMPLOG : WellhouseOne | 071.600
2017-01-20 23:25:52 | TEMPLOG : WellhouseOne | 110.300
2017-01-20 23:26:54 | TEMPLOG : WellhouseOne | 122.000
2017-01-20 23:27:55 | TEMPLOG : WellhouseOne | 129.200
2017-01-20 23:28:56 | TEMPLOG : WellhouseOne | 095.000
2017-01-20 23:29:57 | TEMPLOG : WellhouseOne | 081.500
2017-01-20 23:29:58 | TEMPLOG : Bio   Filter | 035.600
2017-01-20 23:30:59 | TEMPLOG : WellhouseOne | 073.400
2017-01-20 23:30:59 | TEMPLOG : Bio   Filter | 036.500
2017-01-20 23:32:00 | TEMPLOG : WellhouseOne | 068.000
2017-01-20 23:33:02 | TEMPLOG : WellhouseOne | 063.500
2017-01-20 23:34:03 | TEMPLOG : WellhouseOne | 060.800
2017-01-20 23:34:03 | TEMPLOG : Bio   Filter | 035.600
2017-01-20 23:35:05 | TEMPLOG : WellhouseOne | 058.100
2017-01-20 23:35:05 | TEMPLOG : Bio   Filter | 036.500
2017-01-20 23:36:06 | TEMPLOG : WellhouseOne | 056.300
2017-01-20 23:36:07 | TEMPLOG : Bio   Filter | 035.600
2017-01-20 23:37:08 | TEMPLOG : WellhouseOne | 055.400
2017-01-20 23:37:08 | TEMPLOG : Table    One | 035.600
2017-01-20 23:38:09 | TEMPLOG : WellhouseOne | 053.600
2017-01-20 23:39:09 | TEMPLOG : WellhouseOne | 052.700
2017-01-20 23:41:12 | TEMPLOG : WellhouseOne | 051.800
2017-01-20 23:42:14 | TEMPLOG : WellhouseOne | 050.900
2017-01-20 23:44:18 | TEMPLOG : WellhouseOne | 050.000
2017-01-20 23:46:21 | TEMPLOG : WellhouseOne | 049.100
2017-01-20 23:50:25 | TEMPLOG : WellhouseOne | 048.200
2017-01-20 23:54:30 | TEMPLOG : WellhouseOne | 047.300
2017-01-20 23:55:32 | TEMPLOG : WellhouseOne | 093.200
2017-01-20 23:56:33 | TEMPLOG : WellhouseOne | 118.400
2017-01-20 23:57:35 | TEMPLOG : WellhouseOne | 130.100
2017-01-20 23:58:37 | TEMPLOG : WellhouseOne | 095.000
2017-01-20 23:59:38 | TEMPLOG : WellhouseOne | 080.600
