2017-01-31 00:00:59 | TEMPLOG : WellhouseOne | 061.700
2017-01-31 00:00:59 | TEMPLOG : Bio   Filter | 042.800
2017-01-31 00:00:59 | TEMPLOG : To   GeoLoop | 050.000
2017-01-31 00:00:59 | TEMPLOG : Table    One | 042.800
2017-01-31 00:01:59 | TEMPLOG : WellhouseOne | 060.800
2017-01-31 00:03:00 | TEMPLOG : WellhouseOne | 059.000
2017-01-31 00:05:02 | TEMPLOG : WellhouseOne | 058.100
2017-01-31 00:06:05 | TEMPLOG : WellhouseOne | 057.200
2017-01-31 00:08:08 | TEMPLOG : WellhouseOne | 056.300
2017-01-31 00:11:12 | TEMPLOG : WellhouseOne | 055.400
2017-01-31 00:14:16 | TEMPLOG : WellhouseOne | 054.500
2017-01-31 00:15:17 | TEMPLOG : WellhouseOne | 053.600
2017-01-31 00:20:23 | TEMPLOG : Bio   Filter | 041.900
2017-01-31 00:20:24 | TEMPLOG : Table    One | 041.900
2017-01-31 00:22:26 | TEMPLOG : WellhouseOne | 052.700
2017-01-31 00:25:31 | TEMPLOG : WellhouseOne | 051.800
2017-01-31 00:26:32 | TEMPLOG : WellhouseOne | 077.900
2017-01-31 00:27:34 | TEMPLOG : WellhouseOne | 120.200
2017-01-31 00:28:35 | TEMPLOG : WellhouseOne | 109.400
2017-01-31 00:29:36 | TEMPLOG : WellhouseOne | 085.100
2017-01-31 00:30:37 | TEMPLOG : WellhouseOne | 077.900
2017-01-31 00:31:38 | TEMPLOG : WellhouseOne | 071.600
2017-01-31 00:32:39 | TEMPLOG : WellhouseOne | 068.900
2017-01-31 00:33:41 | TEMPLOG : WellhouseOne | 065.300
2017-01-31 00:34:43 | TEMPLOG : WellhouseOne | 063.500
2017-01-31 00:35:44 | TEMPLOG : WellhouseOne | 061.700
2017-01-31 00:35:44 | TEMPLOG : Bio   Filter | 041.000
2017-01-31 00:35:45 | TEMPLOG : Table    One | 041.000
2017-01-31 00:36:45 | TEMPLOG : WellhouseOne | 059.900
2017-01-31 00:36:45 | TEMPLOG : Bio   Filter | 041.900
2017-01-31 00:37:47 | TEMPLOG : WellhouseOne | 059.000
2017-01-31 00:37:47 | TEMPLOG : Bio   Filter | 041.000
2017-01-31 00:37:48 | TEMPLOG : To   GeoLoop | 049.100
2017-01-31 00:38:49 | TEMPLOG : WellhouseOne | 058.100
2017-01-31 00:39:50 | TEMPLOG : WellhouseOne | 057.200
2017-01-31 00:40:52 | TEMPLOG : To   GeoLoop | 050.000
2017-01-31 00:42:55 | TEMPLOG : WellhouseOne | 056.300
2017-01-31 00:43:57 | TEMPLOG : WellhouseOne | 055.400
2017-01-31 00:44:58 | TEMPLOG : Table    One | 041.900
2017-01-31 00:45:59 | TEMPLOG : WellhouseOne | 054.500
2017-01-31 00:45:59 | TEMPLOG : Bio   Filter | 041.900
2017-01-31 00:49:01 | TEMPLOG : WellhouseOne | 053.600
2017-01-31 00:50:03 | TEMPLOG : Table    One | 042.800
2017-01-31 00:53:07 | TEMPLOG : Table    One | 041.900
2017-01-31 00:54:08 | TEMPLOG : WellhouseOne | 052.700
2017-01-31 00:56:11 | TEMPLOG : To   GeoLoop | 049.100
2017-01-31 00:57:13 | TEMPLOG : To   GeoLoop | 050.000
2017-01-31 00:58:13 | TEMPLOG : WellhouseOne | 051.800
2017-01-31 01:00:15 | TEMPLOG : WellhouseOne | 054.500
2017-01-31 01:00:16 | TEMPLOG : Bio   Filter | 041.900
2017-01-31 01:00:16 | TEMPLOG : To   GeoLoop | 050.000
2017-01-31 01:00:16 | TEMPLOG : Table    One | 041.900
2017-01-31 01:01:16 | TEMPLOG : WellhouseOne | 113.000
2017-01-31 01:02:17 | TEMPLOG : WellhouseOne | 128.300
2017-01-31 01:03:18 | TEMPLOG : WellhouseOne | 089.600
2017-01-31 01:04:19 | TEMPLOG : WellhouseOne | 079.700
2017-01-31 01:05:20 | TEMPLOG : WellhouseOne | 072.500
2017-01-31 01:06:22 | TEMPLOG : WellhouseOne | 068.000
2017-01-31 01:07:23 | TEMPLOG : WellhouseOne | 064.400
2017-01-31 01:07:25 | TEMPLOG : To   GeoLoop | 049.100
2017-01-31 01:08:25 | TEMPLOG : WellhouseOne | 062.600
2017-01-31 01:09:27 | TEMPLOG : WellhouseOne | 059.900
2017-01-31 01:10:28 | TEMPLOG : WellhouseOne | 059.000
2017-01-31 01:11:29 | TEMPLOG : WellhouseOne | 058.100
2017-01-31 01:11:29 | TEMPLOG : Bio   Filter | 041.000
2017-01-31 01:12:31 | TEMPLOG : Table    One | 041.000
2017-01-31 01:13:31 | TEMPLOG : WellhouseOne | 057.200
2017-01-31 01:14:32 | TEMPLOG : WellhouseOne | 056.300
2017-01-31 01:16:34 | TEMPLOG : WellhouseOne | 055.400
2017-01-31 01:18:36 | TEMPLOG : WellhouseOne | 054.500
2017-01-31 01:20:38 | TEMPLOG : WellhouseOne | 053.600
2017-01-31 01:24:45 | TEMPLOG : WellhouseOne | 052.700
2017-01-31 01:30:51 | TEMPLOG : WellhouseOne | 051.800
2017-01-31 01:32:53 | TEMPLOG : WellhouseOne | 050.900
2017-01-31 01:34:56 | TEMPLOG : WellhouseOne | 092.300
2017-01-31 01:34:57 | TEMPLOG : Table    One | 040.100
2017-01-31 01:35:57 | TEMPLOG : WellhouseOne | 122.900
2017-01-31 01:36:57 | TEMPLOG : WellhouseOne | 120.200
2017-01-31 01:36:58 | TEMPLOG : Bio   Filter | 040.100
2017-01-31 01:37:59 | TEMPLOG : WellhouseOne | 088.700
2017-01-31 01:39:00 | TEMPLOG : WellhouseOne | 078.800
2017-01-31 01:40:01 | TEMPLOG : WellhouseOne | 072.500
2017-01-31 01:41:02 | TEMPLOG : WellhouseOne | 068.000
2017-01-31 01:42:03 | TEMPLOG : WellhouseOne | 064.400
2017-01-31 01:43:04 | TEMPLOG : WellhouseOne | 061.700
2017-01-31 01:44:06 | TEMPLOG : WellhouseOne | 059.900
2017-01-31 01:45:08 | TEMPLOG : WellhouseOne | 058.100
2017-01-31 01:46:09 | TEMPLOG : WellhouseOne | 057.200
2017-01-31 01:48:11 | TEMPLOG : WellhouseOne | 056.300
2017-01-31 01:49:13 | TEMPLOG : WellhouseOne | 055.400
2017-01-31 01:51:15 | TEMPLOG : WellhouseOne | 054.500
2017-01-31 01:53:17 | TEMPLOG : WellhouseOne | 053.600
2017-01-31 01:57:21 | TEMPLOG : WellhouseOne | 052.700
2017-01-31 01:59:24 | TEMPLOG : WellhouseOne | 051.800
2017-01-31 02:00:26 | TEMPLOG : WellhouseOne | 051.800
2017-01-31 02:00:26 | TEMPLOG : Bio   Filter | 040.100
2017-01-31 02:00:26 | TEMPLOG : To   GeoLoop | 048.200
2017-01-31 02:00:26 | TEMPLOG : Table    One | 040.100
2017-01-31 02:01:27 | TEMPLOG : WellhouseOne | 050.900
2017-01-31 02:02:29 | TEMPLOG : Table    One | 039.200
2017-01-31 02:03:29 | TEMPLOG : WellhouseOne | 050.000
2017-01-31 02:04:31 | TEMPLOG : WellhouseOne | 049.100
2017-01-31 02:04:31 | TEMPLOG : Bio   Filter | 039.200
2017-01-31 02:06:34 | TEMPLOG : WellhouseOne | 048.200
2017-01-31 02:07:35 | TEMPLOG : WellhouseOne | 078.800
2017-01-31 02:07:35 | TEMPLOG : Table    One | 038.300
2017-01-31 02:08:36 | TEMPLOG : WellhouseOne | 117.500
2017-01-31 02:09:37 | TEMPLOG : WellhouseOne | 129.200
2017-01-31 02:10:39 | TEMPLOG : WellhouseOne | 097.700
2017-01-31 02:10:39 | TEMPLOG : Bio   Filter | 038.300
2017-01-31 02:11:39 | TEMPLOG : WellhouseOne | 082.400
2017-01-31 02:12:41 | TEMPLOG : WellhouseOne | 073.400
2017-01-31 02:13:42 | TEMPLOG : WellhouseOne | 067.100
2017-01-31 02:14:43 | TEMPLOG : WellhouseOne | 062.600
2017-01-31 02:14:43 | TEMPLOG : Table    One | 037.400
2017-01-31 02:15:44 | TEMPLOG : WellhouseOne | 060.800
2017-01-31 02:16:45 | TEMPLOG : WellhouseOne | 058.100
2017-01-31 02:17:46 | TEMPLOG : WellhouseOne | 056.300
2017-01-31 02:18:47 | TEMPLOG : WellhouseOne | 055.400
2017-01-31 02:18:47 | TEMPLOG : Bio   Filter | 037.400
2017-01-31 02:19:48 | TEMPLOG : WellhouseOne | 054.500
2017-01-31 02:21:51 | TEMPLOG : WellhouseOne | 053.600
2017-01-31 02:21:52 | TEMPLOG : Bio   Filter | 038.300
2017-01-31 02:22:53 | TEMPLOG : WellhouseOne | 052.700
2017-01-31 02:22:54 | TEMPLOG : Bio   Filter | 037.400
2017-01-31 02:24:56 | TEMPLOG : WellhouseOne | 051.800
2017-01-31 02:24:56 | TEMPLOG : To   GeoLoop | 047.300
2017-01-31 02:26:59 | TEMPLOG : WellhouseOne | 050.900
2017-01-31 02:28:00 | TEMPLOG : WellhouseOne | 050.000
2017-01-31 02:30:03 | TEMPLOG : WellhouseOne | 049.100
2017-01-31 02:35:08 | TEMPLOG : WellhouseOne | 048.200
2017-01-31 02:39:14 | TEMPLOG : WellhouseOne | 106.700
2017-01-31 02:40:15 | TEMPLOG : WellhouseOne | 123.800
2017-01-31 02:41:16 | TEMPLOG : WellhouseOne | 122.000
2017-01-31 02:42:18 | TEMPLOG : WellhouseOne | 088.700
2017-01-31 02:43:20 | TEMPLOG : WellhouseOne | 077.900
2017-01-31 02:44:22 | TEMPLOG : WellhouseOne | 070.700
2017-01-31 02:45:22 | TEMPLOG : WellhouseOne | 067.100
2017-01-31 02:46:23 | TEMPLOG : WellhouseOne | 063.500
2017-01-31 02:47:25 | TEMPLOG : WellhouseOne | 059.900
2017-01-31 02:48:27 | TEMPLOG : WellhouseOne | 059.000
2017-01-31 02:49:27 | TEMPLOG : WellhouseOne | 057.200
2017-01-31 02:50:30 | TEMPLOG : WellhouseOne | 055.400
2017-01-31 02:51:30 | TEMPLOG : WellhouseOne | 054.500
2017-01-31 02:53:32 | TEMPLOG : WellhouseOne | 053.600
2017-01-31 02:54:34 | TEMPLOG : WellhouseOne | 052.700
2017-01-31 02:56:36 | TEMPLOG : WellhouseOne | 051.800
2017-01-31 02:58:40 | TEMPLOG : WellhouseOne | 050.900
2017-01-31 03:00:42 | TEMPLOG : WellhouseOne | 050.900
2017-01-31 03:00:43 | TEMPLOG : Bio   Filter | 037.400
2017-01-31 03:00:43 | TEMPLOG : To   GeoLoop | 047.300
2017-01-31 03:00:43 | TEMPLOG : Table    One | 037.400
2017-01-31 03:01:43 | TEMPLOG : WellhouseOne | 050.000
2017-01-31 03:04:47 | TEMPLOG : WellhouseOne | 049.100
2017-01-31 03:06:49 | TEMPLOG : WellhouseOne | 048.200
2017-01-31 03:06:49 | TEMPLOG : Bio   Filter | 036.500
2017-01-31 03:07:50 | TEMPLOG : WellhouseOne | 049.100
2017-01-31 03:07:50 | TEMPLOG : Bio   Filter | 037.400
2017-01-31 03:07:51 | TEMPLOG : Table    One | 036.500
2017-01-31 03:08:51 | TEMPLOG : WellhouseOne | 048.200
2017-01-31 03:08:51 | TEMPLOG : Bio   Filter | 036.500
2017-01-31 03:09:53 | TEMPLOG : WellhouseOne | 090.500
2017-01-31 03:10:55 | TEMPLOG : WellhouseOne | 119.300
2017-01-31 03:11:58 | TEMPLOG : WellhouseOne | 129.200
2017-01-31 03:12:59 | TEMPLOG : WellhouseOne | 099.500
2017-01-31 03:14:01 | TEMPLOG : WellhouseOne | 083.300
2017-01-31 03:15:02 | TEMPLOG : WellhouseOne | 074.300
2017-01-31 03:16:04 | TEMPLOG : WellhouseOne | 068.900
2017-01-31 03:17:05 | TEMPLOG : WellhouseOne | 065.300
2017-01-31 03:18:08 | TEMPLOG : WellhouseOne | 061.700
2017-01-31 03:19:08 | TEMPLOG : WellhouseOne | 059.000
2017-01-31 03:20:10 | TEMPLOG : WellhouseOne | 057.200
2017-01-31 03:21:11 | TEMPLOG : WellhouseOne | 056.300
2017-01-31 03:22:11 | TEMPLOG : WellhouseOne | 054.500
2017-01-31 03:24:14 | TEMPLOG : WellhouseOne | 053.600
2017-01-31 03:25:15 | TEMPLOG : WellhouseOne | 052.700
2017-01-31 03:26:16 | TEMPLOG : WellhouseOne | 051.800
2017-01-31 03:27:17 | TEMPLOG : WellhouseOne | 050.900
2017-01-31 03:29:19 | TEMPLOG : WellhouseOne | 050.000
2017-01-31 03:29:20 | TEMPLOG : Bio   Filter | 035.600
2017-01-31 03:30:20 | TEMPLOG : Bio   Filter | 036.500
2017-01-31 03:31:22 | TEMPLOG : To   GeoLoop | 046.400
2017-01-31 03:32:22 | TEMPLOG : WellhouseOne | 049.100
2017-01-31 03:32:23 | TEMPLOG : To   GeoLoop | 047.300
2017-01-31 03:33:24 | TEMPLOG : To   GeoLoop | 046.400
2017-01-31 03:34:26 | TEMPLOG : To   GeoLoop | 047.300
2017-01-31 03:35:27 | TEMPLOG : WellhouseOne | 048.200
2017-01-31 03:35:28 | TEMPLOG : To   GeoLoop | 046.400
2017-01-31 03:36:29 | TEMPLOG : To   GeoLoop | 047.300
2017-01-31 03:38:31 | TEMPLOG : To   GeoLoop | 046.400
2017-01-31 03:39:33 | TEMPLOG : WellhouseOne | 047.300
2017-01-31 03:39:33 | TEMPLOG : Bio   Filter | 035.600
2017-01-31 03:40:34 | TEMPLOG : WellhouseOne | 098.600
2017-01-31 03:40:34 | TEMPLOG : Bio   Filter | 036.500
2017-01-31 03:41:35 | TEMPLOG : WellhouseOne | 119.300
2017-01-31 03:41:36 | TEMPLOG : To   GeoLoop | 047.300
2017-01-31 03:42:37 | TEMPLOG : WellhouseOne | 128.300
2017-01-31 03:42:37 | TEMPLOG : Bio   Filter | 035.600
2017-01-31 03:42:37 | TEMPLOG : To   GeoLoop | 046.400
2017-01-31 03:43:38 | TEMPLOG : WellhouseOne | 103.100
2017-01-31 03:44:39 | TEMPLOG : WellhouseOne | 084.200
2017-01-31 03:45:40 | TEMPLOG : WellhouseOne | 075.200
2017-01-31 03:46:41 | TEMPLOG : WellhouseOne | 069.800
2017-01-31 03:47:42 | TEMPLOG : WellhouseOne | 065.300
2017-01-31 03:48:43 | TEMPLOG : WellhouseOne | 061.700
2017-01-31 03:49:44 | TEMPLOG : WellhouseOne | 059.000
2017-01-31 03:49:44 | TEMPLOG : Bio   Filter | 036.500
2017-01-31 03:50:45 | TEMPLOG : WellhouseOne | 057.200
2017-01-31 03:50:46 | TEMPLOG : Bio   Filter | 035.600
2017-01-31 03:51:47 | TEMPLOG : WellhouseOne | 055.400
2017-01-31 03:52:47 | TEMPLOG : WellhouseOne | 054.500
2017-01-31 03:52:48 | TEMPLOG : Bio   Filter | 036.500
2017-01-31 03:53:49 | TEMPLOG : WellhouseOne | 053.600
2017-01-31 03:55:52 | TEMPLOG : WellhouseOne | 052.700
2017-01-31 03:56:53 | TEMPLOG : WellhouseOne | 051.800
2017-01-31 03:57:54 | TEMPLOG : WellhouseOne | 050.900
2017-01-31 03:59:58 | TEMPLOG : WellhouseOne | 050.000
2017-01-31 04:00:59 | TEMPLOG : WellhouseOne | 050.000
2017-01-31 04:02:01 | TEMPLOG : Bio   Filter | 035.600
2017-01-31 04:03:02 | TEMPLOG : WellhouseOne | 049.100
2017-01-31 04:05:05 | TEMPLOG : WellhouseOne | 048.200
2017-01-31 04:05:06 | TEMPLOG : Table    One | 035.600
2017-01-31 04:08:09 | TEMPLOG : WellhouseOne | 047.300
2017-01-31 04:10:11 | TEMPLOG : WellhouseOne | 046.400
2017-01-31 04:11:13 | TEMPLOG : WellhouseOne | 093.200
2017-01-31 04:12:14 | TEMPLOG : WellhouseOne | 117.500
2017-01-31 04:13:15 | TEMPLOG : WellhouseOne | 128.300
2017-01-31 04:14:16 | TEMPLOG : WellhouseOne | 101.300
2017-01-31 04:15:18 | TEMPLOG : WellhouseOne | 084.200
2017-01-31 04:16:18 | TEMPLOG : WellhouseOne | 074.300
2017-01-31 04:17:20 | TEMPLOG : WellhouseOne | 068.900
2017-01-31 04:18:21 | TEMPLOG : WellhouseOne | 065.300
2017-01-31 04:19:21 | TEMPLOG : WellhouseOne | 061.700
2017-01-31 04:19:22 | TEMPLOG : Table    One | 036.500
2017-01-31 04:20:23 | TEMPLOG : WellhouseOne | 059.000
2017-01-31 04:20:23 | TEMPLOG : Table    One | 035.600
2017-01-31 04:21:24 | TEMPLOG : WellhouseOne | 057.200
2017-01-31 04:22:24 | TEMPLOG : WellhouseOne | 055.400
2017-01-31 04:23:26 | TEMPLOG : WellhouseOne | 054.500
2017-01-31 04:24:27 | TEMPLOG : WellhouseOne | 052.700
2017-01-31 04:25:29 | TEMPLOG : WellhouseOne | 051.800
2017-01-31 04:27:32 | TEMPLOG : WellhouseOne | 050.900
2017-01-31 04:29:34 | TEMPLOG : WellhouseOne | 050.000
2017-01-31 04:31:37 | TEMPLOG : WellhouseOne | 049.100
2017-01-31 04:35:44 | TEMPLOG : WellhouseOne | 048.200
2017-01-31 04:38:47 | TEMPLOG : WellhouseOne | 047.300
2017-01-31 04:40:49 | TEMPLOG : WellhouseOne | 058.100
2017-01-31 04:41:51 | TEMPLOG : WellhouseOne | 108.500
2017-01-31 04:42:52 | TEMPLOG : WellhouseOne | 122.000
2017-01-31 04:42:52 | TEMPLOG : Bio   Filter | 034.700
2017-01-31 04:43:53 | TEMPLOG : WellhouseOne | 129.200
2017-01-31 04:43:53 | TEMPLOG : Bio   Filter | 035.600
2017-01-31 04:44:54 | TEMPLOG : WellhouseOne | 104.900
2017-01-31 04:44:54 | TEMPLOG : Bio   Filter | 034.700
2017-01-31 04:45:55 | TEMPLOG : WellhouseOne | 086.000
2017-01-31 04:45:55 | TEMPLOG : Bio   Filter | 035.600
2017-01-31 04:46:56 | TEMPLOG : WellhouseOne | 076.100
2017-01-31 04:47:57 | TEMPLOG : WellhouseOne | 068.900
2017-01-31 04:48:59 | TEMPLOG : WellhouseOne | 065.300
2017-01-31 04:48:59 | TEMPLOG : Bio   Filter | 034.700
2017-01-31 04:50:00 | TEMPLOG : WellhouseOne | 061.700
2017-01-31 04:51:02 | TEMPLOG : WellhouseOne | 059.000
2017-01-31 04:51:02 | TEMPLOG : To   GeoLoop | 045.500
2017-01-31 04:52:03 | TEMPLOG : WellhouseOne | 057.200
2017-01-31 04:53:04 | TEMPLOG : WellhouseOne | 055.400
2017-01-31 04:53:05 | TEMPLOG : To   GeoLoop | 046.400
2017-01-31 04:54:05 | TEMPLOG : WellhouseOne | 054.500
2017-01-31 04:54:05 | TEMPLOG : To   GeoLoop | 045.500
2017-01-31 04:54:06 | TEMPLOG : Table    One | 034.700
2017-01-31 04:55:06 | TEMPLOG : WellhouseOne | 053.600
2017-01-31 04:56:08 | TEMPLOG : WellhouseOne | 052.700
2017-01-31 04:56:09 | TEMPLOG : Table    One | 035.600
2017-01-31 04:57:09 | TEMPLOG : WellhouseOne | 051.800
2017-01-31 04:57:10 | TEMPLOG : To   GeoLoop | 046.400
2017-01-31 04:58:11 | TEMPLOG : To   GeoLoop | 045.500
2017-01-31 04:59:12 | TEMPLOG : WellhouseOne | 050.900
2017-01-31 04:59:12 | TEMPLOG : Bio   Filter | 035.600
2017-01-31 05:00:13 | TEMPLOG : WellhouseOne | 050.900
2017-01-31 05:00:14 | TEMPLOG : Bio   Filter | 035.600
2017-01-31 05:00:14 | TEMPLOG : To   GeoLoop | 045.500
2017-01-31 05:00:15 | TEMPLOG : Table    One | 035.600
2017-01-31 05:01:16 | TEMPLOG : WellhouseOne | 050.000
2017-01-31 05:02:17 | TEMPLOG : WellhouseOne | 049.100
2017-01-31 05:04:20 | TEMPLOG : Table    One | 034.700
2017-01-31 05:05:21 | TEMPLOG : WellhouseOne | 047.300
2017-01-31 05:06:22 | TEMPLOG : WellhouseOne | 048.200
2017-01-31 05:07:23 | TEMPLOG : WellhouseOne | 047.300
2017-01-31 05:07:24 | TEMPLOG : Bio   Filter | 034.700
2017-01-31 05:10:27 | TEMPLOG : WellhouseOne | 046.400
2017-01-31 05:11:29 | TEMPLOG : WellhouseOne | 050.900
2017-01-31 05:12:31 | TEMPLOG : WellhouseOne | 109.400
2017-01-31 05:13:32 | TEMPLOG : WellhouseOne | 122.900
2017-01-31 05:14:33 | TEMPLOG : WellhouseOne | 131.900
2017-01-31 05:15:34 | TEMPLOG : WellhouseOne | 102.200
2017-01-31 05:16:35 | TEMPLOG : WellhouseOne | 084.200
2017-01-31 05:17:36 | TEMPLOG : WellhouseOne | 075.200
2017-01-31 05:18:37 | TEMPLOG : WellhouseOne | 068.900
2017-01-31 05:19:39 | TEMPLOG : WellhouseOne | 064.400
2017-01-31 05:20:41 | TEMPLOG : WellhouseOne | 060.800
2017-01-31 05:21:42 | TEMPLOG : WellhouseOne | 056.300
2017-01-31 05:23:44 | TEMPLOG : WellhouseOne | 053.600
2017-01-31 05:24:46 | TEMPLOG : WellhouseOne | 052.700
2017-01-31 05:25:47 | TEMPLOG : WellhouseOne | 051.800
2017-01-31 05:26:48 | TEMPLOG : WellhouseOne | 050.900
2017-01-31 05:29:51 | TEMPLOG : WellhouseOne | 050.000
2017-01-31 05:30:52 | TEMPLOG : WellhouseOne | 049.100
2017-01-31 05:31:54 | TEMPLOG : WellhouseOne | 048.200
2017-01-31 05:33:56 | TEMPLOG : WellhouseOne | 047.300
2017-01-31 05:34:57 | TEMPLOG : WellhouseOne | 046.400
2017-01-31 05:38:01 | TEMPLOG : WellhouseOne | 047.300
2017-01-31 05:39:01 | TEMPLOG : WellhouseOne | 046.400
2017-01-31 05:42:05 | TEMPLOG : WellhouseOne | 093.200
2017-01-31 05:43:06 | TEMPLOG : WellhouseOne | 113.900
2017-01-31 05:44:07 | TEMPLOG : WellhouseOne | 122.900
2017-01-31 05:45:08 | TEMPLOG : WellhouseOne | 115.700
2017-01-31 05:46:09 | TEMPLOG : WellhouseOne | 086.900
2017-01-31 05:47:11 | TEMPLOG : WellhouseOne | 077.000
2017-01-31 05:48:12 | TEMPLOG : WellhouseOne | 070.700
2017-01-31 05:49:13 | TEMPLOG : WellhouseOne | 066.200
2017-01-31 05:50:14 | TEMPLOG : WellhouseOne | 062.600
2017-01-31 05:51:15 | TEMPLOG : WellhouseOne | 059.900
2017-01-31 05:52:16 | TEMPLOG : WellhouseOne | 056.300
2017-01-31 05:53:17 | TEMPLOG : WellhouseOne | 054.500
2017-01-31 05:54:18 | TEMPLOG : WellhouseOne | 053.600
2017-01-31 05:55:19 | TEMPLOG : WellhouseOne | 052.700
2017-01-31 05:56:20 | TEMPLOG : WellhouseOne | 051.800
2017-01-31 05:57:21 | TEMPLOG : WellhouseOne | 050.900
2017-01-31 05:57:22 | TEMPLOG : Table    One | 033.800
2017-01-31 05:58:23 | TEMPLOG : Table    One | 034.700
2017-01-31 05:59:23 | TEMPLOG : WellhouseOne | 050.000
2017-01-31 06:00:24 | TEMPLOG : WellhouseOne | 050.000
2017-01-31 06:00:24 | TEMPLOG : Bio   Filter | 034.700
2017-01-31 06:00:25 | TEMPLOG : To   GeoLoop | 045.500
2017-01-31 06:00:25 | TEMPLOG : Table    One | 034.700
2017-01-31 06:01:25 | TEMPLOG : WellhouseOne | 049.100
2017-01-31 06:02:27 | TEMPLOG : WellhouseOne | 048.200
2017-01-31 06:04:28 | TEMPLOG : WellhouseOne | 047.300
2017-01-31 06:08:33 | TEMPLOG : WellhouseOne | 046.400
2017-01-31 06:09:34 | TEMPLOG : WellhouseOne | 047.300
2017-01-31 06:09:34 | TEMPLOG : To   GeoLoop | 044.600
2017-01-31 06:10:35 | TEMPLOG : WellhouseOne | 046.400
2017-01-31 06:10:35 | TEMPLOG : To   GeoLoop | 045.500
2017-01-31 06:11:36 | TEMPLOG : WellhouseOne | 083.300
2017-01-31 06:11:37 | TEMPLOG : To   GeoLoop | 044.600
2017-01-31 06:12:38 | TEMPLOG : WellhouseOne | 116.600
2017-01-31 06:12:39 | TEMPLOG : To   GeoLoop | 045.500
2017-01-31 06:13:39 | TEMPLOG : WellhouseOne | 126.500
2017-01-31 06:13:40 | TEMPLOG : To   GeoLoop | 044.600
2017-01-31 06:14:41 | TEMPLOG : WellhouseOne | 101.300
2017-01-31 06:15:42 | TEMPLOG : WellhouseOne | 082.400
2017-01-31 06:15:42 | TEMPLOG : Bio   Filter | 033.800
2017-01-31 06:16:43 | TEMPLOG : WellhouseOne | 074.300
2017-01-31 06:17:45 | TEMPLOG : WellhouseOne | 068.000
2017-01-31 06:18:46 | TEMPLOG : WellhouseOne | 064.400
2017-01-31 06:19:47 | TEMPLOG : WellhouseOne | 059.900
2017-01-31 06:19:47 | TEMPLOG : Table    One | 033.800
2017-01-31 06:20:47 | TEMPLOG : WellhouseOne | 057.200
2017-01-31 06:20:48 | TEMPLOG : Table    One | 034.700
2017-01-31 06:21:48 | TEMPLOG : WellhouseOne | 055.400
2017-01-31 06:22:49 | TEMPLOG : WellhouseOne | 054.500
2017-01-31 06:22:50 | TEMPLOG : Table    One | 033.800
2017-01-31 06:23:51 | TEMPLOG : WellhouseOne | 052.700
2017-01-31 06:23:51 | TEMPLOG : Table    One | 034.700
2017-01-31 06:24:51 | TEMPLOG : WellhouseOne | 051.800
2017-01-31 06:24:52 | TEMPLOG : Table    One | 033.800
2017-01-31 06:25:52 | TEMPLOG : WellhouseOne | 050.900
2017-01-31 06:27:54 | TEMPLOG : WellhouseOne | 050.000
2017-01-31 06:28:55 | TEMPLOG : WellhouseOne | 049.100
2017-01-31 06:30:57 | TEMPLOG : WellhouseOne | 048.200
2017-01-31 06:31:58 | TEMPLOG : WellhouseOne | 047.300
2017-01-31 06:35:01 | TEMPLOG : WellhouseOne | 046.400
2017-01-31 06:36:02 | TEMPLOG : WellhouseOne | 045.500
2017-01-31 06:40:07 | TEMPLOG : WellhouseOne | 095.900
2017-01-31 06:41:08 | TEMPLOG : WellhouseOne | 112.100
2017-01-31 06:42:09 | TEMPLOG : WellhouseOne | 123.800
2017-01-31 06:43:10 | TEMPLOG : WellhouseOne | 130.100
2017-01-31 06:44:11 | TEMPLOG : WellhouseOne | 099.500
2017-01-31 06:45:12 | TEMPLOG : WellhouseOne | 081.500
2017-01-31 06:46:13 | TEMPLOG : WellhouseOne | 072.500
2017-01-31 06:47:14 | TEMPLOG : WellhouseOne | 067.100
2017-01-31 06:48:16 | TEMPLOG : WellhouseOne | 061.700
2017-01-31 06:49:16 | TEMPLOG : WellhouseOne | 059.000
2017-01-31 06:49:17 | TEMPLOG : Bio   Filter | 034.700
2017-01-31 06:50:18 | TEMPLOG : WellhouseOne | 057.200
2017-01-31 06:51:19 | TEMPLOG : WellhouseOne | 055.400
2017-01-31 06:51:19 | TEMPLOG : Bio   Filter | 033.800
2017-01-31 06:51:20 | TEMPLOG : Table    One | 034.700
2017-01-31 06:52:20 | TEMPLOG : WellhouseOne | 054.500
2017-01-31 06:52:20 | TEMPLOG : Bio   Filter | 034.700
2017-01-31 06:53:21 | TEMPLOG : WellhouseOne | 052.700
2017-01-31 06:54:23 | TEMPLOG : WellhouseOne | 051.800
2017-01-31 06:55:25 | TEMPLOG : WellhouseOne | 050.000
2017-01-31 06:56:26 | TEMPLOG : WellhouseOne | 050.900
2017-01-31 06:57:28 | TEMPLOG : WellhouseOne | 049.100
2017-01-31 07:00:33 | TEMPLOG : WellhouseOne | 048.200
2017-01-31 07:00:33 | TEMPLOG : Bio   Filter | 034.700
2017-01-31 07:00:33 | TEMPLOG : To   GeoLoop | 044.600
2017-01-31 07:00:34 | TEMPLOG : Table    One | 034.700
2017-01-31 07:01:35 | TEMPLOG : WellhouseOne | 047.300
2017-01-31 07:02:36 | TEMPLOG : WellhouseOne | 045.500
2017-01-31 07:03:38 | TEMPLOG : WellhouseOne | 046.400
2017-01-31 07:04:39 | TEMPLOG : WellhouseOne | 047.300
2017-01-31 07:05:40 | TEMPLOG : WellhouseOne | 046.400
2017-01-31 07:10:48 | TEMPLOG : WellhouseOne | 099.500
2017-01-31 07:11:49 | TEMPLOG : WellhouseOne | 114.800
2017-01-31 07:12:50 | TEMPLOG : WellhouseOne | 127.400
2017-01-31 07:13:51 | TEMPLOG : WellhouseOne | 102.200
2017-01-31 07:14:53 | TEMPLOG : WellhouseOne | 082.400
2017-01-31 07:15:54 | TEMPLOG : WellhouseOne | 074.300
2017-01-31 07:16:55 | TEMPLOG : WellhouseOne | 068.900
2017-01-31 07:17:56 | TEMPLOG : WellhouseOne | 065.300
2017-01-31 07:18:57 | TEMPLOG : WellhouseOne | 061.700
2017-01-31 07:18:59 | TEMPLOG : Table    One | 035.600
2017-01-31 07:19:59 | TEMPLOG : WellhouseOne | 059.000
2017-01-31 07:19:59 | TEMPLOG : Bio   Filter | 035.600
2017-01-31 07:21:01 | TEMPLOG : WellhouseOne | 056.300
2017-01-31 07:22:01 | TEMPLOG : WellhouseOne | 055.400
2017-01-31 07:23:02 | TEMPLOG : WellhouseOne | 053.600
2017-01-31 07:24:03 | TEMPLOG : WellhouseOne | 052.700
2017-01-31 07:25:04 | TEMPLOG : WellhouseOne | 050.900
2017-01-31 07:26:06 | TEMPLOG : WellhouseOne | 050.000
2017-01-31 07:28:07 | TEMPLOG : WellhouseOne | 049.100
2017-01-31 07:30:11 | TEMPLOG : WellhouseOne | 048.200
2017-01-31 07:31:12 | TEMPLOG : Bio   Filter | 036.500
2017-01-31 07:33:14 | TEMPLOG : WellhouseOne | 047.300
2017-01-31 07:33:14 | TEMPLOG : Table    One | 036.500
2017-01-31 07:35:15 | TEMPLOG : WellhouseOne | 046.400
2017-01-31 07:37:18 | TEMPLOG : To   GeoLoop | 045.500
2017-01-31 07:38:19 | TEMPLOG : To   GeoLoop | 044.600
2017-01-31 07:39:20 | TEMPLOG : WellhouseOne | 047.300
2017-01-31 07:40:22 | TEMPLOG : WellhouseOne | 105.800
2017-01-31 07:40:23 | TEMPLOG : To   GeoLoop | 045.500
2017-01-31 07:41:24 | TEMPLOG : WellhouseOne | 119.300
2017-01-31 07:41:24 | TEMPLOG : To   GeoLoop | 044.600
2017-01-31 07:42:25 | TEMPLOG : WellhouseOne | 127.400
2017-01-31 07:42:25 | TEMPLOG : Bio   Filter | 037.400
2017-01-31 07:42:25 | TEMPLOG : To   GeoLoop | 045.500
2017-01-31 07:43:25 | TEMPLOG : WellhouseOne | 118.400
2017-01-31 07:43:26 | TEMPLOG : Table    One | 037.400
2017-01-31 07:44:26 | TEMPLOG : WellhouseOne | 088.700
2017-01-31 07:45:28 | TEMPLOG : WellhouseOne | 077.900
2017-01-31 07:46:29 | TEMPLOG : WellhouseOne | 070.700
2017-01-31 07:47:30 | TEMPLOG : WellhouseOne | 064.400
2017-01-31 07:48:32 | TEMPLOG : WellhouseOne | 060.800
2017-01-31 07:49:33 | TEMPLOG : WellhouseOne | 059.000
2017-01-31 07:49:33 | TEMPLOG : Bio   Filter | 038.300
2017-01-31 07:50:34 | TEMPLOG : WellhouseOne | 057.200
2017-01-31 07:51:35 | TEMPLOG : WellhouseOne | 056.300
2017-01-31 07:51:36 | TEMPLOG : Table    One | 038.300
2017-01-31 07:52:36 | TEMPLOG : WellhouseOne | 053.600
2017-01-31 07:54:39 | TEMPLOG : WellhouseOne | 051.800
2017-01-31 07:54:39 | TEMPLOG : Bio   Filter | 039.200
2017-01-31 07:56:42 | TEMPLOG : WellhouseOne | 050.900
2017-01-31 07:56:44 | TEMPLOG : Table    One | 039.200
2017-01-31 07:57:44 | TEMPLOG : WellhouseOne | 050.000
2017-01-31 07:58:45 | TEMPLOG : WellhouseOne | 049.100
2017-01-31 07:59:46 | TEMPLOG : Bio   Filter | 040.100
2017-01-31 08:00:47 | TEMPLOG : WellhouseOne | 048.200
2017-01-31 08:00:47 | TEMPLOG : Bio   Filter | 040.100
2017-01-31 08:00:48 | TEMPLOG : To   GeoLoop | 045.500
2017-01-31 08:00:48 | TEMPLOG : Table    One | 040.100
2017-01-31 08:03:50 | TEMPLOG : WellhouseOne | 047.300
2017-01-31 08:03:51 | TEMPLOG : Bio   Filter | 041.000
2017-01-31 08:04:54 | TEMPLOG : Table    One | 041.000
2017-01-31 08:05:55 | TEMPLOG : WellhouseOne | 046.400
2017-01-31 08:06:57 | TEMPLOG : Bio   Filter | 041.900
2017-01-31 08:06:58 | TEMPLOG : Table    One | 041.900
2017-01-31 08:07:58 | TEMPLOG : To   GeoLoop | 046.400
2017-01-31 08:10:00 | TEMPLOG : WellhouseOne | 085.100
2017-01-31 08:10:01 | TEMPLOG : Bio   Filter | 042.800
2017-01-31 08:10:01 | TEMPLOG : Table    One | 042.800
2017-01-31 08:11:01 | TEMPLOG : WellhouseOne | 118.400
2017-01-31 08:12:02 | TEMPLOG : WellhouseOne | 127.400
2017-01-31 08:12:03 | TEMPLOG : Bio   Filter | 043.700
2017-01-31 08:12:03 | TEMPLOG : Table    One | 043.700
2017-01-31 08:13:04 | TEMPLOG : WellhouseOne | 109.400
2017-01-31 08:14:05 | TEMPLOG : WellhouseOne | 085.100
2017-01-31 08:14:06 | TEMPLOG : Bio   Filter | 044.600
2017-01-31 08:14:07 | TEMPLOG : Table    One | 044.600
2017-01-31 08:15:07 | TEMPLOG : WellhouseOne | 075.200
2017-01-31 08:16:08 | TEMPLOG : WellhouseOne | 068.900
2017-01-31 08:16:09 | TEMPLOG : Table    One | 045.500
2017-01-31 08:17:09 | TEMPLOG : WellhouseOne | 064.400
2017-01-31 08:17:10 | TEMPLOG : Bio   Filter | 045.500
2017-01-31 08:18:11 | TEMPLOG : WellhouseOne | 060.800
2017-01-31 08:19:12 | TEMPLOG : WellhouseOne | 059.000
2017-01-31 08:20:15 | TEMPLOG : WellhouseOne | 056.300
2017-01-31 08:21:16 | TEMPLOG : WellhouseOne | 055.400
2017-01-31 08:22:18 | TEMPLOG : WellhouseOne | 054.500
2017-01-31 08:23:19 | TEMPLOG : WellhouseOne | 053.600
2017-01-31 08:23:19 | TEMPLOG : Table    One | 046.400
2017-01-31 08:24:20 | TEMPLOG : WellhouseOne | 052.700
2017-01-31 08:24:21 | TEMPLOG : Bio   Filter | 046.400
2017-01-31 08:25:21 | TEMPLOG : WellhouseOne | 051.800
2017-01-31 08:25:22 | TEMPLOG : Bio   Filter | 047.300
2017-01-31 08:25:22 | TEMPLOG : Table    One | 047.300
2017-01-31 08:26:23 | TEMPLOG : Bio   Filter | 048.200
2017-01-31 08:27:24 | TEMPLOG : WellhouseOne | 050.900
2017-01-31 08:27:24 | TEMPLOG : To   GeoLoop | 047.300
2017-01-31 08:28:25 | TEMPLOG : WellhouseOne | 050.000
2017-01-31 08:28:25 | TEMPLOG : Bio   Filter | 049.100
2017-01-31 08:28:26 | TEMPLOG : Table    One | 048.200
2017-01-31 08:29:26 | TEMPLOG : WellhouseOne | 049.100
2017-01-31 08:29:26 | TEMPLOG : To   GeoLoop | 046.400
2017-01-31 08:30:28 | TEMPLOG : WellhouseOne | 048.200
2017-01-31 08:30:28 | TEMPLOG : Bio   Filter | 048.200
2017-01-31 08:30:29 | TEMPLOG : Table    One | 047.300
2017-01-31 08:31:30 | TEMPLOG : Table    One | 046.400
2017-01-31 08:32:31 | TEMPLOG : Bio   Filter | 047.300
2017-01-31 08:35:34 | TEMPLOG : Bio   Filter | 048.200
2017-01-31 08:35:35 | TEMPLOG : To   GeoLoop | 047.300
2017-01-31 08:35:35 | TEMPLOG : Table    One | 048.200
2017-01-31 08:36:36 | TEMPLOG : Bio   Filter | 049.100
2017-01-31 08:37:37 | TEMPLOG : Bio   Filter | 050.000
2017-01-31 08:37:38 | TEMPLOG : Table    One | 049.100
2017-01-31 08:38:40 | TEMPLOG : Bio   Filter | 050.900
2017-01-31 08:38:40 | TEMPLOG : Table    One | 050.000
2017-01-31 08:39:40 | TEMPLOG : WellhouseOne | 046.400
2017-01-31 08:39:41 | TEMPLOG : Bio   Filter | 052.700
2017-01-31 08:39:42 | TEMPLOG : Table    One | 050.900
2017-01-31 08:40:42 | TEMPLOG : WellhouseOne | 063.500
2017-01-31 08:40:42 | TEMPLOG : Bio   Filter | 053.600
2017-01-31 08:40:43 | TEMPLOG : Table    One | 051.800
2017-01-31 08:41:43 | TEMPLOG : WellhouseOne | 107.600
2017-01-31 08:41:43 | TEMPLOG : Bio   Filter | 054.500
2017-01-31 08:42:44 | TEMPLOG : WellhouseOne | 121.100
2017-01-31 08:42:45 | TEMPLOG : Bio   Filter | 055.400
2017-01-31 08:42:46 | TEMPLOG : Table    One | 052.700
2017-01-31 08:43:46 | TEMPLOG : WellhouseOne | 122.900
2017-01-31 08:43:46 | TEMPLOG : Bio   Filter | 056.300
2017-01-31 08:43:47 | TEMPLOG : Table    One | 053.600
2017-01-31 08:44:48 | TEMPLOG : WellhouseOne | 088.700
2017-01-31 08:44:48 | TEMPLOG : Bio   Filter | 057.200
2017-01-31 08:44:49 | TEMPLOG : Table    One | 054.500
2017-01-31 08:45:49 | TEMPLOG : WellhouseOne | 077.900
2017-01-31 08:45:49 | TEMPLOG : Bio   Filter | 058.100
2017-01-31 08:45:50 | TEMPLOG : Table    One | 055.400
2017-01-31 08:46:50 | TEMPLOG : WellhouseOne | 070.700
2017-01-31 08:46:50 | TEMPLOG : Bio   Filter | 059.000
2017-01-31 08:46:51 | TEMPLOG : To   GeoLoop | 048.200
2017-01-31 08:46:51 | TEMPLOG : Table    One | 057.200
2017-01-31 08:47:51 | TEMPLOG : WellhouseOne | 067.100
2017-01-31 08:47:51 | TEMPLOG : Bio   Filter | 060.800
2017-01-31 08:47:52 | TEMPLOG : Table    One | 058.100
2017-01-31 08:48:52 | TEMPLOG : WellhouseOne | 064.400
2017-01-31 08:48:52 | TEMPLOG : Bio   Filter | 061.700
2017-01-31 08:48:53 | TEMPLOG : Table    One | 059.000
2017-01-31 08:49:53 | TEMPLOG : WellhouseOne | 061.700
2017-01-31 08:49:53 | TEMPLOG : Bio   Filter | 062.600
2017-01-31 08:50:54 | TEMPLOG : WellhouseOne | 059.900
2017-01-31 08:50:54 | TEMPLOG : Bio   Filter | 063.500
2017-01-31 08:50:55 | TEMPLOG : Table    One | 059.900
2017-01-31 08:51:55 | TEMPLOG : WellhouseOne | 059.000
2017-01-31 08:51:55 | TEMPLOG : Bio   Filter | 064.400
2017-01-31 08:52:56 | TEMPLOG : WellhouseOne | 057.200
2017-01-31 08:52:57 | TEMPLOG : Table    One | 060.800
2017-01-31 08:53:58 | TEMPLOG : WellhouseOne | 056.300
2017-01-31 08:53:58 | TEMPLOG : Bio   Filter | 065.300
2017-01-31 08:53:58 | TEMPLOG : To   GeoLoop | 049.100
2017-01-31 08:54:59 | TEMPLOG : WellhouseOne | 055.400
2017-01-31 08:54:59 | TEMPLOG : Bio   Filter | 066.200
2017-01-31 08:55:00 | TEMPLOG : Table    One | 061.700
2017-01-31 08:56:00 | TEMPLOG : WellhouseOne | 054.500
2017-01-31 08:56:01 | TEMPLOG : Bio   Filter | 068.000
2017-01-31 08:56:01 | TEMPLOG : Table    One | 062.600
2017-01-31 08:57:01 | TEMPLOG : Bio   Filter | 068.900
2017-01-31 08:58:02 | TEMPLOG : WellhouseOne | 053.600
2017-01-31 08:58:03 | TEMPLOG : Bio   Filter | 067.100
2017-01-31 08:58:03 | TEMPLOG : Table    One | 061.700
2017-01-31 09:00:05 | TEMPLOG : WellhouseOne | 053.600
2017-01-31 09:00:05 | TEMPLOG : Bio   Filter | 068.000
2017-01-31 09:00:05 | TEMPLOG : To   GeoLoop | 049.100
2017-01-31 09:00:05 | TEMPLOG : Table    One | 061.700
2017-01-31 09:01:05 | TEMPLOG : WellhouseOne | 052.700
2017-01-31 09:02:06 | TEMPLOG : Bio   Filter | 068.900
2017-01-31 09:03:07 | TEMPLOG : Bio   Filter | 069.800
2017-01-31 09:03:08 | TEMPLOG : Table    One | 062.600
2017-01-31 09:04:09 | TEMPLOG : Bio   Filter | 071.600
2017-01-31 09:04:10 | TEMPLOG : Table    One | 064.400
2017-01-31 09:05:11 | TEMPLOG : Bio   Filter | 073.400
2017-01-31 09:05:12 | TEMPLOG : To   GeoLoop | 050.000
2017-01-31 09:05:12 | TEMPLOG : Table    One | 065.300
2017-01-31 09:06:12 | TEMPLOG : WellhouseOne | 051.800
2017-01-31 09:06:13 | TEMPLOG : Bio   Filter | 075.200
2017-01-31 09:06:14 | TEMPLOG : Table    One | 066.200
2017-01-31 09:07:14 | TEMPLOG : Bio   Filter | 077.000
2017-01-31 09:07:15 | TEMPLOG : Table    One | 068.000
2017-01-31 09:08:15 | TEMPLOG : Bio   Filter | 077.900
2017-01-31 09:08:16 | TEMPLOG : Table    One | 068.900
2017-01-31 09:09:16 | TEMPLOG : Bio   Filter | 078.800
2017-01-31 09:09:17 | TEMPLOG : Table    One | 069.800
2017-01-31 09:10:18 | TEMPLOG : Bio   Filter | 079.700
2017-01-31 09:11:19 | TEMPLOG : Bio   Filter | 080.600
2017-01-31 09:11:19 | TEMPLOG : Table    One | 070.700
2017-01-31 09:12:20 | TEMPLOG : WellhouseOne | 050.900
2017-01-31 09:12:20 | TEMPLOG : To   GeoLoop | 050.900
2017-01-31 09:13:21 | TEMPLOG : Bio   Filter | 078.800
2017-01-31 09:13:21 | TEMPLOG : Table    One | 068.900
2017-01-31 09:14:22 | TEMPLOG : Table    One | 069.800
2017-01-31 09:15:23 | TEMPLOG : WellhouseOne | 061.700
2017-01-31 09:15:23 | TEMPLOG : Bio   Filter | 077.900
2017-01-31 09:15:23 | TEMPLOG : To   GeoLoop | 050.000
2017-01-31 09:15:23 | TEMPLOG : Table    One | 068.900
2017-01-31 09:16:23 | TEMPLOG : WellhouseOne | 111.200
2017-01-31 09:16:23 | TEMPLOG : Bio   Filter | 077.000
2017-01-31 09:16:24 | TEMPLOG : To   GeoLoop | 050.900
2017-01-31 09:17:24 | TEMPLOG : WellhouseOne | 127.400
2017-01-31 09:17:24 | TEMPLOG : Bio   Filter | 078.800
2017-01-31 09:17:25 | TEMPLOG : Table    One | 070.700
2017-01-31 09:18:25 | TEMPLOG : WellhouseOne | 095.000
2017-01-31 09:18:25 | TEMPLOG : Bio   Filter | 080.600
2017-01-31 09:18:26 | TEMPLOG : Table    One | 071.600
2017-01-31 09:19:26 | TEMPLOG : WellhouseOne | 081.500
2017-01-31 09:19:26 | TEMPLOG : Bio   Filter | 083.300
2017-01-31 09:19:27 | TEMPLOG : Table    One | 073.400
2017-01-31 09:20:28 | TEMPLOG : WellhouseOne | 073.400
2017-01-31 09:20:28 | TEMPLOG : Bio   Filter | 084.200
2017-01-31 09:21:28 | TEMPLOG : WellhouseOne | 068.000
2017-01-31 09:21:29 | TEMPLOG : Table    One | 074.300
2017-01-31 09:22:30 | TEMPLOG : WellhouseOne | 064.400
2017-01-31 09:22:30 | TEMPLOG : Table    One | 073.400
2017-01-31 09:23:31 | TEMPLOG : WellhouseOne | 062.600
2017-01-31 09:23:31 | TEMPLOG : Bio   Filter | 083.300
2017-01-31 09:24:32 | TEMPLOG : WellhouseOne | 060.800
2017-01-31 09:24:33 | TEMPLOG : Table    One | 072.500
2017-01-31 09:25:33 | TEMPLOG : WellhouseOne | 059.000
2017-01-31 09:25:33 | TEMPLOG : Bio   Filter | 082.400
2017-01-31 09:26:34 | TEMPLOG : WellhouseOne | 058.100
2017-01-31 09:28:36 | TEMPLOG : WellhouseOne | 057.200
2017-01-31 09:29:37 | TEMPLOG : WellhouseOne | 056.300
2017-01-31 09:29:38 | TEMPLOG : Bio   Filter | 081.500
2017-01-31 09:31:40 | TEMPLOG : WellhouseOne | 055.400
2017-01-31 09:31:42 | TEMPLOG : Table    One | 071.600
2017-01-31 09:32:42 | TEMPLOG : Bio   Filter | 080.600
2017-01-31 09:33:43 | TEMPLOG : Bio   Filter | 079.700
2017-01-31 09:33:44 | TEMPLOG : Table    One | 070.700
2017-01-31 09:34:44 | TEMPLOG : WellhouseOne | 054.500
2017-01-31 09:37:48 | TEMPLOG : WellhouseOne | 053.600
2017-01-31 09:38:50 | TEMPLOG : Table    One | 071.600
2017-01-31 09:39:51 | TEMPLOG : Bio   Filter | 080.600
2017-01-31 09:39:51 | TEMPLOG : To   GeoLoop | 051.800
2017-01-31 09:40:53 | TEMPLOG : Table    One | 072.500
2017-01-31 09:41:53 | TEMPLOG : Bio   Filter | 081.500
2017-01-31 09:42:54 | TEMPLOG : Bio   Filter | 082.400
2017-01-31 09:43:55 | TEMPLOG : WellhouseOne | 052.700
2017-01-31 09:44:56 | TEMPLOG : WellhouseOne | 053.600
2017-01-31 09:44:57 | TEMPLOG : Table    One | 071.600
2017-01-31 09:45:57 | TEMPLOG : WellhouseOne | 052.700
2017-01-31 09:45:57 | TEMPLOG : Bio   Filter | 081.500
2017-01-31 09:46:59 | TEMPLOG : Table    One | 070.700
2017-01-31 09:49:03 | TEMPLOG : Table    One | 069.800
2017-01-31 09:50:03 | TEMPLOG : Bio   Filter | 080.600
2017-01-31 09:50:03 | TEMPLOG : Table    One | 068.900
2017-01-31 09:51:04 | TEMPLOG : WellhouseOne | 055.400
2017-01-31 09:51:04 | TEMPLOG : Bio   Filter | 079.700
2017-01-31 09:52:04 | TEMPLOG : WellhouseOne | 115.700
2017-01-31 09:52:05 | TEMPLOG : Bio   Filter | 080.600
2017-01-31 09:53:05 | TEMPLOG : WellhouseOne | 114.800
2017-01-31 09:53:06 | TEMPLOG : Bio   Filter | 082.400
2017-01-31 09:54:07 | TEMPLOG : WellhouseOne | 088.700
2017-01-31 09:54:07 | TEMPLOG : To   GeoLoop | 052.700
2017-01-31 09:55:08 | TEMPLOG : WellhouseOne | 078.800
2017-01-31 09:55:08 | TEMPLOG : Bio   Filter | 083.300
2017-01-31 09:56:09 | TEMPLOG : WellhouseOne | 073.400
2017-01-31 09:56:10 | TEMPLOG : Bio   Filter | 084.200
2017-01-31 09:57:11 | TEMPLOG : WellhouseOne | 069.800
2017-01-31 09:58:12 | TEMPLOG : WellhouseOne | 066.200
2017-01-31 09:59:13 | TEMPLOG : WellhouseOne | 063.500
2017-01-31 09:59:14 | TEMPLOG : Bio   Filter | 085.100
2017-01-31 09:59:14 | TEMPLOG : Table    One | 069.800
2017-01-31 10:00:14 | TEMPLOG : WellhouseOne | 061.700
2017-01-31 10:00:15 | TEMPLOG : Bio   Filter | 085.100
2017-01-31 10:00:15 | TEMPLOG : To   GeoLoop | 053.600
2017-01-31 10:00:15 | TEMPLOG : Table    One | 069.800
2017-01-31 10:01:15 | TEMPLOG : WellhouseOne | 060.800
2017-01-31 10:02:17 | TEMPLOG : WellhouseOne | 059.900
2017-01-31 10:02:17 | TEMPLOG : Bio   Filter | 086.000
2017-01-31 10:03:18 | TEMPLOG : WellhouseOne | 059.000
2017-01-31 10:03:20 | TEMPLOG : Table    One | 070.700
2017-01-31 10:04:21 | TEMPLOG : Bio   Filter | 086.900
2017-01-31 10:04:21 | TEMPLOG : To   GeoLoop | 054.500
2017-01-31 10:05:21 | TEMPLOG : WellhouseOne | 058.100
2017-01-31 10:05:22 | TEMPLOG : Table    One | 071.600
2017-01-31 10:06:23 | TEMPLOG : Bio   Filter | 087.800
2017-01-31 10:06:23 | TEMPLOG : Table    One | 072.500
2017-01-31 10:07:24 | TEMPLOG : WellhouseOne | 057.200
2017-01-31 10:07:24 | TEMPLOG : Bio   Filter | 086.900
2017-01-31 10:08:25 | TEMPLOG : Bio   Filter | 087.800
2017-01-31 10:08:25 | TEMPLOG : Table    One | 074.300
2017-01-31 10:09:26 | TEMPLOG : WellhouseOne | 056.300
2017-01-31 10:09:27 | TEMPLOG : Table    One | 075.200
2017-01-31 10:10:28 | TEMPLOG : Table    One | 077.000
2017-01-31 10:11:29 | TEMPLOG : Bio   Filter | 088.700
2017-01-31 10:11:29 | TEMPLOG : Table    One | 077.900
2017-01-31 10:12:30 | TEMPLOG : WellhouseOne | 055.400
2017-01-31 10:12:30 | TEMPLOG : To   GeoLoop | 055.400
2017-01-31 10:12:30 | TEMPLOG : Table    One | 078.800
2017-01-31 10:14:32 | TEMPLOG : Table    One | 079.700
2017-01-31 10:15:33 | TEMPLOG : Bio   Filter | 087.800
2017-01-31 10:15:33 | TEMPLOG : Table    One | 078.800
2017-01-31 10:16:35 | TEMPLOG : Table    One | 080.600
2017-01-31 10:19:38 | TEMPLOG : WellhouseOne | 054.500
2017-01-31 10:19:39 | TEMPLOG : Table    One | 081.500
2017-01-31 10:20:40 | TEMPLOG : Bio   Filter | 088.700
2017-01-31 10:22:42 | TEMPLOG : Table    One | 082.400
2017-01-31 10:23:43 | TEMPLOG : Bio   Filter | 089.600
2017-01-31 10:24:44 | TEMPLOG : Bio   Filter | 087.800
2017-01-31 10:24:45 | TEMPLOG : Table    One | 081.500
2017-01-31 10:25:45 | TEMPLOG : Bio   Filter | 088.700
2017-01-31 10:26:47 | TEMPLOG : WellhouseOne | 053.600
2017-01-31 10:26:48 | TEMPLOG : To   GeoLoop | 056.300
2017-01-31 10:27:49 | TEMPLOG : Bio   Filter | 089.600
2017-01-31 10:27:50 | TEMPLOG : Table    One | 083.300
2017-01-31 10:28:51 | TEMPLOG : Bio   Filter | 090.500
2017-01-31 10:28:51 | TEMPLOG : Table    One | 084.200
2017-01-31 10:29:51 | TEMPLOG : WellhouseOne | 111.200
2017-01-31 10:29:52 | TEMPLOG : Bio   Filter | 091.400
2017-01-31 10:30:53 | TEMPLOG : WellhouseOne | 127.400
2017-01-31 10:30:53 | TEMPLOG : To   GeoLoop | 057.200
2017-01-31 10:31:53 | TEMPLOG : WellhouseOne | 090.500
2017-01-31 10:32:55 | TEMPLOG : WellhouseOne | 080.600
2017-01-31 10:33:55 | TEMPLOG : WellhouseOne | 074.300
2017-01-31 10:34:57 | TEMPLOG : WellhouseOne | 070.700
2017-01-31 10:34:57 | TEMPLOG : Table    One | 085.100
2017-01-31 10:35:58 | TEMPLOG : WellhouseOne | 068.000
2017-01-31 10:35:58 | TEMPLOG : Bio   Filter | 092.300
2017-01-31 10:35:59 | TEMPLOG : Table    One | 084.200
2017-01-31 10:36:59 | TEMPLOG : WellhouseOne | 066.200
2017-01-31 10:37:00 | TEMPLOG : Bio   Filter | 091.400
2017-01-31 10:38:01 | TEMPLOG : WellhouseOne | 064.400
2017-01-31 10:38:02 | TEMPLOG : Table    One | 083.300
2017-01-31 10:39:02 | TEMPLOG : WellhouseOne | 063.500
2017-01-31 10:39:02 | TEMPLOG : Bio   Filter | 092.300
2017-01-31 10:40:03 | TEMPLOG : WellhouseOne | 062.600
2017-01-31 10:41:04 | TEMPLOG : Bio   Filter | 093.200
2017-01-31 10:42:05 | TEMPLOG : WellhouseOne | 061.700
2017-01-31 10:42:06 | TEMPLOG : Bio   Filter | 092.300
2017-01-31 10:43:07 | TEMPLOG : Bio   Filter | 091.400
2017-01-31 10:43:07 | TEMPLOG : Table    One | 082.400
2017-01-31 10:44:07 | TEMPLOG : WellhouseOne | 060.800
2017-01-31 10:46:09 | TEMPLOG : WellhouseOne | 059.900
2017-01-31 10:46:10 | TEMPLOG : Bio   Filter | 090.500
2017-01-31 10:46:10 | TEMPLOG : Table    One | 081.500
2017-01-31 10:48:12 | TEMPLOG : Bio   Filter | 091.400
2017-01-31 10:48:13 | TEMPLOG : Table    One | 082.400
2017-01-31 10:49:14 | TEMPLOG : Bio   Filter | 092.300
2017-01-31 10:49:14 | TEMPLOG : To   GeoLoop | 058.100
2017-01-31 10:49:14 | TEMPLOG : Table    One | 083.300
2017-01-31 10:50:14 | TEMPLOG : WellhouseOne | 059.000
2017-01-31 10:50:15 | TEMPLOG : Bio   Filter | 093.200
2017-01-31 10:50:15 | TEMPLOG : Table    One | 085.100
2017-01-31 10:51:16 | TEMPLOG : Bio   Filter | 094.100
2017-01-31 10:51:17 | TEMPLOG : To   GeoLoop | 059.000
2017-01-31 10:51:17 | TEMPLOG : Table    One | 086.000
2017-01-31 10:52:18 | TEMPLOG : Bio   Filter | 095.000
2017-01-31 10:52:18 | TEMPLOG : Table    One | 086.900
2017-01-31 10:53:19 | TEMPLOG : Bio   Filter | 096.800
2017-01-31 10:53:20 | TEMPLOG : To   GeoLoop | 059.900
2017-01-31 10:53:20 | TEMPLOG : Table    One | 087.800
2017-01-31 10:54:22 | TEMPLOG : Table    One | 088.700
2017-01-31 10:55:22 | TEMPLOG : WellhouseOne | 058.100
2017-01-31 10:55:22 | TEMPLOG : Bio   Filter | 097.700
2017-01-31 10:56:24 | TEMPLOG : Table    One | 089.600
2017-01-31 10:57:25 | TEMPLOG : To   GeoLoop | 060.800
2017-01-31 10:58:27 | TEMPLOG : Table    One | 090.500
2017-01-31 11:00:28 | TEMPLOG : WellhouseOne | 057.200
2017-01-31 11:00:28 | TEMPLOG : Bio   Filter | 097.700
2017-01-31 11:00:29 | TEMPLOG : To   GeoLoop | 060.800
2017-01-31 11:00:29 | TEMPLOG : Table    One | 090.500
2017-01-31 11:01:29 | TEMPLOG : Bio   Filter | 096.800
2017-01-31 11:01:30 | TEMPLOG : Table    One | 091.400
2017-01-31 11:03:32 | TEMPLOG : Bio   Filter | 097.700
2017-01-31 11:03:32 | TEMPLOG : Table    One | 092.300
2017-01-31 11:05:34 | TEMPLOG : Bio   Filter | 098.600
2017-01-31 11:05:34 | TEMPLOG : To   GeoLoop | 061.700
2017-01-31 11:06:36 | TEMPLOG : Bio   Filter | 099.500
2017-01-31 11:06:36 | TEMPLOG : Table    One | 093.200
2017-01-31 11:09:39 | TEMPLOG : Bio   Filter | 100.400
2017-01-31 11:09:39 | TEMPLOG : Table    One | 094.100
2017-01-31 11:11:42 | TEMPLOG : Bio   Filter | 101.300
2017-01-31 11:11:42 | TEMPLOG : Table    One | 095.000
2017-01-31 11:12:44 | TEMPLOG : Bio   Filter | 102.200
2017-01-31 11:13:45 | TEMPLOG : WellhouseOne | 095.000
2017-01-31 11:13:45 | TEMPLOG : Bio   Filter | 103.100
2017-01-31 11:14:47 | TEMPLOG : WellhouseOne | 111.200
2017-01-31 11:14:47 | TEMPLOG : Bio   Filter | 104.000
2017-01-31 11:15:48 | TEMPLOG : WellhouseOne | 086.000
2017-01-31 11:16:50 | TEMPLOG : WellhouseOne | 077.900
2017-01-31 11:16:51 | TEMPLOG : Table    One | 095.900
2017-01-31 11:17:51 | TEMPLOG : WellhouseOne | 074.300
2017-01-31 11:18:52 | TEMPLOG : WellhouseOne | 071.600
2017-01-31 11:19:53 | TEMPLOG : WellhouseOne | 069.800
2017-01-31 11:20:55 | TEMPLOG : WellhouseOne | 068.000
2017-01-31 11:21:55 | TEMPLOG : WellhouseOne | 066.200
2017-01-31 11:21:56 | TEMPLOG : Bio   Filter | 104.900
2017-01-31 11:22:57 | TEMPLOG : Bio   Filter | 105.800
2017-01-31 11:22:58 | TEMPLOG : Table    One | 096.800
2017-01-31 11:23:58 | TEMPLOG : WellhouseOne | 064.400
2017-01-31 11:23:58 | TEMPLOG : Bio   Filter | 104.000
2017-01-31 11:23:59 | TEMPLOG : Table    One | 094.100
2017-01-31 11:24:59 | TEMPLOG : Bio   Filter | 101.300
2017-01-31 11:24:59 | TEMPLOG : To   GeoLoop | 060.800
2017-01-31 11:25:00 | TEMPLOG : Table    One | 093.200
2017-01-31 11:26:00 | TEMPLOG : WellhouseOne | 063.500
2017-01-31 11:27:03 | TEMPLOG : Table    One | 095.000
2017-01-31 11:28:03 | TEMPLOG : WellhouseOne | 062.600
2017-01-31 11:28:05 | TEMPLOG : Table    One | 094.100
2017-01-31 11:29:05 | TEMPLOG : Bio   Filter | 095.900
2017-01-31 11:29:05 | TEMPLOG : To   GeoLoop | 059.900
2017-01-31 11:29:06 | TEMPLOG : Table    One | 087.800
2017-01-31 11:30:07 | TEMPLOG : To   GeoLoop | 059.000
2017-01-31 11:30:07 | TEMPLOG : Table    One | 090.500
2017-01-31 11:31:08 | TEMPLOG : WellhouseOne | 061.700
2017-01-31 11:31:08 | TEMPLOG : Bio   Filter | 098.600
2017-01-31 11:31:08 | TEMPLOG : To   GeoLoop | 059.900
2017-01-31 11:31:09 | TEMPLOG : Table    One | 092.300
2017-01-31 11:32:09 | TEMPLOG : Bio   Filter | 099.500
2017-01-31 11:32:10 | TEMPLOG : Table    One | 094.100
2017-01-31 11:33:10 | TEMPLOG : Bio   Filter | 101.300
2017-01-31 11:33:10 | TEMPLOG : To   GeoLoop | 060.800
2017-01-31 11:34:11 | TEMPLOG : WellhouseOne | 060.800
2017-01-31 11:34:11 | TEMPLOG : Bio   Filter | 095.900
2017-01-31 11:34:11 | TEMPLOG : To   GeoLoop | 059.900
2017-01-31 11:34:12 | TEMPLOG : Table    One | 088.700
2017-01-31 11:35:12 | TEMPLOG : To   GeoLoop | 059.000
2017-01-31 11:35:13 | TEMPLOG : Table    One | 090.500
2017-01-31 11:36:14 | TEMPLOG : Bio   Filter | 098.600
2017-01-31 11:36:14 | TEMPLOG : Table    One | 092.300
2017-01-31 11:37:14 | TEMPLOG : Bio   Filter | 100.400
2017-01-31 11:37:15 | TEMPLOG : Table    One | 093.200
2017-01-31 11:38:15 | TEMPLOG : Bio   Filter | 095.900
2017-01-31 11:38:16 | TEMPLOG : Table    One | 087.800
2017-01-31 11:39:16 | TEMPLOG : Bio   Filter | 091.400
2017-01-31 11:39:18 | TEMPLOG : To   GeoLoop | 057.200
2017-01-31 11:39:18 | TEMPLOG : Table    One | 086.000
2017-01-31 11:40:18 | TEMPLOG : Bio   Filter | 093.200
2017-01-31 11:40:19 | TEMPLOG : Table    One | 087.800
2017-01-31 11:41:20 | TEMPLOG : To   GeoLoop | 058.100
2017-01-31 11:41:21 | TEMPLOG : Table    One | 088.700
2017-01-31 11:42:21 | TEMPLOG : Bio   Filter | 092.300
2017-01-31 11:42:21 | TEMPLOG : To   GeoLoop | 057.200
2017-01-31 11:42:21 | TEMPLOG : Table    One | 087.800
2017-01-31 11:43:22 | TEMPLOG : WellhouseOne | 059.900
2017-01-31 11:43:22 | TEMPLOG : Bio   Filter | 095.000
2017-01-31 11:43:22 | TEMPLOG : Table    One | 089.600
2017-01-31 11:44:23 | TEMPLOG : Bio   Filter | 095.900
2017-01-31 11:44:23 | TEMPLOG : To   GeoLoop | 058.100
2017-01-31 11:44:23 | TEMPLOG : Table    One | 090.500
2017-01-31 11:45:24 | TEMPLOG : Table    One | 091.400
2017-01-31 11:46:25 | TEMPLOG : Bio   Filter | 095.000
2017-01-31 11:46:25 | TEMPLOG : To   GeoLoop | 057.200
2017-01-31 11:46:25 | TEMPLOG : Table    One | 089.600
2017-01-31 11:47:26 | TEMPLOG : WellhouseOne | 059.000
2017-01-31 11:47:26 | TEMPLOG : Bio   Filter | 094.100
2017-01-31 11:47:27 | TEMPLOG : To   GeoLoop | 058.100
2017-01-31 11:47:28 | TEMPLOG : Table    One | 088.700
2017-01-31 11:48:28 | TEMPLOG : Bio   Filter | 093.200
2017-01-31 11:48:29 | TEMPLOG : To   GeoLoop | 057.200
2017-01-31 11:49:29 | TEMPLOG : Bio   Filter | 091.400
2017-01-31 11:49:30 | TEMPLOG : Table    One | 086.900
2017-01-31 11:50:30 | TEMPLOG : Bio   Filter | 087.800
2017-01-31 11:50:30 | TEMPLOG : Table    One | 083.300
2017-01-31 11:51:31 | TEMPLOG : Bio   Filter | 088.700
2017-01-31 11:51:31 | TEMPLOG : To   GeoLoop | 056.300
2017-01-31 11:51:32 | TEMPLOG : Table    One | 086.000
2017-01-31 11:52:32 | TEMPLOG : Bio   Filter | 087.800
2017-01-31 11:52:34 | TEMPLOG : Table    One | 085.100
2017-01-31 11:53:34 | TEMPLOG : WellhouseOne | 058.100
2017-01-31 11:53:35 | TEMPLOG : Bio   Filter | 086.900
2017-01-31 11:53:35 | TEMPLOG : Table    One | 084.200
2017-01-31 11:54:35 | TEMPLOG : Bio   Filter | 086.000
2017-01-31 11:54:36 | TEMPLOG : To   GeoLoop | 057.200
2017-01-31 11:55:36 | TEMPLOG : Bio   Filter | 085.100
2017-01-31 11:55:37 | TEMPLOG : To   GeoLoop | 056.300
2017-01-31 11:55:37 | TEMPLOG : Table    One | 083.300
2017-01-31 11:56:37 | TEMPLOG : Bio   Filter | 083.300
2017-01-31 11:56:38 | TEMPLOG : Table    One | 081.500
2017-01-31 11:57:39 | TEMPLOG : Bio   Filter | 082.400
2017-01-31 11:57:40 | TEMPLOG : Table    One | 080.600
2017-01-31 11:58:40 | TEMPLOG : Bio   Filter | 081.500
2017-01-31 11:58:40 | TEMPLOG : Table    One | 079.700
2017-01-31 11:59:41 | TEMPLOG : Bio   Filter | 080.600
2017-01-31 11:59:42 | TEMPLOG : Table    One | 078.800
2017-01-31 12:00:42 | TEMPLOG : WellhouseOne | 061.700
2017-01-31 12:00:42 | TEMPLOG : Bio   Filter | 078.800
2017-01-31 12:00:43 | TEMPLOG : To   GeoLoop | 055.400
2017-01-31 12:00:43 | TEMPLOG : Table    One | 077.900
2017-01-31 12:01:43 | TEMPLOG : WellhouseOne | 115.700
2017-01-31 12:01:43 | TEMPLOG : Bio   Filter | 077.900
2017-01-31 12:01:44 | TEMPLOG : To   GeoLoop | 056.300
2017-01-31 12:01:45 | TEMPLOG : Table    One | 077.000
2017-01-31 12:02:45 | TEMPLOG : WellhouseOne | 095.900
2017-01-31 12:02:46 | TEMPLOG : Bio   Filter | 077.000
2017-01-31 12:02:46 | TEMPLOG : To   GeoLoop | 055.400
2017-01-31 12:02:46 | TEMPLOG : Table    One | 076.100
2017-01-31 12:03:46 | TEMPLOG : WellhouseOne | 082.400
2017-01-31 12:03:47 | TEMPLOG : Bio   Filter | 076.100
2017-01-31 12:03:47 | TEMPLOG : Table    One | 075.200
2017-01-31 12:04:47 | TEMPLOG : WellhouseOne | 077.000
2017-01-31 12:04:47 | TEMPLOG : Bio   Filter | 075.200
2017-01-31 12:05:48 | TEMPLOG : WellhouseOne | 073.400
2017-01-31 12:05:50 | TEMPLOG : Table    One | 074.300
2017-01-31 12:06:50 | TEMPLOG : WellhouseOne | 070.700
2017-01-31 12:06:51 | TEMPLOG : Bio   Filter | 074.300
2017-01-31 12:06:52 | TEMPLOG : Table    One | 073.400
2017-01-31 12:07:52 | TEMPLOG : WellhouseOne | 068.900
2017-01-31 12:08:54 | TEMPLOG : WellhouseOne | 067.100
2017-01-31 12:08:54 | TEMPLOG : Bio   Filter | 073.400
2017-01-31 12:08:55 | TEMPLOG : Table    One | 072.500
2017-01-31 12:09:56 | TEMPLOG : WellhouseOne | 066.200
2017-01-31 12:10:57 | TEMPLOG : WellhouseOne | 065.300
2017-01-31 12:11:57 | TEMPLOG : WellhouseOne | 064.400
2017-01-31 12:14:01 | TEMPLOG : WellhouseOne | 063.500
2017-01-31 12:16:03 | TEMPLOG : WellhouseOne | 062.600
2017-01-31 12:16:03 | TEMPLOG : Table    One | 073.400
2017-01-31 12:17:04 | TEMPLOG : Table    One | 072.500
2017-01-31 12:19:06 | TEMPLOG : WellhouseOne | 061.700
2017-01-31 12:19:06 | TEMPLOG : Bio   Filter | 072.500
2017-01-31 12:20:07 | TEMPLOG : Bio   Filter | 073.400
2017-01-31 12:21:10 | TEMPLOG : Bio   Filter | 072.500
2017-01-31 12:21:10 | TEMPLOG : Table    One | 071.600
2017-01-31 12:22:12 | TEMPLOG : Bio   Filter | 073.400
2017-01-31 12:22:13 | TEMPLOG : Table    One | 072.500
2017-01-31 12:26:16 | TEMPLOG : WellhouseOne | 060.800
2017-01-31 12:29:21 | TEMPLOG : To   GeoLoop | 056.300
2017-01-31 12:30:22 | TEMPLOG : WellhouseOne | 059.900
2017-01-31 12:31:23 | TEMPLOG : WellhouseOne | 060.800
2017-01-31 12:31:24 | TEMPLOG : To   GeoLoop | 055.400
2017-01-31 12:32:24 | TEMPLOG : WellhouseOne | 059.900
2017-01-31 12:32:24 | TEMPLOG : To   GeoLoop | 056.300
2017-01-31 12:33:25 | TEMPLOG : WellhouseOne | 060.800
2017-01-31 12:36:28 | TEMPLOG : WellhouseOne | 059.900
2017-01-31 12:36:29 | TEMPLOG : Table    One | 071.600
2017-01-31 12:37:30 | TEMPLOG : Bio   Filter | 072.500
2017-01-31 12:37:31 | TEMPLOG : Table    One | 070.700
2017-01-31 12:38:31 | TEMPLOG : Bio   Filter | 071.600
2017-01-31 12:40:35 | TEMPLOG : Bio   Filter | 070.700
2017-01-31 12:40:35 | TEMPLOG : To   GeoLoop | 055.400
2017-01-31 12:41:35 | TEMPLOG : Bio   Filter | 069.800
2017-01-31 12:41:36 | TEMPLOG : Table    One | 069.800
2017-01-31 12:42:37 | TEMPLOG : Bio   Filter | 070.700
2017-01-31 12:43:38 | TEMPLOG : Bio   Filter | 069.800
2017-01-31 12:44:39 | TEMPLOG : WellhouseOne | 059.000
2017-01-31 12:45:40 | TEMPLOG : Bio   Filter | 068.900
2017-01-31 12:45:41 | TEMPLOG : Table    One | 068.900
2017-01-31 12:46:42 | TEMPLOG : Bio   Filter | 069.800
2017-01-31 12:47:44 | TEMPLOG : Table    One | 069.800
2017-01-31 12:49:47 | TEMPLOG : Table    One | 068.900
2017-01-31 12:50:48 | TEMPLOG : WellhouseOne | 095.900
2017-01-31 12:51:48 | TEMPLOG : WellhouseOne | 113.000
2017-01-31 12:51:49 | TEMPLOG : Table    One | 069.800
2017-01-31 12:52:50 | TEMPLOG : WellhouseOne | 087.800
2017-01-31 12:53:50 | TEMPLOG : WellhouseOne | 079.700
2017-01-31 12:53:51 | TEMPLOG : To   GeoLoop | 056.300
2017-01-31 12:54:51 | TEMPLOG : WellhouseOne | 075.200
2017-01-31 12:54:52 | TEMPLOG : To   GeoLoop | 055.400
2017-01-31 12:55:53 | TEMPLOG : WellhouseOne | 072.500
2017-01-31 12:55:53 | TEMPLOG : To   GeoLoop | 056.300
2017-01-31 12:56:54 | TEMPLOG : WellhouseOne | 070.700
2017-01-31 12:56:54 | TEMPLOG : To   GeoLoop | 055.400
2017-01-31 12:57:55 | TEMPLOG : WellhouseOne | 068.900
2017-01-31 12:58:56 | TEMPLOG : WellhouseOne | 068.000
2017-01-31 12:59:57 | TEMPLOG : WellhouseOne | 067.100
2017-01-31 12:59:57 | TEMPLOG : Bio   Filter | 070.700
2017-01-31 12:59:57 | TEMPLOG : To   GeoLoop | 056.300
2017-01-31 12:59:58 | TEMPLOG : Table    One | 070.700
2017-01-31 13:00:58 | TEMPLOG : WellhouseOne | 066.200
2017-01-31 13:00:58 | TEMPLOG : Bio   Filter | 070.700
2017-01-31 13:00:59 | TEMPLOG : To   GeoLoop | 056.300
2017-01-31 13:00:59 | TEMPLOG : Table    One | 070.700
2017-01-31 13:01:59 | TEMPLOG : WellhouseOne | 065.300
2017-01-31 13:03:00 | TEMPLOG : WellhouseOne | 064.400
2017-01-31 13:04:03 | TEMPLOG : Bio   Filter | 071.600
2017-01-31 13:04:03 | TEMPLOG : Table    One | 071.600
2017-01-31 13:05:04 | TEMPLOG : Bio   Filter | 072.500
2017-01-31 13:05:05 | TEMPLOG : Table    One | 072.500
2017-01-31 13:06:05 | TEMPLOG : WellhouseOne | 063.500
2017-01-31 13:06:06 | TEMPLOG : Table    One | 073.400
2017-01-31 13:07:06 | TEMPLOG : WellhouseOne | 062.600
2017-01-31 13:07:06 | TEMPLOG : Bio   Filter | 073.400
2017-01-31 13:07:06 | TEMPLOG : To   GeoLoop | 057.200
2017-01-31 13:07:06 | TEMPLOG : Table    One | 074.300
2017-01-31 13:08:07 | TEMPLOG : Bio   Filter | 075.200
2017-01-31 13:09:10 | TEMPLOG : Bio   Filter | 076.100
2017-01-31 13:09:11 | TEMPLOG : Table    One | 075.200
2017-01-31 13:11:13 | TEMPLOG : Table    One | 076.100
2017-01-31 13:12:13 | TEMPLOG : Bio   Filter | 077.000
2017-01-31 13:12:14 | TEMPLOG : Table    One | 077.000
2017-01-31 13:13:14 | TEMPLOG : WellhouseOne | 061.700
2017-01-31 13:13:15 | TEMPLOG : To   GeoLoop | 058.100
2017-01-31 13:14:16 | TEMPLOG : To   GeoLoop | 057.200
2017-01-31 13:14:17 | TEMPLOG : Table    One | 076.100
2017-01-31 13:15:18 | TEMPLOG : Table    One | 077.000
2017-01-31 13:16:19 | TEMPLOG : WellhouseOne | 060.800
2017-01-31 13:16:20 | TEMPLOG : Table    One | 076.100
2017-01-31 13:17:21 | TEMPLOG : Bio   Filter | 076.100
2017-01-31 13:17:21 | TEMPLOG : Table    One | 075.200
2017-01-31 13:18:22 | TEMPLOG : Table    One | 076.100
2017-01-31 13:19:25 | TEMPLOG : Bio   Filter | 077.000
2017-01-31 13:19:25 | TEMPLOG : To   GeoLoop | 058.100
2017-01-31 13:19:25 | TEMPLOG : Table    One | 077.000
2017-01-31 13:23:29 | TEMPLOG : WellhouseOne | 059.900
2017-01-31 13:25:31 | TEMPLOG : Bio   Filter | 077.900
2017-01-31 13:25:32 | TEMPLOG : Table    One | 078.800
2017-01-31 13:26:32 | TEMPLOG : Bio   Filter | 078.800
2017-01-31 13:26:33 | TEMPLOG : To   GeoLoop | 059.000
2017-01-31 13:27:34 | TEMPLOG : To   GeoLoop | 058.100
2017-01-31 13:28:35 | TEMPLOG : Bio   Filter | 079.700
2017-01-31 13:28:35 | TEMPLOG : To   GeoLoop | 059.000
2017-01-31 13:28:35 | TEMPLOG : Table    One | 079.700
2017-01-31 13:29:36 | TEMPLOG : Table    One | 080.600
2017-01-31 13:31:40 | TEMPLOG : Table    One | 079.700
2017-01-31 13:32:40 | TEMPLOG : WellhouseOne | 059.000
2017-01-31 13:33:41 | TEMPLOG : WellhouseOne | 059.900
2017-01-31 13:33:41 | TEMPLOG : Bio   Filter | 078.800
2017-01-31 13:33:42 | TEMPLOG : Table    One | 078.800
2017-01-31 13:34:42 | TEMPLOG : WellhouseOne | 059.000
2017-01-31 13:34:43 | TEMPLOG : To   GeoLoop | 058.100
2017-01-31 13:36:44 | TEMPLOG : WellhouseOne | 093.200
2017-01-31 13:37:45 | TEMPLOG : WellhouseOne | 122.000
2017-01-31 13:37:47 | TEMPLOG : Bio   Filter | 077.900
2017-01-31 13:37:47 | TEMPLOG : To   GeoLoop | 059.000
2017-01-31 13:37:47 | TEMPLOG : Table    One | 077.900
2017-01-31 13:38:48 | TEMPLOG : WellhouseOne | 087.800
2017-01-31 13:38:48 | TEMPLOG : Bio   Filter | 077.000
2017-01-31 13:38:49 | TEMPLOG : To   GeoLoop | 058.100
2017-01-31 13:38:49 | TEMPLOG : Table    One | 077.000
2017-01-31 13:39:49 | TEMPLOG : WellhouseOne | 077.900
2017-01-31 13:39:49 | TEMPLOG : Bio   Filter | 076.100
2017-01-31 13:40:50 | TEMPLOG : WellhouseOne | 073.400
2017-01-31 13:41:51 | TEMPLOG : WellhouseOne | 069.800
2017-01-31 13:41:52 | TEMPLOG : Table    One | 076.100
2017-01-31 13:42:52 | TEMPLOG : WellhouseOne | 068.000
2017-01-31 13:42:52 | TEMPLOG : Bio   Filter | 075.200
2017-01-31 13:43:53 | TEMPLOG : WellhouseOne | 067.100
2017-01-31 13:43:54 | TEMPLOG : Table    One | 075.200
2017-01-31 13:44:55 | TEMPLOG : WellhouseOne | 065.300
2017-01-31 13:44:56 | TEMPLOG : Bio   Filter | 074.300
2017-01-31 13:45:56 | TEMPLOG : WellhouseOne | 064.400
2017-01-31 13:45:58 | TEMPLOG : Table    One | 074.300
2017-01-31 13:46:58 | TEMPLOG : WellhouseOne | 063.500
2017-01-31 13:46:58 | TEMPLOG : Bio   Filter | 073.400
2017-01-31 13:46:58 | TEMPLOG : To   GeoLoop | 057.200
2017-01-31 13:46:59 | TEMPLOG : Table    One | 073.400
2017-01-31 13:47:59 | TEMPLOG : Bio   Filter | 072.500
2017-01-31 13:48:01 | TEMPLOG : Table    One | 072.500
2017-01-31 13:49:01 | TEMPLOG : WellhouseOne | 062.600
2017-01-31 13:49:01 | TEMPLOG : Bio   Filter | 071.600
2017-01-31 13:49:01 | TEMPLOG : To   GeoLoop | 056.300
2017-01-31 13:49:01 | TEMPLOG : Table    One | 071.600
2017-01-31 13:50:03 | TEMPLOG : Bio   Filter | 070.700
2017-01-31 13:51:04 | TEMPLOG : Bio   Filter | 069.800
2017-01-31 13:51:04 | TEMPLOG : Table    One | 069.800
2017-01-31 13:52:05 | TEMPLOG : WellhouseOne | 061.700
2017-01-31 13:53:06 | TEMPLOG : Bio   Filter | 068.900
2017-01-31 13:53:07 | TEMPLOG : Table    One | 068.900
2017-01-31 13:54:08 | TEMPLOG : Bio   Filter | 068.000
2017-01-31 13:55:09 | TEMPLOG : WellhouseOne | 060.800
2017-01-31 13:55:10 | TEMPLOG : Table    One | 068.000
2017-01-31 13:56:11 | TEMPLOG : Bio   Filter | 067.100
2017-01-31 13:58:15 | TEMPLOG : Table    One | 067.100
2017-01-31 13:59:15 | TEMPLOG : Bio   Filter | 066.200
2017-01-31 14:00:15 | TEMPLOG : WellhouseOne | 060.800
2017-01-31 14:00:16 | TEMPLOG : Bio   Filter | 066.200
2017-01-31 14:00:16 | TEMPLOG : To   GeoLoop | 055.400
2017-01-31 14:00:16 | TEMPLOG : Table    One | 067.100
2017-01-31 14:01:16 | TEMPLOG : WellhouseOne | 059.900
2017-01-31 14:01:17 | TEMPLOG : Table    One | 066.200
2017-01-31 14:02:18 | TEMPLOG : To   GeoLoop | 056.300
2017-01-31 14:03:19 | TEMPLOG : Bio   Filter | 065.300
2017-01-31 14:03:19 | TEMPLOG : To   GeoLoop | 055.400
2017-01-31 14:07:23 | TEMPLOG : Table    One | 065.300
2017-01-31 14:08:24 | TEMPLOG : Bio   Filter | 064.400
2017-01-31 14:08:24 | TEMPLOG : Table    One | 066.200
2017-01-31 14:09:25 | TEMPLOG : Table    One | 065.300
2017-01-31 14:10:26 | TEMPLOG : Bio   Filter | 065.300
2017-01-31 14:11:27 | TEMPLOG : WellhouseOne | 059.000
2017-01-31 14:11:27 | TEMPLOG : Bio   Filter | 064.400
2017-01-31 14:17:34 | TEMPLOG : Table    One | 064.400
2017-01-31 14:21:40 | TEMPLOG : WellhouseOne | 104.000
2017-01-31 14:21:40 | TEMPLOG : Bio   Filter | 063.500
2017-01-31 14:22:42 | TEMPLOG : WellhouseOne | 104.900
2017-01-31 14:22:42 | TEMPLOG : Bio   Filter | 064.400
2017-01-31 14:23:43 | TEMPLOG : WellhouseOne | 084.200
2017-01-31 14:23:43 | TEMPLOG : Bio   Filter | 063.500
2017-01-31 14:24:44 | TEMPLOG : WellhouseOne | 077.900
2017-01-31 14:25:44 | TEMPLOG : WellhouseOne | 073.400
2017-01-31 14:26:46 | TEMPLOG : WellhouseOne | 069.800
2017-01-31 14:27:47 | TEMPLOG : WellhouseOne | 067.100
2017-01-31 14:27:48 | TEMPLOG : Table    One | 063.500
2017-01-31 14:28:48 | TEMPLOG : WellhouseOne | 066.200
2017-01-31 14:29:49 | TEMPLOG : WellhouseOne | 065.300
2017-01-31 14:30:50 | TEMPLOG : WellhouseOne | 064.400
2017-01-31 14:31:52 | TEMPLOG : WellhouseOne | 063.500
2017-01-31 14:31:52 | TEMPLOG : Bio   Filter | 062.600
2017-01-31 14:32:53 | TEMPLOG : WellhouseOne | 062.600
2017-01-31 14:33:55 | TEMPLOG : Table    One | 062.600
2017-01-31 14:35:56 | TEMPLOG : WellhouseOne | 061.700
2017-01-31 14:35:56 | TEMPLOG : Table    One | 063.500
2017-01-31 14:36:57 | TEMPLOG : Bio   Filter | 061.700
2017-01-31 14:36:57 | TEMPLOG : Table    One | 062.600
2017-01-31 14:38:58 | TEMPLOG : WellhouseOne | 060.800
2017-01-31 14:38:59 | TEMPLOG : Bio   Filter | 062.600
2017-01-31 14:40:00 | TEMPLOG : Bio   Filter | 061.700
2017-01-31 14:45:04 | TEMPLOG : WellhouseOne | 059.900
2017-01-31 14:49:10 | TEMPLOG : WellhouseOne | 059.000
2017-01-31 14:50:12 | TEMPLOG : WellhouseOne | 059.900
2017-01-31 14:52:14 | TEMPLOG : WellhouseOne | 059.000
2017-01-31 14:59:26 | TEMPLOG : Table    One | 061.700
2017-01-31 15:00:26 | TEMPLOG : WellhouseOne | 059.000
2017-01-31 15:00:26 | TEMPLOG : Bio   Filter | 061.700
2017-01-31 15:00:26 | TEMPLOG : To   GeoLoop | 055.400
2017-01-31 15:00:26 | TEMPLOG : Table    One | 062.600
2017-01-31 15:02:29 | TEMPLOG : Table    One | 061.700
2017-01-31 15:03:30 | TEMPLOG : WellhouseOne | 058.100
2017-01-31 15:04:30 | TEMPLOG : WellhouseOne | 059.000
2017-01-31 15:05:32 | TEMPLOG : WellhouseOne | 073.400
2017-01-31 15:06:33 | TEMPLOG : WellhouseOne | 123.800
2017-01-31 15:06:33 | TEMPLOG : Bio   Filter | 060.800
2017-01-31 15:07:34 | TEMPLOG : WellhouseOne | 089.600
2017-01-31 15:07:34 | TEMPLOG : Bio   Filter | 061.700
2017-01-31 15:08:35 | TEMPLOG : WellhouseOne | 079.700
2017-01-31 15:08:35 | TEMPLOG : Bio   Filter | 060.800
2017-01-31 15:09:36 | TEMPLOG : WellhouseOne | 074.300
2017-01-31 15:09:37 | TEMPLOG : Table    One | 060.800
2017-01-31 15:10:37 | TEMPLOG : WellhouseOne | 070.700
2017-01-31 15:11:38 | TEMPLOG : WellhouseOne | 068.000
2017-01-31 15:11:39 | TEMPLOG : To   GeoLoop | 054.500
2017-01-31 15:12:39 | TEMPLOG : WellhouseOne | 065.300
2017-01-31 15:13:40 | TEMPLOG : WellhouseOne | 064.400
2017-01-31 15:13:41 | TEMPLOG : To   GeoLoop | 055.400
2017-01-31 15:14:44 | TEMPLOG : To   GeoLoop | 054.500
2017-01-31 15:15:45 | TEMPLOG : WellhouseOne | 063.500
2017-01-31 15:15:45 | TEMPLOG : Bio   Filter | 059.900
2017-01-31 15:15:45 | TEMPLOG : To   GeoLoop | 055.400
2017-01-31 15:16:46 | TEMPLOG : WellhouseOne | 062.600
2017-01-31 15:16:47 | TEMPLOG : To   GeoLoop | 054.500
2017-01-31 15:17:47 | TEMPLOG : WellhouseOne | 061.700
2017-01-31 15:18:50 | TEMPLOG : Table    One | 059.900
2017-01-31 15:19:50 | TEMPLOG : WellhouseOne | 060.800
2017-01-31 15:24:55 | TEMPLOG : WellhouseOne | 059.900
2017-01-31 15:27:58 | TEMPLOG : Bio   Filter | 059.000
2017-01-31 15:28:00 | TEMPLOG : Table    One | 059.000
2017-01-31 15:29:01 | TEMPLOG : Table    One | 059.900
2017-01-31 15:30:02 | TEMPLOG : Table    One | 059.000
2017-01-31 15:32:04 | TEMPLOG : WellhouseOne | 059.000
2017-01-31 15:32:04 | TEMPLOG : Table    One | 059.900
2017-01-31 15:33:04 | TEMPLOG : WellhouseOne | 059.900
2017-01-31 15:33:05 | TEMPLOG : Table    One | 059.000
2017-01-31 15:34:06 | TEMPLOG : WellhouseOne | 059.000
2017-01-31 15:37:10 | TEMPLOG : Bio   Filter | 058.100
2017-01-31 15:38:13 | TEMPLOG : Table    One | 058.100
2017-01-31 15:40:15 | TEMPLOG : Table    One | 059.000
2017-01-31 15:41:15 | TEMPLOG : Table    One | 058.100
2017-01-31 15:42:16 | TEMPLOG : Table    One | 059.000
2017-01-31 15:44:19 | TEMPLOG : WellhouseOne | 058.100
2017-01-31 15:44:19 | TEMPLOG : Table    One | 058.100
2017-01-31 15:49:26 | TEMPLOG : WellhouseOne | 076.100
2017-01-31 15:50:28 | TEMPLOG : WellhouseOne | 120.200
2017-01-31 15:50:28 | TEMPLOG : Bio   Filter | 057.200
2017-01-31 15:51:29 | TEMPLOG : WellhouseOne | 087.800
2017-01-31 15:52:31 | TEMPLOG : WellhouseOne | 077.000
2017-01-31 15:52:31 | TEMPLOG : Table    One | 057.200
2017-01-31 15:53:32 | TEMPLOG : WellhouseOne | 071.600
2017-01-31 15:53:33 | TEMPLOG : Table    One | 058.100
2017-01-31 15:54:33 | TEMPLOG : WellhouseOne | 068.000
2017-01-31 15:54:34 | TEMPLOG : To   GeoLoop | 053.600
2017-01-31 15:54:34 | TEMPLOG : Table    One | 057.200
2017-01-31 15:55:34 | TEMPLOG : WellhouseOne | 066.200
2017-01-31 15:55:35 | TEMPLOG : To   GeoLoop | 054.500
2017-01-31 15:56:35 | TEMPLOG : WellhouseOne | 064.400
2017-01-31 15:57:36 | TEMPLOG : WellhouseOne | 063.500
2017-01-31 15:58:37 | TEMPLOG : WellhouseOne | 062.600
2017-01-31 15:59:38 | TEMPLOG : WellhouseOne | 061.700
2017-01-31 16:00:39 | TEMPLOG : WellhouseOne | 061.700
2017-01-31 16:00:39 | TEMPLOG : Bio   Filter | 057.200
2017-01-31 16:00:40 | TEMPLOG : To   GeoLoop | 054.500
2017-01-31 16:00:40 | TEMPLOG : Table    One | 057.200
2017-01-31 16:01:40 | TEMPLOG : WellhouseOne | 060.800
2017-01-31 16:02:41 | TEMPLOG : Bio   Filter | 056.300
2017-01-31 16:04:43 | TEMPLOG : WellhouseOne | 059.900
2017-01-31 16:05:45 | TEMPLOG : To   GeoLoop | 053.600
2017-01-31 16:05:46 | TEMPLOG : Table    One | 056.300
2017-01-31 16:09:49 | TEMPLOG : WellhouseOne | 059.000
2017-01-31 16:09:49 | TEMPLOG : Bio   Filter | 055.400
2017-01-31 16:10:50 | TEMPLOG : Bio   Filter | 056.300
2017-01-31 16:11:51 | TEMPLOG : Bio   Filter | 055.400
2017-01-31 16:13:55 | TEMPLOG : Table    One | 055.400
2017-01-31 16:15:57 | TEMPLOG : WellhouseOne | 058.100
2017-01-31 16:16:58 | TEMPLOG : WellhouseOne | 059.000
2017-01-31 16:18:00 | TEMPLOG : Bio   Filter | 054.500
2017-01-31 16:20:02 | TEMPLOG : WellhouseOne | 058.100
2017-01-31 16:25:10 | TEMPLOG : Table    One | 054.500
2017-01-31 16:29:15 | TEMPLOG : WellhouseOne | 057.200
2017-01-31 16:30:16 | TEMPLOG : Bio   Filter | 053.600
2017-01-31 16:31:17 | TEMPLOG : WellhouseOne | 107.600
2017-01-31 16:31:18 | TEMPLOG : Bio   Filter | 054.500
2017-01-31 16:32:19 | TEMPLOG : WellhouseOne | 111.200
2017-01-31 16:32:20 | TEMPLOG : Bio   Filter | 053.600
2017-01-31 16:33:20 | TEMPLOG : WellhouseOne | 085.100
2017-01-31 16:34:23 | TEMPLOG : WellhouseOne | 077.000
2017-01-31 16:35:24 | TEMPLOG : WellhouseOne | 072.500
2017-01-31 16:36:26 | TEMPLOG : WellhouseOne | 069.800
2017-01-31 16:37:28 | TEMPLOG : WellhouseOne | 067.100
2017-01-31 16:38:29 | TEMPLOG : WellhouseOne | 065.300
2017-01-31 16:39:30 | TEMPLOG : WellhouseOne | 063.500
2017-01-31 16:39:31 | TEMPLOG : Table    One | 053.600
2017-01-31 16:40:31 | TEMPLOG : WellhouseOne | 062.600
2017-01-31 16:40:32 | TEMPLOG : Table    One | 054.500
2017-01-31 16:41:32 | TEMPLOG : WellhouseOne | 061.700
2017-01-31 16:43:34 | TEMPLOG : WellhouseOne | 060.800
2017-01-31 16:45:39 | TEMPLOG : Bio   Filter | 055.400
2017-01-31 16:45:39 | TEMPLOG : Table    One | 056.300
2017-01-31 16:46:40 | TEMPLOG : Bio   Filter | 057.200
2017-01-31 16:46:40 | TEMPLOG : Table    One | 058.100
2017-01-31 16:47:40 | TEMPLOG : Bio   Filter | 058.100
2017-01-31 16:47:41 | TEMPLOG : To   GeoLoop | 054.500
2017-01-31 16:47:41 | TEMPLOG : Table    One | 059.000
2017-01-31 16:48:41 | TEMPLOG : WellhouseOne | 059.900
2017-01-31 16:48:42 | TEMPLOG : Bio   Filter | 059.000
2017-01-31 16:49:43 | TEMPLOG : Bio   Filter | 058.100
2017-01-31 16:49:43 | TEMPLOG : Table    One | 058.100
2017-01-31 16:50:44 | TEMPLOG : WellhouseOne | 059.000
2017-01-31 16:51:45 | TEMPLOG : Bio   Filter | 057.200
2017-01-31 16:51:45 | TEMPLOG : To   GeoLoop | 053.600
2017-01-31 16:51:45 | TEMPLOG : Table    One | 057.200
2017-01-31 16:52:46 | TEMPLOG : Bio   Filter | 056.300
2017-01-31 16:52:46 | TEMPLOG : Table    One | 056.300
2017-01-31 16:53:47 | TEMPLOG : Table    One | 055.400
2017-01-31 16:54:47 | TEMPLOG : Bio   Filter | 055.400
2017-01-31 16:57:51 | TEMPLOG : WellhouseOne | 058.100
2017-01-31 16:57:51 | TEMPLOG : Bio   Filter | 056.300
2017-01-31 16:57:52 | TEMPLOG : Table    One | 056.300
2017-01-31 16:58:52 | TEMPLOG : Bio   Filter | 057.200
2017-01-31 16:58:53 | TEMPLOG : Table    One | 057.200
2017-01-31 17:00:55 | TEMPLOG : WellhouseOne | 058.100
2017-01-31 17:00:55 | TEMPLOG : Bio   Filter | 057.200
2017-01-31 17:00:56 | TEMPLOG : To   GeoLoop | 053.600
2017-01-31 17:00:56 | TEMPLOG : Table    One | 057.200
2017-01-31 17:01:57 | TEMPLOG : Bio   Filter | 056.300
2017-01-31 17:01:57 | TEMPLOG : Table    One | 056.300
2017-01-31 17:03:59 | TEMPLOG : Bio   Filter | 055.400
2017-01-31 17:04:00 | TEMPLOG : Table    One | 055.400
2017-01-31 17:05:00 | TEMPLOG : Bio   Filter | 054.500
2017-01-31 17:06:02 | TEMPLOG : Table    One | 054.500
2017-01-31 17:08:04 | TEMPLOG : WellhouseOne | 057.200
2017-01-31 17:08:04 | TEMPLOG : Bio   Filter | 053.600
2017-01-31 17:09:06 | TEMPLOG : To   GeoLoop | 052.700
2017-01-31 17:10:08 | TEMPLOG : To   GeoLoop | 053.600
2017-01-31 17:10:09 | TEMPLOG : Table    One | 053.600
2017-01-31 17:11:09 | TEMPLOG : Bio   Filter | 052.700
2017-01-31 17:12:10 | TEMPLOG : WellhouseOne | 079.700
2017-01-31 17:12:10 | TEMPLOG : To   GeoLoop | 052.700
2017-01-31 17:12:10 | TEMPLOG : Table    One | 052.700
2017-01-31 17:13:10 | TEMPLOG : WellhouseOne | 122.000
2017-01-31 17:13:11 | TEMPLOG : Bio   Filter | 051.800
2017-01-31 17:14:11 | TEMPLOG : WellhouseOne | 095.900
2017-01-31 17:14:12 | TEMPLOG : Bio   Filter | 052.700
2017-01-31 17:15:13 | TEMPLOG : WellhouseOne | 083.300
2017-01-31 17:15:13 | TEMPLOG : Bio   Filter | 051.800
2017-01-31 17:16:14 | TEMPLOG : WellhouseOne | 075.200
2017-01-31 17:17:15 | TEMPLOG : WellhouseOne | 070.700
2017-01-31 17:17:16 | TEMPLOG : Table    One | 051.800
2017-01-31 17:18:16 | TEMPLOG : WellhouseOne | 068.000
2017-01-31 17:19:18 | TEMPLOG : WellhouseOne | 066.200
2017-01-31 17:20:18 | TEMPLOG : WellhouseOne | 064.400
2017-01-31 17:20:18 | TEMPLOG : Bio   Filter | 050.900
2017-01-31 17:21:19 | TEMPLOG : WellhouseOne | 063.500
2017-01-31 17:21:19 | TEMPLOG : Bio   Filter | 051.800
2017-01-31 17:22:20 | TEMPLOG : WellhouseOne | 062.600
2017-01-31 17:23:22 | TEMPLOG : WellhouseOne | 061.700
2017-01-31 17:24:24 | TEMPLOG : Bio   Filter | 050.900
2017-01-31 17:25:25 | TEMPLOG : WellhouseOne | 060.800
2017-01-31 17:27:28 | TEMPLOG : WellhouseOne | 059.900
2017-01-31 17:28:30 | TEMPLOG : Table    One | 050.900
2017-01-31 17:30:32 | TEMPLOG : WellhouseOne | 059.000
2017-01-31 17:30:32 | TEMPLOG : Bio   Filter | 050.000
2017-01-31 17:35:40 | TEMPLOG : WellhouseOne | 058.100
2017-01-31 17:37:44 | TEMPLOG : Table    One | 050.000
2017-01-31 17:38:44 | TEMPLOG : WellhouseOne | 057.200
2017-01-31 17:41:48 | TEMPLOG : Bio   Filter | 049.100
2017-01-31 17:42:49 | TEMPLOG : Bio   Filter | 050.000
2017-01-31 17:44:53 | TEMPLOG : Bio   Filter | 049.100
2017-01-31 17:45:55 | TEMPLOG : WellhouseOne | 056.300
2017-01-31 17:46:57 | TEMPLOG : Bio   Filter | 050.000
2017-01-31 17:47:58 | TEMPLOG : Bio   Filter | 049.100
2017-01-31 17:48:59 | TEMPLOG : Bio   Filter | 050.000
2017-01-31 17:50:01 | TEMPLOG : Bio   Filter | 049.100
2017-01-31 17:51:02 | TEMPLOG : WellhouseOne | 055.400
2017-01-31 17:52:03 | TEMPLOG : WellhouseOne | 056.300
2017-01-31 17:52:03 | TEMPLOG : Bio   Filter | 050.000
2017-01-31 17:53:04 | TEMPLOG : WellhouseOne | 055.400
2017-01-31 17:53:04 | TEMPLOG : Bio   Filter | 049.100
2017-01-31 17:54:05 | TEMPLOG : WellhouseOne | 107.600
2017-01-31 17:55:06 | TEMPLOG : WellhouseOne | 112.100
2017-01-31 17:56:07 | TEMPLOG : WellhouseOne | 086.000
2017-01-31 17:57:09 | TEMPLOG : WellhouseOne | 076.100
2017-01-31 17:58:10 | TEMPLOG : WellhouseOne | 071.600
2017-01-31 17:59:11 | TEMPLOG : WellhouseOne | 068.000
2017-01-31 18:00:12 | TEMPLOG : WellhouseOne | 065.300
2017-01-31 18:00:12 | TEMPLOG : Bio   Filter | 049.100
2017-01-31 18:00:13 | TEMPLOG : To   GeoLoop | 052.700
2017-01-31 18:00:13 | TEMPLOG : Table    One | 050.000
2017-01-31 18:01:13 | TEMPLOG : WellhouseOne | 063.500
2017-01-31 18:02:14 | TEMPLOG : WellhouseOne | 062.600
2017-01-31 18:03:15 | TEMPLOG : WellhouseOne | 060.800
2017-01-31 18:06:18 | TEMPLOG : WellhouseOne | 059.900
2017-01-31 18:07:19 | TEMPLOG : WellhouseOne | 059.000
2017-01-31 18:10:24 | TEMPLOG : WellhouseOne | 058.100
2017-01-31 18:12:27 | TEMPLOG : To   GeoLoop | 051.800
2017-01-31 18:13:27 | TEMPLOG : WellhouseOne | 057.200
2017-01-31 18:13:28 | TEMPLOG : To   GeoLoop | 052.700
2017-01-31 18:13:28 | TEMPLOG : Table    One | 049.100
2017-01-31 18:16:32 | TEMPLOG : To   GeoLoop | 051.800
2017-01-31 18:17:33 | TEMPLOG : Bio   Filter | 048.200
2017-01-31 18:18:34 | TEMPLOG : WellhouseOne | 056.300
2017-01-31 18:21:39 | TEMPLOG : Table    One | 048.200
2017-01-31 18:23:40 | TEMPLOG : WellhouseOne | 055.400
2017-01-31 18:28:46 | TEMPLOG : WellhouseOne | 056.300
2017-01-31 18:28:46 | TEMPLOG : Bio   Filter | 047.300
2017-01-31 18:29:47 | TEMPLOG : WellhouseOne | 055.400
2017-01-31 18:32:50 | TEMPLOG : WellhouseOne | 056.300
2017-01-31 18:33:51 | TEMPLOG : WellhouseOne | 110.300
2017-01-31 18:33:53 | TEMPLOG : Table    One | 047.300
2017-01-31 18:34:53 | TEMPLOG : WellhouseOne | 104.900
2017-01-31 18:35:54 | TEMPLOG : WellhouseOne | 085.100
2017-01-31 18:36:55 | TEMPLOG : WellhouseOne | 077.900
2017-01-31 18:37:56 | TEMPLOG : WellhouseOne | 073.400
2017-01-31 18:38:58 | TEMPLOG : WellhouseOne | 070.700
2017-01-31 18:39:59 | TEMPLOG : WellhouseOne | 068.000
2017-01-31 18:41:00 | TEMPLOG : WellhouseOne | 065.300
2017-01-31 18:42:03 | TEMPLOG : WellhouseOne | 064.400
2017-01-31 18:43:04 | TEMPLOG : WellhouseOne | 063.500
2017-01-31 18:43:05 | TEMPLOG : Bio   Filter | 046.400
2017-01-31 18:44:06 | TEMPLOG : WellhouseOne | 062.600
2017-01-31 18:44:06 | TEMPLOG : Bio   Filter | 047.300
2017-01-31 18:45:06 | TEMPLOG : WellhouseOne | 061.700
2017-01-31 18:45:07 | TEMPLOG : Bio   Filter | 046.400
2017-01-31 18:46:07 | TEMPLOG : WellhouseOne | 060.800
2017-01-31 18:48:11 | TEMPLOG : Table    One | 046.400
2017-01-31 18:49:12 | TEMPLOG : WellhouseOne | 059.900
2017-01-31 18:49:12 | TEMPLOG : Table    One | 047.300
2017-01-31 18:50:13 | TEMPLOG : Table    One | 046.400
2017-01-31 18:51:14 | TEMPLOG : WellhouseOne | 059.000
2017-01-31 18:55:18 | TEMPLOG : WellhouseOne | 058.100
2017-01-31 18:59:24 | TEMPLOG : WellhouseOne | 057.200
2017-01-31 19:00:25 | TEMPLOG : WellhouseOne | 057.200
2017-01-31 19:00:26 | TEMPLOG : Bio   Filter | 046.400
2017-01-31 19:00:26 | TEMPLOG : To   GeoLoop | 051.800
2017-01-31 19:00:26 | TEMPLOG : Table    One | 046.400
2017-01-31 19:04:31 | TEMPLOG : WellhouseOne | 056.300
2017-01-31 19:06:34 | TEMPLOG : To   GeoLoop | 050.900
2017-01-31 19:08:36 | TEMPLOG : To   GeoLoop | 051.800
2017-01-31 19:09:37 | TEMPLOG : To   GeoLoop | 050.900
2017-01-31 19:10:37 | TEMPLOG : Bio   Filter | 045.500
2017-01-31 19:11:39 | TEMPLOG : Bio   Filter | 046.400
2017-01-31 19:12:40 | TEMPLOG : Bio   Filter | 045.500
2017-01-31 19:12:40 | TEMPLOG : To   GeoLoop | 051.800
2017-01-31 19:13:41 | TEMPLOG : Bio   Filter | 046.400
2017-01-31 19:14:42 | TEMPLOG : WellhouseOne | 059.000
2017-01-31 19:15:44 | TEMPLOG : WellhouseOne | 116.600
2017-01-31 19:16:44 | TEMPLOG : WellhouseOne | 095.000
2017-01-31 19:17:45 | TEMPLOG : WellhouseOne | 081.500
2017-01-31 19:18:46 | TEMPLOG : WellhouseOne | 075.200
2017-01-31 19:19:48 | TEMPLOG : WellhouseOne | 071.600
2017-01-31 19:19:49 | TEMPLOG : Table    One | 047.300
2017-01-31 19:20:49 | TEMPLOG : WellhouseOne | 068.900
2017-01-31 19:21:50 | TEMPLOG : WellhouseOne | 067.100
2017-01-31 19:21:50 | TEMPLOG : Table    One | 046.400
2017-01-31 19:22:50 | TEMPLOG : WellhouseOne | 065.300
2017-01-31 19:23:52 | TEMPLOG : WellhouseOne | 064.400
2017-01-31 19:23:54 | TEMPLOG : Table    One | 047.300
2017-01-31 19:24:54 | TEMPLOG : WellhouseOne | 063.500
2017-01-31 19:25:55 | TEMPLOG : WellhouseOne | 062.600
2017-01-31 19:26:56 | TEMPLOG : WellhouseOne | 061.700
2017-01-31 19:27:57 | TEMPLOG : WellhouseOne | 060.800
2017-01-31 19:29:59 | TEMPLOG : WellhouseOne | 059.900
2017-01-31 19:33:03 | TEMPLOG : WellhouseOne | 059.000
2017-01-31 19:34:05 | TEMPLOG : Bio   Filter | 047.300
2017-01-31 19:38:11 | TEMPLOG : WellhouseOne | 058.100
2017-01-31 19:38:11 | TEMPLOG : Bio   Filter | 046.400
2017-01-31 19:39:12 | TEMPLOG : Bio   Filter | 047.300
2017-01-31 19:42:16 | TEMPLOG : WellhouseOne | 057.200
2017-01-31 19:50:25 | TEMPLOG : WellhouseOne | 056.300
2017-01-31 19:50:25 | TEMPLOG : Bio   Filter | 046.400
2017-01-31 19:53:30 | TEMPLOG : Table    One | 046.400
2017-01-31 19:55:31 | TEMPLOG : WellhouseOne | 055.400
2017-01-31 19:55:32 | TEMPLOG : Table    One | 047.300
2017-01-31 19:56:33 | TEMPLOG : To   GeoLoop | 050.900
2017-01-31 19:57:33 | TEMPLOG : To   GeoLoop | 051.800
2017-01-31 19:58:34 | TEMPLOG : WellhouseOne | 107.600
2017-01-31 19:59:36 | TEMPLOG : WellhouseOne | 112.100
2017-01-31 20:00:37 | TEMPLOG : WellhouseOne | 087.800
2017-01-31 20:00:37 | TEMPLOG : Bio   Filter | 047.300
2017-01-31 20:00:37 | TEMPLOG : To   GeoLoop | 051.800
2017-01-31 20:00:38 | TEMPLOG : Table    One | 047.300
2017-01-31 20:01:38 | TEMPLOG : WellhouseOne | 078.800
2017-01-31 20:02:39 | TEMPLOG : WellhouseOne | 072.500
2017-01-31 20:03:40 | TEMPLOG : WellhouseOne | 069.800
2017-01-31 20:04:41 | TEMPLOG : WellhouseOne | 067.100
2017-01-31 20:04:42 | TEMPLOG : Table    One | 048.200
2017-01-31 20:05:43 | TEMPLOG : WellhouseOne | 066.200
2017-01-31 20:06:45 | TEMPLOG : WellhouseOne | 064.400
2017-01-31 20:07:46 | TEMPLOG : WellhouseOne | 062.600
2017-01-31 20:09:48 | TEMPLOG : WellhouseOne | 061.700
2017-01-31 20:10:49 | TEMPLOG : WellhouseOne | 060.800
2017-01-31 20:12:51 | TEMPLOG : WellhouseOne | 059.900
2017-01-31 20:14:54 | TEMPLOG : WellhouseOne | 059.000
2017-01-31 20:17:57 | TEMPLOG : WellhouseOne | 058.100
2017-01-31 20:19:59 | TEMPLOG : Table    One | 047.300
2017-01-31 20:22:00 | TEMPLOG : WellhouseOne | 057.200
2017-01-31 20:28:09 | TEMPLOG : WellhouseOne | 056.300
2017-01-31 20:33:15 | TEMPLOG : WellhouseOne | 055.400
2017-01-31 20:40:27 | TEMPLOG : WellhouseOne | 113.000
2017-01-31 20:41:29 | TEMPLOG : WellhouseOne | 110.300
2017-01-31 20:42:29 | TEMPLOG : WellhouseOne | 085.100
2017-01-31 20:43:30 | TEMPLOG : WellhouseOne | 077.000
2017-01-31 20:44:31 | TEMPLOG : WellhouseOne | 071.600
2017-01-31 20:45:32 | TEMPLOG : WellhouseOne | 068.000
2017-01-31 20:46:34 | TEMPLOG : WellhouseOne | 066.200
2017-01-31 20:47:34 | TEMPLOG : WellhouseOne | 064.400
2017-01-31 20:47:35 | TEMPLOG : Bio   Filter | 046.400
2017-01-31 20:48:37 | TEMPLOG : WellhouseOne | 062.600
2017-01-31 20:48:37 | TEMPLOG : Bio   Filter | 047.300
2017-01-31 20:49:38 | TEMPLOG : WellhouseOne | 061.700
2017-01-31 20:49:38 | TEMPLOG : To   GeoLoop | 050.900
2017-01-31 20:50:39 | TEMPLOG : Bio   Filter | 046.400
2017-01-31 20:51:40 | TEMPLOG : WellhouseOne | 059.900
2017-01-31 20:54:43 | TEMPLOG : WellhouseOne | 059.000
2017-01-31 20:56:45 | TEMPLOG : WellhouseOne | 058.100
2017-01-31 20:58:48 | TEMPLOG : WellhouseOne | 057.200
2017-01-31 20:58:48 | TEMPLOG : Table    One | 046.400
2017-01-31 21:00:50 | TEMPLOG : WellhouseOne | 057.200
2017-01-31 21:00:50 | TEMPLOG : Bio   Filter | 046.400
2017-01-31 21:00:50 | TEMPLOG : To   GeoLoop | 050.900
2017-01-31 21:00:50 | TEMPLOG : Table    One | 046.400
2017-01-31 21:04:54 | TEMPLOG : WellhouseOne | 056.300
2017-01-31 21:04:54 | TEMPLOG : Bio   Filter | 045.500
2017-01-31 21:06:56 | TEMPLOG : Bio   Filter | 046.400
2017-01-31 21:07:57 | TEMPLOG : WellhouseOne | 055.400
2017-01-31 21:07:57 | TEMPLOG : Bio   Filter | 045.500
2017-01-31 21:08:59 | TEMPLOG : Table    One | 045.500
2017-01-31 21:09:59 | TEMPLOG : WellhouseOne | 054.500
2017-01-31 21:10:00 | TEMPLOG : Table    One | 046.400
2017-01-31 21:11:02 | TEMPLOG : Table    One | 045.500
2017-01-31 21:13:04 | TEMPLOG : WellhouseOne | 053.600
2017-01-31 21:15:06 | TEMPLOG : WellhouseOne | 052.700
2017-01-31 21:15:07 | TEMPLOG : Bio   Filter | 044.600
2017-01-31 21:17:10 | TEMPLOG : WellhouseOne | 091.400
2017-01-31 21:18:11 | TEMPLOG : WellhouseOne | 124.700
2017-01-31 21:18:12 | TEMPLOG : Table    One | 044.600
2017-01-31 21:19:12 | TEMPLOG : WellhouseOne | 090.500
2017-01-31 21:20:14 | TEMPLOG : WellhouseOne | 076.100
2017-01-31 21:21:16 | TEMPLOG : WellhouseOne | 068.900
2017-01-31 21:22:17 | TEMPLOG : WellhouseOne | 064.400
2017-01-31 21:23:19 | TEMPLOG : WellhouseOne | 061.700
2017-01-31 21:24:21 | TEMPLOG : WellhouseOne | 059.900
2017-01-31 21:25:22 | TEMPLOG : WellhouseOne | 059.000
2017-01-31 21:26:23 | TEMPLOG : WellhouseOne | 057.200
2017-01-31 21:27:25 | TEMPLOG : WellhouseOne | 056.300
2017-01-31 21:28:27 | TEMPLOG : WellhouseOne | 055.400
2017-01-31 21:28:27 | TEMPLOG : Bio   Filter | 043.700
2017-01-31 21:29:28 | TEMPLOG : WellhouseOne | 053.600
2017-01-31 21:32:32 | TEMPLOG : WellhouseOne | 052.700
2017-01-31 21:32:33 | TEMPLOG : To   GeoLoop | 050.000
2017-01-31 21:33:33 | TEMPLOG : WellhouseOne | 051.800
2017-01-31 21:33:33 | TEMPLOG : To   GeoLoop | 050.900
2017-01-31 21:34:35 | TEMPLOG : WellhouseOne | 050.900
2017-01-31 21:35:37 | TEMPLOG : To   GeoLoop | 050.000
2017-01-31 21:36:37 | TEMPLOG : WellhouseOne | 050.000
2017-01-31 21:37:39 | TEMPLOG : WellhouseOne | 049.100
2017-01-31 21:37:40 | TEMPLOG : Table    One | 043.700
2017-01-31 21:44:47 | TEMPLOG : WellhouseOne | 048.200
2017-01-31 21:47:52 | TEMPLOG : Bio   Filter | 042.800
2017-01-31 21:48:52 | TEMPLOG : WellhouseOne | 098.600
2017-01-31 21:48:53 | TEMPLOG : Bio   Filter | 043.700
2017-01-31 21:49:53 | TEMPLOG : WellhouseOne | 124.700
2017-01-31 21:49:53 | TEMPLOG : Bio   Filter | 042.800
2017-01-31 21:50:54 | TEMPLOG : WellhouseOne | 091.400
2017-01-31 21:51:55 | TEMPLOG : WellhouseOne | 075.200
2017-01-31 21:52:57 | TEMPLOG : WellhouseOne | 069.800
2017-01-31 21:53:58 | TEMPLOG : WellhouseOne | 064.400
2017-01-31 21:55:00 | TEMPLOG : WellhouseOne | 061.700
2017-01-31 21:56:01 | TEMPLOG : WellhouseOne | 059.900
2017-01-31 21:57:03 | TEMPLOG : WellhouseOne | 058.100
2017-01-31 21:57:04 | TEMPLOG : Table    One | 042.800
2017-01-31 21:58:04 | TEMPLOG : WellhouseOne | 057.200
2017-01-31 21:59:05 | TEMPLOG : WellhouseOne | 055.400
2017-01-31 22:00:06 | TEMPLOG : WellhouseOne | 054.500
2017-01-31 22:00:06 | TEMPLOG : Bio   Filter | 042.800
2017-01-31 22:00:07 | TEMPLOG : To   GeoLoop | 050.000
2017-01-31 22:00:07 | TEMPLOG : Table    One | 042.800
2017-01-31 22:01:07 | TEMPLOG : WellhouseOne | 052.700
2017-01-31 22:03:10 | TEMPLOG : WellhouseOne | 051.800
2017-01-31 22:05:13 | TEMPLOG : WellhouseOne | 050.900
2017-01-31 22:07:15 | TEMPLOG : WellhouseOne | 050.000
2017-01-31 22:10:19 | TEMPLOG : WellhouseOne | 049.100
2017-01-31 22:10:19 | TEMPLOG : Bio   Filter | 041.900
2017-01-31 22:14:24 | TEMPLOG : Bio   Filter | 042.800
2017-01-31 22:16:26 | TEMPLOG : WellhouseOne | 048.200
2017-01-31 22:16:27 | TEMPLOG : Bio   Filter | 041.900
2017-01-31 22:18:30 | TEMPLOG : WellhouseOne | 047.300
2017-01-31 22:19:31 | TEMPLOG : WellhouseOne | 064.400
2017-01-31 22:20:33 | TEMPLOG : WellhouseOne | 114.800
2017-01-31 22:20:34 | TEMPLOG : Table    One | 041.900
2017-01-31 22:21:34 | TEMPLOG : WellhouseOne | 122.000
2017-01-31 22:22:36 | TEMPLOG : WellhouseOne | 086.000
2017-01-31 22:23:37 | TEMPLOG : WellhouseOne | 074.300
2017-01-31 22:24:39 | TEMPLOG : WellhouseOne | 068.000
2017-01-31 22:25:40 | TEMPLOG : WellhouseOne | 063.500
2017-01-31 22:26:41 | TEMPLOG : WellhouseOne | 060.800
2017-01-31 22:27:43 | TEMPLOG : WellhouseOne | 059.000
2017-01-31 22:28:44 | TEMPLOG : WellhouseOne | 057.200
2017-01-31 22:28:44 | TEMPLOG : To   GeoLoop | 049.100
2017-01-31 22:29:45 | TEMPLOG : WellhouseOne | 056.300
2017-01-31 22:30:46 | TEMPLOG : WellhouseOne | 054.500
2017-01-31 22:31:48 | TEMPLOG : WellhouseOne | 053.600
2017-01-31 22:31:48 | TEMPLOG : To   GeoLoop | 050.000
2017-01-31 22:32:49 | TEMPLOG : WellhouseOne | 052.700
2017-01-31 22:32:49 | TEMPLOG : To   GeoLoop | 049.100
2017-01-31 22:34:52 | TEMPLOG : WellhouseOne | 050.900
2017-01-31 22:36:54 | TEMPLOG : WellhouseOne | 050.000
2017-01-31 22:37:55 | TEMPLOG : WellhouseOne | 049.100
2017-01-31 22:38:56 | TEMPLOG : Bio   Filter | 041.000
2017-01-31 22:39:56 | TEMPLOG : WellhouseOne | 048.200
2017-01-31 22:44:01 | TEMPLOG : Table    One | 041.000
2017-01-31 22:45:02 | TEMPLOG : Table    One | 041.900
2017-01-31 22:47:03 | TEMPLOG : WellhouseOne | 047.300
2017-01-31 22:47:04 | TEMPLOG : Table    One | 041.000
2017-01-31 22:50:05 | TEMPLOG : WellhouseOne | 081.500
2017-01-31 22:51:06 | TEMPLOG : WellhouseOne | 116.600
2017-01-31 22:52:07 | TEMPLOG : WellhouseOne | 130.100
2017-01-31 22:53:09 | TEMPLOG : WellhouseOne | 089.600
2017-01-31 22:54:10 | TEMPLOG : WellhouseOne | 076.100
2017-01-31 22:55:12 | TEMPLOG : WellhouseOne | 068.900
2017-01-31 22:56:14 | TEMPLOG : WellhouseOne | 064.400
2017-01-31 22:57:14 | TEMPLOG : WellhouseOne | 060.800
2017-01-31 22:58:15 | TEMPLOG : WellhouseOne | 059.000
2017-01-31 22:59:16 | TEMPLOG : WellhouseOne | 057.200
2017-01-31 23:00:18 | TEMPLOG : WellhouseOne | 055.400
2017-01-31 23:00:18 | TEMPLOG : Bio   Filter | 041.000
2017-01-31 23:00:19 | TEMPLOG : To   GeoLoop | 049.100
2017-01-31 23:00:19 | TEMPLOG : Table    One | 041.000
2017-01-31 23:01:19 | TEMPLOG : WellhouseOne | 054.500
2017-01-31 23:02:21 | TEMPLOG : WellhouseOne | 053.600
2017-01-31 23:03:22 | TEMPLOG : WellhouseOne | 052.700
2017-01-31 23:04:23 | TEMPLOG : WellhouseOne | 051.800
2017-01-31 23:05:24 | TEMPLOG : WellhouseOne | 050.900
2017-01-31 23:07:26 | TEMPLOG : WellhouseOne | 050.000
2017-01-31 23:08:27 | TEMPLOG : WellhouseOne | 049.100
2017-01-31 23:08:29 | TEMPLOG : Bio   Filter | 040.100
2017-01-31 23:09:30 | TEMPLOG : Bio   Filter | 041.000
2017-01-31 23:10:31 | TEMPLOG : Bio   Filter | 040.100
2017-01-31 23:11:32 | TEMPLOG : WellhouseOne | 048.200
2017-01-31 23:14:37 | TEMPLOG : WellhouseOne | 047.300
2017-01-31 23:14:38 | TEMPLOG : Bio   Filter | 041.000
2017-01-31 23:15:38 | TEMPLOG : Bio   Filter | 040.100
2017-01-31 23:16:39 | TEMPLOG : Bio   Filter | 041.000
2017-01-31 23:17:40 | TEMPLOG : WellhouseOne | 046.400
2017-01-31 23:18:42 | TEMPLOG : Bio   Filter | 040.100
2017-01-31 23:20:43 | TEMPLOG : WellhouseOne | 101.300
2017-01-31 23:21:45 | TEMPLOG : WellhouseOne | 122.900
2017-01-31 23:22:46 | TEMPLOG : WellhouseOne | 099.500
2017-01-31 23:23:48 | TEMPLOG : WellhouseOne | 080.600
2017-01-31 23:24:49 | TEMPLOG : WellhouseOne | 071.600
2017-01-31 23:25:50 | TEMPLOG : WellhouseOne | 066.200
2017-01-31 23:25:52 | TEMPLOG : Table    One | 040.100
2017-01-31 23:26:53 | TEMPLOG : WellhouseOne | 061.700
2017-01-31 23:26:53 | TEMPLOG : Table    One | 041.000
2017-01-31 23:27:55 | TEMPLOG : WellhouseOne | 059.000
2017-01-31 23:27:56 | TEMPLOG : Table    One | 040.100
2017-01-31 23:28:56 | TEMPLOG : WellhouseOne | 056.300
2017-01-31 23:29:58 | TEMPLOG : WellhouseOne | 054.500
2017-01-31 23:30:59 | TEMPLOG : WellhouseOne | 053.600
2017-01-31 23:31:00 | TEMPLOG : To   GeoLoop | 048.200
2017-01-31 23:32:00 | TEMPLOG : WellhouseOne | 052.700
2017-01-31 23:32:00 | TEMPLOG : To   GeoLoop | 049.100
2017-01-31 23:33:01 | TEMPLOG : WellhouseOne | 050.900
2017-01-31 23:34:02 | TEMPLOG : WellhouseOne | 050.000
2017-01-31 23:36:07 | TEMPLOG : WellhouseOne | 049.100
2017-01-31 23:36:07 | TEMPLOG : To   GeoLoop | 048.200
2017-01-31 23:38:09 | TEMPLOG : WellhouseOne | 048.200
2017-01-31 23:41:12 | TEMPLOG : To   GeoLoop | 049.100
2017-01-31 23:42:13 | TEMPLOG : WellhouseOne | 047.300
2017-01-31 23:42:13 | TEMPLOG : To   GeoLoop | 048.200
2017-01-31 23:45:16 | TEMPLOG : WellhouseOne | 046.400
2017-01-31 23:46:17 | TEMPLOG : WellhouseOne | 045.500
2017-01-31 23:47:18 | TEMPLOG : WellhouseOne | 044.600
2017-01-31 23:48:19 | TEMPLOG : WellhouseOne | 045.500
2017-01-31 23:49:21 | TEMPLOG : WellhouseOne | 065.300
2017-01-31 23:50:22 | TEMPLOG : WellhouseOne | 111.200
2017-01-31 23:51:22 | TEMPLOG : WellhouseOne | 125.600
2017-01-31 23:51:23 | TEMPLOG : Bio   Filter | 039.200
2017-01-31 23:52:24 | TEMPLOG : WellhouseOne | 095.900
2017-01-31 23:53:25 | TEMPLOG : WellhouseOne | 081.500
2017-01-31 23:54:27 | TEMPLOG : WellhouseOne | 072.500
2017-01-31 23:55:29 | TEMPLOG : WellhouseOne | 067.100
2017-01-31 23:55:29 | TEMPLOG : Bio   Filter | 040.100
2017-01-31 23:56:29 | TEMPLOG : WellhouseOne | 062.600
2017-01-31 23:56:29 | TEMPLOG : Bio   Filter | 039.200
2017-01-31 23:57:30 | TEMPLOG : WellhouseOne | 059.000
2017-01-31 23:58:32 | TEMPLOG : WellhouseOne | 056.300
2017-01-31 23:59:32 | TEMPLOG : WellhouseOne | 055.400
