2017-02-11 00:00:49 | TEMPLOG : WellhouseOne | 108.500
2017-02-11 00:00:49 | TEMPLOG : Bio   Filter | 047.300
2017-02-11 00:00:49 | TEMPLOG : To   GeoLoop | 057.200
2017-02-11 00:00:49 | TEMPLOG : Table    One | 047.300
2017-02-11 00:01:49 | TEMPLOG : WellhouseOne | 086.900
2017-02-11 00:02:50 | TEMPLOG : WellhouseOne | 079.700
2017-02-11 00:03:51 | TEMPLOG : WellhouseOne | 074.300
2017-02-11 00:04:52 | TEMPLOG : WellhouseOne | 071.600
2017-02-11 00:05:54 | TEMPLOG : WellhouseOne | 069.800
2017-02-11 00:06:56 | TEMPLOG : WellhouseOne | 067.100
2017-02-11 00:07:57 | TEMPLOG : WellhouseOne | 066.200
2017-02-11 00:08:58 | TEMPLOG : WellhouseOne | 065.300
2017-02-11 00:09:59 | TEMPLOG : WellhouseOne | 064.400
2017-02-11 00:11:01 | TEMPLOG : WellhouseOne | 063.500
2017-02-11 00:12:02 | TEMPLOG : WellhouseOne | 062.600
2017-02-11 00:14:06 | TEMPLOG : WellhouseOne | 061.700
2017-02-11 00:16:07 | TEMPLOG : WellhouseOne | 060.800
2017-02-11 00:19:12 | TEMPLOG : WellhouseOne | 059.900
2017-02-11 00:22:16 | TEMPLOG : WellhouseOne | 059.000
2017-02-11 00:29:24 | TEMPLOG : WellhouseOne | 058.100
2017-02-11 00:36:36 | TEMPLOG : WellhouseOne | 057.200
2017-02-11 00:44:46 | TEMPLOG : WellhouseOne | 112.100
2017-02-11 00:45:47 | TEMPLOG : WellhouseOne | 110.300
2017-02-11 00:46:48 | TEMPLOG : WellhouseOne | 086.900
2017-02-11 00:47:49 | TEMPLOG : WellhouseOne | 077.900
2017-02-11 00:48:51 | TEMPLOG : WellhouseOne | 074.300
2017-02-11 00:49:52 | TEMPLOG : WellhouseOne | 070.700
2017-02-11 00:50:55 | TEMPLOG : WellhouseOne | 068.000
2017-02-11 00:51:56 | TEMPLOG : WellhouseOne | 066.200
2017-02-11 00:52:58 | TEMPLOG : WellhouseOne | 065.300
2017-02-11 00:53:59 | TEMPLOG : WellhouseOne | 063.500
2017-02-11 00:55:01 | TEMPLOG : WellhouseOne | 062.600
2017-02-11 00:55:02 | TEMPLOG : To   GeoLoop | 056.300
2017-02-11 00:56:02 | TEMPLOG : WellhouseOne | 061.700
2017-02-11 00:56:03 | TEMPLOG : To   GeoLoop | 057.200
2017-02-11 00:58:06 | TEMPLOG : WellhouseOne | 060.800
2017-02-11 00:58:06 | TEMPLOG : To   GeoLoop | 056.300
2017-02-11 00:59:08 | TEMPLOG : To   GeoLoop | 057.200
2017-02-11 01:00:08 | TEMPLOG : WellhouseOne | 060.800
2017-02-11 01:00:08 | TEMPLOG : Bio   Filter | 047.300
2017-02-11 01:00:09 | TEMPLOG : To   GeoLoop | 057.200
2017-02-11 01:00:09 | TEMPLOG : Table    One | 047.300
2017-02-11 01:01:10 | TEMPLOG : WellhouseOne | 059.900
2017-02-11 01:01:10 | TEMPLOG : To   GeoLoop | 056.300
2017-02-11 01:04:14 | TEMPLOG : To   GeoLoop | 057.200
2017-02-11 01:05:15 | TEMPLOG : WellhouseOne | 059.000
2017-02-11 01:05:16 | TEMPLOG : To   GeoLoop | 056.300
2017-02-11 01:08:18 | TEMPLOG : WellhouseOne | 058.100
2017-02-11 01:09:19 | TEMPLOG : WellhouseOne | 059.000
2017-02-11 01:10:20 | TEMPLOG : WellhouseOne | 058.100
2017-02-11 01:12:23 | TEMPLOG : Table    One | 046.400
2017-02-11 01:13:24 | TEMPLOG : Table    One | 047.300
2017-02-11 01:14:24 | TEMPLOG : WellhouseOne | 057.200
2017-02-11 01:14:25 | TEMPLOG : Table    One | 046.400
2017-02-11 01:23:36 | TEMPLOG : Bio   Filter | 046.400
2017-02-11 01:24:37 | TEMPLOG : Bio   Filter | 047.300
2017-02-11 01:25:38 | TEMPLOG : WellhouseOne | 056.300
2017-02-11 01:25:38 | TEMPLOG : Bio   Filter | 046.400
2017-02-11 01:28:43 | TEMPLOG : WellhouseOne | 071.600
2017-02-11 01:29:44 | TEMPLOG : WellhouseOne | 122.000
2017-02-11 01:30:45 | TEMPLOG : WellhouseOne | 095.000
2017-02-11 01:31:47 | TEMPLOG : WellhouseOne | 081.500
2017-02-11 01:32:48 | TEMPLOG : WellhouseOne | 074.300
2017-02-11 01:33:49 | TEMPLOG : WellhouseOne | 070.700
2017-02-11 01:34:51 | TEMPLOG : WellhouseOne | 068.000
2017-02-11 01:35:52 | TEMPLOG : WellhouseOne | 066.200
2017-02-11 01:36:54 | TEMPLOG : WellhouseOne | 064.400
2017-02-11 01:37:55 | TEMPLOG : Bio   Filter | 047.300
2017-02-11 01:38:57 | TEMPLOG : WellhouseOne | 062.600
2017-02-11 01:39:58 | TEMPLOG : WellhouseOne | 061.700
2017-02-11 01:42:01 | TEMPLOG : WellhouseOne | 060.800
2017-02-11 01:44:03 | TEMPLOG : WellhouseOne | 059.900
2017-02-11 01:46:05 | TEMPLOG : WellhouseOne | 059.000
2017-02-11 01:50:10 | TEMPLOG : WellhouseOne | 058.100
2017-02-11 01:54:15 | TEMPLOG : WellhouseOne | 057.200
2017-02-11 01:54:15 | TEMPLOG : Bio   Filter | 046.400
2017-02-11 01:59:20 | TEMPLOG : WellhouseOne | 056.300
2017-02-11 01:59:20 | TEMPLOG : Bio   Filter | 047.300
2017-02-11 02:00:22 | TEMPLOG : WellhouseOne | 056.300
2017-02-11 02:00:22 | TEMPLOG : Bio   Filter | 047.300
2017-02-11 02:00:22 | TEMPLOG : To   GeoLoop | 056.300
2017-02-11 02:00:23 | TEMPLOG : Table    One | 046.400
2017-02-11 02:11:35 | TEMPLOG : WellhouseOne | 087.800
2017-02-11 02:12:37 | TEMPLOG : WellhouseOne | 124.700
2017-02-11 02:13:38 | TEMPLOG : WellhouseOne | 093.200
2017-02-11 02:14:39 | TEMPLOG : WellhouseOne | 080.600
2017-02-11 02:15:41 | TEMPLOG : WellhouseOne | 075.200
2017-02-11 02:16:42 | TEMPLOG : WellhouseOne | 071.600
2017-02-11 02:17:44 | TEMPLOG : WellhouseOne | 068.900
2017-02-11 02:18:46 | TEMPLOG : WellhouseOne | 067.100
2017-02-11 02:19:47 | TEMPLOG : WellhouseOne | 065.300
2017-02-11 02:19:47 | TEMPLOG : Bio   Filter | 046.400
2017-02-11 02:20:49 | TEMPLOG : WellhouseOne | 064.400
2017-02-11 02:21:49 | TEMPLOG : WellhouseOne | 062.600
2017-02-11 02:22:51 | TEMPLOG : WellhouseOne | 061.700
2017-02-11 02:23:51 | TEMPLOG : WellhouseOne | 060.800
2017-02-11 02:25:53 | TEMPLOG : WellhouseOne | 059.900
2017-02-11 02:27:56 | TEMPLOG : WellhouseOne | 059.000
2017-02-11 02:29:58 | TEMPLOG : WellhouseOne | 058.100
2017-02-11 02:34:05 | TEMPLOG : WellhouseOne | 057.200
2017-02-11 02:38:10 | TEMPLOG : To   GeoLoop | 055.400
2017-02-11 02:39:12 | TEMPLOG : To   GeoLoop | 056.300
2017-02-11 02:40:13 | TEMPLOG : WellhouseOne | 056.300
2017-02-11 02:40:14 | TEMPLOG : To   GeoLoop | 055.400
2017-02-11 02:43:17 | TEMPLOG : Table    One | 045.500
2017-02-11 02:46:20 | TEMPLOG : WellhouseOne | 055.400
2017-02-11 02:49:25 | TEMPLOG : Bio   Filter | 045.500
2017-02-11 02:53:31 | TEMPLOG : WellhouseOne | 112.100
2017-02-11 02:54:32 | TEMPLOG : WellhouseOne | 111.200
2017-02-11 02:55:33 | TEMPLOG : WellhouseOne | 085.100
2017-02-11 02:56:34 | TEMPLOG : WellhouseOne | 077.000
2017-02-11 02:57:35 | TEMPLOG : WellhouseOne | 072.500
2017-02-11 02:58:36 | TEMPLOG : WellhouseOne | 068.900
2017-02-11 02:59:37 | TEMPLOG : WellhouseOne | 065.300
2017-02-11 03:00:38 | TEMPLOG : WellhouseOne | 064.400
2017-02-11 03:00:38 | TEMPLOG : Bio   Filter | 045.500
2017-02-11 03:00:39 | TEMPLOG : To   GeoLoop | 055.400
2017-02-11 03:00:39 | TEMPLOG : Table    One | 045.500
2017-02-11 03:01:40 | TEMPLOG : WellhouseOne | 062.600
2017-02-11 03:02:41 | TEMPLOG : WellhouseOne | 061.700
2017-02-11 03:03:43 | TEMPLOG : WellhouseOne | 060.800
2017-02-11 03:04:45 | TEMPLOG : WellhouseOne | 059.900
2017-02-11 03:06:50 | TEMPLOG : WellhouseOne | 059.000
2017-02-11 03:08:52 | TEMPLOG : WellhouseOne | 058.100
2017-02-11 03:11:56 | TEMPLOG : WellhouseOne | 057.200
2017-02-11 03:14:59 | TEMPLOG : WellhouseOne | 056.300
2017-02-11 03:18:02 | TEMPLOG : Bio   Filter | 046.400
2017-02-11 03:19:03 | TEMPLOG : Bio   Filter | 045.500
2017-02-11 03:21:05 | TEMPLOG : WellhouseOne | 055.400
2017-02-11 03:24:09 | TEMPLOG : Bio   Filter | 046.400
2017-02-11 03:26:12 | TEMPLOG : WellhouseOne | 054.500
2017-02-11 03:27:14 | TEMPLOG : Table    One | 046.400
2017-02-11 03:32:18 | TEMPLOG : WellhouseOne | 073.400
2017-02-11 03:33:20 | TEMPLOG : WellhouseOne | 117.500
2017-02-11 03:34:21 | TEMPLOG : WellhouseOne | 104.900
2017-02-11 03:35:22 | TEMPLOG : WellhouseOne | 085.100
2017-02-11 03:36:24 | TEMPLOG : WellhouseOne | 077.900
2017-02-11 03:37:24 | TEMPLOG : WellhouseOne | 072.500
2017-02-11 03:38:25 | TEMPLOG : WellhouseOne | 068.900
2017-02-11 03:39:27 | TEMPLOG : WellhouseOne | 066.200
2017-02-11 03:39:27 | TEMPLOG : Bio   Filter | 047.300
2017-02-11 03:40:28 | TEMPLOG : WellhouseOne | 064.400
2017-02-11 03:41:29 | TEMPLOG : WellhouseOne | 063.500
2017-02-11 03:41:29 | TEMPLOG : Bio   Filter | 046.400
2017-02-11 03:42:30 | TEMPLOG : WellhouseOne | 062.600
2017-02-11 03:42:30 | TEMPLOG : Bio   Filter | 047.300
2017-02-11 03:43:32 | TEMPLOG : WellhouseOne | 061.700
2017-02-11 03:43:32 | TEMPLOG : Bio   Filter | 046.400
2017-02-11 03:44:33 | TEMPLOG : WellhouseOne | 060.800
2017-02-11 03:45:34 | TEMPLOG : WellhouseOne | 059.900
2017-02-11 03:47:36 | TEMPLOG : WellhouseOne | 059.000
2017-02-11 03:49:38 | TEMPLOG : WellhouseOne | 058.100
2017-02-11 03:51:40 | TEMPLOG : WellhouseOne | 057.200
2017-02-11 03:54:44 | TEMPLOG : WellhouseOne | 056.300
2017-02-11 04:00:52 | TEMPLOG : WellhouseOne | 055.400
2017-02-11 04:00:52 | TEMPLOG : Bio   Filter | 046.400
2017-02-11 04:00:52 | TEMPLOG : To   GeoLoop | 055.400
2017-02-11 04:00:53 | TEMPLOG : Table    One | 046.400
2017-02-11 04:05:57 | TEMPLOG : Bio   Filter | 047.300
2017-02-11 04:10:02 | TEMPLOG : WellhouseOne | 054.500
2017-02-11 04:12:05 | TEMPLOG : WellhouseOne | 095.000
2017-02-11 04:13:07 | TEMPLOG : WellhouseOne | 123.800
2017-02-11 04:14:09 | TEMPLOG : WellhouseOne | 095.900
2017-02-11 04:14:09 | TEMPLOG : Bio   Filter | 046.400
2017-02-11 04:15:10 | TEMPLOG : WellhouseOne | 083.300
2017-02-11 04:16:12 | TEMPLOG : WellhouseOne | 076.100
2017-02-11 04:17:14 | TEMPLOG : WellhouseOne | 071.600
2017-02-11 04:18:17 | TEMPLOG : WellhouseOne | 068.900
2017-02-11 04:19:18 | TEMPLOG : WellhouseOne | 066.200
2017-02-11 04:20:19 | TEMPLOG : WellhouseOne | 064.400
2017-02-11 04:21:21 | TEMPLOG : WellhouseOne | 063.500
2017-02-11 04:22:23 | TEMPLOG : WellhouseOne | 061.700
2017-02-11 04:23:23 | TEMPLOG : WellhouseOne | 060.800
2017-02-11 04:25:26 | TEMPLOG : WellhouseOne | 059.900
2017-02-11 04:26:28 | TEMPLOG : WellhouseOne | 059.000
2017-02-11 04:28:31 | TEMPLOG : WellhouseOne | 058.100
2017-02-11 04:31:34 | TEMPLOG : WellhouseOne | 057.200
2017-02-11 04:35:40 | TEMPLOG : WellhouseOne | 056.300
2017-02-11 04:36:42 | TEMPLOG : Table    One | 045.500
2017-02-11 04:39:45 | TEMPLOG : Bio   Filter | 045.500
2017-02-11 04:40:46 | TEMPLOG : WellhouseOne | 055.400
2017-02-11 04:40:46 | TEMPLOG : To   GeoLoop | 054.500
2017-02-11 04:46:54 | TEMPLOG : Table    One | 044.600
2017-02-11 04:49:57 | TEMPLOG : WellhouseOne | 054.500
2017-02-11 04:51:59 | TEMPLOG : WellhouseOne | 083.300
2017-02-11 04:52:59 | TEMPLOG : WellhouseOne | 122.900
2017-02-11 04:54:00 | TEMPLOG : WellhouseOne | 095.900
2017-02-11 04:54:00 | TEMPLOG : Bio   Filter | 044.600
2017-02-11 04:55:01 | TEMPLOG : WellhouseOne | 081.500
2017-02-11 04:56:02 | TEMPLOG : WellhouseOne | 075.200
2017-02-11 04:57:03 | TEMPLOG : WellhouseOne | 070.700
2017-02-11 04:58:04 | TEMPLOG : WellhouseOne | 068.000
2017-02-11 04:59:05 | TEMPLOG : WellhouseOne | 066.200
2017-02-11 05:00:06 | TEMPLOG : WellhouseOne | 063.500
2017-02-11 05:00:06 | TEMPLOG : Bio   Filter | 044.600
2017-02-11 05:00:07 | TEMPLOG : To   GeoLoop | 054.500
2017-02-11 05:00:07 | TEMPLOG : Table    One | 043.700
2017-02-11 05:01:07 | TEMPLOG : WellhouseOne | 062.600
2017-02-11 05:01:08 | TEMPLOG : Table    One | 044.600
2017-02-11 05:02:08 | TEMPLOG : WellhouseOne | 061.700
2017-02-11 05:02:09 | TEMPLOG : Table    One | 043.700
2017-02-11 05:03:10 | TEMPLOG : WellhouseOne | 060.800
2017-02-11 05:04:11 | TEMPLOG : WellhouseOne | 059.900
2017-02-11 05:05:12 | TEMPLOG : Table    One | 044.600
2017-02-11 05:06:13 | TEMPLOG : WellhouseOne | 059.000
2017-02-11 05:08:16 | TEMPLOG : WellhouseOne | 058.100
2017-02-11 05:11:19 | TEMPLOG : WellhouseOne | 057.200
2017-02-11 05:15:24 | TEMPLOG : WellhouseOne | 056.300
2017-02-11 05:17:27 | TEMPLOG : Table    One | 043.700
2017-02-11 05:20:30 | TEMPLOG : WellhouseOne | 055.400
2017-02-11 05:26:37 | TEMPLOG : WellhouseOne | 054.500
2017-02-11 05:30:42 | TEMPLOG : Table    One | 044.600
2017-02-11 05:31:43 | TEMPLOG : WellhouseOne | 101.300
2017-02-11 05:32:44 | TEMPLOG : WellhouseOne | 127.400
2017-02-11 05:33:45 | TEMPLOG : WellhouseOne | 089.600
2017-02-11 05:34:45 | TEMPLOG : WellhouseOne | 078.800
2017-02-11 05:35:47 | TEMPLOG : WellhouseOne | 073.400
2017-02-11 05:36:48 | TEMPLOG : WellhouseOne | 069.800
2017-02-11 05:37:49 | TEMPLOG : WellhouseOne | 066.200
2017-02-11 05:38:50 | TEMPLOG : WellhouseOne | 064.400
2017-02-11 05:39:51 | TEMPLOG : WellhouseOne | 063.500
2017-02-11 05:40:53 | TEMPLOG : WellhouseOne | 061.700
2017-02-11 05:41:53 | TEMPLOG : WellhouseOne | 060.800
2017-02-11 05:42:54 | TEMPLOG : WellhouseOne | 059.900
2017-02-11 05:43:56 | TEMPLOG : To   GeoLoop | 053.600
2017-02-11 05:44:56 | TEMPLOG : WellhouseOne | 059.000
2017-02-11 05:44:57 | TEMPLOG : To   GeoLoop | 054.500
2017-02-11 05:44:58 | TEMPLOG : Table    One | 043.700
2017-02-11 05:46:59 | TEMPLOG : WellhouseOne | 058.100
2017-02-11 05:48:01 | TEMPLOG : Table    One | 044.600
2017-02-11 05:49:02 | TEMPLOG : WellhouseOne | 057.200
2017-02-11 05:54:10 | TEMPLOG : WellhouseOne | 056.300
2017-02-11 05:58:18 | TEMPLOG : Bio   Filter | 045.500
2017-02-11 05:59:18 | TEMPLOG : WellhouseOne | 055.400
2017-02-11 05:59:19 | TEMPLOG : Bio   Filter | 044.600
2017-02-11 06:00:19 | TEMPLOG : WellhouseOne | 055.400
2017-02-11 06:00:20 | TEMPLOG : Bio   Filter | 045.500
2017-02-11 06:00:20 | TEMPLOG : To   GeoLoop | 054.500
2017-02-11 06:00:20 | TEMPLOG : Table    One | 044.600
2017-02-11 06:04:26 | TEMPLOG : To   GeoLoop | 053.600
2017-02-11 06:05:26 | TEMPLOG : WellhouseOne | 054.500
2017-02-11 06:05:27 | TEMPLOG : To   GeoLoop | 054.500
2017-02-11 06:06:27 | TEMPLOG : Bio   Filter | 044.600
2017-02-11 06:06:28 | TEMPLOG : To   GeoLoop | 053.600
2017-02-11 06:07:29 | TEMPLOG : Bio   Filter | 045.500
2017-02-11 06:08:30 | TEMPLOG : Bio   Filter | 044.600
2017-02-11 06:10:34 | TEMPLOG : WellhouseOne | 084.200
2017-02-11 06:11:35 | TEMPLOG : WellhouseOne | 123.800
2017-02-11 06:12:37 | TEMPLOG : WellhouseOne | 095.900
2017-02-11 06:13:37 | TEMPLOG : WellhouseOne | 079.700
2017-02-11 06:14:38 | TEMPLOG : WellhouseOne | 073.400
2017-02-11 06:14:39 | TEMPLOG : Table    One | 043.700
2017-02-11 06:15:40 | TEMPLOG : WellhouseOne | 068.900
2017-02-11 06:16:41 | TEMPLOG : WellhouseOne | 066.200
2017-02-11 06:17:42 | TEMPLOG : WellhouseOne | 063.500
2017-02-11 06:18:44 | TEMPLOG : WellhouseOne | 062.600
2017-02-11 06:19:45 | TEMPLOG : WellhouseOne | 059.900
2017-02-11 06:20:47 | TEMPLOG : WellhouseOne | 059.000
2017-02-11 06:21:49 | TEMPLOG : Bio   Filter | 043.700
2017-02-11 06:22:49 | TEMPLOG : WellhouseOne | 058.100
2017-02-11 06:23:52 | TEMPLOG : WellhouseOne | 057.200
2017-02-11 06:25:53 | TEMPLOG : WellhouseOne | 056.300
2017-02-11 06:28:58 | TEMPLOG : WellhouseOne | 055.400
2017-02-11 06:30:00 | TEMPLOG : WellhouseOne | 054.500
2017-02-11 06:30:00 | TEMPLOG : Table    One | 042.800
2017-02-11 06:31:01 | TEMPLOG : Table    One | 043.700
2017-02-11 06:32:03 | TEMPLOG : Table    One | 042.800
2017-02-11 06:35:06 | TEMPLOG : WellhouseOne | 053.600
2017-02-11 06:39:12 | TEMPLOG : Bio   Filter | 042.800
2017-02-11 06:41:15 | TEMPLOG : To   GeoLoop | 052.700
2017-02-11 06:43:17 | TEMPLOG : WellhouseOne | 052.700
2017-02-11 06:48:22 | TEMPLOG : WellhouseOne | 113.000
2017-02-11 06:49:24 | TEMPLOG : WellhouseOne | 127.400
2017-02-11 06:50:25 | TEMPLOG : WellhouseOne | 088.700
2017-02-11 06:51:26 | TEMPLOG : WellhouseOne | 078.800
2017-02-11 06:52:27 | TEMPLOG : WellhouseOne | 073.400
2017-02-11 06:53:28 | TEMPLOG : WellhouseOne | 068.900
2017-02-11 06:54:29 | TEMPLOG : WellhouseOne | 065.300
2017-02-11 06:55:31 | TEMPLOG : WellhouseOne | 062.600
2017-02-11 06:56:32 | TEMPLOG : WellhouseOne | 060.800
2017-02-11 06:57:34 | TEMPLOG : WellhouseOne | 059.900
2017-02-11 06:58:35 | TEMPLOG : WellhouseOne | 059.000
2017-02-11 06:59:36 | TEMPLOG : WellhouseOne | 057.200
2017-02-11 07:00:37 | TEMPLOG : WellhouseOne | 057.200
2017-02-11 07:00:38 | TEMPLOG : Bio   Filter | 042.800
2017-02-11 07:00:38 | TEMPLOG : To   GeoLoop | 052.700
2017-02-11 07:00:38 | TEMPLOG : Table    One | 042.800
2017-02-11 07:01:39 | TEMPLOG : WellhouseOne | 056.300
2017-02-11 07:02:40 | TEMPLOG : WellhouseOne | 055.400
2017-02-11 07:05:44 | TEMPLOG : WellhouseOne | 054.500
2017-02-11 07:07:46 | TEMPLOG : WellhouseOne | 053.600
2017-02-11 07:09:49 | TEMPLOG : Bio   Filter | 043.700
2017-02-11 07:12:53 | TEMPLOG : WellhouseOne | 052.700
2017-02-11 07:15:58 | TEMPLOG : Bio   Filter | 042.800
2017-02-11 07:19:01 | TEMPLOG : WellhouseOne | 051.800
2017-02-11 07:19:02 | TEMPLOG : Bio   Filter | 043.700
2017-02-11 07:21:04 | TEMPLOG : Bio   Filter | 042.800
2017-02-11 07:22:05 | TEMPLOG : Bio   Filter | 043.700
2017-02-11 07:23:07 | TEMPLOG : Table    One | 043.700
2017-02-11 07:24:07 | TEMPLOG : WellhouseOne | 082.400
2017-02-11 07:25:07 | TEMPLOG : WellhouseOne | 120.200
2017-02-11 07:26:09 | TEMPLOG : WellhouseOne | 109.400
2017-02-11 07:26:09 | TEMPLOG : To   GeoLoop | 053.600
2017-02-11 07:27:11 | TEMPLOG : WellhouseOne | 086.000
2017-02-11 07:28:12 | TEMPLOG : WellhouseOne | 077.000
2017-02-11 07:29:13 | TEMPLOG : WellhouseOne | 071.600
2017-02-11 07:29:14 | TEMPLOG : To   GeoLoop | 052.700
2017-02-11 07:30:15 | TEMPLOG : WellhouseOne | 067.100
2017-02-11 07:31:17 | TEMPLOG : WellhouseOne | 064.400
2017-02-11 07:31:17 | TEMPLOG : To   GeoLoop | 053.600
2017-02-11 07:32:18 | TEMPLOG : WellhouseOne | 062.600
2017-02-11 07:33:20 | TEMPLOG : WellhouseOne | 060.800
2017-02-11 07:33:20 | TEMPLOG : Bio   Filter | 044.600
2017-02-11 07:34:22 | TEMPLOG : WellhouseOne | 059.000
2017-02-11 07:34:23 | TEMPLOG : To   GeoLoop | 052.700
2017-02-11 07:35:23 | TEMPLOG : WellhouseOne | 058.100
2017-02-11 07:36:24 | TEMPLOG : WellhouseOne | 057.200
2017-02-11 07:36:25 | TEMPLOG : To   GeoLoop | 053.600
2017-02-11 07:37:25 | TEMPLOG : WellhouseOne | 056.300
2017-02-11 07:38:28 | TEMPLOG : To   GeoLoop | 052.700
2017-02-11 07:39:28 | TEMPLOG : WellhouseOne | 055.400
2017-02-11 07:39:29 | TEMPLOG : To   GeoLoop | 053.600
2017-02-11 07:41:31 | TEMPLOG : WellhouseOne | 054.500
2017-02-11 07:41:32 | TEMPLOG : Table    One | 044.600
2017-02-11 07:44:34 | TEMPLOG : WellhouseOne | 053.600
2017-02-11 07:45:36 | TEMPLOG : Bio   Filter | 045.500
2017-02-11 07:48:39 | TEMPLOG : WellhouseOne | 052.700
2017-02-11 07:51:42 | TEMPLOG : WellhouseOne | 051.800
2017-02-11 07:52:43 | TEMPLOG : WellhouseOne | 052.700
2017-02-11 07:53:44 | TEMPLOG : WellhouseOne | 051.800
2017-02-11 07:57:50 | TEMPLOG : Table    One | 045.500
2017-02-11 07:59:51 | TEMPLOG : WellhouseOne | 078.800
2017-02-11 08:00:52 | TEMPLOG : WellhouseOne | 115.700
2017-02-11 08:00:52 | TEMPLOG : Bio   Filter | 045.500
2017-02-11 08:00:53 | TEMPLOG : To   GeoLoop | 053.600
2017-02-11 08:00:53 | TEMPLOG : Table    One | 045.500
2017-02-11 08:01:53 | TEMPLOG : WellhouseOne | 118.400
2017-02-11 08:01:54 | TEMPLOG : Bio   Filter | 046.400
2017-02-11 08:02:56 | TEMPLOG : WellhouseOne | 087.800
2017-02-11 08:03:57 | TEMPLOG : WellhouseOne | 077.900
2017-02-11 08:03:57 | TEMPLOG : Bio   Filter | 045.500
2017-02-11 08:04:58 | TEMPLOG : WellhouseOne | 071.600
2017-02-11 08:04:58 | TEMPLOG : Bio   Filter | 046.400
2017-02-11 08:05:59 | TEMPLOG : WellhouseOne | 067.100
2017-02-11 08:07:00 | TEMPLOG : WellhouseOne | 064.400
2017-02-11 08:08:01 | TEMPLOG : WellhouseOne | 062.600
2017-02-11 08:09:02 | TEMPLOG : WellhouseOne | 060.800
2017-02-11 08:10:03 | TEMPLOG : WellhouseOne | 059.900
2017-02-11 08:11:04 | TEMPLOG : WellhouseOne | 059.000
2017-02-11 08:12:06 | TEMPLOG : WellhouseOne | 058.100
2017-02-11 08:14:08 | TEMPLOG : WellhouseOne | 057.200
2017-02-11 08:14:09 | TEMPLOG : Table    One | 046.400
2017-02-11 08:15:09 | TEMPLOG : Bio   Filter | 047.300
2017-02-11 08:16:10 | TEMPLOG : WellhouseOne | 056.300
2017-02-11 08:17:11 | TEMPLOG : WellhouseOne | 055.400
2017-02-11 08:18:13 | TEMPLOG : Bio   Filter | 048.200
2017-02-11 08:18:14 | TEMPLOG : Table    One | 047.300
2017-02-11 08:19:14 | TEMPLOG : WellhouseOne | 054.500
2017-02-11 08:21:17 | TEMPLOG : WellhouseOne | 053.600
2017-02-11 08:22:19 | TEMPLOG : Bio   Filter | 049.100
2017-02-11 08:22:19 | TEMPLOG : Table    One | 048.200
2017-02-11 08:23:21 | TEMPLOG : Bio   Filter | 050.000
2017-02-11 08:23:21 | TEMPLOG : To   GeoLoop | 054.500
2017-02-11 08:23:21 | TEMPLOG : Table    One | 049.100
2017-02-11 08:24:21 | TEMPLOG : WellhouseOne | 052.700
2017-02-11 08:24:22 | TEMPLOG : Bio   Filter | 050.900
2017-02-11 08:24:23 | TEMPLOG : Table    One | 050.000
2017-02-11 08:25:24 | TEMPLOG : Table    One | 049.100
2017-02-11 08:26:24 | TEMPLOG : Bio   Filter | 050.000
2017-02-11 08:27:25 | TEMPLOG : WellhouseOne | 051.800
2017-02-11 08:27:25 | TEMPLOG : Bio   Filter | 050.900
2017-02-11 08:28:27 | TEMPLOG : Bio   Filter | 051.800
2017-02-11 08:28:27 | TEMPLOG : Table    One | 050.900
2017-02-11 08:30:30 | TEMPLOG : Table    One | 050.000
2017-02-11 08:31:30 | TEMPLOG : Bio   Filter | 050.900
2017-02-11 08:31:30 | TEMPLOG : Table    One | 049.100
2017-02-11 08:32:31 | TEMPLOG : Bio   Filter | 050.000
2017-02-11 08:33:32 | TEMPLOG : WellhouseOne | 050.900
2017-02-11 08:34:35 | TEMPLOG : Table    One | 048.200
2017-02-11 08:35:35 | TEMPLOG : WellhouseOne | 050.000
2017-02-11 08:36:36 | TEMPLOG : WellhouseOne | 112.100
2017-02-11 08:36:37 | TEMPLOG : Table    One | 049.100
2017-02-11 08:37:38 | TEMPLOG : WellhouseOne | 131.900
2017-02-11 08:37:38 | TEMPLOG : Table    One | 048.200
2017-02-11 08:38:39 | TEMPLOG : WellhouseOne | 089.600
2017-02-11 08:39:39 | TEMPLOG : WellhouseOne | 079.700
2017-02-11 08:40:41 | TEMPLOG : WellhouseOne | 072.500
2017-02-11 08:40:41 | TEMPLOG : Bio   Filter | 049.100
2017-02-11 08:41:42 | TEMPLOG : WellhouseOne | 068.000
2017-02-11 08:42:43 | TEMPLOG : WellhouseOne | 063.500
2017-02-11 08:43:44 | TEMPLOG : WellhouseOne | 061.700
2017-02-11 08:44:45 | TEMPLOG : WellhouseOne | 059.900
2017-02-11 08:44:46 | TEMPLOG : Bio   Filter | 050.000
2017-02-11 08:44:47 | TEMPLOG : Table    One | 049.100
2017-02-11 08:45:47 | TEMPLOG : WellhouseOne | 059.000
2017-02-11 08:45:48 | TEMPLOG : Bio   Filter | 050.900
2017-02-11 08:45:48 | TEMPLOG : Table    One | 050.000
2017-02-11 08:46:49 | TEMPLOG : WellhouseOne | 057.200
2017-02-11 08:46:50 | TEMPLOG : Table    One | 050.900
2017-02-11 08:47:51 | TEMPLOG : WellhouseOne | 056.300
2017-02-11 08:47:51 | TEMPLOG : Bio   Filter | 051.800
2017-02-11 08:47:51 | TEMPLOG : Table    One | 051.800
2017-02-11 08:48:52 | TEMPLOG : Table    One | 050.900
2017-02-11 08:49:52 | TEMPLOG : WellhouseOne | 055.400
2017-02-11 08:53:58 | TEMPLOG : WellhouseOne | 054.500
2017-02-11 08:56:00 | TEMPLOG : To   GeoLoop | 055.400
2017-02-11 08:56:01 | TEMPLOG : Table    One | 051.800
2017-02-11 08:57:01 | TEMPLOG : WellhouseOne | 053.600
2017-02-11 08:57:01 | TEMPLOG : Bio   Filter | 052.700
2017-02-11 08:59:04 | TEMPLOG : WellhouseOne | 052.700
2017-02-11 09:00:06 | TEMPLOG : WellhouseOne | 052.700
2017-02-11 09:00:06 | TEMPLOG : Bio   Filter | 053.600
2017-02-11 09:00:06 | TEMPLOG : To   GeoLoop | 055.400
2017-02-11 09:00:06 | TEMPLOG : Table    One | 052.700
2017-02-11 09:01:07 | TEMPLOG : Bio   Filter | 052.700
2017-02-11 09:01:08 | TEMPLOG : Table    One | 051.800
2017-02-11 09:02:08 | TEMPLOG : WellhouseOne | 051.800
2017-02-11 09:02:08 | TEMPLOG : Bio   Filter | 053.600
2017-02-11 09:03:10 | TEMPLOG : Table    One | 052.700
2017-02-11 09:04:10 | TEMPLOG : WellhouseOne | 050.900
2017-02-11 09:05:12 | TEMPLOG : Bio   Filter | 054.500
2017-02-11 09:05:12 | TEMPLOG : Table    One | 053.600
2017-02-11 09:07:14 | TEMPLOG : WellhouseOne | 051.800
2017-02-11 09:07:14 | TEMPLOG : To   GeoLoop | 056.300
2017-02-11 09:08:16 | TEMPLOG : Bio   Filter | 055.400
2017-02-11 09:08:17 | TEMPLOG : Table    One | 055.400
2017-02-11 09:09:18 | TEMPLOG : Bio   Filter | 058.100
2017-02-11 09:09:18 | TEMPLOG : Table    One | 058.100
2017-02-11 09:10:19 | TEMPLOG : Bio   Filter | 059.000
2017-02-11 09:11:20 | TEMPLOG : WellhouseOne | 050.900
2017-02-11 09:11:21 | TEMPLOG : To   GeoLoop | 057.200
2017-02-11 09:11:21 | TEMPLOG : Table    One | 057.200
2017-02-11 09:12:22 | TEMPLOG : WellhouseOne | 108.500
2017-02-11 09:12:22 | TEMPLOG : Bio   Filter | 058.100
2017-02-11 09:12:22 | TEMPLOG : To   GeoLoop | 056.300
2017-02-11 09:12:23 | TEMPLOG : Table    One | 056.300
2017-02-11 09:13:23 | TEMPLOG : WellhouseOne | 131.000
2017-02-11 09:13:24 | TEMPLOG : To   GeoLoop | 057.200
2017-02-11 09:14:25 | TEMPLOG : WellhouseOne | 090.500
2017-02-11 09:14:25 | TEMPLOG : Bio   Filter | 057.200
2017-02-11 09:14:26 | TEMPLOG : Table    One | 055.400
2017-02-11 09:15:26 | TEMPLOG : WellhouseOne | 080.600
2017-02-11 09:16:27 | TEMPLOG : WellhouseOne | 072.500
2017-02-11 09:17:28 | TEMPLOG : WellhouseOne | 068.900
2017-02-11 09:17:29 | TEMPLOG : Table    One | 056.300
2017-02-11 09:18:29 | TEMPLOG : WellhouseOne | 063.500
2017-02-11 09:19:30 | TEMPLOG : WellhouseOne | 061.700
2017-02-11 09:20:32 | TEMPLOG : WellhouseOne | 059.000
2017-02-11 09:21:35 | TEMPLOG : WellhouseOne | 058.100
2017-02-11 09:21:35 | TEMPLOG : Bio   Filter | 058.100
2017-02-11 09:23:39 | TEMPLOG : WellhouseOne | 057.200
2017-02-11 09:24:40 | TEMPLOG : Bio   Filter | 059.000
2017-02-11 09:25:40 | TEMPLOG : WellhouseOne | 056.300
2017-02-11 09:26:42 | TEMPLOG : Bio   Filter | 058.100
2017-02-11 09:28:45 | TEMPLOG : WellhouseOne | 055.400
2017-02-11 09:29:48 | TEMPLOG : WellhouseOne | 054.500
2017-02-11 09:30:49 | TEMPLOG : WellhouseOne | 055.400
2017-02-11 09:30:50 | TEMPLOG : To   GeoLoop | 056.300
2017-02-11 09:31:51 | TEMPLOG : WellhouseOne | 054.500
2017-02-11 09:31:51 | TEMPLOG : Bio   Filter | 059.000
2017-02-11 09:31:52 | TEMPLOG : To   GeoLoop | 057.200
2017-02-11 09:31:52 | TEMPLOG : Table    One | 057.200
2017-02-11 09:32:53 | TEMPLOG : Table    One | 058.100
2017-02-11 09:33:53 | TEMPLOG : Bio   Filter | 060.800
2017-02-11 09:33:54 | TEMPLOG : Table    One | 059.000
2017-02-11 09:34:55 | TEMPLOG : Bio   Filter | 061.700
2017-02-11 09:34:55 | TEMPLOG : Table    One | 059.900
2017-02-11 09:35:56 | TEMPLOG : Bio   Filter | 063.500
2017-02-11 09:35:56 | TEMPLOG : Table    One | 061.700
2017-02-11 09:36:56 | TEMPLOG : WellhouseOne | 053.600
2017-02-11 09:36:57 | TEMPLOG : Bio   Filter | 065.300
2017-02-11 09:36:57 | TEMPLOG : Table    One | 063.500
2017-02-11 09:37:57 | TEMPLOG : Bio   Filter | 066.200
2017-02-11 09:37:57 | TEMPLOG : To   GeoLoop | 058.100
2017-02-11 09:37:58 | TEMPLOG : Table    One | 064.400
2017-02-11 09:38:59 | TEMPLOG : Bio   Filter | 067.100
2017-02-11 09:40:00 | TEMPLOG : Bio   Filter | 068.000
2017-02-11 09:40:00 | TEMPLOG : Table    One | 065.300
2017-02-11 09:41:02 | TEMPLOG : Bio   Filter | 066.200
2017-02-11 09:41:03 | TEMPLOG : Table    One | 063.500
2017-02-11 09:42:03 | TEMPLOG : Bio   Filter | 065.300
2017-02-11 09:42:04 | TEMPLOG : Table    One | 062.600
2017-02-11 09:43:05 | TEMPLOG : Bio   Filter | 064.400
2017-02-11 09:43:05 | TEMPLOG : Table    One | 061.700
2017-02-11 09:44:05 | TEMPLOG : WellhouseOne | 052.700
2017-02-11 09:44:06 | TEMPLOG : Bio   Filter | 063.500
2017-02-11 09:48:13 | TEMPLOG : Bio   Filter | 064.400
2017-02-11 09:48:14 | TEMPLOG : Table    One | 062.600
2017-02-11 09:49:14 | TEMPLOG : WellhouseOne | 113.000
2017-02-11 09:49:14 | TEMPLOG : Bio   Filter | 065.300
2017-02-11 09:49:15 | TEMPLOG : Table    One | 063.500
2017-02-11 09:50:15 | TEMPLOG : WellhouseOne | 119.300
2017-02-11 09:50:16 | TEMPLOG : Bio   Filter | 066.200
2017-02-11 09:51:16 | TEMPLOG : WellhouseOne | 087.800
2017-02-11 09:51:17 | TEMPLOG : To   GeoLoop | 059.000
2017-02-11 09:51:17 | TEMPLOG : Table    One | 064.400
2017-02-11 09:52:17 | TEMPLOG : WellhouseOne | 077.900
2017-02-11 09:52:18 | TEMPLOG : Bio   Filter | 068.000
2017-02-11 09:52:18 | TEMPLOG : Table    One | 066.200
2017-02-11 09:53:18 | TEMPLOG : WellhouseOne | 071.600
2017-02-11 09:53:19 | TEMPLOG : Bio   Filter | 069.800
2017-02-11 09:54:19 | TEMPLOG : WellhouseOne | 064.400
2017-02-11 09:55:20 | TEMPLOG : WellhouseOne | 063.500
2017-02-11 09:56:22 | TEMPLOG : WellhouseOne | 062.600
2017-02-11 09:57:23 | TEMPLOG : WellhouseOne | 058.100
2017-02-11 09:57:23 | TEMPLOG : Bio   Filter | 070.700
2017-02-11 09:58:24 | TEMPLOG : WellhouseOne | 057.200
2017-02-11 09:58:25 | TEMPLOG : To   GeoLoop | 059.900
2017-02-11 09:59:26 | TEMPLOG : WellhouseOne | 056.300
2017-02-11 10:00:27 | TEMPLOG : WellhouseOne | 055.400
2017-02-11 10:00:27 | TEMPLOG : Bio   Filter | 070.700
2017-02-11 10:00:28 | TEMPLOG : To   GeoLoop | 059.900
2017-02-11 10:00:28 | TEMPLOG : Table    One | 067.100
2017-02-11 10:01:28 | TEMPLOG : WellhouseOne | 056.300
2017-02-11 10:01:29 | TEMPLOG : Bio   Filter | 071.600
2017-02-11 10:02:29 | TEMPLOG : WellhouseOne | 055.400
2017-02-11 10:02:30 | TEMPLOG : Bio   Filter | 072.500
2017-02-11 10:03:32 | TEMPLOG : Table    One | 068.000
2017-02-11 10:04:32 | TEMPLOG : WellhouseOne | 056.300
2017-02-11 10:04:32 | TEMPLOG : Bio   Filter | 074.300
2017-02-11 10:04:33 | TEMPLOG : To   GeoLoop | 060.800
2017-02-11 10:04:33 | TEMPLOG : Table    One | 068.900
2017-02-11 10:05:34 | TEMPLOG : Bio   Filter | 075.200
2017-02-11 10:05:34 | TEMPLOG : Table    One | 069.800
2017-02-11 10:06:37 | TEMPLOG : Bio   Filter | 077.000
2017-02-11 10:06:37 | TEMPLOG : Table    One | 071.600
2017-02-11 10:07:38 | TEMPLOG : WellhouseOne | 055.400
2017-02-11 10:07:38 | TEMPLOG : Bio   Filter | 077.900
2017-02-11 10:08:40 | TEMPLOG : Bio   Filter | 078.800
2017-02-11 10:08:40 | TEMPLOG : Table    One | 072.500
2017-02-11 10:10:43 | TEMPLOG : Table    One | 073.400
2017-02-11 10:11:43 | TEMPLOG : WellhouseOne | 054.500
2017-02-11 10:11:44 | TEMPLOG : Table    One | 072.500
2017-02-11 10:12:44 | TEMPLOG : Bio   Filter | 077.900
2017-02-11 10:12:45 | TEMPLOG : Table    One | 071.600
2017-02-11 10:14:47 | TEMPLOG : Bio   Filter | 078.800
2017-02-11 10:14:47 | TEMPLOG : Table    One | 072.500
2017-02-11 10:15:48 | TEMPLOG : WellhouseOne | 053.600
2017-02-11 10:15:48 | TEMPLOG : Bio   Filter | 080.600
2017-02-11 10:15:48 | TEMPLOG : To   GeoLoop | 061.700
2017-02-11 10:15:49 | TEMPLOG : Table    One | 074.300
2017-02-11 10:16:49 | TEMPLOG : Bio   Filter | 081.500
2017-02-11 10:17:50 | TEMPLOG : Bio   Filter | 082.400
2017-02-11 10:17:50 | TEMPLOG : Table    One | 075.200
2017-02-11 10:18:52 | TEMPLOG : Bio   Filter | 083.300
2017-02-11 10:18:53 | TEMPLOG : Table    One | 076.100
2017-02-11 10:19:54 | TEMPLOG : Table    One | 075.200
2017-02-11 10:20:55 | TEMPLOG : Table    One | 076.100
2017-02-11 10:22:57 | TEMPLOG : Bio   Filter | 084.200
2017-02-11 10:22:57 | TEMPLOG : To   GeoLoop | 062.600
2017-02-11 10:22:58 | TEMPLOG : Table    One | 077.000
2017-02-11 10:23:58 | TEMPLOG : Bio   Filter | 086.000
2017-02-11 10:23:59 | TEMPLOG : Table    One | 078.800
2017-02-11 10:25:00 | TEMPLOG : Bio   Filter | 086.900
2017-02-11 10:25:00 | TEMPLOG : To   GeoLoop | 063.500
2017-02-11 10:26:01 | TEMPLOG : Bio   Filter | 086.000
2017-02-11 10:26:02 | TEMPLOG : Table    One | 077.900
2017-02-11 10:27:03 | TEMPLOG : To   GeoLoop | 062.600
2017-02-11 10:27:04 | TEMPLOG : Table    One | 077.000
2017-02-11 10:28:05 | TEMPLOG : Bio   Filter | 085.100
2017-02-11 10:28:06 | TEMPLOG : Table    One | 077.900
2017-02-11 10:29:06 | TEMPLOG : WellhouseOne | 113.000
2017-02-11 10:29:06 | TEMPLOG : To   GeoLoop | 063.500
2017-02-11 10:30:07 | TEMPLOG : WellhouseOne | 100.400
2017-02-11 10:30:07 | TEMPLOG : Table    One | 077.000
2017-02-11 10:31:08 | TEMPLOG : WellhouseOne | 078.800
2017-02-11 10:31:08 | TEMPLOG : Bio   Filter | 084.200
2017-02-11 10:31:09 | TEMPLOG : To   GeoLoop | 062.600
2017-02-11 10:32:11 | TEMPLOG : WellhouseOne | 072.500
2017-02-11 10:33:12 | TEMPLOG : WellhouseOne | 068.900
2017-02-11 10:33:12 | TEMPLOG : To   GeoLoop | 063.500
2017-02-11 10:34:12 | TEMPLOG : WellhouseOne | 066.200
2017-02-11 10:35:13 | TEMPLOG : WellhouseOne | 063.500
2017-02-11 10:36:15 | TEMPLOG : WellhouseOne | 062.600
2017-02-11 10:36:15 | TEMPLOG : Bio   Filter | 085.100
2017-02-11 10:36:15 | TEMPLOG : Table    One | 078.800
2017-02-11 10:37:16 | TEMPLOG : WellhouseOne | 061.700
2017-02-11 10:37:16 | TEMPLOG : Bio   Filter | 086.900
2017-02-11 10:37:16 | TEMPLOG : To   GeoLoop | 064.400
2017-02-11 10:37:17 | TEMPLOG : Table    One | 080.600
2017-02-11 10:38:17 | TEMPLOG : WellhouseOne | 060.800
2017-02-11 10:38:17 | TEMPLOG : Bio   Filter | 087.800
2017-02-11 10:38:18 | TEMPLOG : Table    One | 081.500
2017-02-11 10:39:18 | TEMPLOG : WellhouseOne | 059.900
2017-02-11 10:39:18 | TEMPLOG : Bio   Filter | 088.700
2017-02-11 10:39:18 | TEMPLOG : To   GeoLoop | 065.300
2017-02-11 10:40:19 | TEMPLOG : WellhouseOne | 059.000
2017-02-11 10:40:20 | TEMPLOG : To   GeoLoop | 064.400
2017-02-11 10:40:20 | TEMPLOG : Table    One | 079.700
2017-02-11 10:41:22 | TEMPLOG : Table    One | 080.600
2017-02-11 10:42:23 | TEMPLOG : Bio   Filter | 089.600
2017-02-11 10:42:23 | TEMPLOG : To   GeoLoop | 065.300
2017-02-11 10:42:23 | TEMPLOG : Table    One | 081.500
2017-02-11 10:43:23 | TEMPLOG : WellhouseOne | 058.100
2017-02-11 10:43:24 | TEMPLOG : Bio   Filter | 091.400
2017-02-11 10:43:24 | TEMPLOG : Table    One | 082.400
2017-02-11 10:44:25 | TEMPLOG : Bio   Filter | 092.300
2017-02-11 10:44:25 | TEMPLOG : To   GeoLoop | 066.200
2017-02-11 10:46:26 | TEMPLOG : WellhouseOne | 057.200
2017-02-11 10:46:27 | TEMPLOG : Bio   Filter | 093.200
2017-02-11 10:47:28 | TEMPLOG : Bio   Filter | 092.300
2017-02-11 10:47:29 | TEMPLOG : Table    One | 081.500
2017-02-11 10:48:29 | TEMPLOG : WellhouseOne | 056.300
2017-02-11 10:48:29 | TEMPLOG : Bio   Filter | 091.400
2017-02-11 10:48:29 | TEMPLOG : To   GeoLoop | 065.300
2017-02-11 10:48:29 | TEMPLOG : Table    One | 080.600
2017-02-11 10:49:30 | TEMPLOG : Bio   Filter | 090.500
2017-02-11 10:50:31 | TEMPLOG : To   GeoLoop | 066.200
2017-02-11 10:51:31 | TEMPLOG : Bio   Filter | 091.400
2017-02-11 10:51:32 | TEMPLOG : Table    One | 081.500
2017-02-11 10:52:33 | TEMPLOG : Bio   Filter | 094.100
2017-02-11 10:53:34 | TEMPLOG : Bio   Filter | 095.000
2017-02-11 10:54:34 | TEMPLOG : Bio   Filter | 095.900
2017-02-11 10:55:35 | TEMPLOG : WellhouseOne | 055.400
2017-02-11 10:55:36 | TEMPLOG : Table    One | 082.400
2017-02-11 10:56:36 | TEMPLOG : Bio   Filter | 097.700
2017-02-11 10:56:37 | TEMPLOG : To   GeoLoop | 067.100
2017-02-11 10:56:37 | TEMPLOG : Table    One | 084.200
2017-02-11 10:57:37 | TEMPLOG : Bio   Filter | 099.500
2017-02-11 10:57:38 | TEMPLOG : Table    One | 085.100
2017-02-11 10:58:38 | TEMPLOG : Bio   Filter | 100.400
2017-02-11 10:58:39 | TEMPLOG : To   GeoLoop | 068.000
2017-02-11 10:58:39 | TEMPLOG : Table    One | 086.000
2017-02-11 10:59:40 | TEMPLOG : Bio   Filter | 101.300
2017-02-11 10:59:40 | TEMPLOG : Table    One | 086.900
2017-02-11 11:00:41 | TEMPLOG : WellhouseOne | 055.400
2017-02-11 11:00:41 | TEMPLOG : Bio   Filter | 101.300
2017-02-11 11:00:41 | TEMPLOG : To   GeoLoop | 068.000
2017-02-11 11:00:41 | TEMPLOG : Table    One | 086.900
2017-02-11 11:01:42 | TEMPLOG : WellhouseOne | 056.300
2017-02-11 11:01:42 | TEMPLOG : Bio   Filter | 102.200
2017-02-11 11:01:43 | TEMPLOG : Table    One | 087.800
2017-02-11 11:02:44 | TEMPLOG : WellhouseOne | 055.400
2017-02-11 11:02:44 | TEMPLOG : Bio   Filter | 101.300
2017-02-11 11:03:47 | TEMPLOG : Bio   Filter | 100.400
2017-02-11 11:05:52 | TEMPLOG : Table    One | 088.700
2017-02-11 11:06:52 | TEMPLOG : Bio   Filter | 101.300
2017-02-11 11:06:52 | TEMPLOG : To   GeoLoop | 068.900
2017-02-11 11:07:54 | TEMPLOG : Bio   Filter | 102.200
2017-02-11 11:07:55 | TEMPLOG : Table    One | 089.600
2017-02-11 11:08:56 | TEMPLOG : WellhouseOne | 054.500
2017-02-11 11:10:59 | TEMPLOG : WellhouseOne | 091.400
2017-02-11 11:10:59 | TEMPLOG : Bio   Filter | 103.100
2017-02-11 11:10:59 | TEMPLOG : To   GeoLoop | 069.800
2017-02-11 11:11:00 | TEMPLOG : Table    One | 090.500
2017-02-11 11:12:00 | TEMPLOG : WellhouseOne | 116.600
2017-02-11 11:13:01 | TEMPLOG : WellhouseOne | 086.000
2017-02-11 11:13:01 | TEMPLOG : Bio   Filter | 102.200
2017-02-11 11:14:02 | TEMPLOG : WellhouseOne | 074.300
2017-02-11 11:14:03 | TEMPLOG : Table    One | 091.400
2017-02-11 11:15:03 | TEMPLOG : WellhouseOne | 070.700
2017-02-11 11:16:05 | TEMPLOG : WellhouseOne | 068.000
2017-02-11 11:16:05 | TEMPLOG : Table    One | 092.300
2017-02-11 11:17:05 | TEMPLOG : WellhouseOne | 065.300
2017-02-11 11:17:06 | TEMPLOG : Table    One | 091.400
2017-02-11 11:18:07 | TEMPLOG : WellhouseOne | 064.400
2017-02-11 11:18:07 | TEMPLOG : Bio   Filter | 100.400
2017-02-11 11:18:07 | TEMPLOG : To   GeoLoop | 068.900
2017-02-11 11:19:08 | TEMPLOG : WellhouseOne | 061.700
2017-02-11 11:19:08 | TEMPLOG : Bio   Filter | 099.500
2017-02-11 11:19:09 | TEMPLOG : Table    One | 090.500
2017-02-11 11:20:09 | TEMPLOG : Bio   Filter | 098.600
2017-02-11 11:20:09 | TEMPLOG : To   GeoLoop | 068.000
2017-02-11 11:21:10 | TEMPLOG : WellhouseOne | 060.800
2017-02-11 11:21:10 | TEMPLOG : Bio   Filter | 097.700
2017-02-11 11:21:11 | TEMPLOG : Table    One | 089.600
2017-02-11 11:22:11 | TEMPLOG : Bio   Filter | 096.800
2017-02-11 11:22:13 | TEMPLOG : Table    One | 088.700
2017-02-11 11:23:13 | TEMPLOG : WellhouseOne | 059.000
2017-02-11 11:23:13 | TEMPLOG : Bio   Filter | 095.900
2017-02-11 11:24:14 | TEMPLOG : WellhouseOne | 059.900
2017-02-11 11:24:14 | TEMPLOG : Bio   Filter | 094.100
2017-02-11 11:24:15 | TEMPLOG : To   GeoLoop | 067.100
2017-02-11 11:24:15 | TEMPLOG : Table    One | 086.900
2017-02-11 11:25:16 | TEMPLOG : WellhouseOne | 059.000
2017-02-11 11:26:17 | TEMPLOG : Bio   Filter | 093.200
2017-02-11 11:27:18 | TEMPLOG : Bio   Filter | 094.100
2017-02-11 11:27:19 | TEMPLOG : Table    One | 087.800
2017-02-11 11:28:20 | TEMPLOG : WellhouseOne | 058.100
2017-02-11 11:28:20 | TEMPLOG : Bio   Filter | 095.000
2017-02-11 11:28:20 | TEMPLOG : To   GeoLoop | 068.000
2017-02-11 11:28:20 | TEMPLOG : Table    One | 088.700
2017-02-11 11:29:21 | TEMPLOG : Bio   Filter | 095.900
2017-02-11 11:29:21 | TEMPLOG : Table    One | 089.600
2017-02-11 11:30:22 | TEMPLOG : Bio   Filter | 096.800
2017-02-11 11:30:22 | TEMPLOG : To   GeoLoop | 068.900
2017-02-11 11:31:24 | TEMPLOG : Bio   Filter | 093.200
2017-02-11 11:31:24 | TEMPLOG : To   GeoLoop | 068.000
2017-02-11 11:31:25 | TEMPLOG : Table    One | 086.900
2017-02-11 11:32:25 | TEMPLOG : Bio   Filter | 091.400
2017-02-11 11:32:26 | TEMPLOG : To   GeoLoop | 067.100
2017-02-11 11:32:26 | TEMPLOG : Table    One | 085.100
2017-02-11 11:33:27 | TEMPLOG : To   GeoLoop | 066.200
2017-02-11 11:33:27 | TEMPLOG : Table    One | 086.000
2017-02-11 11:34:27 | TEMPLOG : WellhouseOne | 057.200
2017-02-11 11:34:28 | TEMPLOG : Bio   Filter | 094.100
2017-02-11 11:34:28 | TEMPLOG : To   GeoLoop | 067.100
2017-02-11 11:34:28 | TEMPLOG : Table    One | 087.800
2017-02-11 11:35:29 | TEMPLOG : Bio   Filter | 096.800
2017-02-11 11:35:29 | TEMPLOG : To   GeoLoop | 068.000
2017-02-11 11:35:29 | TEMPLOG : Table    One | 090.500
2017-02-11 11:36:29 | TEMPLOG : WellhouseOne | 056.300
2017-02-11 11:36:30 | TEMPLOG : Bio   Filter | 098.600
2017-02-11 11:36:30 | TEMPLOG : To   GeoLoop | 068.900
2017-02-11 11:36:30 | TEMPLOG : Table    One | 092.300
2017-02-11 11:37:30 | TEMPLOG : Bio   Filter | 100.400
2017-02-11 11:37:31 | TEMPLOG : To   GeoLoop | 069.800
2017-02-11 11:38:31 | TEMPLOG : WellhouseOne | 057.200
2017-02-11 11:39:33 | TEMPLOG : Bio   Filter | 097.700
2017-02-11 11:39:33 | TEMPLOG : To   GeoLoop | 068.900
2017-02-11 11:39:34 | TEMPLOG : Table    One | 087.800
2017-02-11 11:40:34 | TEMPLOG : WellhouseOne | 056.300
2017-02-11 11:40:34 | TEMPLOG : Bio   Filter | 093.200
2017-02-11 11:40:34 | TEMPLOG : To   GeoLoop | 068.000
2017-02-11 11:40:34 | TEMPLOG : Table    One | 086.000
2017-02-11 11:41:35 | TEMPLOG : WellhouseOne | 057.200
2017-02-11 11:41:35 | TEMPLOG : Bio   Filter | 092.300
2017-02-11 11:41:35 | TEMPLOG : To   GeoLoop | 067.100
2017-02-11 11:42:36 | TEMPLOG : Bio   Filter | 090.500
2017-02-11 11:42:37 | TEMPLOG : Table    One | 085.100
2017-02-11 11:43:37 | TEMPLOG : WellhouseOne | 056.300
2017-02-11 11:43:37 | TEMPLOG : Bio   Filter | 093.200
2017-02-11 11:43:37 | TEMPLOG : To   GeoLoop | 068.000
2017-02-11 11:43:37 | TEMPLOG : Table    One | 088.700
2017-02-11 11:44:38 | TEMPLOG : Bio   Filter | 096.800
2017-02-11 11:44:38 | TEMPLOG : To   GeoLoop | 068.900
2017-02-11 11:44:38 | TEMPLOG : Table    One | 091.400
2017-02-11 11:45:40 | TEMPLOG : Bio   Filter | 098.600
2017-02-11 11:45:40 | TEMPLOG : To   GeoLoop | 069.800
2017-02-11 11:45:41 | TEMPLOG : Table    One | 092.300
2017-02-11 11:46:41 | TEMPLOG : Bio   Filter | 099.500
2017-02-11 11:46:41 | TEMPLOG : Table    One | 094.100
2017-02-11 11:47:42 | TEMPLOG : Bio   Filter | 100.400
2017-02-11 11:47:42 | TEMPLOG : To   GeoLoop | 070.700
2017-02-11 11:48:42 | TEMPLOG : WellhouseOne | 057.200
2017-02-11 11:48:44 | TEMPLOG : Table    One | 095.000
2017-02-11 11:49:44 | TEMPLOG : WellhouseOne | 056.300
2017-02-11 11:49:44 | TEMPLOG : Bio   Filter | 101.300
2017-02-11 11:49:46 | TEMPLOG : Table    One | 095.900
2017-02-11 11:52:49 | TEMPLOG : Table    One | 096.800
2017-02-11 11:53:51 | TEMPLOG : To   GeoLoop | 071.600
2017-02-11 11:54:53 | TEMPLOG : Table    One | 097.700
2017-02-11 11:55:53 | TEMPLOG : WellhouseOne | 075.200
2017-02-11 11:55:53 | TEMPLOG : Bio   Filter | 100.400
2017-02-11 11:56:54 | TEMPLOG : WellhouseOne | 122.900
2017-02-11 11:57:55 | TEMPLOG : WellhouseOne | 088.700
2017-02-11 11:57:56 | TEMPLOG : Bio   Filter | 098.600
2017-02-11 11:58:57 | TEMPLOG : WellhouseOne | 079.700
2017-02-11 11:58:57 | TEMPLOG : Bio   Filter | 097.700
2017-02-11 11:59:57 | TEMPLOG : WellhouseOne | 074.300
2017-02-11 12:00:59 | TEMPLOG : WellhouseOne | 070.700
2017-02-11 12:00:59 | TEMPLOG : Bio   Filter | 096.800
2017-02-11 12:01:00 | TEMPLOG : Table    One | 098.600
2017-02-11 12:02:01 | TEMPLOG : WellhouseOne | 068.000
2017-02-11 12:02:01 | TEMPLOG : Bio   Filter | 095.900
2017-02-11 12:02:01 | TEMPLOG : To   GeoLoop | 070.700
2017-02-11 12:02:01 | TEMPLOG : Table    One | 097.700
2017-02-11 12:03:01 | TEMPLOG : WellhouseOne | 066.200
2017-02-11 12:03:01 | TEMPLOG : Bio   Filter | 095.000
2017-02-11 12:03:02 | TEMPLOG : Table    One | 098.600
2017-02-11 12:04:03 | TEMPLOG : WellhouseOne | 065.300
2017-02-11 12:04:03 | TEMPLOG : To   GeoLoop | 069.800
2017-02-11 12:05:04 | TEMPLOG : WellhouseOne | 063.500
2017-02-11 12:06:06 | TEMPLOG : WellhouseOne | 062.600
2017-02-11 12:06:06 | TEMPLOG : Table    One | 099.500
2017-02-11 12:07:08 | TEMPLOG : To   GeoLoop | 068.900
2017-02-11 12:08:08 | TEMPLOG : WellhouseOne | 060.800
2017-02-11 12:10:12 | TEMPLOG : Bio   Filter | 095.900
2017-02-11 12:11:13 | TEMPLOG : Bio   Filter | 096.800
2017-02-11 12:11:13 | TEMPLOG : Table    One | 100.400
2017-02-11 12:12:14 | TEMPLOG : Bio   Filter | 097.700
2017-02-11 12:13:15 | TEMPLOG : WellhouseOne | 059.900
2017-02-11 12:13:15 | TEMPLOG : Bio   Filter | 098.600
2017-02-11 12:13:16 | TEMPLOG : Table    One | 101.300
2017-02-11 12:14:16 | TEMPLOG : Bio   Filter | 100.400
2017-02-11 12:15:17 | TEMPLOG : Bio   Filter | 101.300
2017-02-11 12:15:18 | TEMPLOG : Table    One | 102.200
2017-02-11 12:16:18 | TEMPLOG : WellhouseOne | 059.000
2017-02-11 12:16:18 | TEMPLOG : Bio   Filter | 103.100
2017-02-11 12:18:20 | TEMPLOG : Bio   Filter | 104.000
2017-02-11 12:21:26 | TEMPLOG : Bio   Filter | 104.900
2017-02-11 12:21:27 | TEMPLOG : Table    One | 101.300
2017-02-11 12:22:28 | TEMPLOG : To   GeoLoop | 069.800
2017-02-11 12:23:29 | TEMPLOG : Bio   Filter | 105.800
2017-02-11 12:24:30 | TEMPLOG : To   GeoLoop | 070.700
2017-02-11 12:26:33 | TEMPLOG : WellhouseOne | 058.100
2017-02-11 12:26:33 | TEMPLOG : Bio   Filter | 106.700
2017-02-11 12:26:33 | TEMPLOG : To   GeoLoop | 071.600
2017-02-11 12:27:34 | TEMPLOG : WellhouseOne | 059.000
2017-02-11 12:27:35 | TEMPLOG : To   GeoLoop | 072.500
2017-02-11 12:28:35 | TEMPLOG : WellhouseOne | 058.100
2017-02-11 12:29:36 | TEMPLOG : To   GeoLoop | 073.400
2017-02-11 12:31:38 | TEMPLOG : Bio   Filter | 105.800
2017-02-11 12:31:39 | TEMPLOG : Table    One | 100.400
2017-02-11 12:32:39 | TEMPLOG : Table    One | 099.500
2017-02-11 12:33:40 | TEMPLOG : Bio   Filter | 104.900
2017-02-11 12:34:41 | TEMPLOG : Bio   Filter | 104.000
2017-02-11 12:34:41 | TEMPLOG : Table    One | 098.600
2017-02-11 12:35:42 | TEMPLOG : Bio   Filter | 104.900
2017-02-11 12:35:43 | TEMPLOG : Table    One | 099.500
2017-02-11 12:36:43 | TEMPLOG : Bio   Filter | 105.800
2017-02-11 12:36:44 | TEMPLOG : Table    One | 100.400
2017-02-11 12:37:45 | TEMPLOG : Bio   Filter | 106.700
2017-02-11 12:37:45 | TEMPLOG : To   GeoLoop | 074.300
2017-02-11 12:37:45 | TEMPLOG : Table    One | 101.300
2017-02-11 12:39:47 | TEMPLOG : WellhouseOne | 057.200
2017-02-11 12:40:49 | TEMPLOG : To   GeoLoop | 075.200
2017-02-11 12:41:49 | TEMPLOG : WellhouseOne | 058.100
2017-02-11 12:41:49 | TEMPLOG : Bio   Filter | 107.600
2017-02-11 12:42:50 | TEMPLOG : Table    One | 100.400
2017-02-11 12:43:51 | TEMPLOG : WellhouseOne | 090.500
2017-02-11 12:43:51 | TEMPLOG : Bio   Filter | 105.800
2017-02-11 12:44:52 | TEMPLOG : WellhouseOne | 127.400
2017-02-11 12:44:52 | TEMPLOG : Bio   Filter | 104.000
2017-02-11 12:44:53 | TEMPLOG : Table    One | 098.600
2017-02-11 12:45:53 | TEMPLOG : WellhouseOne | 091.400
2017-02-11 12:45:54 | TEMPLOG : Bio   Filter | 104.900
2017-02-11 12:45:55 | TEMPLOG : Table    One | 100.400
2017-02-11 12:46:55 | TEMPLOG : WellhouseOne | 082.400
2017-02-11 12:46:56 | TEMPLOG : Bio   Filter | 105.800
2017-02-11 12:46:56 | TEMPLOG : Table    One | 101.300
2017-02-11 12:47:56 | TEMPLOG : WellhouseOne | 076.100
2017-02-11 12:47:57 | TEMPLOG : Bio   Filter | 106.700
2017-02-11 12:47:57 | TEMPLOG : To   GeoLoop | 076.100
2017-02-11 12:47:57 | TEMPLOG : Table    One | 102.200
2017-02-11 12:48:57 | TEMPLOG : WellhouseOne | 072.500
2017-02-11 12:48:58 | TEMPLOG : To   GeoLoop | 077.000
2017-02-11 12:49:58 | TEMPLOG : WellhouseOne | 069.800
2017-02-11 12:49:59 | TEMPLOG : To   GeoLoop | 076.100
2017-02-11 12:49:59 | TEMPLOG : Table    One | 103.100
2017-02-11 12:50:59 | TEMPLOG : WellhouseOne | 068.000
2017-02-11 12:51:00 | TEMPLOG : To   GeoLoop | 077.000
2017-02-11 12:52:01 | TEMPLOG : WellhouseOne | 067.100
2017-02-11 12:52:01 | TEMPLOG : Bio   Filter | 107.600
2017-02-11 12:53:02 | TEMPLOG : WellhouseOne | 065.300
2017-02-11 12:54:03 | TEMPLOG : WellhouseOne | 064.400
2017-02-11 12:56:06 | TEMPLOG : WellhouseOne | 063.500
2017-02-11 12:57:07 | TEMPLOG : WellhouseOne | 062.600
2017-02-11 12:57:08 | TEMPLOG : Table    One | 104.000
2017-02-11 12:59:10 | TEMPLOG : WellhouseOne | 061.700
2017-02-11 12:59:11 | TEMPLOG : To   GeoLoop | 076.100
2017-02-11 12:59:11 | TEMPLOG : Table    One | 103.100
2017-02-11 13:00:12 | TEMPLOG : WellhouseOne | 061.700
2017-02-11 13:00:12 | TEMPLOG : Bio   Filter | 106.700
2017-02-11 13:00:13 | TEMPLOG : To   GeoLoop | 076.100
2017-02-11 13:00:13 | TEMPLOG : Table    One | 103.100
2017-02-11 13:01:15 | TEMPLOG : Table    One | 104.000
2017-02-11 13:02:15 | TEMPLOG : WellhouseOne | 060.800
2017-02-11 13:02:17 | TEMPLOG : Table    One | 104.900
2017-02-11 13:04:18 | TEMPLOG : WellhouseOne | 059.900
2017-02-11 13:04:19 | TEMPLOG : Table    One | 105.800
2017-02-11 13:05:20 | TEMPLOG : Bio   Filter | 105.800
2017-02-11 13:05:20 | TEMPLOG : Table    One | 104.900
2017-02-11 13:08:25 | TEMPLOG : Bio   Filter | 106.700
2017-02-11 13:08:25 | TEMPLOG : Table    One | 105.800
2017-02-11 13:09:25 | TEMPLOG : Bio   Filter | 108.500
2017-02-11 13:13:33 | TEMPLOG : Bio   Filter | 107.600
2017-02-11 13:13:34 | TEMPLOG : Table    One | 106.700
2017-02-11 13:14:35 | TEMPLOG : Table    One | 105.800
2017-02-11 13:15:35 | TEMPLOG : Bio   Filter | 104.000
2017-02-11 13:15:36 | TEMPLOG : To   GeoLoop | 075.200
2017-02-11 13:15:36 | TEMPLOG : Table    One | 102.200
2017-02-11 13:16:36 | TEMPLOG : Bio   Filter | 102.200
2017-02-11 13:16:37 | TEMPLOG : Table    One | 099.500
2017-02-11 13:17:37 | TEMPLOG : Bio   Filter | 100.400
2017-02-11 13:17:37 | TEMPLOG : To   GeoLoop | 074.300
2017-02-11 13:18:39 | TEMPLOG : To   GeoLoop | 075.200
2017-02-11 13:18:39 | TEMPLOG : Table    One | 098.600
2017-02-11 13:19:40 | TEMPLOG : Bio   Filter | 098.600
2017-02-11 13:19:40 | TEMPLOG : To   GeoLoop | 074.300
2017-02-11 13:19:40 | TEMPLOG : Table    One | 095.900
2017-02-11 13:20:41 | TEMPLOG : Bio   Filter | 095.000
2017-02-11 13:20:42 | TEMPLOG : To   GeoLoop | 072.500
2017-02-11 13:20:43 | TEMPLOG : Table    One | 091.400
2017-02-11 13:21:43 | TEMPLOG : Bio   Filter | 091.400
2017-02-11 13:21:43 | TEMPLOG : To   GeoLoop | 071.600
2017-02-11 13:21:43 | TEMPLOG : Table    One | 088.700
2017-02-11 13:22:44 | TEMPLOG : WellhouseOne | 059.000
2017-02-11 13:22:44 | TEMPLOG : Bio   Filter | 089.600
2017-02-11 13:22:44 | TEMPLOG : To   GeoLoop | 070.700
2017-02-11 13:23:45 | TEMPLOG : Bio   Filter | 087.800
2017-02-11 13:23:46 | TEMPLOG : Table    One | 086.900
2017-02-11 13:24:47 | TEMPLOG : Bio   Filter | 088.700
2017-02-11 13:24:47 | TEMPLOG : To   GeoLoop | 071.600
2017-02-11 13:24:47 | TEMPLOG : Table    One | 089.600
2017-02-11 13:25:48 | TEMPLOG : To   GeoLoop | 072.500
2017-02-11 13:26:49 | TEMPLOG : Bio   Filter | 087.800
2017-02-11 13:26:49 | TEMPLOG : To   GeoLoop | 071.600
2017-02-11 13:26:49 | TEMPLOG : Table    One | 086.900
2017-02-11 13:27:51 | TEMPLOG : Bio   Filter | 086.000
2017-02-11 13:27:51 | TEMPLOG : To   GeoLoop | 070.700
2017-02-11 13:27:52 | TEMPLOG : Table    One | 085.100
2017-02-11 13:28:53 | TEMPLOG : Table    One | 087.800
2017-02-11 13:29:53 | TEMPLOG : Bio   Filter | 089.600
2017-02-11 13:29:54 | TEMPLOG : To   GeoLoop | 072.500
2017-02-11 13:29:54 | TEMPLOG : Table    One | 091.400
2017-02-11 13:30:54 | TEMPLOG : Bio   Filter | 091.400
2017-02-11 13:30:55 | TEMPLOG : To   GeoLoop | 073.400
2017-02-11 13:30:56 | TEMPLOG : Table    One | 093.200
2017-02-11 13:31:56 | TEMPLOG : Bio   Filter | 092.300
2017-02-11 13:31:56 | TEMPLOG : To   GeoLoop | 074.300
2017-02-11 13:31:57 | TEMPLOG : Table    One | 094.100
2017-02-11 13:32:57 | TEMPLOG : WellhouseOne | 058.100
2017-02-11 13:32:57 | TEMPLOG : Bio   Filter | 091.400
2017-02-11 13:32:58 | TEMPLOG : Table    One | 092.300
2017-02-11 13:33:58 | TEMPLOG : WellhouseOne | 059.000
2017-02-11 13:35:59 | TEMPLOG : WellhouseOne | 124.700
2017-02-11 13:36:00 | TEMPLOG : Bio   Filter | 092.300
2017-02-11 13:36:00 | TEMPLOG : To   GeoLoop | 073.400
2017-02-11 13:36:00 | TEMPLOG : Table    One | 091.400
2017-02-11 13:37:00 | TEMPLOG : WellhouseOne | 094.100
2017-02-11 13:38:01 | TEMPLOG : WellhouseOne | 083.300
2017-02-11 13:38:02 | TEMPLOG : Bio   Filter | 091.400
2017-02-11 13:38:02 | TEMPLOG : To   GeoLoop | 074.300
2017-02-11 13:38:02 | TEMPLOG : Table    One | 090.500
2017-02-11 13:39:03 | TEMPLOG : WellhouseOne | 076.100
2017-02-11 13:39:03 | TEMPLOG : Bio   Filter | 090.500
2017-02-11 13:39:04 | TEMPLOG : To   GeoLoop | 073.400
2017-02-11 13:39:04 | TEMPLOG : Table    One | 089.600
2017-02-11 13:40:05 | TEMPLOG : WellhouseOne | 073.400
2017-02-11 13:40:06 | TEMPLOG : Table    One | 090.500
2017-02-11 13:41:06 | TEMPLOG : WellhouseOne | 070.700
2017-02-11 13:41:06 | TEMPLOG : Bio   Filter | 091.400
2017-02-11 13:41:07 | TEMPLOG : Table    One | 091.400
2017-02-11 13:42:07 | TEMPLOG : WellhouseOne | 068.900
2017-02-11 13:43:08 | TEMPLOG : WellhouseOne | 067.100
2017-02-11 13:43:08 | TEMPLOG : Bio   Filter | 093.200
2017-02-11 13:43:08 | TEMPLOG : To   GeoLoop | 074.300
2017-02-11 13:43:09 | TEMPLOG : Table    One | 094.100
2017-02-11 13:44:09 | TEMPLOG : WellhouseOne | 065.300
2017-02-11 13:44:10 | TEMPLOG : Table    One | 093.200
2017-02-11 13:45:10 | TEMPLOG : WellhouseOne | 064.400
2017-02-11 13:45:11 | TEMPLOG : Bio   Filter | 090.500
2017-02-11 13:45:11 | TEMPLOG : To   GeoLoop | 073.400
2017-02-11 13:45:11 | TEMPLOG : Table    One | 089.600
2017-02-11 13:46:11 | TEMPLOG : Bio   Filter | 089.600
2017-02-11 13:46:12 | TEMPLOG : To   GeoLoop | 072.500
2017-02-11 13:46:12 | TEMPLOG : Table    One | 091.400
2017-02-11 13:47:12 | TEMPLOG : WellhouseOne | 063.500
2017-02-11 13:47:13 | TEMPLOG : To   GeoLoop | 073.400
2017-02-11 13:47:13 | TEMPLOG : Table    One | 090.500
2017-02-11 13:48:13 | TEMPLOG : Bio   Filter | 091.400
2017-02-11 13:48:14 | TEMPLOG : Table    One | 093.200
2017-02-11 13:49:15 | TEMPLOG : WellhouseOne | 062.600
2017-02-11 13:49:15 | TEMPLOG : Bio   Filter | 093.200
2017-02-11 13:49:15 | TEMPLOG : To   GeoLoop | 075.200
2017-02-11 13:49:16 | TEMPLOG : Table    One | 095.000
2017-02-11 13:50:17 | TEMPLOG : Bio   Filter | 094.100
2017-02-11 13:50:17 | TEMPLOG : To   GeoLoop | 076.100
2017-02-11 13:50:17 | TEMPLOG : Table    One | 095.900
2017-02-11 13:51:17 | TEMPLOG : WellhouseOne | 061.700
2017-02-11 13:51:18 | TEMPLOG : Bio   Filter | 095.000
2017-02-11 13:51:18 | TEMPLOG : Table    One | 096.800
2017-02-11 13:54:22 | TEMPLOG : Bio   Filter | 094.100
2017-02-11 13:54:23 | TEMPLOG : Table    One | 095.900
2017-02-11 13:55:23 | TEMPLOG : WellhouseOne | 060.800
2017-02-11 13:55:24 | TEMPLOG : To   GeoLoop | 075.200
2017-02-11 13:55:24 | TEMPLOG : Table    One | 095.000
2017-02-11 13:57:27 | TEMPLOG : Table    One | 094.100
2017-02-11 13:59:29 | TEMPLOG : Table    One | 095.000
2017-02-11 14:00:30 | TEMPLOG : WellhouseOne | 060.800
2017-02-11 14:00:30 | TEMPLOG : Bio   Filter | 095.900
2017-02-11 14:00:30 | TEMPLOG : To   GeoLoop | 075.200
2017-02-11 14:00:30 | TEMPLOG : Table    One | 096.800
2017-02-11 14:01:31 | TEMPLOG : Bio   Filter | 096.800
2017-02-11 14:01:31 | TEMPLOG : To   GeoLoop | 076.100
2017-02-11 14:01:31 | TEMPLOG : Table    One | 098.600
2017-02-11 14:02:32 | TEMPLOG : Bio   Filter | 097.700
2017-02-11 14:02:32 | TEMPLOG : To   GeoLoop | 077.000
2017-02-11 14:02:33 | TEMPLOG : Table    One | 100.400
2017-02-11 14:03:34 | TEMPLOG : Table    One | 102.200
2017-02-11 14:04:36 | TEMPLOG : Bio   Filter | 099.500
2017-02-11 14:04:36 | TEMPLOG : To   GeoLoop | 077.900
2017-02-11 14:04:38 | TEMPLOG : Table    One | 104.000
2017-02-11 14:05:38 | TEMPLOG : Bio   Filter | 100.400
2017-02-11 14:05:39 | TEMPLOG : Table    One | 103.100
2017-02-11 14:06:39 | TEMPLOG : Bio   Filter | 097.700
2017-02-11 14:06:40 | TEMPLOG : To   GeoLoop | 077.000
2017-02-11 14:06:40 | TEMPLOG : Table    One | 097.700
2017-02-11 14:07:40 | TEMPLOG : WellhouseOne | 059.900
2017-02-11 14:07:40 | TEMPLOG : Bio   Filter | 095.900
2017-02-11 14:07:40 | TEMPLOG : To   GeoLoop | 075.200
2017-02-11 14:07:41 | TEMPLOG : Table    One | 095.900
2017-02-11 14:08:41 | TEMPLOG : WellhouseOne | 060.800
2017-02-11 14:08:41 | TEMPLOG : Bio   Filter | 095.000
2017-02-11 14:08:42 | TEMPLOG : Table    One | 095.000
2017-02-11 14:09:43 | TEMPLOG : WellhouseOne | 059.900
2017-02-11 14:09:43 | TEMPLOG : Bio   Filter | 095.900
2017-02-11 14:09:43 | TEMPLOG : To   GeoLoop | 076.100
2017-02-11 14:09:43 | TEMPLOG : Table    One | 095.900
2017-02-11 14:10:44 | TEMPLOG : Bio   Filter | 093.200
2017-02-11 14:10:44 | TEMPLOG : To   GeoLoop | 075.200
2017-02-11 14:10:44 | TEMPLOG : Table    One | 091.400
2017-02-11 14:11:44 | TEMPLOG : Bio   Filter | 089.600
2017-02-11 14:11:45 | TEMPLOG : To   GeoLoop | 073.400
2017-02-11 14:11:45 | TEMPLOG : Table    One | 087.800
2017-02-11 14:12:45 | TEMPLOG : WellhouseOne | 060.800
2017-02-11 14:12:46 | TEMPLOG : Bio   Filter | 087.800
2017-02-11 14:12:46 | TEMPLOG : To   GeoLoop | 071.600
2017-02-11 14:12:47 | TEMPLOG : Table    One | 086.000
2017-02-11 14:13:47 | TEMPLOG : WellhouseOne | 059.900
2017-02-11 14:13:47 | TEMPLOG : Bio   Filter | 086.900
2017-02-11 14:13:50 | TEMPLOG : Table    One | 085.100
2017-02-11 14:14:50 | TEMPLOG : Bio   Filter | 086.000
2017-02-11 14:15:51 | TEMPLOG : Bio   Filter | 089.600
2017-02-11 14:15:51 | TEMPLOG : To   GeoLoop | 072.500
2017-02-11 14:15:52 | TEMPLOG : Table    One | 092.300
2017-02-11 14:16:53 | TEMPLOG : Bio   Filter | 093.200
2017-02-11 14:16:53 | TEMPLOG : To   GeoLoop | 075.200
2017-02-11 14:16:53 | TEMPLOG : Table    One | 097.700
2017-02-11 14:17:54 | TEMPLOG : Bio   Filter | 096.800
2017-02-11 14:17:54 | TEMPLOG : To   GeoLoop | 077.000
2017-02-11 14:17:54 | TEMPLOG : Table    One | 102.200
2017-02-11 14:18:55 | TEMPLOG : To   GeoLoop | 077.900
2017-02-11 14:18:55 | TEMPLOG : Table    One | 100.400
2017-02-11 14:19:56 | TEMPLOG : Bio   Filter | 095.000
2017-02-11 14:19:56 | TEMPLOG : To   GeoLoop | 077.000
2017-02-11 14:19:56 | TEMPLOG : Table    One | 095.900
2017-02-11 14:20:57 | TEMPLOG : Bio   Filter | 091.400
2017-02-11 14:20:57 | TEMPLOG : To   GeoLoop | 075.200
2017-02-11 14:20:58 | TEMPLOG : Table    One | 090.500
2017-02-11 14:21:58 | TEMPLOG : Bio   Filter | 088.700
2017-02-11 14:21:58 | TEMPLOG : To   GeoLoop | 073.400
2017-02-11 14:21:58 | TEMPLOG : Table    One | 087.800
2017-02-11 14:22:59 | TEMPLOG : WellhouseOne | 059.000
2017-02-11 14:22:59 | TEMPLOG : Bio   Filter | 086.900
2017-02-11 14:22:59 | TEMPLOG : To   GeoLoop | 072.500
2017-02-11 14:22:59 | TEMPLOG : Table    One | 085.100
2017-02-11 14:24:00 | TEMPLOG : Bio   Filter | 085.100
2017-02-11 14:24:00 | TEMPLOG : To   GeoLoop | 071.600
2017-02-11 14:24:01 | TEMPLOG : Table    One | 083.300
2017-02-11 14:25:01 | TEMPLOG : Bio   Filter | 084.200
2017-02-11 14:25:01 | TEMPLOG : To   GeoLoop | 070.700
2017-02-11 14:25:01 | TEMPLOG : Table    One | 082.400
2017-02-11 14:26:02 | TEMPLOG : Bio   Filter | 082.400
2017-02-11 14:26:02 | TEMPLOG : Table    One | 081.500
2017-02-11 14:27:02 | TEMPLOG : WellhouseOne | 058.100
2017-02-11 14:27:03 | TEMPLOG : Bio   Filter | 081.500
2017-02-11 14:27:04 | TEMPLOG : Table    One | 080.600
2017-02-11 14:28:04 | TEMPLOG : WellhouseOne | 120.200
2017-02-11 14:28:05 | TEMPLOG : Bio   Filter | 082.400
2017-02-11 14:28:05 | TEMPLOG : To   GeoLoop | 069.800
2017-02-11 14:28:06 | TEMPLOG : Table    One | 083.300
2017-02-11 14:29:07 | TEMPLOG : WellhouseOne | 091.400
2017-02-11 14:29:08 | TEMPLOG : Bio   Filter | 084.200
2017-02-11 14:29:08 | TEMPLOG : To   GeoLoop | 070.700
2017-02-11 14:29:08 | TEMPLOG : Table    One | 084.200
2017-02-11 14:30:08 | TEMPLOG : WellhouseOne | 077.900
2017-02-11 14:30:08 | TEMPLOG : Bio   Filter | 082.400
2017-02-11 14:30:09 | TEMPLOG : To   GeoLoop | 071.600
2017-02-11 14:30:09 | TEMPLOG : Table    One | 083.300
2017-02-11 14:31:09 | TEMPLOG : WellhouseOne | 071.600
2017-02-11 14:31:09 | TEMPLOG : Bio   Filter | 081.500
2017-02-11 14:31:09 | TEMPLOG : To   GeoLoop | 070.700
2017-02-11 14:31:10 | TEMPLOG : Table    One | 081.500
2017-02-11 14:32:10 | TEMPLOG : WellhouseOne | 068.900
2017-02-11 14:32:10 | TEMPLOG : Bio   Filter | 080.600
2017-02-11 14:32:11 | TEMPLOG : Table    One | 080.600
2017-02-11 14:33:11 | TEMPLOG : WellhouseOne | 067.100
2017-02-11 14:33:12 | TEMPLOG : Bio   Filter | 079.700
2017-02-11 14:33:12 | TEMPLOG : To   GeoLoop | 069.800
2017-02-11 14:33:13 | TEMPLOG : Table    One | 079.700
2017-02-11 14:34:13 | TEMPLOG : WellhouseOne | 065.300
2017-02-11 14:35:15 | TEMPLOG : WellhouseOne | 064.400
2017-02-11 14:35:15 | TEMPLOG : Bio   Filter | 080.600
2017-02-11 14:35:15 | TEMPLOG : To   GeoLoop | 070.700
2017-02-11 14:35:15 | TEMPLOG : Table    One | 081.500
2017-02-11 14:36:16 | TEMPLOG : WellhouseOne | 063.500
2017-02-11 14:37:18 | TEMPLOG : Bio   Filter | 081.500
2017-02-11 14:37:19 | TEMPLOG : Table    One | 082.400
2017-02-11 14:38:19 | TEMPLOG : WellhouseOne | 062.600
2017-02-11 14:38:20 | TEMPLOG : Table    One | 083.300
2017-02-11 14:39:21 | TEMPLOG : Bio   Filter | 080.600
2017-02-11 14:39:22 | TEMPLOG : Table    One | 080.600
2017-02-11 14:40:22 | TEMPLOG : WellhouseOne | 060.800
2017-02-11 14:40:23 | TEMPLOG : Bio   Filter | 079.700
2017-02-11 14:40:23 | TEMPLOG : To   GeoLoop | 069.800
2017-02-11 14:40:24 | TEMPLOG : Table    One | 078.800
2017-02-11 14:41:26 | TEMPLOG : Table    One | 081.500
2017-02-11 14:42:26 | TEMPLOG : Bio   Filter | 082.400
2017-02-11 14:42:26 | TEMPLOG : To   GeoLoop | 071.600
2017-02-11 14:42:26 | TEMPLOG : Table    One | 084.200
2017-02-11 14:43:27 | TEMPLOG : Bio   Filter | 083.300
2017-02-11 14:43:27 | TEMPLOG : Table    One | 086.900
2017-02-11 14:44:28 | TEMPLOG : Bio   Filter | 082.400
2017-02-11 14:44:28 | TEMPLOG : To   GeoLoop | 072.500
2017-02-11 14:44:29 | TEMPLOG : Table    One | 084.200
2017-02-11 14:45:30 | TEMPLOG : Bio   Filter | 080.600
2017-02-11 14:45:30 | TEMPLOG : To   GeoLoop | 071.600
2017-02-11 14:45:30 | TEMPLOG : Table    One | 080.600
2017-02-11 14:46:31 | TEMPLOG : Bio   Filter | 078.800
2017-02-11 14:46:31 | TEMPLOG : To   GeoLoop | 069.800
2017-02-11 14:46:31 | TEMPLOG : Table    One | 078.800
2017-02-11 14:47:31 | TEMPLOG : WellhouseOne | 059.900
2017-02-11 14:47:32 | TEMPLOG : Bio   Filter | 077.900
2017-02-11 14:47:32 | TEMPLOG : Table    One | 077.000
2017-02-11 14:48:33 | TEMPLOG : Bio   Filter | 077.000
2017-02-11 14:48:33 | TEMPLOG : To   GeoLoop | 068.900
2017-02-11 14:48:33 | TEMPLOG : Table    One | 076.100
2017-02-11 14:49:34 | TEMPLOG : Table    One | 077.000
2017-02-11 14:50:35 | TEMPLOG : Bio   Filter | 079.700
2017-02-11 14:50:35 | TEMPLOG : To   GeoLoop | 069.800
2017-02-11 14:50:35 | TEMPLOG : Table    One | 082.400
2017-02-11 14:51:36 | TEMPLOG : Bio   Filter | 081.500
2017-02-11 14:51:36 | TEMPLOG : To   GeoLoop | 071.600
2017-02-11 14:51:37 | TEMPLOG : Table    One | 084.200
2017-02-11 14:52:37 | TEMPLOG : Bio   Filter | 083.300
2017-02-11 14:52:37 | TEMPLOG : To   GeoLoop | 072.500
2017-02-11 14:52:37 | TEMPLOG : Table    One | 086.900
2017-02-11 14:53:38 | TEMPLOG : Bio   Filter | 084.200
2017-02-11 14:53:38 | TEMPLOG : To   GeoLoop | 073.400
2017-02-11 14:53:38 | TEMPLOG : Table    One | 088.700
2017-02-11 14:54:39 | TEMPLOG : Bio   Filter | 085.100
2017-02-11 14:54:39 | TEMPLOG : To   GeoLoop | 074.300
2017-02-11 14:55:40 | TEMPLOG : WellhouseOne | 059.000
2017-02-11 14:55:40 | TEMPLOG : Bio   Filter | 086.000
2017-02-11 14:55:41 | TEMPLOG : Table    One | 090.500
2017-02-11 14:56:41 | TEMPLOG : WellhouseOne | 059.900
2017-02-11 14:56:41 | TEMPLOG : Bio   Filter | 086.900
2017-02-11 14:56:41 | TEMPLOG : To   GeoLoop | 075.200
2017-02-11 14:56:42 | TEMPLOG : Table    One | 092.300
2017-02-11 14:57:42 | TEMPLOG : WellhouseOne | 059.000
2017-02-11 14:57:42 | TEMPLOG : Bio   Filter | 087.800
2017-02-11 14:57:42 | TEMPLOG : Table    One | 093.200
2017-02-11 14:59:43 | TEMPLOG : Bio   Filter | 088.700
2017-02-11 14:59:44 | TEMPLOG : To   GeoLoop | 076.100
2017-02-11 15:00:44 | TEMPLOG : WellhouseOne | 059.000
2017-02-11 15:00:44 | TEMPLOG : Bio   Filter | 089.600
2017-02-11 15:00:45 | TEMPLOG : To   GeoLoop | 075.200
2017-02-11 15:00:45 | TEMPLOG : Table    One | 094.100
2017-02-11 15:01:46 | TEMPLOG : To   GeoLoop | 076.100
2017-02-11 15:02:47 | TEMPLOG : To   GeoLoop | 075.200
2017-02-11 15:02:47 | TEMPLOG : Table    One | 093.200
2017-02-11 15:03:48 | TEMPLOG : Bio   Filter | 088.700
2017-02-11 15:03:48 | TEMPLOG : Table    One | 092.300
2017-02-11 15:05:50 | TEMPLOG : Bio   Filter | 087.800
2017-02-11 15:05:50 | TEMPLOG : To   GeoLoop | 074.300
2017-02-11 15:06:51 | TEMPLOG : To   GeoLoop | 075.200
2017-02-11 15:08:53 | TEMPLOG : WellhouseOne | 058.100
2017-02-11 15:08:55 | TEMPLOG : To   GeoLoop | 074.300
2017-02-11 15:08:55 | TEMPLOG : Table    One | 091.400
2017-02-11 15:09:55 | TEMPLOG : WellhouseOne | 059.000
2017-02-11 15:09:56 | TEMPLOG : Bio   Filter | 086.900
2017-02-11 15:09:56 | TEMPLOG : Table    One | 090.500
2017-02-11 15:11:58 | TEMPLOG : WellhouseOne | 058.100
2017-02-11 15:11:59 | TEMPLOG : Table    One | 091.400
2017-02-11 15:13:00 | TEMPLOG : Bio   Filter | 087.800
2017-02-11 15:14:00 | TEMPLOG : Bio   Filter | 086.900
2017-02-11 15:14:01 | TEMPLOG : To   GeoLoop | 075.200
2017-02-11 15:14:01 | TEMPLOG : Table    One | 090.500
2017-02-11 15:15:01 | TEMPLOG : Bio   Filter | 086.000
2017-02-11 15:15:02 | TEMPLOG : To   GeoLoop | 074.300
2017-02-11 15:15:02 | TEMPLOG : Table    One | 089.600
2017-02-11 15:16:02 | TEMPLOG : Table    One | 087.800
2017-02-11 15:17:03 | TEMPLOG : Bio   Filter | 085.100
2017-02-11 15:17:03 | TEMPLOG : To   GeoLoop | 073.400
2017-02-11 15:17:03 | TEMPLOG : Table    One | 086.900
2017-02-11 15:18:04 | TEMPLOG : Bio   Filter | 084.200
2017-02-11 15:18:04 | TEMPLOG : To   GeoLoop | 072.500
2017-02-11 15:18:04 | TEMPLOG : Table    One | 085.100
2017-02-11 15:19:05 | TEMPLOG : WellhouseOne | 070.700
2017-02-11 15:19:05 | TEMPLOG : Bio   Filter | 082.400
2017-02-11 15:19:05 | TEMPLOG : Table    One | 083.300
2017-02-11 15:20:05 | TEMPLOG : WellhouseOne | 127.400
2017-02-11 15:20:06 | TEMPLOG : Bio   Filter | 081.500
2017-02-11 15:20:06 | TEMPLOG : To   GeoLoop | 071.600
2017-02-11 15:20:06 | TEMPLOG : Table    One | 081.500
2017-02-11 15:21:06 | TEMPLOG : WellhouseOne | 085.100
2017-02-11 15:21:07 | TEMPLOG : Bio   Filter | 080.600
2017-02-11 15:21:07 | TEMPLOG : Table    One | 080.600
2017-02-11 15:22:08 | TEMPLOG : WellhouseOne | 075.200
2017-02-11 15:22:08 | TEMPLOG : Bio   Filter | 079.700
2017-02-11 15:22:09 | TEMPLOG : Table    One | 079.700
2017-02-11 15:23:09 | TEMPLOG : WellhouseOne | 070.700
2017-02-11 15:23:10 | TEMPLOG : Bio   Filter | 078.800
2017-02-11 15:23:10 | TEMPLOG : To   GeoLoop | 070.700
2017-02-11 15:24:11 | TEMPLOG : WellhouseOne | 067.100
2017-02-11 15:24:13 | TEMPLOG : Table    One | 078.800
2017-02-11 15:25:13 | TEMPLOG : WellhouseOne | 066.200
2017-02-11 15:26:15 | TEMPLOG : WellhouseOne | 064.400
2017-02-11 15:26:15 | TEMPLOG : Bio   Filter | 077.900
2017-02-11 15:26:15 | TEMPLOG : Table    One | 077.900
2017-02-11 15:27:16 | TEMPLOG : WellhouseOne | 063.500
2017-02-11 15:27:17 | TEMPLOG : To   GeoLoop | 069.800
2017-02-11 15:28:17 | TEMPLOG : WellhouseOne | 062.600
2017-02-11 15:28:17 | TEMPLOG : Bio   Filter | 077.000
2017-02-11 15:28:17 | TEMPLOG : To   GeoLoop | 070.700
2017-02-11 15:28:18 | TEMPLOG : Table    One | 077.000
2017-02-11 15:29:18 | TEMPLOG : To   GeoLoop | 069.800
2017-02-11 15:30:19 | TEMPLOG : WellhouseOne | 061.700
2017-02-11 15:30:19 | TEMPLOG : To   GeoLoop | 070.700
2017-02-11 15:30:20 | TEMPLOG : Table    One | 078.800
2017-02-11 15:31:21 | TEMPLOG : Bio   Filter | 077.900
2017-02-11 15:31:21 | TEMPLOG : Table    One | 079.700
2017-02-11 15:32:22 | TEMPLOG : To   GeoLoop | 071.600
2017-02-11 15:32:22 | TEMPLOG : Table    One | 080.600
2017-02-11 15:33:23 | TEMPLOG : WellhouseOne | 060.800
2017-02-11 15:33:23 | TEMPLOG : Bio   Filter | 078.800
2017-02-11 15:35:26 | TEMPLOG : WellhouseOne | 059.900
2017-02-11 15:36:28 | TEMPLOG : WellhouseOne | 060.800
2017-02-11 15:36:28 | TEMPLOG : Bio   Filter | 077.900
2017-02-11 15:37:30 | TEMPLOG : Table    One | 081.500
2017-02-11 15:38:32 | TEMPLOG : Table    One | 080.600
2017-02-11 15:39:32 | TEMPLOG : WellhouseOne | 059.900
2017-02-11 15:39:34 | TEMPLOG : Table    One | 081.500
2017-02-11 15:43:39 | TEMPLOG : Table    One | 080.600
2017-02-11 15:44:40 | TEMPLOG : Bio   Filter | 077.000
2017-02-11 15:44:41 | TEMPLOG : Table    One | 079.700
2017-02-11 15:45:42 | TEMPLOG : To   GeoLoop | 070.700
2017-02-11 15:45:42 | TEMPLOG : Table    One | 078.800
2017-02-11 15:46:43 | TEMPLOG : WellhouseOne | 059.000
2017-02-11 15:46:43 | TEMPLOG : Bio   Filter | 076.100
2017-02-11 15:46:44 | TEMPLOG : Table    One | 077.900
2017-02-11 15:47:45 | TEMPLOG : To   GeoLoop | 069.800
2017-02-11 15:47:45 | TEMPLOG : Table    One | 076.100
2017-02-11 15:48:46 | TEMPLOG : Bio   Filter | 075.200
2017-02-11 15:48:46 | TEMPLOG : Table    One | 075.200
2017-02-11 15:49:47 | TEMPLOG : Bio   Filter | 074.300
2017-02-11 15:49:47 | TEMPLOG : To   GeoLoop | 068.900
2017-02-11 15:49:47 | TEMPLOG : Table    One | 073.400
2017-02-11 15:50:48 | TEMPLOG : Bio   Filter | 073.400
2017-02-11 15:51:48 | TEMPLOG : WellhouseOne | 058.100
2017-02-11 15:52:49 | TEMPLOG : WellhouseOne | 059.000
2017-02-11 15:53:51 | TEMPLOG : Bio   Filter | 072.500
2017-02-11 15:53:51 | TEMPLOG : Table    One | 072.500
2017-02-11 15:54:54 | TEMPLOG : Table    One | 073.400
2017-02-11 15:55:55 | TEMPLOG : Bio   Filter | 071.600
2017-02-11 15:56:55 | TEMPLOG : WellhouseOne | 058.100
2017-02-11 15:56:56 | TEMPLOG : Table    One | 072.500
2017-02-11 15:58:58 | TEMPLOG : To   GeoLoop | 068.000
2017-02-11 15:58:58 | TEMPLOG : Table    One | 071.600
2017-02-11 15:59:59 | TEMPLOG : Bio   Filter | 070.700
2017-02-11 16:00:00 | TEMPLOG : Table    One | 071.600
2017-02-11 16:01:00 | TEMPLOG : WellhouseOne | 059.000
2017-02-11 16:01:00 | TEMPLOG : Table    One | 070.700
2017-02-11 16:02:01 | TEMPLOG : WellhouseOne | 058.100
2017-02-11 16:03:03 | TEMPLOG : Bio   Filter | 069.800
2017-02-11 16:03:03 | TEMPLOG : Table    One | 069.800
2017-02-11 16:04:04 | TEMPLOG : Table    One | 068.900
2017-02-11 16:05:05 | TEMPLOG : WellhouseOne | 057.200
2017-02-11 16:05:05 | TEMPLOG : Bio   Filter | 068.900
2017-02-11 16:05:05 | TEMPLOG : To   GeoLoop | 067.100
2017-02-11 16:05:05 | TEMPLOG : Table    One | 068.000
2017-02-11 16:07:07 | TEMPLOG : Bio   Filter | 068.000
2017-02-11 16:07:08 | TEMPLOG : Table    One | 067.100
2017-02-11 16:10:11 | TEMPLOG : WellhouseOne | 062.600
2017-02-11 16:10:13 | TEMPLOG : Bio   Filter | 067.100
2017-02-11 16:10:13 | TEMPLOG : Table    One | 066.200
2017-02-11 16:11:14 | TEMPLOG : WellhouseOne | 128.300
2017-02-11 16:11:15 | TEMPLOG : To   GeoLoop | 066.200
2017-02-11 16:12:16 | TEMPLOG : WellhouseOne | 088.700
2017-02-11 16:13:17 | TEMPLOG : WellhouseOne | 079.700
2017-02-11 16:13:17 | TEMPLOG : Bio   Filter | 066.200
2017-02-11 16:13:17 | TEMPLOG : To   GeoLoop | 067.100
2017-02-11 16:13:17 | TEMPLOG : Table    One | 065.300
2017-02-11 16:14:18 | TEMPLOG : WellhouseOne | 074.300
2017-02-11 16:14:19 | TEMPLOG : Table    One | 066.200
2017-02-11 16:15:19 | TEMPLOG : WellhouseOne | 070.700
2017-02-11 16:15:19 | TEMPLOG : To   GeoLoop | 066.200
2017-02-11 16:15:20 | TEMPLOG : Table    One | 065.300
2017-02-11 16:16:20 | TEMPLOG : WellhouseOne | 068.000
2017-02-11 16:16:21 | TEMPLOG : Table    One | 066.200
2017-02-11 16:17:21 | TEMPLOG : WellhouseOne | 067.100
2017-02-11 16:18:22 | TEMPLOG : WellhouseOne | 065.300
2017-02-11 16:18:24 | TEMPLOG : To   GeoLoop | 067.100
2017-02-11 16:19:24 | TEMPLOG : WellhouseOne | 064.400
2017-02-11 16:20:25 | TEMPLOG : WellhouseOne | 063.500
2017-02-11 16:20:26 | TEMPLOG : To   GeoLoop | 066.200
2017-02-11 16:20:26 | TEMPLOG : Table    One | 065.300
2017-02-11 16:21:27 | TEMPLOG : WellhouseOne | 062.600
2017-02-11 16:21:27 | TEMPLOG : Bio   Filter | 065.300
2017-02-11 16:22:28 | TEMPLOG : WellhouseOne | 061.700
2017-02-11 16:22:29 | TEMPLOG : Table    One | 064.400
2017-02-11 16:23:29 | TEMPLOG : WellhouseOne | 060.800
2017-02-11 16:24:31 | TEMPLOG : Bio   Filter | 064.400
2017-02-11 16:25:32 | TEMPLOG : WellhouseOne | 059.900
2017-02-11 16:26:35 | TEMPLOG : To   GeoLoop | 065.300
2017-02-11 16:26:35 | TEMPLOG : Table    One | 063.500
2017-02-11 16:27:35 | TEMPLOG : WellhouseOne | 059.000
2017-02-11 16:27:36 | TEMPLOG : Bio   Filter | 063.500
2017-02-11 16:27:36 | TEMPLOG : To   GeoLoop | 066.200
2017-02-11 16:27:37 | TEMPLOG : Table    One | 062.600
2017-02-11 16:28:37 | TEMPLOG : To   GeoLoop | 065.300
2017-02-11 16:29:37 | TEMPLOG : WellhouseOne | 058.100
2017-02-11 16:29:38 | TEMPLOG : Bio   Filter | 062.600
2017-02-11 16:29:38 | TEMPLOG : Table    One | 061.700
2017-02-11 16:32:42 | TEMPLOG : Table    One | 060.800
2017-02-11 16:33:43 | TEMPLOG : Bio   Filter | 061.700
2017-02-11 16:34:44 | TEMPLOG : To   GeoLoop | 064.400
2017-02-11 16:35:44 | TEMPLOG : WellhouseOne | 057.200
2017-02-11 16:35:44 | TEMPLOG : Bio   Filter | 060.800
2017-02-11 16:35:45 | TEMPLOG : Table    One | 059.900
2017-02-11 16:38:49 | TEMPLOG : WellhouseOne | 056.300
2017-02-11 16:40:51 | TEMPLOG : Bio   Filter | 059.900
2017-02-11 16:42:56 | TEMPLOG : Table    One | 059.000
2017-02-11 16:49:02 | TEMPLOG : WellhouseOne | 055.400
2017-02-11 16:50:03 | TEMPLOG : Bio   Filter | 059.000
2017-02-11 16:51:06 | TEMPLOG : Table    One | 058.100
2017-02-11 16:54:08 | TEMPLOG : WellhouseOne | 091.400
2017-02-11 16:55:09 | TEMPLOG : WellhouseOne | 118.400
2017-02-11 16:55:10 | TEMPLOG : To   GeoLoop | 063.500
2017-02-11 16:56:11 | TEMPLOG : WellhouseOne | 082.400
2017-02-11 16:56:12 | TEMPLOG : To   GeoLoop | 064.400
2017-02-11 16:57:13 | TEMPLOG : WellhouseOne | 074.300
2017-02-11 16:57:13 | TEMPLOG : Bio   Filter | 058.100
2017-02-11 16:57:13 | TEMPLOG : To   GeoLoop | 063.500
2017-02-11 16:57:13 | TEMPLOG : Table    One | 057.200
2017-02-11 16:58:13 | TEMPLOG : WellhouseOne | 068.900
2017-02-11 16:59:15 | TEMPLOG : WellhouseOne | 065.300
2017-02-11 17:00:16 | TEMPLOG : WellhouseOne | 063.500
2017-02-11 17:00:16 | TEMPLOG : Bio   Filter | 058.100
2017-02-11 17:00:17 | TEMPLOG : To   GeoLoop | 063.500
2017-02-11 17:00:17 | TEMPLOG : Table    One | 057.200
2017-02-11 17:01:18 | TEMPLOG : WellhouseOne | 062.600
2017-02-11 17:01:18 | TEMPLOG : Bio   Filter | 057.200
2017-02-11 17:01:19 | TEMPLOG : Table    One | 056.300
2017-02-11 17:02:19 | TEMPLOG : WellhouseOne | 060.800
2017-02-11 17:03:21 | TEMPLOG : WellhouseOne | 059.900
2017-02-11 17:04:23 | TEMPLOG : WellhouseOne | 059.000
2017-02-11 17:06:24 | TEMPLOG : WellhouseOne | 058.100
2017-02-11 17:06:25 | TEMPLOG : Table    One | 055.400
2017-02-11 17:07:26 | TEMPLOG : WellhouseOne | 057.200
2017-02-11 17:07:26 | TEMPLOG : Bio   Filter | 056.300
2017-02-11 17:10:30 | TEMPLOG : WellhouseOne | 056.300
2017-02-11 17:11:31 | TEMPLOG : To   GeoLoop | 062.600
2017-02-11 17:12:32 | TEMPLOG : To   GeoLoop | 063.500
2017-02-11 17:13:33 | TEMPLOG : Bio   Filter | 055.400
2017-02-11 17:13:33 | TEMPLOG : To   GeoLoop | 062.600
2017-02-11 17:15:35 | TEMPLOG : Table    One | 054.500
2017-02-11 17:16:36 | TEMPLOG : WellhouseOne | 055.400
2017-02-11 17:23:47 | TEMPLOG : Bio   Filter | 054.500
2017-02-11 17:27:52 | TEMPLOG : WellhouseOne | 054.500
2017-02-11 17:27:53 | TEMPLOG : Table    One | 053.600
2017-02-11 17:33:00 | TEMPLOG : Bio   Filter | 053.600
2017-02-11 17:35:02 | TEMPLOG : WellhouseOne | 059.900
2017-02-11 17:36:03 | TEMPLOG : WellhouseOne | 119.300
2017-02-11 17:37:04 | TEMPLOG : WellhouseOne | 090.500
2017-02-11 17:38:06 | TEMPLOG : WellhouseOne | 077.900
2017-02-11 17:38:07 | TEMPLOG : To   GeoLoop | 061.700
2017-02-11 17:38:07 | TEMPLOG : Table    One | 052.700
2017-02-11 17:39:07 | TEMPLOG : WellhouseOne | 070.700
2017-02-11 17:40:09 | TEMPLOG : WellhouseOne | 067.100
2017-02-11 17:41:10 | TEMPLOG : WellhouseOne | 065.300
2017-02-11 17:42:11 | TEMPLOG : WellhouseOne | 063.500
2017-02-11 17:43:12 | TEMPLOG : WellhouseOne | 062.600
2017-02-11 17:44:14 | TEMPLOG : WellhouseOne | 060.800
2017-02-11 17:45:14 | TEMPLOG : WellhouseOne | 059.900
2017-02-11 17:47:17 | TEMPLOG : WellhouseOne | 059.000
2017-02-11 17:48:18 | TEMPLOG : WellhouseOne | 058.100
2017-02-11 17:50:23 | TEMPLOG : Table    One | 053.600
2017-02-11 17:52:25 | TEMPLOG : WellhouseOne | 057.200
2017-02-11 17:54:27 | TEMPLOG : To   GeoLoop | 062.600
2017-02-11 17:55:29 | TEMPLOG : WellhouseOne | 056.300
2017-02-11 17:55:30 | TEMPLOG : To   GeoLoop | 061.700
2017-02-11 17:59:33 | TEMPLOG : To   GeoLoop | 062.600
2017-02-11 18:00:34 | TEMPLOG : WellhouseOne | 055.400
2017-02-11 18:00:34 | TEMPLOG : Bio   Filter | 053.600
2017-02-11 18:00:35 | TEMPLOG : To   GeoLoop | 061.700
2017-02-11 18:00:35 | TEMPLOG : Table    One | 053.600
2017-02-11 18:01:37 | TEMPLOG : To   GeoLoop | 062.600
2017-02-11 18:02:38 | TEMPLOG : To   GeoLoop | 061.700
2017-02-11 18:03:40 | TEMPLOG : To   GeoLoop | 062.600
2017-02-11 18:05:41 | TEMPLOG : To   GeoLoop | 061.700
2017-02-11 18:06:42 | TEMPLOG : WellhouseOne | 054.500
2017-02-11 18:08:45 | TEMPLOG : To   GeoLoop | 062.600
2017-02-11 18:09:45 | TEMPLOG : To   GeoLoop | 061.700
2017-02-11 18:11:49 | TEMPLOG : To   GeoLoop | 062.600
2017-02-11 18:12:50 | TEMPLOG : To   GeoLoop | 061.700
2017-02-11 18:13:53 | TEMPLOG : To   GeoLoop | 062.600
2017-02-11 18:14:54 | TEMPLOG : To   GeoLoop | 061.700
2017-02-11 18:15:55 | TEMPLOG : WellhouseOne | 053.600
2017-02-11 18:16:55 | TEMPLOG : WellhouseOne | 099.500
2017-02-11 18:17:56 | TEMPLOG : WellhouseOne | 118.400
2017-02-11 18:18:58 | TEMPLOG : WellhouseOne | 086.000
2017-02-11 18:19:59 | TEMPLOG : WellhouseOne | 077.000
2017-02-11 18:21:00 | TEMPLOG : WellhouseOne | 073.400
2017-02-11 18:22:02 | TEMPLOG : WellhouseOne | 069.800
2017-02-11 18:23:03 | TEMPLOG : WellhouseOne | 067.100
2017-02-11 18:24:04 | TEMPLOG : WellhouseOne | 065.300
2017-02-11 18:25:05 | TEMPLOG : WellhouseOne | 063.500
2017-02-11 18:25:07 | TEMPLOG : Table    One | 052.700
2017-02-11 18:26:07 | TEMPLOG : WellhouseOne | 062.600
2017-02-11 18:26:07 | TEMPLOG : Table    One | 053.600
2017-02-11 18:27:08 | TEMPLOG : WellhouseOne | 061.700
2017-02-11 18:27:09 | TEMPLOG : Table    One | 052.700
2017-02-11 18:28:09 | TEMPLOG : WellhouseOne | 060.800
2017-02-11 18:29:10 | TEMPLOG : WellhouseOne | 059.900
2017-02-11 18:31:13 | TEMPLOG : WellhouseOne | 059.000
2017-02-11 18:32:14 | TEMPLOG : WellhouseOne | 058.100
2017-02-11 18:32:14 | TEMPLOG : Bio   Filter | 052.700
2017-02-11 18:35:18 | TEMPLOG : WellhouseOne | 057.200
2017-02-11 18:38:20 | TEMPLOG : WellhouseOne | 056.300
2017-02-11 18:57:43 | TEMPLOG : WellhouseOne | 096.800
2017-02-11 18:58:44 | TEMPLOG : WellhouseOne | 119.300
2017-02-11 18:59:45 | TEMPLOG : WellhouseOne | 086.900
2017-02-11 19:00:46 | TEMPLOG : WellhouseOne | 077.900
2017-02-11 19:00:46 | TEMPLOG : Bio   Filter | 052.700
2017-02-11 19:00:47 | TEMPLOG : To   GeoLoop | 061.700
2017-02-11 19:00:47 | TEMPLOG : Table    One | 052.700
2017-02-11 19:01:47 | TEMPLOG : WellhouseOne | 073.400
2017-02-11 19:02:48 | TEMPLOG : WellhouseOne | 070.700
2017-02-11 19:02:50 | TEMPLOG : To   GeoLoop | 060.800
2017-02-11 19:03:51 | TEMPLOG : WellhouseOne | 068.900
2017-02-11 19:04:53 | TEMPLOG : WellhouseOne | 067.100
2017-02-11 19:05:54 | TEMPLOG : WellhouseOne | 065.300
2017-02-11 19:06:56 | TEMPLOG : WellhouseOne | 064.400
2017-02-11 19:06:57 | TEMPLOG : Table    One | 051.800
2017-02-11 19:07:58 | TEMPLOG : WellhouseOne | 063.500
2017-02-11 19:07:58 | TEMPLOG : Bio   Filter | 051.800
2017-02-11 19:07:59 | TEMPLOG : Table    One | 052.700
2017-02-11 19:08:59 | TEMPLOG : WellhouseOne | 062.600
2017-02-11 19:10:00 | TEMPLOG : WellhouseOne | 061.700
2017-02-11 19:10:00 | TEMPLOG : Bio   Filter | 052.700
2017-02-11 19:11:01 | TEMPLOG : Bio   Filter | 051.800
2017-02-11 19:12:02 | TEMPLOG : WellhouseOne | 060.800
2017-02-11 19:12:02 | TEMPLOG : Bio   Filter | 052.700
2017-02-11 19:13:03 | TEMPLOG : Bio   Filter | 051.800
2017-02-11 19:14:04 | TEMPLOG : WellhouseOne | 059.900
2017-02-11 19:14:05 | TEMPLOG : Table    One | 051.800
2017-02-11 19:16:05 | TEMPLOG : WellhouseOne | 059.000
2017-02-11 19:19:09 | TEMPLOG : WellhouseOne | 058.100
2017-02-11 19:23:14 | TEMPLOG : WellhouseOne | 057.200
2017-02-11 19:30:24 | TEMPLOG : WellhouseOne | 056.300
2017-02-11 19:37:34 | TEMPLOG : WellhouseOne | 055.400
2017-02-11 19:39:36 | TEMPLOG : WellhouseOne | 056.300
2017-02-11 19:40:38 | TEMPLOG : WellhouseOne | 119.300
2017-02-11 19:41:39 | TEMPLOG : WellhouseOne | 099.500
2017-02-11 19:42:40 | TEMPLOG : WellhouseOne | 081.500
2017-02-11 19:43:42 | TEMPLOG : WellhouseOne | 076.100
2017-02-11 19:44:42 | TEMPLOG : WellhouseOne | 071.600
2017-02-11 19:45:43 | TEMPLOG : WellhouseOne | 068.000
2017-02-11 19:46:45 | TEMPLOG : WellhouseOne | 065.300
2017-02-11 19:47:46 | TEMPLOG : WellhouseOne | 063.500
2017-02-11 19:48:48 | TEMPLOG : WellhouseOne | 062.600
2017-02-11 19:49:50 | TEMPLOG : WellhouseOne | 060.800
2017-02-11 19:51:52 | TEMPLOG : WellhouseOne | 059.900
2017-02-11 19:52:53 | TEMPLOG : WellhouseOne | 059.000
2017-02-11 19:52:53 | TEMPLOG : Bio   Filter | 050.900
2017-02-11 19:53:54 | TEMPLOG : Bio   Filter | 051.800
2017-02-11 19:54:55 | TEMPLOG : Table    One | 050.900
2017-02-11 19:55:55 | TEMPLOG : WellhouseOne | 058.100
2017-02-11 19:55:55 | TEMPLOG : Bio   Filter | 050.900
2017-02-11 19:56:57 | TEMPLOG : Table    One | 051.800
2017-02-11 19:57:57 | TEMPLOG : WellhouseOne | 057.200
2017-02-11 19:57:57 | TEMPLOG : Bio   Filter | 051.800
2017-02-11 19:58:59 | TEMPLOG : Bio   Filter | 050.900
2017-02-11 19:59:00 | TEMPLOG : Table    One | 050.900
2017-02-11 20:00:01 | TEMPLOG : WellhouseOne | 057.200
2017-02-11 20:00:01 | TEMPLOG : Bio   Filter | 050.900
2017-02-11 20:00:01 | TEMPLOG : To   GeoLoop | 060.800
2017-02-11 20:00:01 | TEMPLOG : Table    One | 051.800
2017-02-11 20:01:03 | TEMPLOG : Table    One | 050.900
2017-02-11 20:03:04 | TEMPLOG : WellhouseOne | 056.300
2017-02-11 20:03:05 | TEMPLOG : Table    One | 051.800
2017-02-11 20:04:06 | TEMPLOG : Table    One | 050.900
2017-02-11 20:05:07 | TEMPLOG : Table    One | 051.800
2017-02-11 20:06:08 | TEMPLOG : Table    One | 050.900
2017-02-11 20:07:09 | TEMPLOG : To   GeoLoop | 059.900
2017-02-11 20:08:10 | TEMPLOG : To   GeoLoop | 060.800
2017-02-11 20:09:11 | TEMPLOG : WellhouseOne | 055.400
2017-02-11 20:09:11 | TEMPLOG : To   GeoLoop | 059.900
2017-02-11 20:10:13 | TEMPLOG : To   GeoLoop | 060.800
2017-02-11 20:11:13 | TEMPLOG : WellhouseOne | 054.500
2017-02-11 20:12:16 | TEMPLOG : To   GeoLoop | 059.900
2017-02-11 20:15:18 | TEMPLOG : WellhouseOne | 053.600
2017-02-11 20:18:20 | TEMPLOG : WellhouseOne | 052.700
2017-02-11 20:19:21 | TEMPLOG : WellhouseOne | 087.800
2017-02-11 20:20:22 | TEMPLOG : WellhouseOne | 123.800
2017-02-11 20:21:23 | TEMPLOG : WellhouseOne | 094.100
2017-02-11 20:22:24 | TEMPLOG : WellhouseOne | 080.600
2017-02-11 20:23:25 | TEMPLOG : WellhouseOne | 073.400
2017-02-11 20:24:26 | TEMPLOG : WellhouseOne | 067.100
2017-02-11 20:25:27 | TEMPLOG : WellhouseOne | 063.500
2017-02-11 20:26:28 | TEMPLOG : WellhouseOne | 060.800
2017-02-11 20:27:29 | TEMPLOG : WellhouseOne | 059.000
2017-02-11 20:28:30 | TEMPLOG : WellhouseOne | 057.200
2017-02-11 20:29:32 | TEMPLOG : WellhouseOne | 056.300
2017-02-11 20:30:33 | TEMPLOG : WellhouseOne | 055.400
2017-02-11 20:30:33 | TEMPLOG : Bio   Filter | 050.000
2017-02-11 20:31:34 | TEMPLOG : Bio   Filter | 050.900
2017-02-11 20:32:35 | TEMPLOG : WellhouseOne | 054.500
2017-02-11 20:32:36 | TEMPLOG : Table    One | 050.000
2017-02-11 20:33:36 | TEMPLOG : Bio   Filter | 050.000
2017-02-11 20:33:37 | TEMPLOG : Table    One | 050.900
2017-02-11 20:34:37 | TEMPLOG : WellhouseOne | 053.600
2017-02-11 20:34:38 | TEMPLOG : Table    One | 050.000
2017-02-11 20:37:41 | TEMPLOG : Table    One | 050.900
2017-02-11 20:38:41 | TEMPLOG : WellhouseOne | 052.700
2017-02-11 20:38:43 | TEMPLOG : Table    One | 050.000
2017-02-11 20:39:44 | TEMPLOG : Table    One | 050.900
2017-02-11 20:40:44 | TEMPLOG : WellhouseOne | 051.800
2017-02-11 20:40:45 | TEMPLOG : Table    One | 050.000
2017-02-11 20:42:47 | TEMPLOG : WellhouseOne | 050.900
2017-02-11 20:52:58 | TEMPLOG : WellhouseOne | 050.000
2017-02-11 20:53:00 | TEMPLOG : To   GeoLoop | 059.000
2017-02-11 20:55:03 | TEMPLOG : To   GeoLoop | 059.900
2017-02-11 20:56:04 | TEMPLOG : To   GeoLoop | 059.000
2017-02-11 20:57:04 | TEMPLOG : To   GeoLoop | 059.900
2017-02-11 20:58:05 | TEMPLOG : WellhouseOne | 115.700
2017-02-11 20:58:05 | TEMPLOG : To   GeoLoop | 059.000
2017-02-11 20:59:06 | TEMPLOG : WellhouseOne | 102.200
2017-02-11 21:00:07 | TEMPLOG : WellhouseOne | 082.400
2017-02-11 21:00:07 | TEMPLOG : Bio   Filter | 050.000
2017-02-11 21:00:08 | TEMPLOG : To   GeoLoop | 059.900
2017-02-11 21:00:08 | TEMPLOG : Table    One | 050.000
2017-02-11 21:01:09 | TEMPLOG : WellhouseOne | 073.400
2017-02-11 21:02:10 | TEMPLOG : WellhouseOne | 067.100
2017-02-11 21:02:11 | TEMPLOG : To   GeoLoop | 059.000
2017-02-11 21:03:12 | TEMPLOG : WellhouseOne | 064.400
2017-02-11 21:03:12 | TEMPLOG : Bio   Filter | 049.100
2017-02-11 21:04:13 | TEMPLOG : WellhouseOne | 061.700
2017-02-11 21:05:15 | TEMPLOG : WellhouseOne | 060.800
2017-02-11 21:05:15 | TEMPLOG : Bio   Filter | 050.000
2017-02-11 21:06:16 | TEMPLOG : WellhouseOne | 059.900
2017-02-11 21:06:17 | TEMPLOG : Bio   Filter | 049.100
2017-02-11 21:07:18 | TEMPLOG : WellhouseOne | 059.000
2017-02-11 21:08:19 | TEMPLOG : WellhouseOne | 058.100
2017-02-11 21:08:19 | TEMPLOG : Bio   Filter | 050.000
2017-02-11 21:09:20 | TEMPLOG : WellhouseOne | 057.200
2017-02-11 21:09:20 | TEMPLOG : Bio   Filter | 049.100
2017-02-11 21:10:21 | TEMPLOG : WellhouseOne | 056.300
2017-02-11 21:11:22 | TEMPLOG : WellhouseOne | 055.400
2017-02-11 21:12:23 | TEMPLOG : WellhouseOne | 054.500
2017-02-11 21:13:25 | TEMPLOG : WellhouseOne | 053.600
2017-02-11 21:14:25 | TEMPLOG : WellhouseOne | 052.700
2017-02-11 21:14:26 | TEMPLOG : Table    One | 049.100
2017-02-11 21:15:26 | TEMPLOG : WellhouseOne | 053.600
2017-02-11 21:15:27 | TEMPLOG : Bio   Filter | 050.000
2017-02-11 21:15:27 | TEMPLOG : Table    One | 050.000
2017-02-11 21:16:27 | TEMPLOG : WellhouseOne | 052.700
2017-02-11 21:16:27 | TEMPLOG : Bio   Filter | 049.100
2017-02-11 21:17:29 | TEMPLOG : WellhouseOne | 050.900
2017-02-11 21:19:32 | TEMPLOG : Table    One | 049.100
2017-02-11 21:20:33 | TEMPLOG : WellhouseOne | 050.000
2017-02-11 21:22:35 | TEMPLOG : WellhouseOne | 049.100
2017-02-11 21:24:37 | TEMPLOG : WellhouseOne | 050.000
2017-02-11 21:26:41 | TEMPLOG : WellhouseOne | 049.100
2017-02-11 21:29:44 | TEMPLOG : WellhouseOne | 048.200
2017-02-11 21:31:45 | TEMPLOG : Bio   Filter | 048.200
2017-02-11 21:32:47 | TEMPLOG : WellhouseOne | 049.100
2017-02-11 21:32:47 | TEMPLOG : Bio   Filter | 049.100
2017-02-11 21:33:48 | TEMPLOG : WellhouseOne | 098.600
2017-02-11 21:34:49 | TEMPLOG : WellhouseOne | 128.300
2017-02-11 21:35:51 | TEMPLOG : WellhouseOne | 085.100
2017-02-11 21:35:51 | TEMPLOG : Bio   Filter | 048.200
2017-02-11 21:36:51 | TEMPLOG : WellhouseOne | 073.400
2017-02-11 21:37:52 | TEMPLOG : WellhouseOne | 068.900
2017-02-11 21:38:53 | TEMPLOG : WellhouseOne | 064.400
2017-02-11 21:39:54 | TEMPLOG : WellhouseOne | 061.700
2017-02-11 21:40:55 | TEMPLOG : WellhouseOne | 059.000
2017-02-11 21:41:57 | TEMPLOG : WellhouseOne | 056.300
2017-02-11 21:41:58 | TEMPLOG : Table    One | 048.200
2017-02-11 21:43:59 | TEMPLOG : WellhouseOne | 055.400
2017-02-11 21:45:01 | TEMPLOG : WellhouseOne | 053.600
2017-02-11 21:45:02 | TEMPLOG : To   GeoLoop | 058.100
2017-02-11 21:46:03 | TEMPLOG : WellhouseOne | 052.700
2017-02-11 21:46:03 | TEMPLOG : To   GeoLoop | 059.000
2017-02-11 21:47:04 | TEMPLOG : WellhouseOne | 050.000
2017-02-11 21:47:05 | TEMPLOG : To   GeoLoop | 058.100
2017-02-11 21:48:05 | TEMPLOG : WellhouseOne | 049.100
2017-02-11 21:49:08 | TEMPLOG : WellhouseOne | 048.200
2017-02-11 21:50:09 | TEMPLOG : Bio   Filter | 047.300
2017-02-11 21:51:12 | TEMPLOG : Table    One | 047.300
2017-02-11 21:54:14 | TEMPLOG : WellhouseOne | 047.300
2017-02-11 21:57:18 | TEMPLOG : WellhouseOne | 046.400
2017-02-11 21:58:19 | TEMPLOG : WellhouseOne | 045.500
2017-02-11 21:59:20 | TEMPLOG : WellhouseOne | 046.400
2017-02-11 22:00:21 | TEMPLOG : WellhouseOne | 046.400
2017-02-11 22:00:21 | TEMPLOG : Bio   Filter | 046.400
2017-02-11 22:00:22 | TEMPLOG : To   GeoLoop | 058.100
2017-02-11 22:00:22 | TEMPLOG : Table    One | 047.300
2017-02-11 22:01:23 | TEMPLOG : WellhouseOne | 045.500
2017-02-11 22:01:24 | TEMPLOG : Table    One | 046.400
2017-02-11 22:04:26 | TEMPLOG : WellhouseOne | 044.600
2017-02-11 22:05:27 | TEMPLOG : WellhouseOne | 072.500
2017-02-11 22:06:28 | TEMPLOG : WellhouseOne | 120.200
2017-02-11 22:06:28 | TEMPLOG : To   GeoLoop | 057.200
2017-02-11 22:07:29 | TEMPLOG : WellhouseOne | 122.000
2017-02-11 22:08:31 | TEMPLOG : WellhouseOne | 076.100
2017-02-11 22:08:31 | TEMPLOG : Bio   Filter | 045.500
2017-02-11 22:09:32 | TEMPLOG : WellhouseOne | 067.100
2017-02-11 22:09:33 | TEMPLOG : Table    One | 045.500
2017-02-11 22:10:33 | TEMPLOG : WellhouseOne | 060.800
2017-02-11 22:11:34 | TEMPLOG : WellhouseOne | 057.200
2017-02-11 22:12:36 | TEMPLOG : WellhouseOne | 054.500
2017-02-11 22:13:37 | TEMPLOG : WellhouseOne | 052.700
2017-02-11 22:14:38 | TEMPLOG : WellhouseOne | 050.900
2017-02-11 22:16:40 | TEMPLOG : WellhouseOne | 049.100
2017-02-11 22:16:40 | TEMPLOG : Bio   Filter | 044.600
2017-02-11 22:16:40 | TEMPLOG : Table    One | 044.600
2017-02-11 22:17:41 | TEMPLOG : WellhouseOne | 048.200
2017-02-11 22:17:41 | TEMPLOG : Bio   Filter | 045.500
2017-02-11 22:18:41 | TEMPLOG : WellhouseOne | 047.300
2017-02-11 22:18:42 | TEMPLOG : Bio   Filter | 044.600
2017-02-11 22:20:44 | TEMPLOG : WellhouseOne | 046.400
2017-02-11 22:21:44 | TEMPLOG : WellhouseOne | 047.300
2017-02-11 22:22:46 | TEMPLOG : To   GeoLoop | 056.300
2017-02-11 22:23:47 | TEMPLOG : WellhouseOne | 046.400
2017-02-11 22:23:48 | TEMPLOG : Bio   Filter | 043.700
2017-02-11 22:24:49 | TEMPLOG : WellhouseOne | 045.500
2017-02-11 22:24:50 | TEMPLOG : Table    One | 043.700
2017-02-11 22:26:51 | TEMPLOG : WellhouseOne | 044.600
2017-02-11 22:31:56 | TEMPLOG : WellhouseOne | 043.700
2017-02-11 22:37:03 | TEMPLOG : WellhouseOne | 106.700
2017-02-11 22:38:05 | TEMPLOG : WellhouseOne | 123.800
2017-02-11 22:39:05 | TEMPLOG : WellhouseOne | 090.500
2017-02-11 22:40:07 | TEMPLOG : WellhouseOne | 072.500
2017-02-11 22:41:08 | TEMPLOG : WellhouseOne | 062.600
2017-02-11 22:42:09 | TEMPLOG : WellhouseOne | 060.800
2017-02-11 22:43:10 | TEMPLOG : WellhouseOne | 057.200
2017-02-11 22:44:11 | TEMPLOG : WellhouseOne | 054.500
2017-02-11 22:45:12 | TEMPLOG : WellhouseOne | 051.800
2017-02-11 22:46:13 | TEMPLOG : WellhouseOne | 050.900
2017-02-11 22:47:14 | TEMPLOG : WellhouseOne | 050.000
2017-02-11 22:48:15 | TEMPLOG : WellhouseOne | 048.200
2017-02-11 22:50:18 | TEMPLOG : WellhouseOne | 047.300
2017-02-11 22:52:20 | TEMPLOG : WellhouseOne | 046.400
2017-02-11 22:56:26 | TEMPLOG : WellhouseOne | 045.500
2017-02-11 22:57:27 | TEMPLOG : WellhouseOne | 046.400
2017-02-11 22:58:28 | TEMPLOG : WellhouseOne | 045.500
2017-02-11 22:59:30 | TEMPLOG : WellhouseOne | 044.600
2017-02-11 23:00:30 | TEMPLOG : WellhouseOne | 045.500
2017-02-11 23:00:31 | TEMPLOG : Bio   Filter | 043.700
2017-02-11 23:00:31 | TEMPLOG : To   GeoLoop | 056.300
2017-02-11 23:00:31 | TEMPLOG : Table    One | 043.700
2017-02-11 23:03:33 | TEMPLOG : WellhouseOne | 044.600
2017-02-11 23:04:34 | TEMPLOG : WellhouseOne | 043.700
2017-02-11 23:04:34 | TEMPLOG : Bio   Filter | 042.800
2017-02-11 23:04:35 | TEMPLOG : To   GeoLoop | 055.400
2017-02-11 23:05:35 | TEMPLOG : WellhouseOne | 044.600
2017-02-11 23:06:37 | TEMPLOG : Table    One | 042.800
2017-02-11 23:07:37 | TEMPLOG : WellhouseOne | 068.000
2017-02-11 23:08:38 | TEMPLOG : WellhouseOne | 121.100
2017-02-11 23:09:40 | TEMPLOG : WellhouseOne | 128.300
2017-02-11 23:10:42 | TEMPLOG : WellhouseOne | 089.600
2017-02-11 23:11:43 | TEMPLOG : WellhouseOne | 078.800
2017-02-11 23:12:44 | TEMPLOG : WellhouseOne | 071.600
2017-02-11 23:13:46 | TEMPLOG : WellhouseOne | 065.300
2017-02-11 23:14:47 | TEMPLOG : WellhouseOne | 059.900
2017-02-11 23:15:49 | TEMPLOG : WellhouseOne | 056.300
2017-02-11 23:16:51 | TEMPLOG : WellhouseOne | 054.500
2017-02-11 23:17:52 | TEMPLOG : WellhouseOne | 052.700
2017-02-11 23:18:54 | TEMPLOG : WellhouseOne | 051.800
2017-02-11 23:19:55 | TEMPLOG : WellhouseOne | 050.900
2017-02-11 23:20:58 | TEMPLOG : WellhouseOne | 050.000
2017-02-11 23:23:00 | TEMPLOG : WellhouseOne | 049.100
2017-02-11 23:27:06 | TEMPLOG : WellhouseOne | 048.200
2017-02-11 23:28:07 | TEMPLOG : WellhouseOne | 047.300
2017-02-11 23:30:09 | TEMPLOG : WellhouseOne | 048.200
2017-02-11 23:35:14 | TEMPLOG : WellhouseOne | 047.300
2017-02-11 23:37:16 | TEMPLOG : WellhouseOne | 046.400
2017-02-11 23:39:19 | TEMPLOG : WellhouseOne | 086.900
2017-02-11 23:40:20 | TEMPLOG : WellhouseOne | 122.000
2017-02-11 23:41:21 | TEMPLOG : WellhouseOne | 127.400
2017-02-11 23:42:22 | TEMPLOG : WellhouseOne | 089.600
2017-02-11 23:43:23 | TEMPLOG : WellhouseOne | 077.000
2017-02-11 23:44:26 | TEMPLOG : WellhouseOne | 070.700
2017-02-11 23:45:27 | TEMPLOG : WellhouseOne | 065.300
2017-02-11 23:46:29 | TEMPLOG : WellhouseOne | 062.600
2017-02-11 23:47:30 | TEMPLOG : WellhouseOne | 059.000
2017-02-11 23:48:31 | TEMPLOG : WellhouseOne | 057.200
2017-02-11 23:49:32 | TEMPLOG : WellhouseOne | 056.300
2017-02-11 23:50:33 | TEMPLOG : WellhouseOne | 054.500
2017-02-11 23:51:34 | TEMPLOG : WellhouseOne | 053.600
2017-02-11 23:52:35 | TEMPLOG : WellhouseOne | 052.700
2017-02-11 23:53:36 | TEMPLOG : WellhouseOne | 051.800
2017-02-11 23:55:38 | TEMPLOG : WellhouseOne | 050.900
2017-02-11 23:56:40 | TEMPLOG : WellhouseOne | 050.000
