2017-02-28 00:00:57 | TEMPLOG : WellhouseOne | 050.000
2017-02-28 00:00:58 | TEMPLOG : Bio   Filter | 041.900
2017-02-28 00:00:58 | TEMPLOG : To   GeoLoop | 052.700
2017-02-28 00:00:58 | TEMPLOG : Table    One | 041.900
2017-02-28 00:01:58 | TEMPLOG : WellhouseOne | 049.100
2017-02-28 00:05:02 | TEMPLOG : WellhouseOne | 048.200
2017-02-28 00:08:05 | TEMPLOG : WellhouseOne | 047.300
2017-02-28 00:11:08 | TEMPLOG : WellhouseOne | 046.400
2017-02-28 00:15:12 | TEMPLOG : WellhouseOne | 045.500
2017-02-28 00:16:14 | TEMPLOG : WellhouseOne | 092.300
2017-02-28 00:17:15 | TEMPLOG : WellhouseOne | 118.400
2017-02-28 00:18:16 | TEMPLOG : WellhouseOne | 127.400
2017-02-28 00:19:17 | TEMPLOG : WellhouseOne | 096.800
2017-02-28 00:20:18 | TEMPLOG : WellhouseOne | 081.500
2017-02-28 00:21:19 | TEMPLOG : WellhouseOne | 074.300
2017-02-28 00:22:20 | TEMPLOG : WellhouseOne | 068.000
2017-02-28 00:23:21 | TEMPLOG : WellhouseOne | 064.400
2017-02-28 00:24:22 | TEMPLOG : WellhouseOne | 060.800
2017-02-28 00:25:23 | TEMPLOG : WellhouseOne | 058.100
2017-02-28 00:26:24 | TEMPLOG : WellhouseOne | 055.400
2017-02-28 00:27:25 | TEMPLOG : WellhouseOne | 053.600
2017-02-28 00:28:26 | TEMPLOG : WellhouseOne | 052.700
2017-02-28 00:29:27 | TEMPLOG : WellhouseOne | 051.800
2017-02-28 00:30:28 | TEMPLOG : WellhouseOne | 050.900
2017-02-28 00:31:30 | TEMPLOG : WellhouseOne | 050.000
2017-02-28 00:31:31 | TEMPLOG : Table    One | 041.000
2017-02-28 00:32:31 | TEMPLOG : WellhouseOne | 049.100
2017-02-28 00:34:33 | TEMPLOG : Bio   Filter | 041.000
2017-02-28 00:35:34 | TEMPLOG : WellhouseOne | 048.200
2017-02-28 00:36:35 | TEMPLOG : WellhouseOne | 046.400
2017-02-28 00:37:36 | TEMPLOG : WellhouseOne | 047.300
2017-02-28 00:37:36 | TEMPLOG : To   GeoLoop | 051.800
2017-02-28 00:38:38 | TEMPLOG : WellhouseOne | 046.400
2017-02-28 00:38:38 | TEMPLOG : To   GeoLoop | 052.700
2017-02-28 00:39:39 | TEMPLOG : To   GeoLoop | 051.800
2017-02-28 00:40:40 | TEMPLOG : WellhouseOne | 045.500
2017-02-28 00:43:44 | TEMPLOG : WellhouseOne | 044.600
2017-02-28 00:45:47 | TEMPLOG : WellhouseOne | 070.700
2017-02-28 00:46:49 | TEMPLOG : WellhouseOne | 117.500
2017-02-28 00:47:50 | TEMPLOG : WellhouseOne | 129.200
2017-02-28 00:47:51 | TEMPLOG : Table    One | 040.100
2017-02-28 00:48:51 | TEMPLOG : WellhouseOne | 100.400
2017-02-28 00:49:52 | TEMPLOG : WellhouseOne | 083.300
2017-02-28 00:50:55 | TEMPLOG : WellhouseOne | 073.400
2017-02-28 00:50:55 | TEMPLOG : Bio   Filter | 040.100
2017-02-28 00:51:56 | TEMPLOG : WellhouseOne | 068.000
2017-02-28 00:52:58 | TEMPLOG : WellhouseOne | 063.500
2017-02-28 00:53:59 | TEMPLOG : WellhouseOne | 059.900
2017-02-28 00:55:00 | TEMPLOG : WellhouseOne | 057.200
2017-02-28 00:56:01 | TEMPLOG : WellhouseOne | 054.500
2017-02-28 00:57:02 | TEMPLOG : WellhouseOne | 053.600
2017-02-28 00:58:03 | TEMPLOG : WellhouseOne | 052.700
2017-02-28 00:59:04 | TEMPLOG : WellhouseOne | 050.900
2017-02-28 01:00:05 | TEMPLOG : WellhouseOne | 050.900
2017-02-28 01:00:06 | TEMPLOG : Bio   Filter | 040.100
2017-02-28 01:00:06 | TEMPLOG : To   GeoLoop | 051.800
2017-02-28 01:00:06 | TEMPLOG : Table    One | 040.100
2017-02-28 01:01:07 | TEMPLOG : WellhouseOne | 050.000
2017-02-28 01:02:09 | TEMPLOG : WellhouseOne | 049.100
2017-02-28 01:03:12 | TEMPLOG : Table    One | 039.200
2017-02-28 01:04:12 | TEMPLOG : WellhouseOne | 048.200
2017-02-28 01:04:14 | TEMPLOG : Table    One | 040.100
2017-02-28 01:05:15 | TEMPLOG : Table    One | 039.200
2017-02-28 01:06:15 | TEMPLOG : WellhouseOne | 047.300
2017-02-28 01:06:16 | TEMPLOG : Bio   Filter | 039.200
2017-02-28 01:07:17 | TEMPLOG : Bio   Filter | 040.100
2017-02-28 01:08:17 | TEMPLOG : WellhouseOne | 046.400
2017-02-28 01:09:19 | TEMPLOG : Bio   Filter | 039.200
2017-02-28 01:11:22 | TEMPLOG : WellhouseOne | 045.500
2017-02-28 01:14:27 | TEMPLOG : WellhouseOne | 067.100
2017-02-28 01:15:30 | TEMPLOG : WellhouseOne | 111.200
2017-02-28 01:16:31 | TEMPLOG : WellhouseOne | 123.800
2017-02-28 01:17:32 | TEMPLOG : WellhouseOne | 131.900
2017-02-28 01:18:33 | TEMPLOG : WellhouseOne | 091.400
2017-02-28 01:19:34 | TEMPLOG : WellhouseOne | 080.600
2017-02-28 01:20:35 | TEMPLOG : WellhouseOne | 069.800
2017-02-28 01:21:36 | TEMPLOG : WellhouseOne | 063.500
2017-02-28 01:22:36 | TEMPLOG : WellhouseOne | 060.800
2017-02-28 01:23:38 | TEMPLOG : WellhouseOne | 059.000
2017-02-28 01:23:38 | TEMPLOG : To   GeoLoop | 050.900
2017-02-28 01:24:38 | TEMPLOG : WellhouseOne | 056.300
2017-02-28 01:25:40 | TEMPLOG : WellhouseOne | 054.500
2017-02-28 01:26:42 | TEMPLOG : WellhouseOne | 053.600
2017-02-28 01:27:43 | TEMPLOG : WellhouseOne | 052.700
2017-02-28 01:28:43 | TEMPLOG : WellhouseOne | 051.800
2017-02-28 01:29:45 | TEMPLOG : WellhouseOne | 050.900
2017-02-28 01:30:48 | TEMPLOG : WellhouseOne | 050.000
2017-02-28 01:31:50 | TEMPLOG : To   GeoLoop | 051.800
2017-02-28 01:32:51 | TEMPLOG : WellhouseOne | 049.100
2017-02-28 01:32:51 | TEMPLOG : To   GeoLoop | 050.900
2017-02-28 01:34:53 | TEMPLOG : WellhouseOne | 048.200
2017-02-28 01:37:56 | TEMPLOG : WellhouseOne | 047.300
2017-02-28 01:39:57 | TEMPLOG : WellhouseOne | 046.400
2017-02-28 01:44:03 | TEMPLOG : WellhouseOne | 066.200
2017-02-28 01:45:05 | TEMPLOG : WellhouseOne | 109.400
2017-02-28 01:46:06 | TEMPLOG : WellhouseOne | 122.900
2017-02-28 01:47:07 | TEMPLOG : WellhouseOne | 131.900
2017-02-28 01:47:08 | TEMPLOG : Table    One | 038.300
2017-02-28 01:48:08 | TEMPLOG : WellhouseOne | 098.600
2017-02-28 01:49:10 | TEMPLOG : WellhouseOne | 082.400
2017-02-28 01:50:12 | TEMPLOG : WellhouseOne | 073.400
2017-02-28 01:51:13 | TEMPLOG : WellhouseOne | 068.000
2017-02-28 01:52:14 | TEMPLOG : WellhouseOne | 064.400
2017-02-28 01:52:14 | TEMPLOG : Bio   Filter | 038.300
2017-02-28 01:53:15 | TEMPLOG : WellhouseOne | 061.700
2017-02-28 01:54:16 | TEMPLOG : WellhouseOne | 059.000
2017-02-28 01:55:19 | TEMPLOG : WellhouseOne | 057.200
2017-02-28 01:56:20 | TEMPLOG : WellhouseOne | 056.300
2017-02-28 01:57:21 | TEMPLOG : WellhouseOne | 054.500
2017-02-28 01:58:22 | TEMPLOG : WellhouseOne | 053.600
2017-02-28 01:59:24 | TEMPLOG : WellhouseOne | 052.700
2017-02-28 02:00:25 | TEMPLOG : WellhouseOne | 051.800
2017-02-28 02:00:25 | TEMPLOG : Bio   Filter | 038.300
2017-02-28 02:00:26 | TEMPLOG : To   GeoLoop | 050.900
2017-02-28 02:00:26 | TEMPLOG : Table    One | 038.300
2017-02-28 02:01:26 | TEMPLOG : WellhouseOne | 050.900
2017-02-28 02:01:26 | TEMPLOG : Table    One | 037.400
2017-02-28 02:03:28 | TEMPLOG : WellhouseOne | 050.000
2017-02-28 02:03:29 | TEMPLOG : To   GeoLoop | 050.000
2017-02-28 02:04:29 | TEMPLOG : To   GeoLoop | 050.900
2017-02-28 02:05:30 | TEMPLOG : WellhouseOne | 049.100
2017-02-28 02:07:32 | TEMPLOG : WellhouseOne | 048.200
2017-02-28 02:07:33 | TEMPLOG : To   GeoLoop | 050.000
2017-02-28 02:08:34 | TEMPLOG : To   GeoLoop | 050.900
2017-02-28 02:10:35 | TEMPLOG : WellhouseOne | 047.300
2017-02-28 02:10:36 | TEMPLOG : To   GeoLoop | 050.000
2017-02-28 02:13:39 | TEMPLOG : To   GeoLoop | 050.900
2017-02-28 02:14:40 | TEMPLOG : WellhouseOne | 046.400
2017-02-28 02:14:40 | TEMPLOG : To   GeoLoop | 050.000
2017-02-28 02:15:41 | TEMPLOG : WellhouseOne | 104.000
2017-02-28 02:15:41 | TEMPLOG : Bio   Filter | 037.400
2017-02-28 02:16:42 | TEMPLOG : WellhouseOne | 122.900
2017-02-28 02:16:43 | TEMPLOG : Bio   Filter | 038.300
2017-02-28 02:17:45 | TEMPLOG : WellhouseOne | 121.100
2017-02-28 02:17:45 | TEMPLOG : Bio   Filter | 037.400
2017-02-28 02:18:46 | TEMPLOG : WellhouseOne | 086.900
2017-02-28 02:19:47 | TEMPLOG : WellhouseOne | 076.100
2017-02-28 02:20:48 | TEMPLOG : WellhouseOne | 069.800
2017-02-28 02:21:50 | TEMPLOG : WellhouseOne | 065.300
2017-02-28 02:22:51 | TEMPLOG : WellhouseOne | 062.600
2017-02-28 02:23:52 | TEMPLOG : WellhouseOne | 058.100
2017-02-28 02:24:54 | TEMPLOG : WellhouseOne | 057.200
2017-02-28 02:25:55 | TEMPLOG : WellhouseOne | 055.400
2017-02-28 02:26:56 | TEMPLOG : WellhouseOne | 053.600
2017-02-28 02:27:58 | TEMPLOG : WellhouseOne | 052.700
2017-02-28 02:28:59 | TEMPLOG : WellhouseOne | 051.800
2017-02-28 02:30:01 | TEMPLOG : WellhouseOne | 050.900
2017-02-28 02:31:03 | TEMPLOG : WellhouseOne | 050.000
2017-02-28 02:33:05 | TEMPLOG : WellhouseOne | 049.100
2017-02-28 02:34:06 | TEMPLOG : WellhouseOne | 048.200
2017-02-28 02:37:09 | TEMPLOG : WellhouseOne | 047.300
2017-02-28 02:38:11 | TEMPLOG : Table    One | 036.500
2017-02-28 02:40:12 | TEMPLOG : WellhouseOne | 046.400
2017-02-28 02:42:16 | TEMPLOG : Table    One | 037.400
2017-02-28 02:44:18 | TEMPLOG : WellhouseOne | 081.500
2017-02-28 02:45:19 | TEMPLOG : WellhouseOne | 113.900
2017-02-28 02:46:20 | TEMPLOG : WellhouseOne | 127.400
2017-02-28 02:47:21 | TEMPLOG : WellhouseOne | 098.600
2017-02-28 02:48:23 | TEMPLOG : WellhouseOne | 080.600
2017-02-28 02:49:23 | TEMPLOG : WellhouseOne | 072.500
2017-02-28 02:50:25 | TEMPLOG : WellhouseOne | 065.300
2017-02-28 02:51:26 | TEMPLOG : WellhouseOne | 063.500
2017-02-28 02:52:28 | TEMPLOG : WellhouseOne | 059.900
2017-02-28 02:53:30 | TEMPLOG : WellhouseOne | 056.300
2017-02-28 02:53:30 | TEMPLOG : Table    One | 036.500
2017-02-28 02:54:31 | TEMPLOG : WellhouseOne | 054.500
2017-02-28 02:55:31 | TEMPLOG : WellhouseOne | 053.600
2017-02-28 02:56:33 | TEMPLOG : WellhouseOne | 051.800
2017-02-28 02:57:35 | TEMPLOG : WellhouseOne | 050.900
2017-02-28 02:57:35 | TEMPLOG : Bio   Filter | 036.500
2017-02-28 02:59:38 | TEMPLOG : WellhouseOne | 050.000
2017-02-28 02:59:38 | TEMPLOG : Bio   Filter | 037.400
2017-02-28 03:00:39 | TEMPLOG : WellhouseOne | 049.100
2017-02-28 03:00:39 | TEMPLOG : Bio   Filter | 037.400
2017-02-28 03:00:39 | TEMPLOG : To   GeoLoop | 050.000
2017-02-28 03:00:39 | TEMPLOG : Table    One | 036.500
2017-02-28 03:02:41 | TEMPLOG : WellhouseOne | 048.200
2017-02-28 03:02:41 | TEMPLOG : Bio   Filter | 036.500
2017-02-28 03:04:44 | TEMPLOG : WellhouseOne | 047.300
2017-02-28 03:04:44 | TEMPLOG : To   GeoLoop | 049.100
2017-02-28 03:07:47 | TEMPLOG : WellhouseOne | 046.400
2017-02-28 03:10:51 | TEMPLOG : WellhouseOne | 045.500
2017-02-28 03:12:53 | TEMPLOG : WellhouseOne | 090.500
2017-02-28 03:13:54 | TEMPLOG : WellhouseOne | 117.500
2017-02-28 03:14:55 | TEMPLOG : WellhouseOne | 128.300
2017-02-28 03:15:56 | TEMPLOG : WellhouseOne | 095.000
2017-02-28 03:16:58 | TEMPLOG : WellhouseOne | 078.800
2017-02-28 03:17:59 | TEMPLOG : WellhouseOne | 071.600
2017-02-28 03:19:00 | TEMPLOG : WellhouseOne | 066.200
2017-02-28 03:20:01 | TEMPLOG : WellhouseOne | 062.600
2017-02-28 03:21:02 | TEMPLOG : WellhouseOne | 060.800
2017-02-28 03:22:03 | TEMPLOG : WellhouseOne | 057.200
2017-02-28 03:23:04 | TEMPLOG : WellhouseOne | 055.400
2017-02-28 03:24:05 | TEMPLOG : WellhouseOne | 053.600
2017-02-28 03:25:06 | TEMPLOG : WellhouseOne | 052.700
2017-02-28 03:26:07 | TEMPLOG : WellhouseOne | 050.900
2017-02-28 03:28:10 | TEMPLOG : WellhouseOne | 050.000
2017-02-28 03:29:11 | TEMPLOG : WellhouseOne | 049.100
2017-02-28 03:31:13 | TEMPLOG : WellhouseOne | 048.200
2017-02-28 03:33:15 | TEMPLOG : WellhouseOne | 047.300
2017-02-28 03:35:19 | TEMPLOG : WellhouseOne | 046.400
2017-02-28 03:38:25 | TEMPLOG : WellhouseOne | 045.500
2017-02-28 03:41:29 | TEMPLOG : WellhouseOne | 100.400
2017-02-28 03:42:31 | TEMPLOG : WellhouseOne | 120.200
2017-02-28 03:43:33 | TEMPLOG : WellhouseOne | 130.100
2017-02-28 03:43:33 | TEMPLOG : Table    One | 035.600
2017-02-28 03:44:34 | TEMPLOG : WellhouseOne | 089.600
2017-02-28 03:45:35 | TEMPLOG : WellhouseOne | 077.000
2017-02-28 03:46:36 | TEMPLOG : WellhouseOne | 070.700
2017-02-28 03:46:37 | TEMPLOG : Table    One | 036.500
2017-02-28 03:47:38 | TEMPLOG : WellhouseOne | 065.300
2017-02-28 03:48:38 | TEMPLOG : WellhouseOne | 061.700
2017-02-28 03:49:39 | TEMPLOG : WellhouseOne | 059.000
2017-02-28 03:50:40 | TEMPLOG : WellhouseOne | 056.300
2017-02-28 03:51:41 | TEMPLOG : WellhouseOne | 054.500
2017-02-28 03:52:42 | TEMPLOG : WellhouseOne | 052.700
2017-02-28 03:53:43 | TEMPLOG : WellhouseOne | 051.800
2017-02-28 03:54:44 | TEMPLOG : WellhouseOne | 050.900
2017-02-28 03:55:45 | TEMPLOG : WellhouseOne | 050.000
2017-02-28 03:56:46 | TEMPLOG : WellhouseOne | 049.100
2017-02-28 03:58:49 | TEMPLOG : WellhouseOne | 048.200
2017-02-28 03:59:50 | TEMPLOG : WellhouseOne | 047.300
2017-02-28 04:00:52 | TEMPLOG : WellhouseOne | 047.300
2017-02-28 04:00:52 | TEMPLOG : Bio   Filter | 036.500
2017-02-28 04:00:52 | TEMPLOG : To   GeoLoop | 049.100
2017-02-28 04:00:52 | TEMPLOG : Table    One | 036.500
2017-02-28 04:01:52 | TEMPLOG : WellhouseOne | 046.400
2017-02-28 04:04:56 | TEMPLOG : WellhouseOne | 045.500
2017-02-28 04:09:01 | TEMPLOG : WellhouseOne | 076.100
2017-02-28 04:10:02 | TEMPLOG : WellhouseOne | 113.000
2017-02-28 04:11:03 | TEMPLOG : WellhouseOne | 126.500
2017-02-28 04:12:05 | TEMPLOG : WellhouseOne | 105.800
2017-02-28 04:13:07 | TEMPLOG : WellhouseOne | 082.400
2017-02-28 04:14:08 | TEMPLOG : WellhouseOne | 072.500
2017-02-28 04:15:09 | TEMPLOG : WellhouseOne | 066.200
2017-02-28 04:16:11 | TEMPLOG : WellhouseOne | 063.500
2017-02-28 04:17:12 | TEMPLOG : WellhouseOne | 060.800
2017-02-28 04:18:14 | TEMPLOG : WellhouseOne | 058.100
2017-02-28 04:19:15 | TEMPLOG : WellhouseOne | 056.300
2017-02-28 04:19:16 | TEMPLOG : To   GeoLoop | 048.200
2017-02-28 04:20:16 | TEMPLOG : WellhouseOne | 054.500
2017-02-28 04:20:17 | TEMPLOG : Table    One | 035.600
2017-02-28 04:21:18 | TEMPLOG : WellhouseOne | 052.700
2017-02-28 04:22:19 | TEMPLOG : WellhouseOne | 051.800
2017-02-28 04:23:19 | TEMPLOG : WellhouseOne | 050.900
2017-02-28 04:23:20 | TEMPLOG : Bio   Filter | 035.600
2017-02-28 04:24:20 | TEMPLOG : WellhouseOne | 050.000
2017-02-28 04:24:21 | TEMPLOG : Bio   Filter | 036.500
2017-02-28 04:25:22 | TEMPLOG : Bio   Filter | 035.600
2017-02-28 04:25:23 | TEMPLOG : To   GeoLoop | 049.100
2017-02-28 04:26:24 | TEMPLOG : WellhouseOne | 049.100
2017-02-28 04:26:25 | TEMPLOG : To   GeoLoop | 048.200
2017-02-28 04:27:26 | TEMPLOG : WellhouseOne | 048.200
2017-02-28 04:30:30 | TEMPLOG : WellhouseOne | 047.300
2017-02-28 04:32:32 | TEMPLOG : WellhouseOne | 046.400
2017-02-28 04:35:36 | TEMPLOG : WellhouseOne | 045.500
2017-02-28 04:37:39 | TEMPLOG : WellhouseOne | 090.500
2017-02-28 04:38:40 | TEMPLOG : WellhouseOne | 117.500
2017-02-28 04:39:41 | TEMPLOG : WellhouseOne | 128.300
2017-02-28 04:40:43 | TEMPLOG : WellhouseOne | 105.800
2017-02-28 04:41:44 | TEMPLOG : WellhouseOne | 083.300
2017-02-28 04:42:44 | TEMPLOG : WellhouseOne | 075.200
2017-02-28 04:43:46 | TEMPLOG : WellhouseOne | 068.900
2017-02-28 04:44:47 | TEMPLOG : WellhouseOne | 064.400
2017-02-28 04:45:48 | TEMPLOG : WellhouseOne | 060.800
2017-02-28 04:46:48 | TEMPLOG : WellhouseOne | 058.100
2017-02-28 04:47:49 | TEMPLOG : WellhouseOne | 056.300
2017-02-28 04:48:51 | TEMPLOG : WellhouseOne | 055.400
2017-02-28 04:49:52 | TEMPLOG : WellhouseOne | 053.600
2017-02-28 04:50:54 | TEMPLOG : WellhouseOne | 052.700
2017-02-28 04:51:55 | TEMPLOG : WellhouseOne | 051.800
2017-02-28 04:52:57 | TEMPLOG : WellhouseOne | 050.900
2017-02-28 04:53:58 | TEMPLOG : WellhouseOne | 050.000
2017-02-28 04:54:59 | TEMPLOG : WellhouseOne | 049.100
2017-02-28 04:56:01 | TEMPLOG : WellhouseOne | 048.200
2017-02-28 04:59:05 | TEMPLOG : WellhouseOne | 047.300
2017-02-28 05:00:07 | TEMPLOG : WellhouseOne | 047.300
2017-02-28 05:00:07 | TEMPLOG : Bio   Filter | 035.600
2017-02-28 05:00:07 | TEMPLOG : To   GeoLoop | 048.200
2017-02-28 05:00:08 | TEMPLOG : Table    One | 035.600
2017-02-28 05:01:08 | TEMPLOG : WellhouseOne | 046.400
2017-02-28 05:04:12 | TEMPLOG : WellhouseOne | 045.500
2017-02-28 05:06:14 | TEMPLOG : WellhouseOne | 086.000
2017-02-28 05:07:15 | TEMPLOG : WellhouseOne | 113.900
2017-02-28 05:08:16 | TEMPLOG : WellhouseOne | 126.500
2017-02-28 05:08:16 | TEMPLOG : Bio   Filter | 036.500
2017-02-28 05:09:17 | TEMPLOG : WellhouseOne | 113.900
2017-02-28 05:10:18 | TEMPLOG : WellhouseOne | 085.100
2017-02-28 05:11:19 | TEMPLOG : WellhouseOne | 074.300
2017-02-28 05:12:20 | TEMPLOG : WellhouseOne | 068.900
2017-02-28 05:13:21 | TEMPLOG : WellhouseOne | 065.300
2017-02-28 05:14:22 | TEMPLOG : WellhouseOne | 061.700
2017-02-28 05:15:24 | TEMPLOG : WellhouseOne | 059.000
2017-02-28 05:16:25 | TEMPLOG : WellhouseOne | 055.400
2017-02-28 05:17:26 | TEMPLOG : WellhouseOne | 053.600
2017-02-28 05:19:29 | TEMPLOG : WellhouseOne | 051.800
2017-02-28 05:20:30 | TEMPLOG : WellhouseOne | 050.900
2017-02-28 05:21:30 | TEMPLOG : WellhouseOne | 050.000
2017-02-28 05:22:33 | TEMPLOG : WellhouseOne | 049.100
2017-02-28 05:24:35 | TEMPLOG : WellhouseOne | 048.200
2017-02-28 05:27:37 | TEMPLOG : WellhouseOne | 047.300
2017-02-28 05:27:39 | TEMPLOG : Table    One | 036.500
2017-02-28 05:28:40 | TEMPLOG : Table    One | 035.600
2017-02-28 05:29:42 | TEMPLOG : Table    One | 036.500
2017-02-28 05:30:42 | TEMPLOG : WellhouseOne | 046.400
2017-02-28 05:34:47 | TEMPLOG : WellhouseOne | 064.400
2017-02-28 05:35:48 | TEMPLOG : WellhouseOne | 109.400
2017-02-28 05:36:49 | TEMPLOG : WellhouseOne | 122.900
2017-02-28 05:37:50 | TEMPLOG : WellhouseOne | 131.000
2017-02-28 05:38:51 | TEMPLOG : WellhouseOne | 088.700
2017-02-28 05:39:53 | TEMPLOG : WellhouseOne | 076.100
2017-02-28 05:40:54 | TEMPLOG : WellhouseOne | 070.700
2017-02-28 05:41:55 | TEMPLOG : WellhouseOne | 066.200
2017-02-28 05:42:57 | TEMPLOG : WellhouseOne | 061.700
2017-02-28 05:43:59 | TEMPLOG : WellhouseOne | 059.900
2017-02-28 05:45:00 | TEMPLOG : WellhouseOne | 058.100
2017-02-28 05:46:01 | TEMPLOG : WellhouseOne | 055.400
2017-02-28 05:46:02 | TEMPLOG : Table    One | 035.600
2017-02-28 05:47:03 | TEMPLOG : WellhouseOne | 054.500
2017-02-28 05:47:03 | TEMPLOG : Table    One | 036.500
2017-02-28 05:48:04 | TEMPLOG : WellhouseOne | 053.600
2017-02-28 05:48:05 | TEMPLOG : Table    One | 035.600
2017-02-28 05:49:05 | TEMPLOG : WellhouseOne | 052.700
2017-02-28 05:50:08 | TEMPLOG : WellhouseOne | 050.900
2017-02-28 05:52:10 | TEMPLOG : WellhouseOne | 050.000
2017-02-28 05:52:10 | TEMPLOG : Bio   Filter | 035.600
2017-02-28 05:53:13 | TEMPLOG : WellhouseOne | 049.100
2017-02-28 05:55:15 | TEMPLOG : WellhouseOne | 048.200
2017-02-28 05:57:18 | TEMPLOG : WellhouseOne | 047.300
2017-02-28 05:57:18 | TEMPLOG : To   GeoLoop | 047.300
2017-02-28 05:58:20 | TEMPLOG : To   GeoLoop | 048.200
2017-02-28 05:59:21 | TEMPLOG : To   GeoLoop | 047.300
2017-02-28 06:00:21 | TEMPLOG : WellhouseOne | 047.300
2017-02-28 06:00:22 | TEMPLOG : Bio   Filter | 035.600
2017-02-28 06:00:23 | TEMPLOG : To   GeoLoop | 047.300
2017-02-28 06:00:23 | TEMPLOG : Table    One | 035.600
2017-02-28 06:01:23 | TEMPLOG : WellhouseOne | 046.400
2017-02-28 06:03:26 | TEMPLOG : Bio   Filter | 036.500
2017-02-28 06:04:28 | TEMPLOG : WellhouseOne | 103.100
2017-02-28 06:05:28 | TEMPLOG : WellhouseOne | 120.200
2017-02-28 06:05:29 | TEMPLOG : Bio   Filter | 035.600
2017-02-28 06:05:29 | TEMPLOG : To   GeoLoop | 048.200
2017-02-28 06:06:29 | TEMPLOG : WellhouseOne | 129.200
2017-02-28 06:06:30 | TEMPLOG : Bio   Filter | 036.500
2017-02-28 06:07:30 | TEMPLOG : WellhouseOne | 091.400
2017-02-28 06:07:31 | TEMPLOG : To   GeoLoop | 047.300
2017-02-28 06:08:31 | TEMPLOG : WellhouseOne | 078.800
2017-02-28 06:09:32 | TEMPLOG : WellhouseOne | 071.600
2017-02-28 06:09:33 | TEMPLOG : To   GeoLoop | 048.200
2017-02-28 06:09:33 | TEMPLOG : Table    One | 036.500
2017-02-28 06:10:34 | TEMPLOG : WellhouseOne | 066.200
2017-02-28 06:11:35 | TEMPLOG : WellhouseOne | 061.700
2017-02-28 06:12:36 | TEMPLOG : WellhouseOne | 059.900
2017-02-28 06:13:38 | TEMPLOG : WellhouseOne | 057.200
2017-02-28 06:14:39 | TEMPLOG : WellhouseOne | 055.400
2017-02-28 06:15:42 | TEMPLOG : WellhouseOne | 054.500
2017-02-28 06:16:43 | TEMPLOG : WellhouseOne | 053.600
2017-02-28 06:17:45 | TEMPLOG : WellhouseOne | 052.700
2017-02-28 06:18:46 | TEMPLOG : WellhouseOne | 050.900
2017-02-28 06:19:47 | TEMPLOG : WellhouseOne | 050.000
2017-02-28 06:21:50 | TEMPLOG : WellhouseOne | 049.100
2017-02-28 06:21:50 | TEMPLOG : Bio   Filter | 037.400
2017-02-28 06:22:51 | TEMPLOG : WellhouseOne | 048.200
2017-02-28 06:25:55 | TEMPLOG : WellhouseOne | 047.300
2017-02-28 06:28:58 | TEMPLOG : WellhouseOne | 046.400
2017-02-28 06:31:00 | TEMPLOG : WellhouseOne | 045.500
2017-02-28 06:33:03 | TEMPLOG : WellhouseOne | 093.200
2017-02-28 06:34:05 | TEMPLOG : WellhouseOne | 115.700
2017-02-28 06:35:06 | TEMPLOG : WellhouseOne | 127.400
2017-02-28 06:36:07 | TEMPLOG : WellhouseOne | 133.700
2017-02-28 06:37:08 | TEMPLOG : WellhouseOne | 091.400
2017-02-28 06:38:09 | TEMPLOG : WellhouseOne | 079.700
2017-02-28 06:39:11 | TEMPLOG : WellhouseOne | 072.500
2017-02-28 06:40:12 | TEMPLOG : WellhouseOne | 067.100
2017-02-28 06:40:13 | TEMPLOG : Table    One | 037.400
2017-02-28 06:41:13 | TEMPLOG : WellhouseOne | 063.500
2017-02-28 06:42:14 | TEMPLOG : WellhouseOne | 059.900
2017-02-28 06:43:15 | TEMPLOG : WellhouseOne | 058.100
2017-02-28 06:44:16 | TEMPLOG : WellhouseOne | 056.300
2017-02-28 06:45:17 | TEMPLOG : WellhouseOne | 054.500
2017-02-28 06:46:18 | TEMPLOG : WellhouseOne | 052.700
2017-02-28 06:47:20 | TEMPLOG : WellhouseOne | 051.800
2017-02-28 06:48:21 | TEMPLOG : WellhouseOne | 050.900
2017-02-28 06:49:22 | TEMPLOG : WellhouseOne | 050.000
2017-02-28 06:51:25 | TEMPLOG : WellhouseOne | 049.100
2017-02-28 06:52:26 | TEMPLOG : WellhouseOne | 048.200
2017-02-28 06:55:30 | TEMPLOG : WellhouseOne | 047.300
2017-02-28 06:56:32 | TEMPLOG : WellhouseOne | 046.400
2017-02-28 07:00:37 | TEMPLOG : WellhouseOne | 045.500
2017-02-28 07:00:37 | TEMPLOG : Bio   Filter | 038.300
2017-02-28 07:00:37 | TEMPLOG : To   GeoLoop | 048.200
2017-02-28 07:00:38 | TEMPLOG : Table    One | 037.400
2017-02-28 07:01:38 | TEMPLOG : WellhouseOne | 052.700
2017-02-28 07:01:38 | TEMPLOG : Table    One | 038.300
2017-02-28 07:02:39 | TEMPLOG : WellhouseOne | 105.800
2017-02-28 07:03:40 | TEMPLOG : WellhouseOne | 120.200
2017-02-28 07:04:41 | TEMPLOG : WellhouseOne | 128.300
2017-02-28 07:05:42 | TEMPLOG : WellhouseOne | 116.600
2017-02-28 07:06:42 | TEMPLOG : WellhouseOne | 088.700
2017-02-28 07:07:44 | TEMPLOG : WellhouseOne | 077.900
2017-02-28 07:08:45 | TEMPLOG : WellhouseOne | 070.700
2017-02-28 07:09:46 | TEMPLOG : WellhouseOne | 065.300
2017-02-28 07:10:47 | TEMPLOG : WellhouseOne | 061.700
2017-02-28 07:10:48 | TEMPLOG : Bio   Filter | 039.200
2017-02-28 07:11:49 | TEMPLOG : WellhouseOne | 059.000
2017-02-28 07:11:50 | TEMPLOG : Table    One | 039.200
2017-02-28 07:12:50 | TEMPLOG : WellhouseOne | 056.300
2017-02-28 07:13:52 | TEMPLOG : WellhouseOne | 054.500
2017-02-28 07:14:53 | TEMPLOG : WellhouseOne | 053.600
2017-02-28 07:15:54 | TEMPLOG : WellhouseOne | 052.700
2017-02-28 07:16:55 | TEMPLOG : WellhouseOne | 051.800
2017-02-28 07:17:55 | TEMPLOG : WellhouseOne | 050.900
2017-02-28 07:18:57 | TEMPLOG : WellhouseOne | 050.000
2017-02-28 07:22:01 | TEMPLOG : WellhouseOne | 049.100
2017-02-28 07:23:02 | TEMPLOG : WellhouseOne | 048.200
2017-02-28 07:23:02 | TEMPLOG : Bio   Filter | 040.100
2017-02-28 07:25:04 | TEMPLOG : WellhouseOne | 047.300
2017-02-28 07:25:06 | TEMPLOG : Table    One | 040.100
2017-02-28 07:28:09 | TEMPLOG : WellhouseOne | 046.400
2017-02-28 07:29:11 | TEMPLOG : To   GeoLoop | 049.100
2017-02-28 07:31:14 | TEMPLOG : WellhouseOne | 050.000
2017-02-28 07:32:14 | TEMPLOG : WellhouseOne | 104.900
2017-02-28 07:33:15 | TEMPLOG : WellhouseOne | 121.100
2017-02-28 07:33:15 | TEMPLOG : Bio   Filter | 041.000
2017-02-28 07:33:16 | TEMPLOG : Table    One | 041.000
2017-02-28 07:34:16 | TEMPLOG : WellhouseOne | 129.200
2017-02-28 07:35:17 | TEMPLOG : WellhouseOne | 112.100
2017-02-28 07:36:18 | TEMPLOG : WellhouseOne | 086.900
2017-02-28 07:37:20 | TEMPLOG : WellhouseOne | 076.100
2017-02-28 07:38:21 | TEMPLOG : WellhouseOne | 069.800
2017-02-28 07:39:22 | TEMPLOG : WellhouseOne | 065.300
2017-02-28 07:39:23 | TEMPLOG : Table    One | 041.900
2017-02-28 07:40:23 | TEMPLOG : WellhouseOne | 061.700
2017-02-28 07:40:23 | TEMPLOG : Bio   Filter | 041.900
2017-02-28 07:41:25 | TEMPLOG : WellhouseOne | 059.000
2017-02-28 07:42:26 | TEMPLOG : WellhouseOne | 057.200
2017-02-28 07:43:27 | TEMPLOG : WellhouseOne | 055.400
2017-02-28 07:44:28 | TEMPLOG : WellhouseOne | 053.600
2017-02-28 07:45:29 | TEMPLOG : WellhouseOne | 052.700
2017-02-28 07:46:30 | TEMPLOG : Bio   Filter | 042.800
2017-02-28 07:47:32 | TEMPLOG : WellhouseOne | 051.800
2017-02-28 07:47:33 | TEMPLOG : Table    One | 042.800
2017-02-28 07:48:34 | TEMPLOG : WellhouseOne | 050.900
2017-02-28 07:50:37 | TEMPLOG : WellhouseOne | 050.000
2017-02-28 07:50:37 | TEMPLOG : To   GeoLoop | 050.000
2017-02-28 07:51:38 | TEMPLOG : Bio   Filter | 043.700
2017-02-28 07:52:39 | TEMPLOG : WellhouseOne | 049.100
2017-02-28 07:52:40 | TEMPLOG : Table    One | 043.700
2017-02-28 07:54:41 | TEMPLOG : Bio   Filter | 044.600
2017-02-28 07:55:42 | TEMPLOG : WellhouseOne | 048.200
2017-02-28 07:55:42 | TEMPLOG : Table    One | 044.600
2017-02-28 07:57:44 | TEMPLOG : WellhouseOne | 047.300
2017-02-28 07:58:45 | TEMPLOG : Table    One | 045.500
2017-02-28 08:00:46 | TEMPLOG : WellhouseOne | 047.300
2017-02-28 08:00:46 | TEMPLOG : To   GeoLoop | 050.000
2017-02-28 08:00:46 | TEMPLOG : Table    One | 045.500
2017-02-28 08:01:47 | TEMPLOG : WellhouseOne | 049.100
2017-02-28 08:02:47 | TEMPLOG : WellhouseOne | 105.800
2017-02-28 08:03:48 | TEMPLOG : WellhouseOne | 122.900
2017-02-28 08:03:48 | TEMPLOG : To   GeoLoop | 050.900
2017-02-28 08:04:49 | TEMPLOG : WellhouseOne | 125.600
2017-02-28 08:04:50 | TEMPLOG : Table    One | 046.400
2017-02-28 08:05:50 | TEMPLOG : WellhouseOne | 087.800
2017-02-28 08:06:50 | TEMPLOG : WellhouseOne | 077.900
2017-02-28 08:07:52 | TEMPLOG : WellhouseOne | 070.700
2017-02-28 08:07:52 | TEMPLOG : Table    One | 045.500
2017-02-28 08:08:52 | TEMPLOG : WellhouseOne | 066.200
2017-02-28 08:08:53 | TEMPLOG : Table    One | 046.400
2017-02-28 08:09:53 | TEMPLOG : WellhouseOne | 063.500
2017-02-28 08:10:54 | TEMPLOG : WellhouseOne | 060.800
2017-02-28 08:11:54 | TEMPLOG : WellhouseOne | 057.200
2017-02-28 08:12:55 | TEMPLOG : WellhouseOne | 056.300
2017-02-28 08:13:55 | TEMPLOG : WellhouseOne | 055.400
2017-02-28 08:14:56 | TEMPLOG : WellhouseOne | 054.500
2017-02-28 08:15:57 | TEMPLOG : WellhouseOne | 053.600
2017-02-28 08:16:58 | TEMPLOG : WellhouseOne | 052.700
2017-02-28 08:17:58 | TEMPLOG : WellhouseOne | 051.800
2017-02-28 08:20:01 | TEMPLOG : WellhouseOne | 050.900
2017-02-28 08:22:02 | TEMPLOG : WellhouseOne | 050.000
2017-02-28 08:23:04 | TEMPLOG : Table    One | 047.300
2017-02-28 08:25:05 | TEMPLOG : WellhouseOne | 049.100
2017-02-28 08:29:09 | TEMPLOG : WellhouseOne | 048.200
2017-02-28 08:31:11 | TEMPLOG : Table    One | 046.400
2017-02-28 08:33:12 | TEMPLOG : WellhouseOne | 099.500
2017-02-28 08:34:13 | TEMPLOG : WellhouseOne | 121.100
2017-02-28 08:34:14 | TEMPLOG : Bio   Filter | 046.400
2017-02-28 08:35:15 | TEMPLOG : WellhouseOne | 110.300
2017-02-28 08:36:16 | TEMPLOG : WellhouseOne | 084.200
2017-02-28 08:36:17 | TEMPLOG : Table    One | 047.300
2017-02-28 08:37:17 | TEMPLOG : WellhouseOne | 074.300
2017-02-28 08:37:18 | TEMPLOG : Table    One | 046.400
2017-02-28 08:38:18 | TEMPLOG : WellhouseOne | 068.000
2017-02-28 08:38:19 | TEMPLOG : Table    One | 047.300
2017-02-28 08:39:19 | TEMPLOG : WellhouseOne | 063.500
2017-02-28 08:40:20 | TEMPLOG : WellhouseOne | 060.800
2017-02-28 08:40:20 | TEMPLOG : Bio   Filter | 047.300
2017-02-28 08:41:21 | TEMPLOG : WellhouseOne | 059.000
2017-02-28 08:42:25 | TEMPLOG : WellhouseOne | 057.200
2017-02-28 08:43:26 | TEMPLOG : WellhouseOne | 056.300
2017-02-28 08:44:26 | TEMPLOG : WellhouseOne | 054.500
2017-02-28 08:46:28 | TEMPLOG : WellhouseOne | 053.600
2017-02-28 08:47:30 | TEMPLOG : WellhouseOne | 185.000
2017-02-28 08:49:33 | TEMPLOG : Bio   Filter | 048.200
2017-02-28 08:49:34 | TEMPLOG : Table    One | 048.200
2017-02-28 08:51:35 | TEMPLOG : To   GeoLoop | 051.800
2017-02-28 08:52:36 | TEMPLOG : WellhouseOne | 050.000
2017-02-28 08:52:37 | TEMPLOG : To   GeoLoop | 050.900
2017-02-28 08:53:38 | TEMPLOG : To   GeoLoop | 051.800
2017-02-28 08:56:41 | TEMPLOG : Table    One | 049.100
2017-02-28 08:57:41 | TEMPLOG : WellhouseOne | 049.100
2017-02-28 08:58:43 | TEMPLOG : Bio   Filter | 049.100
2017-02-28 09:00:45 | TEMPLOG : WellhouseOne | 048.200
2017-02-28 09:00:46 | TEMPLOG : Bio   Filter | 049.100
2017-02-28 09:00:46 | TEMPLOG : To   GeoLoop | 051.800
2017-02-28 09:00:46 | TEMPLOG : Table    One | 049.100
2017-02-28 09:02:48 | TEMPLOG : WellhouseOne | 050.000
2017-02-28 09:03:49 | TEMPLOG : WellhouseOne | 106.700
2017-02-28 09:04:50 | TEMPLOG : WellhouseOne | 124.700
2017-02-28 09:04:51 | TEMPLOG : Table    One | 050.000
2017-02-28 09:05:51 | TEMPLOG : WellhouseOne | 103.100
2017-02-28 09:06:52 | TEMPLOG : WellhouseOne | 082.400
2017-02-28 09:07:53 | TEMPLOG : WellhouseOne | 075.200
2017-02-28 09:08:54 | TEMPLOG : WellhouseOne | 069.800
2017-02-28 09:08:55 | TEMPLOG : Table    One | 050.900
2017-02-28 09:09:55 | TEMPLOG : WellhouseOne | 065.300
2017-02-28 09:10:57 | TEMPLOG : WellhouseOne | 061.700
2017-02-28 09:10:57 | TEMPLOG : To   GeoLoop | 052.700
2017-02-28 09:11:57 | TEMPLOG : WellhouseOne | 059.900
2017-02-28 09:11:58 | TEMPLOG : Table    One | 051.800
2017-02-28 09:12:58 | TEMPLOG : WellhouseOne | 058.100
2017-02-28 09:13:59 | TEMPLOG : WellhouseOne | 056.300
2017-02-28 09:15:01 | TEMPLOG : WellhouseOne | 055.400
2017-02-28 09:15:02 | TEMPLOG : Table    One | 052.700
2017-02-28 09:16:02 | TEMPLOG : WellhouseOne | 054.500
2017-02-28 09:17:04 | TEMPLOG : Table    One | 053.600
2017-02-28 09:18:04 | TEMPLOG : WellhouseOne | 053.600
2017-02-28 09:19:06 | TEMPLOG : WellhouseOne | 052.700
2017-02-28 09:19:07 | TEMPLOG : Table    One | 054.500
2017-02-28 09:20:07 | TEMPLOG : To   GeoLoop | 053.600
2017-02-28 09:21:08 | TEMPLOG : WellhouseOne | 051.800
2017-02-28 09:21:09 | TEMPLOG : Table    One | 055.400
2017-02-28 09:23:10 | TEMPLOG : WellhouseOne | 050.900
2017-02-28 09:25:12 | TEMPLOG : Table    One | 056.300
2017-02-28 09:26:12 | TEMPLOG : WellhouseOne | 050.000
2017-02-28 09:27:13 | TEMPLOG : Table    One | 057.200
2017-02-28 09:29:15 | TEMPLOG : Table    One | 056.300
2017-02-28 09:30:15 | TEMPLOG : WellhouseOne | 049.100
2017-02-28 09:32:18 | TEMPLOG : Table    One | 057.200
2017-02-28 09:34:19 | TEMPLOG : WellhouseOne | 087.800
2017-02-28 09:34:19 | TEMPLOG : To   GeoLoop | 054.500
2017-02-28 09:35:20 | TEMPLOG : WellhouseOne | 117.500
2017-02-28 09:35:20 | TEMPLOG : Table    One | 058.100
2017-02-28 09:37:21 | TEMPLOG : WellhouseOne | 086.000
2017-02-28 09:38:23 | TEMPLOG : WellhouseOne | 076.100
2017-02-28 09:39:24 | TEMPLOG : WellhouseOne | 069.800
2017-02-28 09:40:25 | TEMPLOG : WellhouseOne | 066.200
2017-02-28 09:40:25 | TEMPLOG : Table    One | 057.200
2017-02-28 09:41:25 | TEMPLOG : WellhouseOne | 063.500
2017-02-28 09:42:26 | TEMPLOG : WellhouseOne | 061.700
2017-02-28 09:43:27 | TEMPLOG : WellhouseOne | 059.900
2017-02-28 09:43:27 | TEMPLOG : Bio   Filter | 057.200
2017-02-28 09:44:28 | TEMPLOG : WellhouseOne | 058.100
2017-02-28 09:45:29 | TEMPLOG : WellhouseOne | 056.300
2017-02-28 09:46:30 | TEMPLOG : WellhouseOne | 055.400
2017-02-28 09:47:32 | TEMPLOG : Bio   Filter | 058.100
2017-02-28 09:48:32 | TEMPLOG : WellhouseOne | 054.500
2017-02-28 09:48:32 | TEMPLOG : Bio   Filter | 059.000
2017-02-28 09:48:33 | TEMPLOG : Table    One | 058.100
2017-02-28 09:49:33 | TEMPLOG : WellhouseOne | 053.600
2017-02-28 09:49:34 | TEMPLOG : Table    One | 059.000
2017-02-28 09:50:34 | TEMPLOG : WellhouseOne | 052.700
2017-02-28 09:50:34 | TEMPLOG : To   GeoLoop | 055.400
2017-02-28 09:50:35 | TEMPLOG : Table    One | 060.800
2017-02-28 09:51:36 | TEMPLOG : Table    One | 061.700
2017-02-28 09:52:36 | TEMPLOG : WellhouseOne | 051.800
2017-02-28 09:52:37 | TEMPLOG : Table    One | 062.600
2017-02-28 09:53:38 | TEMPLOG : Table    One | 063.500
2017-02-28 09:54:39 | TEMPLOG : To   GeoLoop | 056.300
2017-02-28 09:56:40 | TEMPLOG : WellhouseOne | 050.900
2017-02-28 09:58:43 | TEMPLOG : Table    One | 062.600
2017-02-28 09:59:45 | TEMPLOG : Table    One | 063.500
2017-02-28 10:00:45 | TEMPLOG : WellhouseOne | 050.900
2017-02-28 10:00:45 | TEMPLOG : To   GeoLoop | 056.300
2017-02-28 10:00:45 | TEMPLOG : Table    One | 063.500
2017-02-28 10:01:46 | TEMPLOG : To   GeoLoop | 057.200
2017-02-28 10:03:48 | TEMPLOG : WellhouseOne | 050.000
2017-02-28 10:03:48 | TEMPLOG : Table    One | 064.400
2017-02-28 10:06:50 | TEMPLOG : WellhouseOne | 104.000
2017-02-28 10:07:51 | TEMPLOG : WellhouseOne | 122.900
2017-02-28 10:08:52 | TEMPLOG : WellhouseOne | 104.900
2017-02-28 10:09:52 | TEMPLOG : WellhouseOne | 084.200
2017-02-28 10:10:53 | TEMPLOG : WellhouseOne | 075.200
2017-02-28 10:10:54 | TEMPLOG : Table    One | 063.500
2017-02-28 10:11:54 | TEMPLOG : WellhouseOne | 070.700
2017-02-28 10:12:55 | TEMPLOG : WellhouseOne | 067.100
2017-02-28 10:12:55 | TEMPLOG : Table    One | 062.600
2017-02-28 10:13:56 | TEMPLOG : WellhouseOne | 063.500
2017-02-28 10:13:56 | TEMPLOG : Table    One | 061.700
2017-02-28 10:14:56 | TEMPLOG : WellhouseOne | 060.800
2017-02-28 10:14:57 | TEMPLOG : To   GeoLoop | 056.300
2017-02-28 10:15:58 | TEMPLOG : WellhouseOne | 059.000
2017-02-28 10:15:58 | TEMPLOG : Table    One | 060.800
2017-02-28 10:16:59 | TEMPLOG : WellhouseOne | 058.100
2017-02-28 10:17:00 | TEMPLOG : Table    One | 059.900
2017-02-28 10:18:00 | TEMPLOG : WellhouseOne | 057.200
2017-02-28 10:19:01 | TEMPLOG : WellhouseOne | 056.300
2017-02-28 10:19:02 | TEMPLOG : Table    One | 059.000
2017-02-28 10:20:02 | TEMPLOG : WellhouseOne | 055.400
2017-02-28 10:20:03 | TEMPLOG : Bio   Filter | 060.800
2017-02-28 10:20:03 | TEMPLOG : To   GeoLoop | 055.400
2017-02-28 10:22:05 | TEMPLOG : WellhouseOne | 054.500
2017-02-28 10:23:06 | TEMPLOG : WellhouseOne | 053.600
2017-02-28 10:24:07 | TEMPLOG : Table    One | 058.100
2017-02-28 10:25:07 | TEMPLOG : WellhouseOne | 052.700
2017-02-28 10:28:10 | TEMPLOG : WellhouseOne | 051.800
2017-02-28 10:28:10 | TEMPLOG : Bio   Filter | 059.000
2017-02-28 10:30:13 | TEMPLOG : Bio   Filter | 058.100
2017-02-28 10:31:14 | TEMPLOG : WellhouseOne | 050.900
2017-02-28 10:32:16 | TEMPLOG : Bio   Filter | 059.000
2017-02-28 10:34:19 | TEMPLOG : Table    One | 059.000
2017-02-28 10:35:19 | TEMPLOG : WellhouseOne | 050.000
2017-02-28 10:35:19 | TEMPLOG : To   GeoLoop | 056.300
2017-02-28 10:36:20 | TEMPLOG : Bio   Filter | 059.900
2017-02-28 10:37:22 | TEMPLOG : Table    One | 059.900
2017-02-28 10:38:22 | TEMPLOG : WellhouseOne | 068.900
2017-02-28 10:38:23 | TEMPLOG : Table    One | 060.800
2017-02-28 10:39:23 | TEMPLOG : WellhouseOne | 115.700
2017-02-28 10:39:24 | TEMPLOG : To   GeoLoop | 057.200
2017-02-28 10:40:24 | TEMPLOG : WellhouseOne | 113.000
2017-02-28 10:40:25 | TEMPLOG : Bio   Filter | 061.700
2017-02-28 10:40:26 | TEMPLOG : Table    One | 061.700
2017-02-28 10:41:26 | TEMPLOG : WellhouseOne | 086.000
2017-02-28 10:41:26 | TEMPLOG : Bio   Filter | 062.600
2017-02-28 10:41:27 | TEMPLOG : Table    One | 062.600
2017-02-28 10:42:27 | TEMPLOG : WellhouseOne | 077.000
2017-02-28 10:43:29 | TEMPLOG : WellhouseOne | 070.700
2017-02-28 10:44:30 | TEMPLOG : WellhouseOne | 067.100
2017-02-28 10:45:32 | TEMPLOG : WellhouseOne | 063.500
2017-02-28 10:46:32 | TEMPLOG : WellhouseOne | 061.700
2017-02-28 10:47:33 | TEMPLOG : WellhouseOne | 059.900
2017-02-28 10:48:34 | TEMPLOG : WellhouseOne | 059.000
2017-02-28 10:49:35 | TEMPLOG : WellhouseOne | 057.200
2017-02-28 10:50:36 | TEMPLOG : WellhouseOne | 056.300
2017-02-28 10:50:37 | TEMPLOG : Table    One | 063.500
2017-02-28 10:51:37 | TEMPLOG : To   GeoLoop | 058.100
2017-02-28 10:52:38 | TEMPLOG : WellhouseOne | 055.400
2017-02-28 10:53:39 | TEMPLOG : WellhouseOne | 054.500
2017-02-28 10:53:39 | TEMPLOG : Table    One | 064.400
2017-02-28 10:55:40 | TEMPLOG : WellhouseOne | 053.600
2017-02-28 10:55:41 | TEMPLOG : Table    One | 065.300
2017-02-28 10:57:42 | TEMPLOG : WellhouseOne | 052.700
2017-02-28 10:57:43 | TEMPLOG : Table    One | 066.200
2017-02-28 10:59:44 | TEMPLOG : WellhouseOne | 051.800
2017-02-28 10:59:45 | TEMPLOG : Table    One | 065.300
2017-02-28 11:00:45 | TEMPLOG : WellhouseOne | 051.800
2017-02-28 11:00:45 | TEMPLOG : To   GeoLoop | 058.100
2017-02-28 11:00:46 | TEMPLOG : Table    One | 065.300
2017-02-28 11:02:47 | TEMPLOG : Table    One | 066.200
2017-02-28 11:03:47 | TEMPLOG : WellhouseOne | 050.900
2017-02-28 11:05:49 | TEMPLOG : To   GeoLoop | 059.000
2017-02-28 11:05:50 | TEMPLOG : Table    One | 067.100
2017-02-28 11:06:50 | TEMPLOG : To   GeoLoop | 058.100
2017-02-28 11:07:50 | TEMPLOG : WellhouseOne | 050.000
2017-02-28 11:07:51 | TEMPLOG : Table    One | 066.200
2017-02-28 11:09:52 | TEMPLOG : WellhouseOne | 068.000
2017-02-28 11:09:52 | TEMPLOG : Table    One | 067.100
2017-02-28 11:10:52 | TEMPLOG : WellhouseOne | 113.900
2017-02-28 11:10:53 | TEMPLOG : Bio   Filter | 068.900
2017-02-28 11:10:53 | TEMPLOG : To   GeoLoop | 059.000
2017-02-28 11:11:53 | TEMPLOG : WellhouseOne | 128.300
2017-02-28 11:11:54 | TEMPLOG : Table    One | 068.000
2017-02-28 11:12:54 | TEMPLOG : WellhouseOne | 092.300
2017-02-28 11:12:54 | TEMPLOG : To   GeoLoop | 059.900
2017-02-28 11:12:55 | TEMPLOG : Table    One | 068.900
2017-02-28 11:13:55 | TEMPLOG : WellhouseOne | 080.600
2017-02-28 11:13:55 | TEMPLOG : Bio   Filter | 071.600
2017-02-28 11:13:56 | TEMPLOG : Table    One | 069.800
2017-02-28 11:14:56 | TEMPLOG : WellhouseOne | 073.400
2017-02-28 11:14:57 | TEMPLOG : Bio   Filter | 072.500
2017-02-28 11:14:58 | TEMPLOG : Table    One | 070.700
2017-02-28 11:15:58 | TEMPLOG : WellhouseOne | 068.900
2017-02-28 11:16:59 | TEMPLOG : WellhouseOne | 065.300
2017-02-28 11:17:00 | TEMPLOG : Bio   Filter | 073.400
2017-02-28 11:18:01 | TEMPLOG : WellhouseOne | 063.500
2017-02-28 11:18:01 | TEMPLOG : Bio   Filter | 072.500
2017-02-28 11:19:03 | TEMPLOG : WellhouseOne | 060.800
2017-02-28 11:20:04 | TEMPLOG : WellhouseOne | 059.900
2017-02-28 11:20:05 | TEMPLOG : Table    One | 069.800
2017-02-28 11:21:05 | TEMPLOG : WellhouseOne | 059.000
2017-02-28 11:22:06 | TEMPLOG : WellhouseOne | 058.100
2017-02-28 11:23:08 | TEMPLOG : WellhouseOne | 057.200
2017-02-28 11:23:09 | TEMPLOG : Table    One | 068.900
2017-02-28 11:24:09 | TEMPLOG : WellhouseOne | 056.300
2017-02-28 11:25:09 | TEMPLOG : WellhouseOne | 055.400
2017-02-28 11:25:10 | TEMPLOG : To   GeoLoop | 059.000
2017-02-28 11:25:10 | TEMPLOG : Table    One | 068.000
2017-02-28 11:26:10 | TEMPLOG : WellhouseOne | 054.500
2017-02-28 11:26:10 | TEMPLOG : Bio   Filter | 068.900
2017-02-28 11:26:11 | TEMPLOG : Table    One | 067.100
2017-02-28 11:27:12 | TEMPLOG : Table    One | 066.200
2017-02-28 11:28:12 | TEMPLOG : Bio   Filter | 068.000
2017-02-28 11:29:13 | TEMPLOG : WellhouseOne | 053.600
2017-02-28 11:29:14 | TEMPLOG : Table    One | 065.300
2017-02-28 11:30:14 | TEMPLOG : To   GeoLoop | 058.100
2017-02-28 11:31:14 | TEMPLOG : WellhouseOne | 052.700
2017-02-28 11:32:16 | TEMPLOG : Bio   Filter | 066.200
2017-02-28 11:33:17 | TEMPLOG : To   GeoLoop | 059.000
2017-02-28 11:34:17 | TEMPLOG : WellhouseOne | 051.800
2017-02-28 11:34:17 | TEMPLOG : Table    One | 066.200
2017-02-28 11:35:18 | TEMPLOG : Table    One | 067.100
2017-02-28 11:36:19 | TEMPLOG : To   GeoLoop | 059.900
2017-02-28 11:36:19 | TEMPLOG : Table    One | 068.000
2017-02-28 11:37:20 | TEMPLOG : To   GeoLoop | 060.800
2017-02-28 11:37:20 | TEMPLOG : Table    One | 069.800
2017-02-28 11:39:21 | TEMPLOG : Bio   Filter | 071.600
2017-02-28 11:39:22 | TEMPLOG : Table    One | 070.700
2017-02-28 11:40:22 | TEMPLOG : Bio   Filter | 072.500
2017-02-28 11:43:25 | TEMPLOG : WellhouseOne | 086.000
2017-02-28 11:44:27 | TEMPLOG : WellhouseOne | 121.100
2017-02-28 11:45:27 | TEMPLOG : WellhouseOne | 095.000
2017-02-28 11:45:28 | TEMPLOG : Table    One | 069.800
2017-02-28 11:46:28 | TEMPLOG : WellhouseOne | 081.500
2017-02-28 11:47:28 | TEMPLOG : WellhouseOne | 074.300
2017-02-28 11:48:30 | TEMPLOG : WellhouseOne | 069.800
2017-02-28 11:49:31 | TEMPLOG : WellhouseOne | 067.100
2017-02-28 11:49:32 | TEMPLOG : Table    One | 068.900
2017-02-28 11:50:32 | TEMPLOG : WellhouseOne | 064.400
2017-02-28 11:50:33 | TEMPLOG : To   GeoLoop | 059.900
2017-02-28 11:51:33 | TEMPLOG : WellhouseOne | 062.600
2017-02-28 11:52:33 | TEMPLOG : WellhouseOne | 061.700
2017-02-28 11:52:34 | TEMPLOG : Bio   Filter | 069.800
2017-02-28 11:53:35 | TEMPLOG : WellhouseOne | 060.800
2017-02-28 11:53:36 | TEMPLOG : Table    One | 068.000
2017-02-28 11:54:36 | TEMPLOG : WellhouseOne | 059.900
2017-02-28 11:55:37 | TEMPLOG : WellhouseOne | 059.000
2017-02-28 11:55:37 | TEMPLOG : Bio   Filter | 068.900
2017-02-28 11:56:39 | TEMPLOG : WellhouseOne | 058.100
2017-02-28 11:56:40 | TEMPLOG : Table    One | 067.100
2017-02-28 11:57:40 | TEMPLOG : Bio   Filter | 068.000
2017-02-28 11:58:41 | TEMPLOG : WellhouseOne | 057.200
2017-02-28 11:59:42 | TEMPLOG : WellhouseOne | 056.300
2017-02-28 12:00:43 | TEMPLOG : WellhouseOne | 056.300
2017-02-28 12:00:43 | TEMPLOG : Bio   Filter | 068.000
2017-02-28 12:00:43 | TEMPLOG : To   GeoLoop | 059.900
2017-02-28 12:00:44 | TEMPLOG : Table    One | 066.200
2017-02-28 12:01:44 | TEMPLOG : WellhouseOne | 055.400
2017-02-28 12:02:47 | TEMPLOG : Bio   Filter | 067.100
2017-02-28 12:05:50 | TEMPLOG : WellhouseOne | 054.500
2017-02-28 12:07:52 | TEMPLOG : WellhouseOne | 053.600
2017-02-28 12:07:53 | TEMPLOG : To   GeoLoop | 059.000
2017-02-28 12:08:54 | TEMPLOG : Table    One | 065.300
2017-02-28 12:09:56 | TEMPLOG : Bio   Filter | 066.200
2017-02-28 12:11:58 | TEMPLOG : WellhouseOne | 052.700
2017-02-28 12:11:58 | TEMPLOG : Table    One | 064.400
2017-02-28 12:14:00 | TEMPLOG : Bio   Filter | 065.300
2017-02-28 12:16:03 | TEMPLOG : WellhouseOne | 051.800
2017-02-28 12:18:06 | TEMPLOG : WellhouseOne | 058.100
2017-02-28 12:19:07 | TEMPLOG : WellhouseOne | 113.000
2017-02-28 12:20:08 | TEMPLOG : WellhouseOne | 122.000
2017-02-28 12:21:10 | TEMPLOG : WellhouseOne | 087.800
2017-02-28 12:21:10 | TEMPLOG : To   GeoLoop | 059.900
2017-02-28 12:21:11 | TEMPLOG : Table    One | 065.300
2017-02-28 12:22:11 | TEMPLOG : WellhouseOne | 078.800
2017-02-28 12:23:12 | TEMPLOG : WellhouseOne | 072.500
2017-02-28 12:24:13 | TEMPLOG : WellhouseOne | 068.900
2017-02-28 12:24:13 | TEMPLOG : Bio   Filter | 066.200
2017-02-28 12:24:13 | TEMPLOG : To   GeoLoop | 059.000
2017-02-28 12:24:14 | TEMPLOG : Table    One | 066.200
2017-02-28 12:25:14 | TEMPLOG : WellhouseOne | 065.300
2017-02-28 12:26:15 | TEMPLOG : WellhouseOne | 062.600
2017-02-28 12:27:16 | TEMPLOG : WellhouseOne | 060.800
2017-02-28 12:28:18 | TEMPLOG : WellhouseOne | 059.900
2017-02-28 12:28:18 | TEMPLOG : Table    One | 065.300
2017-02-28 12:29:18 | TEMPLOG : WellhouseOne | 058.100
2017-02-28 12:29:19 | TEMPLOG : Table    One | 066.200
2017-02-28 12:30:19 | TEMPLOG : WellhouseOne | 057.200
2017-02-28 12:31:20 | TEMPLOG : To   GeoLoop | 059.900
2017-02-28 12:32:22 | TEMPLOG : Table    One | 067.100
2017-02-28 12:33:24 | TEMPLOG : WellhouseOne | 056.300
2017-02-28 12:34:25 | TEMPLOG : WellhouseOne | 055.400
2017-02-28 12:34:25 | TEMPLOG : Table    One | 066.200
2017-02-28 12:36:27 | TEMPLOG : WellhouseOne | 054.500
2017-02-28 12:36:27 | TEMPLOG : Bio   Filter | 067.100
2017-02-28 12:36:28 | TEMPLOG : Table    One | 067.100
2017-02-28 12:38:30 | TEMPLOG : Table    One | 068.000
2017-02-28 12:39:30 | TEMPLOG : WellhouseOne | 053.600
2017-02-28 12:39:30 | TEMPLOG : Bio   Filter | 068.000
2017-02-28 12:41:33 | TEMPLOG : Bio   Filter | 068.900
2017-02-28 12:41:34 | TEMPLOG : To   GeoLoop | 060.800
2017-02-28 12:42:35 | TEMPLOG : Table    One | 068.900
2017-02-28 12:45:37 | TEMPLOG : WellhouseOne | 052.700
2017-02-28 12:45:38 | TEMPLOG : Bio   Filter | 069.800
2017-02-28 12:45:38 | TEMPLOG : Table    One | 069.800
2017-02-28 12:47:40 | TEMPLOG : Table    One | 070.700
2017-02-28 12:48:41 | TEMPLOG : WellhouseOne | 051.800
2017-02-28 12:48:41 | TEMPLOG : To   GeoLoop | 061.700
2017-02-28 12:49:42 | TEMPLOG : Bio   Filter | 070.700
2017-02-28 12:51:43 | TEMPLOG : WellhouseOne | 093.200
2017-02-28 12:51:44 | TEMPLOG : Bio   Filter | 071.600
2017-02-28 12:52:45 | TEMPLOG : WellhouseOne | 121.100
2017-02-28 12:52:45 | TEMPLOG : Table    One | 071.600
2017-02-28 12:53:46 | TEMPLOG : WellhouseOne | 100.400
2017-02-28 12:53:46 | TEMPLOG : Table    One | 070.700
2017-02-28 12:54:46 | TEMPLOG : WellhouseOne | 081.500
2017-02-28 12:54:47 | TEMPLOG : Table    One | 071.600
2017-02-28 12:55:47 | TEMPLOG : WellhouseOne | 072.500
2017-02-28 12:55:48 | TEMPLOG : Bio   Filter | 070.700
2017-02-28 12:55:48 | TEMPLOG : Table    One | 070.700
2017-02-28 12:56:48 | TEMPLOG : WellhouseOne | 068.900
2017-02-28 12:56:49 | TEMPLOG : To   GeoLoop | 060.800
2017-02-28 12:56:49 | TEMPLOG : Table    One | 069.800
2017-02-28 12:57:49 | TEMPLOG : WellhouseOne | 065.300
2017-02-28 12:57:50 | TEMPLOG : Bio   Filter | 069.800
2017-02-28 12:58:50 | TEMPLOG : WellhouseOne | 062.600
2017-02-28 12:59:51 | TEMPLOG : WellhouseOne | 061.700
2017-02-28 13:00:54 | TEMPLOG : WellhouseOne | 059.900
2017-02-28 13:00:54 | TEMPLOG : Bio   Filter | 069.800
2017-02-28 13:00:54 | TEMPLOG : To   GeoLoop | 060.800
2017-02-28 13:00:54 | TEMPLOG : Table    One | 069.800
2017-02-28 13:01:55 | TEMPLOG : WellhouseOne | 059.000
2017-02-28 13:02:57 | TEMPLOG : WellhouseOne | 058.100
2017-02-28 13:02:58 | TEMPLOG : Table    One | 068.900
2017-02-28 13:03:58 | TEMPLOG : WellhouseOne | 056.300
2017-02-28 13:04:59 | TEMPLOG : WellhouseOne | 055.400
2017-02-28 13:04:59 | TEMPLOG : Bio   Filter | 070.700
2017-02-28 13:04:59 | TEMPLOG : Table    One | 069.800
2017-02-28 13:06:00 | TEMPLOG : To   GeoLoop | 061.700
2017-02-28 13:06:00 | TEMPLOG : Table    One | 070.700
2017-02-28 13:08:02 | TEMPLOG : WellhouseOne | 054.500
2017-02-28 13:08:04 | TEMPLOG : Table    One | 069.800
2017-02-28 13:09:05 | TEMPLOG : Bio   Filter | 069.800
2017-02-28 13:11:08 | TEMPLOG : WellhouseOne | 053.600
2017-02-28 13:11:08 | TEMPLOG : Bio   Filter | 070.700
2017-02-28 13:11:08 | TEMPLOG : Table    One | 070.700
2017-02-28 13:12:09 | TEMPLOG : To   GeoLoop | 062.600
2017-02-28 13:13:10 | TEMPLOG : Bio   Filter | 071.600
2017-02-28 13:13:12 | TEMPLOG : Table    One | 071.600
2017-02-28 13:14:12 | TEMPLOG : WellhouseOne | 052.700
2017-02-28 13:14:13 | TEMPLOG : Table    One | 070.700
2017-02-28 13:15:13 | TEMPLOG : To   GeoLoop | 061.700
2017-02-28 13:16:14 | TEMPLOG : Bio   Filter | 070.700
2017-02-28 13:16:15 | TEMPLOG : Table    One | 069.800
2017-02-28 13:19:18 | TEMPLOG : WellhouseOne | 051.800
2017-02-28 13:19:18 | TEMPLOG : Table    One | 070.700
2017-02-28 13:20:19 | TEMPLOG : Bio   Filter | 071.600
2017-02-28 13:21:20 | TEMPLOG : Bio   Filter | 072.500
2017-02-28 13:21:21 | TEMPLOG : Table    One | 073.400
2017-02-28 13:22:22 | TEMPLOG : Bio   Filter | 074.300
2017-02-28 13:22:22 | TEMPLOG : To   GeoLoop | 063.500
2017-02-28 13:22:22 | TEMPLOG : Table    One | 076.100
2017-02-28 13:23:22 | TEMPLOG : WellhouseOne | 050.900
2017-02-28 13:23:23 | TEMPLOG : Bio   Filter | 076.100
2017-02-28 13:23:23 | TEMPLOG : To   GeoLoop | 064.400
2017-02-28 13:23:23 | TEMPLOG : Table    One | 077.000
2017-02-28 13:24:24 | TEMPLOG : WellhouseOne | 092.300
2017-02-28 13:24:24 | TEMPLOG : Bio   Filter | 077.000
2017-02-28 13:24:24 | TEMPLOG : Table    One | 078.800
2017-02-28 13:25:25 | TEMPLOG : WellhouseOne | 120.200
2017-02-28 13:25:26 | TEMPLOG : Bio   Filter | 077.900
2017-02-28 13:25:26 | TEMPLOG : To   GeoLoop | 065.300
2017-02-28 13:25:26 | TEMPLOG : Table    One | 079.700
2017-02-28 13:26:26 | TEMPLOG : WellhouseOne | 100.400
2017-02-28 13:26:27 | TEMPLOG : Bio   Filter | 079.700
2017-02-28 13:26:27 | TEMPLOG : To   GeoLoop | 066.200
2017-02-28 13:26:27 | TEMPLOG : Table    One | 080.600
2017-02-28 13:27:27 | TEMPLOG : WellhouseOne | 082.400
2017-02-28 13:27:27 | TEMPLOG : Bio   Filter | 080.600
2017-02-28 13:27:28 | TEMPLOG : To   GeoLoop | 067.100
2017-02-28 13:27:29 | TEMPLOG : Table    One | 081.500
2017-02-28 13:28:29 | TEMPLOG : WellhouseOne | 074.300
2017-02-28 13:28:29 | TEMPLOG : Bio   Filter | 082.400
2017-02-28 13:28:30 | TEMPLOG : To   GeoLoop | 068.900
2017-02-28 13:28:30 | TEMPLOG : Table    One | 084.200
2017-02-28 13:29:30 | TEMPLOG : WellhouseOne | 068.900
2017-02-28 13:29:31 | TEMPLOG : Bio   Filter | 083.300
2017-02-28 13:29:31 | TEMPLOG : To   GeoLoop | 069.800
2017-02-28 13:29:31 | TEMPLOG : Table    One | 086.900
2017-02-28 13:30:31 | TEMPLOG : WellhouseOne | 066.200
2017-02-28 13:30:32 | TEMPLOG : Bio   Filter | 085.100
2017-02-28 13:30:32 | TEMPLOG : To   GeoLoop | 070.700
2017-02-28 13:30:32 | TEMPLOG : Table    One | 087.800
2017-02-28 13:31:32 | TEMPLOG : WellhouseOne | 064.400
2017-02-28 13:31:33 | TEMPLOG : Bio   Filter | 086.000
2017-02-28 13:31:33 | TEMPLOG : To   GeoLoop | 071.600
2017-02-28 13:32:33 | TEMPLOG : WellhouseOne | 062.600
2017-02-28 13:32:33 | TEMPLOG : Bio   Filter | 085.100
2017-02-28 13:32:34 | TEMPLOG : To   GeoLoop | 070.700
2017-02-28 13:33:34 | TEMPLOG : WellhouseOne | 060.800
2017-02-28 13:33:34 | TEMPLOG : Bio   Filter | 086.000
2017-02-28 13:34:35 | TEMPLOG : WellhouseOne | 059.000
2017-02-28 13:34:35 | TEMPLOG : Table    One | 088.700
2017-02-28 13:35:36 | TEMPLOG : WellhouseOne | 058.100
2017-02-28 13:35:37 | TEMPLOG : Table    One | 087.800
2017-02-28 13:36:37 | TEMPLOG : WellhouseOne | 057.200
2017-02-28 13:36:37 | TEMPLOG : Table    One | 088.700
2017-02-28 13:37:38 | TEMPLOG : WellhouseOne | 056.300
2017-02-28 13:38:40 | TEMPLOG : Bio   Filter | 085.100
2017-02-28 13:38:41 | TEMPLOG : Table    One | 086.900
2017-02-28 13:39:41 | TEMPLOG : WellhouseOne | 055.400
2017-02-28 13:39:42 | TEMPLOG : Table    One | 085.100
2017-02-28 13:40:43 | TEMPLOG : To   GeoLoop | 068.900
2017-02-28 13:40:43 | TEMPLOG : Table    One | 081.500
2017-02-28 13:41:43 | TEMPLOG : WellhouseOne | 054.500
2017-02-28 13:41:44 | TEMPLOG : Bio   Filter | 080.600
2017-02-28 13:41:44 | TEMPLOG : To   GeoLoop | 068.000
2017-02-28 13:41:44 | TEMPLOG : Table    One | 082.400
2017-02-28 13:42:45 | TEMPLOG : WellhouseOne | 053.600
2017-02-28 13:42:45 | TEMPLOG : Bio   Filter | 079.700
2017-02-28 13:42:45 | TEMPLOG : To   GeoLoop | 067.100
2017-02-28 13:43:46 | TEMPLOG : WellhouseOne | 052.700
2017-02-28 13:43:46 | TEMPLOG : Bio   Filter | 078.800
2017-02-28 13:43:47 | TEMPLOG : Table    One | 081.500
2017-02-28 13:44:47 | TEMPLOG : WellhouseOne | 053.600
2017-02-28 13:44:47 | TEMPLOG : Bio   Filter | 077.900
2017-02-28 13:44:47 | TEMPLOG : To   GeoLoop | 066.200
2017-02-28 13:44:48 | TEMPLOG : Table    One | 078.800
2017-02-28 13:45:48 | TEMPLOG : WellhouseOne | 052.700
2017-02-28 13:45:49 | TEMPLOG : Bio   Filter | 077.000
2017-02-28 13:45:49 | TEMPLOG : Table    One | 079.700
2017-02-28 13:46:51 | TEMPLOG : Table    One | 077.900
2017-02-28 13:47:52 | TEMPLOG : WellhouseOne | 051.800
2017-02-28 13:47:52 | TEMPLOG : Bio   Filter | 075.200
2017-02-28 13:47:52 | TEMPLOG : To   GeoLoop | 065.300
2017-02-28 13:47:52 | TEMPLOG : Table    One | 075.200
2017-02-28 13:48:53 | TEMPLOG : Bio   Filter | 073.400
2017-02-28 13:48:53 | TEMPLOG : To   GeoLoop | 063.500
2017-02-28 13:48:54 | TEMPLOG : Table    One | 073.400
2017-02-28 13:49:54 | TEMPLOG : Bio   Filter | 072.500
2017-02-28 13:49:55 | TEMPLOG : Table    One | 071.600
2017-02-28 13:50:56 | TEMPLOG : Bio   Filter | 071.600
2017-02-28 13:50:56 | TEMPLOG : To   GeoLoop | 062.600
2017-02-28 13:50:56 | TEMPLOG : Table    One | 070.700
2017-02-28 13:51:56 | TEMPLOG : Bio   Filter | 070.700
2017-02-28 13:51:57 | TEMPLOG : Table    One | 069.800
2017-02-28 13:52:58 | TEMPLOG : To   GeoLoop | 061.700
2017-02-28 13:52:58 | TEMPLOG : Table    One | 068.900
2017-02-28 13:53:59 | TEMPLOG : WellhouseOne | 050.900
2017-02-28 13:53:59 | TEMPLOG : Bio   Filter | 069.800
2017-02-28 13:56:02 | TEMPLOG : WellhouseOne | 095.900
2017-02-28 13:56:03 | TEMPLOG : Table    One | 069.800
2017-02-28 13:57:03 | TEMPLOG : WellhouseOne | 122.000
2017-02-28 13:57:03 | TEMPLOG : Bio   Filter | 070.700
2017-02-28 13:57:03 | TEMPLOG : To   GeoLoop | 062.600
2017-02-28 13:57:04 | TEMPLOG : Table    One | 071.600
2017-02-28 13:58:04 | TEMPLOG : WellhouseOne | 091.400
2017-02-28 13:58:05 | TEMPLOG : To   GeoLoop | 063.500
2017-02-28 13:58:05 | TEMPLOG : Table    One | 073.400
2017-02-28 13:59:06 | TEMPLOG : WellhouseOne | 078.800
2017-02-28 13:59:06 | TEMPLOG : Bio   Filter | 072.500
2017-02-28 13:59:07 | TEMPLOG : To   GeoLoop | 064.400
2017-02-28 13:59:07 | TEMPLOG : Table    One | 075.200
2017-02-28 14:00:07 | TEMPLOG : WellhouseOne | 072.500
2017-02-28 14:00:07 | TEMPLOG : Bio   Filter | 074.300
2017-02-28 14:00:08 | TEMPLOG : To   GeoLoop | 066.200
2017-02-28 14:00:08 | TEMPLOG : Table    One | 077.000
2017-02-28 14:01:08 | TEMPLOG : WellhouseOne | 068.900
2017-02-28 14:01:08 | TEMPLOG : Bio   Filter | 076.100
2017-02-28 14:01:09 | TEMPLOG : To   GeoLoop | 067.100
2017-02-28 14:01:09 | TEMPLOG : Table    One | 077.900
2017-02-28 14:02:09 | TEMPLOG : WellhouseOne | 065.300
2017-02-28 14:03:11 | TEMPLOG : WellhouseOne | 062.600
2017-02-28 14:04:12 | TEMPLOG : WellhouseOne | 060.800
2017-02-28 14:04:12 | TEMPLOG : Bio   Filter | 075.200
2017-02-28 14:04:13 | TEMPLOG : To   GeoLoop | 066.200
2017-02-28 14:04:13 | TEMPLOG : Table    One | 076.100
2017-02-28 14:05:13 | TEMPLOG : WellhouseOne | 059.900
2017-02-28 14:05:16 | TEMPLOG : To   GeoLoop | 065.300
2017-02-28 14:05:16 | TEMPLOG : Table    One | 077.000
2017-02-28 14:06:16 | TEMPLOG : WellhouseOne | 059.000
2017-02-28 14:06:16 | TEMPLOG : Bio   Filter | 074.300
2017-02-28 14:07:18 | TEMPLOG : WellhouseOne | 058.100
2017-02-28 14:07:18 | TEMPLOG : Bio   Filter | 073.400
2017-02-28 14:07:19 | TEMPLOG : Table    One | 076.100
2017-02-28 14:08:19 | TEMPLOG : WellhouseOne | 057.200
2017-02-28 14:08:20 | TEMPLOG : To   GeoLoop | 064.400
2017-02-28 14:08:21 | TEMPLOG : Table    One | 074.300
2017-02-28 14:09:21 | TEMPLOG : WellhouseOne | 056.300
2017-02-28 14:09:22 | TEMPLOG : Bio   Filter | 071.600
2017-02-28 14:10:22 | TEMPLOG : WellhouseOne | 055.400
2017-02-28 14:10:23 | TEMPLOG : Table    One | 075.200
2017-02-28 14:12:25 | TEMPLOG : WellhouseOne | 054.500
2017-02-28 14:12:25 | TEMPLOG : Table    One | 072.500
2017-02-28 14:13:25 | TEMPLOG : Bio   Filter | 069.800
2017-02-28 14:13:26 | TEMPLOG : To   GeoLoop | 063.500
2017-02-28 14:13:26 | TEMPLOG : Table    One | 070.700
2017-02-28 14:14:27 | TEMPLOG : Bio   Filter | 068.900
2017-02-28 14:14:27 | TEMPLOG : To   GeoLoop | 062.600
2017-02-28 14:14:28 | TEMPLOG : Table    One | 069.800
2017-02-28 14:15:28 | TEMPLOG : WellhouseOne | 053.600
2017-02-28 14:15:28 | TEMPLOG : Bio   Filter | 068.000
2017-02-28 14:15:29 | TEMPLOG : To   GeoLoop | 061.700
2017-02-28 14:15:29 | TEMPLOG : Table    One | 068.000
2017-02-28 14:16:30 | TEMPLOG : To   GeoLoop | 060.800
2017-02-28 14:16:30 | TEMPLOG : Table    One | 067.100
2017-02-28 14:17:31 | TEMPLOG : Bio   Filter | 067.100
2017-02-28 14:17:31 | TEMPLOG : Table    One | 066.200
2017-02-28 14:18:32 | TEMPLOG : WellhouseOne | 052.700
2017-02-28 14:18:32 | TEMPLOG : Bio   Filter | 066.200
2017-02-28 14:18:32 | TEMPLOG : Table    One | 065.300
2017-02-28 14:19:34 | TEMPLOG : To   GeoLoop | 059.900
2017-02-28 14:19:34 | TEMPLOG : Table    One | 064.400
2017-02-28 14:20:35 | TEMPLOG : Bio   Filter | 065.300
2017-02-28 14:20:35 | TEMPLOG : Table    One | 063.500
2017-02-28 14:21:35 | TEMPLOG : WellhouseOne | 051.800
2017-02-28 14:21:36 | TEMPLOG : Bio   Filter | 064.400
2017-02-28 14:21:36 | TEMPLOG : Table    One | 062.600
2017-02-28 14:22:37 | TEMPLOG : To   GeoLoop | 059.000
2017-02-28 14:23:39 | TEMPLOG : Bio   Filter | 063.500
2017-02-28 14:23:39 | TEMPLOG : Table    One | 061.700
2017-02-28 14:24:39 | TEMPLOG : WellhouseOne | 050.900
2017-02-28 14:26:43 | TEMPLOG : Bio   Filter | 062.600
2017-02-28 14:27:44 | TEMPLOG : WellhouseOne | 092.300
2017-02-28 14:27:44 | TEMPLOG : To   GeoLoop | 059.900
2017-02-28 14:28:45 | TEMPLOG : WellhouseOne | 122.000
2017-02-28 14:28:46 | TEMPLOG : To   GeoLoop | 059.000
2017-02-28 14:29:46 | TEMPLOG : WellhouseOne | 105.800
2017-02-28 14:29:47 | TEMPLOG : Bio   Filter | 061.700
2017-02-28 14:29:47 | TEMPLOG : Table    One | 060.800
2017-02-28 14:30:47 | TEMPLOG : WellhouseOne | 084.200
2017-02-28 14:31:49 | TEMPLOG : WellhouseOne | 074.300
2017-02-28 14:31:49 | TEMPLOG : Bio   Filter | 060.800
2017-02-28 14:31:50 | TEMPLOG : Table    One | 059.900
2017-02-28 14:32:50 | TEMPLOG : WellhouseOne | 069.800
2017-02-28 14:33:51 | TEMPLOG : WellhouseOne | 065.300
2017-02-28 14:33:53 | TEMPLOG : Table    One | 059.000
2017-02-28 14:34:53 | TEMPLOG : WellhouseOne | 062.600
2017-02-28 14:34:53 | TEMPLOG : Bio   Filter | 059.900
2017-02-28 14:34:54 | TEMPLOG : To   GeoLoop | 058.100
2017-02-28 14:35:54 | TEMPLOG : WellhouseOne | 060.800
2017-02-28 14:36:55 | TEMPLOG : WellhouseOne | 059.000
2017-02-28 14:36:56 | TEMPLOG : Bio   Filter | 059.000
2017-02-28 14:36:56 | TEMPLOG : Table    One | 058.100
2017-02-28 14:37:56 | TEMPLOG : WellhouseOne | 057.200
2017-02-28 14:39:00 | TEMPLOG : Table    One | 059.000
2017-02-28 14:40:01 | TEMPLOG : WellhouseOne | 056.300
2017-02-28 14:40:01 | TEMPLOG : Table    One | 059.900
2017-02-28 14:41:01 | TEMPLOG : WellhouseOne | 055.400
2017-02-28 14:41:02 | TEMPLOG : Bio   Filter | 059.900
2017-02-28 14:41:02 | TEMPLOG : To   GeoLoop | 059.000
2017-02-28 14:42:02 | TEMPLOG : WellhouseOne | 054.500
2017-02-28 14:42:03 | TEMPLOG : Table    One | 060.800
2017-02-28 14:43:04 | TEMPLOG : WellhouseOne | 053.600
2017-02-28 14:43:04 | TEMPLOG : Bio   Filter | 060.800
2017-02-28 14:44:05 | TEMPLOG : WellhouseOne | 052.700
2017-02-28 14:46:06 | TEMPLOG : WellhouseOne | 051.800
2017-02-28 14:47:07 | TEMPLOG : WellhouseOne | 052.700
2017-02-28 14:48:08 | TEMPLOG : WellhouseOne | 051.800
2017-02-28 14:48:09 | TEMPLOG : Table    One | 061.700
2017-02-28 14:49:09 | TEMPLOG : To   GeoLoop | 059.900
2017-02-28 14:50:10 | TEMPLOG : WellhouseOne | 050.900
2017-02-28 14:51:11 | TEMPLOG : WellhouseOne | 050.000
2017-02-28 14:53:13 | TEMPLOG : WellhouseOne | 049.100
2017-02-28 14:58:19 | TEMPLOG : WellhouseOne | 093.200
2017-02-28 14:59:19 | TEMPLOG : WellhouseOne | 120.200
2017-02-28 15:00:20 | TEMPLOG : WellhouseOne | 104.900
2017-02-28 15:00:20 | TEMPLOG : Bio   Filter | 060.800
2017-02-28 15:00:21 | TEMPLOG : To   GeoLoop | 059.900
2017-02-28 15:00:21 | TEMPLOG : Table    One | 061.700
2017-02-28 15:01:21 | TEMPLOG : WellhouseOne | 081.500
2017-02-28 15:02:23 | TEMPLOG : WellhouseOne | 070.700
2017-02-28 15:02:24 | TEMPLOG : Table    One | 062.600
2017-02-28 15:03:25 | TEMPLOG : WellhouseOne | 065.300
2017-02-28 15:04:28 | TEMPLOG : WellhouseOne | 062.600
2017-02-28 15:05:29 | TEMPLOG : WellhouseOne | 059.000
2017-02-28 15:06:30 | TEMPLOG : WellhouseOne | 057.200
2017-02-28 15:06:31 | TEMPLOG : Table    One | 063.500
2017-02-28 15:07:31 | TEMPLOG : WellhouseOne | 056.300
2017-02-28 15:07:32 | TEMPLOG : Bio   Filter | 062.600
2017-02-28 15:07:33 | TEMPLOG : To   GeoLoop | 060.800
2017-02-28 15:07:33 | TEMPLOG : Table    One | 069.800
2017-02-28 15:08:33 | TEMPLOG : WellhouseOne | 054.500
2017-02-28 15:08:34 | TEMPLOG : Bio   Filter | 065.300
2017-02-28 15:08:34 | TEMPLOG : To   GeoLoop | 063.500
2017-02-28 15:08:34 | TEMPLOG : Table    One | 073.400
2017-02-28 15:09:34 | TEMPLOG : WellhouseOne | 053.600
2017-02-28 15:09:35 | TEMPLOG : Bio   Filter | 067.100
2017-02-28 15:09:35 | TEMPLOG : To   GeoLoop | 065.300
2017-02-28 15:09:36 | TEMPLOG : Table    One | 075.200
2017-02-28 15:10:36 | TEMPLOG : WellhouseOne | 052.700
2017-02-28 15:10:36 | TEMPLOG : Bio   Filter | 068.900
2017-02-28 15:10:36 | TEMPLOG : To   GeoLoop | 066.200
2017-02-28 15:10:36 | TEMPLOG : Table    One | 076.100
2017-02-28 15:11:37 | TEMPLOG : Bio   Filter | 069.800
2017-02-28 15:11:37 | TEMPLOG : To   GeoLoop | 067.100
2017-02-28 15:11:37 | TEMPLOG : Table    One | 077.000
2017-02-28 15:12:38 | TEMPLOG : WellhouseOne | 051.800
2017-02-28 15:12:38 | TEMPLOG : Bio   Filter | 070.700
2017-02-28 15:12:38 | TEMPLOG : To   GeoLoop | 068.000
2017-02-28 15:12:38 | TEMPLOG : Table    One | 077.900
2017-02-28 15:13:39 | TEMPLOG : Bio   Filter | 071.600
2017-02-28 15:14:40 | TEMPLOG : WellhouseOne | 050.900
2017-02-28 15:15:41 | TEMPLOG : Bio   Filter | 072.500
2017-02-28 15:17:43 | TEMPLOG : Bio   Filter | 071.600
2017-02-28 15:17:45 | TEMPLOG : Table    One | 078.800
2017-02-28 15:18:45 | TEMPLOG : WellhouseOne | 050.000
2017-02-28 15:18:46 | TEMPLOG : Table    One | 077.900
2017-02-28 15:19:47 | TEMPLOG : Table    One | 077.000
2017-02-28 15:20:47 | TEMPLOG : WellhouseOne | 049.100
2017-02-28 15:20:49 | TEMPLOG : Table    One | 077.900
2017-02-28 15:22:50 | TEMPLOG : WellhouseOne | 048.200
2017-02-28 15:22:51 | TEMPLOG : Bio   Filter | 070.700
2017-02-28 15:22:51 | TEMPLOG : To   GeoLoop | 067.100
2017-02-28 15:22:52 | TEMPLOG : Table    One | 076.100
2017-02-28 15:23:53 | TEMPLOG : Table    One | 077.000
2017-02-28 15:24:53 | TEMPLOG : WellhouseOne | 047.300
2017-02-28 15:24:54 | TEMPLOG : Table    One | 077.900
2017-02-28 15:25:56 | TEMPLOG : Table    One | 078.800
2017-02-28 15:26:57 | TEMPLOG : Table    One | 077.900
2017-02-28 15:27:57 | TEMPLOG : WellhouseOne | 076.100
2017-02-28 15:27:57 | TEMPLOG : Bio   Filter | 069.800
2017-02-28 15:27:58 | TEMPLOG : Table    One | 076.100
2017-02-28 15:28:59 | TEMPLOG : WellhouseOne | 113.000
2017-02-28 15:28:59 | TEMPLOG : To   GeoLoop | 066.200
2017-02-28 15:28:59 | TEMPLOG : Table    One | 075.200
2017-02-28 15:29:59 | TEMPLOG : WellhouseOne | 127.400
2017-02-28 15:30:00 | TEMPLOG : Bio   Filter | 068.000
2017-02-28 15:30:00 | TEMPLOG : To   GeoLoop | 065.300
2017-02-28 15:30:00 | TEMPLOG : Table    One | 072.500
2017-02-28 15:31:01 | TEMPLOG : WellhouseOne | 086.900
2017-02-28 15:31:01 | TEMPLOG : Bio   Filter | 067.100
2017-02-28 15:31:02 | TEMPLOG : To   GeoLoop | 064.400
2017-02-28 15:31:02 | TEMPLOG : Table    One | 070.700
2017-02-28 15:32:02 | TEMPLOG : WellhouseOne | 074.300
2017-02-28 15:32:02 | TEMPLOG : Bio   Filter | 066.200
2017-02-28 15:32:03 | TEMPLOG : To   GeoLoop | 063.500
2017-02-28 15:32:03 | TEMPLOG : Table    One | 069.800
2017-02-28 15:33:03 | TEMPLOG : WellhouseOne | 068.900
2017-02-28 15:33:03 | TEMPLOG : Bio   Filter | 065.300
2017-02-28 15:33:03 | TEMPLOG : To   GeoLoop | 062.600
2017-02-28 15:33:04 | TEMPLOG : Table    One | 068.000
2017-02-28 15:34:04 | TEMPLOG : WellhouseOne | 063.500
2017-02-28 15:34:04 | TEMPLOG : Bio   Filter | 064.400
2017-02-28 15:34:04 | TEMPLOG : To   GeoLoop | 061.700
2017-02-28 15:34:04 | TEMPLOG : Table    One | 066.200
2017-02-28 15:35:05 | TEMPLOG : WellhouseOne | 060.800
2017-02-28 15:35:05 | TEMPLOG : Bio   Filter | 063.500
2017-02-28 15:35:06 | TEMPLOG : Table    One | 065.300
2017-02-28 15:36:06 | TEMPLOG : WellhouseOne | 059.000
2017-02-28 15:36:06 | TEMPLOG : Bio   Filter | 062.600
2017-02-28 15:36:07 | TEMPLOG : To   GeoLoop | 060.800
2017-02-28 15:36:07 | TEMPLOG : Table    One | 064.400
2017-02-28 15:37:07 | TEMPLOG : WellhouseOne | 056.300
2017-02-28 15:37:07 | TEMPLOG : Table    One | 063.500
2017-02-28 15:38:08 | TEMPLOG : WellhouseOne | 055.400
2017-02-28 15:38:08 | TEMPLOG : Bio   Filter | 061.700
2017-02-28 15:38:09 | TEMPLOG : Table    One | 062.600
2017-02-28 15:39:09 | TEMPLOG : WellhouseOne | 054.500
2017-02-28 15:39:09 | TEMPLOG : Bio   Filter | 060.800
2017-02-28 15:39:10 | TEMPLOG : To   GeoLoop | 059.900
2017-02-28 15:39:10 | TEMPLOG : Table    One | 061.700
2017-02-28 15:40:10 | TEMPLOG : WellhouseOne | 052.700
2017-02-28 15:40:11 | TEMPLOG : Table    One | 060.800
2017-02-28 15:41:11 | TEMPLOG : WellhouseOne | 051.800
2017-02-28 15:41:12 | TEMPLOG : Bio   Filter | 059.900
2017-02-28 15:41:12 | TEMPLOG : To   GeoLoop | 059.000
2017-02-28 15:41:13 | TEMPLOG : Table    One | 059.900
2017-02-28 15:42:13 | TEMPLOG : Bio   Filter | 059.000
2017-02-28 15:42:14 | TEMPLOG : Table    One | 059.000
2017-02-28 15:43:14 | TEMPLOG : WellhouseOne | 050.900
2017-02-28 15:45:17 | TEMPLOG : Bio   Filter | 058.100
2017-02-28 15:46:18 | TEMPLOG : WellhouseOne | 050.000
2017-02-28 15:46:19 | TEMPLOG : Table    One | 058.100
2017-02-28 15:47:19 | TEMPLOG : WellhouseOne | 049.100
2017-02-28 15:48:21 | TEMPLOG : Table    One | 057.200
2017-02-28 15:49:22 | TEMPLOG : Bio   Filter | 057.200
2017-02-28 15:49:22 | TEMPLOG : To   GeoLoop | 058.100
2017-02-28 15:50:22 | TEMPLOG : WellhouseOne | 048.200
2017-02-28 15:51:25 | TEMPLOG : Table    One | 056.300
2017-02-28 15:52:26 | TEMPLOG : Bio   Filter | 056.300
2017-02-28 15:54:28 | TEMPLOG : WellhouseOne | 047.300
2017-02-28 15:54:29 | TEMPLOG : Table    One | 055.400
2017-02-28 15:57:33 | TEMPLOG : WellhouseOne | 064.400
2017-02-28 15:57:33 | TEMPLOG : Bio   Filter | 055.400
2017-02-28 15:58:34 | TEMPLOG : WellhouseOne | 112.100
2017-02-28 15:59:35 | TEMPLOG : WellhouseOne | 126.500
2017-02-28 16:00:35 | TEMPLOG : WellhouseOne | 089.600
2017-02-28 16:00:36 | TEMPLOG : Bio   Filter | 055.400
2017-02-28 16:00:36 | TEMPLOG : To   GeoLoop | 057.200
2017-02-28 16:00:36 | TEMPLOG : Table    One | 055.400
2017-02-28 16:01:36 | TEMPLOG : WellhouseOne | 076.100
2017-02-28 16:01:38 | TEMPLOG : Table    One | 054.500
2017-02-28 16:02:38 | TEMPLOG : WellhouseOne | 068.900
2017-02-28 16:02:38 | TEMPLOG : Bio   Filter | 054.500
2017-02-28 16:03:39 | TEMPLOG : WellhouseOne | 064.400
2017-02-28 16:04:41 | TEMPLOG : WellhouseOne | 060.800
2017-02-28 16:04:42 | TEMPLOG : Table    One | 053.600
2017-02-28 16:05:42 | TEMPLOG : WellhouseOne | 058.100
2017-02-28 16:05:43 | TEMPLOG : Bio   Filter | 053.600
2017-02-28 16:06:44 | TEMPLOG : WellhouseOne | 056.300
2017-02-28 16:07:44 | TEMPLOG : WellhouseOne | 054.500
2017-02-28 16:08:45 | TEMPLOG : WellhouseOne | 053.600
2017-02-28 16:08:45 | TEMPLOG : Bio   Filter | 052.700
2017-02-28 16:08:46 | TEMPLOG : To   GeoLoop | 056.300
2017-02-28 16:08:46 | TEMPLOG : Table    One | 052.700
2017-02-28 16:09:46 | TEMPLOG : WellhouseOne | 052.700
2017-02-28 16:10:48 | TEMPLOG : WellhouseOne | 051.800
2017-02-28 16:10:49 | TEMPLOG : Table    One | 051.800
2017-02-28 16:11:49 | TEMPLOG : Bio   Filter | 051.800
2017-02-28 16:12:50 | TEMPLOG : WellhouseOne | 050.900
2017-02-28 16:13:51 | TEMPLOG : WellhouseOne | 050.000
2017-02-28 16:13:52 | TEMPLOG : Table    One | 050.900
2017-02-28 16:14:52 | TEMPLOG : Bio   Filter | 050.900
2017-02-28 16:15:53 | TEMPLOG : WellhouseOne | 049.100
2017-02-28 16:16:55 | TEMPLOG : To   GeoLoop | 055.400
2017-02-28 16:16:56 | TEMPLOG : Table    One | 050.000
2017-02-28 16:18:57 | TEMPLOG : Bio   Filter | 050.000
2017-02-28 16:19:58 | TEMPLOG : WellhouseOne | 048.200
2017-02-28 16:22:02 | TEMPLOG : Table    One | 049.100
2017-02-28 16:23:02 | TEMPLOG : Bio   Filter | 049.100
2017-02-28 16:24:03 | TEMPLOG : WellhouseOne | 047.300
2017-02-28 16:26:07 | TEMPLOG : Table    One | 048.200
2017-02-28 16:27:08 | TEMPLOG : WellhouseOne | 068.900
2017-02-28 16:28:09 | TEMPLOG : WellhouseOne | 115.700
2017-02-28 16:28:10 | TEMPLOG : To   GeoLoop | 054.500
2017-02-28 16:29:11 | TEMPLOG : WellhouseOne | 127.400
2017-02-28 16:29:11 | TEMPLOG : Bio   Filter | 048.200
2017-02-28 16:29:11 | TEMPLOG : To   GeoLoop | 055.400
2017-02-28 16:30:11 | TEMPLOG : WellhouseOne | 095.900
2017-02-28 16:30:13 | TEMPLOG : To   GeoLoop | 054.500
2017-02-28 16:31:13 | TEMPLOG : WellhouseOne | 080.600
2017-02-28 16:32:14 | TEMPLOG : WellhouseOne | 071.600
2017-02-28 16:32:16 | TEMPLOG : Table    One | 047.300
2017-02-28 16:33:16 | TEMPLOG : WellhouseOne | 066.200
2017-02-28 16:34:17 | TEMPLOG : WellhouseOne | 062.600
2017-02-28 16:35:19 | TEMPLOG : WellhouseOne | 059.900
2017-02-28 16:35:20 | TEMPLOG : Bio   Filter | 047.300
2017-02-28 16:36:21 | TEMPLOG : WellhouseOne | 057.200
2017-02-28 16:37:22 | TEMPLOG : WellhouseOne | 055.400
2017-02-28 16:38:23 | TEMPLOG : WellhouseOne | 054.500
2017-02-28 16:39:24 | TEMPLOG : WellhouseOne | 053.600
2017-02-28 16:39:25 | TEMPLOG : Table    One | 046.400
2017-02-28 16:40:26 | TEMPLOG : WellhouseOne | 052.700
2017-02-28 16:41:27 | TEMPLOG : WellhouseOne | 051.800
2017-02-28 16:42:27 | TEMPLOG : WellhouseOne | 050.900
2017-02-28 16:44:30 | TEMPLOG : Bio   Filter | 046.400
2017-02-28 16:45:31 | TEMPLOG : WellhouseOne | 050.000
2017-02-28 16:47:33 | TEMPLOG : WellhouseOne | 049.100
2017-02-28 16:52:40 | TEMPLOG : WellhouseOne | 048.200
2017-02-28 16:57:47 | TEMPLOG : WellhouseOne | 060.800
2017-02-28 16:58:48 | TEMPLOG : WellhouseOne | 113.000
2017-02-28 16:59:50 | TEMPLOG : WellhouseOne | 127.400
2017-02-28 16:59:51 | TEMPLOG : Table    One | 045.500
2017-02-28 17:00:51 | TEMPLOG : WellhouseOne | 099.500
2017-02-28 17:00:51 | TEMPLOG : Bio   Filter | 046.400
2017-02-28 17:00:51 | TEMPLOG : To   GeoLoop | 054.500
2017-02-28 17:00:52 | TEMPLOG : Table    One | 046.400
2017-02-28 17:01:52 | TEMPLOG : WellhouseOne | 081.500
2017-02-28 17:01:53 | TEMPLOG : To   GeoLoop | 053.600
2017-02-28 17:02:53 | TEMPLOG : WellhouseOne | 072.500
2017-02-28 17:02:54 | TEMPLOG : To   GeoLoop | 054.500
2017-02-28 17:03:54 | TEMPLOG : WellhouseOne | 067.100
2017-02-28 17:04:56 | TEMPLOG : WellhouseOne | 062.600
2017-02-28 17:05:57 | TEMPLOG : WellhouseOne | 059.900
2017-02-28 17:06:58 | TEMPLOG : WellhouseOne | 057.200
2017-02-28 17:06:59 | TEMPLOG : To   GeoLoop | 053.600
2017-02-28 17:06:59 | TEMPLOG : Table    One | 045.500
2017-02-28 17:07:59 | TEMPLOG : WellhouseOne | 055.400
2017-02-28 17:08:00 | TEMPLOG : To   GeoLoop | 054.500
2017-02-28 17:08:00 | TEMPLOG : Table    One | 046.400
2017-02-28 17:09:00 | TEMPLOG : WellhouseOne | 054.500
2017-02-28 17:09:01 | TEMPLOG : Table    One | 045.500
2017-02-28 17:10:01 | TEMPLOG : WellhouseOne | 053.600
2017-02-28 17:10:02 | TEMPLOG : To   GeoLoop | 053.600
2017-02-28 17:11:02 | TEMPLOG : WellhouseOne | 052.700
2017-02-28 17:12:03 | TEMPLOG : WellhouseOne | 051.800
2017-02-28 17:12:04 | TEMPLOG : To   GeoLoop | 054.500
2017-02-28 17:14:06 | TEMPLOG : WellhouseOne | 050.900
2017-02-28 17:14:06 | TEMPLOG : Table    One | 046.400
2017-02-28 17:15:07 | TEMPLOG : WellhouseOne | 050.000
2017-02-28 17:16:08 | TEMPLOG : WellhouseOne | 049.100
2017-02-28 17:19:11 | TEMPLOG : WellhouseOne | 048.200
2017-02-28 17:21:14 | TEMPLOG : WellhouseOne | 047.300
2017-02-28 17:22:16 | TEMPLOG : Table    One | 045.500
2017-02-28 17:23:16 | TEMPLOG : WellhouseOne | 046.400
2017-02-28 17:25:19 | TEMPLOG : To   GeoLoop | 053.600
2017-02-28 17:26:20 | TEMPLOG : To   GeoLoop | 054.500
2017-02-28 17:27:20 | TEMPLOG : WellhouseOne | 058.100
2017-02-28 17:27:21 | TEMPLOG : To   GeoLoop | 053.600
2017-02-28 17:28:22 | TEMPLOG : WellhouseOne | 111.200
2017-02-28 17:29:23 | TEMPLOG : WellhouseOne | 125.600
2017-02-28 17:29:24 | TEMPLOG : To   GeoLoop | 054.500
2017-02-28 17:30:25 | TEMPLOG : WellhouseOne | 131.900
2017-02-28 17:30:26 | TEMPLOG : To   GeoLoop | 053.600
2017-02-28 17:31:27 | TEMPLOG : WellhouseOne | 090.500
2017-02-28 17:32:28 | TEMPLOG : WellhouseOne | 077.900
2017-02-28 17:33:30 | TEMPLOG : WellhouseOne | 069.800
2017-02-28 17:34:31 | TEMPLOG : WellhouseOne | 065.300
2017-02-28 17:34:31 | TEMPLOG : Bio   Filter | 045.500
2017-02-28 17:35:32 | TEMPLOG : WellhouseOne | 061.700
2017-02-28 17:36:33 | TEMPLOG : WellhouseOne | 059.000
2017-02-28 17:37:35 | TEMPLOG : WellhouseOne | 057.200
2017-02-28 17:38:36 | TEMPLOG : WellhouseOne | 056.300
2017-02-28 17:39:37 | TEMPLOG : WellhouseOne | 054.500
2017-02-28 17:39:37 | TEMPLOG : Table    One | 044.600
2017-02-28 17:40:38 | TEMPLOG : WellhouseOne | 053.600
2017-02-28 17:41:38 | TEMPLOG : WellhouseOne | 052.700
2017-02-28 17:43:40 | TEMPLOG : WellhouseOne | 051.800
2017-02-28 17:44:43 | TEMPLOG : WellhouseOne | 050.900
2017-02-28 17:45:44 | TEMPLOG : Bio   Filter | 044.600
2017-02-28 17:46:45 | TEMPLOG : WellhouseOne | 050.000
2017-02-28 17:48:47 | TEMPLOG : WellhouseOne | 049.100
2017-02-28 17:48:48 | TEMPLOG : Table    One | 043.700
2017-02-28 17:49:48 | TEMPLOG : WellhouseOne | 048.200
2017-02-28 17:51:52 | TEMPLOG : To   GeoLoop | 052.700
2017-02-28 17:52:52 | TEMPLOG : WellhouseOne | 047.300
2017-02-28 17:52:52 | TEMPLOG : Bio   Filter | 043.700
2017-02-28 17:54:55 | TEMPLOG : WellhouseOne | 046.400
2017-02-28 17:56:58 | TEMPLOG : WellhouseOne | 050.000
2017-02-28 17:57:59 | TEMPLOG : WellhouseOne | 109.400
2017-02-28 17:59:00 | TEMPLOG : WellhouseOne | 124.700
2017-02-28 18:00:01 | TEMPLOG : WellhouseOne | 131.000
2017-02-28 18:00:01 | TEMPLOG : Bio   Filter | 043.700
2017-02-28 18:00:01 | TEMPLOG : To   GeoLoop | 052.700
2017-02-28 18:00:02 | TEMPLOG : Table    One | 043.700
2017-02-28 18:01:02 | TEMPLOG : WellhouseOne | 089.600
2017-02-28 18:01:03 | TEMPLOG : Table    One | 042.800
2017-02-28 18:02:03 | TEMPLOG : WellhouseOne | 076.100
2017-02-28 18:03:05 | TEMPLOG : WellhouseOne | 068.000
2017-02-28 18:04:05 | TEMPLOG : WellhouseOne | 063.500
2017-02-28 18:05:08 | TEMPLOG : WellhouseOne | 060.800
2017-02-28 18:06:09 | TEMPLOG : WellhouseOne | 058.100
2017-02-28 18:07:10 | TEMPLOG : WellhouseOne | 056.300
2017-02-28 18:08:12 | TEMPLOG : WellhouseOne | 055.400
2017-02-28 18:09:13 | TEMPLOG : WellhouseOne | 054.500
2017-02-28 18:10:14 | TEMPLOG : WellhouseOne | 052.700
2017-02-28 18:10:14 | TEMPLOG : Bio   Filter | 042.800
2017-02-28 18:11:15 | TEMPLOG : WellhouseOne | 051.800
2017-02-28 18:13:16 | TEMPLOG : WellhouseOne | 050.900
2017-02-28 18:15:19 | TEMPLOG : WellhouseOne | 050.000
2017-02-28 18:15:19 | TEMPLOG : Table    One | 041.900
2017-02-28 18:17:20 | TEMPLOG : WellhouseOne | 049.100
2017-02-28 18:20:25 | TEMPLOG : WellhouseOne | 048.200
2017-02-28 18:21:26 | TEMPLOG : WellhouseOne | 047.300
2017-02-28 18:22:27 | TEMPLOG : WellhouseOne | 046.400
2017-02-28 18:24:29 | TEMPLOG : WellhouseOne | 045.500
2017-02-28 18:24:29 | TEMPLOG : Bio   Filter | 041.900
2017-02-28 18:25:30 | TEMPLOG : WellhouseOne | 046.400
2017-02-28 18:25:31 | TEMPLOG : To   GeoLoop | 051.800
2017-02-28 18:26:32 | TEMPLOG : WellhouseOne | 106.700
2017-02-28 18:26:32 | TEMPLOG : Table    One | 041.000
2017-02-28 18:27:32 | TEMPLOG : WellhouseOne | 121.100
2017-02-28 18:28:35 | TEMPLOG : WellhouseOne | 130.100
2017-02-28 18:29:36 | TEMPLOG : WellhouseOne | 097.700
2017-02-28 18:30:37 | TEMPLOG : WellhouseOne | 079.700
2017-02-28 18:31:38 | TEMPLOG : WellhouseOne | 070.700
2017-02-28 18:32:39 | TEMPLOG : WellhouseOne | 064.400
2017-02-28 18:33:41 | TEMPLOG : WellhouseOne | 060.800
2017-02-28 18:34:42 | TEMPLOG : WellhouseOne | 058.100
2017-02-28 18:35:43 | TEMPLOG : WellhouseOne | 056.300
2017-02-28 18:36:44 | TEMPLOG : WellhouseOne | 054.500
2017-02-28 18:36:44 | TEMPLOG : Bio   Filter | 041.000
2017-02-28 18:37:45 | TEMPLOG : WellhouseOne | 053.600
2017-02-28 18:38:46 | TEMPLOG : WellhouseOne | 051.800
2017-02-28 18:40:48 | TEMPLOG : WellhouseOne | 050.900
2017-02-28 18:40:49 | TEMPLOG : Table    One | 040.100
2017-02-28 18:41:49 | TEMPLOG : WellhouseOne | 050.000
2017-02-28 18:42:50 | TEMPLOG : WellhouseOne | 049.100
2017-02-28 18:43:52 | TEMPLOG : WellhouseOne | 048.200
2017-02-28 18:45:54 | TEMPLOG : WellhouseOne | 047.300
2017-02-28 18:47:55 | TEMPLOG : WellhouseOne | 046.400
2017-02-28 18:47:56 | TEMPLOG : Bio   Filter | 040.100
2017-02-28 18:48:56 | TEMPLOG : WellhouseOne | 045.500
2017-02-28 18:48:57 | TEMPLOG : Bio   Filter | 041.000
2017-02-28 18:50:58 | TEMPLOG : WellhouseOne | 044.600
2017-02-28 18:50:59 | TEMPLOG : Bio   Filter | 040.100
2017-02-28 18:51:59 | TEMPLOG : WellhouseOne | 045.500
2017-02-28 18:52:00 | TEMPLOG : Bio   Filter | 041.000
2017-02-28 18:53:01 | TEMPLOG : WellhouseOne | 044.600
2017-02-28 18:53:01 | TEMPLOG : Bio   Filter | 040.100
2017-02-28 18:53:01 | TEMPLOG : To   GeoLoop | 050.900
2017-02-28 18:54:02 | TEMPLOG : WellhouseOne | 086.900
2017-02-28 18:54:04 | TEMPLOG : Table    One | 039.200
2017-02-28 18:55:04 | TEMPLOG : WellhouseOne | 114.800
2017-02-28 18:56:05 | TEMPLOG : WellhouseOne | 125.600
2017-02-28 18:57:08 | TEMPLOG : WellhouseOne | 132.800
2017-02-28 18:58:08 | TEMPLOG : WellhouseOne | 101.300
2017-02-28 18:59:11 | TEMPLOG : WellhouseOne | 082.400
2017-02-28 19:00:12 | TEMPLOG : WellhouseOne | 071.600
2017-02-28 19:00:13 | TEMPLOG : Bio   Filter | 040.100
2017-02-28 19:00:13 | TEMPLOG : To   GeoLoop | 050.900
2017-02-28 19:00:13 | TEMPLOG : Table    One | 039.200
2017-02-28 19:01:13 | TEMPLOG : WellhouseOne | 065.300
2017-02-28 19:02:14 | TEMPLOG : WellhouseOne | 061.700
2017-02-28 19:02:14 | TEMPLOG : Bio   Filter | 039.200
2017-02-28 19:03:15 | TEMPLOG : WellhouseOne | 059.000
2017-02-28 19:04:16 | TEMPLOG : WellhouseOne | 056.300
2017-02-28 19:05:17 | TEMPLOG : WellhouseOne | 055.400
2017-02-28 19:06:19 | TEMPLOG : WellhouseOne | 053.600
2017-02-28 19:07:20 | TEMPLOG : WellhouseOne | 051.800
2017-02-28 19:07:21 | TEMPLOG : Bio   Filter | 040.100
2017-02-28 19:08:21 | TEMPLOG : WellhouseOne | 050.900
2017-02-28 19:08:22 | TEMPLOG : Bio   Filter | 039.200
2017-02-28 19:09:22 | TEMPLOG : WellhouseOne | 050.000
2017-02-28 19:10:24 | TEMPLOG : WellhouseOne | 049.100
2017-02-28 19:12:27 | TEMPLOG : WellhouseOne | 048.200
2017-02-28 19:14:29 | TEMPLOG : WellhouseOne | 047.300
2017-02-28 19:14:30 | TEMPLOG : Table    One | 038.300
2017-02-28 19:16:32 | TEMPLOG : WellhouseOne | 046.400
2017-02-28 19:20:37 | TEMPLOG : WellhouseOne | 045.500
2017-02-28 19:20:38 | TEMPLOG : Bio   Filter | 038.300
2017-02-28 19:21:39 | TEMPLOG : Bio   Filter | 039.200
2017-02-28 19:22:39 | TEMPLOG : WellhouseOne | 091.400
2017-02-28 19:22:39 | TEMPLOG : Bio   Filter | 038.300
2017-02-28 19:23:40 | TEMPLOG : WellhouseOne | 117.500
2017-02-28 19:24:41 | TEMPLOG : WellhouseOne | 127.400
2017-02-28 19:25:42 | TEMPLOG : WellhouseOne | 114.800
2017-02-28 19:26:44 | TEMPLOG : WellhouseOne | 086.000
2017-02-28 19:27:45 | TEMPLOG : WellhouseOne | 074.300
2017-02-28 19:28:46 | TEMPLOG : WellhouseOne | 067.100
2017-02-28 19:29:47 | TEMPLOG : WellhouseOne | 061.700
2017-02-28 19:29:48 | TEMPLOG : To   GeoLoop | 050.000
2017-02-28 19:30:49 | TEMPLOG : WellhouseOne | 059.000
2017-02-28 19:30:49 | TEMPLOG : To   GeoLoop | 050.900
2017-02-28 19:31:50 | TEMPLOG : WellhouseOne | 056.300
2017-02-28 19:32:51 | TEMPLOG : WellhouseOne | 053.600
2017-02-28 19:32:51 | TEMPLOG : To   GeoLoop | 050.000
2017-02-28 19:33:52 | TEMPLOG : WellhouseOne | 052.700
2017-02-28 19:34:53 | TEMPLOG : WellhouseOne | 051.800
2017-02-28 19:35:54 | TEMPLOG : WellhouseOne | 050.900
2017-02-28 19:36:55 | TEMPLOG : WellhouseOne | 050.000
2017-02-28 19:36:56 | TEMPLOG : Bio   Filter | 037.400
2017-02-28 19:36:56 | TEMPLOG : Table    One | 037.400
2017-02-28 19:37:56 | TEMPLOG : WellhouseOne | 049.100
2017-02-28 19:38:58 | TEMPLOG : Bio   Filter | 038.300
2017-02-28 19:39:59 | TEMPLOG : WellhouseOne | 048.200
2017-02-28 19:41:00 | TEMPLOG : WellhouseOne | 047.300
2017-02-28 19:42:01 | TEMPLOG : Bio   Filter | 037.400
2017-02-28 19:43:04 | TEMPLOG : WellhouseOne | 046.400
2017-02-28 19:45:06 | TEMPLOG : WellhouseOne | 045.500
2017-02-28 19:49:11 | TEMPLOG : WellhouseOne | 044.600
2017-02-28 19:50:12 | TEMPLOG : WellhouseOne | 086.900
2017-02-28 19:51:14 | TEMPLOG : WellhouseOne | 115.700
2017-02-28 19:51:16 | TEMPLOG : Table    One | 036.500
2017-02-28 19:52:16 | TEMPLOG : WellhouseOne | 129.200
2017-02-28 19:53:17 | TEMPLOG : WellhouseOne | 101.300
2017-02-28 19:53:19 | TEMPLOG : Table    One | 037.400
2017-02-28 19:54:19 | TEMPLOG : WellhouseOne | 083.300
2017-02-28 19:54:20 | TEMPLOG : Table    One | 036.500
2017-02-28 19:55:20 | TEMPLOG : WellhouseOne | 074.300
2017-02-28 19:56:21 | TEMPLOG : WellhouseOne | 068.900
2017-02-28 19:56:22 | TEMPLOG : Bio   Filter | 036.500
2017-02-28 19:57:23 | TEMPLOG : WellhouseOne | 063.500
2017-02-28 19:58:25 | TEMPLOG : WellhouseOne | 059.000
2017-02-28 19:59:26 | TEMPLOG : WellhouseOne | 057.200
2017-02-28 20:00:27 | TEMPLOG : WellhouseOne | 054.500
2017-02-28 20:00:27 | TEMPLOG : Bio   Filter | 036.500
2017-02-28 20:00:27 | TEMPLOG : To   GeoLoop | 050.000
2017-02-28 20:00:28 | TEMPLOG : Table    One | 036.500
2017-02-28 20:01:28 | TEMPLOG : WellhouseOne | 052.700
2017-02-28 20:02:29 | TEMPLOG : WellhouseOne | 051.800
2017-02-28 20:04:33 | TEMPLOG : WellhouseOne | 050.000
2017-02-28 20:04:33 | TEMPLOG : To   GeoLoop | 049.100
2017-02-28 20:05:34 | TEMPLOG : WellhouseOne | 049.100
2017-02-28 20:07:36 | TEMPLOG : WellhouseOne | 048.200
2017-02-28 20:08:38 | TEMPLOG : WellhouseOne | 047.300
2017-02-28 20:09:39 | TEMPLOG : WellhouseOne | 046.400
2017-02-28 20:12:44 | TEMPLOG : WellhouseOne | 045.500
2017-02-28 20:13:45 | TEMPLOG : WellhouseOne | 044.600
2017-02-28 20:17:51 | TEMPLOG : WellhouseOne | 086.900
2017-02-28 20:18:52 | TEMPLOG : WellhouseOne | 113.900
2017-02-28 20:19:53 | TEMPLOG : WellhouseOne | 124.700
2017-02-28 20:20:54 | TEMPLOG : WellhouseOne | 132.800
2017-02-28 20:21:55 | TEMPLOG : WellhouseOne | 104.000
2017-02-28 20:22:57 | TEMPLOG : WellhouseOne | 086.000
2017-02-28 20:23:57 | TEMPLOG : WellhouseOne | 077.000
2017-02-28 20:24:58 | TEMPLOG : WellhouseOne | 069.800
2017-02-28 20:26:00 | TEMPLOG : WellhouseOne | 065.300
2017-02-28 20:26:00 | TEMPLOG : Bio   Filter | 035.600
2017-02-28 20:26:00 | TEMPLOG : Table    One | 035.600
2017-02-28 20:27:01 | TEMPLOG : WellhouseOne | 060.800
2017-02-28 20:28:02 | TEMPLOG : WellhouseOne | 058.100
2017-02-28 20:28:03 | TEMPLOG : Bio   Filter | 036.500
2017-02-28 20:29:03 | TEMPLOG : WellhouseOne | 055.400
2017-02-28 20:29:03 | TEMPLOG : Bio   Filter | 035.600
2017-02-28 20:30:04 | TEMPLOG : WellhouseOne | 054.500
2017-02-28 20:31:05 | TEMPLOG : WellhouseOne | 053.600
2017-02-28 20:32:07 | TEMPLOG : WellhouseOne | 052.700
2017-02-28 20:33:07 | TEMPLOG : WellhouseOne | 051.800
2017-02-28 20:35:10 | TEMPLOG : WellhouseOne | 050.900
2017-02-28 20:35:10 | TEMPLOG : Bio   Filter | 034.700
2017-02-28 20:36:10 | TEMPLOG : WellhouseOne | 050.000
2017-02-28 20:36:11 | TEMPLOG : Bio   Filter | 035.600
2017-02-28 20:37:12 | TEMPLOG : WellhouseOne | 049.100
2017-02-28 20:38:12 | TEMPLOG : WellhouseOne | 048.200
2017-02-28 20:40:14 | TEMPLOG : WellhouseOne | 047.300
2017-02-28 20:41:16 | TEMPLOG : Bio   Filter | 034.700
2017-02-28 20:43:19 | TEMPLOG : WellhouseOne | 046.400
2017-02-28 20:44:20 | TEMPLOG : Bio   Filter | 035.600
2017-02-28 20:45:21 | TEMPLOG : WellhouseOne | 045.500
2017-02-28 20:45:21 | TEMPLOG : Bio   Filter | 034.700
2017-02-28 20:46:23 | TEMPLOG : To   GeoLoop | 048.200
2017-02-28 20:47:24 | TEMPLOG : WellhouseOne | 076.100
2017-02-28 20:47:24 | TEMPLOG : To   GeoLoop | 049.100
2017-02-28 20:48:25 | TEMPLOG : WellhouseOne | 112.100
2017-02-28 20:49:26 | TEMPLOG : WellhouseOne | 123.800
2017-02-28 20:49:26 | TEMPLOG : To   GeoLoop | 048.200
2017-02-28 20:50:27 | TEMPLOG : WellhouseOne | 130.100
2017-02-28 20:50:27 | TEMPLOG : To   GeoLoop | 049.100
2017-02-28 20:51:28 | TEMPLOG : WellhouseOne | 133.700
2017-02-28 20:51:28 | TEMPLOG : To   GeoLoop | 048.200
2017-02-28 20:52:29 | TEMPLOG : WellhouseOne | 095.900
2017-02-28 20:53:30 | TEMPLOG : WellhouseOne | 081.500
2017-02-28 20:54:32 | TEMPLOG : WellhouseOne | 074.300
2017-02-28 20:54:33 | TEMPLOG : Table    One | 034.700
2017-02-28 20:55:33 | TEMPLOG : WellhouseOne | 067.100
2017-02-28 20:55:34 | TEMPLOG : Table    One | 035.600
2017-02-28 20:56:34 | TEMPLOG : WellhouseOne | 062.600
2017-02-28 20:57:35 | TEMPLOG : WellhouseOne | 059.000
2017-02-28 20:58:37 | TEMPLOG : WellhouseOne | 056.300
2017-02-28 20:59:38 | TEMPLOG : WellhouseOne | 054.500
2017-02-28 20:59:40 | TEMPLOG : Table    One | 034.700
2017-02-28 21:00:40 | TEMPLOG : WellhouseOne | 052.700
2017-02-28 21:00:40 | TEMPLOG : Bio   Filter | 034.700
2017-02-28 21:00:41 | TEMPLOG : To   GeoLoop | 048.200
2017-02-28 21:00:41 | TEMPLOG : Table    One | 034.700
2017-02-28 21:01:41 | TEMPLOG : WellhouseOne | 050.900
2017-02-28 21:02:42 | TEMPLOG : WellhouseOne | 050.000
2017-02-28 21:03:43 | TEMPLOG : WellhouseOne | 049.100
2017-02-28 21:05:46 | TEMPLOG : WellhouseOne | 047.300
2017-02-28 21:06:48 | TEMPLOG : WellhouseOne | 046.400
2017-02-28 21:08:51 | TEMPLOG : WellhouseOne | 045.500
2017-02-28 21:10:53 | TEMPLOG : WellhouseOne | 044.600
2017-02-28 21:12:55 | TEMPLOG : WellhouseOne | 043.700
2017-02-28 21:14:57 | TEMPLOG : WellhouseOne | 042.800
2017-02-28 21:14:58 | TEMPLOG : Bio   Filter | 033.800
2017-02-28 21:15:59 | TEMPLOG : WellhouseOne | 093.200
2017-02-28 21:15:59 | TEMPLOG : Bio   Filter | 034.700
2017-02-28 21:17:00 | TEMPLOG : WellhouseOne | 113.900
2017-02-28 21:17:00 | TEMPLOG : Table    One | 033.800
2017-02-28 21:18:00 | TEMPLOG : WellhouseOne | 125.600
2017-02-28 21:18:01 | TEMPLOG : Bio   Filter | 033.800
2017-02-28 21:19:01 | TEMPLOG : WellhouseOne | 130.100
2017-02-28 21:19:03 | TEMPLOG : Table    One | 034.700
2017-02-28 21:20:04 | TEMPLOG : WellhouseOne | 133.700
2017-02-28 21:20:06 | TEMPLOG : Table    One | 033.800
2017-02-28 21:21:07 | TEMPLOG : WellhouseOne | 100.400
2017-02-28 21:22:08 | TEMPLOG : WellhouseOne | 084.200
2017-02-28 21:23:09 | TEMPLOG : WellhouseOne | 074.300
2017-02-28 21:23:10 | TEMPLOG : Bio   Filter | 034.700
2017-02-28 21:24:10 | TEMPLOG : WellhouseOne | 067.100
2017-02-28 21:25:12 | TEMPLOG : WellhouseOne | 063.500
2017-02-28 21:26:15 | TEMPLOG : WellhouseOne | 059.900
2017-02-28 21:27:16 | TEMPLOG : WellhouseOne | 058.100
2017-02-28 21:28:17 | TEMPLOG : WellhouseOne | 055.400
2017-02-28 21:29:19 | TEMPLOG : WellhouseOne | 052.700
2017-02-28 21:31:21 | TEMPLOG : WellhouseOne | 050.900
2017-02-28 21:31:21 | TEMPLOG : Bio   Filter | 033.800
2017-02-28 21:33:23 | TEMPLOG : WellhouseOne | 050.000
2017-02-28 21:33:23 | TEMPLOG : Bio   Filter | 034.700
2017-02-28 21:33:24 | TEMPLOG : Table    One | 034.700
2017-02-28 21:34:25 | TEMPLOG : Bio   Filter | 033.800
2017-02-28 21:34:26 | TEMPLOG : Table    One | 033.800
2017-02-28 21:35:26 | TEMPLOG : WellhouseOne | 048.200
2017-02-28 21:37:28 | TEMPLOG : WellhouseOne | 047.300
2017-02-28 21:39:30 | TEMPLOG : WellhouseOne | 046.400
2017-02-28 21:39:31 | TEMPLOG : To   GeoLoop | 047.300
2017-02-28 21:40:33 | TEMPLOG : To   GeoLoop | 048.200
2017-02-28 21:41:34 | TEMPLOG : To   GeoLoop | 047.300
2017-02-28 21:42:34 | TEMPLOG : WellhouseOne | 045.500
2017-02-28 21:45:39 | TEMPLOG : WellhouseOne | 078.800
2017-02-28 21:46:40 | TEMPLOG : WellhouseOne | 112.100
2017-02-28 21:47:41 | TEMPLOG : WellhouseOne | 124.700
2017-02-28 21:48:42 | TEMPLOG : WellhouseOne | 131.000
2017-02-28 21:49:43 | TEMPLOG : WellhouseOne | 118.400
2017-02-28 21:50:45 | TEMPLOG : WellhouseOne | 088.700
2017-02-28 21:50:45 | TEMPLOG : Bio   Filter | 032.900
2017-02-28 21:51:46 | TEMPLOG : WellhouseOne | 076.100
2017-02-28 21:51:46 | TEMPLOG : Bio   Filter | 033.800
2017-02-28 21:52:47 | TEMPLOG : WellhouseOne | 068.900
2017-02-28 21:53:48 | TEMPLOG : WellhouseOne | 063.500
2017-02-28 21:53:48 | TEMPLOG : Bio   Filter | 032.900
2017-02-28 21:54:49 | TEMPLOG : WellhouseOne | 059.900
2017-02-28 21:55:51 | TEMPLOG : WellhouseOne | 056.300
2017-02-28 21:56:52 | TEMPLOG : WellhouseOne | 054.500
2017-02-28 21:57:54 | TEMPLOG : WellhouseOne | 052.700
2017-02-28 21:58:55 | TEMPLOG : WellhouseOne | 050.900
2017-02-28 21:59:56 | TEMPLOG : WellhouseOne | 050.000
2017-02-28 22:00:58 | TEMPLOG : WellhouseOne | 049.100
2017-02-28 22:00:58 | TEMPLOG : Bio   Filter | 032.900
2017-02-28 22:00:58 | TEMPLOG : To   GeoLoop | 047.300
2017-02-28 22:00:59 | TEMPLOG : Table    One | 033.800
2017-02-28 22:01:59 | TEMPLOG : WellhouseOne | 048.200
2017-02-28 22:03:00 | TEMPLOG : WellhouseOne | 047.300
2017-02-28 22:04:02 | TEMPLOG : WellhouseOne | 046.400
2017-02-28 22:07:05 | TEMPLOG : WellhouseOne | 045.500
2017-02-28 22:08:07 | TEMPLOG : WellhouseOne | 044.600
2017-02-28 22:11:11 | TEMPLOG : WellhouseOne | 043.700
2017-02-28 22:12:13 | TEMPLOG : WellhouseOne | 042.800
2017-02-28 22:13:13 | TEMPLOG : WellhouseOne | 101.300
2017-02-28 22:14:14 | TEMPLOG : WellhouseOne | 117.500
2017-02-28 22:15:15 | TEMPLOG : WellhouseOne | 126.500
2017-02-28 22:16:17 | TEMPLOG : WellhouseOne | 131.000
2017-02-28 22:17:18 | TEMPLOG : WellhouseOne | 134.600
2017-02-28 22:18:19 | TEMPLOG : WellhouseOne | 097.700
2017-02-28 22:19:20 | TEMPLOG : WellhouseOne | 081.500
2017-02-28 22:20:22 | TEMPLOG : WellhouseOne | 073.400
2017-02-28 22:21:23 | TEMPLOG : WellhouseOne | 067.100
2017-02-28 22:22:24 | TEMPLOG : WellhouseOne | 062.600
2017-02-28 22:23:25 | TEMPLOG : WellhouseOne | 059.000
2017-02-28 22:24:27 | TEMPLOG : WellhouseOne | 056.300
2017-02-28 22:25:28 | TEMPLOG : WellhouseOne | 054.500
2017-02-28 22:26:29 | TEMPLOG : WellhouseOne | 052.700
2017-02-28 22:27:30 | TEMPLOG : WellhouseOne | 051.800
2017-02-28 22:27:31 | TEMPLOG : Table    One | 032.900
2017-02-28 22:28:32 | TEMPLOG : WellhouseOne | 050.900
2017-02-28 22:29:34 | TEMPLOG : WellhouseOne | 050.000
2017-02-28 22:30:35 | TEMPLOG : WellhouseOne | 049.100
2017-02-28 22:31:37 | TEMPLOG : WellhouseOne | 048.200
2017-02-28 22:32:38 | TEMPLOG : WellhouseOne | 047.300
2017-02-28 22:34:40 | TEMPLOG : WellhouseOne | 046.400
2017-02-28 22:34:42 | TEMPLOG : To   GeoLoop | 046.400
2017-02-28 22:36:43 | TEMPLOG : WellhouseOne | 045.500
2017-02-28 22:37:44 | TEMPLOG : WellhouseOne | 044.600
2017-02-28 22:39:47 | TEMPLOG : WellhouseOne | 043.700
2017-02-28 22:40:48 | TEMPLOG : WellhouseOne | 046.400
2017-02-28 22:41:51 | TEMPLOG : WellhouseOne | 104.000
2017-02-28 22:42:52 | TEMPLOG : WellhouseOne | 119.300
2017-02-28 22:43:53 | TEMPLOG : WellhouseOne | 125.600
2017-02-28 22:44:54 | TEMPLOG : WellhouseOne | 131.000
2017-02-28 22:45:55 | TEMPLOG : WellhouseOne | 134.600
2017-02-28 22:46:56 | TEMPLOG : WellhouseOne | 096.800
2017-02-28 22:47:57 | TEMPLOG : WellhouseOne | 082.400
2017-02-28 22:48:58 | TEMPLOG : WellhouseOne | 073.400
2017-02-28 22:49:59 | TEMPLOG : WellhouseOne | 067.100
2017-02-28 22:51:01 | TEMPLOG : WellhouseOne | 062.600
2017-02-28 22:52:03 | TEMPLOG : WellhouseOne | 059.000
2017-02-28 22:53:05 | TEMPLOG : WellhouseOne | 056.300
2017-02-28 22:54:07 | TEMPLOG : WellhouseOne | 053.600
2017-02-28 22:55:07 | TEMPLOG : WellhouseOne | 052.700
2017-02-28 22:56:08 | TEMPLOG : WellhouseOne | 051.800
2017-02-28 22:57:10 | TEMPLOG : WellhouseOne | 050.900
2017-02-28 22:58:11 | TEMPLOG : WellhouseOne | 050.000
2017-02-28 22:59:12 | TEMPLOG : WellhouseOne | 048.200
2017-02-28 23:00:13 | TEMPLOG : WellhouseOne | 048.200
2017-02-28 23:00:14 | TEMPLOG : To   GeoLoop | 046.400
2017-02-28 23:00:14 | TEMPLOG : Table    One | 032.900
2017-02-28 23:01:14 | TEMPLOG : WellhouseOne | 047.300
2017-02-28 23:02:15 | TEMPLOG : WellhouseOne | 046.400
2017-02-28 23:03:16 | TEMPLOG : WellhouseOne | 045.500
2017-02-28 23:05:19 | TEMPLOG : WellhouseOne | 044.600
2017-02-28 23:07:23 | TEMPLOG : WellhouseOne | 043.700
2017-02-28 23:08:24 | TEMPLOG : WellhouseOne | 042.800
2017-02-28 23:10:26 | TEMPLOG : WellhouseOne | 103.100
2017-02-28 23:11:28 | TEMPLOG : WellhouseOne | 119.300
2017-02-28 23:12:29 | TEMPLOG : WellhouseOne | 126.500
2017-02-28 23:13:30 | TEMPLOG : WellhouseOne | 130.100
2017-02-28 23:14:32 | TEMPLOG : WellhouseOne | 133.700
2017-02-28 23:15:33 | TEMPLOG : WellhouseOne | 104.900
2017-02-28 23:16:34 | TEMPLOG : WellhouseOne | 085.100
2017-02-28 23:17:36 | TEMPLOG : WellhouseOne | 074.300
2017-02-28 23:18:37 | TEMPLOG : WellhouseOne | 068.900
2017-02-28 23:19:38 | TEMPLOG : WellhouseOne | 063.500
2017-02-28 23:20:39 | TEMPLOG : WellhouseOne | 059.900
2017-02-28 23:21:40 | TEMPLOG : WellhouseOne | 056.300
2017-02-28 23:22:42 | TEMPLOG : WellhouseOne | 055.400
2017-02-28 23:23:44 | TEMPLOG : WellhouseOne | 053.600
2017-02-28 23:24:44 | TEMPLOG : WellhouseOne | 051.800
2017-02-28 23:25:46 | TEMPLOG : WellhouseOne | 050.900
2017-02-28 23:26:47 | TEMPLOG : WellhouseOne | 050.000
2017-02-28 23:27:48 | TEMPLOG : WellhouseOne | 049.100
2017-02-28 23:28:48 | TEMPLOG : WellhouseOne | 048.200
2017-02-28 23:29:50 | TEMPLOG : WellhouseOne | 047.300
2017-02-28 23:29:51 | TEMPLOG : To   GeoLoop | 045.500
2017-02-28 23:30:52 | TEMPLOG : WellhouseOne | 046.400
2017-02-28 23:32:53 | TEMPLOG : WellhouseOne | 045.500
2017-02-28 23:33:54 | TEMPLOG : Bio   Filter | 031.100
2017-02-28 23:34:55 | TEMPLOG : WellhouseOne | 044.600
2017-02-28 23:35:56 | TEMPLOG : WellhouseOne | 043.700
2017-02-28 23:37:59 | TEMPLOG : WellhouseOne | 042.800
2017-02-28 23:39:00 | TEMPLOG : WellhouseOne | 091.400
2017-02-28 23:40:02 | TEMPLOG : WellhouseOne | 113.900
2017-02-28 23:41:03 | TEMPLOG : WellhouseOne | 123.800
2017-02-28 23:42:04 | TEMPLOG : WellhouseOne | 128.300
2017-02-28 23:43:05 | TEMPLOG : WellhouseOne | 132.800
2017-02-28 23:44:05 | TEMPLOG : WellhouseOne | 135.500
2017-02-28 23:45:06 | TEMPLOG : WellhouseOne | 107.600
2017-02-28 23:46:07 | TEMPLOG : WellhouseOne | 086.900
2017-02-28 23:47:08 | TEMPLOG : WellhouseOne | 076.100
2017-02-28 23:48:09 | TEMPLOG : WellhouseOne | 068.900
2017-02-28 23:49:10 | TEMPLOG : WellhouseOne | 063.500
2017-02-28 23:50:11 | TEMPLOG : WellhouseOne | 059.900
2017-02-28 23:51:13 | TEMPLOG : WellhouseOne | 057.200
2017-02-28 23:52:14 | TEMPLOG : WellhouseOne | 054.500
2017-02-28 23:53:16 | TEMPLOG : WellhouseOne | 052.700
2017-02-28 23:54:17 | TEMPLOG : WellhouseOne | 051.800
2017-02-28 23:55:19 | TEMPLOG : WellhouseOne | 050.000
2017-02-28 23:56:20 | TEMPLOG : WellhouseOne | 049.100
2017-02-28 23:57:20 | TEMPLOG : WellhouseOne | 048.200
2017-02-28 23:58:22 | TEMPLOG : WellhouseOne | 047.300
