2017-02-07 00:00:30 | TEMPLOG : WellhouseOne | 062.600
2017-02-07 00:00:30 | TEMPLOG : Bio   Filter | 037.400
2017-02-07 00:00:31 | TEMPLOG : To   GeoLoop | 048.200
2017-02-07 00:00:31 | TEMPLOG : Table    One | 037.400
2017-02-07 00:01:31 | TEMPLOG : WellhouseOne | 059.900
2017-02-07 00:02:32 | TEMPLOG : WellhouseOne | 058.100
2017-02-07 00:03:33 | TEMPLOG : WellhouseOne | 057.200
2017-02-07 00:04:35 | TEMPLOG : WellhouseOne | 056.300
2017-02-07 00:05:36 | TEMPLOG : WellhouseOne | 055.400
2017-02-07 00:05:36 | TEMPLOG : Table    One | 038.300
2017-02-07 00:06:37 | TEMPLOG : WellhouseOne | 054.500
2017-02-07 00:06:37 | TEMPLOG : To   GeoLoop | 049.100
2017-02-07 00:07:38 | TEMPLOG : WellhouseOne | 053.600
2017-02-07 00:08:39 | TEMPLOG : WellhouseOne | 052.700
2017-02-07 00:08:39 | TEMPLOG : To   GeoLoop | 048.200
2017-02-07 00:10:40 | TEMPLOG : WellhouseOne | 051.800
2017-02-07 00:12:45 | TEMPLOG : Bio   Filter | 038.300
2017-02-07 00:13:47 | TEMPLOG : WellhouseOne | 050.900
2017-02-07 00:13:47 | TEMPLOG : To   GeoLoop | 049.100
2017-02-07 00:15:49 | TEMPLOG : To   GeoLoop | 048.200
2017-02-07 00:16:50 | TEMPLOG : To   GeoLoop | 049.100
2017-02-07 00:17:51 | TEMPLOG : WellhouseOne | 050.000
2017-02-07 00:17:51 | TEMPLOG : To   GeoLoop | 048.200
2017-02-07 00:18:52 | TEMPLOG : To   GeoLoop | 049.100
2017-02-07 00:22:56 | TEMPLOG : WellhouseOne | 049.100
2017-02-07 00:23:57 | TEMPLOG : WellhouseOne | 054.500
2017-02-07 00:24:59 | TEMPLOG : WellhouseOne | 110.300
2017-02-07 00:26:00 | TEMPLOG : WellhouseOne | 126.500
2017-02-07 00:27:01 | TEMPLOG : WellhouseOne | 094.100
2017-02-07 00:28:02 | TEMPLOG : WellhouseOne | 079.700
2017-02-07 00:28:03 | TEMPLOG : To   GeoLoop | 048.200
2017-02-07 00:29:03 | TEMPLOG : WellhouseOne | 072.500
2017-02-07 00:30:05 | TEMPLOG : WellhouseOne | 068.000
2017-02-07 00:30:05 | TEMPLOG : To   GeoLoop | 049.100
2017-02-07 00:31:06 | TEMPLOG : WellhouseOne | 065.300
2017-02-07 00:31:06 | TEMPLOG : To   GeoLoop | 048.200
2017-02-07 00:32:07 | TEMPLOG : WellhouseOne | 061.700
2017-02-07 00:32:07 | TEMPLOG : To   GeoLoop | 049.100
2017-02-07 00:33:08 | TEMPLOG : WellhouseOne | 059.000
2017-02-07 00:33:09 | TEMPLOG : To   GeoLoop | 048.200
2017-02-07 00:34:10 | TEMPLOG : WellhouseOne | 058.100
2017-02-07 00:35:12 | TEMPLOG : WellhouseOne | 056.300
2017-02-07 00:36:13 | TEMPLOG : WellhouseOne | 055.400
2017-02-07 00:37:13 | TEMPLOG : WellhouseOne | 054.500
2017-02-07 00:39:16 | TEMPLOG : WellhouseOne | 053.600
2017-02-07 00:40:17 | TEMPLOG : WellhouseOne | 052.700
2017-02-07 00:42:20 | TEMPLOG : WellhouseOne | 051.800
2017-02-07 00:44:22 | TEMPLOG : WellhouseOne | 050.900
2017-02-07 00:48:26 | TEMPLOG : WellhouseOne | 050.000
2017-02-07 00:52:30 | TEMPLOG : WellhouseOne | 049.100
2017-02-07 00:55:33 | TEMPLOG : WellhouseOne | 052.700
2017-02-07 00:56:33 | TEMPLOG : WellhouseOne | 110.300
2017-02-07 00:57:34 | TEMPLOG : WellhouseOne | 126.500
2017-02-07 00:58:35 | TEMPLOG : WellhouseOne | 119.300
2017-02-07 00:59:36 | TEMPLOG : WellhouseOne | 089.600
2017-02-07 01:00:37 | TEMPLOG : WellhouseOne | 078.800
2017-02-07 01:00:37 | TEMPLOG : Bio   Filter | 038.300
2017-02-07 01:00:38 | TEMPLOG : To   GeoLoop | 048.200
2017-02-07 01:00:38 | TEMPLOG : Table    One | 038.300
2017-02-07 01:01:38 | TEMPLOG : WellhouseOne | 072.500
2017-02-07 01:02:39 | TEMPLOG : WellhouseOne | 068.000
2017-02-07 01:03:41 | TEMPLOG : WellhouseOne | 063.500
2017-02-07 01:04:42 | TEMPLOG : WellhouseOne | 059.900
2017-02-07 01:05:43 | TEMPLOG : WellhouseOne | 059.000
2017-02-07 01:06:44 | TEMPLOG : WellhouseOne | 058.100
2017-02-07 01:07:45 | TEMPLOG : WellhouseOne | 056.300
2017-02-07 01:08:47 | TEMPLOG : WellhouseOne | 055.400
2017-02-07 01:10:49 | TEMPLOG : WellhouseOne | 053.600
2017-02-07 01:12:50 | TEMPLOG : WellhouseOne | 052.700
2017-02-07 01:13:51 | TEMPLOG : WellhouseOne | 051.800
2017-02-07 01:17:56 | TEMPLOG : WellhouseOne | 050.900
2017-02-07 01:18:57 | TEMPLOG : Bio   Filter | 039.200
2017-02-07 01:18:57 | TEMPLOG : Table    One | 039.200
2017-02-07 01:23:01 | TEMPLOG : WellhouseOne | 050.000
2017-02-07 01:27:06 | TEMPLOG : WellhouseOne | 049.100
2017-02-07 01:27:07 | TEMPLOG : To   GeoLoop | 049.100
2017-02-07 01:29:09 | TEMPLOG : WellhouseOne | 107.600
2017-02-07 01:30:10 | TEMPLOG : WellhouseOne | 126.500
2017-02-07 01:31:11 | TEMPLOG : WellhouseOne | 104.000
2017-02-07 01:31:12 | TEMPLOG : To   GeoLoop | 048.200
2017-02-07 01:32:12 | TEMPLOG : WellhouseOne | 084.200
2017-02-07 01:33:13 | TEMPLOG : WellhouseOne | 075.200
2017-02-07 01:33:15 | TEMPLOG : To   GeoLoop | 049.100
2017-02-07 01:34:16 | TEMPLOG : WellhouseOne | 068.900
2017-02-07 01:34:16 | TEMPLOG : To   GeoLoop | 048.200
2017-02-07 01:35:17 | TEMPLOG : WellhouseOne | 066.200
2017-02-07 01:36:18 | TEMPLOG : WellhouseOne | 062.600
2017-02-07 01:37:18 | TEMPLOG : WellhouseOne | 059.900
2017-02-07 01:38:20 | TEMPLOG : WellhouseOne | 058.100
2017-02-07 01:39:20 | TEMPLOG : WellhouseOne | 057.200
2017-02-07 01:39:21 | TEMPLOG : To   GeoLoop | 049.100
2017-02-07 01:40:21 | TEMPLOG : WellhouseOne | 056.300
2017-02-07 01:41:22 | TEMPLOG : WellhouseOne | 055.400
2017-02-07 01:42:24 | TEMPLOG : WellhouseOne | 054.500
2017-02-07 01:42:24 | TEMPLOG : Bio   Filter | 040.100
2017-02-07 01:44:26 | TEMPLOG : WellhouseOne | 053.600
2017-02-07 01:45:27 | TEMPLOG : Table    One | 040.100
2017-02-07 01:50:32 | TEMPLOG : Bio   Filter | 041.000
2017-02-07 01:50:33 | TEMPLOG : Table    One | 041.000
2017-02-07 01:51:33 | TEMPLOG : WellhouseOne | 052.700
2017-02-07 01:54:37 | TEMPLOG : WellhouseOne | 051.800
2017-02-07 01:58:43 | TEMPLOG : Bio   Filter | 041.900
2017-02-07 01:58:43 | TEMPLOG : Table    One | 041.900
2017-02-07 01:59:43 | TEMPLOG : WellhouseOne | 050.900
2017-02-07 02:00:44 | TEMPLOG : WellhouseOne | 082.400
2017-02-07 02:00:45 | TEMPLOG : Bio   Filter | 041.900
2017-02-07 02:00:46 | TEMPLOG : To   GeoLoop | 049.100
2017-02-07 02:00:46 | TEMPLOG : Table    One | 041.000
2017-02-07 02:01:46 | TEMPLOG : WellhouseOne | 116.600
2017-02-07 02:01:47 | TEMPLOG : Table    One | 041.900
2017-02-07 02:02:47 | TEMPLOG : WellhouseOne | 114.800
2017-02-07 02:03:48 | TEMPLOG : WellhouseOne | 087.800
2017-02-07 02:04:49 | TEMPLOG : WellhouseOne | 078.800
2017-02-07 02:05:50 | TEMPLOG : WellhouseOne | 072.500
2017-02-07 02:06:52 | TEMPLOG : WellhouseOne | 068.000
2017-02-07 02:07:54 | TEMPLOG : WellhouseOne | 066.200
2017-02-07 02:08:54 | TEMPLOG : WellhouseOne | 063.500
2017-02-07 02:09:56 | TEMPLOG : WellhouseOne | 061.700
2017-02-07 02:10:57 | TEMPLOG : WellhouseOne | 059.900
2017-02-07 02:11:59 | TEMPLOG : WellhouseOne | 058.100
2017-02-07 02:13:00 | TEMPLOG : WellhouseOne | 057.200
2017-02-07 02:13:01 | TEMPLOG : Bio   Filter | 042.800
2017-02-07 02:13:01 | TEMPLOG : Table    One | 042.800
2017-02-07 02:14:01 | TEMPLOG : WellhouseOne | 056.300
2017-02-07 02:15:02 | TEMPLOG : WellhouseOne | 055.400
2017-02-07 02:16:04 | TEMPLOG : To   GeoLoop | 050.000
2017-02-07 02:17:05 | TEMPLOG : WellhouseOne | 054.500
2017-02-07 02:19:08 | TEMPLOG : WellhouseOne | 053.600
2017-02-07 02:24:14 | TEMPLOG : WellhouseOne | 052.700
2017-02-07 02:27:19 | TEMPLOG : Table    One | 043.700
2017-02-07 02:28:19 | TEMPLOG : WellhouseOne | 051.800
2017-02-07 02:29:20 | TEMPLOG : Table    One | 042.800
2017-02-07 02:30:20 | TEMPLOG : Bio   Filter | 043.700
2017-02-07 02:30:21 | TEMPLOG : Table    One | 043.700
2017-02-07 02:31:22 | TEMPLOG : Bio   Filter | 042.800
2017-02-07 02:32:23 | TEMPLOG : WellhouseOne | 089.600
2017-02-07 02:32:23 | TEMPLOG : Table    One | 042.800
2017-02-07 02:33:24 | TEMPLOG : WellhouseOne | 120.200
2017-02-07 02:33:24 | TEMPLOG : Bio   Filter | 043.700
2017-02-07 02:33:24 | TEMPLOG : Table    One | 043.700
2017-02-07 02:34:25 | TEMPLOG : WellhouseOne | 115.700
2017-02-07 02:34:25 | TEMPLOG : Bio   Filter | 042.800
2017-02-07 02:35:26 | TEMPLOG : WellhouseOne | 089.600
2017-02-07 02:36:27 | TEMPLOG : WellhouseOne | 079.700
2017-02-07 02:36:27 | TEMPLOG : Bio   Filter | 043.700
2017-02-07 02:36:28 | TEMPLOG : Table    One | 042.800
2017-02-07 02:37:28 | TEMPLOG : WellhouseOne | 073.400
2017-02-07 02:37:29 | TEMPLOG : Bio   Filter | 042.800
2017-02-07 02:38:30 | TEMPLOG : WellhouseOne | 068.900
2017-02-07 02:38:30 | TEMPLOG : To   GeoLoop | 049.100
2017-02-07 02:39:31 | TEMPLOG : WellhouseOne | 066.200
2017-02-07 02:40:32 | TEMPLOG : WellhouseOne | 064.400
2017-02-07 02:40:32 | TEMPLOG : To   GeoLoop | 050.000
2017-02-07 02:41:33 | TEMPLOG : WellhouseOne | 061.700
2017-02-07 02:41:34 | TEMPLOG : To   GeoLoop | 049.100
2017-02-07 02:42:35 | TEMPLOG : WellhouseOne | 060.800
2017-02-07 02:43:36 | TEMPLOG : WellhouseOne | 059.900
2017-02-07 02:44:36 | TEMPLOG : WellhouseOne | 058.100
2017-02-07 02:44:37 | TEMPLOG : To   GeoLoop | 050.000
2017-02-07 02:45:38 | TEMPLOG : WellhouseOne | 057.200
2017-02-07 02:46:40 | TEMPLOG : To   GeoLoop | 049.100
2017-02-07 02:47:40 | TEMPLOG : WellhouseOne | 055.400
2017-02-07 02:49:43 | TEMPLOG : WellhouseOne | 054.500
2017-02-07 02:50:44 | TEMPLOG : WellhouseOne | 053.600
2017-02-07 02:50:45 | TEMPLOG : To   GeoLoop | 050.000
2017-02-07 02:50:46 | TEMPLOG : Table    One | 043.700
2017-02-07 02:51:47 | TEMPLOG : Bio   Filter | 043.700
2017-02-07 02:51:47 | TEMPLOG : To   GeoLoop | 049.100
2017-02-07 02:52:48 | TEMPLOG : WellhouseOne | 052.700
2017-02-07 02:52:48 | TEMPLOG : To   GeoLoop | 050.000
2017-02-07 02:56:52 | TEMPLOG : WellhouseOne | 051.800
2017-02-07 02:59:57 | TEMPLOG : WellhouseOne | 050.900
2017-02-07 03:00:58 | TEMPLOG : WellhouseOne | 050.900
2017-02-07 03:00:58 | TEMPLOG : Bio   Filter | 043.700
2017-02-07 03:00:59 | TEMPLOG : To   GeoLoop | 050.000
2017-02-07 03:00:59 | TEMPLOG : Table    One | 043.700
2017-02-07 03:04:02 | TEMPLOG : WellhouseOne | 119.300
2017-02-07 03:05:03 | TEMPLOG : WellhouseOne | 133.700
2017-02-07 03:06:04 | TEMPLOG : WellhouseOne | 106.700
2017-02-07 03:07:04 | TEMPLOG : WellhouseOne | 082.400
2017-02-07 03:08:06 | TEMPLOG : WellhouseOne | 070.700
2017-02-07 03:09:08 | TEMPLOG : WellhouseOne | 065.300
2017-02-07 03:10:09 | TEMPLOG : WellhouseOne | 061.700
2017-02-07 03:11:11 | TEMPLOG : WellhouseOne | 059.900
2017-02-07 03:12:12 | TEMPLOG : WellhouseOne | 058.100
2017-02-07 03:13:13 | TEMPLOG : WellhouseOne | 056.300
2017-02-07 03:14:15 | TEMPLOG : WellhouseOne | 055.400
2017-02-07 03:15:17 | TEMPLOG : WellhouseOne | 054.500
2017-02-07 03:16:18 | TEMPLOG : WellhouseOne | 053.600
2017-02-07 03:18:21 | TEMPLOG : Table    One | 044.600
2017-02-07 03:19:21 | TEMPLOG : WellhouseOne | 052.700
2017-02-07 03:22:26 | TEMPLOG : WellhouseOne | 051.800
2017-02-07 03:23:28 | TEMPLOG : Table    One | 043.700
2017-02-07 03:27:33 | TEMPLOG : WellhouseOne | 050.900
2017-02-07 03:27:33 | TEMPLOG : Table    One | 044.600
2017-02-07 03:28:34 | TEMPLOG : Table    One | 043.700
2017-02-07 03:31:37 | TEMPLOG : WellhouseOne | 067.100
2017-02-07 03:31:39 | TEMPLOG : Table    One | 044.600
2017-02-07 03:32:39 | TEMPLOG : WellhouseOne | 121.100
2017-02-07 03:32:40 | TEMPLOG : Table    One | 043.700
2017-02-07 03:33:41 | TEMPLOG : WellhouseOne | 133.700
2017-02-07 03:34:42 | TEMPLOG : WellhouseOne | 093.200
2017-02-07 03:34:43 | TEMPLOG : Table    One | 044.600
2017-02-07 03:35:43 | TEMPLOG : WellhouseOne | 075.200
2017-02-07 03:36:44 | TEMPLOG : WellhouseOne | 068.900
2017-02-07 03:37:46 | TEMPLOG : WellhouseOne | 063.500
2017-02-07 03:38:48 | TEMPLOG : WellhouseOne | 060.800
2017-02-07 03:39:50 | TEMPLOG : WellhouseOne | 059.000
2017-02-07 03:39:50 | TEMPLOG : Bio   Filter | 044.600
2017-02-07 03:40:51 | TEMPLOG : WellhouseOne | 056.300
2017-02-07 03:40:52 | TEMPLOG : Bio   Filter | 043.700
2017-02-07 03:41:53 | TEMPLOG : WellhouseOne | 055.400
2017-02-07 03:42:54 | TEMPLOG : WellhouseOne | 054.500
2017-02-07 03:44:56 | TEMPLOG : WellhouseOne | 053.600
2017-02-07 03:44:57 | TEMPLOG : Bio   Filter | 044.600
2017-02-07 03:46:58 | TEMPLOG : WellhouseOne | 052.700
2017-02-07 03:51:03 | TEMPLOG : WellhouseOne | 051.800
2017-02-07 03:53:07 | TEMPLOG : Bio   Filter | 043.700
2017-02-07 03:54:08 | TEMPLOG : Bio   Filter | 044.600
2017-02-07 03:55:10 | TEMPLOG : Bio   Filter | 043.700
2017-02-07 03:56:11 | TEMPLOG : WellhouseOne | 050.900
2017-02-07 03:56:12 | TEMPLOG : Table    One | 043.700
2017-02-07 03:59:15 | TEMPLOG : To   GeoLoop | 049.100
2017-02-07 04:00:15 | TEMPLOG : WellhouseOne | 050.900
2017-02-07 04:00:15 | TEMPLOG : Bio   Filter | 043.700
2017-02-07 04:00:16 | TEMPLOG : To   GeoLoop | 049.100
2017-02-07 04:00:16 | TEMPLOG : Table    One | 043.700
2017-02-07 04:01:16 | TEMPLOG : WellhouseOne | 082.400
2017-02-07 04:02:17 | TEMPLOG : WellhouseOne | 115.700
2017-02-07 04:03:18 | TEMPLOG : WellhouseOne | 121.100
2017-02-07 04:04:19 | TEMPLOG : WellhouseOne | 087.800
2017-02-07 04:04:19 | TEMPLOG : Bio   Filter | 042.800
2017-02-07 04:05:20 | TEMPLOG : WellhouseOne | 077.900
2017-02-07 04:06:21 | TEMPLOG : WellhouseOne | 070.700
2017-02-07 04:06:22 | TEMPLOG : Table    One | 042.800
2017-02-07 04:07:22 | TEMPLOG : WellhouseOne | 066.200
2017-02-07 04:08:23 | TEMPLOG : WellhouseOne | 063.500
2017-02-07 04:09:26 | TEMPLOG : WellhouseOne | 061.700
2017-02-07 04:10:27 | TEMPLOG : WellhouseOne | 059.900
2017-02-07 04:11:28 | TEMPLOG : WellhouseOne | 059.000
2017-02-07 04:12:28 | TEMPLOG : WellhouseOne | 057.200
2017-02-07 04:13:29 | TEMPLOG : WellhouseOne | 056.300
2017-02-07 04:14:31 | TEMPLOG : Table    One | 041.900
2017-02-07 04:15:31 | TEMPLOG : WellhouseOne | 055.400
2017-02-07 04:15:31 | TEMPLOG : Bio   Filter | 041.900
2017-02-07 04:17:34 | TEMPLOG : WellhouseOne | 054.500
2017-02-07 04:19:36 | TEMPLOG : WellhouseOne | 053.600
2017-02-07 04:22:40 | TEMPLOG : WellhouseOne | 052.700
2017-02-07 04:23:42 | TEMPLOG : Table    One | 041.000
2017-02-07 04:25:44 | TEMPLOG : WellhouseOne | 051.800
2017-02-07 04:25:44 | TEMPLOG : Bio   Filter | 041.000
2017-02-07 04:30:50 | TEMPLOG : WellhouseOne | 050.900
2017-02-07 04:33:53 | TEMPLOG : WellhouseOne | 050.000
2017-02-07 04:34:54 | TEMPLOG : WellhouseOne | 095.900
2017-02-07 04:35:55 | TEMPLOG : WellhouseOne | 120.200
2017-02-07 04:35:56 | TEMPLOG : Bio   Filter | 041.900
2017-02-07 04:36:56 | TEMPLOG : WellhouseOne | 104.900
2017-02-07 04:37:57 | TEMPLOG : WellhouseOne | 083.300
2017-02-07 04:37:58 | TEMPLOG : Table    One | 041.900
2017-02-07 04:38:59 | TEMPLOG : WellhouseOne | 073.400
2017-02-07 04:40:00 | TEMPLOG : WellhouseOne | 067.100
2017-02-07 04:41:01 | TEMPLOG : WellhouseOne | 064.400
2017-02-07 04:42:03 | TEMPLOG : WellhouseOne | 061.700
2017-02-07 04:43:04 | TEMPLOG : WellhouseOne | 059.900
2017-02-07 04:44:05 | TEMPLOG : WellhouseOne | 059.000
2017-02-07 04:45:06 | TEMPLOG : WellhouseOne | 057.200
2017-02-07 04:47:08 | TEMPLOG : WellhouseOne | 056.300
2017-02-07 04:48:09 | TEMPLOG : WellhouseOne | 055.400
2017-02-07 04:50:11 | TEMPLOG : WellhouseOne | 054.500
2017-02-07 04:54:17 | TEMPLOG : WellhouseOne | 053.600
2017-02-07 04:57:21 | TEMPLOG : Table    One | 041.000
2017-02-07 04:58:22 | TEMPLOG : WellhouseOne | 052.700
2017-02-07 05:00:23 | TEMPLOG : WellhouseOne | 051.800
2017-02-07 05:00:24 | TEMPLOG : Bio   Filter | 041.900
2017-02-07 05:00:24 | TEMPLOG : To   GeoLoop | 049.100
2017-02-07 05:00:24 | TEMPLOG : Table    One | 041.000
2017-02-07 05:01:24 | TEMPLOG : Bio   Filter | 041.000
2017-02-07 05:04:28 | TEMPLOG : WellhouseOne | 050.900
2017-02-07 05:05:29 | TEMPLOG : WellhouseOne | 051.800
2017-02-07 05:05:29 | TEMPLOG : To   GeoLoop | 048.200
2017-02-07 05:06:29 | TEMPLOG : WellhouseOne | 050.900
2017-02-07 05:06:30 | TEMPLOG : To   GeoLoop | 049.100
2017-02-07 05:08:31 | TEMPLOG : WellhouseOne | 102.200
2017-02-07 05:08:31 | TEMPLOG : To   GeoLoop | 048.200
2017-02-07 05:09:32 | TEMPLOG : WellhouseOne | 122.900
2017-02-07 05:10:33 | TEMPLOG : WellhouseOne | 104.000
2017-02-07 05:11:35 | TEMPLOG : WellhouseOne | 086.000
2017-02-07 05:12:36 | TEMPLOG : WellhouseOne | 077.900
2017-02-07 05:13:37 | TEMPLOG : WellhouseOne | 072.500
2017-02-07 05:14:39 | TEMPLOG : WellhouseOne | 068.900
2017-02-07 05:15:40 | TEMPLOG : WellhouseOne | 066.200
2017-02-07 05:16:41 | TEMPLOG : WellhouseOne | 063.500
2017-02-07 05:16:42 | TEMPLOG : Table    One | 040.100
2017-02-07 05:17:42 | TEMPLOG : WellhouseOne | 062.600
2017-02-07 05:18:43 | TEMPLOG : WellhouseOne | 060.800
2017-02-07 05:19:44 | TEMPLOG : WellhouseOne | 059.900
2017-02-07 05:19:45 | TEMPLOG : Table    One | 041.000
2017-02-07 05:20:46 | TEMPLOG : WellhouseOne | 059.000
2017-02-07 05:21:47 | TEMPLOG : WellhouseOne | 058.100
2017-02-07 05:21:48 | TEMPLOG : Table    One | 040.100
2017-02-07 05:23:49 | TEMPLOG : WellhouseOne | 057.200
2017-02-07 05:24:50 | TEMPLOG : WellhouseOne | 056.300
2017-02-07 05:26:54 | TEMPLOG : WellhouseOne | 055.400
2017-02-07 05:29:57 | TEMPLOG : WellhouseOne | 054.500
2017-02-07 05:29:58 | TEMPLOG : Bio   Filter | 040.100
2017-02-07 05:32:00 | TEMPLOG : Bio   Filter | 041.000
2017-02-07 05:33:01 | TEMPLOG : WellhouseOne | 053.600
2017-02-07 05:34:02 | TEMPLOG : Bio   Filter | 040.100
2017-02-07 05:38:06 | TEMPLOG : WellhouseOne | 052.700
2017-02-07 05:38:07 | TEMPLOG : Bio   Filter | 041.000
2017-02-07 05:43:12 | TEMPLOG : WellhouseOne | 093.200
2017-02-07 05:44:13 | TEMPLOG : WellhouseOne | 119.300
2017-02-07 05:44:13 | TEMPLOG : Table    One | 041.000
2017-02-07 05:45:14 | TEMPLOG : WellhouseOne | 098.600
2017-02-07 05:46:15 | TEMPLOG : WellhouseOne | 082.400
2017-02-07 05:46:15 | TEMPLOG : Table    One | 040.100
2017-02-07 05:47:15 | TEMPLOG : WellhouseOne | 075.200
2017-02-07 05:48:17 | TEMPLOG : WellhouseOne | 070.700
2017-02-07 05:49:19 | TEMPLOG : WellhouseOne | 067.100
2017-02-07 05:50:20 | TEMPLOG : WellhouseOne | 065.300
2017-02-07 05:51:22 | TEMPLOG : WellhouseOne | 063.500
2017-02-07 05:52:23 | TEMPLOG : WellhouseOne | 061.700
2017-02-07 05:53:23 | TEMPLOG : WellhouseOne | 059.900
2017-02-07 05:54:25 | TEMPLOG : WellhouseOne | 059.000
2017-02-07 05:55:26 | TEMPLOG : WellhouseOne | 058.100
2017-02-07 05:56:28 | TEMPLOG : WellhouseOne | 057.200
2017-02-07 05:56:28 | TEMPLOG : Bio   Filter | 040.100
2017-02-07 05:57:29 | TEMPLOG : WellhouseOne | 056.300
2017-02-07 05:57:29 | TEMPLOG : Bio   Filter | 041.000
2017-02-07 05:58:30 | TEMPLOG : Bio   Filter | 040.100
2017-02-07 05:59:31 | TEMPLOG : WellhouseOne | 055.400
2017-02-07 05:59:32 | TEMPLOG : Bio   Filter | 041.000
2017-02-07 06:00:33 | TEMPLOG : WellhouseOne | 055.400
2017-02-07 06:00:33 | TEMPLOG : Bio   Filter | 040.100
2017-02-07 06:00:33 | TEMPLOG : To   GeoLoop | 048.200
2017-02-07 06:00:33 | TEMPLOG : Table    One | 040.100
2017-02-07 06:01:34 | TEMPLOG : WellhouseOne | 054.500
2017-02-07 06:01:34 | TEMPLOG : Bio   Filter | 041.000
2017-02-07 06:02:35 | TEMPLOG : Bio   Filter | 040.100
2017-02-07 06:05:40 | TEMPLOG : WellhouseOne | 053.600
2017-02-07 06:07:43 | TEMPLOG : Table    One | 039.200
2017-02-07 06:08:44 | TEMPLOG : WellhouseOne | 052.700
2017-02-07 06:09:46 | TEMPLOG : Bio   Filter | 039.200
2017-02-07 06:13:52 | TEMPLOG : WellhouseOne | 051.800
2017-02-07 06:17:57 | TEMPLOG : WellhouseOne | 092.300
2017-02-07 06:18:59 | TEMPLOG : WellhouseOne | 118.400
2017-02-07 06:20:01 | TEMPLOG : WellhouseOne | 105.800
2017-02-07 06:21:02 | TEMPLOG : WellhouseOne | 084.200
2017-02-07 06:22:04 | TEMPLOG : WellhouseOne | 077.000
2017-02-07 06:23:05 | TEMPLOG : WellhouseOne | 071.600
2017-02-07 06:24:07 | TEMPLOG : WellhouseOne | 067.100
2017-02-07 06:25:09 | TEMPLOG : WellhouseOne | 064.400
2017-02-07 06:26:10 | TEMPLOG : WellhouseOne | 062.600
2017-02-07 06:27:10 | TEMPLOG : WellhouseOne | 060.800
2017-02-07 06:29:12 | TEMPLOG : WellhouseOne | 059.000
2017-02-07 06:30:13 | TEMPLOG : WellhouseOne | 058.100
2017-02-07 06:31:15 | TEMPLOG : WellhouseOne | 057.200
2017-02-07 06:33:18 | TEMPLOG : WellhouseOne | 056.300
2017-02-07 06:34:20 | TEMPLOG : WellhouseOne | 055.400
2017-02-07 06:34:20 | TEMPLOG : To   GeoLoop | 047.300
2017-02-07 06:36:21 | TEMPLOG : WellhouseOne | 054.500
2017-02-07 06:36:22 | TEMPLOG : To   GeoLoop | 048.200
2017-02-07 06:39:25 | TEMPLOG : WellhouseOne | 053.600
2017-02-07 06:43:30 | TEMPLOG : WellhouseOne | 052.700
2017-02-07 06:44:32 | TEMPLOG : To   GeoLoop | 047.300
2017-02-07 06:45:33 | TEMPLOG : To   GeoLoop | 048.200
2017-02-07 06:46:35 | TEMPLOG : To   GeoLoop | 047.300
2017-02-07 06:47:35 | TEMPLOG : WellhouseOne | 051.800
2017-02-07 06:52:40 | TEMPLOG : WellhouseOne | 082.400
2017-02-07 06:53:41 | TEMPLOG : WellhouseOne | 114.800
2017-02-07 06:54:43 | TEMPLOG : WellhouseOne | 113.900
2017-02-07 06:55:44 | TEMPLOG : WellhouseOne | 086.000
2017-02-07 06:56:45 | TEMPLOG : WellhouseOne | 077.000
2017-02-07 06:57:47 | TEMPLOG : WellhouseOne | 072.500
2017-02-07 06:58:48 | TEMPLOG : WellhouseOne | 068.000
2017-02-07 06:59:49 | TEMPLOG : WellhouseOne | 065.300
2017-02-07 07:00:50 | TEMPLOG : WellhouseOne | 062.600
2017-02-07 07:00:51 | TEMPLOG : Bio   Filter | 039.200
2017-02-07 07:00:51 | TEMPLOG : To   GeoLoop | 047.300
2017-02-07 07:00:51 | TEMPLOG : Table    One | 039.200
2017-02-07 07:01:52 | TEMPLOG : WellhouseOne | 061.700
2017-02-07 07:02:53 | TEMPLOG : WellhouseOne | 059.900
2017-02-07 07:03:55 | TEMPLOG : WellhouseOne | 059.000
2017-02-07 07:04:56 | TEMPLOG : WellhouseOne | 058.100
2017-02-07 07:05:57 | TEMPLOG : WellhouseOne | 057.200
2017-02-07 07:06:58 | TEMPLOG : WellhouseOne | 056.300
2017-02-07 07:09:00 | TEMPLOG : WellhouseOne | 055.400
2017-02-07 07:10:02 | TEMPLOG : Table    One | 038.300
2017-02-07 07:11:03 | TEMPLOG : WellhouseOne | 054.500
2017-02-07 07:13:05 | TEMPLOG : Bio   Filter | 038.300
2017-02-07 07:14:06 | TEMPLOG : WellhouseOne | 053.600
2017-02-07 07:14:06 | TEMPLOG : Bio   Filter | 039.200
2017-02-07 07:16:09 | TEMPLOG : WellhouseOne | 052.700
2017-02-07 07:20:13 | TEMPLOG : WellhouseOne | 051.800
2017-02-07 07:24:18 | TEMPLOG : Table    One | 039.200
2017-02-07 07:25:18 | TEMPLOG : WellhouseOne | 050.900
2017-02-07 07:25:19 | TEMPLOG : Table    One | 038.300
2017-02-07 07:26:20 | TEMPLOG : Table    One | 039.200
2017-02-07 07:27:21 | TEMPLOG : WellhouseOne | 089.600
2017-02-07 07:27:22 | TEMPLOG : Table    One | 038.300
2017-02-07 07:28:22 | TEMPLOG : WellhouseOne | 117.500
2017-02-07 07:28:24 | TEMPLOG : Table    One | 039.200
2017-02-07 07:29:24 | TEMPLOG : WellhouseOne | 121.100
2017-02-07 07:29:25 | TEMPLOG : Table    One | 038.300
2017-02-07 07:30:25 | TEMPLOG : WellhouseOne | 088.700
2017-02-07 07:31:26 | TEMPLOG : WellhouseOne | 078.800
2017-02-07 07:32:27 | TEMPLOG : WellhouseOne | 072.500
2017-02-07 07:33:29 | TEMPLOG : WellhouseOne | 068.900
2017-02-07 07:34:31 | TEMPLOG : WellhouseOne | 065.300
2017-02-07 07:34:32 | TEMPLOG : Table    One | 039.200
2017-02-07 07:35:32 | TEMPLOG : WellhouseOne | 063.500
2017-02-07 07:35:33 | TEMPLOG : Table    One | 038.300
2017-02-07 07:36:33 | TEMPLOG : WellhouseOne | 061.700
2017-02-07 07:36:34 | TEMPLOG : Table    One | 039.200
2017-02-07 07:37:34 | TEMPLOG : WellhouseOne | 059.900
2017-02-07 07:38:36 | TEMPLOG : WellhouseOne | 059.000
2017-02-07 07:39:38 | TEMPLOG : WellhouseOne | 057.200
2017-02-07 07:40:39 | TEMPLOG : WellhouseOne | 056.300
2017-02-07 07:40:39 | TEMPLOG : Bio   Filter | 040.100
2017-02-07 07:41:40 | TEMPLOG : Bio   Filter | 041.000
2017-02-07 07:41:41 | TEMPLOG : Table    One | 040.100
2017-02-07 07:42:41 | TEMPLOG : WellhouseOne | 055.400
2017-02-07 07:42:41 | TEMPLOG : Bio   Filter | 041.900
2017-02-07 07:43:42 | TEMPLOG : Bio   Filter | 042.800
2017-02-07 07:43:43 | TEMPLOG : Table    One | 041.000
2017-02-07 07:44:43 | TEMPLOG : WellhouseOne | 054.500
2017-02-07 07:44:43 | TEMPLOG : Bio   Filter | 043.700
2017-02-07 07:44:44 | TEMPLOG : To   GeoLoop | 048.200
2017-02-07 07:44:44 | TEMPLOG : Table    One | 041.900
2017-02-07 07:45:44 | TEMPLOG : Bio   Filter | 044.600
2017-02-07 07:46:46 | TEMPLOG : WellhouseOne | 053.600
2017-02-07 07:47:47 | TEMPLOG : Bio   Filter | 045.500
2017-02-07 07:47:48 | TEMPLOG : Table    One | 042.800
2017-02-07 07:49:50 | TEMPLOG : WellhouseOne | 052.700
2017-02-07 07:49:50 | TEMPLOG : Bio   Filter | 046.400
2017-02-07 07:49:50 | TEMPLOG : Table    One | 043.700
2017-02-07 07:50:52 | TEMPLOG : Bio   Filter | 047.300
2017-02-07 07:50:53 | TEMPLOG : Table    One | 044.600
2017-02-07 07:51:54 | TEMPLOG : Bio   Filter | 048.200
2017-02-07 07:52:55 | TEMPLOG : WellhouseOne | 051.800
2017-02-07 07:52:55 | TEMPLOG : Bio   Filter | 049.100
2017-02-07 07:52:56 | TEMPLOG : Table    One | 045.500
2017-02-07 07:53:56 | TEMPLOG : Bio   Filter | 050.900
2017-02-07 07:53:57 | TEMPLOG : Table    One | 046.400
2017-02-07 07:54:58 | TEMPLOG : Bio   Filter | 051.800
2017-02-07 07:54:58 | TEMPLOG : To   GeoLoop | 049.100
2017-02-07 07:54:58 | TEMPLOG : Table    One | 047.300
2017-02-07 07:55:59 | TEMPLOG : Bio   Filter | 053.600
2017-02-07 07:56:00 | TEMPLOG : Table    One | 048.200
2017-02-07 07:57:00 | TEMPLOG : Bio   Filter | 054.500
2017-02-07 07:58:01 | TEMPLOG : Bio   Filter | 055.400
2017-02-07 07:58:02 | TEMPLOG : Table    One | 049.100
2017-02-07 07:59:02 | TEMPLOG : Bio   Filter | 056.300
2017-02-07 07:59:03 | TEMPLOG : Table    One | 050.000
2017-02-07 08:00:03 | TEMPLOG : WellhouseOne | 051.800
2017-02-07 08:00:03 | TEMPLOG : Bio   Filter | 058.100
2017-02-07 08:00:04 | TEMPLOG : To   GeoLoop | 049.100
2017-02-07 08:00:04 | TEMPLOG : Table    One | 050.900
2017-02-07 08:01:04 | TEMPLOG : WellhouseOne | 068.000
2017-02-07 08:01:04 | TEMPLOG : Bio   Filter | 059.000
2017-02-07 08:01:05 | TEMPLOG : Table    One | 051.800
2017-02-07 08:02:05 | TEMPLOG : WellhouseOne | 112.100
2017-02-07 08:02:06 | TEMPLOG : Bio   Filter | 059.900
2017-02-07 08:03:07 | TEMPLOG : WellhouseOne | 120.200
2017-02-07 08:03:07 | TEMPLOG : Table    One | 052.700
2017-02-07 08:04:08 | TEMPLOG : WellhouseOne | 086.900
2017-02-07 08:04:08 | TEMPLOG : Bio   Filter | 060.800
2017-02-07 08:04:09 | TEMPLOG : To   GeoLoop | 050.000
2017-02-07 08:04:09 | TEMPLOG : Table    One | 054.500
2017-02-07 08:05:09 | TEMPLOG : WellhouseOne | 077.000
2017-02-07 08:05:10 | TEMPLOG : Table    One | 055.400
2017-02-07 08:06:11 | TEMPLOG : WellhouseOne | 072.500
2017-02-07 08:06:11 | TEMPLOG : Bio   Filter | 061.700
2017-02-07 08:06:11 | TEMPLOG : Table    One | 056.300
2017-02-07 08:07:12 | TEMPLOG : WellhouseOne | 068.900
2017-02-07 08:07:12 | TEMPLOG : Table    One | 057.200
2017-02-07 08:08:12 | TEMPLOG : WellhouseOne | 065.300
2017-02-07 08:08:14 | TEMPLOG : Table    One | 058.100
2017-02-07 08:09:14 | TEMPLOG : WellhouseOne | 062.600
2017-02-07 08:09:14 | TEMPLOG : Bio   Filter | 062.600
2017-02-07 08:09:15 | TEMPLOG : Table    One | 059.000
2017-02-07 08:10:15 | TEMPLOG : WellhouseOne | 061.700
2017-02-07 08:11:16 | TEMPLOG : WellhouseOne | 059.900
2017-02-07 08:11:17 | TEMPLOG : Bio   Filter | 063.500
2017-02-07 08:11:17 | TEMPLOG : Table    One | 059.900
2017-02-07 08:12:17 | TEMPLOG : WellhouseOne | 059.000
2017-02-07 08:12:18 | TEMPLOG : To   GeoLoop | 050.900
2017-02-07 08:12:18 | TEMPLOG : Table    One | 060.800
2017-02-07 08:13:18 | TEMPLOG : WellhouseOne | 058.100
2017-02-07 08:13:18 | TEMPLOG : Bio   Filter | 064.400
2017-02-07 08:13:19 | TEMPLOG : Table    One | 061.700
2017-02-07 08:15:20 | TEMPLOG : WellhouseOne | 057.200
2017-02-07 08:15:22 | TEMPLOG : Table    One | 062.600
2017-02-07 08:16:22 | TEMPLOG : WellhouseOne | 056.300
2017-02-07 08:17:24 | TEMPLOG : Bio   Filter | 063.500
2017-02-07 08:18:25 | TEMPLOG : Bio   Filter | 062.600
2017-02-07 08:19:26 | TEMPLOG : WellhouseOne | 055.400
2017-02-07 08:19:26 | TEMPLOG : Bio   Filter | 061.700
2017-02-07 08:19:27 | TEMPLOG : Table    One | 061.700
2017-02-07 08:20:28 | TEMPLOG : Bio   Filter | 060.800
2017-02-07 08:20:29 | TEMPLOG : Table    One | 060.800
2017-02-07 08:22:30 | TEMPLOG : WellhouseOne | 054.500
2017-02-07 08:22:32 | TEMPLOG : Table    One | 061.700
2017-02-07 08:23:33 | TEMPLOG : Table    One | 060.800
2017-02-07 08:25:36 | TEMPLOG : Bio   Filter | 059.900
2017-02-07 08:25:37 | TEMPLOG : Table    One | 059.900
2017-02-07 08:26:38 | TEMPLOG : Table    One | 060.800
2017-02-07 08:27:39 | TEMPLOG : Bio   Filter | 060.800
2017-02-07 08:27:40 | TEMPLOG : To   GeoLoop | 051.800
2017-02-07 08:28:41 | TEMPLOG : To   GeoLoop | 050.900
2017-02-07 08:28:41 | TEMPLOG : Table    One | 061.700
2017-02-07 08:29:42 | TEMPLOG : To   GeoLoop | 051.800
2017-02-07 08:29:42 | TEMPLOG : Table    One | 060.800
2017-02-07 08:30:42 | TEMPLOG : WellhouseOne | 053.600
2017-02-07 08:30:42 | TEMPLOG : Bio   Filter | 059.900
2017-02-07 08:31:44 | TEMPLOG : Table    One | 059.900
2017-02-07 08:34:46 | TEMPLOG : Bio   Filter | 060.800
2017-02-07 08:34:47 | TEMPLOG : Table    One | 060.800
2017-02-07 08:35:49 | TEMPLOG : Table    One | 062.600
2017-02-07 08:36:49 | TEMPLOG : WellhouseOne | 052.700
2017-02-07 08:36:49 | TEMPLOG : Bio   Filter | 061.700
2017-02-07 08:36:50 | TEMPLOG : Table    One | 061.700
2017-02-07 08:37:50 | TEMPLOG : WellhouseOne | 099.500
2017-02-07 08:37:50 | TEMPLOG : Bio   Filter | 060.800
2017-02-07 08:37:51 | TEMPLOG : Table    One | 060.800
2017-02-07 08:38:51 | TEMPLOG : WellhouseOne | 122.900
2017-02-07 08:38:52 | TEMPLOG : Table    One | 059.900
2017-02-07 08:39:52 | TEMPLOG : WellhouseOne | 091.400
2017-02-07 08:39:52 | TEMPLOG : Bio   Filter | 059.900
2017-02-07 08:40:54 | TEMPLOG : WellhouseOne | 079.700
2017-02-07 08:40:55 | TEMPLOG : Table    One | 059.000
2017-02-07 08:41:55 | TEMPLOG : WellhouseOne | 073.400
2017-02-07 08:42:57 | TEMPLOG : WellhouseOne | 069.800
2017-02-07 08:43:59 | TEMPLOG : WellhouseOne | 067.100
2017-02-07 08:43:59 | TEMPLOG : Bio   Filter | 059.000
2017-02-07 08:43:59 | TEMPLOG : Table    One | 058.100
2017-02-07 08:44:59 | TEMPLOG : WellhouseOne | 065.300
2017-02-07 08:45:00 | TEMPLOG : Bio   Filter | 058.100
2017-02-07 08:45:00 | TEMPLOG : Table    One | 057.200
2017-02-07 08:46:00 | TEMPLOG : WellhouseOne | 063.500
2017-02-07 08:46:01 | TEMPLOG : Table    One | 056.300
2017-02-07 08:47:01 | TEMPLOG : WellhouseOne | 062.600
2017-02-07 08:47:01 | TEMPLOG : Bio   Filter | 057.200
2017-02-07 08:48:02 | TEMPLOG : WellhouseOne | 061.700
2017-02-07 08:48:03 | TEMPLOG : Bio   Filter | 056.300
2017-02-07 08:48:04 | TEMPLOG : Table    One | 055.400
2017-02-07 08:49:04 | TEMPLOG : WellhouseOne | 060.800
2017-02-07 08:49:05 | TEMPLOG : Table    One | 054.500
2017-02-07 08:50:06 | TEMPLOG : WellhouseOne | 059.900
2017-02-07 08:50:06 | TEMPLOG : Bio   Filter | 055.400
2017-02-07 08:51:07 | TEMPLOG : WellhouseOne | 059.000
2017-02-07 08:52:09 | TEMPLOG : Table    One | 053.600
2017-02-07 08:53:10 | TEMPLOG : Bio   Filter | 054.500
2017-02-07 08:54:10 | TEMPLOG : WellhouseOne | 058.100
2017-02-07 08:56:13 | TEMPLOG : WellhouseOne | 057.200
2017-02-07 08:59:17 | TEMPLOG : Bio   Filter | 053.600
2017-02-07 08:59:17 | TEMPLOG : Table    One | 052.700
2017-02-07 09:00:18 | TEMPLOG : WellhouseOne | 057.200
2017-02-07 09:00:19 | TEMPLOG : Bio   Filter | 053.600
2017-02-07 09:00:19 | TEMPLOG : To   GeoLoop | 051.800
2017-02-07 09:00:19 | TEMPLOG : Table    One | 052.700
2017-02-07 09:01:20 | TEMPLOG : WellhouseOne | 056.300
2017-02-07 09:01:22 | TEMPLOG : To   GeoLoop | 050.900
2017-02-07 09:04:26 | TEMPLOG : Table    One | 051.800
2017-02-07 09:05:27 | TEMPLOG : Bio   Filter | 052.700
2017-02-07 09:06:28 | TEMPLOG : WellhouseOne | 055.400
2017-02-07 09:07:30 | TEMPLOG : Table    One | 050.900
2017-02-07 09:08:31 | TEMPLOG : Bio   Filter | 051.800
2017-02-07 09:11:35 | TEMPLOG : Bio   Filter | 053.600
2017-02-07 09:11:35 | TEMPLOG : Table    One | 052.700
2017-02-07 09:12:36 | TEMPLOG : Bio   Filter | 057.200
2017-02-07 09:12:36 | TEMPLOG : Table    One | 059.000
2017-02-07 09:13:37 | TEMPLOG : WellhouseOne | 054.500
2017-02-07 09:13:37 | TEMPLOG : Bio   Filter | 061.700
2017-02-07 09:13:37 | TEMPLOG : To   GeoLoop | 051.800
2017-02-07 09:13:38 | TEMPLOG : Table    One | 062.600
2017-02-07 09:14:38 | TEMPLOG : Bio   Filter | 065.300
2017-02-07 09:14:38 | TEMPLOG : Table    One | 065.300
2017-02-07 09:15:39 | TEMPLOG : WellhouseOne | 059.000
2017-02-07 09:15:39 | TEMPLOG : Bio   Filter | 067.100
2017-02-07 09:15:39 | TEMPLOG : Table    One | 067.100
2017-02-07 09:16:40 | TEMPLOG : WellhouseOne | 106.700
2017-02-07 09:16:40 | TEMPLOG : Bio   Filter | 068.900
2017-02-07 09:16:40 | TEMPLOG : To   GeoLoop | 052.700
2017-02-07 09:16:41 | TEMPLOG : Table    One | 068.000
2017-02-07 09:17:41 | TEMPLOG : WellhouseOne | 105.800
2017-02-07 09:17:41 | TEMPLOG : Bio   Filter | 068.000
2017-02-07 09:17:42 | TEMPLOG : Table    One | 065.300
2017-02-07 09:18:43 | TEMPLOG : WellhouseOne | 086.000
2017-02-07 09:18:43 | TEMPLOG : Bio   Filter | 065.300
2017-02-07 09:18:44 | TEMPLOG : To   GeoLoop | 051.800
2017-02-07 09:18:44 | TEMPLOG : Table    One | 062.600
2017-02-07 09:19:45 | TEMPLOG : WellhouseOne | 078.800
2017-02-07 09:19:45 | TEMPLOG : Bio   Filter | 066.200
2017-02-07 09:19:45 | TEMPLOG : Table    One | 063.500
2017-02-07 09:20:46 | TEMPLOG : WellhouseOne | 073.400
2017-02-07 09:20:47 | TEMPLOG : Bio   Filter | 068.000
2017-02-07 09:20:47 | TEMPLOG : Table    One | 065.300
2017-02-07 09:21:48 | TEMPLOG : WellhouseOne | 069.800
2017-02-07 09:21:48 | TEMPLOG : To   GeoLoop | 052.700
2017-02-07 09:22:50 | TEMPLOG : WellhouseOne | 067.100
2017-02-07 09:22:50 | TEMPLOG : Bio   Filter | 070.700
2017-02-07 09:22:52 | TEMPLOG : Table    One | 068.000
2017-02-07 09:23:52 | TEMPLOG : WellhouseOne | 066.200
2017-02-07 09:23:52 | TEMPLOG : Bio   Filter | 071.600
2017-02-07 09:23:53 | TEMPLOG : Table    One | 068.900
2017-02-07 09:24:53 | TEMPLOG : WellhouseOne | 064.400
2017-02-07 09:24:54 | TEMPLOG : Bio   Filter | 074.300
2017-02-07 09:24:55 | TEMPLOG : Table    One | 070.700
2017-02-07 09:25:55 | TEMPLOG : WellhouseOne | 063.500
2017-02-07 09:25:55 | TEMPLOG : Bio   Filter | 075.200
2017-02-07 09:25:56 | TEMPLOG : Table    One | 069.800
2017-02-07 09:26:56 | TEMPLOG : WellhouseOne | 062.600
2017-02-07 09:26:57 | TEMPLOG : Bio   Filter | 074.300
2017-02-07 09:26:57 | TEMPLOG : To   GeoLoop | 053.600
2017-02-07 09:26:57 | TEMPLOG : Table    One | 068.900
2017-02-07 09:27:57 | TEMPLOG : WellhouseOne | 061.700
2017-02-07 09:27:58 | TEMPLOG : Bio   Filter | 071.600
2017-02-07 09:27:58 | TEMPLOG : To   GeoLoop | 052.700
2017-02-07 09:27:58 | TEMPLOG : Table    One | 066.200
2017-02-07 09:28:59 | TEMPLOG : WellhouseOne | 060.800
2017-02-07 09:29:00 | TEMPLOG : Bio   Filter | 069.800
2017-02-07 09:29:00 | TEMPLOG : Table    One | 064.400
2017-02-07 09:30:01 | TEMPLOG : Bio   Filter | 067.100
2017-02-07 09:30:03 | TEMPLOG : Table    One | 062.600
2017-02-07 09:31:03 | TEMPLOG : WellhouseOne | 059.900
2017-02-07 09:31:03 | TEMPLOG : Bio   Filter | 064.400
2017-02-07 09:31:03 | TEMPLOG : Table    One | 059.900
2017-02-07 09:32:04 | TEMPLOG : Bio   Filter | 062.600
2017-02-07 09:32:04 | TEMPLOG : Table    One | 059.000
2017-02-07 09:33:05 | TEMPLOG : Bio   Filter | 061.700
2017-02-07 09:33:06 | TEMPLOG : Table    One | 058.100
2017-02-07 09:34:06 | TEMPLOG : WellhouseOne | 059.000
2017-02-07 09:34:06 | TEMPLOG : Bio   Filter | 060.800
2017-02-07 09:34:07 | TEMPLOG : Table    One | 057.200
2017-02-07 09:35:08 | TEMPLOG : Bio   Filter | 059.900
2017-02-07 09:35:08 | TEMPLOG : To   GeoLoop | 051.800
2017-02-07 09:36:09 | TEMPLOG : Bio   Filter | 059.000
2017-02-07 09:38:10 | TEMPLOG : WellhouseOne | 058.100
2017-02-07 09:38:11 | TEMPLOG : Table    One | 056.300
2017-02-07 09:39:11 | TEMPLOG : Bio   Filter | 058.100
2017-02-07 09:40:12 | TEMPLOG : Table    One | 057.200
2017-02-07 09:41:13 | TEMPLOG : Bio   Filter | 059.900
2017-02-07 09:41:13 | TEMPLOG : Table    One | 059.000
2017-02-07 09:42:13 | TEMPLOG : WellhouseOne | 057.200
2017-02-07 09:42:13 | TEMPLOG : Bio   Filter | 060.800
2017-02-07 09:42:14 | TEMPLOG : To   GeoLoop | 052.700
2017-02-07 09:43:15 | TEMPLOG : To   GeoLoop | 051.800
2017-02-07 09:43:16 | TEMPLOG : Table    One | 058.100
2017-02-07 09:44:16 | TEMPLOG : Bio   Filter | 059.900
2017-02-07 09:44:16 | TEMPLOG : To   GeoLoop | 052.700
2017-02-07 09:45:18 | TEMPLOG : Bio   Filter | 060.800
2017-02-07 09:45:18 | TEMPLOG : To   GeoLoop | 051.800
2017-02-07 09:46:19 | TEMPLOG : Bio   Filter | 061.700
2017-02-07 09:46:19 | TEMPLOG : Table    One | 059.900
2017-02-07 09:47:19 | TEMPLOG : Bio   Filter | 065.300
2017-02-07 09:47:19 | TEMPLOG : To   GeoLoop | 052.700
2017-02-07 09:47:20 | TEMPLOG : Table    One | 063.500
2017-02-07 09:48:21 | TEMPLOG : Bio   Filter | 067.100
2017-02-07 09:49:22 | TEMPLOG : Bio   Filter | 068.000
2017-02-07 09:49:22 | TEMPLOG : To   GeoLoop | 053.600
2017-02-07 09:49:22 | TEMPLOG : Table    One | 065.300
2017-02-07 09:50:23 | TEMPLOG : Bio   Filter | 068.900
2017-02-07 09:51:24 | TEMPLOG : WellhouseOne | 056.300
2017-02-07 09:51:25 | TEMPLOG : Bio   Filter | 072.500
2017-02-07 09:51:27 | TEMPLOG : Table    One | 068.900
2017-02-07 09:52:28 | TEMPLOG : Bio   Filter | 075.200
2017-02-07 09:52:28 | TEMPLOG : To   GeoLoop | 054.500
2017-02-07 09:52:28 | TEMPLOG : Table    One | 070.700
2017-02-07 09:54:30 | TEMPLOG : Bio   Filter | 074.300
2017-02-07 09:54:30 | TEMPLOG : Table    One | 068.900
2017-02-07 09:55:31 | TEMPLOG : Bio   Filter | 072.500
2017-02-07 09:55:32 | TEMPLOG : Table    One | 066.200
2017-02-07 09:56:32 | TEMPLOG : WellhouseOne | 085.100
2017-02-07 09:56:33 | TEMPLOG : Bio   Filter | 069.800
2017-02-07 09:56:33 | TEMPLOG : To   GeoLoop | 053.600
2017-02-07 09:56:34 | TEMPLOG : Table    One | 064.400
2017-02-07 09:57:34 | TEMPLOG : WellhouseOne | 118.400
2017-02-07 09:57:34 | TEMPLOG : Bio   Filter | 070.700
2017-02-07 09:57:34 | TEMPLOG : Table    One | 066.200
2017-02-07 09:58:34 | TEMPLOG : WellhouseOne | 092.300
2017-02-07 09:58:35 | TEMPLOG : Bio   Filter | 072.500
2017-02-07 09:58:35 | TEMPLOG : To   GeoLoop | 054.500
2017-02-07 09:58:36 | TEMPLOG : Table    One | 067.100
2017-02-07 09:59:36 | TEMPLOG : WellhouseOne | 080.600
2017-02-07 10:00:37 | TEMPLOG : WellhouseOne | 075.200
2017-02-07 10:00:38 | TEMPLOG : Bio   Filter | 070.700
2017-02-07 10:00:38 | TEMPLOG : To   GeoLoop | 054.500
2017-02-07 10:00:39 | TEMPLOG : Table    One | 065.300
2017-02-07 10:01:39 | TEMPLOG : WellhouseOne | 071.600
2017-02-07 10:01:40 | TEMPLOG : Bio   Filter | 068.900
2017-02-07 10:01:40 | TEMPLOG : To   GeoLoop | 053.600
2017-02-07 10:01:40 | TEMPLOG : Table    One | 063.500
2017-02-07 10:02:40 | TEMPLOG : WellhouseOne | 068.900
2017-02-07 10:02:40 | TEMPLOG : Bio   Filter | 066.200
2017-02-07 10:02:42 | TEMPLOG : Table    One | 061.700
2017-02-07 10:03:42 | TEMPLOG : WellhouseOne | 066.200
2017-02-07 10:04:43 | TEMPLOG : WellhouseOne | 065.300
2017-02-07 10:04:43 | TEMPLOG : Bio   Filter | 065.300
2017-02-07 10:05:44 | TEMPLOG : WellhouseOne | 064.400
2017-02-07 10:05:44 | TEMPLOG : Bio   Filter | 064.400
2017-02-07 10:05:45 | TEMPLOG : Table    One | 060.800
2017-02-07 10:06:45 | TEMPLOG : WellhouseOne | 063.500
2017-02-07 10:06:45 | TEMPLOG : Bio   Filter | 063.500
2017-02-07 10:06:46 | TEMPLOG : To   GeoLoop | 052.700
2017-02-07 10:07:46 | TEMPLOG : WellhouseOne | 062.600
2017-02-07 10:07:46 | TEMPLOG : Bio   Filter | 062.600
2017-02-07 10:07:47 | TEMPLOG : Table    One | 059.900
2017-02-07 10:08:47 | TEMPLOG : WellhouseOne | 061.700
2017-02-07 10:08:48 | TEMPLOG : Table    One | 059.000
2017-02-07 10:09:48 | TEMPLOG : WellhouseOne | 060.800
2017-02-07 10:09:49 | TEMPLOG : Bio   Filter | 061.700
2017-02-07 10:10:50 | TEMPLOG : Bio   Filter | 060.800
2017-02-07 10:12:53 | TEMPLOG : WellhouseOne | 059.900
2017-02-07 10:12:53 | TEMPLOG : Bio   Filter | 059.900
2017-02-07 10:12:54 | TEMPLOG : Table    One | 058.100
2017-02-07 10:15:56 | TEMPLOG : WellhouseOne | 059.000
2017-02-07 10:15:57 | TEMPLOG : Table    One | 059.000
2017-02-07 10:16:57 | TEMPLOG : Bio   Filter | 060.800
2017-02-07 10:16:58 | TEMPLOG : Table    One | 059.900
2017-02-07 10:17:58 | TEMPLOG : Bio   Filter | 061.700
2017-02-07 10:17:59 | TEMPLOG : To   GeoLoop | 053.600
2017-02-07 10:20:02 | TEMPLOG : WellhouseOne | 058.100
2017-02-07 10:20:02 | TEMPLOG : Bio   Filter | 062.600
2017-02-07 10:22:05 | TEMPLOG : Bio   Filter | 061.700
2017-02-07 10:25:09 | TEMPLOG : WellhouseOne | 057.200
2017-02-07 10:25:09 | TEMPLOG : Bio   Filter | 060.800
2017-02-07 10:25:10 | TEMPLOG : Table    One | 059.000
2017-02-07 10:26:11 | TEMPLOG : To   GeoLoop | 052.700
2017-02-07 10:27:12 | TEMPLOG : To   GeoLoop | 053.600
2017-02-07 10:32:19 | TEMPLOG : Table    One | 059.900
2017-02-07 10:34:22 | TEMPLOG : WellhouseOne | 056.300
2017-02-07 10:36:24 | TEMPLOG : Bio   Filter | 061.700
2017-02-07 10:36:24 | TEMPLOG : Table    One | 060.800
2017-02-07 10:37:25 | TEMPLOG : WellhouseOne | 080.600
2017-02-07 10:37:25 | TEMPLOG : Bio   Filter | 062.600
2017-02-07 10:37:25 | TEMPLOG : To   GeoLoop | 054.500
2017-02-07 10:37:25 | TEMPLOG : Table    One | 061.700
2017-02-07 10:38:26 | TEMPLOG : WellhouseOne | 123.800
2017-02-07 10:38:26 | TEMPLOG : Bio   Filter | 063.500
2017-02-07 10:38:26 | TEMPLOG : Table    One | 062.600
2017-02-07 10:39:27 | TEMPLOG : WellhouseOne | 096.800
2017-02-07 10:39:28 | TEMPLOG : Bio   Filter | 064.400
2017-02-07 10:39:29 | TEMPLOG : To   GeoLoop | 055.400
2017-02-07 10:39:29 | TEMPLOG : Table    One | 063.500
2017-02-07 10:40:29 | TEMPLOG : WellhouseOne | 084.200
2017-02-07 10:40:29 | TEMPLOG : Bio   Filter | 065.300
2017-02-07 10:40:30 | TEMPLOG : Table    One | 064.400
2017-02-07 10:41:30 | TEMPLOG : WellhouseOne | 077.000
2017-02-07 10:41:30 | TEMPLOG : Bio   Filter | 066.200
2017-02-07 10:41:31 | TEMPLOG : Table    One | 065.300
2017-02-07 10:42:31 | TEMPLOG : WellhouseOne | 073.400
2017-02-07 10:42:32 | TEMPLOG : Bio   Filter | 068.000
2017-02-07 10:42:32 | TEMPLOG : To   GeoLoop | 056.300
2017-02-07 10:42:32 | TEMPLOG : Table    One | 066.200
2017-02-07 10:43:32 | TEMPLOG : WellhouseOne | 070.700
2017-02-07 10:43:32 | TEMPLOG : Bio   Filter | 069.800
2017-02-07 10:43:33 | TEMPLOG : Table    One | 067.100
2017-02-07 10:44:33 | TEMPLOG : WellhouseOne | 068.000
2017-02-07 10:44:34 | TEMPLOG : Bio   Filter | 070.700
2017-02-07 10:45:34 | TEMPLOG : WellhouseOne | 067.100
2017-02-07 10:46:36 | TEMPLOG : WellhouseOne | 065.300
2017-02-07 10:46:36 | TEMPLOG : Bio   Filter | 071.600
2017-02-07 10:46:37 | TEMPLOG : Table    One | 068.000
2017-02-07 10:47:37 | TEMPLOG : WellhouseOne | 064.400
2017-02-07 10:47:37 | TEMPLOG : Bio   Filter | 074.300
2017-02-07 10:47:38 | TEMPLOG : To   GeoLoop | 057.200
2017-02-07 10:47:38 | TEMPLOG : Table    One | 069.800
2017-02-07 10:48:38 | TEMPLOG : WellhouseOne | 063.500
2017-02-07 10:48:38 | TEMPLOG : Bio   Filter | 078.800
2017-02-07 10:48:39 | TEMPLOG : To   GeoLoop | 058.100
2017-02-07 10:48:39 | TEMPLOG : Table    One | 072.500
2017-02-07 10:49:40 | TEMPLOG : Bio   Filter | 082.400
2017-02-07 10:49:40 | TEMPLOG : To   GeoLoop | 059.000
2017-02-07 10:49:40 | TEMPLOG : Table    One | 074.300
2017-02-07 10:50:40 | TEMPLOG : WellhouseOne | 062.600
2017-02-07 10:50:41 | TEMPLOG : Bio   Filter | 084.200
2017-02-07 10:50:41 | TEMPLOG : To   GeoLoop | 059.900
2017-02-07 10:50:41 | TEMPLOG : Table    One | 076.100
2017-02-07 10:51:42 | TEMPLOG : Bio   Filter | 086.000
2017-02-07 10:52:43 | TEMPLOG : WellhouseOne | 061.700
2017-02-07 10:52:43 | TEMPLOG : Bio   Filter | 085.100
2017-02-07 10:52:44 | TEMPLOG : Table    One | 075.200
2017-02-07 10:53:44 | TEMPLOG : Table    One | 076.100
2017-02-07 10:54:45 | TEMPLOG : WellhouseOne | 060.800
2017-02-07 10:54:45 | TEMPLOG : Bio   Filter | 086.900
2017-02-07 10:54:46 | TEMPLOG : Table    One | 077.000
2017-02-07 10:55:46 | TEMPLOG : Bio   Filter | 087.800
2017-02-07 10:55:46 | TEMPLOG : To   GeoLoop | 060.800
2017-02-07 10:55:47 | TEMPLOG : Table    One | 078.800
2017-02-07 10:56:47 | TEMPLOG : Bio   Filter | 090.500
2017-02-07 10:56:48 | TEMPLOG : To   GeoLoop | 061.700
2017-02-07 10:56:48 | TEMPLOG : Table    One | 080.600
2017-02-07 10:57:48 | TEMPLOG : Bio   Filter | 094.100
2017-02-07 10:57:49 | TEMPLOG : To   GeoLoop | 062.600
2017-02-07 10:57:49 | TEMPLOG : Table    One | 083.300
2017-02-07 10:58:49 | TEMPLOG : Bio   Filter | 096.800
2017-02-07 10:58:50 | TEMPLOG : Table    One | 085.100
2017-02-07 10:59:50 | TEMPLOG : Bio   Filter | 098.600
2017-02-07 10:59:51 | TEMPLOG : To   GeoLoop | 063.500
2017-02-07 11:00:52 | TEMPLOG : WellhouseOne | 059.900
2017-02-07 11:00:52 | TEMPLOG : Bio   Filter | 099.500
2017-02-07 11:00:52 | TEMPLOG : To   GeoLoop | 064.400
2017-02-07 11:00:53 | TEMPLOG : Table    One | 086.000
2017-02-07 11:01:53 | TEMPLOG : Bio   Filter | 100.400
2017-02-07 11:01:54 | TEMPLOG : Table    One | 086.900
2017-02-07 11:02:55 | TEMPLOG : Bio   Filter | 101.300
2017-02-07 11:02:56 | TEMPLOG : Table    One | 087.800
2017-02-07 11:03:56 | TEMPLOG : Bio   Filter | 102.200
2017-02-07 11:03:56 | TEMPLOG : To   GeoLoop | 065.300
2017-02-07 11:03:57 | TEMPLOG : Table    One | 088.700
2017-02-07 11:04:59 | TEMPLOG : Bio   Filter | 103.100
2017-02-07 11:05:00 | TEMPLOG : Table    One | 089.600
2017-02-07 11:10:05 | TEMPLOG : Bio   Filter | 104.000
2017-02-07 11:10:06 | TEMPLOG : Table    One | 091.400
2017-02-07 11:11:06 | TEMPLOG : WellhouseOne | 059.000
2017-02-07 11:11:06 | TEMPLOG : Bio   Filter | 103.100
2017-02-07 11:11:07 | TEMPLOG : Table    One | 090.500
2017-02-07 11:12:08 | TEMPLOG : Bio   Filter | 104.000
2017-02-07 11:12:08 | TEMPLOG : To   GeoLoop | 066.200
2017-02-07 11:13:09 | TEMPLOG : To   GeoLoop | 065.300
2017-02-07 11:15:12 | TEMPLOG : Table    One | 091.400
2017-02-07 11:17:14 | TEMPLOG : Table    One | 092.300
2017-02-07 11:18:15 | TEMPLOG : Bio   Filter | 103.100
2017-02-07 11:18:15 | TEMPLOG : Table    One | 091.400
2017-02-07 11:20:18 | TEMPLOG : Bio   Filter | 102.200
2017-02-07 11:21:19 | TEMPLOG : Bio   Filter | 101.300
2017-02-07 11:24:23 | TEMPLOG : WellhouseOne | 102.200
2017-02-07 11:24:24 | TEMPLOG : To   GeoLoop | 064.400
2017-02-07 11:24:24 | TEMPLOG : Table    One | 090.500
2017-02-07 11:25:24 | TEMPLOG : WellhouseOne | 108.500
2017-02-07 11:25:24 | TEMPLOG : Bio   Filter | 100.400
2017-02-07 11:26:26 | TEMPLOG : WellhouseOne | 085.100
2017-02-07 11:27:28 | TEMPLOG : WellhouseOne | 077.000
2017-02-07 11:27:28 | TEMPLOG : Bio   Filter | 101.300
2017-02-07 11:27:28 | TEMPLOG : Table    One | 091.400
2017-02-07 11:28:28 | TEMPLOG : WellhouseOne | 072.500
2017-02-07 11:28:29 | TEMPLOG : To   GeoLoop | 065.300
2017-02-07 11:28:29 | TEMPLOG : Table    One | 092.300
2017-02-07 11:29:30 | TEMPLOG : WellhouseOne | 069.800
2017-02-07 11:29:30 | TEMPLOG : Bio   Filter | 102.200
2017-02-07 11:30:31 | TEMPLOG : WellhouseOne | 067.100
2017-02-07 11:31:33 | TEMPLOG : WellhouseOne | 065.300
2017-02-07 11:31:33 | TEMPLOG : Bio   Filter | 103.100
2017-02-07 11:32:36 | TEMPLOG : Table    One | 093.200
2017-02-07 11:33:36 | TEMPLOG : WellhouseOne | 064.400
2017-02-07 11:34:37 | TEMPLOG : WellhouseOne | 063.500
2017-02-07 11:34:38 | TEMPLOG : Bio   Filter | 104.000
2017-02-07 11:34:39 | TEMPLOG : Table    One | 092.300
2017-02-07 11:35:39 | TEMPLOG : WellhouseOne | 062.600
2017-02-07 11:39:44 | TEMPLOG : WellhouseOne | 061.700
2017-02-07 11:39:45 | TEMPLOG : Table    One | 091.400
2017-02-07 11:40:45 | TEMPLOG : Bio   Filter | 104.900
2017-02-07 11:40:46 | TEMPLOG : Table    One | 092.300
2017-02-07 11:42:47 | TEMPLOG : To   GeoLoop | 066.200
2017-02-07 11:43:49 | TEMPLOG : WellhouseOne | 060.800
2017-02-07 11:44:50 | TEMPLOG : To   GeoLoop | 065.300
2017-02-07 11:46:52 | TEMPLOG : Table    One | 091.400
2017-02-07 11:48:54 | TEMPLOG : Bio   Filter | 104.000
2017-02-07 11:49:55 | TEMPLOG : WellhouseOne | 059.900
2017-02-07 11:50:57 | TEMPLOG : Table    One | 092.300
2017-02-07 11:51:58 | TEMPLOG : To   GeoLoop | 064.400
2017-02-07 11:52:58 | TEMPLOG : WellhouseOne | 060.800
2017-02-07 11:52:58 | TEMPLOG : Bio   Filter | 103.100
2017-02-07 11:54:00 | TEMPLOG : To   GeoLoop | 063.500
2017-02-07 11:56:02 | TEMPLOG : To   GeoLoop | 062.600
2017-02-07 11:56:02 | TEMPLOG : Table    One | 093.200
2017-02-07 11:57:03 | TEMPLOG : Table    One | 092.300
2017-02-07 11:58:04 | TEMPLOG : Bio   Filter | 102.200
2017-02-07 11:59:06 | TEMPLOG : Table    One | 093.200
2017-02-07 12:00:07 | TEMPLOG : WellhouseOne | 059.900
2017-02-07 12:00:07 | TEMPLOG : Bio   Filter | 101.300
2017-02-07 12:00:07 | TEMPLOG : To   GeoLoop | 062.600
2017-02-07 12:00:07 | TEMPLOG : Table    One | 093.200
2017-02-07 12:01:08 | TEMPLOG : Bio   Filter | 100.400
2017-02-07 12:01:08 | TEMPLOG : To   GeoLoop | 061.700
2017-02-07 12:02:09 | TEMPLOG : Bio   Filter | 099.500
2017-02-07 12:03:10 | TEMPLOG : Bio   Filter | 097.700
2017-02-07 12:03:11 | TEMPLOG : Table    One | 094.100
2017-02-07 12:04:11 | TEMPLOG : Bio   Filter | 095.900
2017-02-07 12:05:12 | TEMPLOG : WellhouseOne | 060.800
2017-02-07 12:05:13 | TEMPLOG : Bio   Filter | 095.000
2017-02-07 12:05:14 | TEMPLOG : Table    One | 095.000
2017-02-07 12:06:14 | TEMPLOG : Bio   Filter | 093.200
2017-02-07 12:06:14 | TEMPLOG : Table    One | 094.100
2017-02-07 12:07:15 | TEMPLOG : Bio   Filter | 092.300
2017-02-07 12:07:15 | TEMPLOG : Table    One | 095.900
2017-02-07 12:08:16 | TEMPLOG : Table    One | 096.800
2017-02-07 12:09:17 | TEMPLOG : WellhouseOne | 061.700
2017-02-07 12:12:20 | TEMPLOG : WellhouseOne | 060.800
2017-02-07 12:13:21 | TEMPLOG : Bio   Filter | 091.400
2017-02-07 12:14:22 | TEMPLOG : WellhouseOne | 069.800
2017-02-07 12:14:22 | TEMPLOG : To   GeoLoop | 060.800
2017-02-07 12:14:23 | TEMPLOG : Table    One | 095.000
2017-02-07 12:15:23 | TEMPLOG : WellhouseOne | 116.600
2017-02-07 12:15:24 | TEMPLOG : To   GeoLoop | 059.900
2017-02-07 12:15:24 | TEMPLOG : Table    One | 092.300
2017-02-07 12:16:25 | TEMPLOG : WellhouseOne | 089.600
2017-02-07 12:16:26 | TEMPLOG : Table    One | 091.400
2017-02-07 12:17:26 | TEMPLOG : WellhouseOne | 079.700
2017-02-07 12:17:27 | TEMPLOG : Table    One | 090.500
2017-02-07 12:18:27 | TEMPLOG : WellhouseOne | 073.400
2017-02-07 12:18:27 | TEMPLOG : Bio   Filter | 092.300
2017-02-07 12:19:28 | TEMPLOG : WellhouseOne | 071.600
2017-02-07 12:19:28 | TEMPLOG : Bio   Filter | 093.200
2017-02-07 12:19:29 | TEMPLOG : Table    One | 091.400
2017-02-07 12:20:29 | TEMPLOG : WellhouseOne | 069.800
2017-02-07 12:20:29 | TEMPLOG : Bio   Filter | 094.100
2017-02-07 12:21:30 | TEMPLOG : WellhouseOne | 068.000
2017-02-07 12:21:31 | TEMPLOG : Bio   Filter | 095.000
2017-02-07 12:21:31 | TEMPLOG : Table    One | 093.200
2017-02-07 12:22:32 | TEMPLOG : WellhouseOne | 067.100
2017-02-07 12:22:33 | TEMPLOG : Bio   Filter | 095.900
2017-02-07 12:22:33 | TEMPLOG : Table    One | 094.100
2017-02-07 12:23:34 | TEMPLOG : WellhouseOne | 066.200
2017-02-07 12:23:36 | TEMPLOG : Bio   Filter | 097.700
2017-02-07 12:23:36 | TEMPLOG : Table    One | 095.000
2017-02-07 12:24:37 | TEMPLOG : WellhouseOne | 065.300
2017-02-07 12:24:37 | TEMPLOG : Bio   Filter | 098.600
2017-02-07 12:25:38 | TEMPLOG : WellhouseOne | 064.400
2017-02-07 12:25:39 | TEMPLOG : Table    One | 094.100
2017-02-07 12:26:40 | TEMPLOG : Bio   Filter | 099.500
2017-02-07 12:26:40 | TEMPLOG : To   GeoLoop | 060.800
2017-02-07 12:27:40 | TEMPLOG : WellhouseOne | 063.500
2017-02-07 12:29:42 | TEMPLOG : Bio   Filter | 100.400
2017-02-07 12:29:43 | TEMPLOG : To   GeoLoop | 061.700
2017-02-07 12:30:43 | TEMPLOG : WellhouseOne | 062.600
2017-02-07 12:31:45 | TEMPLOG : To   GeoLoop | 062.600
2017-02-07 12:33:46 | TEMPLOG : WellhouseOne | 061.700
2017-02-07 12:33:47 | TEMPLOG : To   GeoLoop | 063.500
2017-02-07 12:34:48 | TEMPLOG : Bio   Filter | 101.300
2017-02-07 12:34:48 | TEMPLOG : To   GeoLoop | 064.400
2017-02-07 12:34:48 | TEMPLOG : Table    One | 093.200
2017-02-07 12:37:52 | TEMPLOG : To   GeoLoop | 065.300
2017-02-07 12:38:55 | TEMPLOG : Table    One | 092.300
2017-02-07 12:39:55 | TEMPLOG : Bio   Filter | 102.200
2017-02-07 12:39:55 | TEMPLOG : To   GeoLoop | 066.200
2017-02-07 12:39:55 | TEMPLOG : Table    One | 093.200
2017-02-07 12:40:57 | TEMPLOG : Table    One | 094.100
2017-02-07 12:42:00 | TEMPLOG : Table    One | 093.200
2017-02-07 12:43:02 | TEMPLOG : Table    One | 094.100
2017-02-07 12:45:04 | TEMPLOG : To   GeoLoop | 067.100
2017-02-07 12:45:04 | TEMPLOG : Table    One | 095.000
2017-02-07 12:46:04 | TEMPLOG : Bio   Filter | 103.100
2017-02-07 12:47:06 | TEMPLOG : Table    One | 095.900
2017-02-07 12:48:07 | TEMPLOG : To   GeoLoop | 068.000
2017-02-07 12:48:08 | TEMPLOG : Table    One | 096.800
2017-02-07 12:49:09 | TEMPLOG : Bio   Filter | 104.000
2017-02-07 12:50:10 | TEMPLOG : Bio   Filter | 103.100
2017-02-07 12:52:14 | TEMPLOG : Table    One | 097.700
2017-02-07 12:53:14 | TEMPLOG : WellhouseOne | 060.800
2017-02-07 12:55:16 | TEMPLOG : WellhouseOne | 061.700
2017-02-07 12:55:16 | TEMPLOG : Bio   Filter | 104.000
2017-02-07 12:56:16 | TEMPLOG : WellhouseOne | 060.800
2017-02-07 12:57:17 | TEMPLOG : WellhouseOne | 061.700
2017-02-07 12:57:17 | TEMPLOG : Bio   Filter | 103.100
2017-02-07 12:58:18 | TEMPLOG : WellhouseOne | 060.800
2017-02-07 12:59:20 | TEMPLOG : Bio   Filter | 102.200
2017-02-07 13:00:20 | TEMPLOG : WellhouseOne | 060.800
2017-02-07 13:00:21 | TEMPLOG : Bio   Filter | 101.300
2017-02-07 13:00:21 | TEMPLOG : To   GeoLoop | 067.100
2017-02-07 13:00:21 | TEMPLOG : Table    One | 096.800
2017-02-07 13:01:21 | TEMPLOG : WellhouseOne | 061.700
2017-02-07 13:01:22 | TEMPLOG : Table    One | 097.700
2017-02-07 13:04:25 | TEMPLOG : WellhouseOne | 081.500
2017-02-07 13:04:26 | TEMPLOG : Bio   Filter | 099.500
2017-02-07 13:04:28 | TEMPLOG : Table    One | 096.800
2017-02-07 13:05:28 | TEMPLOG : WellhouseOne | 109.400
2017-02-07 13:05:28 | TEMPLOG : Bio   Filter | 097.700
2017-02-07 13:05:28 | TEMPLOG : Table    One | 094.100
2017-02-07 13:06:29 | TEMPLOG : WellhouseOne | 086.900
2017-02-07 13:06:30 | TEMPLOG : Bio   Filter | 096.800
2017-02-07 13:07:31 | TEMPLOG : WellhouseOne | 079.700
2017-02-07 13:07:32 | TEMPLOG : To   GeoLoop | 066.200
2017-02-07 13:08:32 | TEMPLOG : WellhouseOne | 076.100
2017-02-07 13:08:32 | TEMPLOG : Bio   Filter | 095.900
2017-02-07 13:08:33 | TEMPLOG : Table    One | 092.300
2017-02-07 13:09:33 | TEMPLOG : WellhouseOne | 074.300
2017-02-07 13:09:33 | TEMPLOG : Bio   Filter | 093.200
2017-02-07 13:09:34 | TEMPLOG : Table    One | 090.500
2017-02-07 13:10:35 | TEMPLOG : WellhouseOne | 070.700
2017-02-07 13:10:35 | TEMPLOG : Bio   Filter | 094.100
2017-02-07 13:10:35 | TEMPLOG : Table    One | 092.300
2017-02-07 13:11:36 | TEMPLOG : WellhouseOne | 069.800
2017-02-07 13:11:36 | TEMPLOG : Bio   Filter | 095.900
2017-02-07 13:11:36 | TEMPLOG : Table    One | 094.100
2017-02-07 13:12:36 | TEMPLOG : WellhouseOne | 068.900
2017-02-07 13:13:38 | TEMPLOG : WellhouseOne | 068.000
2017-02-07 13:13:38 | TEMPLOG : To   GeoLoop | 067.100
2017-02-07 13:13:38 | TEMPLOG : Table    One | 095.000
2017-02-07 13:14:39 | TEMPLOG : Bio   Filter | 096.800
2017-02-07 13:15:40 | TEMPLOG : WellhouseOne | 067.100
2017-02-07 13:15:40 | TEMPLOG : Bio   Filter | 095.900
2017-02-07 13:15:40 | TEMPLOG : Table    One | 094.100
2017-02-07 13:16:42 | TEMPLOG : Table    One | 095.000
2017-02-07 13:17:42 | TEMPLOG : WellhouseOne | 066.200
2017-02-07 13:17:43 | TEMPLOG : Bio   Filter | 094.100
2017-02-07 13:17:44 | TEMPLOG : Table    One | 092.300
2017-02-07 13:18:45 | TEMPLOG : Bio   Filter | 093.200
2017-02-07 13:18:45 | TEMPLOG : To   GeoLoop | 066.200
2017-02-07 13:18:45 | TEMPLOG : Table    One | 091.400
2017-02-07 13:19:46 | TEMPLOG : WellhouseOne | 065.300
2017-02-07 13:19:46 | TEMPLOG : Bio   Filter | 092.300
2017-02-07 13:21:48 | TEMPLOG : WellhouseOne | 064.400
2017-02-07 13:21:48 | TEMPLOG : Bio   Filter | 090.500
2017-02-07 13:21:49 | TEMPLOG : Table    One | 089.600
2017-02-07 13:22:51 | TEMPLOG : Table    One | 088.700
2017-02-07 13:23:52 | TEMPLOG : Bio   Filter | 088.700
2017-02-07 13:23:52 | TEMPLOG : To   GeoLoop | 065.300
2017-02-07 13:23:52 | TEMPLOG : Table    One | 086.900
2017-02-07 13:24:53 | TEMPLOG : Table    One | 088.700
2017-02-07 13:25:54 | TEMPLOG : Bio   Filter | 089.600
2017-02-07 13:25:54 | TEMPLOG : To   GeoLoop | 066.200
2017-02-07 13:25:55 | TEMPLOG : Table    One | 090.500
2017-02-07 13:26:55 | TEMPLOG : WellhouseOne | 063.500
2017-02-07 13:26:55 | TEMPLOG : Bio   Filter | 090.500
2017-02-07 13:27:57 | TEMPLOG : Bio   Filter | 089.600
2017-02-07 13:27:57 | TEMPLOG : Table    One | 088.700
2017-02-07 13:28:58 | TEMPLOG : Bio   Filter | 087.800
2017-02-07 13:28:58 | TEMPLOG : To   GeoLoop | 065.300
2017-02-07 13:28:58 | TEMPLOG : Table    One | 086.900
2017-02-07 13:30:00 | TEMPLOG : Bio   Filter | 086.000
2017-02-07 13:30:01 | TEMPLOG : Table    One | 085.100
2017-02-07 13:32:02 | TEMPLOG : Table    One | 086.000
2017-02-07 13:33:02 | TEMPLOG : Bio   Filter | 085.100
2017-02-07 13:33:03 | TEMPLOG : Table    One | 084.200
2017-02-07 13:34:04 | TEMPLOG : Bio   Filter | 084.200
2017-02-07 13:34:04 | TEMPLOG : To   GeoLoop | 064.400
2017-02-07 13:35:05 | TEMPLOG : Table    One | 085.100
2017-02-07 13:36:06 | TEMPLOG : Bio   Filter | 085.100
2017-02-07 13:36:06 | TEMPLOG : To   GeoLoop | 065.300
2017-02-07 13:36:07 | TEMPLOG : Table    One | 086.000
2017-02-07 13:37:07 | TEMPLOG : Bio   Filter | 084.200
2017-02-07 13:37:08 | TEMPLOG : Table    One | 085.100
2017-02-07 13:38:08 | TEMPLOG : WellhouseOne | 062.600
2017-02-07 13:40:11 | TEMPLOG : Table    One | 086.000
2017-02-07 13:42:13 | TEMPLOG : Bio   Filter | 083.300
2017-02-07 13:42:13 | TEMPLOG : Table    One | 084.200
2017-02-07 13:43:14 | TEMPLOG : Bio   Filter | 082.400
2017-02-07 13:43:14 | TEMPLOG : To   GeoLoop | 064.400
2017-02-07 13:43:14 | TEMPLOG : Table    One | 081.500
2017-02-07 13:44:15 | TEMPLOG : Table    One | 083.300
2017-02-07 13:45:16 | TEMPLOG : Bio   Filter | 084.200
2017-02-07 13:45:16 | TEMPLOG : To   GeoLoop | 065.300
2017-02-07 13:45:16 | TEMPLOG : Table    One | 086.900
2017-02-07 13:46:17 | TEMPLOG : Bio   Filter | 086.900
2017-02-07 13:46:17 | TEMPLOG : To   GeoLoop | 066.200
2017-02-07 13:46:17 | TEMPLOG : Table    One | 090.500
2017-02-07 13:47:18 | TEMPLOG : Bio   Filter | 088.700
2017-02-07 13:47:18 | TEMPLOG : To   GeoLoop | 067.100
2017-02-07 13:47:18 | TEMPLOG : Table    One | 093.200
2017-02-07 13:48:19 | TEMPLOG : Bio   Filter | 089.600
2017-02-07 13:48:19 | TEMPLOG : To   GeoLoop | 068.000
2017-02-07 13:48:19 | TEMPLOG : Table    One | 094.100
2017-02-07 13:49:19 | TEMPLOG : Bio   Filter | 090.500
2017-02-07 13:49:20 | TEMPLOG : To   GeoLoop | 068.900
2017-02-07 13:49:20 | TEMPLOG : Table    One | 095.000
2017-02-07 13:50:20 | TEMPLOG : Bio   Filter | 091.400
2017-02-07 13:50:22 | TEMPLOG : Table    One | 094.100
2017-02-07 13:51:22 | TEMPLOG : Bio   Filter | 090.500
2017-02-07 13:51:23 | TEMPLOG : Table    One | 092.300
2017-02-07 13:52:23 | TEMPLOG : WellhouseOne | 063.500
2017-02-07 13:52:24 | TEMPLOG : Bio   Filter | 088.700
2017-02-07 13:52:24 | TEMPLOG : To   GeoLoop | 068.000
2017-02-07 13:52:24 | TEMPLOG : Table    One | 089.600
2017-02-07 13:53:24 | TEMPLOG : WellhouseOne | 062.600
2017-02-07 13:53:24 | TEMPLOG : Bio   Filter | 086.900
2017-02-07 13:53:25 | TEMPLOG : To   GeoLoop | 067.100
2017-02-07 13:53:25 | TEMPLOG : Table    One | 086.900
2017-02-07 13:54:26 | TEMPLOG : Bio   Filter | 085.100
2017-02-07 13:54:26 | TEMPLOG : To   GeoLoop | 066.200
2017-02-07 13:54:26 | TEMPLOG : Table    One | 086.000
2017-02-07 13:55:27 | TEMPLOG : Bio   Filter | 084.200
2017-02-07 13:55:28 | TEMPLOG : Table    One | 084.200
2017-02-07 13:56:29 | TEMPLOG : Bio   Filter | 082.400
2017-02-07 13:56:29 | TEMPLOG : To   GeoLoop | 065.300
2017-02-07 13:56:29 | TEMPLOG : Table    One | 081.500
2017-02-07 13:57:30 | TEMPLOG : Bio   Filter | 081.500
2017-02-07 13:57:30 | TEMPLOG : To   GeoLoop | 064.400
2017-02-07 13:57:31 | TEMPLOG : Table    One | 079.700
2017-02-07 13:58:31 | TEMPLOG : WellhouseOne | 061.700
2017-02-07 13:58:32 | TEMPLOG : Bio   Filter | 079.700
2017-02-07 13:58:32 | TEMPLOG : Table    One | 077.900
2017-02-07 13:59:33 | TEMPLOG : WellhouseOne | 094.100
2017-02-07 13:59:33 | TEMPLOG : Bio   Filter | 077.900
2017-02-07 13:59:33 | TEMPLOG : To   GeoLoop | 063.500
2017-02-07 13:59:34 | TEMPLOG : Table    One | 076.100
2017-02-07 14:00:34 | TEMPLOG : WellhouseOne | 112.100
2017-02-07 14:00:35 | TEMPLOG : Bio   Filter | 076.100
2017-02-07 14:00:35 | TEMPLOG : To   GeoLoop | 062.600
2017-02-07 14:00:35 | TEMPLOG : Table    One | 073.400
2017-02-07 14:01:35 | TEMPLOG : WellhouseOne | 086.000
2017-02-07 14:01:36 | TEMPLOG : Bio   Filter | 075.200
2017-02-07 14:01:36 | TEMPLOG : Table    One | 072.500
2017-02-07 14:02:37 | TEMPLOG : WellhouseOne | 078.800
2017-02-07 14:02:37 | TEMPLOG : Bio   Filter | 073.400
2017-02-07 14:02:37 | TEMPLOG : To   GeoLoop | 061.700
2017-02-07 14:02:37 | TEMPLOG : Table    One | 071.600
2017-02-07 14:03:37 | TEMPLOG : WellhouseOne | 072.500
2017-02-07 14:04:38 | TEMPLOG : WellhouseOne | 070.700
2017-02-07 14:04:39 | TEMPLOG : Bio   Filter | 072.500
2017-02-07 14:04:39 | TEMPLOG : Table    One | 070.700
2017-02-07 14:05:40 | TEMPLOG : WellhouseOne | 068.900
2017-02-07 14:05:40 | TEMPLOG : Bio   Filter | 071.600
2017-02-07 14:05:41 | TEMPLOG : Table    One | 069.800
2017-02-07 14:06:41 | TEMPLOG : WellhouseOne | 068.000
2017-02-07 14:06:41 | TEMPLOG : Bio   Filter | 070.700
2017-02-07 14:07:43 | TEMPLOG : WellhouseOne | 067.100
2017-02-07 14:07:43 | TEMPLOG : Table    One | 068.900
2017-02-07 14:08:44 | TEMPLOG : WellhouseOne | 066.200
2017-02-07 14:08:45 | TEMPLOG : Bio   Filter | 069.800
2017-02-07 14:08:45 | TEMPLOG : To   GeoLoop | 060.800
2017-02-07 14:09:47 | TEMPLOG : WellhouseOne | 065.300
2017-02-07 14:09:47 | TEMPLOG : Bio   Filter | 068.900
2017-02-07 14:09:48 | TEMPLOG : Table    One | 068.000
2017-02-07 14:10:49 | TEMPLOG : WellhouseOne | 064.400
2017-02-07 14:10:49 | TEMPLOG : Table    One | 067.100
2017-02-07 14:11:50 | TEMPLOG : WellhouseOne | 063.500
2017-02-07 14:11:50 | TEMPLOG : Bio   Filter | 068.000
2017-02-07 14:14:54 | TEMPLOG : Bio   Filter | 067.100
2017-02-07 14:14:55 | TEMPLOG : Table    One | 066.200
2017-02-07 14:15:55 | TEMPLOG : WellhouseOne | 062.600
2017-02-07 14:17:57 | TEMPLOG : Bio   Filter | 066.200
2017-02-07 14:17:58 | TEMPLOG : To   GeoLoop | 059.900
2017-02-07 14:17:58 | TEMPLOG : Table    One | 065.300
2017-02-07 14:18:58 | TEMPLOG : WellhouseOne | 061.700
2017-02-07 14:21:02 | TEMPLOG : To   GeoLoop | 060.800
2017-02-07 14:22:04 | TEMPLOG : WellhouseOne | 060.800
2017-02-07 14:22:04 | TEMPLOG : Bio   Filter | 065.300
2017-02-07 14:22:04 | TEMPLOG : To   GeoLoop | 059.900
2017-02-07 14:22:05 | TEMPLOG : Table    One | 064.400
2017-02-07 14:25:08 | TEMPLOG : Bio   Filter | 064.400
2017-02-07 14:26:10 | TEMPLOG : WellhouseOne | 059.900
2017-02-07 14:27:11 | TEMPLOG : WellhouseOne | 060.800
2017-02-07 14:29:13 | TEMPLOG : Bio   Filter | 065.300
2017-02-07 14:30:15 | TEMPLOG : To   GeoLoop | 060.800
2017-02-07 14:30:15 | TEMPLOG : Table    One | 065.300
2017-02-07 14:31:16 | TEMPLOG : Table    One | 066.200
2017-02-07 14:32:16 | TEMPLOG : Bio   Filter | 066.200
2017-02-07 14:34:20 | TEMPLOG : Table    One | 067.100
2017-02-07 14:35:21 | TEMPLOG : Bio   Filter | 067.100
2017-02-07 14:36:21 | TEMPLOG : Bio   Filter | 068.000
2017-02-07 14:36:21 | TEMPLOG : To   GeoLoop | 061.700
2017-02-07 14:36:22 | TEMPLOG : Table    One | 068.900
2017-02-07 14:37:22 | TEMPLOG : Bio   Filter | 068.900
2017-02-07 14:37:23 | TEMPLOG : Table    One | 069.800
2017-02-07 14:40:26 | TEMPLOG : Bio   Filter | 070.700
2017-02-07 14:40:26 | TEMPLOG : To   GeoLoop | 062.600
2017-02-07 14:40:26 | TEMPLOG : Table    One | 073.400
2017-02-07 14:41:26 | TEMPLOG : Bio   Filter | 073.400
2017-02-07 14:41:27 | TEMPLOG : To   GeoLoop | 063.500
2017-02-07 14:41:27 | TEMPLOG : Table    One | 076.100
2017-02-07 14:42:28 | TEMPLOG : WellhouseOne | 061.700
2017-02-07 14:42:28 | TEMPLOG : To   GeoLoop | 064.400
2017-02-07 14:42:29 | TEMPLOG : Table    One | 077.000
2017-02-07 14:43:29 | TEMPLOG : WellhouseOne | 060.800
2017-02-07 14:43:29 | TEMPLOG : To   GeoLoop | 063.500
2017-02-07 14:43:29 | TEMPLOG : Table    One | 075.200
2017-02-07 14:44:30 | TEMPLOG : WellhouseOne | 061.700
2017-02-07 14:44:30 | TEMPLOG : Bio   Filter | 071.600
2017-02-07 14:44:30 | TEMPLOG : Table    One | 072.500
2017-02-07 14:45:31 | TEMPLOG : WellhouseOne | 086.000
2017-02-07 14:45:31 | TEMPLOG : Bio   Filter | 070.700
2017-02-07 14:45:31 | TEMPLOG : To   GeoLoop | 062.600
2017-02-07 14:45:32 | TEMPLOG : Table    One | 070.700
2017-02-07 14:46:32 | TEMPLOG : WellhouseOne | 118.400
2017-02-07 14:46:32 | TEMPLOG : Bio   Filter | 069.800
2017-02-07 14:46:33 | TEMPLOG : To   GeoLoop | 061.700
2017-02-07 14:46:33 | TEMPLOG : Table    One | 069.800
2017-02-07 14:47:34 | TEMPLOG : WellhouseOne | 089.600
2017-02-07 14:48:34 | TEMPLOG : WellhouseOne | 081.500
2017-02-07 14:48:35 | TEMPLOG : Bio   Filter | 068.900
2017-02-07 14:48:35 | TEMPLOG : Table    One | 068.900
2017-02-07 14:49:36 | TEMPLOG : WellhouseOne | 077.000
2017-02-07 14:49:37 | TEMPLOG : Bio   Filter | 068.000
2017-02-07 14:49:37 | TEMPLOG : Table    One | 068.000
2017-02-07 14:50:37 | TEMPLOG : WellhouseOne | 073.400
2017-02-07 14:50:38 | TEMPLOG : Bio   Filter | 067.100
2017-02-07 14:50:38 | TEMPLOG : To   GeoLoop | 060.800
2017-02-07 14:51:39 | TEMPLOG : WellhouseOne | 071.600
2017-02-07 14:51:39 | TEMPLOG : Table    One | 067.100
2017-02-07 14:52:40 | TEMPLOG : WellhouseOne | 070.700
2017-02-07 14:52:40 | TEMPLOG : Bio   Filter | 066.200
2017-02-07 14:52:40 | TEMPLOG : Table    One | 066.200
2017-02-07 14:53:40 | TEMPLOG : WellhouseOne | 068.900
2017-02-07 14:54:41 | TEMPLOG : WellhouseOne | 068.000
2017-02-07 14:54:42 | TEMPLOG : Bio   Filter | 065.300
2017-02-07 14:54:45 | TEMPLOG : Table    One | 065.300
2017-02-07 14:55:46 | TEMPLOG : To   GeoLoop | 059.900
2017-02-07 14:56:46 | TEMPLOG : WellhouseOne | 067.100
2017-02-07 14:58:49 | TEMPLOG : WellhouseOne | 066.200
2017-02-07 14:58:49 | TEMPLOG : To   GeoLoop | 060.800
2017-02-07 14:59:50 | TEMPLOG : WellhouseOne | 065.300
2017-02-07 14:59:51 | TEMPLOG : Table    One | 066.200
2017-02-07 15:00:52 | TEMPLOG : WellhouseOne | 065.300
2017-02-07 15:00:52 | TEMPLOG : Bio   Filter | 065.300
2017-02-07 15:00:52 | TEMPLOG : To   GeoLoop | 060.800
2017-02-07 15:00:52 | TEMPLOG : Table    One | 066.200
2017-02-07 15:01:53 | TEMPLOG : WellhouseOne | 064.400
2017-02-07 15:02:54 | TEMPLOG : Table    One | 065.300
2017-02-07 15:04:56 | TEMPLOG : Bio   Filter | 064.400
2017-02-07 15:04:56 | TEMPLOG : Table    One | 064.400
2017-02-07 15:05:57 | TEMPLOG : To   GeoLoop | 059.900
2017-02-07 15:06:58 | TEMPLOG : Bio   Filter | 063.500
2017-02-07 15:06:59 | TEMPLOG : Table    One | 063.500
2017-02-07 15:07:59 | TEMPLOG : WellhouseOne | 063.500
2017-02-07 15:09:02 | TEMPLOG : Table    One | 062.600
2017-02-07 15:10:02 | TEMPLOG : Bio   Filter | 062.600
2017-02-07 15:11:04 | TEMPLOG : Table    One | 061.700
2017-02-07 15:13:06 | TEMPLOG : WellhouseOne | 062.600
2017-02-07 15:14:07 | TEMPLOG : Bio   Filter | 061.700
2017-02-07 15:14:07 | TEMPLOG : To   GeoLoop | 059.000
2017-02-07 15:16:10 | TEMPLOG : To   GeoLoop | 059.900
2017-02-07 15:17:11 | TEMPLOG : Bio   Filter | 062.600
2017-02-07 15:17:11 | TEMPLOG : Table    One | 062.600
2017-02-07 15:21:16 | TEMPLOG : To   GeoLoop | 060.800
2017-02-07 15:22:17 | TEMPLOG : To   GeoLoop | 059.900
2017-02-07 15:23:18 | TEMPLOG : WellhouseOne | 061.700
2017-02-07 15:23:19 | TEMPLOG : Table    One | 061.700
2017-02-07 15:25:20 | TEMPLOG : Bio   Filter | 061.700
2017-02-07 15:26:21 | TEMPLOG : To   GeoLoop | 059.000
2017-02-07 15:27:23 | TEMPLOG : Table    One | 060.800
2017-02-07 15:29:25 | TEMPLOG : Bio   Filter | 060.800
2017-02-07 15:30:26 | TEMPLOG : WellhouseOne | 060.800
2017-02-07 15:31:30 | TEMPLOG : Table    One | 059.900
2017-02-07 15:33:32 | TEMPLOG : Bio   Filter | 059.900
2017-02-07 15:36:37 | TEMPLOG : WellhouseOne | 059.900
2017-02-07 15:37:38 | TEMPLOG : To   GeoLoop | 059.900
2017-02-07 15:38:39 | TEMPLOG : To   GeoLoop | 059.000
2017-02-07 15:39:40 | TEMPLOG : WellhouseOne | 100.400
2017-02-07 15:40:41 | TEMPLOG : WellhouseOne | 105.800
2017-02-07 15:41:41 | TEMPLOG : WellhouseOne | 086.000
2017-02-07 15:42:43 | TEMPLOG : WellhouseOne | 078.800
2017-02-07 15:43:44 | TEMPLOG : WellhouseOne | 074.300
2017-02-07 15:43:44 | TEMPLOG : Table    One | 059.000
2017-02-07 15:44:44 | TEMPLOG : WellhouseOne | 071.600
2017-02-07 15:45:46 | TEMPLOG : WellhouseOne | 069.800
2017-02-07 15:45:46 | TEMPLOG : Bio   Filter | 059.000
2017-02-07 15:46:46 | TEMPLOG : WellhouseOne | 068.000
2017-02-07 15:47:47 | TEMPLOG : WellhouseOne | 067.100
2017-02-07 15:47:49 | TEMPLOG : Table    One | 058.100
2017-02-07 15:48:49 | TEMPLOG : WellhouseOne | 066.200
2017-02-07 15:49:52 | TEMPLOG : WellhouseOne | 065.300
2017-02-07 15:50:53 | TEMPLOG : WellhouseOne | 064.400
2017-02-07 15:50:55 | TEMPLOG : Table    One | 059.000
2017-02-07 15:52:57 | TEMPLOG : Table    One | 060.800
2017-02-07 15:53:58 | TEMPLOG : WellhouseOne | 063.500
2017-02-07 15:53:58 | TEMPLOG : Bio   Filter | 059.900
2017-02-07 15:53:59 | TEMPLOG : Table    One | 061.700
2017-02-07 15:55:00 | TEMPLOG : Table    One | 060.800
2017-02-07 15:56:01 | TEMPLOG : Table    One | 059.900
2017-02-07 15:57:03 | TEMPLOG : WellhouseOne | 062.600
2017-02-07 15:57:03 | TEMPLOG : Bio   Filter | 059.000
2017-02-07 15:59:07 | TEMPLOG : Table    One | 059.000
2017-02-07 16:00:07 | TEMPLOG : WellhouseOne | 062.600
2017-02-07 16:00:08 | TEMPLOG : Bio   Filter | 059.000
2017-02-07 16:00:08 | TEMPLOG : To   GeoLoop | 059.000
2017-02-07 16:00:08 | TEMPLOG : Table    One | 059.000
2017-02-07 16:06:15 | TEMPLOG : WellhouseOne | 061.700
2017-02-07 16:06:15 | TEMPLOG : Bio   Filter | 058.100
2017-02-07 16:06:16 | TEMPLOG : Table    One | 058.100
2017-02-07 16:09:18 | TEMPLOG : Table    One | 059.000
2017-02-07 16:10:19 | TEMPLOG : Bio   Filter | 059.000
2017-02-07 16:10:20 | TEMPLOG : Table    One | 060.800
2017-02-07 16:11:21 | TEMPLOG : Table    One | 061.700
2017-02-07 16:13:23 | TEMPLOG : Table    One | 060.800
2017-02-07 16:15:25 | TEMPLOG : WellhouseOne | 060.800
2017-02-07 16:16:26 | TEMPLOG : WellhouseOne | 061.700
2017-02-07 16:16:27 | TEMPLOG : Table    One | 059.900
2017-02-07 16:17:27 | TEMPLOG : WellhouseOne | 060.800
2017-02-07 16:17:28 | TEMPLOG : Table    One | 060.800
2017-02-07 16:18:29 | TEMPLOG : Bio   Filter | 059.900
2017-02-07 16:18:29 | TEMPLOG : To   GeoLoop | 059.900
2017-02-07 16:18:29 | TEMPLOG : Table    One | 061.700
2017-02-07 16:19:30 | TEMPLOG : Table    One | 060.800
2017-02-07 16:20:30 | TEMPLOG : Bio   Filter | 059.000
2017-02-07 16:20:30 | TEMPLOG : To   GeoLoop | 059.000
2017-02-07 16:21:31 | TEMPLOG : WellhouseOne | 059.900
2017-02-07 16:21:32 | TEMPLOG : Table    One | 059.900
2017-02-07 16:24:37 | TEMPLOG : Table    One | 059.000
2017-02-07 16:26:41 | TEMPLOG : Table    One | 059.900
2017-02-07 16:27:41 | TEMPLOG : WellhouseOne | 059.000
2017-02-07 16:30:45 | TEMPLOG : WellhouseOne | 108.500
2017-02-07 16:31:47 | TEMPLOG : WellhouseOne | 101.300
2017-02-07 16:31:47 | TEMPLOG : Table    One | 060.800
2017-02-07 16:32:48 | TEMPLOG : WellhouseOne | 085.100
2017-02-07 16:33:49 | TEMPLOG : WellhouseOne | 078.800
2017-02-07 16:34:51 | TEMPLOG : WellhouseOne | 075.200
2017-02-07 16:34:51 | TEMPLOG : To   GeoLoop | 059.900
2017-02-07 16:35:52 | TEMPLOG : WellhouseOne | 071.600
2017-02-07 16:35:52 | TEMPLOG : Bio   Filter | 059.900
2017-02-07 16:35:52 | TEMPLOG : Table    One | 061.700
2017-02-07 16:36:53 | TEMPLOG : WellhouseOne | 068.900
2017-02-07 16:36:53 | TEMPLOG : Bio   Filter | 060.800
2017-02-07 16:36:54 | TEMPLOG : Table    One | 063.500
2017-02-07 16:37:54 | TEMPLOG : WellhouseOne | 068.000
2017-02-07 16:37:54 | TEMPLOG : Table    One | 062.600
2017-02-07 16:38:55 | TEMPLOG : WellhouseOne | 067.100
2017-02-07 16:38:55 | TEMPLOG : Bio   Filter | 059.900
2017-02-07 16:38:55 | TEMPLOG : Table    One | 061.700
2017-02-07 16:39:56 | TEMPLOG : WellhouseOne | 065.300
2017-02-07 16:39:56 | TEMPLOG : To   GeoLoop | 059.000
2017-02-07 16:39:56 | TEMPLOG : Table    One | 060.800
2017-02-07 16:40:56 | TEMPLOG : WellhouseOne | 064.400
2017-02-07 16:40:57 | TEMPLOG : Bio   Filter | 059.000
2017-02-07 16:40:59 | TEMPLOG : Table    One | 059.900
2017-02-07 16:42:00 | TEMPLOG : Table    One | 059.000
2017-02-07 16:43:00 | TEMPLOG : WellhouseOne | 063.500
2017-02-07 16:44:02 | TEMPLOG : Bio   Filter | 058.100
2017-02-07 16:45:03 | TEMPLOG : WellhouseOne | 062.600
2017-02-07 16:45:03 | TEMPLOG : Table    One | 058.100
2017-02-07 16:47:04 | TEMPLOG : WellhouseOne | 061.700
2017-02-07 16:47:05 | TEMPLOG : Table    One | 057.200
2017-02-07 16:48:05 | TEMPLOG : Bio   Filter | 057.200
2017-02-07 16:48:05 | TEMPLOG : To   GeoLoop | 058.100
2017-02-07 16:49:07 | TEMPLOG : Table    One | 056.300
2017-02-07 16:51:10 | TEMPLOG : Bio   Filter | 056.300
2017-02-07 16:52:11 | TEMPLOG : WellhouseOne | 060.800
2017-02-07 16:53:13 | TEMPLOG : Table    One | 055.400
2017-02-07 16:54:14 | TEMPLOG : WellhouseOne | 059.900
2017-02-07 16:55:16 | TEMPLOG : Table    One | 056.300
2017-02-07 16:56:16 | TEMPLOG : Bio   Filter | 055.400
2017-02-07 16:56:17 | TEMPLOG : Table    One | 055.400
2017-02-07 16:57:17 | TEMPLOG : Bio   Filter | 056.300
2017-02-07 17:00:21 | TEMPLOG : WellhouseOne | 059.900
2017-02-07 17:00:21 | TEMPLOG : Bio   Filter | 055.400
2017-02-07 17:00:22 | TEMPLOG : To   GeoLoop | 058.100
2017-02-07 17:00:22 | TEMPLOG : Table    One | 055.400
2017-02-07 17:01:22 | TEMPLOG : WellhouseOne | 059.000
2017-02-07 17:03:25 | TEMPLOG : Table    One | 054.500
2017-02-07 17:06:27 | TEMPLOG : Bio   Filter | 054.500
2017-02-07 17:10:33 | TEMPLOG : To   GeoLoop | 057.200
2017-02-07 17:10:34 | TEMPLOG : Table    One | 053.600
2017-02-07 17:11:34 | TEMPLOG : Bio   Filter | 053.600
2017-02-07 17:11:35 | TEMPLOG : To   GeoLoop | 058.100
2017-02-07 17:12:36 | TEMPLOG : To   GeoLoop | 057.200
2017-02-07 17:12:36 | TEMPLOG : Table    One | 052.700
2017-02-07 17:14:38 | TEMPLOG : Bio   Filter | 052.700
2017-02-07 17:16:40 | TEMPLOG : WellhouseOne | 058.100
2017-02-07 17:16:40 | TEMPLOG : Table    One | 051.800
2017-02-07 17:17:41 | TEMPLOG : WellhouseOne | 107.600
2017-02-07 17:18:41 | TEMPLOG : WellhouseOne | 109.400
2017-02-07 17:18:42 | TEMPLOG : Bio   Filter | 051.800
2017-02-07 17:18:42 | TEMPLOG : To   GeoLoop | 056.300
2017-02-07 17:19:43 | TEMPLOG : WellhouseOne | 086.900
2017-02-07 17:19:45 | TEMPLOG : Table    One | 050.900
2017-02-07 17:20:45 | TEMPLOG : WellhouseOne | 078.800
2017-02-07 17:21:46 | TEMPLOG : WellhouseOne | 074.300
2017-02-07 17:21:46 | TEMPLOG : Bio   Filter | 050.900
2017-02-07 17:22:47 | TEMPLOG : WellhouseOne | 071.600
2017-02-07 17:22:47 | TEMPLOG : Bio   Filter | 051.800
2017-02-07 17:23:48 | TEMPLOG : WellhouseOne | 068.900
2017-02-07 17:23:48 | TEMPLOG : Bio   Filter | 050.900
2017-02-07 17:23:49 | TEMPLOG : Table    One | 050.000
2017-02-07 17:24:50 | TEMPLOG : WellhouseOne | 067.100
2017-02-07 17:25:52 | TEMPLOG : WellhouseOne | 066.200
2017-02-07 17:26:53 | TEMPLOG : WellhouseOne | 065.300
2017-02-07 17:27:53 | TEMPLOG : WellhouseOne | 064.400
2017-02-07 17:27:54 | TEMPLOG : Bio   Filter | 050.000
2017-02-07 17:28:54 | TEMPLOG : WellhouseOne | 063.500
2017-02-07 17:28:55 | TEMPLOG : Bio   Filter | 050.900
2017-02-07 17:29:57 | TEMPLOG : Bio   Filter | 050.000
2017-02-07 17:30:58 | TEMPLOG : WellhouseOne | 062.600
2017-02-07 17:32:00 | TEMPLOG : Table    One | 049.100
2017-02-07 17:34:02 | TEMPLOG : WellhouseOne | 061.700
2017-02-07 17:35:03 | TEMPLOG : WellhouseOne | 060.800
2017-02-07 17:37:07 | TEMPLOG : WellhouseOne | 059.900
2017-02-07 17:37:07 | TEMPLOG : Bio   Filter | 049.100
2017-02-07 17:38:09 | TEMPLOG : To   GeoLoop | 055.400
2017-02-07 17:39:10 | TEMPLOG : WellhouseOne | 059.000
2017-02-07 17:39:10 | TEMPLOG : To   GeoLoop | 056.300
2017-02-07 17:39:10 | TEMPLOG : Table    One | 048.200
2017-02-07 17:40:11 | TEMPLOG : WellhouseOne | 058.100
2017-02-07 17:40:11 | TEMPLOG : To   GeoLoop | 055.400
2017-02-07 17:43:14 | TEMPLOG : WellhouseOne | 057.200
2017-02-07 17:43:14 | TEMPLOG : Bio   Filter | 048.200
2017-02-07 17:45:18 | TEMPLOG : Table    One | 047.300
2017-02-07 17:49:21 | TEMPLOG : WellhouseOne | 056.300
2017-02-07 17:49:22 | TEMPLOG : Bio   Filter | 047.300
2017-02-07 17:52:26 | TEMPLOG : WellhouseOne | 055.400
2017-02-07 17:53:28 | TEMPLOG : WellhouseOne | 056.300
2017-02-07 17:55:30 | TEMPLOG : WellhouseOne | 055.400
2017-02-07 17:55:31 | TEMPLOG : Table    One | 046.400
2017-02-07 17:59:34 | TEMPLOG : WellhouseOne | 079.700
2017-02-07 17:59:35 | TEMPLOG : Bio   Filter | 046.400
2017-02-07 18:00:35 | TEMPLOG : WellhouseOne | 120.200
2017-02-07 18:00:36 | TEMPLOG : Bio   Filter | 046.400
2017-02-07 18:00:36 | TEMPLOG : To   GeoLoop | 055.400
2017-02-07 18:00:37 | TEMPLOG : Table    One | 046.400
2017-02-07 18:01:37 | TEMPLOG : WellhouseOne | 097.700
2017-02-07 18:01:37 | TEMPLOG : Bio   Filter | 047.300
2017-02-07 18:02:38 | TEMPLOG : WellhouseOne | 083.300
2017-02-07 18:02:38 | TEMPLOG : Bio   Filter | 046.400
2017-02-07 18:02:39 | TEMPLOG : To   GeoLoop | 054.500
2017-02-07 18:03:39 | TEMPLOG : WellhouseOne | 076.100
2017-02-07 18:03:40 | TEMPLOG : To   GeoLoop | 055.400
2017-02-07 18:04:40 | TEMPLOG : WellhouseOne | 071.600
2017-02-07 18:05:41 | TEMPLOG : WellhouseOne | 068.000
2017-02-07 18:06:42 | TEMPLOG : WellhouseOne | 066.200
2017-02-07 18:06:42 | TEMPLOG : To   GeoLoop | 054.500
2017-02-07 18:07:43 | TEMPLOG : WellhouseOne | 064.400
2017-02-07 18:07:44 | TEMPLOG : Table    One | 045.500
2017-02-07 18:08:44 | TEMPLOG : WellhouseOne | 063.500
2017-02-07 18:09:45 | TEMPLOG : WellhouseOne | 061.700
2017-02-07 18:10:46 | TEMPLOG : WellhouseOne | 060.800
2017-02-07 18:12:48 | TEMPLOG : WellhouseOne | 059.900
2017-02-07 18:13:49 | TEMPLOG : WellhouseOne | 059.000
2017-02-07 18:13:49 | TEMPLOG : Bio   Filter | 045.500
2017-02-07 18:15:52 | TEMPLOG : WellhouseOne | 058.100
2017-02-07 18:18:57 | TEMPLOG : WellhouseOne | 057.200
2017-02-07 18:21:01 | TEMPLOG : Table    One | 044.600
2017-02-07 18:22:01 | TEMPLOG : WellhouseOne | 056.300
2017-02-07 18:22:02 | TEMPLOG : Table    One | 045.500
2017-02-07 18:23:03 | TEMPLOG : Table    One | 044.600
2017-02-07 18:24:03 | TEMPLOG : WellhouseOne | 055.400
2017-02-07 18:28:09 | TEMPLOG : WellhouseOne | 054.500
2017-02-07 18:31:13 | TEMPLOG : Bio   Filter | 044.600
2017-02-07 18:34:17 | TEMPLOG : WellhouseOne | 053.600
2017-02-07 18:36:18 | TEMPLOG : WellhouseOne | 079.700
2017-02-07 18:37:19 | TEMPLOG : WellhouseOne | 118.400
2017-02-07 18:38:21 | TEMPLOG : WellhouseOne | 102.200
2017-02-07 18:38:22 | TEMPLOG : Table    One | 043.700
2017-02-07 18:39:22 | TEMPLOG : WellhouseOne | 084.200
2017-02-07 18:40:24 | TEMPLOG : WellhouseOne | 077.000
2017-02-07 18:41:26 | TEMPLOG : WellhouseOne | 071.600
2017-02-07 18:42:27 | TEMPLOG : WellhouseOne | 067.100
2017-02-07 18:43:28 | TEMPLOG : WellhouseOne | 065.300
2017-02-07 18:43:30 | TEMPLOG : To   GeoLoop | 053.600
2017-02-07 18:44:30 | TEMPLOG : WellhouseOne | 063.500
2017-02-07 18:45:31 | TEMPLOG : WellhouseOne | 061.700
2017-02-07 18:45:32 | TEMPLOG : To   GeoLoop | 054.500
2017-02-07 18:46:33 | TEMPLOG : WellhouseOne | 060.800
2017-02-07 18:46:35 | TEMPLOG : To   GeoLoop | 053.600
2017-02-07 18:47:36 | TEMPLOG : WellhouseOne | 059.900
2017-02-07 18:48:37 | TEMPLOG : WellhouseOne | 059.000
2017-02-07 18:49:39 | TEMPLOG : WellhouseOne | 058.100
2017-02-07 18:51:43 | TEMPLOG : WellhouseOne | 057.200
2017-02-07 18:51:44 | TEMPLOG : Bio   Filter | 043.700
2017-02-07 18:52:45 | TEMPLOG : WellhouseOne | 056.300
2017-02-07 18:52:46 | TEMPLOG : Bio   Filter | 044.600
2017-02-07 18:53:47 | TEMPLOG : Bio   Filter | 043.700
2017-02-07 18:55:48 | TEMPLOG : WellhouseOne | 055.400
2017-02-07 18:58:51 | TEMPLOG : WellhouseOne | 054.500
2017-02-07 19:00:54 | TEMPLOG : WellhouseOne | 053.600
2017-02-07 19:00:54 | TEMPLOG : Bio   Filter | 043.700
2017-02-07 19:00:54 | TEMPLOG : To   GeoLoop | 053.600
2017-02-07 19:00:54 | TEMPLOG : Table    One | 043.700
2017-02-07 19:02:58 | TEMPLOG : Table    One | 042.800
2017-02-07 19:05:00 | TEMPLOG : WellhouseOne | 052.700
2017-02-07 19:09:04 | TEMPLOG : WellhouseOne | 051.800
2017-02-07 19:10:05 | TEMPLOG : WellhouseOne | 057.200
2017-02-07 19:11:07 | TEMPLOG : WellhouseOne | 112.100
2017-02-07 19:13:11 | TEMPLOG : WellhouseOne | 086.000
2017-02-07 19:14:12 | TEMPLOG : WellhouseOne | 076.100
2017-02-07 19:15:13 | TEMPLOG : WellhouseOne | 070.700
2017-02-07 19:15:14 | TEMPLOG : Bio   Filter | 042.800
2017-02-07 19:16:14 | TEMPLOG : WellhouseOne | 067.100
2017-02-07 19:17:15 | TEMPLOG : WellhouseOne | 064.400
2017-02-07 19:18:16 | TEMPLOG : WellhouseOne | 061.700
2017-02-07 19:19:18 | TEMPLOG : WellhouseOne | 060.800
2017-02-07 19:20:20 | TEMPLOG : WellhouseOne | 059.000
2017-02-07 19:21:21 | TEMPLOG : WellhouseOne | 058.100
2017-02-07 19:22:22 | TEMPLOG : WellhouseOne | 057.200
2017-02-07 19:23:23 | TEMPLOG : WellhouseOne | 056.300
2017-02-07 19:25:25 | TEMPLOG : WellhouseOne | 055.400
2017-02-07 19:26:26 | TEMPLOG : WellhouseOne | 054.500
2017-02-07 19:27:28 | TEMPLOG : To   GeoLoop | 052.700
2017-02-07 19:28:29 | TEMPLOG : WellhouseOne | 053.600
2017-02-07 19:29:30 | TEMPLOG : To   GeoLoop | 053.600
2017-02-07 19:30:32 | TEMPLOG : To   GeoLoop | 052.700
2017-02-07 19:31:33 | TEMPLOG : WellhouseOne | 052.700
2017-02-07 19:33:36 | TEMPLOG : Table    One | 041.900
2017-02-07 19:34:37 | TEMPLOG : WellhouseOne | 051.800
2017-02-07 19:40:45 | TEMPLOG : WellhouseOne | 050.900
2017-02-07 19:41:48 | TEMPLOG : WellhouseOne | 056.300
2017-02-07 19:42:49 | TEMPLOG : WellhouseOne | 107.600
2017-02-07 19:43:50 | TEMPLOG : WellhouseOne | 122.900
2017-02-07 19:44:52 | TEMPLOG : WellhouseOne | 099.500
2017-02-07 19:44:52 | TEMPLOG : Bio   Filter | 041.900
2017-02-07 19:45:53 | TEMPLOG : WellhouseOne | 084.200
2017-02-07 19:46:54 | TEMPLOG : WellhouseOne | 076.100
2017-02-07 19:47:56 | TEMPLOG : WellhouseOne | 070.700
2017-02-07 19:48:57 | TEMPLOG : WellhouseOne | 066.200
2017-02-07 19:49:58 | TEMPLOG : WellhouseOne | 064.400
2017-02-07 19:50:59 | TEMPLOG : WellhouseOne | 061.700
2017-02-07 19:52:00 | TEMPLOG : WellhouseOne | 059.900
2017-02-07 19:53:01 | TEMPLOG : WellhouseOne | 059.000
2017-02-07 19:54:02 | TEMPLOG : WellhouseOne | 058.100
2017-02-07 19:55:03 | TEMPLOG : WellhouseOne | 057.200
2017-02-07 19:56:04 | TEMPLOG : WellhouseOne | 056.300
2017-02-07 19:57:05 | TEMPLOG : WellhouseOne | 055.400
2017-02-07 19:58:06 | TEMPLOG : WellhouseOne | 054.500
2017-02-07 20:00:09 | TEMPLOG : WellhouseOne | 053.600
2017-02-07 20:00:09 | TEMPLOG : Bio   Filter | 041.900
2017-02-07 20:00:09 | TEMPLOG : To   GeoLoop | 052.700
2017-02-07 20:00:10 | TEMPLOG : Table    One | 041.900
2017-02-07 20:02:12 | TEMPLOG : WellhouseOne | 052.700
2017-02-07 20:03:14 | TEMPLOG : Table    One | 041.000
2017-02-07 20:04:15 | TEMPLOG : Table    One | 041.900
2017-02-07 20:06:17 | TEMPLOG : Table    One | 041.000
2017-02-07 20:07:17 | TEMPLOG : WellhouseOne | 051.800
2017-02-07 20:11:22 | TEMPLOG : WellhouseOne | 050.900
2017-02-07 20:14:26 | TEMPLOG : Bio   Filter | 041.000
2017-02-07 20:15:27 | TEMPLOG : WellhouseOne | 103.100
2017-02-07 20:16:28 | TEMPLOG : WellhouseOne | 122.900
2017-02-07 20:17:29 | TEMPLOG : WellhouseOne | 107.600
2017-02-07 20:18:31 | TEMPLOG : WellhouseOne | 084.200
2017-02-07 20:19:32 | TEMPLOG : WellhouseOne | 075.200
2017-02-07 20:20:33 | TEMPLOG : WellhouseOne | 068.900
2017-02-07 20:21:34 | TEMPLOG : WellhouseOne | 066.200
2017-02-07 20:22:35 | TEMPLOG : WellhouseOne | 063.500
2017-02-07 20:22:36 | TEMPLOG : To   GeoLoop | 051.800
2017-02-07 20:23:37 | TEMPLOG : WellhouseOne | 060.800
2017-02-07 20:23:37 | TEMPLOG : To   GeoLoop | 052.700
2017-02-07 20:24:38 | TEMPLOG : WellhouseOne | 059.000
2017-02-07 20:25:39 | TEMPLOG : WellhouseOne | 057.200
2017-02-07 20:25:40 | TEMPLOG : To   GeoLoop | 051.800
2017-02-07 20:26:41 | TEMPLOG : WellhouseOne | 056.300
2017-02-07 20:27:43 | TEMPLOG : WellhouseOne | 055.400
2017-02-07 20:27:44 | TEMPLOG : To   GeoLoop | 052.700
2017-02-07 20:28:45 | TEMPLOG : To   GeoLoop | 051.800
2017-02-07 20:29:45 | TEMPLOG : WellhouseOne | 054.500
2017-02-07 20:30:47 | TEMPLOG : WellhouseOne | 053.600
2017-02-07 20:33:50 | TEMPLOG : WellhouseOne | 052.700
2017-02-07 20:34:52 | TEMPLOG : WellhouseOne | 051.800
2017-02-07 20:36:56 | TEMPLOG : Table    One | 040.100
2017-02-07 20:37:56 | TEMPLOG : WellhouseOne | 050.900
2017-02-07 20:42:02 | TEMPLOG : WellhouseOne | 050.000
2017-02-07 20:45:06 | TEMPLOG : WellhouseOne | 049.100
2017-02-07 20:45:06 | TEMPLOG : Bio   Filter | 040.100
2017-02-07 20:47:08 | TEMPLOG : WellhouseOne | 084.200
2017-02-07 20:48:09 | TEMPLOG : WellhouseOne | 120.200
2017-02-07 20:49:11 | TEMPLOG : WellhouseOne | 116.600
2017-02-07 20:50:12 | TEMPLOG : WellhouseOne | 086.900
2017-02-07 20:51:12 | TEMPLOG : WellhouseOne | 077.000
2017-02-07 20:52:14 | TEMPLOG : WellhouseOne | 070.700
2017-02-07 20:53:15 | TEMPLOG : WellhouseOne | 067.100
2017-02-07 20:54:16 | TEMPLOG : WellhouseOne | 063.500
2017-02-07 20:55:18 | TEMPLOG : WellhouseOne | 060.800
2017-02-07 20:56:19 | TEMPLOG : WellhouseOne | 059.000
2017-02-07 20:57:20 | TEMPLOG : WellhouseOne | 058.100
2017-02-07 20:58:23 | TEMPLOG : WellhouseOne | 056.300
2017-02-07 21:00:25 | TEMPLOG : WellhouseOne | 055.400
2017-02-07 21:00:26 | TEMPLOG : Bio   Filter | 040.100
2017-02-07 21:00:27 | TEMPLOG : To   GeoLoop | 051.800
2017-02-07 21:00:27 | TEMPLOG : Table    One | 040.100
2017-02-07 21:01:27 | TEMPLOG : WellhouseOne | 054.500
2017-02-07 21:02:28 | TEMPLOG : WellhouseOne | 053.600
2017-02-07 21:03:30 | TEMPLOG : Table    One | 039.200
2017-02-07 21:04:30 | TEMPLOG : WellhouseOne | 052.700
2017-02-07 21:05:33 | TEMPLOG : WellhouseOne | 051.800
2017-02-07 21:07:35 | TEMPLOG : To   GeoLoop | 050.900
2017-02-07 21:08:37 | TEMPLOG : To   GeoLoop | 051.800
2017-02-07 21:09:38 | TEMPLOG : WellhouseOne | 050.900
2017-02-07 21:11:41 | TEMPLOG : To   GeoLoop | 050.900
2017-02-07 21:14:44 | TEMPLOG : WellhouseOne | 050.000
2017-02-07 21:19:52 | TEMPLOG : WellhouseOne | 104.000
2017-02-07 21:19:52 | TEMPLOG : To   GeoLoop | 051.800
2017-02-07 21:20:52 | TEMPLOG : WellhouseOne | 124.700
2017-02-07 21:20:53 | TEMPLOG : To   GeoLoop | 050.900
2017-02-07 21:20:53 | TEMPLOG : Table    One | 040.100
2017-02-07 21:21:53 | TEMPLOG : WellhouseOne | 110.300
2017-02-07 21:21:53 | TEMPLOG : To   GeoLoop | 051.800
2017-02-07 21:21:54 | TEMPLOG : Table    One | 039.200
2017-02-07 21:22:54 | TEMPLOG : WellhouseOne | 086.900
2017-02-07 21:22:56 | TEMPLOG : Table    One | 040.100
2017-02-07 21:23:57 | TEMPLOG : WellhouseOne | 077.000
2017-02-07 21:23:57 | TEMPLOG : To   GeoLoop | 050.900
2017-02-07 21:24:58 | TEMPLOG : WellhouseOne | 071.600
2017-02-07 21:26:00 | TEMPLOG : WellhouseOne | 067.100
2017-02-07 21:26:00 | TEMPLOG : To   GeoLoop | 051.800
2017-02-07 21:27:00 | TEMPLOG : WellhouseOne | 063.500
2017-02-07 21:28:01 | TEMPLOG : WellhouseOne | 059.900
2017-02-07 21:28:02 | TEMPLOG : To   GeoLoop | 050.900
2017-02-07 21:29:02 | TEMPLOG : WellhouseOne | 058.100
2017-02-07 21:30:03 | TEMPLOG : WellhouseOne | 057.200
2017-02-07 21:31:06 | TEMPLOG : WellhouseOne | 056.300
2017-02-07 21:31:07 | TEMPLOG : Table    One | 039.200
2017-02-07 21:32:07 | TEMPLOG : WellhouseOne | 054.500
2017-02-07 21:33:08 | TEMPLOG : WellhouseOne | 053.600
2017-02-07 21:34:09 | TEMPLOG : WellhouseOne | 052.700
2017-02-07 21:35:10 | TEMPLOG : WellhouseOne | 051.800
2017-02-07 21:36:12 | TEMPLOG : WellhouseOne | 050.900
2017-02-07 21:39:17 | TEMPLOG : WellhouseOne | 050.000
2017-02-07 21:42:20 | TEMPLOG : Bio   Filter | 039.200
2017-02-07 21:48:27 | TEMPLOG : WellhouseOne | 049.100
2017-02-07 21:51:32 | TEMPLOG : WellhouseOne | 084.200
2017-02-07 21:52:32 | TEMPLOG : WellhouseOne | 117.500
2017-02-07 21:53:34 | TEMPLOG : WellhouseOne | 130.100
2017-02-07 21:53:35 | TEMPLOG : Table    One | 038.300
2017-02-07 21:54:35 | TEMPLOG : WellhouseOne | 097.700
2017-02-07 21:55:36 | TEMPLOG : WellhouseOne | 082.400
2017-02-07 21:55:37 | TEMPLOG : Table    One | 039.200
2017-02-07 21:56:37 | TEMPLOG : WellhouseOne | 073.400
2017-02-07 21:56:38 | TEMPLOG : Table    One | 038.300
2017-02-07 21:57:38 | TEMPLOG : WellhouseOne | 068.900
2017-02-07 21:58:39 | TEMPLOG : WellhouseOne | 063.500
2017-02-07 21:59:40 | TEMPLOG : WellhouseOne | 060.800
2017-02-07 22:00:41 | TEMPLOG : WellhouseOne | 059.000
2017-02-07 22:00:42 | TEMPLOG : Bio   Filter | 039.200
2017-02-07 22:00:42 | TEMPLOG : To   GeoLoop | 050.900
2017-02-07 22:00:42 | TEMPLOG : Table    One | 038.300
2017-02-07 22:01:43 | TEMPLOG : WellhouseOne | 057.200
2017-02-07 22:02:43 | TEMPLOG : WellhouseOne | 055.400
2017-02-07 22:03:45 | TEMPLOG : WellhouseOne | 053.600
2017-02-07 22:03:45 | TEMPLOG : Bio   Filter | 038.300
2017-02-07 22:04:46 | TEMPLOG : WellhouseOne | 052.700
2017-02-07 22:06:48 | TEMPLOG : WellhouseOne | 051.800
2017-02-07 22:06:48 | TEMPLOG : Bio   Filter | 039.200
2017-02-07 22:07:49 | TEMPLOG : Bio   Filter | 038.300
2017-02-07 22:08:50 | TEMPLOG : To   GeoLoop | 050.000
2017-02-07 22:09:51 | TEMPLOG : WellhouseOne | 050.900
2017-02-07 22:10:52 | TEMPLOG : Bio   Filter | 039.200
2017-02-07 22:11:54 | TEMPLOG : Bio   Filter | 038.300
2017-02-07 22:12:55 | TEMPLOG : WellhouseOne | 050.000
2017-02-07 22:13:56 | TEMPLOG : WellhouseOne | 049.100
2017-02-07 22:16:00 | TEMPLOG : WellhouseOne | 048.200
2017-02-07 22:18:03 | TEMPLOG : WellhouseOne | 047.300
2017-02-07 22:18:04 | TEMPLOG : Table    One | 037.400
2017-02-07 22:20:06 | TEMPLOG : WellhouseOne | 046.400
2017-02-07 22:22:08 | TEMPLOG : WellhouseOne | 061.700
2017-02-07 22:23:09 | TEMPLOG : WellhouseOne | 113.900
2017-02-07 22:24:10 | TEMPLOG : WellhouseOne | 127.400
2017-02-07 22:25:11 | TEMPLOG : WellhouseOne | 104.900
2017-02-07 22:26:13 | TEMPLOG : WellhouseOne | 083.300
2017-02-07 22:27:14 | TEMPLOG : WellhouseOne | 074.300
2017-02-07 22:28:15 | TEMPLOG : WellhouseOne | 068.900
2017-02-07 22:29:16 | TEMPLOG : WellhouseOne | 064.400
2017-02-07 22:30:18 | TEMPLOG : WellhouseOne | 060.800
2017-02-07 22:31:19 | TEMPLOG : WellhouseOne | 057.200
2017-02-07 22:32:20 | TEMPLOG : WellhouseOne | 055.400
2017-02-07 22:33:21 | TEMPLOG : WellhouseOne | 054.500
2017-02-07 22:34:23 | TEMPLOG : WellhouseOne | 053.600
2017-02-07 22:35:24 | TEMPLOG : WellhouseOne | 052.700
2017-02-07 22:36:26 | TEMPLOG : WellhouseOne | 051.800
2017-02-07 22:38:29 | TEMPLOG : WellhouseOne | 050.900
2017-02-07 22:39:31 | TEMPLOG : WellhouseOne | 050.000
2017-02-07 22:41:34 | TEMPLOG : WellhouseOne | 048.200
2017-02-07 22:44:38 | TEMPLOG : WellhouseOne | 047.300
2017-02-07 22:45:40 | TEMPLOG : Bio   Filter | 037.400
2017-02-07 22:49:44 | TEMPLOG : WellhouseOne | 046.400
2017-02-07 22:52:48 | TEMPLOG : WellhouseOne | 089.600
2017-02-07 22:53:50 | TEMPLOG : WellhouseOne | 117.500
2017-02-07 22:54:52 | TEMPLOG : WellhouseOne | 128.300
2017-02-07 22:55:53 | TEMPLOG : WellhouseOne | 109.400
2017-02-07 22:56:54 | TEMPLOG : WellhouseOne | 086.000
2017-02-07 22:57:55 | TEMPLOG : WellhouseOne | 075.200
2017-02-07 22:58:56 | TEMPLOG : WellhouseOne | 068.900
2017-02-07 22:59:57 | TEMPLOG : WellhouseOne | 063.500
2017-02-07 23:00:58 | TEMPLOG : WellhouseOne | 060.800
2017-02-07 23:00:58 | TEMPLOG : Bio   Filter | 037.400
2017-02-07 23:00:58 | TEMPLOG : To   GeoLoop | 050.000
2017-02-07 23:00:59 | TEMPLOG : Table    One | 037.400
2017-02-07 23:01:59 | TEMPLOG : WellhouseOne | 058.100
2017-02-07 23:03:00 | TEMPLOG : WellhouseOne | 057.200
2017-02-07 23:04:03 | TEMPLOG : WellhouseOne | 055.400
2017-02-07 23:05:04 | TEMPLOG : WellhouseOne | 053.600
2017-02-07 23:06:05 | TEMPLOG : WellhouseOne | 052.700
2017-02-07 23:07:06 | TEMPLOG : WellhouseOne | 051.800
2017-02-07 23:07:06 | TEMPLOG : To   GeoLoop | 049.100
2017-02-07 23:08:06 | TEMPLOG : WellhouseOne | 050.900
2017-02-07 23:08:07 | TEMPLOG : To   GeoLoop | 050.000
2017-02-07 23:10:09 | TEMPLOG : WellhouseOne | 049.100
2017-02-07 23:11:10 | TEMPLOG : WellhouseOne | 048.200
2017-02-07 23:11:10 | TEMPLOG : To   GeoLoop | 049.100
2017-02-07 23:16:15 | TEMPLOG : WellhouseOne | 047.300
2017-02-07 23:18:18 | TEMPLOG : WellhouseOne | 046.400
2017-02-07 23:20:21 | TEMPLOG : WellhouseOne | 045.500
2017-02-07 23:20:22 | TEMPLOG : To   GeoLoop | 050.000
2017-02-07 23:21:23 | TEMPLOG : To   GeoLoop | 049.100
2017-02-07 23:22:24 | TEMPLOG : WellhouseOne | 081.500
2017-02-07 23:23:25 | TEMPLOG : WellhouseOne | 115.700
2017-02-07 23:24:26 | TEMPLOG : WellhouseOne | 127.400
2017-02-07 23:25:27 | TEMPLOG : WellhouseOne | 133.700
2017-02-07 23:26:28 | TEMPLOG : WellhouseOne | 092.300
2017-02-07 23:27:30 | TEMPLOG : WellhouseOne | 080.600
2017-02-07 23:28:32 | TEMPLOG : WellhouseOne | 073.400
2017-02-07 23:29:33 | TEMPLOG : WellhouseOne | 067.100
2017-02-07 23:30:35 | TEMPLOG : WellhouseOne | 063.500
2017-02-07 23:31:36 | TEMPLOG : WellhouseOne | 059.900
2017-02-07 23:31:36 | TEMPLOG : Bio   Filter | 038.300
2017-02-07 23:32:38 | TEMPLOG : WellhouseOne | 058.100
2017-02-07 23:32:39 | TEMPLOG : Table    One | 038.300
2017-02-07 23:33:40 | TEMPLOG : WellhouseOne | 056.300
2017-02-07 23:33:40 | TEMPLOG : To   GeoLoop | 050.000
2017-02-07 23:34:41 | TEMPLOG : WellhouseOne | 054.500
2017-02-07 23:35:42 | TEMPLOG : WellhouseOne | 053.600
2017-02-07 23:36:43 | TEMPLOG : WellhouseOne | 052.700
2017-02-07 23:37:44 | TEMPLOG : WellhouseOne | 050.900
2017-02-07 23:39:45 | TEMPLOG : WellhouseOne | 050.000
2017-02-07 23:41:47 | TEMPLOG : WellhouseOne | 049.100
2017-02-07 23:41:48 | TEMPLOG : To   GeoLoop | 049.100
2017-02-07 23:43:52 | TEMPLOG : Table    One | 037.400
2017-02-07 23:44:52 | TEMPLOG : WellhouseOne | 048.200
2017-02-07 23:46:55 | TEMPLOG : WellhouseOne | 047.300
2017-02-07 23:48:57 | TEMPLOG : WellhouseOne | 046.400
2017-02-07 23:48:58 | TEMPLOG : Bio   Filter | 037.400
2017-02-07 23:52:02 | TEMPLOG : WellhouseOne | 064.400
2017-02-07 23:53:04 | TEMPLOG : WellhouseOne | 113.900
2017-02-07 23:54:04 | TEMPLOG : WellhouseOne | 126.500
2017-02-07 23:55:06 | TEMPLOG : WellhouseOne | 133.700
2017-02-07 23:56:08 | TEMPLOG : WellhouseOne | 094.100
2017-02-07 23:56:08 | TEMPLOG : Bio   Filter | 038.300
2017-02-07 23:56:09 | TEMPLOG : Table    One | 038.300
2017-02-07 23:57:09 | TEMPLOG : WellhouseOne | 080.600
2017-02-07 23:58:10 | TEMPLOG : WellhouseOne | 072.500
2017-02-07 23:59:11 | TEMPLOG : WellhouseOne | 067.100
