2017-02-06 00:00:36 | TEMPLOG : WellhouseOne | 050.900
2017-02-06 00:00:36 | TEMPLOG : Bio   Filter | 039.200
2017-02-06 00:00:37 | TEMPLOG : To   GeoLoop | 050.900
2017-02-06 00:00:37 | TEMPLOG : Table    One | 039.200
2017-02-06 00:01:37 | TEMPLOG : WellhouseOne | 050.000
2017-02-06 00:01:37 | TEMPLOG : Bio   Filter | 040.100
2017-02-06 00:02:39 | TEMPLOG : Table    One | 040.100
2017-02-06 00:04:41 | TEMPLOG : WellhouseOne | 049.100
2017-02-06 00:05:42 | TEMPLOG : Bio   Filter | 039.200
2017-02-06 00:06:43 | TEMPLOG : Bio   Filter | 040.100
2017-02-06 00:09:46 | TEMPLOG : WellhouseOne | 048.200
2017-02-06 00:13:52 | TEMPLOG : WellhouseOne | 047.300
2017-02-06 00:14:53 | TEMPLOG : WellhouseOne | 105.800
2017-02-06 00:14:54 | TEMPLOG : Table    One | 039.200
2017-02-06 00:15:54 | TEMPLOG : WellhouseOne | 124.700
2017-02-06 00:15:54 | TEMPLOG : Bio   Filter | 039.200
2017-02-06 00:16:55 | TEMPLOG : WellhouseOne | 110.300
2017-02-06 00:17:56 | TEMPLOG : WellhouseOne | 085.100
2017-02-06 00:18:56 | TEMPLOG : WellhouseOne | 075.200
2017-02-06 00:19:58 | TEMPLOG : WellhouseOne | 069.800
2017-02-06 00:20:59 | TEMPLOG : WellhouseOne | 065.300
2017-02-06 00:22:00 | TEMPLOG : WellhouseOne | 061.700
2017-02-06 00:23:02 | TEMPLOG : WellhouseOne | 059.000
2017-02-06 00:24:03 | TEMPLOG : WellhouseOne | 057.200
2017-02-06 00:25:05 | TEMPLOG : WellhouseOne | 055.400
2017-02-06 00:26:05 | TEMPLOG : WellhouseOne | 054.500
2017-02-06 00:27:06 | TEMPLOG : WellhouseOne | 053.600
2017-02-06 00:27:06 | TEMPLOG : To   GeoLoop | 050.000
2017-02-06 00:28:07 | TEMPLOG : WellhouseOne | 052.700
2017-02-06 00:29:08 | TEMPLOG : WellhouseOne | 051.800
2017-02-06 00:29:08 | TEMPLOG : To   GeoLoop | 050.900
2017-02-06 00:32:11 | TEMPLOG : WellhouseOne | 050.900
2017-02-06 00:33:13 | TEMPLOG : WellhouseOne | 050.000
2017-02-06 00:35:17 | TEMPLOG : WellhouseOne | 049.100
2017-02-06 00:36:18 | TEMPLOG : Bio   Filter | 040.100
2017-02-06 00:36:20 | TEMPLOG : Table    One | 040.100
2017-02-06 00:39:23 | TEMPLOG : WellhouseOne | 048.200
2017-02-06 00:42:28 | TEMPLOG : Table    One | 039.200
2017-02-06 00:43:29 | TEMPLOG : To   GeoLoop | 050.000
2017-02-06 00:44:30 | TEMPLOG : WellhouseOne | 051.800
2017-02-06 00:45:31 | TEMPLOG : WellhouseOne | 112.100
2017-02-06 00:46:32 | TEMPLOG : WellhouseOne | 128.300
2017-02-06 00:46:32 | TEMPLOG : Bio   Filter | 039.200
2017-02-06 00:47:33 | TEMPLOG : WellhouseOne | 098.600
2017-02-06 00:48:34 | TEMPLOG : WellhouseOne | 080.600
2017-02-06 00:49:34 | TEMPLOG : WellhouseOne | 074.300
2017-02-06 00:50:35 | TEMPLOG : WellhouseOne | 068.900
2017-02-06 00:51:36 | TEMPLOG : WellhouseOne | 065.300
2017-02-06 00:52:37 | TEMPLOG : WellhouseOne | 061.700
2017-02-06 00:53:38 | TEMPLOG : WellhouseOne | 059.000
2017-02-06 00:54:39 | TEMPLOG : WellhouseOne | 058.100
2017-02-06 00:55:40 | TEMPLOG : WellhouseOne | 056.300
2017-02-06 00:56:41 | TEMPLOG : WellhouseOne | 054.500
2017-02-06 00:57:42 | TEMPLOG : WellhouseOne | 053.600
2017-02-06 00:58:44 | TEMPLOG : WellhouseOne | 052.700
2017-02-06 00:59:44 | TEMPLOG : WellhouseOne | 051.800
2017-02-06 01:00:47 | TEMPLOG : WellhouseOne | 051.800
2017-02-06 01:00:47 | TEMPLOG : Bio   Filter | 039.200
2017-02-06 01:00:47 | TEMPLOG : To   GeoLoop | 050.000
2017-02-06 01:00:47 | TEMPLOG : Table    One | 039.200
2017-02-06 01:01:48 | TEMPLOG : WellhouseOne | 050.900
2017-02-06 01:04:52 | TEMPLOG : WellhouseOne | 050.000
2017-02-06 01:07:57 | TEMPLOG : WellhouseOne | 049.100
2017-02-06 01:11:01 | TEMPLOG : WellhouseOne | 048.200
2017-02-06 01:14:04 | TEMPLOG : WellhouseOne | 047.300
2017-02-06 01:15:04 | TEMPLOG : WellhouseOne | 081.500
2017-02-06 01:15:05 | TEMPLOG : Table    One | 038.300
2017-02-06 01:16:05 | TEMPLOG : WellhouseOne | 116.600
2017-02-06 01:17:07 | TEMPLOG : WellhouseOne | 130.100
2017-02-06 01:18:07 | TEMPLOG : WellhouseOne | 107.600
2017-02-06 01:19:08 | TEMPLOG : WellhouseOne | 086.900
2017-02-06 01:20:09 | TEMPLOG : WellhouseOne | 077.900
2017-02-06 01:21:11 | TEMPLOG : WellhouseOne | 070.700
2017-02-06 01:22:12 | TEMPLOG : WellhouseOne | 065.300
2017-02-06 01:22:12 | TEMPLOG : Bio   Filter | 038.300
2017-02-06 01:23:13 | TEMPLOG : WellhouseOne | 062.600
2017-02-06 01:24:14 | TEMPLOG : WellhouseOne | 059.900
2017-02-06 01:25:15 | TEMPLOG : WellhouseOne | 057.200
2017-02-06 01:26:18 | TEMPLOG : WellhouseOne | 056.300
2017-02-06 01:27:19 | TEMPLOG : WellhouseOne | 055.400
2017-02-06 01:28:20 | TEMPLOG : WellhouseOne | 053.600
2017-02-06 01:29:22 | TEMPLOG : WellhouseOne | 052.700
2017-02-06 01:31:24 | TEMPLOG : WellhouseOne | 051.800
2017-02-06 01:32:25 | TEMPLOG : WellhouseOne | 050.900
2017-02-06 01:34:31 | TEMPLOG : To   GeoLoop | 049.100
2017-02-06 01:35:32 | TEMPLOG : WellhouseOne | 050.000
2017-02-06 01:35:33 | TEMPLOG : To   GeoLoop | 050.000
2017-02-06 01:36:33 | TEMPLOG : WellhouseOne | 049.100
2017-02-06 01:38:36 | TEMPLOG : To   GeoLoop | 049.100
2017-02-06 01:39:37 | TEMPLOG : To   GeoLoop | 050.000
2017-02-06 01:40:38 | TEMPLOG : WellhouseOne | 048.200
2017-02-06 01:44:43 | TEMPLOG : WellhouseOne | 047.300
2017-02-06 01:45:44 | TEMPLOG : WellhouseOne | 077.000
2017-02-06 01:46:45 | TEMPLOG : WellhouseOne | 116.600
2017-02-06 01:47:47 | TEMPLOG : WellhouseOne | 129.200
2017-02-06 01:47:47 | TEMPLOG : Bio   Filter | 039.200
2017-02-06 01:48:50 | TEMPLOG : WellhouseOne | 110.300
2017-02-06 01:49:51 | TEMPLOG : WellhouseOne | 086.900
2017-02-06 01:50:52 | TEMPLOG : WellhouseOne | 076.100
2017-02-06 01:51:54 | TEMPLOG : WellhouseOne | 069.800
2017-02-06 01:51:54 | TEMPLOG : Bio   Filter | 038.300
2017-02-06 01:51:54 | TEMPLOG : To   GeoLoop | 049.100
2017-02-06 01:52:54 | TEMPLOG : WellhouseOne | 065.300
2017-02-06 01:52:55 | TEMPLOG : To   GeoLoop | 050.000
2017-02-06 01:53:56 | TEMPLOG : WellhouseOne | 062.600
2017-02-06 01:53:56 | TEMPLOG : Bio   Filter | 039.200
2017-02-06 01:53:56 | TEMPLOG : To   GeoLoop | 049.100
2017-02-06 01:54:57 | TEMPLOG : WellhouseOne | 059.000
2017-02-06 01:55:58 | TEMPLOG : WellhouseOne | 057.200
2017-02-06 01:55:58 | TEMPLOG : Bio   Filter | 038.300
2017-02-06 01:56:59 | TEMPLOG : WellhouseOne | 055.400
2017-02-06 01:56:59 | TEMPLOG : To   GeoLoop | 050.000
2017-02-06 01:58:00 | TEMPLOG : WellhouseOne | 054.500
2017-02-06 01:58:00 | TEMPLOG : To   GeoLoop | 049.100
2017-02-06 01:59:01 | TEMPLOG : WellhouseOne | 053.600
2017-02-06 02:00:03 | TEMPLOG : WellhouseOne | 053.600
2017-02-06 02:00:03 | TEMPLOG : Bio   Filter | 038.300
2017-02-06 02:00:03 | TEMPLOG : To   GeoLoop | 049.100
2017-02-06 02:00:03 | TEMPLOG : Table    One | 038.300
2017-02-06 02:01:03 | TEMPLOG : WellhouseOne | 052.700
2017-02-06 02:02:05 | TEMPLOG : WellhouseOne | 051.800
2017-02-06 02:03:06 | TEMPLOG : WellhouseOne | 050.900
2017-02-06 02:05:10 | TEMPLOG : WellhouseOne | 050.000
2017-02-06 02:09:14 | TEMPLOG : WellhouseOne | 049.100
2017-02-06 02:11:16 | TEMPLOG : WellhouseOne | 048.200
2017-02-06 02:13:19 | TEMPLOG : WellhouseOne | 047.300
2017-02-06 02:16:23 | TEMPLOG : WellhouseOne | 097.700
2017-02-06 02:17:24 | TEMPLOG : WellhouseOne | 121.100
2017-02-06 02:18:24 | TEMPLOG : WellhouseOne | 131.000
2017-02-06 02:19:26 | TEMPLOG : WellhouseOne | 095.900
2017-02-06 02:20:27 | TEMPLOG : WellhouseOne | 080.600
2017-02-06 02:21:28 | TEMPLOG : WellhouseOne | 073.400
2017-02-06 02:22:30 | TEMPLOG : WellhouseOne | 067.100
2017-02-06 02:23:32 | TEMPLOG : WellhouseOne | 063.500
2017-02-06 02:24:33 | TEMPLOG : WellhouseOne | 059.900
2017-02-06 02:25:34 | TEMPLOG : WellhouseOne | 058.100
2017-02-06 02:26:36 | TEMPLOG : WellhouseOne | 056.300
2017-02-06 02:27:37 | TEMPLOG : WellhouseOne | 054.500
2017-02-06 02:28:39 | TEMPLOG : WellhouseOne | 052.700
2017-02-06 02:29:42 | TEMPLOG : WellhouseOne | 051.800
2017-02-06 02:31:44 | TEMPLOG : WellhouseOne | 050.900
2017-02-06 02:32:46 | TEMPLOG : Bio   Filter | 037.400
2017-02-06 02:33:46 | TEMPLOG : WellhouseOne | 050.000
2017-02-06 02:33:47 | TEMPLOG : Bio   Filter | 038.300
2017-02-06 02:33:47 | TEMPLOG : Table    One | 037.400
2017-02-06 02:34:48 | TEMPLOG : Bio   Filter | 037.400
2017-02-06 02:35:48 | TEMPLOG : WellhouseOne | 049.100
2017-02-06 02:37:50 | TEMPLOG : WellhouseOne | 048.200
2017-02-06 02:38:51 | TEMPLOG : Bio   Filter | 038.300
2017-02-06 02:40:53 | TEMPLOG : WellhouseOne | 047.300
2017-02-06 02:40:53 | TEMPLOG : Bio   Filter | 037.400
2017-02-06 02:43:57 | TEMPLOG : WellhouseOne | 046.400
2017-02-06 02:44:58 | TEMPLOG : WellhouseOne | 050.000
2017-02-06 02:45:59 | TEMPLOG : WellhouseOne | 109.400
2017-02-06 02:47:02 | TEMPLOG : WellhouseOne | 123.800
2017-02-06 02:48:03 | TEMPLOG : WellhouseOne | 131.900
2017-02-06 02:49:04 | TEMPLOG : WellhouseOne | 088.700
2017-02-06 02:50:05 | TEMPLOG : WellhouseOne | 077.900
2017-02-06 02:51:06 | TEMPLOG : WellhouseOne | 072.500
2017-02-06 02:52:07 | TEMPLOG : WellhouseOne | 067.100
2017-02-06 02:53:09 | TEMPLOG : WellhouseOne | 063.500
2017-02-06 02:54:10 | TEMPLOG : WellhouseOne | 059.900
2017-02-06 02:55:11 | TEMPLOG : WellhouseOne | 058.100
2017-02-06 02:56:12 | TEMPLOG : WellhouseOne | 056.300
2017-02-06 02:57:13 | TEMPLOG : WellhouseOne | 054.500
2017-02-06 02:58:14 | TEMPLOG : WellhouseOne | 053.600
2017-02-06 02:59:15 | TEMPLOG : WellhouseOne | 052.700
2017-02-06 03:00:16 | TEMPLOG : WellhouseOne | 051.800
2017-02-06 03:00:17 | TEMPLOG : Bio   Filter | 037.400
2017-02-06 03:00:17 | TEMPLOG : To   GeoLoop | 049.100
2017-02-06 03:00:17 | TEMPLOG : Table    One | 037.400
2017-02-06 03:01:18 | TEMPLOG : WellhouseOne | 050.900
2017-02-06 03:02:19 | TEMPLOG : WellhouseOne | 050.000
2017-02-06 03:03:20 | TEMPLOG : To   GeoLoop | 048.200
2017-02-06 03:04:21 | TEMPLOG : WellhouseOne | 049.100
2017-02-06 03:06:23 | TEMPLOG : WellhouseOne | 048.200
2017-02-06 03:09:28 | TEMPLOG : WellhouseOne | 047.300
2017-02-06 03:12:32 | TEMPLOG : WellhouseOne | 046.400
2017-02-06 03:14:34 | TEMPLOG : WellhouseOne | 081.500
2017-02-06 03:15:35 | TEMPLOG : WellhouseOne | 114.800
2017-02-06 03:16:38 | TEMPLOG : WellhouseOne | 127.400
2017-02-06 03:17:39 | TEMPLOG : WellhouseOne | 111.200
2017-02-06 03:18:40 | TEMPLOG : WellhouseOne | 086.000
2017-02-06 03:19:41 | TEMPLOG : WellhouseOne | 076.100
2017-02-06 03:20:42 | TEMPLOG : WellhouseOne | 070.700
2017-02-06 03:21:43 | TEMPLOG : WellhouseOne | 064.400
2017-02-06 03:22:44 | TEMPLOG : WellhouseOne | 061.700
2017-02-06 03:23:45 | TEMPLOG : WellhouseOne | 059.000
2017-02-06 03:24:47 | TEMPLOG : WellhouseOne | 057.200
2017-02-06 03:25:50 | TEMPLOG : WellhouseOne | 055.400
2017-02-06 03:25:50 | TEMPLOG : Table    One | 036.500
2017-02-06 03:26:51 | TEMPLOG : WellhouseOne | 053.600
2017-02-06 03:27:53 | TEMPLOG : WellhouseOne | 052.700
2017-02-06 03:28:54 | TEMPLOG : WellhouseOne | 051.800
2017-02-06 03:29:55 | TEMPLOG : WellhouseOne | 050.900
2017-02-06 03:30:57 | TEMPLOG : WellhouseOne | 050.000
2017-02-06 03:32:58 | TEMPLOG : WellhouseOne | 049.100
2017-02-06 03:34:00 | TEMPLOG : Bio   Filter | 036.500
2017-02-06 03:35:01 | TEMPLOG : WellhouseOne | 048.200
2017-02-06 03:37:02 | TEMPLOG : WellhouseOne | 047.300
2017-02-06 03:40:06 | TEMPLOG : WellhouseOne | 046.400
2017-02-06 03:42:09 | TEMPLOG : WellhouseOne | 045.500
2017-02-06 03:43:10 | TEMPLOG : WellhouseOne | 095.000
2017-02-06 03:44:11 | TEMPLOG : WellhouseOne | 118.400
2017-02-06 03:44:12 | TEMPLOG : Table    One | 035.600
2017-02-06 03:45:12 | TEMPLOG : WellhouseOne | 129.200
2017-02-06 03:45:13 | TEMPLOG : Table    One | 036.500
2017-02-06 03:46:13 | TEMPLOG : WellhouseOne | 110.300
2017-02-06 03:47:16 | TEMPLOG : WellhouseOne | 083.300
2017-02-06 03:48:18 | TEMPLOG : WellhouseOne | 077.000
2017-02-06 03:49:18 | TEMPLOG : WellhouseOne | 070.700
2017-02-06 03:49:19 | TEMPLOG : Table    One | 035.600
2017-02-06 03:50:19 | TEMPLOG : WellhouseOne | 064.400
2017-02-06 03:50:20 | TEMPLOG : Table    One | 036.500
2017-02-06 03:51:21 | TEMPLOG : WellhouseOne | 060.800
2017-02-06 03:51:21 | TEMPLOG : Bio   Filter | 035.600
2017-02-06 03:51:21 | TEMPLOG : To   GeoLoop | 047.300
2017-02-06 03:52:22 | TEMPLOG : WellhouseOne | 058.100
2017-02-06 03:52:22 | TEMPLOG : Bio   Filter | 036.500
2017-02-06 03:52:23 | TEMPLOG : To   GeoLoop | 048.200
2017-02-06 03:52:23 | TEMPLOG : Table    One | 035.600
2017-02-06 03:53:24 | TEMPLOG : WellhouseOne | 057.200
2017-02-06 03:53:24 | TEMPLOG : To   GeoLoop | 047.300
2017-02-06 03:53:24 | TEMPLOG : Table    One | 036.500
2017-02-06 03:54:24 | TEMPLOG : WellhouseOne | 055.400
2017-02-06 03:55:26 | TEMPLOG : WellhouseOne | 053.600
2017-02-06 03:56:27 | TEMPLOG : WellhouseOne | 052.700
2017-02-06 03:57:28 | TEMPLOG : WellhouseOne | 051.800
2017-02-06 03:58:29 | TEMPLOG : WellhouseOne | 050.900
2017-02-06 03:58:30 | TEMPLOG : To   GeoLoop | 048.200
2017-02-06 03:59:31 | TEMPLOG : WellhouseOne | 050.000
2017-02-06 04:00:34 | TEMPLOG : WellhouseOne | 050.000
2017-02-06 04:00:34 | TEMPLOG : Bio   Filter | 036.500
2017-02-06 04:00:34 | TEMPLOG : To   GeoLoop | 048.200
2017-02-06 04:00:35 | TEMPLOG : Table    One | 036.500
2017-02-06 04:01:35 | TEMPLOG : WellhouseOne | 049.100
2017-02-06 04:01:35 | TEMPLOG : To   GeoLoop | 047.300
2017-02-06 04:02:37 | TEMPLOG : WellhouseOne | 048.200
2017-02-06 04:03:39 | TEMPLOG : Table    One | 035.600
2017-02-06 04:04:39 | TEMPLOG : WellhouseOne | 047.300
2017-02-06 04:06:41 | TEMPLOG : WellhouseOne | 046.400
2017-02-06 04:07:44 | TEMPLOG : Table    One | 036.500
2017-02-06 04:08:44 | TEMPLOG : WellhouseOne | 045.500
2017-02-06 04:08:45 | TEMPLOG : Table    One | 035.600
2017-02-06 04:09:47 | TEMPLOG : Table    One | 036.500
2017-02-06 04:11:48 | TEMPLOG : WellhouseOne | 086.900
2017-02-06 04:11:48 | TEMPLOG : Bio   Filter | 035.600
2017-02-06 04:12:49 | TEMPLOG : WellhouseOne | 115.700
2017-02-06 04:12:50 | TEMPLOG : Table    One | 035.600
2017-02-06 04:13:50 | TEMPLOG : WellhouseOne | 124.700
2017-02-06 04:13:51 | TEMPLOG : Table    One | 036.500
2017-02-06 04:14:51 | TEMPLOG : WellhouseOne | 131.900
2017-02-06 04:14:53 | TEMPLOG : Table    One | 035.600
2017-02-06 04:15:53 | TEMPLOG : WellhouseOne | 105.800
2017-02-06 04:15:54 | TEMPLOG : Table    One | 036.500
2017-02-06 04:16:54 | TEMPLOG : WellhouseOne | 086.900
2017-02-06 04:17:55 | TEMPLOG : WellhouseOne | 076.100
2017-02-06 04:17:55 | TEMPLOG : Bio   Filter | 036.500
2017-02-06 04:17:56 | TEMPLOG : Table    One | 035.600
2017-02-06 04:18:56 | TEMPLOG : WellhouseOne | 068.900
2017-02-06 04:18:58 | TEMPLOG : Table    One | 036.500
2017-02-06 04:19:58 | TEMPLOG : WellhouseOne | 063.500
2017-02-06 04:20:59 | TEMPLOG : WellhouseOne | 060.800
2017-02-06 04:21:00 | TEMPLOG : Table    One | 035.600
2017-02-06 04:22:01 | TEMPLOG : WellhouseOne | 059.000
2017-02-06 04:22:02 | TEMPLOG : Table    One | 036.500
2017-02-06 04:23:02 | TEMPLOG : WellhouseOne | 056.300
2017-02-06 04:24:03 | TEMPLOG : WellhouseOne | 054.500
2017-02-06 04:25:04 | TEMPLOG : WellhouseOne | 053.600
2017-02-06 04:26:05 | TEMPLOG : WellhouseOne | 052.700
2017-02-06 04:27:06 | TEMPLOG : WellhouseOne | 051.800
2017-02-06 04:28:08 | TEMPLOG : WellhouseOne | 050.900
2017-02-06 04:29:09 | TEMPLOG : WellhouseOne | 049.100
2017-02-06 04:30:11 | TEMPLOG : WellhouseOne | 048.200
2017-02-06 04:34:15 | TEMPLOG : WellhouseOne | 047.300
2017-02-06 04:37:19 | TEMPLOG : WellhouseOne | 046.400
2017-02-06 04:39:21 | TEMPLOG : Bio   Filter | 037.400
2017-02-06 04:39:21 | TEMPLOG : To   GeoLoop | 048.200
2017-02-06 04:41:24 | TEMPLOG : WellhouseOne | 093.200
2017-02-06 04:42:25 | TEMPLOG : WellhouseOne | 116.600
2017-02-06 04:42:27 | TEMPLOG : Table    One | 037.400
2017-02-06 04:43:28 | TEMPLOG : WellhouseOne | 128.300
2017-02-06 04:43:28 | TEMPLOG : To   GeoLoop | 047.300
2017-02-06 04:43:28 | TEMPLOG : Table    One | 036.500
2017-02-06 04:44:28 | TEMPLOG : WellhouseOne | 115.700
2017-02-06 04:44:29 | TEMPLOG : To   GeoLoop | 048.200
2017-02-06 04:44:29 | TEMPLOG : Table    One | 037.400
2017-02-06 04:45:29 | TEMPLOG : WellhouseOne | 088.700
2017-02-06 04:46:32 | TEMPLOG : WellhouseOne | 077.900
2017-02-06 04:46:32 | TEMPLOG : To   GeoLoop | 047.300
2017-02-06 04:47:33 | TEMPLOG : WellhouseOne | 072.500
2017-02-06 04:47:34 | TEMPLOG : To   GeoLoop | 048.200
2017-02-06 04:48:35 | TEMPLOG : WellhouseOne | 067.100
2017-02-06 04:49:36 | TEMPLOG : WellhouseOne | 062.600
2017-02-06 04:49:36 | TEMPLOG : To   GeoLoop | 047.300
2017-02-06 04:50:36 | TEMPLOG : WellhouseOne | 059.000
2017-02-06 04:51:38 | TEMPLOG : WellhouseOne | 057.200
2017-02-06 04:51:40 | TEMPLOG : To   GeoLoop | 048.200
2017-02-06 04:52:41 | TEMPLOG : WellhouseOne | 055.400
2017-02-06 04:53:42 | TEMPLOG : WellhouseOne | 054.500
2017-02-06 04:54:43 | TEMPLOG : WellhouseOne | 053.600
2017-02-06 04:55:44 | TEMPLOG : WellhouseOne | 052.700
2017-02-06 04:55:44 | TEMPLOG : To   GeoLoop | 047.300
2017-02-06 04:56:45 | TEMPLOG : WellhouseOne | 051.800
2017-02-06 04:57:47 | TEMPLOG : WellhouseOne | 050.900
2017-02-06 04:58:48 | TEMPLOG : WellhouseOne | 050.000
2017-02-06 05:00:51 | TEMPLOG : WellhouseOne | 050.000
2017-02-06 05:00:51 | TEMPLOG : Bio   Filter | 037.400
2017-02-06 05:00:51 | TEMPLOG : To   GeoLoop | 047.300
2017-02-06 05:00:52 | TEMPLOG : Table    One | 037.400
2017-02-06 05:01:52 | TEMPLOG : WellhouseOne | 049.100
2017-02-06 05:03:57 | TEMPLOG : To   GeoLoop | 048.200
2017-02-06 05:04:58 | TEMPLOG : To   GeoLoop | 047.300
2017-02-06 05:05:58 | TEMPLOG : WellhouseOne | 048.200
2017-02-06 05:08:01 | TEMPLOG : WellhouseOne | 047.300
2017-02-06 05:12:05 | TEMPLOG : WellhouseOne | 101.300
2017-02-06 05:13:07 | TEMPLOG : WellhouseOne | 121.100
2017-02-06 05:14:08 | TEMPLOG : WellhouseOne | 131.000
2017-02-06 05:15:09 | TEMPLOG : WellhouseOne | 093.200
2017-02-06 05:16:10 | TEMPLOG : WellhouseOne | 079.700
2017-02-06 05:17:11 | TEMPLOG : WellhouseOne | 071.600
2017-02-06 05:18:12 | TEMPLOG : WellhouseOne | 066.200
2017-02-06 05:19:14 | TEMPLOG : WellhouseOne | 062.600
2017-02-06 05:20:15 | TEMPLOG : WellhouseOne | 059.900
2017-02-06 05:20:16 | TEMPLOG : To   GeoLoop | 048.200
2017-02-06 05:21:17 | TEMPLOG : WellhouseOne | 057.200
2017-02-06 05:21:17 | TEMPLOG : To   GeoLoop | 047.300
2017-02-06 05:22:18 | TEMPLOG : WellhouseOne | 056.300
2017-02-06 05:23:19 | TEMPLOG : WellhouseOne | 054.500
2017-02-06 05:24:22 | TEMPLOG : WellhouseOne | 053.600
2017-02-06 05:25:23 | TEMPLOG : WellhouseOne | 052.700
2017-02-06 05:26:24 | TEMPLOG : WellhouseOne | 051.800
2017-02-06 05:27:25 | TEMPLOG : WellhouseOne | 050.900
2017-02-06 05:29:28 | TEMPLOG : WellhouseOne | 050.000
2017-02-06 05:30:29 | TEMPLOG : WellhouseOne | 048.200
2017-02-06 05:36:40 | TEMPLOG : WellhouseOne | 047.300
2017-02-06 05:38:42 | TEMPLOG : WellhouseOne | 046.400
2017-02-06 05:40:45 | TEMPLOG : WellhouseOne | 055.400
2017-02-06 05:41:46 | TEMPLOG : WellhouseOne | 105.800
2017-02-06 05:42:47 | TEMPLOG : WellhouseOne | 120.200
2017-02-06 05:43:49 | TEMPLOG : WellhouseOne | 127.400
2017-02-06 05:44:50 | TEMPLOG : WellhouseOne | 094.100
2017-02-06 05:45:51 | TEMPLOG : WellhouseOne | 079.700
2017-02-06 05:46:52 | TEMPLOG : WellhouseOne | 070.700
2017-02-06 05:47:53 | TEMPLOG : WellhouseOne | 066.200
2017-02-06 05:48:54 | TEMPLOG : WellhouseOne | 062.600
2017-02-06 05:49:55 | TEMPLOG : WellhouseOne | 059.900
2017-02-06 05:50:56 | TEMPLOG : WellhouseOne | 058.100
2017-02-06 05:51:57 | TEMPLOG : WellhouseOne | 056.300
2017-02-06 05:52:58 | TEMPLOG : WellhouseOne | 055.400
2017-02-06 05:53:59 | TEMPLOG : WellhouseOne | 054.500
2017-02-06 05:55:01 | TEMPLOG : WellhouseOne | 053.600
2017-02-06 05:56:02 | TEMPLOG : WellhouseOne | 052.700
2017-02-06 05:57:03 | TEMPLOG : WellhouseOne | 051.800
2017-02-06 05:58:04 | TEMPLOG : WellhouseOne | 050.900
2017-02-06 06:00:07 | TEMPLOG : WellhouseOne | 050.000
2017-02-06 06:00:07 | TEMPLOG : Bio   Filter | 037.400
2017-02-06 06:00:08 | TEMPLOG : To   GeoLoop | 047.300
2017-02-06 06:00:08 | TEMPLOG : Table    One | 037.400
2017-02-06 06:01:10 | TEMPLOG : Bio   Filter | 038.300
2017-02-06 06:02:11 | TEMPLOG : WellhouseOne | 049.100
2017-02-06 06:02:11 | TEMPLOG : Bio   Filter | 037.400
2017-02-06 06:04:13 | TEMPLOG : WellhouseOne | 048.200
2017-02-06 06:06:15 | TEMPLOG : Bio   Filter | 038.300
2017-02-06 06:08:17 | TEMPLOG : WellhouseOne | 047.300
2017-02-06 06:11:19 | TEMPLOG : WellhouseOne | 082.400
2017-02-06 06:12:21 | TEMPLOG : WellhouseOne | 113.900
2017-02-06 06:12:21 | TEMPLOG : Bio   Filter | 037.400
2017-02-06 06:13:22 | TEMPLOG : WellhouseOne | 124.700
2017-02-06 06:14:23 | TEMPLOG : WellhouseOne | 131.000
2017-02-06 06:15:24 | TEMPLOG : WellhouseOne | 093.200
2017-02-06 06:16:25 | TEMPLOG : WellhouseOne | 080.600
2017-02-06 06:17:26 | TEMPLOG : WellhouseOne | 072.500
2017-02-06 06:18:27 | TEMPLOG : WellhouseOne | 066.200
2017-02-06 06:19:28 | TEMPLOG : WellhouseOne | 061.700
2017-02-06 06:20:28 | TEMPLOG : WellhouseOne | 059.000
2017-02-06 06:20:29 | TEMPLOG : Table    One | 036.500
2017-02-06 06:21:29 | TEMPLOG : WellhouseOne | 057.200
2017-02-06 06:22:33 | TEMPLOG : WellhouseOne | 055.400
2017-02-06 06:23:34 | TEMPLOG : WellhouseOne | 053.600
2017-02-06 06:25:36 | TEMPLOG : WellhouseOne | 051.800
2017-02-06 06:27:37 | TEMPLOG : WellhouseOne | 050.900
2017-02-06 06:27:38 | TEMPLOG : To   GeoLoop | 046.400
2017-02-06 06:28:40 | TEMPLOG : WellhouseOne | 050.000
2017-02-06 06:28:40 | TEMPLOG : Bio   Filter | 036.500
2017-02-06 06:30:42 | TEMPLOG : WellhouseOne | 049.100
2017-02-06 06:32:45 | TEMPLOG : WellhouseOne | 048.200
2017-02-06 06:34:48 | TEMPLOG : WellhouseOne | 047.300
2017-02-06 06:38:53 | TEMPLOG : WellhouseOne | 046.400
2017-02-06 06:40:55 | TEMPLOG : WellhouseOne | 061.700
2017-02-06 06:41:56 | TEMPLOG : WellhouseOne | 104.900
2017-02-06 06:42:58 | TEMPLOG : WellhouseOne | 119.300
2017-02-06 06:43:59 | TEMPLOG : WellhouseOne | 126.500
2017-02-06 06:45:01 | TEMPLOG : WellhouseOne | 111.200
2017-02-06 06:46:02 | TEMPLOG : WellhouseOne | 087.800
2017-02-06 06:47:03 | TEMPLOG : WellhouseOne | 076.100
2017-02-06 06:48:04 | TEMPLOG : WellhouseOne | 068.900
2017-02-06 06:48:05 | TEMPLOG : Table    One | 035.600
2017-02-06 06:49:05 | TEMPLOG : WellhouseOne | 064.400
2017-02-06 06:50:06 | TEMPLOG : WellhouseOne | 060.800
2017-02-06 06:51:07 | TEMPLOG : WellhouseOne | 059.000
2017-02-06 06:52:08 | TEMPLOG : WellhouseOne | 057.200
2017-02-06 06:53:09 | TEMPLOG : WellhouseOne | 055.400
2017-02-06 06:54:11 | TEMPLOG : WellhouseOne | 054.500
2017-02-06 06:54:11 | TEMPLOG : Bio   Filter | 035.600
2017-02-06 06:55:13 | TEMPLOG : WellhouseOne | 053.600
2017-02-06 06:55:13 | TEMPLOG : Bio   Filter | 036.500
2017-02-06 06:56:15 | TEMPLOG : WellhouseOne | 052.700
2017-02-06 06:57:16 | TEMPLOG : WellhouseOne | 051.800
2017-02-06 06:59:19 | TEMPLOG : WellhouseOne | 050.900
2017-02-06 07:00:20 | TEMPLOG : WellhouseOne | 050.000
2017-02-06 07:00:21 | TEMPLOG : Bio   Filter | 036.500
2017-02-06 07:00:22 | TEMPLOG : To   GeoLoop | 046.400
2017-02-06 07:00:23 | TEMPLOG : Table    One | 035.600
2017-02-06 07:03:25 | TEMPLOG : WellhouseOne | 049.100
2017-02-06 07:03:25 | TEMPLOG : Table    One | 036.500
2017-02-06 07:05:28 | TEMPLOG : Table    One | 035.600
2017-02-06 07:06:28 | TEMPLOG : WellhouseOne | 048.200
2017-02-06 07:06:29 | TEMPLOG : Table    One | 036.500
2017-02-06 07:07:29 | TEMPLOG : Bio   Filter | 035.600
2017-02-06 07:08:32 | TEMPLOG : Table    One | 035.600
2017-02-06 07:09:32 | TEMPLOG : Bio   Filter | 036.500
2017-02-06 07:09:33 | TEMPLOG : Table    One | 036.500
2017-02-06 07:10:33 | TEMPLOG : WellhouseOne | 047.300
2017-02-06 07:10:33 | TEMPLOG : Bio   Filter | 035.600
2017-02-06 07:11:34 | TEMPLOG : Bio   Filter | 036.500
2017-02-06 07:12:36 | TEMPLOG : WellhouseOne | 090.500
2017-02-06 07:13:37 | TEMPLOG : WellhouseOne | 109.400
2017-02-06 07:13:37 | TEMPLOG : Bio   Filter | 035.600
2017-02-06 07:14:38 | TEMPLOG : WellhouseOne | 118.400
2017-02-06 07:14:38 | TEMPLOG : Bio   Filter | 036.500
2017-02-06 07:15:39 | TEMPLOG : WellhouseOne | 127.400
2017-02-06 07:16:41 | TEMPLOG : WellhouseOne | 095.900
2017-02-06 07:17:42 | TEMPLOG : WellhouseOne | 080.600
2017-02-06 07:18:43 | TEMPLOG : WellhouseOne | 073.400
2017-02-06 07:19:44 | TEMPLOG : WellhouseOne | 067.100
2017-02-06 07:20:45 | TEMPLOG : WellhouseOne | 063.500
2017-02-06 07:21:47 | TEMPLOG : WellhouseOne | 060.800
2017-02-06 07:22:48 | TEMPLOG : WellhouseOne | 059.000
2017-02-06 07:23:49 | TEMPLOG : WellhouseOne | 057.200
2017-02-06 07:23:49 | TEMPLOG : Bio   Filter | 037.400
2017-02-06 07:23:50 | TEMPLOG : Table    One | 037.400
2017-02-06 07:24:50 | TEMPLOG : WellhouseOne | 055.400
2017-02-06 07:25:51 | TEMPLOG : WellhouseOne | 054.500
2017-02-06 07:26:51 | TEMPLOG : WellhouseOne | 053.600
2017-02-06 07:27:53 | TEMPLOG : WellhouseOne | 052.700
2017-02-06 07:28:55 | TEMPLOG : WellhouseOne | 051.800
2017-02-06 07:30:58 | TEMPLOG : WellhouseOne | 050.900
2017-02-06 07:30:58 | TEMPLOG : Bio   Filter | 038.300
2017-02-06 07:30:58 | TEMPLOG : To   GeoLoop | 047.300
2017-02-06 07:30:59 | TEMPLOG : Table    One | 038.300
2017-02-06 07:31:59 | TEMPLOG : WellhouseOne | 050.000
2017-02-06 07:32:00 | TEMPLOG : To   GeoLoop | 046.400
2017-02-06 07:33:00 | TEMPLOG : To   GeoLoop | 047.300
2017-02-06 07:35:02 | TEMPLOG : WellhouseOne | 049.100
2017-02-06 07:38:06 | TEMPLOG : WellhouseOne | 048.200
2017-02-06 07:43:11 | TEMPLOG : WellhouseOne | 047.300
2017-02-06 07:44:12 | TEMPLOG : WellhouseOne | 104.000
2017-02-06 07:45:14 | TEMPLOG : WellhouseOne | 120.200
2017-02-06 07:46:15 | TEMPLOG : WellhouseOne | 117.500
2017-02-06 07:46:15 | TEMPLOG : Bio   Filter | 039.200
2017-02-06 07:46:16 | TEMPLOG : Table    One | 039.200
2017-02-06 07:47:16 | TEMPLOG : WellhouseOne | 085.100
2017-02-06 07:48:17 | TEMPLOG : WellhouseOne | 074.300
2017-02-06 07:49:18 | TEMPLOG : WellhouseOne | 068.000
2017-02-06 07:50:19 | TEMPLOG : WellhouseOne | 064.400
2017-02-06 07:51:21 | TEMPLOG : WellhouseOne | 060.800
2017-02-06 07:52:22 | TEMPLOG : WellhouseOne | 059.000
2017-02-06 07:53:23 | TEMPLOG : WellhouseOne | 057.200
2017-02-06 07:54:24 | TEMPLOG : WellhouseOne | 056.300
2017-02-06 07:55:26 | TEMPLOG : WellhouseOne | 054.500
2017-02-06 07:56:28 | TEMPLOG : WellhouseOne | 053.600
2017-02-06 07:56:28 | TEMPLOG : Bio   Filter | 040.100
2017-02-06 07:57:29 | TEMPLOG : WellhouseOne | 052.700
2017-02-06 07:58:30 | TEMPLOG : WellhouseOne | 051.800
2017-02-06 07:59:31 | TEMPLOG : Table    One | 040.100
2017-02-06 08:00:32 | TEMPLOG : WellhouseOne | 050.900
2017-02-06 08:00:32 | TEMPLOG : Bio   Filter | 040.100
2017-02-06 08:00:32 | TEMPLOG : To   GeoLoop | 047.300
2017-02-06 08:00:32 | TEMPLOG : Table    One | 040.100
2017-02-06 08:03:36 | TEMPLOG : WellhouseOne | 050.000
2017-02-06 08:04:38 | TEMPLOG : WellhouseOne | 049.100
2017-02-06 08:05:39 | TEMPLOG : Bio   Filter | 041.000
2017-02-06 08:06:40 | TEMPLOG : WellhouseOne | 048.200
2017-02-06 08:06:41 | TEMPLOG : Table    One | 041.000
2017-02-06 08:08:43 | TEMPLOG : WellhouseOne | 047.300
2017-02-06 08:11:46 | TEMPLOG : WellhouseOne | 046.400
2017-02-06 08:11:47 | TEMPLOG : Bio   Filter | 041.900
2017-02-06 08:12:48 | TEMPLOG : WellhouseOne | 084.200
2017-02-06 08:13:48 | TEMPLOG : WellhouseOne | 112.100
2017-02-06 08:13:49 | TEMPLOG : To   GeoLoop | 048.200
2017-02-06 08:14:49 | TEMPLOG : WellhouseOne | 118.400
2017-02-06 08:14:50 | TEMPLOG : To   GeoLoop | 047.300
2017-02-06 08:15:50 | TEMPLOG : WellhouseOne | 126.500
2017-02-06 08:15:52 | TEMPLOG : To   GeoLoop | 048.200
2017-02-06 08:15:52 | TEMPLOG : Table    One | 041.900
2017-02-06 08:16:52 | TEMPLOG : WellhouseOne | 092.300
2017-02-06 08:17:53 | TEMPLOG : WellhouseOne | 080.600
2017-02-06 08:17:53 | TEMPLOG : Bio   Filter | 042.800
2017-02-06 08:18:56 | TEMPLOG : WellhouseOne | 073.400
2017-02-06 08:19:57 | TEMPLOG : WellhouseOne | 067.100
2017-02-06 08:19:59 | TEMPLOG : Table    One | 042.800
2017-02-06 08:20:59 | TEMPLOG : WellhouseOne | 063.500
2017-02-06 08:22:00 | TEMPLOG : WellhouseOne | 059.000
2017-02-06 08:23:01 | TEMPLOG : WellhouseOne | 057.200
2017-02-06 08:23:01 | TEMPLOG : Bio   Filter | 043.700
2017-02-06 08:24:02 | TEMPLOG : WellhouseOne | 055.400
2017-02-06 08:24:03 | TEMPLOG : Table    One | 043.700
2017-02-06 08:25:04 | TEMPLOG : WellhouseOne | 054.500
2017-02-06 08:27:06 | TEMPLOG : WellhouseOne | 053.600
2017-02-06 08:28:07 | TEMPLOG : WellhouseOne | 052.700
2017-02-06 08:29:08 | TEMPLOG : WellhouseOne | 051.800
2017-02-06 08:29:09 | TEMPLOG : Bio   Filter | 044.600
2017-02-06 08:30:10 | TEMPLOG : Table    One | 044.600
2017-02-06 08:31:11 | TEMPLOG : WellhouseOne | 050.900
2017-02-06 08:31:12 | TEMPLOG : Table    One | 045.500
2017-02-06 08:32:12 | TEMPLOG : Bio   Filter | 045.500
2017-02-06 08:32:13 | TEMPLOG : Table    One | 046.400
2017-02-06 08:33:13 | TEMPLOG : WellhouseOne | 050.000
2017-02-06 08:33:14 | TEMPLOG : To   GeoLoop | 049.100
2017-02-06 08:35:15 | TEMPLOG : WellhouseOne | 049.100
2017-02-06 08:35:16 | TEMPLOG : Table    One | 045.500
2017-02-06 08:36:16 | TEMPLOG : WellhouseOne | 048.200
2017-02-06 08:36:16 | TEMPLOG : To   GeoLoop | 048.200
2017-02-06 08:37:17 | TEMPLOG : WellhouseOne | 049.100
2017-02-06 08:37:17 | TEMPLOG : Bio   Filter | 044.600
2017-02-06 08:38:18 | TEMPLOG : To   GeoLoop | 049.100
2017-02-06 08:38:19 | TEMPLOG : Table    One | 044.600
2017-02-06 08:39:19 | TEMPLOG : WellhouseOne | 048.200
2017-02-06 08:39:20 | TEMPLOG : To   GeoLoop | 048.200
2017-02-06 08:44:25 | TEMPLOG : WellhouseOne | 080.600
2017-02-06 08:44:25 | TEMPLOG : To   GeoLoop | 049.100
2017-02-06 08:44:26 | TEMPLOG : Table    One | 043.700
2017-02-06 08:45:26 | TEMPLOG : WellhouseOne | 114.800
2017-02-06 08:46:27 | TEMPLOG : WellhouseOne | 124.700
2017-02-06 08:46:27 | TEMPLOG : Bio   Filter | 043.700
2017-02-06 08:47:29 | TEMPLOG : WellhouseOne | 106.700
2017-02-06 08:47:30 | TEMPLOG : To   GeoLoop | 048.200
2017-02-06 08:48:31 | TEMPLOG : WellhouseOne | 085.100
2017-02-06 08:49:32 | TEMPLOG : WellhouseOne | 077.000
2017-02-06 08:50:33 | TEMPLOG : WellhouseOne | 070.700
2017-02-06 08:51:34 | TEMPLOG : WellhouseOne | 065.300
2017-02-06 08:52:35 | TEMPLOG : WellhouseOne | 062.600
2017-02-06 08:53:36 | TEMPLOG : WellhouseOne | 059.900
2017-02-06 08:54:38 | TEMPLOG : WellhouseOne | 058.100
2017-02-06 08:55:40 | TEMPLOG : WellhouseOne | 057.200
2017-02-06 08:56:42 | TEMPLOG : WellhouseOne | 055.400
2017-02-06 08:57:42 | TEMPLOG : WellhouseOne | 054.500
2017-02-06 08:57:43 | TEMPLOG : Bio   Filter | 044.600
2017-02-06 08:58:43 | TEMPLOG : WellhouseOne | 053.600
2017-02-06 08:58:44 | TEMPLOG : Table    One | 044.600
2017-02-06 08:59:44 | TEMPLOG : WellhouseOne | 052.700
2017-02-06 08:59:44 | TEMPLOG : Bio   Filter | 046.400
2017-02-06 08:59:45 | TEMPLOG : Table    One | 045.500
2017-02-06 09:00:45 | TEMPLOG : WellhouseOne | 052.700
2017-02-06 09:00:45 | TEMPLOG : Bio   Filter | 046.400
2017-02-06 09:00:46 | TEMPLOG : To   GeoLoop | 048.200
2017-02-06 09:00:46 | TEMPLOG : Table    One | 046.400
2017-02-06 09:01:46 | TEMPLOG : WellhouseOne | 051.800
2017-02-06 09:01:46 | TEMPLOG : Bio   Filter | 048.200
2017-02-06 09:01:47 | TEMPLOG : Table    One | 048.200
2017-02-06 09:02:47 | TEMPLOG : WellhouseOne | 050.900
2017-02-06 09:02:47 | TEMPLOG : Bio   Filter | 049.100
2017-02-06 09:04:49 | TEMPLOG : Bio   Filter | 048.200
2017-02-06 09:04:50 | TEMPLOG : Table    One | 047.300
2017-02-06 09:06:51 | TEMPLOG : WellhouseOne | 050.000
2017-02-06 09:06:51 | TEMPLOG : Bio   Filter | 049.100
2017-02-06 09:06:52 | TEMPLOG : Table    One | 048.200
2017-02-06 09:07:53 | TEMPLOG : Bio   Filter | 051.800
2017-02-06 09:07:54 | TEMPLOG : Table    One | 051.800
2017-02-06 09:08:54 | TEMPLOG : Bio   Filter | 054.500
2017-02-06 09:08:55 | TEMPLOG : To   GeoLoop | 049.100
2017-02-06 09:08:55 | TEMPLOG : Table    One | 053.600
2017-02-06 09:09:56 | TEMPLOG : WellhouseOne | 049.100
2017-02-06 09:09:56 | TEMPLOG : Bio   Filter | 055.400
2017-02-06 09:10:57 | TEMPLOG : Bio   Filter | 057.200
2017-02-06 09:10:58 | TEMPLOG : Table    One | 056.300
2017-02-06 09:11:59 | TEMPLOG : Bio   Filter | 059.900
2017-02-06 09:11:59 | TEMPLOG : Table    One | 059.000
2017-02-06 09:12:59 | TEMPLOG : WellhouseOne | 048.200
2017-02-06 09:13:00 | TEMPLOG : Bio   Filter | 063.500
2017-02-06 09:13:00 | TEMPLOG : To   GeoLoop | 050.000
2017-02-06 09:13:00 | TEMPLOG : Table    One | 061.700
2017-02-06 09:14:01 | TEMPLOG : Bio   Filter | 066.200
2017-02-06 09:14:01 | TEMPLOG : Table    One | 064.400
2017-02-06 09:15:02 | TEMPLOG : Bio   Filter | 068.000
2017-02-06 09:15:02 | TEMPLOG : Table    One | 066.200
2017-02-06 09:16:03 | TEMPLOG : WellhouseOne | 098.600
2017-02-06 09:16:03 | TEMPLOG : Bio   Filter | 069.800
2017-02-06 09:16:03 | TEMPLOG : To   GeoLoop | 050.900
2017-02-06 09:16:04 | TEMPLOG : Table    One | 067.100
2017-02-06 09:17:04 | TEMPLOG : WellhouseOne | 118.400
2017-02-06 09:17:04 | TEMPLOG : Bio   Filter | 070.700
2017-02-06 09:18:05 | TEMPLOG : WellhouseOne | 116.600
2017-02-06 09:18:06 | TEMPLOG : Bio   Filter | 071.600
2017-02-06 09:18:06 | TEMPLOG : Table    One | 068.000
2017-02-06 09:19:07 | TEMPLOG : WellhouseOne | 087.800
2017-02-06 09:19:07 | TEMPLOG : Bio   Filter | 072.500
2017-02-06 09:19:08 | TEMPLOG : Table    One | 068.900
2017-02-06 09:20:08 | TEMPLOG : WellhouseOne | 077.000
2017-02-06 09:21:09 | TEMPLOG : WellhouseOne | 070.700
2017-02-06 09:21:09 | TEMPLOG : Bio   Filter | 073.400
2017-02-06 09:21:10 | TEMPLOG : To   GeoLoop | 051.800
2017-02-06 09:21:10 | TEMPLOG : Table    One | 069.800
2017-02-06 09:22:10 | TEMPLOG : WellhouseOne | 066.200
2017-02-06 09:22:11 | TEMPLOG : Table    One | 071.600
2017-02-06 09:23:11 | TEMPLOG : WellhouseOne | 063.500
2017-02-06 09:23:11 | TEMPLOG : Bio   Filter | 074.300
2017-02-06 09:24:13 | TEMPLOG : WellhouseOne | 060.800
2017-02-06 09:24:13 | TEMPLOG : Bio   Filter | 075.200
2017-02-06 09:25:13 | TEMPLOG : WellhouseOne | 059.000
2017-02-06 09:25:14 | TEMPLOG : Bio   Filter | 076.100
2017-02-06 09:26:14 | TEMPLOG : WellhouseOne | 057.200
2017-02-06 09:26:15 | TEMPLOG : Bio   Filter | 077.000
2017-02-06 09:26:15 | TEMPLOG : Table    One | 072.500
2017-02-06 09:27:16 | TEMPLOG : WellhouseOne | 056.300
2017-02-06 09:27:16 | TEMPLOG : Bio   Filter | 077.900
2017-02-06 09:27:16 | TEMPLOG : Table    One | 073.400
2017-02-06 09:28:17 | TEMPLOG : Bio   Filter | 078.800
2017-02-06 09:28:18 | TEMPLOG : To   GeoLoop | 052.700
2017-02-06 09:29:18 | TEMPLOG : WellhouseOne | 055.400
2017-02-06 09:29:20 | TEMPLOG : Table    One | 074.300
2017-02-06 09:30:20 | TEMPLOG : WellhouseOne | 054.500
2017-02-06 09:30:20 | TEMPLOG : Bio   Filter | 079.700
2017-02-06 09:32:22 | TEMPLOG : Bio   Filter | 080.600
2017-02-06 09:33:23 | TEMPLOG : WellhouseOne | 053.600
2017-02-06 09:34:24 | TEMPLOG : Table    One | 075.200
2017-02-06 09:35:25 | TEMPLOG : WellhouseOne | 052.700
2017-02-06 09:35:26 | TEMPLOG : Bio   Filter | 081.500
2017-02-06 09:36:28 | TEMPLOG : Table    One | 076.100
2017-02-06 09:37:28 | TEMPLOG : Bio   Filter | 082.400
2017-02-06 09:37:29 | TEMPLOG : To   GeoLoop | 053.600
2017-02-06 09:38:30 | TEMPLOG : Bio   Filter | 083.300
2017-02-06 09:38:31 | TEMPLOG : Table    One | 077.000
2017-02-06 09:39:31 | TEMPLOG : WellhouseOne | 051.800
2017-02-06 09:40:32 | TEMPLOG : Bio   Filter | 084.200
2017-02-06 09:40:34 | TEMPLOG : Table    One | 077.900
2017-02-06 09:41:35 | TEMPLOG : Table    One | 077.000
2017-02-06 09:43:37 | TEMPLOG : Table    One | 076.100
2017-02-06 09:45:39 | TEMPLOG : WellhouseOne | 050.900
2017-02-06 09:45:40 | TEMPLOG : To   GeoLoop | 054.500
2017-02-06 09:46:41 | TEMPLOG : Table    One | 077.000
2017-02-06 09:48:43 | TEMPLOG : WellhouseOne | 060.800
2017-02-06 09:48:43 | TEMPLOG : Bio   Filter | 085.100
2017-02-06 09:48:44 | TEMPLOG : Table    One | 077.900
2017-02-06 09:49:44 | TEMPLOG : WellhouseOne | 114.800
2017-02-06 09:49:45 | TEMPLOG : Table    One | 078.800
2017-02-06 09:50:45 | TEMPLOG : WellhouseOne | 130.100
2017-02-06 09:50:45 | TEMPLOG : Bio   Filter | 086.000
2017-02-06 09:50:46 | TEMPLOG : Table    One | 079.700
2017-02-06 09:51:46 | TEMPLOG : WellhouseOne | 091.400
2017-02-06 09:51:47 | TEMPLOG : Bio   Filter | 086.900
2017-02-06 09:51:47 | TEMPLOG : To   GeoLoop | 055.400
2017-02-06 09:52:48 | TEMPLOG : WellhouseOne | 079.700
2017-02-06 09:52:49 | TEMPLOG : Table    One | 080.600
2017-02-06 09:53:50 | TEMPLOG : WellhouseOne | 072.500
2017-02-06 09:53:50 | TEMPLOG : Bio   Filter | 087.800
2017-02-06 09:54:52 | TEMPLOG : WellhouseOne | 068.000
2017-02-06 09:55:52 | TEMPLOG : WellhouseOne | 064.400
2017-02-06 09:56:53 | TEMPLOG : WellhouseOne | 062.600
2017-02-06 09:56:53 | TEMPLOG : Bio   Filter | 088.700
2017-02-06 09:57:54 | TEMPLOG : WellhouseOne | 060.800
2017-02-06 09:58:55 | TEMPLOG : WellhouseOne | 059.000
2017-02-06 09:58:55 | TEMPLOG : Bio   Filter | 089.600
2017-02-06 09:58:55 | TEMPLOG : To   GeoLoop | 056.300
2017-02-06 09:59:56 | TEMPLOG : WellhouseOne | 057.200
2017-02-06 10:00:57 | TEMPLOG : WellhouseOne | 057.200
2017-02-06 10:00:57 | TEMPLOG : Bio   Filter | 089.600
2017-02-06 10:00:57 | TEMPLOG : To   GeoLoop | 056.300
2017-02-06 10:00:57 | TEMPLOG : Table    One | 080.600
2017-02-06 10:01:57 | TEMPLOG : WellhouseOne | 056.300
2017-02-06 10:01:58 | TEMPLOG : Bio   Filter | 090.500
2017-02-06 10:02:59 | TEMPLOG : WellhouseOne | 055.400
2017-02-06 10:03:00 | TEMPLOG : To   GeoLoop | 057.200
2017-02-06 10:03:00 | TEMPLOG : Table    One | 081.500
2017-02-06 10:04:00 | TEMPLOG : WellhouseOne | 054.500
2017-02-06 10:05:02 | TEMPLOG : Bio   Filter | 091.400
2017-02-06 10:05:02 | TEMPLOG : Table    One | 080.600
2017-02-06 10:06:02 | TEMPLOG : WellhouseOne | 053.600
2017-02-06 10:06:03 | TEMPLOG : Table    One | 081.500
2017-02-06 10:07:04 | TEMPLOG : Table    One | 082.400
2017-02-06 10:08:05 | TEMPLOG : WellhouseOne | 052.700
2017-02-06 10:08:05 | TEMPLOG : Bio   Filter | 092.300
2017-02-06 10:08:05 | TEMPLOG : To   GeoLoop | 058.100
2017-02-06 10:09:06 | TEMPLOG : Bio   Filter | 091.400
2017-02-06 10:09:07 | TEMPLOG : Table    One | 083.300
2017-02-06 10:11:09 | TEMPLOG : Table    One | 082.400
2017-02-06 10:12:09 | TEMPLOG : WellhouseOne | 051.800
2017-02-06 10:12:10 | TEMPLOG : Bio   Filter | 090.500
2017-02-06 10:13:11 | TEMPLOG : Bio   Filter | 089.600
2017-02-06 10:13:12 | TEMPLOG : Table    One | 081.500
2017-02-06 10:14:12 | TEMPLOG : Bio   Filter | 088.700
2017-02-06 10:14:13 | TEMPLOG : Table    One | 080.600
2017-02-06 10:16:14 | TEMPLOG : WellhouseOne | 050.900
2017-02-06 10:16:14 | TEMPLOG : Bio   Filter | 086.000
2017-02-06 10:16:15 | TEMPLOG : Table    One | 077.900
2017-02-06 10:17:15 | TEMPLOG : Bio   Filter | 082.400
2017-02-06 10:17:15 | TEMPLOG : To   GeoLoop | 057.200
2017-02-06 10:17:16 | TEMPLOG : Table    One | 075.200
2017-02-06 10:18:16 | TEMPLOG : Bio   Filter | 079.700
2017-02-06 10:18:17 | TEMPLOG : Table    One | 072.500
2017-02-06 10:19:18 | TEMPLOG : Bio   Filter | 077.000
2017-02-06 10:19:18 | TEMPLOG : To   GeoLoop | 056.300
2017-02-06 10:19:18 | TEMPLOG : Table    One | 070.700
2017-02-06 10:20:19 | TEMPLOG : WellhouseOne | 050.000
2017-02-06 10:20:19 | TEMPLOG : Bio   Filter | 074.300
2017-02-06 10:20:19 | TEMPLOG : To   GeoLoop | 055.400
2017-02-06 10:20:19 | TEMPLOG : Table    One | 068.900
2017-02-06 10:21:20 | TEMPLOG : WellhouseOne | 050.900
2017-02-06 10:21:20 | TEMPLOG : Bio   Filter | 072.500
2017-02-06 10:21:21 | TEMPLOG : Table    One | 068.000
2017-02-06 10:22:22 | TEMPLOG : WellhouseOne | 109.400
2017-02-06 10:22:22 | TEMPLOG : Bio   Filter | 071.600
2017-02-06 10:22:22 | TEMPLOG : Table    One | 067.100
2017-02-06 10:23:23 | TEMPLOG : WellhouseOne | 126.500
2017-02-06 10:23:23 | TEMPLOG : Bio   Filter | 070.700
2017-02-06 10:23:25 | TEMPLOG : Table    One | 066.200
2017-02-06 10:24:25 | TEMPLOG : WellhouseOne | 090.500
2017-02-06 10:24:25 | TEMPLOG : Bio   Filter | 069.800
2017-02-06 10:25:27 | TEMPLOG : WellhouseOne | 078.800
2017-02-06 10:25:28 | TEMPLOG : Bio   Filter | 072.500
2017-02-06 10:25:29 | TEMPLOG : Table    One | 068.900
2017-02-06 10:26:29 | TEMPLOG : WellhouseOne | 072.500
2017-02-06 10:26:30 | TEMPLOG : Bio   Filter | 076.100
2017-02-06 10:26:30 | TEMPLOG : To   GeoLoop | 056.300
2017-02-06 10:26:30 | TEMPLOG : Table    One | 071.600
2017-02-06 10:27:30 | TEMPLOG : WellhouseOne | 068.900
2017-02-06 10:27:30 | TEMPLOG : Bio   Filter | 079.700
2017-02-06 10:27:31 | TEMPLOG : To   GeoLoop | 057.200
2017-02-06 10:27:31 | TEMPLOG : Table    One | 073.400
2017-02-06 10:28:32 | TEMPLOG : WellhouseOne | 066.200
2017-02-06 10:28:32 | TEMPLOG : Bio   Filter | 082.400
2017-02-06 10:28:32 | TEMPLOG : To   GeoLoop | 058.100
2017-02-06 10:28:32 | TEMPLOG : Table    One | 075.200
2017-02-06 10:29:32 | TEMPLOG : WellhouseOne | 063.500
2017-02-06 10:29:33 | TEMPLOG : Bio   Filter | 084.200
2017-02-06 10:30:34 | TEMPLOG : WellhouseOne | 061.700
2017-02-06 10:31:36 | TEMPLOG : WellhouseOne | 060.800
2017-02-06 10:31:36 | TEMPLOG : Bio   Filter | 082.400
2017-02-06 10:32:36 | TEMPLOG : WellhouseOne | 059.000
2017-02-06 10:32:37 | TEMPLOG : Table    One | 076.100
2017-02-06 10:33:37 | TEMPLOG : WellhouseOne | 058.100
2017-02-06 10:33:40 | TEMPLOG : Table    One | 075.200
2017-02-06 10:34:40 | TEMPLOG : WellhouseOne | 057.200
2017-02-06 10:34:40 | TEMPLOG : Bio   Filter | 080.600
2017-02-06 10:34:41 | TEMPLOG : Table    One | 074.300
2017-02-06 10:35:42 | TEMPLOG : Bio   Filter | 081.500
2017-02-06 10:35:42 | TEMPLOG : Table    One | 075.200
2017-02-06 10:36:42 | TEMPLOG : WellhouseOne | 056.300
2017-02-06 10:36:43 | TEMPLOG : Bio   Filter | 080.600
2017-02-06 10:36:43 | TEMPLOG : Table    One | 074.300
2017-02-06 10:37:43 | TEMPLOG : Bio   Filter | 079.700
2017-02-06 10:37:44 | TEMPLOG : Table    One | 073.400
2017-02-06 10:38:44 | TEMPLOG : Bio   Filter | 078.800
2017-02-06 10:38:44 | TEMPLOG : To   GeoLoop | 057.200
2017-02-06 10:38:45 | TEMPLOG : Table    One | 072.500
2017-02-06 10:39:45 | TEMPLOG : WellhouseOne | 055.400
2017-02-06 10:39:45 | TEMPLOG : Bio   Filter | 077.900
2017-02-06 10:41:49 | TEMPLOG : WellhouseOne | 054.500
2017-02-06 10:41:50 | TEMPLOG : Bio   Filter | 080.600
2017-02-06 10:41:50 | TEMPLOG : To   GeoLoop | 058.100
2017-02-06 10:41:51 | TEMPLOG : Table    One | 074.300
2017-02-06 10:44:53 | TEMPLOG : Bio   Filter | 081.500
2017-02-06 10:46:55 | TEMPLOG : WellhouseOne | 053.600
2017-02-06 10:46:55 | TEMPLOG : Bio   Filter | 082.400
2017-02-06 10:46:56 | TEMPLOG : To   GeoLoop | 059.000
2017-02-06 10:46:56 | TEMPLOG : Table    One | 075.200
2017-02-06 10:47:56 | TEMPLOG : Bio   Filter | 084.200
2017-02-06 10:47:57 | TEMPLOG : Table    One | 076.100
2017-02-06 10:48:58 | TEMPLOG : Bio   Filter | 086.000
2017-02-06 10:48:58 | TEMPLOG : To   GeoLoop | 059.900
2017-02-06 10:48:59 | TEMPLOG : Table    One | 077.000
2017-02-06 10:50:00 | TEMPLOG : Bio   Filter | 088.700
2017-02-06 10:50:00 | TEMPLOG : To   GeoLoop | 060.800
2017-02-06 10:50:00 | TEMPLOG : Table    One | 077.900
2017-02-06 10:51:01 | TEMPLOG : Bio   Filter | 091.400
2017-02-06 10:51:01 | TEMPLOG : To   GeoLoop | 061.700
2017-02-06 10:51:01 | TEMPLOG : Table    One | 079.700
2017-02-06 10:52:01 | TEMPLOG : Bio   Filter | 093.200
2017-02-06 10:52:02 | TEMPLOG : To   GeoLoop | 062.600
2017-02-06 10:52:02 | TEMPLOG : Table    One | 081.500
2017-02-06 10:53:02 | TEMPLOG : Bio   Filter | 095.000
2017-02-06 10:53:03 | TEMPLOG : Table    One | 083.300
2017-02-06 10:54:03 | TEMPLOG : Bio   Filter | 096.800
2017-02-06 10:54:03 | TEMPLOG : To   GeoLoop | 063.500
2017-02-06 10:54:03 | TEMPLOG : Table    One | 085.100
2017-02-06 10:55:04 | TEMPLOG : Bio   Filter | 098.600
2017-02-06 10:55:05 | TEMPLOG : To   GeoLoop | 064.400
2017-02-06 10:55:05 | TEMPLOG : Table    One | 086.900
2017-02-06 10:56:06 | TEMPLOG : Bio   Filter | 099.500
2017-02-06 10:57:07 | TEMPLOG : WellhouseOne | 060.800
2017-02-06 10:57:07 | TEMPLOG : Bio   Filter | 098.600
2017-02-06 10:58:08 | TEMPLOG : WellhouseOne | 116.600
2017-02-06 10:59:09 | TEMPLOG : WellhouseOne | 102.200
2017-02-06 10:59:09 | TEMPLOG : Bio   Filter | 096.800
2017-02-06 10:59:10 | TEMPLOG : To   GeoLoop | 063.500
2017-02-06 10:59:10 | TEMPLOG : Table    One | 086.000
2017-02-06 11:00:10 | TEMPLOG : WellhouseOne | 083.300
2017-02-06 11:00:10 | TEMPLOG : Bio   Filter | 093.200
2017-02-06 11:00:10 | TEMPLOG : To   GeoLoop | 062.600
2017-02-06 11:00:11 | TEMPLOG : Table    One | 083.300
2017-02-06 11:01:11 | TEMPLOG : WellhouseOne | 075.200
2017-02-06 11:01:11 | TEMPLOG : Bio   Filter | 089.600
2017-02-06 11:01:11 | TEMPLOG : To   GeoLoop | 061.700
2017-02-06 11:01:11 | TEMPLOG : Table    One | 080.600
2017-02-06 11:02:12 | TEMPLOG : WellhouseOne | 071.600
2017-02-06 11:02:13 | TEMPLOG : Bio   Filter | 086.900
2017-02-06 11:02:13 | TEMPLOG : To   GeoLoop | 060.800
2017-02-06 11:02:13 | TEMPLOG : Table    One | 078.800
2017-02-06 11:03:15 | TEMPLOG : WellhouseOne | 068.000
2017-02-06 11:03:15 | TEMPLOG : Bio   Filter | 085.100
2017-02-06 11:03:15 | TEMPLOG : To   GeoLoop | 059.900
2017-02-06 11:03:15 | TEMPLOG : Table    One | 077.900
2017-02-06 11:04:16 | TEMPLOG : WellhouseOne | 066.200
2017-02-06 11:04:16 | TEMPLOG : Bio   Filter | 083.300
2017-02-06 11:04:18 | TEMPLOG : Table    One | 077.000
2017-02-06 11:05:19 | TEMPLOG : WellhouseOne | 064.400
2017-02-06 11:05:19 | TEMPLOG : Bio   Filter | 082.400
2017-02-06 11:06:20 | TEMPLOG : WellhouseOne | 062.600
2017-02-06 11:06:20 | TEMPLOG : Bio   Filter | 081.500
2017-02-06 11:06:21 | TEMPLOG : To   GeoLoop | 059.000
2017-02-06 11:06:22 | TEMPLOG : Table    One | 075.200
2017-02-06 11:07:22 | TEMPLOG : WellhouseOne | 061.700
2017-02-06 11:07:22 | TEMPLOG : Bio   Filter | 078.800
2017-02-06 11:07:22 | TEMPLOG : Table    One | 074.300
2017-02-06 11:08:22 | TEMPLOG : WellhouseOne | 060.800
2017-02-06 11:08:23 | TEMPLOG : Bio   Filter | 077.000
2017-02-06 11:08:23 | TEMPLOG : To   GeoLoop | 058.100
2017-02-06 11:08:23 | TEMPLOG : Table    One | 072.500
2017-02-06 11:09:24 | TEMPLOG : WellhouseOne | 059.900
2017-02-06 11:09:24 | TEMPLOG : Bio   Filter | 075.200
2017-02-06 11:09:24 | TEMPLOG : Table    One | 071.600
2017-02-06 11:10:24 | TEMPLOG : WellhouseOne | 059.000
2017-02-06 11:10:25 | TEMPLOG : Bio   Filter | 074.300
2017-02-06 11:10:25 | TEMPLOG : To   GeoLoop | 057.200
2017-02-06 11:10:26 | TEMPLOG : Table    One | 070.700
2017-02-06 11:11:26 | TEMPLOG : Bio   Filter | 073.400
2017-02-06 11:11:27 | TEMPLOG : Table    One | 069.800
2017-02-06 11:12:27 | TEMPLOG : WellhouseOne | 058.100
2017-02-06 11:12:28 | TEMPLOG : Bio   Filter | 072.500
2017-02-06 11:13:30 | TEMPLOG : Bio   Filter | 071.600
2017-02-06 11:13:31 | TEMPLOG : Table    One | 068.900
2017-02-06 11:14:31 | TEMPLOG : WellhouseOne | 057.200
2017-02-06 11:15:33 | TEMPLOG : Bio   Filter | 070.700
2017-02-06 11:15:33 | TEMPLOG : Table    One | 068.000
2017-02-06 11:16:34 | TEMPLOG : Bio   Filter | 071.600
2017-02-06 11:16:34 | TEMPLOG : Table    One | 068.900
2017-02-06 11:18:35 | TEMPLOG : WellhouseOne | 056.300
2017-02-06 11:18:36 | TEMPLOG : Table    One | 068.000
2017-02-06 11:19:37 | TEMPLOG : Bio   Filter | 070.700
2017-02-06 11:20:38 | TEMPLOG : Bio   Filter | 069.800
2017-02-06 11:20:40 | TEMPLOG : Table    One | 067.100
2017-02-06 11:21:40 | TEMPLOG : WellhouseOne | 055.400
2017-02-06 11:21:40 | TEMPLOG : Bio   Filter | 068.900
2017-02-06 11:21:41 | TEMPLOG : To   GeoLoop | 056.300
2017-02-06 11:21:41 | TEMPLOG : Table    One | 066.200
2017-02-06 11:22:42 | TEMPLOG : Bio   Filter | 068.000
2017-02-06 11:22:42 | TEMPLOG : Table    One | 065.300
2017-02-06 11:23:43 | TEMPLOG : Bio   Filter | 067.100
2017-02-06 11:24:45 | TEMPLOG : Bio   Filter | 066.200
2017-02-06 11:24:45 | TEMPLOG : Table    One | 064.400
2017-02-06 11:25:46 | TEMPLOG : Bio   Filter | 065.300
2017-02-06 11:25:46 | TEMPLOG : Table    One | 063.500
2017-02-06 11:27:47 | TEMPLOG : Bio   Filter | 064.400
2017-02-06 11:28:50 | TEMPLOG : Table    One | 062.600
2017-02-06 11:29:51 | TEMPLOG : Bio   Filter | 063.500
2017-02-06 11:29:51 | TEMPLOG : To   GeoLoop | 055.400
2017-02-06 11:30:52 | TEMPLOG : WellhouseOne | 054.500
2017-02-06 11:30:53 | TEMPLOG : Table    One | 061.700
2017-02-06 11:31:54 | TEMPLOG : WellhouseOne | 055.400
2017-02-06 11:32:55 | TEMPLOG : WellhouseOne | 123.800
2017-02-06 11:32:55 | TEMPLOG : Bio   Filter | 062.600
2017-02-06 11:33:56 | TEMPLOG : WellhouseOne | 137.300
2017-02-06 11:33:57 | TEMPLOG : Table    One | 060.800
2017-02-06 11:34:57 | TEMPLOG : WellhouseOne | 086.900
2017-02-06 11:34:57 | TEMPLOG : Bio   Filter | 061.700
2017-02-06 11:35:58 | TEMPLOG : WellhouseOne | 073.400
2017-02-06 11:36:59 | TEMPLOG : WellhouseOne | 068.900
2017-02-06 11:38:01 | TEMPLOG : WellhouseOne | 065.300
2017-02-06 11:38:01 | TEMPLOG : Bio   Filter | 060.800
2017-02-06 11:38:01 | TEMPLOG : Table    One | 059.900
2017-02-06 11:39:02 | TEMPLOG : WellhouseOne | 063.500
2017-02-06 11:40:03 | TEMPLOG : WellhouseOne | 061.700
2017-02-06 11:41:04 | TEMPLOG : WellhouseOne | 060.800
2017-02-06 11:42:06 | TEMPLOG : WellhouseOne | 059.900
2017-02-06 11:43:07 | TEMPLOG : WellhouseOne | 059.000
2017-02-06 11:45:10 | TEMPLOG : WellhouseOne | 058.100
2017-02-06 11:47:14 | TEMPLOG : Bio   Filter | 059.900
2017-02-06 11:49:15 | TEMPLOG : WellhouseOne | 057.200
2017-02-06 11:50:17 | TEMPLOG : Table    One | 059.000
2017-02-06 11:51:18 | TEMPLOG : To   GeoLoop | 054.500
2017-02-06 11:52:19 | TEMPLOG : To   GeoLoop | 055.400
2017-02-06 11:53:20 | TEMPLOG : To   GeoLoop | 054.500
2017-02-06 11:54:20 | TEMPLOG : WellhouseOne | 056.300
2017-02-06 11:54:21 | TEMPLOG : Table    One | 059.900
2017-02-06 11:55:22 | TEMPLOG : To   GeoLoop | 055.400
2017-02-06 11:55:22 | TEMPLOG : Table    One | 059.000
2017-02-06 11:56:22 | TEMPLOG : To   GeoLoop | 054.500
2017-02-06 11:56:23 | TEMPLOG : Table    One | 059.900
2017-02-06 11:57:25 | TEMPLOG : To   GeoLoop | 055.400
2017-02-06 12:00:29 | TEMPLOG : WellhouseOne | 056.300
2017-02-06 12:00:29 | TEMPLOG : Bio   Filter | 059.900
2017-02-06 12:00:29 | TEMPLOG : To   GeoLoop | 055.400
2017-02-06 12:00:29 | TEMPLOG : Table    One | 059.900
2017-02-06 12:02:33 | TEMPLOG : Table    One | 060.800
2017-02-06 12:03:35 | TEMPLOG : Bio   Filter | 060.800
2017-02-06 12:05:39 | TEMPLOG : Table    One | 061.700
2017-02-06 12:06:40 | TEMPLOG : Bio   Filter | 062.600
2017-02-06 12:06:41 | TEMPLOG : Table    One | 063.500
2017-02-06 12:07:42 | TEMPLOG : Bio   Filter | 063.500
2017-02-06 12:07:42 | TEMPLOG : To   GeoLoop | 056.300
2017-02-06 12:07:42 | TEMPLOG : Table    One | 065.300
2017-02-06 12:08:43 | TEMPLOG : WellhouseOne | 083.300
2017-02-06 12:08:43 | TEMPLOG : Table    One | 064.400
2017-02-06 12:09:43 | TEMPLOG : WellhouseOne | 122.000
2017-02-06 12:09:44 | TEMPLOG : Bio   Filter | 064.400
2017-02-06 12:10:45 | TEMPLOG : WellhouseOne | 094.100
2017-02-06 12:10:45 | TEMPLOG : To   GeoLoop | 057.200
2017-02-06 12:10:45 | TEMPLOG : Table    One | 065.300
2017-02-06 12:11:45 | TEMPLOG : WellhouseOne | 077.900
2017-02-06 12:12:47 | TEMPLOG : WellhouseOne | 072.500
2017-02-06 12:13:48 | TEMPLOG : WellhouseOne | 068.000
2017-02-06 12:13:48 | TEMPLOG : Bio   Filter | 065.300
2017-02-06 12:14:49 | TEMPLOG : WellhouseOne | 065.300
2017-02-06 12:15:50 | TEMPLOG : WellhouseOne | 063.500
2017-02-06 12:16:51 | TEMPLOG : WellhouseOne | 062.600
2017-02-06 12:16:52 | TEMPLOG : To   GeoLoop | 056.300
2017-02-06 12:17:53 | TEMPLOG : WellhouseOne | 061.700
2017-02-06 12:18:53 | TEMPLOG : WellhouseOne | 060.800
2017-02-06 12:18:55 | TEMPLOG : Bio   Filter | 064.400
2017-02-06 12:18:55 | TEMPLOG : Table    One | 064.400
2017-02-06 12:20:57 | TEMPLOG : WellhouseOne | 059.900
2017-02-06 12:21:59 | TEMPLOG : Table    One | 065.300
2017-02-06 12:24:01 | TEMPLOG : WellhouseOne | 059.000
2017-02-06 12:24:01 | TEMPLOG : Bio   Filter | 065.300
2017-02-06 12:25:03 | TEMPLOG : To   GeoLoop | 057.200
2017-02-06 12:25:03 | TEMPLOG : Table    One | 066.200
2017-02-06 12:27:05 | TEMPLOG : Bio   Filter | 066.200
2017-02-06 12:27:06 | TEMPLOG : Table    One | 067.100
2017-02-06 12:28:06 | TEMPLOG : WellhouseOne | 058.100
2017-02-06 12:29:08 | TEMPLOG : Bio   Filter | 067.100
2017-02-06 12:29:09 | TEMPLOG : Table    One | 068.000
2017-02-06 12:30:09 | TEMPLOG : WellhouseOne | 059.000
2017-02-06 12:30:09 | TEMPLOG : Bio   Filter | 068.000
2017-02-06 12:31:10 | TEMPLOG : WellhouseOne | 058.100
2017-02-06 12:31:10 | TEMPLOG : To   GeoLoop | 058.100
2017-02-06 12:31:10 | TEMPLOG : Table    One | 068.900
2017-02-06 12:32:11 | TEMPLOG : Bio   Filter | 068.900
2017-02-06 12:33:12 | TEMPLOG : Bio   Filter | 069.800
2017-02-06 12:33:13 | TEMPLOG : Table    One | 069.800
2017-02-06 12:35:15 | TEMPLOG : To   GeoLoop | 059.000
2017-02-06 12:36:16 | TEMPLOG : To   GeoLoop | 058.100
2017-02-06 12:37:16 | TEMPLOG : WellhouseOne | 057.200
2017-02-06 12:37:17 | TEMPLOG : To   GeoLoop | 059.000
2017-02-06 12:39:19 | TEMPLOG : WellhouseOne | 058.100
2017-02-06 12:39:19 | TEMPLOG : To   GeoLoop | 058.100
2017-02-06 12:39:20 | TEMPLOG : Table    One | 070.700
2017-02-06 12:40:21 | TEMPLOG : WellhouseOne | 057.200
2017-02-06 12:40:21 | TEMPLOG : Bio   Filter | 070.700
2017-02-06 12:40:21 | TEMPLOG : To   GeoLoop | 059.000
2017-02-06 12:42:25 | TEMPLOG : Table    One | 069.800
2017-02-06 12:44:27 | TEMPLOG : Bio   Filter | 069.800
2017-02-06 12:44:27 | TEMPLOG : To   GeoLoop | 058.100
2017-02-06 12:48:32 | TEMPLOG : Table    One | 068.900
2017-02-06 12:49:33 | TEMPLOG : WellhouseOne | 112.100
2017-02-06 12:49:33 | TEMPLOG : Bio   Filter | 068.900
2017-02-06 12:50:34 | TEMPLOG : WellhouseOne | 102.200
2017-02-06 12:50:34 | TEMPLOG : Table    One | 068.000
2017-02-06 12:51:35 | TEMPLOG : WellhouseOne | 085.100
2017-02-06 12:52:36 | TEMPLOG : WellhouseOne | 075.200
2017-02-06 12:52:37 | TEMPLOG : Bio   Filter | 068.000
2017-02-06 12:53:38 | TEMPLOG : WellhouseOne | 069.800
2017-02-06 12:53:39 | TEMPLOG : Table    One | 067.100
2017-02-06 12:54:39 | TEMPLOG : WellhouseOne | 067.100
2017-02-06 12:55:41 | TEMPLOG : WellhouseOne | 065.300
2017-02-06 12:55:42 | TEMPLOG : Bio   Filter | 067.100
2017-02-06 12:56:43 | TEMPLOG : WellhouseOne | 063.500
2017-02-06 12:56:44 | TEMPLOG : Table    One | 066.200
2017-02-06 12:57:44 | TEMPLOG : WellhouseOne | 062.600
2017-02-06 12:57:45 | TEMPLOG : Bio   Filter | 066.200
2017-02-06 12:58:45 | TEMPLOG : WellhouseOne | 061.700
2017-02-06 12:58:46 | TEMPLOG : To   GeoLoop | 057.200
2017-02-06 12:58:46 | TEMPLOG : Table    One | 065.300
2017-02-06 13:00:47 | TEMPLOG : WellhouseOne | 061.700
2017-02-06 13:00:47 | TEMPLOG : Bio   Filter | 065.300
2017-02-06 13:00:47 | TEMPLOG : To   GeoLoop | 057.200
2017-02-06 13:00:48 | TEMPLOG : Table    One | 065.300
2017-02-06 13:01:49 | TEMPLOG : WellhouseOne | 060.800
2017-02-06 13:01:49 | TEMPLOG : Table    One | 064.400
2017-02-06 13:02:50 | TEMPLOG : Bio   Filter | 064.400
2017-02-06 13:03:51 | TEMPLOG : WellhouseOne | 059.900
2017-02-06 13:03:52 | TEMPLOG : Table    One | 063.500
2017-02-06 13:04:53 | TEMPLOG : To   GeoLoop | 056.300
2017-02-06 13:04:53 | TEMPLOG : Table    One | 062.600
2017-02-06 13:05:53 | TEMPLOG : Bio   Filter | 063.500
2017-02-06 13:07:55 | TEMPLOG : WellhouseOne | 059.000
2017-02-06 13:07:56 | TEMPLOG : Bio   Filter | 062.600
2017-02-06 13:08:58 | TEMPLOG : Table    One | 061.700
2017-02-06 13:12:01 | TEMPLOG : Bio   Filter | 061.700
2017-02-06 13:14:03 | TEMPLOG : WellhouseOne | 058.100
2017-02-06 13:14:04 | TEMPLOG : Table    One | 060.800
2017-02-06 13:15:05 | TEMPLOG : Table    One | 061.700
2017-02-06 13:17:07 | TEMPLOG : Bio   Filter | 060.800
2017-02-06 13:17:08 | TEMPLOG : Table    One | 060.800
2017-02-06 13:18:09 | TEMPLOG : Bio   Filter | 061.700
2017-02-06 13:22:15 | TEMPLOG : Table    One | 061.700
2017-02-06 13:24:17 | TEMPLOG : WellhouseOne | 057.200
2017-02-06 13:24:17 | TEMPLOG : Bio   Filter | 060.800
2017-02-06 13:25:20 | TEMPLOG : Bio   Filter | 061.700
2017-02-06 13:31:28 | TEMPLOG : WellhouseOne | 095.900
2017-02-06 13:32:29 | TEMPLOG : WellhouseOne | 121.100
2017-02-06 13:33:31 | TEMPLOG : WellhouseOne | 087.800
2017-02-06 13:34:32 | TEMPLOG : WellhouseOne | 078.800
2017-02-06 13:35:33 | TEMPLOG : WellhouseOne | 073.400
2017-02-06 13:35:34 | TEMPLOG : To   GeoLoop | 057.200
2017-02-06 13:35:34 | TEMPLOG : Table    One | 062.600
2017-02-06 13:36:35 | TEMPLOG : WellhouseOne | 069.800
2017-02-06 13:36:35 | TEMPLOG : To   GeoLoop | 056.300
2017-02-06 13:36:36 | TEMPLOG : Table    One | 061.700
2017-02-06 13:37:36 | TEMPLOG : WellhouseOne | 067.100
2017-02-06 13:37:36 | TEMPLOG : To   GeoLoop | 057.200
2017-02-06 13:38:37 | TEMPLOG : WellhouseOne | 065.300
2017-02-06 13:39:38 | TEMPLOG : WellhouseOne | 064.400
2017-02-06 13:39:39 | TEMPLOG : Bio   Filter | 062.600
2017-02-06 13:39:40 | TEMPLOG : Table    One | 062.600
2017-02-06 13:40:40 | TEMPLOG : WellhouseOne | 062.600
2017-02-06 13:40:40 | TEMPLOG : Bio   Filter | 061.700
2017-02-06 13:40:41 | TEMPLOG : Table    One | 061.700
2017-02-06 13:41:41 | TEMPLOG : WellhouseOne | 061.700
2017-02-06 13:41:41 | TEMPLOG : Bio   Filter | 062.600
2017-02-06 13:41:42 | TEMPLOG : Table    One | 062.600
2017-02-06 13:42:42 | TEMPLOG : WellhouseOne | 060.800
2017-02-06 13:43:44 | TEMPLOG : To   GeoLoop | 056.300
2017-02-06 13:44:45 | TEMPLOG : WellhouseOne | 059.900
2017-02-06 13:44:45 | TEMPLOG : To   GeoLoop | 057.200
2017-02-06 13:47:48 | TEMPLOG : WellhouseOne | 059.000
2017-02-06 13:47:49 | TEMPLOG : Bio   Filter | 061.700
2017-02-06 13:47:49 | TEMPLOG : To   GeoLoop | 056.300
2017-02-06 13:48:50 | TEMPLOG : Table    One | 061.700
2017-02-06 13:51:52 | TEMPLOG : WellhouseOne | 058.100
2017-02-06 14:00:03 | TEMPLOG : WellhouseOne | 058.100
2017-02-06 14:00:03 | TEMPLOG : Bio   Filter | 061.700
2017-02-06 14:00:04 | TEMPLOG : To   GeoLoop | 056.300
2017-02-06 14:00:04 | TEMPLOG : Table    One | 060.800
2017-02-06 14:01:04 | TEMPLOG : WellhouseOne | 057.200
2017-02-06 14:01:06 | TEMPLOG : Table    One | 061.700
2017-02-06 14:02:06 | TEMPLOG : Bio   Filter | 060.800
2017-02-06 14:04:10 | TEMPLOG : Table    One | 060.800
2017-02-06 14:05:11 | TEMPLOG : Bio   Filter | 061.700
2017-02-06 14:05:11 | TEMPLOG : To   GeoLoop | 057.200
2017-02-06 14:05:11 | TEMPLOG : Table    One | 061.700
2017-02-06 14:06:12 | TEMPLOG : Bio   Filter | 060.800
2017-02-06 14:06:12 | TEMPLOG : To   GeoLoop | 056.300
2017-02-06 14:06:12 | TEMPLOG : Table    One | 060.800
2017-02-06 14:09:15 | TEMPLOG : WellhouseOne | 056.300
2017-02-06 14:10:17 | TEMPLOG : WellhouseOne | 057.200
2017-02-06 14:11:18 | TEMPLOG : WellhouseOne | 075.200
2017-02-06 14:11:18 | TEMPLOG : To   GeoLoop | 057.200
2017-02-06 14:12:19 | TEMPLOG : WellhouseOne | 122.000
2017-02-06 14:13:20 | TEMPLOG : WellhouseOne | 095.900
2017-02-06 14:13:21 | TEMPLOG : To   GeoLoop | 056.300
2017-02-06 14:14:21 | TEMPLOG : WellhouseOne | 080.600
2017-02-06 14:14:22 | TEMPLOG : To   GeoLoop | 057.200
2017-02-06 14:15:22 | TEMPLOG : WellhouseOne | 074.300
2017-02-06 14:16:23 | TEMPLOG : WellhouseOne | 070.700
2017-02-06 14:17:25 | TEMPLOG : WellhouseOne | 068.000
2017-02-06 14:17:26 | TEMPLOG : To   GeoLoop | 056.300
2017-02-06 14:17:26 | TEMPLOG : Table    One | 061.700
2017-02-06 14:18:27 | TEMPLOG : WellhouseOne | 066.200
2017-02-06 14:18:27 | TEMPLOG : To   GeoLoop | 057.200
2017-02-06 14:19:28 | TEMPLOG : WellhouseOne | 064.400
2017-02-06 14:20:30 | TEMPLOG : WellhouseOne | 063.500
2017-02-06 14:20:31 | TEMPLOG : To   GeoLoop | 056.300
2017-02-06 14:21:31 | TEMPLOG : WellhouseOne | 062.600
2017-02-06 14:21:32 | TEMPLOG : To   GeoLoop | 057.200
2017-02-06 14:23:34 | TEMPLOG : WellhouseOne | 061.700
2017-02-06 14:24:35 | TEMPLOG : Bio   Filter | 061.700
2017-02-06 14:25:36 | TEMPLOG : WellhouseOne | 060.800
2017-02-06 14:26:38 | TEMPLOG : Table    One | 062.600
2017-02-06 14:27:39 | TEMPLOG : WellhouseOne | 059.900
2017-02-06 14:29:41 | TEMPLOG : Bio   Filter | 062.600
2017-02-06 14:30:42 | TEMPLOG : Bio   Filter | 061.700
2017-02-06 14:30:43 | TEMPLOG : Table    One | 063.500
2017-02-06 14:31:43 | TEMPLOG : WellhouseOne | 059.000
2017-02-06 14:31:43 | TEMPLOG : Bio   Filter | 062.600
2017-02-06 14:31:43 | TEMPLOG : To   GeoLoop | 058.100
2017-02-06 14:33:46 | TEMPLOG : Table    One | 064.400
2017-02-06 14:37:51 | TEMPLOG : WellhouseOne | 058.100
2017-02-06 14:38:52 | TEMPLOG : WellhouseOne | 059.000
2017-02-06 14:38:53 | TEMPLOG : Bio   Filter | 063.500
2017-02-06 14:38:53 | TEMPLOG : To   GeoLoop | 057.200
2017-02-06 14:39:54 | TEMPLOG : WellhouseOne | 058.100
2017-02-06 14:39:55 | TEMPLOG : To   GeoLoop | 058.100
2017-02-06 14:48:06 | TEMPLOG : Table    One | 065.300
2017-02-06 14:49:06 | TEMPLOG : WellhouseOne | 057.200
2017-02-06 14:52:10 | TEMPLOG : Table    One | 064.400
2017-02-06 14:54:11 | TEMPLOG : WellhouseOne | 096.800
2017-02-06 14:55:12 | TEMPLOG : WellhouseOne | 126.500
2017-02-06 14:55:12 | TEMPLOG : Bio   Filter | 062.600
2017-02-06 14:55:13 | TEMPLOG : Table    One | 063.500
2017-02-06 14:56:13 | TEMPLOG : WellhouseOne | 089.600
2017-02-06 14:56:14 | TEMPLOG : Table    One | 064.400
2017-02-06 14:57:15 | TEMPLOG : WellhouseOne | 078.800
2017-02-06 14:57:15 | TEMPLOG : Bio   Filter | 063.500
2017-02-06 14:58:16 | TEMPLOG : WellhouseOne | 073.400
2017-02-06 14:59:18 | TEMPLOG : WellhouseOne | 070.700
2017-02-06 14:59:18 | TEMPLOG : Bio   Filter | 062.600
2017-02-06 14:59:19 | TEMPLOG : Table    One | 063.500
2017-02-06 15:00:19 | TEMPLOG : WellhouseOne | 068.000
2017-02-06 15:00:20 | TEMPLOG : Bio   Filter | 062.600
2017-02-06 15:00:20 | TEMPLOG : To   GeoLoop | 058.100
2017-02-06 15:00:21 | TEMPLOG : Table    One | 063.500
2017-02-06 15:01:22 | TEMPLOG : WellhouseOne | 067.100
2017-02-06 15:02:23 | TEMPLOG : WellhouseOne | 065.300
2017-02-06 15:03:23 | TEMPLOG : WellhouseOne | 064.400
2017-02-06 15:03:24 | TEMPLOG : To   GeoLoop | 057.200
2017-02-06 15:03:24 | TEMPLOG : Table    One | 062.600
2017-02-06 15:04:24 | TEMPLOG : WellhouseOne | 063.500
2017-02-06 15:04:24 | TEMPLOG : Bio   Filter | 061.700
2017-02-06 15:05:25 | TEMPLOG : WellhouseOne | 062.600
2017-02-06 15:05:25 | TEMPLOG : To   GeoLoop | 058.100
2017-02-06 15:06:26 | TEMPLOG : WellhouseOne | 061.700
2017-02-06 15:06:27 | TEMPLOG : To   GeoLoop | 057.200
2017-02-06 15:08:29 | TEMPLOG : WellhouseOne | 060.800
2017-02-06 15:11:33 | TEMPLOG : WellhouseOne | 059.900
2017-02-06 15:15:37 | TEMPLOG : WellhouseOne | 059.000
2017-02-06 15:16:39 | TEMPLOG : Table    One | 061.700
2017-02-06 15:17:40 | TEMPLOG : Table    One | 062.600
2017-02-06 15:18:41 | TEMPLOG : Bio   Filter | 060.800
2017-02-06 15:19:42 | TEMPLOG : Table    One | 061.700
2017-02-06 15:20:44 | TEMPLOG : Table    One | 062.600
2017-02-06 15:21:44 | TEMPLOG : WellhouseOne | 058.100
2017-02-06 15:21:44 | TEMPLOG : Table    One | 061.700
2017-02-06 15:22:45 | TEMPLOG : Table    One | 062.600
2017-02-06 15:26:49 | TEMPLOG : Bio   Filter | 061.700
2017-02-06 15:26:50 | TEMPLOG : Table    One | 063.500
2017-02-06 15:27:50 | TEMPLOG : WellhouseOne | 057.200
2017-02-06 15:27:50 | TEMPLOG : To   GeoLoop | 058.100
2017-02-06 15:27:51 | TEMPLOG : Table    One | 062.600
2017-02-06 15:28:51 | TEMPLOG : Table    One | 063.500
2017-02-06 15:29:52 | TEMPLOG : WellhouseOne | 058.100
2017-02-06 15:30:52 | TEMPLOG : WellhouseOne | 057.200
2017-02-06 15:36:02 | TEMPLOG : WellhouseOne | 073.400
2017-02-06 15:37:05 | TEMPLOG : WellhouseOne | 127.400
2017-02-06 15:38:05 | TEMPLOG : WellhouseOne | 106.700
2017-02-06 15:39:08 | TEMPLOG : WellhouseOne | 084.200
2017-02-06 15:40:10 | TEMPLOG : WellhouseOne | 076.100
2017-02-06 15:40:10 | TEMPLOG : Bio   Filter | 060.800
2017-02-06 15:40:11 | TEMPLOG : To   GeoLoop | 057.200
2017-02-06 15:41:11 | TEMPLOG : WellhouseOne | 071.600
2017-02-06 15:41:13 | TEMPLOG : Table    One | 062.600
2017-02-06 15:42:13 | TEMPLOG : WellhouseOne | 068.000
2017-02-06 15:43:14 | TEMPLOG : WellhouseOne | 066.200
2017-02-06 15:44:15 | TEMPLOG : WellhouseOne | 063.500
2017-02-06 15:44:16 | TEMPLOG : Table    One | 061.700
2017-02-06 15:45:17 | TEMPLOG : WellhouseOne | 062.600
2017-02-06 15:46:18 | TEMPLOG : WellhouseOne | 061.700
2017-02-06 15:46:18 | TEMPLOG : Bio   Filter | 059.900
2017-02-06 15:47:19 | TEMPLOG : WellhouseOne | 060.800
2017-02-06 15:49:23 | TEMPLOG : WellhouseOne | 059.900
2017-02-06 15:49:23 | TEMPLOG : Bio   Filter | 060.800
2017-02-06 15:50:24 | TEMPLOG : Bio   Filter | 059.900
2017-02-06 15:51:25 | TEMPLOG : WellhouseOne | 059.000
2017-02-06 15:54:29 | TEMPLOG : WellhouseOne | 058.100
2017-02-06 15:58:35 | TEMPLOG : Table    One | 062.600
2017-02-06 16:00:36 | TEMPLOG : WellhouseOne | 058.100
2017-02-06 16:00:36 | TEMPLOG : Bio   Filter | 059.900
2017-02-06 16:00:37 | TEMPLOG : To   GeoLoop | 057.200
2017-02-06 16:00:37 | TEMPLOG : Table    One | 062.600
2017-02-06 16:02:40 | TEMPLOG : Table    One | 061.700
2017-02-06 16:05:43 | TEMPLOG : WellhouseOne | 057.200
2017-02-06 16:06:44 | TEMPLOG : Bio   Filter | 059.000
2017-02-06 16:13:54 | TEMPLOG : Table    One | 060.800
2017-02-06 16:15:55 | TEMPLOG : WellhouseOne | 100.400
2017-02-06 16:15:57 | TEMPLOG : Table    One | 061.700
2017-02-06 16:16:57 | TEMPLOG : WellhouseOne | 117.500
2017-02-06 16:17:58 | TEMPLOG : WellhouseOne | 087.800
2017-02-06 16:17:59 | TEMPLOG : Table    One | 062.600
2017-02-06 16:18:59 | TEMPLOG : WellhouseOne | 077.900
2017-02-06 16:20:00 | TEMPLOG : WellhouseOne | 071.600
2017-02-06 16:21:02 | TEMPLOG : WellhouseOne | 068.900
2017-02-06 16:22:04 | TEMPLOG : WellhouseOne | 066.200
2017-02-06 16:23:05 | TEMPLOG : WellhouseOne | 065.300
2017-02-06 16:23:05 | TEMPLOG : Table    One | 061.700
2017-02-06 16:24:06 | TEMPLOG : WellhouseOne | 063.500
2017-02-06 16:25:08 | TEMPLOG : Table    One | 060.800
2017-02-06 16:26:08 | TEMPLOG : WellhouseOne | 062.600
2017-02-06 16:26:09 | TEMPLOG : Table    One | 059.900
2017-02-06 16:27:10 | TEMPLOG : WellhouseOne | 061.700
2017-02-06 16:27:10 | TEMPLOG : Bio   Filter | 058.100
2017-02-06 16:29:12 | TEMPLOG : WellhouseOne | 060.800
2017-02-06 16:29:12 | TEMPLOG : To   GeoLoop | 056.300
2017-02-06 16:30:13 | TEMPLOG : To   GeoLoop | 057.200
2017-02-06 16:30:14 | TEMPLOG : Table    One | 059.000
2017-02-06 16:31:14 | TEMPLOG : WellhouseOne | 059.900
2017-02-06 16:31:14 | TEMPLOG : Bio   Filter | 057.200
2017-02-06 16:32:15 | TEMPLOG : To   GeoLoop | 056.300
2017-02-06 16:32:15 | TEMPLOG : Table    One | 058.100
2017-02-06 16:33:16 | TEMPLOG : WellhouseOne | 059.000
2017-02-06 16:33:16 | TEMPLOG : Bio   Filter | 058.100
2017-02-06 16:33:16 | TEMPLOG : Table    One | 060.800
2017-02-06 16:34:17 | TEMPLOG : To   GeoLoop | 057.200
2017-02-06 16:34:17 | TEMPLOG : Table    One | 062.600
2017-02-06 16:35:18 | TEMPLOG : WellhouseOne | 058.100
2017-02-06 16:35:18 | TEMPLOG : Bio   Filter | 059.000
2017-02-06 16:35:20 | TEMPLOG : Table    One | 064.400
2017-02-06 16:36:21 | TEMPLOG : Table    One | 062.600
2017-02-06 16:37:22 | TEMPLOG : Bio   Filter | 058.100
2017-02-06 16:37:22 | TEMPLOG : Table    One | 060.800
2017-02-06 16:38:23 | TEMPLOG : To   GeoLoop | 056.300
2017-02-06 16:38:23 | TEMPLOG : Table    One | 059.000
2017-02-06 16:39:24 | TEMPLOG : Bio   Filter | 057.200
2017-02-06 16:39:25 | TEMPLOG : Table    One | 058.100
2017-02-06 16:40:26 | TEMPLOG : Table    One | 057.200
2017-02-06 16:41:27 | TEMPLOG : Bio   Filter | 056.300
2017-02-06 16:42:28 | TEMPLOG : WellhouseOne | 057.200
2017-02-06 16:43:29 | TEMPLOG : Bio   Filter | 057.200
2017-02-06 16:43:30 | TEMPLOG : Table    One | 059.000
2017-02-06 16:44:31 | TEMPLOG : Table    One | 059.900
2017-02-06 16:45:32 | TEMPLOG : WellhouseOne | 058.100
2017-02-06 16:45:32 | TEMPLOG : To   GeoLoop | 057.200
2017-02-06 16:45:33 | TEMPLOG : Table    One | 060.800
2017-02-06 16:46:33 | TEMPLOG : WellhouseOne | 057.200
2017-02-06 16:46:33 | TEMPLOG : Bio   Filter | 058.100
2017-02-06 16:46:33 | TEMPLOG : Table    One | 061.700
2017-02-06 16:49:37 | TEMPLOG : Table    One | 060.800
2017-02-06 16:50:38 | TEMPLOG : Table    One | 059.900
2017-02-06 16:51:38 | TEMPLOG : Bio   Filter | 057.200
2017-02-06 16:51:39 | TEMPLOG : To   GeoLoop | 056.300
2017-02-06 16:51:39 | TEMPLOG : Table    One | 058.100
2017-02-06 16:52:39 | TEMPLOG : WellhouseOne | 056.300
2017-02-06 16:52:40 | TEMPLOG : Table    One | 057.200
2017-02-06 16:53:40 | TEMPLOG : Bio   Filter | 056.300
2017-02-06 16:53:41 | TEMPLOG : Table    One | 056.300
2017-02-06 16:54:41 | TEMPLOG : Bio   Filter | 055.400
2017-02-06 16:54:41 | TEMPLOG : To   GeoLoop | 055.400
2017-02-06 16:54:41 | TEMPLOG : Table    One | 055.400
2017-02-06 16:56:44 | TEMPLOG : Bio   Filter | 054.500
2017-02-06 16:56:44 | TEMPLOG : Table    One | 054.500
2017-02-06 16:57:45 | TEMPLOG : WellhouseOne | 113.000
2017-02-06 16:58:47 | TEMPLOG : WellhouseOne | 102.200
2017-02-06 16:59:47 | TEMPLOG : WellhouseOne | 081.500
2017-02-06 16:59:47 | TEMPLOG : Bio   Filter | 053.600
2017-02-06 16:59:48 | TEMPLOG : Table    One | 053.600
2017-02-06 17:00:48 | TEMPLOG : WellhouseOne | 074.300
2017-02-06 17:00:48 | TEMPLOG : Bio   Filter | 053.600
2017-02-06 17:00:49 | TEMPLOG : To   GeoLoop | 055.400
2017-02-06 17:00:49 | TEMPLOG : Table    One | 053.600
2017-02-06 17:01:49 | TEMPLOG : WellhouseOne | 069.800
2017-02-06 17:02:51 | TEMPLOG : WellhouseOne | 067.100
2017-02-06 17:02:52 | TEMPLOG : Table    One | 052.700
2017-02-06 17:03:52 | TEMPLOG : WellhouseOne | 064.400
2017-02-06 17:03:53 | TEMPLOG : Bio   Filter | 052.700
2017-02-06 17:03:53 | TEMPLOG : Table    One | 053.600
2017-02-06 17:04:53 | TEMPLOG : WellhouseOne | 063.500
2017-02-06 17:04:54 | TEMPLOG : Table    One | 052.700
2017-02-06 17:05:54 | TEMPLOG : WellhouseOne | 061.700
2017-02-06 17:06:55 | TEMPLOG : WellhouseOne | 060.800
2017-02-06 17:07:57 | TEMPLOG : WellhouseOne | 059.900
2017-02-06 17:07:58 | TEMPLOG : Bio   Filter | 051.800
2017-02-06 17:09:00 | TEMPLOG : Table    One | 051.800
2017-02-06 17:10:00 | TEMPLOG : WellhouseOne | 059.000
2017-02-06 17:12:02 | TEMPLOG : WellhouseOne | 058.100
2017-02-06 17:12:03 | TEMPLOG : To   GeoLoop | 054.500
2017-02-06 17:13:05 | TEMPLOG : Table    One | 050.900
2017-02-06 17:14:06 | TEMPLOG : WellhouseOne | 057.200
2017-02-06 17:15:08 | TEMPLOG : Bio   Filter | 050.900
2017-02-06 17:17:10 | TEMPLOG : WellhouseOne | 056.300
2017-02-06 17:19:12 | TEMPLOG : WellhouseOne | 055.400
2017-02-06 17:21:15 | TEMPLOG : Table    One | 050.000
2017-02-06 17:22:15 | TEMPLOG : WellhouseOne | 054.500
2017-02-06 17:23:16 | TEMPLOG : Bio   Filter | 050.000
2017-02-06 17:27:19 | TEMPLOG : WellhouseOne | 053.600
2017-02-06 17:31:27 | TEMPLOG : Table    One | 049.100
2017-02-06 17:32:27 | TEMPLOG : WellhouseOne | 091.400
2017-02-06 17:33:29 | TEMPLOG : WellhouseOne | 120.200
2017-02-06 17:34:30 | TEMPLOG : WellhouseOne | 097.700
2017-02-06 17:35:32 | TEMPLOG : WellhouseOne | 078.800
2017-02-06 17:35:32 | TEMPLOG : Bio   Filter | 049.100
2017-02-06 17:35:33 | TEMPLOG : To   GeoLoop | 053.600
2017-02-06 17:36:34 | TEMPLOG : WellhouseOne | 071.600
2017-02-06 17:36:35 | TEMPLOG : To   GeoLoop | 054.500
2017-02-06 17:37:35 | TEMPLOG : WellhouseOne | 067.100
2017-02-06 17:38:37 | TEMPLOG : WellhouseOne | 064.400
2017-02-06 17:38:37 | TEMPLOG : To   GeoLoop | 053.600
2017-02-06 17:39:38 | TEMPLOG : WellhouseOne | 062.600
2017-02-06 17:39:38 | TEMPLOG : Table    One | 048.200
2017-02-06 17:40:38 | TEMPLOG : WellhouseOne | 060.800
2017-02-06 17:41:39 | TEMPLOG : WellhouseOne | 059.000
2017-02-06 17:42:40 | TEMPLOG : Bio   Filter | 048.200
2017-02-06 17:43:41 | TEMPLOG : WellhouseOne | 058.100
2017-02-06 17:44:42 | TEMPLOG : WellhouseOne | 057.200
2017-02-06 17:45:44 | TEMPLOG : WellhouseOne | 056.300
2017-02-06 17:47:47 | TEMPLOG : WellhouseOne | 055.400
2017-02-06 17:47:49 | TEMPLOG : Table    One | 047.300
2017-02-06 17:48:50 | TEMPLOG : Table    One | 048.200
2017-02-06 17:49:51 | TEMPLOG : WellhouseOne | 054.500
2017-02-06 17:49:52 | TEMPLOG : Table    One | 047.300
2017-02-06 20:53:46 | -=< Temperature Logger Restart >=-
2017-02-06 20:53:47 | TEMPLOG : WellhouseOne | 053.600
2017-02-06 20:53:47 | TEMPLOG : Bio   Filter | 041.000
2017-02-06 20:53:47 | TEMPLOG : To   GeoLoop | 050.900
2017-02-06 20:53:47 | TEMPLOG : Table    One | 041.000
2017-02-06 20:54:48 | TEMPLOG : WellhouseOne | 052.700
2017-02-06 20:57:51 | TEMPLOG : WellhouseOne | 051.800
2017-02-06 21:00:55 | TEMPLOG : WellhouseOne | 051.800
2017-02-06 21:00:55 | TEMPLOG : Bio   Filter | 041.000
2017-02-06 21:00:55 | TEMPLOG : To   GeoLoop | 050.900
2017-02-06 21:00:55 | TEMPLOG : Table    One | 041.000
2017-02-06 21:02:59 | TEMPLOG : WellhouseOne | 102.200
2017-02-06 21:04:00 | TEMPLOG : WellhouseOne | 122.900
2017-02-06 21:05:02 | TEMPLOG : WellhouseOne | 103.100
2017-02-06 21:06:04 | TEMPLOG : WellhouseOne | 083.300
2017-02-06 21:13:08 | -=< Temperature Logger Restart >=-
2017-02-06 21:13:08 | TEMPLOG : WellhouseOne | 059.000
2017-02-06 21:13:08 | TEMPLOG : Bio   Filter | 041.000
2017-02-06 21:13:08 | TEMPLOG : To   GeoLoop | 050.000
2017-02-06 21:13:08 | TEMPLOG : Table    One | 040.100
2017-02-06 21:14:09 | TEMPLOG : WellhouseOne | 058.100
2017-02-06 21:15:10 | TEMPLOG : WellhouseOne | 057.200
2017-02-06 21:16:11 | TEMPLOG : WellhouseOne | 056.300
2017-02-06 21:16:12 | TEMPLOG : Bio   Filter | 040.100
2017-02-06 21:18:14 | TEMPLOG : WellhouseOne | 055.400
2017-02-06 21:20:16 | TEMPLOG : WellhouseOne | 054.500
2017-02-06 21:21:16 | TEMPLOG : WellhouseOne | 053.600
2017-02-06 21:24:20 | TEMPLOG : WellhouseOne | 052.700
2017-02-06 21:26:23 | TEMPLOG : WellhouseOne | 051.800
2017-02-06 21:32:30 | TEMPLOG : WellhouseOne | 050.900
2017-02-06 21:36:34 | TEMPLOG : WellhouseOne | 092.300
2017-02-06 21:37:36 | TEMPLOG : WellhouseOne | 120.200
2017-02-06 21:38:37 | TEMPLOG : WellhouseOne | 118.400
2017-02-06 21:39:39 | TEMPLOG : WellhouseOne | 086.000
2017-02-06 21:40:39 | TEMPLOG : WellhouseOne | 077.900
2017-02-06 21:41:41 | TEMPLOG : WellhouseOne | 070.700
2017-02-06 21:42:42 | TEMPLOG : WellhouseOne | 068.000
2017-02-06 21:43:43 | TEMPLOG : WellhouseOne | 064.400
2017-02-06 21:44:45 | TEMPLOG : WellhouseOne | 062.600
2017-02-06 21:45:46 | TEMPLOG : WellhouseOne | 060.800
2017-02-06 21:46:47 | TEMPLOG : WellhouseOne | 059.000
2017-02-06 21:47:49 | TEMPLOG : WellhouseOne | 058.100
2017-02-06 21:49:52 | TEMPLOG : WellhouseOne | 057.200
2017-02-06 21:50:53 | TEMPLOG : WellhouseOne | 056.300
2017-02-06 21:51:54 | TEMPLOG : WellhouseOne | 055.400
2017-02-06 21:51:54 | TEMPLOG : Bio   Filter | 041.000
2017-02-06 21:53:57 | TEMPLOG : WellhouseOne | 054.500
2017-02-06 21:58:04 | TEMPLOG : Table    One | 041.000
2017-02-06 22:00:06 | TEMPLOG : WellhouseOne | 053.600
2017-02-06 22:00:06 | TEMPLOG : Bio   Filter | 041.000
2017-02-06 22:00:07 | TEMPLOG : To   GeoLoop | 050.900
2017-02-06 22:00:07 | TEMPLOG : Table    One | 041.000
2017-02-06 22:01:08 | TEMPLOG : Bio   Filter | 041.900
2017-02-06 22:03:09 | TEMPLOG : WellhouseOne | 052.700
2017-02-06 22:05:12 | TEMPLOG : To   GeoLoop | 050.000
2017-02-06 22:08:14 | TEMPLOG : WellhouseOne | 051.800
2017-02-06 22:09:16 | TEMPLOG : Bio   Filter | 041.000
2017-02-06 22:12:18 | TEMPLOG : WellhouseOne | 104.900
2017-02-06 22:13:20 | TEMPLOG : WellhouseOne | 125.600
2017-02-06 22:14:21 | TEMPLOG : WellhouseOne | 098.600
2017-02-06 22:15:22 | TEMPLOG : WellhouseOne | 082.400
2017-02-06 22:16:23 | TEMPLOG : WellhouseOne | 074.300
2017-02-06 22:17:26 | TEMPLOG : WellhouseOne | 069.800
2017-02-06 22:17:27 | TEMPLOG : Table    One | 040.100
2017-02-06 22:18:27 | TEMPLOG : WellhouseOne | 067.100
2017-02-06 22:19:29 | TEMPLOG : WellhouseOne | 064.400
2017-02-06 22:19:31 | TEMPLOG : Table    One | 041.000
2017-02-06 22:20:31 | TEMPLOG : WellhouseOne | 062.600
2017-02-06 22:20:31 | TEMPLOG : Table    One | 040.100
2017-02-06 22:21:32 | TEMPLOG : WellhouseOne | 060.800
2017-02-06 22:22:33 | TEMPLOG : WellhouseOne | 059.000
2017-02-06 22:23:34 | TEMPLOG : WellhouseOne | 058.100
2017-02-06 22:23:34 | TEMPLOG : Bio   Filter | 040.100
2017-02-06 22:24:35 | TEMPLOG : WellhouseOne | 057.200
2017-02-06 22:25:36 | TEMPLOG : WellhouseOne | 056.300
2017-02-06 22:27:38 | TEMPLOG : WellhouseOne | 055.400
2017-02-06 22:28:39 | TEMPLOG : WellhouseOne | 054.500
2017-02-06 22:32:44 | TEMPLOG : WellhouseOne | 053.600
2017-02-06 22:35:47 | TEMPLOG : WellhouseOne | 052.700
2017-02-06 22:39:53 | TEMPLOG : WellhouseOne | 051.800
2017-02-06 22:41:56 | TEMPLOG : Table    One | 039.200
2017-02-06 22:43:57 | TEMPLOG : WellhouseOne | 050.900
2017-02-06 22:43:57 | TEMPLOG : Bio   Filter | 039.200
2017-02-06 22:44:59 | TEMPLOG : To   GeoLoop | 049.100
2017-02-06 22:47:01 | TEMPLOG : WellhouseOne | 100.400
2017-02-06 22:48:02 | TEMPLOG : WellhouseOne | 123.800
2017-02-06 22:49:04 | TEMPLOG : WellhouseOne | 101.300
2017-02-06 22:50:05 | TEMPLOG : WellhouseOne | 084.200
2017-02-06 22:51:07 | TEMPLOG : WellhouseOne | 075.200
2017-02-06 22:52:09 | TEMPLOG : WellhouseOne | 068.900
2017-02-06 22:52:09 | TEMPLOG : Table    One | 038.300
2017-02-06 22:53:10 | TEMPLOG : WellhouseOne | 065.300
2017-02-06 22:54:11 | TEMPLOG : WellhouseOne | 063.500
2017-02-06 22:55:12 | TEMPLOG : WellhouseOne | 060.800
2017-02-06 22:56:13 | TEMPLOG : WellhouseOne | 059.000
2017-02-06 22:57:15 | TEMPLOG : WellhouseOne | 058.100
2017-02-06 22:57:15 | TEMPLOG : Bio   Filter | 038.300
2017-02-06 22:58:16 | TEMPLOG : WellhouseOne | 057.200
2017-02-06 22:58:17 | TEMPLOG : Bio   Filter | 039.200
2017-02-06 22:59:18 | TEMPLOG : WellhouseOne | 055.400
2017-02-06 22:59:18 | TEMPLOG : Bio   Filter | 038.300
2017-02-06 23:00:18 | TEMPLOG : WellhouseOne | 055.400
2017-02-06 23:00:19 | TEMPLOG : Bio   Filter | 038.300
2017-02-06 23:00:19 | TEMPLOG : To   GeoLoop | 049.100
2017-02-06 23:00:19 | TEMPLOG : Table    One | 038.300
2017-02-06 23:01:20 | TEMPLOG : WellhouseOne | 054.500
2017-02-06 23:02:21 | TEMPLOG : WellhouseOne | 053.600
2017-02-06 23:05:25 | TEMPLOG : WellhouseOne | 052.700
2017-02-06 23:07:28 | TEMPLOG : WellhouseOne | 051.800
2017-02-06 23:11:32 | TEMPLOG : WellhouseOne | 050.900
2017-02-06 23:15:36 | TEMPLOG : WellhouseOne | 050.000
2017-02-06 23:18:39 | TEMPLOG : WellhouseOne | 054.500
2017-02-06 23:18:40 | TEMPLOG : Bio   Filter | 039.200
2017-02-06 23:19:41 | TEMPLOG : WellhouseOne | 113.900
2017-02-06 23:20:42 | TEMPLOG : WellhouseOne | 129.200
2017-02-06 23:21:43 | TEMPLOG : WellhouseOne | 096.800
2017-02-06 23:22:44 | TEMPLOG : WellhouseOne | 083.300
2017-02-06 23:23:45 | TEMPLOG : WellhouseOne | 075.200
2017-02-06 23:23:46 | TEMPLOG : Table    One | 039.200
2017-02-06 23:24:47 | TEMPLOG : WellhouseOne | 069.800
2017-02-06 23:25:48 | TEMPLOG : WellhouseOne | 066.200
2017-02-06 23:25:49 | TEMPLOG : Table    One | 038.300
2017-02-06 23:26:49 | TEMPLOG : WellhouseOne | 063.500
2017-02-06 23:27:50 | TEMPLOG : WellhouseOne | 061.700
2017-02-06 23:28:51 | TEMPLOG : WellhouseOne | 059.900
2017-02-06 23:29:52 | TEMPLOG : WellhouseOne | 058.100
2017-02-06 23:30:53 | TEMPLOG : WellhouseOne | 057.200
2017-02-06 23:30:53 | TEMPLOG : Bio   Filter | 038.300
2017-02-06 23:31:55 | TEMPLOG : WellhouseOne | 056.300
2017-02-06 23:32:56 | TEMPLOG : WellhouseOne | 055.400
2017-02-06 23:33:57 | TEMPLOG : WellhouseOne | 054.500
2017-02-06 23:35:59 | TEMPLOG : WellhouseOne | 053.600
2017-02-06 23:39:02 | TEMPLOG : WellhouseOne | 052.700
2017-02-06 23:42:05 | TEMPLOG : WellhouseOne | 051.800
2017-02-06 23:45:09 | TEMPLOG : WellhouseOne | 050.900
2017-02-06 23:46:12 | TEMPLOG : Table    One | 037.400
2017-02-06 23:47:13 | TEMPLOG : WellhouseOne | 050.000
2017-02-06 23:47:13 | TEMPLOG : Bio   Filter | 037.400
2017-02-06 23:47:13 | TEMPLOG : Table    One | 038.300
2017-02-06 23:48:14 | TEMPLOG : To   GeoLoop | 048.200
2017-02-06 23:48:14 | TEMPLOG : Table    One | 037.400
2017-02-06 23:51:17 | TEMPLOG : To   GeoLoop | 049.100
2017-02-06 23:52:19 | TEMPLOG : WellhouseOne | 053.600
2017-02-06 23:52:19 | TEMPLOG : Bio   Filter | 038.300
2017-02-06 23:52:19 | TEMPLOG : To   GeoLoop | 048.200
2017-02-06 23:53:20 | TEMPLOG : WellhouseOne | 111.200
2017-02-06 23:54:22 | TEMPLOG : WellhouseOne | 126.500
2017-02-06 23:54:22 | TEMPLOG : Bio   Filter | 037.400
2017-02-06 23:55:22 | TEMPLOG : WellhouseOne | 097.700
2017-02-06 23:56:24 | TEMPLOG : WellhouseOne | 082.400
2017-02-06 23:56:25 | TEMPLOG : Bio   Filter | 038.300
2017-02-06 23:56:26 | TEMPLOG : Table    One | 038.300
2017-02-06 23:57:26 | TEMPLOG : WellhouseOne | 075.200
2017-02-06 23:57:26 | TEMPLOG : Bio   Filter | 037.400
2017-02-06 23:57:27 | TEMPLOG : Table    One | 037.400
2017-02-06 23:58:27 | TEMPLOG : WellhouseOne | 069.800
2017-02-06 23:59:28 | TEMPLOG : WellhouseOne | 065.300
