2017-01-30 00:00:50 | TEMPLOG : WellhouseOne | 051.800
2017-01-30 00:00:51 | TEMPLOG : Bio   Filter | 035.600
2017-01-30 00:00:51 | TEMPLOG : To   GeoLoop | 047.300
2017-01-30 00:00:51 | TEMPLOG : Table    One | 035.600
2017-01-30 00:01:52 | TEMPLOG : WellhouseOne | 050.900
2017-01-30 00:02:54 | TEMPLOG : WellhouseOne | 050.000
2017-01-30 00:04:56 | TEMPLOG : WellhouseOne | 049.100
2017-01-30 00:08:01 | TEMPLOG : WellhouseOne | 048.200
2017-01-30 00:11:04 | TEMPLOG : WellhouseOne | 047.300
2017-01-30 00:12:05 | TEMPLOG : To   GeoLoop | 046.400
2017-01-30 00:13:07 | TEMPLOG : To   GeoLoop | 047.300
2017-01-30 00:14:08 | TEMPLOG : WellhouseOne | 097.700
2017-01-30 00:15:09 | TEMPLOG : WellhouseOne | 117.500
2017-01-30 00:15:09 | TEMPLOG : To   GeoLoop | 046.400
2017-01-30 00:16:10 | TEMPLOG : WellhouseOne | 128.300
2017-01-30 00:16:10 | TEMPLOG : To   GeoLoop | 047.300
2017-01-30 00:17:11 | TEMPLOG : WellhouseOne | 094.100
2017-01-30 00:17:11 | TEMPLOG : To   GeoLoop | 046.400
2017-01-30 00:18:12 | TEMPLOG : WellhouseOne | 081.500
2017-01-30 00:19:13 | TEMPLOG : WellhouseOne | 073.400
2017-01-30 00:20:14 | TEMPLOG : WellhouseOne | 068.000
2017-01-30 00:21:15 | TEMPLOG : WellhouseOne | 063.500
2017-01-30 00:22:16 | TEMPLOG : WellhouseOne | 060.800
2017-01-30 00:23:18 | TEMPLOG : WellhouseOne | 058.100
2017-01-30 00:24:19 | TEMPLOG : WellhouseOne | 056.300
2017-01-30 00:25:20 | TEMPLOG : WellhouseOne | 055.400
2017-01-30 00:26:21 | TEMPLOG : WellhouseOne | 053.600
2017-01-30 00:27:23 | TEMPLOG : WellhouseOne | 052.700
2017-01-30 00:28:23 | TEMPLOG : WellhouseOne | 051.800
2017-01-30 00:30:25 | TEMPLOG : WellhouseOne | 050.900
2017-01-30 00:30:26 | TEMPLOG : Table    One | 034.700
2017-01-30 00:31:26 | TEMPLOG : WellhouseOne | 050.000
2017-01-30 00:31:27 | TEMPLOG : Table    One | 035.600
2017-01-30 00:33:29 | TEMPLOG : WellhouseOne | 049.100
2017-01-30 00:33:30 | TEMPLOG : Table    One | 034.700
2017-01-30 00:34:31 | TEMPLOG : Table    One | 035.600
2017-01-30 00:35:31 | TEMPLOG : WellhouseOne | 048.200
2017-01-30 00:39:36 | TEMPLOG : WellhouseOne | 047.300
2017-01-30 00:41:39 | TEMPLOG : WellhouseOne | 046.400
2017-01-30 00:41:39 | TEMPLOG : Table    One | 034.700
2017-01-30 00:42:40 | TEMPLOG : WellhouseOne | 077.900
2017-01-30 00:43:41 | TEMPLOG : WellhouseOne | 111.200
2017-01-30 00:43:41 | TEMPLOG : Bio   Filter | 034.700
2017-01-30 00:44:43 | TEMPLOG : WellhouseOne | 123.800
2017-01-30 00:45:45 | TEMPLOG : WellhouseOne | 131.000
2017-01-30 00:46:47 | TEMPLOG : WellhouseOne | 096.800
2017-01-30 00:47:48 | TEMPLOG : WellhouseOne | 082.400
2017-01-30 00:47:48 | TEMPLOG : Bio   Filter | 035.600
2017-01-30 00:48:49 | TEMPLOG : WellhouseOne | 074.300
2017-01-30 00:48:49 | TEMPLOG : Bio   Filter | 034.700
2017-01-30 00:49:50 | TEMPLOG : WellhouseOne | 068.900
2017-01-30 00:50:50 | TEMPLOG : WellhouseOne | 064.400
2017-01-30 00:51:51 | TEMPLOG : WellhouseOne | 061.700
2017-01-30 00:52:53 | TEMPLOG : WellhouseOne | 059.000
2017-01-30 00:53:54 | TEMPLOG : WellhouseOne | 057.200
2017-01-30 00:54:55 | TEMPLOG : WellhouseOne | 056.300
2017-01-30 00:55:56 | TEMPLOG : WellhouseOne | 054.500
2017-01-30 00:56:57 | TEMPLOG : WellhouseOne | 053.600
2017-01-30 00:57:58 | TEMPLOG : WellhouseOne | 052.700
2017-01-30 01:00:01 | TEMPLOG : WellhouseOne | 051.800
2017-01-30 01:00:02 | TEMPLOG : Bio   Filter | 035.600
2017-01-30 01:00:02 | TEMPLOG : To   GeoLoop | 046.400
2017-01-30 01:00:04 | TEMPLOG : Table    One | 034.700
2017-01-30 01:01:04 | TEMPLOG : WellhouseOne | 050.900
2017-01-30 01:01:05 | TEMPLOG : Bio   Filter | 034.700
2017-01-30 01:03:07 | TEMPLOG : WellhouseOne | 050.000
2017-01-30 01:05:10 | TEMPLOG : WellhouseOne | 049.100
2017-01-30 01:06:11 | TEMPLOG : WellhouseOne | 048.200
2017-01-30 01:09:14 | TEMPLOG : WellhouseOne | 047.300
2017-01-30 01:12:17 | TEMPLOG : Bio   Filter | 035.600
2017-01-30 01:13:18 | TEMPLOG : WellhouseOne | 096.800
2017-01-30 01:14:18 | TEMPLOG : WellhouseOne | 117.500
2017-01-30 01:15:20 | TEMPLOG : WellhouseOne | 127.400
2017-01-30 01:16:21 | TEMPLOG : WellhouseOne | 105.800
2017-01-30 01:17:24 | TEMPLOG : WellhouseOne | 084.200
2017-01-30 01:17:24 | TEMPLOG : Bio   Filter | 034.700
2017-01-30 01:18:25 | TEMPLOG : WellhouseOne | 076.100
2017-01-30 01:19:28 | TEMPLOG : WellhouseOne | 069.800
2017-01-30 01:20:29 | TEMPLOG : WellhouseOne | 065.300
2017-01-30 01:21:31 | TEMPLOG : WellhouseOne | 061.700
2017-01-30 01:22:33 | TEMPLOG : WellhouseOne | 059.000
2017-01-30 01:23:34 | TEMPLOG : WellhouseOne | 057.200
2017-01-30 01:24:36 | TEMPLOG : WellhouseOne | 055.400
2017-01-30 01:25:37 | TEMPLOG : WellhouseOne | 054.500
2017-01-30 01:26:39 | TEMPLOG : WellhouseOne | 053.600
2017-01-30 01:27:40 | TEMPLOG : WellhouseOne | 052.700
2017-01-30 01:28:41 | TEMPLOG : WellhouseOne | 051.800
2017-01-30 01:29:43 | TEMPLOG : WellhouseOne | 050.900
2017-01-30 01:31:45 | TEMPLOG : WellhouseOne | 050.000
2017-01-30 01:33:47 | TEMPLOG : WellhouseOne | 049.100
2017-01-30 01:35:51 | TEMPLOG : WellhouseOne | 048.200
2017-01-30 01:38:53 | TEMPLOG : WellhouseOne | 047.300
2017-01-30 01:38:54 | TEMPLOG : To   GeoLoop | 045.500
2017-01-30 01:39:55 | TEMPLOG : To   GeoLoop | 046.400
2017-01-30 01:40:55 | TEMPLOG : WellhouseOne | 046.400
2017-01-30 01:41:56 | TEMPLOG : WellhouseOne | 059.000
2017-01-30 01:42:57 | TEMPLOG : WellhouseOne | 108.500
2017-01-30 01:43:58 | TEMPLOG : WellhouseOne | 122.000
2017-01-30 01:44:59 | TEMPLOG : WellhouseOne | 130.100
2017-01-30 01:46:00 | TEMPLOG : WellhouseOne | 098.600
2017-01-30 01:46:01 | TEMPLOG : To   GeoLoop | 045.500
2017-01-30 01:47:02 | TEMPLOG : WellhouseOne | 082.400
2017-01-30 01:47:02 | TEMPLOG : To   GeoLoop | 046.400
2017-01-30 01:48:03 | TEMPLOG : WellhouseOne | 074.300
2017-01-30 01:48:04 | TEMPLOG : To   GeoLoop | 045.500
2017-01-30 01:49:04 | TEMPLOG : WellhouseOne | 068.900
2017-01-30 01:50:05 | TEMPLOG : WellhouseOne | 064.400
2017-01-30 01:51:06 | TEMPLOG : WellhouseOne | 060.800
2017-01-30 01:52:08 | TEMPLOG : WellhouseOne | 058.100
2017-01-30 01:53:09 | TEMPLOG : WellhouseOne | 057.200
2017-01-30 01:54:10 | TEMPLOG : WellhouseOne | 054.500
2017-01-30 01:55:11 | TEMPLOG : WellhouseOne | 053.600
2017-01-30 01:56:12 | TEMPLOG : WellhouseOne | 052.700
2017-01-30 01:57:14 | TEMPLOG : WellhouseOne | 051.800
2017-01-30 01:59:17 | TEMPLOG : WellhouseOne | 050.900
2017-01-30 01:59:18 | TEMPLOG : Table    One | 033.800
2017-01-30 02:00:18 | TEMPLOG : WellhouseOne | 050.000
2017-01-30 02:00:19 | TEMPLOG : Bio   Filter | 034.700
2017-01-30 02:00:19 | TEMPLOG : To   GeoLoop | 045.500
2017-01-30 02:00:19 | TEMPLOG : Table    One | 033.800
2017-01-30 02:01:19 | TEMPLOG : WellhouseOne | 049.100
2017-01-30 02:03:22 | TEMPLOG : Table    One | 034.700
2017-01-30 02:04:23 | TEMPLOG : WellhouseOne | 048.200
2017-01-30 02:06:25 | TEMPLOG : WellhouseOne | 047.300
2017-01-30 02:06:26 | TEMPLOG : Table    One | 033.800
2017-01-30 02:07:28 | TEMPLOG : Table    One | 034.700
2017-01-30 02:08:29 | TEMPLOG : Table    One | 033.800
2017-01-30 02:09:31 | TEMPLOG : Table    One | 034.700
2017-01-30 02:10:31 | TEMPLOG : WellhouseOne | 046.400
2017-01-30 02:10:32 | TEMPLOG : Table    One | 033.800
2017-01-30 02:11:32 | TEMPLOG : WellhouseOne | 098.600
2017-01-30 02:12:33 | TEMPLOG : WellhouseOne | 118.400
2017-01-30 02:13:35 | TEMPLOG : WellhouseOne | 130.100
2017-01-30 02:13:35 | TEMPLOG : Bio   Filter | 033.800
2017-01-30 02:14:35 | TEMPLOG : WellhouseOne | 099.500
2017-01-30 02:15:36 | TEMPLOG : WellhouseOne | 082.400
2017-01-30 02:15:36 | TEMPLOG : Bio   Filter | 034.700
2017-01-30 02:16:37 | TEMPLOG : WellhouseOne | 074.300
2017-01-30 02:17:38 | TEMPLOG : WellhouseOne | 068.000
2017-01-30 02:17:38 | TEMPLOG : Bio   Filter | 033.800
2017-01-30 02:18:39 | TEMPLOG : WellhouseOne | 064.400
2017-01-30 02:18:39 | TEMPLOG : Bio   Filter | 034.700
2017-01-30 02:19:41 | TEMPLOG : WellhouseOne | 060.800
2017-01-30 02:20:42 | TEMPLOG : WellhouseOne | 058.100
2017-01-30 02:21:43 | TEMPLOG : WellhouseOne | 056.300
2017-01-30 02:22:45 | TEMPLOG : WellhouseOne | 054.500
2017-01-30 02:22:45 | TEMPLOG : Bio   Filter | 033.800
2017-01-30 02:23:46 | TEMPLOG : WellhouseOne | 053.600
2017-01-30 02:24:49 | TEMPLOG : WellhouseOne | 051.800
2017-01-30 02:25:50 | TEMPLOG : WellhouseOne | 050.900
2017-01-30 02:27:54 | TEMPLOG : WellhouseOne | 050.000
2017-01-30 02:29:56 | TEMPLOG : WellhouseOne | 049.100
2017-01-30 02:31:59 | TEMPLOG : WellhouseOne | 048.200
2017-01-30 02:33:01 | TEMPLOG : WellhouseOne | 047.300
2017-01-30 02:39:09 | TEMPLOG : WellhouseOne | 046.400
2017-01-30 02:40:10 | TEMPLOG : WellhouseOne | 094.100
2017-01-30 02:41:11 | TEMPLOG : WellhouseOne | 118.400
2017-01-30 02:42:12 | TEMPLOG : WellhouseOne | 130.100
2017-01-30 02:43:13 | TEMPLOG : WellhouseOne | 087.800
2017-01-30 02:44:15 | TEMPLOG : WellhouseOne | 074.300
2017-01-30 02:44:15 | TEMPLOG : Bio   Filter | 034.700
2017-01-30 02:44:15 | TEMPLOG : Table    One | 034.700
2017-01-30 02:45:16 | TEMPLOG : WellhouseOne | 067.100
2017-01-30 02:46:17 | TEMPLOG : WellhouseOne | 061.700
2017-01-30 02:47:19 | TEMPLOG : WellhouseOne | 059.900
2017-01-30 02:48:20 | TEMPLOG : WellhouseOne | 057.200
2017-01-30 02:49:21 | TEMPLOG : WellhouseOne | 055.400
2017-01-30 02:50:23 | TEMPLOG : WellhouseOne | 054.500
2017-01-30 02:51:24 | TEMPLOG : WellhouseOne | 053.600
2017-01-30 02:52:25 | TEMPLOG : WellhouseOne | 052.700
2017-01-30 02:52:25 | TEMPLOG : Table    One | 033.800
2017-01-30 02:53:25 | TEMPLOG : WellhouseOne | 051.800
2017-01-30 02:53:26 | TEMPLOG : Bio   Filter | 033.800
2017-01-30 02:54:27 | TEMPLOG : WellhouseOne | 050.900
2017-01-30 02:54:27 | TEMPLOG : Bio   Filter | 034.700
2017-01-30 02:55:27 | TEMPLOG : WellhouseOne | 050.000
2017-01-30 02:56:29 | TEMPLOG : Bio   Filter | 033.800
2017-01-30 02:57:30 | TEMPLOG : WellhouseOne | 049.100
2017-01-30 02:57:31 | TEMPLOG : Table    One | 034.700
2017-01-30 02:58:31 | TEMPLOG : Bio   Filter | 034.700
2017-01-30 03:00:33 | TEMPLOG : WellhouseOne | 048.200
2017-01-30 03:00:33 | TEMPLOG : Bio   Filter | 034.700
2017-01-30 03:00:34 | TEMPLOG : To   GeoLoop | 045.500
2017-01-30 03:00:34 | TEMPLOG : Table    One | 034.700
2017-01-30 03:02:35 | TEMPLOG : WellhouseOne | 047.300
2017-01-30 03:06:40 | TEMPLOG : WellhouseOne | 046.400
2017-01-30 03:08:44 | TEMPLOG : WellhouseOne | 081.500
2017-01-30 03:09:44 | TEMPLOG : WellhouseOne | 113.900
2017-01-30 03:10:45 | TEMPLOG : WellhouseOne | 126.500
2017-01-30 03:11:46 | TEMPLOG : WellhouseOne | 098.600
2017-01-30 03:12:47 | TEMPLOG : WellhouseOne | 079.700
2017-01-30 03:13:49 | TEMPLOG : WellhouseOne | 070.700
2017-01-30 03:14:50 | TEMPLOG : WellhouseOne | 065.300
2017-01-30 03:15:52 | TEMPLOG : WellhouseOne | 063.500
2017-01-30 03:16:53 | TEMPLOG : WellhouseOne | 059.900
2017-01-30 03:17:54 | TEMPLOG : WellhouseOne | 057.200
2017-01-30 03:18:56 | TEMPLOG : WellhouseOne | 055.400
2017-01-30 03:19:57 | TEMPLOG : WellhouseOne | 054.500
2017-01-30 03:19:58 | TEMPLOG : Table    One | 033.800
2017-01-30 03:20:59 | TEMPLOG : WellhouseOne | 052.700
2017-01-30 03:22:01 | TEMPLOG : WellhouseOne | 051.800
2017-01-30 03:22:01 | TEMPLOG : Bio   Filter | 033.800
2017-01-30 03:23:02 | TEMPLOG : WellhouseOne | 050.900
2017-01-30 03:24:04 | TEMPLOG : Bio   Filter | 034.700
2017-01-30 03:25:05 | TEMPLOG : WellhouseOne | 050.000
2017-01-30 03:26:06 | TEMPLOG : WellhouseOne | 049.100
2017-01-30 03:27:07 | TEMPLOG : Bio   Filter | 033.800
2017-01-30 03:28:08 | TEMPLOG : Bio   Filter | 034.700
2017-01-30 03:29:09 | TEMPLOG : WellhouseOne | 048.200
2017-01-30 03:30:11 | TEMPLOG : Bio   Filter | 033.800
2017-01-30 03:31:11 | TEMPLOG : WellhouseOne | 047.300
2017-01-30 03:32:13 | TEMPLOG : To   GeoLoop | 044.600
2017-01-30 03:34:15 | TEMPLOG : WellhouseOne | 046.400
2017-01-30 03:37:18 | TEMPLOG : WellhouseOne | 052.700
2017-01-30 03:38:20 | TEMPLOG : WellhouseOne | 109.400
2017-01-30 03:39:21 | TEMPLOG : WellhouseOne | 124.700
2017-01-30 03:40:22 | TEMPLOG : WellhouseOne | 125.600
2017-01-30 03:41:23 | TEMPLOG : WellhouseOne | 086.000
2017-01-30 03:42:24 | TEMPLOG : WellhouseOne | 075.200
2017-01-30 03:43:26 | TEMPLOG : WellhouseOne | 068.900
2017-01-30 03:44:28 | TEMPLOG : WellhouseOne | 063.500
2017-01-30 03:45:30 | TEMPLOG : WellhouseOne | 060.800
2017-01-30 03:46:31 | TEMPLOG : WellhouseOne | 058.100
2017-01-30 03:47:31 | TEMPLOG : WellhouseOne | 055.400
2017-01-30 03:48:33 | TEMPLOG : WellhouseOne | 054.500
2017-01-30 03:49:34 | TEMPLOG : WellhouseOne | 053.600
2017-01-30 03:50:35 | TEMPLOG : WellhouseOne | 051.800
2017-01-30 03:52:37 | TEMPLOG : WellhouseOne | 050.900
2017-01-30 03:53:38 | TEMPLOG : WellhouseOne | 050.000
2017-01-30 03:55:41 | TEMPLOG : WellhouseOne | 049.100
2017-01-30 03:58:44 | TEMPLOG : WellhouseOne | 048.200
2017-01-30 04:00:47 | TEMPLOG : WellhouseOne | 047.300
2017-01-30 04:00:47 | TEMPLOG : Bio   Filter | 033.800
2017-01-30 04:00:47 | TEMPLOG : To   GeoLoop | 044.600
2017-01-30 04:00:48 | TEMPLOG : Table    One | 033.800
2017-01-30 04:04:51 | TEMPLOG : WellhouseOne | 046.400
2017-01-30 04:06:57 | TEMPLOG : WellhouseOne | 085.100
2017-01-30 04:07:59 | TEMPLOG : WellhouseOne | 113.000
2017-01-30 04:09:00 | TEMPLOG : WellhouseOne | 123.800
2017-01-30 04:10:01 | TEMPLOG : WellhouseOne | 131.000
2017-01-30 04:11:02 | TEMPLOG : WellhouseOne | 094.100
2017-01-30 04:12:04 | TEMPLOG : WellhouseOne | 080.600
2017-01-30 04:13:06 | TEMPLOG : WellhouseOne | 072.500
2017-01-30 04:14:08 | TEMPLOG : WellhouseOne | 066.200
2017-01-30 04:15:09 | TEMPLOG : WellhouseOne | 061.700
2017-01-30 04:16:10 | TEMPLOG : WellhouseOne | 059.000
2017-01-30 04:17:11 | TEMPLOG : WellhouseOne | 057.200
2017-01-30 04:18:13 | TEMPLOG : WellhouseOne | 055.400
2017-01-30 04:19:15 | TEMPLOG : WellhouseOne | 053.600
2017-01-30 04:19:15 | TEMPLOG : Bio   Filter | 034.700
2017-01-30 04:19:16 | TEMPLOG : Table    One | 034.700
2017-01-30 04:20:16 | TEMPLOG : WellhouseOne | 052.700
2017-01-30 04:20:16 | TEMPLOG : Bio   Filter | 033.800
2017-01-30 04:20:17 | TEMPLOG : Table    One | 033.800
2017-01-30 04:21:17 | TEMPLOG : WellhouseOne | 051.800
2017-01-30 04:21:19 | TEMPLOG : Table    One | 034.700
2017-01-30 04:22:20 | TEMPLOG : WellhouseOne | 050.900
2017-01-30 04:22:20 | TEMPLOG : Bio   Filter | 034.700
2017-01-30 04:24:23 | TEMPLOG : WellhouseOne | 050.000
2017-01-30 04:24:24 | TEMPLOG : Table    One | 033.800
2017-01-30 04:25:24 | TEMPLOG : WellhouseOne | 049.100
2017-01-30 04:25:25 | TEMPLOG : Table    One | 034.700
2017-01-30 04:26:26 | TEMPLOG : Table    One | 033.800
2017-01-30 04:27:26 | TEMPLOG : WellhouseOne | 048.200
2017-01-30 04:28:29 | TEMPLOG : Bio   Filter | 033.800
2017-01-30 04:34:39 | TEMPLOG : WellhouseOne | 047.300
2017-01-30 04:36:42 | TEMPLOG : WellhouseOne | 074.300
2017-01-30 04:37:43 | TEMPLOG : WellhouseOne | 113.900
2017-01-30 04:38:45 | TEMPLOG : WellhouseOne | 128.300
2017-01-30 04:39:45 | TEMPLOG : WellhouseOne | 099.500
2017-01-30 04:40:47 | TEMPLOG : WellhouseOne | 081.500
2017-01-30 04:41:48 | TEMPLOG : WellhouseOne | 073.400
2017-01-30 04:42:50 | TEMPLOG : WellhouseOne | 067.100
2017-01-30 04:43:51 | TEMPLOG : WellhouseOne | 062.600
2017-01-30 04:44:52 | TEMPLOG : WellhouseOne | 059.000
2017-01-30 04:45:54 | TEMPLOG : WellhouseOne | 056.300
2017-01-30 04:46:55 | TEMPLOG : WellhouseOne | 054.500
2017-01-30 04:47:56 | TEMPLOG : WellhouseOne | 053.600
2017-01-30 04:48:58 | TEMPLOG : WellhouseOne | 052.700
2017-01-30 04:49:59 | TEMPLOG : WellhouseOne | 051.800
2017-01-30 04:51:00 | TEMPLOG : WellhouseOne | 050.900
2017-01-30 04:52:01 | TEMPLOG : WellhouseOne | 050.000
2017-01-30 04:53:03 | TEMPLOG : WellhouseOne | 049.100
2017-01-30 04:56:07 | TEMPLOG : WellhouseOne | 048.200
2017-01-30 04:58:09 | TEMPLOG : WellhouseOne | 047.300
2017-01-30 05:00:12 | TEMPLOG : WellhouseOne | 047.300
2017-01-30 05:00:12 | TEMPLOG : Bio   Filter | 033.800
2017-01-30 05:00:12 | TEMPLOG : To   GeoLoop | 044.600
2017-01-30 05:00:13 | TEMPLOG : Table    One | 033.800
2017-01-30 05:01:13 | TEMPLOG : Bio   Filter | 034.700
2017-01-30 05:01:14 | TEMPLOG : Table    One | 034.700
2017-01-30 05:02:14 | TEMPLOG : WellhouseOne | 046.400
2017-01-30 05:05:19 | TEMPLOG : WellhouseOne | 077.900
2017-01-30 05:06:20 | TEMPLOG : WellhouseOne | 113.000
2017-01-30 05:07:21 | TEMPLOG : WellhouseOne | 125.600
2017-01-30 05:08:22 | TEMPLOG : WellhouseOne | 095.000
2017-01-30 05:09:23 | TEMPLOG : WellhouseOne | 078.800
2017-01-30 05:09:23 | TEMPLOG : Bio   Filter | 035.600
2017-01-30 05:10:25 | TEMPLOG : WellhouseOne | 071.600
2017-01-30 05:10:27 | TEMPLOG : Table    One | 035.600
2017-01-30 05:11:27 | TEMPLOG : WellhouseOne | 064.400
2017-01-30 05:12:29 | TEMPLOG : WellhouseOne | 060.800
2017-01-30 05:13:30 | TEMPLOG : WellhouseOne | 059.000
2017-01-30 05:14:33 | TEMPLOG : WellhouseOne | 056.300
2017-01-30 05:15:34 | TEMPLOG : WellhouseOne | 055.400
2017-01-30 05:16:36 | TEMPLOG : WellhouseOne | 054.500
2017-01-30 05:17:38 | TEMPLOG : WellhouseOne | 052.700
2017-01-30 05:18:39 | TEMPLOG : WellhouseOne | 051.800
2017-01-30 05:20:43 | TEMPLOG : WellhouseOne | 050.900
2017-01-30 05:21:44 | TEMPLOG : WellhouseOne | 050.000
2017-01-30 05:24:47 | TEMPLOG : WellhouseOne | 049.100
2017-01-30 05:26:50 | TEMPLOG : WellhouseOne | 048.200
2017-01-30 05:28:54 | TEMPLOG : WellhouseOne | 047.300
2017-01-30 05:31:58 | TEMPLOG : WellhouseOne | 046.400
2017-01-30 05:34:00 | TEMPLOG : WellhouseOne | 073.400
2017-01-30 05:35:02 | TEMPLOG : WellhouseOne | 114.800
2017-01-30 05:36:04 | TEMPLOG : WellhouseOne | 127.400
2017-01-30 05:37:05 | TEMPLOG : WellhouseOne | 104.900
2017-01-30 05:38:07 | TEMPLOG : WellhouseOne | 084.200
2017-01-30 05:39:08 | TEMPLOG : WellhouseOne | 074.300
2017-01-30 05:39:09 | TEMPLOG : Table    One | 034.700
2017-01-30 05:40:10 | TEMPLOG : WellhouseOne | 067.100
2017-01-30 05:41:11 | TEMPLOG : WellhouseOne | 062.600
2017-01-30 05:42:11 | TEMPLOG : WellhouseOne | 059.900
2017-01-30 05:42:12 | TEMPLOG : Bio   Filter | 034.700
2017-01-30 05:43:13 | TEMPLOG : WellhouseOne | 056.300
2017-01-30 05:44:15 | TEMPLOG : WellhouseOne | 055.400
2017-01-30 05:44:16 | TEMPLOG : Bio   Filter | 035.600
2017-01-30 05:45:17 | TEMPLOG : WellhouseOne | 054.500
2017-01-30 05:45:17 | TEMPLOG : Bio   Filter | 034.700
2017-01-30 05:46:18 | TEMPLOG : WellhouseOne | 052.700
2017-01-30 05:47:19 | TEMPLOG : WellhouseOne | 051.800
2017-01-30 05:47:19 | TEMPLOG : Bio   Filter | 035.600
2017-01-30 05:48:20 | TEMPLOG : WellhouseOne | 050.900
2017-01-30 05:49:21 | TEMPLOG : WellhouseOne | 050.000
2017-01-30 05:49:22 | TEMPLOG : Bio   Filter | 034.700
2017-01-30 05:53:27 | TEMPLOG : WellhouseOne | 049.100
2017-01-30 05:55:30 | TEMPLOG : WellhouseOne | 048.200
2017-01-30 05:57:32 | TEMPLOG : WellhouseOne | 047.300
2017-01-30 05:59:34 | TEMPLOG : To   GeoLoop | 043.700
2017-01-30 05:59:35 | TEMPLOG : Table    One | 033.800
2017-01-30 06:00:35 | TEMPLOG : WellhouseOne | 047.300
2017-01-30 06:00:35 | TEMPLOG : Bio   Filter | 034.700
2017-01-30 06:00:35 | TEMPLOG : To   GeoLoop | 043.700
2017-01-30 06:00:36 | TEMPLOG : Table    One | 033.800
2017-01-30 06:02:38 | TEMPLOG : WellhouseOne | 046.400
2017-01-30 06:03:40 | TEMPLOG : WellhouseOne | 095.900
2017-01-30 06:04:40 | TEMPLOG : WellhouseOne | 116.600
2017-01-30 06:04:41 | TEMPLOG : Bio   Filter | 033.800
2017-01-30 06:05:41 | TEMPLOG : WellhouseOne | 127.400
2017-01-30 06:06:43 | TEMPLOG : WellhouseOne | 091.400
2017-01-30 06:07:43 | TEMPLOG : WellhouseOne | 077.900
2017-01-30 06:08:44 | TEMPLOG : WellhouseOne | 071.600
2017-01-30 06:09:46 | TEMPLOG : WellhouseOne | 066.200
2017-01-30 06:10:47 | TEMPLOG : WellhouseOne | 062.600
2017-01-30 06:11:49 | TEMPLOG : WellhouseOne | 059.900
2017-01-30 06:12:50 | TEMPLOG : WellhouseOne | 057.200
2017-01-30 06:13:51 | TEMPLOG : WellhouseOne | 055.400
2017-01-30 06:14:53 | TEMPLOG : WellhouseOne | 054.500
2017-01-30 06:15:55 | TEMPLOG : WellhouseOne | 053.600
2017-01-30 06:16:56 | TEMPLOG : WellhouseOne | 051.800
2017-01-30 06:18:57 | TEMPLOG : WellhouseOne | 050.000
2017-01-30 06:18:58 | TEMPLOG : Bio   Filter | 034.700
2017-01-30 06:20:00 | TEMPLOG : Table    One | 034.700
2017-01-30 06:21:01 | TEMPLOG : WellhouseOne | 049.100
2017-01-30 06:22:03 | TEMPLOG : To   GeoLoop | 044.600
2017-01-30 06:23:04 | TEMPLOG : WellhouseOne | 048.200
2017-01-30 06:26:07 | TEMPLOG : WellhouseOne | 047.300
2017-01-30 06:29:11 | TEMPLOG : WellhouseOne | 046.400
2017-01-30 06:29:12 | TEMPLOG : To   GeoLoop | 043.700
2017-01-30 06:30:12 | TEMPLOG : WellhouseOne | 047.300
2017-01-30 06:30:12 | TEMPLOG : To   GeoLoop | 044.600
2017-01-30 06:31:14 | TEMPLOG : WellhouseOne | 046.400
2017-01-30 06:32:15 | TEMPLOG : WellhouseOne | 101.300
2017-01-30 06:33:16 | TEMPLOG : WellhouseOne | 120.200
2017-01-30 06:34:17 | TEMPLOG : WellhouseOne | 127.400
2017-01-30 06:35:18 | TEMPLOG : WellhouseOne | 105.800
2017-01-30 06:36:19 | TEMPLOG : WellhouseOne | 086.000
2017-01-30 06:37:20 | TEMPLOG : WellhouseOne | 076.100
2017-01-30 06:38:21 | TEMPLOG : WellhouseOne | 069.800
2017-01-30 06:39:22 | TEMPLOG : WellhouseOne | 065.300
2017-01-30 06:40:23 | TEMPLOG : WellhouseOne | 061.700
2017-01-30 06:41:24 | TEMPLOG : WellhouseOne | 057.200
2017-01-30 06:42:25 | TEMPLOG : WellhouseOne | 055.400
2017-01-30 06:43:26 | TEMPLOG : WellhouseOne | 054.500
2017-01-30 06:44:28 | TEMPLOG : WellhouseOne | 053.600
2017-01-30 06:45:29 | TEMPLOG : WellhouseOne | 052.700
2017-01-30 06:46:30 | TEMPLOG : WellhouseOne | 051.800
2017-01-30 06:47:31 | TEMPLOG : WellhouseOne | 050.900
2017-01-30 06:48:32 | TEMPLOG : WellhouseOne | 050.000
2017-01-30 06:48:33 | TEMPLOG : To   GeoLoop | 043.700
2017-01-30 06:49:34 | TEMPLOG : To   GeoLoop | 044.600
2017-01-30 06:50:34 | TEMPLOG : WellhouseOne | 049.100
2017-01-30 06:50:35 | TEMPLOG : To   GeoLoop | 043.700
2017-01-30 06:51:36 | TEMPLOG : To   GeoLoop | 044.600
2017-01-30 06:53:38 | TEMPLOG : WellhouseOne | 048.200
2017-01-30 06:55:41 | TEMPLOG : WellhouseOne | 047.300
2017-01-30 06:56:42 | TEMPLOG : To   GeoLoop | 043.700
2017-01-30 06:58:44 | TEMPLOG : WellhouseOne | 046.400
2017-01-30 07:00:46 | TEMPLOG : WellhouseOne | 049.100
2017-01-30 07:00:47 | TEMPLOG : Bio   Filter | 034.700
2017-01-30 07:00:47 | TEMPLOG : To   GeoLoop | 043.700
2017-01-30 07:00:47 | TEMPLOG : Table    One | 034.700
2017-01-30 07:01:47 | TEMPLOG : WellhouseOne | 102.200
2017-01-30 07:02:48 | TEMPLOG : WellhouseOne | 116.600
2017-01-30 07:03:49 | TEMPLOG : WellhouseOne | 127.400
2017-01-30 07:04:50 | TEMPLOG : WellhouseOne | 094.100
2017-01-30 07:05:52 | TEMPLOG : WellhouseOne | 080.600
2017-01-30 07:06:53 | TEMPLOG : WellhouseOne | 072.500
2017-01-30 07:07:55 | TEMPLOG : WellhouseOne | 067.100
2017-01-30 07:08:56 | TEMPLOG : WellhouseOne | 063.500
2017-01-30 07:08:57 | TEMPLOG : Table    One | 033.800
2017-01-30 07:09:57 | TEMPLOG : WellhouseOne | 059.900
2017-01-30 07:10:58 | TEMPLOG : WellhouseOne | 058.100
2017-01-30 07:10:59 | TEMPLOG : Table    One | 034.700
2017-01-30 07:11:59 | TEMPLOG : WellhouseOne | 056.300
2017-01-30 07:13:00 | TEMPLOG : WellhouseOne | 055.400
2017-01-30 07:14:01 | TEMPLOG : WellhouseOne | 053.600
2017-01-30 07:15:03 | TEMPLOG : WellhouseOne | 052.700
2017-01-30 07:15:04 | TEMPLOG : Table    One | 033.800
2017-01-30 07:16:04 | TEMPLOG : WellhouseOne | 051.800
2017-01-30 07:17:05 | TEMPLOG : WellhouseOne | 050.900
2017-01-30 07:18:06 | TEMPLOG : WellhouseOne | 050.000
2017-01-30 07:18:07 | TEMPLOG : Table    One | 034.700
2017-01-30 07:20:09 | TEMPLOG : WellhouseOne | 049.100
2017-01-30 07:22:12 | TEMPLOG : WellhouseOne | 048.200
2017-01-30 07:27:18 | TEMPLOG : WellhouseOne | 047.300
2017-01-30 07:30:23 | TEMPLOG : WellhouseOne | 082.400
2017-01-30 07:30:23 | TEMPLOG : Bio   Filter | 035.600
2017-01-30 07:31:24 | TEMPLOG : WellhouseOne | 111.200
2017-01-30 07:32:25 | TEMPLOG : WellhouseOne | 122.900
2017-01-30 07:32:26 | TEMPLOG : Table    One | 035.600
2017-01-30 07:33:26 | TEMPLOG : WellhouseOne | 116.600
2017-01-30 07:34:27 | TEMPLOG : WellhouseOne | 086.000
2017-01-30 07:34:27 | TEMPLOG : Bio   Filter | 036.500
2017-01-30 07:35:28 | TEMPLOG : WellhouseOne | 077.000
2017-01-30 07:36:29 | TEMPLOG : WellhouseOne | 069.800
2017-01-30 07:37:30 | TEMPLOG : WellhouseOne | 064.400
2017-01-30 07:38:31 | TEMPLOG : WellhouseOne | 062.600
2017-01-30 07:39:33 | TEMPLOG : WellhouseOne | 059.900
2017-01-30 07:40:34 | TEMPLOG : WellhouseOne | 057.200
2017-01-30 07:41:37 | TEMPLOG : WellhouseOne | 055.400
2017-01-30 07:42:38 | TEMPLOG : WellhouseOne | 054.500
2017-01-30 07:43:39 | TEMPLOG : WellhouseOne | 053.600
2017-01-30 07:43:40 | TEMPLOG : Table    One | 036.500
2017-01-30 07:44:40 | TEMPLOG : WellhouseOne | 052.700
2017-01-30 07:45:41 | TEMPLOG : WellhouseOne | 051.800
2017-01-30 07:45:43 | TEMPLOG : Bio   Filter | 037.400
2017-01-30 07:45:43 | TEMPLOG : To   GeoLoop | 044.600
2017-01-30 07:47:46 | TEMPLOG : Table    One | 037.400
2017-01-30 07:48:46 | TEMPLOG : WellhouseOne | 050.900
2017-01-30 07:48:46 | TEMPLOG : Bio   Filter | 038.300
2017-01-30 07:49:47 | TEMPLOG : WellhouseOne | 050.000
2017-01-30 07:49:48 | TEMPLOG : Table    One | 038.300
2017-01-30 07:50:48 | TEMPLOG : Bio   Filter | 039.200
2017-01-30 07:50:50 | TEMPLOG : Table    One | 039.200
2017-01-30 07:51:51 | TEMPLOG : WellhouseOne | 049.100
2017-01-30 07:52:52 | TEMPLOG : Bio   Filter | 040.100
2017-01-30 07:52:54 | TEMPLOG : Table    One | 040.100
2017-01-30 07:53:55 | TEMPLOG : Table    One | 041.000
2017-01-30 07:54:55 | TEMPLOG : WellhouseOne | 048.200
2017-01-30 07:54:55 | TEMPLOG : Bio   Filter | 041.000
2017-01-30 07:55:57 | TEMPLOG : Table    One | 041.900
2017-01-30 07:57:59 | TEMPLOG : Bio   Filter | 041.900
2017-01-30 07:58:00 | TEMPLOG : Table    One | 042.800
2017-01-30 07:59:00 | TEMPLOG : WellhouseOne | 047.300
2017-01-30 08:00:02 | TEMPLOG : WellhouseOne | 088.700
2017-01-30 08:00:03 | TEMPLOG : Bio   Filter | 042.800
2017-01-30 08:00:03 | TEMPLOG : To   GeoLoop | 045.500
2017-01-30 08:00:03 | TEMPLOG : Table    One | 044.600
2017-01-30 08:01:03 | TEMPLOG : WellhouseOne | 113.900
2017-01-30 08:01:04 | TEMPLOG : Bio   Filter | 043.700
2017-01-30 08:02:05 | TEMPLOG : WellhouseOne | 124.700
2017-01-30 08:02:06 | TEMPLOG : Table    One | 045.500
2017-01-30 08:03:06 | TEMPLOG : WellhouseOne | 112.100
2017-01-30 08:03:06 | TEMPLOG : Bio   Filter | 044.600
2017-01-30 08:03:07 | TEMPLOG : Table    One | 047.300
2017-01-30 08:04:07 | TEMPLOG : WellhouseOne | 086.900
2017-01-30 08:04:07 | TEMPLOG : Bio   Filter | 045.500
2017-01-30 08:04:08 | TEMPLOG : Table    One | 048.200
2017-01-30 08:05:08 | TEMPLOG : WellhouseOne | 077.000
2017-01-30 08:05:10 | TEMPLOG : Table    One | 049.100
2017-01-30 08:06:11 | TEMPLOG : WellhouseOne | 071.600
2017-01-30 08:06:11 | TEMPLOG : Bio   Filter | 046.400
2017-01-30 08:07:12 | TEMPLOG : WellhouseOne | 067.100
2017-01-30 08:07:13 | TEMPLOG : Table    One | 050.000
2017-01-30 08:08:13 | TEMPLOG : WellhouseOne | 062.600
2017-01-30 08:08:14 | TEMPLOG : Bio   Filter | 047.300
2017-01-30 08:08:14 | TEMPLOG : Table    One | 050.900
2017-01-30 08:09:15 | TEMPLOG : WellhouseOne | 060.800
2017-01-30 08:10:16 | TEMPLOG : WellhouseOne | 059.000
2017-01-30 08:10:17 | TEMPLOG : Bio   Filter | 048.200
2017-01-30 08:10:17 | TEMPLOG : To   GeoLoop | 046.400
2017-01-30 08:11:17 | TEMPLOG : WellhouseOne | 057.200
2017-01-30 08:12:18 | TEMPLOG : WellhouseOne | 056.300
2017-01-30 08:13:20 | TEMPLOG : WellhouseOne | 055.400
2017-01-30 08:13:21 | TEMPLOG : Table    One | 050.000
2017-01-30 08:14:21 | TEMPLOG : WellhouseOne | 054.500
2017-01-30 08:15:22 | TEMPLOG : Bio   Filter | 049.100
2017-01-30 08:16:22 | TEMPLOG : WellhouseOne | 053.600
2017-01-30 08:16:24 | TEMPLOG : Table    One | 050.900
2017-01-30 08:17:25 | TEMPLOG : WellhouseOne | 052.700
2017-01-30 08:17:25 | TEMPLOG : Bio   Filter | 050.000
2017-01-30 08:17:26 | TEMPLOG : Table    One | 051.800
2017-01-30 08:18:27 | TEMPLOG : Bio   Filter | 050.900
2017-01-30 08:18:28 | TEMPLOG : Table    One | 052.700
2017-01-30 08:19:28 | TEMPLOG : WellhouseOne | 051.800
2017-01-30 08:20:29 | TEMPLOG : Bio   Filter | 051.800
2017-01-30 08:20:30 | TEMPLOG : Table    One | 053.600
2017-01-30 08:21:30 | TEMPLOG : Bio   Filter | 053.600
2017-01-30 08:21:31 | TEMPLOG : Table    One | 054.500
2017-01-30 08:22:31 | TEMPLOG : Bio   Filter | 054.500
2017-01-30 08:22:32 | TEMPLOG : Table    One | 055.400
2017-01-30 08:23:32 | TEMPLOG : WellhouseOne | 050.900
2017-01-30 08:24:33 | TEMPLOG : Bio   Filter | 055.400
2017-01-30 08:24:33 | TEMPLOG : To   GeoLoop | 047.300
2017-01-30 08:24:33 | TEMPLOG : Table    One | 056.300
2017-01-30 08:25:33 | TEMPLOG : WellhouseOne | 050.000
2017-01-30 08:25:34 | TEMPLOG : Bio   Filter | 056.300
2017-01-30 08:26:36 | TEMPLOG : Bio   Filter | 057.200
2017-01-30 08:26:37 | TEMPLOG : Table    One | 057.200
2017-01-30 08:27:37 | TEMPLOG : Bio   Filter | 058.100
2017-01-30 08:28:39 | TEMPLOG : Table    One | 058.100
2017-01-30 08:29:40 | TEMPLOG : Bio   Filter | 059.000
2017-01-30 08:29:40 | TEMPLOG : Table    One | 059.000
2017-01-30 08:30:41 | TEMPLOG : Bio   Filter | 060.800
2017-01-30 08:30:42 | TEMPLOG : Table    One | 059.900
2017-01-30 08:31:42 | TEMPLOG : WellhouseOne | 068.900
2017-01-30 08:31:43 | TEMPLOG : Table    One | 059.000
2017-01-30 08:32:43 | TEMPLOG : WellhouseOne | 112.100
2017-01-30 08:32:43 | TEMPLOG : Bio   Filter | 059.900
2017-01-30 08:32:44 | TEMPLOG : Table    One | 058.100
2017-01-30 08:33:45 | TEMPLOG : WellhouseOne | 124.700
2017-01-30 08:33:45 | TEMPLOG : Bio   Filter | 059.000
2017-01-30 08:33:47 | TEMPLOG : Table    One | 056.300
2017-01-30 08:34:47 | TEMPLOG : WellhouseOne | 103.100
2017-01-30 08:34:47 | TEMPLOG : Bio   Filter | 058.100
2017-01-30 08:35:47 | TEMPLOG : WellhouseOne | 084.200
2017-01-30 08:35:48 | TEMPLOG : Bio   Filter | 057.200
2017-01-30 08:35:48 | TEMPLOG : Table    One | 055.400
2017-01-30 08:36:48 | TEMPLOG : WellhouseOne | 075.200
2017-01-30 08:36:49 | TEMPLOG : Table    One | 056.300
2017-01-30 08:37:50 | TEMPLOG : WellhouseOne | 068.900
2017-01-30 08:37:50 | TEMPLOG : Bio   Filter | 059.000
2017-01-30 08:37:51 | TEMPLOG : Table    One | 057.200
2017-01-30 08:38:51 | TEMPLOG : WellhouseOne | 065.300
2017-01-30 08:38:51 | TEMPLOG : Bio   Filter | 059.900
2017-01-30 08:38:52 | TEMPLOG : Table    One | 059.000
2017-01-30 08:39:52 | TEMPLOG : WellhouseOne | 062.600
2017-01-30 08:39:52 | TEMPLOG : Bio   Filter | 061.700
2017-01-30 08:39:53 | TEMPLOG : Table    One | 059.900
2017-01-30 08:40:53 | TEMPLOG : WellhouseOne | 060.800
2017-01-30 08:40:54 | TEMPLOG : Bio   Filter | 063.500
2017-01-30 08:40:54 | TEMPLOG : To   GeoLoop | 048.200
2017-01-30 08:40:54 | TEMPLOG : Table    One | 061.700
2017-01-30 08:41:55 | TEMPLOG : WellhouseOne | 059.000
2017-01-30 08:41:55 | TEMPLOG : Bio   Filter | 065.300
2017-01-30 08:41:56 | TEMPLOG : Table    One | 063.500
2017-01-30 08:42:56 | TEMPLOG : WellhouseOne | 058.100
2017-01-30 08:42:56 | TEMPLOG : Bio   Filter | 066.200
2017-01-30 08:43:57 | TEMPLOG : WellhouseOne | 057.200
2017-01-30 08:44:59 | TEMPLOG : WellhouseOne | 056.300
2017-01-30 08:44:59 | TEMPLOG : Bio   Filter | 067.100
2017-01-30 08:45:00 | TEMPLOG : Table    One | 062.600
2017-01-30 08:46:00 | TEMPLOG : WellhouseOne | 055.400
2017-01-30 08:46:01 | TEMPLOG : Bio   Filter | 066.200
2017-01-30 08:47:03 | TEMPLOG : Table    One | 061.700
2017-01-30 08:48:03 | TEMPLOG : WellhouseOne | 054.500
2017-01-30 08:49:04 | TEMPLOG : Bio   Filter | 067.100
2017-01-30 08:49:05 | TEMPLOG : Table    One | 062.600
2017-01-30 08:50:05 | TEMPLOG : WellhouseOne | 053.600
2017-01-30 08:51:06 | TEMPLOG : Bio   Filter | 066.200
2017-01-30 08:51:07 | TEMPLOG : Table    One | 061.700
2017-01-30 08:52:10 | TEMPLOG : Bio   Filter | 068.000
2017-01-30 08:52:11 | TEMPLOG : Table    One | 064.400
2017-01-30 08:53:12 | TEMPLOG : Bio   Filter | 069.800
2017-01-30 08:53:12 | TEMPLOG : To   GeoLoop | 049.100
2017-01-30 08:54:12 | TEMPLOG : Bio   Filter | 068.900
2017-01-30 08:54:13 | TEMPLOG : To   GeoLoop | 048.200
2017-01-30 08:54:13 | TEMPLOG : Table    One | 063.500
2017-01-30 08:55:13 | TEMPLOG : WellhouseOne | 052.700
2017-01-30 08:55:13 | TEMPLOG : Bio   Filter | 068.000
2017-01-30 08:55:14 | TEMPLOG : To   GeoLoop | 049.100
2017-01-30 08:55:14 | TEMPLOG : Table    One | 061.700
2017-01-30 08:56:14 | TEMPLOG : Table    One | 062.600
2017-01-30 08:57:15 | TEMPLOG : Bio   Filter | 069.800
2017-01-30 08:57:15 | TEMPLOG : Table    One | 064.400
2017-01-30 08:58:16 | TEMPLOG : Table    One | 063.500
2017-01-30 08:59:16 | TEMPLOG : WellhouseOne | 051.800
2017-01-30 08:59:17 | TEMPLOG : Table    One | 062.600
2017-01-30 09:00:18 | TEMPLOG : WellhouseOne | 051.800
2017-01-30 09:00:18 | TEMPLOG : Bio   Filter | 068.900
2017-01-30 09:00:19 | TEMPLOG : To   GeoLoop | 049.100
2017-01-30 09:00:19 | TEMPLOG : Table    One | 062.600
2017-01-30 09:04:23 | TEMPLOG : Bio   Filter | 069.800
2017-01-30 09:04:24 | TEMPLOG : Table    One | 063.500
2017-01-30 09:05:25 | TEMPLOG : Bio   Filter | 070.700
2017-01-30 09:06:26 | TEMPLOG : WellhouseOne | 094.100
2017-01-30 09:06:26 | TEMPLOG : Table    One | 062.600
2017-01-30 09:07:26 | TEMPLOG : WellhouseOne | 119.300
2017-01-30 09:08:28 | TEMPLOG : WellhouseOne | 103.100
2017-01-30 09:08:28 | TEMPLOG : Table    One | 063.500
2017-01-30 09:09:29 | TEMPLOG : WellhouseOne | 084.200
2017-01-30 09:09:29 | TEMPLOG : Bio   Filter | 071.600
2017-01-30 09:10:30 | TEMPLOG : WellhouseOne | 076.100
2017-01-30 09:10:30 | TEMPLOG : Bio   Filter | 072.500
2017-01-30 09:10:31 | TEMPLOG : Table    One | 064.400
2017-01-30 09:11:31 | TEMPLOG : WellhouseOne | 070.700
2017-01-30 09:11:31 | TEMPLOG : Bio   Filter | 074.300
2017-01-30 09:11:32 | TEMPLOG : Table    One | 066.200
2017-01-30 09:12:32 | TEMPLOG : WellhouseOne | 068.000
2017-01-30 09:12:32 | TEMPLOG : Bio   Filter | 077.000
2017-01-30 09:12:33 | TEMPLOG : Table    One | 067.100
2017-01-30 09:13:34 | TEMPLOG : WellhouseOne | 065.300
2017-01-30 09:13:34 | TEMPLOG : Bio   Filter | 077.900
2017-01-30 09:13:34 | TEMPLOG : To   GeoLoop | 050.000
2017-01-30 09:13:34 | TEMPLOG : Table    One | 068.000
2017-01-30 09:14:34 | TEMPLOG : WellhouseOne | 063.500
2017-01-30 09:14:35 | TEMPLOG : Bio   Filter | 077.000
2017-01-30 09:14:36 | TEMPLOG : Table    One | 067.100
2017-01-30 09:15:36 | TEMPLOG : WellhouseOne | 061.700
2017-01-30 09:15:37 | TEMPLOG : Bio   Filter | 076.100
2017-01-30 09:15:37 | TEMPLOG : Table    One | 066.200
2017-01-30 09:16:37 | TEMPLOG : WellhouseOne | 059.900
2017-01-30 09:16:37 | TEMPLOG : Bio   Filter | 075.200
2017-01-30 09:16:38 | TEMPLOG : Table    One | 065.300
2017-01-30 09:17:38 | TEMPLOG : Bio   Filter | 072.500
2017-01-30 09:17:39 | TEMPLOG : To   GeoLoop | 049.100
2017-01-30 09:17:39 | TEMPLOG : Table    One | 064.400
2017-01-30 09:18:39 | TEMPLOG : WellhouseOne | 059.000
2017-01-30 09:18:40 | TEMPLOG : Bio   Filter | 073.400
2017-01-30 09:18:42 | TEMPLOG : Table    One | 065.300
2017-01-30 09:19:42 | TEMPLOG : WellhouseOne | 058.100
2017-01-30 09:19:42 | TEMPLOG : Bio   Filter | 075.200
2017-01-30 09:19:43 | TEMPLOG : To   GeoLoop | 050.000
2017-01-30 09:19:43 | TEMPLOG : Table    One | 067.100
2017-01-30 09:20:43 | TEMPLOG : WellhouseOne | 057.200
2017-01-30 09:20:44 | TEMPLOG : Bio   Filter | 077.000
2017-01-30 09:20:44 | TEMPLOG : Table    One | 068.900
2017-01-30 09:21:45 | TEMPLOG : Bio   Filter | 077.900
2017-01-30 09:22:46 | TEMPLOG : WellhouseOne | 056.300
2017-01-30 09:22:46 | TEMPLOG : Bio   Filter | 076.100
2017-01-30 09:22:46 | TEMPLOG : Table    One | 067.100
2017-01-30 09:23:47 | TEMPLOG : Table    One | 068.000
2017-01-30 09:24:48 | TEMPLOG : Table    One | 067.100
2017-01-30 09:25:48 | TEMPLOG : WellhouseOne | 055.400
2017-01-30 09:25:49 | TEMPLOG : Bio   Filter | 075.200
2017-01-30 09:26:50 | TEMPLOG : Bio   Filter | 074.300
2017-01-30 09:27:53 | TEMPLOG : Table    One | 066.200
2017-01-30 09:29:55 | TEMPLOG : Bio   Filter | 075.200
2017-01-30 09:29:56 | TEMPLOG : Table    One | 067.100
2017-01-30 09:30:57 | TEMPLOG : Bio   Filter | 076.100
2017-01-30 09:30:58 | TEMPLOG : Table    One | 068.000
2017-01-30 09:31:58 | TEMPLOG : Bio   Filter | 077.900
2017-01-30 09:31:59 | TEMPLOG : Table    One | 069.800
2017-01-30 09:32:59 | TEMPLOG : Bio   Filter | 079.700
2017-01-30 09:32:59 | TEMPLOG : To   GeoLoop | 050.900
2017-01-30 09:33:01 | TEMPLOG : Table    One | 070.700
2017-01-30 09:34:01 | TEMPLOG : Bio   Filter | 081.500
2017-01-30 09:34:02 | TEMPLOG : Table    One | 071.600
2017-01-30 09:35:03 | TEMPLOG : WellhouseOne | 054.500
2017-01-30 09:35:04 | TEMPLOG : Table    One | 070.700
2017-01-30 09:36:05 | TEMPLOG : Bio   Filter | 079.700
2017-01-30 09:36:05 | TEMPLOG : Table    One | 069.800
2017-01-30 09:37:06 | TEMPLOG : Bio   Filter | 081.500
2017-01-30 09:37:06 | TEMPLOG : Table    One | 070.700
2017-01-30 09:40:11 | TEMPLOG : Table    One | 069.800
2017-01-30 09:42:13 | TEMPLOG : Table    One | 068.900
2017-01-30 09:43:14 | TEMPLOG : WellhouseOne | 053.600
2017-01-30 09:43:14 | TEMPLOG : Bio   Filter | 082.400
2017-01-30 09:44:15 | TEMPLOG : WellhouseOne | 089.600
2017-01-30 09:45:16 | TEMPLOG : WellhouseOne | 122.900
2017-01-30 09:45:16 | TEMPLOG : Bio   Filter | 084.200
2017-01-30 09:46:17 | TEMPLOG : WellhouseOne | 090.500
2017-01-30 09:46:18 | TEMPLOG : Bio   Filter | 086.000
2017-01-30 09:46:18 | TEMPLOG : To   GeoLoop | 051.800
2017-01-30 09:46:18 | TEMPLOG : Table    One | 069.800
2017-01-30 09:47:18 | TEMPLOG : WellhouseOne | 079.700
2017-01-30 09:47:18 | TEMPLOG : Bio   Filter | 086.900
2017-01-30 09:48:19 | TEMPLOG : WellhouseOne | 074.300
2017-01-30 09:49:21 | TEMPLOG : WellhouseOne | 070.700
2017-01-30 09:49:21 | TEMPLOG : Bio   Filter | 087.800
2017-01-30 09:50:21 | TEMPLOG : WellhouseOne | 068.000
2017-01-30 09:50:22 | TEMPLOG : Bio   Filter | 088.700
2017-01-30 09:51:23 | TEMPLOG : WellhouseOne | 066.200
2017-01-30 09:51:23 | TEMPLOG : Bio   Filter | 087.800
2017-01-30 09:51:24 | TEMPLOG : Table    One | 068.900
2017-01-30 09:52:24 | TEMPLOG : WellhouseOne | 064.400
2017-01-30 09:53:26 | TEMPLOG : WellhouseOne | 062.600
2017-01-30 09:53:26 | TEMPLOG : Bio   Filter | 088.700
2017-01-30 09:54:28 | TEMPLOG : Bio   Filter | 090.500
2017-01-30 09:54:28 | TEMPLOG : To   GeoLoop | 052.700
2017-01-30 09:55:29 | TEMPLOG : WellhouseOne | 061.700
2017-01-30 09:55:29 | TEMPLOG : Bio   Filter | 091.400
2017-01-30 09:55:30 | TEMPLOG : Table    One | 069.800
2017-01-30 09:56:31 | TEMPLOG : WellhouseOne | 060.800
2017-01-30 09:56:31 | TEMPLOG : Bio   Filter | 093.200
2017-01-30 09:57:32 | TEMPLOG : Bio   Filter | 094.100
2017-01-30 09:57:32 | TEMPLOG : To   GeoLoop | 053.600
2017-01-30 09:57:33 | TEMPLOG : Table    One | 070.700
2017-01-30 09:58:33 | TEMPLOG : WellhouseOne | 059.900
2017-01-30 09:58:33 | TEMPLOG : Bio   Filter | 095.000
2017-01-30 09:59:35 | TEMPLOG : To   GeoLoop | 054.500
2017-01-30 10:00:36 | TEMPLOG : WellhouseOne | 059.000
2017-01-30 10:00:36 | TEMPLOG : Bio   Filter | 095.900
2017-01-30 10:00:37 | TEMPLOG : To   GeoLoop | 054.500
2017-01-30 10:00:37 | TEMPLOG : Table    One | 071.600
2017-01-30 10:03:39 | TEMPLOG : Bio   Filter | 093.200
2017-01-30 10:04:41 | TEMPLOG : Bio   Filter | 090.500
2017-01-30 10:04:42 | TEMPLOG : Table    One | 070.700
2017-01-30 10:05:42 | TEMPLOG : WellhouseOne | 058.100
2017-01-30 10:05:42 | TEMPLOG : Bio   Filter | 087.800
2017-01-30 10:05:42 | TEMPLOG : To   GeoLoop | 053.600
2017-01-30 10:05:43 | TEMPLOG : Table    One | 069.800
2017-01-30 10:06:43 | TEMPLOG : Bio   Filter | 085.100
2017-01-30 10:07:44 | TEMPLOG : Bio   Filter | 084.200
2017-01-30 10:07:44 | TEMPLOG : Table    One | 068.900
2017-01-30 10:08:45 | TEMPLOG : Bio   Filter | 080.600
2017-01-30 10:08:45 | TEMPLOG : To   GeoLoop | 052.700
2017-01-30 10:08:45 | TEMPLOG : Table    One | 068.000
2017-01-30 10:09:47 | TEMPLOG : Bio   Filter | 077.900
2017-01-30 10:09:47 | TEMPLOG : Table    One | 067.100
2017-01-30 10:10:48 | TEMPLOG : WellhouseOne | 057.200
2017-01-30 10:10:48 | TEMPLOG : Bio   Filter | 077.000
2017-01-30 10:10:48 | TEMPLOG : To   GeoLoop | 051.800
2017-01-30 10:11:50 | TEMPLOG : Bio   Filter | 076.100
2017-01-30 10:12:51 | TEMPLOG : Bio   Filter | 077.000
2017-01-30 10:12:51 | TEMPLOG : To   GeoLoop | 052.700
2017-01-30 10:12:51 | TEMPLOG : Table    One | 068.900
2017-01-30 10:13:51 | TEMPLOG : Bio   Filter | 077.900
2017-01-30 10:13:52 | TEMPLOG : Table    One | 069.800
2017-01-30 10:14:53 | TEMPLOG : Bio   Filter | 077.000
2017-01-30 10:14:54 | TEMPLOG : Table    One | 068.900
2017-01-30 10:15:56 | TEMPLOG : Bio   Filter | 076.100
2017-01-30 10:15:56 | TEMPLOG : Table    One | 068.000
2017-01-30 10:16:56 | TEMPLOG : Bio   Filter | 077.900
2017-01-30 10:16:57 | TEMPLOG : Table    One | 070.700
2017-01-30 10:17:58 | TEMPLOG : WellhouseOne | 056.300
2017-01-30 10:17:58 | TEMPLOG : Bio   Filter | 079.700
2017-01-30 10:17:59 | TEMPLOG : Table    One | 073.400
2017-01-30 10:18:59 | TEMPLOG : Bio   Filter | 083.300
2017-01-30 10:19:00 | TEMPLOG : To   GeoLoop | 053.600
2017-01-30 10:19:00 | TEMPLOG : Table    One | 076.100
2017-01-30 10:20:00 | TEMPLOG : Bio   Filter | 086.900
2017-01-30 10:20:01 | TEMPLOG : To   GeoLoop | 054.500
2017-01-30 10:20:02 | TEMPLOG : Table    One | 078.800
2017-01-30 10:21:02 | TEMPLOG : Table    One | 077.000
2017-01-30 10:22:03 | TEMPLOG : Bio   Filter | 086.000
2017-01-30 10:23:04 | TEMPLOG : Bio   Filter | 085.100
2017-01-30 10:24:05 | TEMPLOG : Bio   Filter | 086.000
2017-01-30 10:24:06 | TEMPLOG : Table    One | 077.900
2017-01-30 10:25:06 | TEMPLOG : Bio   Filter | 087.800
2017-01-30 10:25:06 | TEMPLOG : To   GeoLoop | 055.400
2017-01-30 10:25:06 | TEMPLOG : Table    One | 079.700
2017-01-30 10:26:07 | TEMPLOG : WellhouseOne | 094.100
2017-01-30 10:26:07 | TEMPLOG : Bio   Filter | 089.600
2017-01-30 10:26:08 | TEMPLOG : Table    One | 081.500
2017-01-30 10:27:08 | TEMPLOG : WellhouseOne | 119.300
2017-01-30 10:27:08 | TEMPLOG : Bio   Filter | 090.500
2017-01-30 10:27:09 | TEMPLOG : To   GeoLoop | 056.300
2017-01-30 10:28:10 | TEMPLOG : WellhouseOne | 087.800
2017-01-30 10:28:10 | TEMPLOG : Bio   Filter | 089.600
2017-01-30 10:28:11 | TEMPLOG : Table    One | 079.700
2017-01-30 10:29:11 | TEMPLOG : WellhouseOne | 078.800
2017-01-30 10:30:12 | TEMPLOG : WellhouseOne | 074.300
2017-01-30 10:30:12 | TEMPLOG : Bio   Filter | 088.700
2017-01-30 10:30:13 | TEMPLOG : To   GeoLoop | 055.400
2017-01-30 10:31:13 | TEMPLOG : WellhouseOne | 071.600
2017-01-30 10:31:14 | TEMPLOG : Bio   Filter | 087.800
2017-01-30 10:31:14 | TEMPLOG : Table    One | 078.800
2017-01-30 10:32:14 | TEMPLOG : WellhouseOne | 068.900
2017-01-30 10:32:15 | TEMPLOG : Bio   Filter | 086.900
2017-01-30 10:32:16 | TEMPLOG : Table    One | 077.900
2017-01-30 10:33:16 | TEMPLOG : WellhouseOne | 067.100
2017-01-30 10:34:17 | TEMPLOG : WellhouseOne | 065.300
2017-01-30 10:35:18 | TEMPLOG : WellhouseOne | 064.400
2017-01-30 10:35:18 | TEMPLOG : Bio   Filter | 088.700
2017-01-30 10:35:18 | TEMPLOG : Table    One | 079.700
2017-01-30 10:36:18 | TEMPLOG : WellhouseOne | 063.500
2017-01-30 10:36:19 | TEMPLOG : To   GeoLoop | 056.300
2017-01-30 10:37:20 | TEMPLOG : WellhouseOne | 062.600
2017-01-30 10:37:20 | TEMPLOG : Bio   Filter | 089.600
2017-01-30 10:38:22 | TEMPLOG : Bio   Filter | 090.500
2017-01-30 10:39:23 | TEMPLOG : WellhouseOne | 061.700
2017-01-30 10:39:24 | TEMPLOG : Bio   Filter | 091.400
2017-01-30 10:40:25 | TEMPLOG : Bio   Filter | 092.300
2017-01-30 10:40:25 | TEMPLOG : To   GeoLoop | 057.200
2017-01-30 10:41:27 | TEMPLOG : Bio   Filter | 093.200
2017-01-30 10:41:28 | TEMPLOG : Table    One | 080.600
2017-01-30 10:42:29 | TEMPLOG : WellhouseOne | 060.800
2017-01-30 10:43:30 | TEMPLOG : Bio   Filter | 094.100
2017-01-30 10:44:33 | TEMPLOG : To   GeoLoop | 058.100
2017-01-30 10:45:33 | TEMPLOG : Bio   Filter | 093.200
2017-01-30 10:46:34 | TEMPLOG : WellhouseOne | 059.900
2017-01-30 10:47:35 | TEMPLOG : Bio   Filter | 094.100
2017-01-30 10:48:37 | TEMPLOG : Table    One | 081.500
2017-01-30 10:49:37 | TEMPLOG : Bio   Filter | 095.000
2017-01-30 10:49:38 | TEMPLOG : To   GeoLoop | 059.000
2017-01-30 10:49:38 | TEMPLOG : Table    One | 082.400
2017-01-30 10:50:39 | TEMPLOG : Bio   Filter | 095.900
2017-01-30 10:50:40 | TEMPLOG : Table    One | 084.200
2017-01-30 10:51:41 | TEMPLOG : Bio   Filter | 096.800
2017-01-30 10:51:41 | TEMPLOG : Table    One | 085.100
2017-01-30 10:52:42 | TEMPLOG : To   GeoLoop | 059.900
2017-01-30 10:52:42 | TEMPLOG : Table    One | 086.000
2017-01-30 10:53:43 | TEMPLOG : WellhouseOne | 059.000
2017-01-30 10:53:43 | TEMPLOG : Table    One | 086.900
2017-01-30 10:56:47 | TEMPLOG : Bio   Filter | 095.900
2017-01-30 10:57:48 | TEMPLOG : Bio   Filter | 095.000
2017-01-30 10:58:50 | TEMPLOG : Bio   Filter | 094.100
2017-01-30 10:59:51 | TEMPLOG : Bio   Filter | 093.200
2017-01-30 11:00:51 | TEMPLOG : WellhouseOne | 058.100
2017-01-30 11:00:52 | TEMPLOG : Bio   Filter | 092.300
2017-01-30 11:00:52 | TEMPLOG : To   GeoLoop | 059.000
2017-01-30 11:00:53 | TEMPLOG : Table    One | 086.900
2017-01-30 11:01:53 | TEMPLOG : Bio   Filter | 091.400
2017-01-30 11:01:53 | TEMPLOG : To   GeoLoop | 059.900
2017-01-30 11:01:54 | TEMPLOG : Table    One | 087.800
2017-01-30 11:02:54 | TEMPLOG : WellhouseOne | 059.000
2017-01-30 11:04:56 | TEMPLOG : Bio   Filter | 092.300
2017-01-30 11:05:58 | TEMPLOG : Bio   Filter | 093.200
2017-01-30 11:05:58 | TEMPLOG : Table    One | 088.700
2017-01-30 11:06:59 | TEMPLOG : WellhouseOne | 058.100
2017-01-30 11:06:59 | TEMPLOG : Bio   Filter | 094.100
2017-01-30 11:06:59 | TEMPLOG : To   GeoLoop | 060.800
2017-01-30 11:08:00 | TEMPLOG : Bio   Filter | 095.000
2017-01-30 11:09:01 | TEMPLOG : Bio   Filter | 094.100
2017-01-30 11:09:01 | TEMPLOG : To   GeoLoop | 059.900
2017-01-30 11:09:01 | TEMPLOG : Table    One | 087.800
2017-01-30 11:10:02 | TEMPLOG : Bio   Filter | 095.000
2017-01-30 11:11:03 | TEMPLOG : Bio   Filter | 095.900
2017-01-30 11:11:04 | TEMPLOG : Table    One | 088.700
2017-01-30 11:12:05 | TEMPLOG : WellhouseOne | 091.400
2017-01-30 11:13:07 | TEMPLOG : WellhouseOne | 116.600
2017-01-30 11:13:07 | TEMPLOG : Bio   Filter | 096.800
2017-01-30 11:14:08 | TEMPLOG : WellhouseOne | 087.800
2017-01-30 11:14:08 | TEMPLOG : Bio   Filter | 097.700
2017-01-30 11:14:09 | TEMPLOG : To   GeoLoop | 060.800
2017-01-30 11:15:09 | TEMPLOG : WellhouseOne | 079.700
2017-01-30 11:15:10 | TEMPLOG : To   GeoLoop | 059.900
2017-01-30 11:16:10 | TEMPLOG : WellhouseOne | 075.200
2017-01-30 11:16:10 | TEMPLOG : To   GeoLoop | 060.800
2017-01-30 11:17:11 | TEMPLOG : WellhouseOne | 072.500
2017-01-30 11:17:11 | TEMPLOG : Bio   Filter | 098.600
2017-01-30 11:17:11 | TEMPLOG : Table    One | 089.600
2017-01-30 11:18:12 | TEMPLOG : WellhouseOne | 069.800
2017-01-30 11:18:12 | TEMPLOG : Bio   Filter | 099.500
2017-01-30 11:18:12 | TEMPLOG : Table    One | 090.500
2017-01-30 11:19:12 | TEMPLOG : WellhouseOne | 068.000
2017-01-30 11:19:13 | TEMPLOG : Bio   Filter | 101.300
2017-01-30 11:20:14 | TEMPLOG : WellhouseOne | 067.100
2017-01-30 11:20:14 | TEMPLOG : Bio   Filter | 102.200
2017-01-30 11:20:15 | TEMPLOG : To   GeoLoop | 061.700
2017-01-30 11:20:15 | TEMPLOG : Table    One | 091.400
2017-01-30 11:21:15 | TEMPLOG : WellhouseOne | 065.300
2017-01-30 11:21:15 | TEMPLOG : To   GeoLoop | 060.800
2017-01-30 11:23:17 | TEMPLOG : WellhouseOne | 064.400
2017-01-30 11:23:18 | TEMPLOG : Table    One | 092.300
2017-01-30 11:24:18 | TEMPLOG : WellhouseOne | 063.500
2017-01-30 11:24:19 | TEMPLOG : To   GeoLoop | 061.700
2017-01-30 11:25:20 | TEMPLOG : Bio   Filter | 101.300
2017-01-30 11:25:20 | TEMPLOG : To   GeoLoop | 060.800
2017-01-30 11:25:20 | TEMPLOG : Table    One | 091.400
2017-01-30 11:26:20 | TEMPLOG : WellhouseOne | 062.600
2017-01-30 11:26:21 | TEMPLOG : Table    One | 092.300
2017-01-30 11:28:22 | TEMPLOG : WellhouseOne | 061.700
2017-01-30 11:30:24 | TEMPLOG : WellhouseOne | 062.600
2017-01-30 11:31:25 | TEMPLOG : WellhouseOne | 061.700
2017-01-30 11:31:25 | TEMPLOG : Bio   Filter | 100.400
2017-01-30 11:32:26 | TEMPLOG : Bio   Filter | 101.300
2017-01-30 11:32:27 | TEMPLOG : Table    One | 093.200
2017-01-30 11:33:27 | TEMPLOG : WellhouseOne | 060.800
2017-01-30 11:33:27 | TEMPLOG : To   GeoLoop | 059.900
2017-01-30 11:34:28 | TEMPLOG : WellhouseOne | 061.700
2017-01-30 11:35:29 | TEMPLOG : Bio   Filter | 103.100
2017-01-30 11:36:30 | TEMPLOG : WellhouseOne | 060.800
2017-01-30 11:36:31 | TEMPLOG : Table    One | 094.100
2017-01-30 11:37:31 | TEMPLOG : Bio   Filter | 104.000
2017-01-30 11:37:31 | TEMPLOG : To   GeoLoop | 059.000
2017-01-30 11:39:35 | TEMPLOG : Bio   Filter | 104.900
2017-01-30 11:39:36 | TEMPLOG : Table    One | 095.000
2017-01-30 11:40:37 | TEMPLOG : WellhouseOne | 059.900
2017-01-30 11:40:38 | TEMPLOG : Table    One | 095.900
2017-01-30 11:41:39 | TEMPLOG : Table    One | 096.800
2017-01-30 11:43:41 | TEMPLOG : Bio   Filter | 105.800
2017-01-30 11:45:43 | TEMPLOG : Table    One | 097.700
2017-01-30 11:46:43 | TEMPLOG : WellhouseOne | 059.000
2017-01-30 11:46:43 | TEMPLOG : Bio   Filter | 104.900
2017-01-30 11:47:46 | TEMPLOG : Table    One | 098.600
2017-01-30 11:49:48 | TEMPLOG : Bio   Filter | 104.000
2017-01-30 11:49:49 | TEMPLOG : Table    One | 099.500
2017-01-30 11:51:52 | TEMPLOG : Bio   Filter | 102.200
2017-01-30 11:51:53 | TEMPLOG : To   GeoLoop | 058.100
2017-01-30 11:52:55 | TEMPLOG : Bio   Filter | 101.300
2017-01-30 11:52:56 | TEMPLOG : To   GeoLoop | 059.000
2017-01-30 11:53:58 | TEMPLOG : Bio   Filter | 100.400
2017-01-30 11:54:59 | TEMPLOG : Bio   Filter | 099.500
2017-01-30 11:56:02 | TEMPLOG : Bio   Filter | 097.700
2017-01-30 11:57:03 | TEMPLOG : Bio   Filter | 096.800
2017-01-30 11:58:04 | TEMPLOG : WellhouseOne | 058.100
2017-01-30 11:58:04 | TEMPLOG : Bio   Filter | 095.900
2017-01-30 11:58:05 | TEMPLOG : To   GeoLoop | 058.100
2017-01-30 11:59:07 | TEMPLOG : WellhouseOne | 059.900
2017-01-30 11:59:07 | TEMPLOG : Bio   Filter | 095.000
2017-01-30 11:59:07 | TEMPLOG : To   GeoLoop | 059.000
2017-01-30 11:59:07 | TEMPLOG : Table    One | 098.600
2017-01-30 12:00:08 | TEMPLOG : WellhouseOne | 122.000
2017-01-30 12:00:08 | TEMPLOG : Bio   Filter | 094.100
2017-01-30 12:00:09 | TEMPLOG : To   GeoLoop | 059.000
2017-01-30 12:00:09 | TEMPLOG : Table    One | 098.600
2017-01-30 12:01:09 | TEMPLOG : WellhouseOne | 098.600
2017-01-30 12:01:09 | TEMPLOG : Bio   Filter | 093.200
2017-01-30 12:01:10 | TEMPLOG : To   GeoLoop | 058.100
2017-01-30 12:02:11 | TEMPLOG : WellhouseOne | 083.300
2017-01-30 12:03:12 | TEMPLOG : WellhouseOne | 077.900
2017-01-30 12:03:12 | TEMPLOG : Bio   Filter | 092.300
2017-01-30 12:04:13 | TEMPLOG : WellhouseOne | 074.300
2017-01-30 12:04:13 | TEMPLOG : Bio   Filter | 093.200
2017-01-30 12:05:14 | TEMPLOG : WellhouseOne | 070.700
2017-01-30 12:05:14 | TEMPLOG : To   GeoLoop | 059.000
2017-01-30 12:06:15 | TEMPLOG : WellhouseOne | 068.900
2017-01-30 12:06:16 | TEMPLOG : To   GeoLoop | 058.100
2017-01-30 12:07:16 | TEMPLOG : WellhouseOne | 067.100
2017-01-30 12:07:16 | TEMPLOG : Bio   Filter | 092.300
2017-01-30 12:07:18 | TEMPLOG : Table    One | 097.700
2017-01-30 12:08:18 | TEMPLOG : WellhouseOne | 066.200
2017-01-30 12:08:18 | TEMPLOG : Bio   Filter | 093.200
2017-01-30 12:09:19 | TEMPLOG : WellhouseOne | 065.300
2017-01-30 12:09:21 | TEMPLOG : Table    One | 096.800
2017-01-30 12:10:21 | TEMPLOG : WellhouseOne | 064.400
2017-01-30 12:10:22 | TEMPLOG : Table    One | 097.700
2017-01-30 12:11:22 | TEMPLOG : WellhouseOne | 063.500
2017-01-30 12:11:22 | TEMPLOG : Bio   Filter | 095.000
2017-01-30 12:13:24 | TEMPLOG : WellhouseOne | 062.600
2017-01-30 12:13:25 | TEMPLOG : Bio   Filter | 095.900
2017-01-30 12:14:27 | TEMPLOG : Bio   Filter | 097.700
2017-01-30 12:16:29 | TEMPLOG : Bio   Filter | 098.600
2017-01-30 12:16:30 | TEMPLOG : To   GeoLoop | 059.000
2017-01-30 12:16:30 | TEMPLOG : Table    One | 096.800
2017-01-30 12:17:30 | TEMPLOG : WellhouseOne | 061.700
2017-01-30 12:17:30 | TEMPLOG : To   GeoLoop | 058.100
2017-01-30 12:19:34 | TEMPLOG : Table    One | 095.900
2017-01-30 12:20:34 | TEMPLOG : WellhouseOne | 060.800
2017-01-30 12:20:35 | TEMPLOG : Bio   Filter | 099.500
2017-01-30 12:20:35 | TEMPLOG : Table    One | 096.800
2017-01-30 12:21:37 | TEMPLOG : Bio   Filter | 100.400
2017-01-30 12:21:37 | TEMPLOG : To   GeoLoop | 059.000
2017-01-30 12:21:37 | TEMPLOG : Table    One | 097.700
2017-01-30 12:23:39 | TEMPLOG : Bio   Filter | 101.300
2017-01-30 12:24:41 | TEMPLOG : Bio   Filter | 102.200
2017-01-30 12:25:43 | TEMPLOG : Table    One | 098.600
2017-01-30 12:26:43 | TEMPLOG : Bio   Filter | 103.100
2017-01-30 12:26:43 | TEMPLOG : Table    One | 099.500
2017-01-30 12:27:44 | TEMPLOG : Bio   Filter | 104.000
2017-01-30 12:29:46 | TEMPLOG : WellhouseOne | 059.900
2017-01-30 12:29:47 | TEMPLOG : To   GeoLoop | 059.900
2017-01-30 12:31:49 | TEMPLOG : Table    One | 100.400
2017-01-30 12:33:52 | TEMPLOG : Bio   Filter | 104.900
2017-01-30 12:33:52 | TEMPLOG : Table    One | 101.300
2017-01-30 12:34:53 | TEMPLOG : Bio   Filter | 105.800
2017-01-30 12:35:54 | TEMPLOG : Table    One | 102.200
2017-01-30 12:36:55 | TEMPLOG : To   GeoLoop | 060.800
2017-01-30 12:37:55 | TEMPLOG : WellhouseOne | 059.000
2017-01-30 12:38:57 | TEMPLOG : Table    One | 103.100
2017-01-30 12:39:57 | TEMPLOG : Bio   Filter | 106.700
2017-01-30 12:42:00 | TEMPLOG : To   GeoLoop | 061.700
2017-01-30 12:45:02 | TEMPLOG : To   GeoLoop | 062.600
2017-01-30 12:46:03 | TEMPLOG : Table    One | 102.200
2017-01-30 12:47:04 | TEMPLOG : Bio   Filter | 105.800
2017-01-30 12:47:04 | TEMPLOG : To   GeoLoop | 063.500
2017-01-30 12:48:05 | TEMPLOG : WellhouseOne | 111.200
2017-01-30 12:49:06 | TEMPLOG : WellhouseOne | 102.200
2017-01-30 12:49:06 | TEMPLOG : Bio   Filter | 104.900
2017-01-30 12:50:07 | TEMPLOG : WellhouseOne | 085.100
2017-01-30 12:51:08 | TEMPLOG : WellhouseOne | 078.800
2017-01-30 12:51:08 | TEMPLOG : To   GeoLoop | 064.400
2017-01-30 12:51:09 | TEMPLOG : Table    One | 101.300
2017-01-30 12:52:09 | TEMPLOG : WellhouseOne | 074.300
2017-01-30 12:53:10 | TEMPLOG : WellhouseOne | 071.600
2017-01-30 12:53:10 | TEMPLOG : Bio   Filter | 104.000
2017-01-30 12:54:11 | TEMPLOG : WellhouseOne | 068.900
2017-01-30 12:55:13 | TEMPLOG : WellhouseOne | 068.000
2017-01-30 12:55:13 | TEMPLOG : Bio   Filter | 103.100
2017-01-30 12:56:14 | TEMPLOG : WellhouseOne | 067.100
2017-01-30 12:57:15 | TEMPLOG : WellhouseOne | 066.200
2017-01-30 12:58:15 | TEMPLOG : WellhouseOne | 065.300
2017-01-30 12:59:16 | TEMPLOG : WellhouseOne | 064.400
2017-01-30 12:59:17 | TEMPLOG : Table    One | 102.200
2017-01-30 13:00:17 | TEMPLOG : WellhouseOne | 064.400
2017-01-30 13:00:17 | TEMPLOG : Bio   Filter | 103.100
2017-01-30 13:00:18 | TEMPLOG : To   GeoLoop | 064.400
2017-01-30 13:00:18 | TEMPLOG : Table    One | 102.200
2017-01-30 13:01:18 | TEMPLOG : WellhouseOne | 063.500
2017-01-30 13:02:19 | TEMPLOG : WellhouseOne | 062.600
2017-01-30 13:02:21 | TEMPLOG : Table    One | 103.100
2017-01-30 13:05:23 | TEMPLOG : WellhouseOne | 061.700
2017-01-30 13:07:27 | TEMPLOG : Bio   Filter | 104.000
2017-01-30 13:07:28 | TEMPLOG : Table    One | 104.000
2017-01-30 13:08:28 | TEMPLOG : Bio   Filter | 104.900
2017-01-30 13:08:29 | TEMPLOG : Table    One | 104.900
2017-01-30 18:43:22 | -=< Temperature Logger Restart >=-
2017-01-30 18:43:22 | TEMPLOG : WellhouseOne | 057.200
2017-01-30 18:43:22 | TEMPLOG : Bio   Filter | 046.400
2017-01-30 18:43:23 | TEMPLOG : To   GeoLoop | 053.600
2017-01-30 18:43:23 | TEMPLOG : Table    One | 046.400
2017-01-30 18:48:28 | TEMPLOG : WellhouseOne | 056.300
2017-01-30 18:50:32 | TEMPLOG : WellhouseOne | 104.000
2017-01-30 18:51:32 | TEMPLOG : WellhouseOne | 104.900
2017-01-30 18:52:35 | TEMPLOG : WellhouseOne | 084.200
2017-01-30 18:53:38 | TEMPLOG : WellhouseOne | 076.100
2017-01-30 18:54:40 | TEMPLOG : WellhouseOne | 072.500
2017-01-30 18:55:41 | TEMPLOG : WellhouseOne | 069.800
2017-01-30 18:56:42 | TEMPLOG : WellhouseOne | 068.000
2017-01-30 18:57:44 | TEMPLOG : WellhouseOne | 066.200
2017-01-30 18:58:45 | TEMPLOG : WellhouseOne | 065.300
2017-01-30 18:58:47 | TEMPLOG : Table    One | 047.300
2017-01-30 18:59:47 | TEMPLOG : WellhouseOne | 063.500
2017-01-30 18:59:49 | TEMPLOG : Table    One | 046.400
2017-01-30 19:00:49 | TEMPLOG : WellhouseOne | 062.600
2017-01-30 19:00:50 | TEMPLOG : Bio   Filter | 046.400
2017-01-30 19:00:50 | TEMPLOG : To   GeoLoop | 053.600
2017-01-30 19:00:50 | TEMPLOG : Table    One | 046.400
2017-01-30 19:01:50 | TEMPLOG : WellhouseOne | 061.700
2017-01-30 19:03:55 | TEMPLOG : WellhouseOne | 060.800
2017-01-30 19:06:58 | TEMPLOG : WellhouseOne | 059.900
2017-01-30 19:10:02 | TEMPLOG : WellhouseOne | 059.000
2017-01-30 19:15:08 | TEMPLOG : WellhouseOne | 058.100
2017-01-30 19:16:10 | TEMPLOG : Bio   Filter | 045.500
2017-01-30 19:16:11 | TEMPLOG : Table    One | 045.500
2017-01-30 19:17:11 | TEMPLOG : WellhouseOne | 057.200
2017-01-30 19:17:12 | TEMPLOG : To   GeoLoop | 052.700
2017-01-30 19:19:13 | TEMPLOG : WellhouseOne | 056.300
2017-01-30 19:21:16 | TEMPLOG : Bio   Filter | 044.600
2017-01-30 19:21:17 | TEMPLOG : Table    One | 044.600
2017-01-30 19:25:19 | TEMPLOG : WellhouseOne | 055.400
2017-01-30 19:31:27 | TEMPLOG : WellhouseOne | 068.900
2017-01-30 19:32:27 | TEMPLOG : WellhouseOne | 120.200
2017-01-30 19:33:29 | TEMPLOG : WellhouseOne | 100.400
2017-01-30 19:34:30 | TEMPLOG : WellhouseOne | 084.200
2017-01-30 19:35:31 | TEMPLOG : WellhouseOne | 077.000
2017-01-30 19:36:32 | TEMPLOG : WellhouseOne | 072.500
2017-01-30 19:37:34 | TEMPLOG : WellhouseOne | 068.900
2017-01-30 19:38:35 | TEMPLOG : WellhouseOne | 067.100
2017-01-30 19:39:36 | TEMPLOG : WellhouseOne | 064.400
2017-01-30 19:40:37 | TEMPLOG : WellhouseOne | 063.500
2017-01-30 19:41:38 | TEMPLOG : WellhouseOne | 062.600
2017-01-30 19:42:40 | TEMPLOG : WellhouseOne | 061.700
2017-01-30 19:43:42 | TEMPLOG : WellhouseOne | 060.800
2017-01-30 19:44:44 | TEMPLOG : WellhouseOne | 059.900
2017-01-30 19:46:47 | TEMPLOG : WellhouseOne | 059.000
2017-01-30 19:48:49 | TEMPLOG : Bio   Filter | 043.700
2017-01-30 19:49:50 | TEMPLOG : WellhouseOne | 058.100
2017-01-30 19:49:50 | TEMPLOG : Bio   Filter | 044.600
2017-01-30 19:53:54 | TEMPLOG : WellhouseOne | 057.200
2017-01-30 19:59:00 | TEMPLOG : WellhouseOne | 056.300
2017-01-30 20:00:01 | TEMPLOG : WellhouseOne | 056.300
2017-01-30 20:00:02 | TEMPLOG : Bio   Filter | 044.600
2017-01-30 20:00:02 | TEMPLOG : To   GeoLoop | 052.700
2017-01-30 20:00:02 | TEMPLOG : Table    One | 044.600
2017-01-30 20:07:10 | TEMPLOG : WellhouseOne | 055.400
2017-01-30 20:13:17 | TEMPLOG : WellhouseOne | 105.800
2017-01-30 20:13:17 | TEMPLOG : Bio   Filter | 043.700
2017-01-30 20:14:18 | TEMPLOG : WellhouseOne | 125.600
2017-01-30 20:15:19 | TEMPLOG : WellhouseOne | 088.700
2017-01-30 20:16:20 | TEMPLOG : WellhouseOne | 078.800
2017-01-30 20:16:21 | TEMPLOG : To   GeoLoop | 051.800
2017-01-30 20:16:21 | TEMPLOG : Table    One | 043.700
2017-01-30 20:17:21 | TEMPLOG : WellhouseOne | 073.400
2017-01-30 20:17:22 | TEMPLOG : To   GeoLoop | 052.700
2017-01-30 20:18:22 | TEMPLOG : WellhouseOne | 070.700
2017-01-30 20:18:23 | TEMPLOG : To   GeoLoop | 051.800
2017-01-30 20:19:23 | TEMPLOG : WellhouseOne | 068.000
2017-01-30 20:19:24 | TEMPLOG : To   GeoLoop | 052.700
2017-01-30 20:20:25 | TEMPLOG : WellhouseOne | 065.300
2017-01-30 20:21:26 | TEMPLOG : WellhouseOne | 064.400
2017-01-30 20:21:27 | TEMPLOG : To   GeoLoop | 051.800
2017-01-30 20:22:28 | TEMPLOG : WellhouseOne | 062.600
2017-01-30 20:23:29 | TEMPLOG : WellhouseOne | 061.700
2017-01-30 20:24:31 | TEMPLOG : WellhouseOne | 060.800
2017-01-30 20:25:34 | TEMPLOG : WellhouseOne | 059.900
2017-01-30 20:26:35 | TEMPLOG : WellhouseOne | 059.000
2017-01-30 20:28:38 | TEMPLOG : WellhouseOne | 058.100
2017-01-30 20:30:40 | TEMPLOG : WellhouseOne | 057.200
2017-01-30 20:34:45 | TEMPLOG : WellhouseOne | 056.300
2017-01-30 20:39:51 | TEMPLOG : WellhouseOne | 055.400
2017-01-30 20:44:58 | TEMPLOG : Table    One | 044.600
2017-01-30 20:45:58 | TEMPLOG : WellhouseOne | 054.500
2017-01-30 20:45:59 | TEMPLOG : Table    One | 043.700
2017-01-30 20:47:00 | TEMPLOG : Table    One | 044.600
2017-01-30 20:49:02 | TEMPLOG : Table    One | 043.700
2017-01-30 20:53:05 | TEMPLOG : WellhouseOne | 109.400
2017-01-30 20:54:06 | TEMPLOG : WellhouseOne | 118.400
2017-01-30 20:55:09 | TEMPLOG : WellhouseOne | 087.800
2017-01-30 20:56:09 | TEMPLOG : WellhouseOne | 080.600
2017-01-30 20:57:10 | TEMPLOG : WellhouseOne | 075.200
2017-01-30 20:58:11 | TEMPLOG : WellhouseOne | 070.700
2017-01-30 20:59:13 | TEMPLOG : WellhouseOne | 067.100
2017-01-30 21:00:14 | TEMPLOG : WellhouseOne | 065.300
2017-01-30 21:00:15 | TEMPLOG : Bio   Filter | 043.700
2017-01-30 21:00:15 | TEMPLOG : To   GeoLoop | 051.800
2017-01-30 21:00:15 | TEMPLOG : Table    One | 043.700
2017-01-30 21:01:15 | TEMPLOG : WellhouseOne | 063.500
2017-01-30 21:02:16 | TEMPLOG : WellhouseOne | 062.600
2017-01-30 21:03:17 | TEMPLOG : WellhouseOne | 061.700
2017-01-30 21:04:18 | TEMPLOG : WellhouseOne | 060.800
2017-01-30 21:04:19 | TEMPLOG : Table    One | 044.600
2017-01-30 21:05:19 | TEMPLOG : WellhouseOne | 059.900
2017-01-30 21:06:20 | TEMPLOG : WellhouseOne | 059.000
2017-01-30 21:06:20 | TEMPLOG : Bio   Filter | 044.600
2017-01-30 21:09:23 | TEMPLOG : WellhouseOne | 058.100
2017-01-30 21:12:26 | TEMPLOG : WellhouseOne | 057.200
2017-01-30 21:17:31 | TEMPLOG : WellhouseOne | 056.300
2017-01-30 21:21:36 | TEMPLOG : WellhouseOne | 055.400
2017-01-30 21:27:45 | TEMPLOG : WellhouseOne | 054.500
2017-01-30 21:28:46 | TEMPLOG : WellhouseOne | 068.900
2017-01-30 21:29:48 | TEMPLOG : WellhouseOne | 113.000
2017-01-30 21:30:49 | TEMPLOG : WellhouseOne | 110.300
2017-01-30 21:31:50 | TEMPLOG : WellhouseOne | 087.800
2017-01-30 21:32:52 | TEMPLOG : WellhouseOne | 078.800
2017-01-30 21:33:53 | TEMPLOG : WellhouseOne | 074.300
2017-01-30 21:34:55 | TEMPLOG : WellhouseOne | 069.800
2017-01-30 21:35:57 | TEMPLOG : WellhouseOne | 067.100
2017-01-30 21:36:58 | TEMPLOG : WellhouseOne | 065.300
2017-01-30 21:37:59 | TEMPLOG : WellhouseOne | 063.500
2017-01-30 21:39:00 | TEMPLOG : WellhouseOne | 062.600
2017-01-30 21:40:01 | TEMPLOG : WellhouseOne | 061.700
2017-01-30 21:41:02 | TEMPLOG : WellhouseOne | 060.800
2017-01-30 21:42:03 | TEMPLOG : WellhouseOne | 059.900
2017-01-30 21:44:06 | TEMPLOG : WellhouseOne | 059.000
2017-01-30 21:46:08 | TEMPLOG : WellhouseOne | 058.100
2017-01-30 21:49:12 | TEMPLOG : WellhouseOne | 057.200
2017-01-30 21:53:18 | TEMPLOG : WellhouseOne | 056.300
2017-01-30 21:57:23 | TEMPLOG : WellhouseOne | 055.400
2017-01-30 22:00:25 | TEMPLOG : WellhouseOne | 055.400
2017-01-30 22:00:25 | TEMPLOG : Bio   Filter | 044.600
2017-01-30 22:00:26 | TEMPLOG : To   GeoLoop | 051.800
2017-01-30 22:00:27 | TEMPLOG : Table    One | 044.600
2017-01-30 22:01:27 | TEMPLOG : WellhouseOne | 054.500
2017-01-30 22:04:31 | TEMPLOG : WellhouseOne | 086.900
2017-01-30 22:05:32 | TEMPLOG : WellhouseOne | 116.600
2017-01-30 22:06:33 | TEMPLOG : WellhouseOne | 113.000
2017-01-30 22:07:34 | TEMPLOG : WellhouseOne | 090.500
2017-01-30 22:08:35 | TEMPLOG : WellhouseOne | 080.600
2017-01-30 22:09:37 | TEMPLOG : WellhouseOne | 076.100
2017-01-30 22:10:39 | TEMPLOG : WellhouseOne | 071.600
2017-01-30 22:11:40 | TEMPLOG : WellhouseOne | 068.900
2017-01-30 22:12:41 | TEMPLOG : WellhouseOne | 066.200
2017-01-30 22:13:42 | TEMPLOG : WellhouseOne | 064.400
2017-01-30 22:14:43 | TEMPLOG : WellhouseOne | 063.500
2017-01-30 22:15:45 | TEMPLOG : WellhouseOne | 062.600
2017-01-30 22:16:46 | TEMPLOG : WellhouseOne | 061.700
2017-01-30 22:17:48 | TEMPLOG : WellhouseOne | 060.800
2017-01-30 22:18:50 | TEMPLOG : WellhouseOne | 059.900
2017-01-30 22:20:52 | TEMPLOG : WellhouseOne | 059.000
2017-01-30 22:22:55 | TEMPLOG : WellhouseOne | 058.100
2017-01-30 22:24:58 | TEMPLOG : WellhouseOne | 057.200
2017-01-30 22:24:58 | TEMPLOG : To   GeoLoop | 050.900
2017-01-30 22:25:59 | TEMPLOG : To   GeoLoop | 051.800
2017-01-30 22:27:00 | TEMPLOG : To   GeoLoop | 050.900
2017-01-30 22:28:01 | TEMPLOG : Bio   Filter | 043.700
2017-01-30 22:29:02 | TEMPLOG : WellhouseOne | 056.300
2017-01-30 22:29:03 | TEMPLOG : Table    One | 043.700
2017-01-30 22:32:05 | TEMPLOG : WellhouseOne | 055.400
2017-01-30 22:32:06 | TEMPLOG : Table    One | 044.600
2017-01-30 22:33:07 | TEMPLOG : Table    One | 043.700
2017-01-30 22:37:14 | TEMPLOG : Table    One | 044.600
2017-01-30 22:38:14 | TEMPLOG : WellhouseOne | 054.500
2017-01-30 22:38:15 | TEMPLOG : Table    One | 043.700
2017-01-30 22:41:18 | TEMPLOG : WellhouseOne | 064.400
2017-01-30 22:42:18 | TEMPLOG : WellhouseOne | 113.000
2017-01-30 22:43:19 | TEMPLOG : WellhouseOne | 108.500
2017-01-30 22:44:20 | TEMPLOG : WellhouseOne | 087.800
2017-01-30 22:45:21 | TEMPLOG : WellhouseOne | 079.700
2017-01-30 22:46:22 | TEMPLOG : WellhouseOne | 074.300
2017-01-30 22:47:24 | TEMPLOG : WellhouseOne | 069.800
2017-01-30 22:48:25 | TEMPLOG : WellhouseOne | 067.100
2017-01-30 22:49:26 | TEMPLOG : WellhouseOne | 065.300
2017-01-30 22:50:28 | TEMPLOG : WellhouseOne | 064.400
2017-01-30 22:51:29 | TEMPLOG : WellhouseOne | 062.600
2017-01-30 22:52:30 | TEMPLOG : WellhouseOne | 061.700
2017-01-30 22:52:32 | TEMPLOG : Table    One | 044.600
2017-01-30 22:53:32 | TEMPLOG : WellhouseOne | 060.800
2017-01-30 22:54:34 | TEMPLOG : WellhouseOne | 059.900
2017-01-30 22:55:35 | TEMPLOG : WellhouseOne | 059.000
2017-01-30 22:55:37 | TEMPLOG : Table    One | 043.700
2017-01-30 22:56:38 | TEMPLOG : Table    One | 044.600
2017-01-30 22:58:40 | TEMPLOG : WellhouseOne | 058.100
2017-01-30 22:58:41 | TEMPLOG : Table    One | 043.700
2017-01-30 23:00:42 | TEMPLOG : WellhouseOne | 058.100
2017-01-30 23:00:43 | TEMPLOG : Bio   Filter | 043.700
2017-01-30 23:00:43 | TEMPLOG : To   GeoLoop | 050.900
2017-01-30 23:00:43 | TEMPLOG : Table    One | 044.600
2017-01-30 23:01:43 | TEMPLOG : WellhouseOne | 057.200
2017-01-30 23:03:47 | TEMPLOG : Bio   Filter | 044.600
2017-01-30 23:05:50 | TEMPLOG : WellhouseOne | 056.300
2017-01-30 23:09:55 | TEMPLOG : WellhouseOne | 055.400
2017-01-30 23:09:57 | TEMPLOG : Table    One | 045.500
2017-01-30 23:15:03 | TEMPLOG : WellhouseOne | 054.500
2017-01-30 23:17:05 | TEMPLOG : WellhouseOne | 098.600
2017-01-30 23:18:06 | TEMPLOG : WellhouseOne | 120.200
2017-01-30 23:19:08 | TEMPLOG : WellhouseOne | 096.800
2017-01-30 23:20:09 | TEMPLOG : WellhouseOne | 083.300
2017-01-30 23:21:12 | TEMPLOG : WellhouseOne | 076.100
2017-01-30 23:22:13 | TEMPLOG : WellhouseOne | 071.600
2017-01-30 23:23:14 | TEMPLOG : WellhouseOne | 068.900
2017-01-30 23:24:15 | TEMPLOG : WellhouseOne | 066.200
2017-01-30 23:25:15 | TEMPLOG : WellhouseOne | 065.300
2017-01-30 23:26:16 | TEMPLOG : WellhouseOne | 063.500
2017-01-30 23:27:17 | TEMPLOG : WellhouseOne | 062.600
2017-01-30 23:28:18 | TEMPLOG : WellhouseOne | 061.700
2017-01-30 23:29:19 | TEMPLOG : WellhouseOne | 060.800
2017-01-30 23:30:20 | TEMPLOG : WellhouseOne | 059.900
2017-01-30 23:32:22 | TEMPLOG : WellhouseOne | 059.000
2017-01-30 23:33:22 | TEMPLOG : WellhouseOne | 058.100
2017-01-30 23:36:27 | TEMPLOG : WellhouseOne | 057.200
2017-01-30 23:38:31 | TEMPLOG : Table    One | 044.600
2017-01-30 23:39:31 | TEMPLOG : WellhouseOne | 056.300
2017-01-30 23:39:31 | TEMPLOG : Bio   Filter | 043.700
2017-01-30 23:40:33 | TEMPLOG : Bio   Filter | 044.600
2017-01-30 23:42:35 | TEMPLOG : WellhouseOne | 055.400
2017-01-30 23:42:36 | TEMPLOG : Bio   Filter | 043.700
2017-01-30 23:44:38 | TEMPLOG : WellhouseOne | 054.500
2017-01-30 23:49:48 | TEMPLOG : Table    One | 043.700
2017-01-30 23:51:49 | TEMPLOG : WellhouseOne | 053.600
2017-01-30 23:52:50 | TEMPLOG : WellhouseOne | 113.000
2017-01-30 23:52:50 | TEMPLOG : Bio   Filter | 042.800
2017-01-30 23:52:50 | TEMPLOG : To   GeoLoop | 050.000
2017-01-30 23:53:51 | TEMPLOG : WellhouseOne | 123.800
2017-01-30 23:54:52 | TEMPLOG : WellhouseOne | 089.600
2017-01-30 23:54:52 | TEMPLOG : Table    One | 042.800
2017-01-30 23:55:53 | TEMPLOG : WellhouseOne | 078.800
2017-01-30 23:56:54 | TEMPLOG : WellhouseOne | 072.500
2017-01-30 23:57:55 | TEMPLOG : WellhouseOne | 068.900
2017-01-30 23:58:56 | TEMPLOG : WellhouseOne | 066.200
2017-01-30 23:59:57 | TEMPLOG : WellhouseOne | 063.500
