2017-03-01 00:00:24 | TEMPLOG : WellhouseOne | 046.400
2017-03-01 00:00:24 | TEMPLOG : Bio   Filter | 031.100
2017-03-01 00:00:25 | TEMPLOG : To   GeoLoop | 045.500
2017-03-01 00:01:25 | TEMPLOG : WellhouseOne | 045.500
2017-03-01 00:03:28 | TEMPLOG : WellhouseOne | 044.600
2017-03-01 00:05:29 | TEMPLOG : WellhouseOne | 043.700
2017-03-01 00:07:32 | TEMPLOG : WellhouseOne | 047.300
2017-03-01 00:08:34 | TEMPLOG : WellhouseOne | 104.900
2017-03-01 00:08:34 | TEMPLOG : Table    One | 031.100
2017-03-01 00:09:35 | TEMPLOG : WellhouseOne | 120.200
2017-03-01 00:09:35 | TEMPLOG : Bio   Filter | 030.200
2017-03-01 00:10:36 | TEMPLOG : WellhouseOne | 127.400
2017-03-01 00:11:38 | TEMPLOG : WellhouseOne | 130.100
2017-03-01 00:11:38 | TEMPLOG : Bio   Filter | 031.100
2017-03-01 00:12:38 | TEMPLOG : WellhouseOne | 132.800
2017-03-01 00:13:39 | TEMPLOG : WellhouseOne | 134.600
2017-03-01 00:13:40 | TEMPLOG : Bio   Filter | 030.200
2017-03-01 00:14:40 | TEMPLOG : WellhouseOne | 094.100
2017-03-01 00:15:41 | TEMPLOG : WellhouseOne | 079.700
2017-03-01 00:16:43 | TEMPLOG : WellhouseOne | 072.500
2017-03-01 00:17:44 | TEMPLOG : WellhouseOne | 066.200
2017-03-01 00:18:45 | TEMPLOG : WellhouseOne | 060.800
2017-03-01 00:19:46 | TEMPLOG : WellhouseOne | 058.100
2017-03-01 00:20:47 | TEMPLOG : WellhouseOne | 055.400
2017-03-01 00:21:48 | TEMPLOG : WellhouseOne | 053.600
2017-03-01 00:22:49 | TEMPLOG : WellhouseOne | 051.800
2017-03-01 00:23:50 | TEMPLOG : WellhouseOne | 050.900
2017-03-01 00:24:52 | TEMPLOG : WellhouseOne | 050.000
2017-03-01 00:25:52 | TEMPLOG : WellhouseOne | 049.100
2017-03-01 00:26:53 | TEMPLOG : WellhouseOne | 048.200
2017-03-01 00:26:54 | TEMPLOG : To   GeoLoop | 044.600
2017-03-01 00:27:55 | TEMPLOG : WellhouseOne | 047.300
2017-03-01 00:28:56 | TEMPLOG : WellhouseOne | 046.400
2017-03-01 00:30:58 | TEMPLOG : WellhouseOne | 045.500
2017-03-01 00:31:59 | TEMPLOG : WellhouseOne | 044.600
2017-03-01 00:34:02 | TEMPLOG : WellhouseOne | 043.700
2017-03-01 00:36:04 | TEMPLOG : WellhouseOne | 068.000
2017-03-01 00:37:05 | TEMPLOG : WellhouseOne | 108.500
2017-03-01 00:38:06 | TEMPLOG : WellhouseOne | 121.100
2017-03-01 00:39:08 | TEMPLOG : WellhouseOne | 127.400
2017-03-01 00:40:09 | TEMPLOG : WellhouseOne | 131.000
2017-03-01 00:41:09 | TEMPLOG : WellhouseOne | 133.700
2017-03-01 00:42:11 | TEMPLOG : WellhouseOne | 135.500
2017-03-01 00:43:12 | TEMPLOG : WellhouseOne | 098.600
2017-03-01 00:44:13 | TEMPLOG : WellhouseOne | 083.300
2017-03-01 00:45:14 | TEMPLOG : WellhouseOne | 076.100
2017-03-01 00:46:16 | TEMPLOG : WellhouseOne | 069.800
2017-03-01 00:47:18 | TEMPLOG : WellhouseOne | 064.400
2017-03-01 00:48:18 | TEMPLOG : WellhouseOne | 059.900
2017-03-01 00:49:20 | TEMPLOG : WellhouseOne | 056.300
2017-03-01 00:50:22 | TEMPLOG : WellhouseOne | 054.500
2017-03-01 00:51:23 | TEMPLOG : WellhouseOne | 052.700
2017-03-01 00:52:24 | TEMPLOG : WellhouseOne | 050.900
2017-03-01 00:52:24 | TEMPLOG : Bio   Filter | 031.100
2017-03-01 00:53:25 | TEMPLOG : WellhouseOne | 050.000
2017-03-01 00:54:26 | TEMPLOG : WellhouseOne | 048.200
2017-03-01 00:55:28 | TEMPLOG : WellhouseOne | 046.400
2017-03-01 00:56:28 | TEMPLOG : WellhouseOne | 047.300
2017-03-01 00:58:30 | TEMPLOG : WellhouseOne | 046.400
2017-03-01 00:59:31 | TEMPLOG : WellhouseOne | 045.500
2017-03-01 01:00:32 | TEMPLOG : WellhouseOne | 044.600
2017-03-01 01:00:32 | TEMPLOG : Bio   Filter | 031.100
2017-03-01 01:00:33 | TEMPLOG : To   GeoLoop | 044.600
2017-03-01 01:00:34 | TEMPLOG : Table    One | 031.100
2017-03-01 01:01:34 | TEMPLOG : WellhouseOne | 043.700
2017-03-01 01:03:37 | TEMPLOG : WellhouseOne | 042.800
2017-03-01 01:04:38 | TEMPLOG : WellhouseOne | 043.700
2017-03-01 01:05:39 | TEMPLOG : WellhouseOne | 097.700
2017-03-01 01:06:40 | TEMPLOG : WellhouseOne | 116.600
2017-03-01 01:07:41 | TEMPLOG : WellhouseOne | 125.600
2017-03-01 01:08:42 | TEMPLOG : WellhouseOne | 130.100
2017-03-01 01:09:43 | TEMPLOG : WellhouseOne | 132.800
2017-03-01 01:10:45 | TEMPLOG : WellhouseOne | 134.600
2017-03-01 01:11:47 | TEMPLOG : WellhouseOne | 099.500
2017-03-01 01:12:47 | TEMPLOG : WellhouseOne | 083.300
2017-03-01 01:13:49 | TEMPLOG : WellhouseOne | 076.100
2017-03-01 01:13:49 | TEMPLOG : Bio   Filter | 030.200
2017-03-01 01:14:51 | TEMPLOG : WellhouseOne | 068.900
2017-03-01 01:15:51 | TEMPLOG : WellhouseOne | 062.600
2017-03-01 01:16:53 | TEMPLOG : WellhouseOne | 059.000
2017-03-01 01:17:55 | TEMPLOG : WellhouseOne | 056.300
2017-03-01 01:18:56 | TEMPLOG : WellhouseOne | 053.600
2017-03-01 01:19:57 | TEMPLOG : WellhouseOne | 052.700
2017-03-01 01:20:58 | TEMPLOG : WellhouseOne | 051.800
2017-03-01 01:21:59 | TEMPLOG : WellhouseOne | 050.000
2017-03-01 01:23:00 | TEMPLOG : WellhouseOne | 048.200
2017-03-01 01:23:01 | TEMPLOG : Bio   Filter | 031.100
2017-03-01 01:24:02 | TEMPLOG : Bio   Filter | 030.200
2017-03-01 01:25:02 | TEMPLOG : Bio   Filter | 031.100
2017-03-01 01:26:03 | TEMPLOG : WellhouseOne | 047.300
2017-03-01 01:26:03 | TEMPLOG : Bio   Filter | 030.200
2017-03-01 01:27:04 | TEMPLOG : WellhouseOne | 046.400
2017-03-01 01:28:06 | TEMPLOG : Bio   Filter | 031.100
2017-03-01 01:29:06 | TEMPLOG : WellhouseOne | 045.500
2017-03-01 01:30:08 | TEMPLOG : Bio   Filter | 030.200
2017-03-01 01:31:08 | TEMPLOG : WellhouseOne | 044.600
2017-03-01 01:32:10 | TEMPLOG : WellhouseOne | 043.700
2017-03-01 01:34:12 | TEMPLOG : WellhouseOne | 092.300
2017-03-01 01:35:13 | TEMPLOG : WellhouseOne | 113.900
2017-03-01 01:36:15 | TEMPLOG : WellhouseOne | 123.800
2017-03-01 01:37:16 | TEMPLOG : WellhouseOne | 129.200
2017-03-01 01:38:17 | TEMPLOG : WellhouseOne | 132.800
2017-03-01 01:39:18 | TEMPLOG : WellhouseOne | 134.600
2017-03-01 01:40:20 | TEMPLOG : WellhouseOne | 109.400
2017-03-01 01:41:22 | TEMPLOG : WellhouseOne | 086.900
2017-03-01 01:42:23 | TEMPLOG : WellhouseOne | 078.800
2017-03-01 01:43:25 | TEMPLOG : WellhouseOne | 071.600
2017-03-01 01:44:26 | TEMPLOG : WellhouseOne | 066.200
2017-03-01 01:45:27 | TEMPLOG : WellhouseOne | 061.700
2017-03-01 01:46:27 | TEMPLOG : WellhouseOne | 058.100
2017-03-01 01:46:28 | TEMPLOG : Table    One | 030.200
2017-03-01 01:47:28 | TEMPLOG : WellhouseOne | 056.300
2017-03-01 01:47:29 | TEMPLOG : Table    One | 031.100
2017-03-01 01:48:29 | TEMPLOG : WellhouseOne | 053.600
2017-03-01 01:49:31 | TEMPLOG : WellhouseOne | 052.700
2017-03-01 01:50:33 | TEMPLOG : WellhouseOne | 050.900
2017-03-01 01:50:33 | TEMPLOG : To   GeoLoop | 043.700
2017-03-01 01:51:34 | TEMPLOG : WellhouseOne | 049.100
2017-03-01 01:53:35 | TEMPLOG : WellhouseOne | 048.200
2017-03-01 01:53:36 | TEMPLOG : To   GeoLoop | 044.600
2017-03-01 01:54:37 | TEMPLOG : WellhouseOne | 046.400
2017-03-01 01:54:38 | TEMPLOG : To   GeoLoop | 043.700
2017-03-01 01:55:39 | TEMPLOG : To   GeoLoop | 044.600
2017-03-01 01:56:40 | TEMPLOG : WellhouseOne | 044.600
2017-03-01 01:57:41 | TEMPLOG : WellhouseOne | 042.800
2017-03-01 01:58:42 | TEMPLOG : WellhouseOne | 041.900
2017-03-01 01:58:42 | TEMPLOG : To   GeoLoop | 043.700
2017-03-01 01:59:43 | TEMPLOG : WellhouseOne | 041.000
2017-03-01 01:59:43 | TEMPLOG : To   GeoLoop | 044.600
2017-03-01 02:00:43 | TEMPLOG : WellhouseOne | 041.000
2017-03-01 02:00:44 | TEMPLOG : Bio   Filter | 030.200
2017-03-01 02:00:44 | TEMPLOG : To   GeoLoop | 044.600
2017-03-01 02:00:44 | TEMPLOG : Table    One | 031.100
2017-03-01 02:02:46 | TEMPLOG : WellhouseOne | 067.100
2017-03-01 02:03:47 | TEMPLOG : WellhouseOne | 109.400
2017-03-01 02:03:48 | TEMPLOG : Bio   Filter | 031.100
2017-03-01 02:04:48 | TEMPLOG : WellhouseOne | 122.000
2017-03-01 02:05:49 | TEMPLOG : WellhouseOne | 129.200
2017-03-01 02:06:51 | TEMPLOG : WellhouseOne | 132.800
2017-03-01 02:06:52 | TEMPLOG : To   GeoLoop | 043.700
2017-03-01 02:07:52 | TEMPLOG : WellhouseOne | 136.400
2017-03-01 02:08:54 | TEMPLOG : WellhouseOne | 095.000
2017-03-01 02:08:54 | TEMPLOG : Bio   Filter | 030.200
2017-03-01 02:08:54 | TEMPLOG : To   GeoLoop | 044.600
2017-03-01 02:09:55 | TEMPLOG : WellhouseOne | 079.700
2017-03-01 02:10:56 | TEMPLOG : WellhouseOne | 070.700
2017-03-01 02:10:57 | TEMPLOG : To   GeoLoop | 043.700
2017-03-01 02:11:57 | TEMPLOG : WellhouseOne | 065.300
2017-03-01 02:11:58 | TEMPLOG : Bio   Filter | 031.100
2017-03-01 02:11:58 | TEMPLOG : To   GeoLoop | 044.600
2017-03-01 02:12:58 | TEMPLOG : WellhouseOne | 060.800
2017-03-01 02:12:59 | TEMPLOG : To   GeoLoop | 043.700
2017-03-01 02:13:59 | TEMPLOG : WellhouseOne | 058.100
2017-03-01 02:15:01 | TEMPLOG : WellhouseOne | 054.500
2017-03-01 02:16:02 | TEMPLOG : WellhouseOne | 052.700
2017-03-01 02:17:03 | TEMPLOG : WellhouseOne | 050.000
2017-03-01 02:18:05 | TEMPLOG : WellhouseOne | 048.200
2017-03-01 02:19:07 | TEMPLOG : WellhouseOne | 045.500
2017-03-01 02:19:07 | TEMPLOG : Bio   Filter | 030.200
2017-03-01 02:20:08 | TEMPLOG : WellhouseOne | 044.600
2017-03-01 02:20:08 | TEMPLOG : Bio   Filter | 031.100
2017-03-01 02:21:09 | TEMPLOG : Bio   Filter | 030.200
2017-03-01 02:22:11 | TEMPLOG : WellhouseOne | 043.700
2017-03-01 02:23:12 | TEMPLOG : WellhouseOne | 044.600
2017-03-01 02:23:12 | TEMPLOG : Bio   Filter | 031.100
2017-03-01 02:24:13 | TEMPLOG : WellhouseOne | 045.500
2017-03-01 02:25:14 | TEMPLOG : WellhouseOne | 044.600
2017-03-01 02:26:17 | TEMPLOG : Bio   Filter | 030.200
2017-03-01 02:27:19 | TEMPLOG : Table    One | 030.200
2017-03-01 02:28:20 | TEMPLOG : WellhouseOne | 043.700
2017-03-01 02:29:21 | TEMPLOG : WellhouseOne | 042.800
2017-03-01 02:31:23 | TEMPLOG : WellhouseOne | 092.300
2017-03-01 02:32:24 | TEMPLOG : WellhouseOne | 113.900
2017-03-01 02:33:26 | TEMPLOG : WellhouseOne | 122.900
2017-03-01 02:34:28 | TEMPLOG : WellhouseOne | 128.300
2017-03-01 02:35:29 | TEMPLOG : WellhouseOne | 131.900
2017-03-01 02:36:30 | TEMPLOG : WellhouseOne | 135.500
2017-03-01 02:37:31 | TEMPLOG : WellhouseOne | 099.500
2017-03-01 02:38:32 | TEMPLOG : WellhouseOne | 083.300
2017-03-01 02:39:34 | TEMPLOG : WellhouseOne | 076.100
2017-03-01 02:40:35 | TEMPLOG : WellhouseOne | 068.900
2017-03-01 02:41:37 | TEMPLOG : WellhouseOne | 063.500
2017-03-01 02:42:38 | TEMPLOG : WellhouseOne | 058.100
2017-03-01 02:43:38 | TEMPLOG : WellhouseOne | 055.400
2017-03-01 02:44:40 | TEMPLOG : WellhouseOne | 052.700
2017-03-01 02:45:41 | TEMPLOG : WellhouseOne | 050.900
2017-03-01 02:46:43 | TEMPLOG : WellhouseOne | 050.000
2017-03-01 02:46:44 | TEMPLOG : Table    One | 031.100
2017-03-01 02:47:44 | TEMPLOG : WellhouseOne | 048.200
2017-03-01 02:48:46 | TEMPLOG : WellhouseOne | 047.300
2017-03-01 02:50:48 | TEMPLOG : WellhouseOne | 046.400
2017-03-01 02:51:49 | TEMPLOG : WellhouseOne | 045.500
2017-03-01 02:55:54 | TEMPLOG : WellhouseOne | 044.600
2017-03-01 02:56:55 | TEMPLOG : WellhouseOne | 043.700
2017-03-01 02:57:56 | TEMPLOG : WellhouseOne | 042.800
2017-03-01 02:58:58 | TEMPLOG : Bio   Filter | 031.100
2017-03-01 02:59:59 | TEMPLOG : WellhouseOne | 098.600
2017-03-01 02:59:59 | TEMPLOG : Bio   Filter | 030.200
2017-03-01 03:00:00 | TEMPLOG : Table    One | 030.200
2017-03-01 03:01:00 | TEMPLOG : WellhouseOne | 116.600
2017-03-01 03:01:01 | TEMPLOG : Table    One | 031.100
2017-03-01 03:02:02 | TEMPLOG : WellhouseOne | 125.600
2017-03-01 03:02:03 | TEMPLOG : Table    One | 030.200
2017-03-01 03:03:03 | TEMPLOG : WellhouseOne | 131.000
2017-03-01 03:04:05 | TEMPLOG : WellhouseOne | 134.600
2017-03-01 03:04:05 | TEMPLOG : Bio   Filter | 031.100
2017-03-01 03:04:06 | TEMPLOG : Table    One | 031.100
2017-03-01 03:05:07 | TEMPLOG : WellhouseOne | 097.700
2017-03-01 03:06:09 | TEMPLOG : WellhouseOne | 080.600
2017-03-01 03:06:09 | TEMPLOG : Bio   Filter | 030.200
2017-03-01 03:07:10 | TEMPLOG : WellhouseOne | 070.700
2017-03-01 03:08:11 | TEMPLOG : WellhouseOne | 065.300
2017-03-01 03:09:12 | TEMPLOG : WellhouseOne | 061.700
2017-03-01 03:10:13 | TEMPLOG : WellhouseOne | 058.100
2017-03-01 03:11:14 | TEMPLOG : WellhouseOne | 056.300
2017-03-01 03:11:15 | TEMPLOG : Table    One | 030.200
2017-03-01 03:12:15 | TEMPLOG : WellhouseOne | 053.600
2017-03-01 03:13:16 | TEMPLOG : WellhouseOne | 052.700
2017-03-01 03:13:17 | TEMPLOG : Table    One | 031.100
2017-03-01 03:14:18 | TEMPLOG : WellhouseOne | 050.900
2017-03-01 03:15:19 | TEMPLOG : WellhouseOne | 049.100
2017-03-01 03:16:21 | TEMPLOG : WellhouseOne | 048.200
2017-03-01 03:16:22 | TEMPLOG : Table    One | 030.200
2017-03-01 03:18:23 | TEMPLOG : WellhouseOne | 047.300
2017-03-01 03:19:24 | TEMPLOG : WellhouseOne | 046.400
2017-03-01 03:20:25 | TEMPLOG : WellhouseOne | 045.500
2017-03-01 03:20:26 | TEMPLOG : To   GeoLoop | 042.800
2017-03-01 03:22:28 | TEMPLOG : WellhouseOne | 044.600
2017-03-01 03:23:29 | TEMPLOG : WellhouseOne | 043.700
2017-03-01 03:26:32 | TEMPLOG : WellhouseOne | 042.800
2017-03-01 03:26:33 | TEMPLOG : Bio   Filter | 029.300
2017-03-01 03:27:33 | TEMPLOG : WellhouseOne | 099.500
2017-03-01 03:28:34 | TEMPLOG : WellhouseOne | 116.600
2017-03-01 03:29:35 | TEMPLOG : WellhouseOne | 125.600
2017-03-01 03:30:37 | TEMPLOG : WellhouseOne | 131.000
2017-03-01 03:31:38 | TEMPLOG : WellhouseOne | 133.700
2017-03-01 03:32:39 | TEMPLOG : WellhouseOne | 112.100
2017-03-01 03:33:40 | TEMPLOG : WellhouseOne | 086.900
2017-03-01 03:34:41 | TEMPLOG : WellhouseOne | 076.100
2017-03-01 03:35:42 | TEMPLOG : WellhouseOne | 068.900
2017-03-01 03:36:43 | TEMPLOG : WellhouseOne | 063.500
2017-03-01 03:37:44 | TEMPLOG : WellhouseOne | 060.800
2017-03-01 03:38:45 | TEMPLOG : WellhouseOne | 057.200
2017-03-01 03:38:45 | TEMPLOG : Bio   Filter | 030.200
2017-03-01 03:39:46 | TEMPLOG : WellhouseOne | 055.400
2017-03-01 03:39:46 | TEMPLOG : Bio   Filter | 029.300
2017-03-01 03:40:47 | TEMPLOG : WellhouseOne | 053.600
2017-03-01 03:41:48 | TEMPLOG : WellhouseOne | 051.800
2017-03-01 03:42:49 | TEMPLOG : WellhouseOne | 050.000
2017-03-01 03:43:50 | TEMPLOG : WellhouseOne | 049.100
2017-03-01 03:44:51 | TEMPLOG : WellhouseOne | 048.200
2017-03-01 03:45:52 | TEMPLOG : WellhouseOne | 047.300
2017-03-01 03:46:53 | TEMPLOG : WellhouseOne | 046.400
2017-03-01 03:48:56 | TEMPLOG : WellhouseOne | 045.500
2017-03-01 03:49:57 | TEMPLOG : WellhouseOne | 044.600
2017-03-01 03:51:00 | TEMPLOG : WellhouseOne | 043.700
2017-03-01 03:52:02 | TEMPLOG : WellhouseOne | 041.900
2017-03-01 03:53:05 | TEMPLOG : WellhouseOne | 042.800
2017-03-01 03:54:05 | TEMPLOG : WellhouseOne | 041.900
2017-03-01 03:55:06 | TEMPLOG : WellhouseOne | 097.700
2017-03-01 03:56:07 | TEMPLOG : WellhouseOne | 116.600
2017-03-01 03:56:08 | TEMPLOG : Bio   Filter | 030.200
2017-03-01 03:57:08 | TEMPLOG : WellhouseOne | 126.500
2017-03-01 03:58:09 | TEMPLOG : WellhouseOne | 131.000
2017-03-01 03:59:10 | TEMPLOG : WellhouseOne | 133.700
2017-03-01 04:00:11 | TEMPLOG : WellhouseOne | 095.900
2017-03-01 04:00:12 | TEMPLOG : Bio   Filter | 030.200
2017-03-01 04:00:12 | TEMPLOG : To   GeoLoop | 042.800
2017-03-01 04:00:13 | TEMPLOG : Table    One | 030.200
2017-03-01 04:01:13 | TEMPLOG : WellhouseOne | 079.700
2017-03-01 04:02:14 | TEMPLOG : WellhouseOne | 069.800
2017-03-01 04:03:16 | TEMPLOG : WellhouseOne | 062.600
2017-03-01 04:04:17 | TEMPLOG : WellhouseOne | 057.200
2017-03-01 04:05:18 | TEMPLOG : WellhouseOne | 055.400
2017-03-01 04:06:19 | TEMPLOG : WellhouseOne | 053.600
2017-03-01 04:07:21 | TEMPLOG : WellhouseOne | 052.700
2017-03-01 04:08:22 | TEMPLOG : WellhouseOne | 050.900
2017-03-01 04:09:24 | TEMPLOG : WellhouseOne | 050.000
2017-03-01 04:10:26 | TEMPLOG : WellhouseOne | 049.100
2017-03-01 04:11:27 | TEMPLOG : WellhouseOne | 048.200
2017-03-01 04:12:28 | TEMPLOG : WellhouseOne | 047.300
2017-03-01 04:13:29 | TEMPLOG : WellhouseOne | 046.400
2017-03-01 04:14:29 | TEMPLOG : WellhouseOne | 045.500
2017-03-01 04:15:32 | TEMPLOG : WellhouseOne | 044.600
2017-03-01 04:17:34 | TEMPLOG : WellhouseOne | 042.800
2017-03-01 04:18:36 | TEMPLOG : WellhouseOne | 041.900
2017-03-01 04:19:37 | TEMPLOG : WellhouseOne | 041.000
2017-03-01 04:21:40 | TEMPLOG : WellhouseOne | 087.800
2017-03-01 04:22:41 | TEMPLOG : WellhouseOne | 112.100
2017-03-01 04:23:42 | TEMPLOG : WellhouseOne | 123.800
2017-03-01 04:24:43 | TEMPLOG : WellhouseOne | 129.200
2017-03-01 04:25:44 | TEMPLOG : WellhouseOne | 132.800
2017-03-01 04:26:46 | TEMPLOG : WellhouseOne | 095.900
2017-03-01 04:27:47 | TEMPLOG : WellhouseOne | 081.500
2017-03-01 04:28:47 | TEMPLOG : WellhouseOne | 073.400
2017-03-01 04:29:49 | TEMPLOG : WellhouseOne | 066.200
2017-03-01 04:30:50 | TEMPLOG : WellhouseOne | 059.900
2017-03-01 04:31:51 | TEMPLOG : WellhouseOne | 057.200
2017-03-01 04:32:52 | TEMPLOG : WellhouseOne | 054.500
2017-03-01 04:33:53 | TEMPLOG : WellhouseOne | 053.600
2017-03-01 04:34:55 | TEMPLOG : WellhouseOne | 049.100
2017-03-01 04:35:57 | TEMPLOG : WellhouseOne | 048.200
2017-03-01 04:35:57 | TEMPLOG : Bio   Filter | 029.300
2017-03-01 04:36:58 | TEMPLOG : WellhouseOne | 047.300
2017-03-01 04:36:58 | TEMPLOG : Bio   Filter | 030.200
2017-03-01 04:37:59 | TEMPLOG : WellhouseOne | 046.400
2017-03-01 04:40:03 | TEMPLOG : WellhouseOne | 043.700
2017-03-01 04:40:03 | TEMPLOG : Bio   Filter | 029.300
2017-03-01 04:41:03 | TEMPLOG : WellhouseOne | 042.800
2017-03-01 04:41:03 | TEMPLOG : Bio   Filter | 030.200
2017-03-01 04:42:04 | TEMPLOG : WellhouseOne | 041.900
2017-03-01 04:42:04 | TEMPLOG : Bio   Filter | 029.300
2017-03-01 04:43:06 | TEMPLOG : Bio   Filter | 030.200
2017-03-01 04:45:08 | TEMPLOG : WellhouseOne | 042.800
2017-03-01 04:46:09 | TEMPLOG : WellhouseOne | 041.900
2017-03-01 04:47:10 | TEMPLOG : WellhouseOne | 041.000
2017-03-01 04:49:14 | TEMPLOG : WellhouseOne | 089.600
2017-03-01 04:50:15 | TEMPLOG : WellhouseOne | 113.000
2017-03-01 04:51:18 | TEMPLOG : WellhouseOne | 122.900
2017-03-01 04:52:19 | TEMPLOG : WellhouseOne | 128.300
2017-03-01 04:53:22 | TEMPLOG : WellhouseOne | 131.900
2017-03-01 04:54:23 | TEMPLOG : WellhouseOne | 108.500
2017-03-01 04:55:25 | TEMPLOG : WellhouseOne | 084.200
2017-03-01 04:56:26 | TEMPLOG : WellhouseOne | 072.500
2017-03-01 04:57:27 | TEMPLOG : WellhouseOne | 066.200
2017-03-01 04:58:28 | TEMPLOG : WellhouseOne | 060.800
2017-03-01 04:59:29 | TEMPLOG : WellhouseOne | 058.100
2017-03-01 05:00:31 | TEMPLOG : WellhouseOne | 055.400
2017-03-01 05:00:31 | TEMPLOG : Bio   Filter | 030.200
2017-03-01 05:00:31 | TEMPLOG : To   GeoLoop | 042.800
2017-03-01 05:00:32 | TEMPLOG : Table    One | 030.200
2017-03-01 05:01:32 | TEMPLOG : WellhouseOne | 052.700
2017-03-01 05:02:33 | TEMPLOG : WellhouseOne | 050.900
2017-03-01 05:03:36 | TEMPLOG : WellhouseOne | 050.000
2017-03-01 05:04:37 | TEMPLOG : WellhouseOne | 049.100
2017-03-01 05:04:37 | TEMPLOG : Bio   Filter | 029.300
2017-03-01 05:05:38 | TEMPLOG : WellhouseOne | 047.300
2017-03-01 05:07:40 | TEMPLOG : WellhouseOne | 046.400
2017-03-01 05:08:41 | TEMPLOG : WellhouseOne | 045.500
2017-03-01 05:08:41 | TEMPLOG : Bio   Filter | 030.200
2017-03-01 05:09:43 | TEMPLOG : Bio   Filter | 029.300
2017-03-01 05:09:43 | TEMPLOG : To   GeoLoop | 041.900
2017-03-01 05:10:43 | TEMPLOG : WellhouseOne | 044.600
2017-03-01 05:11:44 | TEMPLOG : WellhouseOne | 043.700
2017-03-01 05:12:45 | TEMPLOG : WellhouseOne | 042.800
2017-03-01 05:14:48 | TEMPLOG : WellhouseOne | 041.900
2017-03-01 05:16:50 | TEMPLOG : WellhouseOne | 049.100
2017-03-01 05:17:51 | TEMPLOG : WellhouseOne | 101.300
2017-03-01 05:18:52 | TEMPLOG : WellhouseOne | 115.700
2017-03-01 05:19:53 | TEMPLOG : WellhouseOne | 122.900
2017-03-01 05:20:54 | TEMPLOG : WellhouseOne | 126.500
2017-03-01 05:21:55 | TEMPLOG : WellhouseOne | 131.000
2017-03-01 05:22:56 | TEMPLOG : WellhouseOne | 121.100
2017-03-01 05:23:58 | TEMPLOG : WellhouseOne | 089.600
2017-03-01 05:24:59 | TEMPLOG : WellhouseOne | 076.100
2017-03-01 05:26:00 | TEMPLOG : WellhouseOne | 068.000
2017-03-01 05:27:02 | TEMPLOG : WellhouseOne | 062.600
2017-03-01 05:28:03 | TEMPLOG : WellhouseOne | 059.000
2017-03-01 05:29:04 | TEMPLOG : WellhouseOne | 055.400
2017-03-01 05:30:05 | TEMPLOG : WellhouseOne | 053.600
2017-03-01 05:31:06 | TEMPLOG : WellhouseOne | 051.800
2017-03-01 05:32:09 | TEMPLOG : WellhouseOne | 050.000
2017-03-01 05:33:10 | TEMPLOG : WellhouseOne | 048.200
2017-03-01 05:34:14 | TEMPLOG : Table    One | 029.300
2017-03-01 05:35:14 | TEMPLOG : WellhouseOne | 047.300
2017-03-01 05:36:16 | TEMPLOG : WellhouseOne | 046.400
2017-03-01 05:37:16 | TEMPLOG : WellhouseOne | 045.500
2017-03-01 05:38:18 | TEMPLOG : WellhouseOne | 044.600
2017-03-01 05:41:22 | TEMPLOG : WellhouseOne | 043.700
2017-03-01 05:42:24 | TEMPLOG : WellhouseOne | 042.800
2017-03-01 05:44:26 | TEMPLOG : WellhouseOne | 041.900
2017-03-01 05:45:27 | TEMPLOG : WellhouseOne | 080.600
2017-03-01 05:46:28 | TEMPLOG : WellhouseOne | 107.600
2017-03-01 05:47:29 | TEMPLOG : WellhouseOne | 118.400
2017-03-01 05:48:31 | TEMPLOG : WellhouseOne | 124.700
2017-03-01 05:49:32 | TEMPLOG : WellhouseOne | 130.100
2017-03-01 05:50:34 | TEMPLOG : WellhouseOne | 132.800
2017-03-01 05:51:35 | TEMPLOG : WellhouseOne | 118.400
2017-03-01 05:52:36 | TEMPLOG : WellhouseOne | 082.400
2017-03-01 05:53:37 | TEMPLOG : WellhouseOne | 072.500
2017-03-01 05:54:38 | TEMPLOG : WellhouseOne | 065.300
2017-03-01 05:55:39 | TEMPLOG : WellhouseOne | 060.800
2017-03-01 05:56:41 | TEMPLOG : WellhouseOne | 057.200
2017-03-01 05:57:42 | TEMPLOG : WellhouseOne | 055.400
2017-03-01 05:57:43 | TEMPLOG : Table    One | 030.200
2017-03-01 05:58:43 | TEMPLOG : WellhouseOne | 052.700
2017-03-01 05:59:44 | TEMPLOG : WellhouseOne | 051.800
2017-03-01 06:00:46 | TEMPLOG : WellhouseOne | 050.000
2017-03-01 06:00:46 | TEMPLOG : Bio   Filter | 029.300
2017-03-01 06:00:46 | TEMPLOG : To   GeoLoop | 041.900
2017-03-01 06:00:46 | TEMPLOG : Table    One | 030.200
2017-03-01 06:01:47 | TEMPLOG : WellhouseOne | 049.100
2017-03-01 06:02:48 | TEMPLOG : WellhouseOne | 048.200
2017-03-01 06:03:49 | TEMPLOG : WellhouseOne | 047.300
2017-03-01 06:04:50 | TEMPLOG : WellhouseOne | 046.400
2017-03-01 06:06:53 | TEMPLOG : WellhouseOne | 044.600
2017-03-01 06:07:56 | TEMPLOG : Table    One | 029.300
2017-03-01 06:08:56 | TEMPLOG : WellhouseOne | 043.700
2017-03-01 06:08:57 | TEMPLOG : Table    One | 030.200
2017-03-01 06:09:58 | TEMPLOG : WellhouseOne | 042.800
2017-03-01 06:13:01 | TEMPLOG : WellhouseOne | 041.900
2017-03-01 06:14:03 | TEMPLOG : WellhouseOne | 068.900
2017-03-01 06:15:04 | TEMPLOG : WellhouseOne | 104.900
2017-03-01 06:16:06 | TEMPLOG : WellhouseOne | 116.600
2017-03-01 06:16:07 | TEMPLOG : Table    One | 029.300
2017-03-01 06:17:07 | TEMPLOG : WellhouseOne | 122.900
2017-03-01 06:18:08 | TEMPLOG : WellhouseOne | 126.500
2017-03-01 06:19:09 | TEMPLOG : WellhouseOne | 130.100
2017-03-01 06:20:09 | TEMPLOG : WellhouseOne | 132.800
2017-03-01 06:21:11 | TEMPLOG : WellhouseOne | 101.300
2017-03-01 06:22:12 | TEMPLOG : WellhouseOne | 081.500
2017-03-01 06:22:13 | TEMPLOG : Table    One | 030.200
2017-03-01 06:23:13 | TEMPLOG : WellhouseOne | 072.500
2017-03-01 06:23:14 | TEMPLOG : Table    One | 029.300
2017-03-01 06:24:15 | TEMPLOG : WellhouseOne | 066.200
2017-03-01 06:25:16 | TEMPLOG : WellhouseOne | 061.700
2017-03-01 06:25:18 | TEMPLOG : Table    One | 030.200
2017-03-01 06:26:18 | TEMPLOG : WellhouseOne | 058.100
2017-03-01 06:26:20 | TEMPLOG : Table    One | 029.300
2017-03-01 06:27:21 | TEMPLOG : WellhouseOne | 055.400
2017-03-01 06:27:21 | TEMPLOG : Table    One | 030.200
2017-03-01 06:28:22 | TEMPLOG : WellhouseOne | 052.700
2017-03-01 06:29:23 | TEMPLOG : WellhouseOne | 050.900
2017-03-01 06:30:24 | TEMPLOG : WellhouseOne | 050.000
2017-03-01 06:31:25 | TEMPLOG : WellhouseOne | 049.100
2017-03-01 06:32:26 | TEMPLOG : WellhouseOne | 048.200
2017-03-01 06:33:28 | TEMPLOG : WellhouseOne | 047.300
2017-03-01 06:33:30 | TEMPLOG : Table    One | 029.300
2017-03-01 06:34:31 | TEMPLOG : WellhouseOne | 046.400
2017-03-01 06:35:34 | TEMPLOG : To   GeoLoop | 041.000
2017-03-01 06:36:34 | TEMPLOG : WellhouseOne | 045.500
2017-03-01 06:36:35 | TEMPLOG : Bio   Filter | 028.400
2017-03-01 06:37:35 | TEMPLOG : WellhouseOne | 044.600
2017-03-01 06:38:36 | TEMPLOG : WellhouseOne | 043.700
2017-03-01 06:40:38 | TEMPLOG : WellhouseOne | 042.800
2017-03-01 06:42:43 | TEMPLOG : WellhouseOne | 041.900
2017-03-01 06:42:43 | TEMPLOG : Bio   Filter | 029.300
2017-03-01 06:43:44 | TEMPLOG : WellhouseOne | 099.500
2017-03-01 06:44:45 | TEMPLOG : WellhouseOne | 115.700
2017-03-01 06:44:45 | TEMPLOG : To   GeoLoop | 041.900
2017-03-01 06:44:46 | TEMPLOG : Table    One | 030.200
2017-03-01 06:45:46 | TEMPLOG : WellhouseOne | 122.900
2017-03-01 06:45:46 | TEMPLOG : Bio   Filter | 030.200
2017-03-01 06:46:48 | TEMPLOG : WellhouseOne | 128.300
2017-03-01 06:47:50 | TEMPLOG : WellhouseOne | 131.000
2017-03-01 06:48:51 | TEMPLOG : WellhouseOne | 132.800
2017-03-01 06:49:52 | TEMPLOG : WellhouseOne | 135.500
2017-03-01 06:50:53 | TEMPLOG : WellhouseOne | 095.000
2017-03-01 06:50:55 | TEMPLOG : Table    One | 031.100
2017-03-01 06:51:55 | TEMPLOG : WellhouseOne | 079.700
2017-03-01 06:51:55 | TEMPLOG : Bio   Filter | 031.100
2017-03-01 06:52:57 | TEMPLOG : WellhouseOne | 070.700
2017-03-01 06:53:58 | TEMPLOG : WellhouseOne | 065.300
2017-03-01 06:55:00 | TEMPLOG : WellhouseOne | 060.800
2017-03-01 06:56:01 | TEMPLOG : WellhouseOne | 058.100
2017-03-01 06:57:02 | TEMPLOG : WellhouseOne | 055.400
2017-03-01 06:58:03 | TEMPLOG : WellhouseOne | 053.600
2017-03-01 06:59:04 | TEMPLOG : WellhouseOne | 052.700
2017-03-01 06:59:05 | TEMPLOG : Bio   Filter | 032.900
2017-03-01 07:00:05 | TEMPLOG : WellhouseOne | 051.800
2017-03-01 07:00:06 | TEMPLOG : Bio   Filter | 032.900
2017-03-01 07:00:06 | TEMPLOG : To   GeoLoop | 041.900
2017-03-01 07:01:07 | TEMPLOG : WellhouseOne | 050.000
2017-03-01 07:02:08 | TEMPLOG : WellhouseOne | 049.100
2017-03-01 07:02:09 | TEMPLOG : To   GeoLoop | 042.800
2017-03-01 07:03:11 | TEMPLOG : Bio   Filter | 033.800
2017-03-01 07:03:12 | TEMPLOG : Table    One | 032.900
2017-03-01 07:04:12 | TEMPLOG : WellhouseOne | 047.300
2017-03-01 07:07:15 | TEMPLOG : WellhouseOne | 046.400
2017-03-01 07:08:16 | TEMPLOG : Table    One | 033.800
2017-03-01 07:09:16 | TEMPLOG : WellhouseOne | 045.500
2017-03-01 07:12:18 | TEMPLOG : WellhouseOne | 044.600
2017-03-01 07:13:19 | TEMPLOG : WellhouseOne | 050.900
2017-03-01 07:13:20 | TEMPLOG : Table    One | 034.700
2017-03-01 07:14:20 | TEMPLOG : WellhouseOne | 105.800
2017-03-01 07:14:21 | TEMPLOG : To   GeoLoop | 043.700
2017-03-01 07:15:22 | TEMPLOG : WellhouseOne | 121.100
2017-03-01 07:16:22 | TEMPLOG : WellhouseOne | 129.200
2017-03-01 07:17:23 | TEMPLOG : WellhouseOne | 109.400
2017-03-01 07:17:24 | TEMPLOG : Table    One | 035.600
2017-03-01 07:18:24 | TEMPLOG : WellhouseOne | 084.200
2017-03-01 07:19:25 | TEMPLOG : WellhouseOne | 075.200
2017-03-01 07:20:26 | TEMPLOG : WellhouseOne | 068.900
2017-03-01 07:21:26 | TEMPLOG : WellhouseOne | 062.600
2017-03-01 07:22:27 | TEMPLOG : WellhouseOne | 059.900
2017-03-01 07:22:28 | TEMPLOG : Table    One | 036.500
2017-03-01 07:23:28 | TEMPLOG : WellhouseOne | 057.200
2017-03-01 07:24:29 | TEMPLOG : WellhouseOne | 054.500
2017-03-01 07:25:30 | TEMPLOG : WellhouseOne | 052.700
2017-03-01 07:25:31 | TEMPLOG : Table    One | 037.400
2017-03-01 07:26:32 | TEMPLOG : WellhouseOne | 051.800
2017-03-01 07:26:32 | TEMPLOG : To   GeoLoop | 044.600
2017-03-01 07:27:33 | TEMPLOG : WellhouseOne | 050.000
2017-03-01 07:27:33 | TEMPLOG : Table    One | 038.300
2017-03-01 07:28:34 | TEMPLOG : WellhouseOne | 049.100
2017-03-01 07:29:35 | TEMPLOG : WellhouseOne | 048.200
2017-03-01 07:30:37 | TEMPLOG : Table    One | 039.200
2017-03-01 07:31:37 | TEMPLOG : WellhouseOne | 047.300
2017-03-01 07:33:39 | TEMPLOG : Table    One | 040.100
2017-03-01 07:36:41 | TEMPLOG : WellhouseOne | 046.400
2017-03-01 07:37:44 | TEMPLOG : To   GeoLoop | 045.500
2017-03-01 07:37:44 | TEMPLOG : Table    One | 041.000
2017-03-01 07:38:45 | TEMPLOG : WellhouseOne | 045.500
2017-03-01 07:39:46 | TEMPLOG : Table    One | 041.900
2017-03-01 07:41:46 | TEMPLOG : WellhouseOne | 096.800
2017-03-01 07:42:48 | TEMPLOG : WellhouseOne | 119.300
2017-03-01 07:43:49 | TEMPLOG : WellhouseOne | 128.300
2017-03-01 07:43:49 | TEMPLOG : Table    One | 042.800
2017-03-01 07:44:49 | TEMPLOG : WellhouseOne | 115.700
2017-03-01 07:45:50 | TEMPLOG : WellhouseOne | 086.900
2017-03-01 07:45:51 | TEMPLOG : Table    One | 043.700
2017-03-01 07:46:51 | TEMPLOG : WellhouseOne | 074.300
2017-03-01 07:47:51 | TEMPLOG : WellhouseOne | 067.100
2017-03-01 07:48:53 | TEMPLOG : WellhouseOne | 061.700
2017-03-01 07:48:53 | TEMPLOG : To   GeoLoop | 046.400
2017-03-01 07:48:53 | TEMPLOG : Table    One | 044.600
2017-03-01 07:49:54 | TEMPLOG : WellhouseOne | 058.100
2017-03-01 07:50:54 | TEMPLOG : WellhouseOne | 056.300
2017-03-01 07:50:55 | TEMPLOG : Table    One | 045.500
2017-03-01 07:51:55 | TEMPLOG : WellhouseOne | 054.500
2017-03-01 07:52:57 | TEMPLOG : WellhouseOne | 053.600
2017-03-01 07:53:58 | TEMPLOG : WellhouseOne | 052.700
2017-03-01 07:53:59 | TEMPLOG : Table    One | 046.400
2017-03-01 07:55:00 | TEMPLOG : WellhouseOne | 051.800
2017-03-01 07:56:01 | TEMPLOG : WellhouseOne | 050.900
2017-03-01 07:57:02 | TEMPLOG : WellhouseOne | 050.000
2017-03-01 07:57:03 | TEMPLOG : Table    One | 047.300
2017-03-01 07:58:03 | TEMPLOG : WellhouseOne | 049.100
2017-03-01 07:59:04 | TEMPLOG : WellhouseOne | 048.200
2017-03-01 08:00:05 | TEMPLOG : WellhouseOne | 048.200
2017-03-01 08:00:05 | TEMPLOG : To   GeoLoop | 046.400
2017-03-01 08:00:05 | TEMPLOG : Table    One | 048.200
2017-03-01 08:01:06 | TEMPLOG : WellhouseOne | 047.300
2017-03-01 08:01:06 | TEMPLOG : To   GeoLoop | 047.300
2017-03-01 08:02:08 | TEMPLOG : WellhouseOne | 046.400
2017-03-01 08:02:08 | TEMPLOG : To   GeoLoop | 046.400
2017-03-01 08:03:09 | TEMPLOG : To   GeoLoop | 047.300
2017-03-01 08:03:09 | TEMPLOG : Table    One | 049.100
2017-03-01 08:05:11 | TEMPLOG : Table    One | 050.000
2017-03-01 08:06:12 | TEMPLOG : Table    One | 050.900
2017-03-01 08:08:13 | TEMPLOG : WellhouseOne | 045.500
2017-03-01 08:08:13 | TEMPLOG : Table    One | 051.800
2017-03-01 08:09:13 | TEMPLOG : WellhouseOne | 072.500
2017-03-01 08:09:14 | TEMPLOG : Table    One | 052.700
2017-03-01 08:10:14 | TEMPLOG : WellhouseOne | 112.100
2017-03-01 08:11:15 | TEMPLOG : WellhouseOne | 123.800
2017-03-01 08:11:15 | TEMPLOG : Table    One | 053.600
2017-03-01 08:12:16 | TEMPLOG : WellhouseOne | 132.800
2017-03-01 08:13:17 | TEMPLOG : WellhouseOne | 103.100
2017-03-01 08:14:17 | TEMPLOG : WellhouseOne | 085.100
2017-03-01 08:14:18 | TEMPLOG : Table    One | 054.500
2017-03-01 08:15:18 | TEMPLOG : WellhouseOne | 075.200
2017-03-01 08:16:19 | TEMPLOG : WellhouseOne | 069.800
2017-03-01 08:17:20 | TEMPLOG : WellhouseOne | 065.300
2017-03-01 08:18:21 | TEMPLOG : WellhouseOne | 062.600
2017-03-01 08:18:21 | TEMPLOG : Table    One | 055.400
2017-03-01 08:19:22 | TEMPLOG : WellhouseOne | 060.800
2017-03-01 08:20:23 | TEMPLOG : WellhouseOne | 059.000
2017-03-01 08:20:24 | TEMPLOG : Table    One | 056.300
2017-03-01 08:21:24 | TEMPLOG : WellhouseOne | 057.200
2017-03-01 08:22:24 | TEMPLOG : WellhouseOne | 056.300
2017-03-01 08:23:25 | TEMPLOG : WellhouseOne | 055.400
2017-03-01 08:24:26 | TEMPLOG : WellhouseOne | 054.500
2017-03-01 08:24:26 | TEMPLOG : Table    One | 057.200
2017-03-01 08:25:27 | TEMPLOG : WellhouseOne | 053.600
2017-03-01 08:27:28 | TEMPLOG : WellhouseOne | 052.700
2017-03-01 08:27:29 | TEMPLOG : To   GeoLoop | 048.200
2017-03-01 08:28:30 | TEMPLOG : Table    One | 058.100
2017-03-01 08:29:30 | TEMPLOG : WellhouseOne | 051.800
2017-03-01 08:31:34 | TEMPLOG : Table    One | 059.000
2017-03-01 08:32:36 | TEMPLOG : Table    One | 059.900
2017-03-01 08:33:36 | TEMPLOG : WellhouseOne | 050.900
2017-03-01 08:33:36 | TEMPLOG : Bio   Filter | 068.000
2017-03-01 08:33:37 | TEMPLOG : Table    One | 060.800
2017-03-01 08:35:39 | TEMPLOG : Bio   Filter | 068.900
2017-03-01 08:36:40 | TEMPLOG : WellhouseOne | 050.000
2017-03-01 08:36:40 | TEMPLOG : Bio   Filter | 069.800
2017-03-01 08:36:41 | TEMPLOG : Table    One | 061.700
2017-03-01 08:38:43 | TEMPLOG : Bio   Filter | 070.700
2017-03-01 08:40:46 | TEMPLOG : Table    One | 062.600
2017-03-01 08:41:47 | TEMPLOG : Bio   Filter | 071.600
2017-03-01 08:41:47 | TEMPLOG : Table    One | 063.500
2017-03-01 08:42:48 | TEMPLOG : WellhouseOne | 098.600
2017-03-01 08:42:48 | TEMPLOG : Bio   Filter | 073.400
2017-03-01 08:43:49 | TEMPLOG : WellhouseOne | 123.800
2017-03-01 08:43:49 | TEMPLOG : To   GeoLoop | 049.100
2017-03-01 08:44:50 | TEMPLOG : WellhouseOne | 099.500
2017-03-01 08:44:50 | TEMPLOG : Bio   Filter | 074.300
2017-03-01 08:45:51 | TEMPLOG : WellhouseOne | 081.500
2017-03-01 08:45:52 | TEMPLOG : Bio   Filter | 075.200
2017-03-01 08:45:52 | TEMPLOG : Table    One | 064.400
2017-03-01 08:46:52 | TEMPLOG : WellhouseOne | 073.400
2017-03-01 08:47:54 | TEMPLOG : WellhouseOne | 068.000
2017-03-01 08:47:54 | TEMPLOG : Bio   Filter | 076.100
2017-03-01 08:48:55 | TEMPLOG : WellhouseOne | 063.500
2017-03-01 08:48:55 | TEMPLOG : Bio   Filter | 077.000
2017-03-01 08:49:56 | TEMPLOG : WellhouseOne | 060.800
2017-03-01 08:49:57 | TEMPLOG : Bio   Filter | 077.900
2017-03-01 08:49:57 | TEMPLOG : Table    One | 066.200
2017-03-01 08:50:57 | TEMPLOG : WellhouseOne | 058.100
2017-03-01 08:50:58 | TEMPLOG : Bio   Filter | 078.800
2017-03-01 08:51:59 | TEMPLOG : WellhouseOne | 056.300
2017-03-01 08:52:00 | TEMPLOG : Table    One | 067.100
2017-03-01 08:54:02 | TEMPLOG : WellhouseOne | 055.400
2017-03-01 08:55:03 | TEMPLOG : WellhouseOne | 054.500
2017-03-01 08:55:04 | TEMPLOG : Table    One | 068.000
2017-03-01 08:56:04 | TEMPLOG : WellhouseOne | 053.600
2017-03-01 08:58:06 | TEMPLOG : WellhouseOne | 052.700
2017-03-01 08:58:07 | TEMPLOG : Table    One | 068.900
2017-03-01 08:59:07 | TEMPLOG : Bio   Filter | 080.600
2017-03-01 09:00:08 | TEMPLOG : WellhouseOne | 052.700
2017-03-01 09:00:08 | TEMPLOG : Bio   Filter | 080.600
2017-03-01 09:00:09 | TEMPLOG : To   GeoLoop | 050.000
2017-03-01 09:00:09 | TEMPLOG : Table    One | 069.800
2017-03-01 09:04:14 | TEMPLOG : WellhouseOne | 051.800
2017-03-01 09:04:14 | TEMPLOG : Table    One | 070.700
2017-03-01 09:06:16 | TEMPLOG : Table    One | 071.600
2017-03-01 09:07:16 | TEMPLOG : WellhouseOne | 050.900
2017-03-01 09:08:17 | TEMPLOG : Table    One | 070.700
2017-03-01 09:09:19 | TEMPLOG : Table    One | 071.600
2017-03-01 09:11:20 | TEMPLOG : To   GeoLoop | 050.900
2017-03-01 09:11:20 | TEMPLOG : Table    One | 070.700
2017-03-01 09:13:22 | TEMPLOG : Bio   Filter | 085.100
2017-03-01 09:15:23 | TEMPLOG : WellhouseOne | 075.200
2017-03-01 09:16:25 | TEMPLOG : WellhouseOne | 118.400
2017-03-01 09:16:25 | TEMPLOG : Bio   Filter | 086.000
2017-03-01 09:16:25 | TEMPLOG : Table    One | 071.600
2017-03-01 09:17:26 | TEMPLOG : WellhouseOne | 102.200
2017-03-01 09:18:26 | TEMPLOG : WellhouseOne | 083.300
2017-03-01 09:18:27 | TEMPLOG : Bio   Filter | 086.900
2017-03-01 09:18:27 | TEMPLOG : Table    One | 072.500
2017-03-01 09:19:28 | TEMPLOG : WellhouseOne | 074.300
2017-03-01 09:20:29 | TEMPLOG : WellhouseOne | 069.800
2017-03-01 09:20:29 | TEMPLOG : Bio   Filter | 087.800
2017-03-01 09:20:29 | TEMPLOG : To   GeoLoop | 051.800
2017-03-01 09:21:29 | TEMPLOG : WellhouseOne | 066.200
2017-03-01 09:22:30 | TEMPLOG : WellhouseOne | 064.400
2017-03-01 09:23:32 | TEMPLOG : WellhouseOne | 061.700
2017-03-01 09:23:33 | TEMPLOG : Table    One | 071.600
2017-03-01 09:24:33 | TEMPLOG : WellhouseOne | 060.800
2017-03-01 09:24:34 | TEMPLOG : Table    One | 072.500
2017-03-01 09:25:34 | TEMPLOG : WellhouseOne | 059.000
2017-03-01 09:25:35 | TEMPLOG : Table    One | 073.400
2017-03-01 09:26:35 | TEMPLOG : WellhouseOne | 057.200
2017-03-01 09:27:36 | TEMPLOG : WellhouseOne | 056.300
2017-03-01 09:27:37 | TEMPLOG : Table    One | 074.300
2017-03-01 09:28:38 | TEMPLOG : WellhouseOne | 054.500
2017-03-01 09:28:39 | TEMPLOG : Table    One | 073.400
2017-03-01 09:29:39 | TEMPLOG : To   GeoLoop | 052.700
2017-03-01 09:32:42 | TEMPLOG : Table    One | 074.300
2017-03-01 09:34:44 | TEMPLOG : WellhouseOne | 053.600
2017-03-01 09:39:51 | TEMPLOG : Table    One | 075.200
2017-03-01 09:40:51 | TEMPLOG : To   GeoLoop | 053.600
2017-03-01 09:45:57 | TEMPLOG : WellhouseOne | 052.700
2017-03-01 09:45:58 | TEMPLOG : Table    One | 076.100
2017-03-01 09:46:58 | TEMPLOG : WellhouseOne | 053.600
2017-03-01 09:46:59 | TEMPLOG : Table    One | 077.000
2017-03-01 09:48:00 | TEMPLOG : To   GeoLoop | 054.500
2017-03-01 09:49:01 | TEMPLOG : WellhouseOne | 052.700
2017-03-01 09:49:01 | TEMPLOG : Table    One | 077.900
2017-03-01 09:51:03 | TEMPLOG : WellhouseOne | 076.100
2017-03-01 09:51:03 | TEMPLOG : Table    One | 078.800
2017-03-01 09:52:03 | TEMPLOG : WellhouseOne | 119.300
2017-03-01 09:52:04 | TEMPLOG : Table    One | 077.900
2017-03-01 09:53:04 | TEMPLOG : WellhouseOne | 092.300
2017-03-01 09:53:04 | TEMPLOG : Table    One | 078.800
2017-03-01 09:54:05 | TEMPLOG : WellhouseOne | 080.600
2017-03-01 09:55:06 | TEMPLOG : WellhouseOne | 074.300
2017-03-01 09:55:06 | TEMPLOG : To   GeoLoop | 055.400
2017-03-01 09:56:06 | TEMPLOG : WellhouseOne | 069.800
2017-03-01 09:56:07 | TEMPLOG : Table    One | 079.700
2017-03-01 09:57:08 | TEMPLOG : WellhouseOne | 067.100
2017-03-01 09:58:09 | TEMPLOG : WellhouseOne | 064.400
2017-03-01 09:58:09 | TEMPLOG : Table    One | 080.600
2017-03-01 09:59:09 | TEMPLOG : WellhouseOne | 062.600
2017-03-01 09:59:10 | TEMPLOG : To   GeoLoop | 056.300
2017-03-01 09:59:10 | TEMPLOG : Table    One | 079.700
2017-03-01 10:00:10 | TEMPLOG : WellhouseOne | 061.700
2017-03-01 10:00:11 | TEMPLOG : To   GeoLoop | 056.300
2017-03-01 10:00:11 | TEMPLOG : Table    One | 079.700
2017-03-01 10:01:11 | TEMPLOG : WellhouseOne | 060.800
2017-03-01 10:01:12 | TEMPLOG : Table    One | 080.600
2017-03-01 10:02:12 | TEMPLOG : WellhouseOne | 059.000
2017-03-01 10:02:12 | TEMPLOG : To   GeoLoop | 057.200
2017-03-01 10:04:13 | TEMPLOG : WellhouseOne | 058.100
2017-03-01 10:05:15 | TEMPLOG : Table    One | 079.700
2017-03-01 10:06:15 | TEMPLOG : WellhouseOne | 057.200
2017-03-01 10:06:16 | TEMPLOG : Table    One | 078.800
2017-03-01 10:07:16 | TEMPLOG : WellhouseOne | 056.300
2017-03-01 10:07:16 | TEMPLOG : To   GeoLoop | 058.100
2017-03-01 10:07:17 | TEMPLOG : Table    One | 079.700
2017-03-01 10:08:17 | TEMPLOG : Table    One | 080.600
2017-03-01 10:09:19 | TEMPLOG : Table    One | 081.500
2017-03-01 10:11:21 | TEMPLOG : To   GeoLoop | 059.000
2017-03-01 10:11:21 | TEMPLOG : Table    One | 082.400
2017-03-01 10:14:23 | TEMPLOG : WellhouseOne | 055.400
2017-03-01 10:14:25 | TEMPLOG : To   GeoLoop | 059.900
2017-03-01 10:14:25 | TEMPLOG : Table    One | 083.300
2017-03-01 10:16:28 | TEMPLOG : Table    One | 082.400
2017-03-01 10:17:29 | TEMPLOG : Table    One | 081.500
2017-03-01 10:18:30 | TEMPLOG : To   GeoLoop | 060.800
2017-03-01 10:18:30 | TEMPLOG : Table    One | 082.400
2017-03-01 10:20:33 | TEMPLOG : Table    One | 083.300
2017-03-01 10:24:35 | TEMPLOG : Table    One | 082.400
2017-03-01 10:25:36 | TEMPLOG : To   GeoLoop | 061.700
2017-03-01 10:25:37 | TEMPLOG : Table    One | 083.300
2017-03-01 10:26:37 | TEMPLOG : Table    One | 084.200
2017-03-01 10:27:38 | TEMPLOG : Table    One | 085.100
2017-03-01 10:29:40 | TEMPLOG : Table    One | 084.200
2017-03-01 10:30:40 | TEMPLOG : Table    One | 083.300
2017-03-01 10:31:41 | TEMPLOG : WellhouseOne | 103.100
2017-03-01 10:31:41 | TEMPLOG : To   GeoLoop | 062.600
2017-03-01 10:32:41 | TEMPLOG : WellhouseOne | 129.200
2017-03-01 10:32:43 | TEMPLOG : Table    One | 082.400
2017-03-01 10:33:43 | TEMPLOG : WellhouseOne | 094.100
2017-03-01 10:33:43 | TEMPLOG : Table    One | 083.300
2017-03-01 10:34:44 | TEMPLOG : WellhouseOne | 083.300
2017-03-01 10:34:44 | TEMPLOG : To   GeoLoop | 063.500
2017-03-01 10:34:44 | TEMPLOG : Table    One | 082.400
2017-03-01 10:35:44 | TEMPLOG : WellhouseOne | 077.900
2017-03-01 10:35:45 | TEMPLOG : Table    One | 083.300
2017-03-01 10:36:45 | TEMPLOG : WellhouseOne | 073.400
2017-03-01 10:37:46 | TEMPLOG : WellhouseOne | 070.700
2017-03-01 10:38:48 | TEMPLOG : WellhouseOne | 068.900
2017-03-01 10:38:48 | TEMPLOG : To   GeoLoop | 064.400
2017-03-01 10:39:49 | TEMPLOG : WellhouseOne | 067.100
2017-03-01 10:40:50 | TEMPLOG : WellhouseOne | 065.300
2017-03-01 10:41:52 | TEMPLOG : WellhouseOne | 064.400
2017-03-01 10:42:52 | TEMPLOG : WellhouseOne | 062.600
2017-03-01 10:42:53 | TEMPLOG : Table    One | 084.200
2017-03-01 10:43:54 | TEMPLOG : To   GeoLoop | 063.500
2017-03-01 10:44:54 | TEMPLOG : WellhouseOne | 061.700
2017-03-01 10:45:55 | TEMPLOG : WellhouseOne | 060.800
2017-03-01 10:45:56 | TEMPLOG : To   GeoLoop | 064.400
2017-03-01 10:46:56 | TEMPLOG : To   GeoLoop | 063.500
2017-03-01 10:46:57 | TEMPLOG : Table    One | 085.100
2017-03-01 10:47:57 | TEMPLOG : WellhouseOne | 059.900
2017-03-01 10:47:57 | TEMPLOG : To   GeoLoop | 064.400
2017-03-01 10:47:57 | TEMPLOG : Table    One | 086.000
2017-03-01 10:49:59 | TEMPLOG : Table    One | 086.900
2017-03-01 10:50:59 | TEMPLOG : WellhouseOne | 059.000
2017-03-01 10:51:59 | TEMPLOG : WellhouseOne | 059.900
2017-03-01 10:52:00 | TEMPLOG : Table    One | 087.800
2017-03-01 10:53:00 | TEMPLOG : WellhouseOne | 059.000
2017-03-01 10:57:04 | TEMPLOG : WellhouseOne | 058.100
2017-03-01 10:58:05 | TEMPLOG : To   GeoLoop | 065.300
2017-03-01 10:59:05 | TEMPLOG : WellhouseOne | 059.000
2017-03-01 10:59:06 | TEMPLOG : Table    One | 086.900
2017-03-01 11:00:06 | TEMPLOG : WellhouseOne | 058.100
2017-03-01 11:00:07 | TEMPLOG : To   GeoLoop | 065.300
2017-03-01 11:00:07 | TEMPLOG : Table    One | 087.800
2017-03-01 11:03:09 | TEMPLOG : To   GeoLoop | 066.200
2017-03-01 11:03:09 | TEMPLOG : Table    One | 086.900
2017-03-01 11:08:13 | TEMPLOG : To   GeoLoop | 067.100
2017-03-01 11:08:15 | TEMPLOG : Table    One | 086.000
2017-03-01 11:09:15 | TEMPLOG : WellhouseOne | 057.200
2017-03-01 11:09:15 | TEMPLOG : Bio   Filter | 096.800
2017-03-01 11:09:17 | TEMPLOG : Table    One | 086.900
2017-03-01 11:10:17 | TEMPLOG : WellhouseOne | 056.300
2017-03-01 11:12:19 | TEMPLOG : WellhouseOne | 055.400
2017-03-01 11:12:20 | TEMPLOG : Bio   Filter | 099.500
2017-03-01 11:12:20 | TEMPLOG : To   GeoLoop | 068.000
2017-03-01 11:13:21 | TEMPLOG : WellhouseOne | 056.300
2017-03-01 11:13:21 | TEMPLOG : Bio   Filter | 100.400
2017-03-01 11:15:23 | TEMPLOG : Bio   Filter | 101.300
2017-03-01 11:15:24 | TEMPLOG : Table    One | 087.800
2017-03-01 11:16:24 | TEMPLOG : WellhouseOne | 111.200
2017-03-01 11:17:25 | TEMPLOG : WellhouseOne | 104.000
2017-03-01 11:18:25 | TEMPLOG : WellhouseOne | 084.200
2017-03-01 11:18:26 | TEMPLOG : Bio   Filter | 102.200
2017-03-01 11:18:26 | TEMPLOG : To   GeoLoop | 068.900
2017-03-01 11:19:26 | TEMPLOG : WellhouseOne | 076.100
2017-03-01 11:19:27 | TEMPLOG : Table    One | 088.700
2017-03-01 11:20:27 | TEMPLOG : WellhouseOne | 070.700
2017-03-01 11:20:28 | TEMPLOG : Bio   Filter | 103.100
2017-03-01 11:20:28 | TEMPLOG : Table    One | 089.600
2017-03-01 11:21:28 | TEMPLOG : WellhouseOne | 067.100
2017-03-01 11:21:28 | TEMPLOG : Bio   Filter | 102.200
2017-03-01 11:22:29 | TEMPLOG : WellhouseOne | 065.300
2017-03-01 11:23:30 | TEMPLOG : WellhouseOne | 063.500
2017-03-01 11:23:31 | TEMPLOG : Table    One | 090.500
2017-03-01 11:24:31 | TEMPLOG : WellhouseOne | 061.700
2017-03-01 11:25:32 | TEMPLOG : WellhouseOne | 060.800
2017-03-01 11:25:33 | TEMPLOG : Table    One | 089.600
2017-03-01 11:26:33 | TEMPLOG : WellhouseOne | 059.900
2017-03-01 11:26:34 | TEMPLOG : Table    One | 090.500
2017-03-01 11:27:35 | TEMPLOG : To   GeoLoop | 069.800
2017-03-01 11:27:36 | TEMPLOG : Table    One | 091.400
2017-03-01 11:30:39 | TEMPLOG : Table    One | 092.300
2017-03-01 11:31:39 | TEMPLOG : WellhouseOne | 059.000
2017-03-01 11:31:39 | TEMPLOG : Table    One | 091.400
2017-03-01 11:32:41 | TEMPLOG : Table    One | 092.300
2017-03-01 11:33:41 | TEMPLOG : To   GeoLoop | 070.700
2017-03-01 11:34:41 | TEMPLOG : WellhouseOne | 058.100
2017-03-01 11:34:42 | TEMPLOG : Table    One | 093.200
2017-03-01 11:35:42 | TEMPLOG : WellhouseOne | 059.000
2017-03-01 11:36:43 | TEMPLOG : WellhouseOne | 058.100
2017-03-01 11:36:43 | TEMPLOG : Bio   Filter | 104.000
2017-03-01 11:37:45 | TEMPLOG : Bio   Filter | 104.900
2017-03-01 11:39:47 | TEMPLOG : Bio   Filter | 105.800
2017-03-01 11:39:47 | TEMPLOG : Table    One | 094.100
2017-03-01 11:40:48 | TEMPLOG : Table    One | 093.200
2017-03-01 11:41:49 | TEMPLOG : WellhouseOne | 057.200
2017-03-01 11:41:49 | TEMPLOG : Table    One | 094.100
2017-03-01 11:43:51 | TEMPLOG : WellhouseOne | 056.300
2017-03-01 11:43:51 | TEMPLOG : To   GeoLoop | 071.600
2017-03-01 11:44:52 | TEMPLOG : WellhouseOne | 055.400
2017-03-01 11:44:53 | TEMPLOG : To   GeoLoop | 070.700
2017-03-01 11:45:54 | TEMPLOG : Bio   Filter | 104.900
2017-03-01 11:45:54 | TEMPLOG : To   GeoLoop | 071.600
2017-03-01 11:45:54 | TEMPLOG : Table    One | 095.000
2017-03-01 11:46:55 | TEMPLOG : WellhouseOne | 054.500
2017-03-01 11:46:56 | TEMPLOG : Table    One | 095.900
2017-03-01 11:47:58 | TEMPLOG : Table    One | 096.800
2017-03-01 11:48:59 | TEMPLOG : Table    One | 095.900
2017-03-01 11:50:00 | TEMPLOG : Table    One | 096.800
2017-03-01 11:51:00 | TEMPLOG : WellhouseOne | 053.600
2017-03-01 11:52:01 | TEMPLOG : Table    One | 097.700
2017-03-01 11:54:03 | TEMPLOG : WellhouseOne | 054.500
2017-03-01 11:54:04 | TEMPLOG : To   GeoLoop | 072.500
2017-03-01 11:55:04 | TEMPLOG : WellhouseOne | 097.700
2017-03-01 11:55:05 | TEMPLOG : Table    One | 096.800
2017-03-01 11:56:05 | TEMPLOG : WellhouseOne | 124.700
2017-03-01 11:56:05 | TEMPLOG : Bio   Filter | 103.100
2017-03-01 11:57:06 | TEMPLOG : WellhouseOne | 093.200
2017-03-01 11:57:07 | TEMPLOG : Table    One | 097.700
2017-03-01 11:58:08 | TEMPLOG : WellhouseOne | 082.400
2017-03-01 11:59:09 | TEMPLOG : WellhouseOne | 074.300
2017-03-01 11:59:10 | TEMPLOG : Table    One | 096.800
2017-03-01 12:00:11 | TEMPLOG : WellhouseOne | 069.800
2017-03-01 12:00:11 | TEMPLOG : To   GeoLoop | 072.500
2017-03-01 12:00:11 | TEMPLOG : Table    One | 096.800
2017-03-01 12:01:11 | TEMPLOG : WellhouseOne | 066.200
2017-03-01 12:01:12 | TEMPLOG : Table    One | 097.700
2017-03-01 12:02:13 | TEMPLOG : WellhouseOne | 063.500
2017-03-01 12:03:13 | TEMPLOG : WellhouseOne | 062.600
2017-03-01 12:05:16 | TEMPLOG : WellhouseOne | 061.700
2017-03-01 12:06:17 | TEMPLOG : WellhouseOne | 060.800
2017-03-01 12:07:18 | TEMPLOG : WellhouseOne | 059.900
2017-03-01 12:07:19 | TEMPLOG : To   GeoLoop | 073.400
2017-03-01 12:08:19 | TEMPLOG : WellhouseOne | 059.000
2017-03-01 12:09:20 | TEMPLOG : Table    One | 098.600
2017-03-01 12:12:23 | TEMPLOG : WellhouseOne | 058.100
2017-03-01 12:13:24 | TEMPLOG : WellhouseOne | 057.200
2017-03-01 12:14:25 | TEMPLOG : Bio   Filter | 102.200
2017-03-01 12:14:26 | TEMPLOG : Table    One | 099.500
2017-03-01 12:15:26 | TEMPLOG : WellhouseOne | 056.300
2017-03-01 12:16:27 | TEMPLOG : Bio   Filter | 103.100
2017-03-01 12:16:27 | TEMPLOG : To   GeoLoop | 074.300
2017-03-01 12:16:28 | TEMPLOG : Table    One | 098.600
2017-03-01 12:17:28 | TEMPLOG : Bio   Filter | 104.000
2017-03-01 12:17:29 | TEMPLOG : Table    One | 099.500
2017-03-01 12:18:30 | TEMPLOG : Table    One | 098.600
2017-03-01 12:19:31 | TEMPLOG : WellhouseOne | 057.200
2017-03-01 12:19:33 | TEMPLOG : Table    One | 099.500
2017-03-01 12:20:33 | TEMPLOG : Bio   Filter | 104.900
2017-03-01 12:20:34 | TEMPLOG : Table    One | 098.600
2017-03-01 12:21:34 | TEMPLOG : Table    One | 099.500
2017-03-01 12:22:35 | TEMPLOG : To   GeoLoop | 075.200
2017-03-01 12:23:36 | TEMPLOG : To   GeoLoop | 074.300
2017-03-01 12:25:37 | TEMPLOG : WellhouseOne | 056.300
2017-03-01 12:25:37 | TEMPLOG : To   GeoLoop | 075.200
2017-03-01 12:26:38 | TEMPLOG : WellhouseOne | 055.400
2017-03-01 12:27:40 | TEMPLOG : Bio   Filter | 105.800
2017-03-01 12:28:42 | TEMPLOG : Bio   Filter | 104.900
2017-03-01 12:28:42 | TEMPLOG : Table    One | 100.400
2017-03-01 12:29:43 | TEMPLOG : Bio   Filter | 105.800
2017-03-01 12:30:44 | TEMPLOG : WellhouseOne | 054.500
2017-03-01 12:30:45 | TEMPLOG : Table    One | 099.500
2017-03-01 12:31:46 | TEMPLOG : WellhouseOne | 055.400
2017-03-01 12:31:46 | TEMPLOG : Table    One | 101.300
2017-03-01 12:32:47 | TEMPLOG : WellhouseOne | 054.500
2017-03-01 12:32:48 | TEMPLOG : Table    One | 100.400
2017-03-01 12:33:49 | TEMPLOG : Bio   Filter | 106.700
2017-03-01 12:34:49 | TEMPLOG : WellhouseOne | 103.100
2017-03-01 12:34:50 | TEMPLOG : Table    One | 099.500
2017-03-01 12:35:50 | TEMPLOG : WellhouseOne | 106.700
2017-03-01 12:35:50 | TEMPLOG : Table    One | 100.400
2017-03-01 12:36:51 | TEMPLOG : WellhouseOne | 084.200
2017-03-01 12:36:51 | TEMPLOG : Table    One | 099.500
2017-03-01 12:37:51 | TEMPLOG : WellhouseOne | 076.100
2017-03-01 12:38:52 | TEMPLOG : WellhouseOne | 071.600
2017-03-01 12:38:53 | TEMPLOG : To   GeoLoop | 076.100
2017-03-01 12:39:53 | TEMPLOG : WellhouseOne | 068.000
2017-03-01 12:39:54 | TEMPLOG : Table    One | 100.400
2017-03-01 12:40:54 | TEMPLOG : WellhouseOne | 066.200
2017-03-01 12:41:56 | TEMPLOG : WellhouseOne | 064.400
2017-03-01 12:42:57 | TEMPLOG : WellhouseOne | 063.500
2017-03-01 12:43:59 | TEMPLOG : Table    One | 099.500
2017-03-01 12:44:59 | TEMPLOG : WellhouseOne | 062.600
2017-03-01 12:46:01 | TEMPLOG : Table    One | 098.600
2017-03-01 12:47:02 | TEMPLOG : WellhouseOne | 061.700
2017-03-01 12:47:02 | TEMPLOG : Bio   Filter | 105.800
2017-03-01 12:48:04 | TEMPLOG : Table    One | 097.700
2017-03-01 12:49:04 | TEMPLOG : WellhouseOne | 060.800
2017-03-01 12:49:05 | TEMPLOG : Table    One | 098.600
2017-03-01 12:50:07 | TEMPLOG : Table    One | 099.500
2017-03-01 12:51:07 | TEMPLOG : WellhouseOne | 059.900
2017-03-01 12:51:07 | TEMPLOG : To   GeoLoop | 075.200
2017-03-01 12:51:08 | TEMPLOG : Table    One | 100.400
2017-03-01 12:52:08 | TEMPLOG : WellhouseOne | 059.000
2017-03-01 12:54:10 | TEMPLOG : WellhouseOne | 058.100
2017-03-01 12:54:10 | TEMPLOG : Bio   Filter | 104.900
2017-03-01 12:54:11 | TEMPLOG : Table    One | 099.500
2017-03-01 12:55:13 | TEMPLOG : Table    One | 098.600
2017-03-01 12:56:14 | TEMPLOG : Table    One | 099.500
2017-03-01 12:57:16 | TEMPLOG : Table    One | 098.600
2017-03-01 12:58:18 | TEMPLOG : To   GeoLoop | 074.300
2017-03-01 12:58:18 | TEMPLOG : Table    One | 099.500
2017-03-01 12:59:18 | TEMPLOG : WellhouseOne | 057.200
2017-03-01 12:59:19 | TEMPLOG : Table    One | 098.600
2017-03-01 13:00:19 | TEMPLOG : WellhouseOne | 056.300
2017-03-01 13:00:20 | TEMPLOG : Bio   Filter | 104.000
2017-03-01 13:00:20 | TEMPLOG : To   GeoLoop | 074.300
2017-03-01 13:00:20 | TEMPLOG : Table    One | 099.500
2017-03-01 13:01:20 | TEMPLOG : WellhouseOne | 055.400
2017-03-01 13:02:22 | TEMPLOG : WellhouseOne | 056.300
2017-03-01 13:03:23 | TEMPLOG : WellhouseOne | 055.400
2017-03-01 13:03:24 | TEMPLOG : Bio   Filter | 104.900
2017-03-01 13:03:25 | TEMPLOG : Table    One | 100.400
2017-03-01 13:04:25 | TEMPLOG : Table    One | 099.500
2017-03-01 13:05:27 | TEMPLOG : Table    One | 101.300
2017-03-01 13:06:27 | TEMPLOG : WellhouseOne | 056.300
2017-03-01 13:06:27 | TEMPLOG : Bio   Filter | 104.000
2017-03-01 13:06:28 | TEMPLOG : Table    One | 102.200
2017-03-01 13:07:30 | TEMPLOG : Table    One | 100.400
2017-03-01 13:08:31 | TEMPLOG : Bio   Filter | 103.100
2017-03-01 13:09:32 | TEMPLOG : WellhouseOne | 057.200
2017-03-01 13:09:33 | TEMPLOG : Table    One | 099.500
2017-03-01 13:10:34 | TEMPLOG : To   GeoLoop | 075.200
2017-03-01 13:12:36 | TEMPLOG : Bio   Filter | 102.200
2017-03-01 13:13:38 | TEMPLOG : Table    One | 098.600
2017-03-01 13:14:39 | TEMPLOG : Bio   Filter | 103.100
2017-03-01 13:15:42 | TEMPLOG : To   GeoLoop | 076.100
2017-03-01 13:15:42 | TEMPLOG : Table    One | 099.500
2017-03-01 13:16:42 | TEMPLOG : WellhouseOne | 110.300
2017-03-01 13:16:42 | TEMPLOG : Bio   Filter | 102.200
2017-03-01 13:17:44 | TEMPLOG : WellhouseOne | 099.500
2017-03-01 13:18:45 | TEMPLOG : WellhouseOne | 084.200
2017-03-01 13:19:46 | TEMPLOG : WellhouseOne | 077.900
2017-03-01 13:19:47 | TEMPLOG : Table    One | 100.400
2017-03-01 13:20:47 | TEMPLOG : WellhouseOne | 073.400
2017-03-01 13:20:47 | TEMPLOG : Bio   Filter | 101.300
2017-03-01 13:20:48 | TEMPLOG : Table    One | 101.300
2017-03-01 13:21:48 | TEMPLOG : WellhouseOne | 070.700
2017-03-01 13:22:49 | TEMPLOG : WellhouseOne | 068.900
2017-03-01 13:23:50 | TEMPLOG : WellhouseOne | 067.100
2017-03-01 13:24:52 | TEMPLOG : To   GeoLoop | 077.000
2017-03-01 13:24:52 | TEMPLOG : Table    One | 100.400
2017-03-01 13:25:52 | TEMPLOG : WellhouseOne | 065.300
2017-03-01 13:25:53 | TEMPLOG : Table    One | 101.300
2017-03-01 13:26:53 | TEMPLOG : WellhouseOne | 064.400
2017-03-01 13:26:54 | TEMPLOG : Table    One | 102.200
2017-03-01 13:27:54 | TEMPLOG : WellhouseOne | 063.500
2017-03-01 13:27:54 | TEMPLOG : Bio   Filter | 100.400
2017-03-01 13:27:55 | TEMPLOG : Table    One | 101.300
2017-03-01 13:28:55 | TEMPLOG : WellhouseOne | 062.600
2017-03-01 13:31:00 | TEMPLOG : Table    One | 102.200
2017-03-01 13:33:01 | TEMPLOG : WellhouseOne | 061.700
2017-03-01 13:33:02 | TEMPLOG : Table    One | 101.300
2017-03-01 13:35:04 | TEMPLOG : Table    One | 102.200
2017-03-01 13:37:06 | TEMPLOG : Bio   Filter | 099.500
2017-03-01 13:37:06 | TEMPLOG : To   GeoLoop | 077.900
2017-03-01 13:38:07 | TEMPLOG : WellhouseOne | 060.800
2017-03-01 13:39:11 | TEMPLOG : Table    One | 101.300
2017-03-01 13:40:11 | TEMPLOG : Bio   Filter | 098.600
2017-03-01 13:41:12 | TEMPLOG : WellhouseOne | 059.900
2017-03-01 13:41:13 | TEMPLOG : Table    One | 099.500
2017-03-01 13:42:14 | TEMPLOG : WellhouseOne | 060.800
2017-03-01 13:43:16 | TEMPLOG : Bio   Filter | 097.700
2017-03-01 13:43:16 | TEMPLOG : To   GeoLoop | 077.000
2017-03-01 13:44:17 | TEMPLOG : To   GeoLoop | 077.900
2017-03-01 13:44:17 | TEMPLOG : Table    One | 100.400
2017-03-01 13:48:22 | TEMPLOG : WellhouseOne | 059.900
2017-03-01 13:49:23 | TEMPLOG : WellhouseOne | 060.800
2017-03-01 13:49:23 | TEMPLOG : Bio   Filter | 098.600
2017-03-01 13:50:25 | TEMPLOG : WellhouseOne | 059.900
2017-03-01 13:50:25 | TEMPLOG : Bio   Filter | 097.700
2017-03-01 13:50:25 | TEMPLOG : Table    One | 101.300
2017-03-01 13:52:27 | TEMPLOG : Table    One | 102.200
2017-03-01 13:54:29 | TEMPLOG : To   GeoLoop | 078.800
2017-03-01 13:54:29 | TEMPLOG : Table    One | 101.300
2017-03-01 13:55:30 | TEMPLOG : WellhouseOne | 057.200
2017-03-01 13:55:30 | TEMPLOG : To   GeoLoop | 077.900
2017-03-01 13:55:30 | TEMPLOG : Table    One | 102.200
2017-03-01 13:56:31 | TEMPLOG : Table    One | 103.100
2017-03-01 13:58:35 | TEMPLOG : Table    One | 104.000
2017-03-01 13:59:36 | TEMPLOG : To   GeoLoop | 077.000
2017-03-01 13:59:36 | TEMPLOG : Table    One | 103.100
2017-03-01 14:00:37 | TEMPLOG : WellhouseOne | 056.300
2017-03-01 14:00:37 | TEMPLOG : Bio   Filter | 096.800
2017-03-01 14:00:37 | TEMPLOG : To   GeoLoop | 077.000
2017-03-01 14:00:37 | TEMPLOG : Table    One | 103.100
2017-03-01 14:01:39 | TEMPLOG : Bio   Filter | 097.700
2017-03-01 14:02:39 | TEMPLOG : WellhouseOne | 057.200
2017-03-01 14:02:40 | TEMPLOG : Bio   Filter | 096.800
2017-03-01 14:03:41 | TEMPLOG : WellhouseOne | 113.900
2017-03-01 14:03:41 | TEMPLOG : Bio   Filter | 097.700
2017-03-01 14:03:41 | TEMPLOG : Table    One | 102.200
2017-03-01 14:04:42 | TEMPLOG : WellhouseOne | 101.300
2017-03-01 14:04:42 | TEMPLOG : Bio   Filter | 096.800
2017-03-01 14:04:42 | TEMPLOG : Table    One | 103.100
2017-03-01 14:05:42 | TEMPLOG : WellhouseOne | 086.000
2017-03-01 14:06:44 | TEMPLOG : WellhouseOne | 079.700
2017-03-01 14:06:45 | TEMPLOG : Table    One | 102.200
2017-03-01 14:07:45 | TEMPLOG : WellhouseOne | 075.200
2017-03-01 14:08:47 | TEMPLOG : WellhouseOne | 072.500
2017-03-01 14:08:47 | TEMPLOG : To   GeoLoop | 077.900
2017-03-01 14:08:47 | TEMPLOG : Table    One | 101.300
2017-03-01 14:09:48 | TEMPLOG : WellhouseOne | 070.700
2017-03-01 14:09:48 | TEMPLOG : Bio   Filter | 095.900
2017-03-01 14:10:50 | TEMPLOG : WellhouseOne | 068.900
2017-03-01 14:10:50 | TEMPLOG : Table    One | 102.200
2017-03-01 14:11:51 | TEMPLOG : WellhouseOne | 067.100
2017-03-01 14:12:53 | TEMPLOG : WellhouseOne | 066.200
2017-03-01 14:12:53 | TEMPLOG : To   GeoLoop | 077.000
2017-03-01 14:13:54 | TEMPLOG : WellhouseOne | 065.300
2017-03-01 14:13:55 | TEMPLOG : To   GeoLoop | 077.900
2017-03-01 14:13:55 | TEMPLOG : Table    One | 103.100
2017-03-01 14:15:57 | TEMPLOG : WellhouseOne | 063.500
2017-03-01 14:15:57 | TEMPLOG : Bio   Filter | 095.000
2017-03-01 14:15:57 | TEMPLOG : To   GeoLoop | 077.000
2017-03-01 14:15:57 | TEMPLOG : Table    One | 101.300
2017-03-01 14:16:58 | TEMPLOG : Bio   Filter | 094.100
2017-03-01 14:16:58 | TEMPLOG : To   GeoLoop | 076.100
2017-03-01 14:16:58 | TEMPLOG : Table    One | 100.400
2017-03-01 14:17:59 | TEMPLOG : WellhouseOne | 062.600
2017-03-01 14:17:59 | TEMPLOG : Bio   Filter | 093.200
2017-03-01 14:19:00 | TEMPLOG : Table    One | 101.300
2017-03-01 14:20:02 | TEMPLOG : Table    One | 100.400
2017-03-01 14:21:03 | TEMPLOG : WellhouseOne | 061.700
2017-03-01 14:21:03 | TEMPLOG : Bio   Filter | 092.300
2017-03-01 14:21:03 | TEMPLOG : To   GeoLoop | 075.200
2017-03-01 14:21:03 | TEMPLOG : Table    One | 098.600
2017-03-01 14:22:03 | TEMPLOG : WellhouseOne | 060.800
2017-03-01 14:22:04 | TEMPLOG : Table    One | 099.500
2017-03-01 14:23:04 | TEMPLOG : Bio   Filter | 091.400
2017-03-01 14:23:05 | TEMPLOG : Table    One | 098.600
2017-03-01 14:24:06 | TEMPLOG : WellhouseOne | 059.900
2017-03-01 14:24:06 | TEMPLOG : Table    One | 096.800
2017-03-01 14:25:07 | TEMPLOG : WellhouseOne | 059.000
2017-03-01 14:25:07 | TEMPLOG : Bio   Filter | 090.500
2017-03-01 14:25:08 | TEMPLOG : To   GeoLoop | 074.300
2017-03-01 14:26:08 | TEMPLOG : Bio   Filter | 089.600
2017-03-01 14:26:09 | TEMPLOG : To   GeoLoop | 073.400
2017-03-01 14:26:10 | TEMPLOG : Table    One | 095.900
2017-03-01 14:28:11 | TEMPLOG : WellhouseOne | 058.100
2017-03-01 14:28:11 | TEMPLOG : Bio   Filter | 088.700
2017-03-01 14:28:11 | TEMPLOG : To   GeoLoop | 072.500
2017-03-01 14:28:11 | TEMPLOG : Table    One | 095.000
2017-03-01 14:29:13 | TEMPLOG : Bio   Filter | 087.800
2017-03-01 14:29:13 | TEMPLOG : Table    One | 093.200
2017-03-01 14:30:13 | TEMPLOG : WellhouseOne | 057.200
2017-03-01 14:30:14 | TEMPLOG : Bio   Filter | 086.900
2017-03-01 14:30:14 | TEMPLOG : To   GeoLoop | 071.600
2017-03-01 14:30:14 | TEMPLOG : Table    One | 091.400
2017-03-01 14:31:14 | TEMPLOG : WellhouseOne | 058.100
2017-03-01 14:31:14 | TEMPLOG : Bio   Filter | 085.100
2017-03-01 14:31:15 | TEMPLOG : To   GeoLoop | 070.700
2017-03-01 14:31:15 | TEMPLOG : Table    One | 088.700
2017-03-01 14:32:15 | TEMPLOG : WellhouseOne | 057.200
2017-03-01 14:32:15 | TEMPLOG : Bio   Filter | 084.200
2017-03-01 14:32:15 | TEMPLOG : To   GeoLoop | 069.800
2017-03-01 14:32:15 | TEMPLOG : Table    One | 087.800
2017-03-01 14:33:16 | TEMPLOG : Bio   Filter | 082.400
2017-03-01 14:33:17 | TEMPLOG : Table    One | 085.100
2017-03-01 14:34:17 | TEMPLOG : WellhouseOne | 058.100
2017-03-01 14:34:18 | TEMPLOG : Bio   Filter | 081.500
2017-03-01 14:34:18 | TEMPLOG : To   GeoLoop | 068.900
2017-03-01 14:34:18 | TEMPLOG : Table    One | 084.200
2017-03-01 14:35:19 | TEMPLOG : Bio   Filter | 080.600
2017-03-01 14:35:19 | TEMPLOG : To   GeoLoop | 068.000
2017-03-01 14:35:19 | TEMPLOG : Table    One | 083.300
2017-03-01 14:36:20 | TEMPLOG : Bio   Filter | 078.800
2017-03-01 14:36:20 | TEMPLOG : Table    One | 082.400
2017-03-01 14:37:21 | TEMPLOG : Bio   Filter | 077.900
2017-03-01 14:37:22 | TEMPLOG : Table    One | 081.500
2017-03-01 14:39:24 | TEMPLOG : Bio   Filter | 077.000
2017-03-01 14:39:24 | TEMPLOG : Table    One | 080.600
2017-03-01 14:40:24 | TEMPLOG : WellhouseOne | 057.200
2017-03-01 14:40:25 | TEMPLOG : Table    One | 079.700
2017-03-01 14:41:25 | TEMPLOG : Bio   Filter | 076.100
2017-03-01 14:41:26 | TEMPLOG : To   GeoLoop | 067.100
2017-03-01 14:43:27 | TEMPLOG : Bio   Filter | 077.000
2017-03-01 14:43:27 | TEMPLOG : To   GeoLoop | 068.000
2017-03-01 14:43:28 | TEMPLOG : Table    One | 081.500
2017-03-01 14:44:28 | TEMPLOG : WellhouseOne | 056.300
2017-03-01 14:44:28 | TEMPLOG : To   GeoLoop | 068.900
2017-03-01 14:44:28 | TEMPLOG : Table    One | 083.300
2017-03-01 14:45:29 | TEMPLOG : Bio   Filter | 077.900
2017-03-01 14:45:29 | TEMPLOG : Table    One | 085.100
2017-03-01 14:46:29 | TEMPLOG : WellhouseOne | 100.400
2017-03-01 14:46:30 | TEMPLOG : Bio   Filter | 078.800
2017-03-01 14:46:30 | TEMPLOG : To   GeoLoop | 069.800
2017-03-01 14:46:30 | TEMPLOG : Table    One | 086.000
2017-03-01 14:47:31 | TEMPLOG : WellhouseOne | 121.100
2017-03-01 14:47:31 | TEMPLOG : To   GeoLoop | 070.700
2017-03-01 14:47:32 | TEMPLOG : Table    One | 086.900
2017-03-01 14:48:32 | TEMPLOG : WellhouseOne | 086.000
2017-03-01 14:48:33 | TEMPLOG : Bio   Filter | 079.700
2017-03-01 14:48:34 | TEMPLOG : Table    One | 086.000
2017-03-01 14:49:35 | TEMPLOG : WellhouseOne | 077.000
2017-03-01 14:49:36 | TEMPLOG : Bio   Filter | 078.800
2017-03-01 14:49:36 | TEMPLOG : To   GeoLoop | 069.800
2017-03-01 14:49:36 | TEMPLOG : Table    One | 085.100
2017-03-01 14:50:37 | TEMPLOG : WellhouseOne | 072.500
2017-03-01 14:50:38 | TEMPLOG : Table    One | 084.200
2017-03-01 14:51:38 | TEMPLOG : WellhouseOne | 068.900
2017-03-01 14:52:39 | TEMPLOG : WellhouseOne | 065.300
2017-03-01 14:53:40 | TEMPLOG : WellhouseOne | 064.400
2017-03-01 14:53:40 | TEMPLOG : Bio   Filter | 077.900
2017-03-01 14:53:41 | TEMPLOG : Table    One | 083.300
2017-03-01 14:54:41 | TEMPLOG : WellhouseOne | 062.600
2017-03-01 14:55:44 | TEMPLOG : WellhouseOne | 061.700
2017-03-01 14:55:45 | TEMPLOG : Table    One | 084.200
2017-03-01 14:56:45 | TEMPLOG : WellhouseOne | 060.800
2017-03-01 14:56:46 | TEMPLOG : Table    One | 083.300
2017-03-01 14:57:47 | TEMPLOG : To   GeoLoop | 068.900
2017-03-01 14:57:48 | TEMPLOG : Table    One | 080.600
2017-03-01 14:58:48 | TEMPLOG : WellhouseOne | 059.900
2017-03-01 14:58:48 | TEMPLOG : To   GeoLoop | 068.000
2017-03-01 14:58:48 | TEMPLOG : Table    One | 077.000
2017-03-01 14:59:48 | TEMPLOG : WellhouseOne | 059.000
2017-03-01 14:59:49 | TEMPLOG : Bio   Filter | 073.400
2017-03-01 14:59:49 | TEMPLOG : To   GeoLoop | 066.200
2017-03-01 14:59:49 | TEMPLOG : Table    One | 074.300
2017-03-01 15:00:49 | TEMPLOG : WellhouseOne | 059.000
2017-03-01 15:00:50 | TEMPLOG : Bio   Filter | 072.500
2017-03-01 15:00:50 | TEMPLOG : To   GeoLoop | 065.300
2017-03-01 15:00:50 | TEMPLOG : Table    One | 074.300
2017-03-01 15:01:50 | TEMPLOG : WellhouseOne | 058.100
2017-03-01 15:01:50 | TEMPLOG : Bio   Filter | 071.600
2017-03-01 15:01:51 | TEMPLOG : Table    One | 072.500
2017-03-01 15:02:52 | TEMPLOG : Bio   Filter | 070.700
2017-03-01 15:02:54 | TEMPLOG : Table    One | 071.600
2017-03-01 15:03:54 | TEMPLOG : Bio   Filter | 069.800
2017-03-01 15:03:54 | TEMPLOG : To   GeoLoop | 064.400
2017-03-01 15:03:55 | TEMPLOG : Table    One | 070.700
2017-03-01 15:04:55 | TEMPLOG : WellhouseOne | 057.200
2017-03-01 15:04:55 | TEMPLOG : Bio   Filter | 068.900
2017-03-01 15:05:56 | TEMPLOG : WellhouseOne | 056.300
2017-03-01 15:06:58 | TEMPLOG : To   GeoLoop | 065.300
2017-03-01 15:07:58 | TEMPLOG : Bio   Filter | 068.000
2017-03-01 15:09:00 | TEMPLOG : WellhouseOne | 055.400
2017-03-01 15:10:01 | TEMPLOG : Bio   Filter | 068.900
2017-03-01 15:10:01 | TEMPLOG : Table    One | 071.600
2017-03-01 15:11:02 | TEMPLOG : WellhouseOne | 054.500
2017-03-01 15:11:03 | TEMPLOG : To   GeoLoop | 066.200
2017-03-01 15:11:03 | TEMPLOG : Table    One | 073.400
2017-03-01 15:12:03 | TEMPLOG : WellhouseOne | 053.600
2017-03-01 15:12:04 | TEMPLOG : Bio   Filter | 069.800
2017-03-01 15:12:04 | TEMPLOG : Table    One | 074.300
2017-03-01 15:15:08 | TEMPLOG : Table    One | 073.400
2017-03-01 15:16:09 | TEMPLOG : Bio   Filter | 068.900
2017-03-01 15:16:10 | TEMPLOG : Table    One | 072.500
2017-03-01 15:17:10 | TEMPLOG : WellhouseOne | 054.500
2017-03-01 15:17:11 | TEMPLOG : To   GeoLoop | 065.300
2017-03-01 15:17:11 | TEMPLOG : Table    One | 071.600
2017-03-01 15:18:11 | TEMPLOG : WellhouseOne | 053.600
2017-03-01 15:18:11 | TEMPLOG : Bio   Filter | 068.000
2017-03-01 15:19:13 | TEMPLOG : WellhouseOne | 054.500
2017-03-01 15:19:14 | TEMPLOG : Table    One | 069.800
2017-03-01 15:20:14 | TEMPLOG : Bio   Filter | 067.100
2017-03-01 15:20:15 | TEMPLOG : To   GeoLoop | 064.400
2017-03-01 15:20:15 | TEMPLOG : Table    One | 068.000
2017-03-01 15:21:16 | TEMPLOG : Bio   Filter | 066.200
2017-03-01 15:22:17 | TEMPLOG : WellhouseOne | 055.400
2017-03-01 15:22:17 | TEMPLOG : To   GeoLoop | 063.500
2017-03-01 15:22:18 | TEMPLOG : Table    One | 067.100
2017-03-01 15:23:19 | TEMPLOG : WellhouseOne | 113.900
2017-03-01 15:23:20 | TEMPLOG : Bio   Filter | 065.300
2017-03-01 15:23:20 | TEMPLOG : Table    One | 066.200
2017-03-01 15:24:20 | TEMPLOG : WellhouseOne | 108.500
2017-03-01 15:24:21 | TEMPLOG : To   GeoLoop | 062.600
2017-03-01 15:25:22 | TEMPLOG : WellhouseOne | 087.800
2017-03-01 15:25:22 | TEMPLOG : Bio   Filter | 064.400
2017-03-01 15:25:23 | TEMPLOG : Table    One | 065.300
2017-03-01 15:26:23 | TEMPLOG : WellhouseOne | 078.800
2017-03-01 15:27:25 | TEMPLOG : WellhouseOne | 074.300
2017-03-01 15:27:25 | TEMPLOG : Bio   Filter | 063.500
2017-03-01 15:27:26 | TEMPLOG : Table    One | 064.400
2017-03-01 15:28:27 | TEMPLOG : WellhouseOne | 070.700
2017-03-01 15:28:27 | TEMPLOG : Table    One | 065.300
2017-03-01 15:29:28 | TEMPLOG : WellhouseOne | 068.900
2017-03-01 15:29:29 | TEMPLOG : Table    One | 066.200
2017-03-01 15:30:29 | TEMPLOG : WellhouseOne | 066.200
2017-03-01 15:30:29 | TEMPLOG : Bio   Filter | 064.400
2017-03-01 15:30:30 | TEMPLOG : To   GeoLoop | 063.500
2017-03-01 15:31:30 | TEMPLOG : WellhouseOne | 065.300
2017-03-01 15:31:31 | TEMPLOG : Table    One | 068.000
2017-03-01 15:32:31 | TEMPLOG : WellhouseOne | 063.500
2017-03-01 15:32:31 | TEMPLOG : Bio   Filter | 065.300
2017-03-01 15:32:31 | TEMPLOG : To   GeoLoop | 064.400
2017-03-01 15:32:31 | TEMPLOG : Table    One | 069.800
2017-03-01 15:33:32 | TEMPLOG : WellhouseOne | 062.600
2017-03-01 15:33:32 | TEMPLOG : To   GeoLoop | 065.300
2017-03-01 15:33:32 | TEMPLOG : Table    One | 071.600
2017-03-01 15:34:33 | TEMPLOG : WellhouseOne | 061.700
2017-03-01 15:34:33 | TEMPLOG : Bio   Filter | 066.200
2017-03-01 15:35:34 | TEMPLOG : WellhouseOne | 060.800
2017-03-01 15:35:34 | TEMPLOG : Table    One | 072.500
2017-03-01 15:36:35 | TEMPLOG : Bio   Filter | 067.100
2017-03-01 15:37:37 | TEMPLOG : WellhouseOne | 059.900
2017-03-01 15:37:37 | TEMPLOG : Table    One | 071.600
2017-03-01 15:38:39 | TEMPLOG : Table    One | 070.700
2017-03-01 15:40:41 | TEMPLOG : WellhouseOne | 059.000
2017-03-01 15:40:42 | TEMPLOG : Table    One | 073.400
2017-03-01 15:42:44 | TEMPLOG : WellhouseOne | 058.100
2017-03-01 15:42:44 | TEMPLOG : Bio   Filter | 068.000
2017-03-01 15:42:44 | TEMPLOG : To   GeoLoop | 066.200
2017-03-01 15:42:45 | TEMPLOG : Table    One | 074.300
2017-03-01 15:43:46 | TEMPLOG : Table    One | 073.400
2017-03-01 15:44:48 | TEMPLOG : Table    One | 074.300
2017-03-01 15:45:48 | TEMPLOG : WellhouseOne | 057.200
2017-03-01 15:45:49 | TEMPLOG : Table    One | 075.200
2017-03-01 15:48:52 | TEMPLOG : Bio   Filter | 068.900
2017-03-01 15:49:53 | TEMPLOG : WellhouseOne | 056.300
2017-03-01 15:49:54 | TEMPLOG : Bio   Filter | 068.000
2017-03-01 15:49:54 | TEMPLOG : Table    One | 074.300
2017-03-01 15:50:55 | TEMPLOG : To   GeoLoop | 065.300
2017-03-01 15:50:55 | TEMPLOG : Table    One | 075.200
2017-03-01 15:51:56 | TEMPLOG : WellhouseOne | 057.200
2017-03-01 15:51:56 | TEMPLOG : Bio   Filter | 068.900
2017-03-01 15:51:57 | TEMPLOG : To   GeoLoop | 066.200
2017-03-01 15:52:57 | TEMPLOG : WellhouseOne | 056.300
2017-03-01 15:53:59 | TEMPLOG : Bio   Filter | 068.000
2017-03-01 15:53:59 | TEMPLOG : To   GeoLoop | 065.300
2017-03-01 15:53:59 | TEMPLOG : Table    One | 072.500
2017-03-01 15:55:00 | TEMPLOG : Bio   Filter | 067.100
2017-03-01 15:55:01 | TEMPLOG : Table    One | 070.700
2017-03-01 15:56:01 | TEMPLOG : Bio   Filter | 066.200
2017-03-01 15:56:01 | TEMPLOG : To   GeoLoop | 064.400
2017-03-01 15:56:03 | TEMPLOG : Table    One | 068.000
2017-03-01 15:57:03 | TEMPLOG : Bio   Filter | 065.300
2017-03-01 15:57:03 | TEMPLOG : To   GeoLoop | 063.500
2017-03-01 15:57:04 | TEMPLOG : Table    One | 067.100
2017-03-01 15:58:04 | TEMPLOG : Bio   Filter | 064.400
2017-03-01 15:58:04 | TEMPLOG : Table    One | 066.200
2017-03-01 15:59:05 | TEMPLOG : To   GeoLoop | 062.600
2017-03-01 15:59:05 | TEMPLOG : Table    One | 065.300
2017-03-01 16:00:05 | TEMPLOG : WellhouseOne | 056.300
2017-03-01 16:00:06 | TEMPLOG : Bio   Filter | 063.500
2017-03-01 16:00:06 | TEMPLOG : To   GeoLoop | 062.600
2017-03-01 16:00:07 | TEMPLOG : Table    One | 064.400
2017-03-01 16:01:08 | TEMPLOG : Table    One | 066.200
2017-03-01 16:02:09 | TEMPLOG : To   GeoLoop | 063.500
2017-03-01 16:02:09 | TEMPLOG : Table    One | 068.000
2017-03-01 16:03:09 | TEMPLOG : WellhouseOne | 055.400
2017-03-01 16:03:10 | TEMPLOG : Table    One | 066.200
2017-03-01 16:04:10 | TEMPLOG : WellhouseOne | 092.300
2017-03-01 16:04:11 | TEMPLOG : Table    One | 065.300
2017-03-01 16:05:12 | TEMPLOG : WellhouseOne | 122.900
2017-03-01 16:05:12 | TEMPLOG : Bio   Filter | 062.600
2017-03-01 16:05:12 | TEMPLOG : To   GeoLoop | 062.600
2017-03-01 16:05:12 | TEMPLOG : Table    One | 064.400
2017-03-01 16:06:13 | TEMPLOG : WellhouseOne | 093.200
2017-03-01 16:06:14 | TEMPLOG : Table    One | 063.500
2017-03-01 16:07:14 | TEMPLOG : WellhouseOne | 082.400
2017-03-01 16:07:15 | TEMPLOG : Bio   Filter | 061.700
2017-03-01 16:07:15 | TEMPLOG : To   GeoLoop | 061.700
2017-03-01 16:07:15 | TEMPLOG : Table    One | 062.600
2017-03-01 16:08:15 | TEMPLOG : WellhouseOne | 076.100
2017-03-01 16:09:16 | TEMPLOG : WellhouseOne | 071.600
2017-03-01 16:09:17 | TEMPLOG : Table    One | 065.300
2017-03-01 16:10:17 | TEMPLOG : WellhouseOne | 068.900
2017-03-01 16:10:17 | TEMPLOG : Bio   Filter | 062.600
2017-03-01 16:10:18 | TEMPLOG : To   GeoLoop | 062.600
2017-03-01 16:10:18 | TEMPLOG : Table    One | 068.000
2017-03-01 16:11:18 | TEMPLOG : WellhouseOne | 067.100
2017-03-01 16:11:19 | TEMPLOG : To   GeoLoop | 063.500
2017-03-01 16:11:19 | TEMPLOG : Table    One | 068.900
2017-03-01 16:12:20 | TEMPLOG : WellhouseOne | 065.300
2017-03-01 16:12:21 | TEMPLOG : Table    One | 067.100
2017-03-01 16:13:21 | TEMPLOG : WellhouseOne | 063.500
2017-03-01 16:13:22 | TEMPLOG : Table    One | 066.200
2017-03-01 16:14:22 | TEMPLOG : WellhouseOne | 062.600
2017-03-01 16:14:23 | TEMPLOG : To   GeoLoop | 062.600
2017-03-01 16:14:23 | TEMPLOG : Table    One | 065.300
2017-03-01 16:15:23 | TEMPLOG : WellhouseOne | 061.700
2017-03-01 16:15:24 | TEMPLOG : Bio   Filter | 061.700
2017-03-01 16:15:25 | TEMPLOG : Table    One | 064.400
2017-03-01 16:16:27 | TEMPLOG : Table    One | 063.500
2017-03-01 16:17:28 | TEMPLOG : WellhouseOne | 060.800
2017-03-01 16:17:28 | TEMPLOG : To   GeoLoop | 061.700
2017-03-01 16:17:28 | TEMPLOG : Table    One | 062.600
2017-03-01 16:18:29 | TEMPLOG : WellhouseOne | 059.900
2017-03-01 16:18:29 | TEMPLOG : Bio   Filter | 060.800
2017-03-01 16:20:32 | TEMPLOG : Table    One | 061.700
2017-03-01 16:21:32 | TEMPLOG : WellhouseOne | 059.000
2017-03-01 16:21:32 | TEMPLOG : Bio   Filter | 059.900
2017-03-01 16:23:34 | TEMPLOG : WellhouseOne | 058.100
2017-03-01 16:23:35 | TEMPLOG : Table    One | 060.800
2017-03-01 16:26:38 | TEMPLOG : WellhouseOne | 057.200
2017-03-01 16:26:39 | TEMPLOG : To   GeoLoop | 060.800
2017-03-01 16:27:39 | TEMPLOG : Bio   Filter | 059.000
2017-03-01 16:27:40 | TEMPLOG : Table    One | 059.900
2017-03-01 16:29:42 | TEMPLOG : WellhouseOne | 056.300
2017-03-01 16:29:43 | TEMPLOG : Table    One | 059.000
2017-03-01 16:31:45 | TEMPLOG : Bio   Filter | 058.100
2017-03-01 16:32:46 | TEMPLOG : Table    One | 058.100
2017-03-01 16:33:47 | TEMPLOG : WellhouseOne | 055.400
2017-03-01 16:34:48 | TEMPLOG : Bio   Filter | 057.200
2017-03-01 16:34:48 | TEMPLOG : To   GeoLoop | 059.900
2017-03-01 16:34:49 | TEMPLOG : Table    One | 057.200
2017-03-01 16:37:55 | TEMPLOG : Table    One | 056.300
2017-03-01 16:38:55 | TEMPLOG : Bio   Filter | 056.300
2017-03-01 16:40:58 | TEMPLOG : WellhouseOne | 054.500
2017-03-01 16:40:58 | TEMPLOG : Table    One | 055.400
2017-03-01 16:42:59 | TEMPLOG : Bio   Filter | 055.400
2017-03-01 16:44:01 | TEMPLOG : WellhouseOne | 106.700
2017-03-01 16:44:02 | TEMPLOG : To   GeoLoop | 059.000
2017-03-01 16:45:03 | TEMPLOG : WellhouseOne | 115.700
2017-03-01 16:46:04 | TEMPLOG : WellhouseOne | 087.800
2017-03-01 16:47:05 | TEMPLOG : WellhouseOne | 079.700
2017-03-01 16:47:05 | TEMPLOG : Bio   Filter | 054.500
2017-03-01 16:47:05 | TEMPLOG : Table    One | 054.500
2017-03-01 16:48:06 | TEMPLOG : WellhouseOne | 074.300
2017-03-01 16:49:07 | TEMPLOG : WellhouseOne | 070.700
2017-03-01 16:50:08 | TEMPLOG : WellhouseOne | 068.000
2017-03-01 16:51:10 | TEMPLOG : WellhouseOne | 065.300
2017-03-01 16:52:12 | TEMPLOG : WellhouseOne | 063.500
2017-03-01 16:53:13 | TEMPLOG : WellhouseOne | 062.600
2017-03-01 16:54:14 | TEMPLOG : WellhouseOne | 061.700
2017-03-01 16:55:15 | TEMPLOG : WellhouseOne | 060.800
2017-03-01 16:55:16 | TEMPLOG : Table    One | 053.600
2017-03-01 16:56:16 | TEMPLOG : WellhouseOne | 059.900
2017-03-01 16:57:18 | TEMPLOG : WellhouseOne | 059.000
2017-03-01 16:57:18 | TEMPLOG : Bio   Filter | 053.600
2017-03-01 16:59:21 | TEMPLOG : WellhouseOne | 058.100
2017-03-01 17:00:22 | TEMPLOG : WellhouseOne | 058.100
2017-03-01 17:00:22 | TEMPLOG : Bio   Filter | 053.600
2017-03-01 17:00:22 | TEMPLOG : To   GeoLoop | 059.000
2017-03-01 17:00:22 | TEMPLOG : Table    One | 054.500
2017-03-01 17:01:23 | TEMPLOG : WellhouseOne | 057.200
2017-03-01 17:01:23 | TEMPLOG : Bio   Filter | 054.500
2017-03-01 17:01:23 | TEMPLOG : Table    One | 055.400
2017-03-01 17:02:24 | TEMPLOG : To   GeoLoop | 059.900
2017-03-01 17:02:25 | TEMPLOG : Table    One | 056.300
2017-03-01 17:03:25 | TEMPLOG : Bio   Filter | 055.400
2017-03-01 17:03:26 | TEMPLOG : Table    One | 057.200
2017-03-01 17:04:27 | TEMPLOG : Table    One | 058.100
2017-03-01 17:05:28 | TEMPLOG : WellhouseOne | 056.300
2017-03-01 17:05:28 | TEMPLOG : Bio   Filter | 056.300
2017-03-01 17:09:32 | TEMPLOG : WellhouseOne | 055.400
2017-03-01 17:09:33 | TEMPLOG : Table    One | 057.200
2017-03-01 17:14:38 | TEMPLOG : Bio   Filter | 055.400
2017-03-01 17:16:40 | TEMPLOG : Table    One | 056.300
2017-03-01 17:17:40 | TEMPLOG : WellhouseOne | 054.500
2017-03-01 17:20:44 | TEMPLOG : To   GeoLoop | 059.000
2017-03-01 17:20:44 | TEMPLOG : Table    One | 055.400
2017-03-01 17:22:46 | TEMPLOG : WellhouseOne | 112.100
2017-03-01 17:22:46 | TEMPLOG : Bio   Filter | 054.500
2017-03-01 17:23:46 | TEMPLOG : WellhouseOne | 107.600
2017-03-01 17:24:48 | TEMPLOG : WellhouseOne | 085.100
2017-03-01 17:24:49 | TEMPLOG : Table    One | 054.500
2017-03-01 17:25:49 | TEMPLOG : WellhouseOne | 077.000
2017-03-01 17:26:50 | TEMPLOG : WellhouseOne | 072.500
2017-03-01 17:26:50 | TEMPLOG : Bio   Filter | 053.600
2017-03-01 17:27:51 | TEMPLOG : WellhouseOne | 068.000
2017-03-01 17:28:53 | TEMPLOG : WellhouseOne | 065.300
2017-03-01 17:28:53 | TEMPLOG : Table    One | 053.600
2017-03-01 17:29:54 | TEMPLOG : WellhouseOne | 063.500
2017-03-01 17:30:55 | TEMPLOG : WellhouseOne | 061.700
2017-03-01 17:30:57 | TEMPLOG : Table    One | 052.700
2017-03-01 17:31:57 | TEMPLOG : WellhouseOne | 060.800
2017-03-01 17:31:57 | TEMPLOG : Bio   Filter | 052.700
2017-03-01 17:32:58 | TEMPLOG : WellhouseOne | 059.900
2017-03-01 17:32:59 | TEMPLOG : To   GeoLoop | 058.100
2017-03-01 17:34:00 | TEMPLOG : WellhouseOne | 059.000
2017-03-01 17:34:00 | TEMPLOG : Bio   Filter | 051.800
2017-03-01 17:34:01 | TEMPLOG : Table    One | 051.800
2017-03-01 17:35:02 | TEMPLOG : WellhouseOne | 058.100
2017-03-01 17:37:03 | TEMPLOG : WellhouseOne | 057.200
2017-03-01 17:37:04 | TEMPLOG : Table    One | 050.900
2017-03-01 17:38:05 | TEMPLOG : Bio   Filter | 050.900
2017-03-01 17:39:05 | TEMPLOG : WellhouseOne | 056.300
2017-03-01 17:40:07 | TEMPLOG : Bio   Filter | 050.000
2017-03-01 17:40:07 | TEMPLOG : To   GeoLoop | 057.200
2017-03-01 17:40:07 | TEMPLOG : Table    One | 050.000
2017-03-01 17:41:08 | TEMPLOG : WellhouseOne | 055.400
2017-03-01 17:42:11 | TEMPLOG : Table    One | 049.100
2017-03-01 17:43:11 | TEMPLOG : WellhouseOne | 054.500
2017-03-01 17:44:13 | TEMPLOG : Bio   Filter | 049.100
2017-03-01 17:45:14 | TEMPLOG : Table    One | 048.200
2017-03-01 17:47:16 | TEMPLOG : WellhouseOne | 053.600
2017-03-01 17:49:18 | TEMPLOG : WellhouseOne | 052.700
2017-03-01 17:49:18 | TEMPLOG : Bio   Filter | 048.200
2017-03-01 17:50:21 | TEMPLOG : To   GeoLoop | 056.300
2017-03-01 17:51:22 | TEMPLOG : Table    One | 047.300
2017-03-01 17:52:23 | TEMPLOG : WellhouseOne | 051.800
2017-03-01 17:53:24 | TEMPLOG : Bio   Filter | 047.300
2017-03-01 17:55:29 | TEMPLOG : WellhouseOne | 050.900
2017-03-01 17:56:31 | TEMPLOG : Table    One | 046.400
2017-03-01 17:57:31 | TEMPLOG : WellhouseOne | 104.000
2017-03-01 17:58:32 | TEMPLOG : WellhouseOne | 126.500
2017-03-01 17:59:33 | TEMPLOG : WellhouseOne | 097.700
2017-03-01 17:59:33 | TEMPLOG : Bio   Filter | 046.400
2017-03-01 18:00:34 | TEMPLOG : WellhouseOne | 080.600
2017-03-01 18:00:34 | TEMPLOG : Bio   Filter | 047.300
2017-03-01 18:00:34 | TEMPLOG : To   GeoLoop | 056.300
2017-03-01 18:00:34 | TEMPLOG : Table    One | 046.400
2017-03-01 18:01:35 | TEMPLOG : WellhouseOne | 073.400
2017-03-01 18:01:35 | TEMPLOG : Bio   Filter | 046.400
2017-03-01 18:02:36 | TEMPLOG : WellhouseOne | 068.000
2017-03-01 18:03:39 | TEMPLOG : WellhouseOne | 065.300
2017-03-01 18:04:42 | TEMPLOG : WellhouseOne | 061.700
2017-03-01 18:05:43 | TEMPLOG : WellhouseOne | 060.800
2017-03-01 18:05:44 | TEMPLOG : Table    One | 045.500
2017-03-01 18:06:44 | TEMPLOG : WellhouseOne | 059.900
2017-03-01 18:07:46 | TEMPLOG : WellhouseOne | 058.100
2017-03-01 18:08:49 | TEMPLOG : WellhouseOne | 057.200
2017-03-01 18:08:50 | TEMPLOG : To   GeoLoop | 055.400
2017-03-01 18:10:51 | TEMPLOG : WellhouseOne | 056.300
2017-03-01 18:10:52 | TEMPLOG : To   GeoLoop | 056.300
2017-03-01 18:11:53 | TEMPLOG : WellhouseOne | 055.400
2017-03-01 18:11:53 | TEMPLOG : To   GeoLoop | 055.400
2017-03-01 18:13:55 | TEMPLOG : WellhouseOne | 054.500
2017-03-01 18:13:56 | TEMPLOG : To   GeoLoop | 056.300
2017-03-01 18:14:58 | TEMPLOG : To   GeoLoop | 055.400
2017-03-01 18:15:58 | TEMPLOG : WellhouseOne | 053.600
2017-03-01 18:15:58 | TEMPLOG : Bio   Filter | 045.500
2017-03-01 18:18:00 | TEMPLOG : WellhouseOne | 052.700
2017-03-01 18:19:01 | TEMPLOG : WellhouseOne | 051.800
2017-03-01 18:19:02 | TEMPLOG : Table    One | 044.600
2017-03-01 18:22:04 | TEMPLOG : WellhouseOne | 050.900
2017-03-01 18:23:05 | TEMPLOG : Bio   Filter | 044.600
2017-03-01 18:24:07 | TEMPLOG : WellhouseOne | 050.000
2017-03-01 18:29:14 | TEMPLOG : WellhouseOne | 049.100
2017-03-01 18:30:15 | TEMPLOG : WellhouseOne | 072.500
2017-03-01 18:31:16 | TEMPLOG : WellhouseOne | 116.600
2017-03-01 18:32:17 | TEMPLOG : WellhouseOne | 130.100
2017-03-01 18:33:18 | TEMPLOG : WellhouseOne | 091.400
2017-03-01 18:34:20 | TEMPLOG : WellhouseOne | 079.700
2017-03-01 18:35:21 | TEMPLOG : WellhouseOne | 072.500
2017-03-01 18:36:22 | TEMPLOG : WellhouseOne | 068.000
2017-03-01 18:37:23 | TEMPLOG : WellhouseOne | 063.500
2017-03-01 18:38:25 | TEMPLOG : WellhouseOne | 060.800
2017-03-01 18:39:26 | TEMPLOG : WellhouseOne | 059.900
2017-03-01 18:40:28 | TEMPLOG : WellhouseOne | 058.100
2017-03-01 18:41:28 | TEMPLOG : WellhouseOne | 057.200
2017-03-01 18:42:30 | TEMPLOG : WellhouseOne | 055.400
2017-03-01 18:43:31 | TEMPLOG : WellhouseOne | 054.500
2017-03-01 18:44:34 | TEMPLOG : Table    One | 043.700
2017-03-01 18:45:34 | TEMPLOG : WellhouseOne | 053.600
2017-03-01 18:46:35 | TEMPLOG : WellhouseOne | 052.700
2017-03-01 18:47:36 | TEMPLOG : WellhouseOne | 051.800
2017-03-01 18:48:38 | TEMPLOG : Bio   Filter | 043.700
2017-03-01 18:50:40 | TEMPLOG : WellhouseOne | 050.900
2017-03-01 18:51:41 | TEMPLOG : WellhouseOne | 051.800
2017-03-01 18:51:42 | TEMPLOG : To   GeoLoop | 054.500
2017-03-01 18:51:42 | TEMPLOG : Table    One | 042.800
2017-03-01 18:56:48 | TEMPLOG : WellhouseOne | 050.900
2017-03-01 18:57:49 | TEMPLOG : WellhouseOne | 050.000
2017-03-01 18:58:50 | TEMPLOG : WellhouseOne | 049.100
2017-03-01 18:58:50 | TEMPLOG : Bio   Filter | 042.800
2017-03-01 19:00:52 | TEMPLOG : WellhouseOne | 049.100
2017-03-01 19:00:53 | TEMPLOG : Bio   Filter | 042.800
2017-03-01 19:00:53 | TEMPLOG : To   GeoLoop | 054.500
2017-03-01 19:00:54 | TEMPLOG : Table    One | 042.800
2017-03-01 19:01:54 | TEMPLOG : WellhouseOne | 048.200
2017-03-01 19:02:55 | TEMPLOG : WellhouseOne | 081.500
2017-03-01 19:03:58 | TEMPLOG : WellhouseOne | 117.500
2017-03-01 19:03:59 | TEMPLOG : Table    One | 041.900
2017-03-01 19:04:59 | TEMPLOG : WellhouseOne | 129.200
2017-03-01 19:06:01 | TEMPLOG : WellhouseOne | 096.800
2017-03-01 19:07:02 | TEMPLOG : WellhouseOne | 079.700
2017-03-01 19:08:03 | TEMPLOG : WellhouseOne | 070.700
2017-03-01 19:08:04 | TEMPLOG : Bio   Filter | 041.900
2017-03-01 19:09:05 | TEMPLOG : WellhouseOne | 066.200
2017-03-01 19:09:06 | TEMPLOG : Bio   Filter | 042.800
2017-03-01 19:10:07 | TEMPLOG : WellhouseOne | 062.600
2017-03-01 19:11:08 | TEMPLOG : WellhouseOne | 060.800
2017-03-01 19:12:09 | TEMPLOG : WellhouseOne | 058.100
2017-03-01 19:13:10 | TEMPLOG : WellhouseOne | 057.200
2017-03-01 19:14:12 | TEMPLOG : WellhouseOne | 056.300
2017-03-01 19:14:12 | TEMPLOG : Table    One | 042.800
2017-03-01 19:15:12 | TEMPLOG : WellhouseOne | 055.400
2017-03-01 19:16:13 | TEMPLOG : WellhouseOne | 054.500
2017-03-01 19:17:14 | TEMPLOG : WellhouseOne | 053.600
2017-03-01 19:18:15 | TEMPLOG : WellhouseOne | 052.700
2017-03-01 19:18:17 | TEMPLOG : Table    One | 041.900
2017-03-01 19:19:17 | TEMPLOG : WellhouseOne | 051.800
2017-03-01 19:21:19 | TEMPLOG : Bio   Filter | 041.900
2017-03-01 19:22:21 | TEMPLOG : WellhouseOne | 050.900
2017-03-01 19:24:25 | TEMPLOG : WellhouseOne | 050.000
2017-03-01 19:26:27 | TEMPLOG : WellhouseOne | 049.100
2017-03-01 19:26:28 | TEMPLOG : To   GeoLoop | 053.600
2017-03-01 19:27:29 | TEMPLOG : To   GeoLoop | 054.500
2017-03-01 19:28:30 | TEMPLOG : WellhouseOne | 048.200
2017-03-01 19:28:31 | TEMPLOG : To   GeoLoop | 053.600
2017-03-01 19:29:32 | TEMPLOG : WellhouseOne | 047.300
2017-03-01 19:32:36 | TEMPLOG : WellhouseOne | 046.400
2017-03-01 19:33:36 | TEMPLOG : WellhouseOne | 063.500
2017-03-01 19:34:37 | TEMPLOG : WellhouseOne | 109.400
2017-03-01 19:35:38 | TEMPLOG : WellhouseOne | 123.800
2017-03-01 19:35:39 | TEMPLOG : Table    One | 041.000
2017-03-01 19:36:39 | TEMPLOG : WellhouseOne | 105.800
2017-03-01 19:37:40 | TEMPLOG : WellhouseOne | 081.500
2017-03-01 19:38:41 | TEMPLOG : WellhouseOne | 071.600
2017-03-01 19:39:42 | TEMPLOG : WellhouseOne | 065.300
2017-03-01 19:40:43 | TEMPLOG : WellhouseOne | 061.700
2017-03-01 19:41:44 | TEMPLOG : WellhouseOne | 059.900
2017-03-01 19:42:45 | TEMPLOG : WellhouseOne | 058.100
2017-03-01 19:43:47 | TEMPLOG : WellhouseOne | 055.400
2017-03-01 19:44:48 | TEMPLOG : WellhouseOne | 053.600
2017-03-01 19:45:49 | TEMPLOG : WellhouseOne | 052.700
2017-03-01 19:46:51 | TEMPLOG : Bio   Filter | 041.000
2017-03-01 19:47:53 | TEMPLOG : WellhouseOne | 051.800
2017-03-01 19:47:53 | TEMPLOG : Bio   Filter | 041.900
2017-03-01 19:48:54 | TEMPLOG : WellhouseOne | 050.900
2017-03-01 19:48:54 | TEMPLOG : Bio   Filter | 041.000
2017-03-01 19:50:56 | TEMPLOG : WellhouseOne | 050.000
2017-03-01 19:53:00 | TEMPLOG : WellhouseOne | 049.100
2017-03-01 19:55:03 | TEMPLOG : WellhouseOne | 048.200
2017-03-01 19:57:05 | TEMPLOG : WellhouseOne | 047.300
2017-03-01 20:00:08 | TEMPLOG : WellhouseOne | 046.400
2017-03-01 20:00:08 | TEMPLOG : Bio   Filter | 041.000
2017-03-01 20:00:09 | TEMPLOG : To   GeoLoop | 053.600
2017-03-01 20:00:09 | TEMPLOG : Table    One | 041.000
2017-03-01 20:04:15 | TEMPLOG : WellhouseOne | 104.000
2017-03-01 20:05:16 | TEMPLOG : WellhouseOne | 122.000
2017-03-01 20:06:17 | TEMPLOG : WellhouseOne | 130.100
2017-03-01 20:06:17 | TEMPLOG : Table    One | 040.100
2017-03-01 20:07:18 | TEMPLOG : WellhouseOne | 092.300
2017-03-01 20:08:19 | TEMPLOG : WellhouseOne | 077.900
2017-03-01 20:09:20 | TEMPLOG : WellhouseOne | 070.700
2017-03-01 20:09:21 | TEMPLOG : To   GeoLoop | 052.700
2017-03-01 20:10:22 | TEMPLOG : WellhouseOne | 066.200
2017-03-01 20:10:22 | TEMPLOG : To   GeoLoop | 053.600
2017-03-01 20:11:22 | TEMPLOG : WellhouseOne | 061.700
2017-03-01 20:11:23 | TEMPLOG : To   GeoLoop | 052.700
2017-03-01 20:12:24 | TEMPLOG : WellhouseOne | 059.000
2017-03-01 20:12:24 | TEMPLOG : Bio   Filter | 040.100
2017-03-01 20:13:25 | TEMPLOG : WellhouseOne | 056.300
2017-03-01 20:14:26 | TEMPLOG : WellhouseOne | 054.500
2017-03-01 20:15:27 | TEMPLOG : WellhouseOne | 053.600
2017-03-01 20:16:28 | TEMPLOG : WellhouseOne | 052.700
2017-03-01 20:17:29 | TEMPLOG : WellhouseOne | 051.800
2017-03-01 20:18:30 | TEMPLOG : WellhouseOne | 050.900
2017-03-01 20:19:30 | TEMPLOG : WellhouseOne | 050.000
2017-03-01 20:21:32 | TEMPLOG : WellhouseOne | 049.100
2017-03-01 20:23:34 | TEMPLOG : WellhouseOne | 048.200
2017-03-01 20:25:36 | TEMPLOG : WellhouseOne | 047.300
2017-03-01 20:27:43 | TEMPLOG : Bio   Filter | 041.000
2017-03-01 20:28:44 | TEMPLOG : WellhouseOne | 046.400
2017-03-01 20:31:48 | TEMPLOG : Bio   Filter | 040.100
2017-03-01 20:32:49 | TEMPLOG : WellhouseOne | 045.500
2017-03-01 20:33:50 | TEMPLOG : WellhouseOne | 099.500
2017-03-01 20:34:52 | TEMPLOG : WellhouseOne | 120.200
2017-03-01 20:35:53 | TEMPLOG : WellhouseOne | 130.100
2017-03-01 20:36:54 | TEMPLOG : WellhouseOne | 095.900
2017-03-01 20:36:55 | TEMPLOG : Bio   Filter | 041.000
2017-03-01 20:37:56 | TEMPLOG : WellhouseOne | 081.500
2017-03-01 20:37:56 | TEMPLOG : Bio   Filter | 040.100
2017-03-01 20:38:57 | TEMPLOG : WellhouseOne | 072.500
2017-03-01 20:39:59 | TEMPLOG : WellhouseOne | 067.100
2017-03-01 20:41:01 | TEMPLOG : WellhouseOne | 063.500
2017-03-01 20:42:02 | TEMPLOG : WellhouseOne | 059.900
2017-03-01 20:43:03 | TEMPLOG : WellhouseOne | 057.200
2017-03-01 20:44:04 | TEMPLOG : WellhouseOne | 054.500
2017-03-01 20:45:06 | TEMPLOG : WellhouseOne | 052.700
2017-03-01 20:47:10 | TEMPLOG : WellhouseOne | 051.800
2017-03-01 20:48:11 | TEMPLOG : WellhouseOne | 050.900
2017-03-01 20:49:12 | TEMPLOG : WellhouseOne | 050.000
2017-03-01 20:49:12 | TEMPLOG : Bio   Filter | 039.200
2017-03-01 20:50:14 | TEMPLOG : Table    One | 039.200
2017-03-01 20:51:14 | TEMPLOG : WellhouseOne | 049.100
2017-03-01 20:52:15 | TEMPLOG : WellhouseOne | 048.200
2017-03-01 20:54:18 | TEMPLOG : WellhouseOne | 047.300
2017-03-01 20:54:18 | TEMPLOG : Bio   Filter | 040.100
2017-03-01 20:55:19 | TEMPLOG : Bio   Filter | 039.200
2017-03-01 20:56:21 | TEMPLOG : WellhouseOne | 046.400
2017-03-01 20:57:23 | TEMPLOG : Bio   Filter | 040.100
2017-03-01 20:58:25 | TEMPLOG : Bio   Filter | 039.200
2017-03-01 20:59:25 | TEMPLOG : WellhouseOne | 045.500
2017-03-01 21:00:27 | TEMPLOG : WellhouseOne | 045.500
2017-03-01 21:00:27 | TEMPLOG : Bio   Filter | 039.200
2017-03-01 21:00:27 | TEMPLOG : To   GeoLoop | 052.700
2017-03-01 21:00:28 | TEMPLOG : Table    One | 039.200
2017-03-01 21:03:31 | TEMPLOG : WellhouseOne | 103.100
2017-03-01 21:03:31 | TEMPLOG : To   GeoLoop | 051.800
2017-03-01 21:04:32 | TEMPLOG : WellhouseOne | 119.300
2017-03-01 21:04:33 | TEMPLOG : To   GeoLoop | 052.700
2017-03-01 21:05:34 | TEMPLOG : WellhouseOne | 128.300
2017-03-01 21:06:35 | TEMPLOG : WellhouseOne | 098.600
2017-03-01 21:06:36 | TEMPLOG : To   GeoLoop | 051.800
2017-03-01 21:07:36 | TEMPLOG : WellhouseOne | 080.600
2017-03-01 21:08:37 | TEMPLOG : WellhouseOne | 071.600
2017-03-01 21:09:39 | TEMPLOG : WellhouseOne | 066.200
2017-03-01 21:10:40 | TEMPLOG : WellhouseOne | 062.600
2017-03-01 21:11:41 | TEMPLOG : WellhouseOne | 059.000
2017-03-01 21:12:42 | TEMPLOG : WellhouseOne | 057.200
2017-03-01 21:13:43 | TEMPLOG : WellhouseOne | 055.400
2017-03-01 21:13:43 | TEMPLOG : Bio   Filter | 038.300
2017-03-01 21:13:44 | TEMPLOG : Table    One | 038.300
2017-03-01 21:14:44 | TEMPLOG : WellhouseOne | 053.600
2017-03-01 21:14:45 | TEMPLOG : Table    One | 039.200
2017-03-01 21:15:45 | TEMPLOG : WellhouseOne | 052.700
2017-03-01 21:15:46 | TEMPLOG : Table    One | 038.300
2017-03-01 21:16:47 | TEMPLOG : Table    One | 039.200
2017-03-01 21:17:47 | TEMPLOG : WellhouseOne | 050.900
2017-03-01 21:17:48 | TEMPLOG : Table    One | 038.300
2017-03-01 21:18:48 | TEMPLOG : WellhouseOne | 050.000
2017-03-01 21:20:51 | TEMPLOG : WellhouseOne | 048.200
2017-03-01 21:22:54 | TEMPLOG : WellhouseOne | 047.300
2017-03-01 21:23:56 | TEMPLOG : WellhouseOne | 046.400
2017-03-01 21:28:00 | TEMPLOG : WellhouseOne | 045.500
2017-03-01 21:30:02 | TEMPLOG : Bio   Filter | 037.400
2017-03-01 21:31:03 | TEMPLOG : WellhouseOne | 046.400
2017-03-01 21:32:04 | TEMPLOG : WellhouseOne | 105.800
2017-03-01 21:33:04 | TEMPLOG : WellhouseOne | 122.000
2017-03-01 21:34:05 | TEMPLOG : WellhouseOne | 130.100
2017-03-01 21:35:06 | TEMPLOG : WellhouseOne | 112.100
2017-03-01 21:36:08 | TEMPLOG : WellhouseOne | 088.700
2017-03-01 21:36:09 | TEMPLOG : To   GeoLoop | 050.900
2017-03-01 21:36:09 | TEMPLOG : Table    One | 037.400
2017-03-01 21:37:09 | TEMPLOG : WellhouseOne | 077.000
2017-03-01 21:38:11 | TEMPLOG : WellhouseOne | 069.800
2017-03-01 21:38:13 | TEMPLOG : To   GeoLoop | 051.800
2017-03-01 21:39:14 | TEMPLOG : WellhouseOne | 065.300
2017-03-01 21:39:15 | TEMPLOG : To   GeoLoop | 050.900
2017-03-01 21:40:16 | TEMPLOG : WellhouseOne | 061.700
2017-03-01 21:41:17 | TEMPLOG : WellhouseOne | 058.100
2017-03-01 21:42:18 | TEMPLOG : WellhouseOne | 056.300
2017-03-01 21:43:20 | TEMPLOG : WellhouseOne | 054.500
2017-03-01 21:44:20 | TEMPLOG : WellhouseOne | 053.600
2017-03-01 21:45:21 | TEMPLOG : WellhouseOne | 051.800
2017-03-01 21:46:23 | TEMPLOG : Table    One | 185.000
2017-03-01 21:47:24 | TEMPLOG : WellhouseOne | 050.900
2017-03-01 21:47:25 | TEMPLOG : Table    One | 037.400
2017-03-01 21:48:25 | TEMPLOG : WellhouseOne | 050.000
2017-03-01 21:49:26 | TEMPLOG : WellhouseOne | 049.100
2017-03-01 21:52:30 | TEMPLOG : WellhouseOne | 048.200
2017-03-01 21:53:32 | TEMPLOG : Bio   Filter | 036.500
2017-03-01 21:54:33 | TEMPLOG : WellhouseOne | 047.300
2017-03-01 21:56:35 | TEMPLOG : WellhouseOne | 046.400
2017-03-01 21:59:39 | TEMPLOG : WellhouseOne | 045.500
2017-03-01 22:00:41 | TEMPLOG : WellhouseOne | 060.800
2017-03-01 22:00:41 | TEMPLOG : Bio   Filter | 036.500
2017-03-01 22:00:41 | TEMPLOG : To   GeoLoop | 050.900
2017-03-01 22:00:41 | TEMPLOG : Table    One | 037.400
2017-03-01 22:01:41 | TEMPLOG : WellhouseOne | 111.200
2017-03-01 22:02:42 | TEMPLOG : WellhouseOne | 124.700
2017-03-01 22:03:43 | TEMPLOG : WellhouseOne | 132.800
2017-03-01 22:04:44 | TEMPLOG : WellhouseOne | 093.200
2017-03-01 22:05:45 | TEMPLOG : WellhouseOne | 080.600
2017-03-01 22:06:47 | TEMPLOG : WellhouseOne | 072.500
2017-03-01 22:07:48 | TEMPLOG : WellhouseOne | 066.200
2017-03-01 22:08:49 | TEMPLOG : WellhouseOne | 062.600
2017-03-01 22:09:51 | TEMPLOG : WellhouseOne | 059.000
2017-03-01 22:10:53 | TEMPLOG : WellhouseOne | 056.300
2017-03-01 22:11:53 | TEMPLOG : WellhouseOne | 055.400
2017-03-01 22:12:54 | TEMPLOG : WellhouseOne | 053.600
2017-03-01 22:13:55 | TEMPLOG : WellhouseOne | 052.700
2017-03-01 22:13:57 | TEMPLOG : Table    One | 036.500
2017-03-01 22:14:57 | TEMPLOG : WellhouseOne | 050.900
2017-03-01 22:16:59 | TEMPLOG : WellhouseOne | 050.000
2017-03-01 22:18:02 | TEMPLOG : WellhouseOne | 049.100
2017-03-01 22:19:03 | TEMPLOG : Bio   Filter | 035.600
2017-03-01 22:20:04 | TEMPLOG : WellhouseOne | 048.200
2017-03-01 22:21:05 | TEMPLOG : WellhouseOne | 047.300
2017-03-01 22:21:06 | TEMPLOG : To   GeoLoop | 050.000
2017-03-01 22:24:09 | TEMPLOG : WellhouseOne | 046.400
2017-03-01 22:26:12 | TEMPLOG : WellhouseOne | 045.500
2017-03-01 22:27:14 | TEMPLOG : WellhouseOne | 044.600
2017-03-01 22:28:14 | TEMPLOG : WellhouseOne | 045.500
2017-03-01 22:29:16 | TEMPLOG : WellhouseOne | 094.100
2017-03-01 22:30:18 | TEMPLOG : WellhouseOne | 116.600
2017-03-01 22:31:20 | TEMPLOG : WellhouseOne | 126.500
2017-03-01 22:32:21 | TEMPLOG : WellhouseOne | 131.900
2017-03-01 22:33:23 | TEMPLOG : WellhouseOne | 101.300
2017-03-01 22:34:24 | TEMPLOG : WellhouseOne | 084.200
2017-03-01 22:35:25 | TEMPLOG : WellhouseOne | 075.200
2017-03-01 22:36:26 | TEMPLOG : WellhouseOne | 068.000
2017-03-01 22:37:27 | TEMPLOG : WellhouseOne | 064.400
2017-03-01 22:38:28 | TEMPLOG : WellhouseOne | 059.900
2017-03-01 22:39:29 | TEMPLOG : WellhouseOne | 057.200
2017-03-01 22:40:30 | TEMPLOG : WellhouseOne | 055.400
2017-03-01 22:41:30 | TEMPLOG : WellhouseOne | 054.500
2017-03-01 22:42:31 | TEMPLOG : WellhouseOne | 052.700
2017-03-01 22:43:33 | TEMPLOG : WellhouseOne | 051.800
2017-03-01 22:43:33 | TEMPLOG : Table    One | 035.600
2017-03-01 22:44:34 | TEMPLOG : WellhouseOne | 050.900
2017-03-01 22:45:35 | TEMPLOG : WellhouseOne | 050.000
2017-03-01 22:46:36 | TEMPLOG : WellhouseOne | 049.100
2017-03-01 22:48:39 | TEMPLOG : WellhouseOne | 048.200
2017-03-01 22:49:40 | TEMPLOG : WellhouseOne | 047.300
2017-03-01 22:49:40 | TEMPLOG : Bio   Filter | 034.700
2017-03-01 22:51:44 | TEMPLOG : WellhouseOne | 046.400
2017-03-01 22:53:46 | TEMPLOG : WellhouseOne | 045.500
2017-03-01 22:57:50 | TEMPLOG : WellhouseOne | 085.100
2017-03-01 22:58:51 | TEMPLOG : WellhouseOne | 117.500
2017-03-01 22:59:55 | TEMPLOG : WellhouseOne | 127.400
2017-03-01 23:00:56 | TEMPLOG : WellhouseOne | 132.800
2017-03-01 23:00:56 | TEMPLOG : Bio   Filter | 034.700
2017-03-01 23:00:56 | TEMPLOG : To   GeoLoop | 050.000
2017-03-01 23:00:56 | TEMPLOG : Table    One | 035.600
2017-03-01 23:01:57 | TEMPLOG : WellhouseOne | 092.300
2017-03-01 23:02:59 | TEMPLOG : WellhouseOne | 077.900
2017-03-01 23:04:00 | TEMPLOG : WellhouseOne | 070.700
2017-03-01 23:05:02 | TEMPLOG : WellhouseOne | 064.400
2017-03-01 23:05:03 | TEMPLOG : To   GeoLoop | 049.100
2017-03-01 23:06:04 | TEMPLOG : WellhouseOne | 060.800
2017-03-01 23:07:04 | TEMPLOG : WellhouseOne | 057.200
2017-03-01 23:08:05 | TEMPLOG : WellhouseOne | 054.500
2017-03-01 23:09:06 | TEMPLOG : WellhouseOne | 053.600
2017-03-01 23:10:08 | TEMPLOG : WellhouseOne | 051.800
2017-03-01 23:11:09 | TEMPLOG : WellhouseOne | 050.900
2017-03-01 23:12:10 | TEMPLOG : WellhouseOne | 049.100
2017-03-01 23:14:12 | TEMPLOG : WellhouseOne | 048.200
2017-03-01 23:15:13 | TEMPLOG : Bio   Filter | 033.800
2017-03-01 23:15:14 | TEMPLOG : Table    One | 034.700
2017-03-01 23:16:14 | TEMPLOG : WellhouseOne | 047.300
2017-03-01 23:16:14 | TEMPLOG : Bio   Filter | 034.700
2017-03-01 23:16:14 | TEMPLOG : Table    One | 035.600
2017-03-01 23:17:16 | TEMPLOG : Table    One | 034.700
2017-03-01 23:19:18 | TEMPLOG : WellhouseOne | 046.400
2017-03-01 23:22:21 | TEMPLOG : WellhouseOne | 045.500
2017-03-01 23:24:24 | TEMPLOG : WellhouseOne | 044.600
2017-03-01 23:25:25 | TEMPLOG : WellhouseOne | 083.300
2017-03-01 23:25:25 | TEMPLOG : Bio   Filter | 033.800
2017-03-01 23:26:26 | TEMPLOG : WellhouseOne | 113.000
2017-03-01 23:27:27 | TEMPLOG : WellhouseOne | 123.800
2017-03-01 23:28:28 | TEMPLOG : WellhouseOne | 129.200
2017-03-01 23:29:29 | TEMPLOG : WellhouseOne | 133.700
2017-03-01 23:30:30 | TEMPLOG : WellhouseOne | 099.500
2017-03-01 23:31:31 | TEMPLOG : WellhouseOne | 082.400
2017-03-01 23:32:32 | TEMPLOG : WellhouseOne | 075.200
2017-03-01 23:33:33 | TEMPLOG : WellhouseOne | 068.000
2017-03-01 23:34:34 | TEMPLOG : WellhouseOne | 063.500
2017-03-01 23:35:36 | TEMPLOG : WellhouseOne | 059.000
2017-03-01 23:36:37 | TEMPLOG : WellhouseOne | 057.200
2017-03-01 23:37:38 | TEMPLOG : WellhouseOne | 054.500
2017-03-01 23:38:40 | TEMPLOG : WellhouseOne | 053.600
2017-03-01 23:39:41 | TEMPLOG : WellhouseOne | 051.800
2017-03-01 23:40:42 | TEMPLOG : WellhouseOne | 050.900
2017-03-01 23:41:44 | TEMPLOG : WellhouseOne | 050.000
2017-03-01 23:42:45 | TEMPLOG : WellhouseOne | 049.100
2017-03-01 23:43:46 | TEMPLOG : WellhouseOne | 048.200
2017-03-01 23:44:47 | TEMPLOG : WellhouseOne | 047.300
2017-03-01 23:45:48 | TEMPLOG : WellhouseOne | 045.500
2017-03-01 23:46:51 | TEMPLOG : To   GeoLoop | 048.200
2017-03-01 23:47:51 | TEMPLOG : WellhouseOne | 046.400
2017-03-01 23:47:53 | TEMPLOG : To   GeoLoop | 049.100
2017-03-01 23:48:54 | TEMPLOG : WellhouseOne | 045.500
2017-03-01 23:50:56 | TEMPLOG : WellhouseOne | 043.700
2017-03-01 23:54:00 | TEMPLOG : WellhouseOne | 099.500
2017-03-01 23:55:01 | TEMPLOG : WellhouseOne | 118.400
2017-03-01 23:56:02 | TEMPLOG : WellhouseOne | 126.500
2017-03-01 23:57:03 | TEMPLOG : WellhouseOne | 131.000
2017-03-01 23:58:04 | TEMPLOG : WellhouseOne | 132.800
2017-03-01 23:59:04 | TEMPLOG : WellhouseOne | 093.200
