2017-02-01 00:00:33 | TEMPLOG : WellhouseOne | 052.700
2017-02-01 00:00:34 | TEMPLOG : Bio   Filter | 039.200
2017-02-01 00:00:34 | TEMPLOG : To   GeoLoop | 048.200
2017-02-01 00:00:34 | TEMPLOG : Table    One | 039.200
2017-02-01 00:01:35 | TEMPLOG : WellhouseOne | 051.800
2017-02-01 00:02:35 | TEMPLOG : WellhouseOne | 050.900
2017-02-01 00:03:39 | TEMPLOG : WellhouseOne | 050.000
2017-02-01 00:04:40 | TEMPLOG : WellhouseOne | 049.100
2017-02-01 00:06:43 | TEMPLOG : WellhouseOne | 048.200
2017-02-01 00:08:45 | TEMPLOG : WellhouseOne | 047.300
2017-02-01 00:09:46 | TEMPLOG : WellhouseOne | 046.400
2017-02-01 00:11:47 | TEMPLOG : WellhouseOne | 045.500
2017-02-01 00:15:52 | TEMPLOG : WellhouseOne | 044.600
2017-02-01 00:16:53 | TEMPLOG : WellhouseOne | 043.700
2017-02-01 00:18:56 | TEMPLOG : WellhouseOne | 073.400
2017-02-01 00:19:58 | TEMPLOG : WellhouseOne | 115.700
2017-02-01 00:20:59 | TEMPLOG : WellhouseOne | 127.400
2017-02-01 00:22:00 | TEMPLOG : WellhouseOne | 110.300
2017-02-01 00:23:01 | TEMPLOG : WellhouseOne | 086.900
2017-02-01 00:24:02 | TEMPLOG : WellhouseOne | 077.000
2017-02-01 00:25:04 | TEMPLOG : WellhouseOne | 068.900
2017-02-01 00:26:06 | TEMPLOG : WellhouseOne | 063.500
2017-02-01 00:27:07 | TEMPLOG : WellhouseOne | 059.900
2017-02-01 00:28:08 | TEMPLOG : WellhouseOne | 057.200
2017-02-01 00:29:09 | TEMPLOG : WellhouseOne | 055.400
2017-02-01 00:29:09 | TEMPLOG : Bio   Filter | 038.300
2017-02-01 00:30:09 | TEMPLOG : WellhouseOne | 053.600
2017-02-01 00:31:11 | TEMPLOG : WellhouseOne | 052.700
2017-02-01 00:31:11 | TEMPLOG : Bio   Filter | 039.200
2017-02-01 00:32:11 | TEMPLOG : WellhouseOne | 050.900
2017-02-01 00:33:13 | TEMPLOG : WellhouseOne | 050.000
2017-02-01 00:33:13 | TEMPLOG : Bio   Filter | 038.300
2017-02-01 00:35:15 | TEMPLOG : WellhouseOne | 048.200
2017-02-01 00:35:16 | TEMPLOG : Table    One | 038.300
2017-02-01 00:37:19 | TEMPLOG : Table    One | 039.200
2017-02-01 00:38:19 | TEMPLOG : WellhouseOne | 047.300
2017-02-01 00:39:20 | TEMPLOG : WellhouseOne | 046.400
2017-02-01 00:40:22 | TEMPLOG : Table    One | 038.300
2017-02-01 00:41:22 | TEMPLOG : WellhouseOne | 045.500
2017-02-01 00:41:23 | TEMPLOG : To   GeoLoop | 047.300
2017-02-01 00:42:24 | TEMPLOG : To   GeoLoop | 048.200
2017-02-01 00:43:24 | TEMPLOG : WellhouseOne | 044.600
2017-02-01 00:44:26 | TEMPLOG : Table    One | 039.200
2017-02-01 00:45:29 | TEMPLOG : Table    One | 038.300
2017-02-01 00:47:31 | TEMPLOG : To   GeoLoop | 047.300
2017-02-01 00:48:32 | TEMPLOG : WellhouseOne | 042.800
2017-02-01 00:49:33 | TEMPLOG : WellhouseOne | 091.400
2017-02-01 00:50:34 | TEMPLOG : WellhouseOne | 119.300
2017-02-01 00:51:36 | TEMPLOG : WellhouseOne | 128.300
2017-02-01 00:52:37 | TEMPLOG : WellhouseOne | 095.900
2017-02-01 00:52:37 | TEMPLOG : To   GeoLoop | 048.200
2017-02-01 00:53:37 | TEMPLOG : WellhouseOne | 081.500
2017-02-01 00:53:38 | TEMPLOG : To   GeoLoop | 047.300
2017-02-01 00:54:39 | TEMPLOG : WellhouseOne | 071.600
2017-02-01 00:54:39 | TEMPLOG : To   GeoLoop | 048.200
2017-02-01 00:55:40 | TEMPLOG : WellhouseOne | 068.000
2017-02-01 00:56:40 | TEMPLOG : WellhouseOne | 063.500
2017-02-01 00:56:41 | TEMPLOG : To   GeoLoop | 047.300
2017-02-01 00:57:42 | TEMPLOG : WellhouseOne | 057.200
2017-02-01 00:58:42 | TEMPLOG : WellhouseOne | 054.500
2017-02-01 00:59:44 | TEMPLOG : WellhouseOne | 052.700
2017-02-01 01:00:45 | TEMPLOG : WellhouseOne | 052.700
2017-02-01 01:00:45 | TEMPLOG : Bio   Filter | 038.300
2017-02-01 01:00:45 | TEMPLOG : To   GeoLoop | 047.300
2017-02-01 01:00:45 | TEMPLOG : Table    One | 039.200
2017-02-01 01:01:46 | TEMPLOG : WellhouseOne | 051.800
2017-02-01 01:02:47 | TEMPLOG : WellhouseOne | 050.000
2017-02-01 01:02:48 | TEMPLOG : Table    One | 038.300
2017-02-01 01:03:48 | TEMPLOG : WellhouseOne | 048.200
2017-02-01 01:03:49 | TEMPLOG : Bio   Filter | 039.200
2017-02-01 01:03:49 | TEMPLOG : To   GeoLoop | 048.200
2017-02-01 01:04:50 | TEMPLOG : Bio   Filter | 038.300
2017-02-01 01:04:50 | TEMPLOG : To   GeoLoop | 047.300
2017-02-01 01:06:52 | TEMPLOG : Table    One | 039.200
2017-02-01 01:07:52 | TEMPLOG : WellhouseOne | 047.300
2017-02-01 01:07:53 | TEMPLOG : To   GeoLoop | 048.200
2017-02-01 01:08:53 | TEMPLOG : To   GeoLoop | 047.300
2017-02-01 01:09:54 | TEMPLOG : WellhouseOne | 046.400
2017-02-01 01:10:55 | TEMPLOG : WellhouseOne | 045.500
2017-02-01 01:10:56 | TEMPLOG : Table    One | 038.300
2017-02-01 01:11:58 | TEMPLOG : Table    One | 039.200
2017-02-01 01:12:58 | TEMPLOG : WellhouseOne | 044.600
2017-02-01 01:12:59 | TEMPLOG : Table    One | 038.300
2017-02-01 01:15:01 | TEMPLOG : WellhouseOne | 043.700
2017-02-01 01:17:04 | TEMPLOG : WellhouseOne | 042.800
2017-02-01 01:18:05 | TEMPLOG : WellhouseOne | 048.200
2017-02-01 01:19:06 | TEMPLOG : WellhouseOne | 109.400
2017-02-01 01:20:07 | TEMPLOG : WellhouseOne | 124.700
2017-02-01 01:21:08 | TEMPLOG : WellhouseOne | 122.900
2017-02-01 01:22:10 | TEMPLOG : WellhouseOne | 087.800
2017-02-01 01:23:11 | TEMPLOG : WellhouseOne | 077.000
2017-02-01 01:24:12 | TEMPLOG : WellhouseOne | 069.800
2017-02-01 01:25:13 | TEMPLOG : WellhouseOne | 063.500
2017-02-01 01:26:14 | TEMPLOG : WellhouseOne | 059.900
2017-02-01 01:27:15 | TEMPLOG : WellhouseOne | 056.300
2017-02-01 01:28:16 | TEMPLOG : WellhouseOne | 053.600
2017-02-01 01:29:18 | TEMPLOG : WellhouseOne | 050.900
2017-02-01 01:30:19 | TEMPLOG : WellhouseOne | 049.100
2017-02-01 01:32:20 | TEMPLOG : WellhouseOne | 047.300
2017-02-01 01:34:24 | TEMPLOG : WellhouseOne | 046.400
2017-02-01 01:35:26 | TEMPLOG : WellhouseOne | 045.500
2017-02-01 01:36:26 | TEMPLOG : WellhouseOne | 044.600
2017-02-01 01:37:27 | TEMPLOG : WellhouseOne | 045.500
2017-02-01 01:38:30 | TEMPLOG : WellhouseOne | 044.600
2017-02-01 01:40:32 | TEMPLOG : WellhouseOne | 042.800
2017-02-01 01:42:35 | TEMPLOG : WellhouseOne | 043.700
2017-02-01 01:45:39 | TEMPLOG : WellhouseOne | 044.600
2017-02-01 01:46:40 | TEMPLOG : WellhouseOne | 042.800
2017-02-01 01:47:41 | TEMPLOG : WellhouseOne | 098.600
2017-02-01 01:48:42 | TEMPLOG : WellhouseOne | 116.600
2017-02-01 01:49:43 | TEMPLOG : WellhouseOne | 126.500
2017-02-01 01:50:44 | TEMPLOG : WellhouseOne | 096.800
2017-02-01 01:51:45 | TEMPLOG : WellhouseOne | 080.600
2017-02-01 01:52:46 | TEMPLOG : WellhouseOne | 072.500
2017-02-01 01:53:47 | TEMPLOG : WellhouseOne | 066.200
2017-02-01 01:54:49 | TEMPLOG : WellhouseOne | 062.600
2017-02-01 01:55:50 | TEMPLOG : WellhouseOne | 059.000
2017-02-01 01:56:51 | TEMPLOG : WellhouseOne | 056.300
2017-02-01 01:57:52 | TEMPLOG : WellhouseOne | 053.600
2017-02-01 01:58:54 | TEMPLOG : WellhouseOne | 051.800
2017-02-01 01:59:55 | TEMPLOG : WellhouseOne | 050.900
2017-02-01 02:00:56 | TEMPLOG : WellhouseOne | 050.000
2017-02-01 02:00:56 | TEMPLOG : Bio   Filter | 038.300
2017-02-01 02:00:57 | TEMPLOG : To   GeoLoop | 047.300
2017-02-01 02:00:57 | TEMPLOG : Table    One | 038.300
2017-02-01 02:01:57 | TEMPLOG : WellhouseOne | 049.100
2017-02-01 02:02:59 | TEMPLOG : WellhouseOne | 048.200
2017-02-01 02:05:01 | TEMPLOG : WellhouseOne | 047.300
2017-02-01 02:07:02 | TEMPLOG : WellhouseOne | 046.400
2017-02-01 02:09:05 | TEMPLOG : WellhouseOne | 045.500
2017-02-01 02:12:10 | TEMPLOG : WellhouseOne | 044.600
2017-02-01 02:16:15 | TEMPLOG : WellhouseOne | 096.800
2017-02-01 02:17:17 | TEMPLOG : WellhouseOne | 116.600
2017-02-01 02:18:18 | TEMPLOG : WellhouseOne | 126.500
2017-02-01 02:19:19 | TEMPLOG : WellhouseOne | 131.000
2017-02-01 02:20:21 | TEMPLOG : WellhouseOne | 089.600
2017-02-01 02:21:21 | TEMPLOG : WellhouseOne | 077.900
2017-02-01 02:22:22 | TEMPLOG : WellhouseOne | 068.900
2017-02-01 02:23:25 | TEMPLOG : WellhouseOne | 064.400
2017-02-01 02:24:26 | TEMPLOG : WellhouseOne | 059.900
2017-02-01 02:25:27 | TEMPLOG : WellhouseOne | 058.100
2017-02-01 02:26:28 | TEMPLOG : WellhouseOne | 055.400
2017-02-01 02:27:30 | TEMPLOG : WellhouseOne | 053.600
2017-02-01 02:28:32 | TEMPLOG : WellhouseOne | 052.700
2017-02-01 02:29:33 | TEMPLOG : WellhouseOne | 051.800
2017-02-01 02:30:35 | TEMPLOG : WellhouseOne | 050.900
2017-02-01 02:31:37 | TEMPLOG : WellhouseOne | 050.000
2017-02-01 02:32:38 | TEMPLOG : WellhouseOne | 049.100
2017-02-01 02:34:41 | TEMPLOG : WellhouseOne | 048.200
2017-02-01 02:36:43 | TEMPLOG : WellhouseOne | 047.300
2017-02-01 02:39:46 | TEMPLOG : WellhouseOne | 046.400
2017-02-01 02:43:52 | TEMPLOG : WellhouseOne | 045.500
2017-02-01 02:45:54 | TEMPLOG : WellhouseOne | 103.100
2017-02-01 02:46:55 | TEMPLOG : WellhouseOne | 123.800
2017-02-01 02:47:55 | TEMPLOG : WellhouseOne | 117.500
2017-02-01 02:48:56 | TEMPLOG : WellhouseOne | 086.000
2017-02-01 02:49:57 | TEMPLOG : WellhouseOne | 076.100
2017-02-01 02:50:59 | TEMPLOG : WellhouseOne | 069.800
2017-02-01 02:52:00 | TEMPLOG : WellhouseOne | 064.400
2017-02-01 02:53:02 | TEMPLOG : WellhouseOne | 060.800
2017-02-01 02:54:03 | TEMPLOG : WellhouseOne | 058.100
2017-02-01 02:54:04 | TEMPLOG : To   GeoLoop | 046.400
2017-02-01 02:55:04 | TEMPLOG : WellhouseOne | 056.300
2017-02-01 02:55:05 | TEMPLOG : To   GeoLoop | 047.300
2017-02-01 02:56:05 | TEMPLOG : WellhouseOne | 054.500
2017-02-01 02:57:06 | TEMPLOG : WellhouseOne | 053.600
2017-02-01 02:58:07 | TEMPLOG : WellhouseOne | 052.700
2017-02-01 02:58:08 | TEMPLOG : To   GeoLoop | 046.400
2017-02-01 02:59:08 | TEMPLOG : WellhouseOne | 051.800
2017-02-01 02:59:09 | TEMPLOG : To   GeoLoop | 047.300
2017-02-01 03:00:09 | TEMPLOG : WellhouseOne | 050.900
2017-02-01 03:00:09 | TEMPLOG : Bio   Filter | 038.300
2017-02-01 03:00:09 | TEMPLOG : To   GeoLoop | 047.300
2017-02-01 03:00:10 | TEMPLOG : Table    One | 038.300
2017-02-01 03:01:10 | TEMPLOG : WellhouseOne | 050.000
2017-02-01 03:01:12 | TEMPLOG : To   GeoLoop | 046.400
2017-02-01 03:03:13 | TEMPLOG : WellhouseOne | 049.100
2017-02-01 03:04:15 | TEMPLOG : WellhouseOne | 048.200
2017-02-01 03:06:18 | TEMPLOG : To   GeoLoop | 047.300
2017-02-01 03:07:19 | TEMPLOG : WellhouseOne | 047.300
2017-02-01 03:07:20 | TEMPLOG : To   GeoLoop | 046.400
2017-02-01 03:10:22 | TEMPLOG : WellhouseOne | 046.400
2017-02-01 03:12:24 | TEMPLOG : WellhouseOne | 045.500
2017-02-01 03:12:24 | TEMPLOG : Bio   Filter | 037.400
2017-02-01 03:14:28 | TEMPLOG : WellhouseOne | 096.800
2017-02-01 03:15:29 | TEMPLOG : WellhouseOne | 117.500
2017-02-01 03:16:30 | TEMPLOG : WellhouseOne | 125.600
2017-02-01 03:16:30 | TEMPLOG : Bio   Filter | 038.300
2017-02-01 03:17:31 | TEMPLOG : WellhouseOne | 123.800
2017-02-01 03:18:32 | TEMPLOG : WellhouseOne | 088.700
2017-02-01 03:18:32 | TEMPLOG : Bio   Filter | 037.400
2017-02-01 03:19:33 | TEMPLOG : WellhouseOne | 077.900
2017-02-01 03:19:33 | TEMPLOG : Bio   Filter | 038.300
2017-02-01 03:20:34 | TEMPLOG : WellhouseOne | 070.700
2017-02-01 03:21:35 | TEMPLOG : WellhouseOne | 067.100
2017-02-01 03:22:37 | TEMPLOG : WellhouseOne | 062.600
2017-02-01 03:23:38 | TEMPLOG : WellhouseOne | 060.800
2017-02-01 03:24:39 | TEMPLOG : WellhouseOne | 058.100
2017-02-01 03:25:40 | TEMPLOG : WellhouseOne | 057.200
2017-02-01 03:26:41 | TEMPLOG : WellhouseOne | 055.400
2017-02-01 03:27:43 | TEMPLOG : WellhouseOne | 054.500
2017-02-01 03:28:44 | TEMPLOG : WellhouseOne | 053.600
2017-02-01 03:29:46 | TEMPLOG : WellhouseOne | 052.700
2017-02-01 03:30:46 | TEMPLOG : WellhouseOne | 051.800
2017-02-01 03:32:49 | TEMPLOG : WellhouseOne | 050.900
2017-02-01 03:33:50 | TEMPLOG : WellhouseOne | 050.000
2017-02-01 03:37:54 | TEMPLOG : WellhouseOne | 049.100
2017-02-01 03:40:58 | TEMPLOG : WellhouseOne | 048.200
2017-02-01 03:46:08 | TEMPLOG : WellhouseOne | 104.000
2017-02-01 03:47:10 | TEMPLOG : WellhouseOne | 122.000
2017-02-01 03:48:10 | TEMPLOG : WellhouseOne | 104.000
2017-02-01 03:49:12 | TEMPLOG : WellhouseOne | 081.500
2017-02-01 03:50:14 | TEMPLOG : WellhouseOne | 073.400
2017-02-01 03:51:15 | TEMPLOG : WellhouseOne | 067.100
2017-02-01 03:51:15 | TEMPLOG : Bio   Filter | 037.400
2017-02-01 03:52:16 | TEMPLOG : WellhouseOne | 064.400
2017-02-01 03:52:16 | TEMPLOG : Bio   Filter | 038.300
2017-02-01 03:53:17 | TEMPLOG : WellhouseOne | 060.800
2017-02-01 03:54:18 | TEMPLOG : WellhouseOne | 058.100
2017-02-01 03:55:20 | TEMPLOG : WellhouseOne | 056.300
2017-02-01 03:55:21 | TEMPLOG : Bio   Filter | 037.400
2017-02-01 03:56:21 | TEMPLOG : WellhouseOne | 055.400
2017-02-01 03:56:22 | TEMPLOG : Table    One | 037.400
2017-02-01 03:57:23 | TEMPLOG : WellhouseOne | 053.600
2017-02-01 03:57:23 | TEMPLOG : Bio   Filter | 038.300
2017-02-01 03:58:24 | TEMPLOG : WellhouseOne | 052.700
2017-02-01 03:58:25 | TEMPLOG : Bio   Filter | 037.400
2017-02-01 04:00:26 | TEMPLOG : WellhouseOne | 051.800
2017-02-01 04:00:27 | TEMPLOG : Bio   Filter | 037.400
2017-02-01 04:00:28 | TEMPLOG : To   GeoLoop | 046.400
2017-02-01 04:00:29 | TEMPLOG : Table    One | 037.400
2017-02-01 04:01:30 | TEMPLOG : WellhouseOne | 050.900
2017-02-01 04:02:32 | TEMPLOG : Bio   Filter | 038.300
2017-02-01 04:03:32 | TEMPLOG : WellhouseOne | 050.000
2017-02-01 04:03:33 | TEMPLOG : Bio   Filter | 037.400
2017-02-01 04:05:34 | TEMPLOG : WellhouseOne | 049.100
2017-02-01 04:09:39 | TEMPLOG : WellhouseOne | 048.200
2017-02-01 04:12:45 | TEMPLOG : WellhouseOne | 047.300
2017-02-01 04:15:49 | TEMPLOG : WellhouseOne | 099.500
2017-02-01 04:15:49 | TEMPLOG : Table    One | 038.300
2017-02-01 04:16:50 | TEMPLOG : WellhouseOne | 119.300
2017-02-01 04:16:50 | TEMPLOG : Table    One | 037.400
2017-02-01 04:17:51 | TEMPLOG : WellhouseOne | 127.400
2017-02-01 04:18:52 | TEMPLOG : WellhouseOne | 094.100
2017-02-01 04:19:54 | TEMPLOG : WellhouseOne | 080.600
2017-02-01 04:20:55 | TEMPLOG : WellhouseOne | 072.500
2017-02-01 04:21:56 | TEMPLOG : WellhouseOne | 067.100
2017-02-01 04:22:58 | TEMPLOG : WellhouseOne | 062.600
2017-02-01 04:23:59 | TEMPLOG : WellhouseOne | 059.900
2017-02-01 04:25:00 | TEMPLOG : WellhouseOne | 057.200
2017-02-01 04:26:01 | TEMPLOG : WellhouseOne | 055.400
2017-02-01 04:27:02 | TEMPLOG : WellhouseOne | 054.500
2017-02-01 04:28:03 | TEMPLOG : WellhouseOne | 053.600
2017-02-01 04:29:05 | TEMPLOG : WellhouseOne | 052.700
2017-02-01 04:30:07 | TEMPLOG : WellhouseOne | 051.800
2017-02-01 04:31:10 | TEMPLOG : WellhouseOne | 050.900
2017-02-01 04:32:11 | TEMPLOG : WellhouseOne | 050.000
2017-02-01 04:34:14 | TEMPLOG : WellhouseOne | 049.100
2017-02-01 04:36:16 | TEMPLOG : WellhouseOne | 048.200
2017-02-01 04:40:21 | TEMPLOG : WellhouseOne | 047.300
2017-02-01 04:44:26 | TEMPLOG : WellhouseOne | 093.200
2017-02-01 04:45:28 | TEMPLOG : WellhouseOne | 118.400
2017-02-01 04:46:30 | TEMPLOG : WellhouseOne | 128.300
2017-02-01 04:47:31 | TEMPLOG : WellhouseOne | 095.000
2017-02-01 04:48:32 | TEMPLOG : WellhouseOne | 080.600
2017-02-01 04:49:34 | TEMPLOG : WellhouseOne | 071.600
2017-02-01 04:50:35 | TEMPLOG : WellhouseOne | 067.100
2017-02-01 04:51:36 | TEMPLOG : WellhouseOne | 062.600
2017-02-01 04:52:38 | TEMPLOG : WellhouseOne | 059.900
2017-02-01 04:53:39 | TEMPLOG : WellhouseOne | 057.200
2017-02-01 04:54:41 | TEMPLOG : WellhouseOne | 055.400
2017-02-01 04:55:42 | TEMPLOG : WellhouseOne | 054.500
2017-02-01 04:56:43 | TEMPLOG : WellhouseOne | 053.600
2017-02-01 04:57:45 | TEMPLOG : WellhouseOne | 052.700
2017-02-01 04:58:46 | TEMPLOG : WellhouseOne | 051.800
2017-02-01 04:59:47 | TEMPLOG : WellhouseOne | 050.900
2017-02-01 05:00:48 | TEMPLOG : WellhouseOne | 050.900
2017-02-01 05:00:48 | TEMPLOG : Bio   Filter | 037.400
2017-02-01 05:00:49 | TEMPLOG : To   GeoLoop | 046.400
2017-02-01 05:00:49 | TEMPLOG : Table    One | 037.400
2017-02-01 05:01:49 | TEMPLOG : WellhouseOne | 050.000
2017-02-01 05:02:50 | TEMPLOG : WellhouseOne | 049.100
2017-02-01 05:05:53 | TEMPLOG : WellhouseOne | 048.200
2017-02-01 05:08:57 | TEMPLOG : WellhouseOne | 047.300
2017-02-01 05:12:00 | TEMPLOG : WellhouseOne | 046.400
2017-02-01 05:12:00 | TEMPLOG : To   GeoLoop | 045.500
2017-02-01 05:13:01 | TEMPLOG : WellhouseOne | 063.500
2017-02-01 05:14:03 | TEMPLOG : WellhouseOne | 105.800
2017-02-01 05:14:03 | TEMPLOG : To   GeoLoop | 046.400
2017-02-01 05:15:04 | TEMPLOG : WellhouseOne | 119.300
2017-02-01 05:15:04 | TEMPLOG : To   GeoLoop | 045.500
2017-02-01 05:16:05 | TEMPLOG : WellhouseOne | 129.200
2017-02-01 05:17:06 | TEMPLOG : WellhouseOne | 096.800
2017-02-01 05:18:08 | TEMPLOG : WellhouseOne | 083.300
2017-02-01 05:19:08 | TEMPLOG : WellhouseOne | 075.200
2017-02-01 05:20:10 | TEMPLOG : WellhouseOne | 069.800
2017-02-01 05:21:11 | TEMPLOG : WellhouseOne | 064.400
2017-02-01 05:22:11 | TEMPLOG : WellhouseOne | 060.800
2017-02-01 05:23:12 | TEMPLOG : WellhouseOne | 058.100
2017-02-01 05:24:13 | TEMPLOG : WellhouseOne | 057.200
2017-02-01 05:25:14 | TEMPLOG : WellhouseOne | 055.400
2017-02-01 05:26:16 | TEMPLOG : WellhouseOne | 054.500
2017-02-01 05:27:18 | TEMPLOG : WellhouseOne | 053.600
2017-02-01 05:28:19 | TEMPLOG : WellhouseOne | 052.700
2017-02-01 05:29:19 | TEMPLOG : WellhouseOne | 051.800
2017-02-01 05:31:22 | TEMPLOG : WellhouseOne | 050.900
2017-02-01 05:32:24 | TEMPLOG : WellhouseOne | 050.000
2017-02-01 05:34:27 | TEMPLOG : WellhouseOne | 049.100
2017-02-01 05:37:30 | TEMPLOG : WellhouseOne | 048.200
2017-02-01 05:39:33 | TEMPLOG : WellhouseOne | 047.300
2017-02-01 05:39:34 | TEMPLOG : Bio   Filter | 036.500
2017-02-01 05:40:35 | TEMPLOG : Bio   Filter | 037.400
2017-02-01 05:41:36 | TEMPLOG : WellhouseOne | 046.400
2017-02-01 05:43:38 | TEMPLOG : WellhouseOne | 101.300
2017-02-01 05:44:39 | TEMPLOG : WellhouseOne | 118.400
2017-02-01 05:45:40 | TEMPLOG : WellhouseOne | 123.800
2017-02-01 05:46:41 | TEMPLOG : WellhouseOne | 115.700
2017-02-01 05:47:42 | TEMPLOG : WellhouseOne | 088.700
2017-02-01 05:48:43 | TEMPLOG : WellhouseOne | 077.900
2017-02-01 05:49:44 | TEMPLOG : WellhouseOne | 071.600
2017-02-01 05:49:45 | TEMPLOG : Bio   Filter | 036.500
2017-02-01 05:50:46 | TEMPLOG : WellhouseOne | 066.200
2017-02-01 05:50:46 | TEMPLOG : Bio   Filter | 037.400
2017-02-01 05:51:47 | TEMPLOG : WellhouseOne | 062.600
2017-02-01 05:51:47 | TEMPLOG : Bio   Filter | 036.500
2017-02-01 05:52:48 | TEMPLOG : WellhouseOne | 059.900
2017-02-01 05:53:49 | TEMPLOG : WellhouseOne | 057.200
2017-02-01 05:54:50 | TEMPLOG : WellhouseOne | 056.300
2017-02-01 05:55:51 | TEMPLOG : WellhouseOne | 055.400
2017-02-01 05:56:51 | TEMPLOG : WellhouseOne | 053.600
2017-02-01 05:56:51 | TEMPLOG : Bio   Filter | 037.400
2017-02-01 05:57:52 | TEMPLOG : WellhouseOne | 052.700
2017-02-01 05:58:55 | TEMPLOG : WellhouseOne | 051.800
2017-02-01 05:58:55 | TEMPLOG : Bio   Filter | 036.500
2017-02-01 05:59:55 | TEMPLOG : WellhouseOne | 050.900
2017-02-01 05:59:55 | TEMPLOG : Bio   Filter | 037.400
2017-02-01 06:00:56 | TEMPLOG : WellhouseOne | 050.900
2017-02-01 06:00:56 | TEMPLOG : Bio   Filter | 037.400
2017-02-01 06:00:57 | TEMPLOG : To   GeoLoop | 045.500
2017-02-01 06:00:57 | TEMPLOG : Table    One | 037.400
2017-02-01 06:01:57 | TEMPLOG : WellhouseOne | 050.000
2017-02-01 06:04:00 | TEMPLOG : WellhouseOne | 049.100
2017-02-01 06:06:02 | TEMPLOG : WellhouseOne | 048.200
2017-02-01 06:08:06 | TEMPLOG : WellhouseOne | 047.300
2017-02-01 06:12:10 | TEMPLOG : WellhouseOne | 046.400
2017-02-01 06:13:11 | TEMPLOG : WellhouseOne | 098.600
2017-02-01 06:14:12 | TEMPLOG : WellhouseOne | 120.200
2017-02-01 06:14:12 | TEMPLOG : Bio   Filter | 036.500
2017-02-01 06:15:13 | TEMPLOG : WellhouseOne | 130.100
2017-02-01 06:16:14 | TEMPLOG : WellhouseOne | 097.700
2017-02-01 06:16:14 | TEMPLOG : Bio   Filter | 037.400
2017-02-01 06:17:15 | TEMPLOG : WellhouseOne | 081.500
2017-02-01 06:18:16 | TEMPLOG : WellhouseOne | 073.400
2017-02-01 06:19:17 | TEMPLOG : WellhouseOne | 068.000
2017-02-01 06:20:18 | TEMPLOG : WellhouseOne | 064.400
2017-02-01 06:21:20 | TEMPLOG : WellhouseOne | 061.700
2017-02-01 06:22:21 | TEMPLOG : WellhouseOne | 059.000
2017-02-01 06:23:22 | TEMPLOG : WellhouseOne | 057.200
2017-02-01 06:24:22 | TEMPLOG : WellhouseOne | 055.400
2017-02-01 06:25:23 | TEMPLOG : WellhouseOne | 053.600
2017-02-01 06:27:25 | TEMPLOG : WellhouseOne | 052.700
2017-02-01 06:28:26 | TEMPLOG : WellhouseOne | 051.800
2017-02-01 06:29:27 | TEMPLOG : WellhouseOne | 050.900
2017-02-01 06:31:30 | TEMPLOG : WellhouseOne | 050.000
2017-02-01 06:32:31 | TEMPLOG : WellhouseOne | 049.100
2017-02-01 06:35:35 | TEMPLOG : WellhouseOne | 048.200
2017-02-01 06:37:38 | TEMPLOG : WellhouseOne | 047.300
2017-02-01 06:42:43 | TEMPLOG : WellhouseOne | 098.600
2017-02-01 06:43:45 | TEMPLOG : WellhouseOne | 115.700
2017-02-01 06:44:47 | TEMPLOG : WellhouseOne | 125.600
2017-02-01 06:45:47 | TEMPLOG : WellhouseOne | 131.000
2017-02-01 06:46:48 | TEMPLOG : WellhouseOne | 091.400
2017-02-01 06:47:49 | TEMPLOG : WellhouseOne | 079.700
2017-02-01 06:48:51 | TEMPLOG : WellhouseOne | 072.500
2017-02-01 06:49:52 | TEMPLOG : WellhouseOne | 067.100
2017-02-01 06:50:54 | TEMPLOG : WellhouseOne | 063.500
2017-02-01 06:51:55 | TEMPLOG : WellhouseOne | 059.900
2017-02-01 06:52:57 | TEMPLOG : WellhouseOne | 058.100
2017-02-01 06:53:58 | TEMPLOG : WellhouseOne | 056.300
2017-02-01 06:53:58 | TEMPLOG : Bio   Filter | 036.500
2017-02-01 06:54:59 | TEMPLOG : WellhouseOne | 055.400
2017-02-01 06:56:00 | TEMPLOG : WellhouseOne | 053.600
2017-02-01 06:57:01 | TEMPLOG : WellhouseOne | 052.700
2017-02-01 06:57:01 | TEMPLOG : Bio   Filter | 037.400
2017-02-01 06:58:02 | TEMPLOG : WellhouseOne | 051.800
2017-02-01 06:59:04 | TEMPLOG : WellhouseOne | 050.900
2017-02-01 07:00:05 | TEMPLOG : WellhouseOne | 050.900
2017-02-01 07:00:05 | TEMPLOG : Bio   Filter | 037.400
2017-02-01 07:00:05 | TEMPLOG : To   GeoLoop | 045.500
2017-02-01 07:00:05 | TEMPLOG : Table    One | 037.400
2017-02-01 07:01:06 | TEMPLOG : WellhouseOne | 050.000
2017-02-01 07:01:07 | TEMPLOG : Bio   Filter | 036.500
2017-02-01 07:02:07 | TEMPLOG : WellhouseOne | 049.100
2017-02-01 07:05:12 | TEMPLOG : WellhouseOne | 048.200
2017-02-01 07:07:15 | TEMPLOG : WellhouseOne | 047.300
2017-02-01 07:10:18 | TEMPLOG : WellhouseOne | 046.400
2017-02-01 07:12:21 | TEMPLOG : WellhouseOne | 085.100
2017-02-01 07:13:22 | TEMPLOG : WellhouseOne | 111.200
2017-02-01 07:14:23 | TEMPLOG : WellhouseOne | 122.900
2017-02-01 07:15:24 | TEMPLOG : WellhouseOne | 129.200
2017-02-01 07:16:26 | TEMPLOG : WellhouseOne | 097.700
2017-02-01 07:17:27 | TEMPLOG : WellhouseOne | 080.600
2017-02-01 07:18:28 | TEMPLOG : WellhouseOne | 073.400
2017-02-01 07:19:28 | TEMPLOG : WellhouseOne | 067.100
2017-02-01 07:20:30 | TEMPLOG : WellhouseOne | 062.600
2017-02-01 07:21:31 | TEMPLOG : WellhouseOne | 059.900
2017-02-01 07:22:32 | TEMPLOG : WellhouseOne | 057.200
2017-02-01 07:23:33 | TEMPLOG : WellhouseOne | 055.400
2017-02-01 07:24:35 | TEMPLOG : WellhouseOne | 053.600
2017-02-01 07:25:36 | TEMPLOG : WellhouseOne | 052.700
2017-02-01 07:26:37 | TEMPLOG : WellhouseOne | 051.800
2017-02-01 07:27:38 | TEMPLOG : WellhouseOne | 050.900
2017-02-01 07:28:40 | TEMPLOG : WellhouseOne | 050.000
2017-02-01 07:28:41 | TEMPLOG : Bio   Filter | 037.400
2017-02-01 07:30:43 | TEMPLOG : WellhouseOne | 049.100
2017-02-01 07:32:46 | TEMPLOG : WellhouseOne | 048.200
2017-02-01 07:32:46 | TEMPLOG : Bio   Filter | 036.500
2017-02-01 07:33:47 | TEMPLOG : WellhouseOne | 047.300
2017-02-01 07:34:49 | TEMPLOG : Bio   Filter | 037.400
2017-02-01 07:36:51 | TEMPLOG : WellhouseOne | 046.400
2017-02-01 07:38:54 | TEMPLOG : WellhouseOne | 045.500
2017-02-01 07:41:57 | TEMPLOG : WellhouseOne | 093.200
2017-02-01 07:42:58 | TEMPLOG : WellhouseOne | 112.100
2017-02-01 07:43:59 | TEMPLOG : WellhouseOne | 121.100
2017-02-01 07:45:00 | TEMPLOG : WellhouseOne | 128.300
2017-02-01 07:46:01 | TEMPLOG : WellhouseOne | 110.300
2017-02-01 07:47:02 | TEMPLOG : WellhouseOne | 086.000
2017-02-01 07:48:05 | TEMPLOG : WellhouseOne | 075.200
2017-02-01 07:49:06 | TEMPLOG : WellhouseOne | 068.900
2017-02-01 07:50:07 | TEMPLOG : WellhouseOne | 064.400
2017-02-01 07:51:09 | TEMPLOG : WellhouseOne | 060.800
2017-02-01 07:52:12 | TEMPLOG : WellhouseOne | 058.100
2017-02-01 07:53:12 | TEMPLOG : WellhouseOne | 056.300
2017-02-01 07:54:14 | TEMPLOG : WellhouseOne | 054.500
2017-02-01 07:55:14 | TEMPLOG : WellhouseOne | 053.600
2017-02-01 07:56:15 | TEMPLOG : WellhouseOne | 052.700
2017-02-01 07:57:16 | TEMPLOG : WellhouseOne | 050.900
2017-02-01 07:58:18 | TEMPLOG : WellhouseOne | 050.000
2017-02-01 08:00:19 | TEMPLOG : WellhouseOne | 049.100
2017-02-01 08:00:20 | TEMPLOG : Bio   Filter | 037.400
2017-02-01 08:00:21 | TEMPLOG : To   GeoLoop | 045.500
2017-02-01 08:00:21 | TEMPLOG : Table    One | 037.400
2017-02-01 08:01:21 | TEMPLOG : WellhouseOne | 048.200
2017-02-01 08:05:27 | TEMPLOG : WellhouseOne | 047.300
2017-02-01 08:08:29 | TEMPLOG : WellhouseOne | 046.400
2017-02-01 08:12:34 | TEMPLOG : WellhouseOne | 103.100
2017-02-01 08:13:36 | TEMPLOG : WellhouseOne | 118.400
2017-02-01 08:14:37 | TEMPLOG : WellhouseOne | 125.600
2017-02-01 08:15:39 | TEMPLOG : WellhouseOne | 132.800
2017-02-01 08:15:40 | TEMPLOG : Table    One | 038.300
2017-02-01 08:16:40 | TEMPLOG : WellhouseOne | 091.400
2017-02-01 08:17:41 | TEMPLOG : WellhouseOne | 076.100
2017-02-01 08:17:42 | TEMPLOG : Table    One | 037.400
2017-02-01 08:18:42 | TEMPLOG : WellhouseOne | 072.500
2017-02-01 08:19:43 | TEMPLOG : WellhouseOne | 067.100
2017-02-01 08:20:44 | TEMPLOG : WellhouseOne | 061.700
2017-02-01 08:21:46 | TEMPLOG : WellhouseOne | 059.000
2017-02-01 08:22:46 | TEMPLOG : WellhouseOne | 056.300
2017-02-01 08:23:48 | TEMPLOG : WellhouseOne | 054.500
2017-02-01 08:24:50 | TEMPLOG : WellhouseOne | 053.600
2017-02-01 08:25:51 | TEMPLOG : WellhouseOne | 052.700
2017-02-01 08:26:53 | TEMPLOG : WellhouseOne | 050.900
2017-02-01 08:28:56 | TEMPLOG : WellhouseOne | 050.000
2017-02-01 08:29:58 | TEMPLOG : WellhouseOne | 049.100
2017-02-01 08:32:01 | TEMPLOG : WellhouseOne | 048.200
2017-02-01 08:33:04 | TEMPLOG : Table    One | 038.300
2017-02-01 08:34:04 | TEMPLOG : WellhouseOne | 047.300
2017-02-01 08:35:05 | TEMPLOG : WellhouseOne | 046.400
2017-02-01 08:37:08 | TEMPLOG : WellhouseOne | 045.500
2017-02-01 08:38:09 | TEMPLOG : WellhouseOne | 046.400
2017-02-01 08:38:10 | TEMPLOG : Bio   Filter | 038.300
2017-02-01 08:39:11 | TEMPLOG : WellhouseOne | 045.500
2017-02-01 08:40:14 | TEMPLOG : Table    One | 037.400
2017-02-01 08:42:16 | TEMPLOG : WellhouseOne | 101.300
2017-02-01 08:43:18 | TEMPLOG : WellhouseOne | 117.500
2017-02-01 08:43:18 | TEMPLOG : Bio   Filter | 037.400
2017-02-01 08:44:19 | TEMPLOG : WellhouseOne | 124.700
2017-02-01 08:45:21 | TEMPLOG : WellhouseOne | 130.100
2017-02-01 08:46:23 | TEMPLOG : WellhouseOne | 089.600
2017-02-01 08:47:24 | TEMPLOG : WellhouseOne | 077.000
2017-02-01 08:48:25 | TEMPLOG : WellhouseOne | 069.800
2017-02-01 08:49:26 | TEMPLOG : WellhouseOne | 064.400
2017-02-01 08:50:28 | TEMPLOG : WellhouseOne | 060.800
2017-02-01 08:50:28 | TEMPLOG : Bio   Filter | 038.300
2017-02-01 08:51:29 | TEMPLOG : WellhouseOne | 058.100
2017-02-01 08:52:30 | TEMPLOG : WellhouseOne | 056.300
2017-02-01 08:52:31 | TEMPLOG : Table    One | 038.300
2017-02-01 08:53:31 | TEMPLOG : WellhouseOne | 053.600
2017-02-01 08:53:32 | TEMPLOG : Table    One | 037.400
2017-02-01 08:54:32 | TEMPLOG : WellhouseOne | 052.700
2017-02-01 08:55:33 | TEMPLOG : WellhouseOne | 051.800
2017-02-01 08:56:34 | TEMPLOG : WellhouseOne | 050.900
2017-02-01 08:57:36 | TEMPLOG : WellhouseOne | 050.000
2017-02-01 08:57:36 | TEMPLOG : Bio   Filter | 037.400
2017-02-01 08:58:37 | TEMPLOG : WellhouseOne | 049.100
2017-02-01 08:58:37 | TEMPLOG : Bio   Filter | 038.300
2017-02-01 08:58:39 | TEMPLOG : Table    One | 038.300
2017-02-01 08:59:39 | TEMPLOG : WellhouseOne | 048.200
2017-02-01 09:00:39 | TEMPLOG : WellhouseOne | 048.200
2017-02-01 09:00:40 | TEMPLOG : Bio   Filter | 038.300
2017-02-01 09:00:40 | TEMPLOG : To   GeoLoop | 045.500
2017-02-01 09:00:41 | TEMPLOG : Table    One | 037.400
2017-02-01 09:02:43 | TEMPLOG : WellhouseOne | 047.300
2017-02-01 09:04:45 | TEMPLOG : WellhouseOne | 046.400
2017-02-01 09:06:48 | TEMPLOG : Table    One | 038.300
2017-02-01 09:07:48 | TEMPLOG : WellhouseOne | 045.500
2017-02-01 09:09:51 | TEMPLOG : WellhouseOne | 044.600
2017-02-01 09:10:52 | TEMPLOG : WellhouseOne | 092.300
2017-02-01 09:11:54 | TEMPLOG : WellhouseOne | 113.000
2017-02-01 09:12:55 | TEMPLOG : WellhouseOne | 122.000
2017-02-01 09:12:55 | TEMPLOG : Bio   Filter | 039.200
2017-02-01 09:13:56 | TEMPLOG : WellhouseOne | 128.300
2017-02-01 09:14:57 | TEMPLOG : WellhouseOne | 094.100
2017-02-01 09:15:58 | TEMPLOG : WellhouseOne | 080.600
2017-02-01 09:16:59 | TEMPLOG : WellhouseOne | 071.600
2017-02-01 09:18:00 | TEMPLOG : WellhouseOne | 064.400
2017-02-01 09:19:01 | TEMPLOG : WellhouseOne | 060.800
2017-02-01 09:20:03 | TEMPLOG : WellhouseOne | 059.000
2017-02-01 09:21:04 | TEMPLOG : WellhouseOne | 055.400
2017-02-01 09:21:04 | TEMPLOG : Bio   Filter | 038.300
2017-02-01 09:22:06 | TEMPLOG : WellhouseOne | 053.600
2017-02-01 09:23:07 | TEMPLOG : WellhouseOne | 052.700
2017-02-01 09:24:08 | TEMPLOG : WellhouseOne | 051.800
2017-02-01 09:25:10 | TEMPLOG : WellhouseOne | 050.900
2017-02-01 09:26:11 | TEMPLOG : WellhouseOne | 050.000
2017-02-01 09:27:11 | TEMPLOG : WellhouseOne | 049.100
2017-02-01 09:28:14 | TEMPLOG : WellhouseOne | 048.200
2017-02-01 09:30:16 | TEMPLOG : WellhouseOne | 047.300
2017-02-01 09:32:18 | TEMPLOG : WellhouseOne | 046.400
2017-02-01 09:34:20 | TEMPLOG : Bio   Filter | 039.200
2017-02-01 09:35:22 | TEMPLOG : Bio   Filter | 038.300
2017-02-01 09:36:23 | TEMPLOG : WellhouseOne | 045.500
2017-02-01 09:38:25 | TEMPLOG : WellhouseOne | 044.600
2017-02-01 09:39:26 | TEMPLOG : WellhouseOne | 087.800
2017-02-01 09:40:27 | TEMPLOG : WellhouseOne | 114.800
2017-02-01 09:41:29 | TEMPLOG : WellhouseOne | 125.600
2017-02-01 09:42:31 | TEMPLOG : WellhouseOne | 117.500
2017-02-01 09:43:32 | TEMPLOG : WellhouseOne | 088.700
2017-02-01 09:44:35 | TEMPLOG : WellhouseOne | 077.000
2017-02-01 09:45:36 | TEMPLOG : WellhouseOne | 067.100
2017-02-01 09:46:38 | TEMPLOG : WellhouseOne | 062.600
2017-02-01 09:47:39 | TEMPLOG : WellhouseOne | 058.100
2017-02-01 09:47:39 | TEMPLOG : Bio   Filter | 039.200
2017-02-01 09:48:40 | TEMPLOG : WellhouseOne | 056.300
2017-02-01 09:48:40 | TEMPLOG : Bio   Filter | 038.300
2017-02-01 09:49:41 | TEMPLOG : WellhouseOne | 054.500
2017-02-01 09:50:42 | TEMPLOG : WellhouseOne | 052.700
2017-02-01 09:50:42 | TEMPLOG : Bio   Filter | 039.200
2017-02-01 09:51:43 | TEMPLOG : WellhouseOne | 051.800
2017-02-01 09:52:44 | TEMPLOG : WellhouseOne | 050.000
2017-02-01 09:52:45 | TEMPLOG : Table    One | 039.200
2017-02-01 09:54:47 | TEMPLOG : WellhouseOne | 049.100
2017-02-01 09:55:47 | TEMPLOG : WellhouseOne | 048.200
2017-02-01 09:57:49 | TEMPLOG : WellhouseOne | 047.300
2017-02-01 10:00:52 | TEMPLOG : WellhouseOne | 046.400
2017-02-01 10:00:52 | TEMPLOG : Bio   Filter | 039.200
2017-02-01 10:00:53 | TEMPLOG : To   GeoLoop | 045.500
2017-02-01 10:00:53 | TEMPLOG : Table    One | 039.200
2017-02-01 10:02:55 | TEMPLOG : WellhouseOne | 045.500
2017-02-01 10:04:57 | TEMPLOG : WellhouseOne | 044.600
2017-02-01 10:04:57 | TEMPLOG : Bio   Filter | 040.100
2017-02-01 10:06:59 | TEMPLOG : WellhouseOne | 075.200
2017-02-01 10:08:00 | TEMPLOG : WellhouseOne | 110.300
2017-02-01 10:09:01 | TEMPLOG : WellhouseOne | 122.000
2017-02-01 10:10:02 | TEMPLOG : WellhouseOne | 126.500
2017-02-01 10:11:03 | TEMPLOG : WellhouseOne | 104.000
2017-02-01 10:12:04 | TEMPLOG : WellhouseOne | 082.400
2017-02-01 10:13:05 | TEMPLOG : WellhouseOne | 071.600
2017-02-01 10:14:07 | TEMPLOG : WellhouseOne | 067.100
2017-02-01 10:15:08 | TEMPLOG : WellhouseOne | 062.600
2017-02-01 10:15:09 | TEMPLOG : Table    One | 040.100
2017-02-01 10:16:09 | TEMPLOG : WellhouseOne | 059.000
2017-02-01 10:17:10 | TEMPLOG : WellhouseOne | 056.300
2017-02-01 10:18:11 | TEMPLOG : WellhouseOne | 054.500
2017-02-01 10:19:12 | TEMPLOG : WellhouseOne | 052.700
2017-02-01 10:20:13 | TEMPLOG : WellhouseOne | 051.800
2017-02-01 10:21:14 | TEMPLOG : WellhouseOne | 050.900
2017-02-01 10:22:15 | TEMPLOG : WellhouseOne | 050.000
2017-02-01 10:24:17 | TEMPLOG : WellhouseOne | 049.100
2017-02-01 10:24:19 | TEMPLOG : Table    One | 039.200
2017-02-01 10:25:19 | TEMPLOG : WellhouseOne | 048.200
2017-02-01 10:27:22 | TEMPLOG : WellhouseOne | 047.300
2017-02-01 10:28:23 | TEMPLOG : WellhouseOne | 046.400
2017-02-01 10:31:26 | TEMPLOG : WellhouseOne | 045.500
2017-02-01 10:32:27 | TEMPLOG : Bio   Filter | 039.200
2017-02-01 10:33:28 | TEMPLOG : Table    One | 040.100
2017-02-01 10:34:29 | TEMPLOG : WellhouseOne | 044.600
2017-02-01 10:34:29 | TEMPLOG : Bio   Filter | 040.100
2017-02-01 10:34:29 | TEMPLOG : Table    One | 039.200
2017-02-01 10:35:30 | TEMPLOG : Bio   Filter | 039.200
2017-02-01 10:36:30 | TEMPLOG : WellhouseOne | 099.500
2017-02-01 10:36:31 | TEMPLOG : Bio   Filter | 040.100
2017-02-01 10:37:32 | TEMPLOG : WellhouseOne | 119.300
2017-02-01 10:37:34 | TEMPLOG : Table    One | 040.100
2017-02-01 10:38:34 | TEMPLOG : WellhouseOne | 127.400
2017-02-01 10:39:35 | TEMPLOG : WellhouseOne | 103.100
2017-02-01 10:40:36 | TEMPLOG : WellhouseOne | 080.600
2017-02-01 10:41:36 | TEMPLOG : WellhouseOne | 072.500
2017-02-01 10:42:37 | TEMPLOG : WellhouseOne | 065.300
2017-02-01 10:43:39 | TEMPLOG : WellhouseOne | 060.800
2017-02-01 10:44:40 | TEMPLOG : WellhouseOne | 058.100
2017-02-01 10:45:41 | TEMPLOG : WellhouseOne | 055.400
2017-02-01 10:46:41 | TEMPLOG : WellhouseOne | 053.600
2017-02-01 10:46:41 | TEMPLOG : Bio   Filter | 041.000
2017-02-01 10:47:42 | TEMPLOG : WellhouseOne | 052.700
2017-02-01 10:48:43 | TEMPLOG : WellhouseOne | 051.800
2017-02-01 10:49:45 | TEMPLOG : WellhouseOne | 050.900
2017-02-01 10:50:45 | TEMPLOG : WellhouseOne | 050.000
2017-02-01 10:51:46 | TEMPLOG : WellhouseOne | 049.100
2017-02-01 10:52:47 | TEMPLOG : WellhouseOne | 048.200
2017-02-01 10:54:49 | TEMPLOG : WellhouseOne | 047.300
2017-02-01 10:56:52 | TEMPLOG : WellhouseOne | 046.400
2017-02-01 10:56:52 | TEMPLOG : Table    One | 041.000
2017-02-01 10:57:53 | TEMPLOG : Table    One | 040.100
2017-02-01 10:58:53 | TEMPLOG : WellhouseOne | 045.500
2017-02-01 11:00:57 | TEMPLOG : WellhouseOne | 045.500
2017-02-01 11:00:57 | TEMPLOG : Bio   Filter | 041.000
2017-02-01 11:00:58 | TEMPLOG : To   GeoLoop | 045.500
2017-02-01 11:00:58 | TEMPLOG : Table    One | 041.000
2017-02-01 11:01:58 | TEMPLOG : WellhouseOne | 044.600
2017-02-01 11:03:00 | TEMPLOG : Table    One | 040.100
2017-02-01 11:04:00 | TEMPLOG : WellhouseOne | 077.000
2017-02-01 11:04:01 | TEMPLOG : Table    One | 041.000
2017-02-01 11:05:01 | TEMPLOG : WellhouseOne | 111.200
2017-02-01 11:05:02 | TEMPLOG : Table    One | 040.100
2017-02-01 11:06:02 | TEMPLOG : WellhouseOne | 123.800
2017-02-01 11:07:04 | TEMPLOG : WellhouseOne | 130.100
2017-02-01 11:07:06 | TEMPLOG : Table    One | 041.000
2017-02-01 11:08:06 | TEMPLOG : WellhouseOne | 090.500
2017-02-01 11:08:07 | TEMPLOG : Table    One | 040.100
2017-02-01 11:09:08 | TEMPLOG : WellhouseOne | 077.000
2017-02-01 11:09:09 | TEMPLOG : Table    One | 041.000
2017-02-01 11:10:10 | TEMPLOG : WellhouseOne | 068.900
2017-02-01 11:10:11 | TEMPLOG : Table    One | 040.100
2017-02-01 11:11:11 | TEMPLOG : WellhouseOne | 064.400
2017-02-01 11:12:13 | TEMPLOG : WellhouseOne | 060.800
2017-02-01 11:13:14 | TEMPLOG : WellhouseOne | 057.200
2017-02-01 11:14:16 | TEMPLOG : WellhouseOne | 056.300
2017-02-01 11:15:17 | TEMPLOG : WellhouseOne | 053.600
2017-02-01 11:15:17 | TEMPLOG : Bio   Filter | 040.100
2017-02-01 11:16:18 | TEMPLOG : WellhouseOne | 051.800
2017-02-01 11:16:18 | TEMPLOG : Bio   Filter | 041.000
2017-02-01 11:17:19 | TEMPLOG : WellhouseOne | 050.900
2017-02-01 11:17:20 | TEMPLOG : Bio   Filter | 040.100
2017-02-01 11:17:20 | TEMPLOG : Table    One | 041.000
2017-02-01 11:18:20 | TEMPLOG : WellhouseOne | 050.000
2017-02-01 11:18:20 | TEMPLOG : Bio   Filter | 041.000
2017-02-01 11:19:21 | TEMPLOG : WellhouseOne | 049.100
2017-02-01 11:19:22 | TEMPLOG : Bio   Filter | 040.100
2017-02-01 11:20:23 | TEMPLOG : Bio   Filter | 041.000
2017-02-01 11:21:24 | TEMPLOG : WellhouseOne | 048.200
2017-02-01 11:22:25 | TEMPLOG : WellhouseOne | 047.300
2017-02-01 11:25:29 | TEMPLOG : WellhouseOne | 046.400
2017-02-01 11:26:30 | TEMPLOG : WellhouseOne | 045.500
2017-02-01 11:28:34 | TEMPLOG : WellhouseOne | 044.600
2017-02-01 11:32:37 | TEMPLOG : WellhouseOne | 093.200
2017-02-01 11:33:38 | TEMPLOG : WellhouseOne | 115.700
2017-02-01 11:34:39 | TEMPLOG : WellhouseOne | 126.500
2017-02-01 11:35:40 | TEMPLOG : WellhouseOne | 104.000
2017-02-01 11:36:41 | TEMPLOG : WellhouseOne | 084.200
2017-02-01 11:36:43 | TEMPLOG : To   GeoLoop | 046.400
2017-02-01 11:37:43 | TEMPLOG : WellhouseOne | 074.300
2017-02-01 11:38:44 | TEMPLOG : WellhouseOne | 068.000
2017-02-01 11:39:45 | TEMPLOG : WellhouseOne | 062.600
2017-02-01 11:39:45 | TEMPLOG : Bio   Filter | 041.900
2017-02-01 11:39:46 | TEMPLOG : Table    One | 041.900
2017-02-01 11:40:47 | TEMPLOG : WellhouseOne | 059.000
2017-02-01 11:40:48 | TEMPLOG : Table    One | 041.000
2017-02-01 11:41:49 | TEMPLOG : WellhouseOne | 055.400
2017-02-01 11:41:49 | TEMPLOG : Bio   Filter | 041.000
2017-02-01 11:42:50 | TEMPLOG : WellhouseOne | 052.700
2017-02-01 11:42:50 | TEMPLOG : To   GeoLoop | 045.500
2017-02-01 11:43:51 | TEMPLOG : WellhouseOne | 051.800
2017-02-01 11:44:52 | TEMPLOG : WellhouseOne | 050.900
2017-02-01 11:45:53 | TEMPLOG : WellhouseOne | 050.000
2017-02-01 11:46:54 | TEMPLOG : WellhouseOne | 049.100
2017-02-01 11:47:55 | TEMPLOG : WellhouseOne | 048.200
2017-02-01 11:49:56 | TEMPLOG : WellhouseOne | 047.300
2017-02-01 11:50:57 | TEMPLOG : WellhouseOne | 046.400
2017-02-01 11:52:59 | TEMPLOG : WellhouseOne | 045.500
2017-02-01 11:55:03 | TEMPLOG : WellhouseOne | 044.600
2017-02-01 11:56:04 | TEMPLOG : To   GeoLoop | 046.400
2017-02-01 12:00:08 | TEMPLOG : WellhouseOne | 062.600
2017-02-01 12:00:09 | TEMPLOG : Bio   Filter | 041.000
2017-02-01 12:00:09 | TEMPLOG : To   GeoLoop | 046.400
2017-02-01 12:00:09 | TEMPLOG : Table    One | 041.900
2017-02-01 12:01:10 | TEMPLOG : WellhouseOne | 109.400
2017-02-01 12:01:10 | TEMPLOG : Bio   Filter | 041.900
2017-02-01 12:02:11 | TEMPLOG : WellhouseOne | 122.000
2017-02-01 12:03:12 | TEMPLOG : WellhouseOne | 131.000
2017-02-01 12:04:13 | TEMPLOG : WellhouseOne | 089.600
2017-02-01 12:05:15 | TEMPLOG : WellhouseOne | 077.000
2017-02-01 12:06:17 | TEMPLOG : WellhouseOne | 068.900
2017-02-01 12:07:18 | TEMPLOG : WellhouseOne | 063.500
2017-02-01 12:08:19 | TEMPLOG : WellhouseOne | 059.000
2017-02-01 12:09:21 | TEMPLOG : WellhouseOne | 056.300
2017-02-01 12:09:21 | TEMPLOG : Bio   Filter | 041.000
2017-02-01 12:09:22 | TEMPLOG : Table    One | 041.000
2017-02-01 12:10:22 | TEMPLOG : WellhouseOne | 054.500
2017-02-01 12:11:24 | TEMPLOG : WellhouseOne | 053.600
2017-02-01 12:12:26 | TEMPLOG : WellhouseOne | 051.800
2017-02-01 12:12:26 | TEMPLOG : To   GeoLoop | 045.500
2017-02-01 12:13:27 | TEMPLOG : WellhouseOne | 050.000
2017-02-01 12:13:27 | TEMPLOG : To   GeoLoop | 046.400
2017-02-01 12:14:29 | TEMPLOG : To   GeoLoop | 045.500
2017-02-01 12:15:30 | TEMPLOG : WellhouseOne | 049.100
2017-02-01 12:15:31 | TEMPLOG : To   GeoLoop | 046.400
2017-02-01 12:16:33 | TEMPLOG : WellhouseOne | 048.200
2017-02-01 12:16:34 | TEMPLOG : Table    One | 040.100
2017-02-01 12:17:35 | TEMPLOG : WellhouseOne | 047.300
2017-02-01 12:17:35 | TEMPLOG : Bio   Filter | 040.100
2017-02-01 12:17:35 | TEMPLOG : To   GeoLoop | 045.500
2017-02-01 12:18:36 | TEMPLOG : WellhouseOne | 046.400
2017-02-01 12:21:41 | TEMPLOG : WellhouseOne | 045.500
2017-02-01 12:22:43 | TEMPLOG : To   GeoLoop | 046.400
2017-02-01 12:24:44 | TEMPLOG : WellhouseOne | 044.600
2017-02-01 12:24:45 | TEMPLOG : To   GeoLoop | 045.500
2017-02-01 12:25:46 | TEMPLOG : To   GeoLoop | 046.400
2017-02-01 12:26:47 | TEMPLOG : WellhouseOne | 043.700
2017-02-01 12:26:47 | TEMPLOG : To   GeoLoop | 045.500
2017-02-01 12:27:48 | TEMPLOG : WellhouseOne | 049.100
2017-02-01 12:27:49 | TEMPLOG : Bio   Filter | 041.000
2017-02-01 12:27:49 | TEMPLOG : To   GeoLoop | 046.400
2017-02-01 12:28:49 | TEMPLOG : WellhouseOne | 108.500
2017-02-01 12:29:50 | TEMPLOG : WellhouseOne | 125.600
2017-02-01 12:29:51 | TEMPLOG : Bio   Filter | 040.100
2017-02-01 12:30:51 | TEMPLOG : WellhouseOne | 131.900
2017-02-01 12:30:52 | TEMPLOG : To   GeoLoop | 045.500
2017-02-01 12:31:52 | TEMPLOG : WellhouseOne | 094.100
2017-02-01 12:32:54 | TEMPLOG : WellhouseOne | 080.600
2017-02-01 12:33:55 | TEMPLOG : WellhouseOne | 070.700
2017-02-01 12:34:56 | TEMPLOG : WellhouseOne | 066.200
2017-02-01 12:35:59 | TEMPLOG : WellhouseOne | 060.800
2017-02-01 12:37:00 | TEMPLOG : WellhouseOne | 058.100
2017-02-01 12:38:02 | TEMPLOG : WellhouseOne | 055.400
2017-02-01 12:39:03 | TEMPLOG : WellhouseOne | 053.600
2017-02-01 12:40:04 | TEMPLOG : WellhouseOne | 051.800
2017-02-01 12:41:05 | TEMPLOG : WellhouseOne | 050.900
2017-02-01 12:42:06 | TEMPLOG : WellhouseOne | 050.000
2017-02-01 12:43:06 | TEMPLOG : WellhouseOne | 049.100
2017-02-01 12:44:08 | TEMPLOG : WellhouseOne | 047.300
2017-02-01 12:44:08 | TEMPLOG : Table    One | 039.200
2017-02-01 12:47:11 | TEMPLOG : WellhouseOne | 046.400
2017-02-01 12:50:15 | TEMPLOG : WellhouseOne | 045.500
2017-02-01 12:50:15 | TEMPLOG : Bio   Filter | 039.200
2017-02-01 12:52:16 | TEMPLOG : WellhouseOne | 044.600
2017-02-01 12:53:17 | TEMPLOG : WellhouseOne | 043.700
2017-02-01 12:56:20 | TEMPLOG : WellhouseOne | 099.500
2017-02-01 12:57:22 | TEMPLOG : WellhouseOne | 118.400
2017-02-01 12:58:23 | TEMPLOG : WellhouseOne | 129.200
2017-02-01 12:59:24 | TEMPLOG : WellhouseOne | 105.800
2017-02-01 13:00:25 | TEMPLOG : WellhouseOne | 085.100
2017-02-01 13:00:26 | TEMPLOG : Bio   Filter | 039.200
2017-02-01 13:00:26 | TEMPLOG : To   GeoLoop | 045.500
2017-02-01 13:00:26 | TEMPLOG : Table    One | 039.200
2017-02-01 13:01:26 | TEMPLOG : WellhouseOne | 074.300
2017-02-01 13:02:28 | TEMPLOG : WellhouseOne | 068.000
2017-02-01 13:03:29 | TEMPLOG : WellhouseOne | 062.600
2017-02-01 13:04:30 | TEMPLOG : WellhouseOne | 058.100
2017-02-01 13:05:31 | TEMPLOG : WellhouseOne | 056.300
2017-02-01 13:06:32 | TEMPLOG : WellhouseOne | 053.600
2017-02-01 13:07:33 | TEMPLOG : WellhouseOne | 052.700
2017-02-01 13:08:34 | TEMPLOG : WellhouseOne | 051.800
2017-02-01 13:09:35 | TEMPLOG : WellhouseOne | 050.900
2017-02-01 13:10:36 | TEMPLOG : WellhouseOne | 049.100
2017-02-01 13:11:37 | TEMPLOG : WellhouseOne | 048.200
2017-02-01 13:13:40 | TEMPLOG : WellhouseOne | 047.300
2017-02-01 13:14:41 | TEMPLOG : WellhouseOne | 046.400
2017-02-01 13:14:42 | TEMPLOG : Table    One | 038.300
2017-02-01 13:16:44 | TEMPLOG : Bio   Filter | 038.300
2017-02-01 13:17:46 | TEMPLOG : Bio   Filter | 039.200
2017-02-01 13:18:46 | TEMPLOG : WellhouseOne | 045.500
2017-02-01 13:18:46 | TEMPLOG : Bio   Filter | 038.300
2017-02-01 13:21:50 | TEMPLOG : WellhouseOne | 044.600
2017-02-01 13:23:52 | TEMPLOG : WellhouseOne | 050.000
2017-02-01 13:24:53 | TEMPLOG : WellhouseOne | 105.800
2017-02-01 13:25:54 | TEMPLOG : WellhouseOne | 120.200
2017-02-01 13:26:56 | TEMPLOG : WellhouseOne | 129.200
2017-02-01 13:27:58 | TEMPLOG : WellhouseOne | 088.700
2017-02-01 13:28:59 | TEMPLOG : WellhouseOne | 077.000
2017-02-01 13:30:00 | TEMPLOG : WellhouseOne | 068.900
2017-02-01 13:31:02 | TEMPLOG : WellhouseOne | 064.400
2017-02-01 13:32:03 | TEMPLOG : WellhouseOne | 059.900
2017-02-01 13:33:04 | TEMPLOG : WellhouseOne | 057.200
2017-02-01 13:34:05 | TEMPLOG : WellhouseOne | 054.500
2017-02-01 13:35:06 | TEMPLOG : WellhouseOne | 051.800
2017-02-01 13:35:06 | TEMPLOG : Bio   Filter | 037.400
2017-02-01 13:36:07 | TEMPLOG : WellhouseOne | 050.900
2017-02-01 13:36:08 | TEMPLOG : Table    One | 037.400
2017-02-01 13:37:08 | TEMPLOG : WellhouseOne | 050.000
2017-02-01 13:38:09 | TEMPLOG : WellhouseOne | 048.200
2017-02-01 13:39:10 | TEMPLOG : WellhouseOne | 047.300
2017-02-01 13:41:13 | TEMPLOG : WellhouseOne | 046.400
2017-02-01 13:42:14 | TEMPLOG : WellhouseOne | 045.500
2017-02-01 13:44:16 | TEMPLOG : WellhouseOne | 044.600
2017-02-01 13:46:20 | TEMPLOG : WellhouseOne | 043.700
2017-02-01 13:49:24 | TEMPLOG : WellhouseOne | 042.800
2017-02-01 13:49:24 | TEMPLOG : Bio   Filter | 036.500
2017-02-01 13:51:26 | TEMPLOG : WellhouseOne | 103.100
2017-02-01 13:51:27 | TEMPLOG : Table    One | 036.500
2017-02-01 13:52:27 | TEMPLOG : WellhouseOne | 120.200
2017-02-01 13:53:28 | TEMPLOG : WellhouseOne | 130.100
2017-02-01 13:54:29 | TEMPLOG : WellhouseOne | 098.600
2017-02-01 13:55:30 | TEMPLOG : WellhouseOne | 080.600
2017-02-01 13:56:31 | TEMPLOG : WellhouseOne | 071.600
2017-02-01 13:57:32 | TEMPLOG : WellhouseOne | 065.300
2017-02-01 13:58:35 | TEMPLOG : WellhouseOne | 060.800
2017-02-01 13:59:35 | TEMPLOG : WellhouseOne | 056.300
2017-02-01 14:00:37 | TEMPLOG : WellhouseOne | 053.600
2017-02-01 14:00:37 | TEMPLOG : Bio   Filter | 036.500
2017-02-01 14:00:37 | TEMPLOG : To   GeoLoop | 045.500
2017-02-01 14:00:38 | TEMPLOG : Table    One | 036.500
2017-02-01 14:01:38 | TEMPLOG : WellhouseOne | 050.900
2017-02-01 14:02:39 | TEMPLOG : WellhouseOne | 050.000
2017-02-01 14:03:41 | TEMPLOG : WellhouseOne | 049.100
2017-02-01 14:04:43 | TEMPLOG : WellhouseOne | 048.200
2017-02-01 14:05:45 | TEMPLOG : WellhouseOne | 047.300
2017-02-01 14:06:46 | TEMPLOG : WellhouseOne | 046.400
2017-02-01 14:07:47 | TEMPLOG : WellhouseOne | 045.500
2017-02-01 14:08:48 | TEMPLOG : WellhouseOne | 044.600
2017-02-01 14:10:50 | TEMPLOG : WellhouseOne | 043.700
2017-02-01 14:12:52 | TEMPLOG : WellhouseOne | 042.800
2017-02-01 14:12:53 | TEMPLOG : Bio   Filter | 035.600
2017-02-01 14:13:54 | TEMPLOG : Table    One | 035.600
2017-02-01 14:15:57 | TEMPLOG : Table    One | 036.500
2017-02-01 14:16:57 | TEMPLOG : WellhouseOne | 052.700
2017-02-01 14:16:58 | TEMPLOG : Table    One | 035.600
2017-02-01 14:17:58 | TEMPLOG : WellhouseOne | 105.800
2017-02-01 14:19:00 | TEMPLOG : WellhouseOne | 121.100
2017-02-01 14:20:01 | TEMPLOG : WellhouseOne | 129.200
2017-02-01 14:21:02 | TEMPLOG : WellhouseOne | 092.300
2017-02-01 14:22:03 | TEMPLOG : WellhouseOne | 075.200
2017-02-01 14:23:04 | TEMPLOG : WellhouseOne | 068.900
2017-02-01 14:24:06 | TEMPLOG : WellhouseOne | 063.500
2017-02-01 14:25:08 | TEMPLOG : WellhouseOne | 059.000
2017-02-01 14:26:08 | TEMPLOG : WellhouseOne | 055.400
2017-02-01 14:26:09 | TEMPLOG : To   GeoLoop | 044.600
2017-02-01 14:27:11 | TEMPLOG : WellhouseOne | 052.700
2017-02-01 14:27:11 | TEMPLOG : To   GeoLoop | 045.500
2017-02-01 14:28:12 | TEMPLOG : WellhouseOne | 050.900
2017-02-01 14:29:13 | TEMPLOG : WellhouseOne | 049.100
2017-02-01 14:30:14 | TEMPLOG : WellhouseOne | 048.200
2017-02-01 14:31:17 | TEMPLOG : WellhouseOne | 047.300
2017-02-01 14:32:18 | TEMPLOG : WellhouseOne | 046.400
2017-02-01 14:34:21 | TEMPLOG : WellhouseOne | 045.500
2017-02-01 14:35:22 | TEMPLOG : WellhouseOne | 044.600
2017-02-01 14:37:24 | TEMPLOG : WellhouseOne | 043.700
2017-02-01 14:39:27 | TEMPLOG : WellhouseOne | 042.800
2017-02-01 14:41:30 | TEMPLOG : WellhouseOne | 041.900
2017-02-01 14:42:32 | TEMPLOG : WellhouseOne | 058.100
2017-02-01 14:43:33 | TEMPLOG : WellhouseOne | 102.200
2017-02-01 14:44:34 | TEMPLOG : WellhouseOne | 117.500
2017-02-01 14:45:35 | TEMPLOG : WellhouseOne | 123.800
2017-02-01 14:46:37 | TEMPLOG : WellhouseOne | 129.200
2017-02-01 14:47:38 | TEMPLOG : WellhouseOne | 095.000
2017-02-01 14:48:39 | TEMPLOG : WellhouseOne | 078.800
2017-02-01 14:49:40 | TEMPLOG : WellhouseOne | 070.700
2017-02-01 14:50:41 | TEMPLOG : WellhouseOne | 063.500
2017-02-01 14:51:43 | TEMPLOG : WellhouseOne | 059.000
2017-02-01 14:52:44 | TEMPLOG : WellhouseOne | 057.200
2017-02-01 14:52:45 | TEMPLOG : Table    One | 036.500
2017-02-01 14:53:45 | TEMPLOG : WellhouseOne | 055.400
2017-02-01 14:54:46 | TEMPLOG : WellhouseOne | 052.700
2017-02-01 14:54:47 | TEMPLOG : Bio   Filter | 036.500
2017-02-01 14:54:47 | TEMPLOG : Table    One | 035.600
2017-02-01 14:55:47 | TEMPLOG : WellhouseOne | 051.800
2017-02-01 14:55:48 | TEMPLOG : Table    One | 036.500
2017-02-01 14:56:48 | TEMPLOG : WellhouseOne | 050.000
2017-02-01 14:57:49 | TEMPLOG : WellhouseOne | 049.100
2017-02-01 14:58:51 | TEMPLOG : WellhouseOne | 048.200
2017-02-01 14:58:51 | TEMPLOG : Bio   Filter | 035.600
2017-02-01 14:58:51 | TEMPLOG : Table    One | 035.600
2017-02-01 14:59:51 | TEMPLOG : WellhouseOne | 047.300
2017-02-01 14:59:52 | TEMPLOG : Table    One | 036.500
2017-02-01 15:00:52 | TEMPLOG : WellhouseOne | 046.400
2017-02-01 15:00:53 | TEMPLOG : Bio   Filter | 036.500
2017-02-01 15:00:53 | TEMPLOG : To   GeoLoop | 045.500
2017-02-01 15:00:53 | TEMPLOG : Table    One | 036.500
2017-02-01 15:01:53 | TEMPLOG : WellhouseOne | 045.500
2017-02-01 15:04:58 | TEMPLOG : WellhouseOne | 044.600
2017-02-01 15:07:00 | TEMPLOG : WellhouseOne | 043.700
2017-02-01 15:09:02 | TEMPLOG : WellhouseOne | 042.800
2017-02-01 15:10:04 | TEMPLOG : WellhouseOne | 095.900
2017-02-01 15:11:05 | TEMPLOG : WellhouseOne | 114.800
2017-02-01 15:12:06 | TEMPLOG : WellhouseOne | 124.700
2017-02-01 15:13:07 | TEMPLOG : WellhouseOne | 131.000
2017-02-01 15:14:09 | TEMPLOG : WellhouseOne | 104.900
2017-02-01 15:15:10 | TEMPLOG : WellhouseOne | 083.300
2017-02-01 15:16:11 | TEMPLOG : WellhouseOne | 074.300
2017-02-01 15:17:12 | TEMPLOG : WellhouseOne | 066.200
2017-02-01 15:18:14 | TEMPLOG : WellhouseOne | 061.700
2017-02-01 15:18:14 | TEMPLOG : Bio   Filter | 035.600
2017-02-01 15:18:14 | TEMPLOG : Table    One | 035.600
2017-02-01 15:19:15 | TEMPLOG : WellhouseOne | 059.000
2017-02-01 15:20:16 | TEMPLOG : WellhouseOne | 056.300
2017-02-01 15:21:16 | TEMPLOG : WellhouseOne | 053.600
2017-02-01 15:22:17 | TEMPLOG : WellhouseOne | 051.800
2017-02-01 15:23:18 | TEMPLOG : WellhouseOne | 050.900
2017-02-01 15:24:20 | TEMPLOG : WellhouseOne | 050.000
2017-02-01 15:25:21 | TEMPLOG : WellhouseOne | 049.100
2017-02-01 15:26:22 | TEMPLOG : WellhouseOne | 048.200
2017-02-01 15:27:24 | TEMPLOG : WellhouseOne | 047.300
2017-02-01 15:28:24 | TEMPLOG : WellhouseOne | 046.400
2017-02-01 15:29:26 | TEMPLOG : WellhouseOne | 045.500
2017-02-01 15:32:29 | TEMPLOG : WellhouseOne | 044.600
2017-02-01 15:33:31 | TEMPLOG : WellhouseOne | 043.700
2017-02-01 15:35:34 | TEMPLOG : WellhouseOne | 042.800
2017-02-01 15:37:36 | TEMPLOG : WellhouseOne | 060.800
2017-02-01 15:38:37 | TEMPLOG : WellhouseOne | 107.600
2017-02-01 15:39:38 | TEMPLOG : WellhouseOne | 121.100
2017-02-01 15:40:40 | TEMPLOG : WellhouseOne | 127.400
2017-02-01 15:41:41 | TEMPLOG : WellhouseOne | 110.300
2017-02-01 15:42:42 | TEMPLOG : WellhouseOne | 084.200
2017-02-01 15:43:43 | TEMPLOG : WellhouseOne | 075.200
2017-02-01 15:44:45 | TEMPLOG : WellhouseOne | 066.200
2017-02-01 15:45:46 | TEMPLOG : WellhouseOne | 059.900
2017-02-01 15:46:48 | TEMPLOG : WellhouseOne | 057.200
2017-02-01 15:47:49 | TEMPLOG : WellhouseOne | 055.400
2017-02-01 15:48:51 | TEMPLOG : WellhouseOne | 052.700
2017-02-01 15:49:52 | TEMPLOG : WellhouseOne | 050.900
2017-02-01 15:49:52 | TEMPLOG : Bio   Filter | 034.700
2017-02-01 15:49:53 | TEMPLOG : Table    One | 034.700
2017-02-01 15:50:53 | TEMPLOG : WellhouseOne | 050.000
2017-02-01 15:50:54 | TEMPLOG : Table    One | 035.600
2017-02-01 15:51:54 | TEMPLOG : WellhouseOne | 049.100
2017-02-01 15:51:55 | TEMPLOG : Table    One | 034.700
2017-02-01 15:52:55 | TEMPLOG : WellhouseOne | 048.200
2017-02-01 15:53:57 | TEMPLOG : WellhouseOne | 047.300
2017-02-01 15:54:59 | TEMPLOG : WellhouseOne | 046.400
2017-02-01 15:56:00 | TEMPLOG : WellhouseOne | 045.500
2017-02-01 15:58:02 | TEMPLOG : WellhouseOne | 044.600
2017-02-01 16:00:05 | TEMPLOG : WellhouseOne | 044.600
2017-02-01 16:00:05 | TEMPLOG : Bio   Filter | 034.700
2017-02-01 16:00:05 | TEMPLOG : To   GeoLoop | 045.500
2017-02-01 16:00:06 | TEMPLOG : Table    One | 034.700
2017-02-01 16:01:06 | TEMPLOG : WellhouseOne | 043.700
2017-02-01 16:02:08 | TEMPLOG : WellhouseOne | 042.800
2017-02-01 16:02:08 | TEMPLOG : Table    One | 035.600
2017-02-01 16:03:09 | TEMPLOG : Table    One | 034.700
2017-02-01 16:05:10 | TEMPLOG : WellhouseOne | 101.300
2017-02-01 16:06:11 | TEMPLOG : WellhouseOne | 116.600
2017-02-01 16:07:13 | TEMPLOG : WellhouseOne | 126.500
2017-02-01 16:08:15 | TEMPLOG : WellhouseOne | 131.000
2017-02-01 16:09:16 | TEMPLOG : WellhouseOne | 100.400
2017-02-01 16:10:17 | TEMPLOG : WellhouseOne | 084.200
2017-02-01 16:11:18 | TEMPLOG : WellhouseOne | 075.200
2017-02-01 16:12:20 | TEMPLOG : WellhouseOne | 067.100
2017-02-01 16:13:21 | TEMPLOG : WellhouseOne | 062.600
2017-02-01 16:14:22 | TEMPLOG : WellhouseOne | 058.100
2017-02-01 16:15:23 | TEMPLOG : WellhouseOne | 055.400
2017-02-01 16:16:25 | TEMPLOG : WellhouseOne | 053.600
2017-02-01 16:17:25 | TEMPLOG : WellhouseOne | 050.900
2017-02-01 16:18:27 | TEMPLOG : WellhouseOne | 049.100
2017-02-01 16:19:29 | TEMPLOG : WellhouseOne | 048.200
2017-02-01 16:20:30 | TEMPLOG : WellhouseOne | 047.300
2017-02-01 16:21:31 | TEMPLOG : WellhouseOne | 046.400
2017-02-01 16:22:32 | TEMPLOG : WellhouseOne | 045.500
2017-02-01 16:25:36 | TEMPLOG : WellhouseOne | 044.600
2017-02-01 16:27:38 | TEMPLOG : WellhouseOne | 043.700
2017-02-01 16:29:39 | TEMPLOG : WellhouseOne | 042.800
2017-02-01 16:32:44 | TEMPLOG : WellhouseOne | 103.100
2017-02-01 16:33:45 | TEMPLOG : WellhouseOne | 119.300
2017-02-01 16:33:45 | TEMPLOG : Bio   Filter | 033.800
2017-02-01 16:34:47 | TEMPLOG : WellhouseOne | 128.300
2017-02-01 16:35:48 | TEMPLOG : WellhouseOne | 127.400
2017-02-01 16:36:49 | TEMPLOG : WellhouseOne | 089.600
2017-02-01 16:37:50 | TEMPLOG : WellhouseOne | 076.100
2017-02-01 16:38:51 | TEMPLOG : WellhouseOne | 066.200
2017-02-01 16:39:52 | TEMPLOG : WellhouseOne | 061.700
2017-02-01 16:40:53 | TEMPLOG : WellhouseOne | 058.100
2017-02-01 16:41:54 | TEMPLOG : WellhouseOne | 055.400
2017-02-01 16:42:55 | TEMPLOG : WellhouseOne | 052.700
2017-02-01 16:43:56 | TEMPLOG : WellhouseOne | 050.900
2017-02-01 16:43:57 | TEMPLOG : Table    One | 033.800
2017-02-01 16:44:57 | TEMPLOG : WellhouseOne | 049.100
2017-02-01 16:45:59 | TEMPLOG : WellhouseOne | 048.200
2017-02-01 16:47:01 | TEMPLOG : WellhouseOne | 047.300
2017-02-01 16:48:03 | TEMPLOG : WellhouseOne | 046.400
2017-02-01 16:49:04 | TEMPLOG : WellhouseOne | 045.500
2017-02-01 16:52:07 | TEMPLOG : WellhouseOne | 044.600
2017-02-01 16:53:08 | TEMPLOG : WellhouseOne | 043.700
2017-02-01 16:55:10 | TEMPLOG : WellhouseOne | 042.800
2017-02-01 16:57:13 | TEMPLOG : WellhouseOne | 041.900
2017-02-01 16:58:14 | TEMPLOG : WellhouseOne | 059.000
2017-02-01 16:59:15 | TEMPLOG : WellhouseOne | 106.700
2017-02-01 17:00:16 | TEMPLOG : WellhouseOne | 119.300
2017-02-01 17:00:16 | TEMPLOG : Bio   Filter | 033.800
2017-02-01 17:00:17 | TEMPLOG : To   GeoLoop | 045.500
2017-02-01 17:00:17 | TEMPLOG : Table    One | 033.800
2017-02-01 17:01:17 | TEMPLOG : WellhouseOne | 128.300
2017-02-01 17:02:19 | TEMPLOG : WellhouseOne | 104.900
2017-02-01 17:03:20 | TEMPLOG : WellhouseOne | 081.500
2017-02-01 17:04:21 | TEMPLOG : WellhouseOne | 070.700
2017-02-01 17:05:22 | TEMPLOG : WellhouseOne | 064.400
2017-02-01 17:06:24 | TEMPLOG : WellhouseOne | 060.800
2017-02-01 17:07:25 | TEMPLOG : WellhouseOne | 056.300
2017-02-01 17:08:26 | TEMPLOG : WellhouseOne | 053.600
2017-02-01 17:09:26 | TEMPLOG : WellhouseOne | 051.800
2017-02-01 17:10:27 | TEMPLOG : WellhouseOne | 050.000
2017-02-01 17:11:29 | TEMPLOG : WellhouseOne | 048.200
2017-02-01 17:12:30 | TEMPLOG : WellhouseOne | 046.400
2017-02-01 17:13:32 | TEMPLOG : To   GeoLoop | 044.600
2017-02-01 17:14:33 | TEMPLOG : WellhouseOne | 045.500
2017-02-01 17:14:33 | TEMPLOG : To   GeoLoop | 045.500
2017-02-01 17:16:35 | TEMPLOG : WellhouseOne | 044.600
2017-02-01 17:17:39 | TEMPLOG : WellhouseOne | 043.700
2017-02-01 17:19:42 | TEMPLOG : WellhouseOne | 042.800
2017-02-01 17:19:42 | TEMPLOG : Bio   Filter | 032.900
2017-02-01 17:20:44 | TEMPLOG : To   GeoLoop | 044.600
2017-02-01 17:21:44 | TEMPLOG : WellhouseOne | 041.900
2017-02-01 17:21:45 | TEMPLOG : To   GeoLoop | 045.500
2017-02-01 17:22:45 | TEMPLOG : WellhouseOne | 041.000
2017-02-01 17:23:46 | TEMPLOG : WellhouseOne | 055.400
2017-02-01 17:23:46 | TEMPLOG : To   GeoLoop | 044.600
2017-02-01 17:24:47 | TEMPLOG : WellhouseOne | 104.900
2017-02-01 17:24:47 | TEMPLOG : To   GeoLoop | 045.500
2017-02-01 17:25:49 | TEMPLOG : WellhouseOne | 120.200
2017-02-01 17:25:49 | TEMPLOG : To   GeoLoop | 044.600
2017-02-01 17:25:50 | TEMPLOG : Table    One | 032.900
2017-02-01 17:26:50 | TEMPLOG : WellhouseOne | 128.300
2017-02-01 17:26:50 | TEMPLOG : To   GeoLoop | 045.500
2017-02-01 17:27:51 | TEMPLOG : WellhouseOne | 129.200
2017-02-01 17:28:52 | TEMPLOG : WellhouseOne | 086.000
2017-02-01 17:29:53 | TEMPLOG : WellhouseOne | 073.400
2017-02-01 17:30:54 | TEMPLOG : WellhouseOne | 066.200
2017-02-01 17:30:55 | TEMPLOG : To   GeoLoop | 044.600
2017-02-01 17:31:56 | TEMPLOG : WellhouseOne | 061.700
2017-02-01 17:31:56 | TEMPLOG : To   GeoLoop | 045.500
2017-02-01 17:32:57 | TEMPLOG : WellhouseOne | 057.200
2017-02-01 17:32:57 | TEMPLOG : To   GeoLoop | 044.600
2017-02-01 17:33:58 | TEMPLOG : WellhouseOne | 054.500
2017-02-01 17:34:58 | TEMPLOG : WellhouseOne | 051.800
2017-02-01 17:34:59 | TEMPLOG : To   GeoLoop | 045.500
2017-02-01 17:35:59 | TEMPLOG : WellhouseOne | 050.000
2017-02-01 17:36:00 | TEMPLOG : To   GeoLoop | 044.600
2017-02-01 17:37:00 | TEMPLOG : WellhouseOne | 049.100
2017-02-01 17:37:01 | TEMPLOG : To   GeoLoop | 045.500
2017-02-01 17:38:01 | TEMPLOG : WellhouseOne | 047.300
2017-02-01 17:39:02 | TEMPLOG : WellhouseOne | 046.400
2017-02-01 17:40:03 | TEMPLOG : WellhouseOne | 045.500
2017-02-01 17:40:04 | TEMPLOG : To   GeoLoop | 044.600
2017-02-01 17:41:05 | TEMPLOG : To   GeoLoop | 045.500
2017-02-01 17:42:06 | TEMPLOG : WellhouseOne | 044.600
2017-02-01 17:43:07 | TEMPLOG : WellhouseOne | 043.700
2017-02-01 17:44:11 | TEMPLOG : To   GeoLoop | 044.600
2017-02-01 17:45:11 | TEMPLOG : WellhouseOne | 042.800
2017-02-01 17:45:12 | TEMPLOG : To   GeoLoop | 045.500
2017-02-01 17:46:12 | TEMPLOG : WellhouseOne | 041.900
2017-02-01 17:46:13 | TEMPLOG : To   GeoLoop | 044.600
2017-02-01 17:47:14 | TEMPLOG : To   GeoLoop | 045.500
2017-02-01 17:48:15 | TEMPLOG : WellhouseOne | 041.000
2017-02-01 17:48:15 | TEMPLOG : To   GeoLoop | 044.600
2017-02-01 17:49:16 | TEMPLOG : WellhouseOne | 047.300
2017-02-01 17:50:17 | TEMPLOG : WellhouseOne | 103.100
2017-02-01 17:51:17 | TEMPLOG : WellhouseOne | 118.400
2017-02-01 17:51:18 | TEMPLOG : To   GeoLoop | 045.500
2017-02-01 17:52:19 | TEMPLOG : WellhouseOne | 125.600
2017-02-01 17:53:20 | TEMPLOG : WellhouseOne | 131.900
2017-02-01 17:53:21 | TEMPLOG : To   GeoLoop | 044.600
2017-02-01 17:54:21 | TEMPLOG : WellhouseOne | 099.500
2017-02-01 17:54:21 | TEMPLOG : To   GeoLoop | 045.500
2017-02-01 17:55:23 | TEMPLOG : WellhouseOne | 079.700
2017-02-01 17:56:24 | TEMPLOG : WellhouseOne | 068.900
2017-02-01 17:57:25 | TEMPLOG : WellhouseOne | 063.500
2017-02-01 17:58:26 | TEMPLOG : WellhouseOne | 058.100
2017-02-01 17:59:28 | TEMPLOG : WellhouseOne | 055.400
2017-02-01 18:00:31 | TEMPLOG : WellhouseOne | 052.700
2017-02-01 18:00:31 | TEMPLOG : Bio   Filter | 032.900
2017-02-01 18:00:32 | TEMPLOG : To   GeoLoop | 045.500
2017-02-01 18:00:32 | TEMPLOG : Table    One | 032.900
2017-02-01 18:01:33 | TEMPLOG : WellhouseOne | 050.900
2017-02-01 18:02:34 | TEMPLOG : WellhouseOne | 049.100
2017-02-01 18:03:36 | TEMPLOG : WellhouseOne | 048.200
2017-02-01 18:04:37 | TEMPLOG : WellhouseOne | 047.300
2017-02-01 18:05:38 | TEMPLOG : WellhouseOne | 046.400
2017-02-01 18:07:40 | TEMPLOG : WellhouseOne | 045.500
2017-02-01 18:08:41 | TEMPLOG : WellhouseOne | 044.600
2017-02-01 18:09:42 | TEMPLOG : WellhouseOne | 043.700
2017-02-01 18:11:45 | TEMPLOG : WellhouseOne | 042.800
2017-02-01 18:13:48 | TEMPLOG : WellhouseOne | 041.900
2017-02-01 18:15:50 | TEMPLOG : WellhouseOne | 066.200
2017-02-01 18:16:51 | TEMPLOG : WellhouseOne | 106.700
2017-02-01 18:17:52 | TEMPLOG : WellhouseOne | 121.100
2017-02-01 18:18:53 | TEMPLOG : WellhouseOne | 128.300
2017-02-01 18:19:54 | TEMPLOG : WellhouseOne | 131.900
2017-02-01 18:20:55 | TEMPLOG : WellhouseOne | 091.400
2017-02-01 18:21:56 | TEMPLOG : WellhouseOne | 073.400
2017-02-01 18:22:58 | TEMPLOG : WellhouseOne | 065.300
2017-02-01 18:23:59 | TEMPLOG : WellhouseOne | 059.900
2017-02-01 18:25:00 | TEMPLOG : WellhouseOne | 056.300
2017-02-01 18:26:01 | TEMPLOG : WellhouseOne | 053.600
2017-02-01 18:27:03 | TEMPLOG : WellhouseOne | 052.700
2017-02-01 18:28:04 | TEMPLOG : WellhouseOne | 050.000
2017-02-01 18:29:05 | TEMPLOG : WellhouseOne | 049.100
2017-02-01 18:30:07 | TEMPLOG : WellhouseOne | 048.200
2017-02-01 18:31:09 | TEMPLOG : WellhouseOne | 047.300
2017-02-01 18:32:10 | TEMPLOG : WellhouseOne | 046.400
2017-02-01 18:33:11 | TEMPLOG : WellhouseOne | 045.500
2017-02-01 18:34:12 | TEMPLOG : WellhouseOne | 044.600
2017-02-01 18:36:14 | TEMPLOG : WellhouseOne | 043.700
2017-02-01 18:37:15 | TEMPLOG : WellhouseOne | 042.800
2017-02-01 18:40:19 | TEMPLOG : WellhouseOne | 041.900
2017-02-01 18:42:21 | TEMPLOG : WellhouseOne | 098.600
2017-02-01 18:43:22 | TEMPLOG : WellhouseOne | 115.700
2017-02-01 18:44:23 | TEMPLOG : WellhouseOne | 125.600
2017-02-01 18:45:25 | TEMPLOG : WellhouseOne | 130.100
2017-02-01 18:46:26 | TEMPLOG : WellhouseOne | 112.100
2017-02-01 18:47:28 | TEMPLOG : WellhouseOne | 082.400
2017-02-01 18:48:30 | TEMPLOG : WellhouseOne | 071.600
2017-02-01 18:49:31 | TEMPLOG : WellhouseOne | 063.500
2017-02-01 18:50:32 | TEMPLOG : WellhouseOne | 059.000
2017-02-01 18:51:33 | TEMPLOG : WellhouseOne | 055.400
2017-02-01 18:52:34 | TEMPLOG : WellhouseOne | 052.700
2017-02-01 18:53:36 | TEMPLOG : WellhouseOne | 050.900
2017-02-01 18:54:36 | TEMPLOG : WellhouseOne | 050.000
2017-02-01 18:55:38 | TEMPLOG : WellhouseOne | 049.100
2017-02-01 18:56:39 | TEMPLOG : WellhouseOne | 047.300
2017-02-01 18:58:41 | TEMPLOG : WellhouseOne | 045.500
2017-02-01 19:00:44 | TEMPLOG : WellhouseOne | 044.600
2017-02-01 19:00:45 | TEMPLOG : To   GeoLoop | 045.500
2017-02-01 19:00:46 | TEMPLOG : Table    One | 032.900
2017-02-01 19:02:47 | TEMPLOG : WellhouseOne | 043.700
2017-02-01 19:04:49 | TEMPLOG : WellhouseOne | 042.800
2017-02-01 19:05:51 | TEMPLOG : WellhouseOne | 041.900
2017-02-01 19:07:54 | TEMPLOG : WellhouseOne | 078.800
2017-02-01 19:08:55 | TEMPLOG : WellhouseOne | 110.300
2017-02-01 19:09:57 | TEMPLOG : WellhouseOne | 122.000
2017-02-01 19:10:59 | TEMPLOG : WellhouseOne | 129.200
2017-02-01 19:12:01 | TEMPLOG : WellhouseOne | 127.400
2017-02-01 19:13:03 | TEMPLOG : WellhouseOne | 083.300
2017-02-01 19:14:04 | TEMPLOG : WellhouseOne | 072.500
2017-02-01 19:15:04 | TEMPLOG : WellhouseOne | 065.300
2017-02-01 19:16:05 | TEMPLOG : WellhouseOne | 059.900
2017-02-01 19:17:07 | TEMPLOG : WellhouseOne | 056.300
2017-02-01 19:18:09 | TEMPLOG : WellhouseOne | 054.500
2017-02-01 19:19:11 | TEMPLOG : WellhouseOne | 051.800
2017-02-01 19:20:11 | TEMPLOG : WellhouseOne | 050.000
2017-02-01 19:21:12 | TEMPLOG : WellhouseOne | 049.100
2017-02-01 19:22:13 | TEMPLOG : WellhouseOne | 048.200
2017-02-01 19:23:15 | TEMPLOG : WellhouseOne | 047.300
2017-02-01 19:24:16 | TEMPLOG : WellhouseOne | 046.400
2017-02-01 19:25:17 | TEMPLOG : WellhouseOne | 045.500
2017-02-01 19:26:19 | TEMPLOG : WellhouseOne | 044.600
2017-02-01 19:28:21 | TEMPLOG : WellhouseOne | 043.700
2017-02-01 19:29:22 | TEMPLOG : WellhouseOne | 042.800
2017-02-01 19:32:27 | TEMPLOG : WellhouseOne | 041.900
2017-02-01 19:33:28 | TEMPLOG : WellhouseOne | 065.300
2017-02-01 19:34:29 | TEMPLOG : WellhouseOne | 105.800
2017-02-01 19:35:31 | TEMPLOG : WellhouseOne | 120.200
2017-02-01 19:36:32 | TEMPLOG : WellhouseOne | 128.300
2017-02-01 19:37:34 | TEMPLOG : WellhouseOne | 132.800
2017-02-01 19:38:35 | TEMPLOG : WellhouseOne | 105.800
2017-02-01 19:39:36 | TEMPLOG : WellhouseOne | 081.500
2017-02-01 19:40:38 | TEMPLOG : WellhouseOne | 071.600
2017-02-01 19:41:39 | TEMPLOG : WellhouseOne | 067.100
2017-02-01 19:42:41 | TEMPLOG : WellhouseOne | 060.800
2017-02-01 19:43:42 | TEMPLOG : WellhouseOne | 056.300
2017-02-01 19:44:43 | TEMPLOG : WellhouseOne | 053.600
2017-02-01 19:45:44 | TEMPLOG : WellhouseOne | 051.800
2017-02-01 19:46:46 | TEMPLOG : WellhouseOne | 050.000
2017-02-01 19:47:47 | TEMPLOG : WellhouseOne | 049.100
2017-02-01 19:48:48 | TEMPLOG : WellhouseOne | 048.200
2017-02-01 19:49:51 | TEMPLOG : WellhouseOne | 047.300
2017-02-01 19:50:52 | TEMPLOG : WellhouseOne | 046.400
2017-02-01 19:51:53 | TEMPLOG : WellhouseOne | 045.500
2017-02-01 19:52:54 | TEMPLOG : WellhouseOne | 044.600
2017-02-01 19:54:56 | TEMPLOG : WellhouseOne | 043.700
2017-02-01 19:55:57 | TEMPLOG : WellhouseOne | 042.800
2017-02-01 19:56:59 | TEMPLOG : To   GeoLoop | 044.600
2017-02-01 19:57:59 | TEMPLOG : WellhouseOne | 041.900
2017-02-01 19:58:00 | TEMPLOG : To   GeoLoop | 045.500
2017-02-01 19:59:02 | TEMPLOG : To   GeoLoop | 044.600
2017-02-01 20:00:03 | TEMPLOG : WellhouseOne | 080.600
2017-02-01 20:00:04 | TEMPLOG : To   GeoLoop | 045.500
2017-02-01 20:01:04 | TEMPLOG : WellhouseOne | 110.300
2017-02-01 20:01:05 | TEMPLOG : To   GeoLoop | 044.600
2017-02-01 20:02:05 | TEMPLOG : WellhouseOne | 122.000
2017-02-01 20:02:06 | TEMPLOG : To   GeoLoop | 045.500
2017-02-01 20:03:06 | TEMPLOG : WellhouseOne | 129.200
2017-02-01 20:03:07 | TEMPLOG : To   GeoLoop | 044.600
2017-02-01 20:04:09 | TEMPLOG : WellhouseOne | 132.800
2017-02-01 20:05:10 | TEMPLOG : WellhouseOne | 095.000
2017-02-01 20:06:11 | TEMPLOG : WellhouseOne | 078.800
2017-02-01 20:07:12 | TEMPLOG : WellhouseOne | 069.800
2017-02-01 20:08:14 | TEMPLOG : WellhouseOne | 063.500
2017-02-01 20:09:15 | TEMPLOG : WellhouseOne | 059.000
2017-02-01 20:10:16 | TEMPLOG : WellhouseOne | 055.400
2017-02-01 20:11:18 | TEMPLOG : WellhouseOne | 053.600
2017-02-01 20:12:19 | TEMPLOG : WellhouseOne | 050.900
2017-02-01 20:12:20 | TEMPLOG : To   GeoLoop | 045.500
2017-02-01 20:13:20 | TEMPLOG : WellhouseOne | 050.000
2017-02-01 20:13:21 | TEMPLOG : To   GeoLoop | 044.600
2017-02-01 20:14:21 | TEMPLOG : WellhouseOne | 048.200
2017-02-01 20:15:23 | TEMPLOG : WellhouseOne | 047.300
2017-02-01 20:16:23 | TEMPLOG : WellhouseOne | 046.400
2017-02-01 20:17:25 | TEMPLOG : WellhouseOne | 045.500
2017-02-01 20:19:27 | TEMPLOG : WellhouseOne | 044.600
2017-02-01 20:20:29 | TEMPLOG : WellhouseOne | 043.700
2017-02-01 20:21:30 | TEMPLOG : WellhouseOne | 042.800
2017-02-01 20:23:31 | TEMPLOG : WellhouseOne | 041.900
2017-02-01 20:25:35 | TEMPLOG : WellhouseOne | 041.000
2017-02-01 20:26:36 | TEMPLOG : WellhouseOne | 097.700
2017-02-01 20:27:37 | TEMPLOG : WellhouseOne | 115.700
2017-02-01 20:28:39 | TEMPLOG : WellhouseOne | 124.700
2017-02-01 20:29:40 | TEMPLOG : WellhouseOne | 129.200
2017-02-01 20:30:41 | TEMPLOG : WellhouseOne | 110.300
2017-02-01 20:31:42 | TEMPLOG : WellhouseOne | 080.600
2017-02-01 20:32:43 | TEMPLOG : WellhouseOne | 069.800
2017-02-01 20:33:44 | TEMPLOG : WellhouseOne | 061.700
2017-02-01 20:34:45 | TEMPLOG : WellhouseOne | 058.100
2017-02-01 20:34:46 | TEMPLOG : To   GeoLoop | 043.700
2017-02-01 20:35:47 | TEMPLOG : WellhouseOne | 054.500
2017-02-01 20:36:48 | TEMPLOG : WellhouseOne | 052.700
2017-02-01 20:37:49 | TEMPLOG : WellhouseOne | 050.900
2017-02-01 20:38:50 | TEMPLOG : WellhouseOne | 049.100
2017-02-01 20:39:51 | TEMPLOG : WellhouseOne | 047.300
2017-02-01 20:39:51 | TEMPLOG : To   GeoLoop | 042.800
2017-02-01 20:40:52 | TEMPLOG : WellhouseOne | 046.400
2017-02-01 20:41:53 | TEMPLOG : WellhouseOne | 045.500
2017-02-01 20:42:55 | TEMPLOG : Bio   Filter | 031.100
2017-02-01 20:43:57 | TEMPLOG : WellhouseOne | 044.600
2017-02-01 20:44:58 | TEMPLOG : WellhouseOne | 043.700
2017-02-01 20:47:01 | TEMPLOG : WellhouseOne | 042.800
2017-02-01 20:48:02 | TEMPLOG : WellhouseOne | 041.900
2017-02-01 20:49:04 | TEMPLOG : To   GeoLoop | 041.900
2017-02-01 20:50:05 | TEMPLOG : WellhouseOne | 041.000
2017-02-01 20:51:06 | TEMPLOG : WellhouseOne | 041.900
2017-02-01 20:52:06 | TEMPLOG : WellhouseOne | 099.500
2017-02-01 20:53:07 | TEMPLOG : WellhouseOne | 116.600
2017-02-01 20:54:08 | TEMPLOG : WellhouseOne | 124.700
2017-02-01 20:55:09 | TEMPLOG : WellhouseOne | 129.200
2017-02-01 20:55:10 | TEMPLOG : To   GeoLoop | 041.000
2017-02-01 20:56:11 | TEMPLOG : WellhouseOne | 132.800
2017-02-01 20:57:12 | TEMPLOG : WellhouseOne | 092.300
2017-02-01 20:58:12 | TEMPLOG : WellhouseOne | 077.900
2017-02-01 20:59:14 | TEMPLOG : WellhouseOne | 068.900
2017-02-01 21:00:15 | TEMPLOG : WellhouseOne | 062.600
2017-02-01 21:00:15 | TEMPLOG : Bio   Filter | 031.100
2017-02-01 21:00:15 | TEMPLOG : To   GeoLoop | 041.000
2017-02-01 21:00:15 | TEMPLOG : Table    One | 031.100
2017-02-01 21:01:15 | TEMPLOG : WellhouseOne | 058.100
2017-02-01 21:02:16 | TEMPLOG : WellhouseOne | 055.400
2017-02-01 21:02:17 | TEMPLOG : To   GeoLoop | 040.100
2017-02-01 21:03:17 | TEMPLOG : WellhouseOne | 052.700
2017-02-01 21:03:18 | TEMPLOG : To   GeoLoop | 039.200
2017-02-01 21:04:18 | TEMPLOG : WellhouseOne | 050.900
2017-02-01 21:05:19 | TEMPLOG : WellhouseOne | 050.000
2017-02-01 21:06:21 | TEMPLOG : WellhouseOne | 048.200
2017-02-01 21:07:22 | TEMPLOG : WellhouseOne | 047.300
2017-02-01 21:08:24 | TEMPLOG : WellhouseOne | 046.400
2017-02-01 21:08:24 | TEMPLOG : To   GeoLoop | 040.100
2017-02-01 21:09:25 | TEMPLOG : WellhouseOne | 045.500
2017-02-01 21:10:28 | TEMPLOG : WellhouseOne | 044.600
2017-02-01 21:11:30 | TEMPLOG : To   GeoLoop | 041.000
2017-02-01 21:12:30 | TEMPLOG : WellhouseOne | 043.700
2017-02-01 21:13:32 | TEMPLOG : WellhouseOne | 042.800
2017-02-01 21:13:32 | TEMPLOG : To   GeoLoop | 040.100
2017-02-01 21:14:33 | TEMPLOG : WellhouseOne | 041.900
2017-02-01 21:17:37 | TEMPLOG : WellhouseOne | 041.000
2017-02-01 21:18:39 | TEMPLOG : WellhouseOne | 097.700
2017-02-01 21:19:40 | TEMPLOG : WellhouseOne | 116.600
2017-02-01 21:19:41 | TEMPLOG : To   GeoLoop | 039.200
2017-02-01 21:20:42 | TEMPLOG : WellhouseOne | 124.700
2017-02-01 21:21:43 | TEMPLOG : WellhouseOne | 130.100
2017-02-01 21:22:44 | TEMPLOG : WellhouseOne | 133.700
2017-02-01 21:23:46 | TEMPLOG : WellhouseOne | 087.800
2017-02-01 21:24:48 | TEMPLOG : WellhouseOne | 073.400
2017-02-01 21:25:49 | TEMPLOG : WellhouseOne | 066.200
2017-02-01 21:26:51 | TEMPLOG : WellhouseOne | 060.800
2017-02-01 21:27:52 | TEMPLOG : WellhouseOne | 056.300
2017-02-01 21:28:53 | TEMPLOG : WellhouseOne | 053.600
2017-02-01 21:28:53 | TEMPLOG : Bio   Filter | 030.200
2017-02-01 21:28:54 | TEMPLOG : To   GeoLoop | 038.300
2017-02-01 21:29:55 | TEMPLOG : WellhouseOne | 051.800
2017-02-01 21:29:55 | TEMPLOG : Bio   Filter | 031.100
2017-02-01 21:30:56 | TEMPLOG : WellhouseOne | 050.000
2017-02-01 21:31:57 | TEMPLOG : WellhouseOne | 048.200
2017-02-01 21:31:58 | TEMPLOG : Bio   Filter | 030.200
2017-02-01 21:32:58 | TEMPLOG : WellhouseOne | 047.300
2017-02-01 21:33:59 | TEMPLOG : WellhouseOne | 046.400
2017-02-01 21:35:00 | TEMPLOG : WellhouseOne | 045.500
2017-02-01 21:36:01 | TEMPLOG : WellhouseOne | 044.600
2017-02-01 21:36:01 | TEMPLOG : To   GeoLoop | 037.400
2017-02-01 21:38:04 | TEMPLOG : WellhouseOne | 043.700
2017-02-01 21:40:06 | TEMPLOG : WellhouseOne | 042.800
2017-02-01 21:40:06 | TEMPLOG : To   GeoLoop | 036.500
2017-02-01 21:41:09 | TEMPLOG : To   GeoLoop | 035.600
2017-02-01 21:42:10 | TEMPLOG : WellhouseOne | 041.900
2017-02-01 21:43:11 | TEMPLOG : WellhouseOne | 041.000
2017-02-01 21:44:12 | TEMPLOG : WellhouseOne | 059.000
2017-02-01 21:45:13 | TEMPLOG : WellhouseOne | 104.900
2017-02-01 21:46:15 | TEMPLOG : WellhouseOne | 117.500
2017-02-01 21:46:16 | TEMPLOG : To   GeoLoop | 034.700
2017-02-01 21:47:17 | TEMPLOG : WellhouseOne | 123.800
2017-02-01 21:47:18 | TEMPLOG : Bio   Filter | 031.100
2017-02-01 21:47:18 | TEMPLOG : To   GeoLoop | 035.600
2017-02-01 21:48:18 | TEMPLOG : WellhouseOne | 128.300
2017-02-01 21:49:20 | TEMPLOG : WellhouseOne | 131.000
2017-02-01 21:49:21 | TEMPLOG : To   GeoLoop | 036.500
2017-02-01 21:50:21 | TEMPLOG : WellhouseOne | 101.300
2017-02-01 21:51:22 | TEMPLOG : WellhouseOne | 081.500
2017-02-01 21:51:23 | TEMPLOG : Bio   Filter | 030.200
2017-02-01 21:52:24 | TEMPLOG : WellhouseOne | 071.600
2017-02-01 21:53:25 | TEMPLOG : WellhouseOne | 064.400
2017-02-01 21:54:26 | TEMPLOG : WellhouseOne | 059.900
2017-02-01 21:55:28 | TEMPLOG : WellhouseOne | 055.400
2017-02-01 21:55:29 | TEMPLOG : To   GeoLoop | 035.600
2017-02-01 21:56:31 | TEMPLOG : WellhouseOne | 053.600
2017-02-01 21:57:32 | TEMPLOG : WellhouseOne | 050.900
2017-02-01 21:58:35 | TEMPLOG : WellhouseOne | 050.000
2017-02-01 21:59:35 | TEMPLOG : WellhouseOne | 048.200
2017-02-01 22:00:37 | TEMPLOG : WellhouseOne | 047.300
2017-02-01 22:00:37 | TEMPLOG : Bio   Filter | 030.200
2017-02-01 22:00:38 | TEMPLOG : To   GeoLoop | 035.600
2017-02-01 22:00:38 | TEMPLOG : Table    One | 031.100
2017-02-01 22:01:39 | TEMPLOG : WellhouseOne | 046.400
2017-02-01 22:03:41 | TEMPLOG : WellhouseOne | 045.500
2017-02-01 22:04:42 | TEMPLOG : WellhouseOne | 044.600
2017-02-01 22:06:45 | TEMPLOG : WellhouseOne | 043.700
2017-02-01 22:06:45 | TEMPLOG : To   GeoLoop | 034.700
2017-02-01 22:08:47 | TEMPLOG : WellhouseOne | 042.800
2017-02-01 22:11:50 | TEMPLOG : WellhouseOne | 054.500
2017-02-01 22:11:51 | TEMPLOG : To   GeoLoop | 033.800
2017-02-01 22:12:51 | TEMPLOG : WellhouseOne | 104.000
2017-02-01 22:13:53 | TEMPLOG : WellhouseOne | 118.400
2017-02-01 22:13:53 | TEMPLOG : To   GeoLoop | 032.900
2017-02-01 22:14:54 | TEMPLOG : WellhouseOne | 125.600
2017-02-01 22:15:55 | TEMPLOG : WellhouseOne | 130.100
2017-02-01 22:16:56 | TEMPLOG : WellhouseOne | 132.800
2017-02-01 22:17:57 | TEMPLOG : WellhouseOne | 105.800
2017-02-01 22:18:58 | TEMPLOG : WellhouseOne | 086.900
2017-02-01 22:19:59 | TEMPLOG : WellhouseOne | 073.400
2017-02-01 22:21:00 | TEMPLOG : WellhouseOne | 066.200
2017-02-01 22:22:01 | TEMPLOG : WellhouseOne | 060.800
2017-02-01 22:22:01 | TEMPLOG : To   GeoLoop | 033.800
2017-02-01 22:23:02 | TEMPLOG : WellhouseOne | 057.200
2017-02-01 22:24:03 | TEMPLOG : WellhouseOne | 055.400
2017-02-01 22:25:03 | TEMPLOG : WellhouseOne | 052.700
2017-02-01 22:26:05 | TEMPLOG : WellhouseOne | 050.900
2017-02-01 22:27:06 | TEMPLOG : WellhouseOne | 049.100
2017-02-01 22:29:09 | TEMPLOG : WellhouseOne | 047.300
2017-02-01 22:30:10 | TEMPLOG : WellhouseOne | 046.400
2017-02-01 22:32:12 | TEMPLOG : WellhouseOne | 045.500
2017-02-01 22:33:13 | TEMPLOG : WellhouseOne | 044.600
2017-02-01 22:35:17 | TEMPLOG : WellhouseOne | 043.700
2017-02-01 22:37:18 | TEMPLOG : WellhouseOne | 042.800
2017-02-01 22:39:21 | TEMPLOG : WellhouseOne | 043.700
2017-02-01 22:40:23 | TEMPLOG : WellhouseOne | 102.200
2017-02-01 22:41:24 | TEMPLOG : WellhouseOne | 118.400
2017-02-01 22:41:25 | TEMPLOG : To   GeoLoop | 032.900
2017-02-01 22:42:25 | TEMPLOG : WellhouseOne | 127.400
2017-02-01 22:43:27 | TEMPLOG : WellhouseOne | 131.000
2017-02-01 22:44:28 | TEMPLOG : WellhouseOne | 105.800
2017-02-01 22:45:30 | TEMPLOG : WellhouseOne | 081.500
2017-02-01 22:46:31 | TEMPLOG : WellhouseOne | 071.600
2017-02-01 22:47:32 | TEMPLOG : WellhouseOne | 064.400
2017-02-01 22:48:33 | TEMPLOG : WellhouseOne | 059.000
2017-02-01 22:49:35 | TEMPLOG : WellhouseOne | 055.400
2017-02-01 22:50:35 | TEMPLOG : WellhouseOne | 052.700
2017-02-01 22:51:37 | TEMPLOG : WellhouseOne | 050.900
2017-02-01 22:51:37 | TEMPLOG : To   GeoLoop | 031.100
2017-02-01 22:52:38 | TEMPLOG : WellhouseOne | 049.100
2017-02-01 22:53:39 | TEMPLOG : WellhouseOne | 048.200
2017-02-01 22:53:40 | TEMPLOG : Table    One | 030.200
2017-02-01 22:54:40 | TEMPLOG : WellhouseOne | 047.300
2017-02-01 22:54:41 | TEMPLOG : Table    One | 031.100
2017-02-01 22:55:41 | TEMPLOG : WellhouseOne | 046.400
2017-02-01 22:56:42 | TEMPLOG : WellhouseOne | 045.500
2017-02-01 22:56:44 | TEMPLOG : To   GeoLoop | 032.900
2017-02-01 22:57:45 | TEMPLOG : WellhouseOne | 044.600
2017-02-01 22:58:46 | TEMPLOG : WellhouseOne | 043.700
2017-02-01 22:58:47 | TEMPLOG : Table    One | 030.200
2017-02-01 23:00:48 | TEMPLOG : WellhouseOne | 042.800
2017-02-01 23:00:48 | TEMPLOG : Bio   Filter | 030.200
2017-02-01 23:00:49 | TEMPLOG : To   GeoLoop | 032.900
2017-02-01 23:00:49 | TEMPLOG : Table    One | 031.100
2017-02-01 23:02:50 | TEMPLOG : WellhouseOne | 041.900
2017-02-01 23:04:52 | TEMPLOG : WellhouseOne | 041.000
2017-02-01 23:04:52 | TEMPLOG : Table    One | 030.200
2017-02-01 23:05:52 | TEMPLOG : WellhouseOne | 092.300
2017-02-01 23:06:53 | TEMPLOG : WellhouseOne | 113.900
2017-02-01 23:07:54 | TEMPLOG : WellhouseOne | 124.700
2017-02-01 23:08:55 | TEMPLOG : WellhouseOne | 129.200
2017-02-01 23:09:57 | TEMPLOG : WellhouseOne | 121.100
2017-02-01 23:10:58 | TEMPLOG : WellhouseOne | 087.800
2017-02-01 23:11:59 | TEMPLOG : WellhouseOne | 071.600
2017-02-01 23:13:00 | TEMPLOG : WellhouseOne | 065.300
2017-02-01 23:14:01 | TEMPLOG : WellhouseOne | 059.000
2017-02-01 23:15:03 | TEMPLOG : WellhouseOne | 055.400
2017-02-01 23:16:04 | TEMPLOG : WellhouseOne | 053.600
2017-02-01 23:17:06 | TEMPLOG : WellhouseOne | 050.900
2017-02-01 23:18:08 | TEMPLOG : WellhouseOne | 050.000
2017-02-01 23:19:09 | TEMPLOG : WellhouseOne | 048.200
2017-02-01 23:19:09 | TEMPLOG : Bio   Filter | 029.300
2017-02-01 23:19:09 | TEMPLOG : To   GeoLoop | 031.100
2017-02-01 23:20:09 | TEMPLOG : WellhouseOne | 046.400
2017-02-01 23:21:11 | TEMPLOG : WellhouseOne | 045.500
2017-02-01 23:23:13 | TEMPLOG : WellhouseOne | 044.600
2017-02-01 23:24:14 | TEMPLOG : WellhouseOne | 043.700
2017-02-01 23:24:15 | TEMPLOG : To   GeoLoop | 030.200
2017-02-01 23:25:16 | TEMPLOG : Bio   Filter | 030.200
2017-02-01 23:25:16 | TEMPLOG : To   GeoLoop | 031.100
2017-02-01 23:26:17 | TEMPLOG : WellhouseOne | 042.800
2017-02-01 23:27:20 | TEMPLOG : WellhouseOne | 041.900
2017-02-01 23:27:21 | TEMPLOG : Bio   Filter | 029.300
2017-02-01 23:29:23 | TEMPLOG : WellhouseOne | 041.000
2017-02-01 23:31:25 | TEMPLOG : WellhouseOne | 099.500
2017-02-01 23:32:26 | TEMPLOG : WellhouseOne | 117.500
2017-02-01 23:33:27 | TEMPLOG : WellhouseOne | 125.600
2017-02-01 23:34:28 | TEMPLOG : WellhouseOne | 131.000
2017-02-01 23:35:29 | TEMPLOG : WellhouseOne | 109.400
2017-02-01 23:36:30 | TEMPLOG : WellhouseOne | 080.600
2017-02-01 23:37:31 | TEMPLOG : WellhouseOne | 070.700
2017-02-01 23:38:32 | TEMPLOG : WellhouseOne | 063.500
2017-02-01 23:39:33 | TEMPLOG : WellhouseOne | 058.100
2017-02-01 23:40:34 | TEMPLOG : WellhouseOne | 055.400
2017-02-01 23:41:35 | TEMPLOG : WellhouseOne | 051.800
2017-02-01 23:42:37 | TEMPLOG : WellhouseOne | 050.000
2017-02-01 23:43:38 | TEMPLOG : WellhouseOne | 049.100
2017-02-01 23:44:39 | TEMPLOG : WellhouseOne | 047.300
2017-02-01 23:45:40 | TEMPLOG : WellhouseOne | 046.400
2017-02-01 23:46:42 | TEMPLOG : WellhouseOne | 045.500
2017-02-01 23:47:44 | TEMPLOG : WellhouseOne | 044.600
2017-02-01 23:48:46 | TEMPLOG : WellhouseOne | 043.700
2017-02-01 23:49:48 | TEMPLOG : To   GeoLoop | 030.200
2017-02-01 23:50:48 | TEMPLOG : WellhouseOne | 042.800
2017-02-01 23:51:49 | TEMPLOG : WellhouseOne | 041.900
2017-02-01 23:53:53 | TEMPLOG : WellhouseOne | 041.000
2017-02-01 23:55:55 | TEMPLOG : WellhouseOne | 061.700
2017-02-01 23:55:55 | TEMPLOG : To   GeoLoop | 031.100
2017-02-01 23:56:56 | TEMPLOG : WellhouseOne | 106.700
2017-02-01 23:57:58 | TEMPLOG : WellhouseOne | 122.000
2017-02-01 23:58:59 | TEMPLOG : WellhouseOne | 127.400
