2017-03-18 07:00:55 | -=< Temperature Logger Restart >=-
2017-03-18 07:00:56 | TEMPLOG : WellhouseOne | 054.500
2017-03-18 07:00:56 | TEMPLOG : To   GeoLoop | 051.800
2017-03-18 07:00:56 | TEMPLOG : Table    One | 036.500
2017-03-18 07:01:56 | TEMPLOG : WellhouseOne | 053.600
2017-03-18 07:03:57 | TEMPLOG : WellhouseOne | 052.700
2017-03-18 07:05:59 | TEMPLOG : WellhouseOne | 051.800
2017-03-18 07:08:01 | TEMPLOG : WellhouseOne | 050.900
2017-03-18 07:13:05 | TEMPLOG : WellhouseOne | 050.000
2017-03-18 07:17:08 | TEMPLOG : WellhouseOne | 049.100
2017-03-18 07:18:09 | TEMPLOG : WellhouseOne | 103.100
2017-03-18 07:19:09 | TEMPLOG : WellhouseOne | 122.900
2017-03-18 07:20:10 | TEMPLOG : WellhouseOne | 123.800
2017-03-18 07:21:11 | TEMPLOG : WellhouseOne | 089.600
2017-03-18 07:22:12 | TEMPLOG : WellhouseOne | 078.800
2017-03-18 07:22:13 | TEMPLOG : Table    One | 037.400
2017-03-18 07:23:13 | TEMPLOG : WellhouseOne | 072.500
2017-03-18 07:24:14 | TEMPLOG : WellhouseOne | 067.100
2017-03-18 07:25:15 | TEMPLOG : WellhouseOne | 064.400
2017-03-18 07:26:17 | TEMPLOG : WellhouseOne | 061.700
2017-03-18 07:26:17 | TEMPLOG : Table    One | 038.300
2017-03-18 07:27:18 | TEMPLOG : WellhouseOne | 059.900
2017-03-18 07:28:18 | TEMPLOG : WellhouseOne | 058.100
2017-03-18 07:29:19 | TEMPLOG : WellhouseOne | 057.200
2017-03-18 07:30:21 | TEMPLOG : WellhouseOne | 056.300
2017-03-18 07:30:22 | TEMPLOG : Table    One | 039.200
2017-03-18 07:31:23 | TEMPLOG : WellhouseOne | 055.400
2017-03-18 07:32:24 | TEMPLOG : WellhouseOne | 054.500
2017-03-18 07:34:27 | TEMPLOG : WellhouseOne | 053.600
2017-03-18 07:35:29 | TEMPLOG : WellhouseOne | 052.700
2017-03-18 07:36:30 | TEMPLOG : Table    One | 040.100
2017-03-18 07:37:31 | TEMPLOG : WellhouseOne | 051.800
2017-03-18 07:37:31 | TEMPLOG : To   GeoLoop | 052.700
2017-03-18 07:40:34 | TEMPLOG : WellhouseOne | 050.900
2017-03-18 07:40:35 | TEMPLOG : Table    One | 041.000
2017-03-18 07:44:38 | TEMPLOG : WellhouseOne | 050.000
2017-03-18 07:44:39 | TEMPLOG : Table    One | 041.900
2017-03-18 07:48:42 | TEMPLOG : Table    One | 042.800
2017-03-18 07:49:42 | TEMPLOG : WellhouseOne | 105.800
2017-03-18 07:50:43 | TEMPLOG : WellhouseOne | 125.600
2017-03-18 07:51:43 | TEMPLOG : WellhouseOne | 097.700
2017-03-18 07:52:45 | TEMPLOG : WellhouseOne | 081.500
2017-03-18 07:53:45 | TEMPLOG : WellhouseOne | 074.300
2017-03-18 07:54:46 | TEMPLOG : WellhouseOne | 068.900
2017-03-18 07:54:47 | TEMPLOG : Table    One | 043.700
2017-03-18 07:55:47 | TEMPLOG : WellhouseOne | 065.300
2017-03-18 07:56:47 | TEMPLOG : WellhouseOne | 061.700
2017-03-18 07:57:48 | TEMPLOG : WellhouseOne | 059.900
2017-03-18 07:58:50 | TEMPLOG : WellhouseOne | 058.100
2017-03-18 07:59:51 | TEMPLOG : WellhouseOne | 057.200
2017-03-18 08:00:52 | TEMPLOG : WellhouseOne | 056.300
2017-03-18 08:00:52 | TEMPLOG : To   GeoLoop | 053.600
2017-03-18 08:00:53 | TEMPLOG : Table    One | 044.600
2017-03-18 08:01:53 | TEMPLOG : WellhouseOne | 055.400
2017-03-18 08:03:56 | TEMPLOG : WellhouseOne | 054.500
2017-03-18 08:03:57 | TEMPLOG : Table    One | 045.500
2017-03-18 08:05:59 | TEMPLOG : Table    One | 046.400
2017-03-18 08:06:59 | TEMPLOG : WellhouseOne | 053.600
2017-03-18 08:09:01 | TEMPLOG : WellhouseOne | 052.700
2017-03-18 08:10:03 | TEMPLOG : Table    One | 047.300
2017-03-18 08:12:05 | TEMPLOG : Table    One | 048.200
2017-03-18 08:14:07 | TEMPLOG : To   GeoLoop | 054.500
2017-03-18 08:15:09 | TEMPLOG : Table    One | 049.100
2017-03-18 08:18:12 | TEMPLOG : WellhouseOne | 051.800
2017-03-18 08:18:12 | TEMPLOG : Table    One | 050.000
2017-03-18 08:23:16 | TEMPLOG : WellhouseOne | 101.300
2017-03-18 08:23:16 | TEMPLOG : Table    One | 050.900
2017-03-18 08:24:17 | TEMPLOG : WellhouseOne | 125.600
2017-03-18 08:25:17 | TEMPLOG : WellhouseOne | 087.800
2017-03-18 08:25:18 | TEMPLOG : Table    One | 051.800
2017-03-18 08:26:18 | TEMPLOG : WellhouseOne | 077.900
2017-03-18 08:26:18 | TEMPLOG : Table    One | 052.700
2017-03-18 08:27:18 | TEMPLOG : WellhouseOne | 071.600
2017-03-18 08:27:19 | TEMPLOG : To   GeoLoop | 055.400
2017-03-18 08:27:20 | TEMPLOG : Table    One | 053.600
2017-03-18 08:28:20 | TEMPLOG : WellhouseOne | 067.100
2017-03-18 08:29:22 | TEMPLOG : WellhouseOne | 064.400
2017-03-18 08:30:23 | TEMPLOG : WellhouseOne | 061.700
2017-03-18 08:31:23 | TEMPLOG : WellhouseOne | 060.800
2017-03-18 08:32:25 | TEMPLOG : WellhouseOne | 059.900
2017-03-18 08:33:26 | TEMPLOG : WellhouseOne | 059.000
2017-03-18 08:34:26 | TEMPLOG : WellhouseOne | 058.100
2017-03-18 08:34:27 | TEMPLOG : Table    One | 052.700
2017-03-18 08:35:28 | TEMPLOG : Table    One | 053.600
2017-03-18 08:36:28 | TEMPLOG : WellhouseOne | 057.200
2017-03-18 08:38:32 | TEMPLOG : WellhouseOne | 056.300
2017-03-18 08:40:35 | TEMPLOG : Table    One | 054.500
2017-03-18 08:41:35 | TEMPLOG : WellhouseOne | 055.400
2017-03-18 08:42:37 | TEMPLOG : Table    One | 055.400
2017-03-18 08:43:37 | TEMPLOG : WellhouseOne | 054.500
2017-03-18 08:43:38 | TEMPLOG : Table    One | 056.300
2017-03-18 08:44:38 | TEMPLOG : WellhouseOne | 055.400
2017-03-18 08:45:38 | TEMPLOG : WellhouseOne | 054.500
2017-03-18 08:45:39 | TEMPLOG : Table    One | 057.200
2017-03-18 08:46:39 | TEMPLOG : Table    One | 058.100
2017-03-18 08:47:40 | TEMPLOG : To   GeoLoop | 056.300
2017-03-18 08:47:40 | TEMPLOG : Table    One | 057.200
2017-03-18 08:48:40 | TEMPLOG : WellhouseOne | 053.600
2017-03-18 08:49:42 | TEMPLOG : Table    One | 058.100
2017-03-18 08:51:45 | TEMPLOG : Table    One | 059.000
2017-03-18 08:54:48 | TEMPLOG : Table    One | 059.900
2017-03-18 08:55:49 | TEMPLOG : Table    One | 060.800
2017-03-18 08:58:51 | TEMPLOG : WellhouseOne | 098.600
2017-03-18 08:59:53 | TEMPLOG : WellhouseOne | 125.600
2017-03-18 09:00:54 | TEMPLOG : WellhouseOne | 091.400
2017-03-18 09:00:54 | TEMPLOG : To   GeoLoop | 056.300
2017-03-18 09:00:55 | TEMPLOG : Table    One | 059.900
2017-03-18 09:01:55 | TEMPLOG : WellhouseOne | 080.600
2017-03-18 09:01:56 | TEMPLOG : Table    One | 060.800
2017-03-18 09:02:56 | TEMPLOG : WellhouseOne | 075.200
2017-03-18 09:03:56 | TEMPLOG : WellhouseOne | 070.700
2017-03-18 09:04:57 | TEMPLOG : WellhouseOne | 068.000
2017-03-18 09:05:58 | TEMPLOG : WellhouseOne | 066.200
2017-03-18 09:05:58 | TEMPLOG : Table    One | 059.900
2017-03-18 09:06:58 | TEMPLOG : WellhouseOne | 064.400
2017-03-18 09:08:00 | TEMPLOG : WellhouseOne | 063.500
2017-03-18 09:09:01 | TEMPLOG : WellhouseOne | 062.600
2017-03-18 09:10:03 | TEMPLOG : WellhouseOne | 061.700
2017-03-18 09:11:04 | TEMPLOG : WellhouseOne | 060.800
2017-03-18 09:12:04 | TEMPLOG : WellhouseOne | 059.900
2017-03-18 09:12:05 | TEMPLOG : To   GeoLoop | 057.200
2017-03-18 09:14:06 | TEMPLOG : WellhouseOne | 059.000
2017-03-18 09:14:06 | TEMPLOG : Table    One | 060.800
2017-03-18 09:15:08 | TEMPLOG : Table    One | 061.700
2017-03-18 09:16:08 | TEMPLOG : Table    One | 062.600
2017-03-18 09:17:09 | TEMPLOG : WellhouseOne | 058.100
2017-03-18 09:17:10 | TEMPLOG : Table    One | 063.500
2017-03-18 09:19:12 | TEMPLOG : Table    One | 064.400
2017-03-18 09:20:12 | TEMPLOG : Table    One | 065.300
2017-03-18 09:21:13 | TEMPLOG : To   GeoLoop | 058.100
2017-03-18 09:21:13 | TEMPLOG : Table    One | 066.200
2017-03-18 09:22:13 | TEMPLOG : WellhouseOne | 057.200
2017-03-18 09:23:15 | TEMPLOG : Table    One | 067.100
2017-03-18 09:24:16 | TEMPLOG : Table    One | 066.200
2017-03-18 09:25:18 | TEMPLOG : Table    One | 067.100
2017-03-18 09:29:22 | TEMPLOG : Table    One | 068.000
2017-03-18 09:30:22 | TEMPLOG : WellhouseOne | 056.300
2017-03-18 09:30:22 | TEMPLOG : Table    One | 067.100
2017-03-18 09:33:25 | TEMPLOG : Table    One | 068.000
2017-03-18 09:34:25 | TEMPLOG : Table    One | 069.800
2017-03-18 09:35:26 | TEMPLOG : To   GeoLoop | 059.000
2017-03-18 09:35:26 | TEMPLOG : Table    One | 070.700
2017-03-18 09:36:27 | TEMPLOG : Table    One | 071.600
2017-03-18 09:37:27 | TEMPLOG : WellhouseOne | 055.400
2017-03-18 09:37:28 | TEMPLOG : Table    One | 070.700
2017-03-18 09:39:30 | TEMPLOG : WellhouseOne | 059.000
2017-03-18 09:39:30 | TEMPLOG : Table    One | 071.600
2017-03-18 09:40:31 | TEMPLOG : WellhouseOne | 114.800
2017-03-18 09:40:32 | TEMPLOG : Table    One | 072.500
2017-03-18 09:41:32 | TEMPLOG : WellhouseOne | 095.900
2017-03-18 09:42:33 | TEMPLOG : WellhouseOne | 082.400
2017-03-18 09:42:33 | TEMPLOG : Table    One | 073.400
2017-03-18 09:43:34 | TEMPLOG : WellhouseOne | 076.100
2017-03-18 09:43:34 | TEMPLOG : To   GeoLoop | 059.900
2017-03-18 09:43:34 | TEMPLOG : Table    One | 072.500
2017-03-18 09:44:34 | TEMPLOG : WellhouseOne | 072.500
2017-03-18 09:45:36 | TEMPLOG : WellhouseOne | 068.900
2017-03-18 09:46:37 | TEMPLOG : WellhouseOne | 067.100
2017-03-18 09:46:38 | TEMPLOG : Table    One | 073.400
2017-03-18 09:47:38 | TEMPLOG : WellhouseOne | 065.300
2017-03-18 09:47:38 | TEMPLOG : Table    One | 072.500
2017-03-18 09:48:38 | TEMPLOG : WellhouseOne | 063.500
2017-03-18 09:48:39 | TEMPLOG : Table    One | 073.400
2017-03-18 09:49:39 | TEMPLOG : WellhouseOne | 062.600
2017-03-18 09:50:40 | TEMPLOG : WellhouseOne | 061.700
2017-03-18 09:50:42 | TEMPLOG : Table    One | 074.300
2017-03-18 09:52:43 | TEMPLOG : Table    One | 075.200
2017-03-18 09:53:43 | TEMPLOG : WellhouseOne | 060.800
2017-03-18 09:54:44 | TEMPLOG : WellhouseOne | 059.900
2017-03-18 09:54:45 | TEMPLOG : Table    One | 076.100
2017-03-18 09:55:46 | TEMPLOG : To   GeoLoop | 060.800
2017-03-18 09:56:47 | TEMPLOG : Table    One | 077.000
2017-03-18 09:58:49 | TEMPLOG : WellhouseOne | 059.000
2017-03-18 10:00:51 | TEMPLOG : WellhouseOne | 058.100
2017-03-18 10:00:52 | TEMPLOG : To   GeoLoop | 060.800
2017-03-18 10:00:52 | TEMPLOG : Table    One | 077.000
2017-03-18 10:04:55 | TEMPLOG : To   GeoLoop | 061.700
2017-03-18 10:04:56 | TEMPLOG : Table    One | 077.900
2017-03-18 10:05:56 | TEMPLOG : WellhouseOne | 057.200
2017-03-18 10:05:56 | TEMPLOG : To   GeoLoop | 060.800
2017-03-18 10:06:57 | TEMPLOG : To   GeoLoop | 061.700
2017-03-18 10:06:57 | TEMPLOG : Table    One | 078.800
2017-03-18 10:17:04 | TEMPLOG : To   GeoLoop | 062.600
2017-03-18 10:17:04 | TEMPLOG : Table    One | 079.700
2017-03-18 10:21:08 | TEMPLOG : WellhouseOne | 070.700
2017-03-18 10:21:09 | TEMPLOG : To   GeoLoop | 061.700
2017-03-18 10:22:09 | TEMPLOG : WellhouseOne | 121.100
2017-03-18 10:22:09 | TEMPLOG : To   GeoLoop | 062.600
2017-03-18 10:23:09 | TEMPLOG : WellhouseOne | 091.400
2017-03-18 10:23:10 | TEMPLOG : Table    One | 080.600
2017-03-18 10:24:10 | TEMPLOG : WellhouseOne | 082.400
2017-03-18 10:25:12 | TEMPLOG : WellhouseOne | 076.100
2017-03-18 10:26:13 | TEMPLOG : WellhouseOne | 072.500
2017-03-18 10:26:13 | TEMPLOG : Table    One | 081.500
2017-03-18 10:27:14 | TEMPLOG : WellhouseOne | 070.700
2017-03-18 10:27:14 | TEMPLOG : Table    One | 082.400
2017-03-18 10:28:14 | TEMPLOG : WellhouseOne | 068.900
2017-03-18 10:29:15 | TEMPLOG : WellhouseOne | 067.100
2017-03-18 10:30:16 | TEMPLOG : WellhouseOne | 066.200
2017-03-18 10:30:17 | TEMPLOG : To   GeoLoop | 063.500
2017-03-18 10:30:17 | TEMPLOG : Table    One | 083.300
2017-03-18 10:31:17 | TEMPLOG : WellhouseOne | 065.300
2017-03-18 10:31:18 | TEMPLOG : Table    One | 084.200
2017-03-18 10:32:18 | TEMPLOG : WellhouseOne | 063.500
2017-03-18 10:32:19 | TEMPLOG : Table    One | 085.100
2017-03-18 10:33:20 | TEMPLOG : WellhouseOne | 062.600
2017-03-18 10:33:20 | TEMPLOG : To   GeoLoop | 064.400
2017-03-18 10:33:21 | TEMPLOG : Table    One | 086.000
2017-03-18 10:36:22 | TEMPLOG : WellhouseOne | 061.700
2017-03-18 10:36:23 | TEMPLOG : Table    One | 084.200
2017-03-18 10:37:24 | TEMPLOG : Table    One | 085.100
2017-03-18 10:38:25 | TEMPLOG : Table    One | 084.200
2017-03-18 10:40:26 | TEMPLOG : Table    One | 085.100
2017-03-18 10:41:27 | TEMPLOG : Table    One | 086.000
2017-03-18 10:43:30 | TEMPLOG : Table    One | 086.900
2017-03-18 10:45:30 | TEMPLOG : WellhouseOne | 060.800
2017-03-18 10:45:30 | TEMPLOG : To   GeoLoop | 065.300
2017-03-18 10:49:35 | TEMPLOG : Table    One | 088.700
2017-03-18 10:51:36 | TEMPLOG : WellhouseOne | 061.700
2017-03-18 10:51:36 | TEMPLOG : To   GeoLoop | 066.200
2017-03-18 10:51:37 | TEMPLOG : Table    One | 087.800
2017-03-18 10:52:37 | TEMPLOG : WellhouseOne | 060.800
2017-03-18 10:52:37 | TEMPLOG : Table    One | 088.700
2017-03-18 10:53:38 | TEMPLOG : Table    One | 089.600
2017-03-18 10:56:41 | TEMPLOG : To   GeoLoop | 067.100
2017-03-18 10:57:42 | TEMPLOG : Table    One | 090.500
2017-03-18 11:00:43 | TEMPLOG : WellhouseOne | 060.800
2017-03-18 11:00:44 | TEMPLOG : To   GeoLoop | 068.000
2017-03-18 11:00:44 | TEMPLOG : Table    One | 091.400
2017-03-18 11:02:46 | TEMPLOG : Table    One | 092.300
2017-03-18 11:03:47 | TEMPLOG : Table    One | 091.400
2017-03-18 11:04:48 | TEMPLOG : Table    One | 090.500
2017-03-18 11:05:49 | TEMPLOG : To   GeoLoop | 068.900
2017-03-18 11:06:50 | TEMPLOG : Table    One | 091.400
2017-03-18 11:09:53 | TEMPLOG : To   GeoLoop | 069.800
2017-03-18 11:09:53 | TEMPLOG : Table    One | 090.500
2017-03-18 11:10:53 | TEMPLOG : Table    One | 091.400
2017-03-18 11:11:54 | TEMPLOG : Table    One | 090.500
2017-03-18 11:13:56 | TEMPLOG : Table    One | 089.600
2017-03-18 11:14:57 | TEMPLOG : Table    One | 090.500
2017-03-18 11:15:57 | TEMPLOG : WellhouseOne | 061.700
2017-03-18 11:17:59 | TEMPLOG : Table    One | 091.400
2017-03-18 11:21:02 | TEMPLOG : WellhouseOne | 112.100
2017-03-18 11:22:03 | TEMPLOG : WellhouseOne | 094.100
2017-03-18 11:22:03 | TEMPLOG : To   GeoLoop | 070.700
2017-03-18 11:22:03 | TEMPLOG : Table    One | 093.200
2017-03-18 11:23:04 | TEMPLOG : WellhouseOne | 083.300
2017-03-18 11:24:05 | TEMPLOG : WellhouseOne | 078.800
2017-03-18 11:25:05 | TEMPLOG : WellhouseOne | 076.100
2017-03-18 11:26:06 | TEMPLOG : WellhouseOne | 073.400
2017-03-18 11:26:06 | TEMPLOG : To   GeoLoop | 071.600
2017-03-18 11:27:08 | TEMPLOG : WellhouseOne | 072.500
2017-03-18 11:28:09 | TEMPLOG : WellhouseOne | 070.700
2017-03-18 11:29:10 | TEMPLOG : Table    One | 094.100
2017-03-18 11:30:10 | TEMPLOG : WellhouseOne | 068.900
2017-03-18 11:30:10 | TEMPLOG : Table    One | 095.000
2017-03-18 11:31:11 | TEMPLOG : To   GeoLoop | 072.500
2017-03-18 11:32:12 | TEMPLOG : Table    One | 095.900
2017-03-18 11:34:13 | TEMPLOG : WellhouseOne | 068.000
2017-03-18 11:35:14 | TEMPLOG : Table    One | 096.800
2017-03-18 11:36:14 | TEMPLOG : To   GeoLoop | 073.400
2017-03-18 11:36:14 | TEMPLOG : Table    One | 097.700
2017-03-18 11:37:16 | TEMPLOG : Table    One | 098.600
2017-03-18 11:38:16 | TEMPLOG : To   GeoLoop | 074.300
2017-03-18 11:42:19 | TEMPLOG : Table    One | 099.500
2017-03-18 11:43:20 | TEMPLOG : To   GeoLoop | 075.200
2017-03-18 11:44:20 | TEMPLOG : WellhouseOne | 068.900
2017-03-18 11:45:22 | TEMPLOG : Table    One | 098.600
2017-03-18 11:46:23 | TEMPLOG : Table    One | 097.700
2017-03-18 11:50:26 | TEMPLOG : WellhouseOne | 069.800
2017-03-18 11:50:26 | TEMPLOG : Table    One | 096.800
2017-03-18 11:51:27 | TEMPLOG : Table    One | 095.900
2017-03-18 11:53:29 | TEMPLOG : Table    One | 097.700
2017-03-18 11:54:30 | TEMPLOG : To   GeoLoop | 076.100
2017-03-18 11:55:31 | TEMPLOG : Table    One | 098.600
2017-03-18 11:59:34 | TEMPLOG : To   GeoLoop | 077.000
2017-03-18 12:00:34 | TEMPLOG : WellhouseOne | 069.800
2017-03-18 12:00:34 | TEMPLOG : To   GeoLoop | 077.000
2017-03-18 12:00:35 | TEMPLOG : Table    One | 098.600
2017-03-18 12:02:36 | TEMPLOG : WellhouseOne | 068.900
2017-03-18 12:04:39 | TEMPLOG : To   GeoLoop | 077.900
2017-03-18 12:06:41 | TEMPLOG : Table    One | 097.700
2017-03-18 12:07:41 | TEMPLOG : WellhouseOne | 069.800
2017-03-18 12:08:42 | TEMPLOG : Table    One | 096.800
2017-03-18 12:10:44 | TEMPLOG : Table    One | 095.900
2017-03-18 12:11:45 | TEMPLOG : Table    One | 096.800
2017-03-18 12:12:45 | TEMPLOG : WellhouseOne | 068.900
2017-03-18 12:12:45 | TEMPLOG : Table    One | 097.700
2017-03-18 12:13:46 | TEMPLOG : To   GeoLoop | 077.000
2017-03-18 12:13:46 | TEMPLOG : Table    One | 096.800
2017-03-18 12:16:50 | TEMPLOG : Table    One | 097.700
2017-03-18 12:17:50 | TEMPLOG : To   GeoLoop | 077.900
2017-03-18 12:20:54 | TEMPLOG : WellhouseOne | 069.800
2017-03-18 12:20:54 | TEMPLOG : To   GeoLoop | 078.800
2017-03-18 12:21:55 | TEMPLOG : WellhouseOne | 068.900
2017-03-18 12:22:56 | TEMPLOG : WellhouseOne | 069.800
2017-03-18 12:22:56 | TEMPLOG : Table    One | 098.600
2017-03-18 12:24:58 | TEMPLOG : Table    One | 099.500
2017-03-18 12:25:59 | TEMPLOG : WellhouseOne | 070.700
2017-03-18 12:25:59 | TEMPLOG : Table    One | 098.600
2017-03-18 12:27:00 | TEMPLOG : WellhouseOne | 069.800
2017-03-18 12:27:00 | TEMPLOG : Table    One | 099.500
2017-03-18 12:28:01 | TEMPLOG : To   GeoLoop | 079.700
2017-03-18 12:29:03 | TEMPLOG : Table    One | 100.400
2017-03-18 12:30:04 | TEMPLOG : To   GeoLoop | 080.600
2017-03-18 12:30:04 | TEMPLOG : Table    One | 101.300
2017-03-18 12:32:05 | TEMPLOG : WellhouseOne | 070.700
2017-03-18 12:32:07 | TEMPLOG : Table    One | 102.200
2017-03-18 12:34:10 | TEMPLOG : Table    One | 101.300
2017-03-18 12:36:10 | TEMPLOG : WellhouseOne | 069.800
2017-03-18 12:36:10 | TEMPLOG : To   GeoLoop | 081.500
2017-03-18 12:39:13 | TEMPLOG : To   GeoLoop | 082.400
2017-03-18 12:39:13 | TEMPLOG : Table    One | 102.200
2017-03-18 12:40:13 | TEMPLOG : WellhouseOne | 070.700
2017-03-18 12:40:14 | TEMPLOG : Table    One | 103.100
2017-03-18 12:41:15 | TEMPLOG : WellhouseOne | 069.800
2017-03-18 12:41:16 | TEMPLOG : To   GeoLoop | 081.500
2017-03-18 12:42:16 | TEMPLOG : To   GeoLoop | 082.400
2017-03-18 12:45:18 | TEMPLOG : WellhouseOne | 070.700
2017-03-18 12:45:18 | TEMPLOG : Table    One | 102.200
2017-03-18 12:46:18 | TEMPLOG : WellhouseOne | 069.800
2017-03-18 12:46:19 | TEMPLOG : Table    One | 103.100
2017-03-18 12:49:21 | TEMPLOG : WellhouseOne | 070.700
2017-03-18 12:49:21 | TEMPLOG : To   GeoLoop | 083.300
2017-03-18 12:50:22 | TEMPLOG : Table    One | 104.900
2017-03-18 12:52:23 | TEMPLOG : WellhouseOne | 071.600
2017-03-18 12:52:24 | TEMPLOG : Table    One | 104.000
2017-03-18 12:54:28 | TEMPLOG : Table    One | 104.900
2017-03-18 12:55:30 | TEMPLOG : Table    One | 105.800
2017-03-18 12:56:30 | TEMPLOG : WellhouseOne | 070.700
2017-03-18 12:57:31 | TEMPLOG : To   GeoLoop | 084.200
2017-03-18 12:57:32 | TEMPLOG : Table    One | 106.700
2017-03-18 12:58:32 | TEMPLOG : Table    One | 105.800
2017-03-18 13:00:33 | TEMPLOG : WellhouseOne | 070.700
2017-03-18 13:00:34 | TEMPLOG : To   GeoLoop | 084.200
2017-03-18 13:00:34 | TEMPLOG : Table    One | 105.800
2017-03-18 13:01:35 | TEMPLOG : WellhouseOne | 071.600
2017-03-18 13:02:35 | TEMPLOG : WellhouseOne | 070.700
2017-03-18 13:04:38 | TEMPLOG : To   GeoLoop | 083.300
2017-03-18 13:06:40 | TEMPLOG : To   GeoLoop | 084.200
2017-03-18 13:08:42 | TEMPLOG : WellhouseOne | 071.600
2017-03-18 13:08:42 | TEMPLOG : To   GeoLoop | 085.100
2017-03-18 13:08:42 | TEMPLOG : Table    One | 106.700
2017-03-18 13:09:44 | TEMPLOG : Table    One | 105.800
2017-03-18 13:10:44 | TEMPLOG : To   GeoLoop | 086.000
2017-03-18 13:10:45 | TEMPLOG : Table    One | 104.900
2017-03-18 13:12:47 | TEMPLOG : To   GeoLoop | 085.100
2017-03-18 13:12:47 | TEMPLOG : Table    One | 106.700
2017-03-18 13:13:47 | TEMPLOG : Table    One | 107.600
2017-03-18 13:14:48 | TEMPLOG : To   GeoLoop | 086.000
2017-03-18 13:14:48 | TEMPLOG : Table    One | 106.700
2017-03-18 13:15:49 | TEMPLOG : WellhouseOne | 072.500
2017-03-18 13:15:49 | TEMPLOG : Table    One | 105.800
2017-03-18 13:16:50 | TEMPLOG : WellhouseOne | 071.600
2017-03-18 13:17:52 | TEMPLOG : Table    One | 106.700
2017-03-18 13:18:53 | TEMPLOG : To   GeoLoop | 085.100
2017-03-18 13:18:53 | TEMPLOG : Table    One | 107.600
2017-03-18 13:21:55 | TEMPLOG : To   GeoLoop | 086.000
2017-03-18 13:23:56 | TEMPLOG : WellhouseOne | 072.500
2017-03-18 13:23:57 | TEMPLOG : To   GeoLoop | 086.900
2017-03-18 13:23:57 | TEMPLOG : Table    One | 108.500
2017-03-18 13:25:59 | TEMPLOG : To   GeoLoop | 086.000
2017-03-18 13:25:59 | TEMPLOG : Table    One | 109.400
2017-03-18 13:26:59 | TEMPLOG : WellhouseOne | 071.600
2017-03-18 13:28:00 | TEMPLOG : Table    One | 110.300
2017-03-18 13:29:01 | TEMPLOG : To   GeoLoop | 086.900
2017-03-18 13:32:04 | TEMPLOG : WellhouseOne | 072.500
2017-03-18 13:32:04 | TEMPLOG : Table    One | 109.400
2017-03-18 13:33:04 | TEMPLOG : WellhouseOne | 073.400
2017-03-18 13:33:05 | TEMPLOG : Table    One | 107.600
2017-03-18 13:35:07 | TEMPLOG : To   GeoLoop | 087.800
2017-03-18 13:36:08 | TEMPLOG : WellhouseOne | 072.500
2017-03-18 13:37:09 | TEMPLOG : To   GeoLoop | 086.900
2017-03-18 13:37:09 | TEMPLOG : Table    One | 108.500
2017-03-18 13:38:09 | TEMPLOG : To   GeoLoop | 087.800
2017-03-18 13:39:10 | TEMPLOG : WellhouseOne | 071.600
2017-03-18 13:39:10 | TEMPLOG : To   GeoLoop | 086.900
2017-03-18 13:40:11 | TEMPLOG : Table    One | 109.400
2017-03-18 13:43:13 | TEMPLOG : To   GeoLoop | 087.800
2017-03-18 13:45:17 | TEMPLOG : Table    One | 110.300
2017-03-18 13:46:17 | TEMPLOG : To   GeoLoop | 086.900
2017-03-18 13:46:18 | TEMPLOG : Table    One | 109.400
2017-03-18 13:49:21 | TEMPLOG : Table    One | 110.300
2017-03-18 13:50:22 | TEMPLOG : To   GeoLoop | 086.000
2017-03-18 13:51:23 | TEMPLOG : WellhouseOne | 070.700
2017-03-18 13:51:23 | TEMPLOG : Table    One | 109.400
2017-03-18 13:52:24 | TEMPLOG : To   GeoLoop | 085.100
2017-03-18 13:53:25 | TEMPLOG : Table    One | 110.300
2017-03-18 13:55:26 | TEMPLOG : Table    One | 109.400
2017-03-18 13:58:29 | TEMPLOG : To   GeoLoop | 086.000
2017-03-18 14:00:30 | TEMPLOG : WellhouseOne | 070.700
2017-03-18 14:00:30 | TEMPLOG : To   GeoLoop | 085.100
2017-03-18 14:00:30 | TEMPLOG : Table    One | 110.300
2017-03-18 14:01:31 | TEMPLOG : To   GeoLoop | 086.000
2017-03-18 14:02:32 | TEMPLOG : WellhouseOne | 071.600
2017-03-18 14:03:32 | TEMPLOG : WellhouseOne | 070.700
2017-03-18 14:07:36 | TEMPLOG : To   GeoLoop | 086.900
2017-03-18 14:08:38 | TEMPLOG : Table    One | 111.200
2017-03-18 14:10:40 | TEMPLOG : Table    One | 110.300
2017-03-18 14:11:41 | TEMPLOG : Table    One | 109.400
2017-03-18 14:12:41 | TEMPLOG : WellhouseOne | 071.600
2017-03-18 14:12:42 | TEMPLOG : To   GeoLoop | 087.800
2017-03-18 14:13:42 | TEMPLOG : To   GeoLoop | 086.900
2017-03-18 14:13:43 | TEMPLOG : Table    One | 110.300
2017-03-18 14:14:43 | TEMPLOG : WellhouseOne | 070.700
2017-03-18 14:15:44 | TEMPLOG : To   GeoLoop | 087.800
2017-03-18 14:16:44 | TEMPLOG : WellhouseOne | 071.600
2017-03-18 14:16:45 | TEMPLOG : Table    One | 109.400
2017-03-18 14:17:46 | TEMPLOG : WellhouseOne | 070.700
2017-03-18 14:17:46 | TEMPLOG : Table    One | 108.500
2017-03-18 14:19:48 | TEMPLOG : Table    One | 109.400
2017-03-18 14:21:50 | TEMPLOG : Table    One | 110.300
2017-03-18 14:22:51 | TEMPLOG : Table    One | 109.400
2017-03-18 14:23:51 | TEMPLOG : Table    One | 111.200
2017-03-18 14:24:54 | TEMPLOG : Table    One | 112.100
2017-03-18 14:25:55 | TEMPLOG : Table    One | 113.000
2017-03-18 14:26:56 | TEMPLOG : Table    One | 113.900
2017-03-18 14:28:57 | TEMPLOG : WellhouseOne | 071.600
2017-03-18 14:28:58 | TEMPLOG : Table    One | 112.100
2017-03-18 14:29:59 | TEMPLOG : To   GeoLoop | 088.700
2017-03-18 14:29:59 | TEMPLOG : Table    One | 111.200
2017-03-18 14:32:00 | TEMPLOG : WellhouseOne | 072.500
2017-03-18 14:34:03 | TEMPLOG : WellhouseOne | 073.400
2017-03-18 14:34:04 | TEMPLOG : Table    One | 110.300
2017-03-18 14:35:04 | TEMPLOG : WellhouseOne | 072.500
2017-03-18 14:35:05 | TEMPLOG : Table    One | 111.200
2017-03-18 14:36:05 | TEMPLOG : WellhouseOne | 073.400
2017-03-18 14:37:06 | TEMPLOG : Table    One | 110.300
2017-03-18 14:38:06 | TEMPLOG : WellhouseOne | 074.300
2017-03-18 14:38:06 | TEMPLOG : To   GeoLoop | 089.600
2017-03-18 14:39:08 | TEMPLOG : WellhouseOne | 073.400
2017-03-18 14:39:09 | TEMPLOG : Table    One | 111.200
2017-03-18 14:40:09 | TEMPLOG : Table    One | 112.100
2017-03-18 14:41:09 | TEMPLOG : WellhouseOne | 072.500
2017-03-18 14:42:10 | TEMPLOG : WellhouseOne | 073.400
2017-03-18 14:42:11 | TEMPLOG : Table    One | 111.200
2017-03-18 14:44:12 | TEMPLOG : WellhouseOne | 074.300
2017-03-18 14:45:13 | TEMPLOG : WellhouseOne | 073.400
2017-03-18 14:45:13 | TEMPLOG : Table    One | 112.100
2017-03-18 14:48:15 | TEMPLOG : WellhouseOne | 072.500
2017-03-18 14:48:17 | TEMPLOG : Table    One | 113.000
2017-03-18 14:49:18 | TEMPLOG : Table    One | 113.900
2017-03-18 14:50:20 | TEMPLOG : Table    One | 114.800
2017-03-18 14:52:22 | TEMPLOG : Table    One | 113.900
2017-03-18 14:54:24 | TEMPLOG : WellhouseOne | 071.600
2017-03-18 14:54:25 | TEMPLOG : Table    One | 114.800
2017-03-18 14:55:25 | TEMPLOG : Table    One | 113.900
2017-03-18 14:56:26 | TEMPLOG : To   GeoLoop | 088.700
2017-03-18 14:56:26 | TEMPLOG : Table    One | 114.800
2017-03-18 14:57:26 | TEMPLOG : WellhouseOne | 072.500
2017-03-18 14:57:27 | TEMPLOG : To   GeoLoop | 089.600
2017-03-18 14:57:28 | TEMPLOG : Table    One | 113.900
2017-03-18 14:58:28 | TEMPLOG : To   GeoLoop | 088.700
2017-03-18 14:58:28 | TEMPLOG : Table    One | 114.800
2017-03-18 14:59:29 | TEMPLOG : Table    One | 115.700
2017-03-18 15:00:29 | TEMPLOG : WellhouseOne | 072.500
2017-03-18 15:00:29 | TEMPLOG : To   GeoLoop | 088.700
2017-03-18 15:00:29 | TEMPLOG : Table    One | 115.700
2017-03-18 15:01:30 | TEMPLOG : Table    One | 114.800
2017-03-18 15:02:30 | TEMPLOG : To   GeoLoop | 089.600
2017-03-18 15:03:31 | TEMPLOG : Table    One | 113.900
2017-03-18 15:04:32 | TEMPLOG : Table    One | 113.000
2017-03-18 15:06:34 | TEMPLOG : Table    One | 112.100
2017-03-18 15:09:36 | TEMPLOG : To   GeoLoop | 088.700
2017-03-18 15:10:36 | TEMPLOG : WellhouseOne | 071.600
2017-03-18 15:11:37 | TEMPLOG : WellhouseOne | 072.500
2017-03-18 15:12:38 | TEMPLOG : To   GeoLoop | 089.600
2017-03-18 15:14:41 | TEMPLOG : To   GeoLoop | 088.700
2017-03-18 15:14:41 | TEMPLOG : Table    One | 111.200
2017-03-18 15:18:45 | TEMPLOG : Table    One | 110.300
2017-03-18 15:21:47 | TEMPLOG : WellhouseOne | 073.400
2017-03-18 15:22:48 | TEMPLOG : Table    One | 109.400
2017-03-18 15:24:49 | TEMPLOG : WellhouseOne | 072.500
2017-03-18 15:24:49 | TEMPLOG : To   GeoLoop | 089.600
2017-03-18 15:26:51 | TEMPLOG : To   GeoLoop | 088.700
2017-03-18 15:26:51 | TEMPLOG : Table    One | 110.300
2017-03-18 15:27:52 | TEMPLOG : Table    One | 111.200
2017-03-18 15:28:53 | TEMPLOG : Table    One | 110.300
2017-03-18 15:29:54 | TEMPLOG : Table    One | 109.400
2017-03-18 15:30:55 | TEMPLOG : WellhouseOne | 073.400
2017-03-18 15:30:55 | TEMPLOG : To   GeoLoop | 087.800
2017-03-18 15:30:56 | TEMPLOG : Table    One | 108.500
2017-03-18 15:32:57 | TEMPLOG : WellhouseOne | 074.300
2017-03-18 15:32:57 | TEMPLOG : Table    One | 107.600
2017-03-18 15:33:58 | TEMPLOG : To   GeoLoop | 086.900
2017-03-18 15:33:59 | TEMPLOG : Table    One | 108.500
2017-03-18 15:34:59 | TEMPLOG : WellhouseOne | 075.200
2017-03-18 15:34:59 | TEMPLOG : Table    One | 107.600
2017-03-18 15:36:00 | TEMPLOG : To   GeoLoop | 087.800
2017-03-18 15:36:01 | TEMPLOG : Table    One | 106.700
2017-03-18 15:37:01 | TEMPLOG : WellhouseOne | 074.300
2017-03-18 15:37:01 | TEMPLOG : To   GeoLoop | 086.900
2017-03-18 15:38:03 | TEMPLOG : Table    One | 107.600
2017-03-18 15:41:05 | TEMPLOG : WellhouseOne | 073.400
2017-03-18 15:41:05 | TEMPLOG : To   GeoLoop | 086.000
2017-03-18 15:42:06 | TEMPLOG : To   GeoLoop | 086.900
2017-03-18 15:42:06 | TEMPLOG : Table    One | 106.700
2017-03-18 15:43:07 | TEMPLOG : To   GeoLoop | 086.000
2017-03-18 15:44:08 | TEMPLOG : To   GeoLoop | 086.900
2017-03-18 15:44:08 | TEMPLOG : Table    One | 108.500
2017-03-18 15:45:08 | TEMPLOG : To   GeoLoop | 087.800
2017-03-18 15:47:11 | TEMPLOG : Table    One | 107.600
2017-03-18 15:49:13 | TEMPLOG : Table    One | 108.500
2017-03-18 15:50:14 | TEMPLOG : Table    One | 109.400
2017-03-18 15:51:14 | TEMPLOG : To   GeoLoop | 088.700
2017-03-18 15:51:15 | TEMPLOG : Table    One | 110.300
2017-03-18 15:54:17 | TEMPLOG : WellhouseOne | 072.500
2017-03-18 15:56:19 | TEMPLOG : WellhouseOne | 073.400
2017-03-18 15:56:19 | TEMPLOG : Table    One | 109.400
2017-03-18 15:57:19 | TEMPLOG : WellhouseOne | 072.500
2017-03-18 15:57:20 | TEMPLOG : Table    One | 110.300
2017-03-18 15:58:20 | TEMPLOG : To   GeoLoop | 089.600
2017-03-18 15:59:22 | TEMPLOG : WellhouseOne | 073.400
2017-03-18 15:59:22 | TEMPLOG : To   GeoLoop | 088.700
2017-03-18 15:59:23 | TEMPLOG : Table    One | 109.400
2017-03-18 16:00:23 | TEMPLOG : WellhouseOne | 074.300
2017-03-18 16:00:24 | TEMPLOG : To   GeoLoop | 088.700
2017-03-18 16:00:24 | TEMPLOG : Table    One | 109.400
2017-03-18 16:01:24 | TEMPLOG : WellhouseOne | 073.400
2017-03-18 16:01:26 | TEMPLOG : Table    One | 108.500
2017-03-18 16:02:26 | TEMPLOG : Table    One | 107.600
2017-03-18 16:03:27 | TEMPLOG : To   GeoLoop | 087.800
2017-03-18 16:04:27 | TEMPLOG : Table    One | 106.700
2017-03-18 16:05:28 | TEMPLOG : To   GeoLoop | 086.900
2017-03-18 16:08:31 | TEMPLOG : Table    One | 105.800
2017-03-18 16:11:33 | TEMPLOG : Table    One | 106.700
2017-03-18 16:12:34 | TEMPLOG : To   GeoLoop | 086.000
2017-03-18 16:12:34 | TEMPLOG : Table    One | 105.800
2017-03-18 16:13:35 | TEMPLOG : To   GeoLoop | 085.100
2017-03-18 16:13:35 | TEMPLOG : Table    One | 082.400
2017-03-18 16:14:36 | TEMPLOG : To   GeoLoop | 081.500
2017-03-18 16:14:36 | TEMPLOG : Table    One | 076.100
2017-03-18 16:15:36 | TEMPLOG : To   GeoLoop | 078.800
2017-03-18 16:16:37 | TEMPLOG : To   GeoLoop | 077.900
2017-03-18 16:16:38 | TEMPLOG : Table    One | 077.900
2017-03-18 16:17:38 | TEMPLOG : WellhouseOne | 072.500
2017-03-18 16:17:38 | TEMPLOG : To   GeoLoop | 076.100
2017-03-18 16:17:38 | TEMPLOG : Table    One | 078.800
2017-03-18 16:18:39 | TEMPLOG : To   GeoLoop | 077.000
2017-03-18 16:18:39 | TEMPLOG : Table    One | 082.400
2017-03-18 16:19:39 | TEMPLOG : WellhouseOne | 073.400
2017-03-18 16:19:40 | TEMPLOG : Table    One | 084.200
2017-03-18 16:20:41 | TEMPLOG : Table    One | 086.900
2017-03-18 16:21:41 | TEMPLOG : WellhouseOne | 074.300
2017-03-18 16:21:41 | TEMPLOG : Table    One | 088.700
2017-03-18 16:22:43 | TEMPLOG : Table    One | 091.400
2017-03-18 16:23:44 | TEMPLOG : To   GeoLoop | 077.900
2017-03-18 16:23:44 | TEMPLOG : Table    One | 093.200
2017-03-18 16:24:45 | TEMPLOG : Table    One | 094.100
2017-03-18 16:25:46 | TEMPLOG : WellhouseOne | 075.200
2017-03-18 16:25:46 | TEMPLOG : Table    One | 095.000
2017-03-18 16:27:47 | TEMPLOG : WellhouseOne | 076.100
2017-03-18 16:27:48 | TEMPLOG : To   GeoLoop | 077.000
2017-03-18 16:27:48 | TEMPLOG : Table    One | 097.700
2017-03-18 16:30:50 | TEMPLOG : WellhouseOne | 075.200
2017-03-18 16:30:50 | TEMPLOG : Table    One | 096.800
2017-03-18 16:31:51 | TEMPLOG : To   GeoLoop | 076.100
2017-03-18 16:32:52 | TEMPLOG : Table    One | 097.700
2017-03-18 16:34:53 | TEMPLOG : WellhouseOne | 074.300
2017-03-18 16:34:53 | TEMPLOG : Table    One | 096.800
2017-03-18 16:35:54 | TEMPLOG : To   GeoLoop | 077.000
2017-03-18 16:35:54 | TEMPLOG : Table    One | 095.900
2017-03-18 16:36:55 | TEMPLOG : To   GeoLoop | 076.100
2017-03-18 16:36:55 | TEMPLOG : Table    One | 095.000
2017-03-18 16:37:56 | TEMPLOG : To   GeoLoop | 075.200
2017-03-18 16:37:56 | TEMPLOG : Table    One | 093.200
2017-03-18 16:38:57 | TEMPLOG : Table    One | 090.500
2017-03-18 16:39:57 | TEMPLOG : To   GeoLoop | 074.300
2017-03-18 16:40:58 | TEMPLOG : WellhouseOne | 073.400
2017-03-18 16:40:58 | TEMPLOG : To   GeoLoop | 073.400
2017-03-18 16:40:58 | TEMPLOG : Table    One | 089.600
2017-03-18 16:41:59 | TEMPLOG : Table    One | 088.700
2017-03-18 16:42:59 | TEMPLOG : To   GeoLoop | 072.500
2017-03-18 16:45:02 | TEMPLOG : Table    One | 087.800
2017-03-18 16:48:05 | TEMPLOG : Table    One | 086.900
2017-03-18 16:49:05 | TEMPLOG : Table    One | 086.000
2017-03-18 16:51:06 | TEMPLOG : WellhouseOne | 072.500
2017-03-18 16:51:06 | TEMPLOG : Table    One | 085.100
2017-03-18 16:54:09 | TEMPLOG : Table    One | 086.000
2017-03-18 16:56:11 | TEMPLOG : To   GeoLoop | 073.400
2017-03-18 16:59:14 | TEMPLOG : To   GeoLoop | 074.300
2017-03-18 17:00:14 | TEMPLOG : WellhouseOne | 072.500
2017-03-18 17:00:15 | TEMPLOG : To   GeoLoop | 075.200
2017-03-18 17:00:15 | TEMPLOG : Table    One | 086.000
2017-03-18 17:03:17 | TEMPLOG : To   GeoLoop | 076.100
2017-03-18 17:06:20 | TEMPLOG : To   GeoLoop | 075.200
2017-03-18 17:06:21 | TEMPLOG : Table    One | 085.100
2017-03-18 17:07:21 | TEMPLOG : Table    One | 084.200
2017-03-18 17:09:23 | TEMPLOG : Table    One | 083.300
2017-03-18 17:11:25 | TEMPLOG : To   GeoLoop | 074.300
2017-03-18 17:13:27 | TEMPLOG : Table    One | 082.400
2017-03-18 17:15:29 | TEMPLOG : Table    One | 081.500
2017-03-18 17:21:36 | TEMPLOG : WellhouseOne | 071.600
2017-03-18 17:21:36 | TEMPLOG : Table    One | 082.400
2017-03-18 17:24:39 | TEMPLOG : To   GeoLoop | 075.200
2017-03-18 17:24:39 | TEMPLOG : Table    One | 083.300
2017-03-18 17:25:40 | TEMPLOG : Table    One | 084.200
2017-03-18 17:26:40 | TEMPLOG : Table    One | 085.100
2017-03-18 17:29:43 | TEMPLOG : Table    One | 084.200
2017-03-18 17:30:43 | TEMPLOG : Table    One | 083.300
2017-03-18 17:31:45 | TEMPLOG : Table    One | 082.400
2017-03-18 17:32:45 | TEMPLOG : To   GeoLoop | 074.300
2017-03-18 17:32:46 | TEMPLOG : Table    One | 081.500
2017-03-18 17:33:47 | TEMPLOG : Table    One | 080.600
2017-03-18 17:34:47 | TEMPLOG : Table    One | 079.700
2017-03-18 17:35:49 | TEMPLOG : To   GeoLoop | 073.400
2017-03-18 17:36:50 | TEMPLOG : Table    One | 078.800
2017-03-18 17:37:50 | TEMPLOG : Table    One | 077.900
2017-03-18 17:39:52 | TEMPLOG : Table    One | 077.000
2017-03-18 17:44:59 | TEMPLOG : To   GeoLoop | 072.500
2017-03-18 17:46:00 | TEMPLOG : Table    One | 076.100
2017-03-18 17:47:01 | TEMPLOG : Table    One | 077.000
2017-03-18 17:49:02 | TEMPLOG : To   GeoLoop | 073.400
2017-03-18 17:50:03 | TEMPLOG : Table    One | 077.900
2017-03-18 17:51:03 | TEMPLOG : Table    One | 078.800
2017-03-18 17:53:05 | TEMPLOG : Table    One | 079.700
2017-03-18 17:54:06 | TEMPLOG : To   GeoLoop | 074.300
2017-03-18 17:54:07 | TEMPLOG : Table    One | 080.600
2017-03-18 17:55:07 | TEMPLOG : Table    One | 081.500
2017-03-18 18:00:11 | TEMPLOG : WellhouseOne | 071.600
2017-03-18 18:00:11 | TEMPLOG : To   GeoLoop | 075.200
2017-03-18 18:00:11 | TEMPLOG : Table    One | 081.500
2017-03-18 18:01:12 | TEMPLOG : To   GeoLoop | 074.300
2017-03-18 18:03:13 | TEMPLOG : Table    One | 080.600
2017-03-18 18:08:18 | TEMPLOG : Table    One | 079.700
2017-03-18 18:09:20 | TEMPLOG : Table    One | 080.600
2017-03-18 18:10:21 | TEMPLOG : Table    One | 079.700
2017-03-18 18:13:23 | TEMPLOG : Table    One | 078.800
2017-03-18 18:14:24 | TEMPLOG : To   GeoLoop | 073.400
2017-03-18 18:15:25 | TEMPLOG : Table    One | 077.900
2017-03-18 18:16:25 | TEMPLOG : Table    One | 077.000
2017-03-18 18:18:27 | TEMPLOG : Table    One | 076.100
2017-03-18 18:20:29 | TEMPLOG : To   GeoLoop | 072.500
2017-03-18 18:23:33 | TEMPLOG : WellhouseOne | 070.700
2017-03-18 18:32:41 | TEMPLOG : Table    One | 075.200
2017-03-18 18:35:43 | TEMPLOG : Table    One | 074.300
2017-03-18 18:37:45 | TEMPLOG : To   GeoLoop | 071.600
2017-03-18 18:37:46 | TEMPLOG : Table    One | 073.400
2017-03-18 18:40:49 | TEMPLOG : Table    One | 072.500
2017-03-18 18:43:51 | TEMPLOG : Table    One | 071.600
2017-03-18 18:47:55 | TEMPLOG : To   GeoLoop | 070.700
2017-03-18 18:48:56 | TEMPLOG : Table    One | 070.700
2017-03-18 18:50:58 | TEMPLOG : Table    One | 069.800
2017-03-18 18:54:01 | TEMPLOG : Table    One | 068.900
2017-03-18 18:57:02 | TEMPLOG : To   GeoLoop | 069.800
2017-03-18 18:58:04 | TEMPLOG : Table    One | 068.000
2017-03-18 19:00:05 | TEMPLOG : WellhouseOne | 070.700
2017-03-18 19:00:05 | TEMPLOG : To   GeoLoop | 069.800
2017-03-18 19:00:05 | TEMPLOG : Table    One | 068.000
2017-03-18 19:02:07 | TEMPLOG : Table    One | 067.100
2017-03-18 19:03:08 | TEMPLOG : WellhouseOne | 069.800
2017-03-18 19:05:10 | TEMPLOG : Table    One | 066.200
2017-03-18 19:07:11 | TEMPLOG : To   GeoLoop | 068.900
2017-03-18 19:08:13 | TEMPLOG : Table    One | 065.300
2017-03-18 19:12:16 | TEMPLOG : Table    One | 064.400
2017-03-18 19:17:18 | TEMPLOG : WellhouseOne | 068.900
2017-03-18 19:21:22 | TEMPLOG : Table    One | 063.500
2017-03-18 19:25:25 | TEMPLOG : To   GeoLoop | 068.000
2017-03-18 19:27:27 | TEMPLOG : Table    One | 062.600
2017-03-18 19:32:31 | TEMPLOG : WellhouseOne | 068.000
2017-03-18 19:48:46 | TEMPLOG : Table    One | 061.700
2017-03-18 19:49:47 | TEMPLOG : Table    One | 062.600
2017-03-18 19:50:48 | TEMPLOG : Table    One | 061.700
2017-03-18 19:53:51 | TEMPLOG : Table    One | 062.600
2017-03-18 19:57:54 | TEMPLOG : WellhouseOne | 067.100
2017-03-18 20:00:57 | TEMPLOG : WellhouseOne | 067.100
2017-03-18 20:00:57 | TEMPLOG : To   GeoLoop | 068.000
2017-03-18 20:00:57 | TEMPLOG : Table    One | 062.600
2017-03-18 20:01:58 | TEMPLOG : Table    One | 061.700
2017-03-18 20:05:01 | TEMPLOG : Table    One | 060.800
2017-03-18 20:06:01 | TEMPLOG : To   GeoLoop | 067.100
2017-03-18 20:10:05 | TEMPLOG : WellhouseOne | 066.200
2017-03-18 20:27:22 | TEMPLOG : Table    One | 061.700
2017-03-18 20:31:25 | TEMPLOG : WellhouseOne | 081.500
2017-03-18 20:32:26 | TEMPLOG : WellhouseOne | 106.700
2017-03-18 20:33:26 | TEMPLOG : WellhouseOne | 086.900
2017-03-18 20:34:27 | TEMPLOG : WellhouseOne | 081.500
2017-03-18 20:35:28 | TEMPLOG : WellhouseOne | 077.900
2017-03-18 20:36:29 | TEMPLOG : WellhouseOne | 076.100
2017-03-18 20:37:30 | TEMPLOG : WellhouseOne | 074.300
2017-03-18 20:38:30 | TEMPLOG : WellhouseOne | 073.400
2017-03-18 20:38:31 | TEMPLOG : Table    One | 060.800
2017-03-18 20:39:31 | TEMPLOG : WellhouseOne | 072.500
2017-03-18 20:40:32 | TEMPLOG : WellhouseOne | 071.600
2017-03-18 20:41:32 | TEMPLOG : WellhouseOne | 070.700
2017-03-18 20:43:34 | TEMPLOG : WellhouseOne | 069.800
2017-03-18 20:45:36 | TEMPLOG : WellhouseOne | 068.900
2017-03-18 20:46:37 | TEMPLOG : Table    One | 059.900
2017-03-18 20:48:39 | TEMPLOG : WellhouseOne | 068.000
2017-03-18 20:51:41 | TEMPLOG : To   GeoLoop | 066.200
2017-03-18 20:54:44 | TEMPLOG : WellhouseOne | 067.100
2017-03-18 20:55:46 | TEMPLOG : Table    One | 059.000
2017-03-18 20:56:49 | TEMPLOG : Table    One | 059.900
2017-03-18 20:58:50 | TEMPLOG : Table    One | 059.000
2017-03-18 20:59:50 | TEMPLOG : Table    One | 059.900
2017-03-18 21:00:51 | TEMPLOG : WellhouseOne | 067.100
2017-03-18 21:00:51 | TEMPLOG : To   GeoLoop | 066.200
2017-03-18 21:00:52 | TEMPLOG : Table    One | 059.900
2017-03-18 21:03:55 | TEMPLOG : WellhouseOne | 066.200
2017-03-18 21:09:00 | TEMPLOG : Table    One | 059.000
2017-03-18 21:12:06 | TEMPLOG : Table    One | 058.100
2017-03-18 21:17:10 | TEMPLOG : Table    One | 057.200
2017-03-18 21:19:11 | TEMPLOG : WellhouseOne | 065.300
2017-03-18 21:19:12 | TEMPLOG : To   GeoLoop | 065.300
2017-03-18 21:21:15 | TEMPLOG : Table    One | 056.300
2017-03-18 21:26:20 | TEMPLOG : Table    One | 055.400
2017-03-18 21:27:21 | TEMPLOG : Table    One | 056.300
2017-03-18 21:28:21 | TEMPLOG : WellhouseOne | 064.400
2017-03-18 21:32:25 | TEMPLOG : Table    One | 055.400
2017-03-18 21:34:26 | TEMPLOG : WellhouseOne | 063.500
2017-03-18 21:36:28 | TEMPLOG : To   GeoLoop | 064.400
2017-03-18 21:36:28 | TEMPLOG : Table    One | 054.500
2017-03-18 21:37:29 | TEMPLOG : To   GeoLoop | 065.300
2017-03-18 21:37:29 | TEMPLOG : Table    One | 055.400
2017-03-18 21:39:31 | TEMPLOG : Table    One | 056.300
2017-03-18 21:40:33 | TEMPLOG : Table    One | 057.200
2017-03-18 21:43:36 | TEMPLOG : Table    One | 056.300
2017-03-18 21:46:38 | TEMPLOG : Table    One | 055.400
2017-03-18 21:47:39 | TEMPLOG : To   GeoLoop | 064.400
2017-03-18 21:49:40 | TEMPLOG : Table    One | 054.500
2017-03-18 21:51:41 | TEMPLOG : WellhouseOne | 117.500
2017-03-18 21:52:42 | TEMPLOG : WellhouseOne | 095.000
2017-03-18 21:53:43 | TEMPLOG : WellhouseOne | 083.300
2017-03-18 21:54:44 | TEMPLOG : WellhouseOne | 078.800
2017-03-18 21:55:45 | TEMPLOG : WellhouseOne | 076.100
2017-03-18 21:56:46 | TEMPLOG : WellhouseOne | 074.300
2017-03-18 21:57:47 | TEMPLOG : WellhouseOne | 072.500
2017-03-18 21:58:47 | TEMPLOG : WellhouseOne | 071.600
2017-03-18 21:59:48 | TEMPLOG : WellhouseOne | 070.700
2017-03-18 21:59:48 | TEMPLOG : Table    One | 053.600
2017-03-18 22:00:49 | TEMPLOG : WellhouseOne | 069.800
2017-03-18 22:00:49 | TEMPLOG : To   GeoLoop | 064.400
2017-03-18 22:00:49 | TEMPLOG : Table    One | 054.500
2017-03-18 22:01:49 | TEMPLOG : WellhouseOne | 068.900
2017-03-18 22:01:49 | TEMPLOG : Table    One | 053.600
2017-03-18 22:02:50 | TEMPLOG : WellhouseOne | 068.000
2017-03-18 22:04:52 | TEMPLOG : WellhouseOne | 067.100
2017-03-18 22:06:53 | TEMPLOG : WellhouseOne | 066.200
2017-03-18 22:08:55 | TEMPLOG : To   GeoLoop | 063.500
2017-03-18 22:09:56 | TEMPLOG : WellhouseOne | 065.300
2017-03-18 22:09:57 | TEMPLOG : To   GeoLoop | 064.400
2017-03-18 22:11:58 | TEMPLOG : WellhouseOne | 064.400
2017-03-18 22:13:00 | TEMPLOG : WellhouseOne | 063.500
2017-03-18 22:13:00 | TEMPLOG : To   GeoLoop | 063.500
2017-03-18 22:14:01 | TEMPLOG : To   GeoLoop | 064.400
2017-03-18 22:14:01 | TEMPLOG : Table    One | 052.700
2017-03-18 22:15:02 | TEMPLOG : To   GeoLoop | 063.500
2017-03-18 22:15:03 | TEMPLOG : Table    One | 053.600
2017-03-18 22:19:07 | TEMPLOG : Table    One | 054.500
2017-03-18 22:21:09 | TEMPLOG : To   GeoLoop | 064.400
2017-03-18 22:23:11 | TEMPLOG : To   GeoLoop | 063.500
2017-03-18 22:24:12 | TEMPLOG : To   GeoLoop | 064.400
2017-03-18 22:26:14 | TEMPLOG : Table    One | 055.400
2017-03-18 22:28:17 | TEMPLOG : To   GeoLoop | 063.500
2017-03-18 22:29:18 | TEMPLOG : To   GeoLoop | 064.400
2017-03-18 22:29:18 | TEMPLOG : Table    One | 056.300
2017-03-18 22:31:20 | TEMPLOG : Table    One | 055.400
2017-03-18 22:32:20 | TEMPLOG : WellhouseOne | 062.600
2017-03-18 22:33:21 | TEMPLOG : WellhouseOne | 063.500
2017-03-18 22:34:21 | TEMPLOG : WellhouseOne | 062.600
2017-03-18 22:36:23 | TEMPLOG : To   GeoLoop | 063.500
2017-03-18 22:37:23 | TEMPLOG : WellhouseOne | 063.500
2017-03-18 22:38:24 | TEMPLOG : WellhouseOne | 062.600
2017-03-18 22:38:24 | TEMPLOG : To   GeoLoop | 064.400
2017-03-18 22:40:28 | TEMPLOG : To   GeoLoop | 063.500
2017-03-18 22:41:29 | TEMPLOG : To   GeoLoop | 064.400
2017-03-18 22:42:30 | TEMPLOG : To   GeoLoop | 063.500
2017-03-18 22:42:31 | TEMPLOG : Table    One | 054.500
2017-03-18 22:43:31 | TEMPLOG : To   GeoLoop | 064.400
2017-03-18 22:45:33 | TEMPLOG : To   GeoLoop | 063.500
2017-03-18 22:49:37 | TEMPLOG : Table    One | 053.600
2017-03-18 22:51:38 | TEMPLOG : WellhouseOne | 061.700
2017-03-18 22:52:40 | TEMPLOG : Table    One | 052.700
2017-03-18 22:57:44 | TEMPLOG : WellhouseOne | 121.100
2017-03-18 22:58:45 | TEMPLOG : WellhouseOne | 094.100
2017-03-18 22:59:46 | TEMPLOG : WellhouseOne | 084.200
2017-03-18 23:00:47 | TEMPLOG : WellhouseOne | 078.800
2017-03-18 23:00:47 | TEMPLOG : To   GeoLoop | 063.500
2017-03-18 23:00:47 | TEMPLOG : Table    One | 052.700
2017-03-18 23:01:48 | TEMPLOG : WellhouseOne | 075.200
2017-03-18 23:01:48 | TEMPLOG : Table    One | 053.600
2017-03-18 23:02:48 | TEMPLOG : WellhouseOne | 072.500
2017-03-18 23:02:49 | TEMPLOG : Table    One | 052.700
2017-03-18 23:03:49 | TEMPLOG : WellhouseOne | 071.600
2017-03-18 23:04:50 | TEMPLOG : WellhouseOne | 069.800
2017-03-18 23:05:51 | TEMPLOG : WellhouseOne | 068.900
2017-03-18 23:06:51 | TEMPLOG : WellhouseOne | 068.000
2017-03-18 23:07:52 | TEMPLOG : WellhouseOne | 067.100
2017-03-18 23:09:53 | TEMPLOG : WellhouseOne | 066.200
2017-03-18 23:09:54 | TEMPLOG : Table    One | 053.600
2017-03-18 23:11:55 | TEMPLOG : WellhouseOne | 065.300
2017-03-18 23:13:57 | TEMPLOG : Table    One | 052.700
2017-03-18 23:14:57 | TEMPLOG : WellhouseOne | 064.400
2017-03-18 23:14:57 | TEMPLOG : To   GeoLoop | 062.600
2017-03-18 23:15:58 | TEMPLOG : Table    One | 051.800
2017-03-18 23:16:59 | TEMPLOG : Table    One | 052.700
2017-03-18 23:20:01 | TEMPLOG : WellhouseOne | 063.500
2017-03-18 23:26:07 | TEMPLOG : Table    One | 051.800
2017-03-18 23:27:07 | TEMPLOG : WellhouseOne | 062.600
2017-03-18 23:28:08 | TEMPLOG : WellhouseOne | 063.500
2017-03-18 23:29:08 | TEMPLOG : WellhouseOne | 062.600
2017-03-18 23:29:08 | TEMPLOG : Table    One | 050.900
2017-03-18 23:34:13 | TEMPLOG : WellhouseOne | 061.700
2017-03-18 23:45:26 | TEMPLOG : Table    One | 050.000
2017-03-18 23:46:27 | TEMPLOG : WellhouseOne | 060.800
2017-03-18 23:47:29 | TEMPLOG : Table    One | 049.100
2017-03-18 23:49:30 | TEMPLOG : To   GeoLoop | 061.700
2017-03-18 23:51:31 | TEMPLOG : To   GeoLoop | 062.600
2017-03-18 23:51:32 | TEMPLOG : Table    One | 050.000
2017-03-18 23:52:32 | TEMPLOG : WellhouseOne | 059.900
2017-03-18 23:52:32 | TEMPLOG : To   GeoLoop | 061.700
2017-03-18 23:55:35 | TEMPLOG : Table    One | 049.100
2017-03-18 23:56:35 | TEMPLOG : WellhouseOne | 117.500
2017-03-18 23:57:35 | TEMPLOG : WellhouseOne | 101.300
2017-03-18 23:58:36 | TEMPLOG : WellhouseOne | 085.100
2017-03-18 23:59:36 | TEMPLOG : WellhouseOne | 079.700
2017-03-18 23:59:37 | TEMPLOG : Table    One | 050.000
