2017-01-13 00:00:46 | TEMPLOG : WellhouseOne | 045.500
2017-01-13 00:00:47 | TEMPLOG : Bio   Filter | 030.200
2017-01-13 00:00:47 | TEMPLOG : To   GeoLoop | 039.200
2017-01-13 00:00:48 | TEMPLOG : Table    One | 030.200
2017-01-13 00:02:50 | TEMPLOG : WellhouseOne | 044.600
2017-01-13 00:03:51 | TEMPLOG : WellhouseOne | 043.700
2017-01-13 00:05:54 | TEMPLOG : WellhouseOne | 042.800
2017-01-13 00:07:57 | TEMPLOG : WellhouseOne | 041.900
2017-01-13 00:08:58 | TEMPLOG : WellhouseOne | 091.400
2017-01-13 00:10:00 | TEMPLOG : WellhouseOne | 113.000
2017-01-13 00:11:02 | TEMPLOG : WellhouseOne | 120.200
2017-01-13 00:12:04 | TEMPLOG : WellhouseOne | 126.500
2017-01-13 00:13:07 | TEMPLOG : WellhouseOne | 130.100
2017-01-13 00:14:08 | TEMPLOG : WellhouseOne | 131.900
2017-01-13 00:15:09 | TEMPLOG : WellhouseOne | 105.800
2017-01-13 00:16:10 | TEMPLOG : WellhouseOne | 086.000
2017-01-13 00:17:11 | TEMPLOG : WellhouseOne | 075.200
2017-01-13 00:18:12 | TEMPLOG : WellhouseOne | 068.000
2017-01-13 00:19:13 | TEMPLOG : WellhouseOne | 061.700
2017-01-13 00:20:14 | TEMPLOG : WellhouseOne | 059.000
2017-01-13 00:21:15 | TEMPLOG : WellhouseOne | 056.300
2017-01-13 00:22:16 | TEMPLOG : WellhouseOne | 053.600
2017-01-13 00:22:16 | TEMPLOG : To   GeoLoop | 040.100
2017-01-13 00:23:17 | TEMPLOG : WellhouseOne | 051.800
2017-01-13 00:23:18 | TEMPLOG : To   GeoLoop | 039.200
2017-01-13 00:24:18 | TEMPLOG : WellhouseOne | 050.000
2017-01-13 00:25:20 | TEMPLOG : WellhouseOne | 048.200
2017-01-13 00:27:22 | TEMPLOG : WellhouseOne | 046.400
2017-01-13 00:28:23 | TEMPLOG : WellhouseOne | 045.500
2017-01-13 00:29:24 | TEMPLOG : WellhouseOne | 044.600
2017-01-13 00:31:26 | TEMPLOG : WellhouseOne | 043.700
2017-01-13 00:32:27 | TEMPLOG : WellhouseOne | 042.800
2017-01-13 00:35:31 | TEMPLOG : WellhouseOne | 041.900
2017-01-13 00:36:32 | TEMPLOG : WellhouseOne | 042.800
2017-01-13 00:37:33 | TEMPLOG : WellhouseOne | 097.700
2017-01-13 00:38:35 | TEMPLOG : WellhouseOne | 114.800
2017-01-13 00:39:37 | TEMPLOG : WellhouseOne | 122.900
2017-01-13 00:40:38 | TEMPLOG : WellhouseOne | 128.300
2017-01-13 00:41:39 | TEMPLOG : WellhouseOne | 131.900
2017-01-13 00:42:40 | TEMPLOG : WellhouseOne | 133.700
2017-01-13 00:43:41 | TEMPLOG : WellhouseOne | 118.400
2017-01-13 00:44:43 | TEMPLOG : WellhouseOne | 091.400
2017-01-13 00:45:44 | TEMPLOG : WellhouseOne | 078.800
2017-01-13 00:46:44 | TEMPLOG : WellhouseOne | 071.600
2017-01-13 00:47:46 | TEMPLOG : WellhouseOne | 065.300
2017-01-13 00:48:47 | TEMPLOG : WellhouseOne | 061.700
2017-01-13 00:49:49 | TEMPLOG : WellhouseOne | 059.000
2017-01-13 00:50:50 | TEMPLOG : WellhouseOne | 055.400
2017-01-13 00:51:51 | TEMPLOG : WellhouseOne | 053.600
2017-01-13 00:52:53 | TEMPLOG : WellhouseOne | 051.800
2017-01-13 00:53:54 | TEMPLOG : WellhouseOne | 050.900
2017-01-13 00:54:54 | TEMPLOG : WellhouseOne | 050.000
2017-01-13 00:55:55 | TEMPLOG : WellhouseOne | 048.200
2017-01-13 00:57:57 | TEMPLOG : WellhouseOne | 047.300
2017-01-13 00:58:58 | TEMPLOG : WellhouseOne | 046.400
2017-01-13 01:00:00 | TEMPLOG : Bio   Filter | 030.200
2017-01-13 01:00:00 | TEMPLOG : To   GeoLoop | 039.200
2017-01-13 01:00:00 | TEMPLOG : Table    One | 030.200
2017-01-13 01:01:01 | TEMPLOG : WellhouseOne | 045.500
2017-01-13 01:02:02 | TEMPLOG : WellhouseOne | 044.600
2017-01-13 01:04:04 | TEMPLOG : WellhouseOne | 043.700
2017-01-13 01:05:05 | TEMPLOG : WellhouseOne | 042.800
2017-01-13 01:06:06 | TEMPLOG : WellhouseOne | 082.400
2017-01-13 01:07:07 | TEMPLOG : WellhouseOne | 113.000
2017-01-13 01:08:08 | TEMPLOG : WellhouseOne | 123.800
2017-01-13 01:09:09 | TEMPLOG : WellhouseOne | 129.200
2017-01-13 01:10:10 | TEMPLOG : WellhouseOne | 131.900
2017-01-13 01:11:11 | TEMPLOG : WellhouseOne | 134.600
2017-01-13 01:12:12 | TEMPLOG : WellhouseOne | 119.300
2017-01-13 01:13:13 | TEMPLOG : WellhouseOne | 092.300
2017-01-13 01:14:14 | TEMPLOG : WellhouseOne | 080.600
2017-01-13 01:15:16 | TEMPLOG : WellhouseOne | 071.600
2017-01-13 01:16:17 | TEMPLOG : WellhouseOne | 066.200
2017-01-13 01:17:18 | TEMPLOG : WellhouseOne | 062.600
2017-01-13 01:18:19 | TEMPLOG : WellhouseOne | 059.000
2017-01-13 01:19:20 | TEMPLOG : WellhouseOne | 055.400
2017-01-13 01:20:21 | TEMPLOG : WellhouseOne | 053.600
2017-01-13 01:21:23 | TEMPLOG : WellhouseOne | 052.700
2017-01-13 01:22:24 | TEMPLOG : WellhouseOne | 050.000
2017-01-13 01:23:25 | TEMPLOG : WellhouseOne | 048.200
2017-01-13 01:24:26 | TEMPLOG : WellhouseOne | 047.300
2017-01-13 01:25:27 | TEMPLOG : WellhouseOne | 046.400
2017-01-13 01:28:30 | TEMPLOG : WellhouseOne | 044.600
2017-01-13 01:30:34 | TEMPLOG : WellhouseOne | 043.700
2017-01-13 01:31:36 | TEMPLOG : WellhouseOne | 042.800
2017-01-13 01:32:37 | TEMPLOG : WellhouseOne | 043.700
2017-01-13 01:34:39 | TEMPLOG : WellhouseOne | 051.800
2017-01-13 01:35:40 | TEMPLOG : WellhouseOne | 106.700
2017-01-13 01:36:41 | TEMPLOG : WellhouseOne | 121.100
2017-01-13 01:37:42 | TEMPLOG : WellhouseOne | 128.300
2017-01-13 01:38:43 | TEMPLOG : WellhouseOne | 133.700
2017-01-13 01:39:45 | TEMPLOG : WellhouseOne | 106.700
2017-01-13 01:40:47 | TEMPLOG : WellhouseOne | 085.100
2017-01-13 01:41:49 | TEMPLOG : WellhouseOne | 076.100
2017-01-13 01:42:50 | TEMPLOG : WellhouseOne | 067.100
2017-01-13 01:43:52 | TEMPLOG : WellhouseOne | 061.700
2017-01-13 01:44:55 | TEMPLOG : WellhouseOne | 058.100
2017-01-13 01:45:55 | TEMPLOG : WellhouseOne | 055.400
2017-01-13 01:46:56 | TEMPLOG : WellhouseOne | 051.800
2017-01-13 01:47:57 | TEMPLOG : WellhouseOne | 050.000
2017-01-13 01:50:02 | TEMPLOG : WellhouseOne | 048.200
2017-01-13 01:51:02 | TEMPLOG : WellhouseOne | 046.400
2017-01-13 01:52:04 | TEMPLOG : WellhouseOne | 045.500
2017-01-13 01:53:06 | TEMPLOG : WellhouseOne | 044.600
2017-01-13 01:54:06 | TEMPLOG : WellhouseOne | 045.500
2017-01-13 01:55:08 | TEMPLOG : WellhouseOne | 044.600
2017-01-13 01:56:09 | TEMPLOG : WellhouseOne | 043.700
2017-01-13 01:57:10 | TEMPLOG : WellhouseOne | 042.800
2017-01-13 01:58:12 | TEMPLOG : WellhouseOne | 041.900
2017-01-13 02:00:16 | TEMPLOG : WellhouseOne | 041.900
2017-01-13 02:00:17 | TEMPLOG : Bio   Filter | 030.200
2017-01-13 02:00:17 | TEMPLOG : To   GeoLoop | 039.200
2017-01-13 02:00:17 | TEMPLOG : Table    One | 030.200
2017-01-13 02:02:20 | TEMPLOG : WellhouseOne | 079.700
2017-01-13 02:03:21 | TEMPLOG : WellhouseOne | 113.000
2017-01-13 02:04:22 | TEMPLOG : WellhouseOne | 124.700
2017-01-13 02:05:23 | TEMPLOG : WellhouseOne | 130.100
2017-01-13 02:06:24 | TEMPLOG : WellhouseOne | 135.500
2017-01-13 02:07:26 | TEMPLOG : WellhouseOne | 099.500
2017-01-13 02:08:27 | TEMPLOG : WellhouseOne | 082.400
2017-01-13 02:09:28 | TEMPLOG : WellhouseOne | 072.500
2017-01-13 02:10:30 | TEMPLOG : WellhouseOne | 065.300
2017-01-13 02:11:31 | TEMPLOG : WellhouseOne | 060.800
2017-01-13 02:12:33 | TEMPLOG : WellhouseOne | 056.300
2017-01-13 02:13:35 | TEMPLOG : WellhouseOne | 052.700
2017-01-13 02:14:36 | TEMPLOG : WellhouseOne | 050.900
2017-01-13 02:15:37 | TEMPLOG : WellhouseOne | 049.100
2017-01-13 02:16:38 | TEMPLOG : WellhouseOne | 048.200
2017-01-13 02:17:39 | TEMPLOG : WellhouseOne | 046.400
2017-01-13 02:19:42 | TEMPLOG : WellhouseOne | 044.600
2017-01-13 02:20:43 | TEMPLOG : WellhouseOne | 043.700
2017-01-13 02:22:44 | TEMPLOG : WellhouseOne | 042.800
2017-01-13 02:24:47 | TEMPLOG : WellhouseOne | 041.900
2017-01-13 02:28:53 | TEMPLOG : WellhouseOne | 041.000
2017-01-13 02:29:54 | TEMPLOG : WellhouseOne | 063.500
2017-01-13 02:30:56 | TEMPLOG : WellhouseOne | 108.500
2017-01-13 02:31:58 | TEMPLOG : WellhouseOne | 120.200
2017-01-13 02:32:59 | TEMPLOG : WellhouseOne | 127.400
2017-01-13 02:34:00 | TEMPLOG : WellhouseOne | 131.900
2017-01-13 02:35:01 | TEMPLOG : WellhouseOne | 134.600
2017-01-13 02:36:02 | TEMPLOG : WellhouseOne | 100.400
2017-01-13 02:37:03 | TEMPLOG : WellhouseOne | 084.200
2017-01-13 02:38:04 | TEMPLOG : WellhouseOne | 072.500
2017-01-13 02:39:05 | TEMPLOG : WellhouseOne | 066.200
2017-01-13 02:40:06 | TEMPLOG : WellhouseOne | 061.700
2017-01-13 02:41:07 | TEMPLOG : WellhouseOne | 057.200
2017-01-13 02:42:08 | TEMPLOG : WellhouseOne | 054.500
2017-01-13 02:43:09 | TEMPLOG : WellhouseOne | 052.700
2017-01-13 02:44:10 | TEMPLOG : WellhouseOne | 050.000
2017-01-13 02:45:12 | TEMPLOG : WellhouseOne | 049.100
2017-01-13 02:46:13 | TEMPLOG : WellhouseOne | 048.200
2017-01-13 02:47:15 | TEMPLOG : WellhouseOne | 047.300
2017-01-13 02:48:18 | TEMPLOG : WellhouseOne | 046.400
2017-01-13 02:49:18 | TEMPLOG : WellhouseOne | 045.500
2017-01-13 02:50:20 | TEMPLOG : WellhouseOne | 044.600
2017-01-13 02:51:21 | TEMPLOG : WellhouseOne | 043.700
2017-01-13 02:52:21 | TEMPLOG : WellhouseOne | 042.800
2017-01-13 02:54:24 | TEMPLOG : WellhouseOne | 041.900
2017-01-13 02:56:26 | TEMPLOG : WellhouseOne | 041.000
2017-01-13 02:59:29 | TEMPLOG : WellhouseOne | 105.800
2017-01-13 03:00:32 | TEMPLOG : WellhouseOne | 120.200
2017-01-13 03:00:32 | TEMPLOG : Bio   Filter | 030.200
2017-01-13 03:00:33 | TEMPLOG : To   GeoLoop | 039.200
2017-01-13 03:00:33 | TEMPLOG : Table    One | 030.200
2017-01-13 03:01:34 | TEMPLOG : WellhouseOne | 127.400
2017-01-13 03:02:35 | TEMPLOG : WellhouseOne | 132.800
2017-01-13 03:03:36 | TEMPLOG : WellhouseOne | 133.700
2017-01-13 03:04:38 | TEMPLOG : WellhouseOne | 091.400
2017-01-13 03:05:40 | TEMPLOG : WellhouseOne | 077.900
2017-01-13 03:06:41 | TEMPLOG : WellhouseOne | 069.800
2017-01-13 03:07:42 | TEMPLOG : WellhouseOne | 064.400
2017-01-13 03:08:43 | TEMPLOG : WellhouseOne | 059.900
2017-01-13 03:09:44 | TEMPLOG : WellhouseOne | 056.300
2017-01-13 03:10:46 | TEMPLOG : WellhouseOne | 054.500
2017-01-13 03:11:47 | TEMPLOG : WellhouseOne | 051.800
2017-01-13 03:12:48 | TEMPLOG : WellhouseOne | 050.000
2017-01-13 03:13:50 | TEMPLOG : WellhouseOne | 049.100
2017-01-13 03:14:53 | TEMPLOG : WellhouseOne | 047.300
2017-01-13 03:16:54 | TEMPLOG : WellhouseOne | 045.500
2017-01-13 03:17:55 | TEMPLOG : WellhouseOne | 044.600
2017-01-13 03:18:56 | TEMPLOG : WellhouseOne | 043.700
2017-01-13 03:21:00 | TEMPLOG : WellhouseOne | 042.800
2017-01-13 03:22:01 | TEMPLOG : WellhouseOne | 041.900
2017-01-13 03:23:03 | TEMPLOG : WellhouseOne | 041.000
2017-01-13 03:25:06 | TEMPLOG : WellhouseOne | 040.100
2017-01-13 03:27:07 | TEMPLOG : WellhouseOne | 088.700
2017-01-13 03:28:09 | TEMPLOG : WellhouseOne | 113.000
2017-01-13 03:29:10 | TEMPLOG : WellhouseOne | 123.800
2017-01-13 03:30:11 | TEMPLOG : WellhouseOne | 127.400
2017-01-13 03:31:12 | TEMPLOG : WellhouseOne | 130.100
2017-01-13 03:32:13 | TEMPLOG : WellhouseOne | 105.800
2017-01-13 03:33:15 | TEMPLOG : WellhouseOne | 083.300
2017-01-13 03:34:16 | TEMPLOG : WellhouseOne | 073.400
2017-01-13 03:35:17 | TEMPLOG : WellhouseOne | 065.300
2017-01-13 03:36:19 | TEMPLOG : WellhouseOne | 059.900
2017-01-13 03:37:20 | TEMPLOG : WellhouseOne | 057.200
2017-01-13 03:38:21 | TEMPLOG : WellhouseOne | 054.500
2017-01-13 03:39:22 | TEMPLOG : WellhouseOne | 051.800
2017-01-13 03:40:23 | TEMPLOG : WellhouseOne | 050.000
2017-01-13 03:41:25 | TEMPLOG : WellhouseOne | 048.200
2017-01-13 03:42:26 | TEMPLOG : WellhouseOne | 047.300
2017-01-13 03:43:27 | TEMPLOG : WellhouseOne | 046.400
2017-01-13 03:44:30 | TEMPLOG : WellhouseOne | 044.600
2017-01-13 03:46:32 | TEMPLOG : WellhouseOne | 042.800
2017-01-13 03:48:37 | TEMPLOG : WellhouseOne | 041.900
2017-01-13 03:50:39 | TEMPLOG : WellhouseOne | 041.000
2017-01-13 03:52:41 | TEMPLOG : WellhouseOne | 039.200
2017-01-13 03:53:42 | TEMPLOG : WellhouseOne | 038.300
2017-01-13 03:55:45 | TEMPLOG : WellhouseOne | 100.400
2017-01-13 03:56:45 | TEMPLOG : WellhouseOne | 116.600
2017-01-13 03:57:46 | TEMPLOG : WellhouseOne | 123.800
2017-01-13 03:58:47 | TEMPLOG : WellhouseOne | 128.300
2017-01-13 03:59:49 | TEMPLOG : WellhouseOne | 130.100
2017-01-13 04:00:50 | TEMPLOG : WellhouseOne | 132.800
2017-01-13 04:00:50 | TEMPLOG : Bio   Filter | 030.200
2017-01-13 04:00:51 | TEMPLOG : To   GeoLoop | 039.200
2017-01-13 04:00:51 | TEMPLOG : Table    One | 030.200
2017-01-13 04:01:52 | TEMPLOG : WellhouseOne | 104.900
2017-01-13 04:02:53 | TEMPLOG : WellhouseOne | 086.000
2017-01-13 04:03:54 | TEMPLOG : WellhouseOne | 073.400
2017-01-13 04:04:55 | TEMPLOG : WellhouseOne | 067.100
2017-01-13 04:05:56 | TEMPLOG : WellhouseOne | 061.700
2017-01-13 04:06:57 | TEMPLOG : WellhouseOne | 059.000
2017-01-13 04:07:59 | TEMPLOG : WellhouseOne | 056.300
2017-01-13 04:08:59 | TEMPLOG : WellhouseOne | 054.500
2017-01-13 04:10:01 | TEMPLOG : WellhouseOne | 051.800
2017-01-13 04:11:04 | TEMPLOG : WellhouseOne | 050.900
2017-01-13 04:12:06 | TEMPLOG : WellhouseOne | 049.100
2017-01-13 04:13:07 | TEMPLOG : WellhouseOne | 047.300
2017-01-13 04:16:10 | TEMPLOG : WellhouseOne | 046.400
2017-01-13 04:17:11 | TEMPLOG : WellhouseOne | 045.500
2017-01-13 04:18:12 | TEMPLOG : WellhouseOne | 044.600
2017-01-13 04:19:14 | TEMPLOG : WellhouseOne | 043.700
2017-01-13 04:20:15 | TEMPLOG : WellhouseOne | 042.800
2017-01-13 04:23:18 | TEMPLOG : WellhouseOne | 041.900
2017-01-13 04:24:20 | TEMPLOG : WellhouseOne | 041.000
2017-01-13 04:25:21 | TEMPLOG : WellhouseOne | 098.600
2017-01-13 04:26:22 | TEMPLOG : WellhouseOne | 114.800
2017-01-13 04:27:22 | TEMPLOG : WellhouseOne | 123.800
2017-01-13 04:28:23 | TEMPLOG : WellhouseOne | 127.400
2017-01-13 04:29:24 | TEMPLOG : WellhouseOne | 131.000
2017-01-13 04:30:25 | TEMPLOG : WellhouseOne | 133.700
2017-01-13 04:31:26 | TEMPLOG : WellhouseOne | 098.600
2017-01-13 04:32:28 | TEMPLOG : WellhouseOne | 084.200
2017-01-13 04:33:29 | TEMPLOG : WellhouseOne | 075.200
2017-01-13 04:34:30 | TEMPLOG : WellhouseOne | 068.000
2017-01-13 04:35:31 | TEMPLOG : WellhouseOne | 061.700
2017-01-13 04:36:31 | TEMPLOG : WellhouseOne | 059.000
2017-01-13 04:37:33 | TEMPLOG : WellhouseOne | 056.300
2017-01-13 04:38:34 | TEMPLOG : WellhouseOne | 053.600
2017-01-13 04:39:35 | TEMPLOG : WellhouseOne | 052.700
2017-01-13 04:40:37 | TEMPLOG : WellhouseOne | 050.900
2017-01-13 04:41:38 | TEMPLOG : WellhouseOne | 050.000
2017-01-13 04:42:39 | TEMPLOG : WellhouseOne | 049.100
2017-01-13 04:43:42 | TEMPLOG : WellhouseOne | 047.300
2017-01-13 04:45:44 | TEMPLOG : WellhouseOne | 046.400
2017-01-13 04:47:45 | TEMPLOG : WellhouseOne | 045.500
2017-01-13 04:50:48 | TEMPLOG : WellhouseOne | 043.700
2017-01-13 04:52:51 | TEMPLOG : WellhouseOne | 042.800
2017-01-13 04:53:53 | TEMPLOG : WellhouseOne | 096.800
2017-01-13 04:54:54 | TEMPLOG : WellhouseOne | 114.800
2017-01-13 04:55:55 | TEMPLOG : WellhouseOne | 123.800
2017-01-13 04:56:56 | TEMPLOG : WellhouseOne | 130.100
2017-01-13 04:57:56 | TEMPLOG : WellhouseOne | 131.900
2017-01-13 04:58:58 | TEMPLOG : WellhouseOne | 134.600
2017-01-13 05:00:00 | TEMPLOG : WellhouseOne | 097.700
2017-01-13 05:00:00 | TEMPLOG : Bio   Filter | 030.200
2017-01-13 05:00:00 | TEMPLOG : To   GeoLoop | 039.200
2017-01-13 05:00:01 | TEMPLOG : Table    One | 030.200
2017-01-13 05:01:01 | TEMPLOG : WellhouseOne | 082.400
2017-01-13 05:02:02 | TEMPLOG : WellhouseOne | 073.400
2017-01-13 05:03:03 | TEMPLOG : WellhouseOne | 068.000
2017-01-13 05:04:04 | TEMPLOG : WellhouseOne | 063.500
2017-01-13 05:05:06 | TEMPLOG : WellhouseOne | 059.900
2017-01-13 05:06:07 | TEMPLOG : WellhouseOne | 057.200
2017-01-13 05:07:08 | TEMPLOG : WellhouseOne | 055.400
2017-01-13 05:08:09 | TEMPLOG : WellhouseOne | 053.600
2017-01-13 05:09:10 | TEMPLOG : WellhouseOne | 052.700
2017-01-13 05:10:11 | TEMPLOG : WellhouseOne | 050.900
2017-01-13 05:11:13 | TEMPLOG : WellhouseOne | 050.000
2017-01-13 05:12:14 | TEMPLOG : WellhouseOne | 049.100
2017-01-13 05:13:15 | TEMPLOG : WellhouseOne | 048.200
2017-01-13 05:14:16 | TEMPLOG : WellhouseOne | 047.300
2017-01-13 05:16:18 | TEMPLOG : WellhouseOne | 046.400
2017-01-13 05:17:19 | TEMPLOG : WellhouseOne | 045.500
2017-01-13 05:20:22 | TEMPLOG : WellhouseOne | 044.600
2017-01-13 05:22:24 | TEMPLOG : WellhouseOne | 093.200
2017-01-13 05:23:26 | TEMPLOG : WellhouseOne | 113.000
2017-01-13 05:24:27 | TEMPLOG : WellhouseOne | 122.000
2017-01-13 05:25:28 | TEMPLOG : WellhouseOne | 129.200
2017-01-13 05:26:30 | TEMPLOG : WellhouseOne | 131.900
2017-01-13 05:27:31 | TEMPLOG : WellhouseOne | 118.400
2017-01-13 05:28:32 | TEMPLOG : WellhouseOne | 089.600
2017-01-13 05:29:32 | TEMPLOG : WellhouseOne | 077.900
2017-01-13 05:30:34 | TEMPLOG : WellhouseOne | 070.700
2017-01-13 05:31:34 | TEMPLOG : WellhouseOne | 065.300
2017-01-13 05:32:36 | TEMPLOG : WellhouseOne | 061.700
2017-01-13 05:33:37 | TEMPLOG : WellhouseOne | 059.000
2017-01-13 05:34:38 | TEMPLOG : WellhouseOne | 056.300
2017-01-13 05:35:39 | TEMPLOG : WellhouseOne | 054.500
2017-01-13 05:36:41 | TEMPLOG : WellhouseOne | 052.700
2017-01-13 05:37:42 | TEMPLOG : WellhouseOne | 051.800
2017-01-13 05:38:43 | TEMPLOG : WellhouseOne | 050.900
2017-01-13 05:39:44 | TEMPLOG : WellhouseOne | 050.000
2017-01-13 05:40:46 | TEMPLOG : WellhouseOne | 049.100
2017-01-13 05:41:47 | TEMPLOG : WellhouseOne | 048.200
2017-01-13 05:42:48 | TEMPLOG : WellhouseOne | 047.300
2017-01-13 05:44:51 | TEMPLOG : WellhouseOne | 046.400
2017-01-13 05:46:54 | TEMPLOG : WellhouseOne | 045.500
2017-01-13 05:47:55 | TEMPLOG : WellhouseOne | 044.600
2017-01-13 05:49:57 | TEMPLOG : WellhouseOne | 071.600
2017-01-13 05:50:58 | TEMPLOG : WellhouseOne | 109.400
2017-01-13 05:52:00 | TEMPLOG : WellhouseOne | 120.200
2017-01-13 05:53:01 | TEMPLOG : WellhouseOne | 125.600
2017-01-13 05:54:02 | TEMPLOG : WellhouseOne | 130.100
2017-01-13 05:55:04 | TEMPLOG : WellhouseOne | 133.700
2017-01-13 05:56:05 | TEMPLOG : WellhouseOne | 098.600
2017-01-13 05:57:07 | TEMPLOG : WellhouseOne | 081.500
2017-01-13 05:58:07 | TEMPLOG : WellhouseOne | 072.500
2017-01-13 05:59:10 | TEMPLOG : WellhouseOne | 068.000
2017-01-13 06:00:12 | TEMPLOG : WellhouseOne | 063.500
2017-01-13 06:00:12 | TEMPLOG : Bio   Filter | 030.200
2017-01-13 06:00:12 | TEMPLOG : To   GeoLoop | 039.200
2017-01-13 06:00:12 | TEMPLOG : Table    One | 030.200
2017-01-13 06:01:13 | TEMPLOG : WellhouseOne | 059.900
2017-01-13 06:02:15 | TEMPLOG : WellhouseOne | 057.200
2017-01-13 06:03:15 | TEMPLOG : WellhouseOne | 055.400
2017-01-13 06:04:17 | TEMPLOG : WellhouseOne | 053.600
2017-01-13 06:05:18 | TEMPLOG : WellhouseOne | 051.800
2017-01-13 06:06:19 | TEMPLOG : WellhouseOne | 050.900
2017-01-13 06:07:22 | TEMPLOG : WellhouseOne | 050.000
2017-01-13 06:07:22 | TEMPLOG : To   GeoLoop | 038.300
2017-01-13 06:08:23 | TEMPLOG : WellhouseOne | 049.100
2017-01-13 06:08:23 | TEMPLOG : To   GeoLoop | 039.200
2017-01-13 06:09:24 | TEMPLOG : WellhouseOne | 048.200
2017-01-13 06:11:27 | TEMPLOG : WellhouseOne | 047.300
2017-01-13 06:12:29 | TEMPLOG : WellhouseOne | 046.400
2017-01-13 06:14:30 | TEMPLOG : WellhouseOne | 045.500
2017-01-13 06:16:32 | TEMPLOG : WellhouseOne | 044.600
2017-01-13 06:17:34 | TEMPLOG : To   GeoLoop | 038.300
2017-01-13 06:18:35 | TEMPLOG : WellhouseOne | 093.200
2017-01-13 06:18:35 | TEMPLOG : To   GeoLoop | 039.200
2017-01-13 06:19:36 | TEMPLOG : WellhouseOne | 113.000
2017-01-13 06:19:36 | TEMPLOG : To   GeoLoop | 038.300
2017-01-13 06:20:37 | TEMPLOG : WellhouseOne | 122.900
2017-01-13 06:20:37 | TEMPLOG : To   GeoLoop | 039.200
2017-01-13 06:21:37 | TEMPLOG : WellhouseOne | 128.300
2017-01-13 06:22:39 | TEMPLOG : WellhouseOne | 131.900
2017-01-13 06:23:40 | TEMPLOG : WellhouseOne | 113.900
2017-01-13 06:24:41 | TEMPLOG : WellhouseOne | 088.700
2017-01-13 06:24:41 | TEMPLOG : To   GeoLoop | 038.300
2017-01-13 06:25:42 | TEMPLOG : WellhouseOne | 077.900
2017-01-13 06:25:42 | TEMPLOG : To   GeoLoop | 039.200
2017-01-13 06:26:43 | TEMPLOG : WellhouseOne | 070.700
2017-01-13 06:27:44 | TEMPLOG : WellhouseOne | 066.200
2017-01-13 06:28:46 | TEMPLOG : WellhouseOne | 061.700
2017-01-13 06:29:47 | TEMPLOG : WellhouseOne | 059.000
2017-01-13 06:29:47 | TEMPLOG : To   GeoLoop | 038.300
2017-01-13 06:30:48 | TEMPLOG : WellhouseOne | 056.300
2017-01-13 06:31:49 | TEMPLOG : WellhouseOne | 054.500
2017-01-13 06:32:50 | TEMPLOG : WellhouseOne | 052.700
2017-01-13 06:32:50 | TEMPLOG : To   GeoLoop | 039.200
2017-01-13 06:33:51 | TEMPLOG : WellhouseOne | 051.800
2017-01-13 06:33:52 | TEMPLOG : To   GeoLoop | 038.300
2017-01-13 06:34:53 | TEMPLOG : WellhouseOne | 050.900
2017-01-13 06:34:53 | TEMPLOG : To   GeoLoop | 039.200
2017-01-13 06:35:54 | TEMPLOG : WellhouseOne | 050.000
2017-01-13 06:36:55 | TEMPLOG : WellhouseOne | 049.100
2017-01-13 06:37:56 | TEMPLOG : WellhouseOne | 048.200
2017-01-13 06:37:56 | TEMPLOG : To   GeoLoop | 038.300
2017-01-13 06:38:57 | TEMPLOG : To   GeoLoop | 039.200
2017-01-13 06:39:58 | TEMPLOG : WellhouseOne | 047.300
2017-01-13 06:39:58 | TEMPLOG : To   GeoLoop | 038.300
2017-01-13 06:40:58 | TEMPLOG : WellhouseOne | 046.400
2017-01-13 06:42:00 | TEMPLOG : WellhouseOne | 045.500
2017-01-13 06:42:00 | TEMPLOG : To   GeoLoop | 039.200
2017-01-13 06:43:01 | TEMPLOG : To   GeoLoop | 038.300
2017-01-13 06:45:02 | TEMPLOG : WellhouseOne | 044.600
2017-01-13 06:47:05 | TEMPLOG : WellhouseOne | 095.900
2017-01-13 06:48:06 | TEMPLOG : WellhouseOne | 114.800
2017-01-13 06:49:07 | TEMPLOG : WellhouseOne | 124.700
2017-01-13 06:50:08 | TEMPLOG : WellhouseOne | 130.100
2017-01-13 06:51:09 | TEMPLOG : WellhouseOne | 097.700
2017-01-13 06:52:10 | TEMPLOG : WellhouseOne | 082.400
2017-01-13 06:53:12 | TEMPLOG : WellhouseOne | 073.400
2017-01-13 06:54:14 | TEMPLOG : WellhouseOne | 068.000
2017-01-13 06:55:16 | TEMPLOG : WellhouseOne | 063.500
2017-01-13 06:56:17 | TEMPLOG : WellhouseOne | 059.000
2017-01-13 06:57:18 | TEMPLOG : WellhouseOne | 056.300
2017-01-13 06:58:20 | TEMPLOG : WellhouseOne | 054.500
2017-01-13 06:59:21 | TEMPLOG : WellhouseOne | 053.600
2017-01-13 07:00:22 | TEMPLOG : WellhouseOne | 052.700
2017-01-13 07:00:22 | TEMPLOG : Bio   Filter | 030.200
2017-01-13 07:00:22 | TEMPLOG : To   GeoLoop | 038.300
2017-01-13 07:00:22 | TEMPLOG : Table    One | 030.200
2017-01-13 07:01:23 | TEMPLOG : WellhouseOne | 050.900
2017-01-13 07:02:24 | TEMPLOG : WellhouseOne | 050.000
2017-01-13 07:03:25 | TEMPLOG : WellhouseOne | 049.100
2017-01-13 07:04:26 | TEMPLOG : WellhouseOne | 048.200
2017-01-13 07:05:27 | TEMPLOG : WellhouseOne | 047.300
2017-01-13 07:07:30 | TEMPLOG : WellhouseOne | 046.400
2017-01-13 07:10:32 | TEMPLOG : WellhouseOne | 045.500
2017-01-13 07:12:35 | TEMPLOG : WellhouseOne | 044.600
2017-01-13 07:14:37 | TEMPLOG : WellhouseOne | 087.800
2017-01-13 07:15:39 | TEMPLOG : WellhouseOne | 112.100
2017-01-13 07:16:42 | TEMPLOG : WellhouseOne | 122.900
2017-01-13 07:17:44 | TEMPLOG : WellhouseOne | 128.300
2017-01-13 07:18:45 | TEMPLOG : WellhouseOne | 101.300
2017-01-13 07:19:46 | TEMPLOG : WellhouseOne | 081.500
2017-01-13 07:20:47 | TEMPLOG : WellhouseOne | 072.500
2017-01-13 07:21:48 | TEMPLOG : WellhouseOne | 067.100
2017-01-13 07:22:50 | TEMPLOG : WellhouseOne | 063.500
2017-01-13 07:23:51 | TEMPLOG : WellhouseOne | 059.900
2017-01-13 07:24:52 | TEMPLOG : WellhouseOne | 057.200
2017-01-13 07:25:53 | TEMPLOG : WellhouseOne | 055.400
2017-01-13 07:26:54 | TEMPLOG : WellhouseOne | 053.600
2017-01-13 07:27:56 | TEMPLOG : WellhouseOne | 052.700
2017-01-13 07:28:57 | TEMPLOG : WellhouseOne | 050.900
2017-01-13 07:29:59 | TEMPLOG : WellhouseOne | 050.000
2017-01-13 07:31:00 | TEMPLOG : WellhouseOne | 049.100
2017-01-13 07:33:02 | TEMPLOG : WellhouseOne | 048.200
2017-01-13 07:34:03 | TEMPLOG : WellhouseOne | 047.300
2017-01-13 07:36:06 | TEMPLOG : WellhouseOne | 046.400
2017-01-13 07:38:08 | TEMPLOG : WellhouseOne | 045.500
2017-01-13 07:40:10 | TEMPLOG : WellhouseOne | 044.600
2017-01-13 07:42:13 | TEMPLOG : WellhouseOne | 090.500
2017-01-13 07:43:14 | TEMPLOG : WellhouseOne | 113.000
2017-01-13 07:44:15 | TEMPLOG : WellhouseOne | 122.900
2017-01-13 07:45:17 | TEMPLOG : WellhouseOne | 128.300
2017-01-13 07:46:17 | TEMPLOG : WellhouseOne | 096.800
2017-01-13 07:47:18 | TEMPLOG : WellhouseOne | 080.600
2017-01-13 07:48:19 | TEMPLOG : WellhouseOne | 073.400
2017-01-13 07:49:21 | TEMPLOG : WellhouseOne | 067.100
2017-01-13 07:50:22 | TEMPLOG : WellhouseOne | 062.600
2017-01-13 07:51:24 | TEMPLOG : WellhouseOne | 059.000
2017-01-13 07:52:25 | TEMPLOG : WellhouseOne | 057.200
2017-01-13 07:52:25 | TEMPLOG : Bio   Filter | 031.100
2017-01-13 07:53:26 | TEMPLOG : WellhouseOne | 055.400
2017-01-13 07:54:27 | TEMPLOG : WellhouseOne | 053.600
2017-01-13 07:55:28 | TEMPLOG : WellhouseOne | 051.800
2017-01-13 07:56:29 | TEMPLOG : WellhouseOne | 050.900
2017-01-13 07:56:30 | TEMPLOG : To   GeoLoop | 039.200
2017-01-13 07:57:30 | TEMPLOG : WellhouseOne | 050.000
2017-01-13 07:57:31 | TEMPLOG : To   GeoLoop | 038.300
2017-01-13 07:58:32 | TEMPLOG : WellhouseOne | 049.100
2017-01-13 07:59:32 | TEMPLOG : WellhouseOne | 048.200
2017-01-13 07:59:34 | TEMPLOG : Table    One | 031.100
2017-01-13 08:00:35 | TEMPLOG : WellhouseOne | 047.300
2017-01-13 08:00:35 | TEMPLOG : Bio   Filter | 031.100
2017-01-13 08:00:35 | TEMPLOG : To   GeoLoop | 039.200
2017-01-13 08:00:36 | TEMPLOG : Table    One | 030.200
2017-01-13 08:01:36 | TEMPLOG : WellhouseOne | 046.400
2017-01-13 08:01:37 | TEMPLOG : Table    One | 031.100
2017-01-13 08:03:39 | TEMPLOG : WellhouseOne | 045.500
2017-01-13 08:07:46 | TEMPLOG : WellhouseOne | 044.600
2017-01-13 08:08:47 | TEMPLOG : WellhouseOne | 076.100
2017-01-13 08:09:48 | TEMPLOG : WellhouseOne | 107.600
2017-01-13 08:10:50 | TEMPLOG : WellhouseOne | 119.300
2017-01-13 08:11:51 | TEMPLOG : WellhouseOne | 126.500
2017-01-13 08:12:52 | TEMPLOG : WellhouseOne | 131.000
2017-01-13 08:13:53 | TEMPLOG : WellhouseOne | 123.800
2017-01-13 08:14:54 | TEMPLOG : WellhouseOne | 089.600
2017-01-13 08:15:56 | TEMPLOG : WellhouseOne | 077.900
2017-01-13 08:16:58 | TEMPLOG : WellhouseOne | 069.800
2017-01-13 08:18:00 | TEMPLOG : WellhouseOne | 065.300
2017-01-13 08:19:01 | TEMPLOG : WellhouseOne | 061.700
2017-01-13 08:20:02 | TEMPLOG : WellhouseOne | 059.000
2017-01-13 08:21:04 | TEMPLOG : WellhouseOne | 056.300
2017-01-13 08:22:05 | TEMPLOG : WellhouseOne | 054.500
2017-01-13 08:23:05 | TEMPLOG : WellhouseOne | 052.700
2017-01-13 08:24:06 | TEMPLOG : WellhouseOne | 051.800
2017-01-13 08:25:07 | TEMPLOG : WellhouseOne | 050.000
2017-01-13 08:27:10 | TEMPLOG : WellhouseOne | 049.100
2017-01-13 08:28:10 | TEMPLOG : WellhouseOne | 048.200
2017-01-13 08:29:12 | TEMPLOG : Bio   Filter | 032.900
2017-01-13 08:30:13 | TEMPLOG : WellhouseOne | 047.300
2017-01-13 08:32:15 | TEMPLOG : WellhouseOne | 046.400
2017-01-13 08:32:16 | TEMPLOG : Table    One | 032.900
2017-01-13 08:34:18 | TEMPLOG : WellhouseOne | 045.500
2017-01-13 08:37:21 | TEMPLOG : WellhouseOne | 066.200
2017-01-13 08:38:23 | TEMPLOG : WellhouseOne | 105.800
2017-01-13 08:39:24 | TEMPLOG : WellhouseOne | 115.700
2017-01-13 08:40:26 | TEMPLOG : WellhouseOne | 124.700
2017-01-13 08:41:27 | TEMPLOG : WellhouseOne | 130.100
2017-01-13 08:42:28 | TEMPLOG : WellhouseOne | 112.100
2017-01-13 08:42:28 | TEMPLOG : Bio   Filter | 033.800
2017-01-13 08:43:30 | TEMPLOG : WellhouseOne | 086.900
2017-01-13 08:44:31 | TEMPLOG : WellhouseOne | 077.000
2017-01-13 08:45:32 | TEMPLOG : WellhouseOne | 070.700
2017-01-13 08:46:34 | TEMPLOG : WellhouseOne | 065.300
2017-01-13 08:47:36 | TEMPLOG : WellhouseOne | 061.700
2017-01-13 08:47:37 | TEMPLOG : Table    One | 033.800
2017-01-13 08:48:38 | TEMPLOG : WellhouseOne | 059.000
2017-01-13 08:48:38 | TEMPLOG : To   GeoLoop | 040.100
2017-01-13 08:49:40 | TEMPLOG : WellhouseOne | 057.200
2017-01-13 08:49:40 | TEMPLOG : Bio   Filter | 034.700
2017-01-13 08:50:41 | TEMPLOG : WellhouseOne | 054.500
2017-01-13 08:51:42 | TEMPLOG : WellhouseOne | 053.600
2017-01-13 08:52:43 | TEMPLOG : WellhouseOne | 051.800
2017-01-13 08:53:45 | TEMPLOG : WellhouseOne | 050.900
2017-01-13 08:54:47 | TEMPLOG : WellhouseOne | 050.000
2017-01-13 08:54:47 | TEMPLOG : Table    One | 034.700
2017-01-13 08:55:48 | TEMPLOG : WellhouseOne | 049.100
2017-01-13 08:55:49 | TEMPLOG : Bio   Filter | 035.600
2017-01-13 08:56:49 | TEMPLOG : WellhouseOne | 048.200
2017-01-13 08:58:52 | TEMPLOG : WellhouseOne | 047.300
2017-01-13 09:00:54 | TEMPLOG : WellhouseOne | 046.400
2017-01-13 09:00:54 | TEMPLOG : Bio   Filter | 035.600
2017-01-13 09:00:54 | TEMPLOG : To   GeoLoop | 040.100
2017-01-13 09:00:55 | TEMPLOG : Table    One | 034.700
2017-01-13 09:03:57 | TEMPLOG : WellhouseOne | 045.500
2017-01-13 09:06:00 | TEMPLOG : WellhouseOne | 085.100
2017-01-13 09:07:01 | TEMPLOG : WellhouseOne | 111.200
2017-01-13 09:08:02 | TEMPLOG : WellhouseOne | 122.900
2017-01-13 09:09:04 | TEMPLOG : WellhouseOne | 129.200
2017-01-13 09:09:05 | TEMPLOG : Table    One | 035.600
2017-01-13 09:10:05 | TEMPLOG : WellhouseOne | 099.500
2017-01-13 09:11:06 | TEMPLOG : WellhouseOne | 082.400
2017-01-13 09:12:08 | TEMPLOG : WellhouseOne | 073.400
2017-01-13 09:12:08 | TEMPLOG : Bio   Filter | 036.500
2017-01-13 09:13:09 | TEMPLOG : WellhouseOne | 068.000
2017-01-13 09:14:10 | TEMPLOG : WellhouseOne | 064.400
2017-01-13 09:14:11 | TEMPLOG : Bio   Filter | 038.300
2017-01-13 09:14:11 | TEMPLOG : Table    One | 036.500
2017-01-13 09:15:11 | TEMPLOG : WellhouseOne | 059.900
2017-01-13 09:15:12 | TEMPLOG : Bio   Filter | 039.200
2017-01-13 09:15:12 | TEMPLOG : To   GeoLoop | 041.000
2017-01-13 09:15:12 | TEMPLOG : Table    One | 037.400
2017-01-13 09:16:12 | TEMPLOG : WellhouseOne | 058.100
2017-01-13 09:17:14 | TEMPLOG : WellhouseOne | 055.400
2017-01-13 09:18:15 | TEMPLOG : WellhouseOne | 054.500
2017-01-13 09:18:16 | TEMPLOG : Bio   Filter | 040.100
2017-01-13 09:18:16 | TEMPLOG : Table    One | 038.300
2017-01-13 09:19:16 | TEMPLOG : WellhouseOne | 053.600
2017-01-13 09:19:17 | TEMPLOG : Bio   Filter | 041.000
2017-01-13 09:20:17 | TEMPLOG : WellhouseOne | 051.800
2017-01-13 09:20:18 | TEMPLOG : Bio   Filter | 041.900
2017-01-13 09:21:18 | TEMPLOG : WellhouseOne | 050.900
2017-01-13 09:22:19 | TEMPLOG : WellhouseOne | 050.000
2017-01-13 09:23:20 | TEMPLOG : WellhouseOne | 049.100
2017-01-13 09:25:22 | TEMPLOG : WellhouseOne | 048.200
2017-01-13 09:27:25 | TEMPLOG : WellhouseOne | 047.300
2017-01-13 09:28:28 | TEMPLOG : Table    One | 039.200
2017-01-13 09:29:29 | TEMPLOG : WellhouseOne | 046.400
2017-01-13 09:29:29 | TEMPLOG : Bio   Filter | 042.800
2017-01-13 09:30:30 | TEMPLOG : Bio   Filter | 043.700
2017-01-13 09:30:31 | TEMPLOG : To   GeoLoop | 041.900
2017-01-13 09:31:32 | TEMPLOG : Table    One | 040.100
2017-01-13 09:32:32 | TEMPLOG : WellhouseOne | 045.500
2017-01-13 09:33:33 | TEMPLOG : WellhouseOne | 091.400
2017-01-13 09:34:34 | TEMPLOG : WellhouseOne | 115.700
2017-01-13 09:34:34 | TEMPLOG : Bio   Filter | 044.600
2017-01-13 09:35:35 | TEMPLOG : WellhouseOne | 125.600
2017-01-13 09:36:37 | TEMPLOG : WellhouseOne | 131.000
2017-01-13 09:37:38 | TEMPLOG : WellhouseOne | 121.100
2017-01-13 09:37:39 | TEMPLOG : Table    One | 041.000
2017-01-13 09:38:39 | TEMPLOG : WellhouseOne | 089.600
2017-01-13 09:38:39 | TEMPLOG : Bio   Filter | 045.500
2017-01-13 09:39:40 | TEMPLOG : WellhouseOne | 077.000
2017-01-13 09:40:42 | TEMPLOG : WellhouseOne | 069.800
2017-01-13 09:41:43 | TEMPLOG : WellhouseOne | 065.300
2017-01-13 09:41:43 | TEMPLOG : Table    One | 041.900
2017-01-13 09:42:44 | TEMPLOG : WellhouseOne | 060.800
2017-01-13 09:42:44 | TEMPLOG : Bio   Filter | 047.300
2017-01-13 09:43:45 | TEMPLOG : WellhouseOne | 058.100
2017-01-13 09:43:45 | TEMPLOG : Bio   Filter | 048.200
2017-01-13 09:43:45 | TEMPLOG : To   GeoLoop | 042.800
2017-01-13 09:44:46 | TEMPLOG : WellhouseOne | 056.300
2017-01-13 09:44:47 | TEMPLOG : Table    One | 042.800
2017-01-13 09:45:47 | TEMPLOG : WellhouseOne | 054.500
2017-01-13 09:46:49 | TEMPLOG : WellhouseOne | 053.600
2017-01-13 09:46:49 | TEMPLOG : Bio   Filter | 047.300
2017-01-13 09:46:50 | TEMPLOG : Table    One | 041.900
2017-01-13 09:47:50 | TEMPLOG : WellhouseOne | 051.800
2017-01-13 09:47:50 | TEMPLOG : Bio   Filter | 045.500
2017-01-13 09:47:51 | TEMPLOG : To   GeoLoop | 041.900
2017-01-13 09:48:54 | TEMPLOG : Table    One | 041.000
2017-01-13 09:49:54 | TEMPLOG : WellhouseOne | 050.900
2017-01-13 09:49:54 | TEMPLOG : Bio   Filter | 044.600
2017-01-13 09:50:54 | TEMPLOG : WellhouseOne | 050.000
2017-01-13 09:50:55 | TEMPLOG : Bio   Filter | 047.300
2017-01-13 09:50:55 | TEMPLOG : Table    One | 041.900
2017-01-13 09:51:55 | TEMPLOG : WellhouseOne | 049.100
2017-01-13 09:51:56 | TEMPLOG : To   GeoLoop | 042.800
2017-01-13 09:52:57 | TEMPLOG : WellhouseOne | 048.200
2017-01-13 09:52:57 | TEMPLOG : Bio   Filter | 046.400
2017-01-13 09:53:58 | TEMPLOG : Bio   Filter | 049.100
2017-01-13 09:53:58 | TEMPLOG : Table    One | 043.700
2017-01-13 09:54:58 | TEMPLOG : WellhouseOne | 047.300
2017-01-13 09:54:59 | TEMPLOG : Bio   Filter | 051.800
2017-01-13 09:55:00 | TEMPLOG : Table    One | 044.600
2017-01-13 09:56:00 | TEMPLOG : Bio   Filter | 054.500
2017-01-13 09:56:01 | TEMPLOG : To   GeoLoop | 043.700
2017-01-13 09:56:01 | TEMPLOG : Table    One | 045.500
2017-01-13 09:57:02 | TEMPLOG : WellhouseOne | 046.400
2017-01-13 09:57:02 | TEMPLOG : Bio   Filter | 055.400
2017-01-13 09:58:03 | TEMPLOG : Bio   Filter | 052.700
2017-01-13 09:58:04 | TEMPLOG : Table    One | 044.600
2017-01-13 09:59:05 | TEMPLOG : Bio   Filter | 050.900
2017-01-13 09:59:05 | TEMPLOG : To   GeoLoop | 042.800
2017-01-13 10:00:06 | TEMPLOG : WellhouseOne | 045.500
2017-01-13 10:00:06 | TEMPLOG : Bio   Filter | 052.700
2017-01-13 10:00:06 | TEMPLOG : To   GeoLoop | 042.800
2017-01-13 10:00:07 | TEMPLOG : Table    One | 044.600
2017-01-13 10:01:07 | TEMPLOG : WellhouseOne | 050.900
2017-01-13 10:01:08 | TEMPLOG : Bio   Filter | 056.300
2017-01-13 10:01:08 | TEMPLOG : To   GeoLoop | 043.700
2017-01-13 10:01:08 | TEMPLOG : Table    One | 045.500
2017-01-13 10:02:08 | TEMPLOG : WellhouseOne | 106.700
2017-01-13 10:02:08 | TEMPLOG : Bio   Filter | 058.100
2017-01-13 10:02:09 | TEMPLOG : Table    One | 046.400
2017-01-13 10:03:09 | TEMPLOG : WellhouseOne | 122.900
2017-01-13 10:03:10 | TEMPLOG : Bio   Filter | 059.900
2017-01-13 10:03:10 | TEMPLOG : To   GeoLoop | 044.600
2017-01-13 10:03:11 | TEMPLOG : Table    One | 047.300
2017-01-13 10:04:11 | TEMPLOG : WellhouseOne | 130.100
2017-01-13 10:04:12 | TEMPLOG : Bio   Filter | 060.800
2017-01-13 10:04:13 | TEMPLOG : Table    One | 048.200
2017-01-13 10:05:14 | TEMPLOG : WellhouseOne | 094.100
2017-01-13 10:05:14 | TEMPLOG : Bio   Filter | 061.700
2017-01-13 10:06:14 | TEMPLOG : WellhouseOne | 078.800
2017-01-13 10:06:15 | TEMPLOG : Table    One | 049.100
2017-01-13 10:07:16 | TEMPLOG : WellhouseOne | 070.700
2017-01-13 10:07:16 | TEMPLOG : Bio   Filter | 062.600
2017-01-13 10:07:17 | TEMPLOG : Table    One | 050.000
2017-01-13 10:08:17 | TEMPLOG : WellhouseOne | 066.200
2017-01-13 10:09:18 | TEMPLOG : WellhouseOne | 060.800
2017-01-13 10:10:19 | TEMPLOG : WellhouseOne | 058.100
2017-01-13 10:10:20 | TEMPLOG : Table    One | 050.900
2017-01-13 10:11:21 | TEMPLOG : WellhouseOne | 056.300
2017-01-13 10:11:21 | TEMPLOG : Bio   Filter | 063.500
2017-01-13 10:11:22 | TEMPLOG : Table    One | 051.800
2017-01-13 10:12:22 | TEMPLOG : WellhouseOne | 055.400
2017-01-13 10:13:23 | TEMPLOG : WellhouseOne | 053.600
2017-01-13 10:13:24 | TEMPLOG : Bio   Filter | 062.600
2017-01-13 10:13:25 | TEMPLOG : Table    One | 053.600
2017-01-13 10:14:25 | TEMPLOG : WellhouseOne | 051.800
2017-01-13 10:14:26 | TEMPLOG : Table    One | 054.500
2017-01-13 10:15:26 | TEMPLOG : WellhouseOne | 050.900
2017-01-13 10:15:26 | TEMPLOG : Table    One | 056.300
2017-01-13 10:16:27 | TEMPLOG : WellhouseOne | 050.000
2017-01-13 10:16:27 | TEMPLOG : Bio   Filter | 061.700
2017-01-13 10:16:28 | TEMPLOG : Table    One | 057.200
2017-01-13 10:17:28 | TEMPLOG : Bio   Filter | 060.800
2017-01-13 10:18:29 | TEMPLOG : WellhouseOne | 049.100
2017-01-13 10:18:29 | TEMPLOG : Bio   Filter | 059.900
2017-01-13 10:18:30 | TEMPLOG : Table    One | 058.100
2017-01-13 10:19:30 | TEMPLOG : WellhouseOne | 048.200
2017-01-13 10:19:30 | TEMPLOG : Bio   Filter | 059.000
2017-01-13 10:20:31 | TEMPLOG : Bio   Filter | 058.100
2017-01-13 10:21:32 | TEMPLOG : WellhouseOne | 047.300
2017-01-13 10:21:32 | TEMPLOG : Bio   Filter | 057.200
2017-01-13 10:22:33 | TEMPLOG : Bio   Filter | 056.300
2017-01-13 10:22:33 | TEMPLOG : Table    One | 059.000
2017-01-13 10:23:33 | TEMPLOG : WellhouseOne | 046.400
2017-01-13 10:23:34 | TEMPLOG : To   GeoLoop | 045.500
2017-01-13 10:23:34 | TEMPLOG : Table    One | 059.900
2017-01-13 10:24:35 | TEMPLOG : Table    One | 060.800
2017-01-13 10:25:35 | TEMPLOG : WellhouseOne | 045.500
2017-01-13 10:25:36 | TEMPLOG : Table    One | 061.700
2017-01-13 10:26:37 | TEMPLOG : Table    One | 062.600
2017-01-13 10:27:39 | TEMPLOG : Table    One | 063.500
2017-01-13 10:28:39 | TEMPLOG : WellhouseOne | 095.000
2017-01-13 10:28:40 | TEMPLOG : To   GeoLoop | 046.400
2017-01-13 10:29:40 | TEMPLOG : WellhouseOne | 117.500
2017-01-13 10:30:42 | TEMPLOG : WellhouseOne | 127.400
2017-01-13 10:30:42 | TEMPLOG : Bio   Filter | 057.200
2017-01-13 10:31:43 | TEMPLOG : WellhouseOne | 122.000
2017-01-13 10:32:45 | TEMPLOG : WellhouseOne | 087.800
2017-01-13 10:33:46 | TEMPLOG : WellhouseOne | 077.000
2017-01-13 10:33:46 | TEMPLOG : Table    One | 062.600
2017-01-13 10:34:46 | TEMPLOG : WellhouseOne | 068.900
2017-01-13 10:35:47 | TEMPLOG : WellhouseOne | 063.500
2017-01-13 10:35:48 | TEMPLOG : Table    One | 063.500
2017-01-13 10:36:48 | TEMPLOG : WellhouseOne | 060.800
2017-01-13 10:37:50 | TEMPLOG : WellhouseOne | 057.200
2017-01-13 10:38:51 | TEMPLOG : WellhouseOne | 055.400
2017-01-13 10:38:51 | TEMPLOG : To   GeoLoop | 047.300
2017-01-13 10:39:52 | TEMPLOG : WellhouseOne | 053.600
2017-01-13 10:39:53 | TEMPLOG : Table    One | 064.400
2017-01-13 10:40:53 | TEMPLOG : WellhouseOne | 052.700
2017-01-13 10:41:54 | TEMPLOG : WellhouseOne | 051.800
2017-01-13 10:41:54 | TEMPLOG : To   GeoLoop | 046.400
2017-01-13 10:42:55 | TEMPLOG : WellhouseOne | 050.900
2017-01-13 10:42:55 | TEMPLOG : To   GeoLoop | 047.300
2017-01-13 10:43:55 | TEMPLOG : WellhouseOne | 050.000
2017-01-13 10:43:56 | TEMPLOG : Table    One | 063.500
2017-01-13 10:44:56 | TEMPLOG : WellhouseOne | 049.100
2017-01-13 10:44:57 | TEMPLOG : Table    One | 064.400
2017-01-13 10:46:00 | TEMPLOG : Table    One | 065.300
2017-01-13 10:47:00 | TEMPLOG : WellhouseOne | 048.200
2017-01-13 10:47:00 | TEMPLOG : Table    One | 066.200
2017-01-13 10:49:02 | TEMPLOG : WellhouseOne | 047.300
2017-01-13 10:49:02 | TEMPLOG : Bio   Filter | 058.100
2017-01-13 10:49:03 | TEMPLOG : Table    One | 067.100
2017-01-13 10:51:04 | TEMPLOG : WellhouseOne | 046.400
2017-01-13 10:51:07 | TEMPLOG : Table    One | 068.000
2017-01-13 10:53:10 | TEMPLOG : To   GeoLoop | 048.200
2017-01-13 10:54:11 | TEMPLOG : WellhouseOne | 045.500
2017-01-13 10:54:11 | TEMPLOG : Bio   Filter | 059.000
2017-01-13 10:54:11 | TEMPLOG : To   GeoLoop | 047.300
2017-01-13 10:54:11 | TEMPLOG : Table    One | 068.900
2017-01-13 10:55:13 | TEMPLOG : To   GeoLoop | 048.200
2017-01-13 10:56:14 | TEMPLOG : WellhouseOne | 095.900
2017-01-13 10:57:15 | TEMPLOG : WellhouseOne | 120.200
2017-01-13 10:57:16 | TEMPLOG : Table    One | 069.800
2017-01-13 10:58:17 | TEMPLOG : WellhouseOne | 129.200
2017-01-13 10:58:17 | TEMPLOG : Table    One | 070.700
2017-01-13 10:59:17 | TEMPLOG : WellhouseOne | 118.400
2017-01-13 10:59:18 | TEMPLOG : Bio   Filter | 059.900
2017-01-13 10:59:18 | TEMPLOG : Table    One | 071.600
2017-01-13 11:00:18 | TEMPLOG : WellhouseOne | 088.700
2017-01-13 11:00:19 | TEMPLOG : Bio   Filter | 059.900
2017-01-13 11:00:20 | TEMPLOG : To   GeoLoop | 048.200
2017-01-13 11:00:20 | TEMPLOG : Table    One | 071.600
2017-01-13 11:01:20 | TEMPLOG : WellhouseOne | 075.200
2017-01-13 11:02:22 | TEMPLOG : WellhouseOne | 068.000
2017-01-13 11:03:23 | TEMPLOG : WellhouseOne | 063.500
2017-01-13 11:03:23 | TEMPLOG : Bio   Filter | 060.800
2017-01-13 11:03:23 | TEMPLOG : To   GeoLoop | 047.300
2017-01-13 11:04:23 | TEMPLOG : WellhouseOne | 059.900
2017-01-13 11:05:24 | TEMPLOG : WellhouseOne | 057.200
2017-01-13 11:06:25 | TEMPLOG : WellhouseOne | 055.400
2017-01-13 11:06:26 | TEMPLOG : Bio   Filter | 061.700
2017-01-13 11:06:27 | TEMPLOG : Table    One | 072.500
2017-01-13 11:07:27 | TEMPLOG : WellhouseOne | 054.500
2017-01-13 11:08:29 | TEMPLOG : WellhouseOne | 053.600
2017-01-13 11:08:29 | TEMPLOG : Bio   Filter | 062.600
2017-01-13 11:09:30 | TEMPLOG : WellhouseOne | 051.800
2017-01-13 11:09:30 | TEMPLOG : Bio   Filter | 063.500
2017-01-13 11:10:32 | TEMPLOG : WellhouseOne | 050.000
2017-01-13 11:10:32 | TEMPLOG : Bio   Filter | 064.400
2017-01-13 11:11:33 | TEMPLOG : Bio   Filter | 066.200
2017-01-13 11:12:33 | TEMPLOG : WellhouseOne | 049.100
2017-01-13 11:12:33 | TEMPLOG : Bio   Filter | 067.100
2017-01-13 11:13:35 | TEMPLOG : Bio   Filter | 068.900
2017-01-13 11:14:35 | TEMPLOG : WellhouseOne | 048.200
2017-01-13 11:14:35 | TEMPLOG : Bio   Filter | 070.700
2017-01-13 11:14:36 | TEMPLOG : Table    One | 071.600
2017-01-13 11:15:36 | TEMPLOG : Bio   Filter | 071.600
2017-01-13 11:15:37 | TEMPLOG : Table    One | 072.500
2017-01-13 11:16:37 | TEMPLOG : WellhouseOne | 047.300
2017-01-13 11:16:37 | TEMPLOG : Bio   Filter | 072.500
2017-01-13 11:17:38 | TEMPLOG : WellhouseOne | 046.400
2017-01-13 11:17:39 | TEMPLOG : Bio   Filter | 073.400
2017-01-13 11:18:41 | TEMPLOG : Table    One | 071.600
2017-01-13 11:19:42 | TEMPLOG : Bio   Filter | 074.300
2017-01-13 11:19:43 | TEMPLOG : Table    One | 072.500
2017-01-13 11:20:44 | TEMPLOG : Table    One | 073.400
2017-01-13 11:21:44 | TEMPLOG : WellhouseOne | 045.500
2017-01-13 11:21:45 | TEMPLOG : Table    One | 072.500
2017-01-13 11:22:46 | TEMPLOG : Bio   Filter | 075.200
2017-01-13 11:22:46 | TEMPLOG : Table    One | 074.300
2017-01-13 11:23:46 | TEMPLOG : WellhouseOne | 095.900
2017-01-13 11:23:47 | TEMPLOG : Bio   Filter | 076.100
2017-01-13 11:23:47 | TEMPLOG : Table    One | 075.200
2017-01-13 11:24:48 | TEMPLOG : WellhouseOne | 118.400
2017-01-13 11:24:49 | TEMPLOG : Bio   Filter | 077.000
2017-01-13 11:25:50 | TEMPLOG : WellhouseOne | 129.200
2017-01-13 11:25:50 | TEMPLOG : Bio   Filter | 077.900
2017-01-13 11:25:51 | TEMPLOG : Table    One | 076.100
2017-01-13 11:26:51 | TEMPLOG : WellhouseOne | 111.200
2017-01-13 11:27:52 | TEMPLOG : WellhouseOne | 086.000
2017-01-13 11:28:54 | TEMPLOG : WellhouseOne | 074.300
2017-01-13 11:29:55 | TEMPLOG : WellhouseOne | 067.100
2017-01-13 11:29:55 | TEMPLOG : Bio   Filter | 074.300
2017-01-13 11:29:55 | TEMPLOG : Table    One | 071.600
2017-01-13 11:30:55 | TEMPLOG : WellhouseOne | 062.600
2017-01-13 11:30:56 | TEMPLOG : Bio   Filter | 069.800
2017-01-13 11:30:57 | TEMPLOG : Table    One | 066.200
2017-01-13 11:31:57 | TEMPLOG : WellhouseOne | 059.900
2017-01-13 11:31:57 | TEMPLOG : Bio   Filter | 066.200
2017-01-13 11:31:58 | TEMPLOG : To   GeoLoop | 046.400
2017-01-13 11:31:58 | TEMPLOG : Table    One | 062.600
2017-01-13 11:32:58 | TEMPLOG : WellhouseOne | 057.200
2017-01-13 11:32:58 | TEMPLOG : Bio   Filter | 064.400
2017-01-13 11:33:59 | TEMPLOG : WellhouseOne | 055.400
2017-01-13 11:33:59 | TEMPLOG : Bio   Filter | 067.100
2017-01-13 11:34:01 | TEMPLOG : Table    One | 067.100
2017-01-13 11:35:01 | TEMPLOG : WellhouseOne | 054.500
2017-01-13 11:35:02 | TEMPLOG : Bio   Filter | 069.800
2017-01-13 11:35:02 | TEMPLOG : Table    One | 068.900
2017-01-13 11:36:02 | TEMPLOG : WellhouseOne | 053.600
2017-01-13 11:36:03 | TEMPLOG : Bio   Filter | 070.700
2017-01-13 11:36:03 | TEMPLOG : To   GeoLoop | 047.300
2017-01-13 11:37:04 | TEMPLOG : WellhouseOne | 051.800
2017-01-13 11:37:04 | TEMPLOG : Bio   Filter | 069.800
2017-01-13 11:37:04 | TEMPLOG : Table    One | 067.100
2017-01-13 11:38:05 | TEMPLOG : Bio   Filter | 066.200
2017-01-13 11:38:06 | TEMPLOG : To   GeoLoop | 046.400
2017-01-13 11:38:06 | TEMPLOG : Table    One | 063.500
2017-01-13 11:39:06 | TEMPLOG : WellhouseOne | 050.900
2017-01-13 11:39:06 | TEMPLOG : Bio   Filter | 063.500
2017-01-13 11:39:06 | TEMPLOG : Table    One | 060.800
2017-01-13 11:40:07 | TEMPLOG : WellhouseOne | 050.000
2017-01-13 11:40:07 | TEMPLOG : Bio   Filter | 061.700
2017-01-13 11:40:08 | TEMPLOG : To   GeoLoop | 045.500
2017-01-13 11:40:08 | TEMPLOG : Table    One | 059.900
2017-01-13 11:41:08 | TEMPLOG : WellhouseOne | 049.100
2017-01-13 11:41:09 | TEMPLOG : Bio   Filter | 062.600
2017-01-13 11:41:09 | TEMPLOG : Table    One | 061.700
2017-01-13 11:42:10 | TEMPLOG : Bio   Filter | 064.400
2017-01-13 11:42:10 | TEMPLOG : To   GeoLoop | 046.400
2017-01-13 11:42:11 | TEMPLOG : Table    One | 064.400
2017-01-13 11:43:11 | TEMPLOG : WellhouseOne | 048.200
2017-01-13 11:43:11 | TEMPLOG : Bio   Filter | 067.100
2017-01-13 11:43:13 | TEMPLOG : Table    One | 066.200
2017-01-13 11:44:13 | TEMPLOG : Bio   Filter | 068.900
2017-01-13 11:44:13 | TEMPLOG : Table    One | 067.100
2017-01-13 11:45:14 | TEMPLOG : WellhouseOne | 047.300
2017-01-13 11:45:14 | TEMPLOG : Bio   Filter | 069.800
2017-01-13 11:45:14 | TEMPLOG : To   GeoLoop | 047.300
2017-01-13 11:45:14 | TEMPLOG : Table    One | 068.000
2017-01-13 11:46:16 | TEMPLOG : Bio   Filter | 070.700
2017-01-13 11:47:17 | TEMPLOG : Table    One | 067.100
2017-01-13 11:48:17 | TEMPLOG : WellhouseOne | 046.400
2017-01-13 11:48:19 | TEMPLOG : Table    One | 068.000
2017-01-13 11:51:21 | TEMPLOG : Bio   Filter | 069.800
2017-01-13 11:51:22 | TEMPLOG : Table    One | 068.900
2017-01-13 11:52:22 | TEMPLOG : WellhouseOne | 106.700
2017-01-13 11:53:23 | TEMPLOG : WellhouseOne | 124.700
2017-01-13 11:53:24 | TEMPLOG : Bio   Filter | 070.700
2017-01-13 11:53:24 | TEMPLOG : Table    One | 069.800
2017-01-13 11:54:25 | TEMPLOG : WellhouseOne | 132.800
2017-01-13 11:54:25 | TEMPLOG : Bio   Filter | 069.800
2017-01-13 11:54:25 | TEMPLOG : Table    One | 068.900
2017-01-13 11:55:26 | TEMPLOG : WellhouseOne | 092.300
2017-01-13 11:55:26 | TEMPLOG : Bio   Filter | 068.900
2017-01-13 11:56:27 | TEMPLOG : WellhouseOne | 078.800
2017-01-13 11:57:28 | TEMPLOG : WellhouseOne | 068.900
2017-01-13 11:57:28 | TEMPLOG : Bio   Filter | 068.000
2017-01-13 11:58:29 | TEMPLOG : WellhouseOne | 064.400
2017-01-13 11:59:30 | TEMPLOG : WellhouseOne | 061.700
2017-01-13 11:59:31 | TEMPLOG : Bio   Filter | 067.100
2017-01-13 12:00:32 | TEMPLOG : WellhouseOne | 058.100
2017-01-13 12:00:32 | TEMPLOG : Bio   Filter | 067.100
2017-01-13 12:00:32 | TEMPLOG : To   GeoLoop | 047.300
2017-01-13 12:00:32 | TEMPLOG : Table    One | 068.000
2017-01-13 12:01:33 | TEMPLOG : WellhouseOne | 056.300
2017-01-13 12:02:34 | TEMPLOG : WellhouseOne | 054.500
2017-01-13 12:03:35 | TEMPLOG : WellhouseOne | 053.600
2017-01-13 12:04:36 | TEMPLOG : WellhouseOne | 052.700
2017-01-13 12:04:36 | TEMPLOG : Bio   Filter | 068.000
2017-01-13 12:04:37 | TEMPLOG : Table    One | 068.900
2017-01-13 12:05:37 | TEMPLOG : WellhouseOne | 051.800
2017-01-13 12:06:39 | TEMPLOG : WellhouseOne | 050.900
2017-01-13 12:06:39 | TEMPLOG : Bio   Filter | 068.900
2017-01-13 12:07:41 | TEMPLOG : Bio   Filter | 069.800
2017-01-13 12:07:41 | TEMPLOG : Table    One | 069.800
2017-01-13 12:08:41 | TEMPLOG : WellhouseOne | 050.000
2017-01-13 12:08:42 | TEMPLOG : Bio   Filter | 070.700
2017-01-13 12:09:44 | TEMPLOG : Table    One | 068.900
2017-01-13 12:10:44 | TEMPLOG : WellhouseOne | 049.100
2017-01-13 12:11:46 | TEMPLOG : Bio   Filter | 071.600
2017-01-13 12:12:47 | TEMPLOG : WellhouseOne | 048.200
2017-01-13 12:12:47 | TEMPLOG : Bio   Filter | 072.500
2017-01-13 12:14:49 | TEMPLOG : Bio   Filter | 073.400
2017-01-13 12:14:49 | TEMPLOG : To   GeoLoop | 048.200
2017-01-13 12:15:50 | TEMPLOG : WellhouseOne | 047.300
2017-01-13 12:15:50 | TEMPLOG : To   GeoLoop | 047.300
2017-01-13 12:16:51 | TEMPLOG : Bio   Filter | 072.500
2017-01-13 12:16:51 | TEMPLOG : To   GeoLoop | 048.200
2017-01-13 12:17:51 | TEMPLOG : WellhouseOne | 046.400
2017-01-13 12:17:52 | TEMPLOG : To   GeoLoop | 047.300
2017-01-13 12:18:52 | TEMPLOG : WellhouseOne | 047.300
2017-01-13 12:18:53 | TEMPLOG : To   GeoLoop | 048.200
2017-01-13 12:18:53 | TEMPLOG : Table    One | 069.800
2017-01-13 12:19:54 | TEMPLOG : WellhouseOne | 046.400
2017-01-13 12:19:55 | TEMPLOG : Table    One | 068.900
2017-01-13 12:20:56 | TEMPLOG : WellhouseOne | 068.000
2017-01-13 12:20:57 | TEMPLOG : Table    One | 069.800
2017-01-13 12:21:57 | TEMPLOG : WellhouseOne | 115.700
2017-01-13 12:21:58 | TEMPLOG : Bio   Filter | 073.400
2017-01-13 12:22:59 | TEMPLOG : WellhouseOne | 128.300
2017-01-13 12:24:00 | TEMPLOG : WellhouseOne | 102.200
2017-01-13 12:25:01 | TEMPLOG : WellhouseOne | 082.400
2017-01-13 12:25:02 | TEMPLOG : Bio   Filter | 074.300
2017-01-13 12:25:02 | TEMPLOG : Table    One | 070.700
2017-01-13 12:26:02 | TEMPLOG : WellhouseOne | 072.500
2017-01-13 12:27:03 | TEMPLOG : WellhouseOne | 066.200
2017-01-13 12:28:05 | TEMPLOG : WellhouseOne | 061.700
2017-01-13 12:28:06 | TEMPLOG : Bio   Filter | 075.200
2017-01-13 12:28:06 | TEMPLOG : Table    One | 071.600
2017-01-13 12:29:07 | TEMPLOG : WellhouseOne | 059.000
2017-01-13 12:30:07 | TEMPLOG : WellhouseOne | 057.200
2017-01-13 12:31:08 | TEMPLOG : WellhouseOne | 056.300
2017-01-13 12:32:10 | TEMPLOG : WellhouseOne | 054.500
2017-01-13 12:32:10 | TEMPLOG : Bio   Filter | 074.300
2017-01-13 12:32:11 | TEMPLOG : To   GeoLoop | 049.100
2017-01-13 12:32:11 | TEMPLOG : Table    One | 070.700
2017-01-13 12:33:11 | TEMPLOG : WellhouseOne | 053.600
2017-01-13 12:33:12 | TEMPLOG : Bio   Filter | 073.400
2017-01-13 12:34:12 | TEMPLOG : WellhouseOne | 051.800
2017-01-13 12:34:13 | TEMPLOG : To   GeoLoop | 048.200
2017-01-13 12:36:15 | TEMPLOG : WellhouseOne | 050.900
2017-01-13 12:36:16 | TEMPLOG : To   GeoLoop | 049.100
2017-01-13 12:38:17 | TEMPLOG : WellhouseOne | 050.000
2017-01-13 12:38:17 | TEMPLOG : Bio   Filter | 074.300
2017-01-13 12:39:18 | TEMPLOG : Bio   Filter | 075.200
2017-01-13 12:40:18 | TEMPLOG : WellhouseOne | 049.100
2017-01-13 12:41:21 | TEMPLOG : Bio   Filter | 074.300
2017-01-13 12:42:22 | TEMPLOG : WellhouseOne | 048.200
2017-01-13 12:44:24 | TEMPLOG : WellhouseOne | 047.300
2017-01-13 12:45:26 | TEMPLOG : WellhouseOne | 048.200
2017-01-13 12:46:26 | TEMPLOG : WellhouseOne | 047.300
2017-01-13 12:46:27 | TEMPLOG : Bio   Filter | 075.200
2017-01-13 12:46:27 | TEMPLOG : Table    One | 071.600
2017-01-13 12:48:29 | TEMPLOG : WellhouseOne | 046.400
2017-01-13 12:48:30 | TEMPLOG : To   GeoLoop | 050.000
2017-01-13 12:49:31 | TEMPLOG : Bio   Filter | 074.300
2017-01-13 12:50:32 | TEMPLOG : WellhouseOne | 095.000
2017-01-13 12:50:32 | TEMPLOG : Bio   Filter | 073.400
2017-01-13 12:51:34 | TEMPLOG : WellhouseOne | 122.900
2017-01-13 12:51:34 | TEMPLOG : Bio   Filter | 072.500
2017-01-13 12:52:35 | TEMPLOG : WellhouseOne | 131.900
2017-01-13 12:52:35 | TEMPLOG : Bio   Filter | 073.400
2017-01-13 12:53:36 | TEMPLOG : WellhouseOne | 091.400
2017-01-13 12:54:37 | TEMPLOG : WellhouseOne | 077.900
2017-01-13 12:54:38 | TEMPLOG : Table    One | 070.700
2017-01-13 12:55:39 | TEMPLOG : WellhouseOne | 070.700
2017-01-13 12:55:39 | TEMPLOG : Bio   Filter | 072.500
2017-01-13 12:55:39 | TEMPLOG : Table    One | 069.800
2017-01-13 12:56:40 | TEMPLOG : WellhouseOne | 065.300
2017-01-13 12:57:40 | TEMPLOG : WellhouseOne | 061.700
2017-01-13 12:57:40 | TEMPLOG : Bio   Filter | 070.700
2017-01-13 12:57:42 | TEMPLOG : Table    One | 068.000
2017-01-13 12:58:42 | TEMPLOG : WellhouseOne | 058.100
2017-01-13 12:58:42 | TEMPLOG : Bio   Filter | 068.900
2017-01-13 12:58:43 | TEMPLOG : Table    One | 067.100
2017-01-13 12:59:43 | TEMPLOG : WellhouseOne | 056.300
2017-01-13 12:59:43 | TEMPLOG : Bio   Filter | 067.100
2017-01-13 12:59:44 | TEMPLOG : Table    One | 066.200
2017-01-13 13:00:45 | TEMPLOG : WellhouseOne | 055.400
2017-01-13 13:00:45 | TEMPLOG : Bio   Filter | 066.200
2017-01-13 13:00:46 | TEMPLOG : To   GeoLoop | 049.100
2017-01-13 13:00:46 | TEMPLOG : Table    One | 065.300
2017-01-13 13:01:46 | TEMPLOG : WellhouseOne | 053.600
2017-01-13 13:01:46 | TEMPLOG : Table    One | 064.400
2017-01-13 13:02:48 | TEMPLOG : Table    One | 063.500
2017-01-13 13:03:49 | TEMPLOG : WellhouseOne | 052.700
2017-01-13 13:03:49 | TEMPLOG : Table    One | 064.400
2017-01-13 13:04:50 | TEMPLOG : WellhouseOne | 051.800
2017-01-13 13:05:51 | TEMPLOG : WellhouseOne | 050.900
2017-01-13 13:05:51 | TEMPLOG : Bio   Filter | 067.100
2017-01-13 13:05:51 | TEMPLOG : To   GeoLoop | 050.000
2017-01-13 13:06:52 | TEMPLOG : Table    One | 065.300
2017-01-13 13:07:53 | TEMPLOG : WellhouseOne | 050.000
2017-01-13 13:08:55 | TEMPLOG : WellhouseOne | 049.100
2017-01-13 13:10:58 | TEMPLOG : Table    One | 064.400
2017-01-13 13:11:59 | TEMPLOG : Bio   Filter | 066.200
2017-01-13 13:14:00 | TEMPLOG : WellhouseOne | 048.200
2017-01-13 13:15:03 | TEMPLOG : Table    One | 065.300
2017-01-13 13:16:04 | TEMPLOG : Bio   Filter | 067.100
2017-01-13 13:16:04 | TEMPLOG : Table    One | 066.200
2017-01-13 13:17:04 | TEMPLOG : WellhouseOne | 047.300
2017-01-13 13:17:05 | TEMPLOG : Bio   Filter | 068.900
2017-01-13 13:17:05 | TEMPLOG : Table    One | 067.100
2017-01-13 13:18:06 | TEMPLOG : Bio   Filter | 069.800
2017-01-13 13:18:06 | TEMPLOG : To   GeoLoop | 050.900
2017-01-13 13:18:07 | TEMPLOG : Table    One | 068.000
2017-01-13 13:19:07 | TEMPLOG : Bio   Filter | 071.600
2017-01-13 13:19:07 | TEMPLOG : Table    One | 070.700
2017-01-13 13:20:08 | TEMPLOG : WellhouseOne | 050.000
2017-01-13 13:20:08 | TEMPLOG : Bio   Filter | 073.400
2017-01-13 13:20:08 | TEMPLOG : To   GeoLoop | 051.800
2017-01-13 13:20:09 | TEMPLOG : Table    One | 073.400
2017-01-13 13:21:09 | TEMPLOG : WellhouseOne | 112.100
2017-01-13 13:21:10 | TEMPLOG : Bio   Filter | 075.200
2017-01-13 13:21:10 | TEMPLOG : Table    One | 074.300
2017-01-13 13:22:11 | TEMPLOG : WellhouseOne | 129.200
2017-01-13 13:22:11 | TEMPLOG : To   GeoLoop | 052.700
2017-01-13 13:22:11 | TEMPLOG : Table    One | 075.200
2017-01-13 13:23:12 | TEMPLOG : WellhouseOne | 102.200
2017-01-13 13:23:12 | TEMPLOG : Bio   Filter | 076.100
2017-01-13 13:23:12 | TEMPLOG : Table    One | 076.100
2017-01-13 13:24:13 | TEMPLOG : WellhouseOne | 081.500
2017-01-13 13:25:13 | TEMPLOG : WellhouseOne | 072.500
2017-01-13 13:26:14 | TEMPLOG : WellhouseOne | 067.100
2017-01-13 13:27:15 | TEMPLOG : WellhouseOne | 063.500
2017-01-13 13:28:16 | TEMPLOG : WellhouseOne | 060.800
2017-01-13 13:28:16 | TEMPLOG : Bio   Filter | 077.000
2017-01-13 13:29:17 | TEMPLOG : WellhouseOne | 059.000
2017-01-13 13:29:18 | TEMPLOG : Table    One | 077.000
2017-01-13 13:30:19 | TEMPLOG : WellhouseOne | 057.200
2017-01-13 13:30:20 | TEMPLOG : Table    One | 076.100
2017-01-13 13:31:21 | TEMPLOG : WellhouseOne | 055.400
2017-01-13 13:32:22 | TEMPLOG : WellhouseOne | 054.500
2017-01-13 13:32:22 | TEMPLOG : Bio   Filter | 074.300
2017-01-13 13:32:23 | TEMPLOG : To   GeoLoop | 051.800
2017-01-13 13:32:23 | TEMPLOG : Table    One | 072.500
2017-01-13 13:33:24 | TEMPLOG : WellhouseOne | 053.600
2017-01-13 13:33:24 | TEMPLOG : Bio   Filter | 073.400
2017-01-13 13:33:25 | TEMPLOG : Table    One | 073.400
2017-01-13 13:34:25 | TEMPLOG : WellhouseOne | 052.700
2017-01-13 13:35:27 | TEMPLOG : WellhouseOne | 051.800
2017-01-13 13:36:28 | TEMPLOG : WellhouseOne | 050.900
2017-01-13 13:38:30 | TEMPLOG : WellhouseOne | 050.000
2017-01-13 13:38:31 | TEMPLOG : Bio   Filter | 072.500
2017-01-13 13:39:32 | TEMPLOG : Bio   Filter | 071.600
2017-01-13 13:39:33 | TEMPLOG : Table    One | 072.500
2017-01-13 13:40:34 | TEMPLOG : Table    One | 071.600
2017-01-13 13:41:34 | TEMPLOG : WellhouseOne | 049.100
2017-01-13 13:41:35 | TEMPLOG : Table    One | 072.500
2017-01-13 13:43:37 | TEMPLOG : WellhouseOne | 048.200
2017-01-13 13:48:44 | TEMPLOG : WellhouseOne | 047.300
2017-01-13 13:48:45 | TEMPLOG : Table    One | 073.400
2017-01-13 13:49:46 | TEMPLOG : Table    One | 072.500
2017-01-13 13:50:47 | TEMPLOG : WellhouseOne | 109.400
2017-01-13 13:51:48 | TEMPLOG : WellhouseOne | 129.200
2017-01-13 13:52:49 | TEMPLOG : WellhouseOne | 118.400
2017-01-13 13:53:50 | TEMPLOG : WellhouseOne | 087.800
2017-01-13 13:53:50 | TEMPLOG : Bio   Filter | 070.700
2017-01-13 13:54:51 | TEMPLOG : WellhouseOne | 077.000
2017-01-13 13:55:52 | TEMPLOG : WellhouseOne | 070.700
2017-01-13 13:55:53 | TEMPLOG : Bio   Filter | 071.600
2017-01-13 13:56:53 | TEMPLOG : WellhouseOne | 066.200
2017-01-13 13:57:54 | TEMPLOG : WellhouseOne | 062.600
2017-01-13 13:58:56 | TEMPLOG : WellhouseOne | 059.900
2017-01-13 13:59:58 | TEMPLOG : WellhouseOne | 058.100
2017-01-13 13:59:59 | TEMPLOG : Table    One | 073.400
2017-01-13 14:00:59 | TEMPLOG : WellhouseOne | 056.300
2017-01-13 14:01:00 | TEMPLOG : Bio   Filter | 072.500
2017-01-13 14:01:00 | TEMPLOG : Table    One | 074.300
2017-01-13 14:02:00 | TEMPLOG : WellhouseOne | 055.400
2017-01-13 14:02:01 | TEMPLOG : Bio   Filter | 073.400
2017-01-13 14:03:02 | TEMPLOG : WellhouseOne | 054.500
2017-01-13 14:03:02 | TEMPLOG : To   GeoLoop | 052.700
2017-01-13 14:03:03 | TEMPLOG : Table    One | 075.200
2017-01-13 14:04:03 | TEMPLOG : WellhouseOne | 053.600
2017-01-13 14:04:04 | TEMPLOG : Bio   Filter | 074.300
2017-01-13 14:05:05 | TEMPLOG : WellhouseOne | 052.700
2017-01-13 14:05:07 | TEMPLOG : Table    One | 076.100
2017-01-13 14:07:09 | TEMPLOG : WellhouseOne | 051.800
2017-01-13 14:07:09 | TEMPLOG : Bio   Filter | 075.200
2017-01-13 14:09:11 | TEMPLOG : WellhouseOne | 050.900
2017-01-13 14:09:11 | TEMPLOG : Bio   Filter | 076.100
2017-01-13 14:11:13 | TEMPLOG : WellhouseOne | 050.000
2017-01-13 14:11:14 | TEMPLOG : Bio   Filter | 075.200
2017-01-13 14:12:15 | TEMPLOG : Table    One | 075.200
2017-01-13 14:13:16 | TEMPLOG : WellhouseOne | 049.100
2017-01-13 14:14:17 | TEMPLOG : Bio   Filter | 074.300
2017-01-13 14:14:17 | TEMPLOG : Table    One | 074.300
2017-01-13 14:16:19 | TEMPLOG : Bio   Filter | 073.400
2017-01-13 14:16:19 | TEMPLOG : To   GeoLoop | 051.800
2017-01-13 14:16:20 | TEMPLOG : Table    One | 073.400
2017-01-13 14:18:21 | TEMPLOG : WellhouseOne | 048.200
2017-01-13 14:20:24 | TEMPLOG : Bio   Filter | 074.300
2017-01-13 14:20:24 | TEMPLOG : Table    One | 074.300
2017-01-13 14:21:25 | TEMPLOG : WellhouseOne | 055.400
2017-01-13 14:21:25 | TEMPLOG : Table    One | 073.400
2017-01-13 14:22:26 | TEMPLOG : WellhouseOne | 113.900
2017-01-13 14:22:26 | TEMPLOG : Bio   Filter | 073.400
2017-01-13 14:23:28 | TEMPLOG : WellhouseOne | 129.200
2017-01-13 14:24:30 | TEMPLOG : WellhouseOne | 091.400
2017-01-13 14:25:31 | TEMPLOG : WellhouseOne | 078.800
2017-01-13 14:25:32 | TEMPLOG : Table    One | 072.500
2017-01-13 14:26:32 | TEMPLOG : WellhouseOne | 070.700
2017-01-13 14:26:32 | TEMPLOG : Bio   Filter | 072.500
2017-01-13 14:27:33 | TEMPLOG : WellhouseOne | 067.100
2017-01-13 14:27:33 | TEMPLOG : Bio   Filter | 071.600
2017-01-13 14:27:34 | TEMPLOG : Table    One | 071.600
2017-01-13 14:28:34 | TEMPLOG : WellhouseOne | 062.600
2017-01-13 14:29:35 | TEMPLOG : WellhouseOne | 059.900
2017-01-13 14:29:35 | TEMPLOG : Table    One | 072.500
2017-01-13 14:30:36 | TEMPLOG : WellhouseOne | 058.100
2017-01-13 14:31:36 | TEMPLOG : WellhouseOne | 056.300
2017-01-13 14:31:37 | TEMPLOG : Bio   Filter | 072.500
2017-01-13 14:32:39 | TEMPLOG : WellhouseOne | 054.500
2017-01-13 14:34:41 | TEMPLOG : WellhouseOne | 053.600
2017-01-13 14:35:42 | TEMPLOG : WellhouseOne | 052.700
2017-01-13 14:36:43 | TEMPLOG : Bio   Filter | 071.600
2017-01-13 14:37:44 | TEMPLOG : WellhouseOne | 051.800
2017-01-13 14:37:45 | TEMPLOG : Table    One | 071.600
2017-01-13 14:38:45 | TEMPLOG : Bio   Filter | 070.700
2017-01-13 14:39:47 | TEMPLOG : WellhouseOne | 050.900
2017-01-13 14:39:47 | TEMPLOG : To   GeoLoop | 050.900
2017-01-13 14:39:47 | TEMPLOG : Table    One | 070.700
2017-01-13 14:40:48 | TEMPLOG : WellhouseOne | 050.000
2017-01-13 14:40:48 | TEMPLOG : Bio   Filter | 069.800
2017-01-13 14:40:49 | TEMPLOG : Table    One | 069.800
2017-01-13 14:41:49 | TEMPLOG : Bio   Filter | 068.900
2017-01-13 14:41:49 | TEMPLOG : Table    One | 068.900
2017-01-13 14:42:50 | TEMPLOG : Bio   Filter | 068.000
2017-01-13 14:45:54 | TEMPLOG : WellhouseOne | 049.100
2017-01-13 14:46:55 | TEMPLOG : Bio   Filter | 068.900
2017-01-13 14:47:56 | TEMPLOG : Table    One | 069.800
2017-01-13 14:48:57 | TEMPLOG : Table    One | 068.900
2017-01-13 14:49:57 | TEMPLOG : WellhouseOne | 048.200
2017-01-13 14:49:58 | TEMPLOG : Table    One | 069.800
2017-01-13 14:51:00 | TEMPLOG : Table    One | 068.000
2017-01-13 14:52:00 | TEMPLOG : Bio   Filter | 067.100
2017-01-13 14:52:01 | TEMPLOG : Table    One | 067.100
2017-01-13 14:53:02 | TEMPLOG : WellhouseOne | 087.800
2017-01-13 14:53:02 | TEMPLOG : Table    One | 068.000
2017-01-13 14:54:02 | TEMPLOG : WellhouseOne | 120.200
2017-01-13 14:54:02 | TEMPLOG : Bio   Filter | 068.000
2017-01-13 14:55:04 | TEMPLOG : WellhouseOne | 128.300
2017-01-13 14:56:05 | TEMPLOG : WellhouseOne | 087.800
2017-01-13 14:57:06 | TEMPLOG : WellhouseOne | 076.100
2017-01-13 14:58:07 | TEMPLOG : WellhouseOne | 069.800
2017-01-13 14:58:07 | TEMPLOG : Table    One | 068.900
2017-01-13 14:59:08 | TEMPLOG : WellhouseOne | 066.200
2017-01-13 14:59:08 | TEMPLOG : Bio   Filter | 068.900
2017-01-13 15:00:08 | TEMPLOG : WellhouseOne | 062.600
2017-01-13 15:00:08 | TEMPLOG : Bio   Filter | 068.900
2017-01-13 15:00:09 | TEMPLOG : To   GeoLoop | 050.900
2017-01-13 15:00:09 | TEMPLOG : Table    One | 068.900
2017-01-13 15:01:09 | TEMPLOG : WellhouseOne | 059.900
2017-01-13 15:01:10 | TEMPLOG : Table    One | 069.800
2017-01-13 15:02:11 | TEMPLOG : WellhouseOne | 058.100
2017-01-13 15:02:11 | TEMPLOG : Bio   Filter | 069.800
2017-01-13 15:03:12 | TEMPLOG : WellhouseOne | 057.200
2017-01-13 15:03:13 | TEMPLOG : To   GeoLoop | 051.800
2017-01-13 15:03:13 | TEMPLOG : Table    One | 070.700
2017-01-13 15:04:13 | TEMPLOG : WellhouseOne | 055.400
2017-01-13 15:05:14 | TEMPLOG : WellhouseOne | 054.500
2017-01-13 15:05:15 | TEMPLOG : Bio   Filter | 070.700
2017-01-13 15:05:15 | TEMPLOG : Table    One | 071.600
2017-01-13 15:06:15 | TEMPLOG : WellhouseOne | 053.600
2017-01-13 15:07:16 | TEMPLOG : WellhouseOne | 052.700
2017-01-13 15:08:17 | TEMPLOG : WellhouseOne | 051.800
2017-01-13 15:09:19 | TEMPLOG : Table    One | 070.700
2017-01-13 15:11:21 | TEMPLOG : WellhouseOne | 050.900
2017-01-13 15:11:21 | TEMPLOG : Table    One | 069.800
2017-01-13 15:12:22 | TEMPLOG : Bio   Filter | 069.800
2017-01-13 15:12:24 | TEMPLOG : Table    One | 068.900
2017-01-13 15:14:24 | TEMPLOG : WellhouseOne | 050.000
2017-01-13 15:14:25 | TEMPLOG : Bio   Filter | 068.900
2017-01-13 15:14:25 | TEMPLOG : To   GeoLoop | 050.900
2017-01-13 15:14:25 | TEMPLOG : Table    One | 068.000
2017-01-13 15:15:26 | TEMPLOG : Bio   Filter | 068.000
2017-01-13 15:15:26 | TEMPLOG : Table    One | 066.200
2017-01-13 15:16:27 | TEMPLOG : Bio   Filter | 067.100
2017-01-13 15:16:28 | TEMPLOG : Table    One | 065.300
2017-01-13 15:17:28 | TEMPLOG : WellhouseOne | 049.100
2017-01-13 15:17:28 | TEMPLOG : Bio   Filter | 066.200
2017-01-13 15:18:30 | TEMPLOG : Bio   Filter | 067.100
2017-01-13 15:19:30 | TEMPLOG : Bio   Filter | 066.200
2017-01-13 15:19:31 | TEMPLOG : Table    One | 064.400
2017-01-13 15:20:31 | TEMPLOG : WellhouseOne | 048.200
2017-01-13 15:20:31 | TEMPLOG : Bio   Filter | 065.300
2017-01-13 15:20:32 | TEMPLOG : Table    One | 063.500
2017-01-13 15:21:33 | TEMPLOG : Bio   Filter | 064.400
2017-01-13 15:21:33 | TEMPLOG : To   GeoLoop | 050.000
2017-01-13 15:21:33 | TEMPLOG : Table    One | 062.600
2017-01-13 15:22:34 | TEMPLOG : Bio   Filter | 063.500
2017-01-13 15:23:35 | TEMPLOG : Bio   Filter | 062.600
2017-01-13 15:23:36 | TEMPLOG : Table    One | 061.700
2017-01-13 15:24:36 | TEMPLOG : WellhouseOne | 103.100
2017-01-13 15:24:37 | TEMPLOG : Table    One | 060.800
2017-01-13 15:25:37 | TEMPLOG : WellhouseOne | 122.900
2017-01-13 15:25:37 | TEMPLOG : Bio   Filter | 061.700
2017-01-13 15:26:39 | TEMPLOG : WellhouseOne | 112.100
2017-01-13 15:26:39 | TEMPLOG : Bio   Filter | 060.800
2017-01-13 15:27:40 | TEMPLOG : WellhouseOne | 085.100
2017-01-13 15:27:40 | TEMPLOG : Bio   Filter | 061.700
2017-01-13 15:27:40 | TEMPLOG : Table    One | 062.600
2017-01-13 15:28:41 | TEMPLOG : WellhouseOne | 073.400
2017-01-13 15:28:41 | TEMPLOG : Bio   Filter | 062.600
2017-01-13 15:28:42 | TEMPLOG : Table    One | 063.500
2017-01-13 15:29:43 | TEMPLOG : WellhouseOne | 067.100
2017-01-13 15:30:43 | TEMPLOG : WellhouseOne | 063.500
2017-01-13 15:31:45 | TEMPLOG : WellhouseOne | 060.800
2017-01-13 15:31:45 | TEMPLOG : Table    One | 062.600
2017-01-13 15:32:46 | TEMPLOG : WellhouseOne | 059.000
2017-01-13 15:32:47 | TEMPLOG : Table    One | 063.500
2017-01-13 15:33:48 | TEMPLOG : WellhouseOne | 057.200
2017-01-13 15:33:48 | TEMPLOG : Bio   Filter | 063.500
2017-01-13 15:33:48 | TEMPLOG : Table    One | 065.300
2017-01-13 15:34:48 | TEMPLOG : WellhouseOne | 056.300
2017-01-13 15:34:49 | TEMPLOG : Table    One | 064.400
2017-01-13 15:35:49 | TEMPLOG : WellhouseOne | 054.500
2017-01-13 15:35:50 | TEMPLOG : Bio   Filter | 062.600
2017-01-13 15:35:50 | TEMPLOG : Table    One | 063.500
2017-01-13 15:36:50 | TEMPLOG : WellhouseOne | 053.600
2017-01-13 15:36:50 | TEMPLOG : Bio   Filter | 063.500
2017-01-13 15:36:51 | TEMPLOG : Table    One | 064.400
2017-01-13 15:37:51 | TEMPLOG : WellhouseOne | 052.700
2017-01-13 15:38:52 | TEMPLOG : Bio   Filter | 064.400
2017-01-13 15:38:53 | TEMPLOG : Table    One | 065.300
2017-01-13 15:39:54 | TEMPLOG : WellhouseOne | 051.800
2017-01-13 15:39:54 | TEMPLOG : Table    One | 066.200
2017-01-13 15:41:56 | TEMPLOG : WellhouseOne | 050.900
2017-01-13 15:43:58 | TEMPLOG : WellhouseOne | 050.000
2017-01-13 15:47:02 | TEMPLOG : Bio   Filter | 063.500
2017-01-13 15:48:03 | TEMPLOG : WellhouseOne | 049.100
2017-01-13 15:50:06 | TEMPLOG : WellhouseOne | 048.200
2017-01-13 15:50:07 | TEMPLOG : Bio   Filter | 062.600
2017-01-13 15:51:09 | TEMPLOG : Table    One | 065.300
2017-01-13 15:53:10 | TEMPLOG : Bio   Filter | 061.700
2017-01-13 15:54:13 | TEMPLOG : WellhouseOne | 047.300
2017-01-13 15:54:13 | TEMPLOG : Table    One | 064.400
2017-01-13 15:55:14 | TEMPLOG : WellhouseOne | 095.000
2017-01-13 15:56:15 | TEMPLOG : WellhouseOne | 119.300
2017-01-13 15:57:16 | TEMPLOG : WellhouseOne | 111.200
2017-01-13 15:57:16 | TEMPLOG : Bio   Filter | 060.800
2017-01-13 15:57:16 | TEMPLOG : To   GeoLoop | 049.100
2017-01-13 15:57:16 | TEMPLOG : Table    One | 063.500
2017-01-13 15:58:17 | TEMPLOG : WellhouseOne | 082.400
2017-01-13 15:58:18 | TEMPLOG : To   GeoLoop | 050.000
2017-01-13 15:58:18 | TEMPLOG : Table    One | 062.600
2017-01-13 15:59:18 | TEMPLOG : WellhouseOne | 072.500
2017-01-13 15:59:18 | TEMPLOG : Bio   Filter | 059.900
2017-01-13 15:59:19 | TEMPLOG : To   GeoLoop | 049.100
2017-01-13 16:00:20 | TEMPLOG : WellhouseOne | 067.100
2017-01-13 16:00:20 | TEMPLOG : Bio   Filter | 059.900
2017-01-13 16:00:20 | TEMPLOG : To   GeoLoop | 049.100
2017-01-13 16:00:21 | TEMPLOG : Table    One | 061.700
2017-01-13 16:01:21 | TEMPLOG : WellhouseOne | 063.500
2017-01-13 16:02:23 | TEMPLOG : WellhouseOne | 060.800
2017-01-13 16:02:23 | TEMPLOG : Bio   Filter | 059.000
2017-01-13 16:02:24 | TEMPLOG : Table    One | 060.800
2017-01-13 16:03:24 | TEMPLOG : WellhouseOne | 058.100
2017-01-13 16:04:25 | TEMPLOG : WellhouseOne | 057.200
2017-01-13 16:04:25 | TEMPLOG : Table    One | 059.900
2017-01-13 16:05:26 | TEMPLOG : WellhouseOne | 055.400
2017-01-13 16:05:26 | TEMPLOG : Bio   Filter | 058.100
2017-01-13 16:06:26 | TEMPLOG : WellhouseOne | 054.500
2017-01-13 16:07:27 | TEMPLOG : WellhouseOne | 053.600
2017-01-13 16:07:27 | TEMPLOG : Bio   Filter | 057.200
2017-01-13 16:07:28 | TEMPLOG : Table    One | 059.000
2017-01-13 16:08:28 | TEMPLOG : Bio   Filter | 056.300
2017-01-13 16:09:29 | TEMPLOG : WellhouseOne | 052.700
2017-01-13 16:09:30 | TEMPLOG : Table    One | 058.100
2017-01-13 16:10:31 | TEMPLOG : WellhouseOne | 051.800
2017-01-13 16:10:31 | TEMPLOG : Bio   Filter | 055.400
2017-01-13 16:11:31 | TEMPLOG : WellhouseOne | 050.900
2017-01-13 16:11:33 | TEMPLOG : Table    One | 057.200
2017-01-13 16:13:34 | TEMPLOG : Bio   Filter | 054.500
2017-01-13 16:14:34 | TEMPLOG : WellhouseOne | 050.000
2017-01-13 16:14:35 | TEMPLOG : To   GeoLoop | 048.200
2017-01-13 16:15:36 | TEMPLOG : Bio   Filter | 053.600
2017-01-13 16:15:36 | TEMPLOG : Table    One | 056.300
2017-01-13 16:16:37 | TEMPLOG : WellhouseOne | 049.100
2017-01-13 16:17:38 | TEMPLOG : Bio   Filter | 052.700
2017-01-13 16:17:39 | TEMPLOG : Table    One | 055.400
2017-01-13 16:19:41 | TEMPLOG : WellhouseOne | 048.200
2017-01-13 16:19:41 | TEMPLOG : Bio   Filter | 051.800
2017-01-13 16:19:42 | TEMPLOG : Table    One | 053.600
2017-01-13 16:20:43 | TEMPLOG : Bio   Filter | 050.900
2017-01-13 16:21:43 | TEMPLOG : WellhouseOne | 047.300
2017-01-13 16:21:43 | TEMPLOG : Bio   Filter | 050.000
2017-01-13 16:21:44 | TEMPLOG : Table    One | 052.700
2017-01-13 16:23:46 | TEMPLOG : Table    One | 051.800
2017-01-13 16:24:47 | TEMPLOG : WellhouseOne | 076.100
2017-01-13 16:24:47 | TEMPLOG : Bio   Filter | 049.100
2017-01-13 16:25:48 | TEMPLOG : WellhouseOne | 117.500
2017-01-13 16:26:50 | TEMPLOG : WellhouseOne | 129.200
2017-01-13 16:26:50 | TEMPLOG : To   GeoLoop | 047.300
2017-01-13 16:27:51 | TEMPLOG : WellhouseOne | 096.800
2017-01-13 16:27:52 | TEMPLOG : Table    One | 050.900
2017-01-13 16:28:52 | TEMPLOG : WellhouseOne | 079.700
2017-01-13 16:28:53 | TEMPLOG : Bio   Filter | 047.300
2017-01-13 16:28:53 | TEMPLOG : Table    One | 049.100
2017-01-13 16:29:53 | TEMPLOG : WellhouseOne | 071.600
2017-01-13 16:29:53 | TEMPLOG : Bio   Filter | 046.400
2017-01-13 16:29:54 | TEMPLOG : Table    One | 047.300
2017-01-13 16:30:54 | TEMPLOG : WellhouseOne | 066.200
2017-01-13 16:30:55 | TEMPLOG : Table    One | 045.500
2017-01-13 16:31:55 | TEMPLOG : WellhouseOne | 062.600
2017-01-13 16:31:55 | TEMPLOG : Bio   Filter | 045.500
2017-01-13 16:31:56 | TEMPLOG : Table    One | 044.600
2017-01-13 16:32:56 | TEMPLOG : WellhouseOne | 059.900
2017-01-13 16:32:56 | TEMPLOG : Bio   Filter | 044.600
2017-01-13 16:32:57 | TEMPLOG : To   GeoLoop | 046.400
2017-01-13 16:33:58 | TEMPLOG : WellhouseOne | 058.100
2017-01-13 16:33:59 | TEMPLOG : Table    One | 043.700
2017-01-13 16:34:59 | TEMPLOG : WellhouseOne | 056.300
2017-01-13 16:34:59 | TEMPLOG : Bio   Filter | 043.700
2017-01-13 16:35:00 | TEMPLOG : Table    One | 042.800
2017-01-13 16:36:00 | TEMPLOG : WellhouseOne | 055.400
2017-01-13 16:37:02 | TEMPLOG : WellhouseOne | 054.500
2017-01-13 16:38:03 | TEMPLOG : WellhouseOne | 053.600
2017-01-13 16:38:03 | TEMPLOG : Bio   Filter | 042.800
2017-01-13 16:38:04 | TEMPLOG : Table    One | 041.900
2017-01-13 16:39:04 | TEMPLOG : WellhouseOne | 052.700
2017-01-13 16:40:05 | TEMPLOG : WellhouseOne | 051.800
2017-01-13 16:41:07 | TEMPLOG : Bio   Filter | 041.900
2017-01-13 16:42:07 | TEMPLOG : WellhouseOne | 050.900
2017-01-13 16:42:08 | TEMPLOG : Table    One | 041.000
2017-01-13 16:44:11 | TEMPLOG : WellhouseOne | 050.000
2017-01-13 16:45:12 | TEMPLOG : Bio   Filter | 041.000
2017-01-13 16:46:13 | TEMPLOG : WellhouseOne | 049.100
2017-01-13 16:48:15 | TEMPLOG : Table    One | 040.100
2017-01-13 16:49:16 | TEMPLOG : WellhouseOne | 048.200
2017-01-13 16:49:16 | TEMPLOG : To   GeoLoop | 045.500
2017-01-13 16:50:17 | TEMPLOG : Bio   Filter | 040.100
2017-01-13 16:52:21 | TEMPLOG : Table    One | 039.200
2017-01-13 16:53:21 | TEMPLOG : WellhouseOne | 047.300
2017-01-13 16:54:22 | TEMPLOG : WellhouseOne | 070.700
2017-01-13 16:55:23 | TEMPLOG : WellhouseOne | 115.700
2017-01-13 16:56:24 | TEMPLOG : WellhouseOne | 128.300
2017-01-13 16:56:24 | TEMPLOG : Bio   Filter | 039.200
2017-01-13 16:57:26 | TEMPLOG : WellhouseOne | 104.000
2017-01-13 16:58:27 | TEMPLOG : WellhouseOne | 084.200
2017-01-13 16:59:28 | TEMPLOG : WellhouseOne | 075.200
2017-01-13 16:59:29 | TEMPLOG : Table    One | 038.300
2017-01-13 17:00:30 | TEMPLOG : WellhouseOne | 068.900
2017-01-13 17:00:30 | TEMPLOG : Bio   Filter | 039.200
2017-01-13 17:00:31 | TEMPLOG : To   GeoLoop | 045.500
2017-01-13 17:00:31 | TEMPLOG : Table    One | 038.300
2017-01-13 17:01:31 | TEMPLOG : WellhouseOne | 064.400
2017-01-13 17:02:32 | TEMPLOG : WellhouseOne | 060.800
2017-01-13 17:03:33 | TEMPLOG : WellhouseOne | 058.100
2017-01-13 17:03:34 | TEMPLOG : Bio   Filter | 038.300
2017-01-13 17:04:34 | TEMPLOG : WellhouseOne | 056.300
2017-01-13 17:05:37 | TEMPLOG : WellhouseOne | 055.400
2017-01-13 17:06:38 | TEMPLOG : WellhouseOne | 054.500
2017-01-13 17:07:40 | TEMPLOG : WellhouseOne | 053.600
2017-01-13 17:07:41 | TEMPLOG : Table    One | 037.400
2017-01-13 17:08:42 | TEMPLOG : WellhouseOne | 052.700
2017-01-13 17:09:43 | TEMPLOG : WellhouseOne | 051.800
2017-01-13 17:10:45 | TEMPLOG : WellhouseOne | 050.900
2017-01-13 17:10:45 | TEMPLOG : Bio   Filter | 037.400
2017-01-13 17:12:47 | TEMPLOG : WellhouseOne | 050.000
2017-01-13 17:13:49 | TEMPLOG : WellhouseOne | 049.100
2017-01-13 17:15:52 | TEMPLOG : WellhouseOne | 048.200
2017-01-13 17:15:53 | TEMPLOG : To   GeoLoop | 044.600
2017-01-13 17:16:54 | TEMPLOG : Table    One | 036.500
2017-01-13 17:17:55 | TEMPLOG : Table    One | 037.400
2017-01-13 17:18:55 | TEMPLOG : WellhouseOne | 047.300
2017-01-13 17:18:56 | TEMPLOG : Table    One | 036.500
2017-01-13 17:20:58 | TEMPLOG : To   GeoLoop | 045.500
2017-01-13 17:21:59 | TEMPLOG : WellhouseOne | 046.400
2017-01-13 17:22:01 | TEMPLOG : To   GeoLoop | 044.600
2017-01-13 17:23:02 | TEMPLOG : WellhouseOne | 050.900
2017-01-13 17:23:02 | TEMPLOG : Bio   Filter | 036.500
2017-01-13 17:24:04 | TEMPLOG : WellhouseOne | 111.200
2017-01-13 17:24:04 | TEMPLOG : Bio   Filter | 037.400
2017-01-13 17:25:04 | TEMPLOG : WellhouseOne | 125.600
2017-01-13 17:25:04 | TEMPLOG : Bio   Filter | 036.500
2017-01-13 17:26:05 | TEMPLOG : WellhouseOne | 132.800
2017-01-13 17:27:06 | TEMPLOG : WellhouseOne | 091.400
2017-01-13 17:28:07 | TEMPLOG : WellhouseOne | 078.800
2017-01-13 17:29:08 | TEMPLOG : WellhouseOne | 070.700
2017-01-13 17:30:09 | TEMPLOG : WellhouseOne | 065.300
2017-01-13 17:31:11 | TEMPLOG : WellhouseOne | 061.700
2017-01-13 17:32:12 | TEMPLOG : WellhouseOne | 059.000
2017-01-13 17:33:13 | TEMPLOG : WellhouseOne | 056.300
2017-01-13 17:34:15 | TEMPLOG : WellhouseOne | 054.500
2017-01-13 17:35:15 | TEMPLOG : WellhouseOne | 053.600
2017-01-13 17:36:17 | TEMPLOG : WellhouseOne | 052.700
2017-01-13 17:36:18 | TEMPLOG : Table    One | 035.600
2017-01-13 17:37:18 | TEMPLOG : WellhouseOne | 051.800
2017-01-13 17:38:19 | TEMPLOG : WellhouseOne | 050.900
2017-01-13 17:38:19 | TEMPLOG : Bio   Filter | 035.600
2017-01-13 17:40:21 | TEMPLOG : WellhouseOne | 050.000
2017-01-13 17:42:24 | TEMPLOG : WellhouseOne | 049.100
2017-01-13 17:44:27 | TEMPLOG : WellhouseOne | 048.200
2017-01-13 17:46:28 | TEMPLOG : WellhouseOne | 047.300
2017-01-13 17:49:32 | TEMPLOG : WellhouseOne | 046.400
2017-01-13 17:52:35 | TEMPLOG : WellhouseOne | 099.500
2017-01-13 17:53:37 | TEMPLOG : WellhouseOne | 120.200
2017-01-13 17:54:39 | TEMPLOG : WellhouseOne | 129.200
2017-01-13 17:55:40 | TEMPLOG : WellhouseOne | 096.800
2017-01-13 17:56:41 | TEMPLOG : WellhouseOne | 081.500
2017-01-13 17:57:42 | TEMPLOG : WellhouseOne | 072.500
2017-01-13 17:58:43 | TEMPLOG : WellhouseOne | 066.200
2017-01-13 17:59:44 | TEMPLOG : WellhouseOne | 061.700
2017-01-13 18:00:45 | TEMPLOG : WellhouseOne | 059.000
2017-01-13 18:00:46 | TEMPLOG : Bio   Filter | 035.600
2017-01-13 18:00:46 | TEMPLOG : To   GeoLoop | 044.600
2017-01-13 18:00:47 | TEMPLOG : Table    One | 034.700
2017-01-13 18:01:47 | TEMPLOG : WellhouseOne | 056.300
2017-01-13 18:02:48 | TEMPLOG : WellhouseOne | 054.500
2017-01-13 18:03:50 | TEMPLOG : WellhouseOne | 053.600
2017-01-13 18:04:51 | TEMPLOG : WellhouseOne | 051.800
2017-01-13 18:05:51 | TEMPLOG : WellhouseOne | 050.900
2017-01-13 18:05:52 | TEMPLOG : Bio   Filter | 034.700
2017-01-13 18:06:52 | TEMPLOG : WellhouseOne | 050.000
2017-01-13 18:08:54 | TEMPLOG : WellhouseOne | 049.100
2017-01-13 18:09:56 | TEMPLOG : WellhouseOne | 048.200
2017-01-13 18:11:59 | TEMPLOG : WellhouseOne | 047.300
2017-01-13 18:16:03 | TEMPLOG : WellhouseOne | 046.400
2017-01-13 18:19:07 | TEMPLOG : WellhouseOne | 045.500
2017-01-13 18:20:08 | TEMPLOG : WellhouseOne | 071.600
2017-01-13 18:21:09 | TEMPLOG : WellhouseOne | 113.900
2017-01-13 18:22:11 | TEMPLOG : WellhouseOne | 126.500
2017-01-13 18:23:12 | TEMPLOG : WellhouseOne | 130.100
2017-01-13 18:24:13 | TEMPLOG : WellhouseOne | 091.400
2017-01-13 18:25:14 | TEMPLOG : WellhouseOne | 077.900
2017-01-13 18:26:15 | TEMPLOG : WellhouseOne | 070.700
2017-01-13 18:27:16 | TEMPLOG : WellhouseOne | 065.300
2017-01-13 18:28:17 | TEMPLOG : WellhouseOne | 060.800
2017-01-13 18:28:19 | TEMPLOG : To   GeoLoop | 043.700
2017-01-13 18:29:19 | TEMPLOG : WellhouseOne | 058.100
2017-01-13 18:30:22 | TEMPLOG : WellhouseOne | 055.400
2017-01-13 18:30:22 | TEMPLOG : To   GeoLoop | 044.600
2017-01-13 18:31:23 | TEMPLOG : WellhouseOne | 054.500
2017-01-13 18:32:25 | TEMPLOG : WellhouseOne | 053.600
2017-01-13 18:32:25 | TEMPLOG : To   GeoLoop | 043.700
2017-01-13 18:33:26 | TEMPLOG : WellhouseOne | 052.700
2017-01-13 18:34:26 | TEMPLOG : WellhouseOne | 051.800
2017-01-13 18:34:28 | TEMPLOG : To   GeoLoop | 044.600
2017-01-13 18:35:28 | TEMPLOG : WellhouseOne | 050.000
2017-01-13 18:35:29 | TEMPLOG : To   GeoLoop | 043.700
2017-01-13 18:35:29 | TEMPLOG : Table    One | 033.800
2017-01-13 18:37:30 | TEMPLOG : WellhouseOne | 049.100
2017-01-13 18:40:33 | TEMPLOG : WellhouseOne | 048.200
2017-01-13 18:42:35 | TEMPLOG : WellhouseOne | 047.300
2017-01-13 18:45:39 | TEMPLOG : WellhouseOne | 046.400
2017-01-13 18:46:41 | TEMPLOG : Bio   Filter | 033.800
2017-01-13 18:48:43 | TEMPLOG : WellhouseOne | 085.100
2017-01-13 18:49:44 | TEMPLOG : WellhouseOne | 115.700
2017-01-13 18:50:46 | TEMPLOG : WellhouseOne | 126.500
2017-01-13 18:51:47 | TEMPLOG : WellhouseOne | 132.800
2017-01-13 18:52:48 | TEMPLOG : WellhouseOne | 094.100
2017-01-13 18:53:49 | TEMPLOG : WellhouseOne | 079.700
2017-01-13 18:54:50 | TEMPLOG : WellhouseOne | 071.600
2017-01-13 18:55:51 | TEMPLOG : WellhouseOne | 066.200
2017-01-13 18:56:52 | TEMPLOG : WellhouseOne | 062.600
2017-01-13 18:57:53 | TEMPLOG : WellhouseOne | 059.900
2017-01-13 18:57:54 | TEMPLOG : Bio   Filter | 034.700
2017-01-13 18:58:56 | TEMPLOG : WellhouseOne | 057.200
2017-01-13 18:59:57 | TEMPLOG : WellhouseOne | 055.400
2017-01-13 18:59:57 | TEMPLOG : Bio   Filter | 033.800
2017-01-13 19:00:58 | TEMPLOG : WellhouseOne | 054.500
2017-01-13 19:00:59 | TEMPLOG : Bio   Filter | 033.800
2017-01-13 19:00:59 | TEMPLOG : To   GeoLoop | 043.700
2017-01-13 19:00:59 | TEMPLOG : Table    One | 033.800
2017-01-13 19:02:00 | TEMPLOG : WellhouseOne | 052.700
2017-01-13 19:03:01 | TEMPLOG : WellhouseOne | 051.800
2017-01-13 19:04:02 | TEMPLOG : WellhouseOne | 050.900
2017-01-13 19:04:02 | TEMPLOG : Bio   Filter | 034.700
2017-01-13 19:05:04 | TEMPLOG : WellhouseOne | 050.000
2017-01-13 19:05:04 | TEMPLOG : Bio   Filter | 033.800
2017-01-13 19:07:06 | TEMPLOG : WellhouseOne | 049.100
2017-01-13 19:09:08 | TEMPLOG : WellhouseOne | 048.200
2017-01-13 19:12:11 | TEMPLOG : WellhouseOne | 047.300
2017-01-13 19:14:15 | TEMPLOG : WellhouseOne | 046.400
2017-01-13 19:17:18 | TEMPLOG : WellhouseOne | 074.300
2017-01-13 19:18:19 | TEMPLOG : WellhouseOne | 112.100
2017-01-13 19:19:21 | TEMPLOG : WellhouseOne | 123.800
2017-01-13 19:20:22 | TEMPLOG : WellhouseOne | 131.000
2017-01-13 19:21:23 | TEMPLOG : WellhouseOne | 095.900
2017-01-13 19:22:24 | TEMPLOG : WellhouseOne | 082.400
2017-01-13 19:23:25 | TEMPLOG : WellhouseOne | 072.500
2017-01-13 19:24:26 | TEMPLOG : WellhouseOne | 066.200
2017-01-13 19:25:28 | TEMPLOG : WellhouseOne | 062.600
2017-01-13 19:26:29 | TEMPLOG : WellhouseOne | 059.900
2017-01-13 19:27:30 | TEMPLOG : WellhouseOne | 057.200
2017-01-13 19:28:31 | TEMPLOG : WellhouseOne | 055.400
2017-01-13 19:29:33 | TEMPLOG : WellhouseOne | 053.600
2017-01-13 19:30:34 | TEMPLOG : WellhouseOne | 052.700
2017-01-13 19:31:35 | TEMPLOG : WellhouseOne | 051.800
2017-01-13 19:32:37 | TEMPLOG : WellhouseOne | 050.900
2017-01-13 19:32:38 | TEMPLOG : Table    One | 032.900
2017-01-13 19:33:38 | TEMPLOG : WellhouseOne | 050.000
2017-01-13 19:35:41 | TEMPLOG : WellhouseOne | 049.100
2017-01-13 19:37:45 | TEMPLOG : WellhouseOne | 048.200
2017-01-13 19:39:48 | TEMPLOG : WellhouseOne | 047.300
2017-01-13 19:39:49 | TEMPLOG : Table    One | 033.800
2017-01-13 19:41:51 | TEMPLOG : WellhouseOne | 046.400
2017-01-13 19:45:57 | TEMPLOG : WellhouseOne | 083.300
2017-01-13 19:46:58 | TEMPLOG : WellhouseOne | 115.700
2017-01-13 19:47:59 | TEMPLOG : WellhouseOne | 125.600
2017-01-13 19:49:00 | TEMPLOG : WellhouseOne | 131.000
2017-01-13 19:50:01 | TEMPLOG : WellhouseOne | 095.000
2017-01-13 19:51:01 | TEMPLOG : WellhouseOne | 080.600
2017-01-13 19:52:03 | TEMPLOG : WellhouseOne | 071.600
2017-01-13 19:53:04 | TEMPLOG : WellhouseOne | 066.200
2017-01-13 19:54:05 | TEMPLOG : WellhouseOne | 062.600
2017-01-13 19:55:06 | TEMPLOG : WellhouseOne | 059.000
2017-01-13 19:56:07 | TEMPLOG : WellhouseOne | 057.200
2017-01-13 19:57:08 | TEMPLOG : WellhouseOne | 055.400
2017-01-13 19:58:10 | TEMPLOG : WellhouseOne | 053.600
2017-01-13 19:59:11 | TEMPLOG : WellhouseOne | 052.700
2017-01-13 20:00:12 | TEMPLOG : WellhouseOne | 051.800
2017-01-13 20:00:12 | TEMPLOG : Bio   Filter | 033.800
2017-01-13 20:00:12 | TEMPLOG : To   GeoLoop | 043.700
2017-01-13 20:00:13 | TEMPLOG : Table    One | 033.800
2017-01-13 20:01:13 | TEMPLOG : WellhouseOne | 050.900
2017-01-13 20:02:14 | TEMPLOG : WellhouseOne | 050.000
2017-01-13 20:03:16 | TEMPLOG : WellhouseOne | 049.100
2017-01-13 20:05:18 | TEMPLOG : WellhouseOne | 048.200
2017-01-13 20:07:20 | TEMPLOG : WellhouseOne | 047.300
2017-01-13 20:11:25 | TEMPLOG : WellhouseOne | 046.400
2017-01-13 20:13:29 | TEMPLOG : WellhouseOne | 045.500
2017-01-13 20:14:30 | TEMPLOG : WellhouseOne | 097.700
2017-01-13 20:15:31 | TEMPLOG : WellhouseOne | 117.500
2017-01-13 20:16:32 | TEMPLOG : WellhouseOne | 128.300
2017-01-13 20:17:33 | TEMPLOG : WellhouseOne | 116.600
2017-01-13 20:18:34 | TEMPLOG : WellhouseOne | 086.900
2017-01-13 20:19:36 | TEMPLOG : WellhouseOne | 076.100
2017-01-13 20:20:37 | TEMPLOG : WellhouseOne | 068.900
2017-01-13 20:20:37 | TEMPLOG : Bio   Filter | 034.700
2017-01-13 20:21:38 | TEMPLOG : WellhouseOne | 064.400
2017-01-13 20:22:40 | TEMPLOG : WellhouseOne | 060.800
2017-01-13 20:22:40 | TEMPLOG : Bio   Filter | 033.800
2017-01-13 20:22:40 | TEMPLOG : Table    One | 034.700
2017-01-13 20:23:41 | TEMPLOG : WellhouseOne | 058.100
2017-01-13 20:23:41 | TEMPLOG : Table    One | 033.800
2017-01-13 20:24:41 | TEMPLOG : WellhouseOne | 056.300
2017-01-13 20:24:43 | TEMPLOG : Table    One | 034.700
2017-01-13 20:25:43 | TEMPLOG : WellhouseOne | 054.500
2017-01-13 20:26:45 | TEMPLOG : WellhouseOne | 052.700
2017-01-13 20:27:46 | TEMPLOG : WellhouseOne | 051.800
2017-01-13 20:27:46 | TEMPLOG : Bio   Filter | 034.700
2017-01-13 20:28:47 | TEMPLOG : WellhouseOne | 050.900
2017-01-13 20:29:49 | TEMPLOG : WellhouseOne | 050.000
2017-01-13 20:29:50 | TEMPLOG : Bio   Filter | 033.800
2017-01-13 20:31:52 | TEMPLOG : WellhouseOne | 049.100
2017-01-13 20:33:55 | TEMPLOG : WellhouseOne | 048.200
2017-01-13 20:35:57 | TEMPLOG : WellhouseOne | 047.300
2017-01-13 20:39:00 | TEMPLOG : WellhouseOne | 046.400
2017-01-13 20:41:03 | TEMPLOG : Bio   Filter | 034.700
2017-01-13 20:42:03 | TEMPLOG : WellhouseOne | 049.100
2017-01-13 20:42:04 | TEMPLOG : Bio   Filter | 033.800
2017-01-13 20:43:05 | TEMPLOG : WellhouseOne | 107.600
2017-01-13 20:43:05 | TEMPLOG : Bio   Filter | 034.700
2017-01-13 20:44:06 | TEMPLOG : WellhouseOne | 122.000
2017-01-13 20:45:07 | TEMPLOG : WellhouseOne | 130.100
2017-01-13 20:46:08 | TEMPLOG : WellhouseOne | 100.400
2017-01-13 20:47:11 | TEMPLOG : WellhouseOne | 083.300
2017-01-13 20:48:12 | TEMPLOG : WellhouseOne | 074.300
2017-01-13 20:49:13 | TEMPLOG : WellhouseOne | 068.900
2017-01-13 20:50:14 | TEMPLOG : WellhouseOne | 064.400
2017-01-13 20:51:15 | TEMPLOG : WellhouseOne | 059.900
2017-01-13 20:52:16 | TEMPLOG : WellhouseOne | 058.100
2017-01-13 20:53:17 | TEMPLOG : WellhouseOne | 055.400
2017-01-13 20:54:19 | TEMPLOG : WellhouseOne | 054.500
2017-01-13 20:55:21 | TEMPLOG : WellhouseOne | 052.700
2017-01-13 20:56:23 | TEMPLOG : WellhouseOne | 051.800
2017-01-13 20:57:24 | TEMPLOG : WellhouseOne | 050.900
2017-01-13 20:58:26 | TEMPLOG : WellhouseOne | 050.000
2017-01-13 21:00:28 | TEMPLOG : WellhouseOne | 049.100
2017-01-13 21:00:28 | TEMPLOG : Bio   Filter | 034.700
2017-01-13 21:00:29 | TEMPLOG : To   GeoLoop | 043.700
2017-01-13 21:00:29 | TEMPLOG : Table    One | 034.700
2017-01-13 21:01:30 | TEMPLOG : WellhouseOne | 048.200
2017-01-13 21:04:34 | TEMPLOG : WellhouseOne | 047.300
2017-01-13 21:07:37 | TEMPLOG : WellhouseOne | 046.400
2017-01-13 21:10:41 | TEMPLOG : WellhouseOne | 063.500
2017-01-13 21:11:42 | TEMPLOG : WellhouseOne | 110.300
2017-01-13 21:12:43 | TEMPLOG : WellhouseOne | 122.900
2017-01-13 21:13:45 | TEMPLOG : WellhouseOne | 131.000
2017-01-13 21:14:46 | TEMPLOG : WellhouseOne | 101.300
2017-01-13 21:15:47 | TEMPLOG : WellhouseOne | 085.100
2017-01-13 21:16:48 | TEMPLOG : WellhouseOne | 074.300
2017-01-13 21:17:48 | TEMPLOG : WellhouseOne | 068.900
2017-01-13 21:18:50 | TEMPLOG : WellhouseOne | 064.400
2017-01-13 21:19:51 | TEMPLOG : WellhouseOne | 060.800
2017-01-13 21:20:52 | TEMPLOG : WellhouseOne | 059.000
2017-01-13 21:21:54 | TEMPLOG : WellhouseOne | 056.300
2017-01-13 21:22:55 | TEMPLOG : WellhouseOne | 054.500
2017-01-13 21:23:56 | TEMPLOG : WellhouseOne | 053.600
2017-01-13 21:23:56 | TEMPLOG : Bio   Filter | 033.800
2017-01-13 21:24:57 | TEMPLOG : WellhouseOne | 052.700
2017-01-13 21:26:00 | TEMPLOG : WellhouseOne | 051.800
2017-01-13 21:27:01 | TEMPLOG : WellhouseOne | 050.900
2017-01-13 21:27:02 | TEMPLOG : Table    One | 033.800
2017-01-13 21:28:02 | TEMPLOG : WellhouseOne | 050.000
2017-01-13 21:30:05 | TEMPLOG : WellhouseOne | 049.100
2017-01-13 21:32:09 | TEMPLOG : WellhouseOne | 048.200
2017-01-13 21:34:12 | TEMPLOG : WellhouseOne | 047.300
2017-01-13 21:35:13 | TEMPLOG : WellhouseOne | 046.400
2017-01-13 21:39:19 | TEMPLOG : WellhouseOne | 081.500
2017-01-13 21:40:20 | TEMPLOG : WellhouseOne | 114.800
2017-01-13 21:41:21 | TEMPLOG : WellhouseOne | 124.700
2017-01-13 21:42:22 | TEMPLOG : WellhouseOne | 131.000
2017-01-13 21:43:23 | TEMPLOG : WellhouseOne | 091.400
2017-01-13 21:44:24 | TEMPLOG : WellhouseOne | 078.800
2017-01-13 21:45:25 | TEMPLOG : WellhouseOne | 070.700
2017-01-13 21:46:26 | TEMPLOG : WellhouseOne | 065.300
2017-01-13 21:47:28 | TEMPLOG : WellhouseOne | 061.700
2017-01-13 21:48:30 | TEMPLOG : WellhouseOne | 059.000
2017-01-13 21:48:30 | TEMPLOG : Table    One | 032.900
2017-01-13 21:49:31 | TEMPLOG : WellhouseOne | 056.300
2017-01-13 21:49:31 | TEMPLOG : To   GeoLoop | 042.800
2017-01-13 21:50:32 | TEMPLOG : WellhouseOne | 054.500
2017-01-13 21:51:33 | TEMPLOG : WellhouseOne | 053.600
2017-01-13 21:51:34 | TEMPLOG : Bio   Filter | 032.900
2017-01-13 21:52:34 | TEMPLOG : WellhouseOne | 051.800
2017-01-13 21:53:35 | TEMPLOG : WellhouseOne | 050.900
2017-01-13 21:54:36 | TEMPLOG : WellhouseOne | 050.000
2017-01-13 21:56:38 | TEMPLOG : WellhouseOne | 049.100
2017-01-13 21:58:41 | TEMPLOG : WellhouseOne | 048.200
2017-01-13 22:00:43 | TEMPLOG : WellhouseOne | 047.300
2017-01-13 22:00:44 | TEMPLOG : Bio   Filter | 032.900
2017-01-13 22:00:44 | TEMPLOG : To   GeoLoop | 042.800
2017-01-13 22:00:44 | TEMPLOG : Table    One | 032.900
2017-01-13 22:02:46 | TEMPLOG : WellhouseOne | 046.400
2017-01-13 22:06:51 | TEMPLOG : WellhouseOne | 066.200
2017-01-13 22:07:53 | TEMPLOG : WellhouseOne | 111.200
2017-01-13 22:08:55 | TEMPLOG : WellhouseOne | 123.800
2017-01-13 22:09:56 | TEMPLOG : WellhouseOne | 131.000
2017-01-13 22:10:57 | TEMPLOG : WellhouseOne | 090.500
2017-01-13 22:11:58 | TEMPLOG : WellhouseOne | 077.900
2017-01-13 22:12:59 | TEMPLOG : WellhouseOne | 070.700
2017-01-13 22:14:01 | TEMPLOG : WellhouseOne | 066.200
2017-01-13 22:15:03 | TEMPLOG : WellhouseOne | 061.700
2017-01-13 22:16:04 | TEMPLOG : WellhouseOne | 059.000
2017-01-13 22:17:07 | TEMPLOG : WellhouseOne | 056.300
2017-01-13 22:18:08 | TEMPLOG : WellhouseOne | 054.500
2017-01-13 22:19:10 | TEMPLOG : WellhouseOne | 052.700
2017-01-13 22:20:11 | TEMPLOG : WellhouseOne | 051.800
2017-01-13 22:21:12 | TEMPLOG : WellhouseOne | 050.900
2017-01-13 22:22:13 | TEMPLOG : WellhouseOne | 050.000
2017-01-13 22:23:14 | TEMPLOG : WellhouseOne | 049.100
2017-01-13 22:25:16 | TEMPLOG : WellhouseOne | 048.200
2017-01-13 22:27:19 | TEMPLOG : WellhouseOne | 047.300
2017-01-13 22:28:20 | TEMPLOG : WellhouseOne | 046.400
2017-01-13 22:32:24 | TEMPLOG : WellhouseOne | 045.500
2017-01-13 22:34:27 | TEMPLOG : WellhouseOne | 082.400
2017-01-13 22:35:29 | TEMPLOG : WellhouseOne | 113.900
2017-01-13 22:36:30 | TEMPLOG : WellhouseOne | 127.400
2017-01-13 22:37:32 | TEMPLOG : WellhouseOne | 132.800
2017-01-13 22:38:33 | TEMPLOG : WellhouseOne | 095.000
2017-01-13 22:39:35 | TEMPLOG : WellhouseOne | 078.800
2017-01-13 22:40:36 | TEMPLOG : WellhouseOne | 071.600
2017-01-13 22:41:37 | TEMPLOG : WellhouseOne | 066.200
2017-01-13 22:42:38 | TEMPLOG : WellhouseOne | 061.700
2017-01-13 22:43:40 | TEMPLOG : WellhouseOne | 059.000
2017-01-13 22:44:41 | TEMPLOG : WellhouseOne | 056.300
2017-01-13 22:45:42 | TEMPLOG : WellhouseOne | 054.500
2017-01-13 22:46:43 | TEMPLOG : WellhouseOne | 053.600
2017-01-13 22:47:44 | TEMPLOG : WellhouseOne | 051.800
2017-01-13 22:48:47 | TEMPLOG : WellhouseOne | 050.900
2017-01-13 22:49:48 | TEMPLOG : WellhouseOne | 050.000
2017-01-13 22:50:49 | TEMPLOG : WellhouseOne | 049.100
2017-01-13 22:52:54 | TEMPLOG : WellhouseOne | 048.200
2017-01-13 22:54:56 | TEMPLOG : WellhouseOne | 047.300
2017-01-13 22:56:59 | TEMPLOG : WellhouseOne | 046.400
2017-01-13 22:59:01 | TEMPLOG : WellhouseOne | 045.500
2017-01-13 23:00:03 | TEMPLOG : WellhouseOne | 045.500
2017-01-13 23:00:04 | TEMPLOG : To   GeoLoop | 042.800
2017-01-13 23:01:04 | TEMPLOG : WellhouseOne | 044.600
2017-01-13 23:02:05 | TEMPLOG : WellhouseOne | 068.900
2017-01-13 23:03:06 | TEMPLOG : WellhouseOne | 110.300
2017-01-13 23:04:07 | TEMPLOG : WellhouseOne | 122.900
2017-01-13 23:05:08 | TEMPLOG : WellhouseOne | 129.200
2017-01-13 23:06:08 | TEMPLOG : WellhouseOne | 133.700
2017-01-13 23:06:09 | TEMPLOG : To   GeoLoop | 041.900
2017-01-13 23:06:09 | TEMPLOG : Table    One | 031.100
2017-01-13 23:07:09 | TEMPLOG : WellhouseOne | 097.700
2017-01-13 23:07:10 | TEMPLOG : To   GeoLoop | 042.800
2017-01-13 23:08:10 | TEMPLOG : WellhouseOne | 084.200
2017-01-13 23:09:11 | TEMPLOG : WellhouseOne | 075.200
2017-01-13 23:10:12 | TEMPLOG : WellhouseOne | 068.900
2017-01-13 23:10:13 | TEMPLOG : To   GeoLoop | 041.900
2017-01-13 23:11:14 | TEMPLOG : WellhouseOne | 063.500
2017-01-13 23:11:14 | TEMPLOG : To   GeoLoop | 042.800
2017-01-13 23:12:15 | TEMPLOG : WellhouseOne | 059.900
2017-01-13 23:13:16 | TEMPLOG : WellhouseOne | 057.200
2017-01-13 23:14:18 | TEMPLOG : WellhouseOne | 055.400
2017-01-13 23:14:18 | TEMPLOG : To   GeoLoop | 041.900
2017-01-13 23:15:19 | TEMPLOG : WellhouseOne | 053.600
2017-01-13 23:15:21 | TEMPLOG : To   GeoLoop | 042.800
2017-01-13 23:16:21 | TEMPLOG : WellhouseOne | 052.700
2017-01-13 23:17:22 | TEMPLOG : WellhouseOne | 051.800
2017-01-13 23:17:23 | TEMPLOG : To   GeoLoop | 041.900
2017-01-13 23:18:23 | TEMPLOG : WellhouseOne | 050.900
2017-01-13 23:18:24 | TEMPLOG : To   GeoLoop | 042.800
2017-01-13 23:19:24 | TEMPLOG : WellhouseOne | 050.000
2017-01-13 23:21:26 | TEMPLOG : WellhouseOne | 049.100
2017-01-13 23:22:27 | TEMPLOG : WellhouseOne | 048.200
2017-01-13 23:23:29 | TEMPLOG : To   GeoLoop | 041.900
2017-01-13 23:24:30 | TEMPLOG : WellhouseOne | 047.300
2017-01-13 23:24:30 | TEMPLOG : To   GeoLoop | 042.800
2017-01-13 23:26:33 | TEMPLOG : WellhouseOne | 046.400
2017-01-13 23:26:33 | TEMPLOG : To   GeoLoop | 041.900
2017-01-13 23:27:35 | TEMPLOG : To   GeoLoop | 042.800
2017-01-13 23:29:37 | TEMPLOG : WellhouseOne | 045.500
2017-01-13 23:29:37 | TEMPLOG : To   GeoLoop | 041.900
2017-01-13 23:30:39 | TEMPLOG : WellhouseOne | 062.600
2017-01-13 23:31:40 | TEMPLOG : WellhouseOne | 109.400
2017-01-13 23:32:41 | TEMPLOG : WellhouseOne | 122.000
2017-01-13 23:32:42 | TEMPLOG : To   GeoLoop | 042.800
2017-01-13 23:33:43 | TEMPLOG : WellhouseOne | 129.200
2017-01-13 23:33:44 | TEMPLOG : To   GeoLoop | 041.900
2017-01-13 23:34:44 | TEMPLOG : WellhouseOne | 105.800
2017-01-13 23:35:46 | TEMPLOG : WellhouseOne | 086.000
2017-01-13 23:36:47 | TEMPLOG : WellhouseOne | 075.200
2017-01-13 23:37:47 | TEMPLOG : WellhouseOne | 068.900
2017-01-13 23:38:48 | TEMPLOG : WellhouseOne | 064.400
2017-01-13 23:39:50 | TEMPLOG : WellhouseOne | 059.900
2017-01-13 23:40:50 | TEMPLOG : WellhouseOne | 057.200
2017-01-13 23:41:52 | TEMPLOG : WellhouseOne | 055.400
2017-01-13 23:42:53 | TEMPLOG : WellhouseOne | 053.600
2017-01-13 23:43:54 | TEMPLOG : WellhouseOne | 052.700
2017-01-13 23:43:54 | TEMPLOG : Bio   Filter | 031.100
2017-01-13 23:44:55 | TEMPLOG : WellhouseOne | 051.800
2017-01-13 23:45:58 | TEMPLOG : WellhouseOne | 050.000
2017-01-13 23:48:00 | TEMPLOG : WellhouseOne | 049.100
2017-01-13 23:49:01 | TEMPLOG : WellhouseOne | 048.200
2017-01-13 23:51:03 | TEMPLOG : WellhouseOne | 047.300
2017-01-13 23:52:05 | TEMPLOG : WellhouseOne | 046.400
2017-01-13 23:54:07 | TEMPLOG : WellhouseOne | 045.500
2017-01-13 23:58:10 | TEMPLOG : WellhouseOne | 072.500
2017-01-13 23:59:11 | TEMPLOG : WellhouseOne | 110.300
