2017-01-17 00:00:25 | TEMPLOG : WellhouseOne | 047.300
2017-01-17 00:00:25 | TEMPLOG : Bio   Filter | 031.100
2017-01-17 00:00:25 | TEMPLOG : To   GeoLoop | 041.000
2017-01-17 00:00:26 | TEMPLOG : Table    One | 030.200
2017-01-17 00:02:29 | TEMPLOG : WellhouseOne | 046.400
2017-01-17 00:03:31 | TEMPLOG : Bio   Filter | 030.200
2017-01-17 00:04:31 | TEMPLOG : WellhouseOne | 045.500
2017-01-17 00:05:33 | TEMPLOG : WellhouseOne | 058.100
2017-01-17 00:06:33 | TEMPLOG : WellhouseOne | 109.400
2017-01-17 00:07:34 | TEMPLOG : WellhouseOne | 122.000
2017-01-17 00:08:35 | TEMPLOG : WellhouseOne | 130.100
2017-01-17 00:09:37 | TEMPLOG : WellhouseOne | 109.400
2017-01-17 00:10:38 | TEMPLOG : WellhouseOne | 086.000
2017-01-17 00:11:40 | TEMPLOG : WellhouseOne | 076.100
2017-01-17 00:12:41 | TEMPLOG : WellhouseOne | 069.800
2017-01-17 00:13:42 | TEMPLOG : WellhouseOne | 064.400
2017-01-17 00:14:44 | TEMPLOG : WellhouseOne | 061.700
2017-01-17 00:15:45 | TEMPLOG : WellhouseOne | 059.000
2017-01-17 00:16:46 | TEMPLOG : WellhouseOne | 056.300
2017-01-17 00:17:47 | TEMPLOG : WellhouseOne | 054.500
2017-01-17 00:18:49 | TEMPLOG : WellhouseOne | 052.700
2017-01-17 00:19:50 | TEMPLOG : WellhouseOne | 051.800
2017-01-17 00:20:51 | TEMPLOG : WellhouseOne | 050.900
2017-01-17 00:21:52 | TEMPLOG : WellhouseOne | 050.000
2017-01-17 00:22:53 | TEMPLOG : WellhouseOne | 049.100
2017-01-17 00:23:54 | TEMPLOG : WellhouseOne | 048.200
2017-01-17 00:24:55 | TEMPLOG : WellhouseOne | 047.300
2017-01-17 00:24:56 | TEMPLOG : Bio   Filter | 031.100
2017-01-17 00:25:57 | TEMPLOG : Table    One | 031.100
2017-01-17 00:26:58 | TEMPLOG : WellhouseOne | 046.400
2017-01-17 00:28:59 | TEMPLOG : WellhouseOne | 045.500
2017-01-17 00:31:03 | TEMPLOG : WellhouseOne | 044.600
2017-01-17 00:32:05 | TEMPLOG : Table    One | 030.200
2017-01-17 00:35:08 | TEMPLOG : WellhouseOne | 090.500
2017-01-17 00:36:09 | TEMPLOG : WellhouseOne | 113.900
2017-01-17 00:37:10 | TEMPLOG : WellhouseOne | 123.800
2017-01-17 00:38:11 | TEMPLOG : WellhouseOne | 130.100
2017-01-17 00:38:12 | TEMPLOG : Bio   Filter | 030.200
2017-01-17 00:39:13 | TEMPLOG : WellhouseOne | 113.000
2017-01-17 00:40:14 | TEMPLOG : WellhouseOne | 089.600
2017-01-17 00:41:16 | TEMPLOG : WellhouseOne | 078.800
2017-01-17 00:42:17 | TEMPLOG : WellhouseOne | 070.700
2017-01-17 00:42:17 | TEMPLOG : Bio   Filter | 031.100
2017-01-17 00:43:18 | TEMPLOG : WellhouseOne | 065.300
2017-01-17 00:44:19 | TEMPLOG : WellhouseOne | 061.700
2017-01-17 00:44:20 | TEMPLOG : Bio   Filter | 030.200
2017-01-17 00:45:20 | TEMPLOG : WellhouseOne | 059.000
2017-01-17 00:46:21 | TEMPLOG : WellhouseOne | 057.200
2017-01-17 00:47:22 | TEMPLOG : WellhouseOne | 055.400
2017-01-17 00:48:23 | TEMPLOG : WellhouseOne | 053.600
2017-01-17 00:49:24 | TEMPLOG : WellhouseOne | 052.700
2017-01-17 00:50:27 | TEMPLOG : WellhouseOne | 050.900
2017-01-17 00:51:28 | TEMPLOG : WellhouseOne | 050.000
2017-01-17 00:52:30 | TEMPLOG : WellhouseOne | 049.100
2017-01-17 00:53:31 | TEMPLOG : WellhouseOne | 048.200
2017-01-17 00:56:34 | TEMPLOG : WellhouseOne | 047.300
2017-01-17 00:58:37 | TEMPLOG : WellhouseOne | 045.500
2017-01-17 00:59:38 | TEMPLOG : WellhouseOne | 044.600
2017-01-17 01:00:39 | TEMPLOG : WellhouseOne | 044.600
2017-01-17 01:00:39 | TEMPLOG : Bio   Filter | 030.200
2017-01-17 01:00:39 | TEMPLOG : To   GeoLoop | 041.000
2017-01-17 01:00:40 | TEMPLOG : Table    One | 030.200
2017-01-17 01:03:42 | TEMPLOG : WellhouseOne | 043.700
2017-01-17 01:04:44 | TEMPLOG : WellhouseOne | 103.100
2017-01-17 01:05:46 | TEMPLOG : WellhouseOne | 121.100
2017-01-17 01:06:46 | TEMPLOG : WellhouseOne | 128.300
2017-01-17 01:07:48 | TEMPLOG : WellhouseOne | 132.800
2017-01-17 01:08:49 | TEMPLOG : WellhouseOne | 094.100
2017-01-17 01:09:50 | TEMPLOG : WellhouseOne | 081.500
2017-01-17 01:10:51 | TEMPLOG : WellhouseOne | 073.400
2017-01-17 01:11:52 | TEMPLOG : WellhouseOne | 066.200
2017-01-17 01:12:55 | TEMPLOG : WellhouseOne | 061.700
2017-01-17 01:13:56 | TEMPLOG : WellhouseOne | 059.000
2017-01-17 01:14:56 | TEMPLOG : WellhouseOne | 056.300
2017-01-17 01:14:57 | TEMPLOG : To   GeoLoop | 040.100
2017-01-17 01:15:57 | TEMPLOG : WellhouseOne | 054.500
2017-01-17 01:15:58 | TEMPLOG : To   GeoLoop | 041.000
2017-01-17 01:16:59 | TEMPLOG : WellhouseOne | 053.600
2017-01-17 01:18:00 | TEMPLOG : WellhouseOne | 051.800
2017-01-17 01:19:01 | TEMPLOG : WellhouseOne | 050.900
2017-01-17 01:19:01 | TEMPLOG : To   GeoLoop | 040.100
2017-01-17 01:20:02 | TEMPLOG : WellhouseOne | 050.000
2017-01-17 01:21:04 | TEMPLOG : WellhouseOne | 049.100
2017-01-17 01:21:04 | TEMPLOG : Table    One | 029.300
2017-01-17 01:22:05 | TEMPLOG : WellhouseOne | 048.200
2017-01-17 01:24:06 | TEMPLOG : Bio   Filter | 029.300
2017-01-17 01:25:08 | TEMPLOG : WellhouseOne | 047.300
2017-01-17 01:27:10 | TEMPLOG : WellhouseOne | 046.400
2017-01-17 01:28:12 | TEMPLOG : Bio   Filter | 030.200
2017-01-17 01:29:13 | TEMPLOG : WellhouseOne | 045.500
2017-01-17 01:30:14 | TEMPLOG : WellhouseOne | 044.600
2017-01-17 01:31:16 | TEMPLOG : Bio   Filter | 029.300
2017-01-17 01:32:17 | TEMPLOG : Bio   Filter | 030.200
2017-01-17 01:33:18 | TEMPLOG : WellhouseOne | 101.300
2017-01-17 01:34:19 | TEMPLOG : WellhouseOne | 117.500
2017-01-17 01:34:19 | TEMPLOG : Bio   Filter | 029.300
2017-01-17 01:35:20 | TEMPLOG : WellhouseOne | 126.500
2017-01-17 01:35:20 | TEMPLOG : Bio   Filter | 030.200
2017-01-17 01:36:21 | TEMPLOG : WellhouseOne | 131.900
2017-01-17 01:36:21 | TEMPLOG : Bio   Filter | 029.300
2017-01-17 01:37:22 | TEMPLOG : WellhouseOne | 096.800
2017-01-17 01:38:23 | TEMPLOG : WellhouseOne | 081.500
2017-01-17 01:39:24 | TEMPLOG : WellhouseOne | 074.300
2017-01-17 01:40:25 | TEMPLOG : WellhouseOne | 067.100
2017-01-17 01:41:27 | TEMPLOG : WellhouseOne | 061.700
2017-01-17 01:42:29 | TEMPLOG : WellhouseOne | 059.000
2017-01-17 01:43:31 | TEMPLOG : WellhouseOne | 057.200
2017-01-17 01:44:32 | TEMPLOG : WellhouseOne | 055.400
2017-01-17 01:45:33 | TEMPLOG : WellhouseOne | 053.600
2017-01-17 01:46:34 | TEMPLOG : WellhouseOne | 051.800
2017-01-17 01:47:35 | TEMPLOG : WellhouseOne | 050.900
2017-01-17 01:48:36 | TEMPLOG : WellhouseOne | 050.000
2017-01-17 01:50:39 | TEMPLOG : WellhouseOne | 049.100
2017-01-17 01:51:40 | TEMPLOG : WellhouseOne | 048.200
2017-01-17 01:52:41 | TEMPLOG : WellhouseOne | 047.300
2017-01-17 01:54:43 | TEMPLOG : WellhouseOne | 046.400
2017-01-17 01:57:48 | TEMPLOG : WellhouseOne | 045.500
2017-01-17 01:58:50 | TEMPLOG : Table    One | 028.400
2017-01-17 01:59:50 | TEMPLOG : WellhouseOne | 044.600
2017-01-17 01:59:51 | TEMPLOG : Table    One | 029.300
2017-01-17 02:00:51 | TEMPLOG : WellhouseOne | 079.700
2017-01-17 02:00:51 | TEMPLOG : Bio   Filter | 029.300
2017-01-17 02:00:52 | TEMPLOG : To   GeoLoop | 040.100
2017-01-17 02:00:52 | TEMPLOG : Table    One | 028.400
2017-01-17 02:01:52 | TEMPLOG : WellhouseOne | 111.200
2017-01-17 02:02:53 | TEMPLOG : WellhouseOne | 122.000
2017-01-17 02:03:54 | TEMPLOG : WellhouseOne | 128.300
2017-01-17 02:04:55 | TEMPLOG : WellhouseOne | 131.900
2017-01-17 02:05:56 | TEMPLOG : WellhouseOne | 118.400
2017-01-17 02:05:56 | TEMPLOG : Bio   Filter | 028.400
2017-01-17 02:06:58 | TEMPLOG : WellhouseOne | 090.500
2017-01-17 02:08:00 | TEMPLOG : WellhouseOne | 078.800
2017-01-17 02:08:00 | TEMPLOG : Table    One | 029.300
2017-01-17 02:09:00 | TEMPLOG : WellhouseOne | 071.600
2017-01-17 02:09:01 | TEMPLOG : Table    One | 028.400
2017-01-17 02:10:02 | TEMPLOG : WellhouseOne | 066.200
2017-01-17 02:10:03 | TEMPLOG : Bio   Filter | 029.300
2017-01-17 02:11:03 | TEMPLOG : WellhouseOne | 062.600
2017-01-17 02:12:04 | TEMPLOG : WellhouseOne | 059.900
2017-01-17 02:13:05 | TEMPLOG : WellhouseOne | 057.200
2017-01-17 02:14:06 | TEMPLOG : WellhouseOne | 055.400
2017-01-17 02:15:07 | TEMPLOG : WellhouseOne | 053.600
2017-01-17 02:15:08 | TEMPLOG : Bio   Filter | 028.400
2017-01-17 02:16:08 | TEMPLOG : WellhouseOne | 052.700
2017-01-17 02:17:10 | TEMPLOG : WellhouseOne | 051.800
2017-01-17 02:18:11 | TEMPLOG : WellhouseOne | 050.900
2017-01-17 02:18:12 | TEMPLOG : Bio   Filter | 029.300
2017-01-17 02:19:13 | TEMPLOG : WellhouseOne | 050.000
2017-01-17 02:20:15 | TEMPLOG : WellhouseOne | 049.100
2017-01-17 02:21:16 | TEMPLOG : WellhouseOne | 048.200
2017-01-17 02:21:17 | TEMPLOG : Bio   Filter | 028.400
2017-01-17 02:23:19 | TEMPLOG : WellhouseOne | 047.300
2017-01-17 02:23:19 | TEMPLOG : Bio   Filter | 029.300
2017-01-17 02:25:20 | TEMPLOG : WellhouseOne | 046.400
2017-01-17 02:26:22 | TEMPLOG : Bio   Filter | 028.400
2017-01-17 02:27:24 | TEMPLOG : WellhouseOne | 045.500
2017-01-17 02:27:24 | TEMPLOG : Bio   Filter | 029.300
2017-01-17 02:29:26 | TEMPLOG : WellhouseOne | 044.600
2017-01-17 02:29:26 | TEMPLOG : Bio   Filter | 028.400
2017-01-17 02:30:26 | TEMPLOG : WellhouseOne | 087.800
2017-01-17 02:31:27 | TEMPLOG : WellhouseOne | 113.000
2017-01-17 02:32:29 | TEMPLOG : WellhouseOne | 123.800
2017-01-17 02:32:29 | TEMPLOG : Bio   Filter | 029.300
2017-01-17 02:33:30 | TEMPLOG : WellhouseOne | 129.200
2017-01-17 02:33:31 | TEMPLOG : Bio   Filter | 028.400
2017-01-17 02:34:32 | TEMPLOG : WellhouseOne | 124.700
2017-01-17 02:35:33 | TEMPLOG : WellhouseOne | 091.400
2017-01-17 02:36:34 | TEMPLOG : WellhouseOne | 078.800
2017-01-17 02:37:35 | TEMPLOG : WellhouseOne | 071.600
2017-01-17 02:38:37 | TEMPLOG : WellhouseOne | 066.200
2017-01-17 02:39:38 | TEMPLOG : WellhouseOne | 062.600
2017-01-17 02:40:39 | TEMPLOG : WellhouseOne | 059.000
2017-01-17 02:41:41 | TEMPLOG : WellhouseOne | 056.300
2017-01-17 02:42:43 | TEMPLOG : WellhouseOne | 054.500
2017-01-17 02:43:44 | TEMPLOG : WellhouseOne | 052.700
2017-01-17 02:44:45 | TEMPLOG : WellhouseOne | 051.800
2017-01-17 02:45:46 | TEMPLOG : WellhouseOne | 050.000
2017-01-17 02:46:48 | TEMPLOG : WellhouseOne | 049.100
2017-01-17 02:47:49 | TEMPLOG : WellhouseOne | 048.200
2017-01-17 02:49:52 | TEMPLOG : WellhouseOne | 047.300
2017-01-17 02:50:53 | TEMPLOG : WellhouseOne | 046.400
2017-01-17 02:50:54 | TEMPLOG : To   GeoLoop | 039.200
2017-01-17 02:52:58 | TEMPLOG : WellhouseOne | 045.500
2017-01-17 02:56:00 | TEMPLOG : WellhouseOne | 044.600
2017-01-17 02:58:03 | TEMPLOG : WellhouseOne | 082.400
2017-01-17 02:58:04 | TEMPLOG : To   GeoLoop | 040.100
2017-01-17 02:59:04 | TEMPLOG : WellhouseOne | 110.300
2017-01-17 03:00:05 | TEMPLOG : WellhouseOne | 121.100
2017-01-17 03:00:05 | TEMPLOG : Bio   Filter | 028.400
2017-01-17 03:00:05 | TEMPLOG : To   GeoLoop | 039.200
2017-01-17 03:00:05 | TEMPLOG : Table    One | 028.400
2017-01-17 03:01:06 | TEMPLOG : WellhouseOne | 127.400
2017-01-17 03:02:06 | TEMPLOG : WellhouseOne | 131.900
2017-01-17 03:03:07 | TEMPLOG : WellhouseOne | 112.100
2017-01-17 03:04:09 | TEMPLOG : WellhouseOne | 089.600
2017-01-17 03:05:10 | TEMPLOG : WellhouseOne | 077.900
2017-01-17 03:06:11 | TEMPLOG : WellhouseOne | 070.700
2017-01-17 03:07:12 | TEMPLOG : WellhouseOne | 065.300
2017-01-17 03:08:14 | TEMPLOG : WellhouseOne | 061.700
2017-01-17 03:09:14 | TEMPLOG : WellhouseOne | 058.100
2017-01-17 03:10:16 | TEMPLOG : WellhouseOne | 057.200
2017-01-17 03:11:16 | TEMPLOG : WellhouseOne | 054.500
2017-01-17 03:12:18 | TEMPLOG : WellhouseOne | 053.600
2017-01-17 03:13:20 | TEMPLOG : WellhouseOne | 051.800
2017-01-17 03:14:21 | TEMPLOG : WellhouseOne | 050.900
2017-01-17 03:15:22 | TEMPLOG : WellhouseOne | 050.000
2017-01-17 03:16:23 | TEMPLOG : WellhouseOne | 049.100
2017-01-17 03:18:26 | TEMPLOG : WellhouseOne | 048.200
2017-01-17 03:19:28 | TEMPLOG : WellhouseOne | 047.300
2017-01-17 03:20:28 | TEMPLOG : WellhouseOne | 046.400
2017-01-17 03:22:31 | TEMPLOG : WellhouseOne | 045.500
2017-01-17 03:24:33 | TEMPLOG : WellhouseOne | 044.600
2017-01-17 03:26:35 | TEMPLOG : WellhouseOne | 059.000
2017-01-17 03:27:36 | TEMPLOG : WellhouseOne | 106.700
2017-01-17 03:28:37 | TEMPLOG : WellhouseOne | 119.300
2017-01-17 03:29:38 | TEMPLOG : WellhouseOne | 126.500
2017-01-17 03:29:39 | TEMPLOG : Table    One | 027.500
2017-01-17 03:30:39 | TEMPLOG : WellhouseOne | 131.000
2017-01-17 03:31:40 | TEMPLOG : WellhouseOne | 133.700
2017-01-17 03:32:41 | TEMPLOG : WellhouseOne | 094.100
2017-01-17 03:33:43 | TEMPLOG : WellhouseOne | 080.600
2017-01-17 03:34:45 | TEMPLOG : WellhouseOne | 072.500
2017-01-17 03:35:46 | TEMPLOG : WellhouseOne | 067.100
2017-01-17 03:36:47 | TEMPLOG : WellhouseOne | 062.600
2017-01-17 03:37:48 | TEMPLOG : WellhouseOne | 059.900
2017-01-17 03:38:48 | TEMPLOG : WellhouseOne | 057.200
2017-01-17 03:39:49 | TEMPLOG : WellhouseOne | 055.400
2017-01-17 03:40:50 | TEMPLOG : WellhouseOne | 053.600
2017-01-17 03:41:51 | TEMPLOG : WellhouseOne | 051.800
2017-01-17 03:42:53 | TEMPLOG : WellhouseOne | 050.000
2017-01-17 03:43:54 | TEMPLOG : WellhouseOne | 049.100
2017-01-17 03:44:55 | TEMPLOG : WellhouseOne | 048.200
2017-01-17 03:45:58 | TEMPLOG : WellhouseOne | 047.300
2017-01-17 03:48:00 | TEMPLOG : WellhouseOne | 046.400
2017-01-17 03:49:02 | TEMPLOG : WellhouseOne | 045.500
2017-01-17 03:52:06 | TEMPLOG : WellhouseOne | 044.600
2017-01-17 03:55:10 | TEMPLOG : WellhouseOne | 067.100
2017-01-17 03:56:11 | TEMPLOG : WellhouseOne | 106.700
2017-01-17 03:57:12 | TEMPLOG : WellhouseOne | 118.400
2017-01-17 03:58:13 | TEMPLOG : WellhouseOne | 125.600
2017-01-17 03:59:14 | TEMPLOG : WellhouseOne | 131.000
2017-01-17 04:00:15 | TEMPLOG : WellhouseOne | 133.700
2017-01-17 04:00:15 | TEMPLOG : Bio   Filter | 028.400
2017-01-17 04:00:15 | TEMPLOG : To   GeoLoop | 039.200
2017-01-17 04:00:16 | TEMPLOG : Table    One | 027.500
2017-01-17 04:01:16 | TEMPLOG : WellhouseOne | 124.700
2017-01-17 04:01:17 | TEMPLOG : Bio   Filter | 027.500
2017-01-17 04:02:18 | TEMPLOG : WellhouseOne | 092.300
2017-01-17 04:03:20 | TEMPLOG : WellhouseOne | 080.600
2017-01-17 04:03:21 | TEMPLOG : Bio   Filter | 028.400
2017-01-17 04:04:22 | TEMPLOG : WellhouseOne | 073.400
2017-01-17 04:05:23 | TEMPLOG : WellhouseOne | 067.100
2017-01-17 04:06:25 | TEMPLOG : WellhouseOne | 062.600
2017-01-17 04:07:26 | TEMPLOG : WellhouseOne | 059.000
2017-01-17 04:08:27 | TEMPLOG : WellhouseOne | 057.200
2017-01-17 04:09:27 | TEMPLOG : WellhouseOne | 054.500
2017-01-17 04:10:28 | TEMPLOG : WellhouseOne | 052.700
2017-01-17 04:11:29 | TEMPLOG : WellhouseOne | 051.800
2017-01-17 04:11:29 | TEMPLOG : Bio   Filter | 027.500
2017-01-17 04:12:30 | TEMPLOG : WellhouseOne | 050.900
2017-01-17 04:13:32 | TEMPLOG : WellhouseOne | 050.000
2017-01-17 04:14:33 | TEMPLOG : WellhouseOne | 048.200
2017-01-17 04:15:35 | TEMPLOG : Bio   Filter | 028.400
2017-01-17 04:16:35 | TEMPLOG : WellhouseOne | 047.300
2017-01-17 04:16:35 | TEMPLOG : Bio   Filter | 027.500
2017-01-17 04:17:36 | TEMPLOG : WellhouseOne | 046.400
2017-01-17 04:17:36 | TEMPLOG : Bio   Filter | 028.400
2017-01-17 04:18:38 | TEMPLOG : Bio   Filter | 027.500
2017-01-17 04:19:39 | TEMPLOG : WellhouseOne | 045.500
2017-01-17 04:20:39 | TEMPLOG : WellhouseOne | 044.600
2017-01-17 04:22:43 | TEMPLOG : WellhouseOne | 043.700
2017-01-17 04:24:45 | TEMPLOG : WellhouseOne | 086.900
2017-01-17 04:25:47 | TEMPLOG : WellhouseOne | 111.200
2017-01-17 04:26:48 | TEMPLOG : WellhouseOne | 122.000
2017-01-17 04:27:50 | TEMPLOG : WellhouseOne | 126.500
2017-01-17 04:28:51 | TEMPLOG : WellhouseOne | 131.000
2017-01-17 04:29:52 | TEMPLOG : WellhouseOne | 132.800
2017-01-17 04:30:53 | TEMPLOG : WellhouseOne | 106.700
2017-01-17 04:31:54 | TEMPLOG : WellhouseOne | 087.800
2017-01-17 04:32:54 | TEMPLOG : WellhouseOne | 077.000
2017-01-17 04:33:57 | TEMPLOG : WellhouseOne | 069.800
2017-01-17 04:34:58 | TEMPLOG : WellhouseOne | 063.500
2017-01-17 04:36:00 | TEMPLOG : WellhouseOne | 059.900
2017-01-17 04:37:01 | TEMPLOG : WellhouseOne | 057.200
2017-01-17 04:38:02 | TEMPLOG : WellhouseOne | 054.500
2017-01-17 04:39:04 | TEMPLOG : WellhouseOne | 053.600
2017-01-17 04:40:05 | TEMPLOG : WellhouseOne | 051.800
2017-01-17 04:41:06 | TEMPLOG : WellhouseOne | 050.900
2017-01-17 04:42:07 | TEMPLOG : WellhouseOne | 050.000
2017-01-17 04:43:08 | TEMPLOG : WellhouseOne | 048.200
2017-01-17 04:44:09 | TEMPLOG : WellhouseOne | 047.300
2017-01-17 04:45:10 | TEMPLOG : WellhouseOne | 046.400
2017-01-17 04:47:14 | TEMPLOG : WellhouseOne | 045.500
2017-01-17 04:47:15 | TEMPLOG : To   GeoLoop | 038.300
2017-01-17 04:48:16 | TEMPLOG : To   GeoLoop | 039.200
2017-01-17 04:49:17 | TEMPLOG : WellhouseOne | 044.600
2017-01-17 04:49:18 | TEMPLOG : Table    One | 026.600
2017-01-17 04:50:19 | TEMPLOG : Table    One | 027.500
2017-01-17 04:52:20 | TEMPLOG : WellhouseOne | 043.700
2017-01-17 04:52:21 | TEMPLOG : To   GeoLoop | 038.300
2017-01-17 04:52:22 | TEMPLOG : Table    One | 026.600
2017-01-17 04:53:22 | TEMPLOG : WellhouseOne | 086.900
2017-01-17 04:53:22 | TEMPLOG : To   GeoLoop | 039.200
2017-01-17 04:54:23 | TEMPLOG : WellhouseOne | 110.300
2017-01-17 04:55:25 | TEMPLOG : WellhouseOne | 120.200
2017-01-17 04:55:25 | TEMPLOG : To   GeoLoop | 038.300
2017-01-17 04:56:26 | TEMPLOG : WellhouseOne | 126.500
2017-01-17 04:57:27 | TEMPLOG : WellhouseOne | 130.100
2017-01-17 04:58:28 | TEMPLOG : WellhouseOne | 133.700
2017-01-17 04:59:30 | TEMPLOG : WellhouseOne | 135.500
2017-01-17 05:00:31 | TEMPLOG : WellhouseOne | 102.200
2017-01-17 05:00:31 | TEMPLOG : Bio   Filter | 027.500
2017-01-17 05:00:32 | TEMPLOG : To   GeoLoop | 038.300
2017-01-17 05:00:32 | TEMPLOG : Table    One | 026.600
2017-01-17 05:01:33 | TEMPLOG : WellhouseOne | 085.100
2017-01-17 05:02:33 | TEMPLOG : WellhouseOne | 075.200
2017-01-17 05:03:35 | TEMPLOG : WellhouseOne | 068.000
2017-01-17 05:04:36 | TEMPLOG : WellhouseOne | 063.500
2017-01-17 05:05:37 | TEMPLOG : WellhouseOne | 060.800
2017-01-17 05:06:39 | TEMPLOG : WellhouseOne | 058.100
2017-01-17 05:07:41 | TEMPLOG : WellhouseOne | 055.400
2017-01-17 05:08:43 | TEMPLOG : WellhouseOne | 053.600
2017-01-17 05:09:44 | TEMPLOG : WellhouseOne | 051.800
2017-01-17 05:10:46 | TEMPLOG : WellhouseOne | 050.900
2017-01-17 05:11:47 | TEMPLOG : WellhouseOne | 050.000
2017-01-17 05:12:48 | TEMPLOG : WellhouseOne | 049.100
2017-01-17 05:13:49 | TEMPLOG : WellhouseOne | 048.200
2017-01-17 05:14:50 | TEMPLOG : WellhouseOne | 046.400
2017-01-17 05:17:54 | TEMPLOG : WellhouseOne | 045.500
2017-01-17 05:17:54 | TEMPLOG : Bio   Filter | 026.600
2017-01-17 05:18:55 | TEMPLOG : Bio   Filter | 027.500
2017-01-17 05:19:57 | TEMPLOG : WellhouseOne | 044.600
2017-01-17 05:20:58 | TEMPLOG : WellhouseOne | 043.700
2017-01-17 05:23:01 | TEMPLOG : WellhouseOne | 088.700
2017-01-17 05:24:03 | TEMPLOG : WellhouseOne | 111.200
2017-01-17 05:25:04 | TEMPLOG : WellhouseOne | 121.100
2017-01-17 05:26:05 | TEMPLOG : WellhouseOne | 126.500
2017-01-17 05:27:06 | TEMPLOG : WellhouseOne | 130.100
2017-01-17 05:28:08 | TEMPLOG : WellhouseOne | 132.800
2017-01-17 05:29:09 | TEMPLOG : WellhouseOne | 108.500
2017-01-17 05:30:10 | TEMPLOG : WellhouseOne | 087.800
2017-01-17 05:31:11 | TEMPLOG : WellhouseOne | 077.000
2017-01-17 05:32:12 | TEMPLOG : WellhouseOne | 069.800
2017-01-17 05:33:12 | TEMPLOG : WellhouseOne | 065.300
2017-01-17 05:33:12 | TEMPLOG : Bio   Filter | 026.600
2017-01-17 05:34:13 | TEMPLOG : WellhouseOne | 060.800
2017-01-17 05:34:14 | TEMPLOG : Bio   Filter | 027.500
2017-01-17 05:35:15 | TEMPLOG : WellhouseOne | 058.100
2017-01-17 05:36:16 | TEMPLOG : WellhouseOne | 055.400
2017-01-17 05:37:18 | TEMPLOG : WellhouseOne | 053.600
2017-01-17 05:38:19 | TEMPLOG : WellhouseOne | 051.800
2017-01-17 05:38:20 | TEMPLOG : Bio   Filter | 026.600
2017-01-17 05:39:21 | TEMPLOG : WellhouseOne | 050.900
2017-01-17 05:40:23 | TEMPLOG : WellhouseOne | 050.000
2017-01-17 05:41:25 | TEMPLOG : WellhouseOne | 048.200
2017-01-17 05:42:26 | TEMPLOG : WellhouseOne | 047.300
2017-01-17 05:44:28 | TEMPLOG : WellhouseOne | 046.400
2017-01-17 05:45:29 | TEMPLOG : WellhouseOne | 045.500
2017-01-17 05:46:31 | TEMPLOG : WellhouseOne | 044.600
2017-01-17 05:50:37 | TEMPLOG : WellhouseOne | 043.700
2017-01-17 05:51:39 | TEMPLOG : WellhouseOne | 091.400
2017-01-17 05:52:40 | TEMPLOG : WellhouseOne | 111.200
2017-01-17 05:53:42 | TEMPLOG : WellhouseOne | 121.100
2017-01-17 05:54:44 | TEMPLOG : WellhouseOne | 126.500
2017-01-17 05:55:45 | TEMPLOG : WellhouseOne | 129.200
2017-01-17 05:56:46 | TEMPLOG : WellhouseOne | 132.800
2017-01-17 05:57:48 | TEMPLOG : WellhouseOne | 125.600
2017-01-17 05:58:49 | TEMPLOG : WellhouseOne | 093.200
2017-01-17 05:59:50 | TEMPLOG : WellhouseOne | 080.600
2017-01-17 06:00:51 | TEMPLOG : WellhouseOne | 072.500
2017-01-17 06:00:51 | TEMPLOG : Bio   Filter | 026.600
2017-01-17 06:00:51 | TEMPLOG : To   GeoLoop | 038.300
2017-01-17 06:00:51 | TEMPLOG : Table    One | 026.600
2017-01-17 06:01:52 | TEMPLOG : WellhouseOne | 067.100
2017-01-17 06:02:53 | TEMPLOG : WellhouseOne | 062.600
2017-01-17 06:03:53 | TEMPLOG : WellhouseOne | 059.000
2017-01-17 06:04:54 | TEMPLOG : WellhouseOne | 057.200
2017-01-17 06:05:56 | TEMPLOG : WellhouseOne | 055.400
2017-01-17 06:06:57 | TEMPLOG : WellhouseOne | 053.600
2017-01-17 06:06:57 | TEMPLOG : Table    One | 025.700
2017-01-17 06:07:57 | TEMPLOG : WellhouseOne | 051.800
2017-01-17 06:08:58 | TEMPLOG : WellhouseOne | 050.900
2017-01-17 06:10:00 | TEMPLOG : WellhouseOne | 050.000
2017-01-17 06:11:01 | TEMPLOG : WellhouseOne | 048.200
2017-01-17 06:12:02 | TEMPLOG : WellhouseOne | 047.300
2017-01-17 06:13:03 | TEMPLOG : WellhouseOne | 046.400
2017-01-17 06:15:06 | TEMPLOG : WellhouseOne | 045.500
2017-01-17 06:17:09 | TEMPLOG : WellhouseOne | 044.600
2017-01-17 06:20:13 | TEMPLOG : WellhouseOne | 059.900
2017-01-17 06:21:15 | TEMPLOG : WellhouseOne | 105.800
2017-01-17 06:22:17 | TEMPLOG : WellhouseOne | 117.500
2017-01-17 06:23:18 | TEMPLOG : WellhouseOne | 124.700
2017-01-17 06:24:19 | TEMPLOG : WellhouseOne | 129.200
2017-01-17 06:25:20 | TEMPLOG : WellhouseOne | 131.900
2017-01-17 06:26:21 | TEMPLOG : WellhouseOne | 124.700
2017-01-17 06:27:22 | TEMPLOG : WellhouseOne | 093.200
2017-01-17 06:28:23 | TEMPLOG : WellhouseOne | 079.700
2017-01-17 06:29:24 | TEMPLOG : WellhouseOne | 071.600
2017-01-17 06:30:25 | TEMPLOG : WellhouseOne | 065.300
2017-01-17 06:31:27 | TEMPLOG : WellhouseOne | 059.900
2017-01-17 06:32:28 | TEMPLOG : WellhouseOne | 058.100
2017-01-17 06:33:28 | TEMPLOG : WellhouseOne | 056.300
2017-01-17 06:33:29 | TEMPLOG : To   GeoLoop | 037.400
2017-01-17 06:34:29 | TEMPLOG : WellhouseOne | 053.600
2017-01-17 06:34:30 | TEMPLOG : To   GeoLoop | 038.300
2017-01-17 06:35:30 | TEMPLOG : WellhouseOne | 052.700
2017-01-17 06:36:31 | TEMPLOG : WellhouseOne | 050.900
2017-01-17 06:37:32 | TEMPLOG : WellhouseOne | 050.000
2017-01-17 06:38:33 | TEMPLOG : WellhouseOne | 049.100
2017-01-17 06:39:34 | TEMPLOG : WellhouseOne | 048.200
2017-01-17 06:40:35 | TEMPLOG : WellhouseOne | 047.300
2017-01-17 06:40:35 | TEMPLOG : Bio   Filter | 025.700
2017-01-17 06:41:36 | TEMPLOG : WellhouseOne | 046.400
2017-01-17 06:41:36 | TEMPLOG : Bio   Filter | 026.600
2017-01-17 06:41:37 | TEMPLOG : To   GeoLoop | 037.400
2017-01-17 06:42:38 | TEMPLOG : To   GeoLoop | 038.300
2017-01-17 06:43:38 | TEMPLOG : WellhouseOne | 045.500
2017-01-17 06:44:41 | TEMPLOG : Bio   Filter | 025.700
2017-01-17 06:44:41 | TEMPLOG : To   GeoLoop | 037.400
2017-01-17 06:45:41 | TEMPLOG : WellhouseOne | 044.600
2017-01-17 06:46:43 | TEMPLOG : Bio   Filter | 026.600
2017-01-17 06:47:43 | TEMPLOG : WellhouseOne | 043.700
2017-01-17 06:47:44 | TEMPLOG : To   GeoLoop | 038.300
2017-01-17 06:48:44 | TEMPLOG : WellhouseOne | 074.300
2017-01-17 06:48:45 | TEMPLOG : To   GeoLoop | 037.400
2017-01-17 06:49:45 | TEMPLOG : WellhouseOne | 107.600
2017-01-17 06:50:47 | TEMPLOG : WellhouseOne | 118.400
2017-01-17 06:51:48 | TEMPLOG : WellhouseOne | 123.800
2017-01-17 06:51:49 | TEMPLOG : To   GeoLoop | 038.300
2017-01-17 06:52:50 | TEMPLOG : WellhouseOne | 127.400
2017-01-17 06:52:50 | TEMPLOG : To   GeoLoop | 037.400
2017-01-17 06:53:51 | TEMPLOG : WellhouseOne | 131.000
2017-01-17 06:54:52 | TEMPLOG : WellhouseOne | 132.800
2017-01-17 06:54:52 | TEMPLOG : Bio   Filter | 025.700
2017-01-17 06:55:53 | TEMPLOG : WellhouseOne | 133.700
2017-01-17 06:55:53 | TEMPLOG : Bio   Filter | 026.600
2017-01-17 06:56:54 | TEMPLOG : WellhouseOne | 096.800
2017-01-17 06:56:55 | TEMPLOG : Bio   Filter | 025.700
2017-01-17 06:57:55 | TEMPLOG : WellhouseOne | 082.400
2017-01-17 06:57:56 | TEMPLOG : Bio   Filter | 026.600
2017-01-17 06:58:56 | TEMPLOG : WellhouseOne | 073.400
2017-01-17 06:59:58 | TEMPLOG : WellhouseOne | 067.100
2017-01-17 06:59:58 | TEMPLOG : Bio   Filter | 025.700
2017-01-17 07:00:59 | TEMPLOG : WellhouseOne | 063.500
2017-01-17 07:01:00 | TEMPLOG : Bio   Filter | 026.600
2017-01-17 07:02:00 | TEMPLOG : WellhouseOne | 059.000
2017-01-17 07:03:03 | TEMPLOG : WellhouseOne | 057.200
2017-01-17 07:03:03 | TEMPLOG : Bio   Filter | 025.700
2017-01-17 07:04:03 | TEMPLOG : WellhouseOne | 054.500
2017-01-17 07:05:05 | TEMPLOG : WellhouseOne | 052.700
2017-01-17 07:06:06 | TEMPLOG : WellhouseOne | 051.800
2017-01-17 07:07:07 | TEMPLOG : WellhouseOne | 050.000
2017-01-17 07:07:07 | TEMPLOG : Bio   Filter | 026.600
2017-01-17 07:08:08 | TEMPLOG : WellhouseOne | 049.100
2017-01-17 07:08:10 | TEMPLOG : Bio   Filter | 025.700
2017-01-17 07:09:11 | TEMPLOG : WellhouseOne | 048.200
2017-01-17 07:11:13 | TEMPLOG : WellhouseOne | 047.300
2017-01-17 07:12:14 | TEMPLOG : WellhouseOne | 046.400
2017-01-17 07:13:15 | TEMPLOG : WellhouseOne | 045.500
2017-01-17 07:15:18 | TEMPLOG : WellhouseOne | 044.600
2017-01-17 07:18:21 | TEMPLOG : WellhouseOne | 059.000
2017-01-17 07:19:22 | TEMPLOG : WellhouseOne | 104.900
2017-01-17 07:19:22 | TEMPLOG : Bio   Filter | 026.600
2017-01-17 07:20:23 | TEMPLOG : WellhouseOne | 117.500
2017-01-17 07:21:24 | TEMPLOG : WellhouseOne | 124.700
2017-01-17 07:22:25 | TEMPLOG : WellhouseOne | 129.200
2017-01-17 07:23:27 | TEMPLOG : WellhouseOne | 131.900
2017-01-17 07:24:28 | TEMPLOG : WellhouseOne | 133.700
2017-01-17 07:25:29 | TEMPLOG : WellhouseOne | 096.800
2017-01-17 07:26:30 | TEMPLOG : WellhouseOne | 082.400
2017-01-17 07:27:31 | TEMPLOG : WellhouseOne | 073.400
2017-01-17 07:28:32 | TEMPLOG : WellhouseOne | 068.000
2017-01-17 07:29:34 | TEMPLOG : WellhouseOne | 062.600
2017-01-17 07:29:35 | TEMPLOG : Table    One | 026.600
2017-01-17 07:30:35 | TEMPLOG : WellhouseOne | 059.900
2017-01-17 07:31:37 | TEMPLOG : WellhouseOne | 057.200
2017-01-17 07:32:39 | TEMPLOG : WellhouseOne | 055.400
2017-01-17 07:33:40 | TEMPLOG : WellhouseOne | 053.600
2017-01-17 07:34:40 | TEMPLOG : WellhouseOne | 051.800
2017-01-17 07:35:42 | TEMPLOG : WellhouseOne | 050.000
2017-01-17 07:35:42 | TEMPLOG : Bio   Filter | 027.500
2017-01-17 07:36:44 | TEMPLOG : Table    One | 027.500
2017-01-17 07:37:45 | TEMPLOG : WellhouseOne | 049.100
2017-01-17 07:37:45 | TEMPLOG : To   GeoLoop | 038.300
2017-01-17 07:38:46 | TEMPLOG : WellhouseOne | 048.200
2017-01-17 07:39:47 | TEMPLOG : WellhouseOne | 047.300
2017-01-17 07:39:48 | TEMPLOG : Table    One | 028.400
2017-01-17 07:40:48 | TEMPLOG : WellhouseOne | 046.400
2017-01-17 07:40:49 | TEMPLOG : Bio   Filter | 028.400
2017-01-17 07:42:51 | TEMPLOG : WellhouseOne | 045.500
2017-01-17 07:42:52 | TEMPLOG : Table    One | 029.300
2017-01-17 07:43:53 | TEMPLOG : WellhouseOne | 044.600
2017-01-17 07:44:54 | TEMPLOG : Bio   Filter | 029.300
2017-01-17 07:46:55 | TEMPLOG : WellhouseOne | 045.500
2017-01-17 07:46:56 | TEMPLOG : Table    One | 030.200
2017-01-17 07:47:56 | TEMPLOG : WellhouseOne | 101.300
2017-01-17 07:48:57 | TEMPLOG : WellhouseOne | 115.700
2017-01-17 07:48:57 | TEMPLOG : Bio   Filter | 030.200
2017-01-17 07:49:58 | TEMPLOG : WellhouseOne | 123.800
2017-01-17 07:49:59 | TEMPLOG : Table    One | 031.100
2017-01-17 07:50:59 | TEMPLOG : WellhouseOne | 128.300
2017-01-17 07:51:00 | TEMPLOG : To   GeoLoop | 039.200
2017-01-17 07:52:00 | TEMPLOG : WellhouseOne | 131.000
2017-01-17 07:53:02 | TEMPLOG : WellhouseOne | 133.700
2017-01-17 07:53:03 | TEMPLOG : Bio   Filter | 031.100
2017-01-17 07:54:03 | TEMPLOG : WellhouseOne | 097.700
2017-01-17 07:55:04 | TEMPLOG : WellhouseOne | 083.300
2017-01-17 07:56:05 | TEMPLOG : WellhouseOne | 074.300
2017-01-17 07:57:07 | TEMPLOG : WellhouseOne | 068.000
2017-01-17 07:57:08 | TEMPLOG : Table    One | 032.900
2017-01-17 07:58:08 | TEMPLOG : WellhouseOne | 063.500
2017-01-17 07:58:08 | TEMPLOG : Bio   Filter | 032.900
2017-01-17 07:59:09 | TEMPLOG : WellhouseOne | 059.900
2017-01-17 07:59:09 | TEMPLOG : Table    One | 033.800
2017-01-17 08:00:10 | TEMPLOG : WellhouseOne | 056.300
2017-01-17 08:00:10 | TEMPLOG : Bio   Filter | 033.800
2017-01-17 08:00:10 | TEMPLOG : To   GeoLoop | 039.200
2017-01-17 08:00:11 | TEMPLOG : Table    One | 033.800
2017-01-17 08:01:11 | TEMPLOG : WellhouseOne | 054.500
2017-01-17 08:02:12 | TEMPLOG : WellhouseOne | 052.700
2017-01-17 08:02:13 | TEMPLOG : Table    One | 034.700
2017-01-17 08:03:14 | TEMPLOG : WellhouseOne | 051.800
2017-01-17 08:03:14 | TEMPLOG : Bio   Filter | 034.700
2017-01-17 08:04:16 | TEMPLOG : WellhouseOne | 050.000
2017-01-17 08:05:17 | TEMPLOG : WellhouseOne | 049.100
2017-01-17 08:05:18 | TEMPLOG : Table    One | 035.600
2017-01-17 08:06:18 | TEMPLOG : WellhouseOne | 048.200
2017-01-17 08:06:18 | TEMPLOG : Bio   Filter | 035.600
2017-01-17 08:07:20 | TEMPLOG : WellhouseOne | 047.300
2017-01-17 08:09:21 | TEMPLOG : WellhouseOne | 046.400
2017-01-17 08:09:22 | TEMPLOG : Bio   Filter | 036.500
2017-01-17 08:10:24 | TEMPLOG : Table    One | 036.500
2017-01-17 08:11:25 | TEMPLOG : WellhouseOne | 045.500
2017-01-17 08:11:25 | TEMPLOG : Bio   Filter | 037.400
2017-01-17 08:11:25 | TEMPLOG : To   GeoLoop | 040.100
2017-01-17 08:13:28 | TEMPLOG : Bio   Filter | 038.300
2017-01-17 08:13:28 | TEMPLOG : Table    One | 037.400
2017-01-17 08:14:28 | TEMPLOG : WellhouseOne | 044.600
2017-01-17 08:15:31 | TEMPLOG : Bio   Filter | 039.200
2017-01-17 08:16:32 | TEMPLOG : WellhouseOne | 100.400
2017-01-17 08:17:33 | TEMPLOG : WellhouseOne | 115.700
2017-01-17 08:17:33 | TEMPLOG : Bio   Filter | 040.100
2017-01-17 08:17:34 | TEMPLOG : Table    One | 038.300
2017-01-17 08:18:35 | TEMPLOG : WellhouseOne | 123.800
2017-01-17 08:19:36 | TEMPLOG : WellhouseOne | 128.300
2017-01-17 08:20:36 | TEMPLOG : WellhouseOne | 132.800
2017-01-17 08:20:37 | TEMPLOG : Bio   Filter | 041.000
2017-01-17 08:20:37 | TEMPLOG : Table    One | 039.200
2017-01-17 08:21:37 | TEMPLOG : WellhouseOne | 106.700
2017-01-17 08:22:38 | TEMPLOG : WellhouseOne | 087.800
2017-01-17 08:23:39 | TEMPLOG : WellhouseOne | 077.000
2017-01-17 08:23:40 | TEMPLOG : Bio   Filter | 041.900
2017-01-17 08:24:41 | TEMPLOG : WellhouseOne | 070.700
2017-01-17 08:24:42 | TEMPLOG : Table    One | 040.100
2017-01-17 08:25:42 | TEMPLOG : WellhouseOne | 065.300
2017-01-17 08:25:42 | TEMPLOG : Bio   Filter | 042.800
2017-01-17 08:26:43 | TEMPLOG : WellhouseOne | 060.800
2017-01-17 08:26:44 | TEMPLOG : Bio   Filter | 043.700
2017-01-17 08:27:45 | TEMPLOG : WellhouseOne | 058.100
2017-01-17 08:28:46 | TEMPLOG : WellhouseOne | 055.400
2017-01-17 08:29:47 | TEMPLOG : WellhouseOne | 053.600
2017-01-17 08:29:47 | TEMPLOG : Bio   Filter | 044.600
2017-01-17 08:29:48 | TEMPLOG : Table    One | 041.000
2017-01-17 08:30:49 | TEMPLOG : WellhouseOne | 052.700
2017-01-17 08:30:49 | TEMPLOG : To   GeoLoop | 041.000
2017-01-17 08:31:50 | TEMPLOG : WellhouseOne | 051.800
2017-01-17 08:32:51 | TEMPLOG : WellhouseOne | 050.000
2017-01-17 08:32:52 | TEMPLOG : Bio   Filter | 045.500
2017-01-17 08:32:53 | TEMPLOG : Table    One | 041.900
2017-01-17 08:33:53 | TEMPLOG : WellhouseOne | 049.100
2017-01-17 08:35:55 | TEMPLOG : WellhouseOne | 048.200
2017-01-17 08:35:56 | TEMPLOG : Bio   Filter | 046.400
2017-01-17 08:37:58 | TEMPLOG : WellhouseOne | 047.300
2017-01-17 08:38:59 | TEMPLOG : Bio   Filter | 047.300
2017-01-17 08:40:00 | TEMPLOG : WellhouseOne | 046.400
2017-01-17 08:42:03 | TEMPLOG : Bio   Filter | 048.200
2017-01-17 08:43:05 | TEMPLOG : WellhouseOne | 045.500
2017-01-17 08:45:07 | TEMPLOG : WellhouseOne | 095.900
2017-01-17 08:46:08 | TEMPLOG : WellhouseOne | 116.600
2017-01-17 08:46:08 | TEMPLOG : Bio   Filter | 049.100
2017-01-17 08:47:09 | TEMPLOG : WellhouseOne | 126.500
2017-01-17 08:48:10 | TEMPLOG : WellhouseOne | 130.100
2017-01-17 08:49:11 | TEMPLOG : WellhouseOne | 102.200
2017-01-17 08:50:12 | TEMPLOG : WellhouseOne | 085.100
2017-01-17 08:51:14 | TEMPLOG : WellhouseOne | 077.000
2017-01-17 08:52:15 | TEMPLOG : WellhouseOne | 068.900
2017-01-17 08:53:17 | TEMPLOG : WellhouseOne | 064.400
2017-01-17 08:54:19 | TEMPLOG : WellhouseOne | 060.800
2017-01-17 08:54:19 | TEMPLOG : Bio   Filter | 050.000
2017-01-17 08:54:19 | TEMPLOG : To   GeoLoop | 041.900
2017-01-17 08:55:20 | TEMPLOG : WellhouseOne | 058.100
2017-01-17 08:56:21 | TEMPLOG : WellhouseOne | 056.300
2017-01-17 08:57:22 | TEMPLOG : WellhouseOne | 054.500
2017-01-17 08:58:24 | TEMPLOG : WellhouseOne | 052.700
2017-01-17 08:59:26 | TEMPLOG : WellhouseOne | 051.800
2017-01-17 08:59:26 | TEMPLOG : Bio   Filter | 050.900
2017-01-17 08:59:26 | TEMPLOG : Table    One | 042.800
2017-01-17 09:00:26 | TEMPLOG : WellhouseOne | 050.900
2017-01-17 09:00:27 | TEMPLOG : Bio   Filter | 050.900
2017-01-17 09:00:27 | TEMPLOG : To   GeoLoop | 041.900
2017-01-17 09:00:27 | TEMPLOG : Table    One | 042.800
2017-01-17 09:01:28 | TEMPLOG : WellhouseOne | 050.000
2017-01-17 09:01:28 | TEMPLOG : Bio   Filter | 051.800
2017-01-17 09:02:29 | TEMPLOG : WellhouseOne | 049.100
2017-01-17 09:02:29 | TEMPLOG : Bio   Filter | 052.700
2017-01-17 09:03:31 | TEMPLOG : Bio   Filter | 053.600
2017-01-17 09:03:31 | TEMPLOG : Table    One | 043.700
2017-01-17 09:04:32 | TEMPLOG : WellhouseOne | 048.200
2017-01-17 09:06:34 | TEMPLOG : WellhouseOne | 047.300
2017-01-17 09:06:34 | TEMPLOG : Bio   Filter | 054.500
2017-01-17 09:06:34 | TEMPLOG : Table    One | 044.600
2017-01-17 09:08:36 | TEMPLOG : Bio   Filter | 055.400
2017-01-17 09:09:37 | TEMPLOG : WellhouseOne | 046.400
2017-01-17 09:09:38 | TEMPLOG : Bio   Filter | 056.300
2017-01-17 09:10:40 | TEMPLOG : Bio   Filter | 057.200
2017-01-17 09:11:41 | TEMPLOG : Bio   Filter | 058.100
2017-01-17 09:12:43 | TEMPLOG : WellhouseOne | 065.300
2017-01-17 09:12:44 | TEMPLOG : Bio   Filter | 059.900
2017-01-17 09:13:45 | TEMPLOG : WellhouseOne | 110.300
2017-01-17 09:13:46 | TEMPLOG : Bio   Filter | 060.800
2017-01-17 09:14:47 | TEMPLOG : WellhouseOne | 124.700
2017-01-17 09:14:47 | TEMPLOG : Bio   Filter | 061.700
2017-01-17 09:15:47 | TEMPLOG : WellhouseOne | 117.500
2017-01-17 09:15:48 | TEMPLOG : Bio   Filter | 062.600
2017-01-17 09:16:49 | TEMPLOG : WellhouseOne | 087.800
2017-01-17 09:16:50 | TEMPLOG : Bio   Filter | 063.500
2017-01-17 09:17:51 | TEMPLOG : WellhouseOne | 077.000
2017-01-17 09:18:52 | TEMPLOG : WellhouseOne | 069.800
2017-01-17 09:18:52 | TEMPLOG : Bio   Filter | 064.400
2017-01-17 09:19:53 | TEMPLOG : WellhouseOne | 065.300
2017-01-17 09:20:55 | TEMPLOG : WellhouseOne | 062.600
2017-01-17 09:20:56 | TEMPLOG : Bio   Filter | 065.300
2017-01-17 09:21:57 | TEMPLOG : WellhouseOne | 059.900
2017-01-17 09:22:58 | TEMPLOG : WellhouseOne | 058.100
2017-01-17 09:22:58 | TEMPLOG : To   GeoLoop | 042.800
2017-01-17 09:23:58 | TEMPLOG : WellhouseOne | 056.300
2017-01-17 09:24:59 | TEMPLOG : WellhouseOne | 054.500
2017-01-17 09:26:00 | TEMPLOG : WellhouseOne | 053.600
2017-01-17 09:27:02 | TEMPLOG : WellhouseOne | 052.700
2017-01-17 09:27:02 | TEMPLOG : Bio   Filter | 066.200
2017-01-17 09:28:03 | TEMPLOG : WellhouseOne | 051.800
2017-01-17 09:29:05 | TEMPLOG : WellhouseOne | 050.900
2017-01-17 09:30:07 | TEMPLOG : Bio   Filter | 067.100
2017-01-17 09:31:07 | TEMPLOG : WellhouseOne | 050.000
2017-01-17 09:31:07 | TEMPLOG : Bio   Filter | 068.000
2017-01-17 09:31:08 | TEMPLOG : Table    One | 045.500
2017-01-17 09:32:09 | TEMPLOG : Bio   Filter | 068.900
2017-01-17 09:34:11 | TEMPLOG : WellhouseOne | 049.100
2017-01-17 09:34:12 | TEMPLOG : Bio   Filter | 069.800
2017-01-17 09:35:12 | TEMPLOG : WellhouseOne | 048.200
2017-01-17 09:37:14 | TEMPLOG : WellhouseOne | 047.300
2017-01-17 09:39:18 | TEMPLOG : To   GeoLoop | 043.700
2017-01-17 09:39:19 | TEMPLOG : Table    One | 046.400
2017-01-17 09:40:19 | TEMPLOG : Bio   Filter | 070.700
2017-01-17 09:41:20 | TEMPLOG : WellhouseOne | 104.000
2017-01-17 09:42:21 | TEMPLOG : WellhouseOne | 121.100
2017-01-17 09:43:23 | TEMPLOG : WellhouseOne | 123.800
2017-01-17 09:43:23 | TEMPLOG : Bio   Filter | 071.600
2017-01-17 09:44:24 | TEMPLOG : WellhouseOne | 087.800
2017-01-17 09:45:26 | TEMPLOG : WellhouseOne | 077.900
2017-01-17 09:45:26 | TEMPLOG : Bio   Filter | 072.500
2017-01-17 09:45:27 | TEMPLOG : Table    One | 047.300
2017-01-17 09:46:28 | TEMPLOG : WellhouseOne | 069.800
2017-01-17 09:47:29 | TEMPLOG : WellhouseOne | 064.400
2017-01-17 09:48:30 | TEMPLOG : WellhouseOne | 059.900
2017-01-17 09:48:31 | TEMPLOG : Bio   Filter | 073.400
2017-01-17 09:49:32 | TEMPLOG : WellhouseOne | 058.100
2017-01-17 09:49:32 | TEMPLOG : Bio   Filter | 074.300
2017-01-17 09:50:33 | TEMPLOG : WellhouseOne | 056.300
2017-01-17 09:50:33 | TEMPLOG : To   GeoLoop | 044.600
2017-01-17 09:50:33 | TEMPLOG : Table    One | 048.200
2017-01-17 09:51:34 | TEMPLOG : WellhouseOne | 054.500
2017-01-17 09:52:35 | TEMPLOG : WellhouseOne | 052.700
2017-01-17 09:53:36 | TEMPLOG : WellhouseOne | 051.800
2017-01-17 09:53:36 | TEMPLOG : Bio   Filter | 075.200
2017-01-17 09:53:37 | TEMPLOG : Table    One | 049.100
2017-01-17 09:55:38 | TEMPLOG : WellhouseOne | 050.000
2017-01-17 09:55:39 | TEMPLOG : Bio   Filter | 074.300
2017-01-17 09:56:40 | TEMPLOG : WellhouseOne | 049.100
2017-01-17 09:57:42 | TEMPLOG : WellhouseOne | 048.200
2017-01-17 09:57:43 | TEMPLOG : Table    One | 050.000
2017-01-17 09:58:43 | TEMPLOG : WellhouseOne | 047.300
2017-01-17 10:00:46 | TEMPLOG : WellhouseOne | 047.300
2017-01-17 10:00:47 | TEMPLOG : Bio   Filter | 074.300
2017-01-17 10:00:47 | TEMPLOG : To   GeoLoop | 045.500
2017-01-17 10:00:48 | TEMPLOG : Table    One | 050.900
2017-01-17 10:01:48 | TEMPLOG : WellhouseOne | 046.400
2017-01-17 10:01:48 | TEMPLOG : Bio   Filter | 075.200
2017-01-17 10:03:50 | TEMPLOG : WellhouseOne | 045.500
2017-01-17 10:03:51 | TEMPLOG : Table    One | 051.800
2017-01-17 10:04:51 | TEMPLOG : WellhouseOne | 044.600
2017-01-17 10:05:53 | TEMPLOG : Table    One | 052.700
2017-01-17 10:07:54 | TEMPLOG : WellhouseOne | 099.500
2017-01-17 10:07:56 | TEMPLOG : Table    One | 053.600
2017-01-17 10:08:56 | TEMPLOG : WellhouseOne | 120.200
2017-01-17 10:08:56 | TEMPLOG : To   GeoLoop | 046.400
2017-01-17 10:09:57 | TEMPLOG : WellhouseOne | 128.300
2017-01-17 10:09:58 | TEMPLOG : Table    One | 054.500
2017-01-17 10:10:59 | TEMPLOG : WellhouseOne | 104.900
2017-01-17 10:11:00 | TEMPLOG : Table    One | 055.400
2017-01-17 10:12:00 | TEMPLOG : WellhouseOne | 084.200
2017-01-17 10:12:01 | TEMPLOG : Table    One | 057.200
2017-01-17 10:13:01 | TEMPLOG : WellhouseOne | 073.400
2017-01-17 10:13:02 | TEMPLOG : Table    One | 059.000
2017-01-17 10:14:02 | TEMPLOG : WellhouseOne | 066.200
2017-01-17 10:14:03 | TEMPLOG : Bio   Filter | 076.100
2017-01-17 10:14:03 | TEMPLOG : Table    One | 061.700
2017-01-17 10:15:03 | TEMPLOG : WellhouseOne | 062.600
2017-01-17 10:15:04 | TEMPLOG : Table    One | 064.400
2017-01-17 10:16:04 | TEMPLOG : WellhouseOne | 059.000
2017-01-17 10:16:05 | TEMPLOG : Bio   Filter | 077.000
2017-01-17 10:16:05 | TEMPLOG : Table    One | 067.100
2017-01-17 10:17:05 | TEMPLOG : WellhouseOne | 057.200
2017-01-17 10:17:06 | TEMPLOG : Table    One | 069.800
2017-01-17 10:18:06 | TEMPLOG : WellhouseOne | 055.400
2017-01-17 10:18:08 | TEMPLOG : Table    One | 070.700
2017-01-17 10:19:08 | TEMPLOG : WellhouseOne | 053.600
2017-01-17 10:19:09 | TEMPLOG : To   GeoLoop | 047.300
2017-01-17 10:20:09 | TEMPLOG : WellhouseOne | 052.700
2017-01-17 10:20:09 | TEMPLOG : Bio   Filter | 077.900
2017-01-17 10:21:10 | TEMPLOG : WellhouseOne | 051.800
2017-01-17 10:22:11 | TEMPLOG : WellhouseOne | 050.900
2017-01-17 10:22:11 | TEMPLOG : Bio   Filter | 078.800
2017-01-17 10:22:12 | TEMPLOG : Table    One | 071.600
2017-01-17 10:23:12 | TEMPLOG : WellhouseOne | 050.000
2017-01-17 10:23:13 | TEMPLOG : Table    One | 072.500
2017-01-17 10:24:14 | TEMPLOG : Bio   Filter | 077.900
2017-01-17 10:25:15 | TEMPLOG : WellhouseOne | 049.100
2017-01-17 10:25:15 | TEMPLOG : Bio   Filter | 077.000
2017-01-17 10:25:16 | TEMPLOG : Table    One | 073.400
2017-01-17 10:26:16 | TEMPLOG : Bio   Filter | 076.100
2017-01-17 10:27:17 | TEMPLOG : WellhouseOne | 048.200
2017-01-17 10:27:17 | TEMPLOG : Bio   Filter | 074.300
2017-01-17 10:27:17 | TEMPLOG : To   GeoLoop | 048.200
2017-01-17 10:27:18 | TEMPLOG : Table    One | 074.300
2017-01-17 10:28:18 | TEMPLOG : Bio   Filter | 072.500
2017-01-17 10:29:19 | TEMPLOG : Bio   Filter | 070.700
2017-01-17 10:29:19 | TEMPLOG : Table    One | 073.400
2017-01-17 10:30:19 | TEMPLOG : WellhouseOne | 047.300
2017-01-17 10:30:20 | TEMPLOG : Bio   Filter | 068.900
2017-01-17 10:30:21 | TEMPLOG : Table    One | 072.500
2017-01-17 10:31:21 | TEMPLOG : WellhouseOne | 046.400
2017-01-17 10:31:21 | TEMPLOG : Bio   Filter | 068.000
2017-01-17 10:32:22 | TEMPLOG : Bio   Filter | 066.200
2017-01-17 10:32:23 | TEMPLOG : Table    One | 071.600
2017-01-17 10:33:23 | TEMPLOG : Bio   Filter | 065.300
2017-01-17 10:33:23 | TEMPLOG : Table    One | 070.700
2017-01-17 10:34:24 | TEMPLOG : Bio   Filter | 064.400
2017-01-17 10:35:25 | TEMPLOG : WellhouseOne | 071.600
2017-01-17 10:35:25 | TEMPLOG : Bio   Filter | 063.500
2017-01-17 10:36:26 | TEMPLOG : WellhouseOne | 113.900
2017-01-17 10:37:27 | TEMPLOG : WellhouseOne | 126.500
2017-01-17 10:37:27 | TEMPLOG : Bio   Filter | 062.600
2017-01-17 10:38:28 | TEMPLOG : WellhouseOne | 115.700
2017-01-17 10:38:29 | TEMPLOG : To   GeoLoop | 049.100
2017-01-17 10:39:29 | TEMPLOG : WellhouseOne | 087.800
2017-01-17 10:39:30 | TEMPLOG : Bio   Filter | 061.700
2017-01-17 10:40:31 | TEMPLOG : WellhouseOne | 075.200
2017-01-17 10:41:32 | TEMPLOG : WellhouseOne | 068.000
2017-01-17 10:42:33 | TEMPLOG : WellhouseOne | 063.500
2017-01-17 10:42:34 | TEMPLOG : Bio   Filter | 060.800
2017-01-17 10:43:35 | TEMPLOG : WellhouseOne | 060.800
2017-01-17 10:43:37 | TEMPLOG : Table    One | 071.600
2017-01-17 10:44:37 | TEMPLOG : WellhouseOne | 058.100
2017-01-17 10:45:39 | TEMPLOG : WellhouseOne | 056.300
2017-01-17 10:45:39 | TEMPLOG : Table    One | 072.500
2017-01-17 10:46:39 | TEMPLOG : WellhouseOne | 054.500
2017-01-17 10:46:40 | TEMPLOG : To   GeoLoop | 050.000
2017-01-17 10:46:40 | TEMPLOG : Table    One | 073.400
2017-01-17 10:47:40 | TEMPLOG : WellhouseOne | 053.600
2017-01-17 10:48:41 | TEMPLOG : WellhouseOne | 052.700
2017-01-17 10:48:42 | TEMPLOG : Table    One | 074.300
2017-01-17 10:49:43 | TEMPLOG : WellhouseOne | 051.800
2017-01-17 10:50:44 | TEMPLOG : WellhouseOne | 050.900
2017-01-17 10:51:45 | TEMPLOG : WellhouseOne | 050.000
2017-01-17 10:52:47 | TEMPLOG : Table    One | 075.200
2017-01-17 10:53:48 | TEMPLOG : WellhouseOne | 049.100
2017-01-17 10:54:50 | TEMPLOG : Table    One | 076.100
2017-01-17 10:55:51 | TEMPLOG : WellhouseOne | 048.200
2017-01-17 10:56:53 | TEMPLOG : Table    One | 077.000
2017-01-17 10:57:53 | TEMPLOG : WellhouseOne | 047.300
2017-01-17 11:00:56 | TEMPLOG : WellhouseOne | 046.400
2017-01-17 11:00:56 | TEMPLOG : Bio   Filter | 061.700
2017-01-17 11:00:57 | TEMPLOG : To   GeoLoop | 050.000
2017-01-17 11:00:57 | TEMPLOG : Table    One | 077.000
2017-01-17 11:03:00 | TEMPLOG : Table    One | 077.900
2017-01-17 11:04:00 | TEMPLOG : WellhouseOne | 094.100
2017-01-17 11:04:00 | TEMPLOG : Bio   Filter | 062.600
2017-01-17 11:05:01 | TEMPLOG : WellhouseOne | 119.300
2017-01-17 11:06:02 | TEMPLOG : WellhouseOne | 129.200
2017-01-17 11:06:02 | TEMPLOG : Bio   Filter | 063.500
2017-01-17 11:06:05 | TEMPLOG : Table    One | 078.800
2017-01-17 11:07:05 | TEMPLOG : WellhouseOne | 095.000
2017-01-17 11:07:06 | TEMPLOG : Bio   Filter | 065.300
2017-01-17 11:08:07 | TEMPLOG : WellhouseOne | 080.600
2017-01-17 11:08:07 | TEMPLOG : Bio   Filter | 066.200
2017-01-17 11:09:09 | TEMPLOG : WellhouseOne | 071.600
2017-01-17 11:09:10 | TEMPLOG : Bio   Filter | 068.900
2017-01-17 11:10:11 | TEMPLOG : WellhouseOne | 066.200
2017-01-17 11:10:11 | TEMPLOG : Bio   Filter | 071.600
2017-01-17 11:10:11 | TEMPLOG : To   GeoLoop | 049.100
2017-01-17 11:10:12 | TEMPLOG : Table    One | 079.700
2017-01-17 11:11:12 | TEMPLOG : WellhouseOne | 062.600
2017-01-17 11:11:12 | TEMPLOG : Bio   Filter | 075.200
2017-01-17 11:12:13 | TEMPLOG : WellhouseOne | 059.900
2017-01-17 11:12:13 | TEMPLOG : Bio   Filter | 078.800
2017-01-17 11:13:14 | TEMPLOG : WellhouseOne | 057.200
2017-01-17 11:13:14 | TEMPLOG : Bio   Filter | 081.500
2017-01-17 11:14:15 | TEMPLOG : WellhouseOne | 056.300
2017-01-17 11:14:15 | TEMPLOG : Bio   Filter | 084.200
2017-01-17 11:14:16 | TEMPLOG : Table    One | 080.600
2017-01-17 11:15:16 | TEMPLOG : WellhouseOne | 054.500
2017-01-17 11:15:17 | TEMPLOG : Bio   Filter | 085.100
2017-01-17 11:16:18 | TEMPLOG : WellhouseOne | 053.600
2017-01-17 11:16:18 | TEMPLOG : Bio   Filter | 086.000
2017-01-17 11:17:20 | TEMPLOG : WellhouseOne | 051.800
2017-01-17 11:17:20 | TEMPLOG : Bio   Filter | 086.900
2017-01-17 11:18:22 | TEMPLOG : Table    One | 081.500
2017-01-17 11:20:23 | TEMPLOG : WellhouseOne | 050.900
2017-01-17 11:21:24 | TEMPLOG : WellhouseOne | 050.000
2017-01-17 11:21:24 | TEMPLOG : Bio   Filter | 086.000
2017-01-17 11:23:29 | TEMPLOG : Table    One | 082.400
2017-01-17 11:24:29 | TEMPLOG : WellhouseOne | 049.100
2017-01-17 11:24:30 | TEMPLOG : Bio   Filter | 085.100
2017-01-17 11:25:31 | TEMPLOG : WellhouseOne | 048.200
2017-01-17 11:26:33 | TEMPLOG : Table    One | 083.300
2017-01-17 11:29:35 | TEMPLOG : WellhouseOne | 047.300
2017-01-17 11:30:37 | TEMPLOG : Bio   Filter | 086.000
2017-01-17 11:32:39 | TEMPLOG : WellhouseOne | 081.500
2017-01-17 11:33:41 | TEMPLOG : WellhouseOne | 117.500
2017-01-17 11:33:41 | TEMPLOG : Bio   Filter | 086.900
2017-01-17 11:34:41 | TEMPLOG : WellhouseOne | 129.200
2017-01-17 11:35:43 | TEMPLOG : WellhouseOne | 095.900
2017-01-17 11:35:44 | TEMPLOG : Table    One | 084.200
2017-01-17 11:36:44 | TEMPLOG : WellhouseOne | 081.500
2017-01-17 11:36:45 | TEMPLOG : Bio   Filter | 087.800
2017-01-17 11:37:46 | TEMPLOG : WellhouseOne | 073.400
2017-01-17 11:38:47 | TEMPLOG : WellhouseOne | 068.000
2017-01-17 11:39:48 | TEMPLOG : WellhouseOne | 064.400
2017-01-17 11:39:49 | TEMPLOG : Bio   Filter | 088.700
2017-01-17 11:39:49 | TEMPLOG : Table    One | 085.100
2017-01-17 11:40:49 | TEMPLOG : WellhouseOne | 060.800
2017-01-17 11:41:50 | TEMPLOG : WellhouseOne | 059.000
2017-01-17 11:41:50 | TEMPLOG : Bio   Filter | 089.600
2017-01-17 11:42:51 | TEMPLOG : WellhouseOne | 057.200
2017-01-17 11:42:52 | TEMPLOG : Bio   Filter | 090.500
2017-01-17 11:43:53 | TEMPLOG : WellhouseOne | 056.300
2017-01-17 11:44:54 | TEMPLOG : WellhouseOne | 054.500
2017-01-17 11:45:56 | TEMPLOG : WellhouseOne | 053.600
2017-01-17 11:45:56 | TEMPLOG : Bio   Filter | 089.600
2017-01-17 11:45:57 | TEMPLOG : Table    One | 084.200
2017-01-17 11:47:58 | TEMPLOG : WellhouseOne | 052.700
2017-01-17 11:47:58 | TEMPLOG : Bio   Filter | 088.700
2017-01-17 11:48:59 | TEMPLOG : WellhouseOne | 051.800
2017-01-17 11:48:59 | TEMPLOG : Bio   Filter | 087.800
2017-01-17 11:50:00 | TEMPLOG : WellhouseOne | 050.900
2017-01-17 11:50:01 | TEMPLOG : Bio   Filter | 086.900
2017-01-17 11:51:02 | TEMPLOG : Bio   Filter | 086.000
2017-01-17 11:52:02 | TEMPLOG : WellhouseOne | 050.000
2017-01-17 11:52:03 | TEMPLOG : Bio   Filter | 084.200
2017-01-17 11:52:03 | TEMPLOG : Table    One | 083.300
2017-01-17 11:53:03 | TEMPLOG : Bio   Filter | 083.300
2017-01-17 11:54:04 | TEMPLOG : WellhouseOne | 049.100
2017-01-17 11:54:05 | TEMPLOG : Bio   Filter | 082.400
2017-01-17 11:55:06 | TEMPLOG : Bio   Filter | 080.600
2017-01-17 11:55:06 | TEMPLOG : Table    One | 084.200
2017-01-17 11:56:07 | TEMPLOG : Bio   Filter | 079.700
2017-01-17 11:57:08 | TEMPLOG : WellhouseOne | 048.200
2017-01-17 11:57:08 | TEMPLOG : Bio   Filter | 078.800
2017-01-17 11:58:10 | TEMPLOG : Bio   Filter | 077.900
2017-01-17 12:00:13 | TEMPLOG : WellhouseOne | 048.200
2017-01-17 12:00:14 | TEMPLOG : Bio   Filter | 077.900
2017-01-17 12:00:14 | TEMPLOG : To   GeoLoop | 049.100
2017-01-17 12:00:14 | TEMPLOG : Table    One | 083.300
2017-01-17 12:02:16 | TEMPLOG : WellhouseOne | 084.200
2017-01-17 12:02:17 | TEMPLOG : Table    One | 084.200
2017-01-17 12:03:17 | TEMPLOG : WellhouseOne | 117.500
2017-01-17 12:04:18 | TEMPLOG : WellhouseOne | 129.200
2017-01-17 12:04:19 | TEMPLOG : Table    One | 085.100
2017-01-17 12:05:19 | TEMPLOG : WellhouseOne | 095.900
2017-01-17 12:05:19 | TEMPLOG : Bio   Filter | 078.800
2017-01-17 12:06:20 | TEMPLOG : WellhouseOne | 080.600
2017-01-17 12:06:20 | TEMPLOG : Bio   Filter | 079.700
2017-01-17 12:07:21 | TEMPLOG : WellhouseOne | 071.600
2017-01-17 12:08:22 | TEMPLOG : WellhouseOne | 067.100
2017-01-17 12:08:23 | TEMPLOG : Bio   Filter | 080.600
2017-01-17 12:09:24 | TEMPLOG : WellhouseOne | 063.500
2017-01-17 12:09:24 | TEMPLOG : Bio   Filter | 081.500
2017-01-17 12:10:25 | TEMPLOG : WellhouseOne | 060.800
2017-01-17 12:10:25 | TEMPLOG : Bio   Filter | 082.400
2017-01-17 12:11:27 | TEMPLOG : WellhouseOne | 059.000
2017-01-17 12:11:27 | TEMPLOG : Bio   Filter | 084.200
2017-01-17 12:12:27 | TEMPLOG : WellhouseOne | 058.100
2017-01-17 12:12:28 | TEMPLOG : Bio   Filter | 085.100
2017-01-17 12:13:28 | TEMPLOG : WellhouseOne | 056.300
2017-01-17 12:13:29 | TEMPLOG : Bio   Filter | 086.000
2017-01-17 12:14:29 | TEMPLOG : WellhouseOne | 055.400
2017-01-17 12:15:30 | TEMPLOG : WellhouseOne | 054.500
2017-01-17 12:15:31 | TEMPLOG : Bio   Filter | 086.900
2017-01-17 12:15:31 | TEMPLOG : To   GeoLoop | 050.000
2017-01-17 12:16:31 | TEMPLOG : WellhouseOne | 053.600
2017-01-17 12:16:32 | TEMPLOG : Bio   Filter | 086.000
2017-01-17 12:16:32 | TEMPLOG : Table    One | 086.000
2017-01-17 12:18:34 | TEMPLOG : WellhouseOne | 052.700
2017-01-17 12:20:39 | TEMPLOG : Bio   Filter | 086.900
2017-01-17 12:20:39 | TEMPLOG : Table    One | 086.900
2017-01-17 12:22:41 | TEMPLOG : WellhouseOne | 051.800
2017-01-17 12:22:41 | TEMPLOG : Bio   Filter | 087.800
2017-01-17 12:24:44 | TEMPLOG : Bio   Filter | 088.700
2017-01-17 12:24:44 | TEMPLOG : Table    One | 087.800
2017-01-17 12:25:45 | TEMPLOG : Table    One | 086.900
2017-01-17 12:26:45 | TEMPLOG : WellhouseOne | 050.900
2017-01-17 12:26:45 | TEMPLOG : Bio   Filter | 089.600
2017-01-17 12:27:48 | TEMPLOG : Table    One | 087.800
2017-01-17 12:28:48 | TEMPLOG : WellhouseOne | 050.000
2017-01-17 12:30:51 | TEMPLOG : Bio   Filter | 090.500
2017-01-17 12:30:51 | TEMPLOG : To   GeoLoop | 050.900
2017-01-17 12:31:51 | TEMPLOG : WellhouseOne | 049.100
2017-01-17 12:33:54 | TEMPLOG : WellhouseOne | 105.800
2017-01-17 12:34:55 | TEMPLOG : WellhouseOne | 124.700
2017-01-17 12:34:57 | TEMPLOG : Table    One | 086.900
2017-01-17 12:35:58 | TEMPLOG : WellhouseOne | 102.200
2017-01-17 12:36:58 | TEMPLOG : WellhouseOne | 085.100
2017-01-17 12:37:59 | TEMPLOG : WellhouseOne | 077.000
2017-01-17 12:39:00 | TEMPLOG : WellhouseOne | 072.500
2017-01-17 12:40:02 | TEMPLOG : WellhouseOne | 068.900
2017-01-17 12:40:02 | TEMPLOG : Table    One | 087.800
2017-01-17 12:41:03 | TEMPLOG : WellhouseOne | 066.200
2017-01-17 12:42:04 | TEMPLOG : WellhouseOne | 063.500
2017-01-17 12:43:05 | TEMPLOG : WellhouseOne | 061.700
2017-01-17 12:44:06 | TEMPLOG : WellhouseOne | 059.900
2017-01-17 12:44:06 | TEMPLOG : Bio   Filter | 091.400
2017-01-17 12:44:06 | TEMPLOG : To   GeoLoop | 051.800
2017-01-17 12:45:07 | TEMPLOG : WellhouseOne | 059.000
2017-01-17 12:46:08 | TEMPLOG : WellhouseOne | 057.200
2017-01-17 12:46:08 | TEMPLOG : Table    One | 088.700
2017-01-17 12:47:09 | TEMPLOG : WellhouseOne | 056.300
2017-01-17 12:47:09 | TEMPLOG : Bio   Filter | 090.500
2017-01-17 12:49:13 | TEMPLOG : WellhouseOne | 055.400
2017-01-17 12:49:14 | TEMPLOG : Table    One | 089.600
2017-01-17 12:51:16 | TEMPLOG : WellhouseOne | 054.500
2017-01-17 12:52:17 | TEMPLOG : To   GeoLoop | 052.700
2017-01-17 12:53:19 | TEMPLOG : Table    One | 090.500
2017-01-17 12:54:19 | TEMPLOG : WellhouseOne | 053.600
2017-01-17 12:55:21 | TEMPLOG : To   GeoLoop | 053.600
2017-01-17 12:56:22 | TEMPLOG : WellhouseOne | 052.700
2017-01-17 12:57:23 | TEMPLOG : Bio   Filter | 091.400
2017-01-17 12:57:23 | TEMPLOG : To   GeoLoop | 054.500
2017-01-17 12:58:25 | TEMPLOG : Table    One | 091.400
2017-01-17 12:59:25 | TEMPLOG : WellhouseOne | 051.800
2017-01-17 13:00:26 | TEMPLOG : WellhouseOne | 051.800
2017-01-17 13:00:26 | TEMPLOG : Bio   Filter | 091.400
2017-01-17 13:00:26 | TEMPLOG : To   GeoLoop | 054.500
2017-01-17 13:00:27 | TEMPLOG : Table    One | 091.400
2017-01-17 13:01:27 | TEMPLOG : Bio   Filter | 092.300
2017-01-17 13:03:29 | TEMPLOG : WellhouseOne | 050.900
2017-01-17 13:03:30 | TEMPLOG : To   GeoLoop | 055.400
2017-01-17 13:06:34 | TEMPLOG : WellhouseOne | 084.200
2017-01-17 13:06:34 | TEMPLOG : Bio   Filter | 093.200
2017-01-17 13:07:35 | TEMPLOG : WellhouseOne | 121.100
2017-01-17 13:08:35 | TEMPLOG : WellhouseOne | 113.900
2017-01-17 13:08:36 | TEMPLOG : Bio   Filter | 094.100
2017-01-17 13:09:36 | TEMPLOG : WellhouseOne | 086.900
2017-01-17 13:09:37 | TEMPLOG : Table    One | 092.300
2017-01-17 13:10:37 | TEMPLOG : WellhouseOne | 076.100
2017-01-17 13:11:38 | TEMPLOG : WellhouseOne | 069.800
2017-01-17 13:12:39 | TEMPLOG : WellhouseOne | 066.200
2017-01-17 13:12:40 | TEMPLOG : To   GeoLoop | 056.300
2017-01-17 13:13:40 | TEMPLOG : WellhouseOne | 063.500
2017-01-17 13:14:43 | TEMPLOG : WellhouseOne | 061.700
2017-01-17 13:15:44 | TEMPLOG : WellhouseOne | 059.900
2017-01-17 13:15:44 | TEMPLOG : Bio   Filter | 093.200
2017-01-17 13:16:45 | TEMPLOG : WellhouseOne | 059.000
2017-01-17 13:16:47 | TEMPLOG : Table    One | 093.200
2017-01-17 13:17:47 | TEMPLOG : WellhouseOne | 058.100
2017-01-17 13:18:48 | TEMPLOG : WellhouseOne | 057.200
2017-01-17 13:19:49 | TEMPLOG : WellhouseOne | 055.400
2017-01-17 13:20:52 | TEMPLOG : To   GeoLoop | 057.200
2017-01-17 13:21:52 | TEMPLOG : WellhouseOne | 054.500
2017-01-17 13:23:55 | TEMPLOG : Bio   Filter | 092.300
2017-01-17 13:24:56 | TEMPLOG : WellhouseOne | 053.600
2017-01-17 13:29:00 | TEMPLOG : WellhouseOne | 052.700
2017-01-17 13:29:00 | TEMPLOG : Bio   Filter | 093.200
2017-01-17 13:30:01 | TEMPLOG : Table    One | 094.100
2017-01-17 13:31:02 | TEMPLOG : WellhouseOne | 051.800
2017-01-17 13:31:02 | TEMPLOG : Table    One | 093.200
2017-01-17 13:32:04 | TEMPLOG : Table    One | 094.100
2017-01-17 13:35:07 | TEMPLOG : WellhouseOne | 050.900
2017-01-17 13:39:12 | TEMPLOG : WellhouseOne | 091.400
2017-01-17 13:40:13 | TEMPLOG : WellhouseOne | 122.900
2017-01-17 13:41:14 | TEMPLOG : WellhouseOne | 105.800
2017-01-17 13:42:15 | TEMPLOG : WellhouseOne | 085.100
2017-01-17 13:43:16 | TEMPLOG : WellhouseOne | 076.100
2017-01-17 13:44:18 | TEMPLOG : WellhouseOne | 070.700
2017-01-17 13:45:20 | TEMPLOG : WellhouseOne | 067.100
2017-01-17 13:46:22 | TEMPLOG : WellhouseOne | 063.500
2017-01-17 13:47:24 | TEMPLOG : WellhouseOne | 061.700
2017-01-17 13:48:25 | TEMPLOG : WellhouseOne | 060.800
2017-01-17 13:49:26 | TEMPLOG : WellhouseOne | 059.000
2017-01-17 13:50:27 | TEMPLOG : Table    One | 095.000
2017-01-17 13:51:28 | TEMPLOG : WellhouseOne | 058.100
2017-01-17 13:52:29 | TEMPLOG : WellhouseOne | 057.200
2017-01-17 13:52:29 | TEMPLOG : Bio   Filter | 092.300
2017-01-17 13:53:30 | TEMPLOG : WellhouseOne | 056.300
2017-01-17 13:53:32 | TEMPLOG : To   GeoLoop | 058.100
2017-01-17 13:53:32 | TEMPLOG : Table    One | 094.100
2017-01-17 13:54:32 | TEMPLOG : WellhouseOne | 055.400
2017-01-17 13:55:34 | TEMPLOG : WellhouseOne | 054.500
2017-01-17 13:58:39 | TEMPLOG : WellhouseOne | 053.600
2017-01-17 14:00:41 | TEMPLOG : WellhouseOne | 053.600
2017-01-17 14:00:42 | TEMPLOG : Bio   Filter | 092.300
2017-01-17 14:00:42 | TEMPLOG : To   GeoLoop | 058.100
2017-01-17 14:00:43 | TEMPLOG : Table    One | 094.100
2017-01-17 14:01:43 | TEMPLOG : WellhouseOne | 052.700
2017-01-17 14:05:52 | TEMPLOG : Table    One | 095.000
2017-01-17 14:07:54 | TEMPLOG : Table    One | 094.100
2017-01-17 14:08:54 | TEMPLOG : WellhouseOne | 051.800
2017-01-17 14:10:58 | TEMPLOG : Bio   Filter | 091.400
2017-01-17 14:12:00 | TEMPLOG : Bio   Filter | 092.300
2017-01-17 14:12:01 | TEMPLOG : Table    One | 093.200
2017-01-17 14:13:01 | TEMPLOG : WellhouseOne | 116.600
2017-01-17 14:13:01 | TEMPLOG : Bio   Filter | 091.400
2017-01-17 14:14:02 | TEMPLOG : WellhouseOne | 131.000
2017-01-17 14:15:03 | TEMPLOG : WellhouseOne | 091.400
2017-01-17 14:15:03 | TEMPLOG : Table    One | 094.100
2017-01-17 14:16:04 | TEMPLOG : WellhouseOne | 080.600
2017-01-17 14:16:05 | TEMPLOG : Table    One | 093.200
2017-01-17 14:17:06 | TEMPLOG : WellhouseOne | 074.300
2017-01-17 14:18:07 | TEMPLOG : WellhouseOne | 069.800
2017-01-17 14:18:07 | TEMPLOG : Bio   Filter | 092.300
2017-01-17 14:19:09 | TEMPLOG : WellhouseOne | 066.200
2017-01-17 14:20:10 | TEMPLOG : WellhouseOne | 064.400
2017-01-17 14:21:11 | TEMPLOG : WellhouseOne | 062.600
2017-01-17 14:22:13 | TEMPLOG : WellhouseOne | 061.700
2017-01-17 14:22:14 | TEMPLOG : Table    One | 092.300
2017-01-17 14:23:14 | TEMPLOG : WellhouseOne | 059.900
2017-01-17 14:24:15 | TEMPLOG : WellhouseOne | 059.000
2017-01-17 14:24:15 | TEMPLOG : Bio   Filter | 091.400
2017-01-17 14:25:16 | TEMPLOG : WellhouseOne | 058.100
2017-01-17 14:27:18 | TEMPLOG : WellhouseOne | 057.200
2017-01-17 14:29:21 | TEMPLOG : WellhouseOne | 056.300
2017-01-17 14:29:22 | TEMPLOG : Table    One | 091.400
2017-01-17 14:30:22 | TEMPLOG : WellhouseOne | 055.400
2017-01-17 14:30:23 | TEMPLOG : To   GeoLoop | 057.200
2017-01-17 14:30:23 | TEMPLOG : Table    One | 092.300
2017-01-17 14:32:24 | TEMPLOG : WellhouseOne | 054.500
2017-01-17 14:32:24 | TEMPLOG : Bio   Filter | 090.500
2017-01-17 14:33:26 | TEMPLOG : Table    One | 091.400
2017-01-17 14:35:28 | TEMPLOG : WellhouseOne | 053.600
2017-01-17 14:36:29 | TEMPLOG : Bio   Filter | 089.600
2017-01-17 14:39:34 | TEMPLOG : WellhouseOne | 052.700
2017-01-17 14:39:34 | TEMPLOG : Table    One | 090.500
2017-01-17 14:42:38 | TEMPLOG : Bio   Filter | 088.700
2017-01-17 14:43:39 | TEMPLOG : Bio   Filter | 087.800
2017-01-17 14:46:42 | TEMPLOG : WellhouseOne | 079.700
2017-01-17 14:47:44 | TEMPLOG : WellhouseOne | 122.000
2017-01-17 14:48:45 | TEMPLOG : WellhouseOne | 104.900
2017-01-17 14:48:46 | TEMPLOG : Table    One | 089.600
2017-01-17 14:49:46 | TEMPLOG : WellhouseOne | 086.000
2017-01-17 14:50:48 | TEMPLOG : WellhouseOne | 076.100
2017-01-17 14:50:48 | TEMPLOG : To   GeoLoop | 056.300
2017-01-17 14:51:49 | TEMPLOG : WellhouseOne | 070.700
2017-01-17 14:51:49 | TEMPLOG : To   GeoLoop | 057.200
2017-01-17 14:52:50 | TEMPLOG : WellhouseOne | 067.100
2017-01-17 14:53:51 | TEMPLOG : WellhouseOne | 064.400
2017-01-17 14:53:52 | TEMPLOG : To   GeoLoop | 056.300
2017-01-17 14:54:52 | TEMPLOG : WellhouseOne | 062.600
2017-01-17 14:55:53 | TEMPLOG : WellhouseOne | 061.700
2017-01-17 14:55:53 | TEMPLOG : Bio   Filter | 086.900
2017-01-17 14:55:53 | TEMPLOG : To   GeoLoop | 057.200
2017-01-17 14:55:54 | TEMPLOG : Table    One | 088.700
2017-01-17 14:56:54 | TEMPLOG : WellhouseOne | 059.900
2017-01-17 14:56:54 | TEMPLOG : To   GeoLoop | 056.300
2017-01-17 14:57:55 | TEMPLOG : WellhouseOne | 059.000
2017-01-17 14:58:56 | TEMPLOG : WellhouseOne | 058.100
2017-01-17 14:58:56 | TEMPLOG : Bio   Filter | 086.000
2017-01-17 14:59:59 | TEMPLOG : WellhouseOne | 057.200
2017-01-17 15:00:00 | TEMPLOG : Table    One | 088.700
2017-01-17 15:01:01 | TEMPLOG : Bio   Filter | 085.100
2017-01-17 15:01:01 | TEMPLOG : Table    One | 087.800
2017-01-17 15:02:01 | TEMPLOG : WellhouseOne | 056.300
2017-01-17 15:03:05 | TEMPLOG : Table    One | 086.900
2017-01-17 15:04:05 | TEMPLOG : WellhouseOne | 055.400
2017-01-17 15:04:05 | TEMPLOG : Bio   Filter | 084.200
2017-01-17 15:06:07 | TEMPLOG : WellhouseOne | 054.500
2017-01-17 15:07:09 | TEMPLOG : Table    One | 086.000
2017-01-17 15:08:10 | TEMPLOG : Bio   Filter | 083.300
2017-01-17 15:09:14 | TEMPLOG : Table    One | 085.100
2017-01-17 15:10:14 | TEMPLOG : Table    One | 084.200
2017-01-17 15:11:15 | TEMPLOG : WellhouseOne | 053.600
2017-01-17 15:11:16 | TEMPLOG : Table    One | 083.300
2017-01-17 15:12:16 | TEMPLOG : Bio   Filter | 082.400
2017-01-17 15:12:17 | TEMPLOG : To   GeoLoop | 055.400
2017-01-17 15:12:17 | TEMPLOG : Table    One | 082.400
2017-01-17 15:13:19 | TEMPLOG : Table    One | 081.500
2017-01-17 15:14:20 | TEMPLOG : Table    One | 080.600
2017-01-17 15:15:20 | TEMPLOG : WellhouseOne | 052.700
2017-01-17 15:15:20 | TEMPLOG : Bio   Filter | 081.500
2017-01-17 15:16:23 | TEMPLOG : Table    One | 079.700
2017-01-17 15:18:26 | TEMPLOG : Table    One | 078.800
2017-01-17 15:19:26 | TEMPLOG : WellhouseOne | 051.800
2017-01-17 15:21:29 | TEMPLOG : WellhouseOne | 088.700
2017-01-17 15:22:30 | TEMPLOG : WellhouseOne | 124.700
2017-01-17 15:23:32 | TEMPLOG : WellhouseOne | 102.200
2017-01-17 15:23:32 | TEMPLOG : Table    One | 079.700
2017-01-17 15:24:32 | TEMPLOG : WellhouseOne | 084.200
2017-01-17 15:25:34 | TEMPLOG : WellhouseOne | 076.100
2017-01-17 15:25:34 | TEMPLOG : Table    One | 080.600
2017-01-17 15:26:34 | TEMPLOG : WellhouseOne | 070.700
2017-01-17 15:26:35 | TEMPLOG : Bio   Filter | 080.600
2017-01-17 15:27:36 | TEMPLOG : WellhouseOne | 067.100
2017-01-17 15:28:37 | TEMPLOG : WellhouseOne | 065.300
2017-01-17 15:29:38 | TEMPLOG : WellhouseOne | 062.600
2017-01-17 15:30:39 | TEMPLOG : WellhouseOne | 061.700
2017-01-17 15:30:40 | TEMPLOG : Table    One | 079.700
2017-01-17 15:31:40 | TEMPLOG : WellhouseOne | 059.900
2017-01-17 15:32:41 | TEMPLOG : WellhouseOne | 059.000
2017-01-17 15:32:41 | TEMPLOG : Bio   Filter | 079.700
2017-01-17 15:33:42 | TEMPLOG : WellhouseOne | 058.100
2017-01-17 15:33:42 | TEMPLOG : To   GeoLoop | 054.500
2017-01-17 15:35:44 | TEMPLOG : WellhouseOne | 057.200
2017-01-17 15:35:44 | TEMPLOG : Table    One | 078.800
2017-01-17 15:36:45 | TEMPLOG : WellhouseOne | 056.300
2017-01-17 15:36:46 | TEMPLOG : Bio   Filter | 078.800
2017-01-17 15:38:48 | TEMPLOG : WellhouseOne | 055.400
2017-01-17 15:38:49 | TEMPLOG : Bio   Filter | 077.900
2017-01-17 15:40:51 | TEMPLOG : WellhouseOne | 054.500
2017-01-17 15:40:51 | TEMPLOG : Bio   Filter | 077.000
2017-01-17 15:42:54 | TEMPLOG : Bio   Filter | 076.100
2017-01-17 15:42:55 | TEMPLOG : Table    One | 077.900
2017-01-17 15:43:55 | TEMPLOG : WellhouseOne | 053.600
2017-01-17 15:44:57 | TEMPLOG : Bio   Filter | 075.200
2017-01-17 15:48:01 | TEMPLOG : WellhouseOne | 052.700
2017-01-17 15:48:02 | TEMPLOG : Table    One | 077.000
2017-01-17 15:49:04 | TEMPLOG : Bio   Filter | 074.300
2017-01-17 15:51:06 | TEMPLOG : Table    One | 076.100
2017-01-17 15:52:06 | TEMPLOG : Bio   Filter | 073.400
2017-01-17 15:53:07 | TEMPLOG : WellhouseOne | 051.800
2017-01-17 15:53:08 | TEMPLOG : To   GeoLoop | 053.600
2017-01-17 15:54:09 | TEMPLOG : Bio   Filter | 072.500
2017-01-17 15:54:09 | TEMPLOG : To   GeoLoop | 054.500
2017-01-17 15:54:09 | TEMPLOG : Table    One | 075.200
2017-01-17 15:55:10 | TEMPLOG : To   GeoLoop | 053.600
2017-01-17 15:56:10 | TEMPLOG : WellhouseOne | 105.800
2017-01-17 15:57:11 | TEMPLOG : WellhouseOne | 130.100
2017-01-17 15:57:12 | TEMPLOG : Table    One | 074.300
2017-01-17 15:58:12 | TEMPLOG : WellhouseOne | 093.200
2017-01-17 15:59:15 | TEMPLOG : WellhouseOne | 079.700
2017-01-17 15:59:16 | TEMPLOG : Bio   Filter | 071.600
2017-01-17 16:00:16 | TEMPLOG : WellhouseOne | 073.400
2017-01-17 16:00:16 | TEMPLOG : Bio   Filter | 071.600
2017-01-17 16:00:17 | TEMPLOG : To   GeoLoop | 053.600
2017-01-17 16:00:17 | TEMPLOG : Table    One | 073.400
2017-01-17 16:01:18 | TEMPLOG : WellhouseOne | 068.900
2017-01-17 16:01:18 | TEMPLOG : Bio   Filter | 070.700
2017-01-17 16:02:19 | TEMPLOG : WellhouseOne | 066.200
2017-01-17 16:02:20 | TEMPLOG : Table    One | 072.500
2017-01-17 16:03:21 | TEMPLOG : WellhouseOne | 063.500
2017-01-17 16:03:21 | TEMPLOG : Bio   Filter | 069.800
2017-01-17 16:04:22 | TEMPLOG : WellhouseOne | 061.700
2017-01-17 16:04:22 | TEMPLOG : Bio   Filter | 068.900
2017-01-17 16:05:23 | TEMPLOG : WellhouseOne | 060.800
2017-01-17 16:05:24 | TEMPLOG : Table    One | 071.600
2017-01-17 16:06:24 | TEMPLOG : WellhouseOne | 059.000
2017-01-17 16:06:24 | TEMPLOG : Bio   Filter | 068.000
2017-01-17 16:07:25 | TEMPLOG : WellhouseOne | 058.100
2017-01-17 16:07:26 | TEMPLOG : Bio   Filter | 067.100
2017-01-17 16:07:27 | TEMPLOG : Table    One | 070.700
2017-01-17 16:08:27 | TEMPLOG : WellhouseOne | 057.200
2017-01-17 16:09:29 | TEMPLOG : Bio   Filter | 066.200
2017-01-17 16:09:29 | TEMPLOG : To   GeoLoop | 052.700
2017-01-17 16:09:29 | TEMPLOG : Table    One | 069.800
2017-01-17 16:10:29 | TEMPLOG : WellhouseOne | 056.300
2017-01-17 16:10:29 | TEMPLOG : Bio   Filter | 065.300
2017-01-17 16:10:30 | TEMPLOG : Table    One | 068.900
2017-01-17 16:12:31 | TEMPLOG : WellhouseOne | 055.400
2017-01-17 16:13:33 | TEMPLOG : Table    One | 068.000
2017-01-17 16:14:33 | TEMPLOG : WellhouseOne | 054.500
2017-01-17 16:14:34 | TEMPLOG : Bio   Filter | 064.400
2017-01-17 16:15:35 | TEMPLOG : Table    One | 067.100
2017-01-17 16:16:36 | TEMPLOG : Bio   Filter | 063.500
2017-01-17 16:16:37 | TEMPLOG : Table    One | 066.200
2017-01-17 16:17:37 | TEMPLOG : WellhouseOne | 053.600
2017-01-17 16:19:41 | TEMPLOG : Bio   Filter | 062.600
2017-01-17 16:19:42 | TEMPLOG : Table    One | 065.300
2017-01-17 16:20:43 | TEMPLOG : WellhouseOne | 052.700
2017-01-17 16:21:46 | TEMPLOG : Table    One | 064.400
2017-01-17 16:23:48 | TEMPLOG : WellhouseOne | 051.800
2017-01-17 16:23:48 | TEMPLOG : Bio   Filter | 061.700
2017-01-17 16:23:48 | TEMPLOG : To   GeoLoop | 051.800
2017-01-17 16:24:49 | TEMPLOG : Table    One | 063.500
2017-01-17 16:27:51 | TEMPLOG : Bio   Filter | 060.800
2017-01-17 16:27:52 | TEMPLOG : Table    One | 062.600
2017-01-17 16:29:53 | TEMPLOG : WellhouseOne | 109.400
2017-01-17 16:29:54 | TEMPLOG : Table    One | 061.700
2017-01-17 16:30:54 | TEMPLOG : WellhouseOne | 130.100
2017-01-17 16:30:54 | TEMPLOG : Bio   Filter | 059.900
2017-01-17 16:31:55 | TEMPLOG : WellhouseOne | 094.100
2017-01-17 16:31:55 | TEMPLOG : Table    One | 060.800
2017-01-17 16:32:56 | TEMPLOG : WellhouseOne | 080.600
2017-01-17 16:32:56 | TEMPLOG : Bio   Filter | 059.000
2017-01-17 16:33:57 | TEMPLOG : WellhouseOne | 073.400
2017-01-17 16:33:57 | TEMPLOG : Table    One | 059.900
2017-01-17 16:34:58 | TEMPLOG : WellhouseOne | 068.900
2017-01-17 16:35:59 | TEMPLOG : WellhouseOne | 065.300
2017-01-17 16:35:59 | TEMPLOG : Bio   Filter | 058.100
2017-01-17 16:35:59 | TEMPLOG : Table    One | 059.000
2017-01-17 16:37:00 | TEMPLOG : WellhouseOne | 062.600
2017-01-17 16:38:01 | TEMPLOG : WellhouseOne | 060.800
2017-01-17 16:38:01 | TEMPLOG : Bio   Filter | 057.200
2017-01-17 16:38:01 | TEMPLOG : Table    One | 058.100
2017-01-17 16:39:02 | TEMPLOG : WellhouseOne | 059.900
2017-01-17 16:39:03 | TEMPLOG : Table    One | 057.200
2017-01-17 16:40:03 | TEMPLOG : WellhouseOne | 059.000
2017-01-17 16:40:03 | TEMPLOG : Bio   Filter | 056.300
2017-01-17 16:41:04 | TEMPLOG : WellhouseOne | 057.200
2017-01-17 16:41:04 | TEMPLOG : Table    One | 056.300
2017-01-17 16:42:06 | TEMPLOG : Bio   Filter | 055.400
2017-01-17 16:42:06 | TEMPLOG : To   GeoLoop | 050.900
2017-01-17 16:43:07 | TEMPLOG : WellhouseOne | 056.300
2017-01-17 16:43:08 | TEMPLOG : Table    One | 055.400
2017-01-17 16:44:08 | TEMPLOG : WellhouseOne | 055.400
2017-01-17 16:44:08 | TEMPLOG : Bio   Filter | 054.500
2017-01-17 16:45:09 | TEMPLOG : WellhouseOne | 054.500
2017-01-17 16:45:09 | TEMPLOG : Bio   Filter | 053.600
2017-01-17 16:45:10 | TEMPLOG : Table    One | 054.500
2017-01-17 16:47:11 | TEMPLOG : WellhouseOne | 053.600
2017-01-17 16:47:11 | TEMPLOG : Bio   Filter | 052.700
2017-01-17 16:47:12 | TEMPLOG : Table    One | 053.600
2017-01-17 16:48:12 | TEMPLOG : Bio   Filter | 051.800
2017-01-17 16:48:13 | TEMPLOG : Table    One | 052.700
2017-01-17 16:49:14 | TEMPLOG : WellhouseOne | 052.700
2017-01-17 16:49:15 | TEMPLOG : Table    One | 051.800
2017-01-17 16:50:15 | TEMPLOG : Bio   Filter | 050.900
2017-01-17 16:51:16 | TEMPLOG : Table    One | 050.900
2017-01-17 16:52:17 | TEMPLOG : Bio   Filter | 050.000
2017-01-17 16:52:17 | TEMPLOG : To   GeoLoop | 050.000
2017-01-17 16:52:17 | TEMPLOG : Table    One | 049.100
2017-01-17 16:53:18 | TEMPLOG : WellhouseOne | 051.800
2017-01-17 16:53:18 | TEMPLOG : Bio   Filter | 049.100
2017-01-17 16:53:18 | TEMPLOG : Table    One | 048.200
2017-01-17 16:54:19 | TEMPLOG : Bio   Filter | 048.200
2017-01-17 16:55:20 | TEMPLOG : WellhouseOne | 050.900
2017-01-17 16:55:21 | TEMPLOG : Table    One | 047.300
2017-01-17 16:56:21 | TEMPLOG : Bio   Filter | 047.300
2017-01-17 16:56:22 | TEMPLOG : Table    One | 046.400
2017-01-17 16:58:24 | TEMPLOG : Bio   Filter | 046.400
2017-01-17 16:58:27 | TEMPLOG : Table    One | 045.500
2017-01-17 17:00:28 | TEMPLOG : WellhouseOne | 050.000
2017-01-17 17:00:28 | TEMPLOG : Bio   Filter | 046.400
2017-01-17 17:00:28 | TEMPLOG : To   GeoLoop | 049.100
2017-01-17 17:00:29 | TEMPLOG : Table    One | 045.500
2017-01-17 17:01:30 | TEMPLOG : Bio   Filter | 045.500
2017-01-17 17:01:30 | TEMPLOG : Table    One | 044.600
2017-01-17 17:02:30 | TEMPLOG : WellhouseOne | 107.600
2017-01-17 17:03:32 | TEMPLOG : WellhouseOne | 129.200
2017-01-17 17:04:33 | TEMPLOG : WellhouseOne | 095.900
2017-01-17 17:04:33 | TEMPLOG : Bio   Filter | 044.600
2017-01-17 17:04:34 | TEMPLOG : Table    One | 043.700
2017-01-17 17:05:34 | TEMPLOG : WellhouseOne | 080.600
2017-01-17 17:06:36 | TEMPLOG : WellhouseOne | 073.400
2017-01-17 17:07:37 | TEMPLOG : WellhouseOne | 068.900
2017-01-17 17:08:37 | TEMPLOG : WellhouseOne | 064.400
2017-01-17 17:09:39 | TEMPLOG : WellhouseOne | 061.700
2017-01-17 17:09:39 | TEMPLOG : Bio   Filter | 043.700
2017-01-17 17:10:41 | TEMPLOG : WellhouseOne | 059.900
2017-01-17 17:10:41 | TEMPLOG : Table    One | 042.800
2017-01-17 17:11:42 | TEMPLOG : WellhouseOne | 059.000
2017-01-17 17:12:42 | TEMPLOG : WellhouseOne | 058.100
2017-01-17 17:13:43 | TEMPLOG : WellhouseOne | 057.200
2017-01-17 17:14:44 | TEMPLOG : WellhouseOne | 055.400
2017-01-17 17:16:48 | TEMPLOG : WellhouseOne | 054.500
2017-01-17 17:16:49 | TEMPLOG : Bio   Filter | 042.800
2017-01-17 17:17:49 | TEMPLOG : WellhouseOne | 053.600
2017-01-17 17:17:50 | TEMPLOG : Table    One | 041.900
2017-01-17 17:19:52 | TEMPLOG : WellhouseOne | 052.700
2017-01-17 17:21:54 | TEMPLOG : WellhouseOne | 051.800
2017-01-17 17:21:54 | TEMPLOG : Bio   Filter | 041.900
2017-01-17 17:24:59 | TEMPLOG : WellhouseOne | 050.900
2017-01-17 17:25:00 | TEMPLOG : To   GeoLoop | 048.200
2017-01-17 17:26:00 | TEMPLOG : To   GeoLoop | 049.100
2017-01-17 17:27:01 | TEMPLOG : To   GeoLoop | 048.200
2017-01-17 17:27:01 | TEMPLOG : Table    One | 041.000
2017-01-17 17:28:02 | TEMPLOG : WellhouseOne | 050.000
2017-01-17 17:32:05 | TEMPLOG : WellhouseOne | 049.100
2017-01-17 17:33:06 | TEMPLOG : Bio   Filter | 041.000
2017-01-17 17:34:07 | TEMPLOG : WellhouseOne | 105.800
2017-01-17 17:35:08 | TEMPLOG : WellhouseOne | 126.500
2017-01-17 17:36:10 | TEMPLOG : WellhouseOne | 099.500
2017-01-17 17:37:11 | TEMPLOG : WellhouseOne | 082.400
2017-01-17 17:38:12 | TEMPLOG : WellhouseOne | 074.300
2017-01-17 17:39:14 | TEMPLOG : WellhouseOne | 068.900
2017-01-17 17:39:15 | TEMPLOG : Table    One | 040.100
2017-01-17 17:40:16 | TEMPLOG : WellhouseOne | 065.300
2017-01-17 17:41:17 | TEMPLOG : WellhouseOne | 062.600
2017-01-17 17:41:17 | TEMPLOG : Bio   Filter | 040.100
2017-01-17 17:42:19 | TEMPLOG : WellhouseOne | 059.900
2017-01-17 17:43:19 | TEMPLOG : WellhouseOne | 058.100
2017-01-17 17:43:20 | TEMPLOG : Bio   Filter | 041.000
2017-01-17 17:44:20 | TEMPLOG : WellhouseOne | 057.200
2017-01-17 17:44:21 | TEMPLOG : Bio   Filter | 040.100
2017-01-17 17:45:21 | TEMPLOG : WellhouseOne | 056.300
2017-01-17 17:46:23 | TEMPLOG : WellhouseOne | 055.400
2017-01-17 17:47:24 | TEMPLOG : WellhouseOne | 054.500
2017-01-17 17:48:24 | TEMPLOG : WellhouseOne | 053.600
2017-01-17 17:51:28 | TEMPLOG : WellhouseOne | 052.700
2017-01-17 17:52:29 | TEMPLOG : WellhouseOne | 051.800
2017-01-17 17:53:31 | TEMPLOG : Table    One | 039.200
2017-01-17 17:54:31 | TEMPLOG : WellhouseOne | 050.900
2017-01-17 17:54:31 | TEMPLOG : Bio   Filter | 039.200
2017-01-17 17:56:34 | TEMPLOG : WellhouseOne | 050.000
2017-01-17 17:59:36 | TEMPLOG : WellhouseOne | 049.100
2017-01-17 18:00:38 | TEMPLOG : WellhouseOne | 049.100
2017-01-17 18:00:38 | TEMPLOG : Bio   Filter | 039.200
2017-01-17 18:00:38 | TEMPLOG : To   GeoLoop | 048.200
2017-01-17 18:00:38 | TEMPLOG : Table    One | 039.200
2017-01-17 18:02:39 | TEMPLOG : WellhouseOne | 048.200
2017-01-17 18:04:42 | TEMPLOG : WellhouseOne | 078.800
2017-01-17 18:05:44 | TEMPLOG : WellhouseOne | 119.300
2017-01-17 18:06:45 | TEMPLOG : WellhouseOne | 127.400
2017-01-17 18:06:45 | TEMPLOG : Table    One | 038.300
2017-01-17 18:07:46 | TEMPLOG : WellhouseOne | 089.600
2017-01-17 18:07:47 | TEMPLOG : To   GeoLoop | 047.300
2017-01-17 18:08:48 | TEMPLOG : WellhouseOne | 077.900
2017-01-17 18:08:49 | TEMPLOG : To   GeoLoop | 048.200
2017-01-17 18:09:50 | TEMPLOG : WellhouseOne | 071.600
2017-01-17 18:10:52 | TEMPLOG : WellhouseOne | 067.100
2017-01-17 18:10:52 | TEMPLOG : Bio   Filter | 038.300
2017-01-17 18:10:53 | TEMPLOG : To   GeoLoop | 047.300
2017-01-17 18:11:53 | TEMPLOG : WellhouseOne | 063.500
2017-01-17 18:11:54 | TEMPLOG : To   GeoLoop | 048.200
2017-01-17 18:12:54 | TEMPLOG : WellhouseOne | 060.800
2017-01-17 18:12:55 | TEMPLOG : To   GeoLoop | 047.300
2017-01-17 18:13:56 | TEMPLOG : WellhouseOne | 059.000
2017-01-17 18:14:57 | TEMPLOG : WellhouseOne | 057.200
2017-01-17 18:15:58 | TEMPLOG : WellhouseOne | 055.400
2017-01-17 18:17:00 | TEMPLOG : WellhouseOne | 054.500
2017-01-17 18:18:01 | TEMPLOG : WellhouseOne | 053.600
2017-01-17 18:19:02 | TEMPLOG : WellhouseOne | 052.700
2017-01-17 18:21:05 | TEMPLOG : WellhouseOne | 051.800
2017-01-17 18:24:07 | TEMPLOG : WellhouseOne | 050.900
2017-01-17 18:28:13 | TEMPLOG : WellhouseOne | 050.000
2017-01-17 18:31:17 | TEMPLOG : WellhouseOne | 049.100
2017-01-17 18:34:21 | TEMPLOG : Table    One | 037.400
2017-01-17 18:35:21 | TEMPLOG : WellhouseOne | 056.300
2017-01-17 18:36:22 | TEMPLOG : WellhouseOne | 113.900
2017-01-17 18:36:22 | TEMPLOG : Bio   Filter | 037.400
2017-01-17 18:37:23 | TEMPLOG : WellhouseOne | 127.400
2017-01-17 18:38:24 | TEMPLOG : WellhouseOne | 104.900
2017-01-17 18:39:26 | TEMPLOG : WellhouseOne | 084.200
2017-01-17 18:40:28 | TEMPLOG : WellhouseOne | 075.200
2017-01-17 18:41:29 | TEMPLOG : WellhouseOne | 068.900
2017-01-17 18:42:30 | TEMPLOG : WellhouseOne | 064.400
2017-01-17 18:43:31 | TEMPLOG : WellhouseOne | 060.800
2017-01-17 18:44:33 | TEMPLOG : WellhouseOne | 059.000
2017-01-17 18:45:34 | TEMPLOG : WellhouseOne | 057.200
2017-01-17 18:46:38 | TEMPLOG : WellhouseOne | 055.400
2017-01-17 18:47:39 | TEMPLOG : WellhouseOne | 054.500
2017-01-17 18:48:40 | TEMPLOG : WellhouseOne | 053.600
2017-01-17 18:49:42 | TEMPLOG : WellhouseOne | 052.700
2017-01-17 18:50:43 | TEMPLOG : WellhouseOne | 051.800
2017-01-17 18:51:44 | TEMPLOG : WellhouseOne | 050.900
2017-01-17 18:54:47 | TEMPLOG : WellhouseOne | 050.000
2017-01-17 18:57:50 | TEMPLOG : WellhouseOne | 049.100
2017-01-17 18:58:52 | TEMPLOG : Table    One | 036.500
2017-01-17 18:59:52 | TEMPLOG : WellhouseOne | 048.200
2017-01-17 19:00:53 | TEMPLOG : WellhouseOne | 048.200
2017-01-17 19:00:53 | TEMPLOG : Bio   Filter | 037.400
2017-01-17 19:00:54 | TEMPLOG : To   GeoLoop | 047.300
2017-01-17 19:00:54 | TEMPLOG : Table    One | 036.500
2017-01-17 19:04:57 | TEMPLOG : WellhouseOne | 047.300
2017-01-17 19:04:57 | TEMPLOG : Bio   Filter | 036.500
2017-01-17 19:05:58 | TEMPLOG : WellhouseOne | 100.400
2017-01-17 19:06:59 | TEMPLOG : WellhouseOne | 122.000
2017-01-17 19:08:00 | TEMPLOG : WellhouseOne | 130.100
2017-01-17 19:09:01 | TEMPLOG : WellhouseOne | 092.300
2017-01-17 19:10:02 | TEMPLOG : WellhouseOne | 079.700
2017-01-17 19:11:04 | TEMPLOG : WellhouseOne | 071.600
2017-01-17 19:12:05 | TEMPLOG : WellhouseOne | 067.100
2017-01-17 19:13:05 | TEMPLOG : WellhouseOne | 062.600
2017-01-17 19:14:07 | TEMPLOG : WellhouseOne | 059.900
2017-01-17 19:15:08 | TEMPLOG : WellhouseOne | 057.200
2017-01-17 19:16:09 | TEMPLOG : WellhouseOne | 056.300
2017-01-17 19:17:10 | TEMPLOG : WellhouseOne | 054.500
2017-01-17 19:18:11 | TEMPLOG : WellhouseOne | 053.600
2017-01-17 19:19:12 | TEMPLOG : WellhouseOne | 052.700
2017-01-17 19:21:15 | TEMPLOG : WellhouseOne | 051.800
2017-01-17 19:22:16 | TEMPLOG : WellhouseOne | 050.900
2017-01-17 19:24:19 | TEMPLOG : WellhouseOne | 050.000
2017-01-17 19:24:20 | TEMPLOG : To   GeoLoop | 046.400
2017-01-17 19:25:20 | TEMPLOG : WellhouseOne | 049.100
2017-01-17 19:28:25 | TEMPLOG : WellhouseOne | 048.200
2017-01-17 19:29:26 | TEMPLOG : WellhouseOne | 047.300
2017-01-17 19:32:31 | TEMPLOG : Table    One | 035.600
2017-01-17 19:33:31 | TEMPLOG : Bio   Filter | 035.600
2017-01-17 19:34:33 | TEMPLOG : WellhouseOne | 046.400
2017-01-17 19:35:34 | TEMPLOG : WellhouseOne | 108.500
2017-01-17 19:36:35 | TEMPLOG : WellhouseOne | 123.800
2017-01-17 19:37:36 | TEMPLOG : WellhouseOne | 130.100
2017-01-17 19:38:37 | TEMPLOG : WellhouseOne | 091.400
2017-01-17 19:39:38 | TEMPLOG : WellhouseOne | 079.700
2017-01-17 19:40:40 | TEMPLOG : WellhouseOne | 071.600
2017-01-17 19:41:41 | TEMPLOG : WellhouseOne | 067.100
2017-01-17 19:42:42 | TEMPLOG : WellhouseOne | 062.600
2017-01-17 19:43:42 | TEMPLOG : WellhouseOne | 059.900
2017-01-17 19:44:43 | TEMPLOG : WellhouseOne | 057.200
2017-01-17 19:45:44 | TEMPLOG : WellhouseOne | 055.400
2017-01-17 19:46:45 | TEMPLOG : WellhouseOne | 054.500
2017-01-17 19:47:46 | TEMPLOG : WellhouseOne | 053.600
2017-01-17 19:48:47 | TEMPLOG : WellhouseOne | 052.700
2017-01-17 19:49:49 | TEMPLOG : WellhouseOne | 051.800
2017-01-17 19:50:50 | TEMPLOG : WellhouseOne | 050.900
2017-01-17 19:52:53 | TEMPLOG : WellhouseOne | 050.000
2017-01-17 19:54:55 | TEMPLOG : WellhouseOne | 049.100
2017-01-17 19:55:56 | TEMPLOG : WellhouseOne | 048.200
2017-01-17 19:58:59 | TEMPLOG : WellhouseOne | 047.300
2017-01-17 20:00:00 | TEMPLOG : WellhouseOne | 047.300
2017-01-17 20:00:00 | TEMPLOG : Bio   Filter | 035.600
2017-01-17 20:00:01 | TEMPLOG : To   GeoLoop | 046.400
2017-01-17 20:00:01 | TEMPLOG : Table    One | 035.600
2017-01-17 20:02:04 | TEMPLOG : WellhouseOne | 046.400
2017-01-17 20:02:05 | TEMPLOG : Table    One | 034.700
2017-01-17 20:03:05 | TEMPLOG : Table    One | 035.600
2017-01-17 20:04:06 | TEMPLOG : WellhouseOne | 096.800
2017-01-17 20:04:07 | TEMPLOG : Table    One | 034.700
2017-01-17 20:05:07 | TEMPLOG : WellhouseOne | 121.100
2017-01-17 20:05:08 | TEMPLOG : Table    One | 035.600
2017-01-17 20:06:08 | TEMPLOG : WellhouseOne | 130.100
2017-01-17 20:07:09 | TEMPLOG : WellhouseOne | 113.000
2017-01-17 20:07:10 | TEMPLOG : Table    One | 034.700
2017-01-17 20:08:10 | TEMPLOG : WellhouseOne | 087.800
2017-01-17 20:09:11 | TEMPLOG : WellhouseOne | 077.000
2017-01-17 20:10:13 | TEMPLOG : WellhouseOne | 069.800
2017-01-17 20:10:13 | TEMPLOG : Bio   Filter | 034.700
2017-01-17 20:11:14 | TEMPLOG : WellhouseOne | 064.400
2017-01-17 20:12:15 | TEMPLOG : WellhouseOne | 061.700
2017-01-17 20:13:15 | TEMPLOG : WellhouseOne | 059.000
2017-01-17 20:13:16 | TEMPLOG : Bio   Filter | 035.600
2017-01-17 20:14:17 | TEMPLOG : WellhouseOne | 056.300
2017-01-17 20:15:19 | TEMPLOG : WellhouseOne | 055.400
2017-01-17 20:16:20 | TEMPLOG : WellhouseOne | 053.600
2017-01-17 20:17:22 | TEMPLOG : WellhouseOne | 052.700
2017-01-17 20:19:24 | TEMPLOG : WellhouseOne | 051.800
2017-01-17 20:20:25 | TEMPLOG : WellhouseOne | 050.900
2017-01-17 20:21:27 | TEMPLOG : WellhouseOne | 050.000
2017-01-17 20:23:30 | TEMPLOG : WellhouseOne | 049.100
2017-01-17 20:23:30 | TEMPLOG : Bio   Filter | 034.700
2017-01-17 20:26:32 | TEMPLOG : WellhouseOne | 048.200
2017-01-17 20:29:35 | TEMPLOG : WellhouseOne | 047.300
2017-01-17 20:30:37 | TEMPLOG : WellhouseOne | 046.400
2017-01-17 20:31:38 | TEMPLOG : WellhouseOne | 045.500
2017-01-17 20:32:39 | TEMPLOG : WellhouseOne | 055.400
2017-01-17 20:33:40 | TEMPLOG : WellhouseOne | 112.100
2017-01-17 20:34:43 | TEMPLOG : WellhouseOne | 125.600
2017-01-17 20:35:45 | TEMPLOG : WellhouseOne | 132.800
2017-01-17 20:36:46 | TEMPLOG : WellhouseOne | 092.300
2017-01-17 20:37:47 | TEMPLOG : WellhouseOne | 079.700
2017-01-17 20:38:48 | TEMPLOG : WellhouseOne | 071.600
2017-01-17 20:39:49 | TEMPLOG : WellhouseOne | 067.100
2017-01-17 20:40:51 | TEMPLOG : WellhouseOne | 062.600
2017-01-17 20:41:52 | TEMPLOG : WellhouseOne | 059.900
2017-01-17 20:42:53 | TEMPLOG : WellhouseOne | 057.200
2017-01-17 20:43:54 | TEMPLOG : WellhouseOne | 055.400
2017-01-17 20:44:55 | TEMPLOG : WellhouseOne | 053.600
2017-01-17 20:46:58 | TEMPLOG : WellhouseOne | 052.700
2017-01-17 20:47:59 | TEMPLOG : WellhouseOne | 051.800
2017-01-17 20:49:00 | TEMPLOG : WellhouseOne | 050.900
2017-01-17 20:50:01 | TEMPLOG : WellhouseOne | 050.000
2017-01-17 20:51:04 | TEMPLOG : To   GeoLoop | 045.500
2017-01-17 20:52:04 | TEMPLOG : WellhouseOne | 049.100
2017-01-17 20:55:09 | TEMPLOG : WellhouseOne | 048.200
2017-01-17 20:56:11 | TEMPLOG : WellhouseOne | 047.300
2017-01-17 20:57:12 | TEMPLOG : WellhouseOne | 046.400
2017-01-17 20:58:14 | TEMPLOG : Table    One | 033.800
2017-01-17 21:00:16 | TEMPLOG : WellhouseOne | 046.400
2017-01-17 21:00:16 | TEMPLOG : Bio   Filter | 034.700
2017-01-17 21:00:16 | TEMPLOG : To   GeoLoop | 045.500
2017-01-17 21:00:16 | TEMPLOG : Table    One | 033.800
2017-01-17 21:01:16 | TEMPLOG : WellhouseOne | 045.500
2017-01-17 21:02:17 | TEMPLOG : WellhouseOne | 104.900
2017-01-17 21:03:20 | TEMPLOG : WellhouseOne | 122.900
2017-01-17 21:04:21 | TEMPLOG : WellhouseOne | 131.000
2017-01-17 21:05:23 | TEMPLOG : WellhouseOne | 102.200
2017-01-17 21:06:23 | TEMPLOG : WellhouseOne | 084.200
2017-01-17 21:07:24 | TEMPLOG : WellhouseOne | 075.200
2017-01-17 21:08:25 | TEMPLOG : WellhouseOne | 068.900
2017-01-17 21:09:26 | TEMPLOG : WellhouseOne | 064.400
2017-01-17 21:10:28 | TEMPLOG : WellhouseOne | 061.700
2017-01-17 21:11:28 | TEMPLOG : WellhouseOne | 059.000
2017-01-17 21:12:29 | TEMPLOG : WellhouseOne | 056.300
2017-01-17 21:13:30 | TEMPLOG : WellhouseOne | 054.500
2017-01-17 21:14:32 | TEMPLOG : WellhouseOne | 053.600
2017-01-17 21:15:33 | TEMPLOG : WellhouseOne | 052.700
2017-01-17 21:16:35 | TEMPLOG : WellhouseOne | 051.800
2017-01-17 21:16:36 | TEMPLOG : Bio   Filter | 033.800
2017-01-17 21:17:36 | TEMPLOG : WellhouseOne | 050.900
2017-01-17 21:17:37 | TEMPLOG : Bio   Filter | 034.700
2017-01-17 21:18:39 | TEMPLOG : Bio   Filter | 033.800
2017-01-17 21:19:40 | TEMPLOG : WellhouseOne | 050.000
2017-01-17 21:20:41 | TEMPLOG : WellhouseOne | 049.100
2017-01-17 21:21:42 | TEMPLOG : WellhouseOne | 048.200
2017-01-17 21:21:42 | TEMPLOG : Bio   Filter | 034.700
2017-01-17 21:23:43 | TEMPLOG : WellhouseOne | 047.300
2017-01-17 21:24:45 | TEMPLOG : WellhouseOne | 048.200
2017-01-17 21:24:45 | TEMPLOG : Bio   Filter | 033.800
2017-01-17 21:25:46 | TEMPLOG : WellhouseOne | 047.300
2017-01-17 21:25:46 | TEMPLOG : Bio   Filter | 034.700
2017-01-17 21:26:49 | TEMPLOG : Bio   Filter | 033.800
2017-01-17 21:27:49 | TEMPLOG : WellhouseOne | 046.400
2017-01-17 21:29:52 | TEMPLOG : WellhouseOne | 045.500
2017-01-17 21:30:53 | TEMPLOG : WellhouseOne | 084.200
2017-01-17 21:31:54 | TEMPLOG : WellhouseOne | 114.800
2017-01-17 21:32:55 | TEMPLOG : WellhouseOne | 126.500
2017-01-17 21:33:57 | TEMPLOG : WellhouseOne | 122.900
2017-01-17 21:34:58 | TEMPLOG : WellhouseOne | 089.600
2017-01-17 21:35:59 | TEMPLOG : WellhouseOne | 077.900
2017-01-17 21:37:00 | TEMPLOG : WellhouseOne | 071.600
2017-01-17 21:38:01 | TEMPLOG : WellhouseOne | 065.300
2017-01-17 21:39:02 | TEMPLOG : WellhouseOne | 061.700
2017-01-17 21:40:03 | TEMPLOG : WellhouseOne | 059.000
2017-01-17 21:41:04 | TEMPLOG : WellhouseOne | 057.200
2017-01-17 21:42:06 | TEMPLOG : WellhouseOne | 055.400
2017-01-17 21:43:07 | TEMPLOG : WellhouseOne | 053.600
2017-01-17 21:44:09 | TEMPLOG : WellhouseOne | 052.700
2017-01-17 21:45:10 | TEMPLOG : WellhouseOne | 051.800
2017-01-17 21:46:10 | TEMPLOG : WellhouseOne | 050.900
2017-01-17 21:47:12 | TEMPLOG : WellhouseOne | 050.000
2017-01-17 21:49:15 | TEMPLOG : WellhouseOne | 049.100
2017-01-17 21:51:17 | TEMPLOG : WellhouseOne | 048.200
2017-01-17 21:53:21 | TEMPLOG : WellhouseOne | 047.300
2017-01-17 21:55:23 | TEMPLOG : WellhouseOne | 046.400
2017-01-17 21:58:27 | TEMPLOG : WellhouseOne | 045.500
2017-01-17 21:59:28 | TEMPLOG : WellhouseOne | 059.000
2017-01-17 22:00:30 | TEMPLOG : WellhouseOne | 110.300
2017-01-17 22:00:30 | TEMPLOG : Bio   Filter | 033.800
2017-01-17 22:00:30 | TEMPLOG : To   GeoLoop | 045.500
2017-01-17 22:00:31 | TEMPLOG : Table    One | 033.800
2017-01-17 22:01:31 | TEMPLOG : WellhouseOne | 123.800
2017-01-17 22:02:32 | TEMPLOG : WellhouseOne | 130.100
2017-01-17 22:03:33 | TEMPLOG : WellhouseOne | 097.700
2017-01-17 22:04:35 | TEMPLOG : WellhouseOne | 082.400
2017-01-17 22:05:36 | TEMPLOG : WellhouseOne | 074.300
2017-01-17 22:06:38 | TEMPLOG : WellhouseOne | 068.000
2017-01-17 22:07:39 | TEMPLOG : WellhouseOne | 062.600
2017-01-17 22:08:40 | TEMPLOG : WellhouseOne | 059.900
2017-01-17 22:09:42 | TEMPLOG : WellhouseOne | 057.200
2017-01-17 22:10:43 | TEMPLOG : WellhouseOne | 055.400
2017-01-17 22:10:44 | TEMPLOG : To   GeoLoop | 044.600
2017-01-17 22:10:44 | TEMPLOG : Table    One | 032.900
2017-01-17 22:11:44 | TEMPLOG : WellhouseOne | 053.600
2017-01-17 22:11:44 | TEMPLOG : To   GeoLoop | 045.500
2017-01-17 22:11:45 | TEMPLOG : Table    One | 033.800
2017-01-17 22:12:45 | TEMPLOG : WellhouseOne | 052.700
2017-01-17 22:13:46 | TEMPLOG : WellhouseOne | 051.800
2017-01-17 22:13:46 | TEMPLOG : Table    One | 032.900
2017-01-17 22:14:46 | TEMPLOG : WellhouseOne | 050.900
2017-01-17 22:14:47 | TEMPLOG : To   GeoLoop | 044.600
2017-01-17 22:15:47 | TEMPLOG : WellhouseOne | 050.000
2017-01-17 22:17:51 | TEMPLOG : WellhouseOne | 049.100
2017-01-17 22:17:52 | TEMPLOG : To   GeoLoop | 045.500
2017-01-17 22:18:53 | TEMPLOG : Bio   Filter | 032.900
2017-01-17 22:18:54 | TEMPLOG : To   GeoLoop | 044.600
2017-01-17 22:19:54 | TEMPLOG : WellhouseOne | 048.200
2017-01-17 22:19:55 | TEMPLOG : Bio   Filter | 033.800
2017-01-17 22:20:56 | TEMPLOG : Bio   Filter | 032.900
2017-01-17 22:21:56 | TEMPLOG : WellhouseOne | 047.300
2017-01-17 22:24:00 | TEMPLOG : WellhouseOne | 046.400
2017-01-17 22:26:02 | TEMPLOG : WellhouseOne | 045.500
2017-01-17 22:28:05 | TEMPLOG : WellhouseOne | 086.900
2017-01-17 22:29:06 | TEMPLOG : WellhouseOne | 113.000
2017-01-17 22:30:07 | TEMPLOG : WellhouseOne | 124.700
2017-01-17 22:31:09 | TEMPLOG : WellhouseOne | 130.100
2017-01-17 22:32:10 | TEMPLOG : WellhouseOne | 100.400
2017-01-17 22:33:12 | TEMPLOG : WellhouseOne | 083.300
2017-01-17 22:34:13 | TEMPLOG : WellhouseOne | 074.300
2017-01-17 22:35:14 | TEMPLOG : WellhouseOne | 068.000
2017-01-17 22:36:15 | TEMPLOG : WellhouseOne | 063.500
2017-01-17 22:37:16 | TEMPLOG : WellhouseOne | 059.900
2017-01-17 22:38:18 | TEMPLOG : WellhouseOne | 057.200
2017-01-17 22:39:18 | TEMPLOG : WellhouseOne | 055.400
2017-01-17 22:40:19 | TEMPLOG : WellhouseOne | 053.600
2017-01-17 22:41:20 | TEMPLOG : WellhouseOne | 052.700
2017-01-17 22:42:21 | TEMPLOG : WellhouseOne | 050.900
2017-01-17 22:43:22 | TEMPLOG : WellhouseOne | 050.000
2017-01-17 22:45:26 | TEMPLOG : WellhouseOne | 049.100
2017-01-17 22:47:28 | TEMPLOG : WellhouseOne | 048.200
2017-01-17 22:48:29 | TEMPLOG : WellhouseOne | 047.300
2017-01-17 22:51:32 | TEMPLOG : WellhouseOne | 046.400
2017-01-17 22:54:35 | TEMPLOG : WellhouseOne | 045.500
2017-01-17 22:56:38 | TEMPLOG : WellhouseOne | 084.200
2017-01-17 22:57:40 | TEMPLOG : WellhouseOne | 114.800
2017-01-17 22:58:41 | TEMPLOG : WellhouseOne | 124.700
2017-01-17 22:59:42 | TEMPLOG : WellhouseOne | 131.000
2017-01-17 23:00:43 | TEMPLOG : WellhouseOne | 134.600
2017-01-17 23:00:44 | TEMPLOG : Bio   Filter | 032.900
2017-01-17 23:00:44 | TEMPLOG : To   GeoLoop | 044.600
2017-01-17 23:00:44 | TEMPLOG : Table    One | 032.900
2017-01-17 23:01:44 | TEMPLOG : WellhouseOne | 096.800
2017-01-17 23:02:45 | TEMPLOG : WellhouseOne | 082.400
2017-01-17 23:03:47 | TEMPLOG : WellhouseOne | 074.300
2017-01-17 23:04:48 | TEMPLOG : WellhouseOne | 068.900
2017-01-17 23:05:50 | TEMPLOG : WellhouseOne | 064.400
2017-01-17 23:06:51 | TEMPLOG : WellhouseOne | 059.900
2017-01-17 23:07:52 | TEMPLOG : WellhouseOne | 058.100
2017-01-17 23:08:53 | TEMPLOG : WellhouseOne | 055.400
2017-01-17 23:09:54 | TEMPLOG : WellhouseOne | 054.500
2017-01-17 23:10:55 | TEMPLOG : WellhouseOne | 052.700
2017-01-17 23:11:56 | TEMPLOG : WellhouseOne | 051.800
2017-01-17 23:12:58 | TEMPLOG : WellhouseOne | 050.900
2017-01-17 23:16:02 | TEMPLOG : WellhouseOne | 050.000
2017-01-17 23:18:04 | TEMPLOG : WellhouseOne | 049.100
2017-01-17 23:21:08 | TEMPLOG : WellhouseOne | 048.200
2017-01-17 23:23:11 | TEMPLOG : WellhouseOne | 047.300
2017-01-17 23:26:16 | TEMPLOG : WellhouseOne | 046.400
2017-01-17 23:27:18 | TEMPLOG : WellhouseOne | 048.200
2017-01-17 23:28:19 | TEMPLOG : WellhouseOne | 105.800
2017-01-17 23:29:20 | TEMPLOG : WellhouseOne | 122.900
2017-01-17 23:30:22 | TEMPLOG : WellhouseOne | 131.900
2017-01-17 23:31:23 | TEMPLOG : WellhouseOne | 091.400
2017-01-17 23:32:25 | TEMPLOG : WellhouseOne | 077.900
2017-01-17 23:33:26 | TEMPLOG : WellhouseOne | 071.600
2017-01-17 23:34:27 | TEMPLOG : WellhouseOne | 066.200
2017-01-17 23:35:28 | TEMPLOG : WellhouseOne | 061.700
2017-01-17 23:36:30 | TEMPLOG : WellhouseOne | 059.000
2017-01-17 23:37:31 | TEMPLOG : WellhouseOne | 056.300
2017-01-17 23:38:31 | TEMPLOG : WellhouseOne | 055.400
2017-01-17 23:39:33 | TEMPLOG : WellhouseOne | 053.600
2017-01-17 23:40:34 | TEMPLOG : WellhouseOne | 052.700
2017-01-17 23:41:35 | TEMPLOG : WellhouseOne | 051.800
2017-01-17 23:42:36 | TEMPLOG : WellhouseOne | 050.900
2017-01-17 23:43:37 | TEMPLOG : WellhouseOne | 050.000
2017-01-17 23:43:37 | TEMPLOG : To   GeoLoop | 043.700
2017-01-17 23:44:39 | TEMPLOG : To   GeoLoop | 044.600
2017-01-17 23:45:39 | TEMPLOG : WellhouseOne | 049.100
2017-01-17 23:45:39 | TEMPLOG : To   GeoLoop | 043.700
2017-01-17 23:46:41 | TEMPLOG : To   GeoLoop | 044.600
2017-01-17 23:47:42 | TEMPLOG : WellhouseOne | 048.200
2017-01-17 23:51:46 | TEMPLOG : WellhouseOne | 047.300
2017-01-17 23:53:50 | TEMPLOG : WellhouseOne | 046.400
2017-01-17 23:54:52 | TEMPLOG : To   GeoLoop | 043.700
2017-01-17 23:56:53 | TEMPLOG : WellhouseOne | 090.500
2017-01-17 23:57:55 | TEMPLOG : WellhouseOne | 117.500
2017-01-17 23:58:56 | TEMPLOG : WellhouseOne | 128.300
2017-01-17 23:59:57 | TEMPLOG : WellhouseOne | 104.900
