2017-01-28 00:00:35 | TEMPLOG : WellhouseOne | 053.600
2017-01-28 00:00:35 | TEMPLOG : Bio   Filter | 028.400
2017-01-28 00:00:36 | TEMPLOG : To   GeoLoop | 041.900
2017-01-28 00:00:36 | TEMPLOG : Table    One | 028.400
2017-01-28 00:01:36 | TEMPLOG : WellhouseOne | 052.700
2017-01-28 00:02:37 | TEMPLOG : WellhouseOne | 051.800
2017-01-28 00:03:39 | TEMPLOG : WellhouseOne | 050.000
2017-01-28 00:04:40 | TEMPLOG : WellhouseOne | 049.100
2017-01-28 00:05:40 | TEMPLOG : WellhouseOne | 048.200
2017-01-28 00:07:42 | TEMPLOG : WellhouseOne | 047.300
2017-01-28 00:08:44 | TEMPLOG : WellhouseOne | 046.400
2017-01-28 00:09:45 | TEMPLOG : WellhouseOne | 045.500
2017-01-28 00:12:49 | TEMPLOG : WellhouseOne | 044.600
2017-01-28 00:14:51 | TEMPLOG : WellhouseOne | 042.800
2017-01-28 00:15:52 | TEMPLOG : WellhouseOne | 091.400
2017-01-28 00:16:53 | TEMPLOG : WellhouseOne | 113.900
2017-01-28 00:17:55 | TEMPLOG : WellhouseOne | 123.800
2017-01-28 00:18:56 | TEMPLOG : WellhouseOne | 129.200
2017-01-28 00:19:57 | TEMPLOG : WellhouseOne | 133.700
2017-01-28 00:20:59 | TEMPLOG : WellhouseOne | 102.200
2017-01-28 00:22:00 | TEMPLOG : WellhouseOne | 084.200
2017-01-28 00:23:01 | TEMPLOG : WellhouseOne | 074.300
2017-01-28 00:24:03 | TEMPLOG : WellhouseOne | 068.000
2017-01-28 00:25:04 | TEMPLOG : WellhouseOne | 063.500
2017-01-28 00:26:06 | TEMPLOG : WellhouseOne | 059.900
2017-01-28 00:27:06 | TEMPLOG : WellhouseOne | 055.400
2017-01-28 00:27:07 | TEMPLOG : To   GeoLoop | 041.000
2017-01-28 00:28:07 | TEMPLOG : WellhouseOne | 053.600
2017-01-28 00:28:08 | TEMPLOG : To   GeoLoop | 041.900
2017-01-28 00:29:08 | TEMPLOG : WellhouseOne | 051.800
2017-01-28 00:29:10 | TEMPLOG : To   GeoLoop | 041.000
2017-01-28 00:29:10 | TEMPLOG : Table    One | 027.500
2017-01-28 00:30:10 | TEMPLOG : WellhouseOne | 050.900
2017-01-28 00:30:11 | TEMPLOG : To   GeoLoop | 041.900
2017-01-28 00:31:12 | TEMPLOG : WellhouseOne | 050.000
2017-01-28 00:31:13 | TEMPLOG : To   GeoLoop | 041.000
2017-01-28 00:31:13 | TEMPLOG : Table    One | 028.400
2017-01-28 00:32:13 | TEMPLOG : WellhouseOne | 048.200
2017-01-28 00:32:14 | TEMPLOG : Table    One | 027.500
2017-01-28 00:33:14 | TEMPLOG : To   GeoLoop | 041.900
2017-01-28 00:33:15 | TEMPLOG : Table    One | 028.400
2017-01-28 00:34:15 | TEMPLOG : WellhouseOne | 047.300
2017-01-28 00:35:18 | TEMPLOG : To   GeoLoop | 041.000
2017-01-28 00:36:19 | TEMPLOG : WellhouseOne | 046.400
2017-01-28 00:37:20 | TEMPLOG : WellhouseOne | 045.500
2017-01-28 00:38:22 | TEMPLOG : WellhouseOne | 044.600
2017-01-28 00:38:23 | TEMPLOG : To   GeoLoop | 041.900
2017-01-28 00:40:27 | TEMPLOG : To   GeoLoop | 041.000
2017-01-28 00:41:28 | TEMPLOG : WellhouseOne | 043.700
2017-01-28 00:43:30 | TEMPLOG : WellhouseOne | 055.400
2017-01-28 00:44:31 | TEMPLOG : WellhouseOne | 104.000
2017-01-28 00:44:31 | TEMPLOG : To   GeoLoop | 041.900
2017-01-28 00:45:32 | TEMPLOG : WellhouseOne | 119.300
2017-01-28 00:45:33 | TEMPLOG : To   GeoLoop | 041.000
2017-01-28 00:46:34 | TEMPLOG : WellhouseOne | 127.400
2017-01-28 00:46:34 | TEMPLOG : To   GeoLoop | 041.900
2017-01-28 00:47:35 | TEMPLOG : WellhouseOne | 129.200
2017-01-28 00:47:35 | TEMPLOG : To   GeoLoop | 041.000
2017-01-28 00:48:36 | TEMPLOG : WellhouseOne | 087.800
2017-01-28 00:48:36 | TEMPLOG : To   GeoLoop | 041.900
2017-01-28 00:49:37 | TEMPLOG : WellhouseOne | 077.000
2017-01-28 00:50:39 | TEMPLOG : WellhouseOne | 069.800
2017-01-28 00:50:40 | TEMPLOG : To   GeoLoop | 041.000
2017-01-28 00:51:40 | TEMPLOG : WellhouseOne | 063.500
2017-01-28 00:52:42 | TEMPLOG : WellhouseOne | 059.900
2017-01-28 00:53:43 | TEMPLOG : WellhouseOne | 057.200
2017-01-28 00:54:44 | TEMPLOG : WellhouseOne | 055.400
2017-01-28 00:55:45 | TEMPLOG : WellhouseOne | 053.600
2017-01-28 00:56:46 | TEMPLOG : WellhouseOne | 051.800
2017-01-28 00:57:48 | TEMPLOG : WellhouseOne | 050.900
2017-01-28 00:58:49 | TEMPLOG : WellhouseOne | 049.100
2017-01-28 00:59:50 | TEMPLOG : WellhouseOne | 048.200
2017-01-28 00:59:52 | TEMPLOG : Table    One | 027.500
2017-01-28 01:00:52 | TEMPLOG : WellhouseOne | 047.300
2017-01-28 01:00:52 | TEMPLOG : Bio   Filter | 028.400
2017-01-28 01:00:52 | TEMPLOG : To   GeoLoop | 041.000
2017-01-28 01:00:53 | TEMPLOG : Table    One | 028.400
2017-01-28 01:01:54 | TEMPLOG : WellhouseOne | 046.400
2017-01-28 01:01:55 | TEMPLOG : Table    One | 027.500
2017-01-28 01:03:56 | TEMPLOG : WellhouseOne | 045.500
2017-01-28 01:04:57 | TEMPLOG : WellhouseOne | 044.600
2017-01-28 01:08:01 | TEMPLOG : WellhouseOne | 043.700
2017-01-28 01:09:03 | TEMPLOG : WellhouseOne | 042.800
2017-01-28 01:10:05 | TEMPLOG : WellhouseOne | 068.900
2017-01-28 01:10:05 | TEMPLOG : Bio   Filter | 027.500
2017-01-28 01:11:06 | TEMPLOG : WellhouseOne | 108.500
2017-01-28 01:11:07 | TEMPLOG : Bio   Filter | 028.400
2017-01-28 01:12:09 | TEMPLOG : WellhouseOne | 122.000
2017-01-28 01:13:10 | TEMPLOG : WellhouseOne | 129.200
2017-01-28 01:14:11 | TEMPLOG : WellhouseOne | 133.700
2017-01-28 01:15:12 | TEMPLOG : WellhouseOne | 088.700
2017-01-28 01:16:14 | TEMPLOG : WellhouseOne | 076.100
2017-01-28 01:17:15 | TEMPLOG : WellhouseOne | 068.900
2017-01-28 01:18:16 | TEMPLOG : WellhouseOne | 065.300
2017-01-28 01:19:17 | TEMPLOG : WellhouseOne | 062.600
2017-01-28 01:20:18 | TEMPLOG : WellhouseOne | 059.000
2017-01-28 01:21:19 | TEMPLOG : WellhouseOne | 056.300
2017-01-28 01:22:21 | TEMPLOG : WellhouseOne | 054.500
2017-01-28 01:23:22 | TEMPLOG : WellhouseOne | 052.700
2017-01-28 01:23:22 | TEMPLOG : Bio   Filter | 027.500
2017-01-28 01:24:23 | TEMPLOG : WellhouseOne | 050.900
2017-01-28 01:25:24 | TEMPLOG : WellhouseOne | 049.100
2017-01-28 01:26:25 | TEMPLOG : WellhouseOne | 048.200
2017-01-28 01:27:26 | TEMPLOG : WellhouseOne | 047.300
2017-01-28 01:28:27 | TEMPLOG : WellhouseOne | 046.400
2017-01-28 01:29:28 | TEMPLOG : WellhouseOne | 045.500
2017-01-28 01:31:31 | TEMPLOG : WellhouseOne | 044.600
2017-01-28 01:34:35 | TEMPLOG : WellhouseOne | 043.700
2017-01-28 01:37:38 | TEMPLOG : WellhouseOne | 097.700
2017-01-28 01:38:40 | TEMPLOG : WellhouseOne | 117.500
2017-01-28 01:39:41 | TEMPLOG : WellhouseOne | 126.500
2017-01-28 01:40:43 | TEMPLOG : WellhouseOne | 131.000
2017-01-28 01:40:43 | TEMPLOG : Bio   Filter | 028.400
2017-01-28 01:41:44 | TEMPLOG : WellhouseOne | 095.900
2017-01-28 01:42:45 | TEMPLOG : WellhouseOne | 080.600
2017-01-28 01:43:47 | TEMPLOG : WellhouseOne | 071.600
2017-01-28 01:44:48 | TEMPLOG : WellhouseOne | 065.300
2017-01-28 01:45:50 | TEMPLOG : WellhouseOne | 061.700
2017-01-28 01:46:52 | TEMPLOG : WellhouseOne | 058.100
2017-01-28 01:47:53 | TEMPLOG : WellhouseOne | 056.300
2017-01-28 01:48:54 | TEMPLOG : WellhouseOne | 054.500
2017-01-28 01:49:55 | TEMPLOG : WellhouseOne | 052.700
2017-01-28 01:50:56 | TEMPLOG : WellhouseOne | 051.800
2017-01-28 01:51:57 | TEMPLOG : WellhouseOne | 050.000
2017-01-28 01:51:57 | TEMPLOG : Bio   Filter | 027.500
2017-01-28 01:52:58 | TEMPLOG : WellhouseOne | 049.100
2017-01-28 01:53:59 | TEMPLOG : WellhouseOne | 048.200
2017-01-28 01:55:00 | TEMPLOG : WellhouseOne | 047.300
2017-01-28 01:56:02 | TEMPLOG : WellhouseOne | 046.400
2017-01-28 01:57:03 | TEMPLOG : WellhouseOne | 045.500
2017-01-28 01:58:04 | TEMPLOG : WellhouseOne | 044.600
2017-01-28 02:00:06 | TEMPLOG : WellhouseOne | 044.600
2017-01-28 02:00:07 | TEMPLOG : Bio   Filter | 027.500
2017-01-28 02:00:07 | TEMPLOG : To   GeoLoop | 041.000
2017-01-28 02:00:07 | TEMPLOG : Table    One | 027.500
2017-01-28 02:01:08 | TEMPLOG : WellhouseOne | 043.700
2017-01-28 02:01:08 | TEMPLOG : To   GeoLoop | 040.100
2017-01-28 02:03:09 | TEMPLOG : WellhouseOne | 042.800
2017-01-28 02:04:11 | TEMPLOG : WellhouseOne | 099.500
2017-01-28 02:04:12 | TEMPLOG : To   GeoLoop | 041.000
2017-01-28 02:05:13 | TEMPLOG : WellhouseOne | 116.600
2017-01-28 02:05:13 | TEMPLOG : To   GeoLoop | 040.100
2017-01-28 02:06:15 | TEMPLOG : WellhouseOne | 124.700
2017-01-28 02:07:16 | TEMPLOG : WellhouseOne | 128.300
2017-01-28 02:08:18 | TEMPLOG : WellhouseOne | 131.900
2017-01-28 02:09:20 | TEMPLOG : WellhouseOne | 134.600
2017-01-28 02:10:20 | TEMPLOG : WellhouseOne | 106.700
2017-01-28 02:11:21 | TEMPLOG : WellhouseOne | 086.000
2017-01-28 02:12:22 | TEMPLOG : WellhouseOne | 076.100
2017-01-28 02:13:24 | TEMPLOG : WellhouseOne | 068.900
2017-01-28 02:13:25 | TEMPLOG : Table    One | 026.600
2017-01-28 02:14:25 | TEMPLOG : WellhouseOne | 062.600
2017-01-28 02:14:27 | TEMPLOG : Table    One | 027.500
2017-01-28 02:15:27 | TEMPLOG : WellhouseOne | 059.900
2017-01-28 02:16:28 | TEMPLOG : WellhouseOne | 057.200
2017-01-28 02:17:30 | TEMPLOG : WellhouseOne | 055.400
2017-01-28 02:18:32 | TEMPLOG : WellhouseOne | 053.600
2017-01-28 02:19:34 | TEMPLOG : WellhouseOne | 051.800
2017-01-28 02:20:35 | TEMPLOG : WellhouseOne | 050.900
2017-01-28 02:21:38 | TEMPLOG : WellhouseOne | 049.100
2017-01-28 02:22:39 | TEMPLOG : WellhouseOne | 048.200
2017-01-28 02:23:40 | TEMPLOG : Bio   Filter | 028.400
2017-01-28 02:24:40 | TEMPLOG : WellhouseOne | 047.300
2017-01-28 02:24:40 | TEMPLOG : Bio   Filter | 027.500
2017-01-28 02:25:41 | TEMPLOG : WellhouseOne | 046.400
2017-01-28 02:26:42 | TEMPLOG : Bio   Filter | 028.400
2017-01-28 02:27:44 | TEMPLOG : WellhouseOne | 045.500
2017-01-28 02:29:47 | TEMPLOG : WellhouseOne | 044.600
2017-01-28 02:32:50 | TEMPLOG : WellhouseOne | 043.700
2017-01-28 02:33:52 | TEMPLOG : WellhouseOne | 094.100
2017-01-28 02:34:53 | TEMPLOG : WellhouseOne | 116.600
2017-01-28 02:35:53 | TEMPLOG : WellhouseOne | 125.600
2017-01-28 02:36:54 | TEMPLOG : WellhouseOne | 130.100
2017-01-28 02:37:56 | TEMPLOG : WellhouseOne | 093.200
2017-01-28 02:38:58 | TEMPLOG : WellhouseOne | 077.000
2017-01-28 02:39:59 | TEMPLOG : WellhouseOne | 070.700
2017-01-28 02:40:59 | TEMPLOG : WellhouseOne | 065.300
2017-01-28 02:42:00 | TEMPLOG : WellhouseOne | 060.800
2017-01-28 02:43:01 | TEMPLOG : WellhouseOne | 058.100
2017-01-28 02:44:03 | TEMPLOG : WellhouseOne | 056.300
2017-01-28 02:45:04 | TEMPLOG : WellhouseOne | 053.600
2017-01-28 02:46:05 | TEMPLOG : WellhouseOne | 051.800
2017-01-28 02:47:06 | TEMPLOG : WellhouseOne | 050.900
2017-01-28 02:48:08 | TEMPLOG : WellhouseOne | 049.100
2017-01-28 02:49:10 | TEMPLOG : WellhouseOne | 048.200
2017-01-28 02:50:11 | TEMPLOG : WellhouseOne | 047.300
2017-01-28 02:51:12 | TEMPLOG : WellhouseOne | 046.400
2017-01-28 02:52:14 | TEMPLOG : WellhouseOne | 045.500
2017-01-28 02:54:16 | TEMPLOG : WellhouseOne | 044.600
2017-01-28 02:56:18 | TEMPLOG : WellhouseOne | 043.700
2017-01-28 02:58:20 | TEMPLOG : WellhouseOne | 042.800
2017-01-28 03:00:22 | TEMPLOG : WellhouseOne | 094.100
2017-01-28 03:00:22 | TEMPLOG : Bio   Filter | 028.400
2017-01-28 03:00:22 | TEMPLOG : To   GeoLoop | 040.100
2017-01-28 03:00:22 | TEMPLOG : Table    One | 027.500
2017-01-28 03:01:22 | TEMPLOG : WellhouseOne | 115.700
2017-01-28 03:02:24 | TEMPLOG : WellhouseOne | 125.600
2017-01-28 03:03:25 | TEMPLOG : WellhouseOne | 131.000
2017-01-28 03:04:26 | TEMPLOG : WellhouseOne | 106.700
2017-01-28 03:05:27 | TEMPLOG : WellhouseOne | 082.400
2017-01-28 03:05:27 | TEMPLOG : Bio   Filter | 027.500
2017-01-28 03:06:28 | TEMPLOG : WellhouseOne | 073.400
2017-01-28 03:07:29 | TEMPLOG : WellhouseOne | 067.100
2017-01-28 03:07:29 | TEMPLOG : Bio   Filter | 028.400
2017-01-28 03:08:31 | TEMPLOG : WellhouseOne | 062.600
2017-01-28 03:09:32 | TEMPLOG : WellhouseOne | 058.100
2017-01-28 03:10:33 | TEMPLOG : WellhouseOne | 057.200
2017-01-28 03:11:34 | TEMPLOG : WellhouseOne | 054.500
2017-01-28 03:11:34 | TEMPLOG : Bio   Filter | 027.500
2017-01-28 03:12:35 | TEMPLOG : WellhouseOne | 051.800
2017-01-28 03:12:35 | TEMPLOG : Bio   Filter | 028.400
2017-01-28 03:13:36 | TEMPLOG : WellhouseOne | 050.900
2017-01-28 03:14:37 | TEMPLOG : WellhouseOne | 049.100
2017-01-28 03:15:39 | TEMPLOG : WellhouseOne | 048.200
2017-01-28 03:16:40 | TEMPLOG : WellhouseOne | 047.300
2017-01-28 03:16:40 | TEMPLOG : Bio   Filter | 027.500
2017-01-28 03:17:41 | TEMPLOG : WellhouseOne | 046.400
2017-01-28 03:19:44 | TEMPLOG : WellhouseOne | 045.500
2017-01-28 03:20:45 | TEMPLOG : WellhouseOne | 044.600
2017-01-28 03:20:45 | TEMPLOG : Bio   Filter | 028.400
2017-01-28 03:22:47 | TEMPLOG : WellhouseOne | 043.700
2017-01-28 03:22:47 | TEMPLOG : Bio   Filter | 027.500
2017-01-28 03:24:49 | TEMPLOG : WellhouseOne | 042.800
2017-01-28 03:25:50 | TEMPLOG : WellhouseOne | 043.700
2017-01-28 03:26:52 | TEMPLOG : WellhouseOne | 062.600
2017-01-28 03:27:53 | TEMPLOG : WellhouseOne | 107.600
2017-01-28 03:28:54 | TEMPLOG : WellhouseOne | 121.100
2017-01-28 03:29:55 | TEMPLOG : WellhouseOne | 128.300
2017-01-28 03:30:56 | TEMPLOG : WellhouseOne | 132.800
2017-01-28 03:31:57 | TEMPLOG : WellhouseOne | 090.500
2017-01-28 03:32:59 | TEMPLOG : WellhouseOne | 077.000
2017-01-28 03:34:00 | TEMPLOG : WellhouseOne | 071.600
2017-01-28 03:35:01 | TEMPLOG : WellhouseOne | 065.300
2017-01-28 03:36:02 | TEMPLOG : WellhouseOne | 060.800
2017-01-28 03:37:03 | TEMPLOG : WellhouseOne | 058.100
2017-01-28 03:38:04 | TEMPLOG : WellhouseOne | 054.500
2017-01-28 03:39:06 | TEMPLOG : WellhouseOne | 053.600
2017-01-28 03:40:07 | TEMPLOG : WellhouseOne | 050.900
2017-01-28 03:41:09 | TEMPLOG : WellhouseOne | 050.000
2017-01-28 03:42:10 | TEMPLOG : WellhouseOne | 049.100
2017-01-28 03:43:12 | TEMPLOG : WellhouseOne | 048.200
2017-01-28 03:44:13 | TEMPLOG : WellhouseOne | 047.300
2017-01-28 03:45:14 | TEMPLOG : WellhouseOne | 046.400
2017-01-28 03:46:15 | TEMPLOG : WellhouseOne | 045.500
2017-01-28 03:49:18 | TEMPLOG : WellhouseOne | 044.600
2017-01-28 03:50:20 | TEMPLOG : WellhouseOne | 043.700
2017-01-28 03:51:21 | TEMPLOG : WellhouseOne | 042.800
2017-01-28 03:53:23 | TEMPLOG : WellhouseOne | 068.000
2017-01-28 03:54:24 | TEMPLOG : WellhouseOne | 105.800
2017-01-28 03:55:26 | TEMPLOG : WellhouseOne | 119.300
2017-01-28 03:56:27 | TEMPLOG : WellhouseOne | 127.400
2017-01-28 03:57:28 | TEMPLOG : WellhouseOne | 131.900
2017-01-28 03:58:29 | TEMPLOG : WellhouseOne | 109.400
2017-01-28 03:59:31 | TEMPLOG : WellhouseOne | 082.400
2017-01-28 04:00:33 | TEMPLOG : WellhouseOne | 073.400
2017-01-28 04:00:33 | TEMPLOG : Bio   Filter | 027.500
2017-01-28 04:00:33 | TEMPLOG : To   GeoLoop | 040.100
2017-01-28 04:00:34 | TEMPLOG : Table    One | 027.500
2017-01-28 04:01:34 | TEMPLOG : WellhouseOne | 068.900
2017-01-28 04:02:36 | TEMPLOG : WellhouseOne | 063.500
2017-01-28 04:03:36 | TEMPLOG : WellhouseOne | 059.000
2017-01-28 04:04:37 | TEMPLOG : WellhouseOne | 056.300
2017-01-28 04:05:39 | TEMPLOG : WellhouseOne | 053.600
2017-01-28 04:06:40 | TEMPLOG : WellhouseOne | 052.700
2017-01-28 04:07:41 | TEMPLOG : WellhouseOne | 050.900
2017-01-28 04:08:42 | TEMPLOG : WellhouseOne | 050.000
2017-01-28 04:08:43 | TEMPLOG : To   GeoLoop | 039.200
2017-01-28 04:09:43 | TEMPLOG : WellhouseOne | 048.200
2017-01-28 04:09:44 | TEMPLOG : To   GeoLoop | 040.100
2017-01-28 04:10:45 | TEMPLOG : WellhouseOne | 047.300
2017-01-28 04:11:46 | TEMPLOG : WellhouseOne | 046.400
2017-01-28 04:12:47 | TEMPLOG : WellhouseOne | 045.500
2017-01-28 04:13:47 | TEMPLOG : WellhouseOne | 044.600
2017-01-28 04:13:48 | TEMPLOG : To   GeoLoop | 039.200
2017-01-28 04:15:50 | TEMPLOG : WellhouseOne | 043.700
2017-01-28 04:15:50 | TEMPLOG : To   GeoLoop | 040.100
2017-01-28 04:17:52 | TEMPLOG : WellhouseOne | 042.800
2017-01-28 04:17:53 | TEMPLOG : To   GeoLoop | 039.200
2017-01-28 04:18:54 | TEMPLOG : To   GeoLoop | 040.100
2017-01-28 04:19:54 | TEMPLOG : WellhouseOne | 044.600
2017-01-28 04:20:55 | TEMPLOG : WellhouseOne | 100.400
2017-01-28 04:20:56 | TEMPLOG : To   GeoLoop | 039.200
2017-01-28 04:21:56 | TEMPLOG : WellhouseOne | 117.500
2017-01-28 04:22:58 | TEMPLOG : WellhouseOne | 126.500
2017-01-28 04:23:59 | TEMPLOG : WellhouseOne | 131.000
2017-01-28 04:25:00 | TEMPLOG : WellhouseOne | 096.800
2017-01-28 04:26:01 | TEMPLOG : WellhouseOne | 078.800
2017-01-28 04:27:02 | TEMPLOG : WellhouseOne | 070.700
2017-01-28 04:28:04 | TEMPLOG : WellhouseOne | 065.300
2017-01-28 04:29:05 | TEMPLOG : WellhouseOne | 061.700
2017-01-28 04:30:06 | TEMPLOG : WellhouseOne | 058.100
2017-01-28 04:31:08 | TEMPLOG : WellhouseOne | 056.300
2017-01-28 04:32:09 | TEMPLOG : WellhouseOne | 053.600
2017-01-28 04:33:10 | TEMPLOG : WellhouseOne | 050.900
2017-01-28 04:34:12 | TEMPLOG : WellhouseOne | 050.000
2017-01-28 04:35:13 | TEMPLOG : WellhouseOne | 049.100
2017-01-28 04:35:14 | TEMPLOG : Table    One | 026.600
2017-01-28 04:36:14 | TEMPLOG : WellhouseOne | 047.300
2017-01-28 04:36:15 | TEMPLOG : Table    One | 027.500
2017-01-28 04:37:17 | TEMPLOG : Table    One | 026.600
2017-01-28 04:38:17 | TEMPLOG : WellhouseOne | 046.400
2017-01-28 04:39:18 | TEMPLOG : WellhouseOne | 045.500
2017-01-28 04:40:19 | TEMPLOG : WellhouseOne | 044.600
2017-01-28 04:42:21 | TEMPLOG : WellhouseOne | 043.700
2017-01-28 04:42:22 | TEMPLOG : Table    One | 027.500
2017-01-28 04:43:22 | TEMPLOG : WellhouseOne | 042.800
2017-01-28 04:45:29 | TEMPLOG : Table    One | 026.600
2017-01-28 04:46:29 | TEMPLOG : WellhouseOne | 047.300
2017-01-28 04:47:30 | TEMPLOG : WellhouseOne | 103.100
2017-01-28 04:48:32 | TEMPLOG : WellhouseOne | 118.400
2017-01-28 04:48:32 | TEMPLOG : Table    One | 027.500
2017-01-28 04:49:33 | TEMPLOG : WellhouseOne | 126.500
2017-01-28 04:49:33 | TEMPLOG : Table    One | 026.600
2017-01-28 04:50:34 | TEMPLOG : WellhouseOne | 131.900
2017-01-28 04:50:34 | TEMPLOG : Table    One | 027.500
2017-01-28 04:51:34 | TEMPLOG : WellhouseOne | 107.600
2017-01-28 04:52:36 | TEMPLOG : WellhouseOne | 082.400
2017-01-28 04:53:37 | TEMPLOG : WellhouseOne | 072.500
2017-01-28 04:53:37 | TEMPLOG : Table    One | 026.600
2017-01-28 04:54:38 | TEMPLOG : WellhouseOne | 067.100
2017-01-28 04:55:40 | TEMPLOG : WellhouseOne | 062.600
2017-01-28 04:56:41 | TEMPLOG : WellhouseOne | 059.000
2017-01-28 04:57:42 | TEMPLOG : WellhouseOne | 055.400
2017-01-28 04:58:43 | TEMPLOG : WellhouseOne | 052.700
2017-01-28 04:58:43 | TEMPLOG : Table    One | 027.500
2017-01-28 04:59:44 | TEMPLOG : WellhouseOne | 050.900
2017-01-28 04:59:44 | TEMPLOG : Table    One | 026.600
2017-01-28 05:00:45 | TEMPLOG : WellhouseOne | 049.100
2017-01-28 05:00:45 | TEMPLOG : Bio   Filter | 027.500
2017-01-28 05:00:45 | TEMPLOG : To   GeoLoop | 039.200
2017-01-28 05:00:46 | TEMPLOG : Table    One | 026.600
2017-01-28 05:01:46 | TEMPLOG : WellhouseOne | 048.200
2017-01-28 05:03:49 | TEMPLOG : WellhouseOne | 047.300
2017-01-28 05:04:50 | TEMPLOG : WellhouseOne | 046.400
2017-01-28 05:05:51 | TEMPLOG : WellhouseOne | 045.500
2017-01-28 05:06:53 | TEMPLOG : WellhouseOne | 044.600
2017-01-28 05:07:54 | TEMPLOG : WellhouseOne | 043.700
2017-01-28 05:07:55 | TEMPLOG : Bio   Filter | 026.600
2017-01-28 05:09:57 | TEMPLOG : Bio   Filter | 027.500
2017-01-28 05:10:58 | TEMPLOG : WellhouseOne | 042.800
2017-01-28 05:11:59 | TEMPLOG : Bio   Filter | 026.600
2017-01-28 05:13:00 | TEMPLOG : WellhouseOne | 041.900
2017-01-28 05:14:01 | TEMPLOG : WellhouseOne | 085.100
2017-01-28 05:15:02 | TEMPLOG : WellhouseOne | 112.100
2017-01-28 05:15:03 | TEMPLOG : Bio   Filter | 027.500
2017-01-28 05:16:04 | TEMPLOG : WellhouseOne | 122.000
2017-01-28 05:17:05 | TEMPLOG : WellhouseOne | 127.400
2017-01-28 05:17:05 | TEMPLOG : Bio   Filter | 026.600
2017-01-28 05:18:06 | TEMPLOG : WellhouseOne | 131.900
2017-01-28 05:19:07 | TEMPLOG : WellhouseOne | 134.600
2017-01-28 05:20:08 | TEMPLOG : WellhouseOne | 088.700
2017-01-28 05:21:09 | TEMPLOG : WellhouseOne | 077.000
2017-01-28 05:22:10 | TEMPLOG : WellhouseOne | 069.800
2017-01-28 05:23:12 | TEMPLOG : WellhouseOne | 065.300
2017-01-28 05:24:15 | TEMPLOG : WellhouseOne | 059.900
2017-01-28 05:24:15 | TEMPLOG : Bio   Filter | 027.500
2017-01-28 05:25:16 | TEMPLOG : WellhouseOne | 056.300
2017-01-28 05:25:16 | TEMPLOG : Bio   Filter | 026.600
2017-01-28 05:26:17 | TEMPLOG : WellhouseOne | 054.500
2017-01-28 05:26:17 | TEMPLOG : Bio   Filter | 027.500
2017-01-28 05:27:18 | TEMPLOG : WellhouseOne | 053.600
2017-01-28 05:28:19 | TEMPLOG : WellhouseOne | 050.900
2017-01-28 05:29:21 | TEMPLOG : WellhouseOne | 050.000
2017-01-28 05:30:22 | TEMPLOG : WellhouseOne | 049.100
2017-01-28 05:31:23 | TEMPLOG : WellhouseOne | 047.300
2017-01-28 05:33:25 | TEMPLOG : WellhouseOne | 046.400
2017-01-28 05:34:27 | TEMPLOG : WellhouseOne | 045.500
2017-01-28 05:35:29 | TEMPLOG : Bio   Filter | 026.600
2017-01-28 05:36:30 | TEMPLOG : WellhouseOne | 044.600
2017-01-28 05:38:33 | TEMPLOG : WellhouseOne | 043.700
2017-01-28 05:39:34 | TEMPLOG : WellhouseOne | 042.800
2017-01-28 05:39:34 | TEMPLOG : Bio   Filter | 027.500
2017-01-28 05:41:36 | TEMPLOG : WellhouseOne | 073.400
2017-01-28 05:42:38 | TEMPLOG : WellhouseOne | 109.400
2017-01-28 05:43:39 | TEMPLOG : WellhouseOne | 121.100
2017-01-28 05:44:40 | TEMPLOG : WellhouseOne | 128.300
2017-01-28 05:45:42 | TEMPLOG : WellhouseOne | 131.900
2017-01-28 05:45:43 | TEMPLOG : Table    One | 027.500
2017-01-28 05:46:43 | TEMPLOG : WellhouseOne | 096.800
2017-01-28 05:47:44 | TEMPLOG : WellhouseOne | 080.600
2017-01-28 05:48:46 | TEMPLOG : WellhouseOne | 071.600
2017-01-28 05:49:47 | TEMPLOG : WellhouseOne | 066.200
2017-01-28 05:50:48 | TEMPLOG : WellhouseOne | 061.700
2017-01-28 05:51:49 | TEMPLOG : WellhouseOne | 059.000
2017-01-28 05:52:51 | TEMPLOG : WellhouseOne | 056.300
2017-01-28 05:53:52 | TEMPLOG : WellhouseOne | 054.500
2017-01-28 05:54:54 | TEMPLOG : WellhouseOne | 052.700
2017-01-28 05:55:54 | TEMPLOG : WellhouseOne | 050.900
2017-01-28 05:55:55 | TEMPLOG : Bio   Filter | 028.400
2017-01-28 05:56:56 | TEMPLOG : WellhouseOne | 050.000
2017-01-28 05:56:56 | TEMPLOG : Bio   Filter | 027.500
2017-01-28 05:57:57 | TEMPLOG : WellhouseOne | 048.200
2017-01-28 05:57:58 | TEMPLOG : Bio   Filter | 028.400
2017-01-28 05:58:58 | TEMPLOG : WellhouseOne | 047.300
2017-01-28 05:58:59 | TEMPLOG : Bio   Filter | 027.500
2017-01-28 05:59:59 | TEMPLOG : WellhouseOne | 046.400
2017-01-28 06:00:00 | TEMPLOG : Table    One | 027.500
2017-01-28 06:02:01 | TEMPLOG : WellhouseOne | 045.500
2017-01-28 06:03:03 | TEMPLOG : WellhouseOne | 044.600
2017-01-28 06:05:06 | TEMPLOG : WellhouseOne | 043.700
2017-01-28 06:08:11 | TEMPLOG : WellhouseOne | 042.800
2017-01-28 06:09:11 | TEMPLOG : WellhouseOne | 095.000
2017-01-28 06:10:13 | TEMPLOG : WellhouseOne | 115.700
2017-01-28 06:11:14 | TEMPLOG : WellhouseOne | 124.700
2017-01-28 06:12:16 | TEMPLOG : WellhouseOne | 130.100
2017-01-28 06:13:17 | TEMPLOG : WellhouseOne | 110.300
2017-01-28 06:14:18 | TEMPLOG : WellhouseOne | 082.400
2017-01-28 06:15:19 | TEMPLOG : WellhouseOne | 073.400
2017-01-28 06:16:20 | TEMPLOG : WellhouseOne | 067.100
2017-01-28 06:17:21 | TEMPLOG : WellhouseOne | 062.600
2017-01-28 06:18:23 | TEMPLOG : WellhouseOne | 059.900
2017-01-28 06:19:25 | TEMPLOG : WellhouseOne | 056.300
2017-01-28 06:20:27 | TEMPLOG : WellhouseOne | 053.600
2017-01-28 06:21:28 | TEMPLOG : WellhouseOne | 052.700
2017-01-28 06:22:30 | TEMPLOG : WellhouseOne | 051.800
2017-01-28 06:23:31 | TEMPLOG : WellhouseOne | 050.000
2017-01-28 06:24:33 | TEMPLOG : WellhouseOne | 048.200
2017-01-28 06:25:34 | TEMPLOG : WellhouseOne | 047.300
2017-01-28 06:26:35 | TEMPLOG : WellhouseOne | 046.400
2017-01-28 06:27:36 | TEMPLOG : WellhouseOne | 045.500
2017-01-28 06:27:36 | TEMPLOG : Bio   Filter | 028.400
2017-01-28 06:29:38 | TEMPLOG : WellhouseOne | 044.600
2017-01-28 06:29:38 | TEMPLOG : Bio   Filter | 027.500
2017-01-28 06:30:39 | TEMPLOG : Bio   Filter | 028.400
2017-01-28 06:31:40 | TEMPLOG : WellhouseOne | 043.700
2017-01-28 06:31:41 | TEMPLOG : Bio   Filter | 027.500
2017-01-28 06:33:43 | TEMPLOG : WellhouseOne | 042.800
2017-01-28 06:35:45 | TEMPLOG : WellhouseOne | 080.600
2017-01-28 06:36:46 | TEMPLOG : WellhouseOne | 111.200
2017-01-28 06:36:46 | TEMPLOG : Bio   Filter | 028.400
2017-01-28 06:37:47 | TEMPLOG : WellhouseOne | 122.000
2017-01-28 06:38:48 | TEMPLOG : WellhouseOne | 128.300
2017-01-28 06:39:49 | TEMPLOG : WellhouseOne | 132.800
2017-01-28 06:40:50 | TEMPLOG : WellhouseOne | 094.100
2017-01-28 06:41:51 | TEMPLOG : WellhouseOne | 078.800
2017-01-28 06:42:52 | TEMPLOG : WellhouseOne | 070.700
2017-01-28 06:43:54 | TEMPLOG : WellhouseOne | 066.200
2017-01-28 06:44:55 | TEMPLOG : WellhouseOne | 061.700
2017-01-28 06:44:56 | TEMPLOG : Table    One | 028.400
2017-01-28 06:45:56 | TEMPLOG : WellhouseOne | 059.000
2017-01-28 06:46:59 | TEMPLOG : WellhouseOne | 056.300
2017-01-28 06:48:00 | TEMPLOG : WellhouseOne | 054.500
2017-01-28 06:49:03 | TEMPLOG : WellhouseOne | 052.700
2017-01-28 06:50:05 | TEMPLOG : WellhouseOne | 050.000
2017-01-28 06:51:06 | TEMPLOG : WellhouseOne | 049.100
2017-01-28 06:52:07 | TEMPLOG : WellhouseOne | 048.200
2017-01-28 06:53:08 | TEMPLOG : WellhouseOne | 047.300
2017-01-28 06:54:09 | TEMPLOG : WellhouseOne | 046.400
2017-01-28 06:57:12 | TEMPLOG : WellhouseOne | 045.500
2017-01-28 06:58:12 | TEMPLOG : WellhouseOne | 044.600
2017-01-28 07:00:14 | TEMPLOG : WellhouseOne | 042.800
2017-01-28 07:00:15 | TEMPLOG : Bio   Filter | 028.400
2017-01-28 07:00:15 | TEMPLOG : To   GeoLoop | 039.200
2017-01-28 07:00:15 | TEMPLOG : Table    One | 028.400
2017-01-28 07:02:16 | TEMPLOG : WellhouseOne | 041.900
2017-01-28 07:03:17 | TEMPLOG : WellhouseOne | 098.600
2017-01-28 07:04:20 | TEMPLOG : WellhouseOne | 115.700
2017-01-28 07:05:20 | TEMPLOG : WellhouseOne | 122.900
2017-01-28 07:06:22 | TEMPLOG : WellhouseOne | 128.300
2017-01-28 07:07:22 | TEMPLOG : WellhouseOne | 131.000
2017-01-28 07:08:24 | TEMPLOG : WellhouseOne | 132.800
2017-01-28 07:09:25 | TEMPLOG : WellhouseOne | 108.500
2017-01-28 07:10:26 | TEMPLOG : WellhouseOne | 087.800
2017-01-28 07:11:28 | TEMPLOG : WellhouseOne | 075.200
2017-01-28 07:12:29 | TEMPLOG : WellhouseOne | 068.900
2017-01-28 07:12:31 | TEMPLOG : Table    One | 027.500
2017-01-28 07:13:31 | TEMPLOG : WellhouseOne | 064.400
2017-01-28 07:14:32 | TEMPLOG : WellhouseOne | 059.900
2017-01-28 07:15:34 | TEMPLOG : WellhouseOne | 057.200
2017-01-28 07:15:34 | TEMPLOG : Table    One | 028.400
2017-01-28 07:16:34 | TEMPLOG : WellhouseOne | 054.500
2017-01-28 07:16:34 | TEMPLOG : To   GeoLoop | 038.300
2017-01-28 07:17:35 | TEMPLOG : WellhouseOne | 052.700
2017-01-28 07:17:36 | TEMPLOG : To   GeoLoop | 039.200
2017-01-28 07:18:37 | TEMPLOG : WellhouseOne | 050.900
2017-01-28 07:18:37 | TEMPLOG : To   GeoLoop | 038.300
2017-01-28 07:19:38 | TEMPLOG : WellhouseOne | 049.100
2017-01-28 07:19:39 | TEMPLOG : To   GeoLoop | 039.200
2017-01-28 07:20:40 | TEMPLOG : WellhouseOne | 047.300
2017-01-28 07:20:40 | TEMPLOG : To   GeoLoop | 038.300
2017-01-28 07:21:42 | TEMPLOG : Table    One | 027.500
2017-01-28 07:22:43 | TEMPLOG : To   GeoLoop | 039.200
2017-01-28 07:23:45 | TEMPLOG : To   GeoLoop | 038.300
2017-01-28 07:24:45 | TEMPLOG : WellhouseOne | 045.500
2017-01-28 07:26:47 | TEMPLOG : WellhouseOne | 044.600
2017-01-28 07:27:48 | TEMPLOG : WellhouseOne | 043.700
2017-01-28 07:28:49 | TEMPLOG : WellhouseOne | 041.900
2017-01-28 07:29:49 | TEMPLOG : WellhouseOne | 041.000
2017-01-28 07:31:51 | TEMPLOG : WellhouseOne | 085.100
2017-01-28 07:31:52 | TEMPLOG : Table    One | 028.400
2017-01-28 07:32:52 | TEMPLOG : WellhouseOne | 108.500
2017-01-28 07:33:54 | TEMPLOG : WellhouseOne | 120.200
2017-01-28 07:34:56 | TEMPLOG : WellhouseOne | 125.600
2017-01-28 07:34:56 | TEMPLOG : Table    One | 027.500
2017-01-28 07:35:57 | TEMPLOG : WellhouseOne | 128.300
2017-01-28 07:35:58 | TEMPLOG : Table    One | 028.400
2017-01-28 07:36:58 | TEMPLOG : WellhouseOne | 131.900
2017-01-28 07:37:59 | TEMPLOG : WellhouseOne | 134.600
2017-01-28 07:39:01 | TEMPLOG : WellhouseOne | 095.900
2017-01-28 07:40:02 | TEMPLOG : WellhouseOne | 082.400
2017-01-28 07:41:02 | TEMPLOG : WellhouseOne | 072.500
2017-01-28 07:41:03 | TEMPLOG : Table    One | 027.500
2017-01-28 07:42:03 | TEMPLOG : WellhouseOne | 066.200
2017-01-28 07:43:05 | TEMPLOG : WellhouseOne | 060.800
2017-01-28 07:44:05 | TEMPLOG : WellhouseOne | 057.200
2017-01-28 07:45:07 | TEMPLOG : WellhouseOne | 053.600
2017-01-28 07:46:08 | TEMPLOG : WellhouseOne | 050.900
2017-01-28 07:47:09 | TEMPLOG : WellhouseOne | 050.000
2017-01-28 07:48:10 | TEMPLOG : WellhouseOne | 048.200
2017-01-28 07:49:11 | TEMPLOG : WellhouseOne | 047.300
2017-01-28 07:50:12 | TEMPLOG : WellhouseOne | 046.400
2017-01-28 07:51:15 | TEMPLOG : WellhouseOne | 044.600
2017-01-28 07:52:16 | TEMPLOG : WellhouseOne | 042.800
2017-01-28 07:54:19 | TEMPLOG : WellhouseOne | 041.900
2017-01-28 07:54:20 | TEMPLOG : Table    One | 028.400
2017-01-28 07:55:21 | TEMPLOG : WellhouseOne | 042.800
2017-01-28 07:57:22 | TEMPLOG : WellhouseOne | 041.000
2017-01-28 07:58:24 | TEMPLOG : WellhouseOne | 040.100
2017-01-28 07:59:25 | TEMPLOG : WellhouseOne | 041.000
2017-01-28 08:00:26 | TEMPLOG : WellhouseOne | 040.100
2017-01-28 08:00:27 | TEMPLOG : Bio   Filter | 028.400
2017-01-28 08:00:27 | TEMPLOG : To   GeoLoop | 038.300
2017-01-28 08:00:27 | TEMPLOG : Table    One | 028.400
2017-01-28 08:01:27 | TEMPLOG : WellhouseOne | 098.600
2017-01-28 08:02:28 | TEMPLOG : WellhouseOne | 112.100
2017-01-28 08:02:28 | TEMPLOG : Bio   Filter | 029.300
2017-01-28 08:02:29 | TEMPLOG : To   GeoLoop | 039.200
2017-01-28 08:03:29 | TEMPLOG : WellhouseOne | 122.900
2017-01-28 08:04:30 | TEMPLOG : WellhouseOne | 127.400
2017-01-28 08:04:30 | TEMPLOG : To   GeoLoop | 038.300
2017-01-28 08:05:31 | TEMPLOG : WellhouseOne | 129.200
2017-01-28 08:05:32 | TEMPLOG : To   GeoLoop | 039.200
2017-01-28 08:05:32 | TEMPLOG : Table    One | 029.300
2017-01-28 08:06:32 | TEMPLOG : WellhouseOne | 101.300
2017-01-28 08:06:32 | TEMPLOG : Bio   Filter | 030.200
2017-01-28 08:07:33 | TEMPLOG : WellhouseOne | 082.400
2017-01-28 08:08:34 | TEMPLOG : WellhouseOne | 071.600
2017-01-28 08:09:35 | TEMPLOG : WellhouseOne | 063.500
2017-01-28 08:09:35 | TEMPLOG : Bio   Filter | 031.100
2017-01-28 08:10:36 | TEMPLOG : WellhouseOne | 058.100
2017-01-28 08:10:36 | TEMPLOG : Table    One | 030.200
2017-01-28 08:11:37 | TEMPLOG : WellhouseOne | 056.300
2017-01-28 08:11:37 | TEMPLOG : Table    One | 031.100
2017-01-28 08:12:38 | TEMPLOG : WellhouseOne | 053.600
2017-01-28 08:12:38 | TEMPLOG : Bio   Filter | 033.800
2017-01-28 08:12:38 | TEMPLOG : Table    One | 032.900
2017-01-28 08:13:38 | TEMPLOG : WellhouseOne | 051.800
2017-01-28 08:13:39 | TEMPLOG : Bio   Filter | 035.600
2017-01-28 08:13:39 | TEMPLOG : To   GeoLoop | 040.100
2017-01-28 08:13:39 | TEMPLOG : Table    One | 035.600
2017-01-28 08:14:40 | TEMPLOG : WellhouseOne | 050.000
2017-01-28 08:14:40 | TEMPLOG : Bio   Filter | 037.400
2017-01-28 08:14:40 | TEMPLOG : Table    One | 037.400
2017-01-28 08:15:41 | TEMPLOG : WellhouseOne | 049.100
2017-01-28 08:15:41 | TEMPLOG : Bio   Filter | 038.300
2017-01-28 08:16:43 | TEMPLOG : WellhouseOne | 048.200
2017-01-28 08:16:43 | TEMPLOG : Bio   Filter | 040.100
2017-01-28 08:16:43 | TEMPLOG : To   GeoLoop | 041.000
2017-01-28 08:16:43 | TEMPLOG : Table    One | 039.200
2017-01-28 08:17:43 | TEMPLOG : WellhouseOne | 047.300
2017-01-28 08:17:43 | TEMPLOG : Bio   Filter | 041.000
2017-01-28 08:17:44 | TEMPLOG : Table    One | 040.100
2017-01-28 08:18:44 | TEMPLOG : WellhouseOne | 046.400
2017-01-28 08:18:44 | TEMPLOG : Bio   Filter | 041.900
2017-01-28 08:18:45 | TEMPLOG : Table    One | 041.000
2017-01-28 08:19:45 | TEMPLOG : WellhouseOne | 045.500
2017-01-28 08:20:48 | TEMPLOG : Bio   Filter | 042.800
2017-01-28 08:20:49 | TEMPLOG : Table    One | 041.900
2017-01-28 08:21:49 | TEMPLOG : WellhouseOne | 044.600
2017-01-28 08:21:49 | TEMPLOG : Bio   Filter | 043.700
2017-01-28 08:21:50 | TEMPLOG : Table    One | 042.800
2017-01-28 08:23:51 | TEMPLOG : WellhouseOne | 043.700
2017-01-28 08:23:51 | TEMPLOG : Bio   Filter | 044.600
2017-01-28 08:23:52 | TEMPLOG : Table    One | 043.700
2017-01-28 08:24:52 | TEMPLOG : Bio   Filter | 045.500
2017-01-28 08:24:53 | TEMPLOG : Table    One | 044.600
2017-01-28 08:25:54 | TEMPLOG : Table    One | 043.700
2017-01-28 08:26:54 | TEMPLOG : WellhouseOne | 042.800
2017-01-28 08:26:55 | TEMPLOG : Table    One | 044.600
2017-01-28 08:27:55 | TEMPLOG : WellhouseOne | 060.800
2017-01-28 08:27:55 | TEMPLOG : Bio   Filter | 046.400
2017-01-28 08:27:57 | TEMPLOG : To   GeoLoop | 041.900
2017-01-28 08:27:57 | TEMPLOG : Table    One | 045.500
2017-01-28 08:28:57 | TEMPLOG : WellhouseOne | 104.900
2017-01-28 08:28:58 | TEMPLOG : Table    One | 046.400
2017-01-28 08:29:59 | TEMPLOG : WellhouseOne | 117.500
2017-01-28 08:29:59 | TEMPLOG : Bio   Filter | 047.300
2017-01-28 08:30:59 | TEMPLOG : WellhouseOne | 125.600
2017-01-28 08:31:01 | TEMPLOG : Table    One | 047.300
2017-01-28 08:32:01 | TEMPLOG : WellhouseOne | 130.100
2017-01-28 08:32:02 | TEMPLOG : Bio   Filter | 048.200
2017-01-28 08:33:02 | TEMPLOG : WellhouseOne | 118.400
2017-01-28 08:33:03 | TEMPLOG : Table    One | 046.400
2017-01-28 08:34:03 | TEMPLOG : WellhouseOne | 086.000
2017-01-28 08:35:04 | TEMPLOG : WellhouseOne | 073.400
2017-01-28 08:36:06 | TEMPLOG : WellhouseOne | 066.200
2017-01-28 08:37:06 | TEMPLOG : WellhouseOne | 062.600
2017-01-28 08:38:08 | TEMPLOG : WellhouseOne | 059.000
2017-01-28 08:39:09 | TEMPLOG : WellhouseOne | 056.300
2017-01-28 08:40:10 | TEMPLOG : WellhouseOne | 054.500
2017-01-28 08:41:12 | TEMPLOG : WellhouseOne | 052.700
2017-01-28 08:42:13 | TEMPLOG : WellhouseOne | 051.800
2017-01-28 08:43:14 | TEMPLOG : WellhouseOne | 050.900
2017-01-28 08:43:15 | TEMPLOG : To   GeoLoop | 042.800
2017-01-28 08:44:15 | TEMPLOG : WellhouseOne | 050.000
2017-01-28 08:45:17 | TEMPLOG : WellhouseOne | 049.100
2017-01-28 08:45:17 | TEMPLOG : Bio   Filter | 047.300
2017-01-28 08:45:17 | TEMPLOG : To   GeoLoop | 041.900
2017-01-28 08:45:17 | TEMPLOG : Table    One | 045.500
2017-01-28 08:46:18 | TEMPLOG : Table    One | 044.600
2017-01-28 08:47:19 | TEMPLOG : WellhouseOne | 048.200
2017-01-28 08:47:19 | TEMPLOG : Bio   Filter | 046.400
2017-01-28 08:48:20 | TEMPLOG : WellhouseOne | 047.300
2017-01-28 08:50:22 | TEMPLOG : WellhouseOne | 046.400
2017-01-28 08:51:24 | TEMPLOG : Table    One | 045.500
2017-01-28 08:53:26 | TEMPLOG : WellhouseOne | 045.500
2017-01-28 08:53:26 | TEMPLOG : Bio   Filter | 047.300
2017-01-28 08:53:26 | TEMPLOG : To   GeoLoop | 042.800
2017-01-28 08:54:28 | TEMPLOG : Table    One | 046.400
2017-01-28 08:55:28 | TEMPLOG : Bio   Filter | 048.200
2017-01-28 08:56:29 | TEMPLOG : WellhouseOne | 044.600
2017-01-28 08:56:30 | TEMPLOG : Table    One | 047.300
2017-01-28 08:57:31 | TEMPLOG : WellhouseOne | 100.400
2017-01-28 08:57:31 | TEMPLOG : Bio   Filter | 049.100
2017-01-28 08:57:32 | TEMPLOG : Table    One | 048.200
2017-01-28 08:58:32 | TEMPLOG : WellhouseOne | 117.500
2017-01-28 08:58:32 | TEMPLOG : Bio   Filter | 050.000
2017-01-28 08:58:33 | TEMPLOG : Table    One | 049.100
2017-01-28 08:59:33 | TEMPLOG : WellhouseOne | 126.500
2017-01-28 08:59:34 | TEMPLOG : Bio   Filter | 051.800
2017-01-28 08:59:34 | TEMPLOG : Table    One | 050.000
2017-01-28 09:00:34 | TEMPLOG : WellhouseOne | 131.000
2017-01-28 09:00:34 | TEMPLOG : Bio   Filter | 052.700
2017-01-28 09:00:34 | TEMPLOG : To   GeoLoop | 042.800
2017-01-28 09:00:35 | TEMPLOG : Table    One | 051.800
2017-01-28 09:01:35 | TEMPLOG : WellhouseOne | 097.700
2017-01-28 09:01:35 | TEMPLOG : Bio   Filter | 054.500
2017-01-28 09:02:36 | TEMPLOG : WellhouseOne | 082.400
2017-01-28 09:02:36 | TEMPLOG : Bio   Filter | 055.400
2017-01-28 09:02:36 | TEMPLOG : Table    One | 052.700
2017-01-28 09:03:37 | TEMPLOG : WellhouseOne | 073.400
2017-01-28 09:03:37 | TEMPLOG : Bio   Filter | 056.300
2017-01-28 09:04:38 | TEMPLOG : WellhouseOne | 067.100
2017-01-28 09:04:38 | TEMPLOG : Bio   Filter | 057.200
2017-01-28 09:05:39 | TEMPLOG : WellhouseOne | 063.500
2017-01-28 09:06:40 | TEMPLOG : WellhouseOne | 059.900
2017-01-28 09:06:41 | TEMPLOG : To   GeoLoop | 043.700
2017-01-28 09:07:41 | TEMPLOG : WellhouseOne | 058.100
2017-01-28 09:08:42 | TEMPLOG : WellhouseOne | 055.400
2017-01-28 09:08:43 | TEMPLOG : Bio   Filter | 058.100
2017-01-28 09:09:45 | TEMPLOG : WellhouseOne | 054.500
2017-01-28 09:09:45 | TEMPLOG : Table    One | 051.800
2017-01-28 09:10:46 | TEMPLOG : WellhouseOne | 052.700
2017-01-28 09:11:47 | TEMPLOG : WellhouseOne | 051.800
2017-01-28 09:11:47 | TEMPLOG : Bio   Filter | 057.200
2017-01-28 09:12:48 | TEMPLOG : WellhouseOne | 050.900
2017-01-28 09:12:48 | TEMPLOG : Bio   Filter | 058.100
2017-01-28 09:13:49 | TEMPLOG : WellhouseOne | 050.000
2017-01-28 09:14:50 | TEMPLOG : WellhouseOne | 049.100
2017-01-28 09:14:50 | TEMPLOG : Bio   Filter | 059.000
2017-01-28 09:16:52 | TEMPLOG : WellhouseOne | 048.200
2017-01-28 09:16:52 | TEMPLOG : Bio   Filter | 058.100
2017-01-28 09:16:53 | TEMPLOG : Table    One | 052.700
2017-01-28 09:17:54 | TEMPLOG : Table    One | 051.800
2017-01-28 09:18:54 | TEMPLOG : WellhouseOne | 047.300
2017-01-28 09:18:55 | TEMPLOG : Bio   Filter | 057.200
2017-01-28 09:20:57 | TEMPLOG : Bio   Filter | 055.400
2017-01-28 09:20:58 | TEMPLOG : Table    One | 050.900
2017-01-28 09:21:58 | TEMPLOG : WellhouseOne | 046.400
2017-01-28 09:23:00 | TEMPLOG : Bio   Filter | 054.500
2017-01-28 09:23:00 | TEMPLOG : Table    One | 050.000
2017-01-28 09:24:01 | TEMPLOG : Bio   Filter | 052.700
2017-01-28 09:25:02 | TEMPLOG : WellhouseOne | 045.500
2017-01-28 09:25:03 | TEMPLOG : Table    One | 049.100
2017-01-28 09:26:03 | TEMPLOG : WellhouseOne | 101.300
2017-01-28 09:26:03 | TEMPLOG : Bio   Filter | 051.800
2017-01-28 09:27:03 | TEMPLOG : WellhouseOne | 119.300
2017-01-28 09:27:04 | TEMPLOG : Bio   Filter | 052.700
2017-01-28 09:28:05 | TEMPLOG : WellhouseOne | 129.200
2017-01-28 09:28:06 | TEMPLOG : Table    One | 050.000
2017-01-28 09:29:06 | TEMPLOG : WellhouseOne | 115.700
2017-01-28 09:29:07 | TEMPLOG : Bio   Filter | 053.600
2017-01-28 09:30:07 | TEMPLOG : WellhouseOne | 089.600
2017-01-28 09:30:08 | TEMPLOG : Bio   Filter | 054.500
2017-01-28 09:30:08 | TEMPLOG : Table    One | 050.900
2017-01-28 09:31:08 | TEMPLOG : WellhouseOne | 077.900
2017-01-28 09:31:09 | TEMPLOG : Bio   Filter | 055.400
2017-01-28 09:32:09 | TEMPLOG : WellhouseOne | 071.600
2017-01-28 09:32:11 | TEMPLOG : Table    One | 048.200
2017-01-28 09:33:11 | TEMPLOG : WellhouseOne | 066.200
2017-01-28 09:33:11 | TEMPLOG : Bio   Filter | 054.500
2017-01-28 09:33:12 | TEMPLOG : Table    One | 047.300
2017-01-28 09:34:12 | TEMPLOG : WellhouseOne | 061.700
2017-01-28 09:34:12 | TEMPLOG : Bio   Filter | 053.600
2017-01-28 09:35:13 | TEMPLOG : WellhouseOne | 059.000
2017-01-28 09:35:14 | TEMPLOG : Table    One | 048.200
2017-01-28 09:36:14 | TEMPLOG : WellhouseOne | 057.200
2017-01-28 09:36:14 | TEMPLOG : Bio   Filter | 054.500
2017-01-28 09:37:15 | TEMPLOG : WellhouseOne | 055.400
2017-01-28 09:37:16 | TEMPLOG : Bio   Filter | 055.400
2017-01-28 09:37:18 | TEMPLOG : Table    One | 049.100
2017-01-28 09:38:18 | TEMPLOG : WellhouseOne | 053.600
2017-01-28 09:38:18 | TEMPLOG : Bio   Filter | 057.200
2017-01-28 09:38:19 | TEMPLOG : Table    One | 050.000
2017-01-28 09:40:21 | TEMPLOG : WellhouseOne | 051.800
2017-01-28 09:40:21 | TEMPLOG : Bio   Filter | 056.300
2017-01-28 09:40:21 | TEMPLOG : Table    One | 049.100
2017-01-28 09:41:22 | TEMPLOG : WellhouseOne | 050.900
2017-01-28 09:41:22 | TEMPLOG : Bio   Filter | 055.400
2017-01-28 09:42:24 | TEMPLOG : Bio   Filter | 054.500
2017-01-28 09:42:25 | TEMPLOG : Table    One | 048.200
2017-01-28 09:43:25 | TEMPLOG : WellhouseOne | 050.000
2017-01-28 09:43:25 | TEMPLOG : Bio   Filter | 053.600
2017-01-28 09:44:27 | TEMPLOG : Table    One | 047.300
2017-01-28 09:45:28 | TEMPLOG : WellhouseOne | 049.100
2017-01-28 09:45:28 | TEMPLOG : Bio   Filter | 052.700
2017-01-28 09:46:29 | TEMPLOG : To   GeoLoop | 042.800
2017-01-28 09:47:30 | TEMPLOG : WellhouseOne | 048.200
2017-01-28 09:47:30 | TEMPLOG : Bio   Filter | 053.600
2017-01-28 09:47:31 | TEMPLOG : To   GeoLoop | 043.700
2017-01-28 09:48:31 | TEMPLOG : Bio   Filter | 054.500
2017-01-28 09:48:32 | TEMPLOG : Table    One | 048.200
2017-01-28 09:49:32 | TEMPLOG : WellhouseOne | 049.100
2017-01-28 09:49:33 | TEMPLOG : Bio   Filter | 057.200
2017-01-28 09:49:33 | TEMPLOG : Table    One | 049.100
2017-01-28 09:50:33 | TEMPLOG : WellhouseOne | 048.200
2017-01-28 09:50:33 | TEMPLOG : Bio   Filter | 059.000
2017-01-28 09:50:34 | TEMPLOG : Table    One | 050.000
2017-01-28 09:51:35 | TEMPLOG : Bio   Filter | 059.900
2017-01-28 09:51:35 | TEMPLOG : To   GeoLoop | 044.600
2017-01-28 09:51:35 | TEMPLOG : Table    One | 050.900
2017-01-28 09:52:36 | TEMPLOG : WellhouseOne | 047.300
2017-01-28 09:53:37 | TEMPLOG : Bio   Filter | 061.700
2017-01-28 09:53:37 | TEMPLOG : Table    One | 051.800
2017-01-28 09:54:38 | TEMPLOG : WellhouseOne | 070.700
2017-01-28 09:54:38 | TEMPLOG : Bio   Filter | 063.500
2017-01-28 09:54:39 | TEMPLOG : Table    One | 052.700
2017-01-28 09:55:39 | TEMPLOG : WellhouseOne | 114.800
2017-01-28 09:55:39 | TEMPLOG : Bio   Filter | 064.400
2017-01-28 09:55:40 | TEMPLOG : To   GeoLoop | 045.500
2017-01-28 09:56:40 | TEMPLOG : WellhouseOne | 129.200
2017-01-28 09:56:40 | TEMPLOG : Bio   Filter | 066.200
2017-01-28 09:56:41 | TEMPLOG : Table    One | 053.600
2017-01-28 09:57:41 | TEMPLOG : WellhouseOne | 102.200
2017-01-28 09:58:42 | TEMPLOG : WellhouseOne | 084.200
2017-01-28 09:58:42 | TEMPLOG : Bio   Filter | 068.000
2017-01-28 09:58:42 | TEMPLOG : To   GeoLoop | 046.400
2017-01-28 09:58:42 | TEMPLOG : Table    One | 054.500
2017-01-28 09:59:43 | TEMPLOG : WellhouseOne | 075.200
2017-01-28 09:59:43 | TEMPLOG : Bio   Filter | 069.800
2017-01-28 09:59:44 | TEMPLOG : Table    One | 055.400
2017-01-28 10:00:44 | TEMPLOG : WellhouseOne | 069.800
2017-01-28 10:00:45 | TEMPLOG : Bio   Filter | 070.700
2017-01-28 10:00:45 | TEMPLOG : To   GeoLoop | 046.400
2017-01-28 10:00:45 | TEMPLOG : Table    One | 056.300
2017-01-28 10:01:45 | TEMPLOG : WellhouseOne | 065.300
2017-01-28 10:01:45 | TEMPLOG : Bio   Filter | 071.600
2017-01-28 10:01:46 | TEMPLOG : To   GeoLoop | 047.300
2017-01-28 10:01:46 | TEMPLOG : Table    One | 057.200
2017-01-28 10:02:47 | TEMPLOG : WellhouseOne | 062.600
2017-01-28 10:03:48 | TEMPLOG : WellhouseOne | 059.900
2017-01-28 10:03:49 | TEMPLOG : Table    One | 058.100
2017-01-28 10:04:49 | TEMPLOG : WellhouseOne | 058.100
2017-01-28 10:04:50 | TEMPLOG : Bio   Filter | 070.700
2017-01-28 10:05:53 | TEMPLOG : WellhouseOne | 057.200
2017-01-28 10:05:53 | TEMPLOG : Bio   Filter | 071.600
2017-01-28 10:05:53 | TEMPLOG : Table    One | 059.000
2017-01-28 10:06:53 | TEMPLOG : WellhouseOne | 055.400
2017-01-28 10:06:54 | TEMPLOG : To   GeoLoop | 048.200
2017-01-28 10:06:54 | TEMPLOG : Table    One | 059.900
2017-01-28 10:07:54 | TEMPLOG : WellhouseOne | 054.500
2017-01-28 10:07:55 | TEMPLOG : Bio   Filter | 072.500
2017-01-28 10:07:55 | TEMPLOG : Table    One | 060.800
2017-01-28 10:08:56 | TEMPLOG : WellhouseOne | 053.600
2017-01-28 10:08:57 | TEMPLOG : Bio   Filter | 073.400
2017-01-28 10:08:58 | TEMPLOG : Table    One | 061.700
2017-01-28 10:10:00 | TEMPLOG : Table    One | 063.500
2017-01-28 10:11:01 | TEMPLOG : WellhouseOne | 052.700
2017-01-28 10:12:04 | TEMPLOG : Bio   Filter | 070.700
2017-01-28 10:12:04 | TEMPLOG : Table    One | 062.600
2017-01-28 10:13:05 | TEMPLOG : WellhouseOne | 051.800
2017-01-28 10:13:05 | TEMPLOG : Bio   Filter | 068.000
2017-01-28 10:13:06 | TEMPLOG : Table    One | 061.700
2017-01-28 10:14:06 | TEMPLOG : Bio   Filter | 066.200
2017-01-28 10:14:06 | TEMPLOG : To   GeoLoop | 047.300
2017-01-28 10:14:06 | TEMPLOG : Table    One | 060.800
2017-01-28 10:15:07 | TEMPLOG : WellhouseOne | 050.900
2017-01-28 10:15:07 | TEMPLOG : Bio   Filter | 064.400
2017-01-28 10:15:07 | TEMPLOG : Table    One | 059.900
2017-01-28 10:16:08 | TEMPLOG : Bio   Filter | 063.500
2017-01-28 10:17:09 | TEMPLOG : WellhouseOne | 050.000
2017-01-28 10:17:09 | TEMPLOG : Bio   Filter | 062.600
2017-01-28 10:18:10 | TEMPLOG : WellhouseOne | 050.900
2017-01-28 10:18:10 | TEMPLOG : Bio   Filter | 063.500
2017-01-28 10:18:11 | TEMPLOG : Table    One | 060.800
2017-01-28 10:19:11 | TEMPLOG : WellhouseOne | 050.000
2017-01-28 10:19:12 | TEMPLOG : Bio   Filter | 064.400
2017-01-28 10:20:14 | TEMPLOG : Bio   Filter | 065.300
2017-01-28 10:20:14 | TEMPLOG : Table    One | 061.700
2017-01-28 10:21:15 | TEMPLOG : Table    One | 060.800
2017-01-28 10:22:16 | TEMPLOG : Bio   Filter | 064.400
2017-01-28 10:22:16 | TEMPLOG : Table    One | 059.900
2017-01-28 10:23:17 | TEMPLOG : Bio   Filter | 063.500
2017-01-28 10:24:19 | TEMPLOG : Bio   Filter | 062.600
2017-01-28 10:24:20 | TEMPLOG : Table    One | 059.000
2017-01-28 10:25:20 | TEMPLOG : WellhouseOne | 049.100
2017-01-28 10:26:21 | TEMPLOG : WellhouseOne | 098.600
2017-01-28 10:27:23 | TEMPLOG : WellhouseOne | 123.800
2017-01-28 10:27:23 | TEMPLOG : Bio   Filter | 063.500
2017-01-28 10:27:24 | TEMPLOG : Table    One | 059.900
2017-01-28 10:28:24 | TEMPLOG : WellhouseOne | 103.100
2017-01-28 10:29:26 | TEMPLOG : WellhouseOne | 084.200
2017-01-28 10:30:26 | TEMPLOG : WellhouseOne | 076.100
2017-01-28 10:31:28 | TEMPLOG : WellhouseOne | 070.700
2017-01-28 10:32:29 | TEMPLOG : WellhouseOne | 066.200
2017-01-28 10:33:32 | TEMPLOG : WellhouseOne | 063.500
2017-01-28 10:34:32 | TEMPLOG : WellhouseOne | 060.800
2017-01-28 10:35:34 | TEMPLOG : WellhouseOne | 059.900
2017-01-28 10:35:35 | TEMPLOG : Table    One | 060.800
2017-01-28 10:36:36 | TEMPLOG : WellhouseOne | 059.000
2017-01-28 10:36:36 | TEMPLOG : Table    One | 059.900
2017-01-28 10:37:37 | TEMPLOG : WellhouseOne | 058.100
2017-01-28 10:37:37 | TEMPLOG : To   GeoLoop | 048.200
2017-01-28 10:37:38 | TEMPLOG : Table    One | 061.700
2017-01-28 10:38:38 | TEMPLOG : WellhouseOne | 057.200
2017-01-28 10:38:39 | TEMPLOG : Bio   Filter | 064.400
2017-01-28 10:39:39 | TEMPLOG : WellhouseOne | 056.300
2017-01-28 10:40:40 | TEMPLOG : WellhouseOne | 055.400
2017-01-28 10:40:41 | TEMPLOG : Bio   Filter | 063.500
2017-01-28 10:40:41 | TEMPLOG : Table    One | 060.800
2017-01-28 10:41:42 | TEMPLOG : Bio   Filter | 064.400
2017-01-28 10:41:42 | TEMPLOG : Table    One | 061.700
2017-01-28 10:42:42 | TEMPLOG : WellhouseOne | 054.500
2017-01-28 10:42:43 | TEMPLOG : Bio   Filter | 065.300
2017-01-28 10:42:43 | TEMPLOG : Table    One | 062.600
2017-01-28 10:43:43 | TEMPLOG : Bio   Filter | 066.200
2017-01-28 10:43:45 | TEMPLOG : To   GeoLoop | 049.100
2017-01-28 10:44:46 | TEMPLOG : WellhouseOne | 053.600
2017-01-28 10:44:46 | TEMPLOG : Table    One | 063.500
2017-01-28 10:45:47 | TEMPLOG : Bio   Filter | 068.000
2017-01-28 10:45:48 | TEMPLOG : Table    One | 064.400
2017-01-28 10:46:48 | TEMPLOG : Bio   Filter | 067.100
2017-01-28 10:47:51 | TEMPLOG : WellhouseOne | 052.700
2017-01-28 10:47:53 | TEMPLOG : Table    One | 063.500
2017-01-28 10:48:53 | TEMPLOG : Bio   Filter | 066.200
2017-01-28 10:48:54 | TEMPLOG : Table    One | 064.400
2017-01-28 10:50:56 | TEMPLOG : WellhouseOne | 051.800
2017-01-28 10:51:58 | TEMPLOG : Table    One | 063.500
2017-01-28 10:52:58 | TEMPLOG : Bio   Filter | 065.300
2017-01-28 10:55:00 | TEMPLOG : WellhouseOne | 050.900
2017-01-28 10:55:00 | TEMPLOG : Table    One | 064.400
2017-01-28 10:56:01 | TEMPLOG : Bio   Filter | 066.200
2017-01-28 10:56:01 | TEMPLOG : To   GeoLoop | 050.000
2017-01-28 10:56:01 | TEMPLOG : Table    One | 066.200
2017-01-28 10:57:02 | TEMPLOG : Bio   Filter | 067.100
2017-01-28 10:57:03 | TEMPLOG : Table    One | 067.100
2017-01-28 10:58:03 | TEMPLOG : Bio   Filter | 068.000
2017-01-28 10:59:04 | TEMPLOG : WellhouseOne | 101.300
2017-01-28 10:59:04 | TEMPLOG : Table    One | 068.000
2017-01-28 11:00:04 | TEMPLOG : WellhouseOne | 123.800
2017-01-28 11:00:05 | TEMPLOG : Bio   Filter | 068.000
2017-01-28 11:00:05 | TEMPLOG : To   GeoLoop | 050.000
2017-01-28 11:00:05 | TEMPLOG : Table    One | 068.000
2017-01-28 11:01:05 | TEMPLOG : WellhouseOne | 100.400
2017-01-28 11:01:06 | TEMPLOG : Table    One | 067.100
2017-01-28 11:02:06 | TEMPLOG : WellhouseOne | 082.400
2017-01-28 11:02:07 | TEMPLOG : Bio   Filter | 067.100
2017-01-28 11:02:07 | TEMPLOG : Table    One | 065.300
2017-01-28 11:03:07 | TEMPLOG : WellhouseOne | 074.300
2017-01-28 11:03:07 | TEMPLOG : Bio   Filter | 066.200
2017-01-28 11:03:08 | TEMPLOG : To   GeoLoop | 049.100
2017-01-28 11:03:08 | TEMPLOG : Table    One | 064.400
2017-01-28 11:04:09 | TEMPLOG : WellhouseOne | 068.900
2017-01-28 11:04:09 | TEMPLOG : Bio   Filter | 065.300
2017-01-28 11:04:10 | TEMPLOG : Table    One | 063.500
2017-01-28 11:05:10 | TEMPLOG : WellhouseOne | 065.300
2017-01-28 11:05:10 | TEMPLOG : Bio   Filter | 064.400
2017-01-28 11:06:11 | TEMPLOG : WellhouseOne | 062.600
2017-01-28 11:06:12 | TEMPLOG : Table    One | 062.600
2017-01-28 11:07:13 | TEMPLOG : WellhouseOne | 060.800
2017-01-28 11:08:15 | TEMPLOG : WellhouseOne | 059.000
2017-01-28 11:08:15 | TEMPLOG : Bio   Filter | 063.500
2017-01-28 11:08:17 | TEMPLOG : To   GeoLoop | 048.200
2017-01-28 11:09:18 | TEMPLOG : WellhouseOne | 058.100
2017-01-28 11:09:19 | TEMPLOG : Table    One | 061.700
2017-01-28 11:10:20 | TEMPLOG : WellhouseOne | 057.200
2017-01-28 11:11:21 | TEMPLOG : WellhouseOne | 056.300
2017-01-28 11:13:22 | TEMPLOG : WellhouseOne | 055.400
2017-01-28 11:13:22 | TEMPLOG : Bio   Filter | 062.600
2017-01-28 11:13:23 | TEMPLOG : Table    One | 060.800
2017-01-28 11:15:24 | TEMPLOG : Bio   Filter | 061.700
2017-01-28 11:15:25 | TEMPLOG : Table    One | 059.900
2017-01-28 11:16:26 | TEMPLOG : WellhouseOne | 054.500
2017-01-28 11:18:29 | TEMPLOG : WellhouseOne | 053.600
2017-01-28 11:19:30 | TEMPLOG : WellhouseOne | 052.700
2017-01-28 11:19:31 | TEMPLOG : Table    One | 060.800
2017-01-28 11:21:33 | TEMPLOG : WellhouseOne | 051.800
2017-01-28 11:21:35 | TEMPLOG : Table    One | 059.900
2017-01-28 11:22:35 | TEMPLOG : WellhouseOne | 050.900
2017-01-28 11:23:38 | TEMPLOG : Bio   Filter | 060.800
2017-01-28 11:24:38 | TEMPLOG : WellhouseOne | 050.000
2017-01-28 11:24:39 | TEMPLOG : Table    One | 059.000
2017-01-28 11:26:41 | TEMPLOG : Bio   Filter | 059.900
2017-01-28 11:27:44 | TEMPLOG : Table    One | 058.100
2017-01-28 11:28:44 | TEMPLOG : WellhouseOne | 049.100
2017-01-28 11:28:44 | TEMPLOG : Bio   Filter | 059.000
2017-01-28 11:29:45 | TEMPLOG : WellhouseOne | 099.500
2017-01-28 11:29:46 | TEMPLOG : Table    One | 057.200
2017-01-28 11:30:46 | TEMPLOG : WellhouseOne | 122.000
2017-01-28 11:30:47 | TEMPLOG : Bio   Filter | 058.100
2017-01-28 11:31:47 | TEMPLOG : WellhouseOne | 107.600
2017-01-28 11:32:48 | TEMPLOG : WellhouseOne | 086.900
2017-01-28 11:33:50 | TEMPLOG : WellhouseOne | 077.000
2017-01-28 11:33:50 | TEMPLOG : Bio   Filter | 057.200
2017-01-28 11:33:50 | TEMPLOG : Table    One | 056.300
2017-01-28 11:34:51 | TEMPLOG : WellhouseOne | 071.600
2017-01-28 11:35:52 | TEMPLOG : WellhouseOne | 068.000
2017-01-28 11:36:53 | TEMPLOG : WellhouseOne | 065.300
2017-01-28 11:36:53 | TEMPLOG : To   GeoLoop | 047.300
2017-01-28 11:37:55 | TEMPLOG : WellhouseOne | 063.500
2017-01-28 11:38:56 | TEMPLOG : WellhouseOne | 061.700
2017-01-28 11:38:57 | TEMPLOG : Table    One | 055.400
2017-01-28 11:39:58 | TEMPLOG : WellhouseOne | 060.800
2017-01-28 11:40:59 | TEMPLOG : WellhouseOne | 059.000
2017-01-28 11:40:59 | TEMPLOG : Bio   Filter | 056.300
2017-01-28 11:42:00 | TEMPLOG : WellhouseOne | 058.100
2017-01-28 11:43:01 | TEMPLOG : WellhouseOne | 057.200
2017-01-28 11:44:03 | TEMPLOG : WellhouseOne | 056.300
2017-01-28 11:46:05 | TEMPLOG : WellhouseOne | 055.400
2017-01-28 11:47:07 | TEMPLOG : To   GeoLoop | 048.200
2017-01-28 11:48:08 | TEMPLOG : WellhouseOne | 054.500
2017-01-28 11:48:10 | TEMPLOG : Table    One | 056.300
2017-01-28 11:50:11 | TEMPLOG : WellhouseOne | 053.600
2017-01-28 11:51:12 | TEMPLOG : WellhouseOne | 052.700
2017-01-28 11:53:15 | TEMPLOG : Table    One | 055.400
2017-01-28 11:55:16 | TEMPLOG : WellhouseOne | 051.800
2017-01-28 11:55:17 | TEMPLOG : To   GeoLoop | 047.300
2017-01-28 11:56:18 | TEMPLOG : Bio   Filter | 055.400
2017-01-28 11:58:22 | TEMPLOG : Table    One | 054.500
2017-01-28 11:59:22 | TEMPLOG : WellhouseOne | 050.900
2017-01-28 12:00:24 | TEMPLOG : WellhouseOne | 050.900
2017-01-28 12:00:24 | TEMPLOG : Bio   Filter | 055.400
2017-01-28 12:00:24 | TEMPLOG : To   GeoLoop | 047.300
2017-01-28 12:00:25 | TEMPLOG : Table    One | 054.500
2017-01-28 12:01:26 | TEMPLOG : WellhouseOne | 063.500
2017-01-28 12:01:27 | TEMPLOG : To   GeoLoop | 048.200
2017-01-28 12:01:27 | TEMPLOG : Table    One | 055.400
2017-01-28 12:02:28 | TEMPLOG : WellhouseOne | 114.800
2017-01-28 12:03:29 | TEMPLOG : WellhouseOne | 130.100
2017-01-28 12:04:30 | TEMPLOG : WellhouseOne | 093.200
2017-01-28 12:05:31 | TEMPLOG : WellhouseOne | 079.700
2017-01-28 12:05:31 | TEMPLOG : Bio   Filter | 056.300
2017-01-28 12:06:32 | TEMPLOG : WellhouseOne | 073.400
2017-01-28 12:06:33 | TEMPLOG : Table    One | 056.300
2017-01-28 12:07:33 | TEMPLOG : WellhouseOne | 068.900
2017-01-28 12:08:34 | TEMPLOG : WellhouseOne | 065.300
2017-01-28 12:09:36 | TEMPLOG : WellhouseOne | 063.500
2017-01-28 12:10:37 | TEMPLOG : WellhouseOne | 060.800
2017-01-28 12:10:37 | TEMPLOG : Bio   Filter | 057.200
2017-01-28 12:11:38 | TEMPLOG : WellhouseOne | 059.000
2017-01-28 12:12:38 | TEMPLOG : WellhouseOne | 058.100
2017-01-28 12:12:38 | TEMPLOG : Bio   Filter | 056.300
2017-01-28 12:13:39 | TEMPLOG : WellhouseOne | 057.200
2017-01-28 12:14:40 | TEMPLOG : WellhouseOne | 056.300
2017-01-28 12:15:42 | TEMPLOG : WellhouseOne | 055.400
2017-01-28 12:16:43 | TEMPLOG : WellhouseOne | 054.500
2017-01-28 12:17:45 | TEMPLOG : Table    One | 055.400
2017-01-28 12:18:45 | TEMPLOG : WellhouseOne | 053.600
2017-01-28 12:19:47 | TEMPLOG : Bio   Filter | 055.400
2017-01-28 12:21:49 | TEMPLOG : WellhouseOne | 052.700
2017-01-28 12:24:53 | TEMPLOG : Bio   Filter | 056.300
2017-01-28 12:24:54 | TEMPLOG : Table    One | 056.300
2017-01-28 12:28:58 | TEMPLOG : WellhouseOne | 051.800
2017-01-28 12:28:59 | TEMPLOG : Bio   Filter | 057.200
2017-01-28 12:30:01 | TEMPLOG : Table    One | 057.200
2017-01-28 12:31:01 | TEMPLOG : To   GeoLoop | 049.100
2017-01-28 12:33:03 | TEMPLOG : WellhouseOne | 050.900
2017-01-28 12:34:05 | TEMPLOG : WellhouseOne | 058.100
2017-01-28 12:35:05 | TEMPLOG : WellhouseOne | 116.600
2017-01-28 12:35:06 | TEMPLOG : To   GeoLoop | 048.200
2017-01-28 12:37:08 | TEMPLOG : WellhouseOne | 086.900
2017-01-28 12:38:09 | TEMPLOG : WellhouseOne | 077.900
2017-01-28 12:38:10 | TEMPLOG : Table    One | 056.300
2017-01-28 12:39:10 | TEMPLOG : WellhouseOne | 072.500
2017-01-28 12:39:10 | TEMPLOG : Bio   Filter | 056.300
2017-01-28 12:40:12 | TEMPLOG : WellhouseOne | 068.000
2017-01-28 12:41:14 | TEMPLOG : WellhouseOne | 065.300
2017-01-28 12:42:15 | TEMPLOG : WellhouseOne | 063.500
2017-01-28 12:43:16 | TEMPLOG : WellhouseOne | 061.700
2017-01-28 12:44:17 | TEMPLOG : WellhouseOne | 060.800
2017-01-28 12:44:19 | TEMPLOG : Table    One | 055.400
2017-01-28 12:45:19 | TEMPLOG : WellhouseOne | 059.900
2017-01-28 12:46:21 | TEMPLOG : WellhouseOne | 059.000
2017-01-28 12:46:21 | TEMPLOG : Bio   Filter | 055.400
2017-01-28 12:47:22 | TEMPLOG : WellhouseOne | 058.100
2017-01-28 12:47:22 | TEMPLOG : Bio   Filter | 056.300
2017-01-28 12:48:23 | TEMPLOG : Bio   Filter | 055.400
2017-01-28 12:49:24 | TEMPLOG : WellhouseOne | 057.200
2017-01-28 12:52:27 | TEMPLOG : WellhouseOne | 056.300
2017-01-28 12:54:30 | TEMPLOG : WellhouseOne | 055.400
2017-01-28 12:58:34 | TEMPLOG : WellhouseOne | 054.500
2017-01-28 13:00:36 | TEMPLOG : WellhouseOne | 054.500
2017-01-28 13:00:37 | TEMPLOG : Bio   Filter | 056.300
2017-01-28 13:00:37 | TEMPLOG : To   GeoLoop | 048.200
2017-01-28 13:00:37 | TEMPLOG : Table    One | 056.300
2017-01-28 13:01:39 | TEMPLOG : To   GeoLoop | 049.100
2017-01-28 13:02:40 | TEMPLOG : Table    One | 057.200
2017-01-28 13:03:40 | TEMPLOG : Bio   Filter | 057.200
2017-01-28 13:04:42 | TEMPLOG : WellhouseOne | 053.600
2017-01-28 13:04:44 | TEMPLOG : Table    One | 058.100
2017-01-28 13:05:44 | TEMPLOG : Bio   Filter | 058.100
2017-01-28 13:06:45 | TEMPLOG : Bio   Filter | 059.000
2017-01-28 13:06:45 | TEMPLOG : Table    One | 059.000
2017-01-28 13:07:46 | TEMPLOG : Bio   Filter | 059.900
2017-01-28 13:07:46 | TEMPLOG : To   GeoLoop | 050.000
2017-01-28 13:07:46 | TEMPLOG : Table    One | 059.900
2017-01-28 13:08:47 | TEMPLOG : Bio   Filter | 060.800
2017-01-28 13:08:47 | TEMPLOG : Table    One | 060.800
2017-01-28 13:09:48 | TEMPLOG : Table    One | 061.700
2017-01-28 13:10:49 | TEMPLOG : WellhouseOne | 082.400
2017-01-28 13:10:49 | TEMPLOG : Bio   Filter | 062.600
2017-01-28 13:10:50 | TEMPLOG : Table    One | 062.600
2017-01-28 13:11:51 | TEMPLOG : WellhouseOne | 122.900
2017-01-28 13:11:52 | TEMPLOG : Bio   Filter | 063.500
2017-01-28 13:11:52 | TEMPLOG : Table    One | 063.500
2017-01-28 13:12:52 | TEMPLOG : WellhouseOne | 091.400
2017-01-28 13:12:53 | TEMPLOG : To   GeoLoop | 050.900
2017-01-28 13:12:53 | TEMPLOG : Table    One | 064.400
2017-01-28 13:13:53 | TEMPLOG : WellhouseOne | 079.700
2017-01-28 13:13:53 | TEMPLOG : Bio   Filter | 064.400
2017-01-28 13:14:54 | TEMPLOG : WellhouseOne | 073.400
2017-01-28 13:14:54 | TEMPLOG : Bio   Filter | 065.300
2017-01-28 13:14:55 | TEMPLOG : Table    One | 065.300
2017-01-28 13:15:55 | TEMPLOG : WellhouseOne | 068.900
2017-01-28 13:15:56 | TEMPLOG : Table    One | 066.200
2017-01-28 13:16:56 | TEMPLOG : WellhouseOne | 066.200
2017-01-28 13:17:57 | TEMPLOG : WellhouseOne | 064.400
2017-01-28 13:17:58 | TEMPLOG : Table    One | 065.300
2017-01-28 13:18:58 | TEMPLOG : WellhouseOne | 062.600
2017-01-28 13:20:00 | TEMPLOG : WellhouseOne | 061.700
2017-01-28 13:21:01 | TEMPLOG : WellhouseOne | 060.800
2017-01-28 13:21:01 | TEMPLOG : Bio   Filter | 064.400
2017-01-28 13:22:02 | TEMPLOG : WellhouseOne | 059.900
2017-01-28 13:22:03 | TEMPLOG : Table    One | 064.400
2017-01-28 13:24:05 | TEMPLOG : WellhouseOne | 059.000
2017-01-28 13:25:05 | TEMPLOG : WellhouseOne | 058.100
2017-01-28 13:25:06 | TEMPLOG : Bio   Filter | 063.500
2017-01-28 13:25:06 | TEMPLOG : To   GeoLoop | 050.000
2017-01-28 13:25:06 | TEMPLOG : Table    One | 063.500
2017-01-28 13:26:07 | TEMPLOG : Bio   Filter | 062.600
2017-01-28 13:26:08 | TEMPLOG : Table    One | 062.600
2017-01-28 13:27:08 | TEMPLOG : WellhouseOne | 057.200
2017-01-28 13:27:09 | TEMPLOG : Table    One | 061.700
2017-01-28 13:28:10 | TEMPLOG : Bio   Filter | 061.700
2017-01-28 13:29:12 | TEMPLOG : Table    One | 060.800
2017-01-28 13:30:12 | TEMPLOG : WellhouseOne | 056.300
2017-01-28 13:30:12 | TEMPLOG : Bio   Filter | 060.800
2017-01-28 13:31:14 | TEMPLOG : Table    One | 059.900
2017-01-28 13:32:16 | TEMPLOG : Table    One | 060.800
2017-01-28 13:33:16 | TEMPLOG : WellhouseOne | 055.400
2017-01-28 13:34:17 | TEMPLOG : Bio   Filter | 061.700
2017-01-28 13:35:18 | TEMPLOG : Bio   Filter | 060.800
2017-01-28 13:36:20 | TEMPLOG : Bio   Filter | 061.700
2017-01-28 13:36:20 | TEMPLOG : Table    One | 061.700
2017-01-28 13:37:22 | TEMPLOG : Table    One | 062.600
2017-01-28 13:38:22 | TEMPLOG : Bio   Filter | 062.600
2017-01-28 13:38:23 | TEMPLOG : Table    One | 063.500
2017-01-28 13:39:24 | TEMPLOG : WellhouseOne | 054.500
2017-01-28 13:39:25 | TEMPLOG : To   GeoLoop | 050.900
2017-01-28 13:39:25 | TEMPLOG : Table    One | 062.600
2017-01-28 13:40:26 | TEMPLOG : Bio   Filter | 063.500
2017-01-28 13:40:26 | TEMPLOG : Table    One | 064.400
2017-01-28 13:41:27 | TEMPLOG : Bio   Filter | 064.400
2017-01-28 13:41:27 | TEMPLOG : Table    One | 065.300
2017-01-28 13:42:28 | TEMPLOG : Bio   Filter | 066.200
2017-01-28 13:42:28 | TEMPLOG : To   GeoLoop | 051.800
2017-01-28 13:42:28 | TEMPLOG : Table    One | 067.100
2017-01-28 13:43:29 | TEMPLOG : Bio   Filter | 067.100
2017-01-28 13:43:29 | TEMPLOG : Table    One | 068.000
2017-01-28 13:44:30 | TEMPLOG : WellhouseOne | 053.600
2017-01-28 13:44:30 | TEMPLOG : Bio   Filter | 068.000
2017-01-28 13:44:30 | TEMPLOG : Table    One | 068.900
2017-01-28 13:45:32 | TEMPLOG : Table    One | 069.800
2017-01-28 13:46:32 | TEMPLOG : WellhouseOne | 054.500
2017-01-28 13:46:32 | TEMPLOG : Bio   Filter | 068.900
2017-01-28 13:46:32 | TEMPLOG : To   GeoLoop | 052.700
2017-01-28 13:47:33 | TEMPLOG : WellhouseOne | 058.100
2017-01-28 13:48:34 | TEMPLOG : WellhouseOne | 116.600
2017-01-28 13:49:34 | TEMPLOG : WellhouseOne | 099.500
2017-01-28 13:49:35 | TEMPLOG : Bio   Filter | 068.000
2017-01-28 13:49:35 | TEMPLOG : To   GeoLoop | 051.800
2017-01-28 13:49:35 | TEMPLOG : Table    One | 068.900
2017-01-28 13:50:36 | TEMPLOG : WellhouseOne | 083.300
2017-01-28 13:50:38 | TEMPLOG : Table    One | 068.000
2017-01-28 13:51:39 | TEMPLOG : WellhouseOne | 076.100
2017-01-28 13:51:39 | TEMPLOG : Bio   Filter | 067.100
2017-01-28 13:51:39 | TEMPLOG : Table    One | 067.100
2017-01-28 13:52:40 | TEMPLOG : WellhouseOne | 071.600
2017-01-28 13:52:40 | TEMPLOG : Bio   Filter | 066.200
2017-01-28 13:52:40 | TEMPLOG : To   GeoLoop | 050.900
2017-01-28 13:52:40 | TEMPLOG : Table    One | 066.200
2017-01-28 13:53:41 | TEMPLOG : WellhouseOne | 068.900
2017-01-28 13:53:41 | TEMPLOG : Bio   Filter | 065.300
2017-01-28 13:53:42 | TEMPLOG : Table    One | 064.400
2017-01-28 13:54:42 | TEMPLOG : WellhouseOne | 066.200
2017-01-28 13:55:43 | TEMPLOG : WellhouseOne | 064.400
2017-01-28 13:55:44 | TEMPLOG : Table    One | 065.300
2017-01-28 13:56:44 | TEMPLOG : WellhouseOne | 062.600
2017-01-28 13:56:45 | TEMPLOG : Table    One | 066.200
2017-01-28 13:57:46 | TEMPLOG : WellhouseOne | 061.700
2017-01-28 13:57:47 | TEMPLOG : Bio   Filter | 066.200
2017-01-28 13:57:47 | TEMPLOG : Table    One | 067.100
2017-01-28 13:58:47 | TEMPLOG : WellhouseOne | 060.800
2017-01-28 13:58:48 | TEMPLOG : Bio   Filter | 067.100
2017-01-28 13:58:48 | TEMPLOG : To   GeoLoop | 051.800
2017-01-28 13:58:49 | TEMPLOG : Table    One | 068.000
2017-01-28 13:59:49 | TEMPLOG : WellhouseOne | 059.900
2017-01-28 14:00:50 | TEMPLOG : WellhouseOne | 059.900
2017-01-28 14:00:50 | TEMPLOG : Bio   Filter | 068.000
2017-01-28 14:00:51 | TEMPLOG : To   GeoLoop | 051.800
2017-01-28 14:00:51 | TEMPLOG : Table    One | 069.800
2017-01-28 14:01:51 | TEMPLOG : WellhouseOne | 059.000
2017-01-28 14:01:52 | TEMPLOG : Table    One | 068.900
2017-01-28 14:02:53 | TEMPLOG : Bio   Filter | 068.900
2017-01-28 14:02:54 | TEMPLOG : Table    One | 070.700
2017-01-28 14:03:54 | TEMPLOG : WellhouseOne | 058.100
2017-01-28 14:03:55 | TEMPLOG : To   GeoLoop | 052.700
2017-01-28 14:03:55 | TEMPLOG : Table    One | 069.800
2017-01-28 14:04:56 | TEMPLOG : To   GeoLoop | 051.800
2017-01-28 14:05:57 | TEMPLOG : Table    One | 068.900
2017-01-28 14:06:58 | TEMPLOG : Table    One | 069.800
2017-01-28 14:07:59 | TEMPLOG : Bio   Filter | 070.700
2017-01-28 14:07:59 | TEMPLOG : To   GeoLoop | 052.700
2017-01-28 14:07:59 | TEMPLOG : Table    One | 071.600
2017-01-28 14:08:59 | TEMPLOG : WellhouseOne | 057.200
2017-01-28 14:09:00 | TEMPLOG : Bio   Filter | 073.400
2017-01-28 14:09:00 | TEMPLOG : To   GeoLoop | 053.600
2017-01-28 14:09:00 | TEMPLOG : Table    One | 075.200
2017-01-28 14:10:01 | TEMPLOG : Bio   Filter | 074.300
2017-01-28 14:11:02 | TEMPLOG : Bio   Filter | 075.200
2017-01-28 14:11:02 | TEMPLOG : Table    One | 076.100
2017-01-28 14:14:05 | TEMPLOG : Bio   Filter | 074.300
2017-01-28 14:14:06 | TEMPLOG : Table    One | 074.300
2017-01-28 14:15:07 | TEMPLOG : WellhouseOne | 056.300
2017-01-28 14:15:07 | TEMPLOG : Bio   Filter | 072.500
2017-01-28 14:15:07 | TEMPLOG : To   GeoLoop | 052.700
2017-01-28 14:15:08 | TEMPLOG : Table    One | 071.600
2017-01-28 14:16:09 | TEMPLOG : Bio   Filter | 070.700
2017-01-28 14:16:09 | TEMPLOG : To   GeoLoop | 051.800
2017-01-28 14:16:09 | TEMPLOG : Table    One | 069.800
2017-01-28 14:18:10 | TEMPLOG : WellhouseOne | 055.400
2017-01-28 14:18:10 | TEMPLOG : Bio   Filter | 069.800
2017-01-28 14:19:11 | TEMPLOG : Bio   Filter | 070.700
2017-01-28 14:19:12 | TEMPLOG : Table    One | 071.600
2017-01-28 14:20:13 | TEMPLOG : Bio   Filter | 071.600
2017-01-28 14:20:13 | TEMPLOG : To   GeoLoop | 052.700
2017-01-28 14:20:13 | TEMPLOG : Table    One | 072.500
2017-01-28 14:21:14 | TEMPLOG : Table    One | 073.400
2017-01-28 14:22:15 | TEMPLOG : WellhouseOne | 054.500
2017-01-28 14:22:15 | TEMPLOG : Bio   Filter | 073.400
2017-01-28 14:22:15 | TEMPLOG : To   GeoLoop | 053.600
2017-01-28 14:22:15 | TEMPLOG : Table    One | 075.200
2017-01-28 14:23:17 | TEMPLOG : Table    One | 074.300
2017-01-28 14:24:17 | TEMPLOG : Bio   Filter | 075.200
2017-01-28 14:24:18 | TEMPLOG : Table    One | 077.000
2017-01-28 14:25:19 | TEMPLOG : Bio   Filter | 077.000
2017-01-28 14:25:19 | TEMPLOG : To   GeoLoop | 054.500
2017-01-28 14:25:19 | TEMPLOG : Table    One | 080.600
2017-01-28 14:26:21 | TEMPLOG : Table    One | 078.800
2017-01-28 14:27:22 | TEMPLOG : WellhouseOne | 098.600
2017-01-28 14:27:22 | TEMPLOG : Bio   Filter | 074.300
2017-01-28 14:27:23 | TEMPLOG : To   GeoLoop | 053.600
2017-01-28 14:27:23 | TEMPLOG : Table    One | 074.300
2017-01-28 14:28:23 | TEMPLOG : WellhouseOne | 126.500
2017-01-28 14:28:24 | TEMPLOG : Bio   Filter | 072.500
2017-01-28 14:28:24 | TEMPLOG : To   GeoLoop | 052.700
2017-01-28 14:28:24 | TEMPLOG : Table    One | 071.600
2017-01-28 14:29:24 | TEMPLOG : WellhouseOne | 090.500
2017-01-28 14:29:25 | TEMPLOG : Bio   Filter | 070.700
2017-01-28 14:29:25 | TEMPLOG : Table    One | 070.700
2017-01-28 14:30:26 | TEMPLOG : WellhouseOne | 079.700
2017-01-28 14:30:26 | TEMPLOG : Bio   Filter | 069.800
2017-01-28 14:30:27 | TEMPLOG : To   GeoLoop | 051.800
2017-01-28 14:30:27 | TEMPLOG : Table    One | 069.800
2017-01-28 14:31:28 | TEMPLOG : WellhouseOne | 073.400
2017-01-28 14:31:28 | TEMPLOG : Bio   Filter | 068.900
2017-01-28 14:31:29 | TEMPLOG : Table    One | 068.900
2017-01-28 14:32:29 | TEMPLOG : WellhouseOne | 069.800
2017-01-28 14:32:31 | TEMPLOG : Table    One | 068.000
2017-01-28 14:33:31 | TEMPLOG : WellhouseOne | 067.100
2017-01-28 14:33:31 | TEMPLOG : Bio   Filter | 068.000
2017-01-28 14:33:32 | TEMPLOG : Table    One | 067.100
2017-01-28 14:34:32 | TEMPLOG : WellhouseOne | 065.300
2017-01-28 14:34:32 | TEMPLOG : Bio   Filter | 067.100
2017-01-28 14:34:33 | TEMPLOG : Table    One | 066.200
2017-01-28 14:35:33 | TEMPLOG : WellhouseOne | 064.400
2017-01-28 14:36:34 | TEMPLOG : WellhouseOne | 062.600
2017-01-28 14:36:35 | TEMPLOG : Bio   Filter | 066.200
2017-01-28 14:36:35 | TEMPLOG : Table    One | 065.300
2017-01-28 14:37:36 | TEMPLOG : WellhouseOne | 061.700
2017-01-28 14:37:36 | TEMPLOG : Bio   Filter | 065.300
2017-01-28 14:38:37 | TEMPLOG : WellhouseOne | 060.800
2017-01-28 14:38:37 | TEMPLOG : To   GeoLoop | 050.900
2017-01-28 14:38:38 | TEMPLOG : Table    One | 064.400
2017-01-28 14:39:38 | TEMPLOG : WellhouseOne | 059.900
2017-01-28 14:39:40 | TEMPLOG : Bio   Filter | 064.400
2017-01-28 14:39:40 | TEMPLOG : Table    One | 063.500
2017-01-28 14:41:43 | TEMPLOG : Bio   Filter | 063.500
2017-01-28 14:42:44 | TEMPLOG : WellhouseOne | 059.000
2017-01-28 14:42:45 | TEMPLOG : Table    One | 062.600
2017-01-28 14:43:45 | TEMPLOG : Bio   Filter | 062.600
2017-01-28 14:44:46 | TEMPLOG : WellhouseOne | 058.100
2017-01-28 14:46:47 | TEMPLOG : WellhouseOne | 057.200
2017-01-28 14:47:49 | TEMPLOG : Bio   Filter | 063.500
2017-01-28 14:47:49 | TEMPLOG : To   GeoLoop | 051.800
2017-01-28 14:47:49 | TEMPLOG : Table    One | 064.400
2017-01-28 14:48:49 | TEMPLOG : WellhouseOne | 056.300
2017-01-28 14:48:50 | TEMPLOG : Bio   Filter | 065.300
2017-01-28 14:48:51 | TEMPLOG : Table    One | 066.200
2017-01-28 14:49:52 | TEMPLOG : Table    One | 065.300
2017-01-28 14:50:53 | TEMPLOG : Bio   Filter | 064.400
2017-01-28 14:51:54 | TEMPLOG : Table    One | 063.500
2017-01-28 14:52:55 | TEMPLOG : Bio   Filter | 063.500
2017-01-28 14:52:55 | TEMPLOG : To   GeoLoop | 050.900
2017-01-28 14:52:57 | TEMPLOG : Table    One | 062.600
2017-01-28 14:53:57 | TEMPLOG : WellhouseOne | 055.400
2017-01-28 14:53:57 | TEMPLOG : Bio   Filter | 062.600
2017-01-28 14:54:59 | TEMPLOG : Table    One | 061.700
2017-01-28 14:55:59 | TEMPLOG : Bio   Filter | 063.500
2017-01-28 14:56:00 | TEMPLOG : Table    One | 063.500
2017-01-28 14:57:00 | TEMPLOG : Bio   Filter | 064.400
2017-01-28 14:57:00 | TEMPLOG : To   GeoLoop | 051.800
2017-01-28 14:57:01 | TEMPLOG : Table    One | 064.400
2017-01-28 14:59:02 | TEMPLOG : WellhouseOne | 054.500
2017-01-28 15:00:03 | TEMPLOG : WellhouseOne | 054.500
2017-01-28 15:00:03 | TEMPLOG : Bio   Filter | 064.400
2017-01-28 15:00:04 | TEMPLOG : To   GeoLoop | 051.800
2017-01-28 15:00:04 | TEMPLOG : Table    One | 065.300
2017-01-28 15:01:05 | TEMPLOG : Table    One | 064.400
2017-01-28 15:02:07 | TEMPLOG : Bio   Filter | 063.500
2017-01-28 15:02:07 | TEMPLOG : To   GeoLoop | 050.900
2017-01-28 15:02:07 | TEMPLOG : Table    One | 062.600
2017-01-28 15:03:08 | TEMPLOG : Bio   Filter | 062.600
2017-01-28 15:03:08 | TEMPLOG : Table    One | 061.700
2017-01-28 15:04:09 | TEMPLOG : Bio   Filter | 061.700
2017-01-28 15:04:09 | TEMPLOG : Table    One | 060.800
2017-01-28 15:05:10 | TEMPLOG : WellhouseOne | 085.100
2017-01-28 15:06:11 | TEMPLOG : WellhouseOne | 125.600
2017-01-28 15:06:11 | TEMPLOG : Bio   Filter | 060.800
2017-01-28 15:06:11 | TEMPLOG : To   GeoLoop | 050.000
2017-01-28 15:06:11 | TEMPLOG : Table    One | 059.900
2017-01-28 15:07:12 | TEMPLOG : WellhouseOne | 095.900
2017-01-28 15:07:12 | TEMPLOG : Bio   Filter | 061.700
2017-01-28 15:07:12 | TEMPLOG : To   GeoLoop | 050.900
2017-01-28 15:07:13 | TEMPLOG : Table    One | 061.700
2017-01-28 15:08:13 | TEMPLOG : WellhouseOne | 082.400
2017-01-28 15:08:13 | TEMPLOG : Bio   Filter | 062.600
2017-01-28 15:08:14 | TEMPLOG : Table    One | 062.600
2017-01-28 15:09:14 | TEMPLOG : WellhouseOne | 076.100
2017-01-28 15:09:14 | TEMPLOG : Bio   Filter | 064.400
2017-01-28 15:09:15 | TEMPLOG : To   GeoLoop | 051.800
2017-01-28 15:09:15 | TEMPLOG : Table    One | 065.300
2017-01-28 15:10:16 | TEMPLOG : WellhouseOne | 072.500
2017-01-28 15:10:16 | TEMPLOG : Bio   Filter | 067.100
2017-01-28 15:10:17 | TEMPLOG : Table    One | 068.900
2017-01-28 15:11:18 | TEMPLOG : WellhouseOne | 068.900
2017-01-28 15:11:18 | TEMPLOG : Bio   Filter | 068.000
2017-01-28 15:11:18 | TEMPLOG : To   GeoLoop | 052.700
2017-01-28 15:11:18 | TEMPLOG : Table    One | 069.800
2017-01-28 15:12:19 | TEMPLOG : WellhouseOne | 067.100
2017-01-28 15:12:19 | TEMPLOG : Bio   Filter | 068.900
2017-01-28 15:12:20 | TEMPLOG : Table    One | 070.700
2017-01-28 15:13:20 | TEMPLOG : WellhouseOne | 065.300
2017-01-28 15:13:20 | TEMPLOG : Table    One | 068.900
2017-01-28 15:14:21 | TEMPLOG : WellhouseOne | 063.500
2017-01-28 15:14:21 | TEMPLOG : Bio   Filter | 068.000
2017-01-28 15:14:21 | TEMPLOG : Table    One | 068.000
2017-01-28 15:15:22 | TEMPLOG : WellhouseOne | 062.600
2017-01-28 15:16:23 | TEMPLOG : WellhouseOne | 061.700
2017-01-28 15:16:23 | TEMPLOG : Bio   Filter | 068.900
2017-01-28 15:17:24 | TEMPLOG : WellhouseOne | 060.800
2017-01-28 15:18:25 | TEMPLOG : WellhouseOne | 059.900
2017-01-28 15:18:25 | TEMPLOG : Bio   Filter | 068.000
2017-01-28 15:18:26 | TEMPLOG : Table    One | 067.100
2017-01-28 15:19:26 | TEMPLOG : Bio   Filter | 066.200
2017-01-28 15:19:27 | TEMPLOG : To   GeoLoop | 051.800
2017-01-28 15:19:27 | TEMPLOG : Table    One | 065.300
2017-01-28 15:20:27 | TEMPLOG : WellhouseOne | 059.000
2017-01-28 15:20:28 | TEMPLOG : Bio   Filter | 064.400
2017-01-28 15:20:28 | TEMPLOG : Table    One | 064.400
2017-01-28 15:21:29 | TEMPLOG : Bio   Filter | 063.500
2017-01-28 15:21:29 | TEMPLOG : To   GeoLoop | 050.900
2017-01-28 15:21:29 | TEMPLOG : Table    One | 062.600
2017-01-28 15:22:29 | TEMPLOG : WellhouseOne | 058.100
2017-01-28 15:22:30 | TEMPLOG : Bio   Filter | 062.600
2017-01-28 15:22:30 | TEMPLOG : Table    One | 061.700
2017-01-28 15:23:30 | TEMPLOG : WellhouseOne | 057.200
2017-01-28 15:23:32 | TEMPLOG : Bio   Filter | 061.700
2017-01-28 15:23:32 | TEMPLOG : Table    One | 060.800
2017-01-28 15:24:32 | TEMPLOG : Bio   Filter | 060.800
2017-01-28 15:25:34 | TEMPLOG : Bio   Filter | 059.900
2017-01-28 15:25:34 | TEMPLOG : To   GeoLoop | 050.000
2017-01-28 15:25:35 | TEMPLOG : Table    One | 059.900
2017-01-28 15:26:35 | TEMPLOG : Table    One | 059.000
2017-01-28 15:27:36 | TEMPLOG : WellhouseOne | 056.300
2017-01-28 15:27:36 | TEMPLOG : Bio   Filter | 059.000
2017-01-28 15:28:37 | TEMPLOG : Table    One | 058.100
2017-01-28 15:29:38 | TEMPLOG : Bio   Filter | 058.100
2017-01-28 15:30:39 | TEMPLOG : WellhouseOne | 055.400
2017-01-28 15:30:39 | TEMPLOG : Bio   Filter | 057.200
2017-01-28 15:30:40 | TEMPLOG : Table    One | 057.200
2017-01-28 15:31:41 | TEMPLOG : Table    One | 056.300
2017-01-28 15:32:41 | TEMPLOG : Bio   Filter | 056.300
2017-01-28 15:33:44 | TEMPLOG : Table    One | 055.400
2017-01-28 15:34:44 | TEMPLOG : WellhouseOne | 054.500
2017-01-28 15:34:44 | TEMPLOG : Bio   Filter | 055.400
2017-01-28 15:35:45 | TEMPLOG : To   GeoLoop | 049.100
2017-01-28 15:35:46 | TEMPLOG : Table    One | 054.500
2017-01-28 15:37:47 | TEMPLOG : Bio   Filter | 054.500
2017-01-28 15:38:48 | TEMPLOG : WellhouseOne | 053.600
2017-01-28 15:38:48 | TEMPLOG : Table    One | 053.600
2017-01-28 15:40:51 | TEMPLOG : Bio   Filter | 053.600
2017-01-28 15:41:54 | TEMPLOG : Table    One | 052.700
2017-01-28 15:42:54 | TEMPLOG : WellhouseOne | 079.700
2017-01-28 15:43:55 | TEMPLOG : WellhouseOne | 122.000
2017-01-28 15:43:55 | TEMPLOG : Bio   Filter | 052.700
2017-01-28 15:44:56 | TEMPLOG : WellhouseOne | 101.300
2017-01-28 15:45:57 | TEMPLOG : WellhouseOne | 083.300
2017-01-28 15:45:58 | TEMPLOG : Table    One | 051.800
2017-01-28 15:46:59 | TEMPLOG : WellhouseOne | 075.200
2017-01-28 15:48:00 | TEMPLOG : WellhouseOne | 070.700
2017-01-28 15:48:01 | TEMPLOG : Bio   Filter | 051.800
2017-01-28 15:49:02 | TEMPLOG : WellhouseOne | 067.100
2017-01-28 15:49:02 | TEMPLOG : Bio   Filter | 052.700
2017-01-28 15:50:02 | TEMPLOG : WellhouseOne | 065.300
2017-01-28 15:50:02 | TEMPLOG : Bio   Filter | 053.600
2017-01-28 15:50:03 | TEMPLOG : Table    One | 054.500
2017-01-28 15:51:03 | TEMPLOG : WellhouseOne | 062.600
2017-01-28 15:51:03 | TEMPLOG : Bio   Filter | 055.400
2017-01-28 15:51:04 | TEMPLOG : Table    One | 055.400
2017-01-28 15:52:04 | TEMPLOG : WellhouseOne | 061.700
2017-01-28 15:52:04 | TEMPLOG : Bio   Filter | 054.500
2017-01-28 15:53:05 | TEMPLOG : WellhouseOne | 060.800
2017-01-28 15:53:05 | TEMPLOG : Bio   Filter | 056.300
2017-01-28 15:53:06 | TEMPLOG : To   GeoLoop | 050.000
2017-01-28 15:53:06 | TEMPLOG : Table    One | 057.200
2017-01-28 15:54:06 | TEMPLOG : WellhouseOne | 059.900
2017-01-28 15:54:07 | TEMPLOG : Table    One | 056.300
2017-01-28 15:55:07 | TEMPLOG : WellhouseOne | 059.000
2017-01-28 15:55:07 | TEMPLOG : Bio   Filter | 055.400
2017-01-28 15:55:08 | TEMPLOG : Table    One | 055.400
2017-01-28 15:56:08 | TEMPLOG : WellhouseOne | 058.100
2017-01-28 15:56:08 | TEMPLOG : Bio   Filter | 054.500
2017-01-28 15:56:09 | TEMPLOG : To   GeoLoop | 049.100
2017-01-28 15:56:09 | TEMPLOG : Table    One | 054.500
2017-01-28 15:57:09 | TEMPLOG : Bio   Filter | 053.600
2017-01-28 15:57:10 | TEMPLOG : Table    One | 053.600
2017-01-28 15:58:10 | TEMPLOG : WellhouseOne | 057.200
2017-01-28 15:58:11 | TEMPLOG : Table    One | 052.700
2017-01-28 15:59:11 | TEMPLOG : WellhouseOne | 056.300
2017-01-28 16:00:13 | TEMPLOG : WellhouseOne | 056.300
2017-01-28 16:00:13 | TEMPLOG : Bio   Filter | 052.700
2017-01-28 16:00:13 | TEMPLOG : To   GeoLoop | 049.100
2017-01-28 16:00:14 | TEMPLOG : Table    One | 052.700
2017-01-28 16:04:18 | TEMPLOG : WellhouseOne | 055.400
2017-01-28 16:04:19 | TEMPLOG : Table    One | 051.800
2017-01-28 16:05:20 | TEMPLOG : Bio   Filter | 051.800
2017-01-28 16:07:23 | TEMPLOG : WellhouseOne | 054.500
2017-01-28 16:07:23 | TEMPLOG : Table    One | 052.700
2017-01-28 16:08:24 | TEMPLOG : Bio   Filter | 052.700
2017-01-28 16:10:26 | TEMPLOG : Bio   Filter | 051.800
2017-01-28 16:11:28 | TEMPLOG : Table    One | 051.800
2017-01-28 16:13:30 | TEMPLOG : WellhouseOne | 053.600
2017-01-28 16:14:32 | TEMPLOG : Table    One | 052.700
2017-01-28 16:15:32 | TEMPLOG : Bio   Filter | 052.700
2017-01-28 16:17:34 | TEMPLOG : WellhouseOne | 052.700
2017-01-28 16:17:34 | TEMPLOG : Bio   Filter | 051.800
2017-01-28 16:17:34 | TEMPLOG : Table    One | 051.800
2017-01-28 16:19:36 | TEMPLOG : WellhouseOne | 074.300
2017-01-28 16:19:36 | TEMPLOG : Bio   Filter | 050.900
2017-01-28 16:19:37 | TEMPLOG : Table    One | 050.900
2017-01-28 16:20:37 | TEMPLOG : WellhouseOne | 120.200
2017-01-28 16:21:38 | TEMPLOG : WellhouseOne | 104.900
2017-01-28 16:21:39 | TEMPLOG : Table    One | 050.000
2017-01-28 16:22:39 | TEMPLOG : WellhouseOne | 084.200
2017-01-28 16:22:39 | TEMPLOG : Bio   Filter | 050.000
2017-01-28 16:23:41 | TEMPLOG : WellhouseOne | 077.000
2017-01-28 16:23:41 | TEMPLOG : To   GeoLoop | 048.200
2017-01-28 16:23:42 | TEMPLOG : Table    One | 049.100
2017-01-28 16:24:42 | TEMPLOG : WellhouseOne | 071.600
2017-01-28 16:24:42 | TEMPLOG : Bio   Filter | 049.100
2017-01-28 16:25:43 | TEMPLOG : WellhouseOne | 068.000
2017-01-28 16:25:44 | TEMPLOG : Table    One | 048.200
2017-01-28 16:26:45 | TEMPLOG : WellhouseOne | 065.300
2017-01-28 16:27:46 | TEMPLOG : WellhouseOne | 063.500
2017-01-28 16:27:47 | TEMPLOG : Bio   Filter | 048.200
2017-01-28 16:28:47 | TEMPLOG : WellhouseOne | 062.600
2017-01-28 16:28:48 | TEMPLOG : Table    One | 047.300
2017-01-28 16:29:48 | TEMPLOG : WellhouseOne | 060.800
2017-01-28 16:30:50 | TEMPLOG : WellhouseOne | 059.900
2017-01-28 16:31:51 | TEMPLOG : WellhouseOne | 059.000
2017-01-28 16:31:51 | TEMPLOG : Bio   Filter | 047.300
2017-01-28 16:32:52 | TEMPLOG : WellhouseOne | 058.100
2017-01-28 16:33:54 | TEMPLOG : WellhouseOne | 057.200
2017-01-28 16:33:55 | TEMPLOG : Table    One | 046.400
2017-01-28 16:36:58 | TEMPLOG : WellhouseOne | 056.300
2017-01-28 16:37:59 | TEMPLOG : WellhouseOne | 055.400
2017-01-28 16:37:59 | TEMPLOG : Bio   Filter | 046.400
2017-01-28 16:39:00 | TEMPLOG : WellhouseOne | 054.500
2017-01-28 16:41:06 | TEMPLOG : Table    One | 045.500
2017-01-28 16:44:09 | TEMPLOG : WellhouseOne | 053.600
2017-01-28 16:45:09 | TEMPLOG : Bio   Filter | 045.500
2017-01-28 16:47:11 | TEMPLOG : WellhouseOne | 052.700
2017-01-28 16:48:13 | TEMPLOG : To   GeoLoop | 047.300
2017-01-28 16:48:13 | TEMPLOG : Table    One | 044.600
2017-01-28 16:49:14 | TEMPLOG : To   GeoLoop | 048.200
2017-01-28 16:50:15 | TEMPLOG : To   GeoLoop | 047.300
2017-01-28 16:51:16 | TEMPLOG : Bio   Filter | 044.600
2017-01-28 16:51:17 | TEMPLOG : To   GeoLoop | 048.200
2017-01-28 16:53:19 | TEMPLOG : To   GeoLoop | 047.300
2017-01-28 16:55:21 | TEMPLOG : WellhouseOne | 112.100
2017-01-28 16:56:22 | TEMPLOG : WellhouseOne | 131.000
2017-01-28 16:57:23 | TEMPLOG : WellhouseOne | 091.400
2017-01-28 16:58:24 | TEMPLOG : WellhouseOne | 080.600
2017-01-28 16:58:24 | TEMPLOG : Bio   Filter | 045.500
2017-01-28 16:59:25 | TEMPLOG : WellhouseOne | 073.400
2017-01-28 17:00:28 | TEMPLOG : WellhouseOne | 068.900
2017-01-28 17:00:28 | TEMPLOG : Bio   Filter | 044.600
2017-01-28 17:00:29 | TEMPLOG : To   GeoLoop | 047.300
2017-01-28 17:00:29 | TEMPLOG : Table    One | 044.600
2017-01-28 17:01:29 | TEMPLOG : WellhouseOne | 065.300
2017-01-28 17:02:30 | TEMPLOG : WellhouseOne | 063.500
2017-01-28 17:03:31 | TEMPLOG : WellhouseOne | 061.700
2017-01-28 17:03:32 | TEMPLOG : Table    One | 043.700
2017-01-28 17:04:32 | TEMPLOG : WellhouseOne | 060.800
2017-01-28 17:05:33 | TEMPLOG : WellhouseOne | 059.000
2017-01-28 17:06:35 | TEMPLOG : WellhouseOne | 058.100
2017-01-28 17:06:35 | TEMPLOG : Bio   Filter | 043.700
2017-01-28 17:07:36 | TEMPLOG : WellhouseOne | 057.200
2017-01-28 17:09:39 | TEMPLOG : WellhouseOne | 056.300
2017-01-28 17:12:44 | TEMPLOG : WellhouseOne | 055.400
2017-01-28 17:15:48 | TEMPLOG : WellhouseOne | 054.500
2017-01-28 17:17:50 | TEMPLOG : Table    One | 042.800
2017-01-28 17:19:52 | TEMPLOG : WellhouseOne | 053.600
2017-01-28 17:22:55 | TEMPLOG : Bio   Filter | 042.800
2017-01-28 17:23:56 | TEMPLOG : WellhouseOne | 052.700
2017-01-28 17:24:58 | TEMPLOG : Bio   Filter | 043.700
2017-01-28 17:27:00 | TEMPLOG : Bio   Filter | 042.800
2017-01-28 17:29:04 | TEMPLOG : WellhouseOne | 051.800
2017-01-28 17:31:06 | TEMPLOG : WellhouseOne | 113.000
2017-01-28 17:32:06 | TEMPLOG : WellhouseOne | 123.800
2017-01-28 17:33:08 | TEMPLOG : WellhouseOne | 088.700
2017-01-28 17:34:09 | TEMPLOG : WellhouseOne | 077.900
2017-01-28 17:35:10 | TEMPLOG : WellhouseOne | 072.500
2017-01-28 17:36:11 | TEMPLOG : WellhouseOne | 068.000
2017-01-28 17:37:13 | TEMPLOG : WellhouseOne | 065.300
2017-01-28 17:38:14 | TEMPLOG : WellhouseOne | 062.600
2017-01-28 17:39:14 | TEMPLOG : WellhouseOne | 060.800
2017-01-28 17:39:15 | TEMPLOG : Table    One | 041.900
2017-01-28 17:40:15 | TEMPLOG : WellhouseOne | 059.000
2017-01-28 17:42:18 | TEMPLOG : WellhouseOne | 058.100
2017-01-28 17:43:19 | TEMPLOG : WellhouseOne | 057.200
2017-01-28 17:44:20 | TEMPLOG : WellhouseOne | 056.300
2017-01-28 17:44:20 | TEMPLOG : Bio   Filter | 041.900
2017-01-28 17:46:22 | TEMPLOG : WellhouseOne | 055.400
2017-01-28 17:48:24 | TEMPLOG : WellhouseOne | 054.500
2017-01-28 17:49:28 | TEMPLOG : Table    One | 041.000
2017-01-28 17:51:29 | TEMPLOG : WellhouseOne | 053.600
2017-01-28 17:52:31 | TEMPLOG : Bio   Filter | 041.000
2017-01-28 17:53:32 | TEMPLOG : Bio   Filter | 041.900
2017-01-28 17:54:33 | TEMPLOG : WellhouseOne | 052.700
2017-01-28 17:59:38 | TEMPLOG : WellhouseOne | 051.800
2017-01-28 17:59:40 | TEMPLOG : Table    One | 041.900
2017-01-28 18:00:40 | TEMPLOG : WellhouseOne | 051.800
2017-01-28 18:00:40 | TEMPLOG : Bio   Filter | 041.900
2017-01-28 18:00:40 | TEMPLOG : To   GeoLoop | 047.300
2017-01-28 18:00:41 | TEMPLOG : Table    One | 041.900
2017-01-28 18:01:42 | TEMPLOG : Table    One | 041.000
2017-01-28 18:02:43 | TEMPLOG : Table    One | 041.900
2017-01-28 18:03:43 | TEMPLOG : WellhouseOne | 050.900
2017-01-28 18:05:45 | TEMPLOG : WellhouseOne | 096.800
2017-01-28 18:06:47 | TEMPLOG : WellhouseOne | 130.100
2017-01-28 18:07:48 | TEMPLOG : WellhouseOne | 093.200
2017-01-28 18:08:49 | TEMPLOG : WellhouseOne | 079.700
2017-01-28 18:09:50 | TEMPLOG : WellhouseOne | 072.500
2017-01-28 18:10:51 | TEMPLOG : WellhouseOne | 067.100
2017-01-28 18:11:52 | TEMPLOG : WellhouseOne | 064.400
2017-01-28 18:12:53 | TEMPLOG : WellhouseOne | 062.600
2017-01-28 18:13:54 | TEMPLOG : WellhouseOne | 059.900
2017-01-28 18:14:56 | TEMPLOG : WellhouseOne | 059.000
2017-01-28 18:15:57 | TEMPLOG : WellhouseOne | 057.200
2017-01-28 18:16:58 | TEMPLOG : WellhouseOne | 056.300
2017-01-28 18:19:00 | TEMPLOG : WellhouseOne | 055.400
2017-01-28 18:21:03 | TEMPLOG : WellhouseOne | 054.500
2017-01-28 18:22:04 | TEMPLOG : WellhouseOne | 053.600
2017-01-28 18:25:08 | TEMPLOG : WellhouseOne | 052.700
2017-01-28 18:27:10 | TEMPLOG : WellhouseOne | 051.800
2017-01-28 18:31:15 | TEMPLOG : WellhouseOne | 050.900
2017-01-28 18:37:22 | TEMPLOG : WellhouseOne | 050.000
2017-01-28 18:41:28 | TEMPLOG : WellhouseOne | 090.500
2017-01-28 18:42:29 | TEMPLOG : WellhouseOne | 122.000
2017-01-28 18:43:30 | TEMPLOG : WellhouseOne | 112.100
2017-01-28 18:44:31 | TEMPLOG : WellhouseOne | 086.900
2017-01-28 18:45:33 | TEMPLOG : WellhouseOne | 077.900
2017-01-28 18:46:33 | TEMPLOG : WellhouseOne | 070.700
2017-01-28 18:47:34 | TEMPLOG : WellhouseOne | 066.200
2017-01-28 18:48:35 | TEMPLOG : WellhouseOne | 063.500
2017-01-28 18:49:36 | TEMPLOG : WellhouseOne | 061.700
2017-01-28 18:50:37 | TEMPLOG : WellhouseOne | 059.900
2017-01-28 18:51:38 | TEMPLOG : WellhouseOne | 058.100
2017-01-28 18:52:39 | TEMPLOG : WellhouseOne | 057.200
2017-01-28 18:53:40 | TEMPLOG : WellhouseOne | 056.300
2017-01-28 18:54:40 | TEMPLOG : WellhouseOne | 055.400
2017-01-28 18:55:43 | TEMPLOG : WellhouseOne | 054.500
2017-01-28 18:58:47 | TEMPLOG : WellhouseOne | 053.600
2017-01-28 19:00:49 | TEMPLOG : WellhouseOne | 052.700
2017-01-28 19:00:50 | TEMPLOG : Bio   Filter | 041.900
2017-01-28 19:00:50 | TEMPLOG : To   GeoLoop | 047.300
2017-01-28 19:00:50 | TEMPLOG : Table    One | 041.900
2017-01-28 19:05:57 | TEMPLOG : WellhouseOne | 051.800
2017-01-28 19:14:05 | TEMPLOG : WellhouseOne | 050.900
2017-01-28 19:17:09 | TEMPLOG : WellhouseOne | 050.000
2017-01-28 19:18:11 | TEMPLOG : WellhouseOne | 111.200
2017-01-28 19:18:11 | TEMPLOG : Table    One | 041.000
2017-01-28 19:19:12 | TEMPLOG : WellhouseOne | 128.300
2017-01-28 19:20:13 | TEMPLOG : WellhouseOne | 091.400
2017-01-28 19:21:14 | TEMPLOG : WellhouseOne | 078.800
2017-01-28 19:22:15 | TEMPLOG : WellhouseOne | 072.500
2017-01-28 19:23:16 | TEMPLOG : WellhouseOne | 068.000
2017-01-28 19:24:18 | TEMPLOG : WellhouseOne | 064.400
2017-01-28 19:25:19 | TEMPLOG : WellhouseOne | 062.600
2017-01-28 19:26:20 | TEMPLOG : WellhouseOne | 059.900
2017-01-28 19:26:21 | TEMPLOG : Bio   Filter | 041.000
2017-01-28 19:28:24 | TEMPLOG : WellhouseOne | 058.100
2017-01-28 19:29:25 | TEMPLOG : WellhouseOne | 057.200
2017-01-28 19:30:26 | TEMPLOG : WellhouseOne | 056.300
2017-01-28 19:31:26 | TEMPLOG : WellhouseOne | 055.400
2017-01-28 19:31:27 | TEMPLOG : To   GeoLoop | 046.400
2017-01-28 19:31:27 | TEMPLOG : Table    One | 040.100
2017-01-28 19:33:28 | TEMPLOG : WellhouseOne | 054.500
2017-01-28 19:34:30 | TEMPLOG : Bio   Filter | 040.100
2017-01-28 19:36:31 | TEMPLOG : WellhouseOne | 053.600
2017-01-28 19:37:33 | TEMPLOG : Table    One | 039.200
2017-01-28 19:39:34 | TEMPLOG : WellhouseOne | 052.700
2017-01-28 19:40:36 | TEMPLOG : Bio   Filter | 039.200
2017-01-28 19:42:39 | TEMPLOG : WellhouseOne | 051.800
2017-01-28 19:43:41 | TEMPLOG : Table    One | 038.300
2017-01-28 19:46:43 | TEMPLOG : WellhouseOne | 050.900
2017-01-28 19:46:44 | TEMPLOG : Bio   Filter | 038.300
2017-01-28 19:48:46 | TEMPLOG : To   GeoLoop | 045.500
2017-01-28 19:50:49 | TEMPLOG : WellhouseOne | 091.400
2017-01-28 19:50:50 | TEMPLOG : To   GeoLoop | 046.400
2017-01-28 19:51:50 | TEMPLOG : WellhouseOne | 121.100
2017-01-28 19:51:51 | TEMPLOG : To   GeoLoop | 045.500
2017-01-28 19:52:51 | TEMPLOG : WellhouseOne | 113.000
2017-01-28 19:53:52 | TEMPLOG : WellhouseOne | 087.800
2017-01-28 19:54:53 | TEMPLOG : WellhouseOne | 077.000
2017-01-28 19:55:54 | TEMPLOG : WellhouseOne | 071.600
2017-01-28 19:56:55 | TEMPLOG : WellhouseOne | 067.100
2017-01-28 19:57:56 | TEMPLOG : WellhouseOne | 063.500
2017-01-28 19:58:57 | TEMPLOG : WellhouseOne | 060.800
2017-01-28 19:59:58 | TEMPLOG : WellhouseOne | 059.000
2017-01-28 20:00:00 | TEMPLOG : Bio   Filter | 038.300
2017-01-28 20:00:00 | TEMPLOG : To   GeoLoop | 045.500
2017-01-28 20:00:00 | TEMPLOG : Table    One | 038.300
2017-01-28 20:01:00 | TEMPLOG : WellhouseOne | 058.100
2017-01-28 20:02:01 | TEMPLOG : WellhouseOne | 057.200
2017-01-28 20:03:02 | TEMPLOG : WellhouseOne | 056.300
2017-01-28 20:04:03 | TEMPLOG : WellhouseOne | 055.400
2017-01-28 20:06:05 | TEMPLOG : WellhouseOne | 054.500
2017-01-28 20:07:06 | TEMPLOG : WellhouseOne | 053.600
2017-01-28 20:10:09 | TEMPLOG : WellhouseOne | 052.700
2017-01-28 20:14:14 | TEMPLOG : WellhouseOne | 051.800
2017-01-28 20:14:15 | TEMPLOG : Table    One | 037.400
2017-01-28 20:16:17 | TEMPLOG : Bio   Filter | 037.400
2017-01-28 20:19:21 | TEMPLOG : WellhouseOne | 050.900
2017-01-28 20:21:23 | TEMPLOG : WellhouseOne | 050.000
2017-01-28 20:24:27 | TEMPLOG : WellhouseOne | 054.500
2017-01-28 20:25:27 | TEMPLOG : WellhouseOne | 117.500
2017-01-28 20:26:28 | TEMPLOG : WellhouseOne | 134.600
2017-01-28 20:27:29 | TEMPLOG : WellhouseOne | 090.500
2017-01-28 20:28:30 | TEMPLOG : WellhouseOne | 078.800
2017-01-28 20:29:32 | TEMPLOG : WellhouseOne | 071.600
2017-01-28 20:30:33 | TEMPLOG : WellhouseOne | 066.200
2017-01-28 20:31:34 | TEMPLOG : WellhouseOne | 062.600
2017-01-28 20:32:35 | TEMPLOG : WellhouseOne | 060.800
2017-01-28 20:33:35 | TEMPLOG : WellhouseOne | 059.000
2017-01-28 20:34:36 | TEMPLOG : WellhouseOne | 058.100
2017-01-28 20:35:37 | TEMPLOG : WellhouseOne | 057.200
2017-01-28 20:35:38 | TEMPLOG : Table    One | 036.500
2017-01-28 20:36:38 | TEMPLOG : WellhouseOne | 056.300
2017-01-28 20:37:39 | TEMPLOG : WellhouseOne | 055.400
2017-01-28 20:38:40 | TEMPLOG : WellhouseOne | 054.500
2017-01-28 20:38:40 | TEMPLOG : Bio   Filter | 036.500
2017-01-28 20:40:43 | TEMPLOG : WellhouseOne | 053.600
2017-01-28 20:42:45 | TEMPLOG : WellhouseOne | 052.700
2017-01-28 20:44:48 | TEMPLOG : WellhouseOne | 051.800
2017-01-28 20:44:48 | TEMPLOG : Bio   Filter | 035.600
2017-01-28 20:44:48 | TEMPLOG : Table    One | 035.600
2017-01-28 20:47:53 | TEMPLOG : To   GeoLoop | 044.600
2017-01-28 20:48:53 | TEMPLOG : WellhouseOne | 050.900
2017-01-28 20:48:54 | TEMPLOG : To   GeoLoop | 045.500
2017-01-28 20:49:55 | TEMPLOG : To   GeoLoop | 044.600
2017-01-28 20:54:00 | TEMPLOG : WellhouseOne | 050.000
2017-01-28 20:57:03 | TEMPLOG : WellhouseOne | 049.100
2017-01-28 20:57:04 | TEMPLOG : Table    One | 034.700
2017-01-28 20:58:04 | TEMPLOG : WellhouseOne | 098.600
2017-01-28 20:58:05 | TEMPLOG : Table    One | 035.600
2017-01-28 20:59:05 | TEMPLOG : WellhouseOne | 122.000
2017-01-28 21:00:06 | TEMPLOG : WellhouseOne | 113.900
2017-01-28 21:00:07 | TEMPLOG : Bio   Filter | 035.600
2017-01-28 21:00:07 | TEMPLOG : To   GeoLoop | 044.600
2017-01-28 21:00:08 | TEMPLOG : Table    One | 035.600
2017-01-28 21:01:08 | TEMPLOG : WellhouseOne | 086.900
2017-01-28 21:01:09 | TEMPLOG : Table    One | 034.700
2017-01-28 21:02:09 | TEMPLOG : WellhouseOne | 077.000
2017-01-28 21:02:10 | TEMPLOG : Bio   Filter | 034.700
2017-01-28 21:03:11 | TEMPLOG : WellhouseOne | 070.700
2017-01-28 21:03:11 | TEMPLOG : Bio   Filter | 035.600
2017-01-28 21:03:12 | TEMPLOG : Table    One | 035.600
2017-01-28 21:04:13 | TEMPLOG : WellhouseOne | 066.200
2017-01-28 21:04:14 | TEMPLOG : Table    One | 034.700
2017-01-28 21:05:14 | TEMPLOG : WellhouseOne | 063.500
2017-01-28 21:06:15 | TEMPLOG : WellhouseOne | 059.900
2017-01-28 21:07:16 | TEMPLOG : WellhouseOne | 058.100
2017-01-28 21:07:16 | TEMPLOG : Bio   Filter | 034.700
2017-01-28 21:08:17 | TEMPLOG : WellhouseOne | 056.300
2017-01-28 21:08:17 | TEMPLOG : Bio   Filter | 035.600
2017-01-28 21:09:18 | TEMPLOG : WellhouseOne | 055.400
2017-01-28 21:09:18 | TEMPLOG : Bio   Filter | 034.700
2017-01-28 21:10:19 | TEMPLOG : WellhouseOne | 054.500
2017-01-28 21:11:20 | TEMPLOG : WellhouseOne | 053.600
2017-01-28 21:13:21 | TEMPLOG : WellhouseOne | 052.700
2017-01-28 21:15:24 | TEMPLOG : WellhouseOne | 051.800
2017-01-28 21:17:27 | TEMPLOG : WellhouseOne | 050.900
2017-01-28 21:20:32 | TEMPLOG : WellhouseOne | 050.000
2017-01-28 21:25:37 | TEMPLOG : WellhouseOne | 049.100
2017-01-28 21:26:39 | TEMPLOG : WellhouseOne | 050.000
2017-01-28 21:27:41 | TEMPLOG : WellhouseOne | 049.100
2017-01-28 21:29:42 | TEMPLOG : WellhouseOne | 105.800
2017-01-28 21:30:43 | TEMPLOG : WellhouseOne | 123.800
2017-01-28 21:31:45 | TEMPLOG : WellhouseOne | 129.200
2017-01-28 21:32:46 | TEMPLOG : WellhouseOne | 090.500
2017-01-28 21:33:48 | TEMPLOG : WellhouseOne | 078.800
2017-01-28 21:34:48 | TEMPLOG : WellhouseOne | 071.600
2017-01-28 21:35:49 | TEMPLOG : WellhouseOne | 067.100
2017-01-28 21:36:50 | TEMPLOG : WellhouseOne | 063.500
2017-01-28 21:36:52 | TEMPLOG : Table    One | 033.800
2017-01-28 21:37:52 | TEMPLOG : WellhouseOne | 060.800
2017-01-28 21:38:53 | TEMPLOG : WellhouseOne | 058.100
2017-01-28 21:39:54 | TEMPLOG : WellhouseOne | 056.300
2017-01-28 21:40:56 | TEMPLOG : WellhouseOne | 055.400
2017-01-28 21:40:56 | TEMPLOG : Bio   Filter | 033.800
2017-01-28 21:41:58 | TEMPLOG : WellhouseOne | 054.500
2017-01-28 21:42:59 | TEMPLOG : WellhouseOne | 053.600
2017-01-28 21:44:00 | TEMPLOG : WellhouseOne | 052.700
2017-01-28 21:45:01 | TEMPLOG : WellhouseOne | 051.800
2017-01-28 21:47:03 | TEMPLOG : WellhouseOne | 050.900
2017-01-28 21:49:06 | TEMPLOG : WellhouseOne | 050.000
2017-01-28 21:52:10 | TEMPLOG : WellhouseOne | 049.100
2017-01-28 21:56:15 | TEMPLOG : WellhouseOne | 048.200
2017-01-28 21:59:18 | TEMPLOG : WellhouseOne | 052.700
2017-01-28 22:00:19 | TEMPLOG : WellhouseOne | 110.300
2017-01-28 22:00:19 | TEMPLOG : Bio   Filter | 033.800
2017-01-28 22:00:20 | TEMPLOG : To   GeoLoop | 044.600
2017-01-28 22:00:20 | TEMPLOG : Table    One | 033.800
2017-01-28 22:01:20 | TEMPLOG : WellhouseOne | 124.700
2017-01-28 22:02:21 | TEMPLOG : WellhouseOne | 131.900
2017-01-28 22:03:22 | TEMPLOG : WellhouseOne | 095.000
2017-01-28 22:04:23 | TEMPLOG : WellhouseOne | 082.400
2017-01-28 22:05:24 | TEMPLOG : WellhouseOne | 074.300
2017-01-28 22:06:25 | TEMPLOG : WellhouseOne | 068.900
2017-01-28 22:07:26 | TEMPLOG : WellhouseOne | 064.400
2017-01-28 22:08:28 | TEMPLOG : WellhouseOne | 060.800
2017-01-28 22:09:28 | TEMPLOG : WellhouseOne | 059.000
2017-01-28 22:10:30 | TEMPLOG : WellhouseOne | 057.200
2017-01-28 22:11:31 | TEMPLOG : WellhouseOne | 055.400
2017-01-28 22:12:33 | TEMPLOG : WellhouseOne | 054.500
2017-01-28 22:13:34 | TEMPLOG : WellhouseOne | 053.600
2017-01-28 22:15:36 | TEMPLOG : WellhouseOne | 052.700
2017-01-28 22:16:37 | TEMPLOG : WellhouseOne | 051.800
2017-01-28 22:18:41 | TEMPLOG : WellhouseOne | 050.900
2017-01-28 22:20:44 | TEMPLOG : WellhouseOne | 050.000
2017-01-28 22:22:46 | TEMPLOG : WellhouseOne | 049.100
2017-01-28 22:26:51 | TEMPLOG : WellhouseOne | 048.200
2017-01-28 22:28:53 | TEMPLOG : WellhouseOne | 047.300
2017-01-28 22:28:53 | TEMPLOG : To   GeoLoop | 043.700
2017-01-28 22:29:53 | TEMPLOG : WellhouseOne | 048.200
2017-01-28 22:29:54 | TEMPLOG : To   GeoLoop | 044.600
2017-01-28 22:30:55 | TEMPLOG : WellhouseOne | 107.600
2017-01-28 22:31:56 | TEMPLOG : WellhouseOne | 125.600
2017-01-28 22:31:57 | TEMPLOG : To   GeoLoop | 043.700
2017-01-28 22:32:58 | TEMPLOG : WellhouseOne | 124.700
2017-01-28 22:33:00 | TEMPLOG : To   GeoLoop | 044.600
2017-01-28 22:34:00 | TEMPLOG : WellhouseOne | 089.600
2017-01-28 22:34:01 | TEMPLOG : To   GeoLoop | 043.700
2017-01-28 22:35:02 | TEMPLOG : WellhouseOne | 078.800
2017-01-28 22:36:03 | TEMPLOG : WellhouseOne | 071.600
2017-01-28 22:37:04 | TEMPLOG : WellhouseOne | 066.200
2017-01-28 22:38:05 | TEMPLOG : WellhouseOne | 062.600
2017-01-28 22:39:06 | TEMPLOG : WellhouseOne | 059.900
2017-01-28 22:40:08 | TEMPLOG : WellhouseOne | 058.100
2017-01-28 22:41:09 | TEMPLOG : WellhouseOne | 056.300
2017-01-28 22:42:11 | TEMPLOG : WellhouseOne | 055.400
2017-01-28 22:43:13 | TEMPLOG : WellhouseOne | 053.600
2017-01-28 22:43:13 | TEMPLOG : Table    One | 032.900
2017-01-28 22:44:14 | TEMPLOG : WellhouseOne | 052.700
2017-01-28 22:45:15 | TEMPLOG : WellhouseOne | 051.800
2017-01-28 22:47:18 | TEMPLOG : WellhouseOne | 050.900
2017-01-28 22:47:18 | TEMPLOG : Table    One | 033.800
2017-01-28 22:48:19 | TEMPLOG : Table    One | 032.900
2017-01-28 22:49:19 | TEMPLOG : WellhouseOne | 050.000
2017-01-28 22:49:20 | TEMPLOG : Table    One | 033.800
2017-01-28 22:50:21 | TEMPLOG : Table    One | 032.900
2017-01-28 22:51:21 | TEMPLOG : WellhouseOne | 049.100
2017-01-28 22:53:24 | TEMPLOG : WellhouseOne | 048.200
2017-01-28 22:58:30 | TEMPLOG : WellhouseOne | 047.300
2017-01-28 22:58:31 | TEMPLOG : Table    One | 033.800
2017-01-28 22:59:32 | TEMPLOG : WellhouseOne | 057.200
2017-01-28 23:00:33 | TEMPLOG : WellhouseOne | 110.300
2017-01-28 23:00:34 | TEMPLOG : Bio   Filter | 033.800
2017-01-28 23:00:34 | TEMPLOG : To   GeoLoop | 043.700
2017-01-28 23:00:35 | TEMPLOG : Table    One | 032.900
2017-01-28 23:01:35 | TEMPLOG : WellhouseOne | 125.600
2017-01-28 23:02:37 | TEMPLOG : WellhouseOne | 132.800
2017-01-28 23:03:40 | TEMPLOG : WellhouseOne | 093.200
2017-01-28 23:03:40 | TEMPLOG : Bio   Filter | 032.900
2017-01-28 23:04:41 | TEMPLOG : WellhouseOne | 079.700
2017-01-28 23:05:42 | TEMPLOG : WellhouseOne | 072.500
2017-01-28 23:06:43 | TEMPLOG : WellhouseOne | 068.000
2017-01-28 23:07:45 | TEMPLOG : WellhouseOne | 063.500
2017-01-28 23:08:46 | TEMPLOG : WellhouseOne | 059.900
2017-01-28 23:09:48 | TEMPLOG : WellhouseOne | 059.000
2017-01-28 23:10:49 | TEMPLOG : WellhouseOne | 057.200
2017-01-28 23:11:51 | TEMPLOG : WellhouseOne | 055.400
2017-01-28 23:12:51 | TEMPLOG : WellhouseOne | 054.500
2017-01-28 23:13:53 | TEMPLOG : WellhouseOne | 053.600
2017-01-28 23:14:53 | TEMPLOG : WellhouseOne | 052.700
2017-01-28 23:15:55 | TEMPLOG : WellhouseOne | 051.800
2017-01-28 23:16:56 | TEMPLOG : WellhouseOne | 050.900
2017-01-28 23:18:57 | TEMPLOG : WellhouseOne | 050.000
2017-01-28 23:21:01 | TEMPLOG : WellhouseOne | 049.100
2017-01-28 23:23:04 | TEMPLOG : WellhouseOne | 048.200
2017-01-28 23:26:08 | TEMPLOG : WellhouseOne | 047.300
2017-01-28 23:29:11 | TEMPLOG : WellhouseOne | 046.400
2017-01-28 23:30:12 | TEMPLOG : WellhouseOne | 095.900
2017-01-28 23:31:14 | TEMPLOG : WellhouseOne | 117.500
2017-01-28 23:32:15 | TEMPLOG : WellhouseOne | 128.300
2017-01-28 23:33:16 | TEMPLOG : WellhouseOne | 125.600
2017-01-28 23:34:17 | TEMPLOG : WellhouseOne | 090.500
2017-01-28 23:35:19 | TEMPLOG : WellhouseOne | 077.900
2017-01-28 23:36:21 | TEMPLOG : WellhouseOne | 071.600
2017-01-28 23:37:22 | TEMPLOG : WellhouseOne | 067.100
2017-01-28 23:38:23 | TEMPLOG : WellhouseOne | 062.600
2017-01-28 23:39:25 | TEMPLOG : WellhouseOne | 059.900
2017-01-28 23:40:26 | TEMPLOG : WellhouseOne | 058.100
2017-01-28 23:41:29 | TEMPLOG : WellhouseOne | 056.300
2017-01-28 23:42:30 | TEMPLOG : WellhouseOne | 054.500
2017-01-28 23:43:32 | TEMPLOG : WellhouseOne | 053.600
2017-01-28 23:44:33 | TEMPLOG : WellhouseOne | 052.700
2017-01-28 23:45:34 | TEMPLOG : WellhouseOne | 051.800
2017-01-28 23:46:36 | TEMPLOG : WellhouseOne | 050.900
2017-01-28 23:48:38 | TEMPLOG : WellhouseOne | 050.000
2017-01-28 23:49:40 | TEMPLOG : WellhouseOne | 049.100
2017-01-28 23:54:45 | TEMPLOG : WellhouseOne | 048.200
