2017-01-26 00:00:50 | TEMPLOG : WellhouseOne | 056.300
2017-01-26 00:00:51 | TEMPLOG : Bio   Filter | 027.500
2017-01-26 00:00:51 | TEMPLOG : To   GeoLoop | 041.000
2017-01-26 00:00:51 | TEMPLOG : Table    One | 026.600
2017-01-26 00:01:52 | TEMPLOG : WellhouseOne | 053.600
2017-01-26 00:02:53 | TEMPLOG : WellhouseOne | 051.800
2017-01-26 00:03:54 | TEMPLOG : WellhouseOne | 050.000
2017-01-26 00:04:58 | TEMPLOG : WellhouseOne | 049.100
2017-01-26 00:05:59 | TEMPLOG : WellhouseOne | 048.200
2017-01-26 00:07:00 | TEMPLOG : WellhouseOne | 047.300
2017-01-26 00:08:01 | TEMPLOG : WellhouseOne | 046.400
2017-01-26 00:09:02 | TEMPLOG : WellhouseOne | 045.500
2017-01-26 00:10:03 | TEMPLOG : WellhouseOne | 044.600
2017-01-26 00:13:07 | TEMPLOG : WellhouseOne | 043.700
2017-01-26 00:15:10 | TEMPLOG : WellhouseOne | 042.800
2017-01-26 00:16:11 | TEMPLOG : WellhouseOne | 086.000
2017-01-26 00:17:12 | TEMPLOG : WellhouseOne | 110.300
2017-01-26 00:18:13 | TEMPLOG : WellhouseOne | 121.100
2017-01-26 00:19:15 | TEMPLOG : WellhouseOne | 125.600
2017-01-26 00:20:16 | TEMPLOG : WellhouseOne | 129.200
2017-01-26 00:21:17 | TEMPLOG : WellhouseOne | 134.600
2017-01-26 00:22:19 | TEMPLOG : WellhouseOne | 135.500
2017-01-26 00:23:20 | TEMPLOG : WellhouseOne | 095.000
2017-01-26 00:24:21 | TEMPLOG : WellhouseOne | 082.400
2017-01-26 00:25:22 | TEMPLOG : WellhouseOne | 074.300
2017-01-26 00:26:24 | TEMPLOG : WellhouseOne | 066.200
2017-01-26 00:26:25 | TEMPLOG : To   GeoLoop | 040.100
2017-01-26 00:27:25 | TEMPLOG : WellhouseOne | 061.700
2017-01-26 00:27:26 | TEMPLOG : To   GeoLoop | 041.000
2017-01-26 00:28:27 | TEMPLOG : WellhouseOne | 059.000
2017-01-26 00:28:28 | TEMPLOG : To   GeoLoop | 040.100
2017-01-26 00:29:28 | TEMPLOG : WellhouseOne | 056.300
2017-01-26 00:30:29 | TEMPLOG : WellhouseOne | 053.600
2017-01-26 00:31:30 | TEMPLOG : WellhouseOne | 051.800
2017-01-26 00:32:32 | TEMPLOG : WellhouseOne | 050.900
2017-01-26 00:33:34 | TEMPLOG : WellhouseOne | 049.100
2017-01-26 00:34:36 | TEMPLOG : WellhouseOne | 048.200
2017-01-26 00:34:36 | TEMPLOG : Bio   Filter | 026.600
2017-01-26 00:35:37 | TEMPLOG : WellhouseOne | 047.300
2017-01-26 00:36:38 | TEMPLOG : WellhouseOne | 046.400
2017-01-26 00:37:39 | TEMPLOG : WellhouseOne | 045.500
2017-01-26 00:39:41 | TEMPLOG : WellhouseOne | 044.600
2017-01-26 00:40:42 | TEMPLOG : WellhouseOne | 043.700
2017-01-26 00:42:44 | TEMPLOG : WellhouseOne | 042.800
2017-01-26 00:43:46 | TEMPLOG : WellhouseOne | 045.500
2017-01-26 00:44:48 | TEMPLOG : WellhouseOne | 102.200
2017-01-26 00:45:50 | TEMPLOG : WellhouseOne | 117.500
2017-01-26 00:46:50 | TEMPLOG : WellhouseOne | 123.800
2017-01-26 00:47:51 | TEMPLOG : WellhouseOne | 128.300
2017-01-26 00:48:53 | TEMPLOG : WellhouseOne | 131.000
2017-01-26 00:49:54 | TEMPLOG : WellhouseOne | 132.800
2017-01-26 00:50:56 | TEMPLOG : WellhouseOne | 113.000
2017-01-26 00:51:57 | TEMPLOG : WellhouseOne | 088.700
2017-01-26 00:52:59 | TEMPLOG : WellhouseOne | 077.900
2017-01-26 00:54:00 | TEMPLOG : WellhouseOne | 070.700
2017-01-26 00:54:01 | TEMPLOG : Table    One | 025.700
2017-01-26 00:55:01 | TEMPLOG : WellhouseOne | 064.400
2017-01-26 00:56:02 | TEMPLOG : WellhouseOne | 059.000
2017-01-26 00:57:03 | TEMPLOG : WellhouseOne | 056.300
2017-01-26 00:58:05 | TEMPLOG : WellhouseOne | 053.600
2017-01-26 00:59:06 | TEMPLOG : WellhouseOne | 052.700
2017-01-26 01:00:08 | TEMPLOG : WellhouseOne | 050.900
2017-01-26 01:00:08 | TEMPLOG : Bio   Filter | 026.600
2017-01-26 01:00:08 | TEMPLOG : To   GeoLoop | 040.100
2017-01-26 01:00:08 | TEMPLOG : Table    One | 025.700
2017-01-26 01:01:09 | TEMPLOG : WellhouseOne | 049.100
2017-01-26 01:03:11 | TEMPLOG : WellhouseOne | 048.200
2017-01-26 01:04:11 | TEMPLOG : WellhouseOne | 047.300
2017-01-26 01:05:12 | TEMPLOG : WellhouseOne | 046.400
2017-01-26 01:06:13 | TEMPLOG : WellhouseOne | 045.500
2017-01-26 01:07:14 | TEMPLOG : WellhouseOne | 044.600
2017-01-26 01:08:15 | TEMPLOG : WellhouseOne | 043.700
2017-01-26 01:10:18 | TEMPLOG : WellhouseOne | 042.800
2017-01-26 01:12:22 | TEMPLOG : WellhouseOne | 090.500
2017-01-26 01:13:23 | TEMPLOG : WellhouseOne | 112.100
2017-01-26 01:14:25 | TEMPLOG : WellhouseOne | 121.100
2017-01-26 01:15:26 | TEMPLOG : WellhouseOne | 125.600
2017-01-26 01:16:28 | TEMPLOG : WellhouseOne | 130.100
2017-01-26 01:16:29 | TEMPLOG : Bio   Filter | 025.700
2017-01-26 01:17:29 | TEMPLOG : WellhouseOne | 132.800
2017-01-26 01:17:30 | TEMPLOG : Bio   Filter | 026.600
2017-01-26 01:18:31 | TEMPLOG : WellhouseOne | 135.500
2017-01-26 01:19:33 | TEMPLOG : WellhouseOne | 100.400
2017-01-26 01:19:33 | TEMPLOG : To   GeoLoop | 039.200
2017-01-26 01:20:34 | TEMPLOG : WellhouseOne | 084.200
2017-01-26 01:20:36 | TEMPLOG : To   GeoLoop | 040.100
2017-01-26 01:21:36 | TEMPLOG : WellhouseOne | 075.200
2017-01-26 01:22:38 | TEMPLOG : WellhouseOne | 068.900
2017-01-26 01:22:40 | TEMPLOG : To   GeoLoop | 039.200
2017-01-26 01:23:40 | TEMPLOG : WellhouseOne | 061.700
2017-01-26 01:24:41 | TEMPLOG : WellhouseOne | 059.000
2017-01-26 01:25:42 | TEMPLOG : WellhouseOne | 056.300
2017-01-26 01:26:43 | TEMPLOG : WellhouseOne | 053.600
2017-01-26 01:27:45 | TEMPLOG : WellhouseOne | 051.800
2017-01-26 01:27:45 | TEMPLOG : Bio   Filter | 025.700
2017-01-26 01:28:46 | TEMPLOG : WellhouseOne | 050.900
2017-01-26 01:29:47 | TEMPLOG : WellhouseOne | 049.100
2017-01-26 01:30:49 | TEMPLOG : WellhouseOne | 048.200
2017-01-26 01:31:51 | TEMPLOG : WellhouseOne | 046.400
2017-01-26 01:33:52 | TEMPLOG : WellhouseOne | 045.500
2017-01-26 01:34:53 | TEMPLOG : WellhouseOne | 044.600
2017-01-26 01:36:55 | TEMPLOG : WellhouseOne | 043.700
2017-01-26 01:37:57 | TEMPLOG : WellhouseOne | 042.800
2017-01-26 01:40:00 | TEMPLOG : WellhouseOne | 072.500
2017-01-26 01:41:02 | TEMPLOG : WellhouseOne | 107.600
2017-01-26 01:42:03 | TEMPLOG : WellhouseOne | 117.500
2017-01-26 01:43:05 | TEMPLOG : WellhouseOne | 123.800
2017-01-26 01:44:06 | TEMPLOG : WellhouseOne | 127.400
2017-01-26 01:45:09 | TEMPLOG : WellhouseOne | 130.100
2017-01-26 01:46:09 | TEMPLOG : WellhouseOne | 132.800
2017-01-26 01:47:11 | TEMPLOG : WellhouseOne | 133.700
2017-01-26 01:47:12 | TEMPLOG : Table    One | 024.800
2017-01-26 01:48:12 | TEMPLOG : WellhouseOne | 115.700
2017-01-26 01:49:13 | TEMPLOG : WellhouseOne | 090.500
2017-01-26 01:50:15 | TEMPLOG : WellhouseOne | 078.800
2017-01-26 01:51:16 | TEMPLOG : WellhouseOne | 069.800
2017-01-26 01:52:17 | TEMPLOG : WellhouseOne | 065.300
2017-01-26 01:53:18 | TEMPLOG : WellhouseOne | 060.800
2017-01-26 01:54:19 | TEMPLOG : WellhouseOne | 057.200
2017-01-26 01:55:20 | TEMPLOG : WellhouseOne | 055.400
2017-01-26 01:56:21 | TEMPLOG : WellhouseOne | 052.700
2017-01-26 01:57:24 | TEMPLOG : WellhouseOne | 050.900
2017-01-26 01:58:25 | TEMPLOG : WellhouseOne | 049.100
2017-01-26 01:59:26 | TEMPLOG : WellhouseOne | 048.200
2017-01-26 02:00:27 | TEMPLOG : WellhouseOne | 047.300
2017-01-26 02:00:27 | TEMPLOG : Bio   Filter | 025.700
2017-01-26 02:00:28 | TEMPLOG : To   GeoLoop | 039.200
2017-01-26 02:00:28 | TEMPLOG : Table    One | 024.800
2017-01-26 02:01:28 | TEMPLOG : WellhouseOne | 046.400
2017-01-26 02:02:29 | TEMPLOG : WellhouseOne | 045.500
2017-01-26 02:03:30 | TEMPLOG : WellhouseOne | 044.600
2017-01-26 02:04:31 | TEMPLOG : WellhouseOne | 043.700
2017-01-26 02:06:34 | TEMPLOG : WellhouseOne | 042.800
2017-01-26 02:08:37 | TEMPLOG : WellhouseOne | 057.200
2017-01-26 02:09:40 | TEMPLOG : WellhouseOne | 104.900
2017-01-26 02:10:41 | TEMPLOG : WellhouseOne | 116.600
2017-01-26 02:11:42 | TEMPLOG : WellhouseOne | 122.900
2017-01-26 02:12:43 | TEMPLOG : WellhouseOne | 127.400
2017-01-26 02:13:44 | TEMPLOG : WellhouseOne | 129.200
2017-01-26 02:14:45 | TEMPLOG : WellhouseOne | 131.900
2017-01-26 02:14:46 | TEMPLOG : Bio   Filter | 024.800
2017-01-26 02:15:47 | TEMPLOG : WellhouseOne | 133.700
2017-01-26 02:16:49 | TEMPLOG : WellhouseOne | 134.600
2017-01-26 02:17:50 | TEMPLOG : WellhouseOne | 135.500
2017-01-26 02:18:51 | TEMPLOG : WellhouseOne | 116.600
2017-01-26 02:19:52 | TEMPLOG : WellhouseOne | 089.600
2017-01-26 02:20:53 | TEMPLOG : WellhouseOne | 078.800
2017-01-26 02:21:54 | TEMPLOG : WellhouseOne | 070.700
2017-01-26 02:22:55 | TEMPLOG : WellhouseOne | 065.300
2017-01-26 02:23:56 | TEMPLOG : WellhouseOne | 060.800
2017-01-26 02:24:57 | TEMPLOG : WellhouseOne | 057.200
2017-01-26 02:25:58 | TEMPLOG : WellhouseOne | 055.400
2017-01-26 02:26:59 | TEMPLOG : WellhouseOne | 052.700
2017-01-26 02:28:00 | TEMPLOG : WellhouseOne | 051.800
2017-01-26 02:28:01 | TEMPLOG : To   GeoLoop | 038.300
2017-01-26 02:28:01 | TEMPLOG : Table    One | 023.900
2017-01-26 02:29:01 | TEMPLOG : WellhouseOne | 050.000
2017-01-26 02:29:02 | TEMPLOG : To   GeoLoop | 039.200
2017-01-26 02:29:02 | TEMPLOG : Table    One | 024.800
2017-01-26 02:30:03 | TEMPLOG : WellhouseOne | 049.100
2017-01-26 02:30:03 | TEMPLOG : To   GeoLoop | 038.300
2017-01-26 02:30:03 | TEMPLOG : Table    One | 023.900
2017-01-26 02:31:04 | TEMPLOG : WellhouseOne | 048.200
2017-01-26 02:32:05 | TEMPLOG : WellhouseOne | 047.300
2017-01-26 02:32:05 | TEMPLOG : To   GeoLoop | 039.200
2017-01-26 02:33:06 | TEMPLOG : WellhouseOne | 046.400
2017-01-26 02:33:06 | TEMPLOG : To   GeoLoop | 038.300
2017-01-26 02:34:07 | TEMPLOG : WellhouseOne | 045.500
2017-01-26 02:35:09 | TEMPLOG : Table    One | 024.800
2017-01-26 02:36:09 | TEMPLOG : WellhouseOne | 044.600
2017-01-26 02:36:10 | TEMPLOG : Table    One | 023.900
2017-01-26 02:37:10 | TEMPLOG : WellhouseOne | 043.700
2017-01-26 02:37:11 | TEMPLOG : Table    One | 024.800
2017-01-26 02:38:11 | TEMPLOG : WellhouseOne | 042.800
2017-01-26 02:38:13 | TEMPLOG : Table    One | 023.900
2017-01-26 02:39:14 | TEMPLOG : Table    One | 024.800
2017-01-26 02:40:14 | TEMPLOG : WellhouseOne | 096.800
2017-01-26 02:41:16 | TEMPLOG : WellhouseOne | 113.000
2017-01-26 02:41:17 | TEMPLOG : Table    One | 023.900
2017-01-26 02:42:17 | TEMPLOG : WellhouseOne | 121.100
2017-01-26 02:43:18 | TEMPLOG : WellhouseOne | 125.600
2017-01-26 02:44:19 | TEMPLOG : WellhouseOne | 128.300
2017-01-26 02:45:21 | TEMPLOG : WellhouseOne | 130.100
2017-01-26 02:45:23 | TEMPLOG : Table    One | 024.800
2017-01-26 02:46:24 | TEMPLOG : WellhouseOne | 132.800
2017-01-26 02:46:24 | TEMPLOG : Table    One | 023.900
2017-01-26 02:47:25 | TEMPLOG : WellhouseOne | 133.700
2017-01-26 02:48:26 | TEMPLOG : WellhouseOne | 134.600
2017-01-26 02:49:27 | TEMPLOG : WellhouseOne | 135.500
2017-01-26 02:50:28 | TEMPLOG : WellhouseOne | 136.400
2017-01-26 02:51:30 | TEMPLOG : WellhouseOne | 097.700
2017-01-26 02:52:31 | TEMPLOG : WellhouseOne | 082.400
2017-01-26 02:53:32 | TEMPLOG : WellhouseOne | 074.300
2017-01-26 02:54:34 | TEMPLOG : WellhouseOne | 068.000
2017-01-26 02:55:35 | TEMPLOG : WellhouseOne | 062.600
2017-01-26 02:56:36 | TEMPLOG : WellhouseOne | 059.900
2017-01-26 02:57:37 | TEMPLOG : WellhouseOne | 057.200
2017-01-26 02:58:38 | TEMPLOG : WellhouseOne | 055.400
2017-01-26 02:59:39 | TEMPLOG : WellhouseOne | 053.600
2017-01-26 03:00:40 | TEMPLOG : WellhouseOne | 050.900
2017-01-26 03:00:40 | TEMPLOG : Bio   Filter | 024.800
2017-01-26 03:00:41 | TEMPLOG : To   GeoLoop | 038.300
2017-01-26 03:00:41 | TEMPLOG : Table    One | 023.900
2017-01-26 03:01:41 | TEMPLOG : WellhouseOne | 050.000
2017-01-26 03:02:42 | TEMPLOG : WellhouseOne | 049.100
2017-01-26 03:03:44 | TEMPLOG : WellhouseOne | 048.200
2017-01-26 03:03:44 | TEMPLOG : Bio   Filter | 023.900
2017-01-26 03:04:46 | TEMPLOG : WellhouseOne | 047.300
2017-01-26 03:04:46 | TEMPLOG : Bio   Filter | 024.800
2017-01-26 03:05:47 | TEMPLOG : WellhouseOne | 046.400
2017-01-26 03:06:48 | TEMPLOG : WellhouseOne | 044.600
2017-01-26 03:07:49 | TEMPLOG : WellhouseOne | 045.500
2017-01-26 03:08:50 | TEMPLOG : WellhouseOne | 043.700
2017-01-26 03:09:51 | TEMPLOG : WellhouseOne | 041.900
2017-01-26 03:11:54 | TEMPLOG : WellhouseOne | 066.200
2017-01-26 03:12:55 | TEMPLOG : WellhouseOne | 105.800
2017-01-26 03:13:56 | TEMPLOG : WellhouseOne | 117.500
2017-01-26 03:14:57 | TEMPLOG : WellhouseOne | 123.800
2017-01-26 03:15:58 | TEMPLOG : WellhouseOne | 126.500
2017-01-26 03:16:59 | TEMPLOG : WellhouseOne | 130.100
2017-01-26 03:16:59 | TEMPLOG : Bio   Filter | 023.900
2017-01-26 03:18:00 | TEMPLOG : WellhouseOne | 131.000
2017-01-26 03:18:00 | TEMPLOG : Bio   Filter | 024.800
2017-01-26 03:19:01 | TEMPLOG : WellhouseOne | 132.800
2017-01-26 03:20:02 | TEMPLOG : WellhouseOne | 133.700
2017-01-26 03:21:03 | TEMPLOG : WellhouseOne | 134.600
2017-01-26 03:22:04 | TEMPLOG : WellhouseOne | 136.400
2017-01-26 03:23:05 | TEMPLOG : WellhouseOne | 123.800
2017-01-26 03:23:05 | TEMPLOG : Bio   Filter | 023.900
2017-01-26 03:24:07 | TEMPLOG : WellhouseOne | 092.300
2017-01-26 03:25:08 | TEMPLOG : WellhouseOne | 080.600
2017-01-26 03:26:09 | TEMPLOG : WellhouseOne | 072.500
2017-01-26 03:26:10 | TEMPLOG : Bio   Filter | 024.800
2017-01-26 03:27:10 | TEMPLOG : WellhouseOne | 067.100
2017-01-26 03:28:11 | TEMPLOG : WellhouseOne | 063.500
2017-01-26 03:28:12 | TEMPLOG : Bio   Filter | 023.900
2017-01-26 03:29:13 | TEMPLOG : WellhouseOne | 059.900
2017-01-26 03:29:13 | TEMPLOG : Bio   Filter | 024.800
2017-01-26 03:30:13 | TEMPLOG : WellhouseOne | 057.200
2017-01-26 03:31:14 | TEMPLOG : WellhouseOne | 054.500
2017-01-26 03:32:15 | TEMPLOG : WellhouseOne | 052.700
2017-01-26 03:33:16 | TEMPLOG : WellhouseOne | 051.800
2017-01-26 03:34:17 | TEMPLOG : WellhouseOne | 050.000
2017-01-26 03:35:18 | TEMPLOG : WellhouseOne | 049.100
2017-01-26 03:35:18 | TEMPLOG : Bio   Filter | 023.900
2017-01-26 03:36:20 | TEMPLOG : WellhouseOne | 048.200
2017-01-26 03:37:20 | TEMPLOG : WellhouseOne | 047.300
2017-01-26 03:38:21 | TEMPLOG : WellhouseOne | 046.400
2017-01-26 03:40:24 | TEMPLOG : WellhouseOne | 044.600
2017-01-26 03:41:25 | TEMPLOG : WellhouseOne | 043.700
2017-01-26 03:42:26 | TEMPLOG : WellhouseOne | 044.600
2017-01-26 03:43:28 | TEMPLOG : WellhouseOne | 043.700
2017-01-26 03:44:30 | TEMPLOG : WellhouseOne | 079.700
2017-01-26 03:45:32 | TEMPLOG : WellhouseOne | 108.500
2017-01-26 03:46:33 | TEMPLOG : WellhouseOne | 119.300
2017-01-26 03:47:35 | TEMPLOG : WellhouseOne | 125.600
2017-01-26 03:48:36 | TEMPLOG : WellhouseOne | 130.100
2017-01-26 03:49:37 | TEMPLOG : WellhouseOne | 132.800
2017-01-26 03:50:38 | TEMPLOG : WellhouseOne | 134.600
2017-01-26 03:51:40 | TEMPLOG : WellhouseOne | 107.600
2017-01-26 03:52:41 | TEMPLOG : WellhouseOne | 087.800
2017-01-26 03:53:42 | TEMPLOG : WellhouseOne | 077.000
2017-01-26 03:54:43 | TEMPLOG : WellhouseOne | 069.800
2017-01-26 03:55:46 | TEMPLOG : WellhouseOne | 061.700
2017-01-26 03:55:47 | TEMPLOG : To   GeoLoop | 037.400
2017-01-26 03:56:47 | TEMPLOG : WellhouseOne | 059.000
2017-01-26 03:57:48 | TEMPLOG : WellhouseOne | 056.300
2017-01-26 03:58:49 | TEMPLOG : WellhouseOne | 053.600
2017-01-26 03:59:50 | TEMPLOG : WellhouseOne | 051.800
2017-01-26 04:00:51 | TEMPLOG : WellhouseOne | 050.000
2017-01-26 04:00:52 | TEMPLOG : Bio   Filter | 023.900
2017-01-26 04:00:52 | TEMPLOG : To   GeoLoop | 037.400
2017-01-26 04:00:53 | TEMPLOG : Table    One | 023.900
2017-01-26 04:01:53 | TEMPLOG : WellhouseOne | 048.200
2017-01-26 04:03:55 | TEMPLOG : WellhouseOne | 046.400
2017-01-26 04:05:58 | TEMPLOG : WellhouseOne | 045.500
2017-01-26 04:07:00 | TEMPLOG : WellhouseOne | 044.600
2017-01-26 04:08:01 | TEMPLOG : WellhouseOne | 043.700
2017-01-26 04:08:02 | TEMPLOG : Table    One | 023.000
2017-01-26 04:09:02 | TEMPLOG : WellhouseOne | 042.800
2017-01-26 04:09:03 | TEMPLOG : Table    One | 023.900
2017-01-26 04:11:05 | TEMPLOG : WellhouseOne | 041.900
2017-01-26 04:12:06 | TEMPLOG : WellhouseOne | 084.200
2017-01-26 04:12:06 | TEMPLOG : Table    One | 023.000
2017-01-26 04:13:07 | TEMPLOG : WellhouseOne | 108.500
2017-01-26 04:14:08 | TEMPLOG : WellhouseOne | 117.500
2017-01-26 04:15:09 | TEMPLOG : WellhouseOne | 124.700
2017-01-26 04:16:10 | TEMPLOG : WellhouseOne | 129.200
2017-01-26 04:17:12 | TEMPLOG : WellhouseOne | 133.700
2017-01-26 04:18:13 | TEMPLOG : WellhouseOne | 134.600
2017-01-26 04:19:15 | TEMPLOG : WellhouseOne | 105.800
2017-01-26 04:20:16 | TEMPLOG : WellhouseOne | 085.100
2017-01-26 04:21:18 | TEMPLOG : WellhouseOne | 076.100
2017-01-26 04:22:19 | TEMPLOG : WellhouseOne | 068.900
2017-01-26 04:22:21 | TEMPLOG : Table    One | 023.900
2017-01-26 04:23:21 | TEMPLOG : WellhouseOne | 062.600
2017-01-26 04:23:22 | TEMPLOG : Table    One | 023.000
2017-01-26 04:24:22 | TEMPLOG : WellhouseOne | 059.000
2017-01-26 04:25:24 | TEMPLOG : WellhouseOne | 055.400
2017-01-26 04:25:25 | TEMPLOG : Table    One | 023.900
2017-01-26 04:26:26 | TEMPLOG : WellhouseOne | 053.600
2017-01-26 04:26:27 | TEMPLOG : Table    One | 023.000
2017-01-26 04:27:27 | TEMPLOG : WellhouseOne | 050.900
2017-01-26 04:28:28 | TEMPLOG : WellhouseOne | 049.100
2017-01-26 04:29:30 | TEMPLOG : WellhouseOne | 048.200
2017-01-26 04:30:31 | TEMPLOG : WellhouseOne | 046.400
2017-01-26 04:32:35 | TEMPLOG : WellhouseOne | 044.600
2017-01-26 04:33:36 | TEMPLOG : WellhouseOne | 043.700
2017-01-26 04:34:37 | TEMPLOG : WellhouseOne | 042.800
2017-01-26 04:36:40 | TEMPLOG : WellhouseOne | 041.900
2017-01-26 04:37:41 | TEMPLOG : WellhouseOne | 041.000
2017-01-26 04:39:44 | TEMPLOG : WellhouseOne | 095.000
2017-01-26 04:40:45 | TEMPLOG : WellhouseOne | 111.200
2017-01-26 04:41:46 | TEMPLOG : WellhouseOne | 118.400
2017-01-26 04:42:47 | TEMPLOG : WellhouseOne | 122.900
2017-01-26 04:43:48 | TEMPLOG : WellhouseOne | 126.500
2017-01-26 04:44:49 | TEMPLOG : WellhouseOne | 128.300
2017-01-26 04:45:50 | TEMPLOG : WellhouseOne | 130.100
2017-01-26 04:46:52 | TEMPLOG : WellhouseOne | 131.900
2017-01-26 04:47:53 | TEMPLOG : WellhouseOne | 132.800
2017-01-26 04:47:53 | TEMPLOG : Bio   Filter | 023.000
2017-01-26 04:48:53 | TEMPLOG : WellhouseOne | 133.700
2017-01-26 04:48:53 | TEMPLOG : Bio   Filter | 023.900
2017-01-26 04:49:54 | TEMPLOG : WellhouseOne | 134.600
2017-01-26 04:50:56 | TEMPLOG : Bio   Filter | 023.000
2017-01-26 04:51:57 | TEMPLOG : WellhouseOne | 113.900
2017-01-26 04:51:57 | TEMPLOG : Bio   Filter | 023.900
2017-01-26 04:52:58 | TEMPLOG : WellhouseOne | 089.600
2017-01-26 04:52:58 | TEMPLOG : Bio   Filter | 023.000
2017-01-26 04:53:58 | TEMPLOG : WellhouseOne | 078.800
2017-01-26 04:55:00 | TEMPLOG : WellhouseOne | 068.900
2017-01-26 04:55:00 | TEMPLOG : Bio   Filter | 023.900
2017-01-26 04:56:02 | TEMPLOG : WellhouseOne | 063.500
2017-01-26 04:57:04 | TEMPLOG : WellhouseOne | 059.000
2017-01-26 04:57:04 | TEMPLOG : Bio   Filter | 023.000
2017-01-26 04:58:05 | TEMPLOG : WellhouseOne | 057.200
2017-01-26 04:59:06 | TEMPLOG : WellhouseOne | 055.400
2017-01-26 04:59:07 | TEMPLOG : Bio   Filter | 023.900
2017-01-26 05:00:08 | TEMPLOG : WellhouseOne | 052.700
2017-01-26 05:00:08 | TEMPLOG : Bio   Filter | 023.900
2017-01-26 05:00:08 | TEMPLOG : To   GeoLoop | 037.400
2017-01-26 05:00:09 | TEMPLOG : Table    One | 023.000
2017-01-26 05:01:09 | TEMPLOG : WellhouseOne | 050.900
2017-01-26 05:01:10 | TEMPLOG : Bio   Filter | 023.000
2017-01-26 05:02:10 | TEMPLOG : WellhouseOne | 049.100
2017-01-26 05:03:11 | TEMPLOG : WellhouseOne | 048.200
2017-01-26 05:04:13 | TEMPLOG : WellhouseOne | 047.300
2017-01-26 05:05:14 | TEMPLOG : WellhouseOne | 046.400
2017-01-26 05:05:15 | TEMPLOG : Bio   Filter | 023.900
2017-01-26 05:06:15 | TEMPLOG : WellhouseOne | 045.500
2017-01-26 05:07:16 | TEMPLOG : WellhouseOne | 044.600
2017-01-26 05:08:18 | TEMPLOG : WellhouseOne | 043.700
2017-01-26 05:10:21 | TEMPLOG : WellhouseOne | 041.900
2017-01-26 05:11:22 | TEMPLOG : Bio   Filter | 023.000
2017-01-26 05:12:23 | TEMPLOG : WellhouseOne | 095.000
2017-01-26 05:12:24 | TEMPLOG : Bio   Filter | 023.900
2017-01-26 05:13:24 | TEMPLOG : WellhouseOne | 111.200
2017-01-26 05:13:24 | TEMPLOG : Bio   Filter | 023.000
2017-01-26 05:13:24 | TEMPLOG : To   GeoLoop | 036.500
2017-01-26 05:14:25 | TEMPLOG : WellhouseOne | 118.400
2017-01-26 05:14:25 | TEMPLOG : Bio   Filter | 023.900
2017-01-26 05:14:26 | TEMPLOG : To   GeoLoop | 037.400
2017-01-26 05:15:26 | TEMPLOG : WellhouseOne | 122.000
2017-01-26 05:15:27 | TEMPLOG : To   GeoLoop | 036.500
2017-01-26 05:16:28 | TEMPLOG : WellhouseOne | 126.500
2017-01-26 05:16:28 | TEMPLOG : Bio   Filter | 023.000
2017-01-26 05:17:30 | TEMPLOG : WellhouseOne | 128.300
2017-01-26 05:17:31 | TEMPLOG : To   GeoLoop | 037.400
2017-01-26 05:18:31 | TEMPLOG : WellhouseOne | 130.100
2017-01-26 05:19:32 | TEMPLOG : WellhouseOne | 131.900
2017-01-26 05:20:33 | TEMPLOG : WellhouseOne | 132.800
2017-01-26 05:20:34 | TEMPLOG : To   GeoLoop | 036.500
2017-01-26 05:22:36 | TEMPLOG : WellhouseOne | 133.700
2017-01-26 05:23:37 | TEMPLOG : WellhouseOne | 134.600
2017-01-26 05:24:38 | TEMPLOG : WellhouseOne | 135.500
2017-01-26 05:25:39 | TEMPLOG : WellhouseOne | 136.400
2017-01-26 05:26:40 | TEMPLOG : WellhouseOne | 137.300
2017-01-26 05:27:41 | TEMPLOG : WellhouseOne | 108.500
2017-01-26 05:28:43 | TEMPLOG : WellhouseOne | 088.700
2017-01-26 05:29:44 | TEMPLOG : WellhouseOne | 077.900
2017-01-26 05:30:45 | TEMPLOG : WellhouseOne | 071.600
2017-01-26 05:31:46 | TEMPLOG : WellhouseOne | 064.400
2017-01-26 05:32:47 | TEMPLOG : WellhouseOne | 061.700
2017-01-26 05:33:49 | TEMPLOG : WellhouseOne | 059.000
2017-01-26 05:34:49 | TEMPLOG : WellhouseOne | 056.300
2017-01-26 05:35:51 | TEMPLOG : WellhouseOne | 053.600
2017-01-26 05:36:53 | TEMPLOG : WellhouseOne | 050.900
2017-01-26 05:37:53 | TEMPLOG : WellhouseOne | 050.000
2017-01-26 05:38:55 | TEMPLOG : WellhouseOne | 049.100
2017-01-26 05:39:55 | TEMPLOG : WellhouseOne | 048.200
2017-01-26 05:40:57 | TEMPLOG : WellhouseOne | 047.300
2017-01-26 05:41:58 | TEMPLOG : WellhouseOne | 045.500
2017-01-26 05:44:02 | TEMPLOG : WellhouseOne | 044.600
2017-01-26 05:45:02 | TEMPLOG : WellhouseOne | 043.700
2017-01-26 05:46:03 | TEMPLOG : WellhouseOne | 042.800
2017-01-26 05:46:04 | TEMPLOG : Bio   Filter | 023.900
2017-01-26 05:47:04 | TEMPLOG : Bio   Filter | 023.000
2017-01-26 05:48:06 | TEMPLOG : WellhouseOne | 074.300
2017-01-26 05:48:06 | TEMPLOG : Bio   Filter | 023.900
2017-01-26 05:49:07 | TEMPLOG : WellhouseOne | 107.600
2017-01-26 05:50:07 | TEMPLOG : WellhouseOne | 117.500
2017-01-26 05:51:10 | TEMPLOG : WellhouseOne | 123.800
2017-01-26 05:52:11 | TEMPLOG : WellhouseOne | 128.300
2017-01-26 05:53:12 | TEMPLOG : WellhouseOne | 130.100
2017-01-26 05:54:14 | TEMPLOG : WellhouseOne | 131.900
2017-01-26 05:55:14 | TEMPLOG : WellhouseOne | 132.800
2017-01-26 05:56:15 | TEMPLOG : WellhouseOne | 133.700
2017-01-26 05:57:17 | TEMPLOG : WellhouseOne | 135.500
2017-01-26 05:57:17 | TEMPLOG : Bio   Filter | 023.000
2017-01-26 05:58:18 | TEMPLOG : Bio   Filter | 023.900
2017-01-26 05:59:19 | TEMPLOG : WellhouseOne | 098.600
2017-01-26 06:00:20 | TEMPLOG : WellhouseOne | 084.200
2017-01-26 06:00:20 | TEMPLOG : Bio   Filter | 023.900
2017-01-26 06:00:21 | TEMPLOG : To   GeoLoop | 036.500
2017-01-26 06:00:21 | TEMPLOG : Table    One | 023.000
2017-01-26 06:01:21 | TEMPLOG : WellhouseOne | 074.300
2017-01-26 06:01:21 | TEMPLOG : Bio   Filter | 023.000
2017-01-26 06:02:22 | TEMPLOG : WellhouseOne | 068.900
2017-01-26 06:03:23 | TEMPLOG : WellhouseOne | 063.500
2017-01-26 06:04:24 | TEMPLOG : WellhouseOne | 059.900
2017-01-26 06:05:25 | TEMPLOG : WellhouseOne | 057.200
2017-01-26 06:05:25 | TEMPLOG : Bio   Filter | 023.900
2017-01-26 06:06:26 | TEMPLOG : WellhouseOne | 054.500
2017-01-26 06:06:26 | TEMPLOG : Bio   Filter | 023.000
2017-01-26 06:07:27 | TEMPLOG : WellhouseOne | 052.700
2017-01-26 06:08:29 | TEMPLOG : WellhouseOne | 050.000
2017-01-26 06:09:31 | TEMPLOG : Bio   Filter | 023.900
2017-01-26 06:10:32 | TEMPLOG : WellhouseOne | 049.100
2017-01-26 06:11:33 | TEMPLOG : WellhouseOne | 048.200
2017-01-26 06:11:34 | TEMPLOG : Bio   Filter | 023.000
2017-01-26 06:12:34 | TEMPLOG : WellhouseOne | 047.300
2017-01-26 06:13:36 | TEMPLOG : WellhouseOne | 046.400
2017-01-26 06:14:37 | TEMPLOG : WellhouseOne | 044.600
2017-01-26 06:16:39 | TEMPLOG : WellhouseOne | 043.700
2017-01-26 06:18:41 | TEMPLOG : WellhouseOne | 042.800
2017-01-26 06:19:42 | TEMPLOG : WellhouseOne | 094.100
2017-01-26 06:20:43 | TEMPLOG : WellhouseOne | 108.500
2017-01-26 06:21:44 | TEMPLOG : WellhouseOne | 118.400
2017-01-26 06:22:46 | TEMPLOG : WellhouseOne | 123.800
2017-01-26 06:22:46 | TEMPLOG : Bio   Filter | 023.900
2017-01-26 06:23:48 | TEMPLOG : WellhouseOne | 126.500
2017-01-26 06:23:48 | TEMPLOG : Bio   Filter | 023.000
2017-01-26 06:24:49 | TEMPLOG : WellhouseOne | 129.200
2017-01-26 06:25:50 | TEMPLOG : WellhouseOne | 131.900
2017-01-26 06:26:51 | TEMPLOG : WellhouseOne | 133.700
2017-01-26 06:27:52 | TEMPLOG : WellhouseOne | 134.600
2017-01-26 06:28:52 | TEMPLOG : WellhouseOne | 135.500
2017-01-26 06:29:53 | TEMPLOG : WellhouseOne | 101.300
2017-01-26 06:30:54 | TEMPLOG : WellhouseOne | 084.200
2017-01-26 06:31:55 | TEMPLOG : WellhouseOne | 076.100
2017-01-26 06:32:57 | TEMPLOG : WellhouseOne | 069.800
2017-01-26 06:33:58 | TEMPLOG : WellhouseOne | 065.300
2017-01-26 06:34:58 | TEMPLOG : WellhouseOne | 060.800
2017-01-26 06:35:59 | TEMPLOG : WellhouseOne | 058.100
2017-01-26 06:37:00 | TEMPLOG : WellhouseOne | 054.500
2017-01-26 06:38:02 | TEMPLOG : WellhouseOne | 052.700
2017-01-26 06:39:03 | TEMPLOG : WellhouseOne | 050.000
2017-01-26 06:40:05 | TEMPLOG : WellhouseOne | 049.100
2017-01-26 06:41:06 | TEMPLOG : WellhouseOne | 047.300
2017-01-26 06:42:08 | TEMPLOG : WellhouseOne | 046.400
2017-01-26 06:43:10 | TEMPLOG : WellhouseOne | 045.500
2017-01-26 06:45:15 | TEMPLOG : WellhouseOne | 044.600
2017-01-26 06:46:16 | TEMPLOG : WellhouseOne | 043.700
2017-01-26 06:46:17 | TEMPLOG : Table    One | 022.100
2017-01-26 06:47:17 | TEMPLOG : WellhouseOne | 042.800
2017-01-26 06:49:20 | TEMPLOG : WellhouseOne | 041.900
2017-01-26 06:50:21 | TEMPLOG : WellhouseOne | 091.400
2017-01-26 06:50:22 | TEMPLOG : Table    One | 023.000
2017-01-26 06:51:24 | TEMPLOG : WellhouseOne | 110.300
2017-01-26 06:51:24 | TEMPLOG : Table    One | 022.100
2017-01-26 06:52:24 | TEMPLOG : WellhouseOne | 117.500
2017-01-26 06:52:25 | TEMPLOG : Table    One | 023.000
2017-01-26 06:53:25 | TEMPLOG : WellhouseOne | 122.900
2017-01-26 06:54:26 | TEMPLOG : WellhouseOne | 125.600
2017-01-26 06:55:28 | TEMPLOG : WellhouseOne | 127.400
2017-01-26 06:55:29 | TEMPLOG : To   GeoLoop | 035.600
2017-01-26 06:55:29 | TEMPLOG : Table    One | 022.100
2017-01-26 06:56:29 | TEMPLOG : WellhouseOne | 129.200
2017-01-26 06:56:30 | TEMPLOG : To   GeoLoop | 036.500
2017-01-26 06:57:32 | TEMPLOG : WellhouseOne | 131.000
2017-01-26 06:57:32 | TEMPLOG : To   GeoLoop | 035.600
2017-01-26 06:58:33 | TEMPLOG : WellhouseOne | 132.800
2017-01-26 06:59:36 | TEMPLOG : To   GeoLoop | 036.500
2017-01-26 07:00:36 | TEMPLOG : WellhouseOne | 133.700
2017-01-26 07:00:37 | TEMPLOG : Bio   Filter | 023.000
2017-01-26 07:00:38 | TEMPLOG : To   GeoLoop | 035.600
2017-01-26 07:00:38 | TEMPLOG : Table    One | 022.100
2017-01-26 07:01:38 | TEMPLOG : WellhouseOne | 134.600
2017-01-26 07:02:39 | TEMPLOG : WellhouseOne | 135.500
2017-01-26 07:03:40 | TEMPLOG : WellhouseOne | 109.400
2017-01-26 07:04:41 | TEMPLOG : WellhouseOne | 091.400
2017-01-26 07:05:43 | TEMPLOG : WellhouseOne | 078.800
2017-01-26 07:06:43 | TEMPLOG : WellhouseOne | 070.700
2017-01-26 07:06:44 | TEMPLOG : Table    One | 023.000
2017-01-26 07:07:44 | TEMPLOG : WellhouseOne | 066.200
2017-01-26 07:07:45 | TEMPLOG : Table    One | 022.100
2017-01-26 07:08:45 | TEMPLOG : WellhouseOne | 061.700
2017-01-26 07:09:47 | TEMPLOG : WellhouseOne | 058.100
2017-01-26 07:09:48 | TEMPLOG : Table    One | 023.000
2017-01-26 07:10:49 | TEMPLOG : WellhouseOne | 056.300
2017-01-26 07:10:49 | TEMPLOG : Table    One | 022.100
2017-01-26 07:11:49 | TEMPLOG : WellhouseOne | 053.600
2017-01-26 07:12:50 | TEMPLOG : WellhouseOne | 050.900
2017-01-26 07:14:53 | TEMPLOG : WellhouseOne | 049.100
2017-01-26 07:14:54 | TEMPLOG : Table    One | 023.000
2017-01-26 07:15:54 | TEMPLOG : WellhouseOne | 048.200
2017-01-26 07:16:56 | TEMPLOG : WellhouseOne | 047.300
2017-01-26 07:17:56 | TEMPLOG : WellhouseOne | 046.400
2017-01-26 07:19:59 | TEMPLOG : WellhouseOne | 045.500
2017-01-26 07:21:00 | TEMPLOG : WellhouseOne | 043.700
2017-01-26 07:23:01 | TEMPLOG : WellhouseOne | 042.800
2017-01-26 07:24:02 | TEMPLOG : WellhouseOne | 064.400
2017-01-26 07:25:03 | TEMPLOG : WellhouseOne | 104.000
2017-01-26 07:25:03 | TEMPLOG : Bio   Filter | 023.900
2017-01-26 07:25:04 | TEMPLOG : To   GeoLoop | 036.500
2017-01-26 07:26:04 | TEMPLOG : WellhouseOne | 114.800
2017-01-26 07:27:05 | TEMPLOG : WellhouseOne | 121.100
2017-01-26 07:27:06 | TEMPLOG : Table    One | 023.900
2017-01-26 07:28:07 | TEMPLOG : WellhouseOne | 125.600
2017-01-26 07:29:08 | TEMPLOG : WellhouseOne | 127.400
2017-01-26 07:30:10 | TEMPLOG : WellhouseOne | 129.200
2017-01-26 07:30:10 | TEMPLOG : Bio   Filter | 024.800
2017-01-26 07:31:11 | TEMPLOG : WellhouseOne | 131.000
2017-01-26 07:32:13 | TEMPLOG : WellhouseOne | 132.800
2017-01-26 07:33:14 | TEMPLOG : WellhouseOne | 133.700
2017-01-26 07:33:15 | TEMPLOG : Table    One | 024.800
2017-01-26 07:34:15 | TEMPLOG : WellhouseOne | 134.600
2017-01-26 07:34:15 | TEMPLOG : Bio   Filter | 025.700
2017-01-26 07:35:16 | TEMPLOG : WellhouseOne | 135.500
2017-01-26 07:36:17 | TEMPLOG : WellhouseOne | 096.800
2017-01-26 07:36:18 | TEMPLOG : Table    One | 025.700
2017-01-26 07:37:18 | TEMPLOG : WellhouseOne | 082.400
2017-01-26 07:38:21 | TEMPLOG : WellhouseOne | 073.400
2017-01-26 07:38:22 | TEMPLOG : Bio   Filter | 026.600
2017-01-26 07:38:22 | TEMPLOG : Table    One | 026.600
2017-01-26 07:39:22 | TEMPLOG : WellhouseOne | 068.000
2017-01-26 07:40:23 | TEMPLOG : WellhouseOne | 062.600
2017-01-26 07:40:24 | TEMPLOG : Table    One | 027.500
2017-01-26 07:41:24 | TEMPLOG : WellhouseOne | 059.900
2017-01-26 07:41:25 | TEMPLOG : Bio   Filter | 027.500
2017-01-26 07:42:25 | TEMPLOG : WellhouseOne | 056.300
2017-01-26 07:42:26 | TEMPLOG : To   GeoLoop | 037.400
2017-01-26 07:42:27 | TEMPLOG : Table    One | 028.400
2017-01-26 07:43:27 | TEMPLOG : WellhouseOne | 054.500
2017-01-26 07:44:28 | TEMPLOG : WellhouseOne | 052.700
2017-01-26 07:44:29 | TEMPLOG : Table    One | 029.300
2017-01-26 07:45:29 | TEMPLOG : WellhouseOne | 050.900
2017-01-26 07:45:29 | TEMPLOG : Bio   Filter | 028.400
2017-01-26 07:46:30 | TEMPLOG : WellhouseOne | 050.000
2017-01-26 07:47:32 | TEMPLOG : WellhouseOne | 049.100
2017-01-26 07:47:32 | TEMPLOG : Table    One | 030.200
2017-01-26 07:48:33 | TEMPLOG : WellhouseOne | 048.200
2017-01-26 07:48:33 | TEMPLOG : Bio   Filter | 029.300
2017-01-26 07:49:34 | TEMPLOG : WellhouseOne | 047.300
2017-01-26 07:50:35 | TEMPLOG : WellhouseOne | 046.400
2017-01-26 07:50:35 | TEMPLOG : Table    One | 031.100
2017-01-26 07:51:35 | TEMPLOG : WellhouseOne | 045.500
2017-01-26 07:51:37 | TEMPLOG : Bio   Filter | 030.200
2017-01-26 07:52:38 | TEMPLOG : WellhouseOne | 044.600
2017-01-26 07:54:41 | TEMPLOG : WellhouseOne | 043.700
2017-01-26 07:54:41 | TEMPLOG : Bio   Filter | 031.100
2017-01-26 07:54:41 | TEMPLOG : To   GeoLoop | 038.300
2017-01-26 07:55:42 | TEMPLOG : To   GeoLoop | 037.400
2017-01-26 07:55:42 | TEMPLOG : Table    One | 032.900
2017-01-26 07:56:42 | TEMPLOG : WellhouseOne | 094.100
2017-01-26 07:56:43 | TEMPLOG : To   GeoLoop | 038.300
2017-01-26 07:57:44 | TEMPLOG : WellhouseOne | 112.100
2017-01-26 07:58:45 | TEMPLOG : WellhouseOne | 121.100
2017-01-26 07:59:45 | TEMPLOG : WellhouseOne | 126.500
2017-01-26 07:59:46 | TEMPLOG : Table    One | 033.800
2017-01-26 08:00:47 | TEMPLOG : WellhouseOne | 130.100
2017-01-26 08:00:48 | TEMPLOG : To   GeoLoop | 038.300
2017-01-26 08:00:48 | TEMPLOG : Table    One | 033.800
2017-01-26 08:01:49 | TEMPLOG : WellhouseOne | 131.900
2017-01-26 08:01:49 | TEMPLOG : Bio   Filter | 032.900
2017-01-26 08:02:50 | TEMPLOG : WellhouseOne | 133.700
2017-01-26 08:03:51 | TEMPLOG : WellhouseOne | 115.700
2017-01-26 08:03:51 | TEMPLOG : Table    One | 034.700
2017-01-26 08:04:52 | TEMPLOG : WellhouseOne | 089.600
2017-01-26 08:04:52 | TEMPLOG : Bio   Filter | 033.800
2017-01-26 08:05:54 | TEMPLOG : WellhouseOne | 077.000
2017-01-26 08:05:54 | TEMPLOG : Bio   Filter | 034.700
2017-01-26 08:05:55 | TEMPLOG : Table    One | 035.600
2017-01-26 08:06:55 | TEMPLOG : WellhouseOne | 069.800
2017-01-26 08:07:57 | TEMPLOG : WellhouseOne | 064.400
2017-01-26 08:07:57 | TEMPLOG : Bio   Filter | 035.600
2017-01-26 08:08:58 | TEMPLOG : WellhouseOne | 059.900
2017-01-26 08:08:58 | TEMPLOG : Bio   Filter | 036.500
2017-01-26 08:08:59 | TEMPLOG : Table    One | 036.500
2017-01-26 08:09:59 | TEMPLOG : WellhouseOne | 057.200
2017-01-26 08:11:01 | TEMPLOG : WellhouseOne | 054.500
2017-01-26 08:11:01 | TEMPLOG : Bio   Filter | 037.400
2017-01-26 08:12:03 | TEMPLOG : WellhouseOne | 052.700
2017-01-26 08:12:04 | TEMPLOG : To   GeoLoop | 039.200
2017-01-26 08:13:05 | TEMPLOG : WellhouseOne | 050.900
2017-01-26 08:13:06 | TEMPLOG : Table    One | 037.400
2017-01-26 08:14:06 | TEMPLOG : WellhouseOne | 049.100
2017-01-26 08:14:06 | TEMPLOG : Bio   Filter | 038.300
2017-01-26 08:15:07 | TEMPLOG : WellhouseOne | 048.200
2017-01-26 08:16:09 | TEMPLOG : WellhouseOne | 047.300
2017-01-26 08:16:09 | TEMPLOG : Bio   Filter | 039.200
2017-01-26 08:17:11 | TEMPLOG : Table    One | 038.300
2017-01-26 08:18:11 | TEMPLOG : WellhouseOne | 046.400
2017-01-26 08:18:11 | TEMPLOG : Bio   Filter | 040.100
2017-01-26 08:19:12 | TEMPLOG : WellhouseOne | 045.500
2017-01-26 08:20:14 | TEMPLOG : WellhouseOne | 044.600
2017-01-26 08:20:14 | TEMPLOG : Table    One | 039.200
2017-01-26 08:21:16 | TEMPLOG : Bio   Filter | 041.000
2017-01-26 08:22:16 | TEMPLOG : WellhouseOne | 043.700
2017-01-26 08:23:18 | TEMPLOG : Bio   Filter | 041.900
2017-01-26 08:24:19 | TEMPLOG : WellhouseOne | 042.800
2017-01-26 08:25:20 | TEMPLOG : WellhouseOne | 095.000
2017-01-26 08:25:21 | TEMPLOG : Table    One | 040.100
2017-01-26 08:26:21 | TEMPLOG : WellhouseOne | 112.100
2017-01-26 08:26:21 | TEMPLOG : Bio   Filter | 042.800
2017-01-26 08:27:22 | TEMPLOG : WellhouseOne | 122.000
2017-01-26 08:28:23 | TEMPLOG : WellhouseOne | 126.500
2017-01-26 08:28:23 | TEMPLOG : Bio   Filter | 041.900
2017-01-26 08:28:23 | TEMPLOG : To   GeoLoop | 040.100
2017-01-26 08:28:24 | TEMPLOG : Table    One | 041.000
2017-01-26 08:29:24 | TEMPLOG : WellhouseOne | 130.100
2017-01-26 08:30:25 | TEMPLOG : WellhouseOne | 132.800
2017-01-26 08:30:25 | TEMPLOG : Bio   Filter | 042.800
2017-01-26 08:31:26 | TEMPLOG : WellhouseOne | 111.200
2017-01-26 08:32:27 | TEMPLOG : WellhouseOne | 087.800
2017-01-26 08:33:27 | TEMPLOG : WellhouseOne | 076.100
2017-01-26 08:34:29 | TEMPLOG : WellhouseOne | 069.800
2017-01-26 08:34:29 | TEMPLOG : Bio   Filter | 043.700
2017-01-26 08:35:29 | TEMPLOG : WellhouseOne | 064.400
2017-01-26 08:35:30 | TEMPLOG : Table    One | 040.100
2017-01-26 08:36:31 | TEMPLOG : WellhouseOne | 059.900
2017-01-26 08:37:31 | TEMPLOG : WellhouseOne | 057.200
2017-01-26 08:37:31 | TEMPLOG : Bio   Filter | 044.600
2017-01-26 08:38:32 | TEMPLOG : WellhouseOne | 055.400
2017-01-26 08:39:33 | TEMPLOG : WellhouseOne | 053.600
2017-01-26 08:39:34 | TEMPLOG : Table    One | 041.000
2017-01-26 08:40:34 | TEMPLOG : WellhouseOne | 052.700
2017-01-26 08:40:34 | TEMPLOG : Bio   Filter | 045.500
2017-01-26 08:40:35 | TEMPLOG : To   GeoLoop | 041.000
2017-01-26 08:41:36 | TEMPLOG : WellhouseOne | 050.900
2017-01-26 08:42:37 | TEMPLOG : WellhouseOne | 049.100
2017-01-26 08:43:39 | TEMPLOG : WellhouseOne | 048.200
2017-01-26 08:43:39 | TEMPLOG : Bio   Filter | 046.400
2017-01-26 08:44:41 | TEMPLOG : WellhouseOne | 047.300
2017-01-26 08:45:42 | TEMPLOG : WellhouseOne | 046.400
2017-01-26 08:45:43 | TEMPLOG : Table    One | 041.900
2017-01-26 08:46:43 | TEMPLOG : Bio   Filter | 047.300
2017-01-26 08:47:44 | TEMPLOG : WellhouseOne | 045.500
2017-01-26 08:47:45 | TEMPLOG : Bio   Filter | 048.200
2017-01-26 08:49:46 | TEMPLOG : WellhouseOne | 044.600
2017-01-26 08:50:48 | TEMPLOG : Bio   Filter | 049.100
2017-01-26 08:51:48 | TEMPLOG : WellhouseOne | 043.700
2017-01-26 08:51:49 | TEMPLOG : To   GeoLoop | 041.900
2017-01-26 08:52:50 | TEMPLOG : To   GeoLoop | 041.000
2017-01-26 08:52:51 | TEMPLOG : Table    One | 042.800
2017-01-26 08:53:51 | TEMPLOG : WellhouseOne | 101.300
2017-01-26 08:53:51 | TEMPLOG : Bio   Filter | 050.000
2017-01-26 08:53:51 | TEMPLOG : To   GeoLoop | 041.900
2017-01-26 08:54:52 | TEMPLOG : WellhouseOne | 117.500
2017-01-26 08:54:52 | TEMPLOG : Bio   Filter | 049.100
2017-01-26 08:55:53 | TEMPLOG : WellhouseOne | 125.600
2017-01-26 08:56:55 | TEMPLOG : WellhouseOne | 132.800
2017-01-26 08:57:57 | TEMPLOG : WellhouseOne | 117.500
2017-01-26 08:57:57 | TEMPLOG : Bio   Filter | 050.000
2017-01-26 08:58:58 | TEMPLOG : WellhouseOne | 089.600
2017-01-26 08:59:59 | TEMPLOG : WellhouseOne | 077.900
2017-01-26 09:00:00 | TEMPLOG : To   GeoLoop | 041.900
2017-01-26 09:00:00 | TEMPLOG : Table    One | 043.700
2017-01-26 09:01:00 | TEMPLOG : WellhouseOne | 071.600
2017-01-26 09:02:01 | TEMPLOG : WellhouseOne | 064.400
2017-01-26 09:02:01 | TEMPLOG : Bio   Filter | 050.900
2017-01-26 09:03:02 | TEMPLOG : WellhouseOne | 062.600
2017-01-26 09:04:03 | TEMPLOG : WellhouseOne | 059.900
2017-01-26 09:04:04 | TEMPLOG : Table    One | 044.600
2017-01-26 09:05:04 | TEMPLOG : WellhouseOne | 057.200
2017-01-26 09:06:05 | TEMPLOG : WellhouseOne | 054.500
2017-01-26 09:07:06 | TEMPLOG : WellhouseOne | 052.700
2017-01-26 09:08:07 | TEMPLOG : WellhouseOne | 050.900
2017-01-26 09:08:07 | TEMPLOG : Bio   Filter | 051.800
2017-01-26 09:09:07 | TEMPLOG : WellhouseOne | 050.000
2017-01-26 09:09:08 | TEMPLOG : Table    One | 045.500
2017-01-26 09:10:08 | TEMPLOG : WellhouseOne | 049.100
2017-01-26 09:11:10 | TEMPLOG : WellhouseOne | 048.200
2017-01-26 09:12:11 | TEMPLOG : Bio   Filter | 052.700
2017-01-26 09:13:12 | TEMPLOG : WellhouseOne | 047.300
2017-01-26 09:13:12 | TEMPLOG : Bio   Filter | 053.600
2017-01-26 09:13:13 | TEMPLOG : Table    One | 046.400
2017-01-26 09:14:13 | TEMPLOG : WellhouseOne | 046.400
2017-01-26 09:15:14 | TEMPLOG : Bio   Filter | 054.500
2017-01-26 09:17:17 | TEMPLOG : WellhouseOne | 045.500
2017-01-26 09:17:18 | TEMPLOG : Bio   Filter | 055.400
2017-01-26 09:17:18 | TEMPLOG : Table    One | 047.300
2017-01-26 09:18:18 | TEMPLOG : WellhouseOne | 044.600
2017-01-26 09:19:19 | TEMPLOG : Bio   Filter | 056.300
2017-01-26 09:20:20 | TEMPLOG : Bio   Filter | 057.200
2017-01-26 09:20:20 | TEMPLOG : Table    One | 048.200
2017-01-26 09:21:21 | TEMPLOG : WellhouseOne | 087.800
2017-01-26 09:21:21 | TEMPLOG : Bio   Filter | 058.100
2017-01-26 09:22:22 | TEMPLOG : WellhouseOne | 115.700
2017-01-26 09:22:22 | TEMPLOG : Bio   Filter | 059.000
2017-01-26 09:22:23 | TEMPLOG : Table    One | 049.100
2017-01-26 09:23:23 | TEMPLOG : WellhouseOne | 125.600
2017-01-26 09:23:24 | TEMPLOG : Bio   Filter | 059.900
2017-01-26 09:24:24 | TEMPLOG : WellhouseOne | 131.900
2017-01-26 09:24:24 | TEMPLOG : Bio   Filter | 060.800
2017-01-26 09:25:26 | TEMPLOG : WellhouseOne | 095.000
2017-01-26 09:25:26 | TEMPLOG : Bio   Filter | 062.600
2017-01-26 09:25:27 | TEMPLOG : Table    One | 050.000
2017-01-26 09:26:27 | TEMPLOG : WellhouseOne | 079.700
2017-01-26 09:27:28 | TEMPLOG : WellhouseOne | 069.800
2017-01-26 09:27:28 | TEMPLOG : Bio   Filter | 064.400
2017-01-26 09:27:29 | TEMPLOG : Table    One | 050.900
2017-01-26 09:28:29 | TEMPLOG : WellhouseOne | 067.100
2017-01-26 09:28:29 | TEMPLOG : Bio   Filter | 065.300
2017-01-26 09:29:30 | TEMPLOG : WellhouseOne | 061.700
2017-01-26 09:30:32 | TEMPLOG : WellhouseOne | 059.000
2017-01-26 09:30:32 | TEMPLOG : Bio   Filter | 066.200
2017-01-26 09:31:33 | TEMPLOG : WellhouseOne | 056.300
2017-01-26 09:31:33 | TEMPLOG : Bio   Filter | 067.100
2017-01-26 09:32:35 | TEMPLOG : WellhouseOne | 054.500
2017-01-26 09:33:37 | TEMPLOG : WellhouseOne | 053.600
2017-01-26 09:33:37 | TEMPLOG : Bio   Filter | 068.000
2017-01-26 09:33:37 | TEMPLOG : To   GeoLoop | 042.800
2017-01-26 09:34:38 | TEMPLOG : WellhouseOne | 052.700
2017-01-26 09:35:40 | TEMPLOG : Bio   Filter | 068.900
2017-01-26 09:35:41 | TEMPLOG : Table    One | 050.000
2017-01-26 09:36:41 | TEMPLOG : WellhouseOne | 051.800
2017-01-26 09:37:42 | TEMPLOG : WellhouseOne | 050.900
2017-01-26 09:37:42 | TEMPLOG : Bio   Filter | 069.800
2017-01-26 09:38:43 | TEMPLOG : WellhouseOne | 049.100
2017-01-26 09:39:44 | TEMPLOG : WellhouseOne | 048.200
2017-01-26 09:39:45 | TEMPLOG : Table    One | 049.100
2017-01-26 09:41:46 | TEMPLOG : WellhouseOne | 047.300
2017-01-26 09:41:46 | TEMPLOG : Bio   Filter | 070.700
2017-01-26 09:43:49 | TEMPLOG : WellhouseOne | 046.400
2017-01-26 09:44:51 | TEMPLOG : Bio   Filter | 071.600
2017-01-26 09:46:53 | TEMPLOG : WellhouseOne | 047.300
2017-01-26 09:46:53 | TEMPLOG : Bio   Filter | 072.500
2017-01-26 09:46:53 | TEMPLOG : Table    One | 050.000
2017-01-26 09:47:54 | TEMPLOG : WellhouseOne | 046.400
2017-01-26 09:47:55 | TEMPLOG : To   GeoLoop | 043.700
2017-01-26 09:48:55 | TEMPLOG : WellhouseOne | 061.700
2017-01-26 09:49:56 | TEMPLOG : WellhouseOne | 110.300
2017-01-26 09:50:58 | TEMPLOG : WellhouseOne | 124.700
2017-01-26 09:51:58 | TEMPLOG : WellhouseOne | 106.700
2017-01-26 09:51:59 | TEMPLOG : Bio   Filter | 073.400
2017-01-26 09:53:01 | TEMPLOG : WellhouseOne | 085.100
2017-01-26 09:53:01 | TEMPLOG : Bio   Filter | 074.300
2017-01-26 09:54:02 | TEMPLOG : WellhouseOne | 075.200
2017-01-26 09:54:03 | TEMPLOG : Bio   Filter | 075.200
2017-01-26 09:55:04 | TEMPLOG : WellhouseOne | 069.800
2017-01-26 09:55:04 | TEMPLOG : To   GeoLoop | 044.600
2017-01-26 09:56:04 | TEMPLOG : WellhouseOne | 064.400
2017-01-26 09:56:05 | TEMPLOG : Bio   Filter | 076.100
2017-01-26 09:57:06 | TEMPLOG : WellhouseOne | 060.800
2017-01-26 09:58:08 | TEMPLOG : WellhouseOne | 059.900
2017-01-26 09:58:08 | TEMPLOG : Table    One | 050.900
2017-01-26 09:59:09 | TEMPLOG : WellhouseOne | 058.100
2017-01-26 10:00:09 | TEMPLOG : WellhouseOne | 057.200
2017-01-26 10:00:10 | TEMPLOG : Bio   Filter | 076.100
2017-01-26 10:00:10 | TEMPLOG : To   GeoLoop | 044.600
2017-01-26 10:00:10 | TEMPLOG : Table    One | 050.900
2017-01-26 10:01:10 | TEMPLOG : WellhouseOne | 056.300
2017-01-26 10:01:11 | TEMPLOG : Bio   Filter | 075.200
2017-01-26 10:02:12 | TEMPLOG : WellhouseOne | 055.400
2017-01-26 10:02:13 | TEMPLOG : Table    One | 051.800
2017-01-26 10:03:13 | TEMPLOG : WellhouseOne | 054.500
2017-01-26 10:03:14 | TEMPLOG : To   GeoLoop | 045.500
2017-01-26 10:04:14 | TEMPLOG : WellhouseOne | 053.600
2017-01-26 10:05:15 | TEMPLOG : WellhouseOne | 052.700
2017-01-26 10:05:16 | TEMPLOG : Table    One | 052.700
2017-01-26 10:07:17 | TEMPLOG : WellhouseOne | 051.800
2017-01-26 10:07:17 | TEMPLOG : Table    One | 053.600
2017-01-26 10:09:19 | TEMPLOG : WellhouseOne | 050.900
2017-01-26 10:09:20 | TEMPLOG : To   GeoLoop | 046.400
2017-01-26 10:09:20 | TEMPLOG : Table    One | 054.500
2017-01-26 10:10:22 | TEMPLOG : Table    One | 057.200
2017-01-26 10:11:22 | TEMPLOG : WellhouseOne | 050.000
2017-01-26 10:11:22 | TEMPLOG : Bio   Filter | 076.100
2017-01-26 10:11:23 | TEMPLOG : Table    One | 059.000
2017-01-26 10:12:24 | TEMPLOG : Bio   Filter | 075.200
2017-01-26 10:12:24 | TEMPLOG : Table    One | 060.800
2017-01-26 10:13:24 | TEMPLOG : WellhouseOne | 049.100
2017-01-26 10:13:25 | TEMPLOG : Table    One | 062.600
2017-01-26 10:14:26 | TEMPLOG : Bio   Filter | 076.100
2017-01-26 10:14:27 | TEMPLOG : Table    One | 064.400
2017-01-26 10:15:28 | TEMPLOG : Table    One | 065.300
2017-01-26 10:16:28 | TEMPLOG : WellhouseOne | 048.200
2017-01-26 10:17:30 | TEMPLOG : WellhouseOne | 047.300
2017-01-26 10:17:31 | TEMPLOG : Bio   Filter | 077.000
2017-01-26 10:17:32 | TEMPLOG : To   GeoLoop | 047.300
2017-01-26 10:17:32 | TEMPLOG : Table    One | 066.200
2017-01-26 10:18:33 | TEMPLOG : WellhouseOne | 048.200
2017-01-26 10:18:34 | TEMPLOG : Table    One | 067.100
2017-01-26 10:19:34 | TEMPLOG : WellhouseOne | 107.600
2017-01-26 10:19:35 | TEMPLOG : Bio   Filter | 077.900
2017-01-26 10:20:35 | TEMPLOG : WellhouseOne | 122.900
2017-01-26 10:20:36 | TEMPLOG : Table    One | 068.000
2017-01-26 10:21:36 | TEMPLOG : WellhouseOne | 130.100
2017-01-26 10:21:37 | TEMPLOG : Bio   Filter | 078.800
2017-01-26 10:21:38 | TEMPLOG : Table    One | 068.900
2017-01-26 10:22:38 | TEMPLOG : WellhouseOne | 095.000
2017-01-26 10:22:39 | TEMPLOG : Table    One | 069.800
2017-01-26 10:23:39 | TEMPLOG : WellhouseOne | 077.900
2017-01-26 10:23:40 | TEMPLOG : Bio   Filter | 079.700
2017-01-26 10:23:40 | TEMPLOG : To   GeoLoop | 048.200
2017-01-26 10:24:40 | TEMPLOG : WellhouseOne | 069.800
2017-01-26 10:24:40 | TEMPLOG : Bio   Filter | 080.600
2017-01-26 10:25:42 | TEMPLOG : WellhouseOne | 064.400
2017-01-26 10:25:43 | TEMPLOG : Table    One | 068.900
2017-01-26 10:26:43 | TEMPLOG : WellhouseOne | 060.800
2017-01-26 10:26:43 | TEMPLOG : Bio   Filter | 081.500
2017-01-26 10:27:44 | TEMPLOG : WellhouseOne | 058.100
2017-01-26 10:28:46 | TEMPLOG : WellhouseOne | 056.300
2017-01-26 10:29:48 | TEMPLOG : WellhouseOne | 053.600
2017-01-26 10:30:49 | TEMPLOG : WellhouseOne | 052.700
2017-01-26 10:31:51 | TEMPLOG : WellhouseOne | 050.900
2017-01-26 10:31:52 | TEMPLOG : To   GeoLoop | 049.100
2017-01-26 10:32:52 | TEMPLOG : WellhouseOne | 050.000
2017-01-26 10:32:53 | TEMPLOG : Bio   Filter | 080.600
2017-01-26 10:33:53 | TEMPLOG : WellhouseOne | 049.100
2017-01-26 10:35:57 | TEMPLOG : WellhouseOne | 048.200
2017-01-26 10:35:57 | TEMPLOG : Bio   Filter | 081.500
2017-01-26 10:36:58 | TEMPLOG : WellhouseOne | 047.300
2017-01-26 10:38:01 | TEMPLOG : Table    One | 068.000
2017-01-26 10:39:01 | TEMPLOG : WellhouseOne | 046.400
2017-01-26 10:40:04 | TEMPLOG : Table    One | 068.900
2017-01-26 10:41:04 | TEMPLOG : WellhouseOne | 045.500
2017-01-26 10:41:06 | TEMPLOG : To   GeoLoop | 050.000
2017-01-26 10:41:06 | TEMPLOG : Table    One | 068.000
2017-01-26 10:42:06 | TEMPLOG : WellhouseOne | 044.600
2017-01-26 10:43:07 | TEMPLOG : WellhouseOne | 043.700
2017-01-26 10:44:09 | TEMPLOG : WellhouseOne | 042.800
2017-01-26 10:45:10 | TEMPLOG : WellhouseOne | 043.700
2017-01-26 10:46:11 | TEMPLOG : WellhouseOne | 104.000
2017-01-26 10:47:12 | TEMPLOG : WellhouseOne | 121.100
2017-01-26 10:47:12 | TEMPLOG : Bio   Filter | 080.600
2017-01-26 10:47:13 | TEMPLOG : Table    One | 068.900
2017-01-26 10:48:14 | TEMPLOG : WellhouseOne | 131.000
2017-01-26 10:48:14 | TEMPLOG : Bio   Filter | 079.700
2017-01-26 10:49:15 | TEMPLOG : WellhouseOne | 104.900
2017-01-26 10:49:15 | TEMPLOG : Bio   Filter | 078.800
2017-01-26 10:49:16 | TEMPLOG : Table    One | 069.800
2017-01-26 10:50:16 | TEMPLOG : WellhouseOne | 082.400
2017-01-26 10:50:17 | TEMPLOG : Bio   Filter | 077.000
2017-01-26 10:50:17 | TEMPLOG : To   GeoLoop | 050.900
2017-01-26 10:51:17 | TEMPLOG : WellhouseOne | 071.600
2017-01-26 10:51:18 | TEMPLOG : Bio   Filter | 075.200
2017-01-26 10:51:18 | TEMPLOG : Table    One | 070.700
2017-01-26 10:52:18 | TEMPLOG : WellhouseOne | 066.200
2017-01-26 10:52:19 | TEMPLOG : Bio   Filter | 073.400
2017-01-26 10:53:20 | TEMPLOG : WellhouseOne | 060.800
2017-01-26 10:53:20 | TEMPLOG : Bio   Filter | 071.600
2017-01-26 10:53:21 | TEMPLOG : Table    One | 071.600
2017-01-26 10:54:21 | TEMPLOG : WellhouseOne | 058.100
2017-01-26 10:54:21 | TEMPLOG : Bio   Filter | 069.800
2017-01-26 10:55:23 | TEMPLOG : WellhouseOne | 055.400
2017-01-26 10:55:23 | TEMPLOG : Bio   Filter | 068.000
2017-01-26 10:56:24 | TEMPLOG : WellhouseOne | 054.500
2017-01-26 10:56:24 | TEMPLOG : Bio   Filter | 067.100
2017-01-26 10:56:24 | TEMPLOG : To   GeoLoop | 051.800
2017-01-26 10:56:25 | TEMPLOG : Table    One | 072.500
2017-01-26 10:57:25 | TEMPLOG : WellhouseOne | 051.800
2017-01-26 10:57:25 | TEMPLOG : Bio   Filter | 066.200
2017-01-26 10:58:26 | TEMPLOG : WellhouseOne | 050.900
2017-01-26 10:58:27 | TEMPLOG : Bio   Filter | 065.300
2017-01-26 10:59:28 | TEMPLOG : WellhouseOne | 049.100
2017-01-26 11:00:29 | TEMPLOG : WellhouseOne | 049.100
2017-01-26 11:00:29 | TEMPLOG : Bio   Filter | 065.300
2017-01-26 11:00:29 | TEMPLOG : To   GeoLoop | 051.800
2017-01-26 11:00:30 | TEMPLOG : Table    One | 072.500
2017-01-26 11:01:30 | TEMPLOG : WellhouseOne | 048.200
2017-01-26 11:02:32 | TEMPLOG : WellhouseOne | 047.300
2017-01-26 11:03:33 | TEMPLOG : Bio   Filter | 066.200
2017-01-26 11:03:33 | TEMPLOG : To   GeoLoop | 052.700
2017-01-26 11:04:33 | TEMPLOG : WellhouseOne | 046.400
2017-01-26 11:04:34 | TEMPLOG : Bio   Filter | 068.000
2017-01-26 11:04:35 | TEMPLOG : Table    One | 073.400
2017-01-26 11:05:36 | TEMPLOG : Bio   Filter | 069.800
2017-01-26 11:06:37 | TEMPLOG : WellhouseOne | 045.500
2017-01-26 11:06:37 | TEMPLOG : Bio   Filter | 072.500
2017-01-26 11:06:38 | TEMPLOG : Table    One | 074.300
2017-01-26 11:07:38 | TEMPLOG : WellhouseOne | 044.600
2017-01-26 11:07:40 | TEMPLOG : Bio   Filter | 075.200
2017-01-26 11:08:41 | TEMPLOG : Bio   Filter | 077.900
2017-01-26 11:08:42 | TEMPLOG : Table    One | 075.200
2017-01-26 11:09:42 | TEMPLOG : Bio   Filter | 080.600
2017-01-26 11:09:43 | TEMPLOG : Table    One | 076.100
2017-01-26 11:10:44 | TEMPLOG : Bio   Filter | 083.300
2017-01-26 11:11:44 | TEMPLOG : WellhouseOne | 043.700
2017-01-26 11:11:45 | TEMPLOG : Bio   Filter | 085.100
2017-01-26 11:12:46 | TEMPLOG : WellhouseOne | 090.500
2017-01-26 11:12:46 | TEMPLOG : Bio   Filter | 086.000
2017-01-26 11:12:47 | TEMPLOG : Table    One | 077.000
2017-01-26 11:13:47 | TEMPLOG : WellhouseOne | 114.800
2017-01-26 11:13:48 | TEMPLOG : Bio   Filter | 086.900
2017-01-26 11:13:48 | TEMPLOG : Table    One | 077.900
2017-01-26 11:14:48 | TEMPLOG : WellhouseOne | 126.500
2017-01-26 11:14:49 | TEMPLOG : Table    One | 077.000
2017-01-26 11:15:50 | TEMPLOG : WellhouseOne | 112.100
2017-01-26 11:16:51 | TEMPLOG : WellhouseOne | 084.200
2017-01-26 11:16:51 | TEMPLOG : Bio   Filter | 087.800
2017-01-26 11:17:52 | TEMPLOG : WellhouseOne | 072.500
2017-01-26 11:18:53 | TEMPLOG : WellhouseOne | 066.200
2017-01-26 11:19:55 | TEMPLOG : WellhouseOne | 060.800
2017-01-26 11:19:56 | TEMPLOG : Bio   Filter | 086.900
2017-01-26 11:20:56 | TEMPLOG : WellhouseOne | 058.100
2017-01-26 11:20:57 | TEMPLOG : To   GeoLoop | 051.800
2017-01-26 11:21:58 | TEMPLOG : WellhouseOne | 055.400
2017-01-26 11:21:59 | TEMPLOG : Table    One | 077.900
2017-01-26 11:22:59 | TEMPLOG : WellhouseOne | 053.600
2017-01-26 11:22:59 | TEMPLOG : Bio   Filter | 086.000
2017-01-26 11:23:00 | TEMPLOG : Table    One | 078.800
2017-01-26 11:24:00 | TEMPLOG : WellhouseOne | 051.800
2017-01-26 11:24:00 | TEMPLOG : Bio   Filter | 085.100
2017-01-26 11:24:00 | TEMPLOG : To   GeoLoop | 050.900
2017-01-26 11:24:00 | TEMPLOG : Table    One | 077.900
2017-01-26 11:25:01 | TEMPLOG : WellhouseOne | 050.000
2017-01-26 11:27:03 | TEMPLOG : WellhouseOne | 049.100
2017-01-26 11:27:04 | TEMPLOG : To   GeoLoop | 050.000
2017-01-26 11:28:05 | TEMPLOG : WellhouseOne | 048.200
2017-01-26 11:28:07 | TEMPLOG : Table    One | 078.800
2017-01-26 11:29:07 | TEMPLOG : WellhouseOne | 047.300
2017-01-26 11:30:08 | TEMPLOG : WellhouseOne | 046.400
2017-01-26 11:31:10 | TEMPLOG : Bio   Filter | 086.000
2017-01-26 11:32:11 | TEMPLOG : Table    One | 079.700
2017-01-26 11:33:11 | TEMPLOG : WellhouseOne | 045.500
2017-01-26 11:35:14 | TEMPLOG : WellhouseOne | 044.600
2017-01-26 11:35:15 | TEMPLOG : To   GeoLoop | 049.100
2017-01-26 11:36:17 | TEMPLOG : Bio   Filter | 086.900
2017-01-26 11:38:19 | TEMPLOG : WellhouseOne | 043.700
2017-01-26 11:39:20 | TEMPLOG : WellhouseOne | 091.400
2017-01-26 11:40:21 | TEMPLOG : WellhouseOne | 117.500
2017-01-26 11:40:23 | TEMPLOG : Table    One | 078.800
2017-01-26 11:41:23 | TEMPLOG : WellhouseOne | 129.200
2017-01-26 11:42:24 | TEMPLOG : WellhouseOne | 101.300
2017-01-26 11:42:24 | TEMPLOG : Bio   Filter | 086.000
2017-01-26 11:43:25 | TEMPLOG : WellhouseOne | 080.600
2017-01-26 11:44:26 | TEMPLOG : WellhouseOne | 070.700
2017-01-26 11:44:28 | TEMPLOG : Table    One | 079.700
2017-01-26 11:45:28 | TEMPLOG : WellhouseOne | 064.400
2017-01-26 11:45:28 | TEMPLOG : Bio   Filter | 085.100
2017-01-26 11:45:29 | TEMPLOG : Table    One | 078.800
2017-01-26 11:46:30 | TEMPLOG : WellhouseOne | 059.900
2017-01-26 11:47:31 | TEMPLOG : WellhouseOne | 057.200
2017-01-26 11:47:31 | TEMPLOG : Bio   Filter | 084.200
2017-01-26 11:48:32 | TEMPLOG : WellhouseOne | 054.500
2017-01-26 11:49:33 | TEMPLOG : WellhouseOne | 052.700
2017-01-26 11:49:33 | TEMPLOG : Table    One | 079.700
2017-01-26 11:50:34 | TEMPLOG : WellhouseOne | 051.800
2017-01-26 11:51:35 | TEMPLOG : WellhouseOne | 050.900
2017-01-26 11:52:36 | TEMPLOG : WellhouseOne | 050.000
2017-01-26 11:52:36 | TEMPLOG : Bio   Filter | 083.300
2017-01-26 11:52:37 | TEMPLOG : Table    One | 080.600
2017-01-26 11:53:37 | TEMPLOG : Bio   Filter | 082.400
2017-01-26 11:53:38 | TEMPLOG : Table    One | 081.500
2017-01-26 11:54:38 | TEMPLOG : WellhouseOne | 048.200
2017-01-26 11:54:39 | TEMPLOG : Bio   Filter | 081.500
2017-01-26 11:54:39 | TEMPLOG : Table    One | 080.600
2017-01-26 11:55:39 | TEMPLOG : Bio   Filter | 080.600
2017-01-26 11:55:40 | TEMPLOG : Table    One | 081.500
2017-01-26 11:56:40 | TEMPLOG : Bio   Filter | 079.700
2017-01-26 11:57:42 | TEMPLOG : WellhouseOne | 047.300
2017-01-26 11:57:43 | TEMPLOG : Bio   Filter | 078.800
2017-01-26 11:57:44 | TEMPLOG : Table    One | 082.400
2017-01-26 11:58:45 | TEMPLOG : Bio   Filter | 077.900
2017-01-26 11:59:45 | TEMPLOG : WellhouseOne | 046.400
2017-01-26 11:59:46 | TEMPLOG : Bio   Filter | 077.000
2017-01-26 12:00:47 | TEMPLOG : WellhouseOne | 046.400
2017-01-26 12:00:47 | TEMPLOG : Bio   Filter | 077.000
2017-01-26 12:00:47 | TEMPLOG : To   GeoLoop | 049.100
2017-01-26 12:00:48 | TEMPLOG : Table    One | 082.400
2017-01-26 12:01:48 | TEMPLOG : WellhouseOne | 045.500
2017-01-26 12:01:48 | TEMPLOG : Bio   Filter | 076.100
2017-01-26 12:01:49 | TEMPLOG : Table    One | 083.300
2017-01-26 12:04:52 | TEMPLOG : WellhouseOne | 044.600
2017-01-26 12:06:54 | TEMPLOG : WellhouseOne | 089.600
2017-01-26 12:06:54 | TEMPLOG : Bio   Filter | 077.000
2017-01-26 12:06:54 | TEMPLOG : Table    One | 084.200
2017-01-26 12:07:54 | TEMPLOG : WellhouseOne | 120.200
2017-01-26 12:07:56 | TEMPLOG : Table    One | 083.300
2017-01-26 12:08:56 | TEMPLOG : WellhouseOne | 134.600
2017-01-26 12:09:57 | TEMPLOG : WellhouseOne | 093.200
2017-01-26 12:09:57 | TEMPLOG : Bio   Filter | 077.900
2017-01-26 12:10:58 | TEMPLOG : WellhouseOne | 077.900
2017-01-26 12:10:58 | TEMPLOG : Bio   Filter | 078.800
2017-01-26 12:11:59 | TEMPLOG : WellhouseOne | 068.900
2017-01-26 12:12:00 | TEMPLOG : Bio   Filter | 080.600
2017-01-26 12:13:00 | TEMPLOG : WellhouseOne | 063.500
2017-01-26 12:13:00 | TEMPLOG : Bio   Filter | 081.500
2017-01-26 12:14:01 | TEMPLOG : WellhouseOne | 059.900
2017-01-26 12:14:02 | TEMPLOG : Bio   Filter | 082.400
2017-01-26 12:15:03 | TEMPLOG : WellhouseOne | 056.300
2017-01-26 12:15:03 | TEMPLOG : Bio   Filter | 083.300
2017-01-26 12:16:04 | TEMPLOG : WellhouseOne | 054.500
2017-01-26 12:16:04 | TEMPLOG : Bio   Filter | 084.200
2017-01-26 12:17:06 | TEMPLOG : WellhouseOne | 052.700
2017-01-26 12:18:06 | TEMPLOG : WellhouseOne | 051.800
2017-01-26 12:18:06 | TEMPLOG : Bio   Filter | 085.100
2017-01-26 12:19:07 | TEMPLOG : WellhouseOne | 050.900
2017-01-26 12:19:07 | TEMPLOG : Bio   Filter | 086.000
2017-01-26 12:20:08 | TEMPLOG : WellhouseOne | 049.100
2017-01-26 12:20:09 | TEMPLOG : To   GeoLoop | 050.000
2017-01-26 12:20:09 | TEMPLOG : Table    One | 082.400
2017-01-26 12:21:11 | TEMPLOG : Bio   Filter | 085.100
2017-01-26 12:22:12 | TEMPLOG : WellhouseOne | 048.200
2017-01-26 12:22:12 | TEMPLOG : Bio   Filter | 086.000
2017-01-26 12:22:14 | TEMPLOG : Table    One | 083.300
2017-01-26 12:23:14 | TEMPLOG : WellhouseOne | 047.300
2017-01-26 12:24:14 | TEMPLOG : WellhouseOne | 046.400
2017-01-26 12:26:18 | TEMPLOG : WellhouseOne | 045.500
2017-01-26 12:26:18 | TEMPLOG : Bio   Filter | 086.900
2017-01-26 12:27:19 | TEMPLOG : Bio   Filter | 086.000
2017-01-26 12:28:21 | TEMPLOG : Table    One | 082.400
2017-01-26 12:29:22 | TEMPLOG : WellhouseOne | 044.600
2017-01-26 12:29:22 | TEMPLOG : Bio   Filter | 086.900
2017-01-26 12:30:23 | TEMPLOG : Table    One | 083.300
2017-01-26 12:31:24 | TEMPLOG : Table    One | 082.400
2017-01-26 12:32:24 | TEMPLOG : Bio   Filter | 087.800
2017-01-26 12:33:26 | TEMPLOG : WellhouseOne | 051.800
2017-01-26 12:34:28 | TEMPLOG : WellhouseOne | 111.200
2017-01-26 12:34:29 | TEMPLOG : To   GeoLoop | 050.900
2017-01-26 12:34:29 | TEMPLOG : Table    One | 083.300
2017-01-26 12:35:30 | TEMPLOG : WellhouseOne | 125.600
2017-01-26 12:36:31 | TEMPLOG : WellhouseOne | 118.400
2017-01-26 12:37:32 | TEMPLOG : WellhouseOne | 086.000
2017-01-26 12:38:34 | TEMPLOG : WellhouseOne | 074.300
2017-01-26 12:39:35 | TEMPLOG : WellhouseOne | 067.100
2017-01-26 12:40:36 | TEMPLOG : WellhouseOne | 062.600
2017-01-26 12:41:38 | TEMPLOG : WellhouseOne | 059.000
2017-01-26 12:41:39 | TEMPLOG : Table    One | 084.200
2017-01-26 12:42:40 | TEMPLOG : WellhouseOne | 056.300
2017-01-26 12:43:41 | TEMPLOG : WellhouseOne | 054.500
2017-01-26 12:43:42 | TEMPLOG : To   GeoLoop | 051.800
2017-01-26 12:44:43 | TEMPLOG : WellhouseOne | 052.700
2017-01-26 12:45:44 | TEMPLOG : WellhouseOne | 051.800
2017-01-26 12:45:45 | TEMPLOG : Table    One | 085.100
2017-01-26 12:46:45 | TEMPLOG : WellhouseOne | 050.000
2017-01-26 12:47:46 | TEMPLOG : WellhouseOne | 049.100
2017-01-26 12:48:48 | TEMPLOG : Bio   Filter | 086.900
2017-01-26 12:49:48 | TEMPLOG : WellhouseOne | 048.200
2017-01-26 12:49:49 | TEMPLOG : To   GeoLoop | 052.700
2017-01-26 12:50:49 | TEMPLOG : WellhouseOne | 047.300
2017-01-26 12:52:53 | TEMPLOG : To   GeoLoop | 053.600
2017-01-26 12:53:55 | TEMPLOG : WellhouseOne | 046.400
2017-01-26 12:53:56 | TEMPLOG : Table    One | 086.000
2017-01-26 12:55:59 | TEMPLOG : Table    One | 085.100
2017-01-26 12:57:00 | TEMPLOG : WellhouseOne | 045.500
2017-01-26 12:57:00 | TEMPLOG : To   GeoLoop | 054.500
2017-01-26 12:57:00 | TEMPLOG : Table    One | 083.300
2017-01-26 13:00:03 | TEMPLOG : WellhouseOne | 044.600
2017-01-26 13:00:03 | TEMPLOG : Bio   Filter | 087.800
2017-01-26 13:00:03 | TEMPLOG : To   GeoLoop | 054.500
2017-01-26 13:00:04 | TEMPLOG : Table    One | 084.200
2017-01-26 13:01:04 | TEMPLOG : WellhouseOne | 045.500
2017-01-26 13:01:05 | TEMPLOG : To   GeoLoop | 055.400
2017-01-26 13:01:05 | TEMPLOG : Table    One | 086.000
2017-01-26 13:02:05 | TEMPLOG : WellhouseOne | 108.500
2017-01-26 13:02:06 | TEMPLOG : Table    One | 086.900
2017-01-26 13:03:06 | TEMPLOG : WellhouseOne | 125.600
2017-01-26 13:03:06 | TEMPLOG : Table    One | 087.800
2017-01-26 13:04:07 | TEMPLOG : WellhouseOne | 119.300
2017-01-26 13:04:08 | TEMPLOG : Bio   Filter | 088.700
2017-01-26 13:05:08 | TEMPLOG : WellhouseOne | 086.900
2017-01-26 13:05:08 | TEMPLOG : Bio   Filter | 087.800
2017-01-26 13:05:09 | TEMPLOG : Table    One | 086.900
2017-01-26 13:06:09 | TEMPLOG : WellhouseOne | 074.300
2017-01-26 13:06:09 | TEMPLOG : Bio   Filter | 086.000
2017-01-26 13:06:09 | TEMPLOG : To   GeoLoop | 054.500
2017-01-26 13:06:09 | TEMPLOG : Table    One | 084.200
2017-01-26 13:07:10 | TEMPLOG : WellhouseOne | 068.000
2017-01-26 13:07:12 | TEMPLOG : Table    One | 086.000
2017-01-26 13:08:12 | TEMPLOG : WellhouseOne | 062.600
2017-01-26 13:08:13 | TEMPLOG : Bio   Filter | 086.900
2017-01-26 13:08:13 | TEMPLOG : Table    One | 086.900
2017-01-26 13:09:14 | TEMPLOG : WellhouseOne | 059.000
2017-01-26 13:09:14 | TEMPLOG : Bio   Filter | 087.800
2017-01-26 13:10:15 | TEMPLOG : WellhouseOne | 056.300
2017-01-26 13:10:15 | TEMPLOG : Bio   Filter | 088.700
2017-01-26 13:10:16 | TEMPLOG : To   GeoLoop | 055.400
2017-01-26 13:11:17 | TEMPLOG : WellhouseOne | 054.500
2017-01-26 13:11:18 | TEMPLOG : Table    One | 087.800
2017-01-26 13:12:18 | TEMPLOG : WellhouseOne | 051.800
2017-01-26 13:13:19 | TEMPLOG : WellhouseOne | 050.900
2017-01-26 13:13:20 | TEMPLOG : Bio   Filter | 089.600
2017-01-26 13:14:21 | TEMPLOG : WellhouseOne | 050.000
2017-01-26 13:14:22 | TEMPLOG : Bio   Filter | 088.700
2017-01-26 13:14:22 | TEMPLOG : Table    One | 088.700
2017-01-26 13:15:22 | TEMPLOG : WellhouseOne | 049.100
2017-01-26 13:16:23 | TEMPLOG : WellhouseOne | 048.200
2017-01-26 13:16:23 | TEMPLOG : Bio   Filter | 089.600
2017-01-26 13:18:26 | TEMPLOG : To   GeoLoop | 056.300
2017-01-26 13:19:26 | TEMPLOG : WellhouseOne | 047.300
2017-01-26 13:19:27 | TEMPLOG : Bio   Filter | 088.700
2017-01-26 13:19:27 | TEMPLOG : Table    One | 089.600
2017-01-26 13:20:28 | TEMPLOG : WellhouseOne | 048.200
2017-01-26 13:23:33 | TEMPLOG : WellhouseOne | 046.400
2017-01-26 13:23:34 | TEMPLOG : Table    One | 088.700
2017-01-26 13:24:35 | TEMPLOG : WellhouseOne | 045.500
2017-01-26 13:24:35 | TEMPLOG : Bio   Filter | 087.800
2017-01-26 13:25:36 | TEMPLOG : Bio   Filter | 086.900
2017-01-26 13:25:37 | TEMPLOG : Table    One | 086.900
2017-01-26 13:26:37 | TEMPLOG : WellhouseOne | 044.600
2017-01-26 13:26:37 | TEMPLOG : Bio   Filter | 085.100
2017-01-26 13:26:38 | TEMPLOG : To   GeoLoop | 055.400
2017-01-26 13:26:38 | TEMPLOG : Table    One | 085.100
2017-01-26 13:27:38 | TEMPLOG : Bio   Filter | 083.300
2017-01-26 13:27:39 | TEMPLOG : Table    One | 083.300
2017-01-26 13:28:39 | TEMPLOG : WellhouseOne | 079.700
2017-01-26 13:28:40 | TEMPLOG : Table    One | 082.400
2017-01-26 13:29:40 | TEMPLOG : WellhouseOne | 114.800
2017-01-26 13:30:41 | TEMPLOG : WellhouseOne | 127.400
2017-01-26 13:30:42 | TEMPLOG : Table    One | 083.300
2017-01-26 13:31:42 | TEMPLOG : WellhouseOne | 102.200
2017-01-26 13:31:42 | TEMPLOG : Bio   Filter | 085.100
2017-01-26 13:31:43 | TEMPLOG : Table    One | 084.200
2017-01-26 13:32:43 | TEMPLOG : WellhouseOne | 079.700
2017-01-26 13:32:44 | TEMPLOG : To   GeoLoop | 056.300
2017-01-26 13:33:44 | TEMPLOG : WellhouseOne | 071.600
2017-01-26 13:33:44 | TEMPLOG : Bio   Filter | 084.200
2017-01-26 13:33:45 | TEMPLOG : To   GeoLoop | 055.400
2017-01-26 13:34:45 | TEMPLOG : WellhouseOne | 065.300
2017-01-26 13:34:46 | TEMPLOG : To   GeoLoop | 056.300
2017-01-26 13:34:46 | TEMPLOG : Table    One | 085.100
2017-01-26 13:35:47 | TEMPLOG : WellhouseOne | 060.800
2017-01-26 13:35:47 | TEMPLOG : Bio   Filter | 086.000
2017-01-26 13:35:47 | TEMPLOG : Table    One | 086.000
2017-01-26 13:36:47 | TEMPLOG : WellhouseOne | 057.200
2017-01-26 13:37:48 | TEMPLOG : WellhouseOne | 053.600
2017-01-26 13:37:49 | TEMPLOG : Bio   Filter | 085.100
2017-01-26 13:37:49 | TEMPLOG : Table    One | 085.100
2017-01-26 13:38:49 | TEMPLOG : WellhouseOne | 051.800
2017-01-26 13:38:49 | TEMPLOG : Bio   Filter | 084.200
2017-01-26 13:38:50 | TEMPLOG : Table    One | 083.300
2017-01-26 13:39:50 | TEMPLOG : WellhouseOne | 050.000
2017-01-26 13:39:50 | TEMPLOG : Bio   Filter | 082.400
2017-01-26 13:39:51 | TEMPLOG : To   GeoLoop | 055.400
2017-01-26 13:39:51 | TEMPLOG : Table    One | 081.500
2017-01-26 13:40:51 | TEMPLOG : WellhouseOne | 049.100
2017-01-26 13:40:51 | TEMPLOG : Bio   Filter | 079.700
2017-01-26 13:40:52 | TEMPLOG : Table    One | 078.800
2017-01-26 13:41:52 | TEMPLOG : WellhouseOne | 048.200
2017-01-26 13:41:52 | TEMPLOG : Bio   Filter | 075.200
2017-01-26 13:41:53 | TEMPLOG : To   GeoLoop | 053.600
2017-01-26 13:41:53 | TEMPLOG : Table    One | 072.500
2017-01-26 13:42:53 | TEMPLOG : WellhouseOne | 047.300
2017-01-26 13:42:54 | TEMPLOG : Bio   Filter | 070.700
2017-01-26 13:42:54 | TEMPLOG : To   GeoLoop | 052.700
2017-01-26 13:42:54 | TEMPLOG : Table    One | 068.000
2017-01-26 13:43:55 | TEMPLOG : WellhouseOne | 046.400
2017-01-26 13:43:55 | TEMPLOG : Bio   Filter | 068.000
2017-01-26 13:43:55 | TEMPLOG : To   GeoLoop | 050.900
2017-01-26 13:43:56 | TEMPLOG : Table    One | 066.200
2017-01-26 13:44:57 | TEMPLOG : Bio   Filter | 065.300
2017-01-26 13:44:57 | TEMPLOG : Table    One | 064.400
2017-01-26 13:45:58 | TEMPLOG : WellhouseOne | 045.500
2017-01-26 13:45:58 | TEMPLOG : Bio   Filter | 063.500
2017-01-26 13:45:58 | TEMPLOG : To   GeoLoop | 050.000
2017-01-26 13:45:58 | TEMPLOG : Table    One | 061.700
2017-01-26 13:46:59 | TEMPLOG : WellhouseOne | 044.600
2017-01-26 13:46:59 | TEMPLOG : Bio   Filter | 062.600
2017-01-26 13:46:59 | TEMPLOG : Table    One | 060.800
2017-01-26 13:48:00 | TEMPLOG : Bio   Filter | 060.800
2017-01-26 13:48:00 | TEMPLOG : Table    One | 059.000
2017-01-26 13:49:01 | TEMPLOG : WellhouseOne | 043.700
2017-01-26 13:49:02 | TEMPLOG : Bio   Filter | 059.900
2017-01-26 13:49:02 | TEMPLOG : To   GeoLoop | 049.100
2017-01-26 13:49:02 | TEMPLOG : Table    One | 058.100
2017-01-26 13:50:03 | TEMPLOG : WellhouseOne | 042.800
2017-01-26 13:50:03 | TEMPLOG : Bio   Filter | 059.000
2017-01-26 13:50:03 | TEMPLOG : Table    One | 056.300
2017-01-26 13:51:03 | TEMPLOG : WellhouseOne | 041.900
2017-01-26 13:51:04 | TEMPLOG : Bio   Filter | 058.100
2017-01-26 13:51:04 | TEMPLOG : Table    One | 055.400
2017-01-26 13:52:06 | TEMPLOG : Table    One | 056.300
2017-01-26 13:53:06 | TEMPLOG : WellhouseOne | 041.000
2017-01-26 13:53:06 | TEMPLOG : Bio   Filter | 057.200
2017-01-26 13:53:07 | TEMPLOG : Table    One | 054.500
2017-01-26 13:54:09 | TEMPLOG : WellhouseOne | 048.200
2017-01-26 13:54:09 | TEMPLOG : Bio   Filter | 056.300
2017-01-26 13:54:09 | TEMPLOG : Table    One | 053.600
2017-01-26 13:55:09 | TEMPLOG : WellhouseOne | 102.200
2017-01-26 13:55:10 | TEMPLOG : Bio   Filter | 055.400
2017-01-26 13:55:10 | TEMPLOG : Table    One | 052.700
2017-01-26 13:56:10 | TEMPLOG : WellhouseOne | 117.500
2017-01-26 13:57:11 | TEMPLOG : WellhouseOne | 122.900
2017-01-26 13:57:12 | TEMPLOG : Bio   Filter | 054.500
2017-01-26 13:57:13 | TEMPLOG : Table    One | 051.800
2017-01-26 13:58:14 | TEMPLOG : WellhouseOne | 127.400
2017-01-26 13:58:14 | TEMPLOG : Bio   Filter | 053.600
2017-01-26 13:58:14 | TEMPLOG : To   GeoLoop | 048.200
2017-01-26 13:59:15 | TEMPLOG : WellhouseOne | 120.200
2017-01-26 13:59:17 | TEMPLOG : Table    One | 050.900
2017-01-26 14:00:17 | TEMPLOG : WellhouseOne | 086.000
2017-01-26 14:00:17 | TEMPLOG : Bio   Filter | 053.600
2017-01-26 14:00:17 | TEMPLOG : To   GeoLoop | 048.200
2017-01-26 14:00:18 | TEMPLOG : Table    One | 050.900
2017-01-26 14:01:18 | TEMPLOG : WellhouseOne | 074.300
2017-01-26 14:01:18 | TEMPLOG : Bio   Filter | 052.700
2017-01-26 14:02:19 | TEMPLOG : WellhouseOne | 067.100
2017-01-26 14:03:21 | TEMPLOG : WellhouseOne | 062.600
2017-01-26 14:03:21 | TEMPLOG : Bio   Filter | 053.600
2017-01-26 14:03:21 | TEMPLOG : To   GeoLoop | 049.100
2017-01-26 14:03:21 | TEMPLOG : Table    One | 052.700
2017-01-26 14:04:21 | TEMPLOG : WellhouseOne | 059.000
2017-01-26 14:04:22 | TEMPLOG : Bio   Filter | 055.400
2017-01-26 14:04:22 | TEMPLOG : Table    One | 054.500
2017-01-26 14:05:22 | TEMPLOG : WellhouseOne | 055.400
2017-01-26 14:06:24 | TEMPLOG : WellhouseOne | 053.600
2017-01-26 14:07:26 | TEMPLOG : WellhouseOne | 050.900
2017-01-26 14:07:27 | TEMPLOG : Table    One | 053.600
2017-01-26 14:08:28 | TEMPLOG : WellhouseOne | 050.000
2017-01-26 14:09:29 | TEMPLOG : WellhouseOne | 048.200
2017-01-26 14:09:30 | TEMPLOG : Bio   Filter | 054.500
2017-01-26 14:09:30 | TEMPLOG : Table    One | 052.700
2017-01-26 14:10:31 | TEMPLOG : WellhouseOne | 047.300
2017-01-26 14:10:32 | TEMPLOG : Bio   Filter | 053.600
2017-01-26 14:10:32 | TEMPLOG : Table    One | 051.800
2017-01-26 14:12:33 | TEMPLOG : WellhouseOne | 046.400
2017-01-26 14:13:35 | TEMPLOG : WellhouseOne | 045.500
2017-01-26 14:14:37 | TEMPLOG : Table    One | 052.700
2017-01-26 14:15:37 | TEMPLOG : WellhouseOne | 044.600
2017-01-26 14:15:38 | TEMPLOG : Bio   Filter | 054.500
2017-01-26 14:15:39 | TEMPLOG : Table    One | 054.500
2017-01-26 14:16:39 | TEMPLOG : Bio   Filter | 057.200
2017-01-26 14:16:40 | TEMPLOG : To   GeoLoop | 050.000
2017-01-26 14:16:40 | TEMPLOG : Table    One | 057.200
2017-01-26 14:17:40 | TEMPLOG : WellhouseOne | 042.800
2017-01-26 14:17:40 | TEMPLOG : Bio   Filter | 060.800
2017-01-26 14:17:40 | TEMPLOG : To   GeoLoop | 050.900
2017-01-26 14:17:41 | TEMPLOG : Table    One | 061.700
2017-01-26 14:18:41 | TEMPLOG : Bio   Filter | 063.500
2017-01-26 14:18:41 | TEMPLOG : To   GeoLoop | 051.800
2017-01-26 14:18:42 | TEMPLOG : Table    One | 065.300
2017-01-26 14:19:42 | TEMPLOG : WellhouseOne | 041.900
2017-01-26 14:19:42 | TEMPLOG : Bio   Filter | 066.200
2017-01-26 14:19:42 | TEMPLOG : To   GeoLoop | 052.700
2017-01-26 14:19:43 | TEMPLOG : Table    One | 067.100
2017-01-26 14:20:43 | TEMPLOG : Bio   Filter | 068.000
2017-01-26 14:20:44 | TEMPLOG : Table    One | 068.900
2017-01-26 14:21:44 | TEMPLOG : Bio   Filter | 070.700
2017-01-26 14:21:44 | TEMPLOG : To   GeoLoop | 053.600
2017-01-26 14:21:44 | TEMPLOG : Table    One | 071.600
2017-01-26 14:22:44 | TEMPLOG : WellhouseOne | 106.700
2017-01-26 14:22:46 | TEMPLOG : Table    One | 070.700
2017-01-26 14:23:46 | TEMPLOG : WellhouseOne | 130.100
2017-01-26 14:23:46 | TEMPLOG : Bio   Filter | 072.500
2017-01-26 14:23:46 | TEMPLOG : To   GeoLoop | 054.500
2017-01-26 14:23:47 | TEMPLOG : Table    One | 074.300
2017-01-26 14:24:47 | TEMPLOG : WellhouseOne | 103.100
2017-01-26 14:24:48 | TEMPLOG : Bio   Filter | 075.200
2017-01-26 14:24:49 | TEMPLOG : Table    One | 076.100
2017-01-26 14:25:49 | TEMPLOG : WellhouseOne | 078.800
2017-01-26 14:25:49 | TEMPLOG : Bio   Filter | 077.000
2017-01-26 14:25:49 | TEMPLOG : To   GeoLoop | 055.400
2017-01-26 14:25:50 | TEMPLOG : Table    One | 077.900
2017-01-26 14:26:50 | TEMPLOG : WellhouseOne | 069.800
2017-01-26 14:26:50 | TEMPLOG : Bio   Filter | 077.900
2017-01-26 14:26:51 | TEMPLOG : Table    One | 079.700
2017-01-26 14:27:51 | TEMPLOG : WellhouseOne | 061.700
2017-01-26 14:27:52 | TEMPLOG : Bio   Filter | 078.800
2017-01-26 14:28:53 | TEMPLOG : WellhouseOne | 057.200
2017-01-26 14:29:53 | TEMPLOG : WellhouseOne | 050.900
2017-01-26 14:30:54 | TEMPLOG : WellhouseOne | 049.100
2017-01-26 14:31:56 | TEMPLOG : WellhouseOne | 045.500
2017-01-26 14:31:57 | TEMPLOG : Bio   Filter | 077.900
2017-01-26 14:31:57 | TEMPLOG : Table    One | 077.900
2017-01-26 14:32:57 | TEMPLOG : WellhouseOne | 044.600
2017-01-26 14:32:58 | TEMPLOG : Bio   Filter | 076.100
2017-01-26 14:32:58 | TEMPLOG : To   GeoLoop | 054.500
2017-01-26 14:32:59 | TEMPLOG : Table    One | 076.100
2017-01-26 14:33:59 | TEMPLOG : WellhouseOne | 043.700
2017-01-26 14:34:01 | TEMPLOG : Table    One | 075.200
2017-01-26 14:35:01 | TEMPLOG : WellhouseOne | 042.800
2017-01-26 14:35:01 | TEMPLOG : Bio   Filter | 074.300
2017-01-26 14:35:01 | TEMPLOG : To   GeoLoop | 053.600
2017-01-26 14:35:02 | TEMPLOG : Table    One | 071.600
2017-01-26 14:36:02 | TEMPLOG : WellhouseOne | 041.000
2017-01-26 14:36:02 | TEMPLOG : Bio   Filter | 070.700
2017-01-26 14:36:03 | TEMPLOG : Table    One | 068.000
2017-01-26 14:37:03 | TEMPLOG : WellhouseOne | 039.200
2017-01-26 14:37:03 | TEMPLOG : Bio   Filter | 069.800
2017-01-26 14:37:03 | TEMPLOG : To   GeoLoop | 052.700
2017-01-26 14:37:03 | TEMPLOG : Table    One | 066.200
2017-01-26 14:38:04 | TEMPLOG : WellhouseOne | 041.000
2017-01-26 14:38:05 | TEMPLOG : Table    One | 068.000
2017-01-26 14:39:05 | TEMPLOG : Bio   Filter | 067.100
2017-01-26 14:39:07 | TEMPLOG : Table    One | 063.500
2017-01-26 14:40:08 | TEMPLOG : Bio   Filter | 063.500
2017-01-26 14:40:08 | TEMPLOG : To   GeoLoop | 051.800
2017-01-26 14:40:09 | TEMPLOG : Table    One | 060.800
2017-01-26 14:41:09 | TEMPLOG : Bio   Filter | 062.600
2017-01-26 14:41:09 | TEMPLOG : To   GeoLoop | 050.900
2017-01-26 14:41:10 | TEMPLOG : Table    One | 059.900
2017-01-26 14:42:10 | TEMPLOG : WellhouseOne | 040.100
2017-01-26 14:42:10 | TEMPLOG : Bio   Filter | 060.800
2017-01-26 14:42:11 | TEMPLOG : Table    One | 058.100
2017-01-26 14:43:11 | TEMPLOG : Bio   Filter | 059.000
2017-01-26 14:43:11 | TEMPLOG : To   GeoLoop | 050.000
2017-01-26 14:43:12 | TEMPLOG : Table    One | 056.300
2017-01-26 14:44:12 | TEMPLOG : WellhouseOne | 039.200
2017-01-26 14:44:12 | TEMPLOG : Bio   Filter | 058.100
2017-01-26 14:44:13 | TEMPLOG : Table    One | 055.400
2017-01-26 14:45:14 | TEMPLOG : WellhouseOne | 038.300
2017-01-26 14:45:14 | TEMPLOG : Bio   Filter | 056.300
2017-01-26 14:45:14 | TEMPLOG : Table    One | 053.600
2017-01-26 14:46:15 | TEMPLOG : WellhouseOne | 067.100
2017-01-26 14:46:15 | TEMPLOG : Bio   Filter | 055.400
2017-01-26 14:46:15 | TEMPLOG : Table    One | 052.700
2017-01-26 14:47:15 | TEMPLOG : WellhouseOne | 113.900
2017-01-26 14:47:16 | TEMPLOG : Bio   Filter | 054.500
2017-01-26 14:47:16 | TEMPLOG : To   GeoLoop | 049.100
2017-01-26 14:47:16 | TEMPLOG : Table    One | 051.800
2017-01-26 14:48:16 | TEMPLOG : WellhouseOne | 132.800
2017-01-26 14:49:18 | TEMPLOG : WellhouseOne | 111.200
2017-01-26 14:49:19 | TEMPLOG : Bio   Filter | 053.600
2017-01-26 14:50:20 | TEMPLOG : WellhouseOne | 078.800
2017-01-26 14:50:20 | TEMPLOG : Table    One | 050.900
2017-01-26 14:51:21 | TEMPLOG : WellhouseOne | 061.700
2017-01-26 14:51:21 | TEMPLOG : Bio   Filter | 052.700
2017-01-26 14:52:22 | TEMPLOG : WellhouseOne | 053.600
2017-01-26 14:52:22 | TEMPLOG : Bio   Filter | 051.800
2017-01-26 14:52:22 | TEMPLOG : Table    One | 050.000
2017-01-26 14:53:23 | TEMPLOG : WellhouseOne | 050.000
2017-01-26 14:54:23 | TEMPLOG : WellhouseOne | 047.300
2017-01-26 14:55:24 | TEMPLOG : WellhouseOne | 046.400
2017-01-26 14:55:24 | TEMPLOG : Bio   Filter | 050.900
2017-01-26 14:55:25 | TEMPLOG : Table    One | 049.100
2017-01-26 14:56:25 | TEMPLOG : WellhouseOne | 044.600
2017-01-26 14:58:28 | TEMPLOG : WellhouseOne | 042.800
2017-01-26 14:58:28 | TEMPLOG : Bio   Filter | 050.000
2017-01-26 14:59:30 | TEMPLOG : WellhouseOne | 041.900
2017-01-26 15:00:32 | TEMPLOG : WellhouseOne | 041.000
2017-01-26 15:00:32 | TEMPLOG : Bio   Filter | 050.900
2017-01-26 15:00:32 | TEMPLOG : To   GeoLoop | 049.100
2017-01-26 15:00:33 | TEMPLOG : Table    One | 050.000
2017-01-26 15:01:33 | TEMPLOG : Bio   Filter | 051.800
2017-01-26 15:01:33 | TEMPLOG : Table    One | 050.900
2017-01-26 15:02:34 | TEMPLOG : Bio   Filter | 052.700
2017-01-26 15:02:34 | TEMPLOG : To   GeoLoop | 050.000
2017-01-26 15:02:34 | TEMPLOG : Table    One | 052.700
2017-01-26 15:03:34 | TEMPLOG : Bio   Filter | 053.600
2017-01-26 15:03:35 | TEMPLOG : Table    One | 053.600
2017-01-26 15:04:35 | TEMPLOG : WellhouseOne | 040.100
2017-01-26 15:04:35 | TEMPLOG : Bio   Filter | 054.500
2017-01-26 15:04:36 | TEMPLOG : Table    One | 054.500
2017-01-26 15:05:36 | TEMPLOG : WellhouseOne | 039.200
2017-01-26 15:06:37 | TEMPLOG : Bio   Filter | 053.600
2017-01-26 15:06:38 | TEMPLOG : Table    One | 053.600
2017-01-26 15:07:40 | TEMPLOG : Table    One | 052.700
2017-01-26 15:08:40 | TEMPLOG : Bio   Filter | 052.700
2017-01-26 15:08:41 | TEMPLOG : To   GeoLoop | 049.100
2017-01-26 15:09:42 | TEMPLOG : WellhouseOne | 038.300
2017-01-26 15:10:43 | TEMPLOG : WellhouseOne | 071.600
2017-01-26 15:10:44 | TEMPLOG : Table    One | 051.800
2017-01-26 15:11:44 | TEMPLOG : WellhouseOne | 105.800
2017-01-26 15:12:45 | TEMPLOG : WellhouseOne | 134.600
2017-01-26 15:13:47 | TEMPLOG : WellhouseOne | 145.400
2017-01-26 15:14:49 | TEMPLOG : WellhouseOne | 088.700
2017-01-26 15:14:50 | TEMPLOG : To   GeoLoop | 050.000
2017-01-26 15:14:50 | TEMPLOG : Table    One | 052.700
2017-01-26 15:15:51 | TEMPLOG : WellhouseOne | 068.900
2017-01-26 15:16:52 | TEMPLOG : WellhouseOne | 061.700
2017-01-26 15:16:52 | TEMPLOG : To   GeoLoop | 049.100
2017-01-26 15:16:52 | TEMPLOG : Table    One | 051.800
2017-01-26 15:17:53 | TEMPLOG : WellhouseOne | 057.200
2017-01-26 15:17:53 | TEMPLOG : Bio   Filter | 053.600
2017-01-26 15:17:53 | TEMPLOG : To   GeoLoop | 050.000
2017-01-26 15:17:53 | TEMPLOG : Table    One | 052.700
2017-01-26 15:18:54 | TEMPLOG : WellhouseOne | 052.700
2017-01-26 15:18:54 | TEMPLOG : Bio   Filter | 054.500
2017-01-26 15:18:55 | TEMPLOG : Table    One | 053.600
2017-01-26 15:19:56 | TEMPLOG : WellhouseOne | 050.000
2017-01-26 15:19:56 | TEMPLOG : Bio   Filter | 055.400
2017-01-26 15:19:57 | TEMPLOG : Table    One | 054.500
2017-01-26 15:20:57 | TEMPLOG : WellhouseOne | 047.300
2017-01-26 15:20:58 | TEMPLOG : Table    One | 055.400
2017-01-26 15:21:58 | TEMPLOG : WellhouseOne | 045.500
2017-01-26 15:21:58 | TEMPLOG : Table    One | 054.500
2017-01-26 15:22:58 | TEMPLOG : WellhouseOne | 043.700
2017-01-26 15:24:00 | TEMPLOG : WellhouseOne | 042.800
2017-01-26 15:24:00 | TEMPLOG : Table    One | 053.600
2017-01-26 15:25:01 | TEMPLOG : Bio   Filter | 054.500
2017-01-26 15:26:02 | TEMPLOG : To   GeoLoop | 049.100
2017-01-26 15:27:02 | TEMPLOG : WellhouseOne | 041.900
2017-01-26 15:28:04 | TEMPLOG : WellhouseOne | 041.000
2017-01-26 15:29:05 | TEMPLOG : WellhouseOne | 040.100
2017-01-26 15:29:06 | TEMPLOG : Bio   Filter | 053.600
2017-01-26 15:29:07 | TEMPLOG : Table    One | 052.700
2017-01-26 15:30:07 | TEMPLOG : WellhouseOne | 039.200
2017-01-26 15:31:08 | TEMPLOG : WellhouseOne | 038.300
2017-01-26 15:31:08 | TEMPLOG : Bio   Filter | 052.700
2017-01-26 15:32:09 | TEMPLOG : Bio   Filter | 053.600
2017-01-26 15:32:10 | TEMPLOG : Table    One | 053.600
2017-01-26 15:33:11 | TEMPLOG : Table    One | 052.700
2017-01-26 15:34:12 | TEMPLOG : Bio   Filter | 052.700
2017-01-26 15:35:13 | TEMPLOG : WellhouseOne | 037.400
2017-01-26 15:35:14 | TEMPLOG : Bio   Filter | 051.800
2017-01-26 15:35:14 | TEMPLOG : Table    One | 050.900
2017-01-26 15:36:14 | TEMPLOG : WellhouseOne | 105.800
2017-01-26 15:36:14 | TEMPLOG : Bio   Filter | 050.900
2017-01-26 15:36:16 | TEMPLOG : Table    One | 049.100
2017-01-26 15:37:16 | TEMPLOG : WellhouseOne | 126.500
2017-01-26 15:37:17 | TEMPLOG : Bio   Filter | 050.000
2017-01-26 15:37:17 | TEMPLOG : To   GeoLoop | 048.200
2017-01-26 15:37:17 | TEMPLOG : Table    One | 048.200
2017-01-26 15:38:18 | TEMPLOG : WellhouseOne | 140.000
2017-01-26 15:38:19 | TEMPLOG : Bio   Filter | 048.200
2017-01-26 15:38:19 | TEMPLOG : Table    One | 047.300
2017-01-26 15:39:19 | TEMPLOG : WellhouseOne | 095.900
2017-01-26 15:39:19 | TEMPLOG : Bio   Filter | 047.300
2017-01-26 15:39:20 | TEMPLOG : Table    One | 046.400
2017-01-26 15:40:20 | TEMPLOG : WellhouseOne | 071.600
2017-01-26 15:40:21 | TEMPLOG : To   GeoLoop | 047.300
2017-01-26 15:40:21 | TEMPLOG : Table    One | 045.500
2017-01-26 15:41:21 | TEMPLOG : WellhouseOne | 060.800
2017-01-26 15:41:22 | TEMPLOG : Bio   Filter | 046.400
2017-01-26 15:41:22 | TEMPLOG : Table    One | 044.600
2017-01-26 15:42:22 | TEMPLOG : WellhouseOne | 052.700
2017-01-26 15:42:23 | TEMPLOG : Bio   Filter | 045.500
2017-01-26 15:43:23 | TEMPLOG : WellhouseOne | 049.100
2017-01-26 15:43:23 | TEMPLOG : Bio   Filter | 044.600
2017-01-26 15:43:24 | TEMPLOG : Table    One | 043.700
2017-01-26 15:44:25 | TEMPLOG : WellhouseOne | 047.300
2017-01-26 15:45:26 | TEMPLOG : WellhouseOne | 045.500
2017-01-26 15:46:27 | TEMPLOG : WellhouseOne | 044.600
2017-01-26 15:46:28 | TEMPLOG : Table    One | 044.600
2017-01-26 15:47:28 | TEMPLOG : WellhouseOne | 042.800
2017-01-26 15:47:29 | TEMPLOG : Bio   Filter | 045.500
2017-01-26 15:47:29 | TEMPLOG : Table    One | 045.500
2017-01-26 15:48:30 | TEMPLOG : WellhouseOne | 041.900
2017-01-26 15:48:30 | TEMPLOG : Bio   Filter | 046.400
2017-01-26 15:48:30 | TEMPLOG : Table    One | 046.400
2017-01-26 15:49:31 | TEMPLOG : Bio   Filter | 045.500
2017-01-26 15:49:32 | TEMPLOG : Table    One | 045.500
2017-01-26 15:50:33 | TEMPLOG : Table    One | 044.600
2017-01-26 15:51:34 | TEMPLOG : WellhouseOne | 041.000
2017-01-26 15:51:35 | TEMPLOG : Table    One | 045.500
2017-01-26 15:52:35 | TEMPLOG : WellhouseOne | 040.100
2017-01-26 15:52:35 | TEMPLOG : Bio   Filter | 047.300
2017-01-26 15:52:36 | TEMPLOG : Table    One | 048.200
2017-01-26 15:53:36 | TEMPLOG : WellhouseOne | 039.200
2017-01-26 15:53:37 | TEMPLOG : Bio   Filter | 048.200
2017-01-26 15:53:37 | TEMPLOG : To   GeoLoop | 048.200
2017-01-26 15:53:37 | TEMPLOG : Table    One | 049.100
2017-01-26 15:55:38 | TEMPLOG : WellhouseOne | 038.300
2017-01-26 15:55:40 | TEMPLOG : Table    One | 048.200
2017-01-26 15:56:41 | TEMPLOG : Table    One | 049.100
2017-01-26 15:57:42 | TEMPLOG : Table    One | 048.200
2017-01-26 15:58:43 | TEMPLOG : Bio   Filter | 047.300
2017-01-26 15:58:43 | TEMPLOG : Table    One | 047.300
2017-01-26 15:59:43 | TEMPLOG : WellhouseOne | 043.700
2017-01-26 15:59:44 | TEMPLOG : Bio   Filter | 046.400
2017-01-26 15:59:44 | TEMPLOG : Table    One | 046.400
2017-01-26 16:00:45 | TEMPLOG : WellhouseOne | 108.500
2017-01-26 16:00:45 | TEMPLOG : Bio   Filter | 048.200
2017-01-26 16:00:45 | TEMPLOG : To   GeoLoop | 048.200
2017-01-26 16:00:46 | TEMPLOG : Table    One | 048.200
2017-01-26 16:01:46 | TEMPLOG : WellhouseOne | 129.200
2017-01-26 16:02:47 | TEMPLOG : WellhouseOne | 130.100
2017-01-26 16:03:48 | TEMPLOG : WellhouseOne | 085.100
2017-01-26 16:03:49 | TEMPLOG : Bio   Filter | 047.300
2017-01-26 16:03:49 | TEMPLOG : Table    One | 047.300
2017-01-26 16:04:49 | TEMPLOG : WellhouseOne | 068.000
2017-01-26 16:04:50 | TEMPLOG : Bio   Filter | 046.400
2017-01-26 16:04:50 | TEMPLOG : To   GeoLoop | 047.300
2017-01-26 16:04:51 | TEMPLOG : Table    One | 046.400
2017-01-26 16:05:51 | TEMPLOG : WellhouseOne | 060.800
2017-01-26 16:05:51 | TEMPLOG : Bio   Filter | 045.500
2017-01-26 16:05:52 | TEMPLOG : Table    One | 045.500
2017-01-26 16:06:53 | TEMPLOG : WellhouseOne | 054.500
2017-01-26 16:06:53 | TEMPLOG : Bio   Filter | 044.600
2017-01-26 16:07:54 | TEMPLOG : WellhouseOne | 050.000
2017-01-26 16:07:55 | TEMPLOG : Table    One | 044.600
2017-01-26 16:08:55 | TEMPLOG : WellhouseOne | 048.200
2017-01-26 16:08:55 | TEMPLOG : Bio   Filter | 043.700
2017-01-26 16:08:56 | TEMPLOG : Table    One | 043.700
2017-01-26 16:09:56 | TEMPLOG : WellhouseOne | 046.400
2017-01-26 16:10:57 | TEMPLOG : Bio   Filter | 042.800
2017-01-26 16:11:58 | TEMPLOG : WellhouseOne | 043.700
2017-01-26 16:11:59 | TEMPLOG : To   GeoLoop | 046.400
2017-01-26 16:13:00 | TEMPLOG : To   GeoLoop | 047.300
2017-01-26 16:14:01 | TEMPLOG : WellhouseOne | 041.900
2017-01-26 16:15:03 | TEMPLOG : To   GeoLoop | 046.400
2017-01-26 16:16:03 | TEMPLOG : WellhouseOne | 041.000
2017-01-26 16:17:04 | TEMPLOG : WellhouseOne | 040.100
2017-01-26 16:17:05 | TEMPLOG : Table    One | 042.800
2017-01-26 16:19:08 | TEMPLOG : Bio   Filter | 041.900
2017-01-26 16:19:08 | TEMPLOG : Table    One | 041.900
2017-01-26 16:22:11 | TEMPLOG : WellhouseOne | 039.200
2017-01-26 16:22:11 | TEMPLOG : Bio   Filter | 041.000
2017-01-26 16:22:12 | TEMPLOG : Table    One | 041.000
2017-01-26 16:23:13 | TEMPLOG : Table    One | 040.100
2017-01-26 16:24:13 | TEMPLOG : WellhouseOne | 064.400
2017-01-26 16:25:14 | TEMPLOG : WellhouseOne | 110.300
2017-01-26 16:25:14 | TEMPLOG : Bio   Filter | 040.100
2017-01-26 16:25:16 | TEMPLOG : Table    One | 039.200
2017-01-26 16:26:16 | TEMPLOG : WellhouseOne | 124.700
2017-01-26 16:26:16 | TEMPLOG : To   GeoLoop | 045.500
2017-01-26 16:27:17 | TEMPLOG : WellhouseOne | 133.700
2017-01-26 16:28:18 | TEMPLOG : WellhouseOne | 116.600
2017-01-26 16:28:18 | TEMPLOG : Bio   Filter | 039.200
2017-01-26 16:28:19 | TEMPLOG : Table    One | 038.300
2017-01-26 16:29:20 | TEMPLOG : WellhouseOne | 084.200
2017-01-26 16:30:21 | TEMPLOG : WellhouseOne | 068.900
2017-01-26 16:31:22 | TEMPLOG : WellhouseOne | 060.800
2017-01-26 16:31:22 | TEMPLOG : Table    One | 037.400
2017-01-26 16:32:23 | TEMPLOG : WellhouseOne | 056.300
2017-01-26 16:33:24 | TEMPLOG : WellhouseOne | 052.700
2017-01-26 16:33:24 | TEMPLOG : Bio   Filter | 038.300
2017-01-26 16:34:24 | TEMPLOG : WellhouseOne | 049.100
2017-01-26 16:35:25 | TEMPLOG : WellhouseOne | 047.300
2017-01-26 16:35:26 | TEMPLOG : Table    One | 036.500
2017-01-26 16:36:26 | TEMPLOG : WellhouseOne | 044.600
2017-01-26 16:37:28 | TEMPLOG : WellhouseOne | 043.700
2017-01-26 16:37:29 | TEMPLOG : Bio   Filter | 037.400
2017-01-26 16:38:30 | TEMPLOG : WellhouseOne | 041.900
2017-01-26 16:39:31 | TEMPLOG : To   GeoLoop | 044.600
2017-01-26 16:40:31 | TEMPLOG : WellhouseOne | 041.000
2017-01-26 16:41:32 | TEMPLOG : WellhouseOne | 040.100
2017-01-26 16:41:33 | TEMPLOG : Table    One | 035.600
2017-01-26 16:42:34 | TEMPLOG : WellhouseOne | 039.200
2017-01-26 16:43:35 | TEMPLOG : WellhouseOne | 038.300
2017-01-26 16:44:36 | TEMPLOG : Bio   Filter | 036.500
2017-01-26 16:48:41 | TEMPLOG : WellhouseOne | 037.400
2017-01-26 16:49:42 | TEMPLOG : WellhouseOne | 093.200
2017-01-26 16:49:42 | TEMPLOG : Bio   Filter | 035.600
2017-01-26 16:50:43 | TEMPLOG : WellhouseOne | 116.600
2017-01-26 16:50:44 | TEMPLOG : Table    One | 034.700
2017-01-26 16:51:45 | TEMPLOG : WellhouseOne | 127.400
2017-01-26 16:52:45 | TEMPLOG : WellhouseOne | 135.500
2017-01-26 16:53:46 | TEMPLOG : WellhouseOne | 093.200
2017-01-26 16:54:47 | TEMPLOG : WellhouseOne | 076.100
2017-01-26 16:55:48 | TEMPLOG : WellhouseOne | 065.300
2017-01-26 16:56:49 | TEMPLOG : WellhouseOne | 059.900
2017-01-26 16:56:49 | TEMPLOG : Bio   Filter | 034.700
2017-01-26 16:57:51 | TEMPLOG : WellhouseOne | 056.300
2017-01-26 16:58:52 | TEMPLOG : WellhouseOne | 052.700
2017-01-26 16:59:53 | TEMPLOG : WellhouseOne | 050.900
2017-01-26 16:59:54 | TEMPLOG : Table    One | 033.800
2017-01-26 17:00:54 | TEMPLOG : WellhouseOne | 048.200
2017-01-26 17:00:55 | TEMPLOG : Bio   Filter | 034.700
2017-01-26 17:00:55 | TEMPLOG : To   GeoLoop | 044.600
2017-01-26 17:00:56 | TEMPLOG : Table    One | 033.800
2017-01-26 17:02:58 | TEMPLOG : WellhouseOne | 046.400
2017-01-26 17:03:58 | TEMPLOG : WellhouseOne | 045.500
2017-01-26 17:03:59 | TEMPLOG : Bio   Filter | 033.800
2017-01-26 17:04:00 | TEMPLOG : To   GeoLoop | 043.700
2017-01-26 17:06:03 | TEMPLOG : WellhouseOne | 044.600
2017-01-26 17:07:04 | TEMPLOG : WellhouseOne | 043.700
2017-01-26 17:08:06 | TEMPLOG : WellhouseOne | 041.900
2017-01-26 17:08:07 | TEMPLOG : Table    One | 032.900
2017-01-26 17:10:09 | TEMPLOG : WellhouseOne | 041.000
2017-01-26 17:13:12 | TEMPLOG : WellhouseOne | 039.200
2017-01-26 17:15:15 | TEMPLOG : WellhouseOne | 095.900
2017-01-26 17:16:16 | TEMPLOG : WellhouseOne | 119.300
2017-01-26 17:17:17 | TEMPLOG : WellhouseOne | 127.400
2017-01-26 17:18:18 | TEMPLOG : WellhouseOne | 132.800
2017-01-26 17:19:21 | TEMPLOG : WellhouseOne | 095.000
2017-01-26 17:20:22 | TEMPLOG : WellhouseOne | 077.000
2017-01-26 17:20:22 | TEMPLOG : Bio   Filter | 032.900
2017-01-26 17:21:24 | TEMPLOG : WellhouseOne | 067.100
2017-01-26 17:22:25 | TEMPLOG : WellhouseOne | 060.800
2017-01-26 17:23:27 | TEMPLOG : WellhouseOne | 056.300
2017-01-26 17:24:30 | TEMPLOG : WellhouseOne | 053.600
2017-01-26 17:25:31 | TEMPLOG : WellhouseOne | 050.900
2017-01-26 17:26:32 | TEMPLOG : WellhouseOne | 049.100
2017-01-26 17:27:33 | TEMPLOG : WellhouseOne | 046.400
2017-01-26 17:28:34 | TEMPLOG : WellhouseOne | 045.500
2017-01-26 17:29:36 | TEMPLOG : WellhouseOne | 044.600
2017-01-26 17:30:37 | TEMPLOG : WellhouseOne | 043.700
2017-01-26 17:31:38 | TEMPLOG : WellhouseOne | 042.800
2017-01-26 17:32:39 | TEMPLOG : WellhouseOne | 041.900
2017-01-26 17:34:41 | TEMPLOG : WellhouseOne | 041.000
2017-01-26 17:36:44 | TEMPLOG : WellhouseOne | 040.100
2017-01-26 17:38:47 | TEMPLOG : WellhouseOne | 039.200
2017-01-26 17:39:48 | TEMPLOG : WellhouseOne | 090.500
2017-01-26 17:40:49 | TEMPLOG : WellhouseOne | 114.800
2017-01-26 17:41:51 | TEMPLOG : WellhouseOne | 125.600
2017-01-26 17:42:52 | TEMPLOG : WellhouseOne | 131.000
2017-01-26 17:42:53 | TEMPLOG : Table    One | 031.100
2017-01-26 17:43:53 | TEMPLOG : WellhouseOne | 133.700
2017-01-26 17:44:54 | TEMPLOG : WellhouseOne | 091.400
2017-01-26 17:45:55 | TEMPLOG : WellhouseOne | 077.900
2017-01-26 17:46:57 | TEMPLOG : WellhouseOne | 069.800
2017-01-26 17:47:59 | TEMPLOG : WellhouseOne | 063.500
2017-01-26 17:49:00 | TEMPLOG : WellhouseOne | 059.000
2017-01-26 17:50:01 | TEMPLOG : WellhouseOne | 055.400
2017-01-26 17:51:01 | TEMPLOG : WellhouseOne | 053.600
2017-01-26 17:52:02 | TEMPLOG : WellhouseOne | 051.800
2017-01-26 17:53:04 | TEMPLOG : WellhouseOne | 050.000
2017-01-26 17:53:04 | TEMPLOG : To   GeoLoop | 042.800
2017-01-26 17:54:05 | TEMPLOG : WellhouseOne | 048.200
2017-01-26 17:54:05 | TEMPLOG : To   GeoLoop | 043.700
2017-01-26 17:55:07 | TEMPLOG : WellhouseOne | 047.300
2017-01-26 17:56:08 | TEMPLOG : WellhouseOne | 045.500
2017-01-26 17:57:09 | TEMPLOG : WellhouseOne | 044.600
2017-01-26 17:58:11 | TEMPLOG : WellhouseOne | 043.700
2017-01-26 17:58:11 | TEMPLOG : To   GeoLoop | 042.800
2017-01-26 17:59:12 | TEMPLOG : To   GeoLoop | 043.700
2017-01-26 18:00:13 | TEMPLOG : WellhouseOne | 042.800
2017-01-26 18:00:13 | TEMPLOG : To   GeoLoop | 043.700
2017-01-26 18:00:14 | TEMPLOG : Table    One | 031.100
2017-01-26 18:02:15 | TEMPLOG : WellhouseOne | 041.900
2017-01-26 18:03:17 | TEMPLOG : To   GeoLoop | 042.800
2017-01-26 18:04:17 | TEMPLOG : WellhouseOne | 041.000
2017-01-26 18:05:19 | TEMPLOG : Bio   Filter | 031.100
2017-01-26 18:06:19 | TEMPLOG : WellhouseOne | 083.300
2017-01-26 18:07:20 | TEMPLOG : WellhouseOne | 113.900
2017-01-26 18:08:22 | TEMPLOG : WellhouseOne | 123.800
2017-01-26 18:09:24 | TEMPLOG : WellhouseOne | 129.200
2017-01-26 18:10:26 | TEMPLOG : WellhouseOne | 132.800
2017-01-26 18:11:27 | TEMPLOG : WellhouseOne | 097.700
2017-01-26 18:11:29 | TEMPLOG : Table    One | 030.200
2017-01-26 18:12:29 | TEMPLOG : WellhouseOne | 079.700
2017-01-26 18:13:30 | TEMPLOG : WellhouseOne | 070.700
2017-01-26 18:14:31 | TEMPLOG : WellhouseOne | 064.400
2017-01-26 18:15:32 | TEMPLOG : WellhouseOne | 059.900
2017-01-26 18:16:33 | TEMPLOG : WellhouseOne | 055.400
2017-01-26 18:17:34 | TEMPLOG : WellhouseOne | 053.600
2017-01-26 18:18:35 | TEMPLOG : WellhouseOne | 051.800
2017-01-26 18:19:37 | TEMPLOG : WellhouseOne | 050.000
2017-01-26 18:20:38 | TEMPLOG : WellhouseOne | 049.100
2017-01-26 18:21:39 | TEMPLOG : WellhouseOne | 048.200
2017-01-26 18:22:40 | TEMPLOG : WellhouseOne | 047.300
2017-01-26 18:23:43 | TEMPLOG : WellhouseOne | 046.400
2017-01-26 18:24:44 | TEMPLOG : WellhouseOne | 045.500
2017-01-26 18:25:46 | TEMPLOG : WellhouseOne | 044.600
2017-01-26 18:25:46 | TEMPLOG : Bio   Filter | 030.200
2017-01-26 18:27:48 | TEMPLOG : WellhouseOne | 043.700
2017-01-26 18:29:52 | TEMPLOG : WellhouseOne | 042.800
2017-01-26 18:31:55 | TEMPLOG : WellhouseOne | 041.900
2017-01-26 18:32:57 | TEMPLOG : WellhouseOne | 087.800
2017-01-26 18:33:58 | TEMPLOG : WellhouseOne | 114.800
2017-01-26 18:33:58 | TEMPLOG : Table    One | 029.300
2017-01-26 18:34:59 | TEMPLOG : WellhouseOne | 122.900
2017-01-26 18:36:00 | TEMPLOG : WellhouseOne | 128.300
2017-01-26 18:36:00 | TEMPLOG : Table    One | 030.200
2017-01-26 18:37:01 | TEMPLOG : WellhouseOne | 131.900
2017-01-26 18:37:02 | TEMPLOG : Table    One | 029.300
2017-01-26 18:38:02 | TEMPLOG : WellhouseOne | 100.400
2017-01-26 18:39:04 | TEMPLOG : WellhouseOne | 080.600
2017-01-26 18:40:06 | TEMPLOG : WellhouseOne | 071.600
2017-01-26 18:41:07 | TEMPLOG : WellhouseOne | 066.200
2017-01-26 18:42:09 | TEMPLOG : WellhouseOne | 060.800
2017-01-26 18:43:11 | TEMPLOG : WellhouseOne | 057.200
2017-01-26 18:44:13 | TEMPLOG : WellhouseOne | 054.500
