2017-01-06 00:00:19 | TEMPLOG : WellhouseOne | 137.300
2017-01-06 00:00:19 | TEMPLOG : Bio   Filter | 020.300
2017-01-06 00:00:20 | TEMPLOG : To   GeoLoop | 033.800
2017-01-06 00:00:20 | TEMPLOG : Table    One | 020.300
2017-01-06 00:01:20 | TEMPLOG : WellhouseOne | 136.400
2017-01-06 00:02:23 | TEMPLOG : WellhouseOne | 137.300
2017-01-06 00:03:25 | TEMPLOG : WellhouseOne | 139.100
2017-01-06 00:04:27 | TEMPLOG : Table    One | 019.400
2017-01-06 00:05:27 | TEMPLOG : WellhouseOne | 138.200
2017-01-06 00:08:30 | TEMPLOG : WellhouseOne | 139.100
2017-01-06 00:09:31 | TEMPLOG : WellhouseOne | 140.000
2017-01-06 00:09:31 | TEMPLOG : Bio   Filter | 019.400
2017-01-06 00:10:31 | TEMPLOG : WellhouseOne | 139.100
2017-01-06 00:11:32 | TEMPLOG : WellhouseOne | 140.000
2017-01-06 00:11:32 | TEMPLOG : Bio   Filter | 020.300
2017-01-06 00:12:33 | TEMPLOG : Bio   Filter | 019.400
2017-01-06 00:14:35 | TEMPLOG : WellhouseOne | 139.100
2017-01-06 00:14:37 | TEMPLOG : Bio   Filter | 020.300
2017-01-06 00:15:38 | TEMPLOG : WellhouseOne | 137.300
2017-01-06 00:15:38 | TEMPLOG : Bio   Filter | 019.400
2017-01-06 00:15:39 | TEMPLOG : To   GeoLoop | 032.900
2017-01-06 00:16:39 | TEMPLOG : WellhouseOne | 139.100
2017-01-06 00:16:41 | TEMPLOG : To   GeoLoop | 033.800
2017-01-06 00:17:41 | TEMPLOG : WellhouseOne | 140.000
2017-01-06 00:17:42 | TEMPLOG : To   GeoLoop | 032.900
2017-01-06 00:18:42 | TEMPLOG : WellhouseOne | 140.900
2017-01-06 00:18:43 | TEMPLOG : To   GeoLoop | 033.800
2017-01-06 00:19:43 | TEMPLOG : WellhouseOne | 141.800
2017-01-06 00:19:44 | TEMPLOG : Bio   Filter | 020.300
2017-01-06 00:20:45 | TEMPLOG : Bio   Filter | 019.400
2017-01-06 00:22:48 | TEMPLOG : WellhouseOne | 142.700
2017-01-06 00:22:48 | TEMPLOG : Bio   Filter | 020.300
2017-01-06 00:24:50 | TEMPLOG : WellhouseOne | 141.800
2017-01-06 00:24:50 | TEMPLOG : Bio   Filter | 019.400
2017-01-06 00:25:51 | TEMPLOG : Bio   Filter | 020.300
2017-01-06 00:26:53 | TEMPLOG : Bio   Filter | 019.400
2017-01-06 00:27:54 | TEMPLOG : WellhouseOne | 142.700
2017-01-06 00:27:55 | TEMPLOG : To   GeoLoop | 032.900
2017-01-06 00:28:55 | TEMPLOG : WellhouseOne | 141.800
2017-01-06 00:28:56 | TEMPLOG : To   GeoLoop | 033.800
2017-01-06 00:31:59 | TEMPLOG : WellhouseOne | 140.900
2017-01-06 00:32:00 | TEMPLOG : Bio   Filter | 020.300
2017-01-06 00:33:01 | TEMPLOG : WellhouseOne | 142.700
2017-01-06 00:34:02 | TEMPLOG : WellhouseOne | 141.800
2017-01-06 00:35:03 | TEMPLOG : WellhouseOne | 140.900
2017-01-06 00:37:05 | TEMPLOG : WellhouseOne | 140.000
2017-01-06 00:38:06 | TEMPLOG : WellhouseOne | 138.200
2017-01-06 00:38:07 | TEMPLOG : Bio   Filter | 019.400
2017-01-06 00:38:08 | TEMPLOG : To   GeoLoop | 032.900
2017-01-06 00:39:08 | TEMPLOG : WellhouseOne | 139.100
2017-01-06 00:39:08 | TEMPLOG : Bio   Filter | 020.300
2017-01-06 00:40:10 | TEMPLOG : Bio   Filter | 019.400
2017-01-06 00:42:13 | TEMPLOG : WellhouseOne | 140.000
2017-01-06 00:44:14 | TEMPLOG : WellhouseOne | 141.800
2017-01-06 00:46:16 | TEMPLOG : WellhouseOne | 142.700
2017-01-06 00:47:17 | TEMPLOG : WellhouseOne | 141.800
2017-01-06 00:48:19 | TEMPLOG : WellhouseOne | 142.700
2017-01-06 00:49:19 | TEMPLOG : WellhouseOne | 141.800
2017-01-06 00:50:20 | TEMPLOG : WellhouseOne | 142.700
2017-01-06 00:51:22 | TEMPLOG : WellhouseOne | 141.800
2017-01-06 00:52:23 | TEMPLOG : WellhouseOne | 142.700
2017-01-06 00:53:24 | TEMPLOG : WellhouseOne | 140.000
2017-01-06 00:54:26 | TEMPLOG : WellhouseOne | 141.800
2017-01-06 00:55:27 | TEMPLOG : WellhouseOne | 140.900
2017-01-06 00:58:30 | TEMPLOG : WellhouseOne | 140.000
2017-01-06 01:00:33 | TEMPLOG : WellhouseOne | 137.300
2017-01-06 01:00:33 | TEMPLOG : Bio   Filter | 019.400
2017-01-06 01:00:34 | TEMPLOG : To   GeoLoop | 032.900
2017-01-06 01:00:34 | TEMPLOG : Table    One | 019.400
2017-01-06 01:01:34 | TEMPLOG : WellhouseOne | 138.200
2017-01-06 01:03:37 | TEMPLOG : WellhouseOne | 140.900
2017-01-06 01:04:39 | TEMPLOG : WellhouseOne | 141.800
2017-01-06 01:05:40 | TEMPLOG : WellhouseOne | 140.900
2017-01-06 01:06:41 | TEMPLOG : WellhouseOne | 142.700
2017-01-06 01:07:41 | TEMPLOG : WellhouseOne | 141.800
2017-01-06 01:08:42 | TEMPLOG : WellhouseOne | 140.900
2017-01-06 01:10:44 | TEMPLOG : WellhouseOne | 141.800
2017-01-06 01:11:45 | TEMPLOG : WellhouseOne | 142.700
2017-01-06 01:14:48 | TEMPLOG : WellhouseOne | 143.600
2017-01-06 01:16:51 | TEMPLOG : WellhouseOne | 142.700
2017-01-06 01:17:52 | TEMPLOG : WellhouseOne | 140.900
2017-01-06 01:18:53 | TEMPLOG : WellhouseOne | 139.100
2017-01-06 01:22:58 | TEMPLOG : WellhouseOne | 140.000
2017-01-06 01:23:59 | TEMPLOG : WellhouseOne | 141.800
2017-01-06 01:26:01 | TEMPLOG : WellhouseOne | 140.900
2017-01-06 01:27:02 | TEMPLOG : WellhouseOne | 140.000
2017-01-06 01:28:03 | TEMPLOG : WellhouseOne | 141.800
2017-01-06 01:30:05 | TEMPLOG : WellhouseOne | 142.700
2017-01-06 01:32:07 | TEMPLOG : WellhouseOne | 143.600
2017-01-06 01:33:08 | TEMPLOG : WellhouseOne | 142.700
2017-01-06 01:34:09 | TEMPLOG : WellhouseOne | 141.800
2017-01-06 01:35:10 | TEMPLOG : WellhouseOne | 139.100
2017-01-06 01:36:11 | TEMPLOG : WellhouseOne | 140.000
2017-01-06 01:37:12 | TEMPLOG : WellhouseOne | 138.200
2017-01-06 01:38:13 | TEMPLOG : WellhouseOne | 140.000
2017-01-06 01:39:14 | TEMPLOG : WellhouseOne | 140.900
2017-01-06 01:40:15 | TEMPLOG : WellhouseOne | 141.800
2017-01-06 01:41:16 | TEMPLOG : WellhouseOne | 142.700
2017-01-06 01:43:19 | TEMPLOG : WellhouseOne | 141.800
2017-01-06 01:45:22 | TEMPLOG : WellhouseOne | 140.000
2017-01-06 01:46:23 | TEMPLOG : WellhouseOne | 140.900
2017-01-06 01:47:25 | TEMPLOG : WellhouseOne | 139.100
2017-01-06 01:48:26 | TEMPLOG : WellhouseOne | 140.000
2017-01-06 01:49:27 | TEMPLOG : WellhouseOne | 140.900
2017-01-06 01:55:36 | TEMPLOG : WellhouseOne | 140.000
2017-01-06 01:56:39 | TEMPLOG : WellhouseOne | 140.900
2017-01-06 01:58:41 | TEMPLOG : WellhouseOne | 141.800
2017-01-06 01:59:42 | TEMPLOG : WellhouseOne | 140.000
2017-01-06 02:00:43 | TEMPLOG : WellhouseOne | 140.900
2017-01-06 02:00:43 | TEMPLOG : Bio   Filter | 019.400
2017-01-06 02:00:43 | TEMPLOG : To   GeoLoop | 032.900
2017-01-06 02:00:43 | TEMPLOG : Table    One | 019.400
2017-01-06 02:01:44 | TEMPLOG : WellhouseOne | 139.100
2017-01-06 02:02:45 | TEMPLOG : WellhouseOne | 140.000
2017-01-06 02:03:46 | TEMPLOG : WellhouseOne | 140.900
2017-01-06 02:05:48 | TEMPLOG : WellhouseOne | 141.800
2017-01-06 02:06:49 | TEMPLOG : WellhouseOne | 142.700
2017-01-06 02:07:52 | TEMPLOG : Table    One | 018.500
2017-01-06 02:10:56 | TEMPLOG : WellhouseOne | 141.800
2017-01-06 02:11:57 | TEMPLOG : Bio   Filter | 018.500
2017-01-06 02:12:57 | TEMPLOG : WellhouseOne | 142.700
2017-01-06 02:12:57 | TEMPLOG : Bio   Filter | 019.400
2017-01-06 02:13:58 | TEMPLOG : WellhouseOne | 141.800
2017-01-06 02:13:58 | TEMPLOG : Bio   Filter | 018.500
2017-01-06 02:16:00 | TEMPLOG : WellhouseOne | 140.900
2017-01-06 02:16:01 | TEMPLOG : Bio   Filter | 019.400
2017-01-06 02:17:02 | TEMPLOG : Bio   Filter | 018.500
2017-01-06 02:19:03 | TEMPLOG : WellhouseOne | 138.200
2017-01-06 02:20:05 | TEMPLOG : WellhouseOne | 136.400
2017-01-06 02:21:07 | TEMPLOG : WellhouseOne | 135.500
2017-01-06 02:22:08 | TEMPLOG : WellhouseOne | 134.600
2017-01-06 02:23:10 | TEMPLOG : WellhouseOne | 136.400
2017-01-06 02:24:11 | TEMPLOG : WellhouseOne | 137.300
2017-01-06 02:25:12 | TEMPLOG : WellhouseOne | 140.000
2017-01-06 02:26:13 | TEMPLOG : WellhouseOne | 140.900
2017-01-06 02:27:14 | TEMPLOG : WellhouseOne | 140.000
2017-01-06 02:28:15 | TEMPLOG : WellhouseOne | 141.800
2017-01-06 02:30:17 | TEMPLOG : WellhouseOne | 140.900
2017-01-06 02:31:18 | TEMPLOG : WellhouseOne | 136.400
2017-01-06 02:32:19 | TEMPLOG : WellhouseOne | 137.300
2017-01-06 02:33:21 | TEMPLOG : WellhouseOne | 136.400
2017-01-06 02:34:22 | TEMPLOG : WellhouseOne | 137.300
2017-01-06 02:35:23 | TEMPLOG : WellhouseOne | 138.200
2017-01-06 02:36:24 | TEMPLOG : WellhouseOne | 137.300
2017-01-06 02:38:28 | TEMPLOG : WellhouseOne | 138.200
2017-01-06 02:40:29 | TEMPLOG : WellhouseOne | 137.300
2017-01-06 02:40:30 | TEMPLOG : Table    One | 017.600
2017-01-06 02:45:35 | TEMPLOG : WellhouseOne | 136.400
2017-01-06 02:46:36 | TEMPLOG : Bio   Filter | 017.600
2017-01-06 02:47:38 | TEMPLOG : WellhouseOne | 137.300
2017-01-06 02:48:39 | TEMPLOG : WellhouseOne | 138.200
2017-01-06 02:49:40 | TEMPLOG : WellhouseOne | 139.100
2017-01-06 02:50:41 | TEMPLOG : WellhouseOne | 138.200
2017-01-06 02:53:45 | TEMPLOG : WellhouseOne | 135.500
2017-01-06 02:54:46 | TEMPLOG : WellhouseOne | 133.700
2017-01-06 02:56:49 | TEMPLOG : WellhouseOne | 134.600
2017-01-06 02:57:50 | TEMPLOG : WellhouseOne | 135.500
2017-01-06 02:58:51 | TEMPLOG : WellhouseOne | 136.400
2017-01-06 02:59:52 | TEMPLOG : WellhouseOne | 135.500
2017-01-06 03:00:53 | TEMPLOG : WellhouseOne | 135.500
2017-01-06 03:00:53 | TEMPLOG : Bio   Filter | 017.600
2017-01-06 03:00:55 | TEMPLOG : Table    One | 017.600
2017-01-06 03:01:55 | TEMPLOG : WellhouseOne | 137.300
2017-01-06 03:03:57 | TEMPLOG : WellhouseOne | 136.400
2017-01-06 03:07:01 | TEMPLOG : WellhouseOne | 137.300
2017-01-06 03:09:04 | TEMPLOG : WellhouseOne | 136.400
2017-01-06 03:10:05 | TEMPLOG : WellhouseOne | 138.200
2017-01-06 03:13:08 | TEMPLOG : WellhouseOne | 139.100
2017-01-06 03:14:09 | TEMPLOG : WellhouseOne | 138.200
2017-01-06 03:15:11 | TEMPLOG : WellhouseOne | 136.400
2017-01-06 03:16:12 | TEMPLOG : WellhouseOne | 135.500
2017-01-06 03:17:13 | TEMPLOG : WellhouseOne | 134.600
2017-01-06 03:18:14 | TEMPLOG : WellhouseOne | 133.700
2017-01-06 03:19:15 | TEMPLOG : WellhouseOne | 132.800
2017-01-06 03:21:17 | TEMPLOG : WellhouseOne | 133.700
2017-01-06 03:22:19 | TEMPLOG : WellhouseOne | 134.600
2017-01-06 03:23:21 | TEMPLOG : WellhouseOne | 136.400
2017-01-06 03:24:23 | TEMPLOG : WellhouseOne | 135.500
2017-01-06 03:25:26 | TEMPLOG : WellhouseOne | 134.600
2017-01-06 03:25:27 | TEMPLOG : Table    One | 016.700
2017-01-06 03:26:28 | TEMPLOG : Table    One | 017.600
2017-01-06 03:27:28 | TEMPLOG : WellhouseOne | 133.700
2017-01-06 03:28:29 | TEMPLOG : WellhouseOne | 132.800
2017-01-06 03:30:31 | TEMPLOG : WellhouseOne | 135.500
2017-01-06 03:31:33 | TEMPLOG : WellhouseOne | 136.400
2017-01-06 03:32:35 | TEMPLOG : WellhouseOne | 137.300
2017-01-06 03:33:36 | TEMPLOG : WellhouseOne | 136.400
2017-01-06 03:34:38 | TEMPLOG : WellhouseOne | 137.300
2017-01-06 03:35:38 | TEMPLOG : WellhouseOne | 136.400
2017-01-06 03:37:40 | TEMPLOG : WellhouseOne | 137.300
2017-01-06 03:38:42 | TEMPLOG : Table    One | 016.700
2017-01-06 03:39:42 | TEMPLOG : WellhouseOne | 135.500
2017-01-06 03:39:43 | TEMPLOG : Table    One | 017.600
2017-01-06 03:41:46 | TEMPLOG : Table    One | 016.700
2017-01-06 03:42:46 | TEMPLOG : WellhouseOne | 136.400
2017-01-06 03:42:47 | TEMPLOG : Table    One | 017.600
2017-01-06 03:48:54 | TEMPLOG : WellhouseOne | 135.500
2017-01-06 03:49:56 | TEMPLOG : WellhouseOne | 134.600
2017-01-06 03:49:57 | TEMPLOG : Table    One | 016.700
2017-01-06 03:50:58 | TEMPLOG : Table    One | 017.600
2017-01-06 03:51:58 | TEMPLOG : WellhouseOne | 135.500
2017-01-06 03:54:02 | TEMPLOG : To   GeoLoop | 031.100
2017-01-06 03:57:06 | TEMPLOG : WellhouseOne | 134.600
2017-01-06 03:58:07 | TEMPLOG : WellhouseOne | 135.500
2017-01-06 03:59:07 | TEMPLOG : WellhouseOne | 136.400
2017-01-06 04:00:08 | TEMPLOG : WellhouseOne | 136.400
2017-01-06 04:00:08 | TEMPLOG : Bio   Filter | 017.600
2017-01-06 04:00:10 | TEMPLOG : Table    One | 017.600
2017-01-06 04:01:10 | TEMPLOG : WellhouseOne | 135.500
2017-01-06 04:01:11 | TEMPLOG : Table    One | 016.700
2017-01-06 04:02:11 | TEMPLOG : WellhouseOne | 134.600
2017-01-06 04:02:12 | TEMPLOG : Table    One | 017.600
2017-01-06 04:03:12 | TEMPLOG : WellhouseOne | 133.700
2017-01-06 04:04:13 | TEMPLOG : WellhouseOne | 132.800
2017-01-06 04:04:14 | TEMPLOG : Table    One | 016.700
2017-01-06 04:05:17 | TEMPLOG : Table    One | 017.600
2017-01-06 04:06:17 | TEMPLOG : WellhouseOne | 131.000
2017-01-06 04:06:18 | TEMPLOG : Table    One | 016.700
2017-01-06 04:07:18 | TEMPLOG : WellhouseOne | 131.900
2017-01-06 04:07:18 | TEMPLOG : Bio   Filter | 016.700
2017-01-06 04:07:19 | TEMPLOG : Table    One | 017.600
2017-01-06 04:08:19 | TEMPLOG : WellhouseOne | 132.800
2017-01-06 04:09:20 | TEMPLOG : WellhouseOne | 134.600
2017-01-06 04:09:21 | TEMPLOG : Table    One | 016.700
2017-01-06 04:11:22 | TEMPLOG : WellhouseOne | 135.500
2017-01-06 04:14:27 | TEMPLOG : WellhouseOne | 134.600
2017-01-06 04:16:29 | TEMPLOG : WellhouseOne | 135.500
2017-01-06 04:16:29 | TEMPLOG : Bio   Filter | 017.600
2017-01-06 04:20:33 | TEMPLOG : WellhouseOne | 134.600
2017-01-06 04:23:36 | TEMPLOG : WellhouseOne | 133.700
2017-01-06 04:24:37 | TEMPLOG : WellhouseOne | 131.900
2017-01-06 04:25:39 | TEMPLOG : Table    One | 017.600
2017-01-06 04:26:39 | TEMPLOG : WellhouseOne | 132.800
2017-01-06 04:27:40 | TEMPLOG : WellhouseOne | 133.700
2017-01-06 04:27:41 | TEMPLOG : Table    One | 016.700
2017-01-06 04:29:42 | TEMPLOG : WellhouseOne | 134.600
2017-01-06 04:30:45 | TEMPLOG : Table    One | 017.600
2017-01-06 04:31:46 | TEMPLOG : WellhouseOne | 136.400
2017-01-06 04:31:46 | TEMPLOG : Table    One | 016.700
2017-01-06 04:32:47 | TEMPLOG : Table    One | 017.600
2017-01-06 04:33:47 | TEMPLOG : WellhouseOne | 137.300
2017-01-06 04:36:50 | TEMPLOG : WellhouseOne | 136.400
2017-01-06 04:38:52 | TEMPLOG : WellhouseOne | 135.500
2017-01-06 04:39:53 | TEMPLOG : WellhouseOne | 136.400
2017-01-06 04:39:53 | TEMPLOG : Bio   Filter | 016.700
2017-01-06 04:40:54 | TEMPLOG : WellhouseOne | 137.300
2017-01-06 04:40:56 | TEMPLOG : Table    One | 016.700
2017-01-06 04:41:56 | TEMPLOG : Bio   Filter | 017.600
2017-01-06 04:41:57 | TEMPLOG : Table    One | 017.600
2017-01-06 04:43:59 | TEMPLOG : WellhouseOne | 135.500
2017-01-06 04:43:59 | TEMPLOG : Bio   Filter | 016.700
2017-01-06 04:43:59 | TEMPLOG : Table    One | 016.700
2017-01-06 04:45:00 | TEMPLOG : WellhouseOne | 137.300
2017-01-06 04:45:00 | TEMPLOG : Bio   Filter | 017.600
2017-01-06 04:45:01 | TEMPLOG : Table    One | 017.600
2017-01-06 04:46:01 | TEMPLOG : WellhouseOne | 134.600
2017-01-06 04:47:03 | TEMPLOG : WellhouseOne | 136.400
2017-01-06 04:48:04 | TEMPLOG : WellhouseOne | 135.500
2017-01-06 04:49:05 | TEMPLOG : WellhouseOne | 134.600
2017-01-06 04:50:06 | TEMPLOG : WellhouseOne | 135.500
2017-01-06 04:52:09 | TEMPLOG : WellhouseOne | 133.700
2017-01-06 04:52:10 | TEMPLOG : Table    One | 016.700
2017-01-06 04:53:11 | TEMPLOG : WellhouseOne | 135.500
2017-01-06 04:54:12 | TEMPLOG : WellhouseOne | 136.400
2017-01-06 04:54:12 | TEMPLOG : Bio   Filter | 016.700
2017-01-06 04:55:13 | TEMPLOG : WellhouseOne | 137.300
2017-01-06 04:55:13 | TEMPLOG : Bio   Filter | 017.600
2017-01-06 04:57:16 | TEMPLOG : WellhouseOne | 136.400
2017-01-06 04:59:18 | TEMPLOG : WellhouseOne | 137.300
2017-01-06 04:59:19 | TEMPLOG : Bio   Filter | 016.700
2017-01-06 05:00:19 | TEMPLOG : WellhouseOne | 136.400
2017-01-06 05:00:20 | TEMPLOG : Bio   Filter | 017.600
2017-01-06 05:00:21 | TEMPLOG : To   GeoLoop | 031.100
2017-01-06 05:00:21 | TEMPLOG : Table    One | 016.700
2017-01-06 05:01:21 | TEMPLOG : Bio   Filter | 016.700
2017-01-06 05:03:24 | TEMPLOG : WellhouseOne | 134.600
2017-01-06 05:03:25 | TEMPLOG : Bio   Filter | 017.600
2017-01-06 05:04:25 | TEMPLOG : WellhouseOne | 135.500
2017-01-06 05:04:26 | TEMPLOG : Bio   Filter | 016.700
2017-01-06 05:05:26 | TEMPLOG : WellhouseOne | 136.400
2017-01-06 05:05:27 | TEMPLOG : Bio   Filter | 017.600
2017-01-06 05:08:31 | TEMPLOG : Bio   Filter | 016.700
2017-01-06 05:09:31 | TEMPLOG : WellhouseOne | 135.500
2017-01-06 05:09:33 | TEMPLOG : Bio   Filter | 017.600
2017-01-06 05:10:34 | TEMPLOG : WellhouseOne | 132.800
2017-01-06 05:11:36 | TEMPLOG : WellhouseOne | 133.700
2017-01-06 05:11:37 | TEMPLOG : Bio   Filter | 016.700
2017-01-06 05:12:37 | TEMPLOG : WellhouseOne | 132.800
2017-01-06 05:12:37 | TEMPLOG : Bio   Filter | 017.600
2017-01-06 05:13:38 | TEMPLOG : WellhouseOne | 135.500
2017-01-06 05:14:40 | TEMPLOG : WellhouseOne | 134.600
2017-01-06 05:16:42 | TEMPLOG : Bio   Filter | 016.700
2017-01-06 05:17:43 | TEMPLOG : WellhouseOne | 135.500
2017-01-06 05:19:45 | TEMPLOG : WellhouseOne | 136.400
2017-01-06 05:20:46 | TEMPLOG : WellhouseOne | 135.500
2017-01-06 05:20:46 | TEMPLOG : Bio   Filter | 017.600
2017-01-06 05:22:48 | TEMPLOG : Bio   Filter | 016.700
2017-01-06 05:23:49 | TEMPLOG : WellhouseOne | 133.700
2017-01-06 05:25:52 | TEMPLOG : WellhouseOne | 132.800
2017-01-06 05:26:55 | TEMPLOG : WellhouseOne | 133.700
2017-01-06 05:27:56 | TEMPLOG : WellhouseOne | 136.400
2017-01-06 05:29:57 | TEMPLOG : WellhouseOne | 135.500
2017-01-06 05:31:59 | TEMPLOG : WellhouseOne | 136.400
2017-01-06 05:37:05 | TEMPLOG : WellhouseOne | 138.200
2017-01-06 05:40:08 | TEMPLOG : WellhouseOne | 137.300
2017-01-06 05:47:17 | TEMPLOG : WellhouseOne | 138.200
2017-01-06 05:48:19 | TEMPLOG : WellhouseOne | 136.400
2017-01-06 05:50:21 | TEMPLOG : WellhouseOne | 134.600
2017-01-06 05:51:23 | TEMPLOG : WellhouseOne | 135.500
2017-01-06 05:52:24 | TEMPLOG : WellhouseOne | 136.400
2017-01-06 05:53:25 | TEMPLOG : WellhouseOne | 135.500
2017-01-06 05:55:28 | TEMPLOG : WellhouseOne | 136.400
2017-01-06 05:56:29 | TEMPLOG : WellhouseOne | 135.500
2017-01-06 05:57:30 | TEMPLOG : WellhouseOne | 133.700
2017-01-06 05:58:32 | TEMPLOG : WellhouseOne | 135.500
2017-01-06 05:59:33 | TEMPLOG : WellhouseOne | 133.700
2017-01-06 06:00:34 | TEMPLOG : WellhouseOne | 132.800
2017-01-06 06:00:35 | TEMPLOG : Bio   Filter | 016.700
2017-01-06 06:00:35 | TEMPLOG : To   GeoLoop | 031.100
2017-01-06 06:00:35 | TEMPLOG : Table    One | 016.700
2017-01-06 06:02:37 | TEMPLOG : WellhouseOne | 133.700
2017-01-06 06:03:38 | TEMPLOG : WellhouseOne | 134.600
2017-01-06 06:06:41 | TEMPLOG : WellhouseOne | 136.400
2017-01-06 06:07:42 | TEMPLOG : WellhouseOne | 134.600
2017-01-06 06:08:43 | TEMPLOG : WellhouseOne | 132.800
2017-01-06 06:09:45 | TEMPLOG : WellhouseOne | 134.600
2017-01-06 06:11:47 | TEMPLOG : WellhouseOne | 136.400
2017-01-06 06:12:48 | TEMPLOG : WellhouseOne | 134.600
2017-01-06 06:14:51 | TEMPLOG : WellhouseOne | 128.300
2017-01-06 06:15:52 | TEMPLOG : WellhouseOne | 130.100
2017-01-06 06:16:54 | TEMPLOG : WellhouseOne | 131.000
2017-01-06 06:17:55 | TEMPLOG : WellhouseOne | 132.800
2017-01-06 06:19:58 | TEMPLOG : WellhouseOne | 133.700
2017-01-06 06:23:01 | TEMPLOG : WellhouseOne | 134.600
2017-01-06 06:28:08 | TEMPLOG : WellhouseOne | 132.800
2017-01-06 06:29:09 | TEMPLOG : WellhouseOne | 133.700
2017-01-06 06:30:10 | TEMPLOG : WellhouseOne | 134.600
2017-01-06 06:31:12 | TEMPLOG : WellhouseOne | 135.500
2017-01-06 06:32:13 | TEMPLOG : WellhouseOne | 134.600
2017-01-06 06:34:16 | TEMPLOG : WellhouseOne | 132.800
2017-01-06 06:35:17 | TEMPLOG : WellhouseOne | 133.700
2017-01-06 06:36:18 | TEMPLOG : WellhouseOne | 135.500
2017-01-06 06:37:20 | TEMPLOG : WellhouseOne | 136.400
2017-01-06 06:38:21 | TEMPLOG : WellhouseOne | 133.700
2017-01-06 06:39:22 | TEMPLOG : WellhouseOne | 137.300
2017-01-06 06:41:24 | TEMPLOG : WellhouseOne | 136.400
2017-01-06 06:42:25 | TEMPLOG : WellhouseOne | 137.300
2017-01-06 06:43:26 | TEMPLOG : WellhouseOne | 136.400
2017-01-06 06:46:30 | TEMPLOG : WellhouseOne | 133.700
2017-01-06 06:47:31 | TEMPLOG : WellhouseOne | 136.400
2017-01-06 06:49:33 | TEMPLOG : WellhouseOne | 137.300
2017-01-06 06:51:36 | TEMPLOG : WellhouseOne | 138.200
2017-01-06 06:52:37 | TEMPLOG : WellhouseOne | 137.300
2017-01-06 06:53:38 | TEMPLOG : WellhouseOne | 138.200
2017-01-06 06:54:39 | TEMPLOG : WellhouseOne | 136.400
2017-01-06 06:55:40 | TEMPLOG : WellhouseOne | 137.300
2017-01-06 06:56:41 | TEMPLOG : WellhouseOne | 136.400
2017-01-06 06:59:45 | TEMPLOG : WellhouseOne | 137.300
2017-01-06 07:00:47 | TEMPLOG : WellhouseOne | 137.300
2017-01-06 07:00:48 | TEMPLOG : Bio   Filter | 016.700
2017-01-06 07:00:48 | TEMPLOG : To   GeoLoop | 031.100
2017-01-06 07:00:48 | TEMPLOG : Table    One | 016.700
2017-01-06 07:01:48 | TEMPLOG : WellhouseOne | 136.400
2017-01-06 07:04:51 | TEMPLOG : WellhouseOne | 135.500
2017-01-06 07:05:53 | TEMPLOG : WellhouseOne | 136.400
2017-01-06 07:06:55 | TEMPLOG : WellhouseOne | 135.500
2017-01-06 07:08:56 | TEMPLOG : WellhouseOne | 132.800
2017-01-06 07:09:58 | TEMPLOG : WellhouseOne | 131.900
2017-01-06 07:10:59 | TEMPLOG : WellhouseOne | 132.800
2017-01-06 07:12:01 | TEMPLOG : WellhouseOne | 131.900
2017-01-06 07:13:02 | TEMPLOG : WellhouseOne | 132.800
2017-01-06 07:13:03 | TEMPLOG : To   GeoLoop | 030.200
2017-01-06 07:14:03 | TEMPLOG : WellhouseOne | 131.900
2017-01-06 07:14:04 | TEMPLOG : To   GeoLoop | 031.100
2017-01-06 07:15:05 | TEMPLOG : To   GeoLoop | 030.200
2017-01-06 07:16:05 | TEMPLOG : WellhouseOne | 132.800
2017-01-06 07:16:06 | TEMPLOG : To   GeoLoop | 031.100
2017-01-06 07:17:06 | TEMPLOG : WellhouseOne | 131.900
2017-01-06 07:17:07 | TEMPLOG : To   GeoLoop | 030.200
2017-01-06 07:18:07 | TEMPLOG : WellhouseOne | 132.800
2017-01-06 07:18:08 | TEMPLOG : To   GeoLoop | 031.100
2017-01-06 07:19:08 | TEMPLOG : WellhouseOne | 133.700
2017-01-06 07:19:09 | TEMPLOG : To   GeoLoop | 030.200
2017-01-06 07:20:10 | TEMPLOG : To   GeoLoop | 031.100
2017-01-06 07:22:12 | TEMPLOG : WellhouseOne | 132.800
2017-01-06 07:22:13 | TEMPLOG : To   GeoLoop | 030.200
2017-01-06 07:23:14 | TEMPLOG : To   GeoLoop | 031.100
2017-01-06 07:24:14 | TEMPLOG : WellhouseOne | 131.900
2017-01-06 07:25:17 | TEMPLOG : WellhouseOne | 133.700
2017-01-06 07:26:18 | TEMPLOG : WellhouseOne | 136.400
2017-01-06 07:27:19 | TEMPLOG : WellhouseOne | 135.500
2017-01-06 07:27:19 | TEMPLOG : Bio   Filter | 017.600
2017-01-06 07:27:19 | TEMPLOG : To   GeoLoop | 030.200
2017-01-06 07:28:20 | TEMPLOG : WellhouseOne | 137.300
2017-01-06 07:28:20 | TEMPLOG : Bio   Filter | 016.700
2017-01-06 07:28:21 | TEMPLOG : To   GeoLoop | 031.100
2017-01-06 07:29:21 | TEMPLOG : WellhouseOne | 136.400
2017-01-06 07:30:22 | TEMPLOG : To   GeoLoop | 030.200
2017-01-06 07:31:23 | TEMPLOG : WellhouseOne | 134.600
2017-01-06 07:31:23 | TEMPLOG : To   GeoLoop | 031.100
2017-01-06 07:32:24 | TEMPLOG : To   GeoLoop | 030.200
2017-01-06 07:33:25 | TEMPLOG : WellhouseOne | 136.400
2017-01-06 07:34:27 | TEMPLOG : WellhouseOne | 135.500
2017-01-06 07:34:27 | TEMPLOG : To   GeoLoop | 031.100
2017-01-06 07:35:28 | TEMPLOG : WellhouseOne | 137.300
2017-01-06 07:35:28 | TEMPLOG : To   GeoLoop | 030.200
2017-01-06 07:36:29 | TEMPLOG : WellhouseOne | 136.400
2017-01-06 07:38:31 | TEMPLOG : WellhouseOne | 138.200
2017-01-06 07:40:33 | TEMPLOG : WellhouseOne | 136.400
2017-01-06 07:40:34 | TEMPLOG : To   GeoLoop | 031.100
2017-01-06 07:41:34 | TEMPLOG : WellhouseOne | 137.300
2017-01-06 07:42:36 | TEMPLOG : Bio   Filter | 017.600
2017-01-06 07:42:36 | TEMPLOG : To   GeoLoop | 030.200
2017-01-06 07:43:37 | TEMPLOG : Bio   Filter | 016.700
2017-01-06 07:43:38 | TEMPLOG : To   GeoLoop | 031.100
2017-01-06 07:44:38 | TEMPLOG : WellhouseOne | 135.500
2017-01-06 07:44:38 | TEMPLOG : To   GeoLoop | 030.200
2017-01-06 07:45:39 | TEMPLOG : WellhouseOne | 134.600
2017-01-06 07:45:39 | TEMPLOG : Bio   Filter | 017.600
2017-01-06 07:45:40 | TEMPLOG : To   GeoLoop | 031.100
2017-01-06 07:45:40 | TEMPLOG : Table    One | 017.600
2017-01-06 07:46:40 | TEMPLOG : WellhouseOne | 136.400
2017-01-06 07:46:41 | TEMPLOG : To   GeoLoop | 030.200
2017-01-06 07:46:41 | TEMPLOG : Table    One | 016.700
2017-01-06 07:47:41 | TEMPLOG : WellhouseOne | 135.500
2017-01-06 07:47:42 | TEMPLOG : Table    One | 017.600
2017-01-06 07:48:42 | TEMPLOG : WellhouseOne | 136.400
2017-01-06 07:49:44 | TEMPLOG : To   GeoLoop | 031.100
2017-01-06 07:51:46 | TEMPLOG : WellhouseOne | 135.500
2017-01-06 07:51:46 | TEMPLOG : Bio   Filter | 018.500
2017-01-06 07:52:47 | TEMPLOG : WellhouseOne | 134.600
2017-01-06 07:52:49 | TEMPLOG : Table    One | 018.500
2017-01-06 07:53:49 | TEMPLOG : WellhouseOne | 135.500
2017-01-06 07:54:50 | TEMPLOG : Bio   Filter | 019.400
2017-01-06 07:55:51 | TEMPLOG : WellhouseOne | 134.600
2017-01-06 07:55:53 | TEMPLOG : Table    One | 019.400
2017-01-06 07:56:54 | TEMPLOG : WellhouseOne | 135.500
2017-01-06 07:57:56 | TEMPLOG : WellhouseOne | 134.600
2017-01-06 07:58:58 | TEMPLOG : Bio   Filter | 020.300
2017-01-06 07:59:59 | TEMPLOG : WellhouseOne | 135.500
2017-01-06 08:00:00 | TEMPLOG : Bio   Filter | 020.300
2017-01-06 08:00:01 | TEMPLOG : To   GeoLoop | 031.100
2017-01-06 08:00:01 | TEMPLOG : Table    One | 019.400
2017-01-06 08:01:01 | TEMPLOG : Bio   Filter | 021.200
2017-01-06 08:01:02 | TEMPLOG : Table    One | 020.300
2017-01-06 08:02:02 | TEMPLOG : WellhouseOne | 134.600
2017-01-06 08:03:04 | TEMPLOG : WellhouseOne | 137.300
2017-01-06 08:03:04 | TEMPLOG : Bio   Filter | 022.100
2017-01-06 08:04:05 | TEMPLOG : WellhouseOne | 136.400
2017-01-06 08:05:08 | TEMPLOG : Table    One | 021.200
2017-01-06 08:06:09 | TEMPLOG : WellhouseOne | 135.500
2017-01-06 08:06:09 | TEMPLOG : Bio   Filter | 023.000
2017-01-06 08:07:10 | TEMPLOG : WellhouseOne | 137.300
2017-01-06 08:08:11 | TEMPLOG : WellhouseOne | 138.200
2017-01-06 08:09:13 | TEMPLOG : WellhouseOne | 139.100
2017-01-06 08:10:14 | TEMPLOG : WellhouseOne | 137.300
2017-01-06 08:10:14 | TEMPLOG : Bio   Filter | 022.100
2017-01-06 08:11:15 | TEMPLOG : WellhouseOne | 134.600
2017-01-06 08:12:17 | TEMPLOG : WellhouseOne | 133.700
2017-01-06 08:12:17 | TEMPLOG : Bio   Filter | 023.000
2017-01-06 08:13:18 | TEMPLOG : WellhouseOne | 136.400
2017-01-06 08:14:19 | TEMPLOG : WellhouseOne | 138.200
2017-01-06 08:14:19 | TEMPLOG : Table    One | 022.100
2017-01-06 08:15:20 | TEMPLOG : Bio   Filter | 023.900
2017-01-06 08:17:22 | TEMPLOG : WellhouseOne | 139.100
2017-01-06 08:17:23 | TEMPLOG : Bio   Filter | 024.800
2017-01-06 08:18:25 | TEMPLOG : WellhouseOne | 140.000
2017-01-06 08:19:26 | TEMPLOG : WellhouseOne | 138.200
2017-01-06 08:19:27 | TEMPLOG : Table    One | 023.000
2017-01-06 08:21:29 | TEMPLOG : WellhouseOne | 140.000
2017-01-06 08:21:30 | TEMPLOG : Bio   Filter | 025.700
2017-01-06 08:22:31 | TEMPLOG : WellhouseOne | 139.100
2017-01-06 08:22:32 | TEMPLOG : To   GeoLoop | 032.900
2017-01-06 08:25:35 | TEMPLOG : WellhouseOne | 140.900
2017-01-06 08:26:36 | TEMPLOG : WellhouseOne | 140.000
2017-01-06 08:26:36 | TEMPLOG : Bio   Filter | 026.600
2017-01-06 08:27:37 | TEMPLOG : WellhouseOne | 140.900
2017-01-06 08:29:39 | TEMPLOG : WellhouseOne | 139.100
2017-01-06 08:30:40 | TEMPLOG : Bio   Filter | 027.500
2017-01-06 08:32:42 | TEMPLOG : WellhouseOne | 137.300
2017-01-06 08:32:42 | TEMPLOG : Bio   Filter | 028.400
2017-01-06 08:34:44 | TEMPLOG : WellhouseOne | 140.000
2017-01-06 08:36:46 | TEMPLOG : WellhouseOne | 139.100
2017-01-06 08:36:46 | TEMPLOG : Bio   Filter | 029.300
2017-01-06 08:38:48 | TEMPLOG : WellhouseOne | 141.800
2017-01-06 08:39:49 | TEMPLOG : WellhouseOne | 140.900
2017-01-06 08:39:49 | TEMPLOG : Bio   Filter | 030.200
2017-01-06 08:39:50 | TEMPLOG : Table    One | 023.900
2017-01-06 08:40:50 | TEMPLOG : WellhouseOne | 141.800
2017-01-06 08:43:55 | TEMPLOG : To   GeoLoop | 033.800
2017-01-06 08:44:55 | TEMPLOG : Bio   Filter | 031.100
2017-01-06 08:45:57 | TEMPLOG : WellhouseOne | 140.000
2017-01-06 08:49:00 | TEMPLOG : WellhouseOne | 141.800
2017-01-06 08:53:04 | TEMPLOG : WellhouseOne | 140.000
2017-01-06 08:54:04 | TEMPLOG : WellhouseOne | 140.900
2017-01-06 08:54:05 | TEMPLOG : Table    One | 024.800
2017-01-06 08:55:05 | TEMPLOG : WellhouseOne | 142.700
2017-01-06 08:55:06 | TEMPLOG : Table    One | 023.900
2017-01-06 08:56:07 | TEMPLOG : Bio   Filter | 032.900
2017-01-06 08:56:08 | TEMPLOG : Table    One | 024.800
2017-01-06 08:57:08 | TEMPLOG : WellhouseOne | 143.600
2017-01-06 08:59:10 | TEMPLOG : WellhouseOne | 144.500
2017-01-06 08:59:10 | TEMPLOG : Bio   Filter | 033.800
2017-01-06 09:00:11 | TEMPLOG : WellhouseOne | 145.400
2017-01-06 09:00:11 | TEMPLOG : Bio   Filter | 032.900
2017-01-06 09:00:11 | TEMPLOG : To   GeoLoop | 033.800
2017-01-06 09:00:12 | TEMPLOG : Table    One | 024.800
2017-01-06 09:01:12 | TEMPLOG : Bio   Filter | 033.800
2017-01-06 09:02:13 | TEMPLOG : WellhouseOne | 144.500
2017-01-06 09:03:14 | TEMPLOG : WellhouseOne | 141.800
2017-01-06 09:04:15 | TEMPLOG : WellhouseOne | 142.700
2017-01-06 09:04:16 | TEMPLOG : To   GeoLoop | 034.700
2017-01-06 09:06:18 | TEMPLOG : WellhouseOne | 141.800
2017-01-06 09:07:18 | TEMPLOG : WellhouseOne | 143.600
2017-01-06 09:07:20 | TEMPLOG : Table    One | 025.700
2017-01-06 09:08:21 | TEMPLOG : Bio   Filter | 034.700
2017-01-06 09:09:22 | TEMPLOG : WellhouseOne | 142.700
2017-01-06 09:10:24 | TEMPLOG : WellhouseOne | 143.600
2017-01-06 09:11:24 | TEMPLOG : WellhouseOne | 142.700
2017-01-06 09:12:25 | TEMPLOG : WellhouseOne | 143.600
2017-01-06 09:13:26 | TEMPLOG : WellhouseOne | 131.000
2017-01-06 09:14:27 | TEMPLOG : WellhouseOne | 097.700
2017-01-06 09:15:29 | TEMPLOG : WellhouseOne | 081.500
2017-01-06 09:16:30 | TEMPLOG : WellhouseOne | 072.500
2017-01-06 09:16:30 | TEMPLOG : Table    One | 026.600
2017-01-06 09:17:31 | TEMPLOG : WellhouseOne | 064.400
2017-01-06 09:18:32 | TEMPLOG : WellhouseOne | 058.100
2017-01-06 09:18:32 | TEMPLOG : Bio   Filter | 035.600
2017-01-06 09:19:32 | TEMPLOG : WellhouseOne | 054.500
2017-01-06 09:20:33 | TEMPLOG : WellhouseOne | 052.700
2017-01-06 09:21:34 | TEMPLOG : WellhouseOne | 050.000
2017-01-06 09:22:35 | TEMPLOG : WellhouseOne | 048.200
2017-01-06 09:23:36 | TEMPLOG : WellhouseOne | 047.300
2017-01-06 09:23:37 | TEMPLOG : Table    One | 027.500
2017-01-06 09:24:37 | TEMPLOG : WellhouseOne | 045.500
2017-01-06 09:24:37 | TEMPLOG : To   GeoLoop | 035.600
2017-01-06 09:25:38 | TEMPLOG : WellhouseOne | 044.600
2017-01-06 09:26:39 | TEMPLOG : WellhouseOne | 043.700
2017-01-06 09:27:41 | TEMPLOG : WellhouseOne | 042.800
2017-01-06 09:28:42 | TEMPLOG : WellhouseOne | 041.900
2017-01-06 09:28:42 | TEMPLOG : Bio   Filter | 036.500
2017-01-06 09:29:43 | TEMPLOG : WellhouseOne | 040.100
2017-01-06 09:29:43 | TEMPLOG : Table    One | 028.400
2017-01-06 09:31:45 | TEMPLOG : WellhouseOne | 093.200
2017-01-06 09:32:47 | TEMPLOG : WellhouseOne | 110.300
2017-01-06 09:33:48 | TEMPLOG : WellhouseOne | 118.400
2017-01-06 09:34:49 | TEMPLOG : WellhouseOne | 123.800
2017-01-06 09:34:50 | TEMPLOG : Table    One | 029.300
2017-01-06 09:35:50 | TEMPLOG : WellhouseOne | 128.300
2017-01-06 09:36:52 | TEMPLOG : WellhouseOne | 129.200
2017-01-06 09:37:53 | TEMPLOG : WellhouseOne | 131.900
2017-01-06 09:38:54 | TEMPLOG : WellhouseOne | 132.800
2017-01-06 09:39:57 | TEMPLOG : WellhouseOne | 133.700
2017-01-06 09:39:58 | TEMPLOG : Table    One | 030.200
2017-01-06 09:40:58 | TEMPLOG : WellhouseOne | 134.600
2017-01-06 09:43:00 | TEMPLOG : WellhouseOne | 136.400
2017-01-06 09:44:02 | TEMPLOG : WellhouseOne | 138.200
2017-01-06 09:44:02 | TEMPLOG : Table    One | 031.100
2017-01-06 09:45:03 | TEMPLOG : WellhouseOne | 139.100
2017-01-06 09:46:04 | TEMPLOG : WellhouseOne | 140.900
2017-01-06 09:46:04 | TEMPLOG : To   GeoLoop | 036.500
2017-01-06 09:47:05 | TEMPLOG : WellhouseOne | 142.700
2017-01-06 09:48:06 | TEMPLOG : WellhouseOne | 104.000
2017-01-06 09:48:06 | TEMPLOG : Bio   Filter | 037.400
2017-01-06 09:49:06 | TEMPLOG : WellhouseOne | 084.200
2017-01-06 09:49:06 | TEMPLOG : Bio   Filter | 036.500
2017-01-06 09:50:07 | TEMPLOG : WellhouseOne | 073.400
2017-01-06 09:51:10 | TEMPLOG : WellhouseOne | 066.200
2017-01-06 09:51:11 | TEMPLOG : Table    One | 032.900
2017-01-06 09:52:12 | TEMPLOG : WellhouseOne | 060.800
2017-01-06 09:52:12 | TEMPLOG : Bio   Filter | 037.400
2017-01-06 09:53:13 | TEMPLOG : WellhouseOne | 056.300
2017-01-06 09:54:15 | TEMPLOG : WellhouseOne | 053.600
2017-01-06 09:54:15 | TEMPLOG : Bio   Filter | 036.500
2017-01-06 09:55:16 | TEMPLOG : WellhouseOne | 051.800
2017-01-06 09:56:18 | TEMPLOG : WellhouseOne | 049.100
2017-01-06 09:56:19 | TEMPLOG : Table    One | 033.800
2017-01-06 09:57:19 | TEMPLOG : WellhouseOne | 048.200
2017-01-06 09:58:20 | TEMPLOG : WellhouseOne | 045.500
2017-01-06 09:58:21 | TEMPLOG : Table    One | 034.700
2017-01-06 09:59:21 | TEMPLOG : WellhouseOne | 044.600
2017-01-06 10:00:23 | TEMPLOG : WellhouseOne | 042.800
2017-01-06 10:00:23 | TEMPLOG : Bio   Filter | 036.500
2017-01-06 10:00:23 | TEMPLOG : To   GeoLoop | 036.500
2017-01-06 10:00:24 | TEMPLOG : Table    One | 034.700
2017-01-06 10:01:25 | TEMPLOG : WellhouseOne | 041.000
2017-01-06 10:01:25 | TEMPLOG : Bio   Filter | 037.400
2017-01-06 10:01:26 | TEMPLOG : Table    One | 035.600
2017-01-06 10:02:26 | TEMPLOG : WellhouseOne | 040.100
2017-01-06 10:02:27 | TEMPLOG : Table    One | 036.500
2017-01-06 10:03:28 | TEMPLOG : WellhouseOne | 039.200
2017-01-06 10:04:29 | TEMPLOG : WellhouseOne | 038.300
2017-01-06 10:05:31 | TEMPLOG : WellhouseOne | 074.300
2017-01-06 10:05:32 | TEMPLOG : Table    One | 037.400
2017-01-06 10:06:32 | TEMPLOG : WellhouseOne | 103.100
2017-01-06 10:06:34 | TEMPLOG : Table    One | 038.300
2017-01-06 10:07:34 | TEMPLOG : WellhouseOne | 116.600
2017-01-06 10:08:35 | TEMPLOG : WellhouseOne | 125.600
2017-01-06 10:08:36 | TEMPLOG : To   GeoLoop | 037.400
2017-01-06 10:09:37 | TEMPLOG : WellhouseOne | 131.000
2017-01-06 10:09:37 | TEMPLOG : Table    One | 039.200
2017-01-06 10:10:38 | TEMPLOG : WellhouseOne | 134.600
2017-01-06 10:11:39 | TEMPLOG : WellhouseOne | 136.400
2017-01-06 10:11:39 | TEMPLOG : Table    One | 040.100
2017-01-06 10:12:39 | TEMPLOG : WellhouseOne | 137.300
2017-01-06 10:14:42 | TEMPLOG : WellhouseOne | 140.000
2017-01-06 10:14:43 | TEMPLOG : Table    One | 041.000
2017-01-06 10:15:43 | TEMPLOG : WellhouseOne | 140.900
2017-01-06 10:17:46 | TEMPLOG : Table    One | 041.900
2017-01-06 10:19:49 | TEMPLOG : WellhouseOne | 142.700
2017-01-06 10:20:52 | TEMPLOG : Table    One | 042.800
2017-01-06 10:21:52 | TEMPLOG : WellhouseOne | 143.600
2017-01-06 10:22:53 | TEMPLOG : WellhouseOne | 144.500
2017-01-06 10:22:54 | TEMPLOG : Table    One | 043.700
2017-01-06 10:23:54 | TEMPLOG : WellhouseOne | 116.600
2017-01-06 10:24:56 | TEMPLOG : WellhouseOne | 086.900
2017-01-06 10:25:57 | TEMPLOG : WellhouseOne | 072.500
2017-01-06 10:25:57 | TEMPLOG : Bio   Filter | 038.300
2017-01-06 10:26:58 | TEMPLOG : WellhouseOne | 062.600
2017-01-06 10:27:59 | TEMPLOG : WellhouseOne | 057.200
2017-01-06 10:28:00 | TEMPLOG : Table    One | 044.600
2017-01-06 10:29:00 | TEMPLOG : WellhouseOne | 052.700
2017-01-06 10:30:01 | TEMPLOG : WellhouseOne | 049.100
2017-01-06 10:31:02 | TEMPLOG : WellhouseOne | 047.300
2017-01-06 10:31:04 | TEMPLOG : Table    One | 045.500
2017-01-06 10:32:04 | TEMPLOG : WellhouseOne | 045.500
2017-01-06 10:33:05 | TEMPLOG : WellhouseOne | 044.600
2017-01-06 10:33:06 | TEMPLOG : To   GeoLoop | 038.300
2017-01-06 10:34:07 | TEMPLOG : WellhouseOne | 042.800
2017-01-06 10:34:09 | TEMPLOG : Table    One | 046.400
2017-01-06 10:35:10 | TEMPLOG : WellhouseOne | 041.900
2017-01-06 10:35:10 | TEMPLOG : Table    One | 047.300
2017-01-06 10:36:11 | TEMPLOG : WellhouseOne | 040.100
2017-01-06 10:36:11 | TEMPLOG : Bio   Filter | 039.200
2017-01-06 10:37:11 | TEMPLOG : WellhouseOne | 039.200
2017-01-06 10:37:12 | TEMPLOG : Table    One | 048.200
2017-01-06 10:39:14 | TEMPLOG : WellhouseOne | 037.400
2017-01-06 10:40:15 | TEMPLOG : WellhouseOne | 036.500
2017-01-06 10:41:17 | TEMPLOG : WellhouseOne | 068.000
2017-01-06 10:41:19 | TEMPLOG : Table    One | 049.100
2017-01-06 10:42:19 | TEMPLOG : WellhouseOne | 103.100
2017-01-06 10:43:20 | TEMPLOG : WellhouseOne | 115.700
2017-01-06 10:43:20 | TEMPLOG : Bio   Filter | 040.100
2017-01-06 10:43:20 | TEMPLOG : Table    One | 050.000
2017-01-06 10:44:21 | TEMPLOG : WellhouseOne | 126.500
2017-01-06 10:45:23 | TEMPLOG : WellhouseOne | 131.000
2017-01-06 10:46:25 | TEMPLOG : WellhouseOne | 132.800
2017-01-06 10:47:26 | TEMPLOG : WellhouseOne | 135.500
2017-01-06 10:48:26 | TEMPLOG : WellhouseOne | 137.300
2017-01-06 10:48:28 | TEMPLOG : Table    One | 050.900
2017-01-06 10:49:29 | TEMPLOG : WellhouseOne | 140.900
2017-01-06 10:49:29 | TEMPLOG : Bio   Filter | 041.000
2017-01-06 10:50:30 | TEMPLOG : WellhouseOne | 142.700
2017-01-06 10:50:31 | TEMPLOG : Table    One | 051.800
2017-01-06 10:52:33 | TEMPLOG : WellhouseOne | 122.000
2017-01-06 10:53:35 | TEMPLOG : WellhouseOne | 088.700
2017-01-06 10:54:36 | TEMPLOG : WellhouseOne | 072.500
2017-01-06 10:54:37 | TEMPLOG : Table    One | 052.700
2017-01-06 10:55:37 | TEMPLOG : WellhouseOne | 062.600
2017-01-06 10:55:38 | TEMPLOG : Bio   Filter | 041.900
2017-01-06 10:56:38 | TEMPLOG : WellhouseOne | 055.400
2017-01-06 10:57:39 | TEMPLOG : WellhouseOne | 050.000
2017-01-06 10:57:40 | TEMPLOG : Table    One | 053.600
2017-01-06 10:58:40 | TEMPLOG : WellhouseOne | 048.200
2017-01-06 10:59:41 | TEMPLOG : WellhouseOne | 044.600
2017-01-06 10:59:43 | TEMPLOG : Table    One | 054.500
2017-01-06 11:00:43 | TEMPLOG : WellhouseOne | 043.700
2017-01-06 11:00:44 | TEMPLOG : Bio   Filter | 041.900
2017-01-06 11:00:44 | TEMPLOG : To   GeoLoop | 038.300
2017-01-06 11:00:44 | TEMPLOG : Table    One | 053.600
2017-01-06 11:01:45 | TEMPLOG : WellhouseOne | 041.900
2017-01-06 11:01:45 | TEMPLOG : Bio   Filter | 042.800
2017-01-06 11:02:46 | TEMPLOG : WellhouseOne | 041.000
2017-01-06 11:02:47 | TEMPLOG : Table    One | 054.500
2017-01-06 11:04:48 | TEMPLOG : WellhouseOne | 040.100
2017-01-06 11:05:50 | TEMPLOG : WellhouseOne | 039.200
2017-01-06 11:06:51 | TEMPLOG : WellhouseOne | 038.300
2017-01-06 11:06:52 | TEMPLOG : Table    One | 055.400
2017-01-06 11:07:52 | TEMPLOG : WellhouseOne | 036.500
2017-01-06 11:07:52 | TEMPLOG : Bio   Filter | 043.700
2017-01-06 11:08:53 | TEMPLOG : WellhouseOne | 035.600
2017-01-06 11:09:55 | TEMPLOG : WellhouseOne | 075.200
2017-01-06 11:09:56 | TEMPLOG : Table    One | 056.300
2017-01-06 11:10:56 | TEMPLOG : WellhouseOne | 104.900
2017-01-06 11:10:58 | TEMPLOG : Table    One | 057.200
2017-01-06 11:11:58 | TEMPLOG : WellhouseOne | 118.400
2017-01-06 11:11:58 | TEMPLOG : Bio   Filter | 044.600
2017-01-06 11:12:59 | TEMPLOG : WellhouseOne | 128.300
2017-01-06 11:14:01 | TEMPLOG : WellhouseOne | 131.900
2017-01-06 11:15:02 | TEMPLOG : WellhouseOne | 132.800
2017-01-06 11:15:04 | TEMPLOG : Table    One | 058.100
2017-01-06 11:16:05 | TEMPLOG : WellhouseOne | 134.600
2017-01-06 11:17:06 | TEMPLOG : WellhouseOne | 137.300
2017-01-06 11:17:06 | TEMPLOG : Bio   Filter | 045.500
2017-01-06 11:18:08 | TEMPLOG : WellhouseOne | 139.100
2017-01-06 11:19:09 | TEMPLOG : WellhouseOne | 140.900
2017-01-06 11:19:09 | TEMPLOG : Table    One | 057.200
2017-01-06 11:21:11 | TEMPLOG : WellhouseOne | 142.700
2017-01-06 11:21:12 | TEMPLOG : Bio   Filter | 046.400
2017-01-06 11:22:14 | TEMPLOG : Table    One | 056.300
2017-01-06 11:23:14 | TEMPLOG : WellhouseOne | 143.600
2017-01-06 11:23:14 | TEMPLOG : Bio   Filter | 047.300
2017-01-06 11:24:15 | TEMPLOG : WellhouseOne | 102.200
2017-01-06 11:25:16 | TEMPLOG : WellhouseOne | 079.700
2017-01-06 11:25:16 | TEMPLOG : Bio   Filter | 048.200
2017-01-06 11:26:18 | TEMPLOG : WellhouseOne | 067.100
2017-01-06 11:26:18 | TEMPLOG : Table    One | 057.200
2017-01-06 11:27:18 | TEMPLOG : WellhouseOne | 059.000
2017-01-06 11:27:18 | TEMPLOG : Bio   Filter | 049.100
2017-01-06 11:27:20 | TEMPLOG : Table    One | 056.300
2017-01-06 11:28:20 | TEMPLOG : WellhouseOne | 053.600
2017-01-06 11:28:21 | TEMPLOG : Table    One | 057.200
2017-01-06 11:29:21 | TEMPLOG : WellhouseOne | 049.100
2017-01-06 11:29:21 | TEMPLOG : Bio   Filter | 050.000
2017-01-06 11:30:22 | TEMPLOG : WellhouseOne | 046.400
2017-01-06 11:30:22 | TEMPLOG : Bio   Filter | 050.900
2017-01-06 11:31:23 | TEMPLOG : WellhouseOne | 044.600
2017-01-06 11:32:23 | TEMPLOG : WellhouseOne | 042.800
2017-01-06 11:32:23 | TEMPLOG : Bio   Filter | 051.800
2017-01-06 11:33:26 | TEMPLOG : WellhouseOne | 041.000
2017-01-06 11:34:27 | TEMPLOG : WellhouseOne | 039.200
2017-01-06 11:34:28 | TEMPLOG : Bio   Filter | 052.700
2017-01-06 11:35:28 | TEMPLOG : WellhouseOne | 038.300
2017-01-06 11:35:29 | TEMPLOG : Bio   Filter | 053.600
2017-01-06 11:36:29 | TEMPLOG : WellhouseOne | 037.400
2017-01-06 11:37:31 | TEMPLOG : WellhouseOne | 035.600
2017-01-06 11:37:32 | TEMPLOG : Bio   Filter | 054.500
2017-01-06 11:38:33 | TEMPLOG : Bio   Filter | 055.400
2017-01-06 11:38:34 | TEMPLOG : Table    One | 056.300
2017-01-06 11:39:34 | TEMPLOG : WellhouseOne | 034.700
2017-01-06 11:39:34 | TEMPLOG : Bio   Filter | 056.300
2017-01-06 11:40:35 | TEMPLOG : WellhouseOne | 056.300
2017-01-06 11:40:36 | TEMPLOG : Bio   Filter | 057.200
2017-01-06 11:40:36 | TEMPLOG : Table    One | 057.200
2017-01-06 11:41:37 | TEMPLOG : WellhouseOne | 100.400
2017-01-06 11:41:37 | TEMPLOG : Bio   Filter | 058.100
2017-01-06 11:41:38 | TEMPLOG : Table    One | 056.300
2017-01-06 11:42:38 | TEMPLOG : WellhouseOne | 115.700
2017-01-06 11:42:39 | TEMPLOG : Bio   Filter | 059.900
2017-01-06 11:42:39 | TEMPLOG : Table    One | 057.200
2017-01-06 11:43:40 | TEMPLOG : WellhouseOne | 125.600
2017-01-06 11:43:40 | TEMPLOG : Bio   Filter | 060.800
2017-01-06 11:44:42 | TEMPLOG : WellhouseOne | 130.100
2017-01-06 11:44:42 | TEMPLOG : Bio   Filter | 062.600
2017-01-06 11:45:44 | TEMPLOG : WellhouseOne | 134.600
2017-01-06 11:45:45 | TEMPLOG : Bio   Filter | 064.400
2017-01-06 11:46:46 | TEMPLOG : WellhouseOne | 137.300
2017-01-06 11:46:46 | TEMPLOG : Bio   Filter | 066.200
2017-01-06 11:47:46 | TEMPLOG : WellhouseOne | 139.100
2017-01-06 11:47:47 | TEMPLOG : Bio   Filter | 067.100
2017-01-06 11:47:47 | TEMPLOG : Table    One | 058.100
2017-01-06 11:48:48 | TEMPLOG : WellhouseOne | 140.000
2017-01-06 11:48:48 | TEMPLOG : Bio   Filter | 068.000
2017-01-06 11:49:48 | TEMPLOG : WellhouseOne | 141.800
2017-01-06 11:49:49 | TEMPLOG : Bio   Filter | 067.100
2017-01-06 11:50:49 | TEMPLOG : WellhouseOne | 143.600
2017-01-06 11:51:50 | TEMPLOG : WellhouseOne | 118.400
2017-01-06 11:51:50 | TEMPLOG : Bio   Filter | 066.200
2017-01-06 11:51:51 | TEMPLOG : To   GeoLoop | 039.200
2017-01-06 11:51:51 | TEMPLOG : Table    One | 059.000
2017-01-06 11:52:51 | TEMPLOG : WellhouseOne | 086.900
2017-01-06 11:52:52 | TEMPLOG : Bio   Filter | 065.300
2017-01-06 11:53:53 | TEMPLOG : WellhouseOne | 071.600
2017-01-06 11:53:53 | TEMPLOG : Bio   Filter | 064.400
2017-01-06 11:53:53 | TEMPLOG : To   GeoLoop | 038.300
2017-01-06 11:54:54 | TEMPLOG : WellhouseOne | 062.600
2017-01-06 11:54:54 | TEMPLOG : Bio   Filter | 062.600
2017-01-06 11:54:54 | TEMPLOG : Table    One | 059.900
2017-01-06 11:55:54 | TEMPLOG : WellhouseOne | 056.300
2017-01-06 11:55:55 | TEMPLOG : To   GeoLoop | 039.200
2017-01-06 11:55:55 | TEMPLOG : Table    One | 059.000
2017-01-06 11:56:56 | TEMPLOG : WellhouseOne | 052.700
2017-01-06 11:56:56 | TEMPLOG : Bio   Filter | 061.700
2017-01-06 11:57:56 | TEMPLOG : WellhouseOne | 050.000
2017-01-06 11:57:57 | TEMPLOG : Bio   Filter | 060.800
2017-01-06 11:57:57 | TEMPLOG : To   GeoLoop | 038.300
2017-01-06 11:57:57 | TEMPLOG : Table    One | 059.900
2017-01-06 11:58:57 | TEMPLOG : WellhouseOne | 048.200
2017-01-06 11:58:58 | TEMPLOG : To   GeoLoop | 039.200
2017-01-06 11:59:58 | TEMPLOG : WellhouseOne | 046.400
2017-01-06 12:01:00 | TEMPLOG : WellhouseOne | 045.500
2017-01-06 12:02:01 | TEMPLOG : WellhouseOne | 043.700
2017-01-06 12:03:02 | TEMPLOG : WellhouseOne | 042.800
2017-01-06 12:04:04 | TEMPLOG : WellhouseOne | 041.900
2017-01-06 12:04:05 | TEMPLOG : Table    One | 060.800
2017-01-06 12:05:05 | TEMPLOG : WellhouseOne | 041.000
2017-01-06 12:06:07 | TEMPLOG : Bio   Filter | 061.700
2017-01-06 12:07:09 | TEMPLOG : WellhouseOne | 039.200
2017-01-06 12:07:10 | TEMPLOG : Bio   Filter | 062.600
2017-01-06 12:08:11 | TEMPLOG : WellhouseOne | 038.300
2017-01-06 12:08:11 | TEMPLOG : Bio   Filter | 063.500
2017-01-06 12:09:12 | TEMPLOG : WellhouseOne | 036.500
2017-01-06 12:09:12 | TEMPLOG : Bio   Filter | 064.400
2017-01-06 12:10:13 | TEMPLOG : WellhouseOne | 078.800
2017-01-06 12:10:13 | TEMPLOG : Bio   Filter | 065.300
2017-01-06 12:10:14 | TEMPLOG : Table    One | 061.700
2017-01-06 12:11:15 | TEMPLOG : WellhouseOne | 107.600
2017-01-06 12:11:15 | TEMPLOG : Bio   Filter | 066.200
2017-01-06 12:11:16 | TEMPLOG : Table    One | 062.600
2017-01-06 12:12:16 | TEMPLOG : WellhouseOne | 118.400
2017-01-06 12:12:16 | TEMPLOG : Bio   Filter | 067.100
2017-01-06 12:12:17 | TEMPLOG : Table    One | 063.500
2017-01-06 12:13:17 | TEMPLOG : WellhouseOne | 125.600
2017-01-06 12:14:18 | TEMPLOG : WellhouseOne | 131.000
2017-01-06 12:15:19 | TEMPLOG : WellhouseOne | 133.700
2017-01-06 12:15:20 | TEMPLOG : Table    One | 064.400
2017-01-06 12:16:20 | TEMPLOG : WellhouseOne | 136.400
2017-01-06 12:17:21 | TEMPLOG : WellhouseOne | 139.100
2017-01-06 12:17:22 | TEMPLOG : Table    One | 065.300
2017-01-06 12:18:22 | TEMPLOG : WellhouseOne | 108.500
2017-01-06 12:18:23 | TEMPLOG : Bio   Filter | 066.200
2017-01-06 12:19:24 | TEMPLOG : WellhouseOne | 082.400
2017-01-06 12:20:26 | TEMPLOG : WellhouseOne | 070.700
2017-01-06 12:20:27 | TEMPLOG : Table    One | 064.400
2017-01-06 12:21:27 | TEMPLOG : WellhouseOne | 063.500
2017-01-06 12:22:28 | TEMPLOG : WellhouseOne | 056.300
2017-01-06 12:23:30 | TEMPLOG : WellhouseOne | 051.800
2017-01-06 12:24:31 | TEMPLOG : WellhouseOne | 049.100
2017-01-06 12:25:32 | TEMPLOG : WellhouseOne | 046.400
2017-01-06 12:25:33 | TEMPLOG : Table    One | 065.300
2017-01-06 12:26:34 | TEMPLOG : WellhouseOne | 044.600
2017-01-06 12:27:35 | TEMPLOG : WellhouseOne | 042.800
2017-01-06 12:28:36 | TEMPLOG : WellhouseOne | 041.000
2017-01-06 12:30:38 | TEMPLOG : WellhouseOne | 039.200
2017-01-06 12:30:38 | TEMPLOG : Bio   Filter | 065.300
2017-01-06 12:31:39 | TEMPLOG : WellhouseOne | 038.300
2017-01-06 12:31:40 | TEMPLOG : To   GeoLoop | 040.100
2017-01-06 12:31:41 | TEMPLOG : Table    One | 066.200
2017-01-06 12:32:41 | TEMPLOG : WellhouseOne | 037.400
2017-01-06 12:32:41 | TEMPLOG : Bio   Filter | 064.400
2017-01-06 12:33:42 | TEMPLOG : Bio   Filter | 065.300
2017-01-06 12:34:42 | TEMPLOG : WellhouseOne | 036.500
2017-01-06 12:35:43 | TEMPLOG : WellhouseOne | 035.600
2017-01-06 12:35:43 | TEMPLOG : Bio   Filter | 066.200
2017-01-06 12:36:44 | TEMPLOG : WellhouseOne | 086.900
2017-01-06 12:36:45 | TEMPLOG : Bio   Filter | 067.100
2017-01-06 12:37:45 | TEMPLOG : WellhouseOne | 110.300
2017-01-06 12:37:46 | TEMPLOG : Table    One | 065.300
2017-01-06 12:38:47 | TEMPLOG : WellhouseOne | 122.000
2017-01-06 12:38:48 | TEMPLOG : Bio   Filter | 068.000
2017-01-06 12:39:48 | TEMPLOG : WellhouseOne | 129.200
2017-01-06 12:39:49 | TEMPLOG : Bio   Filter | 068.900
2017-01-06 12:40:49 | TEMPLOG : WellhouseOne | 134.600
2017-01-06 12:41:50 | TEMPLOG : WellhouseOne | 138.200
2017-01-06 12:41:51 | TEMPLOG : Table    One | 066.200
2017-01-06 12:42:51 | TEMPLOG : WellhouseOne | 139.100
2017-01-06 12:42:51 | TEMPLOG : Bio   Filter | 068.000
2017-01-06 12:43:53 | TEMPLOG : WellhouseOne | 140.900
2017-01-06 12:43:54 | TEMPLOG : Table    One | 067.100
2017-01-06 12:44:54 | TEMPLOG : WellhouseOne | 142.700
2017-01-06 12:44:55 | TEMPLOG : Bio   Filter | 067.100
2017-01-06 12:44:55 | TEMPLOG : Table    One | 066.200
2017-01-06 12:45:55 | TEMPLOG : WellhouseOne | 099.500
2017-01-06 12:45:56 | TEMPLOG : To   GeoLoop | 041.000
2017-01-06 12:45:56 | TEMPLOG : Table    One | 067.100
2017-01-06 12:46:56 | TEMPLOG : WellhouseOne | 078.800
2017-01-06 12:47:58 | TEMPLOG : WellhouseOne | 068.000
2017-01-06 12:47:59 | TEMPLOG : Table    One | 068.000
2017-01-06 12:48:59 | TEMPLOG : WellhouseOne | 059.900
2017-01-06 12:50:00 | TEMPLOG : WellhouseOne | 055.400
2017-01-06 12:50:00 | TEMPLOG : Bio   Filter | 066.200
2017-01-06 12:51:01 | TEMPLOG : WellhouseOne | 050.900
2017-01-06 12:51:02 | TEMPLOG : To   GeoLoop | 041.900
2017-01-06 12:52:03 | TEMPLOG : WellhouseOne | 048.200
2017-01-06 12:53:04 | TEMPLOG : WellhouseOne | 046.400
2017-01-06 12:53:05 | TEMPLOG : Table    One | 068.900
2017-01-06 12:54:05 | TEMPLOG : WellhouseOne | 044.600
2017-01-06 12:54:05 | TEMPLOG : Bio   Filter | 065.300
2017-01-06 12:54:06 | TEMPLOG : Table    One | 069.800
2017-01-06 12:55:06 | TEMPLOG : WellhouseOne | 042.800
2017-01-06 12:56:07 | TEMPLOG : WellhouseOne | 041.900
2017-01-06 12:56:08 | TEMPLOG : To   GeoLoop | 042.800
2017-01-06 12:57:08 | TEMPLOG : WellhouseOne | 041.000
2017-01-06 12:57:08 | TEMPLOG : Bio   Filter | 066.200
2017-01-06 12:58:09 | TEMPLOG : WellhouseOne | 040.100
2017-01-06 12:59:10 | TEMPLOG : WellhouseOne | 039.200
2017-01-06 12:59:10 | TEMPLOG : Bio   Filter | 067.100
2017-01-06 13:00:11 | TEMPLOG : WellhouseOne | 038.300
2017-01-06 13:00:11 | TEMPLOG : Bio   Filter | 067.100
2017-01-06 13:00:11 | TEMPLOG : To   GeoLoop | 042.800
2017-01-06 13:00:11 | TEMPLOG : Table    One | 068.900
2017-01-06 13:01:12 | TEMPLOG : WellhouseOne | 037.400
2017-01-06 13:01:12 | TEMPLOG : Bio   Filter | 068.000
2017-01-06 13:01:13 | TEMPLOG : To   GeoLoop | 043.700
2017-01-06 13:03:14 | TEMPLOG : WellhouseOne | 036.500
2017-01-06 13:04:15 | TEMPLOG : WellhouseOne | 092.300
2017-01-06 13:04:16 | TEMPLOG : Table    One | 069.800
2017-01-06 13:05:17 | TEMPLOG : WellhouseOne | 112.100
2017-01-06 13:06:18 | TEMPLOG : WellhouseOne | 123.800
2017-01-06 13:06:19 | TEMPLOG : Bio   Filter | 067.100
2017-01-06 13:07:20 | TEMPLOG : WellhouseOne | 131.900
2017-01-06 13:07:21 | TEMPLOG : Bio   Filter | 066.200
2017-01-06 13:08:22 | TEMPLOG : WellhouseOne | 136.400
2017-01-06 13:08:22 | TEMPLOG : To   GeoLoop | 044.600
2017-01-06 13:09:23 | TEMPLOG : WellhouseOne | 139.100
2017-01-06 13:09:24 | TEMPLOG : Table    One | 068.000
2017-01-06 13:10:24 | TEMPLOG : WellhouseOne | 142.700
2017-01-06 13:11:26 | TEMPLOG : WellhouseOne | 144.500
2017-01-06 13:11:27 | TEMPLOG : Table    One | 067.100
2017-01-06 13:12:27 | TEMPLOG : WellhouseOne | 097.700
2017-01-06 13:13:28 | TEMPLOG : WellhouseOne | 077.000
2017-01-06 13:13:30 | TEMPLOG : Table    One | 066.200
2017-01-06 13:14:30 | TEMPLOG : WellhouseOne | 067.100
2017-01-06 13:14:30 | TEMPLOG : Bio   Filter | 067.100
2017-01-06 13:15:31 | TEMPLOG : WellhouseOne | 059.900
2017-01-06 13:16:32 | TEMPLOG : WellhouseOne | 053.600
2017-01-06 13:17:33 | TEMPLOG : WellhouseOne | 050.000
2017-01-06 13:18:34 | TEMPLOG : WellhouseOne | 048.200
2017-01-06 13:18:34 | TEMPLOG : Bio   Filter | 068.000
2017-01-06 13:19:35 | TEMPLOG : WellhouseOne | 046.400
2017-01-06 13:20:36 | TEMPLOG : WellhouseOne | 044.600
2017-01-06 13:21:38 | TEMPLOG : WellhouseOne | 042.800
2017-01-06 13:22:40 | TEMPLOG : WellhouseOne | 041.900
2017-01-06 13:22:41 | TEMPLOG : Table    One | 065.300
2017-01-06 13:23:41 | TEMPLOG : WellhouseOne | 041.000
2017-01-06 13:23:41 | TEMPLOG : Bio   Filter | 067.100
2017-01-06 13:24:42 | TEMPLOG : WellhouseOne | 040.100
2017-01-06 13:24:42 | TEMPLOG : Bio   Filter | 066.200
2017-01-06 13:25:43 | TEMPLOG : WellhouseOne | 039.200
2017-01-06 13:25:43 | TEMPLOG : Bio   Filter | 065.300
2017-01-06 13:25:43 | TEMPLOG : To   GeoLoop | 045.500
2017-01-06 13:25:44 | TEMPLOG : Table    One | 066.200
2017-01-06 13:26:44 | TEMPLOG : Bio   Filter | 064.400
2017-01-06 13:27:45 | TEMPLOG : WellhouseOne | 038.300
2017-01-06 13:28:47 | TEMPLOG : WellhouseOne | 037.400
2017-01-06 13:28:48 | TEMPLOG : Table    One | 067.100
2017-01-06 13:29:48 | TEMPLOG : WellhouseOne | 036.500
2017-01-06 13:29:48 | TEMPLOG : Bio   Filter | 065.300
2017-01-06 13:29:49 | TEMPLOG : Table    One | 068.000
2017-01-06 13:30:49 | TEMPLOG : WellhouseOne | 092.300
2017-01-06 13:30:49 | TEMPLOG : Bio   Filter | 066.200
2017-01-06 13:31:50 | TEMPLOG : WellhouseOne | 113.900
2017-01-06 13:31:50 | TEMPLOG : Bio   Filter | 067.100
2017-01-06 13:31:51 | TEMPLOG : Table    One | 068.900
2017-01-06 13:32:52 | TEMPLOG : WellhouseOne | 125.600
2017-01-06 13:32:52 | TEMPLOG : Bio   Filter | 068.000
2017-01-06 13:33:53 | TEMPLOG : WellhouseOne | 131.900
2017-01-06 13:33:53 | TEMPLOG : Bio   Filter | 068.900
2017-01-06 13:33:54 | TEMPLOG : Table    One | 069.800
2017-01-06 13:34:54 | TEMPLOG : WellhouseOne | 137.300
2017-01-06 13:34:55 | TEMPLOG : Table    One | 070.700
2017-01-06 13:35:55 | TEMPLOG : WellhouseOne | 140.000
2017-01-06 13:36:56 | TEMPLOG : WellhouseOne | 141.800
2017-01-06 13:36:56 | TEMPLOG : Bio   Filter | 069.800
2017-01-06 13:37:57 | TEMPLOG : WellhouseOne | 115.700
2017-01-06 13:37:58 | TEMPLOG : Table    One | 069.800
2017-01-06 13:38:58 | TEMPLOG : WellhouseOne | 086.000
2017-01-06 13:38:58 | TEMPLOG : Bio   Filter | 068.900
2017-01-06 13:38:58 | TEMPLOG : Table    One | 068.900
2017-01-06 13:39:59 | TEMPLOG : WellhouseOne | 071.600
2017-01-06 13:40:59 | TEMPLOG : WellhouseOne | 062.600
2017-01-06 13:41:00 | TEMPLOG : Bio   Filter | 068.000
2017-01-06 13:41:02 | TEMPLOG : Table    One | 068.000
2017-01-06 13:42:02 | TEMPLOG : WellhouseOne | 058.100
2017-01-06 13:43:03 | TEMPLOG : WellhouseOne | 053.600
2017-01-06 13:43:03 | TEMPLOG : Bio   Filter | 067.100
2017-01-06 13:44:04 | TEMPLOG : WellhouseOne | 050.900
2017-01-06 13:44:04 | TEMPLOG : Bio   Filter | 066.200
2017-01-06 13:44:05 | TEMPLOG : Table    One | 067.100
2017-01-06 13:45:06 | TEMPLOG : WellhouseOne | 048.200
2017-01-06 13:45:06 | TEMPLOG : Bio   Filter | 065.300
2017-01-06 13:46:07 | TEMPLOG : WellhouseOne | 045.500
2017-01-06 13:46:07 | TEMPLOG : Bio   Filter | 064.400
2017-01-06 13:47:07 | TEMPLOG : WellhouseOne | 044.600
2017-01-06 13:47:08 | TEMPLOG : Bio   Filter | 065.300
2017-01-06 13:47:09 | TEMPLOG : Table    One | 066.200
2017-01-06 13:48:09 | TEMPLOG : WellhouseOne | 042.800
2017-01-06 13:48:10 | TEMPLOG : To   GeoLoop | 046.400
2017-01-06 13:49:10 | TEMPLOG : WellhouseOne | 041.900
2017-01-06 13:50:11 | TEMPLOG : WellhouseOne | 041.000
2017-01-06 13:50:11 | TEMPLOG : Bio   Filter | 066.200
2017-01-06 13:50:11 | TEMPLOG : Table    One | 065.300
2017-01-06 13:51:12 | TEMPLOG : WellhouseOne | 040.100
2017-01-06 13:51:13 | TEMPLOG : Table    One | 066.200
2017-01-06 13:52:13 | TEMPLOG : WellhouseOne | 039.200
2017-01-06 13:53:14 | TEMPLOG : WellhouseOne | 038.300
2017-01-06 13:53:14 | TEMPLOG : Table    One | 067.100
2017-01-06 13:54:15 | TEMPLOG : WellhouseOne | 037.400
2017-01-06 13:56:17 | TEMPLOG : WellhouseOne | 050.900
2017-01-06 13:57:18 | TEMPLOG : WellhouseOne | 103.100
2017-01-06 13:57:19 | TEMPLOG : Bio   Filter | 065.300
2017-01-06 13:57:19 | TEMPLOG : Table    One | 068.000
2017-01-06 13:58:20 | TEMPLOG : WellhouseOne | 117.500
2017-01-06 13:59:21 | TEMPLOG : WellhouseOne | 126.500
2017-01-06 13:59:21 | TEMPLOG : Bio   Filter | 064.400
2017-01-06 13:59:22 | TEMPLOG : Table    One | 068.900
2017-01-06 14:00:22 | TEMPLOG : WellhouseOne | 132.800
2017-01-06 14:00:22 | TEMPLOG : Bio   Filter | 064.400
2017-01-06 14:00:23 | TEMPLOG : To   GeoLoop | 046.400
2017-01-06 14:00:23 | TEMPLOG : Table    One | 068.900
2017-01-06 14:01:23 | TEMPLOG : WellhouseOne | 138.200
2017-01-06 14:01:24 | TEMPLOG : Table    One | 068.000
2017-01-06 14:02:25 | TEMPLOG : WellhouseOne | 140.900
2017-01-06 14:02:25 | TEMPLOG : Bio   Filter | 063.500
2017-01-06 14:03:26 | TEMPLOG : WellhouseOne | 099.500
2017-01-06 14:03:27 | TEMPLOG : To   GeoLoop | 045.500
2017-01-06 14:03:28 | TEMPLOG : Table    One | 067.100
2017-01-06 14:04:28 | TEMPLOG : WellhouseOne | 077.900
2017-01-06 14:04:29 | TEMPLOG : Table    One | 066.200
2017-01-06 14:05:30 | TEMPLOG : WellhouseOne | 067.100
2017-01-06 14:06:31 | TEMPLOG : WellhouseOne | 060.800
2017-01-06 14:06:32 | TEMPLOG : Table    One | 065.300
2017-01-06 14:07:32 | TEMPLOG : WellhouseOne | 056.300
2017-01-06 14:07:32 | TEMPLOG : Bio   Filter | 064.400
2017-01-06 14:08:34 | TEMPLOG : WellhouseOne | 053.600
2017-01-06 14:08:34 | TEMPLOG : Bio   Filter | 065.300
2017-01-06 14:09:35 | TEMPLOG : WellhouseOne | 050.900
2017-01-06 14:10:36 | TEMPLOG : WellhouseOne | 048.200
2017-01-06 14:11:37 | TEMPLOG : WellhouseOne | 046.400
2017-01-06 14:12:38 | TEMPLOG : WellhouseOne | 044.600
2017-01-06 14:13:39 | TEMPLOG : WellhouseOne | 043.700
2017-01-06 14:13:40 | TEMPLOG : Table    One | 066.200
2017-01-06 14:14:40 | TEMPLOG : WellhouseOne | 041.900
2017-01-06 14:15:41 | TEMPLOG : WellhouseOne | 041.000
2017-01-06 14:15:42 | TEMPLOG : Table    One | 067.100
2017-01-06 14:17:44 | TEMPLOG : WellhouseOne | 040.100
2017-01-06 14:19:46 | TEMPLOG : Bio   Filter | 064.400
2017-01-06 14:20:47 | TEMPLOG : WellhouseOne | 039.200
2017-01-06 14:20:48 | TEMPLOG : Table    One | 066.200
2017-01-06 14:21:48 | TEMPLOG : WellhouseOne | 038.300
2017-01-06 14:21:49 | TEMPLOG : To   GeoLoop | 044.600
2017-01-06 14:21:49 | TEMPLOG : Table    One | 065.300
2017-01-06 14:22:49 | TEMPLOG : WellhouseOne | 096.800
2017-01-06 14:22:50 | TEMPLOG : Table    One | 064.400
2017-01-06 14:23:50 | TEMPLOG : WellhouseOne | 119.300
2017-01-06 14:23:51 | TEMPLOG : Bio   Filter | 063.500
2017-01-06 14:24:52 | TEMPLOG : WellhouseOne | 130.100
2017-01-06 14:24:52 | TEMPLOG : Bio   Filter | 062.600
2017-01-06 14:25:53 | TEMPLOG : WellhouseOne | 136.400
2017-01-06 14:26:55 | TEMPLOG : WellhouseOne | 097.700
2017-01-06 14:26:55 | TEMPLOG : Bio   Filter | 061.700
2017-01-06 14:26:56 | TEMPLOG : Table    One | 063.500
2017-01-06 14:27:56 | TEMPLOG : WellhouseOne | 078.800
2017-01-06 14:28:57 | TEMPLOG : WellhouseOne | 067.100
2017-01-06 14:29:59 | TEMPLOG : WellhouseOne | 059.900
2017-01-06 14:30:00 | TEMPLOG : Table    One | 062.600
2017-01-06 14:31:00 | TEMPLOG : WellhouseOne | 055.400
2017-01-06 14:32:01 | TEMPLOG : WellhouseOne | 051.800
2017-01-06 14:32:01 | TEMPLOG : Bio   Filter | 060.800
2017-01-06 14:33:03 | TEMPLOG : WellhouseOne | 048.200
2017-01-06 14:34:03 | TEMPLOG : WellhouseOne | 045.500
2017-01-06 14:34:04 | TEMPLOG : Bio   Filter | 059.900
2017-01-06 14:34:05 | TEMPLOG : Table    One | 061.700
2017-01-06 14:35:05 | TEMPLOG : WellhouseOne | 044.600
2017-01-06 14:35:05 | TEMPLOG : Table    One | 060.800
2017-01-06 14:36:05 | TEMPLOG : WellhouseOne | 042.800
2017-01-06 14:37:09 | TEMPLOG : Table    One | 061.700
2017-01-06 14:38:09 | TEMPLOG : WellhouseOne | 041.000
2017-01-06 14:39:11 | TEMPLOG : WellhouseOne | 040.100
2017-01-06 14:40:13 | TEMPLOG : WellhouseOne | 039.200
2017-01-06 14:40:15 | TEMPLOG : Bio   Filter | 059.000
2017-01-06 14:40:16 | TEMPLOG : Table    One | 062.600
2017-01-06 14:41:16 | TEMPLOG : WellhouseOne | 038.300
2017-01-06 14:42:19 | TEMPLOG : WellhouseOne | 039.200
2017-01-06 14:42:20 | TEMPLOG : Table    One | 061.700
2017-01-06 14:43:21 | TEMPLOG : WellhouseOne | 040.100
2017-01-06 14:44:22 | TEMPLOG : WellhouseOne | 039.200
2017-01-06 14:45:24 | TEMPLOG : To   GeoLoop | 043.700
2017-01-06 14:46:24 | TEMPLOG : WellhouseOne | 038.300
2017-01-06 14:46:25 | TEMPLOG : Table    One | 060.800
2017-01-06 14:47:25 | TEMPLOG : WellhouseOne | 039.200
2017-01-06 14:47:25 | TEMPLOG : Bio   Filter | 058.100
2017-01-06 14:48:27 | TEMPLOG : WellhouseOne | 100.400
2017-01-06 14:48:27 | TEMPLOG : Table    One | 059.900
2017-01-06 14:49:27 | TEMPLOG : WellhouseOne | 123.800
2017-01-06 14:50:28 | TEMPLOG : WellhouseOne | 133.700
2017-01-06 14:50:28 | TEMPLOG : Bio   Filter | 057.200
2017-01-06 14:51:29 | TEMPLOG : WellhouseOne | 101.300
2017-01-06 14:51:30 | TEMPLOG : Table    One | 059.000
2017-01-06 14:52:30 | TEMPLOG : WellhouseOne | 081.500
2017-01-06 14:53:32 | TEMPLOG : WellhouseOne | 068.000
2017-01-06 14:53:32 | TEMPLOG : Bio   Filter | 056.300
2017-01-06 14:54:33 | TEMPLOG : WellhouseOne | 059.900
2017-01-06 14:55:34 | TEMPLOG : WellhouseOne | 053.600
2017-01-06 14:55:34 | TEMPLOG : Table    One | 058.100
2017-01-06 14:56:35 | TEMPLOG : WellhouseOne | 050.000
2017-01-06 14:56:36 | TEMPLOG : Table    One | 057.200
2017-01-06 14:57:37 | TEMPLOG : WellhouseOne | 046.400
2017-01-06 14:58:38 | TEMPLOG : WellhouseOne | 044.600
2017-01-06 14:59:39 | TEMPLOG : WellhouseOne | 041.900
2017-01-06 14:59:39 | TEMPLOG : Bio   Filter | 055.400
2017-01-06 15:00:40 | TEMPLOG : WellhouseOne | 041.000
2017-01-06 15:00:41 | TEMPLOG : Bio   Filter | 055.400
2017-01-06 15:00:41 | TEMPLOG : To   GeoLoop | 043.700
2017-01-06 15:00:42 | TEMPLOG : Table    One | 057.200
2017-01-06 15:01:42 | TEMPLOG : WellhouseOne | 041.900
2017-01-06 15:02:43 | TEMPLOG : WellhouseOne | 040.100
2017-01-06 15:03:46 | TEMPLOG : WellhouseOne | 038.300
2017-01-06 15:05:48 | TEMPLOG : WellhouseOne | 037.400
2017-01-06 15:05:49 | TEMPLOG : Table    One | 056.300
2017-01-06 15:06:50 | TEMPLOG : WellhouseOne | 036.500
2017-01-06 15:07:52 | TEMPLOG : Bio   Filter | 054.500
2017-01-06 15:07:54 | TEMPLOG : Table    One | 055.400
2017-01-06 15:08:54 | TEMPLOG : WellhouseOne | 035.600
2017-01-06 15:09:55 | TEMPLOG : WellhouseOne | 034.700
2017-01-06 15:10:56 | TEMPLOG : WellhouseOne | 033.800
2017-01-06 15:11:58 | TEMPLOG : WellhouseOne | 082.400
2017-01-06 15:12:59 | TEMPLOG : WellhouseOne | 111.200
2017-01-06 15:14:00 | TEMPLOG : WellhouseOne | 121.100
2017-01-06 15:14:00 | TEMPLOG : Bio   Filter | 053.600
2017-01-06 15:15:01 | TEMPLOG : WellhouseOne | 126.500
2017-01-06 15:15:01 | TEMPLOG : Bio   Filter | 054.500
2017-01-06 15:16:03 | TEMPLOG : WellhouseOne | 131.000
2017-01-06 15:16:04 | TEMPLOG : Bio   Filter | 053.600
2017-01-06 15:16:05 | TEMPLOG : Table    One | 056.300
2017-01-06 15:17:05 | TEMPLOG : WellhouseOne | 133.700
2017-01-06 15:17:06 | TEMPLOG : Table    One | 057.200
2017-01-06 15:18:07 | TEMPLOG : WellhouseOne | 112.100
2017-01-06 15:19:09 | TEMPLOG : WellhouseOne | 085.100
2017-01-06 15:20:09 | TEMPLOG : WellhouseOne | 073.400
2017-01-06 15:20:10 | TEMPLOG : Table    One | 058.100
2017-01-06 15:21:10 | TEMPLOG : WellhouseOne | 066.200
2017-01-06 15:22:11 | TEMPLOG : WellhouseOne | 059.000
2017-01-06 15:23:13 | TEMPLOG : WellhouseOne | 053.600
2017-01-06 15:23:15 | TEMPLOG : Table    One | 057.200
2017-01-06 15:24:16 | TEMPLOG : WellhouseOne | 050.900
2017-01-06 15:24:16 | TEMPLOG : Bio   Filter | 052.700
2017-01-06 15:25:17 | TEMPLOG : WellhouseOne | 048.200
2017-01-06 15:25:18 | TEMPLOG : Table    One | 056.300
2017-01-06 15:26:18 | TEMPLOG : WellhouseOne | 046.400
2017-01-06 15:26:19 | TEMPLOG : Bio   Filter | 053.600
2017-01-06 15:27:20 | TEMPLOG : WellhouseOne | 045.500
2017-01-06 15:27:21 | TEMPLOG : Table    One | 055.400
2017-01-06 15:28:21 | TEMPLOG : WellhouseOne | 043.700
2017-01-06 15:28:21 | TEMPLOG : Bio   Filter | 052.700
2017-01-06 15:29:23 | TEMPLOG : WellhouseOne | 042.800
2017-01-06 15:30:25 | TEMPLOG : WellhouseOne | 039.200
2017-01-06 15:31:26 | TEMPLOG : WellhouseOne | 037.400
2017-01-06 15:31:26 | TEMPLOG : Bio   Filter | 051.800
2017-01-06 15:31:26 | TEMPLOG : To   GeoLoop | 042.800
2017-01-06 15:32:27 | TEMPLOG : WellhouseOne | 038.300
2017-01-06 15:32:27 | TEMPLOG : To   GeoLoop | 043.700
2017-01-06 15:32:27 | TEMPLOG : Table    One | 054.500
2017-01-06 15:33:28 | TEMPLOG : WellhouseOne | 036.500
2017-01-06 15:33:28 | TEMPLOG : Bio   Filter | 050.900
2017-01-06 15:33:28 | TEMPLOG : To   GeoLoop | 042.800
2017-01-06 15:34:29 | TEMPLOG : WellhouseOne | 035.600
2017-01-06 15:35:30 | TEMPLOG : WellhouseOne | 034.700
2017-01-06 15:35:30 | TEMPLOG : Bio   Filter | 050.000
2017-01-06 15:36:31 | TEMPLOG : WellhouseOne | 033.800
2017-01-06 15:37:33 | TEMPLOG : WellhouseOne | 036.500
2017-01-06 15:37:34 | TEMPLOG : Table    One | 053.600
2017-01-06 15:38:34 | TEMPLOG : WellhouseOne | 099.500
2017-01-06 15:38:34 | TEMPLOG : Bio   Filter | 049.100
2017-01-06 15:39:35 | TEMPLOG : WellhouseOne | 115.700
2017-01-06 15:40:35 | TEMPLOG : WellhouseOne | 122.900
2017-01-06 15:40:36 | TEMPLOG : Table    One | 052.700
2017-01-06 15:41:36 | TEMPLOG : WellhouseOne | 128.300
2017-01-06 15:41:37 | TEMPLOG : Bio   Filter | 048.200
2017-01-06 15:42:37 | TEMPLOG : WellhouseOne | 131.000
2017-01-06 15:43:38 | TEMPLOG : WellhouseOne | 133.700
2017-01-06 15:43:39 | TEMPLOG : Table    One | 051.800
2017-01-06 15:44:39 | TEMPLOG : WellhouseOne | 098.600
2017-01-06 15:45:41 | TEMPLOG : WellhouseOne | 079.700
2017-01-06 15:46:43 | TEMPLOG : WellhouseOne | 068.000
2017-01-06 15:46:43 | TEMPLOG : Bio   Filter | 047.300
2017-01-06 15:47:43 | TEMPLOG : WellhouseOne | 060.800
2017-01-06 15:47:44 | TEMPLOG : Table    One | 050.900
2017-01-06 15:48:44 | TEMPLOG : WellhouseOne | 055.400
2017-01-06 15:48:46 | TEMPLOG : Table    One | 050.000
2017-01-06 15:49:46 | TEMPLOG : WellhouseOne | 051.800
2017-01-06 15:50:47 | TEMPLOG : WellhouseOne | 049.100
2017-01-06 15:50:48 | TEMPLOG : Bio   Filter | 046.400
2017-01-06 15:51:49 | TEMPLOG : WellhouseOne | 047.300
2017-01-06 15:52:50 | TEMPLOG : WellhouseOne | 044.600
2017-01-06 15:53:52 | TEMPLOG : WellhouseOne | 041.900
2017-01-06 15:53:53 | TEMPLOG : Bio   Filter | 045.500
2017-01-06 15:53:54 | TEMPLOG : Table    One | 049.100
2017-01-06 15:54:55 | TEMPLOG : WellhouseOne | 039.200
2017-01-06 15:54:55 | TEMPLOG : To   GeoLoop | 041.900
2017-01-06 15:55:56 | TEMPLOG : WellhouseOne | 037.400
2017-01-06 15:55:56 | TEMPLOG : Table    One | 048.200
2017-01-06 15:56:56 | TEMPLOG : Bio   Filter | 044.600
2017-01-06 15:57:57 | TEMPLOG : WellhouseOne | 036.500
2017-01-06 15:58:58 | TEMPLOG : WellhouseOne | 035.600
2017-01-06 16:00:01 | TEMPLOG : WellhouseOne | 034.700
2017-01-06 16:00:01 | TEMPLOG : Bio   Filter | 044.600
2017-01-06 16:00:01 | TEMPLOG : To   GeoLoop | 041.900
2017-01-06 16:00:01 | TEMPLOG : Table    One | 047.300
2017-01-06 16:01:02 | TEMPLOG : Bio   Filter | 043.700
2017-01-06 16:02:03 | TEMPLOG : WellhouseOne | 033.800
2017-01-06 16:02:04 | TEMPLOG : Table    One | 046.400
2017-01-06 16:03:04 | TEMPLOG : WellhouseOne | 044.600
2017-01-06 16:04:05 | TEMPLOG : WellhouseOne | 102.200
2017-01-06 16:05:06 | TEMPLOG : WellhouseOne | 116.600
2017-01-06 16:05:07 | TEMPLOG : Bio   Filter | 042.800
2017-01-06 16:05:07 | TEMPLOG : Table    One | 045.500
2017-01-06 16:06:08 | TEMPLOG : WellhouseOne | 123.800
2017-01-06 16:07:09 | TEMPLOG : WellhouseOne | 128.300
2017-01-06 16:07:09 | TEMPLOG : Table    One | 044.600
2017-01-06 16:08:10 | TEMPLOG : WellhouseOne | 131.900
2017-01-06 16:09:10 | TEMPLOG : WellhouseOne | 134.600
2017-01-06 16:09:11 | TEMPLOG : Bio   Filter | 041.900
2017-01-06 16:10:12 | TEMPLOG : WellhouseOne | 116.600
2017-01-06 16:11:13 | TEMPLOG : WellhouseOne | 086.900
2017-01-06 16:11:13 | TEMPLOG : Table    One | 043.700
2017-01-06 16:12:13 | TEMPLOG : WellhouseOne | 073.400
2017-01-06 16:13:14 | TEMPLOG : WellhouseOne | 063.500
2017-01-06 16:13:14 | TEMPLOG : Bio   Filter | 041.000
2017-01-06 16:14:15 | TEMPLOG : WellhouseOne | 057.200
2017-01-06 16:14:16 | TEMPLOG : Table    One | 042.800
2017-01-06 16:15:16 | TEMPLOG : WellhouseOne | 053.600
2017-01-06 16:16:18 | TEMPLOG : WellhouseOne | 050.000
2017-01-06 16:17:19 | TEMPLOG : WellhouseOne | 046.400
2017-01-06 16:17:20 | TEMPLOG : Bio   Filter | 040.100
2017-01-06 16:17:20 | TEMPLOG : Table    One | 041.900
2017-01-06 16:18:20 | TEMPLOG : WellhouseOne | 043.700
2017-01-06 16:19:21 | TEMPLOG : WellhouseOne | 041.900
2017-01-06 16:20:23 | TEMPLOG : WellhouseOne | 039.200
2017-01-06 16:20:25 | TEMPLOG : Table    One | 041.000
2017-01-06 16:21:26 | TEMPLOG : To   GeoLoop | 041.000
2017-01-06 16:22:28 | TEMPLOG : WellhouseOne | 038.300
2017-01-06 16:22:28 | TEMPLOG : Bio   Filter | 039.200
2017-01-06 16:24:30 | TEMPLOG : WellhouseOne | 037.400
2017-01-06 16:24:31 | TEMPLOG : Table    One | 040.100
2017-01-06 16:25:32 | TEMPLOG : WellhouseOne | 036.500
2017-01-06 16:25:32 | TEMPLOG : Bio   Filter | 038.300
2017-01-06 16:26:34 | TEMPLOG : WellhouseOne | 034.700
2017-01-06 16:26:35 | TEMPLOG : Table    One | 039.200
2017-01-06 16:29:38 | TEMPLOG : WellhouseOne | 071.600
2017-01-06 16:29:38 | TEMPLOG : Bio   Filter | 037.400
2017-01-06 16:29:40 | TEMPLOG : Table    One | 038.300
2017-01-06 16:30:40 | TEMPLOG : WellhouseOne | 107.600
2017-01-06 16:31:41 | TEMPLOG : WellhouseOne | 119.300
2017-01-06 16:32:42 | TEMPLOG : WellhouseOne | 126.500
2017-01-06 16:33:43 | TEMPLOG : WellhouseOne | 131.000
2017-01-06 16:33:43 | TEMPLOG : Bio   Filter | 036.500
2017-01-06 16:33:44 | TEMPLOG : Table    One | 037.400
2017-01-06 16:34:44 | TEMPLOG : WellhouseOne | 134.600
2017-01-06 16:35:46 | TEMPLOG : WellhouseOne | 138.200
2017-01-06 16:35:47 | TEMPLOG : Table    One | 036.500
2017-01-06 16:36:48 | TEMPLOG : WellhouseOne | 140.000
2017-01-06 16:36:48 | TEMPLOG : Bio   Filter | 035.600
2017-01-06 16:37:49 | TEMPLOG : WellhouseOne | 095.900
2017-01-06 16:37:50 | TEMPLOG : Table    One | 035.600
2017-01-06 16:38:50 | TEMPLOG : WellhouseOne | 077.900
2017-01-06 16:38:50 | TEMPLOG : Bio   Filter | 034.700
2017-01-06 16:39:52 | TEMPLOG : WellhouseOne | 068.900
2017-01-06 16:39:53 | TEMPLOG : To   GeoLoop | 040.100
2017-01-06 16:39:53 | TEMPLOG : Table    One | 034.700
2017-01-06 16:40:54 | TEMPLOG : WellhouseOne | 060.800
2017-01-06 16:40:54 | TEMPLOG : Bio   Filter | 033.800
2017-01-06 16:40:55 | TEMPLOG : Table    One | 033.800
2017-01-06 16:41:55 | TEMPLOG : WellhouseOne | 055.400
2017-01-06 16:41:56 | TEMPLOG : Table    One | 032.900
2017-01-06 16:42:56 | TEMPLOG : WellhouseOne | 050.000
2017-01-06 16:42:57 | TEMPLOG : Bio   Filter | 032.900
2017-01-06 16:43:57 | TEMPLOG : WellhouseOne | 047.300
2017-01-06 16:44:59 | TEMPLOG : WellhouseOne | 044.600
2017-01-06 16:46:01 | TEMPLOG : WellhouseOne | 041.900
2017-01-06 16:47:02 | TEMPLOG : WellhouseOne | 040.100
2017-01-06 16:47:02 | TEMPLOG : Table    One | 031.100
2017-01-06 16:49:04 | TEMPLOG : WellhouseOne | 038.300
2017-01-06 16:50:05 | TEMPLOG : WellhouseOne | 037.400
2017-01-06 16:50:05 | TEMPLOG : Bio   Filter | 031.100
2017-01-06 16:50:05 | TEMPLOG : To   GeoLoop | 039.200
2017-01-06 16:51:06 | TEMPLOG : WellhouseOne | 036.500
2017-01-06 16:52:07 | TEMPLOG : WellhouseOne | 034.700
2017-01-06 16:52:08 | TEMPLOG : Table    One | 030.200
2017-01-06 16:53:09 | TEMPLOG : WellhouseOne | 033.800
2017-01-06 16:55:11 | TEMPLOG : Bio   Filter | 030.200
2017-01-06 16:56:11 | TEMPLOG : WellhouseOne | 060.800
2017-01-06 16:57:13 | TEMPLOG : WellhouseOne | 104.900
2017-01-06 16:57:13 | TEMPLOG : Table    One | 029.300
2017-01-06 16:58:14 | TEMPLOG : WellhouseOne | 114.800
2017-01-06 16:59:15 | TEMPLOG : WellhouseOne | 122.000
2017-01-06 17:00:16 | TEMPLOG : WellhouseOne | 125.600
2017-01-06 17:00:17 | TEMPLOG : Bio   Filter | 030.200
2017-01-06 17:00:17 | TEMPLOG : To   GeoLoop | 039.200
2017-01-06 17:00:17 | TEMPLOG : Table    One | 029.300
2017-01-06 17:01:18 | TEMPLOG : WellhouseOne | 129.200
2017-01-06 17:02:19 | TEMPLOG : WellhouseOne | 131.000
2017-01-06 17:03:20 | TEMPLOG : WellhouseOne | 132.800
2017-01-06 17:04:21 | TEMPLOG : WellhouseOne | 133.700
2017-01-06 17:04:21 | TEMPLOG : Bio   Filter | 029.300
2017-01-06 17:05:22 | TEMPLOG : WellhouseOne | 134.600
2017-01-06 17:06:23 | TEMPLOG : WellhouseOne | 098.600
2017-01-06 17:06:24 | TEMPLOG : Table    One | 028.400
2017-01-06 17:07:24 | TEMPLOG : WellhouseOne | 080.600
2017-01-06 17:08:25 | TEMPLOG : WellhouseOne | 071.600
2017-01-06 17:09:27 | TEMPLOG : WellhouseOne | 061.700
2017-01-06 17:10:28 | TEMPLOG : WellhouseOne | 056.300
2017-01-06 17:11:30 | TEMPLOG : WellhouseOne | 051.800
2017-01-06 17:12:31 | TEMPLOG : WellhouseOne | 049.100
2017-01-06 17:12:31 | TEMPLOG : Bio   Filter | 028.400
2017-01-06 17:13:32 | TEMPLOG : WellhouseOne | 046.400
2017-01-06 17:14:33 | TEMPLOG : WellhouseOne | 042.800
2017-01-06 17:14:34 | TEMPLOG : Table    One | 027.500
2017-01-06 17:15:34 | TEMPLOG : WellhouseOne | 041.900
2017-01-06 17:16:35 | TEMPLOG : WellhouseOne | 039.200
2017-01-06 17:17:36 | TEMPLOG : WellhouseOne | 038.300
2017-01-06 17:18:37 | TEMPLOG : WellhouseOne | 037.400
2017-01-06 17:19:38 | TEMPLOG : WellhouseOne | 034.700
2017-01-06 17:20:39 | TEMPLOG : WellhouseOne | 033.800
2017-01-06 17:20:40 | TEMPLOG : To   GeoLoop | 038.300
2017-01-06 17:21:40 | TEMPLOG : WellhouseOne | 032.900
2017-01-06 17:21:41 | TEMPLOG : To   GeoLoop | 039.200
2017-01-06 17:22:41 | TEMPLOG : Bio   Filter | 027.500
2017-01-06 17:22:42 | TEMPLOG : To   GeoLoop | 038.300
2017-01-06 17:23:42 | TEMPLOG : WellhouseOne | 031.100
2017-01-06 17:24:44 | TEMPLOG : WellhouseOne | 076.100
2017-01-06 17:24:44 | TEMPLOG : Table    One | 026.600
2017-01-06 17:25:45 | TEMPLOG : WellhouseOne | 106.700
2017-01-06 17:26:47 | TEMPLOG : WellhouseOne | 114.800
2017-01-06 17:27:48 | TEMPLOG : WellhouseOne | 121.100
2017-01-06 17:28:48 | TEMPLOG : WellhouseOne | 123.800
2017-01-06 17:29:49 | TEMPLOG : WellhouseOne | 127.400
2017-01-06 17:30:50 | TEMPLOG : WellhouseOne | 130.100
2017-01-06 17:31:51 | TEMPLOG : WellhouseOne | 133.700
2017-01-06 17:32:53 | TEMPLOG : WellhouseOne | 136.400
2017-01-06 17:33:54 | TEMPLOG : WellhouseOne | 138.200
2017-01-06 17:34:55 | TEMPLOG : WellhouseOne | 139.100
2017-01-06 17:35:56 | TEMPLOG : WellhouseOne | 095.900
2017-01-06 17:36:57 | TEMPLOG : WellhouseOne | 077.900
2017-01-06 17:37:58 | TEMPLOG : WellhouseOne | 068.900
2017-01-06 17:37:58 | TEMPLOG : Bio   Filter | 026.600
2017-01-06 17:38:59 | TEMPLOG : WellhouseOne | 061.700
2017-01-06 17:40:00 | TEMPLOG : WellhouseOne | 055.400
2017-01-06 17:41:02 | TEMPLOG : WellhouseOne | 050.900
2017-01-06 17:41:03 | TEMPLOG : Table    One | 025.700
2017-01-06 17:42:03 | TEMPLOG : WellhouseOne | 047.300
2017-01-06 17:43:04 | TEMPLOG : WellhouseOne | 043.700
2017-01-06 17:44:05 | TEMPLOG : WellhouseOne | 041.900
2017-01-06 17:45:06 | TEMPLOG : WellhouseOne | 041.000
2017-01-06 17:46:07 | TEMPLOG : WellhouseOne | 039.200
2017-01-06 17:47:08 | TEMPLOG : WellhouseOne | 038.300
2017-01-06 17:48:09 | TEMPLOG : WellhouseOne | 036.500
2017-01-06 17:49:10 | TEMPLOG : WellhouseOne | 035.600
2017-01-06 17:50:11 | TEMPLOG : WellhouseOne | 033.800
2017-01-06 17:52:15 | TEMPLOG : WellhouseOne | 032.900
2017-01-06 17:53:16 | TEMPLOG : WellhouseOne | 035.600
2017-01-06 17:54:18 | TEMPLOG : WellhouseOne | 097.700
2017-01-06 17:55:19 | TEMPLOG : WellhouseOne | 111.200
2017-01-06 17:55:19 | TEMPLOG : Bio   Filter | 025.700
2017-01-06 17:56:20 | TEMPLOG : WellhouseOne | 119.300
2017-01-06 17:57:22 | TEMPLOG : WellhouseOne | 124.700
2017-01-06 17:57:23 | TEMPLOG : Table    One | 024.800
2017-01-06 17:58:23 | TEMPLOG : WellhouseOne | 129.200
2017-01-06 17:58:25 | TEMPLOG : Table    One | 025.700
2017-01-06 17:59:25 | TEMPLOG : WellhouseOne | 132.800
2017-01-06 17:59:26 | TEMPLOG : Table    One | 024.800
2017-01-06 18:00:26 | TEMPLOG : WellhouseOne | 135.500
2017-01-06 18:00:27 | TEMPLOG : Bio   Filter | 025.700
2017-01-06 18:00:27 | TEMPLOG : To   GeoLoop | 038.300
2017-01-06 18:00:29 | TEMPLOG : Table    One | 024.800
2017-01-06 18:01:29 | TEMPLOG : WellhouseOne | 137.300
2017-01-06 18:02:30 | TEMPLOG : WellhouseOne | 138.200
2017-01-06 18:03:31 | TEMPLOG : WellhouseOne | 139.100
2017-01-06 18:04:32 | TEMPLOG : WellhouseOne | 140.000
2017-01-06 18:05:35 | TEMPLOG : WellhouseOne | 121.100
2017-01-06 18:06:36 | TEMPLOG : WellhouseOne | 087.800
2017-01-06 18:07:38 | TEMPLOG : WellhouseOne | 072.500
2017-01-06 18:08:39 | TEMPLOG : WellhouseOne | 063.500
2017-01-06 18:09:41 | TEMPLOG : WellhouseOne | 058.100
2017-01-06 18:09:42 | TEMPLOG : To   GeoLoop | 037.400
2017-01-06 18:10:42 | TEMPLOG : WellhouseOne | 052.700
2017-01-06 18:11:43 | TEMPLOG : WellhouseOne | 049.100
2017-01-06 18:12:45 | TEMPLOG : WellhouseOne | 045.500
2017-01-06 18:13:46 | TEMPLOG : WellhouseOne | 042.800
2017-01-06 18:14:47 | TEMPLOG : WellhouseOne | 040.100
2017-01-06 18:15:48 | TEMPLOG : WellhouseOne | 038.300
2017-01-06 18:16:49 | TEMPLOG : WellhouseOne | 037.400
2017-01-06 18:16:49 | TEMPLOG : Table    One | 023.900
2017-01-06 18:17:50 | TEMPLOG : WellhouseOne | 036.500
2017-01-06 18:17:50 | TEMPLOG : Bio   Filter | 024.800
2017-01-06 18:18:51 | TEMPLOG : WellhouseOne | 035.600
2017-01-06 18:19:52 | TEMPLOG : WellhouseOne | 034.700
2017-01-06 18:20:53 | TEMPLOG : WellhouseOne | 033.800
2017-01-06 18:21:54 | TEMPLOG : WellhouseOne | 032.900
2017-01-06 18:22:55 | TEMPLOG : WellhouseOne | 033.800
2017-01-06 18:23:56 | TEMPLOG : WellhouseOne | 093.200
2017-01-06 18:24:57 | TEMPLOG : WellhouseOne | 109.400
2017-01-06 18:25:59 | TEMPLOG : WellhouseOne | 117.500
2017-01-06 18:27:00 | TEMPLOG : WellhouseOne | 121.100
2017-01-06 18:28:00 | TEMPLOG : WellhouseOne | 124.700
2017-01-06 18:29:02 | TEMPLOG : WellhouseOne | 126.500
2017-01-06 18:29:03 | TEMPLOG : Bio   Filter | 023.900
2017-01-06 18:29:04 | TEMPLOG : Table    One | 023.000
2017-01-06 18:30:04 | TEMPLOG : WellhouseOne | 129.200
2017-01-06 18:31:05 | TEMPLOG : WellhouseOne | 130.100
2017-01-06 18:32:06 | TEMPLOG : WellhouseOne | 131.900
2017-01-06 18:33:07 | TEMPLOG : WellhouseOne | 133.700
2017-01-06 18:35:10 | TEMPLOG : WellhouseOne | 135.500
2017-01-06 18:36:11 | TEMPLOG : WellhouseOne | 134.600
2017-01-06 18:37:12 | TEMPLOG : WellhouseOne | 135.500
2017-01-06 18:38:13 | TEMPLOG : WellhouseOne | 136.400
2017-01-06 18:40:15 | TEMPLOG : WellhouseOne | 097.700
2017-01-06 18:41:17 | TEMPLOG : WellhouseOne | 081.500
2017-01-06 18:42:18 | TEMPLOG : WellhouseOne | 071.600
2017-01-06 18:43:20 | TEMPLOG : WellhouseOne | 064.400
2017-01-06 18:44:21 | TEMPLOG : WellhouseOne | 059.000
2017-01-06 18:45:22 | TEMPLOG : WellhouseOne | 055.400
2017-01-06 18:46:23 | TEMPLOG : WellhouseOne | 051.800
2017-01-06 18:46:24 | TEMPLOG : Bio   Filter | 023.000
2017-01-06 18:47:24 | TEMPLOG : WellhouseOne | 049.100
2017-01-06 18:48:26 | TEMPLOG : WellhouseOne | 047.300
2017-01-06 18:49:28 | TEMPLOG : WellhouseOne | 046.400
2017-01-06 18:49:29 | TEMPLOG : Table    One | 022.100
2017-01-06 18:50:29 | TEMPLOG : WellhouseOne | 043.700
2017-01-06 18:51:31 | TEMPLOG : WellhouseOne | 042.800
2017-01-06 18:51:31 | TEMPLOG : To   GeoLoop | 036.500
2017-01-06 18:52:33 | TEMPLOG : WellhouseOne | 041.900
2017-01-06 18:53:34 | TEMPLOG : WellhouseOne | 041.000
2017-01-06 18:54:35 | TEMPLOG : WellhouseOne | 040.100
2017-01-06 18:55:36 | TEMPLOG : WellhouseOne | 039.200
2017-01-06 18:56:38 | TEMPLOG : WellhouseOne | 038.300
2017-01-06 18:57:39 | TEMPLOG : WellhouseOne | 065.300
2017-01-06 18:58:40 | TEMPLOG : WellhouseOne | 102.200
2017-01-06 18:59:41 | TEMPLOG : WellhouseOne | 113.000
2017-01-06 19:00:43 | TEMPLOG : WellhouseOne | 116.600
2017-01-06 19:00:43 | TEMPLOG : Bio   Filter | 023.000
2017-01-06 19:00:44 | TEMPLOG : To   GeoLoop | 036.500
2017-01-06 19:00:44 | TEMPLOG : Table    One | 022.100
2017-01-06 19:01:44 | TEMPLOG : WellhouseOne | 122.000
2017-01-06 19:02:45 | TEMPLOG : WellhouseOne | 125.600
2017-01-06 19:03:46 | TEMPLOG : WellhouseOne | 126.500
2017-01-06 19:03:46 | TEMPLOG : Bio   Filter | 022.100
2017-01-06 19:04:47 | TEMPLOG : WellhouseOne | 128.300
2017-01-06 19:05:48 | TEMPLOG : WellhouseOne | 129.200
2017-01-06 19:05:49 | TEMPLOG : Bio   Filter | 023.000
2017-01-06 19:06:49 | TEMPLOG : WellhouseOne | 130.100
2017-01-06 19:07:50 | TEMPLOG : WellhouseOne | 131.000
2017-01-06 19:08:52 | TEMPLOG : WellhouseOne | 131.900
2017-01-06 19:08:52 | TEMPLOG : Bio   Filter | 022.100
2017-01-06 19:09:53 | TEMPLOG : WellhouseOne | 131.000
2017-01-06 19:10:55 | TEMPLOG : WellhouseOne | 132.800
2017-01-06 19:11:56 | TEMPLOG : WellhouseOne | 134.600
2017-01-06 19:12:58 | TEMPLOG : WellhouseOne | 135.500
2017-01-06 19:14:59 | TEMPLOG : WellhouseOne | 134.600
2017-01-06 19:16:00 | TEMPLOG : WellhouseOne | 138.200
2017-01-06 19:17:02 | TEMPLOG : Table    One | 021.200
2017-01-06 19:18:02 | TEMPLOG : WellhouseOne | 137.300
2017-01-06 19:18:03 | TEMPLOG : Table    One | 022.100
2017-01-06 19:19:03 | TEMPLOG : WellhouseOne | 138.200
2017-01-06 19:19:04 | TEMPLOG : Table    One | 021.200
2017-01-06 19:20:04 | TEMPLOG : WellhouseOne | 139.100
2017-01-06 19:20:04 | TEMPLOG : Bio   Filter | 023.000
2017-01-06 19:20:05 | TEMPLOG : Table    One | 022.100
2017-01-06 19:22:07 | TEMPLOG : WellhouseOne | 138.200
2017-01-06 19:22:08 | TEMPLOG : Bio   Filter | 022.100
2017-01-06 19:23:08 | TEMPLOG : WellhouseOne | 137.300
2017-01-06 19:23:09 | TEMPLOG : Table    One | 021.200
2017-01-06 19:25:11 | TEMPLOG : WellhouseOne | 136.400
2017-01-06 19:26:12 | TEMPLOG : WellhouseOne | 099.500
2017-01-06 19:27:13 | TEMPLOG : WellhouseOne | 081.500
2017-01-06 19:28:14 | TEMPLOG : WellhouseOne | 073.400
2017-01-06 19:29:15 | TEMPLOG : WellhouseOne | 066.200
2017-01-06 19:29:16 | TEMPLOG : Bio   Filter | 021.200
2017-01-06 19:30:17 | TEMPLOG : WellhouseOne | 060.800
2017-01-06 19:31:18 | TEMPLOG : WellhouseOne | 057.200
2017-01-06 19:32:19 | TEMPLOG : WellhouseOne | 054.500
2017-01-06 19:33:20 | TEMPLOG : WellhouseOne | 051.800
2017-01-06 19:34:20 | TEMPLOG : WellhouseOne | 049.100
2017-01-06 19:35:21 | TEMPLOG : WellhouseOne | 048.200
2017-01-06 19:36:24 | TEMPLOG : WellhouseOne | 046.400
2017-01-06 19:37:25 | TEMPLOG : WellhouseOne | 044.600
2017-01-06 19:38:26 | TEMPLOG : WellhouseOne | 042.800
2017-01-06 19:38:27 | TEMPLOG : Bio   Filter | 022.100
2017-01-06 19:39:27 | TEMPLOG : WellhouseOne | 041.900
2017-01-06 19:40:28 | TEMPLOG : WellhouseOne | 041.000
2017-01-06 19:41:29 | TEMPLOG : WellhouseOne | 040.100
2017-01-06 19:42:30 | TEMPLOG : WellhouseOne | 039.200
2017-01-06 19:42:30 | TEMPLOG : Bio   Filter | 021.200
2017-01-06 19:43:31 | TEMPLOG : WellhouseOne | 085.100
2017-01-06 19:44:32 | TEMPLOG : WellhouseOne | 104.900
2017-01-06 19:45:33 | TEMPLOG : WellhouseOne | 113.000
2017-01-06 19:46:34 | TEMPLOG : WellhouseOne | 117.500
2017-01-06 19:47:35 | TEMPLOG : WellhouseOne | 122.000
2017-01-06 19:48:36 | TEMPLOG : WellhouseOne | 124.700
2017-01-06 19:49:38 | TEMPLOG : WellhouseOne | 125.600
2017-01-06 19:50:39 | TEMPLOG : WellhouseOne | 127.400
2017-01-06 19:51:40 | TEMPLOG : WellhouseOne | 128.300
2017-01-06 19:52:40 | TEMPLOG : WellhouseOne | 129.200
2017-01-06 19:53:41 | TEMPLOG : WellhouseOne | 130.100
2017-01-06 19:55:44 | TEMPLOG : WellhouseOne | 131.900
2017-01-06 19:56:45 | TEMPLOG : WellhouseOne | 131.000
2017-01-06 19:57:46 | TEMPLOG : WellhouseOne | 131.900
2017-01-06 19:59:49 | TEMPLOG : WellhouseOne | 132.800
2017-01-06 20:00:50 | TEMPLOG : WellhouseOne | 132.800
2017-01-06 20:00:50 | TEMPLOG : Bio   Filter | 021.200
2017-01-06 20:00:51 | TEMPLOG : To   GeoLoop | 035.600
2017-01-06 20:00:51 | TEMPLOG : Table    One | 021.200
2017-01-06 20:01:52 | TEMPLOG : WellhouseOne | 133.700
2017-01-06 20:01:53 | TEMPLOG : To   GeoLoop | 036.500
2017-01-06 20:02:54 | TEMPLOG : To   GeoLoop | 035.600
2017-01-06 20:03:55 | TEMPLOG : WellhouseOne | 135.500
2017-01-06 20:05:56 | TEMPLOG : WellhouseOne | 137.300
2017-01-06 20:08:00 | TEMPLOG : To   GeoLoop | 036.500
2017-01-06 20:09:00 | TEMPLOG : WellhouseOne | 136.400
2017-01-06 20:09:00 | TEMPLOG : To   GeoLoop | 035.600
2017-01-06 20:11:02 | TEMPLOG : WellhouseOne | 137.300
2017-01-06 20:12:04 | TEMPLOG : WellhouseOne | 138.200
2017-01-06 20:13:05 | TEMPLOG : WellhouseOne | 137.300
2017-01-06 20:15:08 | TEMPLOG : WellhouseOne | 135.500
2017-01-06 20:16:10 | TEMPLOG : WellhouseOne | 136.400
2017-01-06 20:17:11 | TEMPLOG : WellhouseOne | 137.300
2017-01-06 20:17:11 | TEMPLOG : Bio   Filter | 022.100
2017-01-06 20:19:14 | TEMPLOG : Bio   Filter | 021.200
2017-01-06 20:19:15 | TEMPLOG : Table    One | 020.300
2017-01-06 20:20:15 | TEMPLOG : WellhouseOne | 136.400
2017-01-06 20:20:16 | TEMPLOG : Table    One | 021.200
2017-01-06 20:22:18 | TEMPLOG : WellhouseOne | 137.300
2017-01-06 20:22:19 | TEMPLOG : Table    One | 020.300
2017-01-06 20:23:19 | TEMPLOG : WellhouseOne | 139.100
2017-01-06 20:24:20 | TEMPLOG : WellhouseOne | 140.000
2017-01-06 20:26:22 | TEMPLOG : WellhouseOne | 139.100
2017-01-06 20:27:23 | TEMPLOG : WellhouseOne | 140.000
2017-01-06 20:28:24 | TEMPLOG : WellhouseOne | 138.200
2017-01-06 20:29:24 | TEMPLOG : WellhouseOne | 139.100
2017-01-06 20:30:25 | TEMPLOG : WellhouseOne | 140.000
2017-01-06 20:31:26 | TEMPLOG : WellhouseOne | 139.100
2017-01-06 20:32:27 | TEMPLOG : WellhouseOne | 138.200
2017-01-06 20:35:31 | TEMPLOG : WellhouseOne | 139.100
2017-01-06 20:37:33 | TEMPLOG : WellhouseOne | 138.200
2017-01-06 20:38:36 | TEMPLOG : WellhouseOne | 139.100
2017-01-06 20:39:37 | TEMPLOG : WellhouseOne | 137.300
2017-01-06 20:41:41 | TEMPLOG : WellhouseOne | 138.200
2017-01-06 20:41:41 | TEMPLOG : Bio   Filter | 020.300
2017-01-06 20:42:42 | TEMPLOG : WellhouseOne | 139.100
2017-01-06 20:45:45 | TEMPLOG : WellhouseOne | 137.300
2017-01-06 20:47:48 | TEMPLOG : WellhouseOne | 136.400
2017-01-06 20:50:50 | TEMPLOG : WellhouseOne | 137.300
2017-01-06 20:51:52 | TEMPLOG : WellhouseOne | 133.700
2017-01-06 20:52:53 | TEMPLOG : WellhouseOne | 135.500
2017-01-06 20:55:56 | TEMPLOG : WellhouseOne | 136.400
2017-01-06 20:57:59 | TEMPLOG : Table    One | 019.400
2017-01-06 20:58:59 | TEMPLOG : WellhouseOne | 135.500
2017-01-06 21:00:01 | TEMPLOG : WellhouseOne | 135.500
2017-01-06 21:00:01 | TEMPLOG : Bio   Filter | 020.300
2017-01-06 21:00:02 | TEMPLOG : To   GeoLoop | 035.600
2017-01-06 21:00:03 | TEMPLOG : Table    One | 019.400
2017-01-06 21:01:03 | TEMPLOG : WellhouseOne | 136.400
2017-01-06 21:02:04 | TEMPLOG : Bio   Filter | 019.400
2017-01-06 21:03:05 | TEMPLOG : WellhouseOne | 135.500
2017-01-06 21:04:06 | TEMPLOG : WellhouseOne | 136.400
2017-01-06 21:07:09 | TEMPLOG : WellhouseOne | 137.300
2017-01-06 21:08:11 | TEMPLOG : WellhouseOne | 136.400
2017-01-06 21:10:13 | TEMPLOG : WellhouseOne | 137.300
2017-01-06 21:10:14 | TEMPLOG : To   GeoLoop | 034.700
2017-01-06 21:13:17 | TEMPLOG : WellhouseOne | 138.200
2017-01-06 21:14:17 | TEMPLOG : WellhouseOne | 139.100
2017-01-06 21:15:18 | TEMPLOG : WellhouseOne | 137.300
2017-01-06 21:16:19 | TEMPLOG : WellhouseOne | 138.200
2017-01-06 21:17:21 | TEMPLOG : WellhouseOne | 136.400
2017-01-06 21:18:21 | TEMPLOG : WellhouseOne | 138.200
2017-01-06 21:21:26 | TEMPLOG : WellhouseOne | 134.600
2017-01-06 21:22:27 | TEMPLOG : WellhouseOne | 136.400
2017-01-06 21:23:29 | TEMPLOG : WellhouseOne | 138.200
2017-01-06 21:24:30 | TEMPLOG : WellhouseOne | 137.300
2017-01-06 21:27:34 | TEMPLOG : WellhouseOne | 138.200
2017-01-06 21:28:35 | TEMPLOG : WellhouseOne | 137.300
2017-01-06 21:29:36 | TEMPLOG : WellhouseOne | 138.200
2017-01-06 21:30:39 | TEMPLOG : WellhouseOne | 139.100
2017-01-06 21:31:39 | TEMPLOG : WellhouseOne | 138.200
2017-01-06 21:32:41 | TEMPLOG : WellhouseOne | 135.500
2017-01-06 21:33:42 | TEMPLOG : WellhouseOne | 137.300
2017-01-06 21:34:43 | TEMPLOG : WellhouseOne | 136.400
2017-01-06 21:36:45 | TEMPLOG : WellhouseOne | 137.300
2017-01-06 21:38:47 | TEMPLOG : WellhouseOne | 138.200
2017-01-06 21:40:50 | TEMPLOG : WellhouseOne | 137.300
2017-01-06 21:42:55 | TEMPLOG : WellhouseOne | 136.400
2017-01-06 21:44:58 | TEMPLOG : WellhouseOne | 137.300
2017-01-06 21:46:00 | TEMPLOG : Bio   Filter | 018.500
2017-01-06 21:47:01 | TEMPLOG : Bio   Filter | 019.400
2017-01-06 21:48:02 | TEMPLOG : WellhouseOne | 138.200
2017-01-06 21:50:05 | TEMPLOG : WellhouseOne | 139.100
2017-01-06 21:51:06 | TEMPLOG : WellhouseOne | 140.000
2017-01-06 21:52:07 | TEMPLOG : WellhouseOne | 139.100
2017-01-06 21:55:11 | TEMPLOG : WellhouseOne | 140.000
2017-01-06 21:56:12 | TEMPLOG : WellhouseOne | 140.900
2017-01-06 21:59:16 | TEMPLOG : WellhouseOne | 140.000
2017-01-06 22:00:18 | TEMPLOG : WellhouseOne | 139.100
2017-01-06 22:00:19 | TEMPLOG : Bio   Filter | 019.400
2017-01-06 22:00:19 | TEMPLOG : To   GeoLoop | 034.700
2017-01-06 22:00:19 | TEMPLOG : Table    One | 019.400
2017-01-06 22:04:23 | TEMPLOG : WellhouseOne | 140.000
2017-01-06 22:05:23 | TEMPLOG : WellhouseOne | 142.700
2017-01-06 22:05:24 | TEMPLOG : Bio   Filter | 020.300
2017-01-06 22:06:25 | TEMPLOG : Bio   Filter | 019.400
2017-01-06 22:07:26 | TEMPLOG : WellhouseOne | 101.300
2017-01-06 22:07:26 | TEMPLOG : Table    One | 020.300
2017-01-06 22:08:27 | TEMPLOG : WellhouseOne | 087.800
2017-01-06 22:09:29 | TEMPLOG : WellhouseOne | 077.900
2017-01-06 22:09:29 | TEMPLOG : Bio   Filter | 020.300
2017-01-06 22:10:29 | TEMPLOG : WellhouseOne | 073.400
2017-01-06 22:11:30 | TEMPLOG : WellhouseOne | 067.100
2017-01-06 22:12:31 | TEMPLOG : WellhouseOne | 062.600
2017-01-06 22:13:33 | TEMPLOG : WellhouseOne | 059.000
2017-01-06 22:14:34 | TEMPLOG : WellhouseOne | 057.200
2017-01-06 22:15:35 | TEMPLOG : WellhouseOne | 055.400
2017-01-06 22:16:37 | TEMPLOG : WellhouseOne | 054.500
2017-01-06 22:17:38 | TEMPLOG : WellhouseOne | 051.800
2017-01-06 22:17:39 | TEMPLOG : Table    One | 019.400
2017-01-06 22:18:39 | TEMPLOG : WellhouseOne | 050.900
2017-01-06 22:19:41 | TEMPLOG : WellhouseOne | 048.200
2017-01-06 22:20:41 | TEMPLOG : WellhouseOne | 046.400
2017-01-06 22:23:46 | TEMPLOG : WellhouseOne | 044.600
2017-01-06 22:24:47 | TEMPLOG : WellhouseOne | 042.800
2017-01-06 22:25:49 | TEMPLOG : WellhouseOne | 041.900
2017-01-06 22:26:50 | TEMPLOG : WellhouseOne | 097.700
2017-01-06 22:27:51 | TEMPLOG : WellhouseOne | 110.300
2017-01-06 22:28:53 | TEMPLOG : WellhouseOne | 118.400
2017-01-06 22:29:54 | TEMPLOG : WellhouseOne | 122.900
2017-01-06 22:29:54 | TEMPLOG : Bio   Filter | 019.400
2017-01-06 22:30:56 | TEMPLOG : WellhouseOne | 125.600
2017-01-06 22:30:56 | TEMPLOG : Bio   Filter | 020.300
2017-01-06 22:30:57 | TEMPLOG : Table    One | 020.300
2017-01-06 22:31:57 | TEMPLOG : WellhouseOne | 127.400
2017-01-06 22:31:58 | TEMPLOG : Table    One | 019.400
2017-01-06 22:32:58 | TEMPLOG : WellhouseOne | 129.200
2017-01-06 22:33:59 | TEMPLOG : WellhouseOne | 130.100
2017-01-06 22:34:00 | TEMPLOG : Table    One | 020.300
2017-01-06 22:35:00 | TEMPLOG : WellhouseOne | 131.000
2017-01-06 22:36:02 | TEMPLOG : WellhouseOne | 131.900
2017-01-06 22:37:03 | TEMPLOG : WellhouseOne | 133.700
2017-01-06 22:38:05 | TEMPLOG : Bio   Filter | 019.400
2017-01-06 22:39:05 | TEMPLOG : WellhouseOne | 134.600
2017-01-06 22:39:06 | TEMPLOG : Table    One | 019.400
2017-01-06 22:40:06 | TEMPLOG : WellhouseOne | 133.700
2017-01-06 22:42:11 | TEMPLOG : WellhouseOne | 134.600
2017-01-06 22:44:15 | TEMPLOG : WellhouseOne | 133.700
2017-01-06 22:45:16 | TEMPLOG : WellhouseOne | 134.600
2017-01-06 22:45:17 | TEMPLOG : Bio   Filter | 020.300
2017-01-06 22:47:19 | TEMPLOG : WellhouseOne | 135.500
2017-01-06 22:48:20 | TEMPLOG : WellhouseOne | 134.600
2017-01-06 22:48:21 | TEMPLOG : To   GeoLoop | 033.800
2017-01-06 22:49:21 | TEMPLOG : WellhouseOne | 135.500
2017-01-06 22:49:22 | TEMPLOG : To   GeoLoop | 034.700
2017-01-06 22:49:22 | TEMPLOG : Table    One | 020.300
2017-01-06 22:51:24 | TEMPLOG : WellhouseOne | 136.400
2017-01-06 22:52:25 | TEMPLOG : WellhouseOne | 135.500
2017-01-06 22:53:26 | TEMPLOG : WellhouseOne | 134.600
2017-01-06 22:54:27 | TEMPLOG : WellhouseOne | 135.500
2017-01-06 22:54:28 | TEMPLOG : Bio   Filter | 019.400
2017-01-06 22:55:28 | TEMPLOG : WellhouseOne | 132.800
2017-01-06 22:55:28 | TEMPLOG : To   GeoLoop | 033.800
2017-01-06 22:56:29 | TEMPLOG : WellhouseOne | 136.400
2017-01-06 22:56:30 | TEMPLOG : Table    One | 019.400
2017-01-06 22:57:31 | TEMPLOG : WellhouseOne | 137.300
2017-01-06 22:58:31 | TEMPLOG : WellhouseOne | 136.400
2017-01-06 23:00:34 | TEMPLOG : WellhouseOne | 137.300
2017-01-06 23:00:34 | TEMPLOG : Bio   Filter | 019.400
2017-01-06 23:00:34 | TEMPLOG : To   GeoLoop | 033.800
2017-01-06 23:00:34 | TEMPLOG : Table    One | 019.400
2017-01-06 23:01:35 | TEMPLOG : WellhouseOne | 138.200
2017-01-06 23:01:35 | TEMPLOG : To   GeoLoop | 034.700
2017-01-06 23:02:37 | TEMPLOG : To   GeoLoop | 033.800
2017-01-06 23:03:37 | TEMPLOG : WellhouseOne | 139.100
2017-01-06 23:03:38 | TEMPLOG : To   GeoLoop | 034.700
2017-01-06 23:04:38 | TEMPLOG : WellhouseOne | 138.200
2017-01-06 23:04:39 | TEMPLOG : To   GeoLoop | 033.800
2017-01-06 23:05:40 | TEMPLOG : WellhouseOne | 137.300
2017-01-06 23:06:43 | TEMPLOG : WellhouseOne | 138.200
2017-01-06 23:08:45 | TEMPLOG : WellhouseOne | 137.300
2017-01-06 23:09:47 | TEMPLOG : WellhouseOne | 140.000
2017-01-06 23:11:48 | TEMPLOG : Bio   Filter | 020.300
2017-01-06 23:12:50 | TEMPLOG : WellhouseOne | 139.100
2017-01-06 23:12:50 | TEMPLOG : Bio   Filter | 019.400
2017-01-06 23:13:51 | TEMPLOG : WellhouseOne | 140.000
2017-01-06 23:14:53 | TEMPLOG : Bio   Filter | 020.300
2017-01-06 23:16:56 | TEMPLOG : WellhouseOne | 139.100
2017-01-06 23:20:01 | TEMPLOG : WellhouseOne | 140.900
2017-01-06 23:21:03 | TEMPLOG : WellhouseOne | 140.000
2017-01-06 23:22:04 | TEMPLOG : WellhouseOne | 103.100
2017-01-06 23:23:04 | TEMPLOG : WellhouseOne | 086.900
2017-01-06 23:24:07 | TEMPLOG : WellhouseOne | 076.100
2017-01-06 23:25:08 | TEMPLOG : WellhouseOne | 069.800
2017-01-06 23:26:09 | TEMPLOG : WellhouseOne | 064.400
2017-01-06 23:26:10 | TEMPLOG : Bio   Filter | 019.400
2017-01-06 23:27:10 | TEMPLOG : WellhouseOne | 060.800
2017-01-06 23:28:12 | TEMPLOG : WellhouseOne | 057.200
2017-01-06 23:29:13 | TEMPLOG : WellhouseOne | 055.400
2017-01-06 23:30:14 | TEMPLOG : WellhouseOne | 053.600
2017-01-06 23:31:15 | TEMPLOG : WellhouseOne | 051.800
2017-01-06 23:32:16 | TEMPLOG : WellhouseOne | 050.000
2017-01-06 23:33:18 | TEMPLOG : WellhouseOne | 048.200
2017-01-06 23:34:20 | TEMPLOG : WellhouseOne | 046.400
2017-01-06 23:35:21 | TEMPLOG : WellhouseOne | 044.600
2017-01-06 23:36:22 | TEMPLOG : WellhouseOne | 043.700
2017-01-06 23:39:27 | TEMPLOG : WellhouseOne | 044.600
2017-01-06 23:40:29 | TEMPLOG : WellhouseOne | 098.600
2017-01-06 23:41:30 | TEMPLOG : WellhouseOne | 111.200
2017-01-06 23:42:32 | TEMPLOG : WellhouseOne | 120.200
2017-01-06 23:43:33 | TEMPLOG : WellhouseOne | 124.700
2017-01-06 23:44:34 | TEMPLOG : WellhouseOne | 129.200
2017-01-06 23:45:35 | TEMPLOG : WellhouseOne | 130.100
2017-01-06 23:47:38 | TEMPLOG : WellhouseOne | 131.000
2017-01-06 23:48:39 | TEMPLOG : WellhouseOne | 131.900
2017-01-06 23:49:41 | TEMPLOG : WellhouseOne | 132.800
2017-01-06 23:50:42 | TEMPLOG : WellhouseOne | 131.900
2017-01-06 23:52:45 | TEMPLOG : WellhouseOne | 132.800
2017-01-06 23:53:48 | TEMPLOG : WellhouseOne | 133.700
2017-01-06 23:54:49 | TEMPLOG : WellhouseOne | 134.600
2017-01-06 23:56:51 | TEMPLOG : WellhouseOne | 132.800
2017-01-06 23:57:52 | TEMPLOG : WellhouseOne | 134.600
2017-01-06 23:58:54 | TEMPLOG : WellhouseOne | 138.200
