2016-12-24 00:00:21 | TEMPLOG : WellhouseOne | 052.700
2016-12-24 00:00:21 | TEMPLOG : Bio   Filter | 035.600
2016-12-24 00:00:21 | TEMPLOG : To   GeoLoop | 046.400
2016-12-24 00:00:21 | TEMPLOG : Table    One | 035.600
2016-12-24 00:01:22 | TEMPLOG : WellhouseOne | 051.800
2016-12-24 00:02:22 | TEMPLOG : WellhouseOne | 050.900
2016-12-24 00:03:24 | TEMPLOG : WellhouseOne | 050.000
2016-12-24 00:05:28 | TEMPLOG : WellhouseOne | 049.100
2016-12-24 00:05:28 | TEMPLOG : To   GeoLoop | 045.500
2016-12-24 00:07:30 | TEMPLOG : WellhouseOne | 048.200
2016-12-24 00:07:30 | TEMPLOG : To   GeoLoop | 046.400
2016-12-24 00:09:33 | TEMPLOG : WellhouseOne | 047.300
2016-12-24 00:11:35 | TEMPLOG : To   GeoLoop | 045.500
2016-12-24 00:13:37 | TEMPLOG : WellhouseOne | 046.400
2016-12-24 00:13:38 | TEMPLOG : To   GeoLoop | 046.400
2016-12-24 00:15:40 | TEMPLOG : To   GeoLoop | 045.500
2016-12-24 00:16:40 | TEMPLOG : WellhouseOne | 045.500
2016-12-24 00:16:41 | TEMPLOG : To   GeoLoop | 046.400
2016-12-24 00:17:41 | TEMPLOG : WellhouseOne | 077.900
2016-12-24 00:18:43 | TEMPLOG : WellhouseOne | 116.600
2016-12-24 00:19:44 | TEMPLOG : WellhouseOne | 129.200
2016-12-24 00:19:45 | TEMPLOG : To   GeoLoop | 045.500
2016-12-24 00:20:45 | TEMPLOG : WellhouseOne | 134.600
2016-12-24 00:21:47 | TEMPLOG : WellhouseOne | 095.900
2016-12-24 00:21:48 | TEMPLOG : Table    One | 036.500
2016-12-24 00:22:48 | TEMPLOG : WellhouseOne | 081.500
2016-12-24 00:22:49 | TEMPLOG : Table    One | 035.600
2016-12-24 00:23:49 | TEMPLOG : WellhouseOne | 072.500
2016-12-24 00:24:50 | TEMPLOG : WellhouseOne | 067.100
2016-12-24 00:25:51 | TEMPLOG : WellhouseOne | 062.600
2016-12-24 00:26:53 | TEMPLOG : WellhouseOne | 059.900
2016-12-24 00:27:54 | TEMPLOG : WellhouseOne | 057.200
2016-12-24 00:28:56 | TEMPLOG : WellhouseOne | 055.400
2016-12-24 00:29:57 | TEMPLOG : WellhouseOne | 053.600
2016-12-24 00:30:58 | TEMPLOG : WellhouseOne | 051.800
2016-12-24 00:31:59 | TEMPLOG : WellhouseOne | 050.900
2016-12-24 00:33:00 | TEMPLOG : WellhouseOne | 050.000
2016-12-24 00:35:03 | TEMPLOG : WellhouseOne | 049.100
2016-12-24 00:36:04 | TEMPLOG : WellhouseOne | 048.200
2016-12-24 00:39:09 | TEMPLOG : WellhouseOne | 047.300
2016-12-24 00:39:10 | TEMPLOG : Table    One | 036.500
2016-12-24 00:40:11 | TEMPLOG : Table    One | 035.600
2016-12-24 00:42:13 | TEMPLOG : WellhouseOne | 046.400
2016-12-24 00:42:14 | TEMPLOG : Table    One | 036.500
2016-12-24 00:44:16 | TEMPLOG : Table    One | 035.600
2016-12-24 00:45:17 | TEMPLOG : Table    One | 036.500
2016-12-24 00:46:17 | TEMPLOG : WellhouseOne | 054.500
2016-12-24 00:47:18 | TEMPLOG : WellhouseOne | 110.300
2016-12-24 00:48:19 | TEMPLOG : WellhouseOne | 125.600
2016-12-24 00:49:19 | TEMPLOG : WellhouseOne | 132.800
2016-12-24 00:50:20 | TEMPLOG : WellhouseOne | 100.400
2016-12-24 00:51:21 | TEMPLOG : WellhouseOne | 084.200
2016-12-24 00:52:22 | TEMPLOG : WellhouseOne | 075.200
2016-12-24 00:53:23 | TEMPLOG : WellhouseOne | 067.100
2016-12-24 00:54:24 | TEMPLOG : WellhouseOne | 061.700
2016-12-24 00:55:25 | TEMPLOG : WellhouseOne | 059.000
2016-12-24 00:56:27 | TEMPLOG : WellhouseOne | 057.200
2016-12-24 00:57:28 | TEMPLOG : WellhouseOne | 055.400
2016-12-24 00:58:29 | TEMPLOG : WellhouseOne | 053.600
2016-12-24 00:59:30 | TEMPLOG : WellhouseOne | 052.700
2016-12-24 01:00:31 | TEMPLOG : WellhouseOne | 051.800
2016-12-24 01:00:32 | TEMPLOG : Bio   Filter | 035.600
2016-12-24 01:00:32 | TEMPLOG : To   GeoLoop | 045.500
2016-12-24 01:00:32 | TEMPLOG : Table    One | 036.500
2016-12-24 01:01:32 | TEMPLOG : WellhouseOne | 050.900
2016-12-24 01:02:33 | TEMPLOG : WellhouseOne | 050.000
2016-12-24 01:03:37 | TEMPLOG : Table    One | 035.600
2016-12-24 01:04:37 | TEMPLOG : WellhouseOne | 049.100
2016-12-24 01:06:39 | TEMPLOG : WellhouseOne | 048.200
2016-12-24 01:09:42 | TEMPLOG : WellhouseOne | 047.300
2016-12-24 01:12:45 | TEMPLOG : WellhouseOne | 046.400
2016-12-24 01:15:50 | TEMPLOG : WellhouseOne | 050.900
2016-12-24 01:16:52 | TEMPLOG : WellhouseOne | 110.300
2016-12-24 01:17:52 | TEMPLOG : WellhouseOne | 125.600
2016-12-24 01:18:53 | TEMPLOG : WellhouseOne | 133.700
2016-12-24 01:19:55 | TEMPLOG : WellhouseOne | 097.700
2016-12-24 01:20:56 | TEMPLOG : WellhouseOne | 082.400
2016-12-24 01:20:56 | TEMPLOG : Bio   Filter | 034.700
2016-12-24 01:21:57 | TEMPLOG : WellhouseOne | 073.400
2016-12-24 01:22:57 | TEMPLOG : WellhouseOne | 066.200
2016-12-24 01:23:59 | TEMPLOG : WellhouseOne | 062.600
2016-12-24 01:25:00 | TEMPLOG : WellhouseOne | 059.000
2016-12-24 01:26:00 | TEMPLOG : WellhouseOne | 056.300
2016-12-24 01:27:01 | TEMPLOG : WellhouseOne | 054.500
2016-12-24 01:27:02 | TEMPLOG : Table    One | 034.700
2016-12-24 01:28:03 | TEMPLOG : WellhouseOne | 052.700
2016-12-24 01:28:03 | TEMPLOG : Table    One | 035.600
2016-12-24 01:29:04 | TEMPLOG : WellhouseOne | 051.800
2016-12-24 01:29:04 | TEMPLOG : Table    One | 034.700
2016-12-24 01:30:05 | TEMPLOG : WellhouseOne | 050.900
2016-12-24 01:30:06 | TEMPLOG : Table    One | 035.600
2016-12-24 01:31:06 | TEMPLOG : WellhouseOne | 049.100
2016-12-24 01:31:07 | TEMPLOG : Table    One | 034.700
2016-12-24 01:33:09 | TEMPLOG : WellhouseOne | 048.200
2016-12-24 01:35:11 | TEMPLOG : WellhouseOne | 047.300
2016-12-24 01:35:12 | TEMPLOG : To   GeoLoop | 044.600
2016-12-24 01:36:14 | TEMPLOG : To   GeoLoop | 045.500
2016-12-24 01:37:14 | TEMPLOG : WellhouseOne | 046.400
2016-12-24 01:40:18 | TEMPLOG : WellhouseOne | 045.500
2016-12-24 01:44:24 | TEMPLOG : WellhouseOne | 106.700
2016-12-24 01:45:25 | TEMPLOG : WellhouseOne | 123.800
2016-12-24 01:45:25 | TEMPLOG : To   GeoLoop | 044.600
2016-12-24 01:46:26 | TEMPLOG : WellhouseOne | 132.800
2016-12-24 01:47:27 | TEMPLOG : WellhouseOne | 111.200
2016-12-24 01:48:28 | TEMPLOG : WellhouseOne | 091.400
2016-12-24 01:49:28 | TEMPLOG : WellhouseOne | 078.800
2016-12-24 01:50:29 | TEMPLOG : WellhouseOne | 070.700
2016-12-24 01:51:31 | TEMPLOG : WellhouseOne | 065.300
2016-12-24 01:52:32 | TEMPLOG : WellhouseOne | 060.800
2016-12-24 01:53:33 | TEMPLOG : WellhouseOne | 058.100
2016-12-24 01:54:34 | TEMPLOG : WellhouseOne | 056.300
2016-12-24 01:55:35 | TEMPLOG : WellhouseOne | 053.600
2016-12-24 01:56:35 | TEMPLOG : WellhouseOne | 052.700
2016-12-24 01:57:36 | TEMPLOG : WellhouseOne | 050.900
2016-12-24 01:58:38 | TEMPLOG : WellhouseOne | 050.000
2016-12-24 02:00:40 | TEMPLOG : WellhouseOne | 049.100
2016-12-24 02:00:40 | TEMPLOG : Bio   Filter | 034.700
2016-12-24 02:00:41 | TEMPLOG : To   GeoLoop | 044.600
2016-12-24 02:00:42 | TEMPLOG : Table    One | 034.700
2016-12-24 02:01:43 | TEMPLOG : WellhouseOne | 048.200
2016-12-24 02:03:45 | TEMPLOG : WellhouseOne | 047.300
2016-12-24 02:05:48 | TEMPLOG : Bio   Filter | 033.800
2016-12-24 02:06:48 | TEMPLOG : WellhouseOne | 046.400
2016-12-24 02:10:54 | TEMPLOG : WellhouseOne | 045.500
2016-12-24 02:12:55 | TEMPLOG : WellhouseOne | 091.400
2016-12-24 02:13:57 | TEMPLOG : WellhouseOne | 118.400
2016-12-24 02:14:58 | TEMPLOG : WellhouseOne | 130.100
2016-12-24 02:15:58 | TEMPLOG : WellhouseOne | 110.300
2016-12-24 02:17:00 | TEMPLOG : WellhouseOne | 086.900
2016-12-24 02:18:01 | TEMPLOG : WellhouseOne | 076.100
2016-12-24 02:19:03 | TEMPLOG : WellhouseOne | 068.900
2016-12-24 02:19:04 | TEMPLOG : Table    One | 033.800
2016-12-24 02:20:04 | TEMPLOG : WellhouseOne | 062.600
2016-12-24 02:21:05 | TEMPLOG : WellhouseOne | 059.900
2016-12-24 02:22:06 | TEMPLOG : WellhouseOne | 057.200
2016-12-24 02:23:07 | TEMPLOG : WellhouseOne | 055.400
2016-12-24 02:24:09 | TEMPLOG : WellhouseOne | 053.600
2016-12-24 02:25:10 | TEMPLOG : WellhouseOne | 052.700
2016-12-24 02:26:11 | TEMPLOG : WellhouseOne | 050.900
2016-12-24 02:27:12 | TEMPLOG : WellhouseOne | 050.000
2016-12-24 02:28:13 | TEMPLOG : WellhouseOne | 049.100
2016-12-24 02:30:16 | TEMPLOG : WellhouseOne | 048.200
2016-12-24 02:32:19 | TEMPLOG : WellhouseOne | 047.300
2016-12-24 02:33:19 | TEMPLOG : WellhouseOne | 046.400
2016-12-24 02:34:21 | TEMPLOG : Table    One | 034.700
2016-12-24 02:36:23 | TEMPLOG : Table    One | 033.800
2016-12-24 02:37:24 | TEMPLOG : WellhouseOne | 045.500
2016-12-24 02:39:26 | TEMPLOG : WellhouseOne | 044.600
2016-12-24 02:40:27 | TEMPLOG : WellhouseOne | 048.200
2016-12-24 02:41:28 | TEMPLOG : WellhouseOne | 107.600
2016-12-24 02:42:29 | TEMPLOG : WellhouseOne | 123.800
2016-12-24 02:43:30 | TEMPLOG : WellhouseOne | 131.000
2016-12-24 02:44:31 | TEMPLOG : WellhouseOne | 135.500
2016-12-24 02:45:32 | TEMPLOG : WellhouseOne | 101.300
2016-12-24 02:46:34 | TEMPLOG : WellhouseOne | 084.200
2016-12-24 02:47:35 | TEMPLOG : WellhouseOne | 074.300
2016-12-24 02:48:37 | TEMPLOG : WellhouseOne | 068.000
2016-12-24 02:49:38 | TEMPLOG : WellhouseOne | 063.500
2016-12-24 02:50:39 | TEMPLOG : WellhouseOne | 059.900
2016-12-24 02:51:41 | TEMPLOG : WellhouseOne | 057.200
2016-12-24 02:52:43 | TEMPLOG : WellhouseOne | 055.400
2016-12-24 02:53:44 | TEMPLOG : WellhouseOne | 053.600
2016-12-24 02:54:46 | TEMPLOG : WellhouseOne | 051.800
2016-12-24 02:55:47 | TEMPLOG : WellhouseOne | 050.900
2016-12-24 02:55:47 | TEMPLOG : Bio   Filter | 032.900
2016-12-24 02:56:49 | TEMPLOG : WellhouseOne | 050.000
2016-12-24 02:56:50 | TEMPLOG : To   GeoLoop | 043.700
2016-12-24 02:57:51 | TEMPLOG : WellhouseOne | 049.100
2016-12-24 02:57:51 | TEMPLOG : To   GeoLoop | 044.600
2016-12-24 02:58:52 | TEMPLOG : WellhouseOne | 048.200
2016-12-24 02:58:52 | TEMPLOG : To   GeoLoop | 043.700
2016-12-24 03:00:53 | TEMPLOG : WellhouseOne | 047.300
2016-12-24 03:00:54 | TEMPLOG : Bio   Filter | 032.900
2016-12-24 03:00:54 | TEMPLOG : To   GeoLoop | 043.700
2016-12-24 03:00:54 | TEMPLOG : Table    One | 033.800
2016-12-24 03:02:56 | TEMPLOG : WellhouseOne | 046.400
2016-12-24 03:02:58 | TEMPLOG : Table    One | 032.900
2016-12-24 03:07:01 | TEMPLOG : WellhouseOne | 045.500
2016-12-24 03:09:04 | TEMPLOG : WellhouseOne | 044.600
2016-12-24 03:10:05 | TEMPLOG : WellhouseOne | 093.200
2016-12-24 03:11:07 | TEMPLOG : WellhouseOne | 118.400
2016-12-24 03:12:08 | TEMPLOG : WellhouseOne | 129.200
2016-12-24 03:13:09 | TEMPLOG : WellhouseOne | 134.600
2016-12-24 03:14:10 | TEMPLOG : WellhouseOne | 123.800
2016-12-24 03:15:11 | TEMPLOG : WellhouseOne | 095.000
2016-12-24 03:16:13 | TEMPLOG : WellhouseOne | 081.500
2016-12-24 03:17:14 | TEMPLOG : WellhouseOne | 073.400
2016-12-24 03:18:15 | TEMPLOG : WellhouseOne | 067.100
2016-12-24 03:19:17 | TEMPLOG : WellhouseOne | 062.600
2016-12-24 03:20:18 | TEMPLOG : WellhouseOne | 059.000
2016-12-24 03:21:20 | TEMPLOG : WellhouseOne | 056.300
2016-12-24 03:22:20 | TEMPLOG : WellhouseOne | 055.400
2016-12-24 03:23:21 | TEMPLOG : WellhouseOne | 053.600
2016-12-24 03:24:22 | TEMPLOG : WellhouseOne | 051.800
2016-12-24 03:25:24 | TEMPLOG : WellhouseOne | 050.900
2016-12-24 03:26:25 | TEMPLOG : WellhouseOne | 050.000
2016-12-24 03:28:28 | TEMPLOG : WellhouseOne | 049.100
2016-12-24 03:29:29 | TEMPLOG : WellhouseOne | 048.200
2016-12-24 03:32:34 | TEMPLOG : WellhouseOne | 047.300
2016-12-24 03:33:35 | TEMPLOG : WellhouseOne | 046.400
2016-12-24 03:37:40 | TEMPLOG : WellhouseOne | 045.500
2016-12-24 03:38:41 | TEMPLOG : WellhouseOne | 044.600
2016-12-24 03:39:42 | TEMPLOG : WellhouseOne | 071.600
2016-12-24 03:40:43 | TEMPLOG : WellhouseOne | 113.000
2016-12-24 03:41:45 | TEMPLOG : WellhouseOne | 126.500
2016-12-24 03:42:46 | TEMPLOG : WellhouseOne | 132.800
2016-12-24 03:43:47 | TEMPLOG : WellhouseOne | 138.200
2016-12-24 03:44:48 | TEMPLOG : WellhouseOne | 096.800
2016-12-24 03:45:50 | TEMPLOG : WellhouseOne | 084.200
2016-12-24 03:46:52 | TEMPLOG : WellhouseOne | 074.300
2016-12-24 03:47:53 | TEMPLOG : WellhouseOne | 066.200
2016-12-24 03:48:55 | TEMPLOG : WellhouseOne | 061.700
2016-12-24 03:49:56 | TEMPLOG : WellhouseOne | 059.000
2016-12-24 03:50:57 | TEMPLOG : WellhouseOne | 057.200
2016-12-24 03:51:58 | TEMPLOG : WellhouseOne | 054.500
2016-12-24 03:52:59 | TEMPLOG : WellhouseOne | 053.600
2016-12-24 03:53:00 | TEMPLOG : Bio   Filter | 031.100
2016-12-24 03:54:01 | TEMPLOG : WellhouseOne | 051.800
2016-12-24 03:55:02 | TEMPLOG : WellhouseOne | 050.900
2016-12-24 03:56:02 | TEMPLOG : WellhouseOne | 050.000
2016-12-24 03:57:04 | TEMPLOG : WellhouseOne | 048.200
2016-12-24 03:57:05 | TEMPLOG : To   GeoLoop | 042.800
2016-12-24 03:58:06 | TEMPLOG : To   GeoLoop | 043.700
2016-12-24 03:59:07 | TEMPLOG : To   GeoLoop | 042.800
2016-12-24 04:00:07 | TEMPLOG : WellhouseOne | 047.300
2016-12-24 04:00:08 | TEMPLOG : Bio   Filter | 031.100
2016-12-24 04:00:08 | TEMPLOG : To   GeoLoop | 042.800
2016-12-24 04:03:12 | TEMPLOG : WellhouseOne | 046.400
2016-12-24 04:05:14 | TEMPLOG : WellhouseOne | 045.500
2016-12-24 04:06:17 | TEMPLOG : WellhouseOne | 044.600
2016-12-24 04:09:21 | TEMPLOG : WellhouseOne | 086.000
2016-12-24 04:10:22 | TEMPLOG : WellhouseOne | 114.800
2016-12-24 04:11:23 | TEMPLOG : WellhouseOne | 127.400
2016-12-24 04:12:25 | TEMPLOG : WellhouseOne | 134.600
2016-12-24 04:13:26 | TEMPLOG : WellhouseOne | 119.300
2016-12-24 04:14:28 | TEMPLOG : WellhouseOne | 092.300
2016-12-24 04:15:30 | TEMPLOG : WellhouseOne | 080.600
2016-12-24 04:16:31 | TEMPLOG : WellhouseOne | 071.600
2016-12-24 04:17:32 | TEMPLOG : WellhouseOne | 066.200
2016-12-24 04:18:33 | TEMPLOG : WellhouseOne | 060.800
2016-12-24 04:19:34 | TEMPLOG : WellhouseOne | 058.100
2016-12-24 04:20:36 | TEMPLOG : WellhouseOne | 055.400
2016-12-24 04:20:37 | TEMPLOG : Table    One | 031.100
2016-12-24 04:21:37 | TEMPLOG : WellhouseOne | 054.500
2016-12-24 04:22:38 | TEMPLOG : WellhouseOne | 051.800
2016-12-24 04:23:39 | TEMPLOG : WellhouseOne | 050.900
2016-12-24 04:24:40 | TEMPLOG : WellhouseOne | 050.000
2016-12-24 04:25:40 | TEMPLOG : WellhouseOne | 049.100
2016-12-24 04:26:42 | TEMPLOG : WellhouseOne | 048.200
2016-12-24 04:28:45 | TEMPLOG : WellhouseOne | 047.300
2016-12-24 04:29:46 | TEMPLOG : WellhouseOne | 046.400
2016-12-24 04:34:51 | TEMPLOG : WellhouseOne | 045.500
2016-12-24 04:36:54 | TEMPLOG : WellhouseOne | 044.600
2016-12-24 04:37:55 | TEMPLOG : WellhouseOne | 059.000
2016-12-24 04:38:56 | TEMPLOG : WellhouseOne | 109.400
2016-12-24 04:38:56 | TEMPLOG : Bio   Filter | 030.200
2016-12-24 04:39:57 | TEMPLOG : WellhouseOne | 123.800
2016-12-24 04:40:59 | TEMPLOG : WellhouseOne | 131.900
2016-12-24 04:42:00 | TEMPLOG : WellhouseOne | 122.000
2016-12-24 04:43:03 | TEMPLOG : WellhouseOne | 091.400
2016-12-24 04:44:04 | TEMPLOG : WellhouseOne | 079.700
2016-12-24 04:45:05 | TEMPLOG : WellhouseOne | 070.700
2016-12-24 04:46:06 | TEMPLOG : WellhouseOne | 064.400
2016-12-24 04:47:07 | TEMPLOG : WellhouseOne | 060.800
2016-12-24 04:48:09 | TEMPLOG : WellhouseOne | 057.200
2016-12-24 04:49:11 | TEMPLOG : WellhouseOne | 055.400
2016-12-24 04:50:12 | TEMPLOG : WellhouseOne | 052.700
2016-12-24 04:51:13 | TEMPLOG : WellhouseOne | 051.800
2016-12-24 04:52:14 | TEMPLOG : WellhouseOne | 050.900
2016-12-24 04:53:15 | TEMPLOG : WellhouseOne | 050.000
2016-12-24 04:54:15 | TEMPLOG : WellhouseOne | 049.100
2016-12-24 04:55:16 | TEMPLOG : WellhouseOne | 048.200
2016-12-24 04:56:17 | TEMPLOG : WellhouseOne | 047.300
2016-12-24 04:58:20 | TEMPLOG : WellhouseOne | 046.400
2016-12-24 05:00:25 | TEMPLOG : WellhouseOne | 045.500
2016-12-24 05:00:25 | TEMPLOG : Bio   Filter | 030.200
2016-12-24 05:00:26 | TEMPLOG : To   GeoLoop | 042.800
2016-12-24 05:00:26 | TEMPLOG : Table    One | 031.100
2016-12-24 05:01:26 | TEMPLOG : WellhouseOne | 044.600
2016-12-24 05:05:30 | TEMPLOG : WellhouseOne | 043.700
2016-12-24 05:06:32 | TEMPLOG : WellhouseOne | 095.900
2016-12-24 05:07:33 | TEMPLOG : WellhouseOne | 115.700
2016-12-24 05:08:34 | TEMPLOG : WellhouseOne | 126.500
2016-12-24 05:09:35 | TEMPLOG : WellhouseOne | 133.700
2016-12-24 05:10:35 | TEMPLOG : WellhouseOne | 137.300
2016-12-24 05:11:37 | TEMPLOG : WellhouseOne | 098.600
2016-12-24 05:12:38 | TEMPLOG : WellhouseOne | 082.400
2016-12-24 05:13:41 | TEMPLOG : WellhouseOne | 072.500
2016-12-24 05:13:42 | TEMPLOG : Table    One | 030.200
2016-12-24 05:14:42 | TEMPLOG : WellhouseOne | 066.200
2016-12-24 05:14:42 | TEMPLOG : To   GeoLoop | 041.900
2016-12-24 05:14:43 | TEMPLOG : Table    One | 031.100
2016-12-24 05:15:43 | TEMPLOG : WellhouseOne | 061.700
2016-12-24 05:15:44 | TEMPLOG : To   GeoLoop | 042.800
2016-12-24 05:16:45 | TEMPLOG : WellhouseOne | 058.100
2016-12-24 05:16:46 | TEMPLOG : To   GeoLoop | 041.900
2016-12-24 05:16:46 | TEMPLOG : Table    One | 030.200
2016-12-24 05:17:46 | TEMPLOG : WellhouseOne | 055.400
2016-12-24 05:17:47 | TEMPLOG : To   GeoLoop | 042.800
2016-12-24 05:18:49 | TEMPLOG : WellhouseOne | 053.600
2016-12-24 05:18:49 | TEMPLOG : To   GeoLoop | 041.900
2016-12-24 05:19:50 | TEMPLOG : WellhouseOne | 051.800
2016-12-24 05:19:51 | TEMPLOG : Table    One | 031.100
2016-12-24 05:20:51 | TEMPLOG : WellhouseOne | 050.900
2016-12-24 05:20:52 | TEMPLOG : Table    One | 030.200
2016-12-24 05:21:53 | TEMPLOG : WellhouseOne | 050.000
2016-12-24 05:22:54 | TEMPLOG : WellhouseOne | 049.100
2016-12-24 05:23:55 | TEMPLOG : WellhouseOne | 048.200
2016-12-24 05:24:56 | TEMPLOG : WellhouseOne | 047.300
2016-12-24 05:25:57 | TEMPLOG : WellhouseOne | 046.400
2016-12-24 05:28:00 | TEMPLOG : WellhouseOne | 045.500
2016-12-24 05:29:01 | TEMPLOG : Bio   Filter | 029.300
2016-12-24 05:31:05 | TEMPLOG : WellhouseOne | 044.600
2016-12-24 05:33:08 | TEMPLOG : WellhouseOne | 043.700
2016-12-24 05:33:09 | TEMPLOG : Bio   Filter | 030.200
2016-12-24 05:35:12 | TEMPLOG : WellhouseOne | 100.400
2016-12-24 05:35:12 | TEMPLOG : Bio   Filter | 029.300
2016-12-24 05:36:14 | TEMPLOG : WellhouseOne | 119.300
2016-12-24 05:37:14 | TEMPLOG : WellhouseOne | 128.300
2016-12-24 05:38:15 | TEMPLOG : WellhouseOne | 132.800
2016-12-24 05:39:16 | TEMPLOG : WellhouseOne | 135.500
2016-12-24 05:40:17 | TEMPLOG : WellhouseOne | 096.800
2016-12-24 05:41:18 | TEMPLOG : WellhouseOne | 082.400
2016-12-24 05:42:19 | TEMPLOG : WellhouseOne | 073.400
2016-12-24 05:43:21 | TEMPLOG : WellhouseOne | 067.100
2016-12-24 05:44:22 | TEMPLOG : WellhouseOne | 061.700
2016-12-24 05:45:24 | TEMPLOG : WellhouseOne | 058.100
2016-12-24 05:46:26 | TEMPLOG : WellhouseOne | 054.500
2016-12-24 05:47:27 | TEMPLOG : WellhouseOne | 053.600
2016-12-24 05:48:28 | TEMPLOG : WellhouseOne | 051.800
2016-12-24 05:49:30 | TEMPLOG : WellhouseOne | 050.000
2016-12-24 05:51:33 | TEMPLOG : WellhouseOne | 049.100
2016-12-24 05:52:34 | TEMPLOG : WellhouseOne | 048.200
2016-12-24 05:53:35 | TEMPLOG : WellhouseOne | 047.300
2016-12-24 05:54:36 | TEMPLOG : WellhouseOne | 046.400
2016-12-24 05:57:40 | TEMPLOG : WellhouseOne | 045.500
2016-12-24 05:59:42 | TEMPLOG : WellhouseOne | 044.600
2016-12-24 06:00:44 | TEMPLOG : WellhouseOne | 044.600
2016-12-24 06:00:44 | TEMPLOG : Bio   Filter | 029.300
2016-12-24 06:00:44 | TEMPLOG : To   GeoLoop | 041.900
2016-12-24 06:00:44 | TEMPLOG : Table    One | 030.200
2016-12-24 06:02:46 | TEMPLOG : WellhouseOne | 043.700
2016-12-24 06:03:48 | TEMPLOG : WellhouseOne | 095.000
2016-12-24 06:04:49 | TEMPLOG : WellhouseOne | 116.600
2016-12-24 06:05:50 | TEMPLOG : WellhouseOne | 126.500
2016-12-24 06:06:50 | TEMPLOG : WellhouseOne | 131.900
2016-12-24 06:07:52 | TEMPLOG : WellhouseOne | 135.500
2016-12-24 06:08:53 | TEMPLOG : WellhouseOne | 119.300
2016-12-24 06:09:54 | TEMPLOG : WellhouseOne | 092.300
2016-12-24 06:10:55 | TEMPLOG : WellhouseOne | 077.900
2016-12-24 06:11:57 | TEMPLOG : WellhouseOne | 070.700
2016-12-24 06:12:59 | TEMPLOG : WellhouseOne | 065.300
2016-12-24 06:14:00 | TEMPLOG : WellhouseOne | 060.800
2016-12-24 06:15:01 | TEMPLOG : WellhouseOne | 058.100
2016-12-24 06:16:03 | TEMPLOG : WellhouseOne | 055.400
2016-12-24 06:17:03 | TEMPLOG : WellhouseOne | 053.600
2016-12-24 06:18:04 | TEMPLOG : WellhouseOne | 051.800
2016-12-24 06:19:07 | TEMPLOG : WellhouseOne | 050.900
2016-12-24 06:20:08 | TEMPLOG : WellhouseOne | 050.000
2016-12-24 06:21:09 | TEMPLOG : WellhouseOne | 049.100
2016-12-24 06:22:11 | TEMPLOG : WellhouseOne | 048.200
2016-12-24 06:23:11 | TEMPLOG : WellhouseOne | 047.300
2016-12-24 06:24:12 | TEMPLOG : WellhouseOne | 046.400
2016-12-24 06:26:14 | TEMPLOG : WellhouseOne | 045.500
2016-12-24 06:28:16 | TEMPLOG : WellhouseOne | 044.600
2016-12-24 06:30:19 | TEMPLOG : WellhouseOne | 043.700
2016-12-24 06:32:20 | TEMPLOG : WellhouseOne | 052.700
2016-12-24 06:33:22 | TEMPLOG : WellhouseOne | 107.600
2016-12-24 06:34:23 | TEMPLOG : WellhouseOne | 123.800
2016-12-24 06:35:24 | TEMPLOG : WellhouseOne | 131.900
2016-12-24 06:36:25 | TEMPLOG : WellhouseOne | 134.600
2016-12-24 06:37:26 | TEMPLOG : WellhouseOne | 104.900
2016-12-24 06:38:28 | TEMPLOG : WellhouseOne | 086.000
2016-12-24 06:39:30 | TEMPLOG : WellhouseOne | 075.200
2016-12-24 06:40:31 | TEMPLOG : WellhouseOne | 067.100
2016-12-24 06:41:32 | TEMPLOG : WellhouseOne | 060.800
2016-12-24 06:42:33 | TEMPLOG : WellhouseOne | 058.100
2016-12-24 06:43:34 | TEMPLOG : WellhouseOne | 055.400
2016-12-24 06:44:35 | TEMPLOG : WellhouseOne | 053.600
2016-12-24 06:45:36 | TEMPLOG : WellhouseOne | 051.800
2016-12-24 06:46:38 | TEMPLOG : WellhouseOne | 050.900
2016-12-24 06:47:40 | TEMPLOG : WellhouseOne | 049.100
2016-12-24 06:47:40 | TEMPLOG : To   GeoLoop | 041.000
2016-12-24 06:48:41 | TEMPLOG : WellhouseOne | 048.200
2016-12-24 06:49:42 | TEMPLOG : WellhouseOne | 047.300
2016-12-24 06:50:43 | TEMPLOG : WellhouseOne | 046.400
2016-12-24 06:52:45 | TEMPLOG : WellhouseOne | 045.500
2016-12-24 06:53:48 | TEMPLOG : Table    One | 029.300
2016-12-24 06:54:48 | TEMPLOG : WellhouseOne | 044.600
2016-12-24 06:54:48 | TEMPLOG : Bio   Filter | 028.400
2016-12-24 06:56:50 | TEMPLOG : WellhouseOne | 043.700
2016-12-24 07:00:55 | TEMPLOG : WellhouseOne | 102.200
2016-12-24 07:00:55 | TEMPLOG : Bio   Filter | 028.400
2016-12-24 07:00:55 | TEMPLOG : To   GeoLoop | 041.000
2016-12-24 07:00:56 | TEMPLOG : Table    One | 029.300
2016-12-24 07:01:56 | TEMPLOG : WellhouseOne | 118.400
2016-12-24 07:02:58 | TEMPLOG : WellhouseOne | 126.500
2016-12-24 07:03:59 | TEMPLOG : WellhouseOne | 131.900
2016-12-24 07:05:01 | TEMPLOG : WellhouseOne | 135.500
2016-12-24 07:06:01 | TEMPLOG : WellhouseOne | 137.300
2016-12-24 07:07:03 | TEMPLOG : WellhouseOne | 102.200
2016-12-24 07:08:03 | TEMPLOG : WellhouseOne | 086.000
2016-12-24 07:09:05 | TEMPLOG : WellhouseOne | 075.200
2016-12-24 07:10:05 | TEMPLOG : WellhouseOne | 068.900
2016-12-24 07:11:06 | TEMPLOG : WellhouseOne | 063.500
2016-12-24 07:11:07 | TEMPLOG : Table    One | 030.200
2016-12-24 07:12:07 | TEMPLOG : WellhouseOne | 059.900
2016-12-24 07:12:08 | TEMPLOG : Table    One | 029.300
2016-12-24 07:13:09 | TEMPLOG : WellhouseOne | 057.200
2016-12-24 07:14:10 | TEMPLOG : WellhouseOne | 054.500
2016-12-24 07:14:10 | TEMPLOG : Table    One | 030.200
2016-12-24 07:15:11 | TEMPLOG : WellhouseOne | 051.800
2016-12-24 07:15:11 | TEMPLOG : Bio   Filter | 029.300
2016-12-24 07:16:12 | TEMPLOG : WellhouseOne | 050.900
2016-12-24 07:17:13 | TEMPLOG : WellhouseOne | 050.000
2016-12-24 07:17:14 | TEMPLOG : Bio   Filter | 028.400
2016-12-24 07:18:14 | TEMPLOG : WellhouseOne | 049.100
2016-12-24 07:19:15 | TEMPLOG : WellhouseOne | 048.200
2016-12-24 07:20:17 | TEMPLOG : Bio   Filter | 029.300
2016-12-24 07:21:17 | TEMPLOG : WellhouseOne | 047.300
2016-12-24 07:22:18 | TEMPLOG : WellhouseOne | 046.400
2016-12-24 07:24:21 | TEMPLOG : WellhouseOne | 045.500
2016-12-24 07:26:24 | TEMPLOG : WellhouseOne | 044.600
2016-12-24 07:28:26 | TEMPLOG : WellhouseOne | 043.700
2016-12-24 07:30:28 | TEMPLOG : WellhouseOne | 094.100
2016-12-24 07:31:29 | TEMPLOG : WellhouseOne | 111.200
2016-12-24 07:32:30 | TEMPLOG : WellhouseOne | 125.600
2016-12-24 07:33:32 | TEMPLOG : WellhouseOne | 132.800
2016-12-24 07:33:32 | TEMPLOG : Bio   Filter | 030.200
2016-12-24 07:34:33 | TEMPLOG : WellhouseOne | 136.400
2016-12-24 07:34:34 | TEMPLOG : Table    One | 031.100
2016-12-24 07:35:35 | TEMPLOG : WellhouseOne | 117.500
2016-12-24 07:36:36 | TEMPLOG : WellhouseOne | 090.500
2016-12-24 07:37:38 | TEMPLOG : WellhouseOne | 077.900
2016-12-24 07:37:38 | TEMPLOG : To   GeoLoop | 041.900
2016-12-24 07:38:39 | TEMPLOG : WellhouseOne | 069.800
2016-12-24 07:38:39 | TEMPLOG : Bio   Filter | 031.100
2016-12-24 07:39:40 | TEMPLOG : WellhouseOne | 064.400
2016-12-24 07:40:41 | TEMPLOG : WellhouseOne | 059.900
2016-12-24 07:41:41 | TEMPLOG : WellhouseOne | 057.200
2016-12-24 07:42:42 | TEMPLOG : WellhouseOne | 054.500
2016-12-24 07:43:43 | TEMPLOG : WellhouseOne | 052.700
2016-12-24 07:44:45 | TEMPLOG : WellhouseOne | 050.900
2016-12-24 07:44:46 | TEMPLOG : Table    One | 032.900
2016-12-24 07:45:47 | TEMPLOG : WellhouseOne | 049.100
2016-12-24 07:46:48 | TEMPLOG : WellhouseOne | 048.200
2016-12-24 07:46:49 | TEMPLOG : Table    One | 033.800
2016-12-24 07:47:50 | TEMPLOG : Bio   Filter | 032.900
2016-12-24 07:48:52 | TEMPLOG : WellhouseOne | 047.300
2016-12-24 07:48:54 | TEMPLOG : Table    One | 034.700
2016-12-24 07:49:54 | TEMPLOG : WellhouseOne | 046.400
2016-12-24 07:51:57 | TEMPLOG : WellhouseOne | 045.500
2016-12-24 07:51:57 | TEMPLOG : Table    One | 035.600
2016-12-24 07:52:58 | TEMPLOG : Bio   Filter | 033.800
2016-12-24 07:53:58 | TEMPLOG : WellhouseOne | 044.600
2016-12-24 07:54:00 | TEMPLOG : Table    One | 036.500
2016-12-24 07:56:02 | TEMPLOG : WellhouseOne | 043.700
2016-12-24 07:56:02 | TEMPLOG : Bio   Filter | 034.700
2016-12-24 07:56:02 | TEMPLOG : Table    One | 037.400
2016-12-24 07:58:04 | TEMPLOG : Table    One | 038.300
2016-12-24 07:59:05 | TEMPLOG : WellhouseOne | 095.900
2016-12-24 07:59:05 | TEMPLOG : Bio   Filter | 035.600
2016-12-24 08:00:05 | TEMPLOG : WellhouseOne | 117.500
2016-12-24 08:00:05 | TEMPLOG : Bio   Filter | 035.600
2016-12-24 08:00:06 | TEMPLOG : To   GeoLoop | 041.900
2016-12-24 08:00:06 | TEMPLOG : Table    One | 039.200
2016-12-24 08:01:06 | TEMPLOG : WellhouseOne | 127.400
2016-12-24 08:01:07 | TEMPLOG : To   GeoLoop | 042.800
2016-12-24 08:02:07 | TEMPLOG : WellhouseOne | 133.700
2016-12-24 08:02:07 | TEMPLOG : Bio   Filter | 036.500
2016-12-24 08:03:09 | TEMPLOG : WellhouseOne | 137.300
2016-12-24 08:03:10 | TEMPLOG : Table    One | 040.100
2016-12-24 08:04:11 | TEMPLOG : WellhouseOne | 111.200
2016-12-24 08:04:11 | TEMPLOG : Bio   Filter | 037.400
2016-12-24 08:05:12 | TEMPLOG : WellhouseOne | 088.700
2016-12-24 08:05:13 | TEMPLOG : Table    One | 041.000
2016-12-24 08:06:13 | TEMPLOG : WellhouseOne | 076.100
2016-12-24 08:07:14 | TEMPLOG : WellhouseOne | 068.900
2016-12-24 08:07:15 | TEMPLOG : Bio   Filter | 038.300
2016-12-24 08:08:16 | TEMPLOG : WellhouseOne | 063.500
2016-12-24 08:08:17 | TEMPLOG : Table    One | 040.100
2016-12-24 08:09:17 | TEMPLOG : WellhouseOne | 059.000
2016-12-24 08:09:18 | TEMPLOG : Bio   Filter | 039.200
2016-12-24 08:10:19 | TEMPLOG : WellhouseOne | 055.400
2016-12-24 08:10:20 | TEMPLOG : Table    One | 041.000
2016-12-24 08:11:20 | TEMPLOG : WellhouseOne | 053.600
2016-12-24 08:12:21 | TEMPLOG : WellhouseOne | 052.700
2016-12-24 08:12:21 | TEMPLOG : Bio   Filter | 040.100
2016-12-24 08:13:22 | TEMPLOG : WellhouseOne | 050.900
2016-12-24 08:14:23 | TEMPLOG : WellhouseOne | 050.000
2016-12-24 08:14:24 | TEMPLOG : Table    One | 041.900
2016-12-24 08:15:25 | TEMPLOG : WellhouseOne | 049.100
2016-12-24 08:15:26 | TEMPLOG : Bio   Filter | 041.000
2016-12-24 08:16:27 | TEMPLOG : WellhouseOne | 048.200
2016-12-24 08:18:28 | TEMPLOG : WellhouseOne | 047.300
2016-12-24 08:18:30 | TEMPLOG : Table    One | 042.800
2016-12-24 08:19:31 | TEMPLOG : Bio   Filter | 041.900
2016-12-24 08:20:32 | TEMPLOG : WellhouseOne | 046.400
2016-12-24 08:21:34 | TEMPLOG : To   GeoLoop | 043.700
2016-12-24 08:22:35 | TEMPLOG : Bio   Filter | 042.800
2016-12-24 08:23:37 | TEMPLOG : WellhouseOne | 045.500
2016-12-24 08:25:38 | TEMPLOG : WellhouseOne | 044.600
2016-12-24 08:26:40 | TEMPLOG : Bio   Filter | 043.700
2016-12-24 08:27:41 | TEMPLOG : WellhouseOne | 049.100
2016-12-24 08:28:42 | TEMPLOG : WellhouseOne | 107.600
2016-12-24 08:29:44 | TEMPLOG : WellhouseOne | 123.800
2016-12-24 08:29:44 | TEMPLOG : Bio   Filter | 044.600
2016-12-24 08:29:45 | TEMPLOG : Table    One | 043.700
2016-12-24 08:30:45 | TEMPLOG : WellhouseOne | 131.900
2016-12-24 08:31:46 | TEMPLOG : WellhouseOne | 136.400
2016-12-24 08:32:47 | TEMPLOG : WellhouseOne | 099.500
2016-12-24 08:33:48 | TEMPLOG : WellhouseOne | 083.300
2016-12-24 08:33:48 | TEMPLOG : Bio   Filter | 045.500
2016-12-24 08:34:49 | TEMPLOG : WellhouseOne | 073.400
2016-12-24 08:35:50 | TEMPLOG : WellhouseOne | 066.200
2016-12-24 08:35:50 | TEMPLOG : Table    One | 042.800
2016-12-24 08:36:51 | TEMPLOG : WellhouseOne | 061.700
2016-12-24 08:36:51 | TEMPLOG : Bio   Filter | 046.400
2016-12-24 08:37:53 | TEMPLOG : WellhouseOne | 058.100
2016-12-24 08:38:54 | TEMPLOG : WellhouseOne | 055.400
2016-12-24 08:38:55 | TEMPLOG : Bio   Filter | 047.300
2016-12-24 08:38:55 | TEMPLOG : Table    One | 041.900
2016-12-24 08:39:56 | TEMPLOG : WellhouseOne | 053.600
2016-12-24 08:40:56 | TEMPLOG : WellhouseOne | 052.700
2016-12-24 08:40:56 | TEMPLOG : Bio   Filter | 048.200
2016-12-24 08:41:57 | TEMPLOG : WellhouseOne | 050.900
2016-12-24 08:41:58 | TEMPLOG : Table    One | 041.000
2016-12-24 08:42:58 | TEMPLOG : WellhouseOne | 050.000
2016-12-24 08:42:58 | TEMPLOG : Bio   Filter | 049.100
2016-12-24 08:45:00 | TEMPLOG : WellhouseOne | 049.100
2016-12-24 08:46:01 | TEMPLOG : WellhouseOne | 048.200
2016-12-24 08:46:02 | TEMPLOG : Bio   Filter | 050.000
2016-12-24 08:46:02 | TEMPLOG : To   GeoLoop | 044.600
2016-12-24 08:48:03 | TEMPLOG : WellhouseOne | 047.300
2016-12-24 08:49:04 | TEMPLOG : Bio   Filter | 050.900
2016-12-24 08:50:06 | TEMPLOG : WellhouseOne | 046.400
2016-12-24 08:50:06 | TEMPLOG : Table    One | 041.900
2016-12-24 08:51:06 | TEMPLOG : WellhouseOne | 045.500
2016-12-24 08:52:08 | TEMPLOG : Bio   Filter | 051.800
2016-12-24 08:53:09 | TEMPLOG : WellhouseOne | 044.600
2016-12-24 08:55:11 | TEMPLOG : Bio   Filter | 052.700
2016-12-24 08:56:12 | TEMPLOG : WellhouseOne | 067.100
2016-12-24 08:56:13 | TEMPLOG : Table    One | 042.800
2016-12-24 08:57:13 | TEMPLOG : WellhouseOne | 113.000
2016-12-24 08:58:15 | TEMPLOG : WellhouseOne | 127.400
2016-12-24 08:58:15 | TEMPLOG : Bio   Filter | 053.600
2016-12-24 08:59:16 | TEMPLOG : WellhouseOne | 134.600
2016-12-24 09:00:17 | TEMPLOG : WellhouseOne | 114.800
2016-12-24 09:00:17 | TEMPLOG : Bio   Filter | 053.600
2016-12-24 09:00:18 | TEMPLOG : To   GeoLoop | 044.600
2016-12-24 09:00:18 | TEMPLOG : Table    One | 043.700
2016-12-24 09:01:19 | TEMPLOG : WellhouseOne | 089.600
2016-12-24 09:01:19 | TEMPLOG : Bio   Filter | 054.500
2016-12-24 09:02:20 | TEMPLOG : WellhouseOne | 076.100
2016-12-24 09:03:21 | TEMPLOG : WellhouseOne | 068.000
2016-12-24 09:04:22 | TEMPLOG : WellhouseOne | 062.600
2016-12-24 09:04:22 | TEMPLOG : Bio   Filter | 055.400
2016-12-24 09:04:22 | TEMPLOG : To   GeoLoop | 045.500
2016-12-24 09:05:23 | TEMPLOG : WellhouseOne | 059.000
2016-12-24 09:06:25 | TEMPLOG : WellhouseOne | 056.300
2016-12-24 09:06:26 | TEMPLOG : Table    One | 044.600
2016-12-24 09:07:27 | TEMPLOG : WellhouseOne | 054.500
2016-12-24 09:08:28 | TEMPLOG : WellhouseOne | 052.700
2016-12-24 09:08:28 | TEMPLOG : Bio   Filter | 056.300
2016-12-24 09:09:29 | TEMPLOG : WellhouseOne | 051.800
2016-12-24 09:10:30 | TEMPLOG : WellhouseOne | 050.900
2016-12-24 09:11:31 | TEMPLOG : WellhouseOne | 050.000
2016-12-24 09:11:31 | TEMPLOG : Bio   Filter | 057.200
2016-12-24 09:12:32 | TEMPLOG : WellhouseOne | 049.100
2016-12-24 09:13:34 | TEMPLOG : Table    One | 045.500
2016-12-24 09:14:35 | TEMPLOG : WellhouseOne | 048.200
2016-12-24 09:15:36 | TEMPLOG : WellhouseOne | 047.300
2016-12-24 09:16:38 | TEMPLOG : WellhouseOne | 046.400
2016-12-24 09:16:38 | TEMPLOG : Bio   Filter | 058.100
2016-12-24 09:18:40 | TEMPLOG : WellhouseOne | 045.500
2016-12-24 09:20:42 | TEMPLOG : WellhouseOne | 044.600
2016-12-24 09:21:43 | TEMPLOG : Bio   Filter | 059.000
2016-12-24 09:21:44 | TEMPLOG : Table    One | 046.400
2016-12-24 09:23:45 | TEMPLOG : WellhouseOne | 043.700
2016-12-24 09:24:47 | TEMPLOG : WellhouseOne | 093.200
2016-12-24 09:25:48 | TEMPLOG : WellhouseOne | 120.200
2016-12-24 09:25:48 | TEMPLOG : Bio   Filter | 059.900
2016-12-24 09:25:48 | TEMPLOG : To   GeoLoop | 046.400
2016-12-24 09:26:48 | TEMPLOG : WellhouseOne | 131.000
2016-12-24 09:26:49 | TEMPLOG : Table    One | 047.300
2016-12-24 09:27:49 | TEMPLOG : WellhouseOne | 119.300
2016-12-24 09:28:52 | TEMPLOG : WellhouseOne | 090.500
2016-12-24 09:29:53 | TEMPLOG : WellhouseOne | 075.200
2016-12-24 09:30:55 | TEMPLOG : WellhouseOne | 067.100
2016-12-24 09:31:56 | TEMPLOG : WellhouseOne | 061.700
2016-12-24 09:31:56 | TEMPLOG : Bio   Filter | 060.800
2016-12-24 09:31:57 | TEMPLOG : Table    One | 048.200
2016-12-24 09:32:57 | TEMPLOG : WellhouseOne | 058.100
2016-12-24 09:33:59 | TEMPLOG : WellhouseOne | 056.300
2016-12-24 09:35:00 | TEMPLOG : WellhouseOne | 053.600
2016-12-24 09:36:01 | TEMPLOG : WellhouseOne | 051.800
2016-12-24 09:37:03 | TEMPLOG : WellhouseOne | 050.900
2016-12-24 09:38:04 | TEMPLOG : WellhouseOne | 050.000
2016-12-24 09:38:04 | TEMPLOG : Bio   Filter | 061.700
2016-12-24 09:38:05 | TEMPLOG : Table    One | 049.100
2016-12-24 09:39:05 | TEMPLOG : WellhouseOne | 049.100
2016-12-24 09:40:06 | TEMPLOG : WellhouseOne | 048.200
2016-12-24 09:41:07 | TEMPLOG : WellhouseOne | 047.300
2016-12-24 09:41:07 | TEMPLOG : To   GeoLoop | 047.300
2016-12-24 09:42:08 | TEMPLOG : WellhouseOne | 046.400
2016-12-24 09:44:12 | TEMPLOG : Bio   Filter | 062.600
2016-12-24 09:44:12 | TEMPLOG : Table    One | 050.000
2016-12-24 09:45:12 | TEMPLOG : WellhouseOne | 044.600
2016-12-24 09:47:15 | TEMPLOG : WellhouseOne | 043.700
2016-12-24 09:51:20 | TEMPLOG : WellhouseOne | 042.800
2016-12-24 09:52:21 | TEMPLOG : WellhouseOne | 086.000
2016-12-24 09:53:22 | TEMPLOG : WellhouseOne | 117.500
2016-12-24 09:53:22 | TEMPLOG : Bio   Filter | 063.500
2016-12-24 09:53:23 | TEMPLOG : Table    One | 050.900
2016-12-24 09:54:24 | TEMPLOG : WellhouseOne | 130.100
2016-12-24 09:55:25 | TEMPLOG : WellhouseOne | 123.800
2016-12-24 09:56:26 | TEMPLOG : WellhouseOne | 084.200
2016-12-24 09:57:27 | TEMPLOG : WellhouseOne | 072.500
2016-12-24 09:58:27 | TEMPLOG : WellhouseOne | 066.200
2016-12-24 09:58:28 | TEMPLOG : Table    One | 051.800
2016-12-24 09:59:29 | TEMPLOG : WellhouseOne | 060.800
2016-12-24 09:59:29 | TEMPLOG : To   GeoLoop | 048.200
2016-12-24 10:00:29 | TEMPLOG : WellhouseOne | 058.100
2016-12-24 10:00:30 | TEMPLOG : To   GeoLoop | 048.200
2016-12-24 10:00:30 | TEMPLOG : Table    One | 052.700
2016-12-24 10:01:30 | TEMPLOG : WellhouseOne | 056.300
2016-12-24 10:02:31 | TEMPLOG : WellhouseOne | 054.500
2016-12-24 10:02:32 | TEMPLOG : Table    One | 053.600
2016-12-24 10:03:32 | TEMPLOG : WellhouseOne | 052.700
2016-12-24 10:03:33 | TEMPLOG : Table    One | 054.500
2016-12-24 10:04:34 | TEMPLOG : WellhouseOne | 050.900
2016-12-24 10:05:35 | TEMPLOG : WellhouseOne | 050.000
2016-12-24 10:05:35 | TEMPLOG : Bio   Filter | 052.700
2016-12-24 10:05:36 | TEMPLOG : Table    One | 055.400
2016-12-24 10:06:36 | TEMPLOG : WellhouseOne | 049.100
2016-12-24 10:06:37 | TEMPLOG : Table    One | 056.300
2016-12-24 10:07:37 | TEMPLOG : WellhouseOne | 048.200
2016-12-24 10:07:38 | TEMPLOG : Table    One | 057.200
2016-12-24 10:08:40 | TEMPLOG : Table    One | 058.100
2016-12-24 10:09:40 | TEMPLOG : WellhouseOne | 047.300
2016-12-24 10:09:41 | TEMPLOG : Table    One | 059.000
2016-12-24 10:10:42 | TEMPLOG : WellhouseOne | 046.400
2016-12-24 10:10:43 | TEMPLOG : Table    One | 059.900
2016-12-24 10:11:44 | TEMPLOG : Bio   Filter | 053.600
2016-12-24 10:11:44 | TEMPLOG : To   GeoLoop | 049.100
2016-12-24 10:11:45 | TEMPLOG : Table    One | 061.700
2016-12-24 10:12:46 | TEMPLOG : Table    One | 062.600
2016-12-24 10:13:46 | TEMPLOG : WellhouseOne | 045.500
2016-12-24 10:13:47 | TEMPLOG : Table    One | 063.500
2016-12-24 10:14:47 | TEMPLOG : WellhouseOne | 046.400
2016-12-24 10:15:49 | TEMPLOG : Table    One | 064.400
2016-12-24 10:16:49 | TEMPLOG : WellhouseOne | 045.500
2016-12-24 10:17:51 | TEMPLOG : Bio   Filter | 054.500
2016-12-24 10:17:51 | TEMPLOG : Table    One | 065.300
2016-12-24 10:19:52 | TEMPLOG : WellhouseOne | 044.600
2016-12-24 10:19:53 | TEMPLOG : Table    One | 066.200
2016-12-24 10:20:53 | TEMPLOG : WellhouseOne | 105.800
2016-12-24 10:21:55 | TEMPLOG : WellhouseOne | 127.400
2016-12-24 10:22:56 | TEMPLOG : WellhouseOne | 136.400
2016-12-24 10:22:57 | TEMPLOG : Bio   Filter | 055.400
2016-12-24 10:22:57 | TEMPLOG : Table    One | 067.100
2016-12-24 10:23:58 | TEMPLOG : WellhouseOne | 095.900
2016-12-24 10:23:58 | TEMPLOG : To   GeoLoop | 050.000
2016-12-24 10:24:59 | TEMPLOG : WellhouseOne | 079.700
2016-12-24 10:25:00 | TEMPLOG : Table    One | 068.000
2016-12-24 10:26:01 | TEMPLOG : WellhouseOne | 069.800
2016-12-24 10:27:02 | TEMPLOG : WellhouseOne | 064.400
2016-12-24 10:27:03 | TEMPLOG : Table    One | 068.900
2016-12-24 10:28:04 | TEMPLOG : WellhouseOne | 059.000
2016-12-24 10:29:05 | TEMPLOG : WellhouseOne | 056.300
2016-12-24 10:29:06 | TEMPLOG : Table    One | 069.800
2016-12-24 10:30:06 | TEMPLOG : WellhouseOne | 055.400
2016-12-24 10:30:06 | TEMPLOG : Bio   Filter | 056.300
2016-12-24 10:31:07 | TEMPLOG : WellhouseOne | 053.600
2016-12-24 10:31:08 | TEMPLOG : Table    One | 070.700
2016-12-24 10:32:08 | TEMPLOG : WellhouseOne | 052.700
2016-12-24 10:33:09 | TEMPLOG : WellhouseOne | 051.800
2016-12-24 10:33:09 | TEMPLOG : Table    One | 071.600
2016-12-24 10:34:10 | TEMPLOG : WellhouseOne | 050.900
2016-12-24 10:34:11 | TEMPLOG : Table    One | 072.500
2016-12-24 10:36:13 | TEMPLOG : WellhouseOne | 050.000
2016-12-24 10:36:14 | TEMPLOG : Table    One | 073.400
2016-12-24 10:37:14 | TEMPLOG : WellhouseOne | 049.100
2016-12-24 10:37:14 | TEMPLOG : Bio   Filter | 057.200
2016-12-24 10:38:17 | TEMPLOG : Table    One | 074.300
2016-12-24 10:39:19 | TEMPLOG : Table    One | 075.200
2016-12-24 10:40:19 | TEMPLOG : WellhouseOne | 048.200
2016-12-24 10:41:21 | TEMPLOG : Table    One | 076.100
2016-12-24 10:43:23 | TEMPLOG : WellhouseOne | 047.300
2016-12-24 10:43:23 | TEMPLOG : Bio   Filter | 058.100
2016-12-24 10:44:24 | TEMPLOG : Table    One | 077.000
2016-12-24 10:45:24 | TEMPLOG : WellhouseOne | 046.400
2016-12-24 10:47:28 | TEMPLOG : Table    One | 077.900
2016-12-24 10:49:29 | TEMPLOG : WellhouseOne | 075.200
2016-12-24 10:49:30 | TEMPLOG : Bio   Filter | 059.000
2016-12-24 10:49:31 | TEMPLOG : Table    One | 078.800
2016-12-24 10:50:31 | TEMPLOG : WellhouseOne | 120.200
2016-12-24 10:50:32 | TEMPLOG : Table    One | 079.700
2016-12-24 10:51:33 | TEMPLOG : WellhouseOne | 132.800
2016-12-24 10:52:35 | TEMPLOG : WellhouseOne | 101.300
2016-12-24 10:52:35 | TEMPLOG : Bio   Filter | 059.900
2016-12-24 10:53:35 | TEMPLOG : WellhouseOne | 082.400
2016-12-24 10:53:36 | TEMPLOG : Table    One | 080.600
2016-12-24 10:54:37 | TEMPLOG : WellhouseOne | 071.600
2016-12-24 10:55:38 | TEMPLOG : WellhouseOne | 065.300
2016-12-24 10:55:38 | TEMPLOG : Table    One | 081.500
2016-12-24 10:56:38 | TEMPLOG : WellhouseOne | 061.700
2016-12-24 10:57:40 | TEMPLOG : WellhouseOne | 059.000
2016-12-24 10:57:40 | TEMPLOG : Bio   Filter | 060.800
2016-12-24 10:57:40 | TEMPLOG : Table    One | 082.400
2016-12-24 10:58:41 | TEMPLOG : WellhouseOne | 057.200
2016-12-24 10:59:42 | TEMPLOG : WellhouseOne | 055.400
2016-12-24 11:00:43 | TEMPLOG : WellhouseOne | 053.600
2016-12-24 11:00:43 | TEMPLOG : Bio   Filter | 060.800
2016-12-24 11:00:43 | TEMPLOG : To   GeoLoop | 050.000
2016-12-24 11:00:44 | TEMPLOG : Table    One | 082.400
2016-12-24 11:01:44 | TEMPLOG : Bio   Filter | 061.700
2016-12-24 11:02:45 | TEMPLOG : WellhouseOne | 052.700
2016-12-24 11:02:47 | TEMPLOG : Table    One | 083.300
2016-12-24 11:03:47 | TEMPLOG : WellhouseOne | 051.800
2016-12-24 11:03:48 | TEMPLOG : Bio   Filter | 062.600
2016-12-24 11:03:48 | TEMPLOG : Table    One | 082.400
2016-12-24 11:04:49 | TEMPLOG : WellhouseOne | 050.000
2016-12-24 11:05:52 | TEMPLOG : Bio   Filter | 063.500
2016-12-24 11:07:54 | TEMPLOG : WellhouseOne | 049.100
2016-12-24 11:07:54 | TEMPLOG : Bio   Filter | 065.300
2016-12-24 11:08:55 | TEMPLOG : Bio   Filter | 066.200
2016-12-24 11:09:56 | TEMPLOG : Bio   Filter | 067.100
2016-12-24 11:10:58 | TEMPLOG : Bio   Filter | 068.900
2016-12-24 11:10:58 | TEMPLOG : Table    One | 083.300
2016-12-24 11:12:00 | TEMPLOG : Bio   Filter | 070.700
2016-12-24 11:13:01 | TEMPLOG : Bio   Filter | 072.500
2016-12-24 11:14:01 | TEMPLOG : WellhouseOne | 048.200
2016-12-24 11:14:02 | TEMPLOG : Bio   Filter | 074.300
2016-12-24 11:14:02 | TEMPLOG : To   GeoLoop | 050.900
2016-12-24 11:15:03 | TEMPLOG : Bio   Filter | 076.100
2016-12-24 11:16:05 | TEMPLOG : Bio   Filter | 077.900
2016-12-24 11:16:06 | TEMPLOG : Table    One | 084.200
2016-12-24 11:17:06 | TEMPLOG : Bio   Filter | 078.800
2016-12-24 11:18:07 | TEMPLOG : Bio   Filter | 079.700
2016-12-24 11:18:07 | TEMPLOG : Table    One | 083.300
2016-12-24 11:19:08 | TEMPLOG : WellhouseOne | 078.800
2016-12-24 11:19:08 | TEMPLOG : Bio   Filter | 080.600
2016-12-24 11:20:09 | TEMPLOG : WellhouseOne | 120.200
2016-12-24 11:20:10 | TEMPLOG : Bio   Filter | 081.500
2016-12-24 11:21:11 | TEMPLOG : WellhouseOne | 134.600
2016-12-24 11:21:11 | TEMPLOG : Bio   Filter | 082.400
2016-12-24 11:22:12 | TEMPLOG : WellhouseOne | 095.900
2016-12-24 11:22:12 | TEMPLOG : Bio   Filter | 083.300
2016-12-24 11:23:13 | TEMPLOG : WellhouseOne | 081.500
2016-12-24 11:24:14 | TEMPLOG : WellhouseOne | 071.600
2016-12-24 11:24:14 | TEMPLOG : Bio   Filter | 084.200
2016-12-24 11:25:15 | TEMPLOG : WellhouseOne | 064.400
2016-12-24 11:26:17 | TEMPLOG : WellhouseOne | 061.700
2016-12-24 11:27:19 | TEMPLOG : WellhouseOne | 058.100
2016-12-24 11:28:19 | TEMPLOG : WellhouseOne | 057.200
2016-12-24 11:28:20 | TEMPLOG : Bio   Filter | 085.100
2016-12-24 11:28:20 | TEMPLOG : Table    One | 082.400
2016-12-24 11:29:21 | TEMPLOG : WellhouseOne | 055.400
2016-12-24 11:29:21 | TEMPLOG : Bio   Filter | 084.200
2016-12-24 11:30:23 | TEMPLOG : WellhouseOne | 054.500
2016-12-24 11:31:24 | TEMPLOG : WellhouseOne | 053.600
2016-12-24 11:32:25 | TEMPLOG : WellhouseOne | 052.700
2016-12-24 11:34:29 | TEMPLOG : WellhouseOne | 051.800
2016-12-24 11:34:29 | TEMPLOG : Table    One | 083.300
2016-12-24 11:37:33 | TEMPLOG : WellhouseOne | 050.900
2016-12-24 11:37:33 | TEMPLOG : Table    One | 084.200
2016-12-24 11:38:35 | TEMPLOG : Table    One | 085.100
2016-12-24 11:40:37 | TEMPLOG : WellhouseOne | 050.000
2016-12-24 11:40:38 | TEMPLOG : Table    One | 086.000
2016-12-24 11:41:38 | TEMPLOG : Bio   Filter | 085.100
2016-12-24 11:44:41 | TEMPLOG : WellhouseOne | 049.100
2016-12-24 11:45:42 | TEMPLOG : Bio   Filter | 086.000
2016-12-24 11:45:43 | TEMPLOG : Table    One | 085.100
2016-12-24 11:47:44 | TEMPLOG : Bio   Filter | 086.900
2016-12-24 11:49:46 | TEMPLOG : Bio   Filter | 086.000
2016-12-24 11:50:48 | TEMPLOG : WellhouseOne | 089.600
2016-12-24 11:50:48 | TEMPLOG : Bio   Filter | 085.100
2016-12-24 11:50:48 | TEMPLOG : Table    One | 086.000
2016-12-24 11:51:49 | TEMPLOG : WellhouseOne | 124.700
2016-12-24 11:51:49 | TEMPLOG : Bio   Filter | 084.200
2016-12-24 11:52:49 | TEMPLOG : WellhouseOne | 112.100
2016-12-24 11:52:50 | TEMPLOG : Bio   Filter | 083.300
2016-12-24 11:52:50 | TEMPLOG : To   GeoLoop | 051.800
2016-12-24 11:53:50 | TEMPLOG : WellhouseOne | 086.000
2016-12-24 11:53:51 | TEMPLOG : Bio   Filter | 082.400
2016-12-24 11:53:51 | TEMPLOG : To   GeoLoop | 050.900
2016-12-24 11:54:51 | TEMPLOG : WellhouseOne | 075.200
2016-12-24 11:54:52 | TEMPLOG : Bio   Filter | 081.500
2016-12-24 11:55:52 | TEMPLOG : WellhouseOne | 068.000
2016-12-24 11:55:53 | TEMPLOG : To   GeoLoop | 051.800
2016-12-24 11:56:53 | TEMPLOG : WellhouseOne | 063.500
2016-12-24 11:57:54 | TEMPLOG : WellhouseOne | 060.800
2016-12-24 11:58:56 | TEMPLOG : WellhouseOne | 059.000
2016-12-24 11:59:57 | TEMPLOG : WellhouseOne | 058.100
2016-12-24 12:00:59 | TEMPLOG : WellhouseOne | 056.300
2016-12-24 12:00:59 | TEMPLOG : Bio   Filter | 082.400
2016-12-24 12:00:59 | TEMPLOG : To   GeoLoop | 051.800
2016-12-24 12:00:59 | TEMPLOG : Table    One | 086.000
2016-12-24 12:02:00 | TEMPLOG : WellhouseOne | 055.400
2016-12-24 12:03:02 | TEMPLOG : Bio   Filter | 083.300
2016-12-24 12:04:02 | TEMPLOG : WellhouseOne | 054.500
2016-12-24 12:04:03 | TEMPLOG : Bio   Filter | 084.200
2016-12-24 12:05:03 | TEMPLOG : WellhouseOne | 053.600
2016-12-24 12:05:04 | TEMPLOG : Table    One | 086.900
2016-12-24 12:06:05 | TEMPLOG : Bio   Filter | 085.100
2016-12-24 12:07:06 | TEMPLOG : Bio   Filter | 086.000
2016-12-24 12:08:07 | TEMPLOG : WellhouseOne | 052.700
2016-12-24 12:08:07 | TEMPLOG : Bio   Filter | 086.900
2016-12-24 12:08:08 | TEMPLOG : Table    One | 087.800
2016-12-24 12:09:09 | TEMPLOG : Bio   Filter | 087.800
2016-12-24 12:10:11 | TEMPLOG : Table    One | 088.700
2016-12-24 12:11:11 | TEMPLOG : WellhouseOne | 051.800
2016-12-24 12:11:12 | TEMPLOG : Bio   Filter | 088.700
2016-12-24 12:12:15 | TEMPLOG : To   GeoLoop | 052.700
2016-12-24 12:13:16 | TEMPLOG : WellhouseOne | 050.900
2016-12-24 12:13:16 | TEMPLOG : Bio   Filter | 089.600
2016-12-24 12:13:17 | TEMPLOG : To   GeoLoop | 051.800
2016-12-24 12:14:19 | TEMPLOG : Bio   Filter | 088.700
2016-12-24 12:16:21 | TEMPLOG : To   GeoLoop | 052.700
2016-12-24 12:19:24 | TEMPLOG : Bio   Filter | 089.600
2016-12-24 12:20:25 | TEMPLOG : WellhouseOne | 050.000
2016-12-24 12:20:25 | TEMPLOG : Bio   Filter | 088.700
2016-12-24 12:20:26 | TEMPLOG : Table    One | 089.600
2016-12-24 12:24:30 | TEMPLOG : WellhouseOne | 111.200
2016-12-24 12:25:31 | TEMPLOG : WellhouseOne | 130.100
2016-12-24 12:25:31 | TEMPLOG : Bio   Filter | 089.600
2016-12-24 12:26:32 | TEMPLOG : WellhouseOne | 094.100
2016-12-24 12:26:33 | TEMPLOG : Table    One | 090.500
2016-12-24 12:27:34 | TEMPLOG : WellhouseOne | 082.400
2016-12-24 12:28:34 | TEMPLOG : WellhouseOne | 075.200
2016-12-24 12:28:35 | TEMPLOG : Bio   Filter | 090.500
2016-12-24 12:28:35 | TEMPLOG : To   GeoLoop | 053.600
2016-12-24 12:28:35 | TEMPLOG : Table    One | 089.600
2016-12-24 12:29:35 | TEMPLOG : WellhouseOne | 069.800
2016-12-24 12:29:36 | TEMPLOG : To   GeoLoop | 052.700
2016-12-24 12:29:36 | TEMPLOG : Table    One | 090.500
2016-12-24 12:30:37 | TEMPLOG : WellhouseOne | 066.200
2016-12-24 12:31:39 | TEMPLOG : WellhouseOne | 063.500
2016-12-24 12:31:39 | TEMPLOG : To   GeoLoop | 053.600
2016-12-24 12:32:40 | TEMPLOG : WellhouseOne | 061.700
2016-12-24 12:32:41 | TEMPLOG : Table    One | 089.600
2016-12-24 12:33:41 | TEMPLOG : WellhouseOne | 060.800
2016-12-24 12:34:43 | TEMPLOG : WellhouseOne | 059.000
2016-12-24 12:34:43 | TEMPLOG : Table    One | 090.500
2016-12-24 12:35:44 | TEMPLOG : WellhouseOne | 058.100
2016-12-24 12:36:44 | TEMPLOG : WellhouseOne | 057.200
2016-12-24 12:36:45 | TEMPLOG : Bio   Filter | 091.400
2016-12-24 12:37:46 | TEMPLOG : WellhouseOne | 056.300
2016-12-24 12:38:47 | TEMPLOG : WellhouseOne | 055.400
2016-12-24 12:38:48 | TEMPLOG : Table    One | 089.600
2016-12-24 12:39:49 | TEMPLOG : To   GeoLoop | 054.500
2016-12-24 12:41:51 | TEMPLOG : WellhouseOne | 054.500
2016-12-24 12:41:52 | TEMPLOG : Bio   Filter | 090.500
2016-12-24 12:41:53 | TEMPLOG : Table    One | 090.500
2016-12-24 12:42:53 | TEMPLOG : Bio   Filter | 091.400
2016-12-24 12:43:55 | TEMPLOG : Table    One | 091.400
2016-12-24 12:44:55 | TEMPLOG : WellhouseOne | 053.600
2016-12-24 12:44:56 | TEMPLOG : To   GeoLoop | 055.400
2016-12-24 12:45:56 | TEMPLOG : Bio   Filter | 092.300
2016-12-24 12:46:58 | TEMPLOG : Table    One | 092.300
2016-12-24 12:47:58 | TEMPLOG : WellhouseOne | 052.700
2016-12-24 12:48:59 | TEMPLOG : WellhouseOne | 051.800
2016-12-24 12:50:00 | TEMPLOG : WellhouseOne | 052.700
2016-12-24 12:50:01 | TEMPLOG : To   GeoLoop | 056.300
2016-12-24 12:51:02 | TEMPLOG : WellhouseOne | 051.800
2016-12-24 12:52:04 | TEMPLOG : Bio   Filter | 093.200
2016-12-24 12:52:04 | TEMPLOG : Table    One | 093.200
2016-12-24 12:54:07 | TEMPLOG : WellhouseOne | 050.900
2016-12-24 12:54:08 | TEMPLOG : Table    One | 092.300
2016-12-24 12:56:11 | TEMPLOG : Table    One | 093.200
2016-12-24 12:57:13 | TEMPLOG : Table    One | 092.300
2016-12-24 12:58:13 | TEMPLOG : WellhouseOne | 051.800
2016-12-24 12:58:14 | TEMPLOG : Bio   Filter | 092.300
2016-12-24 12:59:14 | TEMPLOG : WellhouseOne | 115.700
2016-12-24 12:59:15 | TEMPLOG : Bio   Filter | 093.200
2016-12-24 13:00:16 | TEMPLOG : WellhouseOne | 126.500
2016-12-24 13:00:16 | TEMPLOG : Bio   Filter | 093.200
2016-12-24 13:00:16 | TEMPLOG : To   GeoLoop | 056.300
2016-12-24 13:00:17 | TEMPLOG : Table    One | 092.300
2016-12-24 13:01:17 | TEMPLOG : WellhouseOne | 092.300
2016-12-24 13:01:18 | TEMPLOG : Bio   Filter | 092.300
2016-12-24 13:02:20 | TEMPLOG : WellhouseOne | 076.100
2016-12-24 13:02:20 | TEMPLOG : To   GeoLoop | 057.200
2016-12-24 13:03:21 | TEMPLOG : WellhouseOne | 069.800
2016-12-24 13:04:22 | TEMPLOG : WellhouseOne | 067.100
2016-12-24 13:04:23 | TEMPLOG : Table    One | 091.400
2016-12-24 13:05:23 | TEMPLOG : WellhouseOne | 063.500
2016-12-24 13:06:25 | TEMPLOG : WellhouseOne | 060.800
2016-12-24 13:07:26 | TEMPLOG : WellhouseOne | 059.900
2016-12-24 13:08:28 | TEMPLOG : WellhouseOne | 057.200
2016-12-24 13:08:29 | TEMPLOG : Bio   Filter | 091.400
2016-12-24 13:09:30 | TEMPLOG : WellhouseOne | 056.300
2016-12-24 13:11:33 | TEMPLOG : Bio   Filter | 090.500
2016-12-24 13:12:34 | TEMPLOG : WellhouseOne | 055.400
2016-12-24 13:14:36 | TEMPLOG : WellhouseOne | 054.500
2016-12-24 13:15:39 | TEMPLOG : To   GeoLoop | 058.100
2016-12-24 13:16:40 | TEMPLOG : Table    One | 092.300
2016-12-24 13:17:40 | TEMPLOG : WellhouseOne | 053.600
2016-12-24 13:17:41 | TEMPLOG : Bio   Filter | 091.400
2016-12-24 13:17:41 | TEMPLOG : Table    One | 091.400
2016-12-24 13:20:45 | TEMPLOG : Table    One | 090.500
2016-12-24 13:21:45 | TEMPLOG : WellhouseOne | 052.700
2016-12-24 13:21:45 | TEMPLOG : Bio   Filter | 090.500
2016-12-24 13:24:49 | TEMPLOG : WellhouseOne | 051.800
2016-12-24 13:25:50 | TEMPLOG : Bio   Filter | 089.600
2016-12-24 13:25:50 | TEMPLOG : To   GeoLoop | 057.200
2016-12-24 13:26:52 | TEMPLOG : To   GeoLoop | 058.100
2016-12-24 13:31:58 | TEMPLOG : WellhouseOne | 050.900
2016-12-24 13:31:58 | TEMPLOG : To   GeoLoop | 057.200
2016-12-24 13:32:59 | TEMPLOG : WellhouseOne | 051.800
2016-12-24 13:32:59 | TEMPLOG : Bio   Filter | 088.700
2016-12-24 13:34:00 | TEMPLOG : WellhouseOne | 050.900
2016-12-24 13:34:00 | TEMPLOG : To   GeoLoop | 058.100
2016-12-24 13:34:00 | TEMPLOG : Table    One | 091.400
2016-12-24 13:35:00 | TEMPLOG : WellhouseOne | 112.100
2016-12-24 13:36:01 | TEMPLOG : WellhouseOne | 124.700
2016-12-24 13:37:03 | TEMPLOG : WellhouseOne | 090.500
2016-12-24 13:38:03 | TEMPLOG : WellhouseOne | 078.800
2016-12-24 13:38:03 | TEMPLOG : Bio   Filter | 087.800
2016-12-24 13:39:04 | TEMPLOG : WellhouseOne | 071.600
2016-12-24 13:39:04 | TEMPLOG : Bio   Filter | 088.700
2016-12-24 13:40:05 | TEMPLOG : WellhouseOne | 068.000
2016-12-24 13:41:06 | TEMPLOG : WellhouseOne | 064.400
2016-12-24 13:42:08 | TEMPLOG : WellhouseOne | 061.700
2016-12-24 13:43:10 | TEMPLOG : WellhouseOne | 059.900
2016-12-24 13:44:11 | TEMPLOG : WellhouseOne | 059.000
2016-12-24 13:45:14 | TEMPLOG : WellhouseOne | 057.200
2016-12-24 13:46:15 | TEMPLOG : WellhouseOne | 056.300
2016-12-24 13:47:16 | TEMPLOG : Bio   Filter | 087.800
2016-12-24 13:48:17 | TEMPLOG : Bio   Filter | 088.700
2016-12-24 13:49:18 | TEMPLOG : WellhouseOne | 055.400
2016-12-24 13:51:20 | TEMPLOG : WellhouseOne | 054.500
2016-12-24 13:53:21 | TEMPLOG : WellhouseOne | 053.600
2016-12-24 13:53:22 | TEMPLOG : Table    One | 090.500
2016-12-24 13:57:26 | TEMPLOG : Table    One | 089.600
2016-12-24 13:58:27 | TEMPLOG : Table    One | 090.500
2016-12-24 14:00:29 | TEMPLOG : WellhouseOne | 052.700
2016-12-24 14:00:29 | TEMPLOG : Bio   Filter | 088.700
2016-12-24 14:00:30 | TEMPLOG : To   GeoLoop | 058.100
2016-12-24 14:00:30 | TEMPLOG : Table    One | 090.500
2016-12-24 14:01:31 | TEMPLOG : Table    One | 089.600
2016-12-24 14:05:36 | TEMPLOG : Table    One | 088.700
2016-12-24 14:06:37 | TEMPLOG : WellhouseOne | 051.800
2016-12-24 14:06:38 | TEMPLOG : Bio   Filter | 087.800
2016-12-24 14:07:39 | TEMPLOG : Bio   Filter | 088.700
2016-12-24 14:08:41 | TEMPLOG : Table    One | 087.800
2016-12-24 14:11:44 | TEMPLOG : WellhouseOne | 096.800
2016-12-24 14:12:46 | TEMPLOG : WellhouseOne | 132.800
2016-12-24 14:13:46 | TEMPLOG : WellhouseOne | 099.500
2016-12-24 14:13:47 | TEMPLOG : Table    One | 086.900
2016-12-24 14:14:48 | TEMPLOG : WellhouseOne | 086.000
2016-12-24 14:15:50 | TEMPLOG : WellhouseOne | 075.200
2016-12-24 14:16:52 | TEMPLOG : WellhouseOne | 069.800
2016-12-24 14:17:53 | TEMPLOG : WellhouseOne | 065.300
2016-12-24 14:17:53 | TEMPLOG : Bio   Filter | 087.800
2016-12-24 14:18:54 | TEMPLOG : WellhouseOne | 063.500
2016-12-24 14:19:55 | TEMPLOG : WellhouseOne | 060.800
2016-12-24 14:20:56 | TEMPLOG : WellhouseOne | 059.900
2016-12-24 14:21:58 | TEMPLOG : WellhouseOne | 059.000
2016-12-24 14:22:59 | TEMPLOG : WellhouseOne | 058.100
2016-12-24 14:24:00 | TEMPLOG : WellhouseOne | 056.300
2016-12-24 14:24:00 | TEMPLOG : Bio   Filter | 086.900
2016-12-24 14:25:02 | TEMPLOG : Table    One | 087.800
2016-12-24 14:26:03 | TEMPLOG : Table    One | 086.900
2016-12-24 14:27:03 | TEMPLOG : WellhouseOne | 055.400
2016-12-24 14:27:03 | TEMPLOG : Bio   Filter | 086.000
2016-12-24 14:28:05 | TEMPLOG : To   GeoLoop | 057.200
2016-12-24 14:29:06 | TEMPLOG : To   GeoLoop | 058.100
2016-12-24 14:30:07 | TEMPLOG : WellhouseOne | 054.500
2016-12-24 14:30:07 | TEMPLOG : To   GeoLoop | 057.200
2016-12-24 14:31:08 | TEMPLOG : WellhouseOne | 053.600
2016-12-24 14:31:09 | TEMPLOG : To   GeoLoop | 058.100
2016-12-24 14:33:11 | TEMPLOG : To   GeoLoop | 057.200
2016-12-24 14:34:13 | TEMPLOG : Table    One | 086.000
2016-12-24 14:35:13 | TEMPLOG : Table    One | 086.900
2016-12-24 14:36:15 | TEMPLOG : Table    One | 086.000
2016-12-24 14:38:17 | TEMPLOG : WellhouseOne | 052.700
2016-12-24 14:38:17 | TEMPLOG : Bio   Filter | 085.100
2016-12-24 14:39:20 | TEMPLOG : Table    One | 085.100
2016-12-24 14:42:23 | TEMPLOG : WellhouseOne | 051.800
2016-12-24 14:42:23 | TEMPLOG : Bio   Filter | 084.200
2016-12-24 14:43:24 | TEMPLOG : WellhouseOne | 052.700
2016-12-24 14:44:25 | TEMPLOG : WellhouseOne | 051.800
2016-12-24 14:44:26 | TEMPLOG : Bio   Filter | 083.300
2016-12-24 14:46:28 | TEMPLOG : WellhouseOne | 050.900
2016-12-24 14:48:30 | TEMPLOG : Bio   Filter | 082.400
2016-12-24 14:49:32 | TEMPLOG : WellhouseOne | 109.400
2016-12-24 14:50:33 | TEMPLOG : WellhouseOne | 124.700
2016-12-24 14:51:34 | TEMPLOG : WellhouseOne | 091.400
2016-12-24 14:52:35 | TEMPLOG : WellhouseOne | 078.800
2016-12-24 14:52:36 | TEMPLOG : Table    One | 084.200
2016-12-24 14:53:36 | TEMPLOG : WellhouseOne | 072.500
2016-12-24 14:53:37 | TEMPLOG : Table    One | 083.300
2016-12-24 14:54:38 | TEMPLOG : WellhouseOne | 067.100
2016-12-24 14:55:40 | TEMPLOG : WellhouseOne | 064.400
2016-12-24 14:56:42 | TEMPLOG : WellhouseOne | 062.600
2016-12-24 14:56:42 | TEMPLOG : Bio   Filter | 081.500
2016-12-24 14:57:43 | TEMPLOG : WellhouseOne | 060.800
2016-12-24 14:57:44 | TEMPLOG : Table    One | 082.400
2016-12-24 14:58:45 | TEMPLOG : WellhouseOne | 058.100
2016-12-24 14:59:45 | TEMPLOG : WellhouseOne | 057.200
2016-12-24 15:00:47 | TEMPLOG : WellhouseOne | 057.200
2016-12-24 15:00:47 | TEMPLOG : Bio   Filter | 081.500
2016-12-24 15:00:47 | TEMPLOG : To   GeoLoop | 057.200
2016-12-24 15:00:47 | TEMPLOG : Table    One | 081.500
2016-12-24 15:01:47 | TEMPLOG : WellhouseOne | 056.300
2016-12-24 15:01:47 | TEMPLOG : Bio   Filter | 080.600
2016-12-24 15:01:48 | TEMPLOG : Table    One | 080.600
2016-12-24 15:02:48 | TEMPLOG : WellhouseOne | 055.400
2016-12-24 15:02:49 | TEMPLOG : Table    One | 079.700
2016-12-24 15:03:50 | TEMPLOG : To   GeoLoop | 056.300
2016-12-24 15:04:52 | TEMPLOG : Table    One | 078.800
2016-12-24 15:05:53 | TEMPLOG : WellhouseOne | 054.500
2016-12-24 15:05:54 | TEMPLOG : Table    One | 077.900
2016-12-24 15:06:55 | TEMPLOG : Bio   Filter | 079.700
2016-12-24 15:07:57 | TEMPLOG : Table    One | 077.000
2016-12-24 15:09:58 | TEMPLOG : WellhouseOne | 053.600
2016-12-24 15:09:59 | TEMPLOG : Table    One | 076.100
2016-12-24 15:11:01 | TEMPLOG : Bio   Filter | 078.800
2016-12-24 15:12:02 | TEMPLOG : WellhouseOne | 052.700
2016-12-24 15:14:05 | TEMPLOG : Bio   Filter | 077.900
2016-12-24 15:15:07 | TEMPLOG : Table    One | 077.000
2016-12-24 15:18:10 | TEMPLOG : Bio   Filter | 077.000
2016-12-24 15:21:13 | TEMPLOG : WellhouseOne | 051.800
2016-12-24 15:22:16 | TEMPLOG : Table    One | 076.100
2016-12-24 15:25:19 | TEMPLOG : Bio   Filter | 076.100
2016-12-24 15:26:20 | TEMPLOG : WellhouseOne | 105.800
2016-12-24 15:26:22 | TEMPLOG : Table    One | 075.200
2016-12-24 15:27:22 | TEMPLOG : WellhouseOne | 130.100
2016-12-24 15:28:23 | TEMPLOG : WellhouseOne | 093.200
2016-12-24 15:28:23 | TEMPLOG : Bio   Filter | 075.200
2016-12-24 15:28:24 | TEMPLOG : Table    One | 074.300
2016-12-24 15:29:24 | TEMPLOG : WellhouseOne | 079.700
2016-12-24 15:29:25 | TEMPLOG : To   GeoLoop | 055.400
2016-12-24 15:30:26 | TEMPLOG : WellhouseOne | 072.500
2016-12-24 15:30:26 | TEMPLOG : Bio   Filter | 074.300
2016-12-24 15:30:26 | TEMPLOG : Table    One | 073.400
2016-12-24 15:31:27 | TEMPLOG : WellhouseOne | 067.100
2016-12-24 15:32:28 | TEMPLOG : WellhouseOne | 064.400
2016-12-24 15:32:28 | TEMPLOG : Bio   Filter | 073.400
2016-12-24 15:33:29 | TEMPLOG : WellhouseOne | 062.600
2016-12-24 15:34:30 | TEMPLOG : WellhouseOne | 060.800
2016-12-24 15:34:30 | TEMPLOG : Bio   Filter | 072.500
2016-12-24 15:35:31 | TEMPLOG : WellhouseOne | 059.000
2016-12-24 15:35:31 | TEMPLOG : Table    One | 072.500
2016-12-24 15:36:32 | TEMPLOG : WellhouseOne | 058.100
2016-12-24 15:36:32 | TEMPLOG : Table    One | 073.400
2016-12-24 15:37:32 | TEMPLOG : WellhouseOne | 057.200
2016-12-24 15:37:35 | TEMPLOG : Table    One | 072.500
2016-12-24 15:38:36 | TEMPLOG : Bio   Filter | 071.600
2016-12-24 15:39:36 | TEMPLOG : WellhouseOne | 056.300
2016-12-24 15:40:38 | TEMPLOG : Bio   Filter | 070.700
2016-12-24 15:40:38 | TEMPLOG : Table    One | 071.600
2016-12-24 15:41:39 | TEMPLOG : WellhouseOne | 055.400
2016-12-24 15:43:41 | TEMPLOG : WellhouseOne | 054.500
2016-12-24 15:43:41 | TEMPLOG : Bio   Filter | 069.800
2016-12-24 15:44:43 | TEMPLOG : Table    One | 070.700
2016-12-24 15:46:45 | TEMPLOG : Bio   Filter | 068.900
2016-12-24 15:47:46 | TEMPLOG : Table    One | 069.800
2016-12-24 15:48:47 | TEMPLOG : WellhouseOne | 053.600
2016-12-24 15:49:48 | TEMPLOG : Bio   Filter | 068.000
2016-12-24 15:49:48 | TEMPLOG : Table    One | 068.900
2016-12-24 15:50:49 | TEMPLOG : WellhouseOne | 052.700
2016-12-24 15:51:50 | TEMPLOG : Bio   Filter | 067.100
2016-12-24 15:51:50 | TEMPLOG : To   GeoLoop | 054.500
2016-12-24 15:52:51 | TEMPLOG : To   GeoLoop | 055.400
2016-12-24 15:52:51 | TEMPLOG : Table    One | 068.000
2016-12-24 15:53:52 | TEMPLOG : To   GeoLoop | 054.500
2016-12-24 15:54:53 | TEMPLOG : WellhouseOne | 051.800
2016-12-24 15:54:53 | TEMPLOG : Bio   Filter | 066.200
2016-12-24 15:56:56 | TEMPLOG : Table    One | 067.100
2016-12-24 15:57:56 | TEMPLOG : Bio   Filter | 065.300
2016-12-24 15:58:58 | TEMPLOG : WellhouseOne | 050.900
2016-12-24 15:58:58 | TEMPLOG : Bio   Filter | 064.400
2016-12-24 15:58:59 | TEMPLOG : Table    One | 066.200
2016-12-24 15:59:59 | TEMPLOG : WellhouseOne | 051.800
2016-12-24 16:00:00 | TEMPLOG : To   GeoLoop | 054.500
2016-12-24 16:00:00 | TEMPLOG : Table    One | 066.200
2016-12-24 16:01:01 | TEMPLOG : Table    One | 065.300
2016-12-24 16:02:01 | TEMPLOG : WellhouseOne | 050.900
2016-12-24 16:03:02 | TEMPLOG : WellhouseOne | 108.500
2016-12-24 16:03:02 | TEMPLOG : Bio   Filter | 063.500
2016-12-24 16:03:03 | TEMPLOG : Table    One | 064.400
2016-12-24 16:04:03 | TEMPLOG : WellhouseOne | 126.500
2016-12-24 16:04:03 | TEMPLOG : Bio   Filter | 062.600
2016-12-24 16:05:04 | TEMPLOG : WellhouseOne | 090.500
2016-12-24 16:05:05 | TEMPLOG : Table    One | 063.500
2016-12-24 16:06:05 | TEMPLOG : WellhouseOne | 078.800
2016-12-24 16:07:08 | TEMPLOG : WellhouseOne | 070.700
2016-12-24 16:07:09 | TEMPLOG : Bio   Filter | 061.700
2016-12-24 16:07:09 | TEMPLOG : Table    One | 062.600
2016-12-24 16:08:09 | TEMPLOG : WellhouseOne | 068.000
2016-12-24 16:09:10 | TEMPLOG : WellhouseOne | 064.400
2016-12-24 16:09:11 | TEMPLOG : Bio   Filter | 060.800
2016-12-24 16:10:11 | TEMPLOG : WellhouseOne | 061.700
2016-12-24 16:10:12 | TEMPLOG : Table    One | 061.700
2016-12-24 16:11:12 | TEMPLOG : WellhouseOne | 059.900
2016-12-24 16:11:13 | TEMPLOG : Bio   Filter | 059.900
2016-12-24 16:12:14 | TEMPLOG : WellhouseOne | 059.000
2016-12-24 16:12:14 | TEMPLOG : To   GeoLoop | 053.600
2016-12-24 16:12:14 | TEMPLOG : Table    One | 060.800
2016-12-24 16:13:15 | TEMPLOG : WellhouseOne | 057.200
2016-12-24 16:13:15 | TEMPLOG : Bio   Filter | 059.000
2016-12-24 16:13:15 | TEMPLOG : To   GeoLoop | 054.500
2016-12-24 16:14:16 | TEMPLOG : Bio   Filter | 058.100
2016-12-24 16:14:16 | TEMPLOG : To   GeoLoop | 053.600
2016-12-24 16:14:17 | TEMPLOG : Table    One | 059.900
2016-12-24 16:15:17 | TEMPLOG : WellhouseOne | 055.400
2016-12-24 16:16:18 | TEMPLOG : WellhouseOne | 054.500
2016-12-24 16:16:18 | TEMPLOG : Bio   Filter | 057.200
2016-12-24 16:16:18 | TEMPLOG : Table    One | 059.000
2016-12-24 16:18:20 | TEMPLOG : Bio   Filter | 056.300
2016-12-24 16:18:21 | TEMPLOG : Table    One | 058.100
2016-12-24 16:20:22 | TEMPLOG : WellhouseOne | 053.600
2016-12-24 16:20:23 | TEMPLOG : Bio   Filter | 055.400
2016-12-24 16:20:23 | TEMPLOG : Table    One | 057.200
2016-12-24 16:21:25 | TEMPLOG : Table    One | 056.300
2016-12-24 16:22:25 | TEMPLOG : WellhouseOne | 052.700
2016-12-24 16:22:25 | TEMPLOG : Bio   Filter | 054.500
2016-12-24 16:23:26 | TEMPLOG : Table    One | 055.400
2016-12-24 16:24:27 | TEMPLOG : Bio   Filter | 053.600
2016-12-24 16:25:28 | TEMPLOG : Table    One | 054.500
2016-12-24 16:26:29 | TEMPLOG : Bio   Filter | 052.700
2016-12-24 16:26:29 | TEMPLOG : Table    One | 053.600
2016-12-24 16:27:31 | TEMPLOG : To   GeoLoop | 052.700
2016-12-24 16:28:31 | TEMPLOG : WellhouseOne | 051.800
2016-12-24 16:28:33 | TEMPLOG : Table    One | 052.700
2016-12-24 16:29:33 | TEMPLOG : Bio   Filter | 051.800
2016-12-24 16:29:33 | TEMPLOG : Table    One | 051.800
2016-12-24 16:30:35 | TEMPLOG : Bio   Filter | 050.900
2016-12-24 16:30:35 | TEMPLOG : Table    One | 050.900
2016-12-24 16:31:35 | TEMPLOG : WellhouseOne | 050.900
2016-12-24 16:31:35 | TEMPLOG : Bio   Filter | 050.000
2016-12-24 16:31:37 | TEMPLOG : Table    One | 050.000
2016-12-24 16:32:38 | TEMPLOG : Table    One | 049.100
2016-12-24 16:33:38 | TEMPLOG : Bio   Filter | 049.100
2016-12-24 16:33:38 | TEMPLOG : Table    One | 048.200
2016-12-24 16:34:39 | TEMPLOG : Bio   Filter | 048.200
2016-12-24 16:35:40 | TEMPLOG : WellhouseOne | 050.000
2016-12-24 16:36:42 | TEMPLOG : WellhouseOne | 052.700
2016-12-24 16:36:42 | TEMPLOG : Table    One | 047.300
2016-12-24 16:37:42 | TEMPLOG : WellhouseOne | 115.700
2016-12-24 16:37:42 | TEMPLOG : Bio   Filter | 047.300
2016-12-24 16:38:44 | TEMPLOG : WellhouseOne | 117.500
2016-12-24 16:38:44 | TEMPLOG : To   GeoLoop | 051.800
2016-12-24 16:39:44 | TEMPLOG : WellhouseOne | 088.700
2016-12-24 16:40:46 | TEMPLOG : WellhouseOne | 078.800
2016-12-24 16:40:46 | TEMPLOG : Table    One | 046.400
2016-12-24 16:41:47 | TEMPLOG : WellhouseOne | 071.600
2016-12-24 16:42:48 | TEMPLOG : WellhouseOne | 066.200
2016-12-24 16:42:48 | TEMPLOG : Bio   Filter | 046.400
2016-12-24 16:43:48 | TEMPLOG : WellhouseOne | 062.600
2016-12-24 16:44:49 | TEMPLOG : WellhouseOne | 060.800
2016-12-24 16:44:50 | TEMPLOG : Table    One | 045.500
2016-12-24 16:45:50 | TEMPLOG : WellhouseOne | 059.000
2016-12-24 16:46:52 | TEMPLOG : WellhouseOne | 058.100
2016-12-24 16:47:53 | TEMPLOG : WellhouseOne | 057.200
2016-12-24 16:47:53 | TEMPLOG : Bio   Filter | 045.500
2016-12-24 16:48:55 | TEMPLOG : WellhouseOne | 056.300
2016-12-24 16:49:56 | TEMPLOG : WellhouseOne | 055.400
2016-12-24 16:50:58 | TEMPLOG : Table    One | 044.600
2016-12-24 16:51:58 | TEMPLOG : WellhouseOne | 054.500
2016-12-24 16:52:59 | TEMPLOG : WellhouseOne | 053.600
2016-12-24 16:55:02 | TEMPLOG : WellhouseOne | 052.700
2016-12-24 16:55:02 | TEMPLOG : Bio   Filter | 044.600
2016-12-24 16:56:04 | TEMPLOG : Table    One | 043.700
2016-12-24 16:57:05 | TEMPLOG : WellhouseOne | 051.800
2016-12-24 16:58:06 | TEMPLOG : WellhouseOne | 050.900
2016-12-24 16:59:07 | TEMPLOG : WellhouseOne | 050.000
2016-12-24 17:00:08 | TEMPLOG : WellhouseOne | 050.000
2016-12-24 17:00:08 | TEMPLOG : Bio   Filter | 043.700
2016-12-24 17:00:09 | TEMPLOG : To   GeoLoop | 051.800
2016-12-24 17:00:09 | TEMPLOG : Table    One | 043.700
2016-12-24 17:01:10 | TEMPLOG : To   GeoLoop | 050.900
2016-12-24 17:02:10 | TEMPLOG : WellhouseOne | 049.100
2016-12-24 17:02:11 | TEMPLOG : To   GeoLoop | 051.800
2016-12-24 17:03:12 | TEMPLOG : To   GeoLoop | 050.900
2016-12-24 17:04:14 | TEMPLOG : Table    One | 042.800
2016-12-24 17:05:15 | TEMPLOG : WellhouseOne | 048.200
2016-12-24 17:09:20 | TEMPLOG : WellhouseOne | 099.500
2016-12-24 17:10:22 | TEMPLOG : WellhouseOne | 126.500
2016-12-24 17:11:23 | TEMPLOG : WellhouseOne | 112.100
2016-12-24 17:11:23 | TEMPLOG : Bio   Filter | 042.800
2016-12-24 17:12:24 | TEMPLOG : WellhouseOne | 088.700
2016-12-24 17:13:25 | TEMPLOG : WellhouseOne | 077.900
2016-12-24 17:14:26 | TEMPLOG : WellhouseOne | 069.800
2016-12-24 17:15:27 | TEMPLOG : WellhouseOne | 065.300
2016-12-24 17:16:28 | TEMPLOG : WellhouseOne | 061.700
2016-12-24 17:17:29 | TEMPLOG : WellhouseOne | 059.900
2016-12-24 17:18:30 | TEMPLOG : WellhouseOne | 057.200
2016-12-24 17:18:31 | TEMPLOG : Table    One | 041.900
2016-12-24 17:19:32 | TEMPLOG : WellhouseOne | 055.400
2016-12-24 17:20:33 | TEMPLOG : WellhouseOne | 054.500
2016-12-24 17:20:33 | TEMPLOG : Bio   Filter | 041.900
2016-12-24 17:21:34 | TEMPLOG : WellhouseOne | 053.600
2016-12-24 17:22:35 | TEMPLOG : WellhouseOne | 052.700
2016-12-24 17:22:35 | TEMPLOG : Bio   Filter | 042.800
2016-12-24 17:23:36 | TEMPLOG : WellhouseOne | 051.800
2016-12-24 17:23:37 | TEMPLOG : Bio   Filter | 041.900
2016-12-24 17:25:39 | TEMPLOG : WellhouseOne | 050.900
2016-12-24 17:29:44 | TEMPLOG : WellhouseOne | 050.000
2016-12-24 17:33:47 | TEMPLOG : WellhouseOne | 049.100
2016-12-24 17:35:49 | TEMPLOG : WellhouseOne | 048.200
2016-12-24 17:36:51 | TEMPLOG : Table    One | 041.000
2016-12-24 17:39:55 | TEMPLOG : WellhouseOne | 047.300
2016-12-24 17:39:56 | TEMPLOG : Bio   Filter | 041.000
2016-12-24 17:40:56 | TEMPLOG : WellhouseOne | 103.100
2016-12-24 17:40:57 | TEMPLOG : Bio   Filter | 041.900
2016-12-24 17:40:58 | TEMPLOG : To   GeoLoop | 050.000
2016-12-24 17:41:59 | TEMPLOG : WellhouseOne | 127.400
2016-12-24 17:43:00 | TEMPLOG : WellhouseOne | 108.500
2016-12-24 17:43:00 | TEMPLOG : Bio   Filter | 041.000
2016-12-24 17:44:01 | TEMPLOG : WellhouseOne | 087.800
2016-12-24 17:45:03 | TEMPLOG : WellhouseOne | 075.200
2016-12-24 17:46:04 | TEMPLOG : WellhouseOne | 068.900
2016-12-24 17:47:05 | TEMPLOG : WellhouseOne | 064.400
2016-12-24 17:48:06 | TEMPLOG : WellhouseOne | 060.800
2016-12-24 17:49:07 | TEMPLOG : WellhouseOne | 058.100
2016-12-24 17:50:08 | TEMPLOG : WellhouseOne | 056.300
2016-12-24 17:51:09 | TEMPLOG : WellhouseOne | 055.400
2016-12-24 17:52:10 | TEMPLOG : WellhouseOne | 054.500
2016-12-24 17:53:11 | TEMPLOG : WellhouseOne | 053.600
2016-12-24 17:54:12 | TEMPLOG : WellhouseOne | 052.700
2016-12-24 17:54:13 | TEMPLOG : Table    One | 040.100
2016-12-24 17:56:15 | TEMPLOG : WellhouseOne | 051.800
2016-12-24 17:58:17 | TEMPLOG : WellhouseOne | 050.900
2016-12-24 18:00:20 | TEMPLOG : WellhouseOne | 050.000
2016-12-24 18:00:20 | TEMPLOG : Bio   Filter | 041.000
2016-12-24 18:00:20 | TEMPLOG : To   GeoLoop | 050.000
2016-12-24 18:00:21 | TEMPLOG : Table    One | 040.100
2016-12-24 18:02:22 | TEMPLOG : WellhouseOne | 049.100
2016-12-24 18:03:25 | TEMPLOG : Bio   Filter | 040.100
2016-12-24 18:05:26 | TEMPLOG : WellhouseOne | 048.200
2016-12-24 18:07:29 | TEMPLOG : WellhouseOne | 047.300
2016-12-24 18:09:31 | TEMPLOG : WellhouseOne | 046.400
2016-12-24 18:11:33 | TEMPLOG : WellhouseOne | 093.200
2016-12-24 18:12:35 | TEMPLOG : WellhouseOne | 123.800
2016-12-24 18:13:37 | TEMPLOG : WellhouseOne | 127.400
2016-12-24 18:14:38 | TEMPLOG : WellhouseOne | 092.300
2016-12-24 18:15:39 | TEMPLOG : WellhouseOne | 078.800
2016-12-24 18:16:40 | TEMPLOG : WellhouseOne | 070.700
2016-12-24 18:17:40 | TEMPLOG : WellhouseOne | 065.300
2016-12-24 18:18:41 | TEMPLOG : WellhouseOne | 061.700
2016-12-24 18:19:42 | TEMPLOG : WellhouseOne | 059.000
2016-12-24 18:20:44 | TEMPLOG : WellhouseOne | 057.200
2016-12-24 18:20:47 | TEMPLOG : Table    One | 039.200
2016-12-24 18:21:47 | TEMPLOG : WellhouseOne | 055.400
2016-12-24 18:22:49 | TEMPLOG : WellhouseOne | 054.500
2016-12-24 18:23:50 | TEMPLOG : WellhouseOne | 053.600
2016-12-24 18:24:51 | TEMPLOG : WellhouseOne | 052.700
2016-12-24 18:26:54 | TEMPLOG : WellhouseOne | 051.800
2016-12-24 18:27:55 | TEMPLOG : WellhouseOne | 050.900
2016-12-24 18:27:56 | TEMPLOG : Bio   Filter | 039.200
2016-12-24 18:29:59 | TEMPLOG : WellhouseOne | 050.000
2016-12-24 18:32:03 | TEMPLOG : WellhouseOne | 049.100
2016-12-24 18:34:05 | TEMPLOG : WellhouseOne | 048.200
2016-12-24 18:37:09 | TEMPLOG : To   GeoLoop | 049.100
2016-12-24 18:39:11 | TEMPLOG : WellhouseOne | 047.300
2016-12-24 18:42:14 | TEMPLOG : WellhouseOne | 095.000
2016-12-24 18:43:15 | TEMPLOG : WellhouseOne | 122.900
2016-12-24 18:44:15 | TEMPLOG : WellhouseOne | 131.000
2016-12-24 18:45:17 | TEMPLOG : WellhouseOne | 093.200
2016-12-24 18:46:18 | TEMPLOG : WellhouseOne | 078.800
2016-12-24 18:47:18 | TEMPLOG : WellhouseOne | 071.600
2016-12-24 18:48:20 | TEMPLOG : WellhouseOne | 067.100
2016-12-24 18:49:21 | TEMPLOG : WellhouseOne | 062.600
2016-12-24 18:50:22 | TEMPLOG : WellhouseOne | 059.900
2016-12-24 18:50:23 | TEMPLOG : Table    One | 038.300
2016-12-24 18:51:24 | TEMPLOG : WellhouseOne | 057.200
2016-12-24 18:52:25 | TEMPLOG : WellhouseOne | 056.300
2016-12-24 18:53:26 | TEMPLOG : WellhouseOne | 054.500
2016-12-24 18:54:27 | TEMPLOG : WellhouseOne | 053.600
2016-12-24 18:55:28 | TEMPLOG : WellhouseOne | 052.700
2016-12-24 18:56:29 | TEMPLOG : WellhouseOne | 051.800
2016-12-24 18:58:31 | TEMPLOG : WellhouseOne | 050.900
2016-12-24 18:59:32 | TEMPLOG : WellhouseOne | 050.000
2016-12-24 19:00:33 | TEMPLOG : WellhouseOne | 050.000
2016-12-24 19:00:33 | TEMPLOG : Bio   Filter | 038.300
2016-12-24 19:00:34 | TEMPLOG : To   GeoLoop | 049.100
2016-12-24 19:00:34 | TEMPLOG : Table    One | 038.300
2016-12-24 19:02:35 | TEMPLOG : WellhouseOne | 049.100
2016-12-24 19:04:38 | TEMPLOG : WellhouseOne | 048.200
2016-12-24 19:07:42 | TEMPLOG : WellhouseOne | 047.300
2016-12-24 19:12:49 | TEMPLOG : WellhouseOne | 103.100
2016-12-24 19:13:50 | TEMPLOG : WellhouseOne | 123.800
2016-12-24 19:14:51 | TEMPLOG : WellhouseOne | 126.500
2016-12-24 19:15:52 | TEMPLOG : WellhouseOne | 092.300
2016-12-24 19:16:53 | TEMPLOG : WellhouseOne | 079.700
2016-12-24 19:17:54 | TEMPLOG : WellhouseOne | 072.500
2016-12-24 19:18:55 | TEMPLOG : WellhouseOne | 067.100
2016-12-24 19:19:58 | TEMPLOG : WellhouseOne | 062.600
2016-12-24 19:20:59 | TEMPLOG : WellhouseOne | 059.000
2016-12-24 19:22:00 | TEMPLOG : WellhouseOne | 057.200
2016-12-24 19:23:02 | TEMPLOG : WellhouseOne | 055.400
2016-12-24 19:24:03 | TEMPLOG : WellhouseOne | 054.500
2016-12-24 19:25:04 | TEMPLOG : WellhouseOne | 053.600
2016-12-24 19:26:05 | TEMPLOG : WellhouseOne | 052.700
2016-12-24 19:27:06 | TEMPLOG : WellhouseOne | 051.800
2016-12-24 19:27:07 | TEMPLOG : To   GeoLoop | 048.200
2016-12-24 19:28:09 | TEMPLOG : WellhouseOne | 050.900
2016-12-24 19:28:09 | TEMPLOG : To   GeoLoop | 049.100
2016-12-24 19:28:10 | TEMPLOG : Table    One | 037.400
2016-12-24 19:29:11 | TEMPLOG : Table    One | 038.300
2016-12-24 19:30:13 | TEMPLOG : Table    One | 037.400
2016-12-24 19:31:13 | TEMPLOG : WellhouseOne | 050.000
2016-12-24 19:32:15 | TEMPLOG : Bio   Filter | 037.400
2016-12-24 19:33:16 | TEMPLOG : WellhouseOne | 049.100
2016-12-24 19:33:17 | TEMPLOG : To   GeoLoop | 048.200
2016-12-24 19:34:17 | TEMPLOG : WellhouseOne | 048.200
2016-12-24 19:34:17 | TEMPLOG : Bio   Filter | 038.300
2016-12-24 19:35:19 | TEMPLOG : Bio   Filter | 037.400
2016-12-24 19:36:20 | TEMPLOG : WellhouseOne | 049.100
2016-12-24 19:36:20 | TEMPLOG : To   GeoLoop | 049.100
2016-12-24 19:37:21 | TEMPLOG : WellhouseOne | 048.200
2016-12-24 19:37:21 | TEMPLOG : To   GeoLoop | 048.200
2016-12-24 19:42:26 | TEMPLOG : WellhouseOne | 047.300
2016-12-24 19:43:26 | TEMPLOG : WellhouseOne | 095.900
2016-12-24 19:44:28 | TEMPLOG : WellhouseOne | 120.200
2016-12-24 19:45:30 | TEMPLOG : WellhouseOne | 131.900
2016-12-24 19:46:31 | TEMPLOG : WellhouseOne | 097.700
2016-12-24 19:47:33 | TEMPLOG : WellhouseOne | 082.400
2016-12-24 19:48:33 | TEMPLOG : WellhouseOne | 074.300
2016-12-24 19:49:35 | TEMPLOG : WellhouseOne | 068.000
2016-12-24 19:50:36 | TEMPLOG : WellhouseOne | 063.500
2016-12-24 19:51:38 | TEMPLOG : WellhouseOne | 059.900
2016-12-24 19:52:39 | TEMPLOG : WellhouseOne | 057.200
2016-12-24 19:53:40 | TEMPLOG : WellhouseOne | 055.400
2016-12-24 19:54:42 | TEMPLOG : WellhouseOne | 054.500
2016-12-24 19:55:43 | TEMPLOG : WellhouseOne | 053.600
2016-12-24 19:56:44 | TEMPLOG : WellhouseOne | 052.700
2016-12-24 19:57:45 | TEMPLOG : WellhouseOne | 051.800
2016-12-24 19:59:47 | TEMPLOG : WellhouseOne | 050.900
2016-12-24 20:00:48 | TEMPLOG : WellhouseOne | 050.000
2016-12-24 20:00:48 | TEMPLOG : Bio   Filter | 037.400
2016-12-24 20:00:48 | TEMPLOG : To   GeoLoop | 048.200
2016-12-24 20:00:49 | TEMPLOG : Table    One | 037.400
2016-12-24 20:02:51 | TEMPLOG : WellhouseOne | 049.100
2016-12-24 20:04:52 | TEMPLOG : WellhouseOne | 048.200
2016-12-24 20:06:55 | TEMPLOG : Bio   Filter | 036.500
2016-12-24 20:07:57 | TEMPLOG : WellhouseOne | 047.300
2016-12-24 20:10:00 | TEMPLOG : Table    One | 036.500
2016-12-24 20:11:01 | TEMPLOG : WellhouseOne | 046.400
2016-12-24 20:13:02 | TEMPLOG : WellhouseOne | 077.000
2016-12-24 20:14:03 | TEMPLOG : WellhouseOne | 112.100
2016-12-24 20:15:04 | TEMPLOG : WellhouseOne | 125.600
2016-12-24 20:16:05 | TEMPLOG : WellhouseOne | 131.000
2016-12-24 20:17:06 | TEMPLOG : WellhouseOne | 096.800
2016-12-24 20:18:08 | TEMPLOG : WellhouseOne | 080.600
2016-12-24 20:19:09 | TEMPLOG : WellhouseOne | 073.400
2016-12-24 20:20:10 | TEMPLOG : WellhouseOne | 067.100
2016-12-24 20:21:11 | TEMPLOG : WellhouseOne | 062.600
2016-12-24 20:22:13 | TEMPLOG : WellhouseOne | 059.900
2016-12-24 20:23:13 | TEMPLOG : WellhouseOne | 057.200
2016-12-24 20:24:14 | TEMPLOG : WellhouseOne | 055.400
2016-12-24 20:25:15 | TEMPLOG : WellhouseOne | 054.500
2016-12-24 20:26:16 | TEMPLOG : WellhouseOne | 052.700
2016-12-24 20:27:17 | TEMPLOG : WellhouseOne | 051.800
2016-12-24 20:28:19 | TEMPLOG : WellhouseOne | 050.900
2016-12-24 20:30:23 | TEMPLOG : WellhouseOne | 050.000
2016-12-24 20:32:27 | TEMPLOG : WellhouseOne | 049.100
2016-12-24 20:33:28 | TEMPLOG : WellhouseOne | 048.200
2016-12-24 20:33:28 | TEMPLOG : To   GeoLoop | 047.300
2016-12-24 20:34:29 | TEMPLOG : To   GeoLoop | 048.200
2016-12-24 20:35:30 | TEMPLOG : WellhouseOne | 047.300
2016-12-24 20:35:30 | TEMPLOG : To   GeoLoop | 047.300
2016-12-24 20:36:32 | TEMPLOG : To   GeoLoop | 048.200
2016-12-24 20:38:33 | TEMPLOG : WellhouseOne | 046.400
2016-12-24 20:39:34 | TEMPLOG : To   GeoLoop | 047.300
2016-12-24 20:43:40 | TEMPLOG : WellhouseOne | 104.000
2016-12-24 20:44:41 | TEMPLOG : WellhouseOne | 122.000
2016-12-24 20:45:42 | TEMPLOG : WellhouseOne | 131.900
2016-12-24 20:46:44 | TEMPLOG : WellhouseOne | 108.500
2016-12-24 20:47:45 | TEMPLOG : WellhouseOne | 090.500
2016-12-24 20:48:45 | TEMPLOG : WellhouseOne | 077.900
2016-12-24 20:49:46 | TEMPLOG : WellhouseOne | 069.800
2016-12-24 20:50:48 | TEMPLOG : WellhouseOne | 064.400
2016-12-24 20:51:49 | TEMPLOG : WellhouseOne | 061.700
2016-12-24 20:52:51 | TEMPLOG : WellhouseOne | 058.100
2016-12-24 20:53:52 | TEMPLOG : WellhouseOne | 056.300
2016-12-24 20:54:53 | TEMPLOG : WellhouseOne | 054.500
2016-12-24 20:55:54 | TEMPLOG : WellhouseOne | 053.600
2016-12-24 20:55:55 | TEMPLOG : Bio   Filter | 037.400
2016-12-24 20:56:55 | TEMPLOG : WellhouseOne | 052.700
2016-12-24 20:57:56 | TEMPLOG : WellhouseOne | 051.800
2016-12-24 20:57:56 | TEMPLOG : Bio   Filter | 036.500
2016-12-24 20:58:57 | TEMPLOG : Bio   Filter | 037.400
2016-12-24 20:59:58 | TEMPLOG : WellhouseOne | 050.900
2016-12-24 20:59:58 | TEMPLOG : Bio   Filter | 036.500
2016-12-24 21:00:59 | TEMPLOG : WellhouseOne | 050.900
2016-12-24 21:00:59 | TEMPLOG : Bio   Filter | 036.500
2016-12-24 21:00:59 | TEMPLOG : To   GeoLoop | 047.300
2016-12-24 21:02:00 | TEMPLOG : WellhouseOne | 050.000
2016-12-24 21:04:02 | TEMPLOG : WellhouseOne | 049.100
2016-12-24 21:08:05 | TEMPLOG : WellhouseOne | 048.200
2016-12-24 21:10:08 | TEMPLOG : WellhouseOne | 047.300
2016-12-24 21:14:13 | TEMPLOG : WellhouseOne | 070.700
2016-12-24 21:15:14 | TEMPLOG : WellhouseOne | 115.700
2016-12-24 21:16:15 | TEMPLOG : WellhouseOne | 130.100
2016-12-24 21:17:17 | TEMPLOG : WellhouseOne | 134.600
2016-12-24 21:18:18 | TEMPLOG : WellhouseOne | 096.800
2016-12-24 21:19:18 | TEMPLOG : WellhouseOne | 083.300
2016-12-24 21:20:19 | TEMPLOG : WellhouseOne | 075.200
2016-12-24 21:21:20 | TEMPLOG : WellhouseOne | 068.000
2016-12-24 21:22:21 | TEMPLOG : WellhouseOne | 063.500
2016-12-24 21:23:22 | TEMPLOG : WellhouseOne | 059.900
2016-12-24 21:24:23 | TEMPLOG : WellhouseOne | 058.100
2016-12-24 21:25:24 | TEMPLOG : WellhouseOne | 055.400
2016-12-24 21:26:25 | TEMPLOG : WellhouseOne | 053.600
2016-12-24 21:27:26 | TEMPLOG : WellhouseOne | 051.800
2016-12-24 21:28:28 | TEMPLOG : WellhouseOne | 050.900
2016-12-24 21:29:29 | TEMPLOG : WellhouseOne | 050.000
2016-12-24 21:31:31 | TEMPLOG : WellhouseOne | 049.100
2016-12-24 21:31:32 | TEMPLOG : Table    One | 035.600
2016-12-24 21:32:33 | TEMPLOG : WellhouseOne | 048.200
2016-12-24 21:33:35 | TEMPLOG : WellhouseOne | 047.300
2016-12-24 21:36:38 | TEMPLOG : WellhouseOne | 046.400
2016-12-24 21:38:41 | TEMPLOG : Bio   Filter | 035.600
2016-12-24 21:38:42 | TEMPLOG : To   GeoLoop | 046.400
2016-12-24 21:39:43 | TEMPLOG : WellhouseOne | 045.500
2016-12-24 21:43:49 | TEMPLOG : WellhouseOne | 104.000
2016-12-24 21:44:51 | TEMPLOG : WellhouseOne | 122.900
2016-12-24 21:45:52 | TEMPLOG : WellhouseOne | 132.800
2016-12-24 21:46:54 | TEMPLOG : WellhouseOne | 114.800
2016-12-24 21:47:56 | TEMPLOG : WellhouseOne | 088.700
2016-12-24 21:48:57 | TEMPLOG : WellhouseOne | 077.900
2016-12-24 21:49:59 | TEMPLOG : WellhouseOne | 068.900
2016-12-24 21:51:00 | TEMPLOG : WellhouseOne | 064.400
2016-12-24 21:52:01 | TEMPLOG : WellhouseOne | 060.800
2016-12-24 21:53:02 | TEMPLOG : WellhouseOne | 058.100
2016-12-24 21:54:03 | TEMPLOG : WellhouseOne | 055.400
2016-12-24 21:55:05 | TEMPLOG : WellhouseOne | 053.600
2016-12-24 21:56:05 | TEMPLOG : WellhouseOne | 052.700
2016-12-24 21:57:06 | TEMPLOG : WellhouseOne | 050.900
2016-12-24 21:58:08 | TEMPLOG : WellhouseOne | 050.000
2016-12-24 21:59:09 | TEMPLOG : WellhouseOne | 049.100
2016-12-24 22:00:10 | TEMPLOG : WellhouseOne | 049.100
2016-12-24 22:00:10 | TEMPLOG : Bio   Filter | 035.600
2016-12-24 22:00:10 | TEMPLOG : To   GeoLoop | 046.400
2016-12-24 22:00:10 | TEMPLOG : Table    One | 035.600
2016-12-24 22:01:10 | TEMPLOG : WellhouseOne | 048.200
2016-12-24 22:04:14 | TEMPLOG : WellhouseOne | 047.300
2016-12-24 22:06:19 | TEMPLOG : Table    One | 034.700
2016-12-24 22:07:19 | TEMPLOG : WellhouseOne | 046.400
2016-12-24 22:08:21 | TEMPLOG : WellhouseOne | 044.600
2016-12-24 22:08:22 | TEMPLOG : Table    One | 035.600
2016-12-24 22:12:26 | TEMPLOG : WellhouseOne | 048.200
2016-12-24 22:12:26 | TEMPLOG : Table    One | 034.700
2016-12-24 22:13:27 | TEMPLOG : WellhouseOne | 108.500
2016-12-24 22:14:29 | TEMPLOG : WellhouseOne | 124.700
2016-12-24 22:15:31 | TEMPLOG : WellhouseOne | 132.800
2016-12-24 22:16:32 | TEMPLOG : WellhouseOne | 111.200
2016-12-24 22:17:34 | TEMPLOG : WellhouseOne | 088.700
2016-12-24 22:18:35 | TEMPLOG : WellhouseOne | 076.100
2016-12-24 22:19:38 | TEMPLOG : WellhouseOne | 069.800
2016-12-24 22:20:39 | TEMPLOG : WellhouseOne | 064.400
2016-12-24 22:21:40 | TEMPLOG : WellhouseOne | 060.800
2016-12-24 22:22:41 | TEMPLOG : WellhouseOne | 057.200
2016-12-24 22:23:44 | TEMPLOG : WellhouseOne | 055.400
2016-12-24 22:24:45 | TEMPLOG : WellhouseOne | 053.600
2016-12-24 22:25:47 | TEMPLOG : WellhouseOne | 052.700
2016-12-24 22:26:48 | TEMPLOG : WellhouseOne | 050.900
2016-12-24 22:27:49 | TEMPLOG : Bio   Filter | 034.700
2016-12-24 22:28:50 | TEMPLOG : WellhouseOne | 050.000
2016-12-24 22:28:50 | TEMPLOG : Bio   Filter | 035.600
2016-12-24 22:29:51 | TEMPLOG : WellhouseOne | 049.100
2016-12-24 22:31:53 | TEMPLOG : WellhouseOne | 048.200
2016-12-24 22:32:53 | TEMPLOG : WellhouseOne | 047.300
2016-12-24 22:36:59 | TEMPLOG : WellhouseOne | 046.400
2016-12-24 22:40:04 | TEMPLOG : WellhouseOne | 045.500
2016-12-24 22:40:04 | TEMPLOG : Bio   Filter | 034.700
2016-12-24 22:41:05 | TEMPLOG : WellhouseOne | 044.600
2016-12-24 22:41:06 | TEMPLOG : Bio   Filter | 035.600
2016-12-24 22:42:06 | TEMPLOG : WellhouseOne | 092.300
2016-12-24 22:42:06 | TEMPLOG : Bio   Filter | 034.700
2016-12-24 22:43:07 | TEMPLOG : WellhouseOne | 117.500
2016-12-24 22:43:08 | TEMPLOG : To   GeoLoop | 045.500
2016-12-24 22:44:09 | TEMPLOG : WellhouseOne | 129.200
2016-12-24 22:44:10 | TEMPLOG : To   GeoLoop | 046.400
2016-12-24 22:45:11 | TEMPLOG : WellhouseOne | 136.400
2016-12-24 22:46:13 | TEMPLOG : WellhouseOne | 097.700
2016-12-24 22:46:13 | TEMPLOG : To   GeoLoop | 045.500
2016-12-24 22:47:13 | TEMPLOG : WellhouseOne | 082.400
2016-12-24 22:48:15 | TEMPLOG : WellhouseOne | 073.400
2016-12-24 22:49:16 | TEMPLOG : WellhouseOne | 067.100
2016-12-24 22:50:17 | TEMPLOG : WellhouseOne | 062.600
2016-12-24 22:51:17 | TEMPLOG : WellhouseOne | 059.000
2016-12-24 22:52:19 | TEMPLOG : WellhouseOne | 056.300
2016-12-24 22:53:20 | TEMPLOG : WellhouseOne | 053.600
2016-12-24 22:54:21 | TEMPLOG : WellhouseOne | 052.700
2016-12-24 22:55:22 | TEMPLOG : WellhouseOne | 050.900
2016-12-24 22:56:24 | TEMPLOG : WellhouseOne | 050.000
2016-12-24 22:57:25 | TEMPLOG : WellhouseOne | 049.100
2016-12-24 23:00:29 | TEMPLOG : WellhouseOne | 048.200
2016-12-24 23:00:29 | TEMPLOG : Bio   Filter | 034.700
2016-12-24 23:00:30 | TEMPLOG : To   GeoLoop | 045.500
2016-12-24 23:00:30 | TEMPLOG : Table    One | 034.700
2016-12-24 23:02:32 | TEMPLOG : WellhouseOne | 047.300
2016-12-24 23:04:33 | TEMPLOG : WellhouseOne | 046.400
2016-12-24 23:05:36 | TEMPLOG : Table    One | 033.800
2016-12-24 23:06:36 | TEMPLOG : WellhouseOne | 045.500
2016-12-24 23:08:39 | TEMPLOG : WellhouseOne | 044.600
2016-12-24 23:10:42 | TEMPLOG : WellhouseOne | 090.500
2016-12-24 23:11:43 | TEMPLOG : WellhouseOne | 118.400
2016-12-24 23:12:44 | TEMPLOG : WellhouseOne | 129.200
2016-12-24 23:13:46 | TEMPLOG : WellhouseOne | 135.500
2016-12-24 23:14:47 | TEMPLOG : WellhouseOne | 109.400
2016-12-24 23:15:48 | TEMPLOG : WellhouseOne | 087.800
2016-12-24 23:16:50 | TEMPLOG : WellhouseOne | 077.000
2016-12-24 23:16:50 | TEMPLOG : Bio   Filter | 033.800
2016-12-24 23:17:52 | TEMPLOG : WellhouseOne | 069.800
2016-12-24 23:18:52 | TEMPLOG : WellhouseOne | 063.500
2016-12-24 23:19:54 | TEMPLOG : WellhouseOne | 059.900
2016-12-24 23:20:55 | TEMPLOG : WellhouseOne | 057.200
2016-12-24 23:21:56 | TEMPLOG : WellhouseOne | 054.500
2016-12-24 23:22:57 | TEMPLOG : WellhouseOne | 052.700
2016-12-24 23:23:58 | TEMPLOG : WellhouseOne | 051.800
2016-12-24 23:24:59 | TEMPLOG : WellhouseOne | 050.000
2016-12-24 23:26:00 | TEMPLOG : WellhouseOne | 049.100
2016-12-24 23:28:02 | TEMPLOG : WellhouseOne | 048.200
2016-12-24 23:30:06 | TEMPLOG : WellhouseOne | 047.300
2016-12-24 23:31:07 | TEMPLOG : WellhouseOne | 046.400
2016-12-24 23:33:09 | TEMPLOG : WellhouseOne | 045.500
2016-12-24 23:35:11 | TEMPLOG : WellhouseOne | 044.600
2016-12-24 23:39:15 | TEMPLOG : WellhouseOne | 085.100
2016-12-24 23:40:17 | TEMPLOG : WellhouseOne | 113.900
2016-12-24 23:41:17 | TEMPLOG : WellhouseOne | 125.600
2016-12-24 23:42:19 | TEMPLOG : WellhouseOne | 132.800
2016-12-24 23:43:20 | TEMPLOG : WellhouseOne | 113.000
2016-12-24 23:44:22 | TEMPLOG : WellhouseOne | 087.800
2016-12-24 23:45:24 | TEMPLOG : WellhouseOne | 076.100
2016-12-24 23:46:26 | TEMPLOG : WellhouseOne | 067.100
2016-12-24 23:47:27 | TEMPLOG : WellhouseOne | 063.500
2016-12-24 23:48:28 | TEMPLOG : WellhouseOne | 059.900
2016-12-24 23:49:30 | TEMPLOG : WellhouseOne | 056.300
2016-12-24 23:50:31 | TEMPLOG : WellhouseOne | 054.500
2016-12-24 23:51:31 | TEMPLOG : WellhouseOne | 052.700
2016-12-24 23:52:33 | TEMPLOG : WellhouseOne | 051.800
2016-12-24 23:52:34 | TEMPLOG : To   GeoLoop | 044.600
2016-12-24 23:53:34 | TEMPLOG : WellhouseOne | 050.000
2016-12-24 23:53:35 | TEMPLOG : To   GeoLoop | 045.500
2016-12-24 23:55:38 | TEMPLOG : WellhouseOne | 049.100
2016-12-24 23:55:38 | TEMPLOG : To   GeoLoop | 044.600
2016-12-24 23:56:39 | TEMPLOG : WellhouseOne | 048.200
2016-12-24 23:56:39 | TEMPLOG : To   GeoLoop | 045.500
2016-12-24 23:57:40 | TEMPLOG : To   GeoLoop | 044.600
2016-12-24 23:58:41 | TEMPLOG : WellhouseOne | 047.300
2016-12-24 23:58:41 | TEMPLOG : To   GeoLoop | 045.500
2016-12-24 23:59:42 | TEMPLOG : WellhouseOne | 046.400
2016-12-24 23:59:42 | TEMPLOG : To   GeoLoop | 044.600
