2016-11-14 00:00:02 | TEMPLOG : WellhouseOne | 041.900
2016-11-14 00:00:03 | TEMPLOG : Bio   Filter | 041.000
2016-11-14 00:00:03 | TEMPLOG : To   GeoLoop | 054.500
2016-11-14 00:00:03 | TEMPLOG : Table    One | 041.900
2016-11-14 00:02:04 | TEMPLOG : WellhouseOne | 041.000
2016-11-14 00:03:06 | TEMPLOG : WellhouseOne | 041.900
2016-11-14 00:04:07 | TEMPLOG : WellhouseOne | 041.000
2016-11-14 00:07:09 | TEMPLOG : Bio   Filter | 040.100
2016-11-14 00:08:10 | TEMPLOG : Bio   Filter | 041.000
2016-11-14 00:09:11 | TEMPLOG : Bio   Filter | 040.100
2016-11-14 00:10:12 | TEMPLOG : Bio   Filter | 041.000
2016-11-14 00:11:13 | TEMPLOG : Bio   Filter | 040.100
2016-11-14 00:12:14 | TEMPLOG : Bio   Filter | 041.000
2016-11-14 00:12:15 | TEMPLOG : Table    One | 041.000
2016-11-14 00:13:16 | TEMPLOG : Bio   Filter | 040.100
2016-11-14 00:13:16 | TEMPLOG : Table    One | 041.900
2016-11-14 00:15:19 | TEMPLOG : Table    One | 041.000
2016-11-14 00:22:26 | TEMPLOG : To   GeoLoop | 053.600
2016-11-14 00:24:29 | TEMPLOG : To   GeoLoop | 054.500
2016-11-14 00:26:31 | TEMPLOG : WellhouseOne | 040.100
2016-11-14 00:27:33 | TEMPLOG : WellhouseOne | 041.000
2016-11-14 00:27:33 | TEMPLOG : To   GeoLoop | 053.600
2016-11-14 00:28:34 | TEMPLOG : WellhouseOne | 040.100
2016-11-14 00:37:45 | TEMPLOG : WellhouseOne | 041.000
2016-11-14 00:42:52 | TEMPLOG : WellhouseOne | 040.100
2016-11-14 00:49:00 | TEMPLOG : Bio   Filter | 039.200
2016-11-14 00:50:01 | TEMPLOG : Bio   Filter | 040.100
2016-11-14 01:00:12 | TEMPLOG : WellhouseOne | 040.100
2016-11-14 01:00:13 | TEMPLOG : Bio   Filter | 040.100
2016-11-14 01:00:14 | TEMPLOG : To   GeoLoop | 053.600
2016-11-14 01:00:14 | TEMPLOG : Table    One | 041.000
2016-11-14 01:07:22 | TEMPLOG : Bio   Filter | 039.200
2016-11-14 01:08:24 | TEMPLOG : Table    One | 040.100
2016-11-14 01:19:37 | TEMPLOG : WellhouseOne | 039.200
2016-11-14 01:28:48 | TEMPLOG : WellhouseOne | 040.100
2016-11-14 01:30:49 | TEMPLOG : WellhouseOne | 039.200
2016-11-14 01:45:08 | TEMPLOG : WellhouseOne | 040.100
2016-11-14 01:47:11 | TEMPLOG : WellhouseOne | 039.200
2016-11-14 01:48:13 | TEMPLOG : To   GeoLoop | 052.700
2016-11-14 02:00:25 | TEMPLOG : WellhouseOne | 038.300
2016-11-14 02:00:25 | TEMPLOG : Bio   Filter | 039.200
2016-11-14 02:00:26 | TEMPLOG : To   GeoLoop | 052.700
2016-11-14 02:00:26 | TEMPLOG : Table    One | 040.100
2016-11-14 02:12:42 | TEMPLOG : Bio   Filter | 038.300
2016-11-14 02:13:45 | TEMPLOG : Table    One | 039.200
2016-11-14 02:14:45 | TEMPLOG : Table    One | 040.100
2016-11-14 02:15:47 | TEMPLOG : Table    One | 039.200
2016-11-14 02:16:47 | TEMPLOG : WellhouseOne | 039.200
2016-11-14 02:16:47 | TEMPLOG : Bio   Filter | 039.200
2016-11-14 02:16:48 | TEMPLOG : Table    One | 040.100
2016-11-14 02:17:49 | TEMPLOG : Bio   Filter | 038.300
2016-11-14 02:17:50 | TEMPLOG : Table    One | 039.200
2016-11-14 02:20:54 | TEMPLOG : WellhouseOne | 038.300
2016-11-14 02:21:55 | TEMPLOG : WellhouseOne | 039.200
2016-11-14 02:22:57 | TEMPLOG : WellhouseOne | 038.300
2016-11-14 02:35:09 | TEMPLOG : WellhouseOne | 037.400
2016-11-14 02:35:09 | TEMPLOG : Bio   Filter | 039.200
2016-11-14 02:36:10 | TEMPLOG : WellhouseOne | 038.300
2016-11-14 02:37:11 | TEMPLOG : WellhouseOne | 037.400
2016-11-14 02:37:11 | TEMPLOG : Bio   Filter | 038.300
2016-11-14 02:48:25 | TEMPLOG : WellhouseOne | 038.300
2016-11-14 03:00:43 | TEMPLOG : WellhouseOne | 038.300
2016-11-14 03:00:43 | TEMPLOG : Bio   Filter | 038.300
2016-11-14 03:00:43 | TEMPLOG : To   GeoLoop | 052.700
2016-11-14 03:00:44 | TEMPLOG : Table    One | 039.200
2016-11-14 03:01:44 | TEMPLOG : WellhouseOne | 039.200
2016-11-14 03:02:45 | TEMPLOG : WellhouseOne | 038.300
2016-11-14 03:11:56 | TEMPLOG : WellhouseOne | 037.400
2016-11-14 03:16:03 | TEMPLOG : To   GeoLoop | 051.800
2016-11-14 03:18:05 | TEMPLOG : To   GeoLoop | 052.700
2016-11-14 03:20:07 | TEMPLOG : To   GeoLoop | 051.800
2016-11-14 03:21:08 | TEMPLOG : To   GeoLoop | 052.700
2016-11-14 03:23:10 | TEMPLOG : To   GeoLoop | 051.800
2016-11-14 03:24:11 | TEMPLOG : To   GeoLoop | 052.700
2016-11-14 03:34:21 | TEMPLOG : WellhouseOne | 036.500
2016-11-14 03:34:22 | TEMPLOG : To   GeoLoop | 051.800
2016-11-14 03:35:23 | TEMPLOG : WellhouseOne | 037.400
2016-11-14 03:37:26 | TEMPLOG : WellhouseOne | 036.500
2016-11-14 03:38:28 | TEMPLOG : To   GeoLoop | 052.700
2016-11-14 03:40:30 | TEMPLOG : To   GeoLoop | 051.800
2016-11-14 03:44:35 | TEMPLOG : To   GeoLoop | 052.700
2016-11-14 03:45:36 | TEMPLOG : WellhouseOne | 037.400
2016-11-14 03:45:36 | TEMPLOG : To   GeoLoop | 051.800
2016-11-14 04:00:56 | TEMPLOG : WellhouseOne | 037.400
2016-11-14 04:00:57 | TEMPLOG : Bio   Filter | 038.300
2016-11-14 04:00:57 | TEMPLOG : To   GeoLoop | 051.800
2016-11-14 04:00:57 | TEMPLOG : Table    One | 039.200
2016-11-14 04:13:11 | TEMPLOG : WellhouseOne | 036.500
2016-11-14 04:14:12 | TEMPLOG : Bio   Filter | 037.400
2016-11-14 04:18:17 | TEMPLOG : Table    One | 038.300
2016-11-14 04:21:20 | TEMPLOG : WellhouseOne | 037.400
2016-11-14 04:23:22 | TEMPLOG : WellhouseOne | 036.500
2016-11-14 04:31:29 | TEMPLOG : WellhouseOne | 037.400
2016-11-14 04:37:38 | TEMPLOG : Bio   Filter | 038.300
2016-11-14 04:37:39 | TEMPLOG : Table    One | 039.200
2016-11-14 04:39:41 | TEMPLOG : Table    One | 038.300
2016-11-14 04:40:43 | TEMPLOG : Table    One | 039.200
2016-11-14 04:42:45 | TEMPLOG : WellhouseOne | 036.500
2016-11-14 04:44:49 | TEMPLOG : WellhouseOne | 037.400
2016-11-14 04:45:50 | TEMPLOG : WellhouseOne | 036.500
2016-11-14 04:47:52 | TEMPLOG : Bio   Filter | 037.400
2016-11-14 04:48:53 | TEMPLOG : Bio   Filter | 038.300
2016-11-14 04:50:55 | TEMPLOG : Bio   Filter | 037.400
2016-11-14 04:51:56 | TEMPLOG : WellhouseOne | 037.400
2016-11-14 04:52:57 | TEMPLOG : WellhouseOne | 036.500
2016-11-14 04:55:00 | TEMPLOG : WellhouseOne | 037.400
2016-11-14 04:55:00 | TEMPLOG : Bio   Filter | 038.300
2016-11-14 04:57:02 | TEMPLOG : WellhouseOne | 036.500
2016-11-14 04:58:03 | TEMPLOG : Bio   Filter | 037.400
2016-11-14 04:59:04 | TEMPLOG : Bio   Filter | 038.300
2016-11-14 05:00:05 | TEMPLOG : WellhouseOne | 036.500
2016-11-14 05:00:06 | TEMPLOG : Bio   Filter | 038.300
2016-11-14 05:00:06 | TEMPLOG : To   GeoLoop | 051.800
2016-11-14 05:00:06 | TEMPLOG : Table    One | 039.200
2016-11-14 05:05:12 | TEMPLOG : Bio   Filter | 037.400
2016-11-14 05:06:14 | TEMPLOG : Bio   Filter | 038.300
2016-11-14 05:07:15 | TEMPLOG : Bio   Filter | 037.400
2016-11-14 05:14:22 | TEMPLOG : Table    One | 038.300
2016-11-14 05:17:25 | TEMPLOG : WellhouseOne | 037.400
2016-11-14 05:18:26 | TEMPLOG : WellhouseOne | 036.500
2016-11-14 05:18:27 | TEMPLOG : Table    One | 039.200
2016-11-14 05:19:27 | TEMPLOG : WellhouseOne | 037.400
2016-11-14 05:19:28 | TEMPLOG : Table    One | 038.300
2016-11-14 05:20:29 | TEMPLOG : WellhouseOne | 036.500
2016-11-14 05:20:29 | TEMPLOG : Table    One | 039.200
2016-11-14 05:22:31 | TEMPLOG : WellhouseOne | 037.400
2016-11-14 05:23:32 | TEMPLOG : WellhouseOne | 036.500
2016-11-14 05:24:33 | TEMPLOG : Bio   Filter | 038.300
2016-11-14 05:25:33 | TEMPLOG : WellhouseOne | 037.400
2016-11-14 05:26:34 | TEMPLOG : WellhouseOne | 036.500
2016-11-14 05:28:38 | TEMPLOG : Table    One | 038.300
2016-11-14 05:29:39 | TEMPLOG : Bio   Filter | 037.400
2016-11-14 05:32:41 | TEMPLOG : Bio   Filter | 038.300
2016-11-14 05:32:41 | TEMPLOG : Table    One | 039.200
2016-11-14 05:34:45 | TEMPLOG : Table    One | 038.300
2016-11-14 05:35:45 | TEMPLOG : Bio   Filter | 037.400
2016-11-14 05:44:58 | TEMPLOG : Table    One | 039.200
2016-11-14 05:45:59 | TEMPLOG : Table    One | 038.300
2016-11-14 05:46:59 | TEMPLOG : Bio   Filter | 038.300
2016-11-14 05:48:01 | TEMPLOG : Table    One | 039.200
2016-11-14 05:49:03 | TEMPLOG : Table    One | 038.300
2016-11-14 05:50:04 | TEMPLOG : Bio   Filter | 037.400
2016-11-14 05:51:05 | TEMPLOG : Bio   Filter | 038.300
2016-11-14 05:52:07 | TEMPLOG : Bio   Filter | 037.400
2016-11-14 05:53:09 | TEMPLOG : Bio   Filter | 038.300
2016-11-14 05:54:09 | TEMPLOG : Bio   Filter | 037.400
2016-11-14 05:54:09 | TEMPLOG : To   GeoLoop | 050.900
2016-11-14 05:59:18 | TEMPLOG : WellhouseOne | 037.400
2016-11-14 05:59:19 | TEMPLOG : Table    One | 039.200
2016-11-14 06:00:19 | TEMPLOG : WellhouseOne | 037.400
2016-11-14 06:00:20 | TEMPLOG : Bio   Filter | 037.400
2016-11-14 06:00:20 | TEMPLOG : To   GeoLoop | 050.900
2016-11-14 06:00:21 | TEMPLOG : Table    One | 038.300
2016-11-14 06:01:21 | TEMPLOG : WellhouseOne | 036.500
2016-11-14 06:05:28 | TEMPLOG : WellhouseOne | 037.400
2016-11-14 06:05:29 | TEMPLOG : To   GeoLoop | 051.800
2016-11-14 06:06:29 | TEMPLOG : WellhouseOne | 036.500
2016-11-14 06:08:32 | TEMPLOG : Bio   Filter | 038.300
2016-11-14 06:08:32 | TEMPLOG : Table    One | 039.200
2016-11-14 06:09:33 | TEMPLOG : To   GeoLoop | 050.900
2016-11-14 06:09:33 | TEMPLOG : Table    One | 038.300
2016-11-14 06:10:34 | TEMPLOG : To   GeoLoop | 051.800
2016-11-14 06:11:35 | TEMPLOG : To   GeoLoop | 050.900
2016-11-14 06:12:37 | TEMPLOG : To   GeoLoop | 051.800
2016-11-14 06:12:37 | TEMPLOG : Table    One | 039.200
2016-11-14 06:14:40 | TEMPLOG : To   GeoLoop | 050.900
2016-11-14 06:15:41 | TEMPLOG : Bio   Filter | 037.400
2016-11-14 06:18:43 | TEMPLOG : Bio   Filter | 038.300
2016-11-14 06:19:44 | TEMPLOG : To   GeoLoop | 051.800
2016-11-14 06:21:46 | TEMPLOG : To   GeoLoop | 050.900
2016-11-14 06:22:47 | TEMPLOG : To   GeoLoop | 051.800
2016-11-14 06:26:52 | TEMPLOG : WellhouseOne | 035.600
2016-11-14 06:27:53 | TEMPLOG : WellhouseOne | 036.500
2016-11-14 06:29:56 | TEMPLOG : To   GeoLoop | 050.900
2016-11-14 06:30:58 | TEMPLOG : To   GeoLoop | 051.800
2016-11-14 06:32:59 | TEMPLOG : WellhouseOne | 035.600
2016-11-14 06:38:08 | TEMPLOG : Bio   Filter | 039.200
2016-11-14 06:38:08 | TEMPLOG : Table    One | 040.100
2016-11-14 06:39:08 | TEMPLOG : WellhouseOne | 036.500
2016-11-14 06:39:09 | TEMPLOG : Table    One | 039.200
2016-11-14 06:40:10 | TEMPLOG : Table    One | 040.100
2016-11-14 06:41:12 | TEMPLOG : Table    One | 039.200
2016-11-14 06:42:12 | TEMPLOG : WellhouseOne | 037.400
2016-11-14 06:44:15 | TEMPLOG : Table    One | 040.100
2016-11-14 06:57:28 | TEMPLOG : Bio   Filter | 040.100
2016-11-14 06:59:31 | TEMPLOG : Table    One | 041.000
2016-11-14 07:00:31 | TEMPLOG : WellhouseOne | 037.400
2016-11-14 07:00:31 | TEMPLOG : Bio   Filter | 040.100
2016-11-14 07:00:32 | TEMPLOG : To   GeoLoop | 051.800
2016-11-14 07:00:32 | TEMPLOG : Table    One | 041.000
2016-11-14 07:01:32 | TEMPLOG : Bio   Filter | 041.000
2016-11-14 07:03:36 | TEMPLOG : Bio   Filter | 041.900
2016-11-14 07:03:37 | TEMPLOG : Table    One | 041.900
2016-11-14 07:04:37 | TEMPLOG : Bio   Filter | 042.800
2016-11-14 07:05:38 | TEMPLOG : WellhouseOne | 038.300
2016-11-14 07:06:40 | TEMPLOG : Bio   Filter | 043.700
2016-11-14 07:07:42 | TEMPLOG : Bio   Filter | 044.600
2016-11-14 07:07:42 | TEMPLOG : Table    One | 042.800
2016-11-14 07:09:44 | TEMPLOG : WellhouseOne | 037.400
2016-11-14 07:10:45 | TEMPLOG : WellhouseOne | 038.300
2016-11-14 07:10:45 | TEMPLOG : Bio   Filter | 043.700
2016-11-14 07:11:47 | TEMPLOG : Table    One | 041.900
2016-11-14 07:12:47 | TEMPLOG : Bio   Filter | 042.800
2016-11-14 07:15:52 | TEMPLOG : Table    One | 042.800
2016-11-14 07:17:55 | TEMPLOG : Bio   Filter | 043.700
2016-11-14 07:18:56 | TEMPLOG : Bio   Filter | 044.600
2016-11-14 07:18:58 | TEMPLOG : Table    One | 043.700
2016-11-14 07:19:58 | TEMPLOG : Bio   Filter | 046.400
2016-11-14 07:19:59 | TEMPLOG : Table    One | 044.600
2016-11-14 07:22:00 | TEMPLOG : Bio   Filter | 047.300
2016-11-14 07:22:01 | TEMPLOG : Table    One | 045.500
2016-11-14 07:23:01 | TEMPLOG : Bio   Filter | 048.200
2016-11-14 07:23:03 | TEMPLOG : Table    One | 046.400
2016-11-14 07:24:04 | TEMPLOG : Bio   Filter | 049.100
2016-11-14 07:25:05 | TEMPLOG : Bio   Filter | 050.000
2016-11-14 07:26:06 | TEMPLOG : WellhouseOne | 039.200
2016-11-14 07:26:07 | TEMPLOG : To   GeoLoop | 052.700
2016-11-14 07:26:07 | TEMPLOG : Table    One | 047.300
2016-11-14 07:27:07 | TEMPLOG : WellhouseOne | 038.300
2016-11-14 07:28:08 | TEMPLOG : WellhouseOne | 039.200
2016-11-14 07:28:09 | TEMPLOG : Bio   Filter | 050.900
2016-11-14 07:28:09 | TEMPLOG : Table    One | 048.200
2016-11-14 07:30:11 | TEMPLOG : Bio   Filter | 051.800
2016-11-14 07:30:11 | TEMPLOG : Table    One | 049.100
2016-11-14 07:31:13 | TEMPLOG : Bio   Filter | 052.700
2016-11-14 07:32:14 | TEMPLOG : Bio   Filter | 051.800
2016-11-14 07:33:16 | TEMPLOG : Table    One | 048.200
2016-11-14 07:34:17 | TEMPLOG : Bio   Filter | 050.900
2016-11-14 07:35:17 | TEMPLOG : WellhouseOne | 040.100
2016-11-14 07:35:18 | TEMPLOG : Table    One | 047.300
2016-11-14 07:37:21 | TEMPLOG : Table    One | 048.200
2016-11-14 07:38:21 | TEMPLOG : Bio   Filter | 051.800
2016-11-14 07:38:21 | TEMPLOG : Table    One | 049.100
2016-11-14 07:39:22 | TEMPLOG : Bio   Filter | 053.600
2016-11-14 07:39:23 | TEMPLOG : Table    One | 050.000
2016-11-14 07:40:23 | TEMPLOG : Bio   Filter | 054.500
2016-11-14 07:40:24 | TEMPLOG : Table    One | 050.900
2016-11-14 07:41:24 | TEMPLOG : Bio   Filter | 056.300
2016-11-14 07:41:25 | TEMPLOG : Table    One | 051.800
2016-11-14 07:42:25 | TEMPLOG : WellhouseOne | 041.000
2016-11-14 07:42:26 | TEMPLOG : Bio   Filter | 057.200
2016-11-14 07:42:27 | TEMPLOG : Table    One | 052.700
2016-11-14 07:43:27 | TEMPLOG : Bio   Filter | 058.100
2016-11-14 07:43:27 | TEMPLOG : Table    One | 053.600
2016-11-14 07:45:29 | TEMPLOG : To   GeoLoop | 053.600
2016-11-14 07:46:30 | TEMPLOG : WellhouseOne | 041.900
2016-11-14 07:46:30 | TEMPLOG : To   GeoLoop | 052.700
2016-11-14 07:46:30 | TEMPLOG : Table    One | 054.500
2016-11-14 07:47:31 | TEMPLOG : Bio   Filter | 059.000
2016-11-14 07:47:31 | TEMPLOG : To   GeoLoop | 053.600
2016-11-14 07:47:31 | TEMPLOG : Table    One | 055.400
2016-11-14 07:48:32 | TEMPLOG : Bio   Filter | 059.900
2016-11-14 07:48:32 | TEMPLOG : Table    One | 056.300
2016-11-14 07:49:33 | TEMPLOG : Bio   Filter | 060.800
2016-11-14 07:50:34 | TEMPLOG : Bio   Filter | 061.700
2016-11-14 07:50:35 | TEMPLOG : Table    One | 057.200
2016-11-14 07:51:35 | TEMPLOG : Bio   Filter | 062.600
2016-11-14 07:51:36 | TEMPLOG : Table    One | 058.100
2016-11-14 07:52:37 | TEMPLOG : Bio   Filter | 063.500
2016-11-14 07:53:38 | TEMPLOG : WellhouseOne | 042.800
2016-11-14 07:53:39 | TEMPLOG : Bio   Filter | 064.400
2016-11-14 07:53:40 | TEMPLOG : Table    One | 059.000
2016-11-14 07:55:41 | TEMPLOG : Table    One | 059.900
2016-11-14 07:56:42 | TEMPLOG : Bio   Filter | 065.300
2016-11-14 07:57:43 | TEMPLOG : Bio   Filter | 066.200
2016-11-14 07:58:44 | TEMPLOG : Table    One | 060.800
2016-11-14 07:59:45 | TEMPLOG : WellhouseOne | 043.700
2016-11-14 07:59:46 | TEMPLOG : Bio   Filter | 067.100
2016-11-14 07:59:46 | TEMPLOG : To   GeoLoop | 054.500
2016-11-14 08:00:46 | TEMPLOG : WellhouseOne | 043.700
2016-11-14 08:00:47 | TEMPLOG : Bio   Filter | 067.100
2016-11-14 08:00:47 | TEMPLOG : To   GeoLoop | 054.500
2016-11-14 08:00:47 | TEMPLOG : Table    One | 061.700
2016-11-14 08:02:49 | TEMPLOG : Bio   Filter | 068.000
2016-11-14 08:02:49 | TEMPLOG : Table    One | 062.600
2016-11-14 08:04:53 | TEMPLOG : WellhouseOne | 044.600
2016-11-14 08:04:53 | TEMPLOG : Bio   Filter | 068.900
2016-11-14 08:05:55 | TEMPLOG : Table    One | 063.500
2016-11-14 08:07:58 | TEMPLOG : Bio   Filter | 069.800
2016-11-14 08:07:58 | TEMPLOG : Table    One | 064.400
2016-11-14 08:10:01 | TEMPLOG : Table    One | 065.300
2016-11-14 08:11:01 | TEMPLOG : WellhouseOne | 045.500
2016-11-14 08:12:03 | TEMPLOG : Bio   Filter | 070.700
2016-11-14 08:12:04 | TEMPLOG : Table    One | 066.200
2016-11-14 08:14:05 | TEMPLOG : WellhouseOne | 046.400
2016-11-14 08:14:05 | TEMPLOG : Bio   Filter | 071.600
2016-11-14 08:16:08 | TEMPLOG : To   GeoLoop | 055.400
2016-11-14 08:16:08 | TEMPLOG : Table    One | 067.100
2016-11-14 08:17:09 | TEMPLOG : Bio   Filter | 072.500
2016-11-14 08:19:11 | TEMPLOG : Bio   Filter | 073.400
2016-11-14 08:19:12 | TEMPLOG : Table    One | 068.000
2016-11-14 08:23:15 | TEMPLOG : WellhouseOne | 047.300
2016-11-14 08:24:16 | TEMPLOG : Bio   Filter | 074.300
2016-11-14 08:24:17 | TEMPLOG : Table    One | 068.900
2016-11-14 08:26:19 | TEMPLOG : Bio   Filter | 075.200
2016-11-14 08:27:21 | TEMPLOG : Table    One | 069.800
2016-11-14 08:28:21 | TEMPLOG : WellhouseOne | 048.200
2016-11-14 08:29:22 | TEMPLOG : WellhouseOne | 047.300
2016-11-14 08:29:23 | TEMPLOG : Bio   Filter | 076.100
2016-11-14 08:30:24 | TEMPLOG : WellhouseOne | 048.200
2016-11-14 08:30:24 | TEMPLOG : Bio   Filter | 075.200
2016-11-14 08:30:25 | TEMPLOG : Table    One | 068.900
2016-11-14 08:32:28 | TEMPLOG : Table    One | 068.000
2016-11-14 08:34:30 | TEMPLOG : Table    One | 067.100
2016-11-14 08:35:30 | TEMPLOG : Table    One | 065.300
2016-11-14 08:36:31 | TEMPLOG : Table    One | 062.600
2016-11-14 08:37:32 | TEMPLOG : WellhouseOne | 049.100
2016-11-14 08:37:32 | TEMPLOG : To   GeoLoop | 056.300
2016-11-14 08:37:33 | TEMPLOG : Table    One | 064.400
2016-11-14 08:38:33 | TEMPLOG : Table    One | 066.200
2016-11-14 08:39:35 | TEMPLOG : Table    One | 067.100
2016-11-14 08:41:37 | TEMPLOG : Table    One | 068.000
2016-11-14 08:44:39 | TEMPLOG : WellhouseOne | 050.000
2016-11-14 08:45:42 | TEMPLOG : Table    One | 068.900
2016-11-14 08:46:43 | TEMPLOG : WellhouseOne | 049.100
2016-11-14 08:47:43 | TEMPLOG : WellhouseOne | 050.000
2016-11-14 08:47:44 | TEMPLOG : Table    One | 068.000
2016-11-14 08:52:49 | TEMPLOG : Table    One | 068.900
2016-11-14 08:54:51 | TEMPLOG : Table    One | 068.000
2016-11-14 08:55:51 | TEMPLOG : To   GeoLoop | 057.200
2016-11-14 08:55:51 | TEMPLOG : Table    One | 068.900
2016-11-14 08:56:52 | TEMPLOG : WellhouseOne | 050.900
2016-11-14 08:56:52 | TEMPLOG : Table    One | 068.000
2016-11-14 08:57:53 | TEMPLOG : Table    One | 067.100
2016-11-14 09:00:56 | TEMPLOG : WellhouseOne | 050.900
2016-11-14 09:00:56 | TEMPLOG : To   GeoLoop | 056.300
2016-11-14 09:00:57 | TEMPLOG : Table    One | 067.100
2016-11-14 09:01:57 | TEMPLOG : To   GeoLoop | 057.200
2016-11-14 09:01:57 | TEMPLOG : Table    One | 068.000
2016-11-14 09:02:58 | TEMPLOG : WellhouseOne | 051.800
2016-11-14 09:02:58 | TEMPLOG : Table    One | 067.100
2016-11-14 09:05:01 | TEMPLOG : Table    One | 066.200
2016-11-14 09:08:04 | TEMPLOG : Table    One | 065.300
2016-11-14 09:09:05 | TEMPLOG : Table    One | 064.400
2016-11-14 09:11:06 | TEMPLOG : WellhouseOne | 052.700
2016-11-14 09:12:07 | TEMPLOG : To   GeoLoop | 058.100
2016-11-14 09:17:15 | TEMPLOG : WellhouseOne | 053.600
2016-11-14 09:19:16 | TEMPLOG : Table    One | 063.500
2016-11-14 09:20:16 | TEMPLOG : Table    One | 064.400
2016-11-14 09:23:19 | TEMPLOG : To   GeoLoop | 059.000
2016-11-14 09:23:20 | TEMPLOG : Table    One | 065.300
2016-11-14 09:26:22 | TEMPLOG : WellhouseOne | 054.500
2016-11-14 09:29:25 | TEMPLOG : To   GeoLoop | 059.900
2016-11-14 09:32:28 | TEMPLOG : Table    One | 066.200
2016-11-14 09:33:30 | TEMPLOG : Table    One | 067.100
2016-11-14 09:34:31 | TEMPLOG : Table    One | 068.000
2016-11-14 09:35:31 | TEMPLOG : To   GeoLoop | 060.800
2016-11-14 09:36:32 | TEMPLOG : WellhouseOne | 055.400
2016-11-14 09:37:33 | TEMPLOG : WellhouseOne | 054.500
2016-11-14 09:37:33 | TEMPLOG : Table    One | 068.900
2016-11-14 09:39:35 | TEMPLOG : WellhouseOne | 055.400
2016-11-14 09:39:36 | TEMPLOG : Table    One | 069.800
2016-11-14 09:40:36 | TEMPLOG : Table    One | 070.700
2016-11-14 09:42:39 | TEMPLOG : Table    One | 072.500
2016-11-14 09:43:39 | TEMPLOG : WellhouseOne | 056.300
2016-11-14 09:43:40 | TEMPLOG : Table    One | 074.300
2016-11-14 09:44:42 | TEMPLOG : Table    One | 076.100
2016-11-14 09:45:43 | TEMPLOG : To   GeoLoop | 061.700
2016-11-14 09:46:44 | TEMPLOG : WellhouseOne | 055.400
2016-11-14 09:46:45 | TEMPLOG : Table    One | 077.000
2016-11-14 09:47:46 | TEMPLOG : Table    One | 077.900
2016-11-14 09:48:47 | TEMPLOG : Table    One | 079.700
2016-11-14 09:49:48 | TEMPLOG : Table    One | 080.600
2016-11-14 09:50:49 | TEMPLOG : Table    One | 082.400
2016-11-14 09:52:51 | TEMPLOG : Table    One | 083.300
2016-11-14 09:54:53 | TEMPLOG : Table    One | 082.400
2016-11-14 09:57:56 | TEMPLOG : WellhouseOne | 056.300
2016-11-14 09:57:56 | TEMPLOG : To   GeoLoop | 062.600
2016-11-14 09:57:56 | TEMPLOG : Table    One | 083.300
2016-11-14 09:58:57 | TEMPLOG : WellhouseOne | 055.400
2016-11-14 09:59:57 | TEMPLOG : WellhouseOne | 056.300
2016-11-14 10:00:59 | TEMPLOG : WellhouseOne | 056.300
2016-11-14 10:00:59 | TEMPLOG : To   GeoLoop | 062.600
2016-11-14 10:00:59 | TEMPLOG : Table    One | 083.300
2016-11-14 10:02:01 | TEMPLOG : Table    One | 082.400
2016-11-14 10:04:02 | TEMPLOG : Table    One | 081.500
2016-11-14 10:06:03 | TEMPLOG : Table    One | 082.400
2016-11-14 10:07:03 | TEMPLOG : WellhouseOne | 057.200
2016-11-14 10:09:05 | TEMPLOG : Table    One | 084.200
2016-11-14 10:11:07 | TEMPLOG : To   GeoLoop | 063.500
2016-11-14 10:11:07 | TEMPLOG : Table    One | 085.100
2016-11-14 10:12:09 | TEMPLOG : Table    One | 084.200
2016-11-14 10:13:09 | TEMPLOG : Table    One | 083.300
2016-11-14 10:15:11 | TEMPLOG : Table    One | 082.400
2016-11-14 10:17:12 | TEMPLOG : Table    One | 083.300
2016-11-14 10:19:14 | TEMPLOG : WellhouseOne | 058.100
2016-11-14 10:19:14 | TEMPLOG : To   GeoLoop | 064.400
2016-11-14 10:22:16 | TEMPLOG : Table    One | 082.400
2016-11-14 10:23:17 | TEMPLOG : Table    One | 083.300
2016-11-14 10:26:19 | TEMPLOG : Table    One | 084.200
2016-11-14 10:28:20 | TEMPLOG : Table    One | 085.100
2016-11-14 10:30:22 | TEMPLOG : Table    One | 086.000
2016-11-14 10:31:23 | TEMPLOG : WellhouseOne | 059.000
2016-11-14 10:31:23 | TEMPLOG : Table    One | 085.100
2016-11-14 10:32:24 | TEMPLOG : Table    One | 086.000
2016-11-14 10:33:25 | TEMPLOG : Table    One | 085.100
2016-11-14 10:34:26 | TEMPLOG : To   GeoLoop | 065.300
2016-11-14 10:34:27 | TEMPLOG : Table    One | 086.000
2016-11-14 10:37:29 | TEMPLOG : Table    One | 085.100
2016-11-14 10:38:30 | TEMPLOG : Table    One | 086.000
2016-11-14 10:42:33 | TEMPLOG : WellhouseOne | 059.900
2016-11-14 10:42:33 | TEMPLOG : Table    One | 086.900
2016-11-14 10:45:36 | TEMPLOG : To   GeoLoop | 066.200
2016-11-14 10:45:36 | TEMPLOG : Table    One | 087.800
2016-11-14 10:48:39 | TEMPLOG : Table    One | 088.700
2016-11-14 10:49:39 | TEMPLOG : WellhouseOne | 060.800
2016-11-14 10:50:41 | TEMPLOG : Table    One | 089.600
2016-11-14 10:51:41 | TEMPLOG : Table    One | 090.500
2016-11-14 10:52:41 | TEMPLOG : WellhouseOne | 061.700
2016-11-14 10:58:48 | TEMPLOG : To   GeoLoop | 065.300
2016-11-14 10:58:49 | TEMPLOG : Table    One | 091.400
2016-11-14 11:00:51 | TEMPLOG : WellhouseOne | 061.700
2016-11-14 11:00:52 | TEMPLOG : To   GeoLoop | 065.300
2016-11-14 11:00:52 | TEMPLOG : Table    One | 092.300
2016-11-14 11:03:55 | TEMPLOG : Table    One | 091.400
2016-11-14 11:04:56 | TEMPLOG : Table    One | 092.300
2016-11-14 11:07:59 | TEMPLOG : To   GeoLoop | 064.400
2016-11-14 11:07:59 | TEMPLOG : Table    One | 093.200
2016-11-14 11:09:00 | TEMPLOG : Table    One | 092.300
2016-11-14 11:11:01 | TEMPLOG : Table    One | 093.200
2016-11-14 11:13:03 | TEMPLOG : Table    One | 094.100
2016-11-14 11:14:03 | TEMPLOG : To   GeoLoop | 065.300
2016-11-14 11:14:03 | TEMPLOG : Table    One | 095.000
2016-11-14 11:16:05 | TEMPLOG : Table    One | 093.200
2016-11-14 11:17:05 | TEMPLOG : To   GeoLoop | 064.400
2016-11-14 11:18:07 | TEMPLOG : Table    One | 092.300
2016-11-14 11:21:10 | TEMPLOG : Table    One | 093.200
2016-11-14 11:22:11 | TEMPLOG : Table    One | 092.300
2016-11-14 11:23:11 | TEMPLOG : WellhouseOne | 062.600
2016-11-14 11:26:16 | TEMPLOG : Table    One | 094.100
2016-11-14 11:27:18 | TEMPLOG : Table    One | 095.000
2016-11-14 11:28:18 | TEMPLOG : To   GeoLoop | 065.300
2016-11-14 11:28:19 | TEMPLOG : Table    One | 096.800
2016-11-14 11:29:19 | TEMPLOG : Table    One | 097.700
2016-11-14 11:30:21 | TEMPLOG : Table    One | 098.600
2016-11-14 11:31:23 | TEMPLOG : Table    One | 099.500
2016-11-14 11:32:23 | TEMPLOG : Table    One | 098.600
2016-11-14 11:33:24 | TEMPLOG : WellhouseOne | 063.500
2016-11-14 11:33:24 | TEMPLOG : Table    One | 099.500
2016-11-14 11:34:25 | TEMPLOG : Table    One | 098.600
2016-11-14 11:35:26 | TEMPLOG : Table    One | 099.500
2016-11-14 11:36:27 | TEMPLOG : Table    One | 098.600
2016-11-14 11:37:28 | TEMPLOG : Table    One | 099.500
2016-11-14 11:38:29 | TEMPLOG : Table    One | 098.600
2016-11-14 11:40:30 | TEMPLOG : Table    One | 099.500
2016-11-14 11:41:31 | TEMPLOG : Table    One | 100.400
2016-11-14 11:42:32 | TEMPLOG : Table    One | 101.300
2016-11-14 11:43:32 | TEMPLOG : To   GeoLoop | 066.200
2016-11-14 11:44:33 | TEMPLOG : Table    One | 100.400
2016-11-14 11:45:34 | TEMPLOG : WellhouseOne | 064.400
2016-11-14 11:45:34 | TEMPLOG : Table    One | 099.500
2016-11-14 11:47:36 | TEMPLOG : Table    One | 100.400
2016-11-14 11:50:40 | TEMPLOG : Table    One | 099.500
2016-11-14 11:51:41 | TEMPLOG : Table    One | 100.400
2016-11-14 11:52:42 | TEMPLOG : Table    One | 101.300
2016-11-14 11:53:44 | TEMPLOG : Table    One | 100.400
2016-11-14 11:55:45 | TEMPLOG : Table    One | 099.500
2016-11-14 11:59:48 | TEMPLOG : WellhouseOne | 065.300
2016-11-14 12:00:49 | TEMPLOG : WellhouseOne | 065.300
2016-11-14 12:00:50 | TEMPLOG : To   GeoLoop | 067.100
2016-11-14 12:00:50 | TEMPLOG : Table    One | 099.500
2016-11-14 12:02:52 | TEMPLOG : Table    One | 100.400
2016-11-14 12:03:53 | TEMPLOG : Table    One | 099.500
2016-11-14 12:04:54 | TEMPLOG : Table    One | 100.400
2016-11-14 12:09:58 | TEMPLOG : WellhouseOne | 066.200
2016-11-14 12:09:59 | TEMPLOG : Table    One | 101.300
2016-11-14 12:12:01 | TEMPLOG : Table    One | 099.500
2016-11-14 12:14:02 | TEMPLOG : To   GeoLoop | 068.000
2016-11-14 12:15:03 | TEMPLOG : Table    One | 098.600
2016-11-14 12:16:04 | TEMPLOG : Table    One | 099.500
2016-11-14 12:18:06 | TEMPLOG : Table    One | 100.400
2016-11-14 12:20:08 | TEMPLOG : To   GeoLoop | 068.900
2016-11-14 12:21:09 | TEMPLOG : Table    One | 099.500
2016-11-14 12:22:09 | TEMPLOG : WellhouseOne | 067.100
2016-11-14 12:22:10 | TEMPLOG : Table    One | 100.400
2016-11-14 12:23:10 | TEMPLOG : WellhouseOne | 066.200
2016-11-14 12:23:11 | TEMPLOG : To   GeoLoop | 069.800
2016-11-14 12:23:11 | TEMPLOG : Table    One | 099.500
2016-11-14 12:24:12 | TEMPLOG : Table    One | 100.400
2016-11-14 12:25:13 | TEMPLOG : To   GeoLoop | 070.700
2016-11-14 12:30:17 | TEMPLOG : WellhouseOne | 067.100
2016-11-14 12:30:17 | TEMPLOG : Table    One | 101.300
2016-11-14 12:32:18 | TEMPLOG : WellhouseOne | 066.200
2016-11-14 12:33:19 | TEMPLOG : WellhouseOne | 067.100
2016-11-14 12:34:21 | TEMPLOG : Table    One | 102.200
2016-11-14 12:36:23 | TEMPLOG : Table    One | 101.300
2016-11-14 12:37:24 | TEMPLOG : Table    One | 102.200
2016-11-14 12:39:26 | TEMPLOG : To   GeoLoop | 071.600
2016-11-14 12:39:26 | TEMPLOG : Table    One | 103.100
2016-11-14 12:40:27 | TEMPLOG : WellhouseOne | 068.000
2016-11-14 12:45:32 | TEMPLOG : Table    One | 102.200
2016-11-14 12:48:34 | TEMPLOG : Table    One | 101.300
2016-11-14 12:49:35 | TEMPLOG : Table    One | 099.500
2016-11-14 12:50:36 | TEMPLOG : To   GeoLoop | 070.700
2016-11-14 12:50:36 | TEMPLOG : Table    One | 097.700
2016-11-14 12:51:36 | TEMPLOG : To   GeoLoop | 069.800
2016-11-14 12:51:36 | TEMPLOG : Table    One | 095.000
2016-11-14 12:52:39 | TEMPLOG : Table    One | 095.900
2016-11-14 12:53:40 | TEMPLOG : To   GeoLoop | 070.700
2016-11-14 12:53:41 | TEMPLOG : Table    One | 096.800
2016-11-14 12:54:41 | TEMPLOG : Table    One | 097.700
2016-11-14 12:57:45 | TEMPLOG : To   GeoLoop | 071.600
2016-11-14 12:57:45 | TEMPLOG : Table    One | 099.500
2016-11-14 12:58:46 | TEMPLOG : Table    One | 100.400
2016-11-14 12:59:46 | TEMPLOG : WellhouseOne | 068.900
2016-11-14 12:59:47 | TEMPLOG : To   GeoLoop | 072.500
2016-11-14 12:59:47 | TEMPLOG : Table    One | 101.300
2016-11-14 13:00:47 | TEMPLOG : WellhouseOne | 068.000
2016-11-14 13:00:47 | TEMPLOG : To   GeoLoop | 072.500
2016-11-14 13:00:48 | TEMPLOG : Table    One | 101.300
2016-11-14 13:01:49 | TEMPLOG : WellhouseOne | 068.900
2016-11-14 13:02:52 | TEMPLOG : Table    One | 102.200
2016-11-14 13:07:58 | TEMPLOG : Table    One | 101.300
2016-11-14 13:08:58 | TEMPLOG : WellhouseOne | 069.800
2016-11-14 13:11:01 | TEMPLOG : Table    One | 102.200
2016-11-14 13:13:03 | TEMPLOG : Table    One | 101.300
2016-11-14 13:14:04 | TEMPLOG : Table    One | 099.500
2016-11-14 13:15:04 | TEMPLOG : WellhouseOne | 070.700
2016-11-14 13:15:05 | TEMPLOG : Table    One | 100.400
2016-11-14 13:16:07 | TEMPLOG : Table    One | 101.300
2016-11-14 13:17:07 | TEMPLOG : WellhouseOne | 069.800
2016-11-14 13:18:08 | TEMPLOG : WellhouseOne | 070.700
2016-11-14 13:18:08 | TEMPLOG : To   GeoLoop | 073.400
2016-11-14 13:19:09 | TEMPLOG : Table    One | 099.500
2016-11-14 13:20:09 | TEMPLOG : WellhouseOne | 071.600
2016-11-14 13:20:10 | TEMPLOG : To   GeoLoop | 072.500
2016-11-14 13:20:10 | TEMPLOG : Table    One | 097.700
2016-11-14 13:21:11 | TEMPLOG : WellhouseOne | 070.700
2016-11-14 13:21:11 | TEMPLOG : To   GeoLoop | 071.600
2016-11-14 13:21:12 | TEMPLOG : Table    One | 095.000
2016-11-14 13:22:12 | TEMPLOG : Table    One | 094.100
2016-11-14 13:23:14 | TEMPLOG : Table    One | 093.200
2016-11-14 13:24:14 | TEMPLOG : WellhouseOne | 069.800
2016-11-14 13:24:14 | TEMPLOG : To   GeoLoop | 070.700
2016-11-14 13:25:17 | TEMPLOG : Table    One | 091.400
2016-11-14 13:26:18 | TEMPLOG : To   GeoLoop | 069.800
2016-11-14 13:26:18 | TEMPLOG : Table    One | 090.500
2016-11-14 13:27:19 | TEMPLOG : Table    One | 089.600
2016-11-14 13:28:20 | TEMPLOG : Table    One | 087.800
2016-11-14 13:29:20 | TEMPLOG : To   GeoLoop | 068.900
2016-11-14 13:29:21 | TEMPLOG : Table    One | 085.100
2016-11-14 13:30:21 | TEMPLOG : WellhouseOne | 070.700
2016-11-14 13:30:22 | TEMPLOG : Table    One | 084.200
2016-11-14 13:31:22 | TEMPLOG : WellhouseOne | 069.800
2016-11-14 13:31:22 | TEMPLOG : Table    One | 083.300
2016-11-14 13:32:23 | TEMPLOG : Table    One | 084.200
2016-11-14 13:33:24 | TEMPLOG : Table    One | 086.000
2016-11-14 13:35:26 | TEMPLOG : Table    One | 086.900
2016-11-14 13:36:26 | TEMPLOG : To   GeoLoop | 069.800
2016-11-14 13:36:26 | TEMPLOG : Table    One | 087.800
2016-11-14 13:37:27 | TEMPLOG : Table    One | 088.700
2016-11-14 13:38:28 | TEMPLOG : Table    One | 087.800
2016-11-14 13:40:30 | TEMPLOG : Table    One | 086.000
2016-11-14 13:41:30 | TEMPLOG : To   GeoLoop | 068.900
2016-11-14 13:41:30 | TEMPLOG : Table    One | 084.200
2016-11-14 13:42:31 | TEMPLOG : Table    One | 083.300
2016-11-14 13:43:33 | TEMPLOG : Table    One | 084.200
2016-11-14 13:44:33 | TEMPLOG : To   GeoLoop | 069.800
2016-11-14 13:44:33 | TEMPLOG : Table    One | 087.800
2016-11-14 13:45:35 | TEMPLOG : Table    One | 089.600
2016-11-14 13:46:35 | TEMPLOG : To   GeoLoop | 070.700
2016-11-14 13:46:35 | TEMPLOG : Table    One | 090.500
2016-11-14 13:47:36 | TEMPLOG : Table    One | 092.300
2016-11-14 13:48:36 | TEMPLOG : WellhouseOne | 070.700
2016-11-14 13:48:37 | TEMPLOG : To   GeoLoop | 071.600
2016-11-14 13:48:37 | TEMPLOG : Table    One | 093.200
2016-11-14 13:50:39 | TEMPLOG : To   GeoLoop | 070.700
2016-11-14 13:50:39 | TEMPLOG : Table    One | 089.600
2016-11-14 13:51:40 | TEMPLOG : To   GeoLoop | 069.800
2016-11-14 13:51:40 | TEMPLOG : Table    One | 088.700
2016-11-14 13:52:41 | TEMPLOG : Table    One | 086.900
2016-11-14 13:53:42 | TEMPLOG : Table    One | 088.700
2016-11-14 13:54:42 | TEMPLOG : To   GeoLoop | 070.700
2016-11-14 13:54:43 | TEMPLOG : Table    One | 091.400
2016-11-14 13:56:45 | TEMPLOG : Table    One | 090.500
2016-11-14 13:57:46 | TEMPLOG : Table    One | 087.800
2016-11-14 13:58:46 | TEMPLOG : To   GeoLoop | 069.800
2016-11-14 13:58:46 | TEMPLOG : Table    One | 086.900
2016-11-14 13:59:47 | TEMPLOG : Table    One | 085.100
2016-11-14 14:00:47 | TEMPLOG : WellhouseOne | 070.700
2016-11-14 14:00:48 | TEMPLOG : To   GeoLoop | 068.900
2016-11-14 14:00:48 | TEMPLOG : Table    One | 084.200
2016-11-14 14:01:49 | TEMPLOG : Table    One | 082.400
2016-11-14 14:02:50 | TEMPLOG : Table    One | 081.500
2016-11-14 14:03:50 | TEMPLOG : To   GeoLoop | 068.000
2016-11-14 14:03:51 | TEMPLOG : Table    One | 080.600
2016-11-14 14:04:52 | TEMPLOG : Table    One | 078.800
2016-11-14 14:06:55 | TEMPLOG : Table    One | 077.900
2016-11-14 14:07:56 | TEMPLOG : Table    One | 077.000
2016-11-14 14:09:58 | TEMPLOG : To   GeoLoop | 067.100
2016-11-14 14:12:00 | TEMPLOG : Table    One | 076.100
2016-11-14 14:14:02 | TEMPLOG : To   GeoLoop | 068.000
2016-11-14 14:14:02 | TEMPLOG : Table    One | 077.000
2016-11-14 14:16:04 | TEMPLOG : Table    One | 078.800
2016-11-14 14:17:05 | TEMPLOG : Table    One | 080.600
2016-11-14 14:18:05 | TEMPLOG : WellhouseOne | 071.600
2016-11-14 14:18:05 | TEMPLOG : To   GeoLoop | 068.900
2016-11-14 14:18:06 | TEMPLOG : Table    One | 084.200
2016-11-14 14:19:06 | TEMPLOG : WellhouseOne | 070.700
2016-11-14 14:19:06 | TEMPLOG : To   GeoLoop | 069.800
2016-11-14 14:19:06 | TEMPLOG : Table    One | 087.800
2016-11-14 14:20:07 | TEMPLOG : WellhouseOne | 071.600
2016-11-14 14:20:07 | TEMPLOG : To   GeoLoop | 070.700
2016-11-14 14:20:07 | TEMPLOG : Table    One | 090.500
2016-11-14 14:21:08 | TEMPLOG : WellhouseOne | 070.700
2016-11-14 14:21:08 | TEMPLOG : To   GeoLoop | 071.600
2016-11-14 14:21:08 | TEMPLOG : Table    One | 091.400
2016-11-14 14:22:09 | TEMPLOG : To   GeoLoop | 070.700
2016-11-14 14:22:09 | TEMPLOG : Table    One | 088.700
2016-11-14 14:24:11 | TEMPLOG : Table    One | 090.500
2016-11-14 14:26:13 | TEMPLOG : Table    One | 092.300
2016-11-14 14:27:13 | TEMPLOG : To   GeoLoop | 071.600
2016-11-14 14:27:14 | TEMPLOG : Table    One | 094.100
2016-11-14 14:28:14 | TEMPLOG : Table    One | 095.000
2016-11-14 14:29:15 | TEMPLOG : To   GeoLoop | 072.500
2016-11-14 14:29:16 | TEMPLOG : Table    One | 095.900
2016-11-14 14:31:17 | TEMPLOG : Table    One | 096.800
2016-11-14 14:34:19 | TEMPLOG : WellhouseOne | 071.600
2016-11-14 14:34:20 | TEMPLOG : Table    One | 095.900
2016-11-14 14:35:21 | TEMPLOG : WellhouseOne | 070.700
2016-11-14 14:35:21 | TEMPLOG : Table    One | 095.000
2016-11-14 14:36:22 | TEMPLOG : To   GeoLoop | 071.600
2016-11-14 14:36:23 | TEMPLOG : Table    One | 093.200
2016-11-14 14:37:23 | TEMPLOG : WellhouseOne | 071.600
2016-11-14 14:37:24 | TEMPLOG : Table    One | 091.400
2016-11-14 14:38:24 | TEMPLOG : Table    One | 092.300
2016-11-14 14:40:25 | TEMPLOG : WellhouseOne | 070.700
2016-11-14 14:42:27 | TEMPLOG : WellhouseOne | 071.600
2016-11-14 14:44:29 | TEMPLOG : Table    One | 091.400
2016-11-14 14:46:30 | TEMPLOG : WellhouseOne | 070.700
2016-11-14 14:47:32 | TEMPLOG : Table    One | 090.500
2016-11-14 14:49:33 | TEMPLOG : WellhouseOne | 071.600
2016-11-14 14:50:35 | TEMPLOG : Table    One | 089.600
2016-11-14 14:51:35 | TEMPLOG : WellhouseOne | 070.700
2016-11-14 14:52:36 | TEMPLOG : WellhouseOne | 071.600
2016-11-14 14:52:36 | TEMPLOG : To   GeoLoop | 070.700
2016-11-14 14:53:36 | TEMPLOG : WellhouseOne | 070.700
2016-11-14 14:54:37 | TEMPLOG : WellhouseOne | 071.600
2016-11-14 14:54:38 | TEMPLOG : Table    One | 090.500
2016-11-14 14:57:42 | TEMPLOG : Table    One | 089.600
2016-11-14 15:00:44 | TEMPLOG : WellhouseOne | 071.600
2016-11-14 15:00:45 | TEMPLOG : To   GeoLoop | 070.700
2016-11-14 15:00:45 | TEMPLOG : Table    One | 089.600
2016-11-14 15:01:46 | TEMPLOG : Table    One | 088.700
2016-11-14 15:03:47 | TEMPLOG : To   GeoLoop | 069.800
2016-11-14 15:10:54 | TEMPLOG : Table    One | 087.800
2016-11-14 15:11:55 | TEMPLOG : Table    One | 088.700
2016-11-14 15:13:57 | TEMPLOG : Table    One | 087.800
2016-11-14 15:14:59 | TEMPLOG : Table    One | 086.900
2016-11-14 15:19:02 | TEMPLOG : Table    One | 086.000
2016-11-14 15:20:03 | TEMPLOG : To   GeoLoop | 068.900
2016-11-14 15:22:05 | TEMPLOG : Table    One | 085.100
2016-11-14 15:33:14 | TEMPLOG : Table    One | 084.200
2016-11-14 15:34:15 | TEMPLOG : Table    One | 083.300
2016-11-14 15:37:17 | TEMPLOG : Table    One | 084.200
2016-11-14 15:39:21 | TEMPLOG : Table    One | 083.300
2016-11-14 15:42:23 | TEMPLOG : Table    One | 082.400
2016-11-14 15:43:23 | TEMPLOG : To   GeoLoop | 068.000
2016-11-14 15:44:24 | TEMPLOG : WellhouseOne | 070.700
2016-11-14 15:46:26 | TEMPLOG : Table    One | 081.500
2016-11-14 15:48:27 | TEMPLOG : Table    One | 080.600
2016-11-14 15:51:29 | TEMPLOG : Table    One | 079.700
2016-11-14 15:54:32 | TEMPLOG : Table    One | 078.800
2016-11-14 15:56:33 | TEMPLOG : To   GeoLoop | 067.100
2016-11-14 15:57:34 | TEMPLOG : To   GeoLoop | 068.000
2016-11-14 15:57:34 | TEMPLOG : Table    One | 077.900
2016-11-14 15:58:35 | TEMPLOG : To   GeoLoop | 067.100
2016-11-14 15:59:36 | TEMPLOG : Table    One | 077.000
2016-11-14 16:00:36 | TEMPLOG : WellhouseOne | 070.700
2016-11-14 16:00:36 | TEMPLOG : To   GeoLoop | 067.100
2016-11-14 16:00:36 | TEMPLOG : Table    One | 076.100
2016-11-14 16:03:40 | TEMPLOG : Table    One | 075.200
2016-11-14 16:04:40 | TEMPLOG : WellhouseOne | 069.800
2016-11-14 16:04:41 | TEMPLOG : Table    One | 072.500
2016-11-14 16:05:42 | TEMPLOG : To   GeoLoop | 066.200
2016-11-14 16:06:44 | TEMPLOG : Table    One | 070.700
2016-11-14 16:07:45 | TEMPLOG : Table    One | 069.800
2016-11-14 16:08:46 | TEMPLOG : Table    One | 068.900
2016-11-14 16:09:48 | TEMPLOG : Table    One | 068.000
2016-11-14 16:10:49 | TEMPLOG : Table    One | 067.100
2016-11-14 16:12:50 | TEMPLOG : WellhouseOne | 068.900
2016-11-14 16:13:51 | TEMPLOG : Table    One | 068.000
2016-11-14 16:14:52 | TEMPLOG : WellhouseOne | 069.800
2016-11-14 16:14:52 | TEMPLOG : Table    One | 068.900
2016-11-14 16:16:53 | TEMPLOG : WellhouseOne | 068.900
2016-11-14 16:20:57 | TEMPLOG : Table    One | 068.000
2016-11-14 16:22:58 | TEMPLOG : WellhouseOne | 068.000
2016-11-14 16:22:59 | TEMPLOG : Table    One | 067.100
2016-11-14 16:24:00 | TEMPLOG : To   GeoLoop | 065.300
2016-11-14 16:25:01 | TEMPLOG : Table    One | 065.300
2016-11-14 16:26:02 | TEMPLOG : Table    One | 064.400
2016-11-14 16:27:03 | TEMPLOG : Table    One | 063.500
2016-11-14 16:30:07 | TEMPLOG : Table    One | 062.600
2016-11-14 16:31:08 | TEMPLOG : WellhouseOne | 067.100
2016-11-14 16:32:09 | TEMPLOG : To   GeoLoop | 064.400
2016-11-14 16:33:10 | TEMPLOG : Table    One | 061.700
2016-11-14 16:34:12 | TEMPLOG : Table    One | 060.800
2016-11-14 16:37:15 | TEMPLOG : Table    One | 059.900
2016-11-14 16:41:19 | TEMPLOG : WellhouseOne | 066.200
2016-11-14 16:41:19 | TEMPLOG : Table    One | 059.000
2016-11-14 16:46:24 | TEMPLOG : Table    One | 058.100
2016-11-14 16:48:26 | TEMPLOG : To   GeoLoop | 063.500
2016-11-14 16:50:28 | TEMPLOG : Table    One | 057.200
2016-11-14 16:54:32 | TEMPLOG : WellhouseOne | 065.300
2016-11-14 16:55:33 | TEMPLOG : Table    One | 056.300
2016-11-14 17:00:36 | TEMPLOG : WellhouseOne | 064.400
2016-11-14 17:00:36 | TEMPLOG : To   GeoLoop | 063.500
2016-11-14 17:00:37 | TEMPLOG : Table    One | 056.300
2016-11-14 17:05:43 | TEMPLOG : Table    One | 055.400
2016-11-14 17:10:47 | TEMPLOG : WellhouseOne | 063.500
2016-11-14 17:12:50 | TEMPLOG : To   GeoLoop | 062.600
2016-11-14 17:13:51 | TEMPLOG : Table    One | 054.500
2016-11-14 17:19:55 | TEMPLOG : WellhouseOne | 062.600
2016-11-14 17:32:07 | TEMPLOG : Table    One | 053.600
2016-11-14 17:40:14 | TEMPLOG : WellhouseOne | 061.700
2016-11-14 17:43:18 | TEMPLOG : Table    One | 052.700
2016-11-14 17:44:19 | TEMPLOG : To   GeoLoop | 061.700
2016-11-14 17:48:21 | TEMPLOG : WellhouseOne | 060.800
2016-11-14 18:00:30 | TEMPLOG : WellhouseOne | 060.800
2016-11-14 18:00:30 | TEMPLOG : To   GeoLoop | 061.700
2016-11-14 18:00:32 | TEMPLOG : Table    One | 052.700
2016-11-14 18:02:33 | TEMPLOG : WellhouseOne | 059.900
2016-11-14 18:13:43 | TEMPLOG : WellhouseOne | 060.800
2016-11-14 18:14:44 | TEMPLOG : WellhouseOne | 059.900
2016-11-14 18:16:46 | TEMPLOG : WellhouseOne | 060.800
2016-11-14 18:17:46 | TEMPLOG : WellhouseOne | 059.900
2016-11-14 18:21:52 | TEMPLOG : Table    One | 051.800
2016-11-14 18:25:55 | TEMPLOG : To   GeoLoop | 060.800
2016-11-14 18:27:57 | TEMPLOG : WellhouseOne | 059.000
2016-11-14 18:28:58 | TEMPLOG : To   GeoLoop | 061.700
2016-11-14 18:29:59 | TEMPLOG : To   GeoLoop | 060.800
2016-11-14 18:39:08 | TEMPLOG : WellhouseOne | 058.100
2016-11-14 18:45:13 | TEMPLOG : Table    One | 050.900
2016-11-14 18:55:22 | TEMPLOG : WellhouseOne | 057.200
2016-11-14 19:00:27 | TEMPLOG : WellhouseOne | 057.200
2016-11-14 19:00:27 | TEMPLOG : To   GeoLoop | 060.800
2016-11-14 19:00:28 | TEMPLOG : Table    One | 050.900
2016-11-14 19:04:32 | TEMPLOG : WellhouseOne | 056.300
2016-11-14 19:07:35 | TEMPLOG : WellhouseOne | 057.200
2016-11-14 19:07:35 | TEMPLOG : To   GeoLoop | 059.900
2016-11-14 19:07:35 | TEMPLOG : Table    One | 050.000
2016-11-14 19:08:36 | TEMPLOG : WellhouseOne | 056.300
2016-11-14 19:08:36 | TEMPLOG : To   GeoLoop | 060.800
2016-11-14 19:11:39 | TEMPLOG : To   GeoLoop | 059.900
2016-11-14 19:16:45 | TEMPLOG : WellhouseOne | 055.400
2016-11-14 19:20:49 | TEMPLOG : WellhouseOne | 056.300
2016-11-14 19:21:50 | TEMPLOG : WellhouseOne | 055.400
2016-11-14 19:22:52 | TEMPLOG : WellhouseOne | 056.300
2016-11-14 19:23:54 | TEMPLOG : WellhouseOne | 055.400
2016-11-14 19:25:56 | TEMPLOG : WellhouseOne | 056.300
2016-11-14 19:26:57 | TEMPLOG : WellhouseOne | 055.400
2016-11-14 19:28:58 | TEMPLOG : WellhouseOne | 056.300
2016-11-14 19:31:00 | TEMPLOG : WellhouseOne | 055.400
2016-11-14 19:32:02 | TEMPLOG : WellhouseOne | 056.300
2016-11-14 19:33:03 | TEMPLOG : WellhouseOne | 055.400
2016-11-14 19:58:29 | TEMPLOG : WellhouseOne | 054.500
2016-11-14 20:00:31 | TEMPLOG : WellhouseOne | 054.500
2016-11-14 20:00:31 | TEMPLOG : To   GeoLoop | 059.900
2016-11-14 20:00:31 | TEMPLOG : Table    One | 050.000
2016-11-14 20:09:39 | TEMPLOG : Table    One | 050.900
2016-11-14 20:10:40 | TEMPLOG : Table    One | 050.000
2016-11-14 20:12:42 | TEMPLOG : Table    One | 050.900
2016-11-14 20:15:45 | TEMPLOG : Table    One | 050.000
2016-11-14 20:17:46 | TEMPLOG : WellhouseOne | 053.600
2016-11-14 20:17:47 | TEMPLOG : Table    One | 050.900
2016-11-14 20:19:50 | TEMPLOG : Table    One | 050.000
2016-11-14 20:21:52 | TEMPLOG : Table    One | 050.900
2016-11-14 20:22:54 | TEMPLOG : Table    One | 050.000
2016-11-14 20:30:02 | TEMPLOG : To   GeoLoop | 059.000
2016-11-14 20:32:03 | TEMPLOG : To   GeoLoop | 059.900
2016-11-14 20:34:05 | TEMPLOG : To   GeoLoop | 059.000
2016-11-14 20:38:09 | TEMPLOG : Table    One | 049.100
2016-11-14 20:48:17 | TEMPLOG : WellhouseOne | 052.700
2016-11-14 21:00:29 | TEMPLOG : WellhouseOne | 052.700
2016-11-14 21:00:29 | TEMPLOG : To   GeoLoop | 059.000
2016-11-14 21:00:29 | TEMPLOG : Table    One | 049.100
2016-11-14 21:03:31 | TEMPLOG : Table    One | 048.200
2016-11-14 21:04:32 | TEMPLOG : Table    One | 049.100
2016-11-14 21:09:37 | TEMPLOG : Table    One | 048.200
2016-11-14 21:10:38 | TEMPLOG : Table    One | 049.100
2016-11-14 21:11:40 | TEMPLOG : Table    One | 048.200
2016-11-14 21:14:41 | TEMPLOG : WellhouseOne | 051.800
2016-11-14 21:23:49 | TEMPLOG : To   GeoLoop | 058.100
2016-11-14 21:24:51 | TEMPLOG : To   GeoLoop | 059.000
2016-11-14 21:25:51 | TEMPLOG : To   GeoLoop | 058.100
2016-11-14 21:39:04 | TEMPLOG : To   GeoLoop | 059.000
2016-11-14 21:40:05 | TEMPLOG : WellhouseOne | 050.900
2016-11-14 21:40:06 | TEMPLOG : To   GeoLoop | 058.100
2016-11-14 21:49:16 | TEMPLOG : Table    One | 047.300
2016-11-14 21:50:18 | TEMPLOG : Table    One | 048.200
2016-11-14 21:53:20 | TEMPLOG : Table    One | 047.300
2016-11-14 22:00:25 | TEMPLOG : WellhouseOne | 050.900
2016-11-14 22:00:25 | TEMPLOG : To   GeoLoop | 058.100
2016-11-14 22:00:25 | TEMPLOG : Table    One | 047.300
2016-11-14 22:11:34 | TEMPLOG : WellhouseOne | 050.000
2016-11-14 22:27:50 | TEMPLOG : To   GeoLoop | 057.200
2016-11-14 22:29:51 | TEMPLOG : To   GeoLoop | 058.100
2016-11-14 22:29:52 | TEMPLOG : Table    One | 046.400
2016-11-14 22:30:52 | TEMPLOG : To   GeoLoop | 057.200
2016-11-14 22:30:52 | TEMPLOG : Table    One | 047.300
2016-11-14 22:32:53 | TEMPLOG : WellhouseOne | 049.100
2016-11-14 22:32:54 | TEMPLOG : Table    One | 046.400
2016-11-14 22:35:57 | TEMPLOG : Table    One | 047.300
2016-11-14 22:36:58 | TEMPLOG : Table    One | 046.400
2016-11-14 22:38:59 | TEMPLOG : To   GeoLoop | 058.100
2016-11-14 22:40:00 | TEMPLOG : To   GeoLoop | 057.200
2016-11-14 22:40:00 | TEMPLOG : Table    One | 047.300
2016-11-14 22:41:01 | TEMPLOG : Table    One | 046.400
2016-11-14 22:54:11 | TEMPLOG : WellhouseOne | 048.200
2016-11-14 22:55:11 | TEMPLOG : WellhouseOne | 049.100
2016-11-14 22:56:12 | TEMPLOG : WellhouseOne | 048.200
2016-11-14 23:00:16 | TEMPLOG : WellhouseOne | 048.200
2016-11-14 23:00:17 | TEMPLOG : To   GeoLoop | 057.200
2016-11-14 23:00:17 | TEMPLOG : Table    One | 046.400
2016-11-14 23:25:42 | TEMPLOG : Table    One | 045.500
2016-11-14 23:26:43 | TEMPLOG : Table    One | 046.400
2016-11-14 23:30:45 | TEMPLOG : WellhouseOne | 047.300
2016-11-14 23:30:46 | TEMPLOG : Table    One | 045.500
2016-11-14 23:31:47 | TEMPLOG : Table    One | 046.400
2016-11-14 23:34:48 | TEMPLOG : WellhouseOne | 048.200
2016-11-14 23:34:49 | TEMPLOG : Table    One | 045.500
2016-11-14 23:35:49 | TEMPLOG : WellhouseOne | 047.300
2016-11-14 23:38:53 | TEMPLOG : To   GeoLoop | 056.300
2016-11-14 23:41:56 | TEMPLOG : To   GeoLoop | 057.200
2016-11-14 23:42:57 | TEMPLOG : To   GeoLoop | 056.300
2016-11-14 23:47:00 | TEMPLOG : To   GeoLoop | 057.200
2016-11-14 23:48:01 | TEMPLOG : To   GeoLoop | 056.300
2016-11-14 23:49:02 | TEMPLOG : WellhouseOne | 046.400
2016-11-14 23:50:04 | TEMPLOG : WellhouseOne | 047.300
2016-11-14 23:53:06 | TEMPLOG : WellhouseOne | 046.400
