2016-12-26 00:00:46 | TEMPLOG : WellhouseOne | 047.300
2016-12-26 00:00:46 | TEMPLOG : Bio   Filter | 026.600
2016-12-26 00:00:46 | TEMPLOG : To   GeoLoop | 039.200
2016-12-26 00:00:46 | TEMPLOG : Table    One | 026.600
2016-12-26 00:01:46 | TEMPLOG : WellhouseOne | 045.500
2016-12-26 00:01:47 | TEMPLOG : Bio   Filter | 027.500
2016-12-26 00:02:49 | TEMPLOG : WellhouseOne | 044.600
2016-12-26 00:02:49 | TEMPLOG : Bio   Filter | 026.600
2016-12-26 00:03:50 | TEMPLOG : WellhouseOne | 043.700
2016-12-26 00:03:50 | TEMPLOG : Bio   Filter | 027.500
2016-12-26 00:04:51 | TEMPLOG : WellhouseOne | 042.800
2016-12-26 00:04:51 | TEMPLOG : Bio   Filter | 026.600
2016-12-26 00:05:52 | TEMPLOG : Bio   Filter | 027.500
2016-12-26 00:06:53 | TEMPLOG : WellhouseOne | 041.900
2016-12-26 00:07:54 | TEMPLOG : WellhouseOne | 041.000
2016-12-26 00:07:54 | TEMPLOG : Bio   Filter | 026.600
2016-12-26 00:08:56 | TEMPLOG : Bio   Filter | 027.500
2016-12-26 00:09:56 | TEMPLOG : WellhouseOne | 040.100
2016-12-26 00:10:57 | TEMPLOG : WellhouseOne | 039.200
2016-12-26 00:10:57 | TEMPLOG : Bio   Filter | 026.600
2016-12-26 00:11:58 | TEMPLOG : WellhouseOne | 088.700
2016-12-26 00:12:59 | TEMPLOG : WellhouseOne | 110.300
2016-12-26 00:14:01 | TEMPLOG : WellhouseOne | 121.100
2016-12-26 00:15:02 | TEMPLOG : WellhouseOne | 126.500
2016-12-26 00:16:03 | TEMPLOG : WellhouseOne | 129.200
2016-12-26 00:17:05 | TEMPLOG : WellhouseOne | 131.900
2016-12-26 00:18:06 | TEMPLOG : WellhouseOne | 132.800
2016-12-26 00:18:07 | TEMPLOG : To   GeoLoop | 038.300
2016-12-26 00:19:07 | TEMPLOG : WellhouseOne | 133.700
2016-12-26 00:19:08 | TEMPLOG : To   GeoLoop | 039.200
2016-12-26 00:20:09 | TEMPLOG : WellhouseOne | 100.400
2016-12-26 00:20:09 | TEMPLOG : To   GeoLoop | 038.300
2016-12-26 00:21:10 | TEMPLOG : WellhouseOne | 081.500
2016-12-26 00:22:11 | TEMPLOG : WellhouseOne | 069.800
2016-12-26 00:22:12 | TEMPLOG : To   GeoLoop | 039.200
2016-12-26 00:23:13 | TEMPLOG : WellhouseOne | 063.500
2016-12-26 00:24:14 | TEMPLOG : WellhouseOne | 058.100
2016-12-26 00:25:16 | TEMPLOG : WellhouseOne | 054.500
2016-12-26 00:25:16 | TEMPLOG : To   GeoLoop | 038.300
2016-12-26 00:26:17 | TEMPLOG : WellhouseOne | 052.700
2016-12-26 00:27:19 | TEMPLOG : WellhouseOne | 050.000
2016-12-26 00:28:20 | TEMPLOG : WellhouseOne | 048.200
2016-12-26 00:28:21 | TEMPLOG : To   GeoLoop | 039.200
2016-12-26 00:29:21 | TEMPLOG : WellhouseOne | 047.300
2016-12-26 00:29:22 | TEMPLOG : To   GeoLoop | 038.300
2016-12-26 00:30:22 | TEMPLOG : WellhouseOne | 046.400
2016-12-26 00:31:24 | TEMPLOG : WellhouseOne | 044.600
2016-12-26 00:33:26 | TEMPLOG : WellhouseOne | 043.700
2016-12-26 00:34:28 | TEMPLOG : WellhouseOne | 042.800
2016-12-26 00:35:28 | TEMPLOG : WellhouseOne | 041.900
2016-12-26 00:36:30 | TEMPLOG : To   GeoLoop | 039.200
2016-12-26 00:37:31 | TEMPLOG : WellhouseOne | 041.000
2016-12-26 00:37:31 | TEMPLOG : Bio   Filter | 027.500
2016-12-26 00:37:31 | TEMPLOG : To   GeoLoop | 038.300
2016-12-26 00:38:32 | TEMPLOG : WellhouseOne | 040.100
2016-12-26 00:39:33 | TEMPLOG : To   GeoLoop | 039.200
2016-12-26 00:40:33 | TEMPLOG : WellhouseOne | 098.600
2016-12-26 00:40:34 | TEMPLOG : To   GeoLoop | 038.300
2016-12-26 00:41:35 | TEMPLOG : WellhouseOne | 114.800
2016-12-26 00:41:35 | TEMPLOG : Bio   Filter | 026.600
2016-12-26 00:42:36 | TEMPLOG : WellhouseOne | 124.700
2016-12-26 00:43:37 | TEMPLOG : WellhouseOne | 129.200
2016-12-26 00:43:37 | TEMPLOG : Bio   Filter | 027.500
2016-12-26 00:44:38 | TEMPLOG : WellhouseOne | 131.000
2016-12-26 00:45:39 | TEMPLOG : WellhouseOne | 132.800
2016-12-26 00:46:40 | TEMPLOG : WellhouseOne | 135.500
2016-12-26 00:47:41 | TEMPLOG : WellhouseOne | 136.400
2016-12-26 00:48:43 | TEMPLOG : WellhouseOne | 109.400
2016-12-26 00:49:44 | TEMPLOG : WellhouseOne | 086.900
2016-12-26 00:50:46 | TEMPLOG : WellhouseOne | 075.200
2016-12-26 00:51:48 | TEMPLOG : WellhouseOne | 066.200
2016-12-26 00:52:49 | TEMPLOG : WellhouseOne | 061.700
2016-12-26 00:53:49 | TEMPLOG : WellhouseOne | 058.100
2016-12-26 00:54:50 | TEMPLOG : WellhouseOne | 054.500
2016-12-26 00:55:52 | TEMPLOG : WellhouseOne | 051.800
2016-12-26 00:56:53 | TEMPLOG : WellhouseOne | 049.100
2016-12-26 00:57:54 | TEMPLOG : WellhouseOne | 048.200
2016-12-26 00:58:55 | TEMPLOG : WellhouseOne | 046.400
2016-12-26 01:00:58 | TEMPLOG : WellhouseOne | 045.500
2016-12-26 01:00:58 | TEMPLOG : Bio   Filter | 027.500
2016-12-26 01:00:58 | TEMPLOG : To   GeoLoop | 038.300
2016-12-26 01:00:58 | TEMPLOG : Table    One | 026.600
2016-12-26 01:01:59 | TEMPLOG : WellhouseOne | 044.600
2016-12-26 01:03:00 | TEMPLOG : WellhouseOne | 043.700
2016-12-26 01:04:01 | TEMPLOG : WellhouseOne | 042.800
2016-12-26 01:05:02 | TEMPLOG : WellhouseOne | 041.900
2016-12-26 01:07:05 | TEMPLOG : WellhouseOne | 041.000
2016-12-26 01:08:07 | TEMPLOG : WellhouseOne | 040.100
2016-12-26 01:09:08 | TEMPLOG : WellhouseOne | 050.900
2016-12-26 01:10:11 | TEMPLOG : WellhouseOne | 106.700
2016-12-26 01:10:11 | TEMPLOG : Bio   Filter | 026.600
2016-12-26 01:11:12 | TEMPLOG : WellhouseOne | 120.200
2016-12-26 01:12:14 | TEMPLOG : WellhouseOne | 127.400
2016-12-26 01:13:15 | TEMPLOG : WellhouseOne | 131.000
2016-12-26 01:14:16 | TEMPLOG : WellhouseOne | 133.700
2016-12-26 01:15:17 | TEMPLOG : WellhouseOne | 134.600
2016-12-26 01:15:18 | TEMPLOG : Bio   Filter | 027.500
2016-12-26 01:16:18 | TEMPLOG : WellhouseOne | 136.400
2016-12-26 01:17:20 | TEMPLOG : WellhouseOne | 098.600
2016-12-26 01:18:21 | TEMPLOG : WellhouseOne | 077.900
2016-12-26 01:18:22 | TEMPLOG : Bio   Filter | 026.600
2016-12-26 01:19:22 | TEMPLOG : WellhouseOne | 067.100
2016-12-26 01:20:24 | TEMPLOG : WellhouseOne | 059.000
2016-12-26 01:21:26 | TEMPLOG : WellhouseOne | 055.400
2016-12-26 01:21:27 | TEMPLOG : Table    One | 025.700
2016-12-26 01:22:27 | TEMPLOG : WellhouseOne | 051.800
2016-12-26 01:23:28 | TEMPLOG : WellhouseOne | 050.900
2016-12-26 01:23:29 | TEMPLOG : Table    One | 026.600
2016-12-26 01:24:29 | TEMPLOG : WellhouseOne | 049.100
2016-12-26 01:24:30 | TEMPLOG : Table    One | 025.700
2016-12-26 01:25:30 | TEMPLOG : WellhouseOne | 048.200
2016-12-26 01:25:31 | TEMPLOG : Table    One | 026.600
2016-12-26 01:26:31 | TEMPLOG : WellhouseOne | 046.400
2016-12-26 01:26:32 | TEMPLOG : Table    One | 025.700
2016-12-26 01:27:32 | TEMPLOG : WellhouseOne | 045.500
2016-12-26 01:27:32 | TEMPLOG : Table    One | 026.600
2016-12-26 01:28:33 | TEMPLOG : WellhouseOne | 044.600
2016-12-26 01:28:33 | TEMPLOG : Table    One | 025.700
2016-12-26 01:29:34 | TEMPLOG : WellhouseOne | 043.700
2016-12-26 01:30:35 | TEMPLOG : WellhouseOne | 042.800
2016-12-26 01:31:36 | TEMPLOG : WellhouseOne | 041.900
2016-12-26 01:33:38 | TEMPLOG : WellhouseOne | 041.000
2016-12-26 01:35:39 | TEMPLOG : WellhouseOne | 039.200
2016-12-26 01:36:41 | TEMPLOG : WellhouseOne | 038.300
2016-12-26 01:37:43 | TEMPLOG : WellhouseOne | 091.400
2016-12-26 01:38:44 | TEMPLOG : WellhouseOne | 115.700
2016-12-26 01:39:45 | TEMPLOG : WellhouseOne | 124.700
2016-12-26 01:40:46 | TEMPLOG : WellhouseOne | 128.300
2016-12-26 01:41:48 | TEMPLOG : WellhouseOne | 131.000
2016-12-26 01:42:49 | TEMPLOG : WellhouseOne | 132.800
2016-12-26 01:43:49 | TEMPLOG : WellhouseOne | 135.500
2016-12-26 01:44:51 | TEMPLOG : Bio   Filter | 025.700
2016-12-26 01:45:52 | TEMPLOG : WellhouseOne | 101.300
2016-12-26 01:46:52 | TEMPLOG : WellhouseOne | 084.200
2016-12-26 01:46:53 | TEMPLOG : Bio   Filter | 026.600
2016-12-26 01:47:54 | TEMPLOG : WellhouseOne | 070.700
2016-12-26 01:48:55 | TEMPLOG : WellhouseOne | 063.500
2016-12-26 01:49:57 | TEMPLOG : WellhouseOne | 058.100
2016-12-26 01:50:58 | TEMPLOG : WellhouseOne | 055.400
2016-12-26 01:52:00 | TEMPLOG : WellhouseOne | 051.800
2016-12-26 01:52:00 | TEMPLOG : Bio   Filter | 025.700
2016-12-26 01:53:02 | TEMPLOG : WellhouseOne | 050.000
2016-12-26 01:54:02 | TEMPLOG : WellhouseOne | 048.200
2016-12-26 01:55:04 | TEMPLOG : WellhouseOne | 047.300
2016-12-26 01:56:05 | TEMPLOG : WellhouseOne | 046.400
2016-12-26 01:56:05 | TEMPLOG : Bio   Filter | 026.600
2016-12-26 01:57:06 | TEMPLOG : WellhouseOne | 045.500
2016-12-26 01:57:06 | TEMPLOG : Bio   Filter | 025.700
2016-12-26 01:58:07 | TEMPLOG : WellhouseOne | 044.600
2016-12-26 01:59:09 | TEMPLOG : WellhouseOne | 043.700
2016-12-26 02:00:11 | TEMPLOG : WellhouseOne | 042.800
2016-12-26 02:00:11 | TEMPLOG : Bio   Filter | 025.700
2016-12-26 02:00:12 | TEMPLOG : To   GeoLoop | 038.300
2016-12-26 02:00:12 | TEMPLOG : Table    One | 025.700
2016-12-26 02:01:12 | TEMPLOG : WellhouseOne | 041.000
2016-12-26 02:01:12 | TEMPLOG : To   GeoLoop | 037.400
2016-12-26 02:02:13 | TEMPLOG : WellhouseOne | 040.100
2016-12-26 02:02:14 | TEMPLOG : To   GeoLoop | 038.300
2016-12-26 02:03:15 | TEMPLOG : WellhouseOne | 039.200
2016-12-26 02:03:15 | TEMPLOG : To   GeoLoop | 037.400
2016-12-26 02:04:16 | TEMPLOG : WellhouseOne | 037.400
2016-12-26 02:05:17 | TEMPLOG : WellhouseOne | 039.200
2016-12-26 02:06:18 | TEMPLOG : WellhouseOne | 066.200
2016-12-26 02:06:19 | TEMPLOG : Table    One | 024.800
2016-12-26 02:07:19 | TEMPLOG : WellhouseOne | 107.600
2016-12-26 02:07:20 | TEMPLOG : Table    One | 025.700
2016-12-26 02:08:20 | TEMPLOG : WellhouseOne | 122.000
2016-12-26 02:09:21 | TEMPLOG : WellhouseOne | 125.600
2016-12-26 02:09:22 | TEMPLOG : Table    One | 024.800
2016-12-26 02:10:22 | TEMPLOG : WellhouseOne | 129.200
2016-12-26 02:10:23 | TEMPLOG : Table    One | 025.700
2016-12-26 02:11:23 | TEMPLOG : WellhouseOne | 131.900
2016-12-26 02:11:25 | TEMPLOG : Table    One | 024.800
2016-12-26 02:12:26 | TEMPLOG : WellhouseOne | 132.800
2016-12-26 02:13:27 | TEMPLOG : WellhouseOne | 135.500
2016-12-26 02:14:29 | TEMPLOG : WellhouseOne | 137.300
2016-12-26 02:16:30 | TEMPLOG : WellhouseOne | 101.300
2016-12-26 02:17:31 | TEMPLOG : WellhouseOne | 083.300
2016-12-26 02:18:32 | TEMPLOG : WellhouseOne | 072.500
2016-12-26 02:19:34 | TEMPLOG : WellhouseOne | 067.100
2016-12-26 02:20:35 | TEMPLOG : WellhouseOne | 060.800
2016-12-26 02:21:36 | TEMPLOG : WellhouseOne | 056.300
2016-12-26 02:22:38 | TEMPLOG : WellhouseOne | 052.700
2016-12-26 02:23:39 | TEMPLOG : WellhouseOne | 050.900
2016-12-26 02:24:41 | TEMPLOG : WellhouseOne | 049.100
2016-12-26 02:25:42 | TEMPLOG : WellhouseOne | 047.300
2016-12-26 02:26:42 | TEMPLOG : WellhouseOne | 045.500
2016-12-26 02:27:44 | TEMPLOG : WellhouseOne | 044.600
2016-12-26 02:30:48 | TEMPLOG : WellhouseOne | 042.800
2016-12-26 02:31:49 | TEMPLOG : WellhouseOne | 041.000
2016-12-26 02:31:49 | TEMPLOG : Bio   Filter | 024.800
2016-12-26 02:32:51 | TEMPLOG : WellhouseOne | 040.100
2016-12-26 02:34:53 | TEMPLOG : WellhouseOne | 039.200
2016-12-26 02:34:53 | TEMPLOG : Bio   Filter | 025.700
2016-12-26 02:35:54 | TEMPLOG : WellhouseOne | 040.100
2016-12-26 02:36:55 | TEMPLOG : WellhouseOne | 062.600
2016-12-26 02:37:56 | TEMPLOG : WellhouseOne | 107.600
2016-12-26 02:37:56 | TEMPLOG : Bio   Filter | 024.800
2016-12-26 02:38:57 | TEMPLOG : WellhouseOne | 119.300
2016-12-26 02:39:59 | TEMPLOG : WellhouseOne | 126.500
2016-12-26 02:41:00 | TEMPLOG : WellhouseOne | 129.200
2016-12-26 02:42:02 | TEMPLOG : WellhouseOne | 131.000
2016-12-26 02:43:03 | TEMPLOG : WellhouseOne | 132.800
2016-12-26 02:44:04 | TEMPLOG : WellhouseOne | 135.500
2016-12-26 02:45:06 | TEMPLOG : WellhouseOne | 136.400
2016-12-26 02:46:08 | TEMPLOG : WellhouseOne | 137.300
2016-12-26 02:47:08 | TEMPLOG : WellhouseOne | 138.200
2016-12-26 02:48:10 | TEMPLOG : WellhouseOne | 122.000
2016-12-26 02:49:11 | TEMPLOG : WellhouseOne | 095.000
2016-12-26 02:50:13 | TEMPLOG : WellhouseOne | 079.700
2016-12-26 02:51:13 | TEMPLOG : WellhouseOne | 071.600
2016-12-26 02:52:14 | TEMPLOG : WellhouseOne | 065.300
2016-12-26 02:53:16 | TEMPLOG : WellhouseOne | 059.900
2016-12-26 02:54:18 | TEMPLOG : WellhouseOne | 054.500
2016-12-26 02:54:19 | TEMPLOG : Table    One | 023.900
2016-12-26 02:55:19 | TEMPLOG : WellhouseOne | 052.700
2016-12-26 02:56:20 | TEMPLOG : WellhouseOne | 051.800
2016-12-26 02:57:21 | TEMPLOG : WellhouseOne | 050.000
2016-12-26 02:58:22 | TEMPLOG : WellhouseOne | 048.200
2016-12-26 02:58:23 | TEMPLOG : Table    One | 024.800
2016-12-26 02:59:23 | TEMPLOG : WellhouseOne | 047.300
2016-12-26 03:00:24 | TEMPLOG : WellhouseOne | 045.500
2016-12-26 03:00:24 | TEMPLOG : Bio   Filter | 024.800
2016-12-26 03:00:25 | TEMPLOG : To   GeoLoop | 037.400
2016-12-26 03:00:25 | TEMPLOG : Table    One | 024.800
2016-12-26 03:01:25 | TEMPLOG : WellhouseOne | 044.600
2016-12-26 03:02:26 | TEMPLOG : WellhouseOne | 043.700
2016-12-26 03:03:28 | TEMPLOG : WellhouseOne | 042.800
2016-12-26 03:04:29 | TEMPLOG : Bio   Filter | 025.700
2016-12-26 03:05:30 | TEMPLOG : WellhouseOne | 041.900
2016-12-26 03:05:30 | TEMPLOG : Bio   Filter | 024.800
2016-12-26 03:07:32 | TEMPLOG : WellhouseOne | 041.000
2016-12-26 03:08:33 | TEMPLOG : Table    One | 023.900
2016-12-26 03:09:34 | TEMPLOG : WellhouseOne | 078.800
2016-12-26 03:10:36 | TEMPLOG : WellhouseOne | 110.300
2016-12-26 03:11:37 | TEMPLOG : WellhouseOne | 121.100
2016-12-26 03:12:40 | TEMPLOG : WellhouseOne | 127.400
2016-12-26 03:13:41 | TEMPLOG : WellhouseOne | 131.000
2016-12-26 03:14:42 | TEMPLOG : WellhouseOne | 132.800
2016-12-26 03:15:44 | TEMPLOG : WellhouseOne | 133.700
2016-12-26 03:16:46 | TEMPLOG : WellhouseOne | 135.500
2016-12-26 03:17:47 | TEMPLOG : WellhouseOne | 137.300
2016-12-26 03:20:50 | TEMPLOG : WellhouseOne | 108.500
2016-12-26 03:21:52 | TEMPLOG : WellhouseOne | 086.900
2016-12-26 03:22:53 | TEMPLOG : WellhouseOne | 076.100
2016-12-26 03:23:54 | TEMPLOG : WellhouseOne | 068.000
2016-12-26 03:24:56 | TEMPLOG : WellhouseOne | 062.600
2016-12-26 03:25:56 | TEMPLOG : WellhouseOne | 058.100
2016-12-26 03:26:58 | TEMPLOG : WellhouseOne | 053.600
2016-12-26 03:28:00 | TEMPLOG : WellhouseOne | 050.000
2016-12-26 03:30:02 | TEMPLOG : WellhouseOne | 048.200
2016-12-26 03:31:03 | TEMPLOG : WellhouseOne | 047.300
2016-12-26 03:31:04 | TEMPLOG : To   GeoLoop | 036.500
2016-12-26 03:32:06 | TEMPLOG : WellhouseOne | 045.500
2016-12-26 03:32:06 | TEMPLOG : Bio   Filter | 023.900
2016-12-26 03:33:07 | TEMPLOG : WellhouseOne | 042.800
2016-12-26 03:33:07 | TEMPLOG : Bio   Filter | 024.800
2016-12-26 03:34:08 | TEMPLOG : WellhouseOne | 043.700
2016-12-26 03:34:09 | TEMPLOG : Bio   Filter | 023.900
2016-12-26 03:35:09 | TEMPLOG : WellhouseOne | 042.800
2016-12-26 03:35:10 | TEMPLOG : Bio   Filter | 024.800
2016-12-26 03:36:11 | TEMPLOG : WellhouseOne | 041.900
2016-12-26 03:39:16 | TEMPLOG : WellhouseOne | 041.000
2016-12-26 03:40:17 | TEMPLOG : Bio   Filter | 023.900
2016-12-26 03:41:18 | TEMPLOG : WellhouseOne | 052.700
2016-12-26 03:41:18 | TEMPLOG : Bio   Filter | 024.800
2016-12-26 03:42:19 | TEMPLOG : WellhouseOne | 104.000
2016-12-26 03:42:19 | TEMPLOG : Bio   Filter | 023.900
2016-12-26 03:43:19 | TEMPLOG : WellhouseOne | 117.500
2016-12-26 03:44:20 | TEMPLOG : WellhouseOne | 123.800
2016-12-26 03:45:21 | TEMPLOG : WellhouseOne | 128.300
2016-12-26 03:45:22 | TEMPLOG : Table    One | 023.000
2016-12-26 03:46:22 | TEMPLOG : WellhouseOne | 131.900
2016-12-26 03:47:24 | TEMPLOG : WellhouseOne | 132.800
2016-12-26 03:48:25 | TEMPLOG : WellhouseOne | 134.600
2016-12-26 03:49:26 | TEMPLOG : WellhouseOne | 136.400
2016-12-26 03:49:27 | TEMPLOG : Table    One | 023.900
2016-12-26 03:50:28 | TEMPLOG : Table    One | 023.000
2016-12-26 03:51:28 | TEMPLOG : WellhouseOne | 137.300
2016-12-26 03:53:31 | TEMPLOG : WellhouseOne | 139.100
2016-12-26 03:54:33 | TEMPLOG : WellhouseOne | 118.400
2016-12-26 03:55:34 | TEMPLOG : WellhouseOne | 092.300
2016-12-26 03:56:35 | TEMPLOG : WellhouseOne | 077.900
2016-12-26 03:56:35 | TEMPLOG : Table    One | 023.900
2016-12-26 03:57:35 | TEMPLOG : WellhouseOne | 068.900
2016-12-26 03:58:37 | TEMPLOG : WellhouseOne | 063.500
2016-12-26 03:59:38 | TEMPLOG : WellhouseOne | 059.900
2016-12-26 03:59:39 | TEMPLOG : Table    One | 023.000
2016-12-26 04:00:39 | TEMPLOG : WellhouseOne | 055.400
2016-12-26 04:00:39 | TEMPLOG : Bio   Filter | 023.900
2016-12-26 04:00:40 | TEMPLOG : To   GeoLoop | 036.500
2016-12-26 04:00:40 | TEMPLOG : Table    One | 023.000
2016-12-26 04:01:41 | TEMPLOG : WellhouseOne | 052.700
2016-12-26 04:01:41 | TEMPLOG : Table    One | 023.900
2016-12-26 04:02:41 | TEMPLOG : WellhouseOne | 050.900
2016-12-26 04:02:43 | TEMPLOG : Table    One | 023.000
2016-12-26 04:03:43 | TEMPLOG : WellhouseOne | 049.100
2016-12-26 04:04:44 | TEMPLOG : WellhouseOne | 048.200
2016-12-26 04:05:45 | TEMPLOG : WellhouseOne | 047.300
2016-12-26 04:06:46 | TEMPLOG : WellhouseOne | 045.500
2016-12-26 04:07:47 | TEMPLOG : WellhouseOne | 044.600
2016-12-26 04:08:48 | TEMPLOG : WellhouseOne | 043.700
2016-12-26 04:09:50 | TEMPLOG : WellhouseOne | 042.800
2016-12-26 04:11:52 | TEMPLOG : WellhouseOne | 041.900
2016-12-26 04:12:53 | TEMPLOG : WellhouseOne | 041.000
2016-12-26 04:14:55 | TEMPLOG : WellhouseOne | 063.500
2016-12-26 04:15:56 | TEMPLOG : WellhouseOne | 106.700
2016-12-26 04:16:58 | TEMPLOG : WellhouseOne | 118.400
2016-12-26 04:17:59 | TEMPLOG : WellhouseOne | 124.700
2016-12-26 04:19:01 | TEMPLOG : WellhouseOne | 129.200
2016-12-26 04:20:01 | TEMPLOG : WellhouseOne | 131.000
2016-12-26 04:21:02 | TEMPLOG : WellhouseOne | 131.900
2016-12-26 04:22:04 | TEMPLOG : WellhouseOne | 134.600
2016-12-26 04:23:05 | TEMPLOG : WellhouseOne | 135.500
2016-12-26 04:24:06 | TEMPLOG : WellhouseOne | 136.400
2016-12-26 04:26:08 | TEMPLOG : WellhouseOne | 137.300
2016-12-26 04:27:09 | TEMPLOG : WellhouseOne | 138.200
2016-12-26 04:29:11 | TEMPLOG : WellhouseOne | 107.600
2016-12-26 04:29:11 | TEMPLOG : Bio   Filter | 023.000
2016-12-26 04:30:12 | TEMPLOG : WellhouseOne | 086.900
2016-12-26 04:30:12 | TEMPLOG : Bio   Filter | 023.900
2016-12-26 04:31:13 | TEMPLOG : WellhouseOne | 076.100
2016-12-26 04:32:14 | TEMPLOG : WellhouseOne | 068.900
2016-12-26 04:33:16 | TEMPLOG : WellhouseOne | 062.600
2016-12-26 04:34:17 | TEMPLOG : WellhouseOne | 059.000
2016-12-26 04:35:17 | TEMPLOG : WellhouseOne | 055.400
2016-12-26 04:36:19 | TEMPLOG : WellhouseOne | 052.700
2016-12-26 04:37:20 | TEMPLOG : WellhouseOne | 050.900
2016-12-26 04:38:21 | TEMPLOG : WellhouseOne | 050.000
2016-12-26 04:39:22 | TEMPLOG : WellhouseOne | 048.200
2016-12-26 04:40:23 | TEMPLOG : WellhouseOne | 047.300
2016-12-26 04:41:24 | TEMPLOG : WellhouseOne | 046.400
2016-12-26 04:42:25 | TEMPLOG : WellhouseOne | 044.600
2016-12-26 04:43:26 | TEMPLOG : WellhouseOne | 043.700
2016-12-26 04:45:28 | TEMPLOG : WellhouseOne | 042.800
2016-12-26 04:45:28 | TEMPLOG : Bio   Filter | 023.000
2016-12-26 04:47:30 | TEMPLOG : WellhouseOne | 040.100
2016-12-26 04:49:32 | TEMPLOG : WellhouseOne | 082.400
2016-12-26 04:50:35 | TEMPLOG : WellhouseOne | 109.400
2016-12-26 04:51:37 | TEMPLOG : WellhouseOne | 119.300
2016-12-26 04:51:37 | TEMPLOG : Bio   Filter | 023.900
2016-12-26 04:52:38 | TEMPLOG : WellhouseOne | 124.700
2016-12-26 04:52:39 | TEMPLOG : Bio   Filter | 023.000
2016-12-26 04:53:39 | TEMPLOG : WellhouseOne | 128.300
2016-12-26 04:54:40 | TEMPLOG : WellhouseOne | 130.100
2016-12-26 04:55:41 | TEMPLOG : WellhouseOne | 132.800
2016-12-26 04:55:42 | TEMPLOG : Bio   Filter | 023.900
2016-12-26 04:56:42 | TEMPLOG : WellhouseOne | 133.700
2016-12-26 04:57:43 | TEMPLOG : WellhouseOne | 136.400
2016-12-26 04:58:44 | TEMPLOG : Bio   Filter | 023.000
2016-12-26 04:59:45 | TEMPLOG : WellhouseOne | 137.300
2016-12-26 05:00:47 | TEMPLOG : WellhouseOne | 137.300
2016-12-26 05:00:47 | TEMPLOG : Bio   Filter | 023.000
2016-12-26 05:00:47 | TEMPLOG : To   GeoLoop | 036.500
2016-12-26 05:00:47 | TEMPLOG : Table    One | 023.000
2016-12-26 05:01:48 | TEMPLOG : WellhouseOne | 105.800
2016-12-26 05:01:49 | TEMPLOG : To   GeoLoop | 035.600
2016-12-26 05:02:49 | TEMPLOG : WellhouseOne | 086.900
2016-12-26 05:02:50 | TEMPLOG : To   GeoLoop | 036.500
2016-12-26 05:03:51 | TEMPLOG : WellhouseOne | 075.200
2016-12-26 05:04:52 | TEMPLOG : WellhouseOne | 065.300
2016-12-26 05:04:52 | TEMPLOG : Bio   Filter | 023.900
2016-12-26 05:05:53 | TEMPLOG : WellhouseOne | 060.800
2016-12-26 05:05:55 | TEMPLOG : To   GeoLoop | 035.600
2016-12-26 05:06:55 | TEMPLOG : WellhouseOne | 057.200
2016-12-26 05:06:55 | TEMPLOG : Bio   Filter | 023.000
2016-12-26 05:07:57 | TEMPLOG : WellhouseOne | 053.600
2016-12-26 05:07:57 | TEMPLOG : To   GeoLoop | 036.500
2016-12-26 05:08:58 | TEMPLOG : WellhouseOne | 051.800
2016-12-26 05:08:59 | TEMPLOG : To   GeoLoop | 035.600
2016-12-26 05:09:59 | TEMPLOG : WellhouseOne | 049.100
2016-12-26 05:09:59 | TEMPLOG : To   GeoLoop | 036.500
2016-12-26 05:11:00 | TEMPLOG : WellhouseOne | 048.200
2016-12-26 05:11:01 | TEMPLOG : To   GeoLoop | 035.600
2016-12-26 05:12:01 | TEMPLOG : WellhouseOne | 047.300
2016-12-26 05:13:02 | TEMPLOG : WellhouseOne | 046.400
2016-12-26 05:13:03 | TEMPLOG : To   GeoLoop | 036.500
2016-12-26 05:14:04 | TEMPLOG : WellhouseOne | 045.500
2016-12-26 05:15:06 | TEMPLOG : WellhouseOne | 043.700
2016-12-26 05:15:06 | TEMPLOG : To   GeoLoop | 035.600
2016-12-26 05:16:07 | TEMPLOG : WellhouseOne | 042.800
2016-12-26 05:16:08 | TEMPLOG : To   GeoLoop | 036.500
2016-12-26 05:17:08 | TEMPLOG : WellhouseOne | 041.900
2016-12-26 05:17:10 | TEMPLOG : To   GeoLoop | 035.600
2016-12-26 05:18:12 | TEMPLOG : Table    One | 022.100
2016-12-26 05:19:12 | TEMPLOG : WellhouseOne | 041.000
2016-12-26 05:22:15 | TEMPLOG : WellhouseOne | 100.400
2016-12-26 05:23:17 | TEMPLOG : WellhouseOne | 115.700
2016-12-26 05:24:18 | TEMPLOG : WellhouseOne | 122.000
2016-12-26 05:25:19 | TEMPLOG : WellhouseOne | 124.700
2016-12-26 05:26:20 | TEMPLOG : WellhouseOne | 128.300
2016-12-26 05:27:22 | TEMPLOG : WellhouseOne | 130.100
2016-12-26 05:28:23 | TEMPLOG : WellhouseOne | 131.900
2016-12-26 05:29:25 | TEMPLOG : WellhouseOne | 133.700
2016-12-26 05:30:26 | TEMPLOG : WellhouseOne | 134.600
2016-12-26 05:31:27 | TEMPLOG : WellhouseOne | 136.400
2016-12-26 05:32:28 | TEMPLOG : WellhouseOne | 137.300
2016-12-26 05:33:30 | TEMPLOG : WellhouseOne | 138.200
2016-12-26 05:35:32 | TEMPLOG : WellhouseOne | 139.100
2016-12-26 05:37:35 | TEMPLOG : WellhouseOne | 099.500
2016-12-26 05:38:37 | TEMPLOG : WellhouseOne | 081.500
2016-12-26 05:39:39 | TEMPLOG : WellhouseOne | 072.500
2016-12-26 05:40:40 | TEMPLOG : WellhouseOne | 066.200
2016-12-26 05:41:42 | TEMPLOG : WellhouseOne | 061.700
2016-12-26 05:42:43 | TEMPLOG : WellhouseOne | 057.200
2016-12-26 05:43:44 | TEMPLOG : WellhouseOne | 054.500
2016-12-26 05:44:46 | TEMPLOG : WellhouseOne | 051.800
2016-12-26 05:45:47 | TEMPLOG : WellhouseOne | 050.000
2016-12-26 05:46:50 | TEMPLOG : WellhouseOne | 049.100
2016-12-26 05:47:52 | TEMPLOG : WellhouseOne | 047.300
2016-12-26 05:48:53 | TEMPLOG : WellhouseOne | 046.400
2016-12-26 05:49:54 | TEMPLOG : WellhouseOne | 045.500
2016-12-26 05:50:55 | TEMPLOG : WellhouseOne | 044.600
2016-12-26 05:51:56 | TEMPLOG : WellhouseOne | 043.700
2016-12-26 05:52:57 | TEMPLOG : WellhouseOne | 042.800
2016-12-26 05:53:58 | TEMPLOG : WellhouseOne | 041.900
2016-12-26 05:56:01 | TEMPLOG : WellhouseOne | 041.000
2016-12-26 05:57:02 | TEMPLOG : WellhouseOne | 067.100
2016-12-26 05:58:03 | TEMPLOG : WellhouseOne | 105.800
2016-12-26 05:59:04 | TEMPLOG : WellhouseOne | 117.500
2016-12-26 06:00:05 | TEMPLOG : WellhouseOne | 122.000
2016-12-26 06:00:05 | TEMPLOG : Bio   Filter | 023.000
2016-12-26 06:00:05 | TEMPLOG : To   GeoLoop | 035.600
2016-12-26 06:00:06 | TEMPLOG : Table    One | 022.100
2016-12-26 06:01:06 | TEMPLOG : WellhouseOne | 124.700
2016-12-26 06:02:07 | TEMPLOG : WellhouseOne | 129.200
2016-12-26 06:03:08 | TEMPLOG : WellhouseOne | 131.900
2016-12-26 06:04:09 | TEMPLOG : WellhouseOne | 132.800
2016-12-26 06:05:10 | TEMPLOG : WellhouseOne | 133.700
2016-12-26 06:06:11 | TEMPLOG : WellhouseOne | 135.500
2016-12-26 06:07:13 | TEMPLOG : WellhouseOne | 136.400
2016-12-26 06:08:14 | TEMPLOG : WellhouseOne | 137.300
2016-12-26 06:09:15 | TEMPLOG : WellhouseOne | 138.200
2016-12-26 06:12:19 | TEMPLOG : WellhouseOne | 127.400
2016-12-26 06:13:20 | TEMPLOG : WellhouseOne | 095.900
2016-12-26 06:14:24 | TEMPLOG : WellhouseOne | 079.700
2016-12-26 06:15:25 | TEMPLOG : WellhouseOne | 071.600
2016-12-26 06:16:27 | TEMPLOG : WellhouseOne | 065.300
2016-12-26 06:17:27 | TEMPLOG : WellhouseOne | 060.800
2016-12-26 06:18:29 | TEMPLOG : WellhouseOne | 058.100
2016-12-26 06:19:30 | TEMPLOG : WellhouseOne | 054.500
2016-12-26 06:20:31 | TEMPLOG : WellhouseOne | 052.700
2016-12-26 06:21:32 | TEMPLOG : WellhouseOne | 050.900
2016-12-26 06:22:34 | TEMPLOG : WellhouseOne | 049.100
2016-12-26 06:23:35 | TEMPLOG : WellhouseOne | 047.300
2016-12-26 06:24:37 | TEMPLOG : WellhouseOne | 046.400
2016-12-26 06:25:38 | TEMPLOG : WellhouseOne | 045.500
2016-12-26 06:26:39 | TEMPLOG : WellhouseOne | 044.600
2016-12-26 06:27:40 | TEMPLOG : Bio   Filter | 022.100
2016-12-26 06:28:41 | TEMPLOG : WellhouseOne | 043.700
2016-12-26 06:28:42 | TEMPLOG : Bio   Filter | 023.000
2016-12-26 06:29:42 | TEMPLOG : WellhouseOne | 042.800
2016-12-26 06:30:43 | TEMPLOG : WellhouseOne | 041.900
2016-12-26 06:32:46 | TEMPLOG : WellhouseOne | 058.100
2016-12-26 06:33:47 | TEMPLOG : WellhouseOne | 104.000
2016-12-26 06:34:48 | TEMPLOG : WellhouseOne | 115.700
2016-12-26 06:35:49 | TEMPLOG : WellhouseOne | 120.200
2016-12-26 06:36:50 | TEMPLOG : WellhouseOne | 123.800
2016-12-26 06:37:51 | TEMPLOG : WellhouseOne | 128.300
2016-12-26 06:38:53 | TEMPLOG : WellhouseOne | 131.900
2016-12-26 06:39:54 | TEMPLOG : WellhouseOne | 132.800
2016-12-26 06:40:55 | TEMPLOG : WellhouseOne | 131.900
2016-12-26 06:40:55 | TEMPLOG : Bio   Filter | 022.100
2016-12-26 06:41:56 | TEMPLOG : WellhouseOne | 134.600
2016-12-26 06:41:56 | TEMPLOG : Bio   Filter | 023.000
2016-12-26 06:42:58 | TEMPLOG : WellhouseOne | 135.500
2016-12-26 06:42:58 | TEMPLOG : Bio   Filter | 022.100
2016-12-26 06:43:59 | TEMPLOG : WellhouseOne | 136.400
2016-12-26 06:45:00 | TEMPLOG : WellhouseOne | 137.300
2016-12-26 06:46:02 | TEMPLOG : WellhouseOne | 135.500
2016-12-26 06:46:02 | TEMPLOG : Bio   Filter | 023.000
2016-12-26 06:47:03 | TEMPLOG : WellhouseOne | 136.400
2016-12-26 06:48:04 | TEMPLOG : WellhouseOne | 138.200
2016-12-26 06:49:05 | TEMPLOG : WellhouseOne | 139.100
2016-12-26 06:50:06 | TEMPLOG : WellhouseOne | 099.500
2016-12-26 06:50:07 | TEMPLOG : Bio   Filter | 022.100
2016-12-26 06:51:08 | TEMPLOG : WellhouseOne | 082.400
2016-12-26 06:52:09 | TEMPLOG : WellhouseOne | 073.400
2016-12-26 06:53:10 | TEMPLOG : WellhouseOne | 067.100
2016-12-26 06:54:11 | TEMPLOG : WellhouseOne | 061.700
2016-12-26 06:55:12 | TEMPLOG : WellhouseOne | 058.100
2016-12-26 06:56:12 | TEMPLOG : WellhouseOne | 054.500
2016-12-26 06:56:13 | TEMPLOG : Bio   Filter | 023.000
2016-12-26 06:57:13 | TEMPLOG : WellhouseOne | 052.700
2016-12-26 06:57:14 | TEMPLOG : Bio   Filter | 022.100
2016-12-26 06:58:17 | TEMPLOG : WellhouseOne | 050.000
2016-12-26 06:58:18 | TEMPLOG : Bio   Filter | 023.000
2016-12-26 06:59:19 | TEMPLOG : Bio   Filter | 022.100
2016-12-26 07:00:21 | TEMPLOG : WellhouseOne | 048.200
2016-12-26 07:00:21 | TEMPLOG : Bio   Filter | 022.100
2016-12-26 07:00:21 | TEMPLOG : To   GeoLoop | 034.700
2016-12-26 07:00:22 | TEMPLOG : Table    One | 022.100
2016-12-26 07:01:22 | TEMPLOG : WellhouseOne | 047.300
2016-12-26 07:01:22 | TEMPLOG : To   GeoLoop | 035.600
2016-12-26 07:02:23 | TEMPLOG : WellhouseOne | 046.400
2016-12-26 07:02:23 | TEMPLOG : To   GeoLoop | 034.700
2016-12-26 07:03:24 | TEMPLOG : WellhouseOne | 045.500
2016-12-26 07:03:24 | TEMPLOG : Bio   Filter | 023.000
2016-12-26 07:03:24 | TEMPLOG : To   GeoLoop | 035.600
2016-12-26 07:04:25 | TEMPLOG : WellhouseOne | 044.600
2016-12-26 07:04:25 | TEMPLOG : To   GeoLoop | 034.700
2016-12-26 07:06:27 | TEMPLOG : WellhouseOne | 043.700
2016-12-26 07:07:29 | TEMPLOG : WellhouseOne | 042.800
2016-12-26 07:07:30 | TEMPLOG : To   GeoLoop | 035.600
2016-12-26 07:08:31 | TEMPLOG : Bio   Filter | 022.100
2016-12-26 07:09:31 | TEMPLOG : WellhouseOne | 041.900
2016-12-26 07:09:32 | TEMPLOG : To   GeoLoop | 034.700
2016-12-26 07:10:32 | TEMPLOG : WellhouseOne | 090.500
2016-12-26 07:11:33 | TEMPLOG : WellhouseOne | 111.200
2016-12-26 07:11:34 | TEMPLOG : Bio   Filter | 023.000
2016-12-26 07:12:34 | TEMPLOG : WellhouseOne | 118.400
2016-12-26 07:12:35 | TEMPLOG : To   GeoLoop | 035.600
2016-12-26 07:13:35 | TEMPLOG : WellhouseOne | 122.900
2016-12-26 07:13:36 | TEMPLOG : Bio   Filter | 022.100
2016-12-26 07:13:36 | TEMPLOG : To   GeoLoop | 034.700
2016-12-26 07:14:36 | TEMPLOG : WellhouseOne | 128.300
2016-12-26 07:15:37 | TEMPLOG : WellhouseOne | 130.100
2016-12-26 07:15:37 | TEMPLOG : To   GeoLoop | 035.600
2016-12-26 07:16:38 | TEMPLOG : WellhouseOne | 131.900
2016-12-26 07:16:38 | TEMPLOG : To   GeoLoop | 034.700
2016-12-26 07:17:40 | TEMPLOG : WellhouseOne | 132.800
2016-12-26 07:18:41 | TEMPLOG : WellhouseOne | 134.600
2016-12-26 07:18:41 | TEMPLOG : To   GeoLoop | 035.600
2016-12-26 07:19:42 | TEMPLOG : WellhouseOne | 135.500
2016-12-26 07:20:43 | TEMPLOG : WellhouseOne | 132.800
2016-12-26 07:20:44 | TEMPLOG : Bio   Filter | 023.000
2016-12-26 07:21:44 | TEMPLOG : WellhouseOne | 135.500
2016-12-26 07:21:44 | TEMPLOG : To   GeoLoop | 034.700
2016-12-26 07:22:46 | TEMPLOG : WellhouseOne | 136.400
2016-12-26 07:22:47 | TEMPLOG : To   GeoLoop | 035.600
2016-12-26 07:23:48 | TEMPLOG : WellhouseOne | 137.300
2016-12-26 07:24:50 | TEMPLOG : WellhouseOne | 136.400
2016-12-26 07:24:50 | TEMPLOG : To   GeoLoop | 034.700
2016-12-26 07:25:51 | TEMPLOG : WellhouseOne | 113.000
2016-12-26 07:25:51 | TEMPLOG : To   GeoLoop | 035.600
2016-12-26 07:26:52 | TEMPLOG : WellhouseOne | 091.400
2016-12-26 07:26:53 | TEMPLOG : To   GeoLoop | 034.700
2016-12-26 07:27:54 | TEMPLOG : WellhouseOne | 077.900
2016-12-26 07:28:55 | TEMPLOG : WellhouseOne | 070.700
2016-12-26 07:29:55 | TEMPLOG : WellhouseOne | 064.400
2016-12-26 07:30:57 | TEMPLOG : WellhouseOne | 059.000
2016-12-26 07:31:58 | TEMPLOG : WellhouseOne | 055.400
2016-12-26 07:32:59 | TEMPLOG : WellhouseOne | 053.600
2016-12-26 07:32:59 | TEMPLOG : Bio   Filter | 023.900
2016-12-26 07:33:00 | TEMPLOG : To   GeoLoop | 035.600
2016-12-26 07:33:00 | TEMPLOG : Table    One | 023.000
2016-12-26 07:34:00 | TEMPLOG : WellhouseOne | 050.900
2016-12-26 07:35:02 | TEMPLOG : WellhouseOne | 050.000
2016-12-26 07:36:04 | TEMPLOG : WellhouseOne | 048.200
2016-12-26 07:37:06 | TEMPLOG : WellhouseOne | 047.300
2016-12-26 07:37:07 | TEMPLOG : Table    One | 023.900
2016-12-26 07:38:07 | TEMPLOG : WellhouseOne | 046.400
2016-12-26 07:39:10 | TEMPLOG : WellhouseOne | 045.500
2016-12-26 07:39:10 | TEMPLOG : Bio   Filter | 024.800
2016-12-26 07:40:11 | TEMPLOG : WellhouseOne | 043.700
2016-12-26 07:41:13 | TEMPLOG : WellhouseOne | 042.800
2016-12-26 07:41:14 | TEMPLOG : Table    One | 024.800
2016-12-26 07:42:15 | TEMPLOG : Bio   Filter | 025.700
2016-12-26 07:43:16 | TEMPLOG : WellhouseOne | 041.900
2016-12-26 07:44:17 | TEMPLOG : WellhouseOne | 040.100
2016-12-26 07:45:18 | TEMPLOG : Bio   Filter | 026.600
2016-12-26 07:46:19 | TEMPLOG : WellhouseOne | 093.200
2016-12-26 07:46:19 | TEMPLOG : To   GeoLoop | 036.500
2016-12-26 07:46:19 | TEMPLOG : Table    One | 025.700
2016-12-26 07:47:20 | TEMPLOG : WellhouseOne | 112.100
2016-12-26 07:47:21 | TEMPLOG : To   GeoLoop | 035.600
2016-12-26 07:48:21 | TEMPLOG : WellhouseOne | 121.100
2016-12-26 07:48:21 | TEMPLOG : Bio   Filter | 027.500
2016-12-26 07:48:22 | TEMPLOG : To   GeoLoop | 036.500
2016-12-26 07:49:22 | TEMPLOG : WellhouseOne | 122.900
2016-12-26 07:49:23 | TEMPLOG : Table    One | 026.600
2016-12-26 07:50:23 | TEMPLOG : WellhouseOne | 125.600
2016-12-26 07:50:24 | TEMPLOG : Bio   Filter | 028.400
2016-12-26 07:50:24 | TEMPLOG : To   GeoLoop | 035.600
2016-12-26 07:51:25 | TEMPLOG : WellhouseOne | 130.100
2016-12-26 07:51:26 | TEMPLOG : To   GeoLoop | 036.500
2016-12-26 07:51:27 | TEMPLOG : Table    One | 027.500
2016-12-26 07:52:27 | TEMPLOG : WellhouseOne | 131.900
2016-12-26 07:53:30 | TEMPLOG : WellhouseOne | 133.700
2016-12-26 07:53:30 | TEMPLOG : Bio   Filter | 029.300
2016-12-26 07:53:30 | TEMPLOG : Table    One | 028.400
2016-12-26 07:54:31 | TEMPLOG : WellhouseOne | 135.500
2016-12-26 07:55:32 | TEMPLOG : WellhouseOne | 136.400
2016-12-26 07:55:32 | TEMPLOG : Bio   Filter | 030.200
2016-12-26 07:55:32 | TEMPLOG : Table    One | 029.300
2016-12-26 07:56:33 | TEMPLOG : WellhouseOne | 138.200
2016-12-26 07:57:34 | TEMPLOG : Bio   Filter | 031.100
2016-12-26 07:57:35 | TEMPLOG : Table    One | 030.200
2016-12-26 07:59:37 | TEMPLOG : WellhouseOne | 107.600
2016-12-26 08:00:38 | TEMPLOG : WellhouseOne | 086.000
2016-12-26 08:00:39 | TEMPLOG : Bio   Filter | 032.900
2016-12-26 08:00:39 | TEMPLOG : To   GeoLoop | 036.500
2016-12-26 08:00:40 | TEMPLOG : Table    One | 031.100
2016-12-26 08:01:40 | TEMPLOG : WellhouseOne | 072.500
2016-12-26 08:02:42 | TEMPLOG : WellhouseOne | 066.200
2016-12-26 08:02:43 | TEMPLOG : Bio   Filter | 033.800
2016-12-26 08:03:43 | TEMPLOG : WellhouseOne | 061.700
2016-12-26 08:04:44 | TEMPLOG : WellhouseOne | 057.200
2016-12-26 08:04:44 | TEMPLOG : Bio   Filter | 034.700
2016-12-26 08:05:45 | TEMPLOG : WellhouseOne | 054.500
2016-12-26 08:05:46 | TEMPLOG : Bio   Filter | 035.600
2016-12-26 08:06:46 | TEMPLOG : WellhouseOne | 051.800
2016-12-26 08:06:47 | TEMPLOG : To   GeoLoop | 037.400
2016-12-26 08:06:47 | TEMPLOG : Table    One | 032.900
2016-12-26 08:07:47 | TEMPLOG : WellhouseOne | 050.000
2016-12-26 08:08:48 | TEMPLOG : WellhouseOne | 049.100
2016-12-26 08:08:48 | TEMPLOG : Bio   Filter | 036.500
2016-12-26 08:09:49 | TEMPLOG : WellhouseOne | 047.300
2016-12-26 08:09:50 | TEMPLOG : Table    One | 033.800
2016-12-26 08:10:50 | TEMPLOG : WellhouseOne | 046.400
2016-12-26 08:11:53 | TEMPLOG : WellhouseOne | 045.500
2016-12-26 08:11:53 | TEMPLOG : Table    One | 032.900
2016-12-26 08:12:54 | TEMPLOG : WellhouseOne | 043.700
2016-12-26 08:12:54 | TEMPLOG : Bio   Filter | 037.400
2016-12-26 08:14:56 | TEMPLOG : WellhouseOne | 042.800
2016-12-26 08:14:56 | TEMPLOG : Bio   Filter | 038.300
2016-12-26 08:15:58 | TEMPLOG : Table    One | 033.800
2016-12-26 08:16:58 | TEMPLOG : WellhouseOne | 041.900
2016-12-26 08:19:00 | TEMPLOG : WellhouseOne | 041.000
2016-12-26 08:20:01 | TEMPLOG : WellhouseOne | 093.200
2016-12-26 08:20:01 | TEMPLOG : Bio   Filter | 039.200
2016-12-26 08:21:02 | TEMPLOG : WellhouseOne | 113.000
2016-12-26 08:22:03 | TEMPLOG : WellhouseOne | 121.100
2016-12-26 08:22:03 | TEMPLOG : Bio   Filter | 040.100
2016-12-26 08:23:04 | TEMPLOG : WellhouseOne | 127.400
2016-12-26 08:23:05 | TEMPLOG : Table    One | 034.700
2016-12-26 08:24:05 | TEMPLOG : WellhouseOne | 131.900
2016-12-26 08:24:06 | TEMPLOG : To   GeoLoop | 038.300
2016-12-26 08:25:07 | TEMPLOG : WellhouseOne | 134.600
2016-12-26 08:26:08 | TEMPLOG : WellhouseOne | 136.400
2016-12-26 08:26:09 | TEMPLOG : Table    One | 033.800
2016-12-26 08:27:10 | TEMPLOG : WellhouseOne | 138.200
2016-12-26 08:28:11 | TEMPLOG : WellhouseOne | 139.100
2016-12-26 08:28:12 | TEMPLOG : Bio   Filter | 041.000
2016-12-26 08:29:12 | TEMPLOG : WellhouseOne | 108.500
2016-12-26 08:30:13 | TEMPLOG : WellhouseOne | 086.000
2016-12-26 08:31:15 | TEMPLOG : WellhouseOne | 074.300
2016-12-26 08:32:16 | TEMPLOG : WellhouseOne | 066.200
2016-12-26 08:32:16 | TEMPLOG : Bio   Filter | 041.900
2016-12-26 08:32:17 | TEMPLOG : Table    One | 032.900
2016-12-26 08:33:17 | TEMPLOG : WellhouseOne | 060.800
2016-12-26 08:34:19 | TEMPLOG : WellhouseOne | 057.200
2016-12-26 08:35:20 | TEMPLOG : WellhouseOne | 054.500
2016-12-26 08:36:22 | TEMPLOG : WellhouseOne | 051.800
2016-12-26 08:36:22 | TEMPLOG : Bio   Filter | 042.800
2016-12-26 08:37:23 | TEMPLOG : WellhouseOne | 050.000
2016-12-26 08:38:24 | TEMPLOG : WellhouseOne | 049.100
2016-12-26 08:39:25 | TEMPLOG : WellhouseOne | 047.300
2016-12-26 08:39:26 | TEMPLOG : To   GeoLoop | 039.200
2016-12-26 08:41:30 | TEMPLOG : WellhouseOne | 046.400
2016-12-26 08:41:30 | TEMPLOG : To   GeoLoop | 038.300
2016-12-26 08:42:31 | TEMPLOG : WellhouseOne | 045.500
2016-12-26 08:43:32 | TEMPLOG : WellhouseOne | 044.600
2016-12-26 08:43:33 | TEMPLOG : Bio   Filter | 043.700
2016-12-26 08:43:33 | TEMPLOG : To   GeoLoop | 039.200
2016-12-26 08:44:33 | TEMPLOG : WellhouseOne | 043.700
2016-12-26 08:44:34 | TEMPLOG : Bio   Filter | 044.600
2016-12-26 08:46:36 | TEMPLOG : WellhouseOne | 042.800
2016-12-26 08:47:37 | TEMPLOG : WellhouseOne | 041.900
2016-12-26 08:48:38 | TEMPLOG : Bio   Filter | 045.500
2016-12-26 08:49:39 | TEMPLOG : WellhouseOne | 088.700
2016-12-26 08:50:41 | TEMPLOG : WellhouseOne | 113.000
2016-12-26 08:51:41 | TEMPLOG : WellhouseOne | 124.700
2016-12-26 08:52:43 | TEMPLOG : WellhouseOne | 129.200
2016-12-26 08:52:43 | TEMPLOG : Bio   Filter | 046.400
2016-12-26 08:53:43 | TEMPLOG : WellhouseOne | 132.800
2016-12-26 08:54:44 | TEMPLOG : WellhouseOne | 135.500
2016-12-26 08:55:46 | TEMPLOG : WellhouseOne | 137.300
2016-12-26 08:55:48 | TEMPLOG : Table    One | 033.800
2016-12-26 08:56:48 | TEMPLOG : WellhouseOne | 141.800
2016-12-26 08:57:49 | TEMPLOG : WellhouseOne | 099.500
2016-12-26 08:57:50 | TEMPLOG : Bio   Filter | 047.300
2016-12-26 08:58:51 | TEMPLOG : WellhouseOne | 077.900
2016-12-26 08:59:51 | TEMPLOG : WellhouseOne | 068.000
2016-12-26 08:59:52 | TEMPLOG : Bio   Filter | 048.200
2016-12-26 09:00:52 | TEMPLOG : WellhouseOne | 061.700
2016-12-26 09:00:52 | TEMPLOG : Bio   Filter | 048.200
2016-12-26 09:00:53 | TEMPLOG : To   GeoLoop | 039.200
2016-12-26 09:00:54 | TEMPLOG : Table    One | 033.800
2016-12-26 09:01:54 | TEMPLOG : WellhouseOne | 058.100
2016-12-26 09:02:55 | TEMPLOG : WellhouseOne | 055.400
2016-12-26 09:02:57 | TEMPLOG : Table    One | 034.700
2016-12-26 09:03:57 | TEMPLOG : WellhouseOne | 052.700
2016-12-26 09:04:59 | TEMPLOG : WellhouseOne | 049.100
2016-12-26 09:04:59 | TEMPLOG : To   GeoLoop | 040.100
2016-12-26 09:06:00 | TEMPLOG : WellhouseOne | 047.300
2016-12-26 09:06:00 | TEMPLOG : Bio   Filter | 049.100
2016-12-26 09:07:00 | TEMPLOG : WellhouseOne | 044.600
2016-12-26 09:08:02 | TEMPLOG : WellhouseOne | 043.700
2016-12-26 09:08:03 | TEMPLOG : Bio   Filter | 048.200
2016-12-26 09:09:04 | TEMPLOG : Table    One | 035.600
2016-12-26 09:10:05 | TEMPLOG : WellhouseOne | 042.800
2016-12-26 09:12:07 | TEMPLOG : WellhouseOne | 041.900
2016-12-26 09:13:09 | TEMPLOG : WellhouseOne | 040.100
2016-12-26 09:13:09 | TEMPLOG : Table    One | 036.500
2016-12-26 09:14:09 | TEMPLOG : WellhouseOne | 039.200
2016-12-26 09:15:10 | TEMPLOG : WellhouseOne | 040.100
2016-12-26 09:16:13 | TEMPLOG : Table    One | 037.400
2016-12-26 09:17:13 | TEMPLOG : WellhouseOne | 070.700
2016-12-26 09:18:14 | TEMPLOG : WellhouseOne | 108.500
2016-12-26 09:19:15 | TEMPLOG : WellhouseOne | 120.200
2016-12-26 09:20:16 | TEMPLOG : WellhouseOne | 128.300
2016-12-26 09:21:17 | TEMPLOG : WellhouseOne | 136.400
2016-12-26 09:21:17 | TEMPLOG : Table    One | 038.300
2016-12-26 09:22:18 | TEMPLOG : WellhouseOne | 139.100
2016-12-26 09:23:19 | TEMPLOG : WellhouseOne | 143.600
2016-12-26 09:24:21 | TEMPLOG : WellhouseOne | 124.700
2016-12-26 09:25:23 | TEMPLOG : WellhouseOne | 091.400
2016-12-26 09:26:24 | TEMPLOG : WellhouseOne | 073.400
2016-12-26 09:27:25 | TEMPLOG : WellhouseOne | 064.400
2016-12-26 09:27:25 | TEMPLOG : Table    One | 039.200
2016-12-26 09:28:26 | TEMPLOG : WellhouseOne | 059.000
2016-12-26 09:29:26 | TEMPLOG : WellhouseOne | 055.400
2016-12-26 09:29:27 | TEMPLOG : Bio   Filter | 047.300
2016-12-26 09:29:27 | TEMPLOG : To   GeoLoop | 041.000
2016-12-26 09:30:27 | TEMPLOG : WellhouseOne | 051.800
2016-12-26 09:31:28 | TEMPLOG : WellhouseOne | 050.000
2016-12-26 09:31:29 | TEMPLOG : Table    One | 040.100
2016-12-26 09:32:29 | TEMPLOG : WellhouseOne | 049.100
2016-12-26 09:32:29 | TEMPLOG : Bio   Filter | 048.200
2016-12-26 09:33:30 | TEMPLOG : WellhouseOne | 047.300
2016-12-26 09:34:32 | TEMPLOG : WellhouseOne | 045.500
2016-12-26 09:34:33 | TEMPLOG : Table    One | 041.000
2016-12-26 09:35:33 | TEMPLOG : WellhouseOne | 043.700
2016-12-26 09:36:34 | TEMPLOG : WellhouseOne | 042.800
2016-12-26 09:37:35 | TEMPLOG : WellhouseOne | 041.900
2016-12-26 09:37:35 | TEMPLOG : Bio   Filter | 049.100
2016-12-26 09:39:37 | TEMPLOG : WellhouseOne | 040.100
2016-12-26 09:39:37 | TEMPLOG : Bio   Filter | 048.200
2016-12-26 09:39:38 | TEMPLOG : Table    One | 041.900
2016-12-26 09:42:41 | TEMPLOG : WellhouseOne | 039.200
2016-12-26 09:42:42 | TEMPLOG : Bio   Filter | 049.100
2016-12-26 09:44:43 | TEMPLOG : WellhouseOne | 096.800
2016-12-26 09:44:44 | TEMPLOG : Table    One | 042.800
2016-12-26 09:45:44 | TEMPLOG : WellhouseOne | 117.500
2016-12-26 09:46:45 | TEMPLOG : WellhouseOne | 126.500
2016-12-26 09:47:47 | TEMPLOG : WellhouseOne | 132.800
2016-12-26 09:48:48 | TEMPLOG : WellhouseOne | 136.400
2016-12-26 09:48:49 | TEMPLOG : To   GeoLoop | 041.900
2016-12-26 09:49:49 | TEMPLOG : WellhouseOne | 125.600
2016-12-26 09:49:50 | TEMPLOG : Table    One | 043.700
2016-12-26 09:50:50 | TEMPLOG : WellhouseOne | 092.300
2016-12-26 09:51:52 | TEMPLOG : WellhouseOne | 076.100
2016-12-26 09:52:52 | TEMPLOG : WellhouseOne | 066.200
2016-12-26 09:53:53 | TEMPLOG : WellhouseOne | 060.800
2016-12-26 09:53:54 | TEMPLOG : Table    One | 044.600
2016-12-26 09:54:55 | TEMPLOG : WellhouseOne | 056.300
2016-12-26 09:55:56 | TEMPLOG : WellhouseOne | 051.800
2016-12-26 09:55:56 | TEMPLOG : Bio   Filter | 048.200
2016-12-26 09:56:57 | TEMPLOG : WellhouseOne | 049.100
2016-12-26 09:57:58 | TEMPLOG : WellhouseOne | 048.200
2016-12-26 09:57:59 | TEMPLOG : Table    One | 045.500
2016-12-26 09:58:59 | TEMPLOG : WellhouseOne | 047.300
2016-12-26 10:00:00 | TEMPLOG : WellhouseOne | 046.400
2016-12-26 10:00:00 | TEMPLOG : Bio   Filter | 048.200
2016-12-26 10:00:00 | TEMPLOG : To   GeoLoop | 041.900
2016-12-26 10:00:00 | TEMPLOG : Table    One | 045.500
2016-12-26 10:01:01 | TEMPLOG : WellhouseOne | 044.600
2016-12-26 10:01:01 | TEMPLOG : Table    One | 046.400
2016-12-26 10:02:03 | TEMPLOG : To   GeoLoop | 042.800
2016-12-26 10:04:05 | TEMPLOG : WellhouseOne | 042.800
2016-12-26 10:04:05 | TEMPLOG : Table    One | 047.300
2016-12-26 10:06:09 | TEMPLOG : Table    One | 048.200
2016-12-26 10:07:09 | TEMPLOG : Table    One | 049.100
2016-12-26 10:08:10 | TEMPLOG : WellhouseOne | 041.900
2016-12-26 10:08:10 | TEMPLOG : Table    One | 050.000
2016-12-26 10:10:11 | TEMPLOG : WellhouseOne | 041.000
2016-12-26 10:10:12 | TEMPLOG : Table    One | 051.800
2016-12-26 10:11:12 | TEMPLOG : WellhouseOne | 074.300
2016-12-26 10:11:13 | TEMPLOG : Table    One | 052.700
2016-12-26 10:12:14 | TEMPLOG : WellhouseOne | 111.200
2016-12-26 10:12:15 | TEMPLOG : Table    One | 053.600
2016-12-26 10:13:15 | TEMPLOG : WellhouseOne | 124.700
2016-12-26 10:13:16 | TEMPLOG : Table    One | 054.500
2016-12-26 10:14:16 | TEMPLOG : WellhouseOne | 131.900
2016-12-26 10:14:16 | TEMPLOG : Bio   Filter | 047.300
2016-12-26 10:14:17 | TEMPLOG : To   GeoLoop | 043.700
2016-12-26 10:14:17 | TEMPLOG : Table    One | 055.400
2016-12-26 10:15:18 | TEMPLOG : WellhouseOne | 135.500
2016-12-26 10:15:19 | TEMPLOG : Table    One | 056.300
2016-12-26 10:16:19 | TEMPLOG : WellhouseOne | 141.800
2016-12-26 10:16:20 | TEMPLOG : Table    One | 057.200
2016-12-26 10:17:20 | TEMPLOG : WellhouseOne | 095.900
2016-12-26 10:17:21 | TEMPLOG : Bio   Filter | 048.200
2016-12-26 10:17:22 | TEMPLOG : Table    One | 058.100
2016-12-26 10:18:23 | TEMPLOG : WellhouseOne | 078.800
2016-12-26 10:18:24 | TEMPLOG : Table    One | 059.000
2016-12-26 10:19:24 | TEMPLOG : WellhouseOne | 068.000
2016-12-26 10:19:26 | TEMPLOG : Table    One | 059.900
2016-12-26 10:20:27 | TEMPLOG : WellhouseOne | 060.800
2016-12-26 10:21:27 | TEMPLOG : WellhouseOne | 056.300
2016-12-26 10:21:29 | TEMPLOG : Table    One | 060.800
2016-12-26 10:22:30 | TEMPLOG : WellhouseOne | 052.700
2016-12-26 10:23:30 | TEMPLOG : WellhouseOne | 050.000
2016-12-26 10:24:32 | TEMPLOG : WellhouseOne | 048.200
2016-12-26 10:25:32 | TEMPLOG : WellhouseOne | 047.300
2016-12-26 10:25:33 | TEMPLOG : Bio   Filter | 049.100
2016-12-26 10:27:35 | TEMPLOG : WellhouseOne | 046.400
2016-12-26 10:28:36 | TEMPLOG : WellhouseOne | 044.600
2016-12-26 10:28:36 | TEMPLOG : To   GeoLoop | 044.600
2016-12-26 10:28:37 | TEMPLOG : Table    One | 061.700
2016-12-26 10:29:37 | TEMPLOG : WellhouseOne | 043.700
2016-12-26 10:29:37 | TEMPLOG : Table    One | 062.600
2016-12-26 10:30:38 | TEMPLOG : Table    One | 063.500
2016-12-26 10:31:39 | TEMPLOG : WellhouseOne | 042.800
2016-12-26 10:32:42 | TEMPLOG : Table    One | 064.400
2016-12-26 10:33:42 | TEMPLOG : WellhouseOne | 041.900
2016-12-26 10:34:43 | TEMPLOG : Bio   Filter | 050.000
2016-12-26 10:34:44 | TEMPLOG : Table    One | 065.300
2016-12-26 10:35:45 | TEMPLOG : Table    One | 066.200
2016-12-26 10:36:45 | TEMPLOG : WellhouseOne | 041.000
2016-12-26 10:37:46 | TEMPLOG : WellhouseOne | 059.900
2016-12-26 10:37:47 | TEMPLOG : Table    One | 067.100
2016-12-26 10:38:47 | TEMPLOG : WellhouseOne | 110.300
2016-12-26 10:39:48 | TEMPLOG : WellhouseOne | 124.700
2016-12-26 10:39:49 | TEMPLOG : Table    One | 068.000
2016-12-26 10:40:50 | TEMPLOG : WellhouseOne | 132.800
2016-12-26 10:41:51 | TEMPLOG : WellhouseOne | 129.200
2016-12-26 10:42:51 | TEMPLOG : WellhouseOne | 090.500
2016-12-26 10:42:52 | TEMPLOG : Bio   Filter | 050.900
2016-12-26 10:42:52 | TEMPLOG : Table    One | 068.900
2016-12-26 10:43:53 | TEMPLOG : WellhouseOne | 073.400
2016-12-26 10:44:53 | TEMPLOG : WellhouseOne | 064.400
2016-12-26 10:45:54 | TEMPLOG : WellhouseOne | 059.000
2016-12-26 10:45:56 | TEMPLOG : Table    One | 069.800
2016-12-26 10:46:56 | TEMPLOG : WellhouseOne | 055.400
2016-12-26 10:47:57 | TEMPLOG : WellhouseOne | 053.600
2016-12-26 10:47:58 | TEMPLOG : Table    One | 070.700
2016-12-26 10:48:58 | TEMPLOG : WellhouseOne | 050.900
2016-12-26 10:48:58 | TEMPLOG : Bio   Filter | 051.800
2016-12-26 10:49:59 | TEMPLOG : WellhouseOne | 050.000
2016-12-26 10:50:00 | TEMPLOG : Table    One | 071.600
2016-12-26 10:51:00 | TEMPLOG : WellhouseOne | 048.200
2016-12-26 10:52:02 | TEMPLOG : WellhouseOne | 047.300
2016-12-26 10:53:04 | TEMPLOG : Table    One | 072.500
2016-12-26 10:54:05 | TEMPLOG : WellhouseOne | 046.400
2016-12-26 10:54:05 | TEMPLOG : Bio   Filter | 052.700
2016-12-26 10:55:06 | TEMPLOG : WellhouseOne | 045.500
2016-12-26 10:55:07 | TEMPLOG : Table    One | 073.400
2016-12-26 10:56:08 | TEMPLOG : WellhouseOne | 044.600
2016-12-26 10:56:09 | TEMPLOG : Table    One | 074.300
2016-12-26 10:57:09 | TEMPLOG : WellhouseOne | 043.700
2016-12-26 10:57:09 | TEMPLOG : Bio   Filter | 053.600
2016-12-26 10:58:11 | TEMPLOG : Table    One | 075.200
2016-12-26 10:59:11 | TEMPLOG : WellhouseOne | 042.800
2016-12-26 11:00:12 | TEMPLOG : WellhouseOne | 042.800
2016-12-26 11:00:13 | TEMPLOG : Bio   Filter | 053.600
2016-12-26 11:00:13 | TEMPLOG : To   GeoLoop | 044.600
2016-12-26 11:00:13 | TEMPLOG : Table    One | 075.200
2016-12-26 11:01:13 | TEMPLOG : Bio   Filter | 054.500
2016-12-26 11:02:14 | TEMPLOG : WellhouseOne | 041.900
2016-12-26 11:04:17 | TEMPLOG : WellhouseOne | 081.500
2016-12-26 11:04:17 | TEMPLOG : Bio   Filter | 055.400
2016-12-26 11:05:18 | TEMPLOG : WellhouseOne | 114.800
2016-12-26 11:05:18 | TEMPLOG : Bio   Filter | 056.300
2016-12-26 11:05:18 | TEMPLOG : Table    One | 076.100
2016-12-26 11:06:19 | TEMPLOG : WellhouseOne | 128.300
2016-12-26 11:06:20 | TEMPLOG : Table    One | 075.200
2016-12-26 11:07:20 | TEMPLOG : WellhouseOne | 135.500
2016-12-26 11:07:21 | TEMPLOG : Bio   Filter | 057.200
2016-12-26 11:07:21 | TEMPLOG : Table    One | 076.100
2016-12-26 11:08:21 | TEMPLOG : WellhouseOne | 101.300
2016-12-26 11:08:22 | TEMPLOG : Bio   Filter | 058.100
2016-12-26 11:09:22 | TEMPLOG : WellhouseOne | 079.700
2016-12-26 11:09:23 | TEMPLOG : Bio   Filter | 059.900
2016-12-26 11:10:24 | TEMPLOG : WellhouseOne | 068.000
2016-12-26 11:10:25 | TEMPLOG : Bio   Filter | 061.700
2016-12-26 11:11:26 | TEMPLOG : WellhouseOne | 062.600
2016-12-26 11:11:26 | TEMPLOG : Bio   Filter | 063.500
2016-12-26 11:11:27 | TEMPLOG : Table    One | 075.200
2016-12-26 11:12:27 | TEMPLOG : WellhouseOne | 058.100
2016-12-26 11:12:28 | TEMPLOG : Bio   Filter | 066.200
2016-12-26 11:13:29 | TEMPLOG : WellhouseOne | 055.400
2016-12-26 11:13:30 | TEMPLOG : Bio   Filter | 068.000
2016-12-26 11:13:30 | TEMPLOG : To   GeoLoop | 045.500
2016-12-26 11:13:30 | TEMPLOG : Table    One | 076.100
2016-12-26 11:14:30 | TEMPLOG : WellhouseOne | 053.600
2016-12-26 11:14:30 | TEMPLOG : Bio   Filter | 070.700
2016-12-26 11:15:32 | TEMPLOG : WellhouseOne | 051.800
2016-12-26 11:15:33 | TEMPLOG : Bio   Filter | 073.400
2016-12-26 11:15:33 | TEMPLOG : To   GeoLoop | 044.600
2016-12-26 11:16:33 | TEMPLOG : WellhouseOne | 050.000
2016-12-26 11:16:34 | TEMPLOG : Bio   Filter | 075.200
2016-12-26 11:16:34 | TEMPLOG : To   GeoLoop | 045.500
2016-12-26 11:17:35 | TEMPLOG : WellhouseOne | 049.100
2016-12-26 11:17:35 | TEMPLOG : Bio   Filter | 077.000
2016-12-26 11:18:36 | TEMPLOG : WellhouseOne | 048.200
2016-12-26 11:19:37 | TEMPLOG : WellhouseOne | 047.300
2016-12-26 11:19:37 | TEMPLOG : Bio   Filter | 077.900
2016-12-26 11:19:38 | TEMPLOG : Table    One | 077.000
2016-12-26 11:20:39 | TEMPLOG : WellhouseOne | 046.400
2016-12-26 11:22:41 | TEMPLOG : WellhouseOne | 045.500
2016-12-26 11:24:43 | TEMPLOG : WellhouseOne | 044.600
2016-12-26 11:25:44 | TEMPLOG : WellhouseOne | 043.700
2016-12-26 11:30:49 | TEMPLOG : WellhouseOne | 055.400
2016-12-26 11:30:50 | TEMPLOG : Bio   Filter | 078.800
2016-12-26 11:31:51 | TEMPLOG : WellhouseOne | 111.200
2016-12-26 11:31:51 | TEMPLOG : Bio   Filter | 079.700
2016-12-26 11:32:52 | TEMPLOG : WellhouseOne | 126.500
2016-12-26 11:32:52 | TEMPLOG : Table    One | 077.900
2016-12-26 11:33:52 | TEMPLOG : WellhouseOne | 134.600
2016-12-26 11:34:53 | TEMPLOG : WellhouseOne | 099.500
2016-12-26 11:35:54 | TEMPLOG : WellhouseOne | 077.900
2016-12-26 11:35:54 | TEMPLOG : Bio   Filter | 078.800
2016-12-26 11:36:56 | TEMPLOG : WellhouseOne | 068.000
2016-12-26 11:36:56 | TEMPLOG : Table    One | 078.800
2016-12-26 11:37:58 | TEMPLOG : WellhouseOne | 062.600
2016-12-26 11:37:58 | TEMPLOG : Bio   Filter | 077.900
2016-12-26 11:38:59 | TEMPLOG : WellhouseOne | 058.100
2016-12-26 11:38:59 | TEMPLOG : Bio   Filter | 077.000
2016-12-26 11:38:59 | TEMPLOG : Table    One | 079.700
2016-12-26 11:40:00 | TEMPLOG : WellhouseOne | 055.400
2016-12-26 11:40:01 | TEMPLOG : Table    One | 080.600
2016-12-26 11:41:01 | TEMPLOG : WellhouseOne | 053.600
2016-12-26 11:41:02 | TEMPLOG : Bio   Filter | 076.100
2016-12-26 11:42:02 | TEMPLOG : WellhouseOne | 052.700
2016-12-26 11:43:04 | TEMPLOG : WellhouseOne | 050.900
2016-12-26 11:43:04 | TEMPLOG : Bio   Filter | 077.000
2016-12-26 11:43:04 | TEMPLOG : To   GeoLoop | 046.400
2016-12-26 11:44:05 | TEMPLOG : WellhouseOne | 050.000
2016-12-26 11:45:07 | TEMPLOG : WellhouseOne | 049.100
2016-12-26 11:46:08 | TEMPLOG : WellhouseOne | 048.200
2016-12-26 11:46:08 | TEMPLOG : Bio   Filter | 076.100
2016-12-26 11:47:09 | TEMPLOG : WellhouseOne | 047.300
2016-12-26 11:47:09 | TEMPLOG : Bio   Filter | 075.200
2016-12-26 11:47:10 | TEMPLOG : Table    One | 081.500
2016-12-26 11:48:10 | TEMPLOG : Bio   Filter | 074.300
2016-12-26 11:48:10 | TEMPLOG : Table    One | 080.600
2016-12-26 11:49:11 | TEMPLOG : WellhouseOne | 046.400
2016-12-26 11:49:12 | TEMPLOG : Bio   Filter | 073.400
2016-12-26 11:51:15 | TEMPLOG : WellhouseOne | 045.500
2016-12-26 11:54:18 | TEMPLOG : WellhouseOne | 044.600
2016-12-26 11:54:19 | TEMPLOG : Bio   Filter | 072.500
2016-12-26 11:57:23 | TEMPLOG : Bio   Filter | 073.400
2016-12-26 11:58:25 | TEMPLOG : WellhouseOne | 047.300
2016-12-26 11:58:25 | TEMPLOG : Bio   Filter | 074.300
2016-12-26 11:59:26 | TEMPLOG : WellhouseOne | 111.200
2016-12-26 12:00:27 | TEMPLOG : WellhouseOne | 128.300
2016-12-26 12:00:27 | TEMPLOG : Bio   Filter | 075.200
2016-12-26 12:00:28 | TEMPLOG : To   GeoLoop | 046.400
2016-12-26 12:00:28 | TEMPLOG : Table    One | 080.600
2016-12-26 12:01:28 | TEMPLOG : WellhouseOne | 116.600
2016-12-26 12:01:28 | TEMPLOG : Bio   Filter | 076.100
2016-12-26 12:02:29 | TEMPLOG : WellhouseOne | 087.800
2016-12-26 12:02:30 | TEMPLOG : Bio   Filter | 077.000
2016-12-26 12:03:30 | TEMPLOG : WellhouseOne | 073.400
2016-12-26 12:03:31 | TEMPLOG : Bio   Filter | 077.900
2016-12-26 12:03:31 | TEMPLOG : Table    One | 079.700
2016-12-26 12:04:31 | TEMPLOG : WellhouseOne | 065.300
2016-12-26 12:04:32 | TEMPLOG : Bio   Filter | 078.800
2016-12-26 12:04:34 | TEMPLOG : Table    One | 080.600
2016-12-26 12:05:34 | TEMPLOG : WellhouseOne | 060.800
2016-12-26 12:05:34 | TEMPLOG : Bio   Filter | 079.700
2016-12-26 12:06:35 | TEMPLOG : WellhouseOne | 058.100
2016-12-26 12:06:36 | TEMPLOG : Bio   Filter | 080.600
2016-12-26 12:07:36 | TEMPLOG : WellhouseOne | 054.500
2016-12-26 12:08:38 | TEMPLOG : WellhouseOne | 052.700
2016-12-26 12:08:38 | TEMPLOG : Bio   Filter | 081.500
2016-12-26 12:09:39 | TEMPLOG : Table    One | 081.500
2016-12-26 12:10:40 | TEMPLOG : WellhouseOne | 050.900
2016-12-26 12:11:41 | TEMPLOG : WellhouseOne | 050.000
2016-12-26 12:11:41 | TEMPLOG : Bio   Filter | 082.400
2016-12-26 12:11:41 | TEMPLOG : To   GeoLoop | 047.300
2016-12-26 12:12:42 | TEMPLOG : WellhouseOne | 049.100
2016-12-26 12:13:43 | TEMPLOG : WellhouseOne | 048.200
2016-12-26 12:13:43 | TEMPLOG : Bio   Filter | 083.300
2016-12-26 12:13:44 | TEMPLOG : Table    One | 080.600
2016-12-26 12:14:44 | TEMPLOG : Bio   Filter | 082.400
2016-12-26 12:14:45 | TEMPLOG : Table    One | 081.500
2016-12-26 12:15:45 | TEMPLOG : WellhouseOne | 047.300
2016-12-26 12:15:45 | TEMPLOG : Bio   Filter | 083.300
2016-12-26 12:18:47 | TEMPLOG : WellhouseOne | 046.400
2016-12-26 12:19:49 | TEMPLOG : Bio   Filter | 082.400
2016-12-26 12:20:50 | TEMPLOG : Bio   Filter | 083.300
2016-12-26 12:21:51 | TEMPLOG : WellhouseOne | 045.500
2016-12-26 12:24:55 | TEMPLOG : Bio   Filter | 082.400
2016-12-26 12:24:56 | TEMPLOG : Table    One | 080.600
2016-12-26 12:26:57 | TEMPLOG : WellhouseOne | 044.600
2016-12-26 12:27:58 | TEMPLOG : WellhouseOne | 101.300
2016-12-26 12:27:58 | TEMPLOG : Bio   Filter | 083.300
2016-12-26 12:28:59 | TEMPLOG : WellhouseOne | 123.800
2016-12-26 12:29:00 | TEMPLOG : Table    One | 079.700
2016-12-26 12:30:01 | TEMPLOG : WellhouseOne | 118.400
2016-12-26 12:30:01 | TEMPLOG : Bio   Filter | 082.400
2016-12-26 12:30:02 | TEMPLOG : To   GeoLoop | 048.200
2016-12-26 12:31:03 | TEMPLOG : WellhouseOne | 089.600
2016-12-26 12:31:05 | TEMPLOG : Table    One | 080.600
2016-12-26 12:32:06 | TEMPLOG : WellhouseOne | 076.100
2016-12-26 12:33:07 | TEMPLOG : WellhouseOne | 068.000
2016-12-26 12:34:08 | TEMPLOG : WellhouseOne | 061.700
2016-12-26 12:35:09 | TEMPLOG : WellhouseOne | 058.100
2016-12-26 12:35:09 | TEMPLOG : Bio   Filter | 083.300
2016-12-26 12:36:10 | TEMPLOG : WellhouseOne | 055.400
2016-12-26 12:37:11 | TEMPLOG : WellhouseOne | 053.600
2016-12-26 12:37:12 | TEMPLOG : Table    One | 081.500
2016-12-26 12:38:12 | TEMPLOG : WellhouseOne | 052.700
2016-12-26 12:39:13 | TEMPLOG : WellhouseOne | 051.800
2016-12-26 12:40:14 | TEMPLOG : WellhouseOne | 050.900
2016-12-26 12:40:14 | TEMPLOG : Bio   Filter | 084.200
2016-12-26 12:40:15 | TEMPLOG : To   GeoLoop | 049.100
2016-12-26 12:42:18 | TEMPLOG : Table    One | 082.400
2016-12-26 12:43:19 | TEMPLOG : WellhouseOne | 050.000
2016-12-26 12:43:19 | TEMPLOG : Bio   Filter | 085.100
2016-12-26 12:43:20 | TEMPLOG : Table    One | 083.300
2016-12-26 12:44:21 | TEMPLOG : WellhouseOne | 049.100
2016-12-26 12:44:21 | TEMPLOG : To   GeoLoop | 050.000
2016-12-26 12:45:23 | TEMPLOG : Table    One | 084.200
2016-12-26 12:46:23 | TEMPLOG : WellhouseOne | 048.200
2016-12-26 12:46:24 | TEMPLOG : Bio   Filter | 086.000
2016-12-26 12:46:24 | TEMPLOG : To   GeoLoop | 050.900
2016-12-26 12:46:24 | TEMPLOG : Table    One | 085.100
2016-12-26 12:48:25 | TEMPLOG : WellhouseOne | 047.300
2016-12-26 12:48:26 | TEMPLOG : Table    One | 086.000
2016-12-26 12:51:29 | TEMPLOG : WellhouseOne | 046.400
2016-12-26 12:51:30 | TEMPLOG : To   GeoLoop | 051.800
2016-12-26 12:56:34 | TEMPLOG : WellhouseOne | 050.000
2016-12-26 12:57:35 | TEMPLOG : WellhouseOne | 111.200
2016-12-26 12:58:37 | TEMPLOG : WellhouseOne | 129.200
2016-12-26 12:58:37 | TEMPLOG : Bio   Filter | 085.100
2016-12-26 12:59:39 | TEMPLOG : WellhouseOne | 110.300
2016-12-26 13:00:41 | TEMPLOG : WellhouseOne | 084.200
2016-12-26 13:00:41 | TEMPLOG : Bio   Filter | 085.100
2016-12-26 13:00:42 | TEMPLOG : To   GeoLoop | 051.800
2016-12-26 13:00:43 | TEMPLOG : Table    One | 086.000
2016-12-26 13:01:43 | TEMPLOG : WellhouseOne | 072.500
2016-12-26 13:02:45 | TEMPLOG : WellhouseOne | 065.300
2016-12-26 13:03:46 | TEMPLOG : WellhouseOne | 060.800
2016-12-26 13:03:48 | TEMPLOG : To   GeoLoop | 052.700
2016-12-26 13:03:48 | TEMPLOG : Table    One | 085.100
2016-12-26 13:04:48 | TEMPLOG : WellhouseOne | 058.100
2016-12-26 13:04:49 | TEMPLOG : Bio   Filter | 084.200
2016-12-26 13:05:50 | TEMPLOG : WellhouseOne | 056.300
2016-12-26 13:06:51 | TEMPLOG : WellhouseOne | 054.500
2016-12-26 13:07:52 | TEMPLOG : WellhouseOne | 053.600
2016-12-26 13:07:53 | TEMPLOG : Bio   Filter | 083.300
2016-12-26 13:08:53 | TEMPLOG : WellhouseOne | 052.700
2016-12-26 13:09:54 | TEMPLOG : WellhouseOne | 051.800
2016-12-26 13:09:55 | TEMPLOG : Table    One | 084.200
2016-12-26 13:10:56 | TEMPLOG : WellhouseOne | 050.900
2016-12-26 13:10:57 | TEMPLOG : Table    One | 085.100
2016-12-26 13:11:57 | TEMPLOG : WellhouseOne | 050.000
2016-12-26 13:11:58 | TEMPLOG : Table    One | 084.200
2016-12-26 13:12:59 | TEMPLOG : Bio   Filter | 082.400
2016-12-26 13:13:59 | TEMPLOG : WellhouseOne | 049.100
2016-12-26 13:14:00 | TEMPLOG : Bio   Filter | 083.300
2016-12-26 13:14:01 | TEMPLOG : Table    One | 085.100
2016-12-26 13:15:02 | TEMPLOG : Table    One | 084.200
2016-12-26 13:17:04 | TEMPLOG : WellhouseOne | 048.200
2016-12-26 13:17:04 | TEMPLOG : Bio   Filter | 082.400
2016-12-26 13:18:06 | TEMPLOG : To   GeoLoop | 053.600
2016-12-26 13:19:06 | TEMPLOG : WellhouseOne | 047.300
2016-12-26 13:21:08 | TEMPLOG : Bio   Filter | 081.500
2016-12-26 13:22:09 | TEMPLOG : WellhouseOne | 046.400
2016-12-26 13:23:11 | TEMPLOG : Bio   Filter | 082.400
2016-12-26 13:26:15 | TEMPLOG : WellhouseOne | 067.100
2016-12-26 13:27:16 | TEMPLOG : WellhouseOne | 115.700
2016-12-26 13:27:16 | TEMPLOG : Table    One | 083.300
2016-12-26 13:28:17 | TEMPLOG : WellhouseOne | 131.000
2016-12-26 13:28:17 | TEMPLOG : Table    One | 084.200
2016-12-26 13:29:18 | TEMPLOG : WellhouseOne | 097.700
2016-12-26 13:30:18 | TEMPLOG : WellhouseOne | 083.300
2016-12-26 13:31:19 | TEMPLOG : WellhouseOne | 071.600
2016-12-26 13:32:21 | TEMPLOG : WellhouseOne | 065.300
2016-12-26 13:33:22 | TEMPLOG : WellhouseOne | 060.800
2016-12-26 13:34:24 | TEMPLOG : WellhouseOne | 058.100
2016-12-26 13:34:24 | TEMPLOG : Table    One | 085.100
2016-12-26 13:35:25 | TEMPLOG : WellhouseOne | 055.400
2016-12-26 13:36:26 | TEMPLOG : WellhouseOne | 054.500
2016-12-26 13:37:27 | TEMPLOG : WellhouseOne | 053.600
2016-12-26 13:38:28 | TEMPLOG : WellhouseOne | 052.700
2016-12-26 13:39:30 | TEMPLOG : WellhouseOne | 051.800
2016-12-26 13:39:30 | TEMPLOG : Table    One | 084.200
2016-12-26 13:40:30 | TEMPLOG : WellhouseOne | 050.900
2016-12-26 13:42:34 | TEMPLOG : WellhouseOne | 050.000
2016-12-26 13:43:35 | TEMPLOG : WellhouseOne | 049.100
2016-12-26 13:45:39 | TEMPLOG : Table    One | 083.300
2016-12-26 13:47:41 | TEMPLOG : WellhouseOne | 048.200
2016-12-26 13:47:43 | TEMPLOG : Table    One | 084.200
2016-12-26 13:48:44 | TEMPLOG : WellhouseOne | 047.300
2016-12-26 13:52:48 | TEMPLOG : WellhouseOne | 046.400
2016-12-26 13:53:51 | TEMPLOG : Table    One | 083.300
2016-12-26 13:54:52 | TEMPLOG : To   GeoLoop | 052.700
2016-12-26 13:55:53 | TEMPLOG : WellhouseOne | 065.300
2016-12-26 13:55:54 | TEMPLOG : Bio   Filter | 081.500
2016-12-26 13:55:54 | TEMPLOG : To   GeoLoop | 053.600
2016-12-26 13:56:55 | TEMPLOG : WellhouseOne | 117.500
2016-12-26 13:56:56 | TEMPLOG : To   GeoLoop | 052.700
2016-12-26 13:57:57 | TEMPLOG : WellhouseOne | 132.800
2016-12-26 13:57:58 | TEMPLOG : To   GeoLoop | 053.600
2016-12-26 13:58:59 | TEMPLOG : WellhouseOne | 087.800
2016-12-26 13:58:59 | TEMPLOG : To   GeoLoop | 052.700
2016-12-26 14:00:00 | TEMPLOG : WellhouseOne | 072.500
2016-12-26 14:00:00 | TEMPLOG : Bio   Filter | 081.500
2016-12-26 14:00:00 | TEMPLOG : To   GeoLoop | 053.600
2016-12-26 14:00:00 | TEMPLOG : Table    One | 083.300
2016-12-26 14:01:01 | TEMPLOG : WellhouseOne | 065.300
2016-12-26 14:01:01 | TEMPLOG : To   GeoLoop | 052.700
2016-12-26 14:02:02 | TEMPLOG : WellhouseOne | 060.800
2016-12-26 14:03:03 | TEMPLOG : WellhouseOne | 058.100
2016-12-26 14:04:04 | TEMPLOG : WellhouseOne | 057.200
2016-12-26 14:04:05 | TEMPLOG : Table    One | 082.400
2016-12-26 14:05:05 | TEMPLOG : WellhouseOne | 054.500
2016-12-26 14:06:06 | TEMPLOG : WellhouseOne | 052.700
2016-12-26 14:07:07 | TEMPLOG : WellhouseOne | 051.800
2016-12-26 14:07:07 | TEMPLOG : Table    One | 081.500
2016-12-26 14:10:10 | TEMPLOG : WellhouseOne | 050.900
2016-12-26 14:10:11 | TEMPLOG : Bio   Filter | 080.600
2016-12-26 14:11:13 | TEMPLOG : To   GeoLoop | 053.600
2016-12-26 14:11:13 | TEMPLOG : Table    One | 080.600
2016-12-26 14:12:13 | TEMPLOG : To   GeoLoop | 052.700
2016-12-26 14:13:14 | TEMPLOG : WellhouseOne | 050.000
2016-12-26 14:14:16 | TEMPLOG : Bio   Filter | 079.700
2016-12-26 14:16:19 | TEMPLOG : WellhouseOne | 049.100
2016-12-26 14:18:24 | TEMPLOG : WellhouseOne | 048.200
2016-12-26 14:19:25 | TEMPLOG : WellhouseOne | 049.100
2016-12-26 14:20:27 | TEMPLOG : WellhouseOne | 048.200
2016-12-26 14:23:31 | TEMPLOG : WellhouseOne | 047.300
2016-12-26 14:24:34 | TEMPLOG : Table    One | 081.500
2016-12-26 14:25:35 | TEMPLOG : WellhouseOne | 094.100
2016-12-26 14:25:35 | TEMPLOG : Bio   Filter | 078.800
2016-12-26 14:26:36 | TEMPLOG : WellhouseOne | 123.800
2016-12-26 14:27:37 | TEMPLOG : WellhouseOne | 134.600
2016-12-26 14:27:37 | TEMPLOG : Table    One | 080.600
2016-12-26 14:28:37 | TEMPLOG : WellhouseOne | 093.200
2016-12-26 14:28:38 | TEMPLOG : Bio   Filter | 079.700
2016-12-26 14:29:39 | TEMPLOG : WellhouseOne | 077.000
2016-12-26 14:30:40 | TEMPLOG : WellhouseOne | 069.800
2016-12-26 14:31:41 | TEMPLOG : WellhouseOne | 065.300
2016-12-26 14:32:43 | TEMPLOG : WellhouseOne | 060.800
2016-12-26 14:33:44 | TEMPLOG : WellhouseOne | 057.200
2016-12-26 14:34:45 | TEMPLOG : WellhouseOne | 056.300
2016-12-26 14:34:45 | TEMPLOG : Bio   Filter | 078.800
2016-12-26 14:34:46 | TEMPLOG : Table    One | 079.700
2016-12-26 14:35:46 | TEMPLOG : WellhouseOne | 055.400
2016-12-26 14:36:47 | TEMPLOG : WellhouseOne | 053.600
2016-12-26 14:37:48 | TEMPLOG : WellhouseOne | 052.700
2016-12-26 14:38:49 | TEMPLOG : WellhouseOne | 051.800
2016-12-26 14:38:50 | TEMPLOG : Table    One | 078.800
2016-12-26 14:39:50 | TEMPLOG : WellhouseOne | 050.900
2016-12-26 14:39:51 | TEMPLOG : Bio   Filter | 077.900
2016-12-26 14:40:51 | TEMPLOG : WellhouseOne | 050.000
2016-12-26 14:40:52 | TEMPLOG : Table    One | 077.900
2016-12-26 14:41:53 | TEMPLOG : Bio   Filter | 077.000
2016-12-26 14:41:54 | TEMPLOG : Table    One | 077.000
2016-12-26 14:42:55 | TEMPLOG : WellhouseOne | 049.100
2016-12-26 14:44:58 | TEMPLOG : Bio   Filter | 076.100
2016-12-26 14:47:00 | TEMPLOG : WellhouseOne | 048.200
2016-12-26 14:48:01 | TEMPLOG : Table    One | 077.900
2016-12-26 14:50:03 | TEMPLOG : WellhouseOne | 047.300
2016-12-26 14:50:03 | TEMPLOG : Bio   Filter | 075.200
2016-12-26 14:51:04 | TEMPLOG : WellhouseOne | 048.200
2016-12-26 14:52:06 | TEMPLOG : WellhouseOne | 047.300
2016-12-26 14:54:10 | TEMPLOG : WellhouseOne | 046.400
2016-12-26 14:54:10 | TEMPLOG : Bio   Filter | 074.300
2016-12-26 14:54:11 | TEMPLOG : Table    One | 077.000
2016-12-26 14:56:12 | TEMPLOG : WellhouseOne | 102.200
2016-12-26 14:56:12 | TEMPLOG : Table    One | 076.100
2016-12-26 14:57:12 | TEMPLOG : WellhouseOne | 124.700
2016-12-26 14:58:14 | TEMPLOG : WellhouseOne | 118.400
2016-12-26 14:58:14 | TEMPLOG : To   GeoLoop | 051.800
2016-12-26 14:58:14 | TEMPLOG : Table    One | 075.200
2016-12-26 14:59:15 | TEMPLOG : WellhouseOne | 086.000
2016-12-26 14:59:16 | TEMPLOG : To   GeoLoop | 052.700
2016-12-26 15:00:17 | TEMPLOG : WellhouseOne | 073.400
2016-12-26 15:00:17 | TEMPLOG : Bio   Filter | 073.400
2016-12-26 15:00:17 | TEMPLOG : To   GeoLoop | 052.700
2016-12-26 15:00:18 | TEMPLOG : Table    One | 075.200
2016-12-26 15:01:18 | TEMPLOG : WellhouseOne | 066.200
2016-12-26 15:01:18 | TEMPLOG : To   GeoLoop | 051.800
2016-12-26 15:01:19 | TEMPLOG : Table    One | 074.300
2016-12-26 15:02:19 | TEMPLOG : WellhouseOne | 062.600
2016-12-26 15:03:21 | TEMPLOG : WellhouseOne | 058.100
2016-12-26 15:03:23 | TEMPLOG : Table    One | 073.400
2016-12-26 15:04:23 | TEMPLOG : WellhouseOne | 056.300
2016-12-26 15:04:24 | TEMPLOG : Table    One | 071.600
2016-12-26 15:05:25 | TEMPLOG : WellhouseOne | 055.400
2016-12-26 15:05:25 | TEMPLOG : Table    One | 070.700
2016-12-26 15:06:25 | TEMPLOG : WellhouseOne | 054.500
2016-12-26 15:06:26 | TEMPLOG : Bio   Filter | 072.500
2016-12-26 15:06:26 | TEMPLOG : Table    One | 069.800
2016-12-26 15:07:27 | TEMPLOG : WellhouseOne | 053.600
2016-12-26 15:08:28 | TEMPLOG : WellhouseOne | 051.800
2016-12-26 15:08:29 | TEMPLOG : Table    One | 068.900
2016-12-26 15:11:31 | TEMPLOG : WellhouseOne | 050.900
2016-12-26 15:11:31 | TEMPLOG : Bio   Filter | 071.600
2016-12-26 15:13:33 | TEMPLOG : WellhouseOne | 050.000
2016-12-26 15:14:34 | TEMPLOG : Bio   Filter | 070.700
2016-12-26 15:15:35 | TEMPLOG : WellhouseOne | 049.100
2016-12-26 15:15:36 | TEMPLOG : Table    One | 069.800
2016-12-26 15:16:37 | TEMPLOG : Bio   Filter | 071.600
2016-12-26 15:16:37 | TEMPLOG : Table    One | 070.700
2016-12-26 15:17:38 | TEMPLOG : Bio   Filter | 070.700
2016-12-26 15:18:39 | TEMPLOG : Table    One | 071.600
2016-12-26 15:20:42 | TEMPLOG : WellhouseOne | 048.200
2016-12-26 15:21:44 | TEMPLOG : Table    One | 070.700
2016-12-26 15:24:48 | TEMPLOG : Bio   Filter | 069.800
2016-12-26 15:24:48 | TEMPLOG : Table    One | 069.800
2016-12-26 15:25:48 | TEMPLOG : WellhouseOne | 051.800
2016-12-26 15:26:49 | TEMPLOG : WellhouseOne | 113.900
2016-12-26 15:27:50 | TEMPLOG : WellhouseOne | 131.000
2016-12-26 15:27:50 | TEMPLOG : Bio   Filter | 068.900
2016-12-26 15:28:51 | TEMPLOG : WellhouseOne | 108.500
2016-12-26 15:28:52 | TEMPLOG : Table    One | 068.900
2016-12-26 15:29:52 | TEMPLOG : WellhouseOne | 084.200
2016-12-26 15:29:52 | TEMPLOG : Bio   Filter | 068.000
2016-12-26 15:30:53 | TEMPLOG : WellhouseOne | 072.500
2016-12-26 15:31:54 | TEMPLOG : WellhouseOne | 066.200
2016-12-26 15:31:55 | TEMPLOG : To   GeoLoop | 050.900
2016-12-26 15:32:55 | TEMPLOG : WellhouseOne | 061.700
2016-12-26 15:32:55 | TEMPLOG : Bio   Filter | 067.100
2016-12-26 15:33:56 | TEMPLOG : WellhouseOne | 059.000
2016-12-26 15:34:58 | TEMPLOG : WellhouseOne | 057.200
2016-12-26 15:34:59 | TEMPLOG : Table    One | 068.000
2016-12-26 15:35:59 | TEMPLOG : WellhouseOne | 055.400
2016-12-26 15:35:59 | TEMPLOG : Bio   Filter | 066.200
2016-12-26 15:37:00 | TEMPLOG : WellhouseOne | 054.500
2016-12-26 15:38:02 | TEMPLOG : WellhouseOne | 052.700
2016-12-26 15:38:02 | TEMPLOG : Bio   Filter | 065.300
2016-12-26 15:39:03 | TEMPLOG : WellhouseOne | 051.800
2016-12-26 15:40:04 | TEMPLOG : WellhouseOne | 050.900
2016-12-26 15:40:05 | TEMPLOG : Bio   Filter | 064.400
2016-12-26 15:40:05 | TEMPLOG : Table    One | 067.100
2016-12-26 15:42:06 | TEMPLOG : WellhouseOne | 050.000
2016-12-26 15:43:08 | TEMPLOG : Bio   Filter | 063.500
2016-12-26 15:43:08 | TEMPLOG : Table    One | 066.200
2016-12-26 15:44:08 | TEMPLOG : WellhouseOne | 049.100
2016-12-26 15:44:08 | TEMPLOG : Bio   Filter | 062.600
2016-12-26 15:45:10 | TEMPLOG : Table    One | 065.300
2016-12-26 15:46:10 | TEMPLOG : WellhouseOne | 048.200
2016-12-26 15:46:11 | TEMPLOG : Bio   Filter | 061.700
2016-12-26 15:48:14 | TEMPLOG : Bio   Filter | 060.800
2016-12-26 15:48:14 | TEMPLOG : Table    One | 064.400
2016-12-26 15:50:16 | TEMPLOG : WellhouseOne | 047.300
2016-12-26 15:51:18 | TEMPLOG : Bio   Filter | 059.900
2016-12-26 15:51:18 | TEMPLOG : Table    One | 063.500
2016-12-26 15:54:23 | TEMPLOG : Table    One | 062.600
2016-12-26 15:55:24 | TEMPLOG : WellhouseOne | 046.400
2016-12-26 15:55:24 | TEMPLOG : Bio   Filter | 059.000
2016-12-26 15:56:26 | TEMPLOG : WellhouseOne | 102.200
2016-12-26 15:56:26 | TEMPLOG : To   GeoLoop | 050.000
2016-12-26 15:56:27 | TEMPLOG : Table    One | 061.700
2016-12-26 15:57:27 | TEMPLOG : WellhouseOne | 124.700
2016-12-26 15:58:28 | TEMPLOG : WellhouseOne | 123.800
2016-12-26 15:58:28 | TEMPLOG : Bio   Filter | 058.100
2016-12-26 15:59:29 | TEMPLOG : WellhouseOne | 089.600
2016-12-26 15:59:29 | TEMPLOG : Table    One | 060.800
2016-12-26 16:00:30 | TEMPLOG : WellhouseOne | 076.100
2016-12-26 16:00:30 | TEMPLOG : Bio   Filter | 058.100
2016-12-26 16:00:31 | TEMPLOG : To   GeoLoop | 050.000
2016-12-26 16:00:31 | TEMPLOG : Table    One | 060.800
2016-12-26 16:01:31 | TEMPLOG : WellhouseOne | 068.000
2016-12-26 16:01:31 | TEMPLOG : Bio   Filter | 057.200
2016-12-26 16:01:31 | TEMPLOG : Table    One | 059.900
2016-12-26 16:02:32 | TEMPLOG : WellhouseOne | 062.600
2016-12-26 16:03:33 | TEMPLOG : WellhouseOne | 059.900
2016-12-26 16:04:34 | TEMPLOG : WellhouseOne | 057.200
2016-12-26 16:04:35 | TEMPLOG : Table    One | 059.000
2016-12-26 16:05:35 | TEMPLOG : WellhouseOne | 055.400
2016-12-26 16:05:36 | TEMPLOG : Bio   Filter | 056.300
2016-12-26 16:06:36 | TEMPLOG : WellhouseOne | 053.600
2016-12-26 16:07:37 | TEMPLOG : WellhouseOne | 052.700
2016-12-26 16:07:38 | TEMPLOG : Bio   Filter | 055.400
2016-12-26 16:07:38 | TEMPLOG : Table    One | 058.100
2016-12-26 16:08:38 | TEMPLOG : WellhouseOne | 051.800
2016-12-26 16:08:39 | TEMPLOG : Table    One | 057.200
2016-12-26 16:09:41 | TEMPLOG : Bio   Filter | 054.500
2016-12-26 16:10:41 | TEMPLOG : WellhouseOne | 050.900
2016-12-26 16:10:42 | TEMPLOG : Table    One | 056.300
2016-12-26 16:11:43 | TEMPLOG : Bio   Filter | 053.600
2016-12-26 16:12:45 | TEMPLOG : WellhouseOne | 050.000
2016-12-26 16:12:45 | TEMPLOG : Bio   Filter | 052.700
2016-12-26 16:12:46 | TEMPLOG : Table    One | 055.400
2016-12-26 16:13:46 | TEMPLOG : WellhouseOne | 049.100
2016-12-26 16:13:46 | TEMPLOG : To   GeoLoop | 049.100
2016-12-26 16:14:48 | TEMPLOG : Bio   Filter | 051.800
2016-12-26 16:14:50 | TEMPLOG : To   GeoLoop | 050.000
2016-12-26 16:14:50 | TEMPLOG : Table    One | 054.500
2016-12-26 16:15:51 | TEMPLOG : WellhouseOne | 048.200
2016-12-26 16:15:52 | TEMPLOG : To   GeoLoop | 049.100
2016-12-26 16:16:53 | TEMPLOG : Table    One | 053.600
2016-12-26 16:17:54 | TEMPLOG : Bio   Filter | 050.900
2016-12-26 16:18:56 | TEMPLOG : Table    One | 052.700
2016-12-26 16:19:56 | TEMPLOG : WellhouseOne | 047.300
2016-12-26 16:19:57 | TEMPLOG : Bio   Filter | 050.000
2016-12-26 16:19:58 | TEMPLOG : Table    One | 051.800
2016-12-26 16:22:00 | TEMPLOG : Bio   Filter | 049.100
2016-12-26 16:22:00 | TEMPLOG : Table    One | 050.900
2016-12-26 16:23:00 | TEMPLOG : WellhouseOne | 046.400
2016-12-26 16:24:04 | TEMPLOG : Table    One | 050.000
2016-12-26 16:25:04 | TEMPLOG : Bio   Filter | 048.200
2016-12-26 16:25:05 | TEMPLOG : Table    One | 049.100
2016-12-26 16:27:06 | TEMPLOG : WellhouseOne | 109.400
2016-12-26 16:27:06 | TEMPLOG : Bio   Filter | 047.300
2016-12-26 16:27:07 | TEMPLOG : Table    One | 048.200
2016-12-26 16:28:08 | TEMPLOG : WellhouseOne | 127.400
2016-12-26 16:28:08 | TEMPLOG : To   GeoLoop | 048.200
2016-12-26 16:29:10 | TEMPLOG : WellhouseOne | 114.800
2016-12-26 16:29:10 | TEMPLOG : Bio   Filter | 046.400
2016-12-26 16:29:11 | TEMPLOG : To   GeoLoop | 049.100
2016-12-26 16:29:11 | TEMPLOG : Table    One | 047.300
2016-12-26 16:30:11 | TEMPLOG : WellhouseOne | 087.800
2016-12-26 16:30:11 | TEMPLOG : To   GeoLoop | 048.200
2016-12-26 16:30:12 | TEMPLOG : Table    One | 046.400
2016-12-26 16:31:12 | TEMPLOG : WellhouseOne | 074.300
2016-12-26 16:31:12 | TEMPLOG : Bio   Filter | 045.500
2016-12-26 16:31:12 | TEMPLOG : Table    One | 045.500
2016-12-26 16:32:13 | TEMPLOG : WellhouseOne | 067.100
2016-12-26 16:32:13 | TEMPLOG : Bio   Filter | 044.600
2016-12-26 16:32:14 | TEMPLOG : Table    One | 044.600
2016-12-26 16:33:14 | TEMPLOG : WellhouseOne | 061.700
2016-12-26 16:33:14 | TEMPLOG : Bio   Filter | 043.700
2016-12-26 16:33:15 | TEMPLOG : Table    One | 043.700
2016-12-26 16:34:16 | TEMPLOG : WellhouseOne | 058.100
2016-12-26 16:34:16 | TEMPLOG : Table    One | 042.800
2016-12-26 16:35:16 | TEMPLOG : WellhouseOne | 055.400
2016-12-26 16:35:17 | TEMPLOG : Bio   Filter | 042.800
2016-12-26 16:36:18 | TEMPLOG : WellhouseOne | 053.600
2016-12-26 16:36:18 | TEMPLOG : Table    One | 041.900
2016-12-26 16:37:18 | TEMPLOG : WellhouseOne | 052.700
2016-12-26 16:37:19 | TEMPLOG : Bio   Filter | 041.900
2016-12-26 16:37:19 | TEMPLOG : To   GeoLoop | 047.300
2016-12-26 16:38:19 | TEMPLOG : WellhouseOne | 051.800
2016-12-26 16:38:20 | TEMPLOG : Table    One | 041.000
2016-12-26 16:39:20 | TEMPLOG : WellhouseOne | 050.900
2016-12-26 16:39:20 | TEMPLOG : Bio   Filter | 041.000
2016-12-26 16:40:21 | TEMPLOG : WellhouseOne | 050.000
2016-12-26 16:41:22 | TEMPLOG : WellhouseOne | 049.100
2016-12-26 16:41:23 | TEMPLOG : Table    One | 040.100
2016-12-26 16:43:24 | TEMPLOG : WellhouseOne | 048.200
2016-12-26 16:43:24 | TEMPLOG : Bio   Filter | 040.100
2016-12-26 16:45:26 | TEMPLOG : WellhouseOne | 047.300
2016-12-26 16:46:28 | TEMPLOG : WellhouseOne | 046.400
2016-12-26 16:46:29 | TEMPLOG : Table    One | 039.200
2016-12-26 16:47:29 | TEMPLOG : WellhouseOne | 045.500
2016-12-26 16:48:31 | TEMPLOG : WellhouseOne | 044.600
2016-12-26 16:48:31 | TEMPLOG : Bio   Filter | 039.200
2016-12-26 16:50:33 | TEMPLOG : WellhouseOne | 043.700
2016-12-26 16:50:33 | TEMPLOG : Table    One | 038.300
2016-12-26 16:53:36 | TEMPLOG : Bio   Filter | 038.300
2016-12-26 16:54:36 | TEMPLOG : WellhouseOne | 042.800
2016-12-26 16:54:37 | TEMPLOG : To   GeoLoop | 046.400
2016-12-26 16:55:38 | TEMPLOG : WellhouseOne | 084.200
2016-12-26 16:55:39 | TEMPLOG : To   GeoLoop | 047.300
2016-12-26 16:56:39 | TEMPLOG : WellhouseOne | 123.800
2016-12-26 16:56:40 | TEMPLOG : To   GeoLoop | 046.400
2016-12-26 16:57:41 | TEMPLOG : WellhouseOne | 135.500
2016-12-26 16:57:41 | TEMPLOG : To   GeoLoop | 047.300
2016-12-26 16:58:41 | TEMPLOG : WellhouseOne | 141.800
2016-12-26 16:58:42 | TEMPLOG : To   GeoLoop | 046.400
2016-12-26 16:58:43 | TEMPLOG : Table    One | 037.400
2016-12-26 16:59:43 | TEMPLOG : WellhouseOne | 111.200
2016-12-26 17:00:44 | TEMPLOG : WellhouseOne | 090.500
2016-12-26 17:00:45 | TEMPLOG : Bio   Filter | 038.300
2016-12-26 17:00:45 | TEMPLOG : To   GeoLoop | 046.400
2016-12-26 17:00:46 | TEMPLOG : Table    One | 037.400
2016-12-26 17:01:46 | TEMPLOG : WellhouseOne | 076.100
2016-12-26 17:02:47 | TEMPLOG : WellhouseOne | 068.900
2016-12-26 17:03:48 | TEMPLOG : WellhouseOne | 061.700
2016-12-26 17:04:49 | TEMPLOG : WellhouseOne | 058.100
2016-12-26 17:04:49 | TEMPLOG : Bio   Filter | 037.400
2016-12-26 17:05:50 | TEMPLOG : WellhouseOne | 055.400
2016-12-26 17:06:51 | TEMPLOG : WellhouseOne | 053.600
2016-12-26 17:07:54 | TEMPLOG : WellhouseOne | 051.800
2016-12-26 17:08:55 | TEMPLOG : WellhouseOne | 050.900
2016-12-26 17:08:55 | TEMPLOG : Table    One | 036.500
2016-12-26 17:10:58 | TEMPLOG : WellhouseOne | 049.100
2016-12-26 17:13:00 | TEMPLOG : WellhouseOne | 048.200
2016-12-26 17:14:01 | TEMPLOG : WellhouseOne | 047.300
2016-12-26 17:15:03 | TEMPLOG : Bio   Filter | 036.500
2016-12-26 17:16:04 | TEMPLOG : WellhouseOne | 046.400
2016-12-26 17:16:04 | TEMPLOG : Bio   Filter | 037.400
2016-12-26 17:17:05 | TEMPLOG : Bio   Filter | 036.500
2016-12-26 17:18:06 | TEMPLOG : WellhouseOne | 045.500
2016-12-26 17:19:08 | TEMPLOG : WellhouseOne | 044.600
2016-12-26 17:20:09 | TEMPLOG : WellhouseOne | 043.700
2016-12-26 17:22:11 | TEMPLOG : WellhouseOne | 042.800
2016-12-26 17:24:14 | TEMPLOG : Table    One | 035.600
2016-12-26 17:25:14 | TEMPLOG : WellhouseOne | 041.900
2016-12-26 17:26:15 | TEMPLOG : WellhouseOne | 042.800
2016-12-26 17:27:17 | TEMPLOG : WellhouseOne | 063.500
2016-12-26 17:27:17 | TEMPLOG : Bio   Filter | 035.600
2016-12-26 17:28:18 | TEMPLOG : WellhouseOne | 114.800
2016-12-26 17:29:20 | TEMPLOG : WellhouseOne | 128.300
2016-12-26 17:30:21 | TEMPLOG : WellhouseOne | 108.500
2016-12-26 17:30:21 | TEMPLOG : Bio   Filter | 036.500
2016-12-26 17:31:22 | TEMPLOG : WellhouseOne | 088.700
2016-12-26 17:32:23 | TEMPLOG : WellhouseOne | 077.000
2016-12-26 17:32:24 | TEMPLOG : Bio   Filter | 035.600
2016-12-26 17:33:25 | TEMPLOG : WellhouseOne | 067.100
2016-12-26 17:34:26 | TEMPLOG : WellhouseOne | 060.800
2016-12-26 17:35:27 | TEMPLOG : WellhouseOne | 056.300
2016-12-26 17:36:28 | TEMPLOG : WellhouseOne | 054.500
2016-12-26 17:36:29 | TEMPLOG : To   GeoLoop | 045.500
2016-12-26 17:37:29 | TEMPLOG : WellhouseOne | 051.800
2016-12-26 17:38:30 | TEMPLOG : WellhouseOne | 050.900
2016-12-26 17:38:31 | TEMPLOG : To   GeoLoop | 046.400
2016-12-26 17:39:31 | TEMPLOG : WellhouseOne | 049.100
2016-12-26 17:40:33 | TEMPLOG : To   GeoLoop | 045.500
2016-12-26 17:41:35 | TEMPLOG : WellhouseOne | 048.200
2016-12-26 17:42:36 | TEMPLOG : WellhouseOne | 047.300
2016-12-26 17:43:38 | TEMPLOG : WellhouseOne | 046.400
2016-12-26 17:45:40 | TEMPLOG : WellhouseOne | 045.500
2016-12-26 17:46:42 | TEMPLOG : WellhouseOne | 043.700
2016-12-26 17:47:44 | TEMPLOG : Table    One | 034.700
2016-12-26 17:49:45 | TEMPLOG : WellhouseOne | 042.800
2016-12-26 17:51:49 | TEMPLOG : WellhouseOne | 041.900
2016-12-26 17:52:50 | TEMPLOG : Bio   Filter | 034.700
2016-12-26 17:54:54 | TEMPLOG : WellhouseOne | 087.800
2016-12-26 17:55:54 | TEMPLOG : WellhouseOne | 120.200
2016-12-26 17:56:56 | TEMPLOG : WellhouseOne | 131.900
2016-12-26 17:57:57 | TEMPLOG : WellhouseOne | 108.500
2016-12-26 17:58:58 | TEMPLOG : WellhouseOne | 086.000
2016-12-26 18:00:00 | TEMPLOG : WellhouseOne | 072.500
2016-12-26 18:00:00 | TEMPLOG : Bio   Filter | 034.700
2016-12-26 18:00:00 | TEMPLOG : To   GeoLoop | 045.500
2016-12-26 18:00:00 | TEMPLOG : Table    One | 034.700
2016-12-26 18:01:00 | TEMPLOG : WellhouseOne | 066.200
2016-12-26 18:02:02 | TEMPLOG : WellhouseOne | 060.800
2016-12-26 18:03:03 | TEMPLOG : WellhouseOne | 056.300
2016-12-26 18:03:05 | TEMPLOG : Table    One | 033.800
2016-12-26 18:04:05 | TEMPLOG : WellhouseOne | 051.800
2016-12-26 18:05:07 | TEMPLOG : WellhouseOne | 050.000
2016-12-26 18:06:08 | TEMPLOG : WellhouseOne | 048.200
2016-12-26 18:07:09 | TEMPLOG : WellhouseOne | 046.400
2016-12-26 18:09:11 | TEMPLOG : WellhouseOne | 045.500
2016-12-26 18:10:13 | TEMPLOG : WellhouseOne | 044.600
2016-12-26 18:11:14 | TEMPLOG : WellhouseOne | 042.800
2016-12-26 18:15:19 | TEMPLOG : Bio   Filter | 033.800
2016-12-26 18:17:21 | TEMPLOG : WellhouseOne | 041.900
2016-12-26 18:18:23 | TEMPLOG : WellhouseOne | 041.000
2016-12-26 18:18:23 | TEMPLOG : Bio   Filter | 034.700
2016-12-26 18:19:24 | TEMPLOG : WellhouseOne | 040.100
2016-12-26 18:19:24 | TEMPLOG : Bio   Filter | 033.800
2016-12-26 18:21:26 | TEMPLOG : WellhouseOne | 039.200
2016-12-26 18:21:26 | TEMPLOG : Bio   Filter | 034.700
2016-12-26 18:22:27 | TEMPLOG : WellhouseOne | 104.900
2016-12-26 18:22:27 | TEMPLOG : Bio   Filter | 033.800
2016-12-26 18:23:28 | TEMPLOG : WellhouseOne | 123.800
2016-12-26 18:24:29 | TEMPLOG : WellhouseOne | 131.900
2016-12-26 18:25:31 | TEMPLOG : WellhouseOne | 135.500
2016-12-26 18:26:32 | TEMPLOG : WellhouseOne | 095.900
2016-12-26 18:27:34 | TEMPLOG : WellhouseOne | 078.800
2016-12-26 18:27:34 | TEMPLOG : Table    One | 032.900
2016-12-26 18:28:34 | TEMPLOG : WellhouseOne | 069.800
2016-12-26 18:29:35 | TEMPLOG : WellhouseOne | 063.500
2016-12-26 18:30:36 | TEMPLOG : WellhouseOne | 058.100
2016-12-26 18:31:37 | TEMPLOG : WellhouseOne | 054.500
2016-12-26 18:32:39 | TEMPLOG : WellhouseOne | 051.800
2016-12-26 18:32:40 | TEMPLOG : To   GeoLoop | 044.600
2016-12-26 18:33:40 | TEMPLOG : WellhouseOne | 050.000
2016-12-26 18:33:42 | TEMPLOG : To   GeoLoop | 045.500
2016-12-26 18:34:42 | TEMPLOG : WellhouseOne | 048.200
2016-12-26 18:34:43 | TEMPLOG : To   GeoLoop | 044.600
2016-12-26 18:36:45 | TEMPLOG : WellhouseOne | 047.300
2016-12-26 18:38:48 | TEMPLOG : WellhouseOne | 046.400
2016-12-26 18:39:49 | TEMPLOG : WellhouseOne | 045.500
2016-12-26 18:40:50 | TEMPLOG : Bio   Filter | 032.900
2016-12-26 18:41:51 | TEMPLOG : WellhouseOne | 044.600
2016-12-26 18:41:51 | TEMPLOG : Bio   Filter | 033.800
2016-12-26 18:42:52 | TEMPLOG : WellhouseOne | 043.700
2016-12-26 18:43:53 | TEMPLOG : WellhouseOne | 042.800
2016-12-26 18:44:55 | TEMPLOG : WellhouseOne | 041.900
2016-12-26 18:44:55 | TEMPLOG : Bio   Filter | 032.900
2016-12-26 18:46:56 | TEMPLOG : WellhouseOne | 041.000
2016-12-26 18:48:00 | TEMPLOG : WellhouseOne | 040.100
2016-12-26 18:49:01 | TEMPLOG : WellhouseOne | 058.100
2016-12-26 18:50:02 | TEMPLOG : WellhouseOne | 112.100
2016-12-26 18:51:04 | TEMPLOG : WellhouseOne | 125.600
2016-12-26 18:52:05 | TEMPLOG : WellhouseOne | 132.800
2016-12-26 18:53:06 | TEMPLOG : WellhouseOne | 136.400
2016-12-26 18:54:07 | TEMPLOG : WellhouseOne | 105.800
2016-12-26 18:55:08 | TEMPLOG : WellhouseOne | 085.100
2016-12-26 18:56:10 | TEMPLOG : WellhouseOne | 073.400
2016-12-26 18:57:10 | TEMPLOG : WellhouseOne | 066.200
2016-12-26 18:58:11 | TEMPLOG : WellhouseOne | 060.800
2016-12-26 18:59:12 | TEMPLOG : WellhouseOne | 057.200
2016-12-26 19:00:13 | TEMPLOG : WellhouseOne | 054.500
2016-12-26 19:00:13 | TEMPLOG : Bio   Filter | 032.900
2016-12-26 19:00:14 | TEMPLOG : To   GeoLoop | 044.600
2016-12-26 19:01:15 | TEMPLOG : WellhouseOne | 052.700
2016-12-26 19:02:16 | TEMPLOG : WellhouseOne | 051.800
2016-12-26 19:03:17 | TEMPLOG : WellhouseOne | 050.000
2016-12-26 19:04:19 | TEMPLOG : WellhouseOne | 048.200
2016-12-26 19:05:20 | TEMPLOG : WellhouseOne | 047.300
2016-12-26 19:06:20 | TEMPLOG : WellhouseOne | 046.400
2016-12-26 19:07:22 | TEMPLOG : WellhouseOne | 045.500
2016-12-26 19:09:25 | TEMPLOG : WellhouseOne | 044.600
2016-12-26 19:10:26 | TEMPLOG : WellhouseOne | 043.700
2016-12-26 19:11:27 | TEMPLOG : WellhouseOne | 042.800
2016-12-26 19:14:30 | TEMPLOG : WellhouseOne | 041.900
2016-12-26 19:17:33 | TEMPLOG : WellhouseOne | 093.200
2016-12-26 19:18:34 | TEMPLOG : WellhouseOne | 117.500
2016-12-26 19:19:36 | TEMPLOG : WellhouseOne | 129.200
2016-12-26 19:20:37 | TEMPLOG : WellhouseOne | 134.600
2016-12-26 19:21:38 | TEMPLOG : WellhouseOne | 126.500
2016-12-26 19:22:40 | TEMPLOG : WellhouseOne | 093.200
2016-12-26 19:23:41 | TEMPLOG : WellhouseOne | 078.800
2016-12-26 19:24:42 | TEMPLOG : WellhouseOne | 069.800
2016-12-26 19:25:42 | TEMPLOG : WellhouseOne | 062.600
2016-12-26 19:26:43 | TEMPLOG : WellhouseOne | 058.100
2016-12-26 19:26:45 | TEMPLOG : Table    One | 031.100
2016-12-26 19:27:45 | TEMPLOG : WellhouseOne | 054.500
2016-12-26 19:28:45 | TEMPLOG : WellhouseOne | 052.700
2016-12-26 19:29:46 | TEMPLOG : WellhouseOne | 050.900
2016-12-26 19:29:47 | TEMPLOG : To   GeoLoop | 043.700
2016-12-26 19:30:47 | TEMPLOG : WellhouseOne | 050.000
2016-12-26 19:30:48 | TEMPLOG : To   GeoLoop | 044.600
2016-12-26 19:31:48 | TEMPLOG : WellhouseOne | 049.100
2016-12-26 19:31:48 | TEMPLOG : To   GeoLoop | 043.700
2016-12-26 19:32:49 | TEMPLOG : WellhouseOne | 047.300
2016-12-26 19:33:51 | TEMPLOG : WellhouseOne | 046.400
2016-12-26 19:34:52 | TEMPLOG : WellhouseOne | 045.500
2016-12-26 19:34:53 | TEMPLOG : To   GeoLoop | 044.600
2016-12-26 19:35:54 | TEMPLOG : WellhouseOne | 044.600
2016-12-26 19:35:55 | TEMPLOG : To   GeoLoop | 043.700
2016-12-26 19:36:55 | TEMPLOG : WellhouseOne | 043.700
2016-12-26 19:36:56 | TEMPLOG : To   GeoLoop | 044.600
2016-12-26 19:38:59 | TEMPLOG : WellhouseOne | 042.800
2016-12-26 19:41:02 | TEMPLOG : WellhouseOne | 041.900
2016-12-26 19:43:04 | TEMPLOG : WellhouseOne | 041.000
2016-12-26 19:45:07 | TEMPLOG : WellhouseOne | 040.100
2016-12-26 19:46:08 | TEMPLOG : WellhouseOne | 101.300
2016-12-26 19:47:09 | TEMPLOG : WellhouseOne | 119.300
2016-12-26 19:47:10 | TEMPLOG : To   GeoLoop | 043.700
2016-12-26 19:48:11 | TEMPLOG : WellhouseOne | 128.300
2016-12-26 19:49:13 | TEMPLOG : WellhouseOne | 134.600
2016-12-26 19:49:13 | TEMPLOG : To   GeoLoop | 044.600
2016-12-26 19:50:14 | TEMPLOG : WellhouseOne | 096.800
2016-12-26 19:50:15 | TEMPLOG : To   GeoLoop | 043.700
2016-12-26 19:51:16 | TEMPLOG : WellhouseOne | 081.500
2016-12-26 19:52:18 | TEMPLOG : WellhouseOne | 069.800
2016-12-26 19:53:18 | TEMPLOG : WellhouseOne | 062.600
2016-12-26 19:54:20 | TEMPLOG : WellhouseOne | 059.000
2016-12-26 19:55:21 | TEMPLOG : WellhouseOne | 056.300
2016-12-26 19:56:23 | TEMPLOG : WellhouseOne | 053.600
2016-12-26 19:57:24 | TEMPLOG : WellhouseOne | 050.900
2016-12-26 19:58:26 | TEMPLOG : WellhouseOne | 048.200
2016-12-26 19:59:27 | TEMPLOG : WellhouseOne | 047.300
2016-12-26 20:00:28 | TEMPLOG : WellhouseOne | 046.400
2016-12-26 20:00:28 | TEMPLOG : To   GeoLoop | 043.700
2016-12-26 20:01:29 | TEMPLOG : WellhouseOne | 045.500
2016-12-26 20:02:31 | TEMPLOG : WellhouseOne | 044.600
2016-12-26 20:03:32 | TEMPLOG : WellhouseOne | 043.700
2016-12-26 20:05:35 | TEMPLOG : WellhouseOne | 042.800
2016-12-26 20:06:35 | TEMPLOG : WellhouseOne | 041.900
2016-12-26 20:07:37 | TEMPLOG : WellhouseOne | 041.000
2016-12-26 20:08:38 | TEMPLOG : WellhouseOne | 041.900
2016-12-26 20:11:43 | TEMPLOG : WellhouseOne | 041.000
2016-12-26 20:13:46 | TEMPLOG : WellhouseOne | 071.600
2016-12-26 20:14:47 | TEMPLOG : WellhouseOne | 113.000
2016-12-26 20:15:48 | TEMPLOG : WellhouseOne | 124.700
2016-12-26 20:16:49 | TEMPLOG : WellhouseOne | 134.600
2016-12-26 20:17:50 | TEMPLOG : WellhouseOne | 104.000
2016-12-26 20:18:51 | TEMPLOG : WellhouseOne | 084.200
2016-12-26 20:19:52 | TEMPLOG : WellhouseOne | 074.300
2016-12-26 20:20:53 | TEMPLOG : WellhouseOne | 068.000
2016-12-26 20:20:53 | TEMPLOG : Bio   Filter | 031.100
2016-12-26 20:21:54 | TEMPLOG : WellhouseOne | 061.700
2016-12-26 20:22:55 | TEMPLOG : WellhouseOne | 058.100
2016-12-26 20:23:57 | TEMPLOG : WellhouseOne | 055.400
2016-12-26 20:24:59 | TEMPLOG : WellhouseOne | 053.600
2016-12-26 20:26:01 | TEMPLOG : WellhouseOne | 051.800
2016-12-26 20:27:02 | TEMPLOG : WellhouseOne | 050.900
2016-12-26 20:28:03 | TEMPLOG : WellhouseOne | 049.100
2016-12-26 20:29:04 | TEMPLOG : WellhouseOne | 048.200
2016-12-26 20:30:05 | TEMPLOG : WellhouseOne | 047.300
2016-12-26 20:31:07 | TEMPLOG : WellhouseOne | 046.400
2016-12-26 20:33:09 | TEMPLOG : WellhouseOne | 045.500
2016-12-26 20:34:10 | TEMPLOG : WellhouseOne | 044.600
2016-12-26 20:35:13 | TEMPLOG : To   GeoLoop | 042.800
2016-12-26 20:36:13 | TEMPLOG : WellhouseOne | 043.700
2016-12-26 20:36:13 | TEMPLOG : To   GeoLoop | 043.700
2016-12-26 20:38:16 | TEMPLOG : To   GeoLoop | 042.800
2016-12-26 20:39:17 | TEMPLOG : WellhouseOne | 042.800
2016-12-26 20:39:18 | TEMPLOG : To   GeoLoop | 043.700
2016-12-26 20:40:21 | TEMPLOG : To   GeoLoop | 042.800
2016-12-26 20:41:22 | TEMPLOG : WellhouseOne | 095.900
2016-12-26 20:42:23 | TEMPLOG : WellhouseOne | 116.600
2016-12-26 20:42:23 | TEMPLOG : To   GeoLoop | 043.700
2016-12-26 20:43:24 | TEMPLOG : WellhouseOne | 125.600
2016-12-26 20:44:25 | TEMPLOG : WellhouseOne | 131.000
2016-12-26 20:45:26 | TEMPLOG : WellhouseOne | 134.600
2016-12-26 20:45:27 | TEMPLOG : To   GeoLoop | 042.800
2016-12-26 20:46:28 | TEMPLOG : WellhouseOne | 117.500
2016-12-26 20:47:29 | TEMPLOG : WellhouseOne | 093.200
2016-12-26 20:48:31 | TEMPLOG : WellhouseOne | 080.600
2016-12-26 20:49:32 | TEMPLOG : WellhouseOne | 070.700
2016-12-26 20:49:33 | TEMPLOG : Table    One | 030.200
2016-12-26 20:50:33 | TEMPLOG : WellhouseOne | 064.400
2016-12-26 20:51:35 | TEMPLOG : WellhouseOne | 059.000
2016-12-26 20:52:36 | TEMPLOG : WellhouseOne | 055.400
2016-12-26 20:53:38 | TEMPLOG : WellhouseOne | 052.700
2016-12-26 20:54:39 | TEMPLOG : WellhouseOne | 050.900
2016-12-26 20:55:41 | TEMPLOG : WellhouseOne | 050.000
2016-12-26 20:56:42 | TEMPLOG : WellhouseOne | 048.200
2016-12-26 20:57:44 | TEMPLOG : WellhouseOne | 047.300
2016-12-26 20:59:47 | TEMPLOG : WellhouseOne | 046.400
2016-12-26 21:00:49 | TEMPLOG : WellhouseOne | 045.500
2016-12-26 21:00:49 | TEMPLOG : Bio   Filter | 031.100
2016-12-26 21:00:49 | TEMPLOG : To   GeoLoop | 042.800
2016-12-26 21:00:49 | TEMPLOG : Table    One | 030.200
2016-12-26 21:02:50 | TEMPLOG : WellhouseOne | 044.600
2016-12-26 21:04:53 | TEMPLOG : WellhouseOne | 043.700
2016-12-26 21:06:55 | TEMPLOG : WellhouseOne | 042.800
2016-12-26 21:06:55 | TEMPLOG : Bio   Filter | 030.200
2016-12-26 21:08:57 | TEMPLOG : WellhouseOne | 041.900
2016-12-26 21:09:58 | TEMPLOG : WellhouseOne | 101.300
2016-12-26 21:10:59 | TEMPLOG : WellhouseOne | 120.200
2016-12-26 21:12:00 | TEMPLOG : WellhouseOne | 129.200
2016-12-26 21:13:01 | TEMPLOG : WellhouseOne | 133.700
2016-12-26 21:14:02 | TEMPLOG : WellhouseOne | 136.400
2016-12-26 21:15:03 | TEMPLOG : WellhouseOne | 113.000
2016-12-26 21:16:04 | TEMPLOG : WellhouseOne | 088.700
2016-12-26 21:17:05 | TEMPLOG : WellhouseOne | 075.200
2016-12-26 21:18:07 | TEMPLOG : WellhouseOne | 068.000
2016-12-26 21:19:08 | TEMPLOG : WellhouseOne | 062.600
2016-12-26 21:20:09 | TEMPLOG : WellhouseOne | 058.100
2016-12-26 21:21:10 | TEMPLOG : WellhouseOne | 055.400
2016-12-26 21:22:11 | TEMPLOG : WellhouseOne | 052.700
2016-12-26 21:22:11 | TEMPLOG : Table    One | 029.300
2016-12-26 21:23:13 | TEMPLOG : WellhouseOne | 051.800
2016-12-26 21:24:14 | TEMPLOG : WellhouseOne | 050.000
2016-12-26 21:25:15 | TEMPLOG : WellhouseOne | 048.200
2016-12-26 21:26:16 | TEMPLOG : WellhouseOne | 047.300
2016-12-26 21:27:18 | TEMPLOG : WellhouseOne | 046.400
2016-12-26 21:28:19 | TEMPLOG : WellhouseOne | 045.500
2016-12-26 21:30:21 | TEMPLOG : WellhouseOne | 044.600
2016-12-26 21:31:23 | TEMPLOG : WellhouseOne | 043.700
2016-12-26 21:34:28 | TEMPLOG : WellhouseOne | 042.800
2016-12-26 21:35:29 | TEMPLOG : WellhouseOne | 041.900
2016-12-26 21:36:32 | TEMPLOG : To   GeoLoop | 041.900
2016-12-26 21:37:33 | TEMPLOG : WellhouseOne | 095.900
2016-12-26 21:38:34 | TEMPLOG : WellhouseOne | 116.600
2016-12-26 21:39:35 | TEMPLOG : WellhouseOne | 126.500
2016-12-26 21:40:37 | TEMPLOG : WellhouseOne | 132.800
2016-12-26 21:40:37 | TEMPLOG : Bio   Filter | 029.300
2016-12-26 21:41:38 | TEMPLOG : WellhouseOne | 134.600
2016-12-26 21:42:39 | TEMPLOG : WellhouseOne | 109.400
2016-12-26 21:43:40 | TEMPLOG : WellhouseOne | 086.000
2016-12-26 21:44:42 | TEMPLOG : WellhouseOne | 072.500
2016-12-26 21:45:43 | TEMPLOG : WellhouseOne | 066.200
2016-12-26 21:46:46 | TEMPLOG : WellhouseOne | 060.800
2016-12-26 21:47:47 | TEMPLOG : WellhouseOne | 056.300
2016-12-26 21:48:48 | TEMPLOG : WellhouseOne | 053.600
2016-12-26 21:49:49 | TEMPLOG : WellhouseOne | 050.900
2016-12-26 21:50:50 | TEMPLOG : WellhouseOne | 050.000
2016-12-26 21:51:51 | TEMPLOG : WellhouseOne | 048.200
2016-12-26 21:51:53 | TEMPLOG : Table    One | 028.400
2016-12-26 21:52:53 | TEMPLOG : WellhouseOne | 047.300
2016-12-26 21:53:54 | TEMPLOG : WellhouseOne | 046.400
2016-12-26 21:53:55 | TEMPLOG : Table    One | 029.300
2016-12-26 21:54:55 | TEMPLOG : WellhouseOne | 045.500
2016-12-26 21:54:56 | TEMPLOG : Table    One | 028.400
2016-12-26 21:55:57 | TEMPLOG : WellhouseOne | 044.600
2016-12-26 21:58:00 | TEMPLOG : WellhouseOne | 043.700
2016-12-26 22:00:02 | TEMPLOG : WellhouseOne | 042.800
2016-12-26 22:00:03 | TEMPLOG : Bio   Filter | 029.300
2016-12-26 22:00:03 | TEMPLOG : To   GeoLoop | 041.900
2016-12-26 22:00:03 | TEMPLOG : Table    One | 028.400
2016-12-26 22:02:05 | TEMPLOG : WellhouseOne | 041.900
2016-12-26 22:02:06 | TEMPLOG : Table    One | 029.300
2016-12-26 22:03:07 | TEMPLOG : Table    One | 028.400
2016-12-26 22:04:08 | TEMPLOG : WellhouseOne | 074.300
2016-12-26 22:04:09 | TEMPLOG : Table    One | 029.300
2016-12-26 22:05:10 | TEMPLOG : WellhouseOne | 112.100
2016-12-26 22:05:11 | TEMPLOG : Table    One | 028.400
2016-12-26 22:06:11 | TEMPLOG : WellhouseOne | 123.800
2016-12-26 22:07:13 | TEMPLOG : WellhouseOne | 130.100
2016-12-26 22:08:14 | TEMPLOG : WellhouseOne | 134.600
2016-12-26 22:09:15 | TEMPLOG : WellhouseOne | 137.300
2016-12-26 22:10:17 | TEMPLOG : WellhouseOne | 120.200
2016-12-26 22:11:18 | TEMPLOG : WellhouseOne | 092.300
2016-12-26 22:12:20 | TEMPLOG : WellhouseOne | 077.000
2016-12-26 22:13:21 | TEMPLOG : WellhouseOne | 068.000
2016-12-26 22:14:22 | TEMPLOG : WellhouseOne | 062.600
2016-12-26 22:15:23 | TEMPLOG : WellhouseOne | 059.000
2016-12-26 22:16:25 | TEMPLOG : WellhouseOne | 054.500
2016-12-26 22:17:27 | TEMPLOG : WellhouseOne | 052.700
2016-12-26 22:18:28 | TEMPLOG : WellhouseOne | 050.900
2016-12-26 22:19:29 | TEMPLOG : WellhouseOne | 049.100
2016-12-26 22:20:30 | TEMPLOG : WellhouseOne | 047.300
2016-12-26 22:21:31 | TEMPLOG : WellhouseOne | 046.400
2016-12-26 22:23:32 | TEMPLOG : WellhouseOne | 045.500
2016-12-26 22:24:33 | TEMPLOG : WellhouseOne | 044.600
2016-12-26 22:26:37 | TEMPLOG : WellhouseOne | 043.700
2016-12-26 22:28:40 | TEMPLOG : WellhouseOne | 042.800
2016-12-26 22:31:43 | TEMPLOG : WellhouseOne | 041.900
2016-12-26 22:32:44 | TEMPLOG : WellhouseOne | 096.800
2016-12-26 22:33:45 | TEMPLOG : WellhouseOne | 117.500
2016-12-26 22:34:47 | TEMPLOG : WellhouseOne | 126.500
2016-12-26 22:35:48 | TEMPLOG : WellhouseOne | 131.900
2016-12-26 22:36:49 | TEMPLOG : WellhouseOne | 135.500
2016-12-26 22:37:50 | TEMPLOG : WellhouseOne | 138.200
2016-12-26 22:38:52 | TEMPLOG : WellhouseOne | 125.600
2016-12-26 22:39:54 | TEMPLOG : WellhouseOne | 093.200
2016-12-26 22:40:55 | TEMPLOG : WellhouseOne | 079.700
2016-12-26 22:41:56 | TEMPLOG : WellhouseOne | 071.600
2016-12-26 22:41:56 | TEMPLOG : Bio   Filter | 028.400
2016-12-26 22:42:56 | TEMPLOG : WellhouseOne | 064.400
2016-12-26 22:42:57 | TEMPLOG : Bio   Filter | 029.300
2016-12-26 22:43:58 | TEMPLOG : WellhouseOne | 059.900
2016-12-26 22:44:59 | TEMPLOG : WellhouseOne | 056.300
2016-12-26 22:45:00 | TEMPLOG : Bio   Filter | 028.400
2016-12-26 22:46:00 | TEMPLOG : WellhouseOne | 053.600
2016-12-26 22:47:02 | TEMPLOG : WellhouseOne | 051.800
2016-12-26 22:47:03 | TEMPLOG : To   GeoLoop | 041.000
2016-12-26 22:48:06 | TEMPLOG : WellhouseOne | 050.900
2016-12-26 22:48:06 | TEMPLOG : To   GeoLoop | 041.900
2016-12-26 22:49:07 | TEMPLOG : WellhouseOne | 049.100
2016-12-26 22:49:07 | TEMPLOG : To   GeoLoop | 041.000
2016-12-26 22:50:08 | TEMPLOG : WellhouseOne | 048.200
2016-12-26 22:51:09 | TEMPLOG : WellhouseOne | 047.300
2016-12-26 22:52:10 | TEMPLOG : WellhouseOne | 046.400
2016-12-26 22:52:11 | TEMPLOG : To   GeoLoop | 041.900
2016-12-26 22:53:13 | TEMPLOG : WellhouseOne | 045.500
2016-12-26 22:53:13 | TEMPLOG : To   GeoLoop | 041.000
2016-12-26 22:54:13 | TEMPLOG : WellhouseOne | 044.600
2016-12-26 22:56:15 | TEMPLOG : WellhouseOne | 043.700
2016-12-26 22:58:19 | TEMPLOG : WellhouseOne | 042.800
2016-12-26 23:00:21 | TEMPLOG : WellhouseOne | 042.800
2016-12-26 23:00:22 | TEMPLOG : Bio   Filter | 028.400
2016-12-26 23:00:22 | TEMPLOG : To   GeoLoop | 041.000
2016-12-26 23:00:22 | TEMPLOG : Table    One | 028.400
2016-12-26 23:01:22 | TEMPLOG : WellhouseOne | 079.700
2016-12-26 23:02:24 | TEMPLOG : WellhouseOne | 113.000
2016-12-26 23:03:25 | TEMPLOG : WellhouseOne | 124.700
2016-12-26 23:04:27 | TEMPLOG : WellhouseOne | 131.900
2016-12-26 23:05:28 | TEMPLOG : WellhouseOne | 134.600
2016-12-26 23:06:29 | TEMPLOG : WellhouseOne | 137.300
2016-12-26 23:07:30 | TEMPLOG : WellhouseOne | 103.100
2016-12-26 23:08:31 | TEMPLOG : WellhouseOne | 085.100
2016-12-26 23:09:33 | TEMPLOG : WellhouseOne | 074.300
2016-12-26 23:10:34 | TEMPLOG : WellhouseOne | 066.200
2016-12-26 23:11:35 | TEMPLOG : WellhouseOne | 060.800
2016-12-26 23:12:36 | TEMPLOG : WellhouseOne | 057.200
2016-12-26 23:12:38 | TEMPLOG : Table    One | 027.500
2016-12-26 23:13:38 | TEMPLOG : WellhouseOne | 054.500
2016-12-26 23:14:40 | TEMPLOG : WellhouseOne | 051.800
2016-12-26 23:14:40 | TEMPLOG : Table    One | 028.400
2016-12-26 23:15:41 | TEMPLOG : WellhouseOne | 050.000
2016-12-26 23:16:42 | TEMPLOG : WellhouseOne | 049.100
2016-12-26 23:17:43 | TEMPLOG : WellhouseOne | 047.300
2016-12-26 23:18:43 | TEMPLOG : WellhouseOne | 046.400
2016-12-26 23:19:45 | TEMPLOG : WellhouseOne | 045.500
2016-12-26 23:19:46 | TEMPLOG : Table    One | 027.500
2016-12-26 23:20:46 | TEMPLOG : WellhouseOne | 044.600
2016-12-26 23:20:47 | TEMPLOG : Table    One | 028.400
2016-12-26 23:22:48 | TEMPLOG : WellhouseOne | 043.700
2016-12-26 23:24:51 | TEMPLOG : WellhouseOne | 041.900
2016-12-26 23:25:52 | TEMPLOG : WellhouseOne | 042.800
2016-12-26 23:26:53 | TEMPLOG : WellhouseOne | 041.900
2016-12-26 23:28:55 | TEMPLOG : WellhouseOne | 079.700
2016-12-26 23:29:56 | TEMPLOG : WellhouseOne | 110.300
2016-12-26 23:30:57 | TEMPLOG : WellhouseOne | 122.900
2016-12-26 23:31:59 | TEMPLOG : WellhouseOne | 130.100
2016-12-26 23:32:00 | TEMPLOG : Table    One | 027.500
2016-12-26 23:33:00 | TEMPLOG : WellhouseOne | 133.700
2016-12-26 23:34:02 | TEMPLOG : WellhouseOne | 138.200
2016-12-26 23:35:03 | TEMPLOG : WellhouseOne | 104.000
2016-12-26 23:36:04 | TEMPLOG : WellhouseOne | 084.200
2016-12-26 23:37:05 | TEMPLOG : WellhouseOne | 074.300
2016-12-26 23:38:06 | TEMPLOG : WellhouseOne | 066.200
2016-12-26 23:39:07 | TEMPLOG : WellhouseOne | 059.900
2016-12-26 23:40:08 | TEMPLOG : WellhouseOne | 056.300
2016-12-26 23:41:09 | TEMPLOG : WellhouseOne | 054.500
2016-12-26 23:42:11 | TEMPLOG : WellhouseOne | 051.800
2016-12-26 23:43:11 | TEMPLOG : WellhouseOne | 050.000
2016-12-26 23:44:12 | TEMPLOG : WellhouseOne | 048.200
2016-12-26 23:45:13 | TEMPLOG : WellhouseOne | 047.300
2016-12-26 23:46:14 | TEMPLOG : WellhouseOne | 046.400
2016-12-26 23:47:15 | TEMPLOG : WellhouseOne | 045.500
2016-12-26 23:48:17 | TEMPLOG : WellhouseOne | 044.600
2016-12-26 23:49:18 | TEMPLOG : WellhouseOne | 043.700
2016-12-26 23:52:21 | TEMPLOG : WellhouseOne | 042.800
2016-12-26 23:54:23 | TEMPLOG : WellhouseOne | 041.900
2016-12-26 23:55:25 | TEMPLOG : WellhouseOne | 041.000
2016-12-26 23:56:26 | TEMPLOG : WellhouseOne | 070.700
2016-12-26 23:57:28 | TEMPLOG : WellhouseOne | 112.100
2016-12-26 23:58:30 | TEMPLOG : WellhouseOne | 125.600
2016-12-26 23:59:31 | TEMPLOG : WellhouseOne | 131.000
2016-12-26 23:59:32 | TEMPLOG : Bio   Filter | 027.500
