2016-12-16 04:59:01 | -=< Temperature Logger Restart >=-
2016-12-16 04:59:01 | TEMPLOG : WellhouseOne | 046.400
2016-12-16 04:59:01 | TEMPLOG : To   GeoLoop | 041.000
2016-12-16 04:59:25 | -=< Temperature Logger Restart >=-
2016-12-16 04:59:25 | TEMPLOG : WellhouseOne | 046.400
2016-12-16 04:59:26 | TEMPLOG : To   GeoLoop | 041.000
2016-12-16 05:00:26 | TEMPLOG : WellhouseOne | 045.500
2016-12-16 05:00:26 | TEMPLOG : To   GeoLoop | 041.000
2016-12-16 05:01:26 | TEMPLOG : WellhouseOne | 044.600
2016-12-16 05:03:27 | TEMPLOG : WellhouseOne | 043.700
2016-12-16 05:06:30 | TEMPLOG : WellhouseOne | 042.800
2016-12-16 05:08:32 | TEMPLOG : WellhouseOne | 041.900
2016-12-16 05:10:34 | TEMPLOG : WellhouseOne | 102.200
2016-12-16 05:11:35 | TEMPLOG : WellhouseOne | 120.200
2016-12-16 05:12:35 | TEMPLOG : WellhouseOne | 130.100
2016-12-16 05:13:36 | TEMPLOG : WellhouseOne | 135.500
2016-12-16 05:14:37 | TEMPLOG : WellhouseOne | 129.200
2016-12-16 05:15:38 | TEMPLOG : WellhouseOne | 096.800
2016-12-16 05:16:38 | TEMPLOG : WellhouseOne | 083.300
2016-12-16 05:17:39 | TEMPLOG : WellhouseOne | 073.400
2016-12-16 05:18:39 | TEMPLOG : WellhouseOne | 066.200
2016-12-16 05:19:41 | TEMPLOG : WellhouseOne | 059.000
2016-12-16 05:20:42 | TEMPLOG : WellhouseOne | 055.400
2016-12-16 05:21:43 | TEMPLOG : WellhouseOne | 053.600
2016-12-16 05:22:44 | TEMPLOG : WellhouseOne | 051.800
2016-12-16 05:23:45 | TEMPLOG : WellhouseOne | 050.000
2016-12-16 05:24:45 | TEMPLOG : WellhouseOne | 049.100
2016-12-16 05:25:47 | TEMPLOG : WellhouseOne | 048.200
2016-12-16 05:26:47 | TEMPLOG : WellhouseOne | 047.300
2016-12-16 05:27:48 | TEMPLOG : WellhouseOne | 046.400
2016-12-16 05:29:50 | TEMPLOG : WellhouseOne | 045.500
2016-12-16 05:30:51 | TEMPLOG : WellhouseOne | 043.700
2016-12-16 05:30:52 | TEMPLOG : Table    One | 032.900
2016-12-16 05:31:52 | TEMPLOG : WellhouseOne | 041.900
2016-12-16 05:32:52 | TEMPLOG : WellhouseOne | 041.000
2016-12-16 05:37:56 | TEMPLOG : WellhouseOne | 041.900
2016-12-16 05:38:56 | TEMPLOG : WellhouseOne | 042.800
2016-12-16 05:40:00 | TEMPLOG : WellhouseOne | 080.600
2016-12-16 05:41:01 | TEMPLOG : WellhouseOne | 111.200
2016-12-16 05:42:03 | TEMPLOG : WellhouseOne | 124.700
2016-12-16 05:43:04 | TEMPLOG : WellhouseOne | 133.700
2016-12-16 05:44:04 | TEMPLOG : WellhouseOne | 104.900
2016-12-16 05:45:05 | TEMPLOG : WellhouseOne | 086.000
2016-12-16 05:46:07 | TEMPLOG : WellhouseOne | 074.300
2016-12-16 05:47:07 | TEMPLOG : WellhouseOne | 068.000
2016-12-16 05:48:08 | TEMPLOG : WellhouseOne | 062.600
2016-12-16 05:49:08 | TEMPLOG : WellhouseOne | 058.100
2016-12-16 05:50:09 | TEMPLOG : WellhouseOne | 054.500
2016-12-16 05:51:10 | TEMPLOG : WellhouseOne | 052.700
2016-12-16 05:52:10 | TEMPLOG : WellhouseOne | 050.900
2016-12-16 05:53:11 | TEMPLOG : WellhouseOne | 049.100
2016-12-16 05:54:12 | TEMPLOG : WellhouseOne | 047.300
2016-12-16 05:55:12 | TEMPLOG : WellhouseOne | 046.400
2016-12-16 05:56:13 | TEMPLOG : WellhouseOne | 045.500
2016-12-16 05:57:14 | TEMPLOG : WellhouseOne | 046.400
2016-12-16 05:59:16 | TEMPLOG : WellhouseOne | 045.500
2016-12-16 06:00:16 | TEMPLOG : WellhouseOne | 045.500
2016-12-16 06:00:16 | TEMPLOG : To   GeoLoop | 041.000
2016-12-16 06:00:17 | TEMPLOG : Table    One | 032.900
2016-12-16 06:01:17 | TEMPLOG : WellhouseOne | 044.600
2016-12-16 06:04:20 | TEMPLOG : WellhouseOne | 043.700
2016-12-16 06:06:22 | TEMPLOG : WellhouseOne | 042.800
2016-12-16 06:08:24 | TEMPLOG : WellhouseOne | 048.200
2016-12-16 06:09:25 | TEMPLOG : WellhouseOne | 110.300
2016-12-16 06:10:27 | TEMPLOG : WellhouseOne | 127.400
2016-12-16 06:11:29 | TEMPLOG : WellhouseOne | 134.600
2016-12-16 06:12:30 | TEMPLOG : WellhouseOne | 101.300
2016-12-16 06:13:31 | TEMPLOG : WellhouseOne | 083.300
2016-12-16 06:14:32 | TEMPLOG : WellhouseOne | 070.700
2016-12-16 06:15:33 | TEMPLOG : WellhouseOne | 063.500
2016-12-16 06:16:34 | TEMPLOG : WellhouseOne | 056.300
2016-12-16 06:17:35 | TEMPLOG : WellhouseOne | 051.800
2016-12-16 06:18:36 | TEMPLOG : WellhouseOne | 049.100
2016-12-16 06:19:37 | TEMPLOG : WellhouseOne | 046.400
2016-12-16 06:20:38 | TEMPLOG : WellhouseOne | 044.600
2016-12-16 06:21:39 | TEMPLOG : WellhouseOne | 042.800
2016-12-16 06:22:40 | TEMPLOG : WellhouseOne | 041.900
2016-12-16 06:24:42 | TEMPLOG : WellhouseOne | 041.000
2016-12-16 06:27:44 | TEMPLOG : WellhouseOne | 040.100
2016-12-16 06:29:45 | TEMPLOG : WellhouseOne | 039.200
2016-12-16 06:30:48 | TEMPLOG : WellhouseOne | 038.300
2016-12-16 06:34:51 | TEMPLOG : WellhouseOne | 046.400
2016-12-16 06:35:52 | TEMPLOG : WellhouseOne | 109.400
2016-12-16 06:36:53 | TEMPLOG : WellhouseOne | 126.500
2016-12-16 06:37:54 | TEMPLOG : WellhouseOne | 134.600
2016-12-16 06:38:55 | TEMPLOG : WellhouseOne | 098.600
2016-12-16 06:39:56 | TEMPLOG : WellhouseOne | 077.000
2016-12-16 06:40:56 | TEMPLOG : WellhouseOne | 064.400
2016-12-16 06:41:57 | TEMPLOG : WellhouseOne | 057.200
2016-12-16 06:42:58 | TEMPLOG : WellhouseOne | 052.700
2016-12-16 06:43:59 | TEMPLOG : WellhouseOne | 050.000
2016-12-16 06:45:00 | TEMPLOG : WellhouseOne | 048.200
2016-12-16 06:46:01 | TEMPLOG : WellhouseOne | 045.500
2016-12-16 06:47:03 | TEMPLOG : WellhouseOne | 043.700
2016-12-16 06:48:03 | TEMPLOG : WellhouseOne | 042.800
2016-12-16 06:49:04 | TEMPLOG : WellhouseOne | 041.900
2016-12-16 06:50:05 | TEMPLOG : WellhouseOne | 039.200
2016-12-16 06:52:07 | TEMPLOG : WellhouseOne | 038.300
2016-12-16 06:55:10 | TEMPLOG : WellhouseOne | 037.400
2016-12-16 06:58:12 | TEMPLOG : WellhouseOne | 036.500
2016-12-16 07:00:15 | TEMPLOG : WellhouseOne | 037.400
2016-12-16 07:00:16 | TEMPLOG : To   GeoLoop | 041.000
2016-12-16 07:01:16 | TEMPLOG : WellhouseOne | 098.600
2016-12-16 07:02:17 | TEMPLOG : WellhouseOne | 121.100
2016-12-16 07:03:18 | TEMPLOG : WellhouseOne | 132.800
2016-12-16 07:04:19 | TEMPLOG : WellhouseOne | 138.200
2016-12-16 07:05:20 | TEMPLOG : WellhouseOne | 093.200
2016-12-16 07:06:21 | TEMPLOG : WellhouseOne | 071.600
2016-12-16 07:07:22 | TEMPLOG : WellhouseOne | 059.900
2016-12-16 07:08:23 | TEMPLOG : WellhouseOne | 052.700
2016-12-16 07:09:23 | TEMPLOG : WellhouseOne | 047.300
2016-12-16 07:10:24 | TEMPLOG : WellhouseOne | 046.400
2016-12-16 07:11:25 | TEMPLOG : WellhouseOne | 044.600
2016-12-16 07:12:26 | TEMPLOG : WellhouseOne | 041.900
2016-12-16 07:13:27 | TEMPLOG : Table    One | 031.100
2016-12-16 07:14:27 | TEMPLOG : WellhouseOne | 040.100
2016-12-16 07:15:29 | TEMPLOG : WellhouseOne | 039.200
2016-12-16 07:19:33 | TEMPLOG : WellhouseOne | 038.300
2016-12-16 07:20:34 | TEMPLOG : WellhouseOne | 037.400
2016-12-16 07:21:35 | TEMPLOG : WellhouseOne | 036.500
2016-12-16 07:21:35 | TEMPLOG : To   GeoLoop | 040.100
2016-12-16 07:22:35 | TEMPLOG : WellhouseOne | 035.600
2016-12-16 07:23:37 | TEMPLOG : To   GeoLoop | 041.000
2016-12-16 07:24:37 | TEMPLOG : To   GeoLoop | 040.100
2016-12-16 07:26:41 | TEMPLOG : WellhouseOne | 049.100
2016-12-16 07:27:42 | TEMPLOG : WellhouseOne | 107.600
2016-12-16 07:28:43 | TEMPLOG : WellhouseOne | 124.700
2016-12-16 07:29:44 | TEMPLOG : WellhouseOne | 132.800
2016-12-16 07:30:45 | TEMPLOG : WellhouseOne | 130.100
2016-12-16 07:31:46 | TEMPLOG : WellhouseOne | 092.300
2016-12-16 07:32:46 | TEMPLOG : WellhouseOne | 073.400
2016-12-16 07:33:47 | TEMPLOG : WellhouseOne | 066.200
2016-12-16 07:34:48 | TEMPLOG : WellhouseOne | 059.900
2016-12-16 07:35:49 | TEMPLOG : WellhouseOne | 054.500
2016-12-16 07:36:50 | TEMPLOG : WellhouseOne | 050.900
2016-12-16 07:37:51 | TEMPLOG : WellhouseOne | 049.100
2016-12-16 07:38:51 | TEMPLOG : WellhouseOne | 046.400
2016-12-16 07:39:52 | TEMPLOG : WellhouseOne | 045.500
2016-12-16 07:40:54 | TEMPLOG : WellhouseOne | 044.600
2016-12-16 07:41:54 | TEMPLOG : WellhouseOne | 043.700
2016-12-16 07:42:55 | TEMPLOG : WellhouseOne | 042.800
2016-12-16 07:44:57 | TEMPLOG : WellhouseOne | 041.900
2016-12-16 07:44:57 | TEMPLOG : To   GeoLoop | 041.000
2016-12-16 07:45:58 | TEMPLOG : WellhouseOne | 040.100
2016-12-16 07:45:59 | TEMPLOG : To   GeoLoop | 040.100
2016-12-16 07:46:59 | TEMPLOG : WellhouseOne | 037.400
2016-12-16 07:48:01 | TEMPLOG : WellhouseOne | 036.500
2016-12-16 07:49:02 | TEMPLOG : WellhouseOne | 035.600
2016-12-16 07:50:03 | TEMPLOG : WellhouseOne | 034.700
2016-12-16 07:53:07 | TEMPLOG : WellhouseOne | 068.900
2016-12-16 07:54:08 | TEMPLOG : WellhouseOne | 112.100
2016-12-16 07:55:09 | TEMPLOG : WellhouseOne | 126.500
2016-12-16 07:56:10 | TEMPLOG : WellhouseOne | 133.700
2016-12-16 07:57:10 | TEMPLOG : WellhouseOne | 138.200
2016-12-16 07:58:11 | TEMPLOG : WellhouseOne | 091.400
2016-12-16 07:59:12 | TEMPLOG : WellhouseOne | 074.300
2016-12-16 07:59:12 | TEMPLOG : To   GeoLoop | 041.000
2016-12-16 08:00:13 | TEMPLOG : WellhouseOne | 062.600
2016-12-16 08:00:13 | TEMPLOG : To   GeoLoop | 041.000
2016-12-16 08:01:13 | TEMPLOG : WellhouseOne | 056.300
2016-12-16 08:02:14 | TEMPLOG : WellhouseOne | 050.900
2016-12-16 08:03:15 | TEMPLOG : WellhouseOne | 048.200
2016-12-16 08:04:16 | TEMPLOG : WellhouseOne | 044.600
2016-12-16 08:05:17 | TEMPLOG : WellhouseOne | 042.800
2016-12-16 08:06:18 | TEMPLOG : WellhouseOne | 041.900
2016-12-16 08:07:19 | TEMPLOG : WellhouseOne | 041.000
2016-12-16 08:08:20 | TEMPLOG : WellhouseOne | 040.100
2016-12-16 08:09:21 | TEMPLOG : WellhouseOne | 039.200
2016-12-16 08:10:21 | TEMPLOG : WellhouseOne | 038.300
2016-12-16 08:11:22 | TEMPLOG : WellhouseOne | 039.200
2016-12-16 08:11:23 | TEMPLOG : To   GeoLoop | 040.100
2016-12-16 08:12:23 | TEMPLOG : WellhouseOne | 037.400
2016-12-16 08:12:23 | TEMPLOG : To   GeoLoop | 041.000
2016-12-16 08:13:24 | TEMPLOG : WellhouseOne | 036.500
2016-12-16 08:13:24 | TEMPLOG : To   GeoLoop | 040.100
2016-12-16 08:14:24 | TEMPLOG : WellhouseOne | 035.600
2016-12-16 08:14:25 | TEMPLOG : To   GeoLoop | 041.000
2016-12-16 08:16:27 | TEMPLOG : WellhouseOne | 034.700
2016-12-16 08:17:28 | TEMPLOG : WellhouseOne | 033.800
2016-12-16 08:17:28 | TEMPLOG : To   GeoLoop | 040.100
2016-12-16 08:18:29 | TEMPLOG : WellhouseOne | 082.400
2016-12-16 08:19:30 | TEMPLOG : WellhouseOne | 115.700
2016-12-16 08:20:30 | TEMPLOG : WellhouseOne | 126.500
2016-12-16 08:21:32 | TEMPLOG : WellhouseOne | 133.700
2016-12-16 08:22:33 | TEMPLOG : WellhouseOne | 137.300
2016-12-16 08:23:33 | TEMPLOG : WellhouseOne | 088.700
2016-12-16 08:24:34 | TEMPLOG : WellhouseOne | 068.900
2016-12-16 08:25:34 | TEMPLOG : WellhouseOne | 059.000
2016-12-16 08:26:35 | TEMPLOG : WellhouseOne | 052.700
2016-12-16 08:27:36 | TEMPLOG : WellhouseOne | 050.900
2016-12-16 08:28:37 | TEMPLOG : WellhouseOne | 048.200
2016-12-16 08:29:38 | TEMPLOG : WellhouseOne | 046.400
2016-12-16 08:30:39 | TEMPLOG : WellhouseOne | 045.500
2016-12-16 08:30:39 | TEMPLOG : To   GeoLoop | 041.000
2016-12-16 08:31:40 | TEMPLOG : WellhouseOne | 044.600
2016-12-16 08:31:40 | TEMPLOG : To   GeoLoop | 040.100
2016-12-16 08:32:41 | TEMPLOG : WellhouseOne | 041.900
2016-12-16 08:34:43 | TEMPLOG : WellhouseOne | 041.000
2016-12-16 08:34:43 | TEMPLOG : To   GeoLoop | 041.000
2016-12-16 08:35:44 | TEMPLOG : WellhouseOne | 038.300
2016-12-16 08:35:44 | TEMPLOG : To   GeoLoop | 040.100
2016-12-16 08:37:45 | TEMPLOG : WellhouseOne | 037.400
2016-12-16 08:43:52 | TEMPLOG : WellhouseOne | 081.500
2016-12-16 08:44:52 | TEMPLOG : WellhouseOne | 113.000
2016-12-16 08:45:53 | TEMPLOG : WellhouseOne | 125.600
2016-12-16 08:45:53 | TEMPLOG : To   GeoLoop | 041.000
2016-12-16 08:46:54 | TEMPLOG : WellhouseOne | 132.800
2016-12-16 08:47:55 | TEMPLOG : WellhouseOne | 134.600
2016-12-16 08:48:55 | TEMPLOG : WellhouseOne | 126.500
2016-12-16 08:49:56 | TEMPLOG : WellhouseOne | 095.000
2016-12-16 08:50:57 | TEMPLOG : WellhouseOne | 074.300
2016-12-16 08:51:57 | TEMPLOG : WellhouseOne | 066.200
2016-12-16 08:52:59 | TEMPLOG : WellhouseOne | 059.000
2016-12-16 08:53:00 | TEMPLOG : Table    One | 032.900
2016-12-16 08:54:00 | TEMPLOG : WellhouseOne | 053.600
2016-12-16 08:55:01 | TEMPLOG : WellhouseOne | 050.000
2016-12-16 08:56:02 | TEMPLOG : WellhouseOne | 049.100
2016-12-16 08:57:03 | TEMPLOG : WellhouseOne | 046.400
2016-12-16 08:58:04 | TEMPLOG : WellhouseOne | 044.600
2016-12-16 09:00:05 | TEMPLOG : WellhouseOne | 043.700
2016-12-16 09:00:06 | TEMPLOG : To   GeoLoop | 041.000
2016-12-16 09:00:06 | TEMPLOG : Table    One | 032.900
2016-12-16 09:02:07 | TEMPLOG : WellhouseOne | 042.800
2016-12-16 09:02:08 | TEMPLOG : Table    One | 033.800
2016-12-16 09:04:08 | TEMPLOG : WellhouseOne | 041.900
2016-12-16 09:05:09 | TEMPLOG : WellhouseOne | 041.000
2016-12-16 09:06:10 | TEMPLOG : WellhouseOne | 040.100
2016-12-16 09:08:13 | TEMPLOG : WellhouseOne | 039.200
2016-12-16 09:10:15 | TEMPLOG : WellhouseOne | 038.300
2016-12-16 09:11:16 | TEMPLOG : WellhouseOne | 099.500
2016-12-16 09:11:16 | TEMPLOG : Table    One | 034.700
2016-12-16 09:12:17 | TEMPLOG : WellhouseOne | 120.200
2016-12-16 09:12:17 | TEMPLOG : To   GeoLoop | 041.900
2016-12-16 09:12:17 | TEMPLOG : Table    One | 035.600
2016-12-16 09:13:17 | TEMPLOG : WellhouseOne | 128.300
2016-12-16 09:13:18 | TEMPLOG : Table    One | 036.500
2016-12-16 09:14:18 | TEMPLOG : WellhouseOne | 135.500
2016-12-16 09:14:18 | TEMPLOG : To   GeoLoop | 042.800
2016-12-16 09:14:18 | TEMPLOG : Table    One | 037.400
2016-12-16 09:15:19 | TEMPLOG : WellhouseOne | 127.400
2016-12-16 09:16:19 | TEMPLOG : WellhouseOne | 085.100
2016-12-16 09:16:20 | TEMPLOG : To   GeoLoop | 043.700
2016-12-16 09:16:20 | TEMPLOG : Table    One | 039.200
2016-12-16 09:17:20 | TEMPLOG : WellhouseOne | 072.500
2016-12-16 09:18:21 | TEMPLOG : WellhouseOne | 063.500
2016-12-16 09:18:22 | TEMPLOG : Table    One | 040.100
2016-12-16 09:19:22 | TEMPLOG : WellhouseOne | 058.100
2016-12-16 09:20:24 | TEMPLOG : WellhouseOne | 053.600
2016-12-16 09:21:25 | TEMPLOG : WellhouseOne | 050.900
2016-12-16 09:22:25 | TEMPLOG : WellhouseOne | 048.200
2016-12-16 09:22:26 | TEMPLOG : To   GeoLoop | 042.800
2016-12-16 09:23:27 | TEMPLOG : WellhouseOne | 047.300
2016-12-16 09:23:27 | TEMPLOG : Table    One | 039.200
2016-12-16 09:24:28 | TEMPLOG : WellhouseOne | 046.400
2016-12-16 09:25:29 | TEMPLOG : WellhouseOne | 045.500
2016-12-16 09:26:30 | TEMPLOG : WellhouseOne | 044.600
2016-12-16 09:27:30 | TEMPLOG : WellhouseOne | 042.800
2016-12-16 09:27:31 | TEMPLOG : To   GeoLoop | 043.700
2016-12-16 09:27:31 | TEMPLOG : Table    One | 040.100
2016-12-16 09:29:32 | TEMPLOG : WellhouseOne | 041.900
2016-12-16 09:30:33 | TEMPLOG : WellhouseOne | 041.000
2016-12-16 09:32:35 | TEMPLOG : WellhouseOne | 041.900
2016-12-16 09:32:36 | TEMPLOG : Table    One | 041.000
2016-12-16 09:33:37 | TEMPLOG : WellhouseOne | 041.000
2016-12-16 09:34:38 | TEMPLOG : Table    One | 041.900
2016-12-16 09:37:41 | TEMPLOG : WellhouseOne | 103.100
2016-12-16 09:37:41 | TEMPLOG : To   GeoLoop | 044.600
2016-12-16 09:37:41 | TEMPLOG : Table    One | 042.800
2016-12-16 09:38:42 | TEMPLOG : WellhouseOne | 122.000
2016-12-16 09:39:43 | TEMPLOG : WellhouseOne | 131.900
2016-12-16 09:40:44 | TEMPLOG : WellhouseOne | 136.400
2016-12-16 09:41:44 | TEMPLOG : WellhouseOne | 102.200
2016-12-16 09:42:45 | TEMPLOG : WellhouseOne | 083.300
2016-12-16 09:43:46 | TEMPLOG : WellhouseOne | 072.500
2016-12-16 09:44:47 | TEMPLOG : WellhouseOne | 064.400
2016-12-16 09:44:48 | TEMPLOG : Table    One | 043.700
2016-12-16 09:45:48 | TEMPLOG : WellhouseOne | 059.900
2016-12-16 09:46:49 | TEMPLOG : WellhouseOne | 054.500
2016-12-16 09:47:50 | TEMPLOG : WellhouseOne | 051.800
2016-12-16 09:48:51 | TEMPLOG : WellhouseOne | 049.100
2016-12-16 09:48:52 | TEMPLOG : Table    One | 044.600
2016-12-16 09:49:53 | TEMPLOG : WellhouseOne | 048.200
2016-12-16 09:50:54 | TEMPLOG : WellhouseOne | 047.300
2016-12-16 09:50:54 | TEMPLOG : Table    One | 045.500
2016-12-16 09:51:54 | TEMPLOG : WellhouseOne | 045.500
2016-12-16 09:52:55 | TEMPLOG : WellhouseOne | 044.600
2016-12-16 09:52:55 | TEMPLOG : Table    One | 044.600
2016-12-16 09:53:56 | TEMPLOG : WellhouseOne | 043.700
2016-12-16 09:53:56 | TEMPLOG : To   GeoLoop | 043.700
2016-12-16 09:54:56 | TEMPLOG : WellhouseOne | 042.800
2016-12-16 09:54:57 | TEMPLOG : Table    One | 043.700
2016-12-16 09:55:57 | TEMPLOG : Table    One | 044.600
2016-12-16 09:56:58 | TEMPLOG : To   GeoLoop | 044.600
2016-12-16 09:56:58 | TEMPLOG : Table    One | 046.400
2016-12-16 09:57:59 | TEMPLOG : WellhouseOne | 041.900
2016-12-16 09:59:00 | TEMPLOG : Table    One | 045.500
2016-12-16 10:00:00 | TEMPLOG : WellhouseOne | 041.000
2016-12-16 10:00:01 | TEMPLOG : To   GeoLoop | 044.600
2016-12-16 10:00:01 | TEMPLOG : Table    One | 044.600
2016-12-16 10:01:01 | TEMPLOG : To   GeoLoop | 043.700
2016-12-16 10:01:02 | TEMPLOG : Table    One | 043.700
2016-12-16 10:02:02 | TEMPLOG : WellhouseOne | 040.100
2016-12-16 10:03:03 | TEMPLOG : WellhouseOne | 050.900
2016-12-16 10:03:04 | TEMPLOG : Table    One | 044.600
2016-12-16 10:04:04 | TEMPLOG : WellhouseOne | 105.800
2016-12-16 10:05:06 | TEMPLOG : WellhouseOne | 121.100
2016-12-16 10:05:07 | TEMPLOG : Table    One | 043.700
2016-12-16 10:06:07 | TEMPLOG : WellhouseOne | 127.400
2016-12-16 10:06:07 | TEMPLOG : Table    One | 042.800
2016-12-16 10:07:08 | TEMPLOG : WellhouseOne | 133.700
2016-12-16 10:08:09 | TEMPLOG : WellhouseOne | 103.100
2016-12-16 10:09:11 | TEMPLOG : WellhouseOne | 079.700
2016-12-16 10:09:11 | TEMPLOG : Table    One | 043.700
2016-12-16 10:10:12 | TEMPLOG : WellhouseOne | 068.000
2016-12-16 10:10:13 | TEMPLOG : Table    One | 044.600
2016-12-16 10:11:13 | TEMPLOG : WellhouseOne | 062.600
2016-12-16 10:11:13 | TEMPLOG : Table    One | 045.500
2016-12-16 10:12:14 | TEMPLOG : WellhouseOne | 057.200
2016-12-16 10:12:14 | TEMPLOG : Table    One | 044.600
2016-12-16 10:13:14 | TEMPLOG : WellhouseOne | 053.600
2016-12-16 10:14:15 | TEMPLOG : WellhouseOne | 050.900
2016-12-16 10:14:15 | TEMPLOG : Table    One | 045.500
2016-12-16 10:15:16 | TEMPLOG : WellhouseOne | 049.100
2016-12-16 10:15:16 | TEMPLOG : To   GeoLoop | 044.600
2016-12-16 10:15:16 | TEMPLOG : Table    One | 048.200
2016-12-16 10:16:16 | TEMPLOG : WellhouseOne | 047.300
2016-12-16 10:16:17 | TEMPLOG : To   GeoLoop | 045.500
2016-12-16 10:16:17 | TEMPLOG : Table    One | 051.800
2016-12-16 10:17:18 | TEMPLOG : WellhouseOne | 046.400
2016-12-16 10:17:18 | TEMPLOG : Table    One | 053.600
2016-12-16 10:18:18 | TEMPLOG : To   GeoLoop | 046.400
2016-12-16 10:18:19 | TEMPLOG : Table    One | 055.400
2016-12-16 10:19:19 | TEMPLOG : WellhouseOne | 044.600
2016-12-16 10:19:20 | TEMPLOG : Table    One | 056.300
2016-12-16 10:20:20 | TEMPLOG : Table    One | 057.200
2016-12-16 10:22:22 | TEMPLOG : WellhouseOne | 043.700
2016-12-16 10:22:22 | TEMPLOG : Table    One | 056.300
2016-12-16 10:23:23 | TEMPLOG : Table    One | 053.600
2016-12-16 10:24:23 | TEMPLOG : WellhouseOne | 042.800
2016-12-16 10:24:23 | TEMPLOG : To   GeoLoop | 045.500
2016-12-16 10:24:23 | TEMPLOG : Table    One | 050.900
2016-12-16 10:25:23 | TEMPLOG : WellhouseOne | 041.900
2016-12-16 10:25:24 | TEMPLOG : Table    One | 050.000
2016-12-16 10:26:24 | TEMPLOG : WellhouseOne | 041.000
2016-12-16 10:26:25 | TEMPLOG : Table    One | 052.700
2016-12-16 10:27:27 | TEMPLOG : Table    One | 050.900
2016-12-16 10:28:29 | TEMPLOG : Table    One | 049.100
2016-12-16 10:29:29 | TEMPLOG : To   GeoLoop | 044.600
2016-12-16 10:29:29 | TEMPLOG : Table    One | 048.200
2016-12-16 10:30:30 | TEMPLOG : WellhouseOne | 040.100
2016-12-16 10:30:31 | TEMPLOG : Table    One | 046.400
2016-12-16 10:31:31 | TEMPLOG : WellhouseOne | 103.100
2016-12-16 10:31:31 | TEMPLOG : Table    One | 045.500
2016-12-16 10:32:31 | TEMPLOG : WellhouseOne | 120.200
2016-12-16 10:32:33 | TEMPLOG : Table    One | 044.600
2016-12-16 10:33:33 | TEMPLOG : WellhouseOne | 129.200
2016-12-16 10:34:34 | TEMPLOG : WellhouseOne | 135.500
2016-12-16 10:35:35 | TEMPLOG : WellhouseOne | 094.100
2016-12-16 10:35:35 | TEMPLOG : Table    One | 050.900
2016-12-16 10:36:36 | TEMPLOG : WellhouseOne | 079.700
2016-12-16 10:36:36 | TEMPLOG : To   GeoLoop | 045.500
2016-12-16 10:36:37 | TEMPLOG : Table    One | 051.800
2016-12-16 10:37:37 | TEMPLOG : WellhouseOne | 067.100
2016-12-16 10:37:38 | TEMPLOG : Table    One | 053.600
2016-12-16 10:38:38 | TEMPLOG : WellhouseOne | 059.900
2016-12-16 10:38:38 | TEMPLOG : To   GeoLoop | 046.400
2016-12-16 10:38:39 | TEMPLOG : Table    One | 058.100
2016-12-16 10:39:39 | TEMPLOG : WellhouseOne | 056.300
2016-12-16 10:39:40 | TEMPLOG : Table    One | 060.800
2016-12-16 10:40:40 | TEMPLOG : WellhouseOne | 052.700
2016-12-16 10:40:40 | TEMPLOG : Table    One | 058.100
2016-12-16 10:41:40 | TEMPLOG : WellhouseOne | 050.000
2016-12-16 10:41:41 | TEMPLOG : To   GeoLoop | 045.500
2016-12-16 10:41:41 | TEMPLOG : Table    One | 053.600
2016-12-16 10:42:41 | TEMPLOG : WellhouseOne | 048.200
2016-12-16 10:42:42 | TEMPLOG : Table    One | 051.800
2016-12-16 10:43:42 | TEMPLOG : WellhouseOne | 047.300
2016-12-16 10:43:42 | TEMPLOG : Table    One | 050.900
2016-12-16 10:44:43 | TEMPLOG : WellhouseOne | 046.400
2016-12-16 10:44:43 | TEMPLOG : Table    One | 052.700
2016-12-16 10:45:43 | TEMPLOG : WellhouseOne | 045.500
2016-12-16 10:45:44 | TEMPLOG : Table    One | 058.100
2016-12-16 10:46:44 | TEMPLOG : WellhouseOne | 044.600
2016-12-16 10:46:44 | TEMPLOG : To   GeoLoop | 046.400
2016-12-16 10:46:44 | TEMPLOG : Table    One | 059.900
2016-12-16 10:47:45 | TEMPLOG : Table    One | 056.300
2016-12-16 10:48:45 | TEMPLOG : WellhouseOne | 043.700
2016-12-16 10:48:45 | TEMPLOG : Table    One | 055.400
2016-12-16 10:49:46 | TEMPLOG : WellhouseOne | 042.800
2016-12-16 10:49:46 | TEMPLOG : Table    One | 057.200
2016-12-16 10:50:47 | TEMPLOG : Table    One | 055.400
2016-12-16 10:51:48 | TEMPLOG : Table    One | 059.000
2016-12-16 10:52:48 | TEMPLOG : WellhouseOne | 041.900
2016-12-16 10:52:49 | TEMPLOG : Table    One | 059.900
2016-12-16 10:53:49 | TEMPLOG : To   GeoLoop | 045.500
2016-12-16 10:53:50 | TEMPLOG : Table    One | 055.400
2016-12-16 10:54:51 | TEMPLOG : Table    One | 051.800
2016-12-16 10:55:51 | TEMPLOG : WellhouseOne | 041.000
2016-12-16 10:55:52 | TEMPLOG : Table    One | 050.000
2016-12-16 10:56:53 | TEMPLOG : To   GeoLoop | 044.600
2016-12-16 10:56:53 | TEMPLOG : Table    One | 048.200
2016-12-16 10:57:54 | TEMPLOG : WellhouseOne | 053.600
2016-12-16 10:57:54 | TEMPLOG : Table    One | 049.100
2016-12-16 10:58:54 | TEMPLOG : WellhouseOne | 105.800
2016-12-16 10:58:55 | TEMPLOG : Table    One | 051.800
2016-12-16 10:59:55 | TEMPLOG : WellhouseOne | 122.000
2016-12-16 10:59:55 | TEMPLOG : To   GeoLoop | 045.500
2016-12-16 10:59:56 | TEMPLOG : Table    One | 056.300
2016-12-16 11:00:56 | TEMPLOG : WellhouseOne | 130.100
2016-12-16 11:00:56 | TEMPLOG : To   GeoLoop | 045.500
2016-12-16 11:00:56 | TEMPLOG : Table    One | 059.000
2016-12-16 11:01:57 | TEMPLOG : To   GeoLoop | 046.400
2016-12-16 11:02:58 | TEMPLOG : WellhouseOne | 094.100
2016-12-16 11:02:59 | TEMPLOG : Table    One | 058.100
2016-12-16 11:03:59 | TEMPLOG : WellhouseOne | 079.700
2016-12-16 11:03:59 | TEMPLOG : Table    One | 059.000
2016-12-16 11:05:00 | TEMPLOG : WellhouseOne | 068.900
2016-12-16 11:05:00 | TEMPLOG : Table    One | 056.300
2016-12-16 11:06:01 | TEMPLOG : WellhouseOne | 062.600
2016-12-16 11:06:01 | TEMPLOG : To   GeoLoop | 045.500
2016-12-16 11:06:01 | TEMPLOG : Table    One | 053.600
2016-12-16 11:07:02 | TEMPLOG : WellhouseOne | 058.100
2016-12-16 11:07:02 | TEMPLOG : Table    One | 052.700
2016-12-16 11:08:02 | TEMPLOG : WellhouseOne | 054.500
2016-12-16 11:09:03 | TEMPLOG : WellhouseOne | 051.800
2016-12-16 11:10:04 | TEMPLOG : WellhouseOne | 050.000
2016-12-16 11:10:04 | TEMPLOG : Table    One | 055.400
2016-12-16 11:11:05 | TEMPLOG : WellhouseOne | 048.200
2016-12-16 11:11:05 | TEMPLOG : To   GeoLoop | 046.400
2016-12-16 11:11:05 | TEMPLOG : Table    One | 061.700
2016-12-16 11:12:05 | TEMPLOG : WellhouseOne | 046.400
2016-12-16 11:12:06 | TEMPLOG : Table    One | 065.300
2016-12-16 11:13:06 | TEMPLOG : WellhouseOne | 045.500
2016-12-16 11:13:07 | TEMPLOG : Table    One | 066.200
2016-12-16 11:14:08 | TEMPLOG : WellhouseOne | 044.600
2016-12-16 11:14:08 | TEMPLOG : Table    One | 067.100
2016-12-16 11:15:09 | TEMPLOG : WellhouseOne | 043.700
2016-12-16 11:15:09 | TEMPLOG : Table    One | 068.000
2016-12-16 11:16:10 | TEMPLOG : Table    One | 067.100
2016-12-16 11:17:10 | TEMPLOG : WellhouseOne | 042.800
2016-12-16 11:17:10 | TEMPLOG : To   GeoLoop | 047.300
2016-12-16 11:17:11 | TEMPLOG : Table    One | 068.000
2016-12-16 11:19:12 | TEMPLOG : Table    One | 068.900
2016-12-16 11:20:13 | TEMPLOG : WellhouseOne | 041.000
2016-12-16 11:20:13 | TEMPLOG : Table    One | 069.800
2016-12-16 11:21:13 | TEMPLOG : WellhouseOne | 041.900
2016-12-16 11:21:14 | TEMPLOG : Table    One | 070.700
2016-12-16 11:22:14 | TEMPLOG : WellhouseOne | 041.000
2016-12-16 11:23:15 | TEMPLOG : WellhouseOne | 040.100
2016-12-16 11:23:16 | TEMPLOG : Table    One | 071.600
2016-12-16 11:24:16 | TEMPLOG : WellhouseOne | 041.000
2016-12-16 11:25:18 | TEMPLOG : Table    One | 070.700
2016-12-16 11:26:18 | TEMPLOG : WellhouseOne | 081.500
2016-12-16 11:27:19 | TEMPLOG : WellhouseOne | 113.900
2016-12-16 11:27:20 | TEMPLOG : To   GeoLoop | 048.200
2016-12-16 11:28:20 | TEMPLOG : WellhouseOne | 126.500
2016-12-16 11:28:20 | TEMPLOG : Table    One | 069.800
2016-12-16 11:29:20 | TEMPLOG : WellhouseOne | 134.600
2016-12-16 11:30:21 | TEMPLOG : WellhouseOne | 104.900
2016-12-16 11:31:22 | TEMPLOG : WellhouseOne | 083.300
2016-12-16 11:32:23 | TEMPLOG : WellhouseOne | 068.900
2016-12-16 11:32:24 | TEMPLOG : Table    One | 070.700
2016-12-16 11:33:24 | TEMPLOG : WellhouseOne | 062.600
2016-12-16 11:33:25 | TEMPLOG : Table    One | 069.800
2016-12-16 11:34:25 | TEMPLOG : WellhouseOne | 056.300
2016-12-16 11:34:26 | TEMPLOG : Table    One | 068.900
2016-12-16 11:35:26 | TEMPLOG : WellhouseOne | 052.700
2016-12-16 11:35:27 | TEMPLOG : Table    One | 067.100
2016-12-16 11:36:27 | TEMPLOG : WellhouseOne | 050.900
2016-12-16 11:36:28 | TEMPLOG : Table    One | 066.200
2016-12-16 11:37:28 | TEMPLOG : WellhouseOne | 050.000
2016-12-16 11:37:29 | TEMPLOG : Table    One | 064.400
2016-12-16 11:38:29 | TEMPLOG : WellhouseOne | 048.200
2016-12-16 11:38:29 | TEMPLOG : Table    One | 063.500
2016-12-16 11:39:30 | TEMPLOG : WellhouseOne | 047.300
2016-12-16 11:39:30 | TEMPLOG : To   GeoLoop | 047.300
2016-12-16 11:39:31 | TEMPLOG : Table    One | 062.600
2016-12-16 11:40:31 | TEMPLOG : WellhouseOne | 046.400
2016-12-16 11:40:31 | TEMPLOG : Table    One | 061.700
2016-12-16 11:41:32 | TEMPLOG : Table    One | 062.600
2016-12-16 11:42:32 | TEMPLOG : WellhouseOne | 045.500
2016-12-16 11:43:32 | TEMPLOG : WellhouseOne | 044.600
2016-12-16 11:44:33 | TEMPLOG : Table    One | 064.400
2016-12-16 11:45:34 | TEMPLOG : WellhouseOne | 043.700
2016-12-16 11:45:34 | TEMPLOG : To   GeoLoop | 048.200
2016-12-16 11:45:34 | TEMPLOG : Table    One | 065.300
2016-12-16 11:46:36 | TEMPLOG : Table    One | 066.200
2016-12-16 11:47:36 | TEMPLOG : WellhouseOne | 042.800
2016-12-16 11:47:37 | TEMPLOG : Table    One | 067.100
2016-12-16 11:48:39 | TEMPLOG : Table    One | 068.000
2016-12-16 11:50:39 | TEMPLOG : WellhouseOne | 041.900
2016-12-16 11:51:41 | TEMPLOG : Table    One | 067.100
2016-12-16 11:52:41 | TEMPLOG : WellhouseOne | 041.000
2016-12-16 11:52:41 | TEMPLOG : Table    One | 066.200
2016-12-16 11:53:42 | TEMPLOG : WellhouseOne | 088.700
2016-12-16 11:53:43 | TEMPLOG : Table    One | 064.400
2016-12-16 11:54:43 | TEMPLOG : WellhouseOne | 114.800
2016-12-16 11:55:44 | TEMPLOG : WellhouseOne | 127.400
2016-12-16 11:55:45 | TEMPLOG : Table    One | 063.500
2016-12-16 11:56:45 | TEMPLOG : WellhouseOne | 133.700
2016-12-16 11:57:46 | TEMPLOG : WellhouseOne | 102.200
2016-12-16 11:57:47 | TEMPLOG : Table    One | 062.600
2016-12-16 11:58:47 | TEMPLOG : WellhouseOne | 080.600
2016-12-16 11:58:48 | TEMPLOG : Table    One | 061.700
2016-12-16 11:59:49 | TEMPLOG : WellhouseOne | 069.800
2016-12-16 11:59:50 | TEMPLOG : Table    One | 060.800
2016-12-16 12:00:50 | TEMPLOG : WellhouseOne | 061.700
2016-12-16 12:00:50 | TEMPLOG : To   GeoLoop | 048.200
2016-12-16 12:00:51 | TEMPLOG : Table    One | 059.900
2016-12-16 12:01:51 | TEMPLOG : WellhouseOne | 057.200
2016-12-16 12:01:52 | TEMPLOG : Table    One | 058.100
2016-12-16 12:02:52 | TEMPLOG : WellhouseOne | 054.500
2016-12-16 12:02:52 | TEMPLOG : To   GeoLoop | 047.300
2016-12-16 12:02:53 | TEMPLOG : Table    One | 056.300
2016-12-16 12:03:53 | TEMPLOG : WellhouseOne | 051.800
2016-12-16 12:03:54 | TEMPLOG : Table    One | 054.500
2016-12-16 12:04:54 | TEMPLOG : WellhouseOne | 050.900
2016-12-16 12:04:54 | TEMPLOG : Table    One | 053.600
2016-12-16 12:05:55 | TEMPLOG : WellhouseOne | 048.200
2016-12-16 12:05:56 | TEMPLOG : Table    One | 052.700
2016-12-16 12:06:56 | TEMPLOG : WellhouseOne | 047.300
2016-12-16 12:06:56 | TEMPLOG : To   GeoLoop | 046.400
2016-12-16 12:06:56 | TEMPLOG : Table    One | 051.800
2016-12-16 12:07:57 | TEMPLOG : WellhouseOne | 046.400
2016-12-16 12:08:57 | TEMPLOG : To   GeoLoop | 047.300
2016-12-16 12:08:58 | TEMPLOG : Table    One | 053.600
2016-12-16 12:09:58 | TEMPLOG : WellhouseOne | 045.500
2016-12-16 12:09:59 | TEMPLOG : Table    One | 055.400
2016-12-16 12:10:59 | TEMPLOG : WellhouseOne | 044.600
2016-12-16 12:11:00 | TEMPLOG : Table    One | 057.200
2016-12-16 12:13:01 | TEMPLOG : WellhouseOne | 043.700
2016-12-16 12:13:01 | TEMPLOG : Table    One | 058.100
2016-12-16 12:14:02 | TEMPLOG : Table    One | 060.800
2016-12-16 12:15:02 | TEMPLOG : WellhouseOne | 042.800
2016-12-16 12:15:03 | TEMPLOG : Table    One | 065.300
2016-12-16 12:16:04 | TEMPLOG : Table    One | 066.200
2016-12-16 12:17:05 | TEMPLOG : WellhouseOne | 041.900
2016-12-16 12:17:06 | TEMPLOG : Table    One | 067.100
2016-12-16 12:18:06 | TEMPLOG : WellhouseOne | 042.800
2016-12-16 12:18:06 | TEMPLOG : Table    One | 068.000
2016-12-16 12:19:06 | TEMPLOG : WellhouseOne | 041.900
2016-12-16 12:19:07 | TEMPLOG : To   GeoLoop | 048.200
2016-12-16 12:19:07 | TEMPLOG : Table    One | 069.800
2016-12-16 12:20:08 | TEMPLOG : Table    One | 070.700
2016-12-16 12:21:09 | TEMPLOG : WellhouseOne | 070.700
2016-12-16 12:21:10 | TEMPLOG : Table    One | 071.600
2016-12-16 12:22:10 | TEMPLOG : WellhouseOne | 112.100
2016-12-16 12:22:11 | TEMPLOG : Table    One | 072.500
2016-12-16 12:23:11 | TEMPLOG : WellhouseOne | 124.700
2016-12-16 12:24:12 | TEMPLOG : WellhouseOne | 131.900
2016-12-16 12:24:12 | TEMPLOG : To   GeoLoop | 049.100
2016-12-16 12:25:13 | TEMPLOG : WellhouseOne | 105.800
2016-12-16 12:25:13 | TEMPLOG : To   GeoLoop | 048.200
2016-12-16 12:25:14 | TEMPLOG : Table    One | 068.900
2016-12-16 12:26:14 | TEMPLOG : WellhouseOne | 082.400
2016-12-16 12:26:15 | TEMPLOG : Table    One | 068.000
2016-12-16 12:27:15 | TEMPLOG : WellhouseOne | 070.700
2016-12-16 12:27:16 | TEMPLOG : Table    One | 068.900
2016-12-16 12:28:16 | TEMPLOG : WellhouseOne | 061.700
2016-12-16 12:29:17 | TEMPLOG : WellhouseOne | 057.200
2016-12-16 12:29:18 | TEMPLOG : Table    One | 068.000
2016-12-16 12:30:18 | TEMPLOG : WellhouseOne | 053.600
2016-12-16 12:30:18 | TEMPLOG : Table    One | 064.400
2016-12-16 12:31:19 | TEMPLOG : WellhouseOne | 051.800
2016-12-16 12:31:19 | TEMPLOG : Table    One | 062.600
2016-12-16 12:32:21 | TEMPLOG : WellhouseOne | 050.900
2016-12-16 12:32:21 | TEMPLOG : Table    One | 063.500
2016-12-16 12:33:21 | TEMPLOG : WellhouseOne | 050.000
2016-12-16 12:34:22 | TEMPLOG : WellhouseOne | 049.100
2016-12-16 12:34:23 | TEMPLOG : Table    One | 066.200
2016-12-16 12:35:23 | TEMPLOG : WellhouseOne | 047.300
2016-12-16 12:35:23 | TEMPLOG : To   GeoLoop | 049.100
2016-12-16 12:35:24 | TEMPLOG : Table    One | 067.100
2016-12-16 12:36:24 | TEMPLOG : WellhouseOne | 046.400
2016-12-16 12:36:24 | TEMPLOG : Table    One | 064.400
2016-12-16 12:37:24 | TEMPLOG : WellhouseOne | 045.500
2016-12-16 12:37:25 | TEMPLOG : To   GeoLoop | 048.200
2016-12-16 12:37:26 | TEMPLOG : Table    One | 060.800
2016-12-16 12:38:26 | TEMPLOG : WellhouseOne | 044.600
2016-12-16 12:38:28 | TEMPLOG : Table    One | 057.200
2016-12-16 12:39:28 | TEMPLOG : WellhouseOne | 045.500
2016-12-16 12:39:28 | TEMPLOG : To   GeoLoop | 047.300
2016-12-16 12:39:28 | TEMPLOG : Table    One | 054.500
2016-12-16 12:40:28 | TEMPLOG : WellhouseOne | 043.700
2016-12-16 12:40:29 | TEMPLOG : Table    One | 053.600
2016-12-16 12:41:30 | TEMPLOG : WellhouseOne | 044.600
2016-12-16 12:41:31 | TEMPLOG : Table    One | 057.200
2016-12-16 12:42:31 | TEMPLOG : WellhouseOne | 043.700
2016-12-16 12:42:31 | TEMPLOG : To   GeoLoop | 048.200
2016-12-16 12:42:32 | TEMPLOG : Table    One | 062.600
2016-12-16 12:43:32 | TEMPLOG : WellhouseOne | 042.800
2016-12-16 12:43:32 | TEMPLOG : To   GeoLoop | 049.100
2016-12-16 12:43:32 | TEMPLOG : Table    One | 064.400
2016-12-16 12:44:33 | TEMPLOG : Table    One | 061.700
2016-12-16 12:45:33 | TEMPLOG : To   GeoLoop | 048.200
2016-12-16 12:45:33 | TEMPLOG : Table    One | 059.000
2016-12-16 12:46:34 | TEMPLOG : WellhouseOne | 041.900
2016-12-16 12:46:35 | TEMPLOG : Table    One | 056.300
2016-12-16 12:47:35 | TEMPLOG : To   GeoLoop | 047.300
2016-12-16 12:47:35 | TEMPLOG : Table    One | 053.600
2016-12-16 12:48:36 | TEMPLOG : WellhouseOne | 082.400
2016-12-16 12:49:37 | TEMPLOG : WellhouseOne | 114.800
2016-12-16 12:49:37 | TEMPLOG : Table    One | 056.300
2016-12-16 12:50:38 | TEMPLOG : WellhouseOne | 125.600
2016-12-16 12:50:38 | TEMPLOG : To   GeoLoop | 048.200
2016-12-16 12:50:39 | TEMPLOG : Table    One | 063.500
2016-12-16 12:51:39 | TEMPLOG : WellhouseOne | 133.700
2016-12-16 12:51:39 | TEMPLOG : To   GeoLoop | 049.100
2016-12-16 12:51:39 | TEMPLOG : Table    One | 067.100
2016-12-16 12:52:40 | TEMPLOG : WellhouseOne | 096.800
2016-12-16 12:52:40 | TEMPLOG : To   GeoLoop | 050.000
2016-12-16 12:52:40 | TEMPLOG : Table    One | 070.700
2016-12-16 12:53:40 | TEMPLOG : WellhouseOne | 083.300
2016-12-16 12:53:41 | TEMPLOG : Table    One | 071.600
2016-12-16 12:54:41 | TEMPLOG : WellhouseOne | 071.600
2016-12-16 12:54:42 | TEMPLOG : To   GeoLoop | 050.900
2016-12-16 12:54:42 | TEMPLOG : Table    One | 068.000
2016-12-16 12:55:42 | TEMPLOG : WellhouseOne | 062.600
2016-12-16 12:55:42 | TEMPLOG : To   GeoLoop | 050.000
2016-12-16 12:56:43 | TEMPLOG : WellhouseOne | 059.000
2016-12-16 12:57:44 | TEMPLOG : WellhouseOne | 056.300
2016-12-16 12:57:44 | TEMPLOG : To   GeoLoop | 050.900
2016-12-16 12:57:44 | TEMPLOG : Table    One | 069.800
2016-12-16 12:58:44 | TEMPLOG : WellhouseOne | 053.600
2016-12-16 12:58:45 | TEMPLOG : Table    One | 070.700
2016-12-16 12:59:45 | TEMPLOG : WellhouseOne | 051.800
2016-12-16 12:59:46 | TEMPLOG : Table    One | 069.800
2016-12-16 13:00:46 | TEMPLOG : WellhouseOne | 050.000
2016-12-16 13:00:46 | TEMPLOG : To   GeoLoop | 050.900
2016-12-16 13:00:46 | TEMPLOG : Table    One | 069.800
2016-12-16 13:01:47 | TEMPLOG : WellhouseOne | 048.200
2016-12-16 13:01:48 | TEMPLOG : Table    One | 068.900
2016-12-16 13:02:48 | TEMPLOG : WellhouseOne | 047.300
2016-12-16 13:03:49 | TEMPLOG : WellhouseOne | 046.400
2016-12-16 13:04:50 | TEMPLOG : WellhouseOne | 045.500
2016-12-16 13:05:51 | TEMPLOG : Table    One | 068.000
2016-12-16 13:07:52 | TEMPLOG : WellhouseOne | 044.600
2016-12-16 13:07:53 | TEMPLOG : Table    One | 069.800
2016-12-16 13:08:54 | TEMPLOG : To   GeoLoop | 051.800
2016-12-16 13:08:54 | TEMPLOG : Table    One | 072.500
2016-12-16 13:09:54 | TEMPLOG : WellhouseOne | 043.700
2016-12-16 13:09:55 | TEMPLOG : Table    One | 073.400
2016-12-16 13:10:55 | TEMPLOG : To   GeoLoop | 052.700
2016-12-16 13:10:55 | TEMPLOG : Table    One | 074.300
2016-12-16 13:11:57 | TEMPLOG : Table    One | 076.100
2016-12-16 13:12:58 | TEMPLOG : Table    One | 077.000
2016-12-16 13:13:59 | TEMPLOG : To   GeoLoop | 053.600
2016-12-16 13:13:59 | TEMPLOG : Table    One | 077.900
2016-12-16 13:14:59 | TEMPLOG : To   GeoLoop | 052.700
2016-12-16 13:15:59 | TEMPLOG : WellhouseOne | 067.100
2016-12-16 13:16:00 | TEMPLOG : Table    One | 078.800
2016-12-16 13:17:01 | TEMPLOG : WellhouseOne | 110.300
2016-12-16 13:17:01 | TEMPLOG : To   GeoLoop | 053.600
2016-12-16 13:18:01 | TEMPLOG : WellhouseOne | 125.600
2016-12-16 13:18:02 | TEMPLOG : Table    One | 079.700
2016-12-16 13:19:02 | TEMPLOG : WellhouseOne | 131.000
2016-12-16 13:20:03 | TEMPLOG : WellhouseOne | 090.500
2016-12-16 13:21:03 | TEMPLOG : WellhouseOne | 077.000
2016-12-16 13:21:04 | TEMPLOG : To   GeoLoop | 052.700
2016-12-16 13:21:04 | TEMPLOG : Table    One | 077.900
2016-12-16 13:22:05 | TEMPLOG : WellhouseOne | 069.800
2016-12-16 13:22:05 | TEMPLOG : Table    One | 078.800
2016-12-16 13:23:05 | TEMPLOG : WellhouseOne | 063.500
2016-12-16 13:23:06 | TEMPLOG : To   GeoLoop | 053.600
2016-12-16 13:24:06 | TEMPLOG : WellhouseOne | 058.100
2016-12-16 13:24:07 | TEMPLOG : Table    One | 077.900
2016-12-16 13:25:07 | TEMPLOG : WellhouseOne | 055.400
2016-12-16 13:25:07 | TEMPLOG : To   GeoLoop | 052.700
2016-12-16 13:25:07 | TEMPLOG : Table    One | 076.100
2016-12-16 13:26:08 | TEMPLOG : WellhouseOne | 052.700
2016-12-16 13:26:09 | TEMPLOG : Table    One | 075.200
2016-12-16 13:27:09 | TEMPLOG : WellhouseOne | 050.900
2016-12-16 13:27:10 | TEMPLOG : Table    One | 076.100
2016-12-16 13:28:10 | TEMPLOG : WellhouseOne | 049.100
2016-12-16 13:28:10 | TEMPLOG : To   GeoLoop | 053.600
2016-12-16 13:28:11 | TEMPLOG : Table    One | 077.900
2016-12-16 13:29:12 | TEMPLOG : WellhouseOne | 048.200
2016-12-16 13:29:12 | TEMPLOG : Table    One | 078.800
2016-12-16 13:31:13 | TEMPLOG : WellhouseOne | 047.300
2016-12-16 13:34:16 | TEMPLOG : WellhouseOne | 046.400
2016-12-16 13:34:16 | TEMPLOG : Table    One | 079.700
2016-12-16 13:36:18 | TEMPLOG : WellhouseOne | 045.500
2016-12-16 13:36:19 | TEMPLOG : Table    One | 080.600
2016-12-16 13:38:21 | TEMPLOG : WellhouseOne | 044.600
2016-12-16 13:42:26 | TEMPLOG : Table    One | 078.800
2016-12-16 13:43:26 | TEMPLOG : WellhouseOne | 078.800
2016-12-16 13:43:27 | TEMPLOG : Table    One | 079.700
2016-12-16 13:44:27 | TEMPLOG : WellhouseOne | 114.800
2016-12-16 13:44:28 | TEMPLOG : Table    One | 080.600
2016-12-16 13:45:28 | TEMPLOG : WellhouseOne | 127.400
2016-12-16 13:45:29 | TEMPLOG : Table    One | 081.500
2016-12-16 13:46:29 | TEMPLOG : WellhouseOne | 128.300
2016-12-16 13:47:30 | TEMPLOG : WellhouseOne | 090.500
2016-12-16 13:47:30 | TEMPLOG : To   GeoLoop | 054.500
2016-12-16 13:47:31 | TEMPLOG : Table    One | 082.400
2016-12-16 13:48:31 | TEMPLOG : WellhouseOne | 072.500
2016-12-16 13:49:32 | TEMPLOG : WellhouseOne | 064.400
2016-12-16 13:49:32 | TEMPLOG : To   GeoLoop | 053.600
2016-12-16 13:49:33 | TEMPLOG : Table    One | 076.100
2016-12-16 13:50:33 | TEMPLOG : WellhouseOne | 059.000
2016-12-16 13:50:34 | TEMPLOG : Table    One | 072.500
2016-12-16 13:51:34 | TEMPLOG : WellhouseOne | 057.200
2016-12-16 13:51:34 | TEMPLOG : To   GeoLoop | 052.700
2016-12-16 13:51:34 | TEMPLOG : Table    One | 068.000
2016-12-16 13:52:35 | TEMPLOG : WellhouseOne | 055.400
2016-12-16 13:52:35 | TEMPLOG : To   GeoLoop | 051.800
2016-12-16 13:52:35 | TEMPLOG : Table    One | 065.300
2016-12-16 13:53:36 | TEMPLOG : WellhouseOne | 053.600
2016-12-16 13:53:37 | TEMPLOG : Table    One | 063.500
2016-12-16 13:54:37 | TEMPLOG : WellhouseOne | 051.800
2016-12-16 13:54:37 | TEMPLOG : To   GeoLoop | 050.900
2016-12-16 13:54:37 | TEMPLOG : Table    One | 064.400
2016-12-16 13:55:38 | TEMPLOG : WellhouseOne | 050.900
2016-12-16 13:55:38 | TEMPLOG : To   GeoLoop | 051.800
2016-12-16 13:55:38 | TEMPLOG : Table    One | 062.600
2016-12-16 13:57:39 | TEMPLOG : WellhouseOne | 050.000
2016-12-16 13:57:40 | TEMPLOG : Table    One | 066.200
2016-12-16 13:58:40 | TEMPLOG : WellhouseOne | 049.100
2016-12-16 13:58:40 | TEMPLOG : To   GeoLoop | 052.700
2016-12-16 13:58:41 | TEMPLOG : Table    One | 071.600
2016-12-16 13:59:42 | TEMPLOG : To   GeoLoop | 053.600
2016-12-16 13:59:42 | TEMPLOG : Table    One | 074.300
2016-12-16 14:00:42 | TEMPLOG : WellhouseOne | 048.200
2016-12-16 14:00:42 | TEMPLOG : To   GeoLoop | 054.500
2016-12-16 14:00:42 | TEMPLOG : Table    One | 077.000
2016-12-16 14:01:43 | TEMPLOG : WellhouseOne | 047.300
2016-12-16 14:01:43 | TEMPLOG : Table    One | 077.900
2016-12-16 14:02:43 | TEMPLOG : WellhouseOne | 048.200
2016-12-16 14:02:44 | TEMPLOG : Table    One | 078.800
2016-12-16 14:03:44 | TEMPLOG : WellhouseOne | 047.300
2016-12-16 14:03:45 | TEMPLOG : Table    One | 079.700
2016-12-16 14:05:46 | TEMPLOG : WellhouseOne | 046.400
2016-12-16 14:07:47 | TEMPLOG : WellhouseOne | 045.500
2016-12-16 14:08:48 | TEMPLOG : WellhouseOne | 044.600
2016-12-16 14:09:48 | TEMPLOG : Table    One | 078.800
2016-12-16 14:10:49 | TEMPLOG : Table    One | 079.700
2016-12-16 14:11:49 | TEMPLOG : WellhouseOne | 081.500
2016-12-16 14:12:50 | TEMPLOG : WellhouseOne | 118.400
2016-12-16 14:12:51 | TEMPLOG : Table    One | 077.000
2016-12-16 14:13:51 | TEMPLOG : WellhouseOne | 129.200
2016-12-16 14:13:51 | TEMPLOG : To   GeoLoop | 053.600
2016-12-16 14:13:51 | TEMPLOG : Table    One | 073.400
2016-12-16 14:14:52 | TEMPLOG : WellhouseOne | 107.600
2016-12-16 14:14:52 | TEMPLOG : Table    One | 071.600
2016-12-16 14:15:53 | TEMPLOG : WellhouseOne | 085.100
2016-12-16 14:15:53 | TEMPLOG : To   GeoLoop | 052.700
2016-12-16 14:15:54 | TEMPLOG : Table    One | 069.800
2016-12-16 14:16:54 | TEMPLOG : WellhouseOne | 069.800
2016-12-16 14:16:55 | TEMPLOG : Table    One | 066.200
2016-12-16 14:17:55 | TEMPLOG : WellhouseOne | 064.400
2016-12-16 14:17:56 | TEMPLOG : To   GeoLoop | 051.800
2016-12-16 14:17:56 | TEMPLOG : Table    One | 063.500
2016-12-16 14:18:56 | TEMPLOG : WellhouseOne | 059.900
2016-12-16 14:18:56 | TEMPLOG : To   GeoLoop | 050.900
2016-12-16 14:18:56 | TEMPLOG : Table    One | 061.700
2016-12-16 14:19:56 | TEMPLOG : WellhouseOne | 057.200
2016-12-16 14:19:57 | TEMPLOG : Table    One | 059.000
2016-12-16 14:20:57 | TEMPLOG : WellhouseOne | 054.500
2016-12-16 14:20:57 | TEMPLOG : To   GeoLoop | 050.000
2016-12-16 14:20:57 | TEMPLOG : Table    One | 058.100
2016-12-16 14:21:58 | TEMPLOG : WellhouseOne | 051.800
2016-12-16 14:21:58 | TEMPLOG : Table    One | 056.300
2016-12-16 14:22:58 | TEMPLOG : WellhouseOne | 050.000
2016-12-16 14:22:59 | TEMPLOG : Table    One | 055.400
2016-12-16 14:23:59 | TEMPLOG : WellhouseOne | 049.100
2016-12-16 14:24:00 | TEMPLOG : Table    One | 054.500
2016-12-16 14:25:01 | TEMPLOG : WellhouseOne | 048.200
2016-12-16 14:25:01 | TEMPLOG : To   GeoLoop | 049.100
2016-12-16 14:25:01 | TEMPLOG : Table    One | 052.700
2016-12-16 14:26:01 | TEMPLOG : WellhouseOne | 047.300
2016-12-16 14:26:02 | TEMPLOG : Table    One | 051.800
2016-12-16 14:27:02 | TEMPLOG : WellhouseOne | 046.400
2016-12-16 14:28:05 | TEMPLOG : Table    One | 050.900
2016-12-16 14:29:05 | TEMPLOG : WellhouseOne | 045.500
2016-12-16 14:30:07 | TEMPLOG : Table    One | 051.800
2016-12-16 14:31:08 | TEMPLOG : To   GeoLoop | 050.000
2016-12-16 14:31:08 | TEMPLOG : Table    One | 059.000
2016-12-16 14:32:09 | TEMPLOG : WellhouseOne | 044.600
2016-12-16 14:32:09 | TEMPLOG : To   GeoLoop | 050.900
2016-12-16 14:32:09 | TEMPLOG : Table    One | 062.600
2016-12-16 14:33:10 | TEMPLOG : To   GeoLoop | 051.800
2016-12-16 14:33:10 | TEMPLOG : Table    One | 065.300
2016-12-16 14:34:11 | TEMPLOG : Table    One | 067.100
2016-12-16 14:35:11 | TEMPLOG : WellhouseOne | 043.700
2016-12-16 14:35:11 | TEMPLOG : To   GeoLoop | 052.700
2016-12-16 14:35:12 | TEMPLOG : Table    One | 068.900
2016-12-16 14:36:13 | TEMPLOG : Table    One | 070.700
2016-12-16 14:37:13 | TEMPLOG : WellhouseOne | 042.800
2016-12-16 14:37:14 | TEMPLOG : Table    One | 071.600
2016-12-16 14:38:15 | TEMPLOG : Table    One | 072.500
2016-12-16 14:39:15 | TEMPLOG : WellhouseOne | 097.700
2016-12-16 14:40:15 | TEMPLOG : WellhouseOne | 120.200
2016-12-16 14:40:17 | TEMPLOG : Table    One | 073.400
2016-12-16 14:41:17 | TEMPLOG : WellhouseOne | 131.900
2016-12-16 14:41:17 | TEMPLOG : To   GeoLoop | 053.600
2016-12-16 14:42:18 | TEMPLOG : WellhouseOne | 101.300
2016-12-16 14:42:18 | TEMPLOG : To   GeoLoop | 052.700
2016-12-16 14:42:18 | TEMPLOG : Table    One | 072.500
2016-12-16 14:43:18 | TEMPLOG : WellhouseOne | 078.800
2016-12-16 14:43:19 | TEMPLOG : To   GeoLoop | 053.600
2016-12-16 14:44:20 | TEMPLOG : WellhouseOne | 068.000
2016-12-16 14:45:21 | TEMPLOG : WellhouseOne | 062.600
2016-12-16 14:45:22 | TEMPLOG : Table    One | 071.600
2016-12-16 14:46:22 | TEMPLOG : WellhouseOne | 058.100
2016-12-16 14:46:23 | TEMPLOG : To   GeoLoop | 052.700
2016-12-16 14:47:23 | TEMPLOG : WellhouseOne | 054.500
2016-12-16 14:48:24 | TEMPLOG : WellhouseOne | 052.700
2016-12-16 14:48:26 | TEMPLOG : Table    One | 070.700
2016-12-16 14:49:26 | TEMPLOG : WellhouseOne | 050.900
2016-12-16 14:50:27 | TEMPLOG : WellhouseOne | 049.100
2016-12-16 14:50:27 | TEMPLOG : Table    One | 069.800
2016-12-16 14:52:30 | TEMPLOG : WellhouseOne | 048.200
2016-12-16 14:52:31 | TEMPLOG : Table    One | 068.900
2016-12-16 14:53:31 | TEMPLOG : WellhouseOne | 047.300
2016-12-16 14:54:32 | TEMPLOG : WellhouseOne | 046.400
2016-12-16 14:55:33 | TEMPLOG : WellhouseOne | 045.500
2016-12-16 14:57:35 | TEMPLOG : To   GeoLoop | 051.800
2016-12-16 14:57:36 | TEMPLOG : Table    One | 068.000
2016-12-16 14:58:36 | TEMPLOG : WellhouseOne | 044.600
2016-12-16 14:58:36 | TEMPLOG : Table    One | 067.100
2016-12-16 14:59:36 | TEMPLOG : WellhouseOne | 043.700
2016-12-16 14:59:37 | TEMPLOG : Table    One | 066.200
2016-12-16 15:00:37 | TEMPLOG : WellhouseOne | 043.700
2016-12-16 15:00:37 | TEMPLOG : To   GeoLoop | 051.800
2016-12-16 15:00:38 | TEMPLOG : Table    One | 066.200
2016-12-16 15:02:39 | TEMPLOG : WellhouseOne | 042.800
2016-12-16 15:02:40 | TEMPLOG : Table    One | 065.300
2016-12-16 15:03:40 | TEMPLOG : WellhouseOne | 041.000
2016-12-16 15:04:41 | TEMPLOG : WellhouseOne | 040.100
2016-12-16 15:04:42 | TEMPLOG : Table    One | 064.400
2016-12-16 15:05:42 | TEMPLOG : WellhouseOne | 041.000
2016-12-16 15:06:42 | TEMPLOG : WellhouseOne | 064.400
2016-12-16 15:07:44 | TEMPLOG : WellhouseOne | 112.100
2016-12-16 15:07:44 | TEMPLOG : Table    One | 063.500
2016-12-16 15:08:45 | TEMPLOG : WellhouseOne | 127.400
2016-12-16 15:08:45 | TEMPLOG : To   GeoLoop | 050.900
2016-12-16 15:08:45 | TEMPLOG : Table    One | 064.400
2016-12-16 15:09:45 | TEMPLOG : WellhouseOne | 107.600
2016-12-16 15:10:46 | TEMPLOG : WellhouseOne | 086.000
2016-12-16 15:11:48 | TEMPLOG : WellhouseOne | 072.500
2016-12-16 15:11:49 | TEMPLOG : Table    One | 065.300
2016-12-16 15:12:50 | TEMPLOG : WellhouseOne | 064.400
2016-12-16 15:13:51 | TEMPLOG : WellhouseOne | 058.100
2016-12-16 15:13:51 | TEMPLOG : Table    One | 064.400
2016-12-16 15:14:51 | TEMPLOG : WellhouseOne | 053.600
2016-12-16 15:15:52 | TEMPLOG : WellhouseOne | 051.800
2016-12-16 15:16:53 | TEMPLOG : WellhouseOne | 050.000
2016-12-16 15:17:54 | TEMPLOG : WellhouseOne | 049.100
2016-12-16 15:18:55 | TEMPLOG : WellhouseOne | 048.200
2016-12-16 15:19:56 | TEMPLOG : WellhouseOne | 046.400
2016-12-16 15:19:58 | TEMPLOG : Table    One | 063.500
2016-12-16 15:20:58 | TEMPLOG : WellhouseOne | 045.500
2016-12-16 15:22:59 | TEMPLOG : WellhouseOne | 046.400
2016-12-16 15:23:00 | TEMPLOG : Table    One | 062.600
2016-12-16 15:25:01 | TEMPLOG : WellhouseOne | 045.500
2016-12-16 15:25:01 | TEMPLOG : Table    One | 061.700
2016-12-16 15:27:02 | TEMPLOG : WellhouseOne | 044.600
2016-12-16 15:28:02 | TEMPLOG : To   GeoLoop | 050.000
2016-12-16 15:28:03 | TEMPLOG : Table    One | 060.800
2016-12-16 15:29:03 | TEMPLOG : WellhouseOne | 043.700
2016-12-16 15:30:04 | TEMPLOG : WellhouseOne | 042.800
2016-12-16 15:32:07 | TEMPLOG : Table    One | 059.900
2016-12-16 15:33:07 | TEMPLOG : WellhouseOne | 041.900
2016-12-16 15:34:07 | TEMPLOG : WellhouseOne | 095.900
2016-12-16 15:35:08 | TEMPLOG : WellhouseOne | 120.200
2016-12-16 15:35:08 | TEMPLOG : Table    One | 059.000
2016-12-16 15:36:08 | TEMPLOG : WellhouseOne | 131.000
2016-12-16 15:37:09 | TEMPLOG : WellhouseOne | 103.100
2016-12-16 15:38:10 | TEMPLOG : WellhouseOne | 084.200
2016-12-16 15:38:11 | TEMPLOG : Table    One | 058.100
2016-12-16 15:39:12 | TEMPLOG : WellhouseOne | 069.800
2016-12-16 15:40:13 | TEMPLOG : WellhouseOne | 062.600
2016-12-16 15:40:14 | TEMPLOG : Table    One | 057.200
2016-12-16 15:41:14 | TEMPLOG : WellhouseOne | 057.200
2016-12-16 15:42:15 | TEMPLOG : WellhouseOne | 053.600
2016-12-16 15:42:15 | TEMPLOG : Table    One | 056.300
2016-12-16 15:43:16 | TEMPLOG : WellhouseOne | 050.900
2016-12-16 15:43:17 | TEMPLOG : Table    One | 055.400
2016-12-16 15:44:18 | TEMPLOG : WellhouseOne | 050.000
2016-12-16 15:45:19 | TEMPLOG : WellhouseOne | 049.100
2016-12-16 15:45:19 | TEMPLOG : To   GeoLoop | 049.100
2016-12-16 15:46:19 | TEMPLOG : WellhouseOne | 047.300
2016-12-16 15:46:20 | TEMPLOG : Table    One | 054.500
2016-12-16 15:47:21 | TEMPLOG : WellhouseOne | 046.400
2016-12-16 15:47:21 | TEMPLOG : Table    One | 053.600
2016-12-16 15:48:22 | TEMPLOG : Table    One | 051.800
2016-12-16 15:49:23 | TEMPLOG : Table    One | 049.100
2016-12-16 15:50:23 | TEMPLOG : To   GeoLoop | 048.200
2016-12-16 15:50:24 | TEMPLOG : Table    One | 047.300
2016-12-16 15:51:24 | TEMPLOG : WellhouseOne | 045.500
2016-12-16 15:51:24 | TEMPLOG : Table    One | 045.500
2016-12-16 15:52:25 | TEMPLOG : Table    One | 044.600
2016-12-16 15:53:25 | TEMPLOG : WellhouseOne | 044.600
2016-12-16 15:53:26 | TEMPLOG : Table    One | 043.700
2016-12-16 15:54:27 | TEMPLOG : Table    One | 042.800
2016-12-16 15:55:27 | TEMPLOG : WellhouseOne | 043.700
2016-12-16 15:55:28 | TEMPLOG : Table    One | 041.900
2016-12-16 15:56:28 | TEMPLOG : WellhouseOne | 042.800
2016-12-16 15:56:28 | TEMPLOG : To   GeoLoop | 047.300
2016-12-16 15:57:30 | TEMPLOG : Table    One | 041.000
2016-12-16 15:59:31 | TEMPLOG : WellhouseOne | 041.900
2016-12-16 16:00:32 | TEMPLOG : WellhouseOne | 069.800
2016-12-16 16:00:33 | TEMPLOG : To   GeoLoop | 047.300
2016-12-16 16:00:33 | TEMPLOG : Table    One | 040.100
2016-12-16 16:01:33 | TEMPLOG : WellhouseOne | 111.200
2016-12-16 16:02:34 | TEMPLOG : WellhouseOne | 125.600
2016-12-16 16:03:35 | TEMPLOG : WellhouseOne | 132.800
2016-12-16 16:04:36 | TEMPLOG : WellhouseOne | 108.500
2016-12-16 16:04:36 | TEMPLOG : Table    One | 039.200
2016-12-16 16:05:37 | TEMPLOG : WellhouseOne | 086.900
2016-12-16 16:06:39 | TEMPLOG : WellhouseOne | 075.200
2016-12-16 16:07:39 | TEMPLOG : WellhouseOne | 068.000
2016-12-16 16:08:40 | TEMPLOG : WellhouseOne | 061.700
2016-12-16 16:09:40 | TEMPLOG : WellhouseOne | 055.400
2016-12-16 16:09:41 | TEMPLOG : Table    One | 038.300
2016-12-16 16:10:42 | TEMPLOG : WellhouseOne | 052.700
2016-12-16 16:10:42 | TEMPLOG : To   GeoLoop | 046.400
2016-12-16 16:11:43 | TEMPLOG : WellhouseOne | 050.000
2016-12-16 16:12:44 | TEMPLOG : WellhouseOne | 049.100
2016-12-16 16:13:45 | TEMPLOG : WellhouseOne | 047.300
2016-12-16 16:14:48 | TEMPLOG : WellhouseOne | 046.400
2016-12-16 16:15:49 | TEMPLOG : WellhouseOne | 045.500
2016-12-16 16:15:50 | TEMPLOG : Table    One | 037.400
2016-12-16 16:17:52 | TEMPLOG : WellhouseOne | 044.600
2016-12-16 16:18:52 | TEMPLOG : WellhouseOne | 043.700
2016-12-16 16:20:54 | TEMPLOG : WellhouseOne | 042.800
2016-12-16 16:22:56 | TEMPLOG : WellhouseOne | 041.900
2016-12-16 16:22:57 | TEMPLOG : Table    One | 036.500
2016-12-16 16:28:00 | TEMPLOG : WellhouseOne | 085.100
2016-12-16 16:29:01 | TEMPLOG : WellhouseOne | 114.800
2016-12-16 16:30:03 | TEMPLOG : WellhouseOne | 126.500
2016-12-16 16:31:05 | TEMPLOG : WellhouseOne | 133.700
2016-12-16 16:32:06 | TEMPLOG : WellhouseOne | 138.200
2016-12-16 16:33:06 | TEMPLOG : WellhouseOne | 097.700
2016-12-16 16:33:07 | TEMPLOG : Table    One | 035.600
2016-12-16 16:34:07 | TEMPLOG : WellhouseOne | 081.500
2016-12-16 16:35:08 | TEMPLOG : WellhouseOne | 069.800
2016-12-16 16:36:08 | TEMPLOG : WellhouseOne | 063.500
2016-12-16 16:37:10 | TEMPLOG : WellhouseOne | 057.200
2016-12-16 16:38:11 | TEMPLOG : WellhouseOne | 053.600
2016-12-16 16:38:11 | TEMPLOG : To   GeoLoop | 045.500
2016-12-16 16:39:11 | TEMPLOG : WellhouseOne | 051.800
2016-12-16 16:39:12 | TEMPLOG : To   GeoLoop | 046.400
2016-12-16 16:40:12 | TEMPLOG : WellhouseOne | 050.000
2016-12-16 16:40:12 | TEMPLOG : To   GeoLoop | 045.500
2016-12-16 16:41:13 | TEMPLOG : WellhouseOne | 048.200
2016-12-16 16:43:14 | TEMPLOG : WellhouseOne | 046.400
2016-12-16 16:44:15 | TEMPLOG : WellhouseOne | 045.500
2016-12-16 16:45:16 | TEMPLOG : WellhouseOne | 044.600
2016-12-16 16:45:16 | TEMPLOG : Table    One | 034.700
2016-12-16 16:47:17 | TEMPLOG : WellhouseOne | 043.700
2016-12-16 16:49:20 | TEMPLOG : WellhouseOne | 042.800
2016-12-16 16:51:21 | TEMPLOG : WellhouseOne | 041.900
2016-12-16 16:53:25 | TEMPLOG : WellhouseOne | 041.000
2016-12-16 16:55:27 | TEMPLOG : Table    One | 033.800
2016-12-16 16:56:27 | TEMPLOG : WellhouseOne | 088.700
2016-12-16 16:56:29 | TEMPLOG : Table    One | 034.700
2016-12-16 16:57:29 | TEMPLOG : WellhouseOne | 115.700
2016-12-16 16:57:29 | TEMPLOG : Table    One | 033.800
2016-12-16 16:58:30 | TEMPLOG : WellhouseOne | 126.500
2016-12-16 16:59:31 | TEMPLOG : WellhouseOne | 133.700
2016-12-16 17:00:32 | TEMPLOG : WellhouseOne | 107.600
2016-12-16 17:00:32 | TEMPLOG : To   GeoLoop | 045.500
2016-12-16 17:00:32 | TEMPLOG : Table    One | 033.800
2016-12-16 17:01:32 | TEMPLOG : WellhouseOne | 080.600
2016-12-16 17:02:34 | TEMPLOG : WellhouseOne | 068.000
2016-12-16 17:03:35 | TEMPLOG : WellhouseOne | 060.800
2016-12-16 17:04:36 | TEMPLOG : WellhouseOne | 056.300
2016-12-16 17:05:36 | TEMPLOG : WellhouseOne | 052.700
2016-12-16 17:06:38 | TEMPLOG : WellhouseOne | 050.000
2016-12-16 17:07:39 | TEMPLOG : WellhouseOne | 048.200
2016-12-16 17:08:40 | TEMPLOG : WellhouseOne | 047.300
2016-12-16 17:09:41 | TEMPLOG : WellhouseOne | 046.400
2016-12-16 17:10:41 | TEMPLOG : WellhouseOne | 045.500
2016-12-16 17:11:42 | TEMPLOG : WellhouseOne | 044.600
2016-12-16 17:12:43 | TEMPLOG : WellhouseOne | 043.700
2016-12-16 17:14:46 | TEMPLOG : WellhouseOne | 042.800
2016-12-16 17:17:48 | TEMPLOG : WellhouseOne | 041.900
2016-12-16 17:20:50 | TEMPLOG : WellhouseOne | 041.000
2016-12-16 17:22:51 | TEMPLOG : WellhouseOne | 059.900
2016-12-16 17:23:52 | TEMPLOG : WellhouseOne | 107.600
2016-12-16 17:24:54 | TEMPLOG : WellhouseOne | 121.100
2016-12-16 17:25:55 | TEMPLOG : WellhouseOne | 130.100
2016-12-16 17:26:56 | TEMPLOG : WellhouseOne | 134.600
2016-12-16 17:27:57 | TEMPLOG : WellhouseOne | 124.700
2016-12-16 17:28:58 | TEMPLOG : WellhouseOne | 091.400
2016-12-16 17:28:59 | TEMPLOG : Table    One | 034.700
2016-12-16 17:29:59 | TEMPLOG : WellhouseOne | 076.100
2016-12-16 17:30:00 | TEMPLOG : Table    One | 033.800
2016-12-16 17:31:00 | TEMPLOG : WellhouseOne | 068.000
2016-12-16 17:31:02 | TEMPLOG : Table    One | 034.700
2016-12-16 17:32:02 | TEMPLOG : WellhouseOne | 061.700
2016-12-16 17:33:03 | TEMPLOG : WellhouseOne | 057.200
2016-12-16 17:34:04 | TEMPLOG : WellhouseOne | 053.600
2016-12-16 17:35:05 | TEMPLOG : WellhouseOne | 051.800
2016-12-16 17:36:05 | TEMPLOG : WellhouseOne | 050.900
2016-12-16 17:37:06 | TEMPLOG : WellhouseOne | 049.100
2016-12-16 17:38:07 | TEMPLOG : WellhouseOne | 048.200
2016-12-16 17:39:08 | TEMPLOG : WellhouseOne | 047.300
2016-12-16 17:40:09 | TEMPLOG : WellhouseOne | 046.400
2016-12-16 17:41:11 | TEMPLOG : WellhouseOne | 044.600
2016-12-16 17:42:12 | TEMPLOG : WellhouseOne | 043.700
2016-12-16 17:44:14 | TEMPLOG : WellhouseOne | 042.800
2016-12-16 17:45:15 | TEMPLOG : Table    One | 033.800
2016-12-16 17:46:15 | TEMPLOG : WellhouseOne | 041.900
2016-12-16 17:47:16 | TEMPLOG : WellhouseOne | 041.000
2016-12-16 17:48:18 | TEMPLOG : WellhouseOne | 038.300
2016-12-16 17:49:18 | TEMPLOG : WellhouseOne | 036.500
2016-12-16 17:50:20 | TEMPLOG : WellhouseOne | 035.600
2016-12-16 17:50:20 | TEMPLOG : To   GeoLoop | 044.600
2016-12-16 17:51:20 | TEMPLOG : WellhouseOne | 049.100
2016-12-16 17:51:21 | TEMPLOG : To   GeoLoop | 045.500
2016-12-16 17:52:21 | TEMPLOG : WellhouseOne | 108.500
2016-12-16 17:52:21 | TEMPLOG : To   GeoLoop | 044.600
2016-12-16 17:53:22 | TEMPLOG : WellhouseOne | 123.800
2016-12-16 17:53:23 | TEMPLOG : Table    One | 032.900
2016-12-16 17:54:23 | TEMPLOG : WellhouseOne | 131.900
2016-12-16 17:55:24 | TEMPLOG : WellhouseOne | 132.800
2016-12-16 17:56:25 | TEMPLOG : WellhouseOne | 077.900
2016-12-16 17:57:25 | TEMPLOG : WellhouseOne | 059.000
2016-12-16 17:58:26 | TEMPLOG : WellhouseOne | 052.700
2016-12-16 17:59:28 | TEMPLOG : WellhouseOne | 048.200
2016-12-16 18:00:29 | TEMPLOG : WellhouseOne | 044.600
2016-12-16 18:00:29 | TEMPLOG : To   GeoLoop | 044.600
2016-12-16 18:00:29 | TEMPLOG : Table    One | 032.900
2016-12-16 18:01:30 | TEMPLOG : WellhouseOne | 041.000
2016-12-16 18:02:31 | TEMPLOG : WellhouseOne | 038.300
2016-12-16 18:03:32 | TEMPLOG : WellhouseOne | 036.500
2016-12-16 18:04:33 | TEMPLOG : WellhouseOne | 035.600
2016-12-16 18:06:36 | TEMPLOG : WellhouseOne | 033.800
2016-12-16 18:08:38 | TEMPLOG : WellhouseOne | 032.900
2016-12-16 18:13:44 | TEMPLOG : WellhouseOne | 031.100
2016-12-16 18:13:45 | TEMPLOG : Table    One | 031.100
2016-12-16 18:14:45 | TEMPLOG : WellhouseOne | 030.200
2016-12-16 18:15:46 | TEMPLOG : WellhouseOne | 029.300
2016-12-16 18:16:47 | TEMPLOG : WellhouseOne | 031.100
2016-12-16 18:17:47 | TEMPLOG : WellhouseOne | 102.200
2016-12-16 18:18:48 | TEMPLOG : WellhouseOne | 118.400
2016-12-16 18:18:49 | TEMPLOG : To   GeoLoop | 043.700
2016-12-16 18:19:49 | TEMPLOG : WellhouseOne | 124.700
2016-12-16 18:20:50 | TEMPLOG : WellhouseOne | 126.500
2016-12-16 18:21:52 | TEMPLOG : WellhouseOne | 128.300
2016-12-16 18:22:53 | TEMPLOG : WellhouseOne | 072.500
2016-12-16 18:23:54 | TEMPLOG : WellhouseOne | 055.400
2016-12-16 18:24:55 | TEMPLOG : WellhouseOne | 046.400
2016-12-16 18:25:56 | TEMPLOG : WellhouseOne | 041.000
2016-12-16 18:26:57 | TEMPLOG : WellhouseOne | 038.300
2016-12-16 18:27:58 | TEMPLOG : WellhouseOne | 035.600
2016-12-16 18:27:59 | TEMPLOG : Table    One | 030.200
2016-12-16 18:28:59 | TEMPLOG : WellhouseOne | 034.700
2016-12-16 18:30:00 | TEMPLOG : WellhouseOne | 033.800
2016-12-16 18:31:01 | TEMPLOG : WellhouseOne | 032.900
2016-12-16 18:34:04 | TEMPLOG : WellhouseOne | 031.100
2016-12-16 18:35:05 | TEMPLOG : WellhouseOne | 030.200
2016-12-16 18:38:07 | TEMPLOG : WellhouseOne | 029.300
2016-12-16 18:41:10 | TEMPLOG : WellhouseOne | 028.400
2016-12-16 18:43:11 | TEMPLOG : WellhouseOne | 089.600
2016-12-16 18:44:12 | TEMPLOG : WellhouseOne | 113.000
2016-12-16 18:45:13 | TEMPLOG : WellhouseOne | 116.600
2016-12-16 18:46:13 | TEMPLOG : WellhouseOne | 124.700
2016-12-16 18:47:14 | TEMPLOG : WellhouseOne | 123.800
2016-12-16 18:48:14 | TEMPLOG : WellhouseOne | 128.300
2016-12-16 18:49:15 | TEMPLOG : WellhouseOne | 104.000
2016-12-16 18:50:16 | TEMPLOG : WellhouseOne | 064.400
2016-12-16 18:51:17 | TEMPLOG : WellhouseOne | 051.800
2016-12-16 18:52:17 | TEMPLOG : WellhouseOne | 044.600
2016-12-16 18:53:20 | TEMPLOG : WellhouseOne | 039.200
2016-12-16 18:53:21 | TEMPLOG : Table    One | 029.300
2016-12-16 18:54:21 | TEMPLOG : WellhouseOne | 035.600
2016-12-16 18:55:22 | TEMPLOG : WellhouseOne | 033.800
2016-12-16 18:55:23 | TEMPLOG : Table    One | 030.200
2016-12-16 18:56:23 | TEMPLOG : WellhouseOne | 032.900
2016-12-16 18:56:24 | TEMPLOG : Table    One | 029.300
2016-12-16 18:58:25 | TEMPLOG : WellhouseOne | 031.100
2016-12-16 18:59:26 | TEMPLOG : WellhouseOne | 030.200
2016-12-16 19:00:27 | TEMPLOG : WellhouseOne | 030.200
2016-12-16 19:00:27 | TEMPLOG : To   GeoLoop | 043.700
2016-12-16 19:00:27 | TEMPLOG : Table    One | 029.300
2016-12-16 19:01:27 | TEMPLOG : WellhouseOne | 029.300
2016-12-16 19:01:28 | TEMPLOG : To   GeoLoop | 042.800
2016-12-16 19:03:29 | TEMPLOG : WellhouseOne | 028.400
2016-12-16 19:04:29 | TEMPLOG : WellhouseOne | 027.500
2016-12-16 19:05:31 | TEMPLOG : WellhouseOne | 028.400
2016-12-16 19:05:31 | TEMPLOG : To   GeoLoop | 043.700
2016-12-16 19:06:33 | TEMPLOG : WellhouseOne | 027.500
2016-12-16 19:07:33 | TEMPLOG : WellhouseOne | 026.600
2016-12-16 19:08:34 | TEMPLOG : WellhouseOne | 044.600
2016-12-16 19:08:34 | TEMPLOG : To   GeoLoop | 042.800
2016-12-16 19:09:36 | TEMPLOG : WellhouseOne | 104.000
2016-12-16 19:10:37 | TEMPLOG : WellhouseOne | 113.900
2016-12-16 19:10:38 | TEMPLOG : To   GeoLoop | 043.700
2016-12-16 19:11:38 | TEMPLOG : WellhouseOne | 115.700
2016-12-16 19:11:39 | TEMPLOG : To   GeoLoop | 042.800
2016-12-16 19:12:39 | TEMPLOG : WellhouseOne | 126.500
2016-12-16 19:12:39 | TEMPLOG : To   GeoLoop | 043.700
2016-12-16 19:13:40 | TEMPLOG : WellhouseOne | 125.600
2016-12-16 19:13:40 | TEMPLOG : To   GeoLoop | 042.800
2016-12-16 19:14:40 | TEMPLOG : WellhouseOne | 132.800
2016-12-16 19:15:41 | TEMPLOG : WellhouseOne | 080.600
2016-12-16 19:16:43 | TEMPLOG : WellhouseOne | 059.000
2016-12-16 19:17:45 | TEMPLOG : WellhouseOne | 050.900
2016-12-16 19:18:46 | TEMPLOG : WellhouseOne | 041.000
2016-12-16 19:18:47 | TEMPLOG : Table    One | 028.400
2016-12-16 19:19:47 | TEMPLOG : WellhouseOne | 037.400
2016-12-16 19:20:48 | TEMPLOG : WellhouseOne | 035.600
2016-12-16 19:21:48 | TEMPLOG : WellhouseOne | 033.800
2016-12-16 19:23:50 | TEMPLOG : WellhouseOne | 030.200
2016-12-16 19:25:51 | TEMPLOG : WellhouseOne | 029.300
2016-12-16 19:26:52 | TEMPLOG : WellhouseOne | 028.400
2016-12-16 19:28:54 | TEMPLOG : WellhouseOne | 027.500
2016-12-16 19:29:55 | TEMPLOG : WellhouseOne | 026.600
2016-12-16 19:31:57 | TEMPLOG : Table    One | 027.500
2016-12-16 19:32:57 | TEMPLOG : WellhouseOne | 027.500
2016-12-16 19:32:57 | TEMPLOG : Table    One | 028.400
2016-12-16 19:33:57 | TEMPLOG : WellhouseOne | 081.500
2016-12-16 19:34:58 | TEMPLOG : WellhouseOne | 106.700
2016-12-16 19:35:59 | TEMPLOG : WellhouseOne | 116.600
2016-12-16 19:36:59 | TEMPLOG : WellhouseOne | 122.000
2016-12-16 19:38:00 | TEMPLOG : WellhouseOne | 118.400
2016-12-16 19:38:00 | TEMPLOG : Table    One | 027.500
2016-12-16 19:39:01 | TEMPLOG : WellhouseOne | 124.700
2016-12-16 19:40:01 | TEMPLOG : WellhouseOne | 128.300
2016-12-16 19:41:02 | TEMPLOG : WellhouseOne | 133.700
2016-12-16 19:44:04 | TEMPLOG : WellhouseOne | 102.200
2016-12-16 19:45:05 | TEMPLOG : WellhouseOne | 067.100
2016-12-16 19:46:07 | TEMPLOG : WellhouseOne | 048.200
2016-12-16 19:47:07 | TEMPLOG : WellhouseOne | 041.000
2016-12-16 19:47:07 | TEMPLOG : To   GeoLoop | 041.900
2016-12-16 19:48:08 | TEMPLOG : WellhouseOne | 038.300
2016-12-16 19:48:08 | TEMPLOG : To   GeoLoop | 042.800
2016-12-16 19:49:09 | TEMPLOG : WellhouseOne | 036.500
2016-12-16 19:50:10 | TEMPLOG : WellhouseOne | 034.700
2016-12-16 19:51:11 | TEMPLOG : WellhouseOne | 032.900
2016-12-16 19:52:13 | TEMPLOG : To   GeoLoop | 041.900
2016-12-16 19:53:14 | TEMPLOG : To   GeoLoop | 042.800
2016-12-16 19:55:15 | TEMPLOG : WellhouseOne | 031.100
2016-12-16 19:56:16 | TEMPLOG : WellhouseOne | 029.300
2016-12-16 19:56:16 | TEMPLOG : To   GeoLoop | 041.900
2016-12-16 19:57:17 | TEMPLOG : WellhouseOne | 028.400
2016-12-16 20:00:20 | TEMPLOG : WellhouseOne | 027.500
2016-12-16 20:00:20 | TEMPLOG : To   GeoLoop | 041.900
2016-12-16 20:00:21 | TEMPLOG : Table    One | 027.500
2016-12-16 20:01:22 | TEMPLOG : WellhouseOne | 026.600
2016-12-16 20:03:25 | TEMPLOG : WellhouseOne | 082.400
2016-12-16 20:04:26 | TEMPLOG : WellhouseOne | 106.700
2016-12-16 20:05:27 | TEMPLOG : WellhouseOne | 118.400
2016-12-16 20:06:28 | TEMPLOG : WellhouseOne | 122.900
2016-12-16 20:07:28 | TEMPLOG : WellhouseOne | 126.500
2016-12-16 20:08:30 | TEMPLOG : WellhouseOne | 129.200
2016-12-16 20:09:31 | TEMPLOG : WellhouseOne | 131.900
2016-12-16 20:10:32 | TEMPLOG : WellhouseOne | 131.000
2016-12-16 20:11:33 | TEMPLOG : WellhouseOne | 132.800
2016-12-16 20:12:34 | TEMPLOG : WellhouseOne | 134.600
2016-12-16 20:13:35 | TEMPLOG : WellhouseOne | 122.000
2016-12-16 20:13:35 | TEMPLOG : Table    One | 026.600
2016-12-16 20:14:35 | TEMPLOG : WellhouseOne | 081.500
2016-12-16 20:15:36 | TEMPLOG : WellhouseOne | 065.300
2016-12-16 20:16:37 | TEMPLOG : WellhouseOne | 054.500
2016-12-16 20:16:37 | TEMPLOG : Table    One | 027.500
2016-12-16 20:17:37 | TEMPLOG : WellhouseOne | 043.700
2016-12-16 20:18:38 | TEMPLOG : WellhouseOne | 037.400
2016-12-16 20:19:39 | TEMPLOG : WellhouseOne | 032.900
2016-12-16 20:20:39 | TEMPLOG : Table    One | 026.600
2016-12-16 20:21:40 | TEMPLOG : WellhouseOne | 031.100
2016-12-16 20:24:43 | TEMPLOG : WellhouseOne | 028.400
2016-12-16 20:25:43 | TEMPLOG : WellhouseOne | 027.500
2016-12-16 20:27:45 | TEMPLOG : WellhouseOne | 026.600
2016-12-16 20:28:46 | TEMPLOG : WellhouseOne | 025.700
2016-12-16 20:30:48 | TEMPLOG : WellhouseOne | 024.800
2016-12-16 20:30:48 | TEMPLOG : To   GeoLoop | 041.000
2016-12-16 20:31:49 | TEMPLOG : WellhouseOne | 054.500
2016-12-16 20:32:50 | TEMPLOG : WellhouseOne | 106.700
2016-12-16 20:33:51 | TEMPLOG : WellhouseOne | 118.400
2016-12-16 20:33:52 | TEMPLOG : To   GeoLoop | 041.900
2016-12-16 20:34:52 | TEMPLOG : WellhouseOne | 124.700
2016-12-16 20:35:52 | TEMPLOG : WellhouseOne | 130.100
2016-12-16 20:35:53 | TEMPLOG : To   GeoLoop | 041.000
2016-12-16 20:36:53 | TEMPLOG : WellhouseOne | 131.900
2016-12-16 20:37:54 | TEMPLOG : WellhouseOne | 133.700
2016-12-16 20:39:55 | TEMPLOG : WellhouseOne | 136.400
2016-12-16 20:40:56 | TEMPLOG : WellhouseOne | 138.200
2016-12-16 20:42:57 | TEMPLOG : WellhouseOne | 101.300
2016-12-16 20:43:58 | TEMPLOG : WellhouseOne | 074.300
2016-12-16 20:45:00 | TEMPLOG : WellhouseOne | 057.200
2016-12-16 20:46:00 | TEMPLOG : WellhouseOne | 046.400
2016-12-16 20:47:01 | TEMPLOG : WellhouseOne | 043.700
2016-12-16 20:47:03 | TEMPLOG : Table    One | 025.700
2016-12-16 20:48:04 | TEMPLOG : WellhouseOne | 039.200
2016-12-16 20:50:06 | TEMPLOG : WellhouseOne | 038.300
2016-12-16 20:51:07 | TEMPLOG : To   GeoLoop | 041.900
2016-12-16 20:51:07 | TEMPLOG : Table    One | 026.600
2016-12-16 20:52:08 | TEMPLOG : WellhouseOne | 037.400
2016-12-16 20:53:08 | TEMPLOG : WellhouseOne | 036.500
2016-12-16 20:55:11 | TEMPLOG : WellhouseOne | 034.700
2016-12-16 20:57:13 | TEMPLOG : WellhouseOne | 033.800
2016-12-16 20:58:16 | -=< Temperature Logger Restart >=-
2016-12-16 20:58:16 | TEMPLOG : Bio   Filter | 026.600
2016-12-16 20:58:16 | TEMPLOG : To   GeoLoop | 041.900
2016-12-16 20:58:17 | TEMPLOG : Table    One | 026.600
2016-12-16 21:00:18 | TEMPLOG : WellhouseOne | 031.100
2016-12-16 21:00:18 | TEMPLOG : Bio   Filter | 026.600
2016-12-16 21:00:18 | TEMPLOG : To   GeoLoop | 041.900
2016-12-16 21:00:18 | TEMPLOG : Table    One | 027.500
2016-12-16 21:01:18 | TEMPLOG : WellhouseOne | 030.200
2016-12-16 21:02:19 | TEMPLOG : WellhouseOne | 095.000
2016-12-16 21:03:19 | TEMPLOG : WellhouseOne | 113.900
2016-12-16 21:04:20 | TEMPLOG : WellhouseOne | 122.000
2016-12-16 21:05:21 | TEMPLOG : WellhouseOne | 127.400
2016-12-16 21:06:22 | TEMPLOG : WellhouseOne | 131.000
2016-12-16 21:06:23 | TEMPLOG : Table    One | 026.600
2016-12-16 21:07:23 | TEMPLOG : WellhouseOne | 133.700
2016-12-16 21:08:24 | TEMPLOG : WellhouseOne | 136.400
2016-12-16 21:09:25 | TEMPLOG : WellhouseOne | 138.200
2016-12-16 21:09:26 | TEMPLOG : To   GeoLoop | 041.000
2016-12-16 21:10:26 | TEMPLOG : WellhouseOne | 136.400
2016-12-16 21:10:27 | TEMPLOG : To   GeoLoop | 041.900
2016-12-16 21:11:28 | TEMPLOG : WellhouseOne | 137.300
2016-12-16 21:11:28 | TEMPLOG : To   GeoLoop | 041.000
2016-12-16 21:12:29 | TEMPLOG : WellhouseOne | 088.700
2016-12-16 21:13:29 | TEMPLOG : WellhouseOne | 068.900
2016-12-16 21:14:31 | TEMPLOG : WellhouseOne | 054.500
2016-12-16 21:15:32 | TEMPLOG : WellhouseOne | 045.500
2016-12-16 21:15:32 | TEMPLOG : To   GeoLoop | 041.900
2016-12-16 21:16:33 | TEMPLOG : WellhouseOne | 042.800
2016-12-16 21:16:34 | TEMPLOG : To   GeoLoop | 041.000
2016-12-16 21:17:35 | TEMPLOG : WellhouseOne | 040.100
2016-12-16 21:18:36 | TEMPLOG : WellhouseOne | 036.500
2016-12-16 21:19:37 | TEMPLOG : WellhouseOne | 034.700
2016-12-16 21:20:39 | TEMPLOG : WellhouseOne | 032.900
2016-12-16 21:20:39 | TEMPLOG : Table    One | 025.700
2016-12-16 21:21:41 | TEMPLOG : Table    One | 026.600
2016-12-16 21:22:42 | TEMPLOG : WellhouseOne | 031.100
2016-12-16 21:22:44 | TEMPLOG : Table    One | 025.700
2016-12-16 21:26:48 | TEMPLOG : WellhouseOne | 030.200
2016-12-16 21:26:50 | TEMPLOG : Table    One | 026.600
2016-12-16 21:27:50 | TEMPLOG : WellhouseOne | 029.300
2016-12-16 21:27:50 | TEMPLOG : Bio   Filter | 025.700
2016-12-16 21:27:51 | TEMPLOG : Table    One | 025.700
2016-12-16 21:28:51 | TEMPLOG : WellhouseOne | 027.500
2016-12-16 21:29:53 | TEMPLOG : WellhouseOne | 065.300
2016-12-16 21:30:54 | TEMPLOG : WellhouseOne | 105.800
2016-12-16 21:31:56 | TEMPLOG : WellhouseOne | 117.500
2016-12-16 21:32:58 | TEMPLOG : WellhouseOne | 122.900
2016-12-16 21:33:59 | TEMPLOG : WellhouseOne | 125.600
2016-12-16 21:35:00 | TEMPLOG : WellhouseOne | 130.100
2016-12-16 21:37:02 | TEMPLOG : WellhouseOne | 129.200
2016-12-16 21:38:03 | TEMPLOG : WellhouseOne | 132.800
2016-12-16 21:39:04 | TEMPLOG : WellhouseOne | 129.200
2016-12-16 21:40:06 | TEMPLOG : WellhouseOne | 132.800
2016-12-16 21:42:09 | TEMPLOG : WellhouseOne | 133.700
2016-12-16 21:43:10 | TEMPLOG : WellhouseOne | 130.100
2016-12-16 21:43:11 | TEMPLOG : Table    One | 026.600
2016-12-16 21:44:12 | TEMPLOG : WellhouseOne | 132.800
2016-12-16 21:45:13 | TEMPLOG : WellhouseOne | 134.600
2016-12-16 21:46:14 | TEMPLOG : WellhouseOne | 133.700
2016-12-16 21:48:16 | TEMPLOG : WellhouseOne | 119.300
2016-12-16 21:49:18 | TEMPLOG : WellhouseOne | 086.900
2016-12-16 21:50:19 | TEMPLOG : WellhouseOne | 072.500
2016-12-16 21:51:20 | TEMPLOG : WellhouseOne | 063.500
2016-12-16 21:52:21 | TEMPLOG : WellhouseOne | 056.300
2016-12-16 21:53:22 | TEMPLOG : WellhouseOne | 052.700
2016-12-16 21:54:23 | TEMPLOG : WellhouseOne | 050.000
2016-12-16 21:55:25 | TEMPLOG : WellhouseOne | 047.300
2016-12-16 21:56:26 | TEMPLOG : WellhouseOne | 045.500
2016-12-16 21:57:26 | TEMPLOG : WellhouseOne | 043.700
2016-12-16 21:58:27 | TEMPLOG : WellhouseOne | 042.800
2016-12-16 21:59:29 | TEMPLOG : WellhouseOne | 041.900
2016-12-16 22:00:30 | TEMPLOG : WellhouseOne | 041.000
2016-12-16 22:00:30 | TEMPLOG : Bio   Filter | 025.700
2016-12-16 22:00:30 | TEMPLOG : To   GeoLoop | 041.000
2016-12-16 22:00:30 | TEMPLOG : Table    One | 026.600
2016-12-16 22:01:31 | TEMPLOG : WellhouseOne | 039.200
2016-12-16 22:02:31 | TEMPLOG : WellhouseOne | 038.300
2016-12-16 22:03:33 | TEMPLOG : WellhouseOne | 037.400
2016-12-16 22:04:35 | TEMPLOG : WellhouseOne | 035.600
2016-12-16 22:05:35 | TEMPLOG : WellhouseOne | 033.800
2016-12-16 22:06:37 | TEMPLOG : WellhouseOne | 058.100
2016-12-16 22:07:38 | TEMPLOG : WellhouseOne | 105.800
2016-12-16 22:08:38 | TEMPLOG : WellhouseOne | 116.600
2016-12-16 22:09:39 | TEMPLOG : WellhouseOne | 124.700
2016-12-16 22:10:40 | TEMPLOG : WellhouseOne | 126.500
2016-12-16 22:10:41 | TEMPLOG : To   GeoLoop | 040.100
2016-12-16 22:10:41 | TEMPLOG : Table    One | 025.700
2016-12-16 22:11:41 | TEMPLOG : WellhouseOne | 128.300
2016-12-16 22:11:42 | TEMPLOG : To   GeoLoop | 041.000
2016-12-16 22:12:43 | TEMPLOG : WellhouseOne | 131.000
2016-12-16 22:12:44 | TEMPLOG : To   GeoLoop | 040.100
2016-12-16 22:13:44 | TEMPLOG : WellhouseOne | 132.800
2016-12-16 22:13:45 | TEMPLOG : To   GeoLoop | 041.000
2016-12-16 22:14:46 | TEMPLOG : WellhouseOne | 134.600
2016-12-16 22:14:46 | TEMPLOG : To   GeoLoop | 040.100
2016-12-16 22:18:50 | TEMPLOG : WellhouseOne | 102.200
2016-12-16 22:19:51 | TEMPLOG : WellhouseOne | 080.600
2016-12-16 22:20:53 | TEMPLOG : WellhouseOne | 069.800
2016-12-16 22:21:54 | TEMPLOG : WellhouseOne | 061.700
2016-12-16 22:22:55 | TEMPLOG : WellhouseOne | 054.500
2016-12-16 22:23:56 | TEMPLOG : WellhouseOne | 049.100
2016-12-16 22:24:57 | TEMPLOG : WellhouseOne | 044.600
2016-12-16 22:25:58 | TEMPLOG : WellhouseOne | 042.800
2016-12-16 22:26:59 | TEMPLOG : WellhouseOne | 041.000
2016-12-16 22:28:01 | TEMPLOG : WellhouseOne | 039.200
2016-12-16 22:29:02 | TEMPLOG : WellhouseOne | 038.300
2016-12-16 22:30:04 | TEMPLOG : WellhouseOne | 037.400
2016-12-16 22:32:06 | TEMPLOG : WellhouseOne | 035.600
2016-12-16 22:33:09 | TEMPLOG : WellhouseOne | 036.500
2016-12-16 22:34:10 | TEMPLOG : WellhouseOne | 034.700
2016-12-16 22:35:11 | TEMPLOG : WellhouseOne | 033.800
2016-12-16 22:36:12 | TEMPLOG : WellhouseOne | 032.900
2016-12-16 22:37:13 | TEMPLOG : WellhouseOne | 086.000
2016-12-16 22:38:14 | TEMPLOG : WellhouseOne | 107.600
2016-12-16 22:39:15 | TEMPLOG : WellhouseOne | 119.300
2016-12-16 22:40:17 | TEMPLOG : WellhouseOne | 124.700
2016-12-16 22:42:20 | TEMPLOG : WellhouseOne | 127.400
2016-12-16 22:43:21 | TEMPLOG : WellhouseOne | 130.100
2016-12-16 22:44:22 | TEMPLOG : WellhouseOne | 131.000
2016-12-16 22:45:23 | TEMPLOG : WellhouseOne | 133.700
2016-12-16 22:47:25 | TEMPLOG : WellhouseOne | 134.600
2016-12-16 22:49:28 | TEMPLOG : WellhouseOne | 133.700
2016-12-16 22:50:29 | TEMPLOG : WellhouseOne | 135.500
2016-12-16 22:52:32 | TEMPLOG : WellhouseOne | 096.800
2016-12-16 22:53:33 | TEMPLOG : WellhouseOne | 077.900
2016-12-16 22:54:34 | TEMPLOG : WellhouseOne | 068.000
2016-12-16 22:55:35 | TEMPLOG : WellhouseOne | 059.000
2016-12-16 22:56:36 | TEMPLOG : WellhouseOne | 053.600
2016-12-16 22:57:37 | TEMPLOG : WellhouseOne | 050.000
2016-12-16 22:58:38 | TEMPLOG : WellhouseOne | 047.300
2016-12-16 22:58:38 | TEMPLOG : Bio   Filter | 024.800
2016-12-16 22:59:39 | TEMPLOG : WellhouseOne | 045.500
2016-12-16 23:00:41 | TEMPLOG : WellhouseOne | 042.800
2016-12-16 23:00:41 | TEMPLOG : Bio   Filter | 025.700
2016-12-16 23:00:42 | TEMPLOG : To   GeoLoop | 040.100
2016-12-16 23:00:43 | TEMPLOG : Table    One | 025.700
2016-12-16 23:01:43 | TEMPLOG : WellhouseOne | 041.000
2016-12-16 23:02:44 | TEMPLOG : WellhouseOne | 040.100
2016-12-16 23:03:45 | TEMPLOG : WellhouseOne | 039.200
2016-12-16 23:04:47 | TEMPLOG : WellhouseOne | 038.300
2016-12-16 23:05:48 | TEMPLOG : WellhouseOne | 035.600
2016-12-16 23:06:49 | TEMPLOG : WellhouseOne | 033.800
2016-12-16 23:07:50 | TEMPLOG : WellhouseOne | 030.200
2016-12-16 23:07:51 | TEMPLOG : Bio   Filter | 024.800
2016-12-16 23:08:51 | TEMPLOG : WellhouseOne | 028.400
2016-12-16 23:09:53 | TEMPLOG : To   GeoLoop | 039.200
2016-12-16 23:09:53 | TEMPLOG : Table    One | 024.800
2016-12-16 23:10:53 | TEMPLOG : WellhouseOne | 100.400
2016-12-16 23:10:54 | TEMPLOG : To   GeoLoop | 040.100
2016-12-16 23:11:54 | TEMPLOG : WellhouseOne | 116.600
2016-12-16 23:11:55 | TEMPLOG : To   GeoLoop | 039.200
2016-12-16 23:12:55 | TEMPLOG : WellhouseOne | 122.900
2016-12-16 23:13:56 | TEMPLOG : WellhouseOne | 126.500
2016-12-16 23:14:57 | TEMPLOG : WellhouseOne | 128.300
2016-12-16 23:15:58 | TEMPLOG : WellhouseOne | 131.000
2016-12-16 23:18:00 | TEMPLOG : WellhouseOne | 130.100
2016-12-16 23:19:02 | TEMPLOG : WellhouseOne | 133.700
2016-12-16 23:20:03 | TEMPLOG : WellhouseOne | 135.500
2016-12-16 23:20:03 | TEMPLOG : Bio   Filter | 023.900
2016-12-16 23:22:05 | TEMPLOG : WellhouseOne | 134.600
2016-12-16 23:23:07 | TEMPLOG : WellhouseOne | 106.700
2016-12-16 23:23:07 | TEMPLOG : Bio   Filter | 024.800
2016-12-16 23:24:08 | TEMPLOG : WellhouseOne | 075.200
2016-12-16 23:25:09 | TEMPLOG : WellhouseOne | 062.600
2016-12-16 23:25:10 | TEMPLOG : Bio   Filter | 023.900
2016-12-16 23:26:11 | TEMPLOG : WellhouseOne | 055.400
2016-12-16 23:27:12 | TEMPLOG : WellhouseOne | 046.400
2016-12-16 23:28:13 | TEMPLOG : WellhouseOne | 041.000
2016-12-16 23:28:13 | TEMPLOG : Bio   Filter | 024.800
2016-12-16 23:29:14 | TEMPLOG : WellhouseOne | 037.400
2016-12-16 23:29:15 | TEMPLOG : Bio   Filter | 023.900
2016-12-16 23:30:15 | TEMPLOG : WellhouseOne | 035.600
2016-12-16 23:31:17 | TEMPLOG : WellhouseOne | 034.700
2016-12-16 23:32:18 | TEMPLOG : Bio   Filter | 024.800
2016-12-16 23:33:19 | TEMPLOG : WellhouseOne | 032.900
2016-12-16 23:35:21 | TEMPLOG : WellhouseOne | 034.700
2016-12-16 23:36:23 | TEMPLOG : WellhouseOne | 033.800
2016-12-16 23:37:24 | TEMPLOG : Bio   Filter | 023.900
2016-12-16 23:38:26 | TEMPLOG : WellhouseOne | 031.100
2016-12-16 23:38:27 | TEMPLOG : Bio   Filter | 024.800
2016-12-16 23:39:27 | TEMPLOG : WellhouseOne | 030.200
2016-12-16 23:41:30 | TEMPLOG : WellhouseOne | 073.400
2016-12-16 23:42:31 | TEMPLOG : WellhouseOne | 104.900
2016-12-16 23:43:32 | TEMPLOG : WellhouseOne | 118.400
2016-12-16 23:44:34 | TEMPLOG : WellhouseOne | 123.800
2016-12-16 23:45:35 | TEMPLOG : WellhouseOne | 126.500
2016-12-16 23:46:36 | TEMPLOG : WellhouseOne | 129.200
2016-12-16 23:47:36 | TEMPLOG : WellhouseOne | 131.000
2016-12-16 23:48:37 | TEMPLOG : WellhouseOne | 130.100
2016-12-16 23:49:39 | TEMPLOG : WellhouseOne | 132.800
2016-12-16 23:50:40 | TEMPLOG : Bio   Filter | 023.900
2016-12-16 23:52:44 | TEMPLOG : WellhouseOne | 133.700
2016-12-16 23:53:45 | TEMPLOG : WellhouseOne | 134.600
2016-12-16 23:53:45 | TEMPLOG : Table    One | 023.900
2016-12-16 23:54:46 | TEMPLOG : WellhouseOne | 110.300
2016-12-16 23:55:48 | TEMPLOG : WellhouseOne | 077.900
2016-12-16 23:56:48 | TEMPLOG : WellhouseOne | 063.500
2016-12-16 23:57:49 | TEMPLOG : WellhouseOne | 055.400
2016-12-16 23:58:50 | TEMPLOG : WellhouseOne | 049.100
2016-12-16 23:59:52 | TEMPLOG : WellhouseOne | 043.700
