2016-12-12 00:00:27 | TEMPLOG : WellhouseOne | 059.000
2016-12-12 00:00:27 | TEMPLOG : Bio   Filter | 029.300
2016-12-12 00:00:27 | TEMPLOG : To   GeoLoop | 041.900
2016-12-12 00:00:28 | TEMPLOG : Table    One | 029.300
2016-12-12 00:01:28 | TEMPLOG : WellhouseOne | 053.600
2016-12-12 00:02:29 | TEMPLOG : WellhouseOne | 051.800
2016-12-12 00:02:29 | TEMPLOG : To   GeoLoop | 041.000
2016-12-12 00:03:30 | TEMPLOG : WellhouseOne | 050.000
2016-12-12 00:04:31 | TEMPLOG : WellhouseOne | 048.200
2016-12-12 00:05:32 | TEMPLOG : WellhouseOne | 046.400
2016-12-12 00:05:33 | TEMPLOG : To   GeoLoop | 041.900
2016-12-12 00:06:33 | TEMPLOG : WellhouseOne | 045.500
2016-12-12 00:06:34 | TEMPLOG : To   GeoLoop | 041.000
2016-12-12 00:07:34 | TEMPLOG : WellhouseOne | 044.600
2016-12-12 00:08:35 | TEMPLOG : WellhouseOne | 043.700
2016-12-12 00:08:36 | TEMPLOG : To   GeoLoop | 041.900
2016-12-12 00:09:38 | TEMPLOG : To   GeoLoop | 041.000
2016-12-12 00:11:40 | TEMPLOG : WellhouseOne | 041.900
2016-12-12 00:12:40 | TEMPLOG : WellhouseOne | 042.800
2016-12-12 00:14:43 | TEMPLOG : WellhouseOne | 041.900
2016-12-12 00:16:47 | TEMPLOG : Table    One | 028.400
2016-12-12 00:17:47 | TEMPLOG : WellhouseOne | 041.000
2016-12-12 00:17:48 | TEMPLOG : Table    One | 029.300
2016-12-12 00:18:49 | TEMPLOG : WellhouseOne | 088.700
2016-12-12 00:18:49 | TEMPLOG : Bio   Filter | 028.400
2016-12-12 00:18:50 | TEMPLOG : Table    One | 028.400
2016-12-12 00:19:50 | TEMPLOG : WellhouseOne | 113.900
2016-12-12 00:20:51 | TEMPLOG : WellhouseOne | 124.700
2016-12-12 00:21:53 | TEMPLOG : WellhouseOne | 131.000
2016-12-12 00:22:55 | TEMPLOG : WellhouseOne | 134.600
2016-12-12 00:23:56 | TEMPLOG : WellhouseOne | 137.300
2016-12-12 00:24:57 | TEMPLOG : WellhouseOne | 139.100
2016-12-12 00:25:59 | TEMPLOG : WellhouseOne | 101.300
2016-12-12 00:27:01 | TEMPLOG : WellhouseOne | 084.200
2016-12-12 00:28:02 | TEMPLOG : WellhouseOne | 073.400
2016-12-12 00:29:03 | TEMPLOG : WellhouseOne | 066.200
2016-12-12 00:30:04 | TEMPLOG : WellhouseOne | 060.800
2016-12-12 00:31:05 | TEMPLOG : WellhouseOne | 057.200
2016-12-12 00:32:06 | TEMPLOG : WellhouseOne | 054.500
2016-12-12 00:33:07 | TEMPLOG : WellhouseOne | 052.700
2016-12-12 00:34:08 | TEMPLOG : WellhouseOne | 050.000
2016-12-12 00:35:09 | TEMPLOG : WellhouseOne | 048.200
2016-12-12 00:37:11 | TEMPLOG : WellhouseOne | 047.300
2016-12-12 00:38:13 | TEMPLOG : WellhouseOne | 046.400
2016-12-12 00:39:14 | TEMPLOG : WellhouseOne | 045.500
2016-12-12 00:41:17 | TEMPLOG : WellhouseOne | 044.600
2016-12-12 00:43:19 | TEMPLOG : WellhouseOne | 043.700
2016-12-12 00:44:21 | TEMPLOG : WellhouseOne | 042.800
2016-12-12 00:46:25 | TEMPLOG : WellhouseOne | 041.000
2016-12-12 00:47:26 | TEMPLOG : WellhouseOne | 040.100
2016-12-12 00:48:27 | TEMPLOG : WellhouseOne | 095.000
2016-12-12 00:49:28 | TEMPLOG : WellhouseOne | 115.700
2016-12-12 00:50:29 | TEMPLOG : WellhouseOne | 127.400
2016-12-12 00:51:31 | TEMPLOG : WellhouseOne | 131.900
2016-12-12 00:52:31 | TEMPLOG : WellhouseOne | 135.500
2016-12-12 00:53:33 | TEMPLOG : WellhouseOne | 138.200
2016-12-12 00:54:34 | TEMPLOG : WellhouseOne | 111.200
2016-12-12 00:55:35 | TEMPLOG : WellhouseOne | 089.600
2016-12-12 00:56:36 | TEMPLOG : WellhouseOne | 077.900
2016-12-12 00:57:37 | TEMPLOG : WellhouseOne | 068.000
2016-12-12 00:58:39 | TEMPLOG : WellhouseOne | 062.600
2016-12-12 00:59:41 | TEMPLOG : WellhouseOne | 058.100
2016-12-12 01:00:42 | TEMPLOG : WellhouseOne | 054.500
2016-12-12 01:00:42 | TEMPLOG : Bio   Filter | 028.400
2016-12-12 01:00:42 | TEMPLOG : To   GeoLoop | 041.000
2016-12-12 01:00:43 | TEMPLOG : Table    One | 028.400
2016-12-12 01:01:43 | TEMPLOG : WellhouseOne | 052.700
2016-12-12 01:01:43 | TEMPLOG : Bio   Filter | 027.500
2016-12-12 01:02:44 | TEMPLOG : WellhouseOne | 050.000
2016-12-12 01:02:44 | TEMPLOG : Bio   Filter | 028.400
2016-12-12 01:03:45 | TEMPLOG : WellhouseOne | 048.200
2016-12-12 01:04:46 | TEMPLOG : WellhouseOne | 047.300
2016-12-12 01:04:46 | TEMPLOG : Bio   Filter | 027.500
2016-12-12 01:05:47 | TEMPLOG : WellhouseOne | 046.400
2016-12-12 01:05:47 | TEMPLOG : Bio   Filter | 028.400
2016-12-12 01:06:48 | TEMPLOG : WellhouseOne | 045.500
2016-12-12 01:06:48 | TEMPLOG : Bio   Filter | 027.500
2016-12-12 01:07:49 | TEMPLOG : WellhouseOne | 044.600
2016-12-12 01:08:50 | TEMPLOG : WellhouseOne | 043.700
2016-12-12 01:09:51 | TEMPLOG : WellhouseOne | 042.800
2016-12-12 01:12:56 | TEMPLOG : To   GeoLoop | 040.100
2016-12-12 01:13:57 | TEMPLOG : WellhouseOne | 041.900
2016-12-12 01:13:58 | TEMPLOG : To   GeoLoop | 041.000
2016-12-12 01:15:59 | TEMPLOG : WellhouseOne | 040.100
2016-12-12 01:17:00 | TEMPLOG : WellhouseOne | 095.000
2016-12-12 01:18:01 | TEMPLOG : WellhouseOne | 115.700
2016-12-12 01:19:03 | TEMPLOG : WellhouseOne | 123.800
2016-12-12 01:19:03 | TEMPLOG : To   GeoLoop | 040.100
2016-12-12 01:20:03 | TEMPLOG : WellhouseOne | 131.900
2016-12-12 01:20:05 | TEMPLOG : Table    One | 027.500
2016-12-12 01:21:05 | TEMPLOG : WellhouseOne | 134.600
2016-12-12 01:21:06 | TEMPLOG : Table    One | 028.400
2016-12-12 01:22:07 | TEMPLOG : WellhouseOne | 136.400
2016-12-12 01:23:08 | TEMPLOG : WellhouseOne | 109.400
2016-12-12 01:24:09 | TEMPLOG : WellhouseOne | 088.700
2016-12-12 01:25:10 | TEMPLOG : WellhouseOne | 077.000
2016-12-12 01:26:10 | TEMPLOG : WellhouseOne | 068.000
2016-12-12 01:27:11 | TEMPLOG : WellhouseOne | 062.600
2016-12-12 01:28:12 | TEMPLOG : WellhouseOne | 058.100
2016-12-12 01:29:13 | TEMPLOG : WellhouseOne | 054.500
2016-12-12 01:30:14 | TEMPLOG : WellhouseOne | 051.800
2016-12-12 01:30:15 | TEMPLOG : Table    One | 027.500
2016-12-12 01:31:15 | TEMPLOG : WellhouseOne | 050.000
2016-12-12 01:32:16 | TEMPLOG : WellhouseOne | 048.200
2016-12-12 01:33:17 | TEMPLOG : WellhouseOne | 047.300
2016-12-12 01:33:19 | TEMPLOG : Table    One | 028.400
2016-12-12 01:34:19 | TEMPLOG : WellhouseOne | 046.400
2016-12-12 01:35:20 | TEMPLOG : WellhouseOne | 045.500
2016-12-12 01:36:21 | TEMPLOG : WellhouseOne | 044.600
2016-12-12 01:37:24 | TEMPLOG : WellhouseOne | 043.700
2016-12-12 01:38:25 | TEMPLOG : WellhouseOne | 041.900
2016-12-12 01:40:26 | TEMPLOG : WellhouseOne | 041.000
2016-12-12 01:41:28 | TEMPLOG : WellhouseOne | 040.100
2016-12-12 01:43:30 | TEMPLOG : WellhouseOne | 041.000
2016-12-12 01:44:32 | TEMPLOG : WellhouseOne | 039.200
2016-12-12 01:45:34 | TEMPLOG : WellhouseOne | 096.800
2016-12-12 01:46:35 | TEMPLOG : WellhouseOne | 117.500
2016-12-12 01:47:36 | TEMPLOG : WellhouseOne | 126.500
2016-12-12 01:48:37 | TEMPLOG : WellhouseOne | 131.000
2016-12-12 01:49:38 | TEMPLOG : WellhouseOne | 135.500
2016-12-12 01:50:39 | TEMPLOG : WellhouseOne | 137.300
2016-12-12 01:51:41 | TEMPLOG : WellhouseOne | 104.000
2016-12-12 01:52:42 | TEMPLOG : WellhouseOne | 085.100
2016-12-12 01:53:43 | TEMPLOG : WellhouseOne | 072.500
2016-12-12 01:53:44 | TEMPLOG : Table    One | 027.500
2016-12-12 01:54:45 | TEMPLOG : WellhouseOne | 065.300
2016-12-12 01:55:46 | TEMPLOG : WellhouseOne | 059.900
2016-12-12 01:56:47 | TEMPLOG : WellhouseOne | 055.400
2016-12-12 01:57:49 | TEMPLOG : WellhouseOne | 052.700
2016-12-12 01:58:51 | TEMPLOG : WellhouseOne | 050.000
2016-12-12 01:59:52 | TEMPLOG : WellhouseOne | 049.100
2016-12-12 02:00:54 | TEMPLOG : WellhouseOne | 047.300
2016-12-12 02:00:54 | TEMPLOG : Bio   Filter | 027.500
2016-12-12 02:00:55 | TEMPLOG : To   GeoLoop | 040.100
2016-12-12 02:00:56 | TEMPLOG : Table    One | 027.500
2016-12-12 02:01:56 | TEMPLOG : WellhouseOne | 046.400
2016-12-12 02:02:58 | TEMPLOG : WellhouseOne | 045.500
2016-12-12 02:03:59 | TEMPLOG : WellhouseOne | 044.600
2016-12-12 02:05:00 | TEMPLOG : WellhouseOne | 043.700
2016-12-12 02:06:01 | TEMPLOG : WellhouseOne | 042.800
2016-12-12 02:07:02 | TEMPLOG : WellhouseOne | 041.900
2016-12-12 02:10:07 | TEMPLOG : WellhouseOne | 040.100
2016-12-12 02:11:08 | TEMPLOG : WellhouseOne | 039.200
2016-12-12 02:12:11 | TEMPLOG : WellhouseOne | 041.000
2016-12-12 02:13:12 | TEMPLOG : WellhouseOne | 101.300
2016-12-12 02:14:13 | TEMPLOG : WellhouseOne | 117.500
2016-12-12 02:15:14 | TEMPLOG : WellhouseOne | 125.600
2016-12-12 02:16:15 | TEMPLOG : WellhouseOne | 131.000
2016-12-12 02:17:17 | TEMPLOG : WellhouseOne | 134.600
2016-12-12 02:18:18 | TEMPLOG : WellhouseOne | 136.400
2016-12-12 02:19:19 | TEMPLOG : WellhouseOne | 137.300
2016-12-12 02:20:20 | TEMPLOG : WellhouseOne | 108.500
2016-12-12 02:21:21 | TEMPLOG : WellhouseOne | 086.000
2016-12-12 02:22:22 | TEMPLOG : WellhouseOne | 073.400
2016-12-12 02:22:23 | TEMPLOG : Bio   Filter | 026.600
2016-12-12 02:23:23 | TEMPLOG : WellhouseOne | 066.200
2016-12-12 02:24:25 | TEMPLOG : WellhouseOne | 060.800
2016-12-12 02:25:26 | TEMPLOG : WellhouseOne | 056.300
2016-12-12 02:26:27 | TEMPLOG : WellhouseOne | 052.700
2016-12-12 02:27:29 | TEMPLOG : WellhouseOne | 050.900
2016-12-12 02:28:30 | TEMPLOG : WellhouseOne | 049.100
2016-12-12 02:29:31 | TEMPLOG : WellhouseOne | 047.300
2016-12-12 02:30:32 | TEMPLOG : WellhouseOne | 046.400
2016-12-12 02:31:33 | TEMPLOG : WellhouseOne | 045.500
2016-12-12 02:32:34 | TEMPLOG : WellhouseOne | 044.600
2016-12-12 02:33:35 | TEMPLOG : WellhouseOne | 043.700
2016-12-12 02:35:37 | TEMPLOG : WellhouseOne | 042.800
2016-12-12 02:36:39 | TEMPLOG : WellhouseOne | 041.900
2016-12-12 02:38:41 | TEMPLOG : WellhouseOne | 041.000
2016-12-12 02:40:45 | TEMPLOG : WellhouseOne | 040.100
2016-12-12 02:41:45 | TEMPLOG : WellhouseOne | 084.200
2016-12-12 02:42:46 | TEMPLOG : WellhouseOne | 110.300
2016-12-12 02:43:49 | TEMPLOG : WellhouseOne | 122.900
2016-12-12 02:43:49 | TEMPLOG : To   GeoLoop | 039.200
2016-12-12 02:44:50 | TEMPLOG : WellhouseOne | 131.000
2016-12-12 02:44:50 | TEMPLOG : To   GeoLoop | 040.100
2016-12-12 02:45:51 | TEMPLOG : WellhouseOne | 134.600
2016-12-12 02:45:52 | TEMPLOG : To   GeoLoop | 039.200
2016-12-12 02:46:53 | TEMPLOG : WellhouseOne | 136.400
2016-12-12 02:47:53 | TEMPLOG : WellhouseOne | 137.300
2016-12-12 02:47:54 | TEMPLOG : To   GeoLoop | 040.100
2016-12-12 02:48:54 | TEMPLOG : WellhouseOne | 128.300
2016-12-12 02:48:55 | TEMPLOG : To   GeoLoop | 039.200
2016-12-12 02:49:55 | TEMPLOG : WellhouseOne | 095.000
2016-12-12 02:49:56 | TEMPLOG : To   GeoLoop | 040.100
2016-12-12 02:50:56 | TEMPLOG : WellhouseOne | 079.700
2016-12-12 02:50:56 | TEMPLOG : To   GeoLoop | 039.200
2016-12-12 02:51:57 | TEMPLOG : WellhouseOne | 069.800
2016-12-12 02:52:58 | TEMPLOG : WellhouseOne | 063.500
2016-12-12 02:53:58 | TEMPLOG : WellhouseOne | 059.000
2016-12-12 02:53:59 | TEMPLOG : Table    One | 026.600
2016-12-12 02:55:00 | TEMPLOG : WellhouseOne | 055.400
2016-12-12 02:55:01 | TEMPLOG : Table    One | 027.500
2016-12-12 02:56:01 | TEMPLOG : WellhouseOne | 052.700
2016-12-12 02:57:01 | TEMPLOG : WellhouseOne | 050.900
2016-12-12 02:58:04 | TEMPLOG : WellhouseOne | 049.100
2016-12-12 02:59:05 | TEMPLOG : WellhouseOne | 047.300
2016-12-12 03:00:06 | TEMPLOG : WellhouseOne | 046.400
2016-12-12 03:00:07 | TEMPLOG : Bio   Filter | 026.600
2016-12-12 03:00:08 | TEMPLOG : To   GeoLoop | 040.100
2016-12-12 03:00:08 | TEMPLOG : Table    One | 026.600
2016-12-12 03:01:08 | TEMPLOG : WellhouseOne | 045.500
2016-12-12 03:01:09 | TEMPLOG : To   GeoLoop | 039.200
2016-12-12 03:02:09 | TEMPLOG : WellhouseOne | 044.600
2016-12-12 03:02:11 | TEMPLOG : Table    One | 027.500
2016-12-12 03:04:12 | TEMPLOG : WellhouseOne | 043.700
2016-12-12 03:05:14 | TEMPLOG : WellhouseOne | 042.800
2016-12-12 03:06:15 | TEMPLOG : WellhouseOne | 041.900
2016-12-12 03:07:17 | TEMPLOG : Table    One | 026.600
2016-12-12 03:08:17 | TEMPLOG : WellhouseOne | 041.000
2016-12-12 03:09:18 | TEMPLOG : WellhouseOne | 040.100
2016-12-12 03:10:20 | TEMPLOG : WellhouseOne | 045.500
2016-12-12 03:11:21 | TEMPLOG : WellhouseOne | 100.400
2016-12-12 03:12:23 | TEMPLOG : WellhouseOne | 115.700
2016-12-12 03:13:24 | TEMPLOG : WellhouseOne | 124.700
2016-12-12 03:14:25 | TEMPLOG : WellhouseOne | 130.100
2016-12-12 03:15:26 | TEMPLOG : WellhouseOne | 132.800
2016-12-12 03:16:27 | TEMPLOG : WellhouseOne | 135.500
2016-12-12 03:17:30 | TEMPLOG : WellhouseOne | 137.300
2016-12-12 03:18:32 | TEMPLOG : WellhouseOne | 138.200
2016-12-12 03:19:34 | TEMPLOG : WellhouseOne | 139.100
2016-12-12 03:20:35 | TEMPLOG : WellhouseOne | 118.400
2016-12-12 03:21:37 | TEMPLOG : WellhouseOne | 093.200
2016-12-12 03:22:37 | TEMPLOG : WellhouseOne | 078.800
2016-12-12 03:23:39 | TEMPLOG : WellhouseOne | 069.800
2016-12-12 03:24:40 | TEMPLOG : WellhouseOne | 064.400
2016-12-12 03:25:41 | TEMPLOG : WellhouseOne | 059.900
2016-12-12 03:26:43 | TEMPLOG : WellhouseOne | 056.300
2016-12-12 03:27:44 | TEMPLOG : WellhouseOne | 053.600
2016-12-12 03:28:45 | TEMPLOG : WellhouseOne | 050.900
2016-12-12 03:29:47 | TEMPLOG : WellhouseOne | 050.000
2016-12-12 03:30:48 | TEMPLOG : WellhouseOne | 048.200
2016-12-12 03:31:49 | TEMPLOG : WellhouseOne | 047.300
2016-12-12 03:32:50 | TEMPLOG : WellhouseOne | 046.400
2016-12-12 03:33:52 | TEMPLOG : WellhouseOne | 045.500
2016-12-12 03:34:52 | TEMPLOG : WellhouseOne | 044.600
2016-12-12 03:35:55 | TEMPLOG : WellhouseOne | 043.700
2016-12-12 03:36:56 | TEMPLOG : WellhouseOne | 042.800
2016-12-12 03:37:57 | TEMPLOG : WellhouseOne | 041.900
2016-12-12 03:41:00 | TEMPLOG : WellhouseOne | 041.000
2016-12-12 03:42:01 | TEMPLOG : WellhouseOne | 050.000
2016-12-12 03:43:02 | TEMPLOG : WellhouseOne | 103.100
2016-12-12 03:44:03 | TEMPLOG : WellhouseOne | 119.300
2016-12-12 03:45:04 | TEMPLOG : WellhouseOne | 127.400
2016-12-12 03:46:05 | TEMPLOG : WellhouseOne | 131.900
2016-12-12 03:47:06 | TEMPLOG : WellhouseOne | 134.600
2016-12-12 03:48:07 | TEMPLOG : WellhouseOne | 137.300
2016-12-12 03:50:10 | TEMPLOG : WellhouseOne | 103.100
2016-12-12 03:51:11 | TEMPLOG : WellhouseOne | 085.100
2016-12-12 03:52:12 | TEMPLOG : WellhouseOne | 073.400
2016-12-12 03:53:13 | TEMPLOG : WellhouseOne | 064.400
2016-12-12 03:54:14 | TEMPLOG : WellhouseOne | 059.900
2016-12-12 03:55:16 | TEMPLOG : WellhouseOne | 054.500
2016-12-12 03:56:17 | TEMPLOG : WellhouseOne | 051.800
2016-12-12 03:57:19 | TEMPLOG : WellhouseOne | 050.900
2016-12-12 03:58:21 | TEMPLOG : WellhouseOne | 048.200
2016-12-12 03:59:22 | TEMPLOG : WellhouseOne | 047.300
2016-12-12 04:00:23 | TEMPLOG : WellhouseOne | 046.400
2016-12-12 04:00:23 | TEMPLOG : Bio   Filter | 026.600
2016-12-12 04:00:23 | TEMPLOG : To   GeoLoop | 039.200
2016-12-12 04:00:24 | TEMPLOG : Table    One | 026.600
2016-12-12 04:01:24 | TEMPLOG : WellhouseOne | 045.500
2016-12-12 04:01:24 | TEMPLOG : Bio   Filter | 025.700
2016-12-12 04:02:25 | TEMPLOG : WellhouseOne | 044.600
2016-12-12 04:02:25 | TEMPLOG : Bio   Filter | 026.600
2016-12-12 04:03:26 | TEMPLOG : WellhouseOne | 043.700
2016-12-12 04:05:28 | TEMPLOG : WellhouseOne | 042.800
2016-12-12 04:06:30 | TEMPLOG : WellhouseOne | 041.900
2016-12-12 04:08:35 | TEMPLOG : WellhouseOne | 041.000
2016-12-12 04:09:35 | TEMPLOG : WellhouseOne | 040.100
2016-12-12 04:10:36 | TEMPLOG : WellhouseOne | 076.100
2016-12-12 04:11:37 | TEMPLOG : WellhouseOne | 107.600
2016-12-12 04:12:38 | TEMPLOG : WellhouseOne | 122.000
2016-12-12 04:13:39 | TEMPLOG : WellhouseOne | 127.400
2016-12-12 04:14:40 | TEMPLOG : WellhouseOne | 132.800
2016-12-12 04:15:41 | TEMPLOG : WellhouseOne | 134.600
2016-12-12 04:16:43 | TEMPLOG : WellhouseOne | 135.500
2016-12-12 04:17:44 | TEMPLOG : WellhouseOne | 136.400
2016-12-12 04:18:46 | TEMPLOG : WellhouseOne | 137.300
2016-12-12 04:19:47 | TEMPLOG : WellhouseOne | 121.100
2016-12-12 04:20:48 | TEMPLOG : WellhouseOne | 094.100
2016-12-12 04:21:49 | TEMPLOG : WellhouseOne | 079.700
2016-12-12 04:22:50 | TEMPLOG : WellhouseOne | 069.800
2016-12-12 04:23:51 | TEMPLOG : WellhouseOne | 063.500
2016-12-12 04:24:52 | TEMPLOG : WellhouseOne | 059.000
2016-12-12 04:25:53 | TEMPLOG : WellhouseOne | 055.400
2016-12-12 04:26:54 | TEMPLOG : WellhouseOne | 052.700
2016-12-12 04:27:55 | TEMPLOG : WellhouseOne | 050.900
2016-12-12 04:28:56 | TEMPLOG : WellhouseOne | 049.100
2016-12-12 04:29:57 | TEMPLOG : WellhouseOne | 048.200
2016-12-12 04:30:59 | TEMPLOG : WellhouseOne | 046.400
2016-12-12 04:31:59 | TEMPLOG : WellhouseOne | 045.500
2016-12-12 04:33:01 | TEMPLOG : WellhouseOne | 043.700
2016-12-12 04:35:02 | TEMPLOG : WellhouseOne | 042.800
2016-12-12 04:37:05 | TEMPLOG : WellhouseOne | 041.900
2016-12-12 04:38:06 | TEMPLOG : WellhouseOne | 041.000
2016-12-12 04:41:09 | TEMPLOG : WellhouseOne | 086.900
2016-12-12 04:42:12 | TEMPLOG : WellhouseOne | 111.200
2016-12-12 04:43:13 | TEMPLOG : WellhouseOne | 122.900
2016-12-12 04:44:14 | TEMPLOG : WellhouseOne | 129.200
2016-12-12 04:45:16 | TEMPLOG : WellhouseOne | 132.800
2016-12-12 04:46:17 | TEMPLOG : WellhouseOne | 135.500
2016-12-12 04:47:18 | TEMPLOG : WellhouseOne | 137.300
2016-12-12 04:48:19 | TEMPLOG : WellhouseOne | 136.400
2016-12-12 04:49:21 | TEMPLOG : WellhouseOne | 098.600
2016-12-12 04:50:21 | TEMPLOG : WellhouseOne | 082.400
2016-12-12 04:51:22 | TEMPLOG : WellhouseOne | 072.500
2016-12-12 04:52:23 | TEMPLOG : WellhouseOne | 065.300
2016-12-12 04:53:24 | TEMPLOG : WellhouseOne | 059.900
2016-12-12 04:54:25 | TEMPLOG : WellhouseOne | 057.200
2016-12-12 04:55:27 | TEMPLOG : WellhouseOne | 053.600
2016-12-12 04:56:28 | TEMPLOG : WellhouseOne | 050.900
2016-12-12 04:57:29 | TEMPLOG : WellhouseOne | 049.100
2016-12-12 04:58:30 | TEMPLOG : WellhouseOne | 047.300
2016-12-12 04:59:31 | TEMPLOG : WellhouseOne | 046.400
2016-12-12 05:00:32 | TEMPLOG : WellhouseOne | 046.400
2016-12-12 05:00:32 | TEMPLOG : Bio   Filter | 026.600
2016-12-12 05:00:33 | TEMPLOG : To   GeoLoop | 039.200
2016-12-12 05:00:33 | TEMPLOG : Table    One | 026.600
2016-12-12 05:01:33 | TEMPLOG : WellhouseOne | 045.500
2016-12-12 05:02:35 | TEMPLOG : WellhouseOne | 043.700
2016-12-12 05:03:36 | TEMPLOG : WellhouseOne | 042.800
2016-12-12 05:05:39 | TEMPLOG : WellhouseOne | 041.900
2016-12-12 05:07:41 | TEMPLOG : WellhouseOne | 041.000
2016-12-12 05:09:43 | TEMPLOG : WellhouseOne | 052.700
2016-12-12 05:10:45 | TEMPLOG : WellhouseOne | 102.200
2016-12-12 05:11:48 | TEMPLOG : WellhouseOne | 116.600
2016-12-12 05:12:49 | TEMPLOG : WellhouseOne | 123.800
2016-12-12 05:13:49 | TEMPLOG : WellhouseOne | 129.200
2016-12-12 05:14:50 | TEMPLOG : WellhouseOne | 132.800
2016-12-12 05:15:53 | TEMPLOG : WellhouseOne | 134.600
2016-12-12 05:16:54 | TEMPLOG : WellhouseOne | 136.400
2016-12-12 05:16:55 | TEMPLOG : To   GeoLoop | 038.300
2016-12-12 05:17:56 | TEMPLOG : WellhouseOne | 138.200
2016-12-12 05:17:57 | TEMPLOG : To   GeoLoop | 039.200
2016-12-12 05:18:58 | TEMPLOG : WellhouseOne | 106.700
2016-12-12 05:19:58 | TEMPLOG : WellhouseOne | 087.800
2016-12-12 05:19:59 | TEMPLOG : To   GeoLoop | 038.300
2016-12-12 05:21:00 | TEMPLOG : WellhouseOne | 075.200
2016-12-12 05:22:01 | TEMPLOG : WellhouseOne | 067.100
2016-12-12 05:23:02 | TEMPLOG : WellhouseOne | 061.700
2016-12-12 05:24:03 | TEMPLOG : WellhouseOne | 058.100
2016-12-12 05:24:04 | TEMPLOG : To   GeoLoop | 039.200
2016-12-12 05:25:04 | TEMPLOG : WellhouseOne | 054.500
2016-12-12 05:25:04 | TEMPLOG : To   GeoLoop | 038.300
2016-12-12 05:26:05 | TEMPLOG : WellhouseOne | 052.700
2016-12-12 05:27:06 | TEMPLOG : WellhouseOne | 050.900
2016-12-12 05:28:07 | TEMPLOG : WellhouseOne | 049.100
2016-12-12 05:29:09 | TEMPLOG : WellhouseOne | 048.200
2016-12-12 05:30:10 | TEMPLOG : WellhouseOne | 047.300
2016-12-12 05:31:10 | TEMPLOG : WellhouseOne | 046.400
2016-12-12 05:32:11 | TEMPLOG : WellhouseOne | 045.500
2016-12-12 05:33:13 | TEMPLOG : WellhouseOne | 044.600
2016-12-12 05:33:13 | TEMPLOG : To   GeoLoop | 039.200
2016-12-12 05:33:13 | TEMPLOG : Table    One | 027.500
2016-12-12 05:34:13 | TEMPLOG : WellhouseOne | 043.700
2016-12-12 05:34:14 | TEMPLOG : To   GeoLoop | 038.300
2016-12-12 05:34:15 | TEMPLOG : Table    One | 026.600
2016-12-12 05:35:15 | TEMPLOG : WellhouseOne | 042.800
2016-12-12 05:37:19 | TEMPLOG : To   GeoLoop | 039.200
2016-12-12 05:38:20 | TEMPLOG : WellhouseOne | 041.900
2016-12-12 05:38:21 | TEMPLOG : To   GeoLoop | 038.300
2016-12-12 05:39:22 | TEMPLOG : Table    One | 027.500
2016-12-12 05:40:22 | TEMPLOG : WellhouseOne | 087.800
2016-12-12 05:41:24 | TEMPLOG : WellhouseOne | 111.200
2016-12-12 05:42:25 | TEMPLOG : WellhouseOne | 120.200
2016-12-12 05:43:27 | TEMPLOG : WellhouseOne | 127.400
2016-12-12 05:44:28 | TEMPLOG : WellhouseOne | 130.100
2016-12-12 05:45:30 | TEMPLOG : WellhouseOne | 132.800
2016-12-12 05:45:30 | TEMPLOG : To   GeoLoop | 039.200
2016-12-12 05:46:31 | TEMPLOG : WellhouseOne | 135.500
2016-12-12 05:46:31 | TEMPLOG : To   GeoLoop | 038.300
2016-12-12 05:47:32 | TEMPLOG : WellhouseOne | 138.200
2016-12-12 05:47:32 | TEMPLOG : To   GeoLoop | 039.200
2016-12-12 05:48:33 | TEMPLOG : WellhouseOne | 139.100
2016-12-12 05:48:33 | TEMPLOG : To   GeoLoop | 038.300
2016-12-12 05:49:34 | TEMPLOG : WellhouseOne | 104.900
2016-12-12 05:50:35 | TEMPLOG : WellhouseOne | 086.900
2016-12-12 05:51:36 | TEMPLOG : WellhouseOne | 075.200
2016-12-12 05:52:36 | TEMPLOG : WellhouseOne | 067.100
2016-12-12 05:53:38 | TEMPLOG : WellhouseOne | 060.800
2016-12-12 05:54:40 | TEMPLOG : WellhouseOne | 058.100
2016-12-12 05:54:41 | TEMPLOG : To   GeoLoop | 039.200
2016-12-12 05:55:41 | TEMPLOG : WellhouseOne | 055.400
2016-12-12 05:56:43 | TEMPLOG : WellhouseOne | 053.600
2016-12-12 05:56:43 | TEMPLOG : To   GeoLoop | 038.300
2016-12-12 05:57:44 | TEMPLOG : WellhouseOne | 050.900
2016-12-12 05:58:44 | TEMPLOG : WellhouseOne | 050.000
2016-12-12 05:59:46 | TEMPLOG : WellhouseOne | 048.200
2016-12-12 06:00:47 | TEMPLOG : WellhouseOne | 047.300
2016-12-12 06:00:47 | TEMPLOG : Bio   Filter | 026.600
2016-12-12 06:00:48 | TEMPLOG : To   GeoLoop | 038.300
2016-12-12 06:00:48 | TEMPLOG : Table    One | 027.500
2016-12-12 06:01:48 | TEMPLOG : WellhouseOne | 046.400
2016-12-12 06:02:49 | TEMPLOG : WellhouseOne | 045.500
2016-12-12 06:03:51 | TEMPLOG : WellhouseOne | 044.600
2016-12-12 06:05:53 | TEMPLOG : WellhouseOne | 043.700
2016-12-12 06:07:56 | TEMPLOG : WellhouseOne | 042.800
2016-12-12 06:11:00 | TEMPLOG : WellhouseOne | 053.600
2016-12-12 06:12:01 | TEMPLOG : WellhouseOne | 100.400
2016-12-12 06:13:02 | TEMPLOG : WellhouseOne | 116.600
2016-12-12 06:14:05 | TEMPLOG : WellhouseOne | 124.700
2016-12-12 06:15:05 | TEMPLOG : WellhouseOne | 130.100
2016-12-12 06:16:06 | TEMPLOG : WellhouseOne | 131.900
2016-12-12 06:17:08 | TEMPLOG : WellhouseOne | 132.800
2016-12-12 06:18:09 | TEMPLOG : WellhouseOne | 135.500
2016-12-12 06:19:10 | TEMPLOG : WellhouseOne | 131.900
2016-12-12 06:20:11 | TEMPLOG : WellhouseOne | 096.800
2016-12-12 06:21:13 | TEMPLOG : WellhouseOne | 081.500
2016-12-12 06:22:14 | TEMPLOG : WellhouseOne | 071.600
2016-12-12 06:23:16 | TEMPLOG : WellhouseOne | 064.400
2016-12-12 06:24:17 | TEMPLOG : WellhouseOne | 059.900
2016-12-12 06:25:19 | TEMPLOG : WellhouseOne | 055.400
2016-12-12 06:26:20 | TEMPLOG : WellhouseOne | 053.600
2016-12-12 06:27:23 | TEMPLOG : WellhouseOne | 051.800
2016-12-12 06:28:24 | TEMPLOG : WellhouseOne | 050.000
2016-12-12 06:28:24 | TEMPLOG : Table    One | 026.600
2016-12-12 06:29:25 | TEMPLOG : WellhouseOne | 048.200
2016-12-12 06:30:26 | TEMPLOG : WellhouseOne | 047.300
2016-12-12 06:31:28 | TEMPLOG : WellhouseOne | 046.400
2016-12-12 06:32:28 | TEMPLOG : WellhouseOne | 045.500
2016-12-12 06:33:29 | TEMPLOG : WellhouseOne | 044.600
2016-12-12 06:35:32 | TEMPLOG : WellhouseOne | 043.700
2016-12-12 06:36:33 | TEMPLOG : WellhouseOne | 042.800
2016-12-12 06:38:35 | TEMPLOG : WellhouseOne | 041.900
2016-12-12 06:41:39 | TEMPLOG : WellhouseOne | 095.000
2016-12-12 06:42:39 | TEMPLOG : WellhouseOne | 113.000
2016-12-12 06:43:42 | TEMPLOG : WellhouseOne | 124.700
2016-12-12 06:44:43 | TEMPLOG : WellhouseOne | 131.000
2016-12-12 06:45:44 | TEMPLOG : WellhouseOne | 133.700
2016-12-12 06:46:45 | TEMPLOG : WellhouseOne | 134.600
2016-12-12 06:47:46 | TEMPLOG : WellhouseOne | 135.500
2016-12-12 06:48:47 | TEMPLOG : WellhouseOne | 136.400
2016-12-12 06:49:49 | TEMPLOG : WellhouseOne | 103.100
2016-12-12 06:50:50 | TEMPLOG : WellhouseOne | 085.100
2016-12-12 06:51:53 | TEMPLOG : WellhouseOne | 073.400
2016-12-12 06:52:54 | TEMPLOG : WellhouseOne | 066.200
2016-12-12 06:53:55 | TEMPLOG : WellhouseOne | 059.900
2016-12-12 06:54:56 | TEMPLOG : WellhouseOne | 056.300
2016-12-12 06:55:57 | TEMPLOG : WellhouseOne | 052.700
2016-12-12 06:56:58 | TEMPLOG : WellhouseOne | 050.900
2016-12-12 06:57:59 | TEMPLOG : WellhouseOne | 049.100
2016-12-12 06:59:00 | TEMPLOG : WellhouseOne | 048.200
2016-12-12 07:00:01 | TEMPLOG : WellhouseOne | 047.300
2016-12-12 07:00:01 | TEMPLOG : Bio   Filter | 026.600
2016-12-12 07:00:01 | TEMPLOG : To   GeoLoop | 038.300
2016-12-12 07:00:02 | TEMPLOG : Table    One | 026.600
2016-12-12 07:01:02 | TEMPLOG : WellhouseOne | 046.400
2016-12-12 07:02:02 | TEMPLOG : WellhouseOne | 044.600
2016-12-12 07:04:05 | TEMPLOG : WellhouseOne | 043.700
2016-12-12 07:06:08 | TEMPLOG : WellhouseOne | 042.800
2016-12-12 07:07:08 | TEMPLOG : WellhouseOne | 041.900
2016-12-12 07:10:13 | TEMPLOG : WellhouseOne | 068.000
2016-12-12 07:11:14 | TEMPLOG : WellhouseOne | 103.100
2016-12-12 07:12:16 | TEMPLOG : WellhouseOne | 116.600
2016-12-12 07:13:17 | TEMPLOG : WellhouseOne | 122.900
2016-12-12 07:14:19 | TEMPLOG : WellhouseOne | 129.200
2016-12-12 07:14:20 | TEMPLOG : Table    One | 027.500
2016-12-12 07:15:21 | TEMPLOG : WellhouseOne | 131.000
2016-12-12 07:16:22 | TEMPLOG : WellhouseOne | 132.800
2016-12-12 07:17:23 | TEMPLOG : WellhouseOne | 133.700
2016-12-12 07:18:24 | TEMPLOG : WellhouseOne | 135.500
2016-12-12 07:20:26 | TEMPLOG : WellhouseOne | 103.100
2016-12-12 07:21:27 | TEMPLOG : WellhouseOne | 085.100
2016-12-12 07:22:29 | TEMPLOG : WellhouseOne | 074.300
2016-12-12 07:23:30 | TEMPLOG : WellhouseOne | 065.300
2016-12-12 07:24:32 | TEMPLOG : WellhouseOne | 060.800
2016-12-12 07:25:34 | TEMPLOG : WellhouseOne | 056.300
2016-12-12 07:25:35 | TEMPLOG : Bio   Filter | 027.500
2016-12-12 07:25:35 | TEMPLOG : Table    One | 028.400
2016-12-12 07:26:36 | TEMPLOG : WellhouseOne | 053.600
2016-12-12 07:27:37 | TEMPLOG : WellhouseOne | 051.800
2016-12-12 07:28:38 | TEMPLOG : WellhouseOne | 050.900
2016-12-12 07:28:40 | TEMPLOG : Table    One | 029.300
2016-12-12 07:29:40 | TEMPLOG : WellhouseOne | 050.000
2016-12-12 07:29:40 | TEMPLOG : Bio   Filter | 028.400
2016-12-12 07:29:41 | TEMPLOG : To   GeoLoop | 039.200
2016-12-12 07:30:42 | TEMPLOG : WellhouseOne | 049.100
2016-12-12 07:31:43 | TEMPLOG : WellhouseOne | 047.300
2016-12-12 07:31:44 | TEMPLOG : Table    One | 030.200
2016-12-12 07:32:44 | TEMPLOG : WellhouseOne | 046.400
2016-12-12 07:33:45 | TEMPLOG : WellhouseOne | 045.500
2016-12-12 07:33:45 | TEMPLOG : Bio   Filter | 029.300
2016-12-12 07:33:45 | TEMPLOG : Table    One | 031.100
2016-12-12 07:34:45 | TEMPLOG : WellhouseOne | 044.600
2016-12-12 07:35:47 | TEMPLOG : Bio   Filter | 030.200
2016-12-12 07:37:49 | TEMPLOG : WellhouseOne | 043.700
2016-12-12 07:39:51 | TEMPLOG : WellhouseOne | 042.800
2016-12-12 07:39:51 | TEMPLOG : Table    One | 032.900
2016-12-12 07:40:52 | TEMPLOG : Bio   Filter | 031.100
2016-12-12 07:40:53 | TEMPLOG : To   GeoLoop | 040.100
2016-12-12 07:40:53 | TEMPLOG : Table    One | 033.800
2016-12-12 07:41:53 | TEMPLOG : WellhouseOne | 075.200
2016-12-12 07:41:54 | TEMPLOG : To   GeoLoop | 039.200
2016-12-12 07:42:55 | TEMPLOG : WellhouseOne | 106.700
2016-12-12 07:43:57 | TEMPLOG : WellhouseOne | 120.200
2016-12-12 07:43:59 | TEMPLOG : To   GeoLoop | 040.100
2016-12-12 07:44:00 | TEMPLOG : Table    One | 034.700
2016-12-12 07:45:00 | TEMPLOG : WellhouseOne | 126.500
2016-12-12 07:46:02 | TEMPLOG : WellhouseOne | 131.000
2016-12-12 07:47:03 | TEMPLOG : WellhouseOne | 133.700
2016-12-12 07:48:04 | TEMPLOG : WellhouseOne | 137.300
2016-12-12 07:49:07 | TEMPLOG : WellhouseOne | 118.400
2016-12-12 07:49:08 | TEMPLOG : Table    One | 035.600
2016-12-12 07:50:08 | TEMPLOG : WellhouseOne | 092.300
2016-12-12 07:51:09 | TEMPLOG : WellhouseOne | 079.700
2016-12-12 07:51:09 | TEMPLOG : Bio   Filter | 032.900
2016-12-12 07:51:10 | TEMPLOG : Table    One | 036.500
2016-12-12 07:52:10 | TEMPLOG : WellhouseOne | 068.900
2016-12-12 07:53:11 | TEMPLOG : WellhouseOne | 063.500
2016-12-12 07:53:12 | TEMPLOG : Table    One | 037.400
2016-12-12 07:54:12 | TEMPLOG : WellhouseOne | 059.000
2016-12-12 07:54:13 | TEMPLOG : Bio   Filter | 033.800
2016-12-12 07:54:13 | TEMPLOG : Table    One | 038.300
2016-12-12 07:55:14 | TEMPLOG : WellhouseOne | 056.300
2016-12-12 07:56:15 | TEMPLOG : WellhouseOne | 053.600
2016-12-12 07:57:16 | TEMPLOG : WellhouseOne | 051.800
2016-12-12 07:58:17 | TEMPLOG : WellhouseOne | 050.900
2016-12-12 07:58:18 | TEMPLOG : Bio   Filter | 034.700
2016-12-12 07:59:18 | TEMPLOG : WellhouseOne | 049.100
2016-12-12 07:59:19 | TEMPLOG : To   GeoLoop | 041.000
2016-12-12 08:00:19 | TEMPLOG : WellhouseOne | 049.100
2016-12-12 08:00:20 | TEMPLOG : Bio   Filter | 034.700
2016-12-12 08:00:20 | TEMPLOG : To   GeoLoop | 041.000
2016-12-12 08:00:20 | TEMPLOG : Table    One | 038.300
2016-12-12 08:01:20 | TEMPLOG : WellhouseOne | 047.300
2016-12-12 08:01:21 | TEMPLOG : To   GeoLoop | 040.100
2016-12-12 08:02:22 | TEMPLOG : To   GeoLoop | 041.000
2016-12-12 08:03:22 | TEMPLOG : WellhouseOne | 046.400
2016-12-12 08:06:27 | TEMPLOG : WellhouseOne | 045.500
2016-12-12 08:06:28 | TEMPLOG : Table    One | 037.400
2016-12-12 08:07:29 | TEMPLOG : WellhouseOne | 044.600
2016-12-12 08:09:31 | TEMPLOG : WellhouseOne | 043.700
2016-12-12 08:09:32 | TEMPLOG : Table    One | 036.500
2016-12-12 08:10:33 | TEMPLOG : To   GeoLoop | 040.100
2016-12-12 08:11:33 | TEMPLOG : WellhouseOne | 051.800
2016-12-12 08:11:34 | TEMPLOG : To   GeoLoop | 041.000
2016-12-12 08:11:34 | TEMPLOG : Table    One | 035.600
2016-12-12 08:12:34 | TEMPLOG : WellhouseOne | 102.200
2016-12-12 08:12:34 | TEMPLOG : Bio   Filter | 033.800
2016-12-12 08:13:35 | TEMPLOG : WellhouseOne | 118.400
2016-12-12 08:14:36 | TEMPLOG : WellhouseOne | 126.500
2016-12-12 08:15:38 | TEMPLOG : WellhouseOne | 131.900
2016-12-12 08:16:40 | TEMPLOG : WellhouseOne | 134.600
2016-12-12 08:16:41 | TEMPLOG : To   GeoLoop | 040.100
2016-12-12 08:17:42 | TEMPLOG : WellhouseOne | 127.400
2016-12-12 08:17:43 | TEMPLOG : Table    One | 034.700
2016-12-12 08:18:43 | TEMPLOG : WellhouseOne | 095.000
2016-12-12 08:19:45 | TEMPLOG : WellhouseOne | 080.600
2016-12-12 08:19:45 | TEMPLOG : To   GeoLoop | 041.000
2016-12-12 08:19:45 | TEMPLOG : Table    One | 035.600
2016-12-12 08:20:45 | TEMPLOG : WellhouseOne | 071.600
2016-12-12 08:20:46 | TEMPLOG : Table    One | 034.700
2016-12-12 08:21:47 | TEMPLOG : WellhouseOne | 065.300
2016-12-12 08:21:47 | TEMPLOG : Table    One | 035.600
2016-12-12 08:22:47 | TEMPLOG : WellhouseOne | 060.800
2016-12-12 08:23:48 | TEMPLOG : WellhouseOne | 057.200
2016-12-12 08:24:49 | TEMPLOG : WellhouseOne | 054.500
2016-12-12 08:25:51 | TEMPLOG : WellhouseOne | 051.800
2016-12-12 08:26:52 | TEMPLOG : WellhouseOne | 050.900
2016-12-12 08:27:53 | TEMPLOG : WellhouseOne | 050.000
2016-12-12 08:28:54 | TEMPLOG : WellhouseOne | 049.100
2016-12-12 08:29:55 | TEMPLOG : WellhouseOne | 047.300
2016-12-12 08:29:56 | TEMPLOG : Bio   Filter | 034.700
2016-12-12 08:31:58 | TEMPLOG : WellhouseOne | 046.400
2016-12-12 08:31:58 | TEMPLOG : Bio   Filter | 033.800
2016-12-12 08:34:00 | TEMPLOG : WellhouseOne | 045.500
2016-12-12 08:35:01 | TEMPLOG : WellhouseOne | 044.600
2016-12-12 08:37:04 | TEMPLOG : Bio   Filter | 034.700
2016-12-12 08:39:06 | TEMPLOG : WellhouseOne | 043.700
2016-12-12 08:41:08 | TEMPLOG : WellhouseOne | 092.300
2016-12-12 08:42:09 | TEMPLOG : WellhouseOne | 116.600
2016-12-12 08:42:10 | TEMPLOG : Table    One | 036.500
2016-12-12 08:43:10 | TEMPLOG : WellhouseOne | 124.700
2016-12-12 08:44:12 | TEMPLOG : WellhouseOne | 132.800
2016-12-12 08:45:13 | TEMPLOG : WellhouseOne | 136.400
2016-12-12 08:46:14 | TEMPLOG : WellhouseOne | 111.200
2016-12-12 08:47:15 | TEMPLOG : WellhouseOne | 090.500
2016-12-12 08:48:16 | TEMPLOG : WellhouseOne | 077.000
2016-12-12 08:49:17 | TEMPLOG : WellhouseOne | 069.800
2016-12-12 08:50:18 | TEMPLOG : WellhouseOne | 064.400
2016-12-12 08:51:19 | TEMPLOG : WellhouseOne | 059.900
2016-12-12 08:51:20 | TEMPLOG : Table    One | 037.400
2016-12-12 08:52:20 | TEMPLOG : WellhouseOne | 057.200
2016-12-12 08:53:22 | TEMPLOG : WellhouseOne | 054.500
2016-12-12 08:54:24 | TEMPLOG : WellhouseOne | 052.700
2016-12-12 08:55:25 | TEMPLOG : WellhouseOne | 050.900
2016-12-12 08:55:26 | TEMPLOG : Bio   Filter | 035.600
2016-12-12 08:56:27 | TEMPLOG : WellhouseOne | 050.000
2016-12-12 08:57:28 | TEMPLOG : WellhouseOne | 049.100
2016-12-12 08:57:29 | TEMPLOG : Table    One | 038.300
2016-12-12 08:58:29 | TEMPLOG : WellhouseOne | 048.200
2016-12-12 08:58:31 | TEMPLOG : To   GeoLoop | 041.900
2016-12-12 08:59:31 | TEMPLOG : WellhouseOne | 047.300
2016-12-12 08:59:31 | TEMPLOG : Bio   Filter | 036.500
2016-12-12 09:00:32 | TEMPLOG : WellhouseOne | 047.300
2016-12-12 09:00:32 | TEMPLOG : Bio   Filter | 036.500
2016-12-12 09:00:33 | TEMPLOG : To   GeoLoop | 041.900
2016-12-12 09:00:33 | TEMPLOG : Table    One | 038.300
2016-12-12 09:01:33 | TEMPLOG : WellhouseOne | 046.400
2016-12-12 09:02:35 | TEMPLOG : Table    One | 039.200
2016-12-12 09:03:35 | TEMPLOG : WellhouseOne | 045.500
2016-12-12 09:04:37 | TEMPLOG : Bio   Filter | 037.400
2016-12-12 09:05:38 | TEMPLOG : WellhouseOne | 044.600
2016-12-12 09:08:42 | TEMPLOG : WellhouseOne | 045.500
2016-12-12 09:09:43 | TEMPLOG : WellhouseOne | 071.600
2016-12-12 09:10:44 | TEMPLOG : WellhouseOne | 110.300
2016-12-12 09:11:46 | TEMPLOG : WellhouseOne | 125.600
2016-12-12 09:12:47 | TEMPLOG : WellhouseOne | 132.800
2016-12-12 09:13:48 | TEMPLOG : WellhouseOne | 129.200
2016-12-12 09:13:48 | TEMPLOG : Bio   Filter | 038.300
2016-12-12 09:13:49 | TEMPLOG : Table    One | 040.100
2016-12-12 09:14:49 | TEMPLOG : WellhouseOne | 095.900
2016-12-12 09:15:50 | TEMPLOG : WellhouseOne | 081.500
2016-12-12 09:16:52 | TEMPLOG : WellhouseOne | 071.600
2016-12-12 09:17:53 | TEMPLOG : WellhouseOne | 065.300
2016-12-12 09:17:53 | TEMPLOG : Bio   Filter | 039.200
2016-12-12 09:18:54 | TEMPLOG : WellhouseOne | 061.700
2016-12-12 09:19:55 | TEMPLOG : WellhouseOne | 058.100
2016-12-12 09:20:56 | TEMPLOG : WellhouseOne | 055.400
2016-12-12 09:20:57 | TEMPLOG : To   GeoLoop | 042.800
2016-12-12 09:20:57 | TEMPLOG : Table    One | 041.000
2016-12-12 09:21:58 | TEMPLOG : WellhouseOne | 053.600
2016-12-12 09:22:58 | TEMPLOG : WellhouseOne | 052.700
2016-12-12 09:22:59 | TEMPLOG : Bio   Filter | 040.100
2016-12-12 09:24:00 | TEMPLOG : WellhouseOne | 050.900
2016-12-12 09:25:01 | TEMPLOG : WellhouseOne | 050.000
2016-12-12 09:26:02 | TEMPLOG : WellhouseOne | 049.100
2016-12-12 09:26:02 | TEMPLOG : Bio   Filter | 041.000
2016-12-12 09:27:04 | TEMPLOG : Table    One | 041.900
2016-12-12 09:28:04 | TEMPLOG : WellhouseOne | 048.200
2016-12-12 09:29:05 | TEMPLOG : WellhouseOne | 047.300
2016-12-12 09:29:05 | TEMPLOG : Bio   Filter | 041.900
2016-12-12 09:30:06 | TEMPLOG : Bio   Filter | 042.800
2016-12-12 09:30:06 | TEMPLOG : Table    One | 042.800
2016-12-12 09:31:07 | TEMPLOG : WellhouseOne | 046.400
2016-12-12 09:31:07 | TEMPLOG : Bio   Filter | 043.700
2016-12-12 09:32:08 | TEMPLOG : To   GeoLoop | 043.700
2016-12-12 09:33:09 | TEMPLOG : WellhouseOne | 045.500
2016-12-12 09:33:09 | TEMPLOG : Bio   Filter | 044.600
2016-12-12 09:33:10 | TEMPLOG : Table    One | 043.700
2016-12-12 09:34:10 | TEMPLOG : Bio   Filter | 045.500
2016-12-12 09:35:11 | TEMPLOG : WellhouseOne | 044.600
2016-12-12 09:35:11 | TEMPLOG : Bio   Filter | 046.400
2016-12-12 09:35:12 | TEMPLOG : Table    One | 044.600
2016-12-12 09:37:14 | TEMPLOG : Bio   Filter | 047.300
2016-12-12 09:37:14 | TEMPLOG : Table    One | 045.500
2016-12-12 09:38:14 | TEMPLOG : WellhouseOne | 077.900
2016-12-12 09:38:15 | TEMPLOG : Bio   Filter | 048.200
2016-12-12 09:39:15 | TEMPLOG : WellhouseOne | 113.000
2016-12-12 09:39:16 | TEMPLOG : To   GeoLoop | 044.600
2016-12-12 09:39:16 | TEMPLOG : Table    One | 046.400
2016-12-12 09:40:17 | TEMPLOG : WellhouseOne | 125.600
2016-12-12 09:40:17 | TEMPLOG : Bio   Filter | 049.100
2016-12-12 09:40:17 | TEMPLOG : Table    One | 047.300
2016-12-12 09:41:18 | TEMPLOG : WellhouseOne | 132.800
2016-12-12 09:41:19 | TEMPLOG : Bio   Filter | 050.000
2016-12-12 09:42:20 | TEMPLOG : WellhouseOne | 131.000
2016-12-12 09:42:20 | TEMPLOG : Bio   Filter | 050.900
2016-12-12 09:42:21 | TEMPLOG : Table    One | 048.200
2016-12-12 09:43:21 | TEMPLOG : WellhouseOne | 095.900
2016-12-12 09:44:21 | TEMPLOG : WellhouseOne | 079.700
2016-12-12 09:44:22 | TEMPLOG : Bio   Filter | 051.800
2016-12-12 09:45:23 | TEMPLOG : WellhouseOne | 070.700
2016-12-12 09:45:23 | TEMPLOG : Table    One | 049.100
2016-12-12 09:46:24 | TEMPLOG : WellhouseOne | 064.400
2016-12-12 09:46:24 | TEMPLOG : Bio   Filter | 052.700
2016-12-12 09:47:25 | TEMPLOG : WellhouseOne | 059.900
2016-12-12 09:47:26 | TEMPLOG : Table    One | 050.000
2016-12-12 09:48:26 | TEMPLOG : WellhouseOne | 057.200
2016-12-12 09:49:28 | TEMPLOG : WellhouseOne | 054.500
2016-12-12 09:49:28 | TEMPLOG : Bio   Filter | 053.600
2016-12-12 09:49:28 | TEMPLOG : To   GeoLoop | 045.500
2016-12-12 09:49:28 | TEMPLOG : Table    One | 050.900
2016-12-12 09:50:28 | TEMPLOG : WellhouseOne | 053.600
2016-12-12 09:50:29 | TEMPLOG : Bio   Filter | 054.500
2016-12-12 09:51:30 | TEMPLOG : WellhouseOne | 051.800
2016-12-12 09:52:32 | TEMPLOG : WellhouseOne | 050.900
2016-12-12 09:52:32 | TEMPLOG : Table    One | 051.800
2016-12-12 09:53:32 | TEMPLOG : WellhouseOne | 050.000
2016-12-12 09:53:33 | TEMPLOG : Bio   Filter | 055.400
2016-12-12 09:54:35 | TEMPLOG : WellhouseOne | 049.100
2016-12-12 09:55:36 | TEMPLOG : WellhouseOne | 048.200
2016-12-12 09:55:38 | TEMPLOG : Table    One | 052.700
2016-12-12 09:56:38 | TEMPLOG : WellhouseOne | 047.300
2016-12-12 09:57:39 | TEMPLOG : Bio   Filter | 056.300
2016-12-12 09:57:40 | TEMPLOG : Table    One | 053.600
2016-12-12 09:58:40 | TEMPLOG : WellhouseOne | 046.400
2016-12-12 09:59:43 | TEMPLOG : Table    One | 054.500
2016-12-12 10:00:43 | TEMPLOG : WellhouseOne | 045.500
2016-12-12 10:00:43 | TEMPLOG : Bio   Filter | 056.300
2016-12-12 10:00:43 | TEMPLOG : To   GeoLoop | 045.500
2016-12-12 10:00:43 | TEMPLOG : Table    One | 054.500
2016-12-12 10:01:44 | TEMPLOG : Table    One | 055.400
2016-12-12 10:02:44 | TEMPLOG : WellhouseOne | 044.600
2016-12-12 10:02:46 | TEMPLOG : Table    One | 056.300
2016-12-12 10:03:47 | TEMPLOG : Table    One | 058.100
2016-12-12 10:04:48 | TEMPLOG : Table    One | 059.000
2016-12-12 10:05:48 | TEMPLOG : WellhouseOne | 043.700
2016-12-12 10:05:49 | TEMPLOG : To   GeoLoop | 046.400
2016-12-12 10:05:49 | TEMPLOG : Table    One | 059.900
2016-12-12 10:06:49 | TEMPLOG : WellhouseOne | 073.400
2016-12-12 10:06:50 | TEMPLOG : Table    One | 060.800
2016-12-12 10:07:51 | TEMPLOG : WellhouseOne | 113.000
2016-12-12 10:07:51 | TEMPLOG : Bio   Filter | 055.400
2016-12-12 10:07:53 | TEMPLOG : Table    One | 061.700
2016-12-12 10:08:53 | TEMPLOG : WellhouseOne | 127.400
2016-12-12 10:08:54 | TEMPLOG : Table    One | 062.600
2016-12-12 10:09:54 | TEMPLOG : WellhouseOne | 134.600
2016-12-12 10:10:54 | TEMPLOG : WellhouseOne | 110.300
2016-12-12 10:11:56 | TEMPLOG : WellhouseOne | 086.900
2016-12-12 10:12:58 | TEMPLOG : WellhouseOne | 074.300
2016-12-12 10:12:59 | TEMPLOG : Table    One | 063.500
2016-12-12 10:13:59 | TEMPLOG : WellhouseOne | 066.200
2016-12-12 10:13:59 | TEMPLOG : Bio   Filter | 054.500
2016-12-12 10:15:00 | TEMPLOG : WellhouseOne | 059.900
2016-12-12 10:16:01 | TEMPLOG : WellhouseOne | 056.300
2016-12-12 10:16:01 | TEMPLOG : Table    One | 062.600
2016-12-12 10:17:02 | TEMPLOG : WellhouseOne | 054.500
2016-12-12 10:17:02 | TEMPLOG : Table    One | 063.500
2016-12-12 10:18:03 | TEMPLOG : WellhouseOne | 052.700
2016-12-12 10:19:04 | TEMPLOG : WellhouseOne | 050.900
2016-12-12 10:20:05 | TEMPLOG : WellhouseOne | 050.000
2016-12-12 10:20:05 | TEMPLOG : Bio   Filter | 053.600
2016-12-12 10:20:06 | TEMPLOG : Table    One | 064.400
2016-12-12 10:21:06 | TEMPLOG : WellhouseOne | 048.200
2016-12-12 10:22:08 | TEMPLOG : Table    One | 065.300
2016-12-12 10:23:08 | TEMPLOG : WellhouseOne | 047.300
2016-12-12 10:23:09 | TEMPLOG : Table    One | 066.200
2016-12-12 10:24:11 | TEMPLOG : To   GeoLoop | 047.300
2016-12-12 10:24:12 | TEMPLOG : Table    One | 067.100
2016-12-12 10:25:12 | TEMPLOG : WellhouseOne | 046.400
2016-12-12 10:25:13 | TEMPLOG : Table    One | 068.000
2016-12-12 10:26:13 | TEMPLOG : Bio   Filter | 054.500
2016-12-12 10:26:14 | TEMPLOG : Table    One | 068.900
2016-12-12 10:28:15 | TEMPLOG : WellhouseOne | 045.500
2016-12-12 10:29:18 | TEMPLOG : Table    One | 069.800
2016-12-12 10:30:18 | TEMPLOG : WellhouseOne | 044.600
2016-12-12 10:31:18 | TEMPLOG : WellhouseOne | 043.700
2016-12-12 10:32:20 | TEMPLOG : Table    One | 070.700
2016-12-12 10:34:21 | TEMPLOG : WellhouseOne | 042.800
2016-12-12 10:35:22 | TEMPLOG : WellhouseOne | 101.300
2016-12-12 10:36:23 | TEMPLOG : WellhouseOne | 122.000
2016-12-12 10:36:24 | TEMPLOG : Bio   Filter | 055.400
2016-12-12 10:36:24 | TEMPLOG : Table    One | 071.600
2016-12-12 10:37:24 | TEMPLOG : WellhouseOne | 131.900
2016-12-12 10:38:26 | TEMPLOG : WellhouseOne | 122.000
2016-12-12 10:38:26 | TEMPLOG : Table    One | 072.500
2016-12-12 10:39:26 | TEMPLOG : WellhouseOne | 086.000
2016-12-12 10:40:28 | TEMPLOG : WellhouseOne | 072.500
2016-12-12 10:40:28 | TEMPLOG : Bio   Filter | 056.300
2016-12-12 10:41:29 | TEMPLOG : WellhouseOne | 065.300
2016-12-12 10:42:29 | TEMPLOG : WellhouseOne | 059.900
2016-12-12 10:43:30 | TEMPLOG : WellhouseOne | 056.300
2016-12-12 10:43:32 | TEMPLOG : Table    One | 073.400
2016-12-12 10:44:33 | TEMPLOG : WellhouseOne | 053.600
2016-12-12 10:44:33 | TEMPLOG : Bio   Filter | 057.200
2016-12-12 10:45:33 | TEMPLOG : WellhouseOne | 052.700
2016-12-12 10:45:34 | TEMPLOG : Table    One | 074.300
2016-12-12 10:46:34 | TEMPLOG : WellhouseOne | 050.900
2016-12-12 10:46:34 | TEMPLOG : Bio   Filter | 058.100
2016-12-12 10:47:35 | TEMPLOG : WellhouseOne | 050.000
2016-12-12 10:47:37 | TEMPLOG : Table    One | 075.200
2016-12-12 10:48:37 | TEMPLOG : WellhouseOne | 049.100
2016-12-12 10:48:37 | TEMPLOG : Bio   Filter | 059.000
2016-12-12 10:49:38 | TEMPLOG : WellhouseOne | 048.200
2016-12-12 10:49:38 | TEMPLOG : Table    One | 076.100
2016-12-12 10:50:39 | TEMPLOG : Bio   Filter | 059.900
2016-12-12 10:50:39 | TEMPLOG : Table    One | 077.000
2016-12-12 10:51:39 | TEMPLOG : WellhouseOne | 047.300
2016-12-12 10:51:40 | TEMPLOG : Table    One | 077.900
2016-12-12 10:52:40 | TEMPLOG : WellhouseOne | 046.400
2016-12-12 10:52:41 | TEMPLOG : Bio   Filter | 060.800
2016-12-12 10:53:42 | TEMPLOG : Table    One | 077.000
2016-12-12 10:55:46 | TEMPLOG : Table    One | 077.900
2016-12-12 10:56:46 | TEMPLOG : WellhouseOne | 045.500
2016-12-12 10:58:48 | TEMPLOG : WellhouseOne | 044.600
2016-12-12 10:58:48 | TEMPLOG : Bio   Filter | 061.700
2016-12-12 10:59:50 | TEMPLOG : Table    One | 078.800
2016-12-12 11:00:51 | TEMPLOG : WellhouseOne | 044.600
2016-12-12 11:00:51 | TEMPLOG : Bio   Filter | 061.700
2016-12-12 11:00:51 | TEMPLOG : To   GeoLoop | 047.300
2016-12-12 11:00:51 | TEMPLOG : Table    One | 078.800
2016-12-12 11:01:52 | TEMPLOG : WellhouseOne | 043.700
2016-12-12 11:02:53 | TEMPLOG : WellhouseOne | 053.600
2016-12-12 11:02:54 | TEMPLOG : Bio   Filter | 062.600
2016-12-12 11:03:55 | TEMPLOG : WellhouseOne | 110.300
2016-12-12 11:03:56 | TEMPLOG : To   GeoLoop | 048.200
2016-12-12 11:04:56 | TEMPLOG : WellhouseOne | 127.400
2016-12-12 11:05:57 | TEMPLOG : WellhouseOne | 136.400
2016-12-12 11:05:57 | TEMPLOG : Bio   Filter | 063.500
2016-12-12 11:06:58 | TEMPLOG : WellhouseOne | 101.300
2016-12-12 11:07:59 | TEMPLOG : WellhouseOne | 081.500
2016-12-12 11:09:00 | TEMPLOG : WellhouseOne | 069.800
2016-12-12 11:10:01 | TEMPLOG : WellhouseOne | 064.400
2016-12-12 11:11:02 | TEMPLOG : WellhouseOne | 060.800
2016-12-12 11:11:03 | TEMPLOG : Bio   Filter | 064.400
2016-12-12 11:12:03 | TEMPLOG : WellhouseOne | 056.300
2016-12-12 11:12:04 | TEMPLOG : Table    One | 079.700
2016-12-12 11:13:04 | TEMPLOG : WellhouseOne | 054.500
2016-12-12 11:14:05 | TEMPLOG : WellhouseOne | 052.700
2016-12-12 11:15:08 | TEMPLOG : WellhouseOne | 051.800
2016-12-12 11:16:09 | TEMPLOG : WellhouseOne | 050.000
2016-12-12 11:16:10 | TEMPLOG : Table    One | 078.800
2016-12-12 11:18:11 | TEMPLOG : WellhouseOne | 049.100
2016-12-12 11:18:12 | TEMPLOG : Table    One | 079.700
2016-12-12 11:19:14 | TEMPLOG : Table    One | 078.800
2016-12-12 11:20:14 | TEMPLOG : WellhouseOne | 048.200
2016-12-12 11:20:14 | TEMPLOG : Bio   Filter | 065.300
2016-12-12 11:20:15 | TEMPLOG : Table    One | 079.700
2016-12-12 11:22:17 | TEMPLOG : Table    One | 080.600
2016-12-12 11:23:18 | TEMPLOG : Bio   Filter | 066.200
2016-12-12 11:24:18 | TEMPLOG : WellhouseOne | 047.300
2016-12-12 11:25:21 | TEMPLOG : Table    One | 081.500
2016-12-12 11:26:21 | TEMPLOG : WellhouseOne | 046.400
2016-12-12 11:26:22 | TEMPLOG : To   GeoLoop | 049.100
2016-12-12 11:26:22 | TEMPLOG : Table    One | 082.400
2016-12-12 11:27:23 | TEMPLOG : Bio   Filter | 067.100
2016-12-12 11:30:26 | TEMPLOG : Bio   Filter | 068.000
2016-12-12 11:30:27 | TEMPLOG : Table    One | 083.300
2016-12-12 11:32:28 | TEMPLOG : WellhouseOne | 095.000
2016-12-12 11:32:29 | TEMPLOG : Table    One | 084.200
2016-12-12 11:33:29 | TEMPLOG : WellhouseOne | 122.000
2016-12-12 11:33:31 | TEMPLOG : Table    One | 085.100
2016-12-12 11:34:32 | TEMPLOG : WellhouseOne | 132.800
2016-12-12 11:35:32 | TEMPLOG : WellhouseOne | 107.600
2016-12-12 11:35:32 | TEMPLOG : Bio   Filter | 068.900
2016-12-12 11:36:34 | TEMPLOG : WellhouseOne | 087.800
2016-12-12 11:36:35 | TEMPLOG : Table    One | 084.200
2016-12-12 11:37:35 | TEMPLOG : WellhouseOne | 075.200
2016-12-12 11:38:36 | TEMPLOG : WellhouseOne | 068.000
2016-12-12 11:38:37 | TEMPLOG : Table    One | 083.300
2016-12-12 11:39:37 | TEMPLOG : WellhouseOne | 062.600
2016-12-12 11:39:39 | TEMPLOG : Table    One | 084.200
2016-12-12 11:40:39 | TEMPLOG : WellhouseOne | 059.000
2016-12-12 11:41:41 | TEMPLOG : WellhouseOne | 056.300
2016-12-12 11:41:41 | TEMPLOG : Bio   Filter | 068.000
2016-12-12 11:41:41 | TEMPLOG : Table    One | 083.300
2016-12-12 11:42:42 | TEMPLOG : WellhouseOne | 054.500
2016-12-12 11:42:43 | TEMPLOG : Table    One | 082.400
2016-12-12 11:43:43 | TEMPLOG : WellhouseOne | 052.700
2016-12-12 11:44:44 | TEMPLOG : WellhouseOne | 051.800
2016-12-12 11:44:45 | TEMPLOG : Table    One | 081.500
2016-12-12 11:45:46 | TEMPLOG : WellhouseOne | 050.900
2016-12-12 11:45:46 | TEMPLOG : Table    One | 082.400
2016-12-12 11:46:47 | TEMPLOG : Table    One | 083.300
2016-12-12 11:47:47 | TEMPLOG : WellhouseOne | 050.000
2016-12-12 11:47:48 | TEMPLOG : Table    One | 082.400
2016-12-12 11:50:51 | TEMPLOG : WellhouseOne | 049.100
2016-12-12 11:50:51 | TEMPLOG : Bio   Filter | 068.900
2016-12-12 11:50:52 | TEMPLOG : Table    One | 083.300
2016-12-12 11:53:56 | TEMPLOG : WellhouseOne | 048.200
2016-12-12 11:54:58 | TEMPLOG : To   GeoLoop | 050.000
2016-12-12 11:55:59 | TEMPLOG : To   GeoLoop | 049.100
2016-12-12 11:57:00 | TEMPLOG : WellhouseOne | 047.300
2016-12-12 11:57:01 | TEMPLOG : To   GeoLoop | 050.000
2016-12-12 11:57:01 | TEMPLOG : Table    One | 082.400
2016-12-12 11:59:03 | TEMPLOG : WellhouseOne | 046.400
2016-12-12 12:00:04 | TEMPLOG : WellhouseOne | 046.400
2016-12-12 12:00:04 | TEMPLOG : Bio   Filter | 068.900
2016-12-12 12:00:05 | TEMPLOG : To   GeoLoop | 050.000
2016-12-12 12:00:05 | TEMPLOG : Table    One | 082.400
2016-12-12 12:01:06 | TEMPLOG : Table    One | 083.300
2016-12-12 12:02:06 | TEMPLOG : WellhouseOne | 103.100
2016-12-12 12:02:08 | TEMPLOG : Table    One | 084.200
2016-12-12 12:03:08 | TEMPLOG : WellhouseOne | 124.700
2016-12-12 12:03:09 | TEMPLOG : Table    One | 085.100
2016-12-12 12:04:09 | TEMPLOG : WellhouseOne | 119.300
2016-12-12 12:05:10 | TEMPLOG : WellhouseOne | 091.400
2016-12-12 12:05:11 | TEMPLOG : Table    One | 086.000
2016-12-12 12:06:11 | TEMPLOG : WellhouseOne | 078.800
2016-12-12 12:06:13 | TEMPLOG : Table    One | 086.900
2016-12-12 12:07:13 | TEMPLOG : WellhouseOne | 069.800
2016-12-12 12:08:14 | TEMPLOG : WellhouseOne | 064.400
2016-12-12 12:08:14 | TEMPLOG : Bio   Filter | 069.800
2016-12-12 12:09:15 | TEMPLOG : WellhouseOne | 060.800
2016-12-12 12:09:16 | TEMPLOG : Table    One | 086.000
2016-12-12 12:10:16 | TEMPLOG : WellhouseOne | 058.100
2016-12-12 12:10:17 | TEMPLOG : Bio   Filter | 068.900
2016-12-12 12:10:17 | TEMPLOG : Table    One | 085.100
2016-12-12 12:11:17 | TEMPLOG : WellhouseOne | 056.300
2016-12-12 12:11:18 | TEMPLOG : Table    One | 086.000
2016-12-12 12:12:19 | TEMPLOG : WellhouseOne | 055.400
2016-12-12 12:12:20 | TEMPLOG : Table    One | 084.200
2016-12-12 12:13:20 | TEMPLOG : WellhouseOne | 053.600
2016-12-12 12:13:22 | TEMPLOG : Table    One | 085.100
2016-12-12 12:14:23 | TEMPLOG : Table    One | 086.000
2016-12-12 12:15:25 | TEMPLOG : To   GeoLoop | 050.900
2016-12-12 12:16:26 | TEMPLOG : WellhouseOne | 052.700
2016-12-12 12:16:26 | TEMPLOG : Table    One | 085.100
2016-12-12 12:17:27 | TEMPLOG : Table    One | 086.000
2016-12-12 12:18:28 | TEMPLOG : WellhouseOne | 051.800
2016-12-12 12:19:29 | TEMPLOG : WellhouseOne | 050.900
2016-12-12 12:20:31 | TEMPLOG : Table    One | 086.900
2016-12-12 12:21:31 | TEMPLOG : WellhouseOne | 050.000
2016-12-12 12:22:33 | TEMPLOG : WellhouseOne | 049.100
2016-12-12 12:22:33 | TEMPLOG : Table    One | 087.800
2016-12-12 12:25:38 | TEMPLOG : Bio   Filter | 069.800
2016-12-12 12:25:40 | TEMPLOG : To   GeoLoop | 051.800
2016-12-12 12:26:41 | TEMPLOG : Table    One | 088.700
2016-12-12 12:27:42 | TEMPLOG : WellhouseOne | 048.200
2016-12-12 12:31:47 | TEMPLOG : WellhouseOne | 071.600
2016-12-12 12:32:48 | TEMPLOG : WellhouseOne | 118.400
2016-12-12 12:33:49 | TEMPLOG : WellhouseOne | 119.300
2016-12-12 12:33:49 | TEMPLOG : To   GeoLoop | 052.700
2016-12-12 12:33:50 | TEMPLOG : Table    One | 086.900
2016-12-12 12:34:50 | TEMPLOG : WellhouseOne | 092.300
2016-12-12 12:34:50 | TEMPLOG : Bio   Filter | 068.900
2016-12-12 12:34:50 | TEMPLOG : To   GeoLoop | 051.800
2016-12-12 12:34:51 | TEMPLOG : Table    One | 083.300
2016-12-12 12:35:51 | TEMPLOG : WellhouseOne | 077.900
2016-12-12 12:35:52 | TEMPLOG : Table    One | 086.000
2016-12-12 12:36:52 | TEMPLOG : WellhouseOne | 071.600
2016-12-12 12:36:52 | TEMPLOG : To   GeoLoop | 052.700
2016-12-12 12:36:52 | TEMPLOG : Table    One | 087.800
2016-12-12 12:37:53 | TEMPLOG : WellhouseOne | 068.000
2016-12-12 12:38:54 | TEMPLOG : WellhouseOne | 064.400
2016-12-12 12:38:55 | TEMPLOG : Table    One | 083.300
2016-12-12 12:39:55 | TEMPLOG : WellhouseOne | 060.800
2016-12-12 12:39:55 | TEMPLOG : Bio   Filter | 068.000
2016-12-12 12:39:56 | TEMPLOG : Table    One | 081.500
2016-12-12 12:40:56 | TEMPLOG : WellhouseOne | 058.100
2016-12-12 12:40:57 | TEMPLOG : Bio   Filter | 067.100
2016-12-12 12:40:57 | TEMPLOG : To   GeoLoop | 051.800
2016-12-12 12:40:58 | TEMPLOG : Table    One | 074.300
2016-12-12 12:41:58 | TEMPLOG : WellhouseOne | 056.300
2016-12-12 12:41:59 | TEMPLOG : Bio   Filter | 066.200
2016-12-12 12:41:59 | TEMPLOG : Table    One | 076.100
2016-12-12 12:43:00 | TEMPLOG : WellhouseOne | 055.400
2016-12-12 12:43:01 | TEMPLOG : Bio   Filter | 065.300
2016-12-12 12:43:01 | TEMPLOG : Table    One | 077.900
2016-12-12 12:44:01 | TEMPLOG : WellhouseOne | 054.500
2016-12-12 12:44:03 | TEMPLOG : To   GeoLoop | 052.700
2016-12-12 12:44:03 | TEMPLOG : Table    One | 079.700
2016-12-12 12:45:03 | TEMPLOG : WellhouseOne | 053.600
2016-12-12 12:45:04 | TEMPLOG : Table    One | 080.600
2016-12-12 12:46:05 | TEMPLOG : WellhouseOne | 052.700
2016-12-12 12:47:07 | TEMPLOG : WellhouseOne | 051.800
2016-12-12 12:47:08 | TEMPLOG : Bio   Filter | 064.400
2016-12-12 12:47:08 | TEMPLOG : Table    One | 075.200
2016-12-12 12:48:09 | TEMPLOG : To   GeoLoop | 051.800
2016-12-12 12:48:09 | TEMPLOG : Table    One | 071.600
2016-12-12 12:49:09 | TEMPLOG : WellhouseOne | 050.900
2016-12-12 12:49:10 | TEMPLOG : Bio   Filter | 063.500
2016-12-12 12:49:10 | TEMPLOG : Table    One | 076.100
2016-12-12 12:50:11 | TEMPLOG : WellhouseOne | 050.000
2016-12-12 12:50:11 | TEMPLOG : Bio   Filter | 064.400
2016-12-12 12:50:12 | TEMPLOG : To   GeoLoop | 052.700
2016-12-12 12:50:12 | TEMPLOG : Table    One | 079.700
2016-12-12 12:51:13 | TEMPLOG : To   GeoLoop | 053.600
2016-12-12 12:51:13 | TEMPLOG : Table    One | 082.400
2016-12-12 12:52:13 | TEMPLOG : WellhouseOne | 049.100
2016-12-12 12:52:13 | TEMPLOG : Bio   Filter | 065.300
2016-12-12 12:52:14 | TEMPLOG : To   GeoLoop | 054.500
2016-12-12 12:52:14 | TEMPLOG : Table    One | 084.200
2016-12-12 12:53:15 | TEMPLOG : Table    One | 086.000
2016-12-12 12:54:16 | TEMPLOG : Bio   Filter | 066.200
2016-12-12 12:54:16 | TEMPLOG : Table    One | 086.900
2016-12-12 12:55:18 | TEMPLOG : Table    One | 087.800
2016-12-12 12:56:19 | TEMPLOG : WellhouseOne | 048.200
2016-12-12 12:56:19 | TEMPLOG : To   GeoLoop | 055.400
2016-12-12 12:57:20 | TEMPLOG : Bio   Filter | 067.100
2016-12-12 12:57:20 | TEMPLOG : Table    One | 088.700
2016-12-12 13:00:23 | TEMPLOG : WellhouseOne | 048.200
2016-12-12 13:00:24 | TEMPLOG : Bio   Filter | 067.100
2016-12-12 13:00:24 | TEMPLOG : To   GeoLoop | 055.400
2016-12-12 13:00:24 | TEMPLOG : Table    One | 088.700
2016-12-12 13:01:25 | TEMPLOG : WellhouseOne | 047.300
2016-12-12 13:02:26 | TEMPLOG : WellhouseOne | 062.600
2016-12-12 13:02:26 | TEMPLOG : Bio   Filter | 068.000
2016-12-12 13:03:27 | TEMPLOG : WellhouseOne | 115.700
2016-12-12 13:03:28 | TEMPLOG : Table    One | 089.600
2016-12-12 13:04:28 | TEMPLOG : WellhouseOne | 131.000
2016-12-12 13:04:28 | TEMPLOG : To   GeoLoop | 056.300
2016-12-12 13:04:29 | TEMPLOG : Table    One | 088.700
2016-12-12 13:05:29 | TEMPLOG : WellhouseOne | 101.300
2016-12-12 13:05:30 | TEMPLOG : Table    One | 089.600
2016-12-12 13:06:30 | TEMPLOG : WellhouseOne | 084.200
2016-12-12 13:06:30 | TEMPLOG : Bio   Filter | 068.900
2016-12-12 13:06:31 | TEMPLOG : Table    One | 090.500
2016-12-12 13:07:31 | TEMPLOG : WellhouseOne | 073.400
2016-12-12 13:08:32 | TEMPLOG : WellhouseOne | 065.300
2016-12-12 13:08:34 | TEMPLOG : Table    One | 091.400
2016-12-12 13:09:34 | TEMPLOG : WellhouseOne | 060.800
2016-12-12 13:10:36 | TEMPLOG : WellhouseOne | 059.000
2016-12-12 13:10:37 | TEMPLOG : Table    One | 090.500
2016-12-12 13:11:37 | TEMPLOG : WellhouseOne | 058.100
2016-12-12 13:12:38 | TEMPLOG : WellhouseOne | 056.300
2016-12-12 13:12:38 | TEMPLOG : Bio   Filter | 069.800
2016-12-12 13:13:39 | TEMPLOG : WellhouseOne | 055.400
2016-12-12 13:13:40 | TEMPLOG : Table    One | 089.600
2016-12-12 13:14:40 | TEMPLOG : WellhouseOne | 053.600
2016-12-12 13:16:44 | TEMPLOG : WellhouseOne | 052.700
2016-12-12 13:16:44 | TEMPLOG : To   GeoLoop | 057.200
2016-12-12 13:16:44 | TEMPLOG : Table    One | 090.500
2016-12-12 13:18:46 | TEMPLOG : WellhouseOne | 051.800
2016-12-12 13:19:47 | TEMPLOG : WellhouseOne | 050.900
2016-12-12 13:19:48 | TEMPLOG : Table    One | 091.400
2016-12-12 13:20:49 | TEMPLOG : Bio   Filter | 070.700
2016-12-12 13:20:50 | TEMPLOG : To   GeoLoop | 058.100
2016-12-12 13:21:51 | TEMPLOG : Table    One | 092.300
2016-12-12 13:23:54 | TEMPLOG : Table    One | 089.600
2016-12-12 13:24:54 | TEMPLOG : WellhouseOne | 050.000
2016-12-12 13:24:55 | TEMPLOG : Table    One | 091.400
2016-12-12 13:25:55 | TEMPLOG : Bio   Filter | 071.600
2016-12-12 13:25:56 | TEMPLOG : Table    One | 092.300
2016-12-12 13:26:57 | TEMPLOG : Table    One | 093.200
2016-12-12 13:27:57 | TEMPLOG : WellhouseOne | 049.100
2016-12-12 13:27:59 | TEMPLOG : Table    One | 094.100
2016-12-12 13:30:02 | TEMPLOG : Table    One | 095.000
2016-12-12 13:31:03 | TEMPLOG : WellhouseOne | 048.200
2016-12-12 13:32:04 | TEMPLOG : WellhouseOne | 049.100
2016-12-12 13:33:05 | TEMPLOG : WellhouseOne | 048.200
2016-12-12 13:34:06 | TEMPLOG : WellhouseOne | 085.100
2016-12-12 13:34:08 | TEMPLOG : Table    One | 094.100
2016-12-12 13:35:08 | TEMPLOG : WellhouseOne | 122.900
2016-12-12 13:36:09 | TEMPLOG : WellhouseOne | 109.400
2016-12-12 13:37:12 | TEMPLOG : WellhouseOne | 087.800
2016-12-12 13:37:13 | TEMPLOG : Table    One | 093.200
2016-12-12 13:38:14 | TEMPLOG : WellhouseOne | 074.300
2016-12-12 13:39:15 | TEMPLOG : WellhouseOne | 066.200
2016-12-12 13:40:17 | TEMPLOG : WellhouseOne | 062.600
2016-12-12 13:40:17 | TEMPLOG : Table    One | 092.300
2016-12-12 13:41:18 | TEMPLOG : WellhouseOne | 059.900
2016-12-12 13:41:18 | TEMPLOG : Bio   Filter | 070.700
2016-12-12 13:42:19 | TEMPLOG : WellhouseOne | 057.200
2016-12-12 13:43:20 | TEMPLOG : WellhouseOne | 055.400
2016-12-12 13:44:24 | TEMPLOG : WellhouseOne | 053.600
2016-12-12 13:46:26 | TEMPLOG : WellhouseOne | 052.700
2016-12-12 13:48:28 | TEMPLOG : WellhouseOne | 051.800
2016-12-12 13:48:29 | TEMPLOG : Table    One | 093.200
2016-12-12 13:50:30 | TEMPLOG : WellhouseOne | 050.900
2016-12-12 13:51:30 | TEMPLOG : WellhouseOne | 050.000
2016-12-12 13:52:33 | TEMPLOG : Table    One | 092.300
2016-12-12 13:53:33 | TEMPLOG : WellhouseOne | 049.100
2016-12-12 13:54:34 | TEMPLOG : Table    One | 091.400
2016-12-12 13:57:37 | TEMPLOG : WellhouseOne | 048.200
2016-12-12 13:58:39 | TEMPLOG : WellhouseOne | 049.100
2016-12-12 13:58:40 | TEMPLOG : Table    One | 090.500
2016-12-12 13:59:40 | TEMPLOG : WellhouseOne | 048.200
2016-12-12 14:00:41 | TEMPLOG : WellhouseOne | 048.200
2016-12-12 14:00:41 | TEMPLOG : Bio   Filter | 069.800
2016-12-12 14:00:41 | TEMPLOG : To   GeoLoop | 058.100
2016-12-12 14:00:41 | TEMPLOG : Table    One | 089.600
2016-12-12 14:01:42 | TEMPLOG : To   GeoLoop | 057.200
2016-12-12 14:01:42 | TEMPLOG : Table    One | 088.700
2016-12-12 14:02:43 | TEMPLOG : To   GeoLoop | 058.100
2016-12-12 14:03:45 | TEMPLOG : To   GeoLoop | 057.200
2016-12-12 14:04:45 | TEMPLOG : To   GeoLoop | 058.100
2016-12-12 14:04:46 | TEMPLOG : Table    One | 089.600
2016-12-12 14:05:46 | TEMPLOG : To   GeoLoop | 057.200
2016-12-12 14:06:47 | TEMPLOG : WellhouseOne | 099.500
2016-12-12 14:07:48 | TEMPLOG : WellhouseOne | 125.600
2016-12-12 14:08:49 | TEMPLOG : WellhouseOne | 098.600
2016-12-12 14:09:50 | TEMPLOG : WellhouseOne | 081.500
2016-12-12 14:10:51 | TEMPLOG : WellhouseOne | 071.600
2016-12-12 14:11:53 | TEMPLOG : WellhouseOne | 065.300
2016-12-12 14:12:54 | TEMPLOG : WellhouseOne | 061.700
2016-12-12 14:12:54 | TEMPLOG : To   GeoLoop | 058.100
2016-12-12 14:12:55 | TEMPLOG : Table    One | 090.500
2016-12-12 14:13:55 | TEMPLOG : WellhouseOne | 058.100
2016-12-12 14:13:56 | TEMPLOG : To   GeoLoop | 057.200
2016-12-12 14:14:57 | TEMPLOG : WellhouseOne | 056.300
2016-12-12 14:14:58 | TEMPLOG : Table    One | 089.600
2016-12-12 14:15:58 | TEMPLOG : WellhouseOne | 054.500
2016-12-12 14:15:59 | TEMPLOG : Bio   Filter | 068.900
2016-12-12 14:17:00 | TEMPLOG : Table    One | 088.700
2016-12-12 14:18:00 | TEMPLOG : WellhouseOne | 052.700
2016-12-12 14:20:03 | TEMPLOG : WellhouseOne | 051.800
2016-12-12 14:21:04 | TEMPLOG : WellhouseOne | 050.900
2016-12-12 14:21:05 | TEMPLOG : Table    One | 087.800
2016-12-12 14:22:06 | TEMPLOG : WellhouseOne | 051.800
2016-12-12 14:22:07 | TEMPLOG : Bio   Filter | 068.000
2016-12-12 14:22:07 | TEMPLOG : Table    One | 086.000
2016-12-12 14:23:08 | TEMPLOG : WellhouseOne | 050.000
2016-12-12 14:24:09 | TEMPLOG : WellhouseOne | 049.100
2016-12-12 14:24:10 | TEMPLOG : Table    One | 086.900
2016-12-12 14:27:12 | TEMPLOG : WellhouseOne | 048.200
2016-12-12 14:27:13 | TEMPLOG : Table    One | 087.800
2016-12-12 14:28:14 | TEMPLOG : Bio   Filter | 067.100
2016-12-12 14:28:14 | TEMPLOG : Table    One | 086.900
2016-12-12 14:29:14 | TEMPLOG : WellhouseOne | 049.100
2016-12-12 14:29:15 | TEMPLOG : Table    One | 085.100
2016-12-12 14:30:17 | TEMPLOG : WellhouseOne | 048.200
2016-12-12 14:30:17 | TEMPLOG : To   GeoLoop | 056.300
2016-12-12 14:30:17 | TEMPLOG : Table    One | 083.300
2016-12-12 14:31:18 | TEMPLOG : Bio   Filter | 066.200
2016-12-12 14:31:18 | TEMPLOG : Table    One | 080.600
2016-12-12 14:32:20 | TEMPLOG : Table    One | 078.800
2016-12-12 14:33:20 | TEMPLOG : Bio   Filter | 065.300
2016-12-12 14:33:20 | TEMPLOG : To   GeoLoop | 055.400
2016-12-12 14:33:21 | TEMPLOG : Table    One | 077.000
2016-12-12 14:34:21 | TEMPLOG : WellhouseOne | 049.100
2016-12-12 14:34:22 | TEMPLOG : Table    One | 077.900
2016-12-12 14:36:23 | TEMPLOG : To   GeoLoop | 056.300
2016-12-12 14:36:23 | TEMPLOG : Table    One | 078.800
2016-12-12 14:37:23 | TEMPLOG : WellhouseOne | 048.200
2016-12-12 14:37:24 | TEMPLOG : Bio   Filter | 064.400
2016-12-12 14:37:25 | TEMPLOG : Table    One | 077.900
2016-12-12 14:38:25 | TEMPLOG : WellhouseOne | 054.500
2016-12-12 14:38:25 | TEMPLOG : To   GeoLoop | 055.400
2016-12-12 14:39:26 | TEMPLOG : WellhouseOne | 119.300
2016-12-12 14:39:27 | TEMPLOG : To   GeoLoop | 056.300
2016-12-12 14:39:27 | TEMPLOG : Table    One | 078.800
2016-12-12 14:40:28 | TEMPLOG : WellhouseOne | 118.400
2016-12-12 14:40:28 | TEMPLOG : Table    One | 080.600
2016-12-12 14:41:28 | TEMPLOG : WellhouseOne | 088.700
2016-12-12 14:42:30 | TEMPLOG : WellhouseOne | 077.000
2016-12-12 14:42:30 | TEMPLOG : Table    One | 079.700
2016-12-12 14:43:31 | TEMPLOG : WellhouseOne | 068.900
2016-12-12 14:43:32 | TEMPLOG : Table    One | 078.800
2016-12-12 14:44:33 | TEMPLOG : WellhouseOne | 062.600
2016-12-12 14:44:34 | TEMPLOG : Table    One | 077.900
2016-12-12 14:45:34 | TEMPLOG : WellhouseOne | 059.900
2016-12-12 14:45:34 | TEMPLOG : To   GeoLoop | 055.400
2016-12-12 14:45:35 | TEMPLOG : Table    One | 078.800
2016-12-12 14:46:35 | TEMPLOG : WellhouseOne | 057.200
2016-12-12 14:46:35 | TEMPLOG : To   GeoLoop | 056.300
2016-12-12 14:46:35 | TEMPLOG : Table    One | 079.700
2016-12-12 14:47:36 | TEMPLOG : WellhouseOne | 056.300
2016-12-12 14:47:36 | TEMPLOG : Table    One | 081.500
2016-12-12 14:48:36 | TEMPLOG : WellhouseOne | 054.500
2016-12-12 14:49:38 | TEMPLOG : WellhouseOne | 053.600
2016-12-12 14:51:39 | TEMPLOG : WellhouseOne | 052.700
2016-12-12 14:53:41 | TEMPLOG : WellhouseOne | 051.800
2016-12-12 14:53:42 | TEMPLOG : Table    One | 080.600
2016-12-12 14:54:43 | TEMPLOG : Table    One | 079.700
2016-12-12 14:55:43 | TEMPLOG : WellhouseOne | 050.900
2016-12-12 14:55:44 | TEMPLOG : Table    One | 078.800
2016-12-12 14:57:46 | TEMPLOG : Table    One | 077.900
2016-12-12 14:58:47 | TEMPLOG : Table    One | 077.000
2016-12-12 14:59:47 | TEMPLOG : WellhouseOne | 050.000
2016-12-12 15:00:48 | TEMPLOG : WellhouseOne | 050.000
2016-12-12 15:00:48 | TEMPLOG : Bio   Filter | 064.400
2016-12-12 15:00:49 | TEMPLOG : To   GeoLoop | 056.300
2016-12-12 15:00:49 | TEMPLOG : Table    One | 076.100
2016-12-12 15:01:49 | TEMPLOG : WellhouseOne | 049.100
2016-12-12 15:01:50 | TEMPLOG : Bio   Filter | 063.500
2016-12-12 15:03:53 | TEMPLOG : To   GeoLoop | 055.400
2016-12-12 15:03:53 | TEMPLOG : Table    One | 075.200
2016-12-12 15:04:54 | TEMPLOG : Table    One | 074.300
2016-12-12 15:05:55 | TEMPLOG : WellhouseOne | 048.200
2016-12-12 15:06:56 | TEMPLOG : Table    One | 075.200
2016-12-12 15:08:59 | TEMPLOG : Bio   Filter | 062.600
2016-12-12 15:09:00 | TEMPLOG : Table    One | 076.100
2016-12-12 15:11:02 | TEMPLOG : WellhouseOne | 103.100
2016-12-12 15:12:03 | TEMPLOG : WellhouseOne | 126.500
2016-12-12 15:13:04 | TEMPLOG : WellhouseOne | 095.000
2016-12-12 15:14:05 | TEMPLOG : WellhouseOne | 078.800
2016-12-12 15:15:07 | TEMPLOG : WellhouseOne | 068.000
2016-12-12 15:15:08 | TEMPLOG : Table    One | 075.200
2016-12-12 15:16:09 | TEMPLOG : WellhouseOne | 062.600
2016-12-12 15:16:09 | TEMPLOG : Bio   Filter | 061.700
2016-12-12 15:17:10 | TEMPLOG : WellhouseOne | 059.900
2016-12-12 15:18:11 | TEMPLOG : WellhouseOne | 057.200
2016-12-12 15:18:12 | TEMPLOG : Table    One | 074.300
2016-12-12 15:19:12 | TEMPLOG : WellhouseOne | 056.300
2016-12-12 15:19:13 | TEMPLOG : Table    One | 073.400
2016-12-12 15:20:13 | TEMPLOG : WellhouseOne | 055.400
2016-12-12 15:20:14 | TEMPLOG : To   GeoLoop | 054.500
2016-12-12 15:20:14 | TEMPLOG : Table    One | 072.500
2016-12-12 15:21:14 | TEMPLOG : WellhouseOne | 053.600
2016-12-12 15:21:14 | TEMPLOG : Bio   Filter | 060.800
2016-12-12 15:22:16 | TEMPLOG : WellhouseOne | 051.800
2016-12-12 15:22:17 | TEMPLOG : Table    One | 070.700
2016-12-12 15:23:18 | TEMPLOG : Bio   Filter | 059.900
2016-12-12 15:23:18 | TEMPLOG : Table    One | 067.100
2016-12-12 15:25:19 | TEMPLOG : WellhouseOne | 050.900
2016-12-12 15:25:20 | TEMPLOG : Table    One | 068.000
2016-12-12 15:26:20 | TEMPLOG : WellhouseOne | 050.000
2016-12-12 15:26:23 | TEMPLOG : Bio   Filter | 059.000
2016-12-12 15:28:25 | TEMPLOG : To   GeoLoop | 053.600
2016-12-12 15:28:26 | TEMPLOG : Table    One | 066.200
2016-12-12 15:29:26 | TEMPLOG : WellhouseOne | 049.100
2016-12-12 15:29:26 | TEMPLOG : Bio   Filter | 058.100
2016-12-12 15:29:27 | TEMPLOG : Table    One | 067.100
2016-12-12 15:30:28 | TEMPLOG : Table    One | 068.000
2016-12-12 15:31:28 | TEMPLOG : WellhouseOne | 050.000
2016-12-12 15:31:29 | TEMPLOG : Table    One | 067.100
2016-12-12 15:32:29 | TEMPLOG : WellhouseOne | 049.100
2016-12-12 15:32:30 | TEMPLOG : Table    One | 063.500
2016-12-12 15:33:30 | TEMPLOG : WellhouseOne | 050.000
2016-12-12 15:33:30 | TEMPLOG : Bio   Filter | 057.200
2016-12-12 15:33:31 | TEMPLOG : Table    One | 061.700
2016-12-12 15:34:31 | TEMPLOG : WellhouseOne | 049.100
2016-12-12 15:34:32 | TEMPLOG : To   GeoLoop | 052.700
2016-12-12 15:34:32 | TEMPLOG : Table    One | 059.000
2016-12-12 15:35:33 | TEMPLOG : Bio   Filter | 056.300
2016-12-12 15:35:34 | TEMPLOG : Table    One | 057.200
2016-12-12 15:36:34 | TEMPLOG : Bio   Filter | 055.400
2016-12-12 15:36:35 | TEMPLOG : Table    One | 055.400
2016-12-12 15:37:37 | TEMPLOG : Table    One | 054.500
2016-12-12 15:38:38 | TEMPLOG : WellhouseOne | 048.200
2016-12-12 15:38:38 | TEMPLOG : Bio   Filter | 054.500
2016-12-12 15:38:38 | TEMPLOG : Table    One | 053.600
2016-12-12 15:39:39 | TEMPLOG : WellhouseOne | 047.300
2016-12-12 15:39:39 | TEMPLOG : Table    One | 052.700
2016-12-12 15:40:40 | TEMPLOG : WellhouseOne | 046.400
2016-12-12 15:40:40 | TEMPLOG : Bio   Filter | 053.600
2016-12-12 15:40:40 | TEMPLOG : To   GeoLoop | 051.800
2016-12-12 15:40:41 | TEMPLOG : Table    One | 051.800
2016-12-12 15:41:41 | TEMPLOG : WellhouseOne | 045.500
2016-12-12 15:41:42 | TEMPLOG : Table    One | 050.900
2016-12-12 15:42:42 | TEMPLOG : WellhouseOne | 050.900
2016-12-12 15:42:43 | TEMPLOG : Bio   Filter | 052.700
2016-12-12 15:43:43 | TEMPLOG : WellhouseOne | 117.500
2016-12-12 15:43:44 | TEMPLOG : Table    One | 050.000
2016-12-12 15:44:45 | TEMPLOG : WellhouseOne | 123.800
2016-12-12 15:44:45 | TEMPLOG : Bio   Filter | 051.800
2016-12-12 15:45:46 | TEMPLOG : WellhouseOne | 089.600
2016-12-12 15:45:48 | TEMPLOG : Table    One | 049.100
2016-12-12 15:46:48 | TEMPLOG : WellhouseOne | 074.300
2016-12-12 15:47:50 | TEMPLOG : WellhouseOne | 064.400
2016-12-12 15:47:50 | TEMPLOG : Bio   Filter | 050.900
2016-12-12 15:48:50 | TEMPLOG : WellhouseOne | 059.900
2016-12-12 15:48:52 | TEMPLOG : Table    One | 048.200
2016-12-12 15:49:52 | TEMPLOG : WellhouseOne | 057.200
2016-12-12 15:49:52 | TEMPLOG : Bio   Filter | 050.000
2016-12-12 15:50:53 | TEMPLOG : WellhouseOne | 055.400
2016-12-12 15:51:54 | TEMPLOG : WellhouseOne | 053.600
2016-12-12 15:52:55 | TEMPLOG : WellhouseOne | 052.700
2016-12-12 15:52:56 | TEMPLOG : Table    One | 047.300
2016-12-12 15:53:57 | TEMPLOG : Bio   Filter | 049.100
2016-12-12 15:54:58 | TEMPLOG : WellhouseOne | 051.800
2016-12-12 15:54:58 | TEMPLOG : To   GeoLoop | 050.900
2016-12-12 15:55:59 | TEMPLOG : WellhouseOne | 050.900
2016-12-12 15:58:02 | TEMPLOG : WellhouseOne | 050.000
2016-12-12 15:59:03 | TEMPLOG : WellhouseOne | 049.100
2016-12-12 16:00:05 | TEMPLOG : WellhouseOne | 049.100
2016-12-12 16:00:06 | TEMPLOG : Bio   Filter | 049.100
2016-12-12 16:00:06 | TEMPLOG : To   GeoLoop | 050.900
2016-12-12 16:00:06 | TEMPLOG : Table    One | 046.400
2016-12-12 16:01:07 | TEMPLOG : Bio   Filter | 048.200
2016-12-12 16:02:08 | TEMPLOG : WellhouseOne | 050.000
2016-12-12 16:03:09 | TEMPLOG : WellhouseOne | 049.100
2016-12-12 16:07:14 | TEMPLOG : WellhouseOne | 048.200
2016-12-12 16:08:16 | TEMPLOG : Bio   Filter | 047.300
2016-12-12 16:08:17 | TEMPLOG : Table    One | 045.500
2016-12-12 16:10:18 | TEMPLOG : WellhouseOne | 047.300
2016-12-12 16:10:19 | TEMPLOG : Table    One | 046.400
2016-12-12 16:11:21 | TEMPLOG : Bio   Filter | 048.200
2016-12-12 16:11:21 | TEMPLOG : Table    One | 045.500
2016-12-12 16:12:21 | TEMPLOG : Bio   Filter | 047.300
2016-12-12 16:13:22 | TEMPLOG : WellhouseOne | 046.400
2016-12-12 16:14:24 | TEMPLOG : WellhouseOne | 106.700
2016-12-12 16:15:25 | TEMPLOG : WellhouseOne | 125.600
2016-12-12 16:16:26 | TEMPLOG : WellhouseOne | 120.200
2016-12-12 16:17:27 | TEMPLOG : WellhouseOne | 086.900
2016-12-12 16:17:28 | TEMPLOG : Table    One | 044.600
2016-12-12 16:18:28 | TEMPLOG : WellhouseOne | 074.300
2016-12-12 16:18:28 | TEMPLOG : Bio   Filter | 046.400
2016-12-12 16:19:29 | TEMPLOG : WellhouseOne | 067.100
2016-12-12 16:20:30 | TEMPLOG : WellhouseOne | 062.600
2016-12-12 16:21:31 | TEMPLOG : WellhouseOne | 059.900
2016-12-12 16:22:32 | TEMPLOG : WellhouseOne | 057.200
2016-12-12 16:23:33 | TEMPLOG : WellhouseOne | 056.300
2016-12-12 16:24:34 | TEMPLOG : WellhouseOne | 054.500
2016-12-12 16:25:37 | TEMPLOG : WellhouseOne | 053.600
2016-12-12 16:25:38 | TEMPLOG : Table    One | 043.700
2016-12-12 16:26:38 | TEMPLOG : WellhouseOne | 052.700
2016-12-12 16:26:39 | TEMPLOG : To   GeoLoop | 050.000
2016-12-12 16:27:40 | TEMPLOG : WellhouseOne | 051.800
2016-12-12 16:27:41 | TEMPLOG : Bio   Filter | 045.500
2016-12-12 16:28:42 | TEMPLOG : WellhouseOne | 050.900
2016-12-12 16:33:48 | TEMPLOG : WellhouseOne | 050.000
2016-12-12 16:33:49 | TEMPLOG : Table    One | 042.800
2016-12-12 16:36:54 | TEMPLOG : Bio   Filter | 044.600
2016-12-12 16:38:56 | TEMPLOG : WellhouseOne | 049.100
2016-12-12 16:42:00 | TEMPLOG : WellhouseOne | 048.200
2016-12-12 16:46:05 | TEMPLOG : WellhouseOne | 104.000
2016-12-12 16:47:06 | TEMPLOG : WellhouseOne | 123.800
2016-12-12 16:47:07 | TEMPLOG : Table    One | 041.900
2016-12-12 16:48:07 | TEMPLOG : WellhouseOne | 112.100
2016-12-12 16:48:08 | TEMPLOG : Bio   Filter | 043.700
2016-12-12 16:48:08 | TEMPLOG : Table    One | 042.800
2016-12-12 16:49:08 | TEMPLOG : WellhouseOne | 088.700
2016-12-12 16:49:09 | TEMPLOG : Table    One | 041.900
2016-12-12 16:50:10 | TEMPLOG : WellhouseOne | 077.000
2016-12-12 16:51:11 | TEMPLOG : WellhouseOne | 069.800
2016-12-12 16:52:12 | TEMPLOG : WellhouseOne | 065.300
2016-12-12 16:53:14 | TEMPLOG : WellhouseOne | 061.700
2016-12-12 16:54:15 | TEMPLOG : WellhouseOne | 059.000
2016-12-12 16:55:17 | TEMPLOG : WellhouseOne | 057.200
2016-12-12 16:56:17 | TEMPLOG : WellhouseOne | 056.300
2016-12-12 16:57:18 | TEMPLOG : WellhouseOne | 055.400
2016-12-12 16:58:19 | TEMPLOG : WellhouseOne | 054.500
2016-12-12 16:59:20 | TEMPLOG : WellhouseOne | 053.600
2016-12-12 17:00:22 | TEMPLOG : WellhouseOne | 051.800
2016-12-12 17:00:22 | TEMPLOG : Bio   Filter | 043.700
2016-12-12 17:00:22 | TEMPLOG : To   GeoLoop | 050.000
2016-12-12 17:00:22 | TEMPLOG : Table    One | 041.900
2016-12-12 17:02:25 | TEMPLOG : Bio   Filter | 042.800
2016-12-12 17:02:25 | TEMPLOG : Table    One | 041.000
2016-12-12 17:03:26 | TEMPLOG : Bio   Filter | 043.700
2016-12-12 17:04:26 | TEMPLOG : WellhouseOne | 050.900
2016-12-12 17:04:27 | TEMPLOG : Bio   Filter | 042.800
2016-12-12 17:08:30 | TEMPLOG : WellhouseOne | 050.000
2016-12-12 17:10:32 | TEMPLOG : To   GeoLoop | 049.100
2016-12-12 17:13:35 | TEMPLOG : WellhouseOne | 049.100
2016-12-12 17:16:38 | TEMPLOG : WellhouseOne | 079.700
2016-12-12 17:17:39 | TEMPLOG : WellhouseOne | 113.900
2016-12-12 17:18:40 | TEMPLOG : WellhouseOne | 129.200
2016-12-12 17:19:42 | TEMPLOG : WellhouseOne | 101.300
2016-12-12 17:19:42 | TEMPLOG : Bio   Filter | 041.900
2016-12-12 17:20:44 | TEMPLOG : WellhouseOne | 085.100
2016-12-12 17:21:45 | TEMPLOG : WellhouseOne | 076.100
2016-12-12 17:21:45 | TEMPLOG : Bio   Filter | 042.800
2016-12-12 17:22:47 | TEMPLOG : WellhouseOne | 069.800
2016-12-12 17:22:47 | TEMPLOG : Bio   Filter | 041.900
2016-12-12 17:23:48 | TEMPLOG : WellhouseOne | 064.400
2016-12-12 17:24:49 | TEMPLOG : WellhouseOne | 060.800
2016-12-12 17:25:51 | TEMPLOG : WellhouseOne | 058.100
2016-12-12 17:26:53 | TEMPLOG : WellhouseOne | 056.300
2016-12-12 17:26:54 | TEMPLOG : Table    One | 040.100
2016-12-12 17:27:54 | TEMPLOG : WellhouseOne | 055.400
2016-12-12 17:28:55 | TEMPLOG : WellhouseOne | 054.500
2016-12-12 17:29:56 | TEMPLOG : WellhouseOne | 053.600
2016-12-12 17:30:58 | TEMPLOG : WellhouseOne | 052.700
2016-12-12 17:32:00 | TEMPLOG : WellhouseOne | 051.800
2016-12-12 17:35:04 | TEMPLOG : WellhouseOne | 050.900
2016-12-12 17:37:06 | TEMPLOG : WellhouseOne | 050.000
2016-12-12 17:40:10 | TEMPLOG : WellhouseOne | 049.100
2016-12-12 17:43:13 | TEMPLOG : WellhouseOne | 048.200
2016-12-12 17:45:16 | TEMPLOG : Bio   Filter | 041.000
2016-12-12 17:46:18 | TEMPLOG : Bio   Filter | 041.900
2016-12-12 17:47:19 | TEMPLOG : WellhouseOne | 050.000
2016-12-12 17:47:19 | TEMPLOG : Bio   Filter | 041.000
2016-12-12 17:48:21 | TEMPLOG : WellhouseOne | 104.900
2016-12-12 17:49:24 | TEMPLOG : WellhouseOne | 123.800
2016-12-12 17:50:25 | TEMPLOG : WellhouseOne | 121.100
2016-12-12 17:51:26 | TEMPLOG : WellhouseOne | 094.100
2016-12-12 17:52:27 | TEMPLOG : WellhouseOne | 081.500
2016-12-12 17:53:28 | TEMPLOG : WellhouseOne | 074.300
2016-12-12 17:54:28 | TEMPLOG : WellhouseOne | 068.900
2016-12-12 17:55:30 | TEMPLOG : WellhouseOne | 064.400
2016-12-12 17:56:30 | TEMPLOG : WellhouseOne | 061.700
2016-12-12 17:56:31 | TEMPLOG : Bio   Filter | 041.900
2016-12-12 17:57:31 | TEMPLOG : WellhouseOne | 059.000
2016-12-12 17:57:32 | TEMPLOG : Bio   Filter | 041.000
2016-12-12 17:58:32 | TEMPLOG : WellhouseOne | 057.200
2016-12-12 17:59:33 | TEMPLOG : WellhouseOne | 055.400
2016-12-12 18:00:34 | TEMPLOG : WellhouseOne | 054.500
2016-12-12 18:00:35 | TEMPLOG : Bio   Filter | 041.000
2016-12-12 18:00:35 | TEMPLOG : To   GeoLoop | 049.100
2016-12-12 18:00:35 | TEMPLOG : Table    One | 040.100
2016-12-12 18:01:35 | TEMPLOG : WellhouseOne | 053.600
2016-12-12 18:02:36 | TEMPLOG : WellhouseOne | 052.700
2016-12-12 18:03:38 | TEMPLOG : WellhouseOne | 051.800
2016-12-12 18:05:40 | TEMPLOG : WellhouseOne | 050.900
2016-12-12 18:07:43 | TEMPLOG : WellhouseOne | 050.000
2016-12-12 18:17:57 | TEMPLOG : WellhouseOne | 049.100
2016-12-12 18:19:58 | TEMPLOG : WellhouseOne | 101.300
2016-12-12 18:20:59 | TEMPLOG : WellhouseOne | 125.600
2016-12-12 18:22:00 | TEMPLOG : WellhouseOne | 104.900
2016-12-12 18:22:01 | TEMPLOG : Table    One | 039.200
2016-12-12 18:23:01 | TEMPLOG : WellhouseOne | 086.900
2016-12-12 18:24:03 | TEMPLOG : WellhouseOne | 077.000
2016-12-12 18:25:05 | TEMPLOG : WellhouseOne | 070.700
2016-12-12 18:26:05 | TEMPLOG : WellhouseOne | 065.300
2016-12-12 18:27:06 | TEMPLOG : WellhouseOne | 061.700
2016-12-12 18:28:08 | TEMPLOG : WellhouseOne | 059.900
2016-12-12 18:29:09 | TEMPLOG : WellhouseOne | 058.100
2016-12-12 18:30:10 | TEMPLOG : WellhouseOne | 056.300
2016-12-12 18:31:11 | TEMPLOG : WellhouseOne | 055.400
2016-12-12 18:32:13 | TEMPLOG : WellhouseOne | 054.500
2016-12-12 18:33:14 | TEMPLOG : WellhouseOne | 053.600
2016-12-12 18:34:15 | TEMPLOG : WellhouseOne | 052.700
2016-12-12 18:36:18 | TEMPLOG : WellhouseOne | 051.800
2016-12-12 18:36:18 | TEMPLOG : To   GeoLoop | 048.200
2016-12-12 18:39:22 | TEMPLOG : WellhouseOne | 050.900
2016-12-12 18:40:25 | TEMPLOG : Bio   Filter | 040.100
2016-12-12 18:41:25 | TEMPLOG : WellhouseOne | 050.000
2016-12-12 18:41:26 | TEMPLOG : Table    One | 038.300
2016-12-12 18:42:28 | TEMPLOG : Table    One | 039.200
2016-12-12 18:43:29 | TEMPLOG : WellhouseOne | 049.100
2016-12-12 18:43:30 | TEMPLOG : Table    One | 038.300
2016-12-12 18:45:31 | TEMPLOG : WellhouseOne | 048.200
2016-12-12 18:49:35 | TEMPLOG : WellhouseOne | 047.300
2016-12-12 18:50:36 | TEMPLOG : WellhouseOne | 054.500
2016-12-12 18:51:38 | TEMPLOG : WellhouseOne | 111.200
2016-12-12 18:52:39 | TEMPLOG : WellhouseOne | 127.400
2016-12-12 18:53:40 | TEMPLOG : WellhouseOne | 135.500
2016-12-12 18:54:41 | TEMPLOG : WellhouseOne | 097.700
2016-12-12 18:55:42 | TEMPLOG : WellhouseOne | 083.300
2016-12-12 18:56:43 | TEMPLOG : WellhouseOne | 074.300
2016-12-12 18:57:45 | TEMPLOG : WellhouseOne | 068.000
2016-12-12 18:58:46 | TEMPLOG : WellhouseOne | 063.500
2016-12-12 18:58:46 | TEMPLOG : Bio   Filter | 039.200
2016-12-12 18:59:47 | TEMPLOG : WellhouseOne | 059.900
2016-12-12 18:59:48 | TEMPLOG : Bio   Filter | 040.100
2016-12-12 19:00:49 | TEMPLOG : WellhouseOne | 058.100
2016-12-12 19:00:49 | TEMPLOG : Bio   Filter | 040.100
2016-12-12 19:00:50 | TEMPLOG : To   GeoLoop | 048.200
2016-12-12 19:00:51 | TEMPLOG : Table    One | 038.300
2016-12-12 19:01:51 | TEMPLOG : WellhouseOne | 056.300
2016-12-12 19:02:52 | TEMPLOG : WellhouseOne | 054.500
2016-12-12 19:03:54 | TEMPLOG : WellhouseOne | 053.600
2016-12-12 19:04:56 | TEMPLOG : WellhouseOne | 052.700
2016-12-12 19:04:57 | TEMPLOG : Bio   Filter | 039.200
2016-12-12 19:05:58 | TEMPLOG : WellhouseOne | 051.800
2016-12-12 19:07:01 | TEMPLOG : WellhouseOne | 050.900
2016-12-12 19:10:04 | TEMPLOG : WellhouseOne | 050.000
2016-12-12 19:13:08 | TEMPLOG : WellhouseOne | 049.100
2016-12-12 19:15:10 | TEMPLOG : WellhouseOne | 048.200
2016-12-12 19:15:11 | TEMPLOG : Table    One | 037.400
2016-12-12 19:22:19 | TEMPLOG : WellhouseOne | 090.500
2016-12-12 19:23:21 | TEMPLOG : WellhouseOne | 120.200
2016-12-12 19:24:22 | TEMPLOG : WellhouseOne | 131.000
2016-12-12 19:25:23 | TEMPLOG : WellhouseOne | 099.500
2016-12-12 19:26:25 | TEMPLOG : WellhouseOne | 083.300
2016-12-12 19:26:25 | TEMPLOG : Bio   Filter | 038.300
2016-12-12 19:26:26 | TEMPLOG : To   GeoLoop | 047.300
2016-12-12 19:27:26 | TEMPLOG : WellhouseOne | 072.500
2016-12-12 19:27:27 | TEMPLOG : To   GeoLoop | 048.200
2016-12-12 19:28:27 | TEMPLOG : WellhouseOne | 065.300
2016-12-12 19:28:27 | TEMPLOG : To   GeoLoop | 047.300
2016-12-12 19:29:28 | TEMPLOG : WellhouseOne | 061.700
2016-12-12 19:29:29 | TEMPLOG : Table    One | 036.500
2016-12-12 19:30:30 | TEMPLOG : WellhouseOne | 058.100
2016-12-12 19:31:31 | TEMPLOG : WellhouseOne | 056.300
2016-12-12 19:32:31 | TEMPLOG : WellhouseOne | 054.500
2016-12-12 19:33:33 | TEMPLOG : WellhouseOne | 053.600
2016-12-12 19:34:34 | TEMPLOG : WellhouseOne | 052.700
2016-12-12 19:35:35 | TEMPLOG : WellhouseOne | 051.800
2016-12-12 19:36:36 | TEMPLOG : WellhouseOne | 050.900
2016-12-12 19:37:37 | TEMPLOG : WellhouseOne | 050.000
2016-12-12 19:39:38 | TEMPLOG : WellhouseOne | 049.100
2016-12-12 19:40:41 | TEMPLOG : Bio   Filter | 037.400
2016-12-12 19:41:42 | TEMPLOG : Bio   Filter | 038.300
2016-12-12 19:42:43 | TEMPLOG : WellhouseOne | 048.200
2016-12-12 19:42:44 | TEMPLOG : Bio   Filter | 037.400
2016-12-12 19:43:45 | TEMPLOG : Bio   Filter | 038.300
2016-12-12 19:48:50 | TEMPLOG : WellhouseOne | 047.300
2016-12-12 19:51:53 | TEMPLOG : WellhouseOne | 072.500
2016-12-12 19:52:54 | TEMPLOG : WellhouseOne | 114.800
2016-12-12 19:53:55 | TEMPLOG : WellhouseOne | 129.200
2016-12-12 19:53:55 | TEMPLOG : Bio   Filter | 037.400
2016-12-12 19:54:56 | TEMPLOG : WellhouseOne | 104.900
2016-12-12 19:55:57 | TEMPLOG : WellhouseOne | 086.900
2016-12-12 19:55:58 | TEMPLOG : Bio   Filter | 038.300
2016-12-12 19:56:59 | TEMPLOG : WellhouseOne | 077.000
2016-12-12 19:56:59 | TEMPLOG : Bio   Filter | 037.400
2016-12-12 19:58:00 | TEMPLOG : WellhouseOne | 069.800
2016-12-12 19:59:01 | TEMPLOG : WellhouseOne | 064.400
2016-12-12 20:00:02 | TEMPLOG : WellhouseOne | 061.700
2016-12-12 20:00:02 | TEMPLOG : Bio   Filter | 037.400
2016-12-12 20:00:03 | TEMPLOG : To   GeoLoop | 047.300
2016-12-12 20:00:03 | TEMPLOG : Table    One | 036.500
2016-12-12 20:01:04 | TEMPLOG : WellhouseOne | 059.000
2016-12-12 20:02:05 | TEMPLOG : WellhouseOne | 057.200
2016-12-12 20:03:07 | TEMPLOG : WellhouseOne | 055.400
2016-12-12 20:04:08 | TEMPLOG : WellhouseOne | 054.500
2016-12-12 20:05:10 | TEMPLOG : WellhouseOne | 052.700
2016-12-12 20:06:11 | TEMPLOG : WellhouseOne | 051.800
2016-12-12 20:08:14 | TEMPLOG : WellhouseOne | 050.900
2016-12-12 20:08:15 | TEMPLOG : Table    One | 035.600
2016-12-12 20:10:16 | TEMPLOG : WellhouseOne | 050.000
2016-12-12 20:11:17 | TEMPLOG : WellhouseOne | 049.100
2016-12-12 20:13:19 | TEMPLOG : WellhouseOne | 048.200
2016-12-12 20:14:20 | TEMPLOG : Table    One | 036.500
2016-12-12 20:16:24 | TEMPLOG : Table    One | 035.600
2016-12-12 20:17:24 | TEMPLOG : WellhouseOne | 047.300
2016-12-12 20:20:28 | TEMPLOG : Bio   Filter | 036.500
2016-12-12 20:22:31 | TEMPLOG : WellhouseOne | 082.400
2016-12-12 20:23:32 | TEMPLOG : WellhouseOne | 117.500
2016-12-12 20:24:34 | TEMPLOG : WellhouseOne | 131.000
2016-12-12 20:25:36 | TEMPLOG : WellhouseOne | 093.200
2016-12-12 20:26:36 | TEMPLOG : WellhouseOne | 079.700
2016-12-12 20:27:37 | TEMPLOG : WellhouseOne | 071.600
2016-12-12 20:28:38 | TEMPLOG : WellhouseOne | 066.200
2016-12-12 20:29:39 | TEMPLOG : WellhouseOne | 061.700
2016-12-12 20:30:40 | TEMPLOG : WellhouseOne | 058.100
2016-12-12 20:31:41 | TEMPLOG : WellhouseOne | 055.400
2016-12-12 20:32:42 | TEMPLOG : WellhouseOne | 054.500
2016-12-12 20:33:44 | TEMPLOG : WellhouseOne | 052.700
2016-12-12 20:34:45 | TEMPLOG : WellhouseOne | 050.000
2016-12-12 20:35:46 | TEMPLOG : WellhouseOne | 048.200
2016-12-12 20:35:47 | TEMPLOG : Table    One | 036.500
2016-12-12 20:36:47 | TEMPLOG : WellhouseOne | 046.400
2016-12-12 20:37:49 | TEMPLOG : WellhouseOne | 044.600
2016-12-12 20:38:51 | TEMPLOG : WellhouseOne | 043.700
2016-12-12 20:39:53 | TEMPLOG : WellhouseOne | 044.600
2016-12-12 20:40:54 | TEMPLOG : WellhouseOne | 045.500
2016-12-12 20:44:59 | TEMPLOG : Bio   Filter | 037.400
2016-12-12 20:46:00 | TEMPLOG : WellhouseOne | 046.400
2016-12-12 20:47:02 | TEMPLOG : WellhouseOne | 045.500
2016-12-12 20:50:07 | TEMPLOG : WellhouseOne | 096.800
2016-12-12 20:51:08 | TEMPLOG : WellhouseOne | 122.000
2016-12-12 20:52:11 | TEMPLOG : WellhouseOne | 119.300
2016-12-12 20:53:11 | TEMPLOG : WellhouseOne | 090.500
2016-12-12 20:54:13 | TEMPLOG : WellhouseOne | 077.000
2016-12-12 20:55:14 | TEMPLOG : WellhouseOne | 064.400
2016-12-12 20:56:15 | TEMPLOG : WellhouseOne | 058.100
2016-12-12 20:57:17 | TEMPLOG : WellhouseOne | 056.300
2016-12-12 20:58:18 | TEMPLOG : WellhouseOne | 055.400
2016-12-12 20:59:20 | TEMPLOG : WellhouseOne | 054.500
2016-12-12 21:00:21 | TEMPLOG : WellhouseOne | 052.700
2016-12-12 21:00:21 | TEMPLOG : Bio   Filter | 037.400
2016-12-12 21:00:21 | TEMPLOG : To   GeoLoop | 047.300
2016-12-12 21:00:21 | TEMPLOG : Table    One | 036.500
2016-12-12 21:01:21 | TEMPLOG : WellhouseOne | 051.800
2016-12-12 21:02:22 | TEMPLOG : WellhouseOne | 050.900
2016-12-12 21:04:24 | TEMPLOG : WellhouseOne | 050.000
2016-12-12 21:04:25 | TEMPLOG : To   GeoLoop | 046.400
2016-12-12 21:05:25 | TEMPLOG : WellhouseOne | 049.100
2016-12-12 21:05:26 | TEMPLOG : To   GeoLoop | 047.300
2016-12-12 21:06:26 | TEMPLOG : To   GeoLoop | 046.400
2016-12-12 21:07:27 | TEMPLOG : WellhouseOne | 048.200
2016-12-12 21:10:30 | TEMPLOG : WellhouseOne | 046.400
2016-12-12 21:16:39 | TEMPLOG : To   GeoLoop | 047.300
2016-12-12 21:18:41 | TEMPLOG : WellhouseOne | 084.200
2016-12-12 21:18:42 | TEMPLOG : To   GeoLoop | 046.400
2016-12-12 21:19:43 | TEMPLOG : WellhouseOne | 115.700
2016-12-12 21:19:43 | TEMPLOG : To   GeoLoop | 047.300
2016-12-12 21:20:44 | TEMPLOG : WellhouseOne | 128.300
2016-12-12 21:21:44 | TEMPLOG : WellhouseOne | 101.300
2016-12-12 21:21:45 | TEMPLOG : To   GeoLoop | 046.400
2016-12-12 21:22:45 | TEMPLOG : WellhouseOne | 084.200
2016-12-12 21:23:46 | TEMPLOG : WellhouseOne | 073.400
2016-12-12 21:24:47 | TEMPLOG : WellhouseOne | 066.200
2016-12-12 21:24:48 | TEMPLOG : To   GeoLoop | 047.300
2016-12-12 21:25:49 | TEMPLOG : WellhouseOne | 062.600
2016-12-12 21:25:49 | TEMPLOG : To   GeoLoop | 046.400
2016-12-12 21:26:49 | TEMPLOG : WellhouseOne | 059.000
2016-12-12 21:27:51 | TEMPLOG : WellhouseOne | 057.200
2016-12-12 21:28:52 | TEMPLOG : WellhouseOne | 055.400
2016-12-12 21:29:54 | TEMPLOG : WellhouseOne | 053.600
2016-12-12 21:30:55 | TEMPLOG : WellhouseOne | 052.700
2016-12-12 21:31:56 | TEMPLOG : WellhouseOne | 051.800
2016-12-12 21:32:59 | TEMPLOG : WellhouseOne | 050.900
2016-12-12 21:32:59 | TEMPLOG : Table    One | 035.600
2016-12-12 21:34:00 | TEMPLOG : WellhouseOne | 050.000
2016-12-12 21:35:01 | TEMPLOG : Bio   Filter | 036.500
2016-12-12 21:36:02 | TEMPLOG : WellhouseOne | 049.100
2016-12-12 21:38:05 | TEMPLOG : WellhouseOne | 048.200
2016-12-12 21:41:08 | TEMPLOG : WellhouseOne | 047.300
2016-12-12 21:44:12 | TEMPLOG : WellhouseOne | 046.400
2016-12-12 21:48:17 | TEMPLOG : WellhouseOne | 064.400
2016-12-12 21:49:18 | TEMPLOG : WellhouseOne | 113.000
2016-12-12 21:50:19 | TEMPLOG : WellhouseOne | 129.200
2016-12-12 21:51:20 | TEMPLOG : WellhouseOne | 102.200
2016-12-12 21:52:22 | TEMPLOG : WellhouseOne | 085.100
2016-12-12 21:53:23 | TEMPLOG : WellhouseOne | 075.200
2016-12-12 21:54:24 | TEMPLOG : WellhouseOne | 068.000
2016-12-12 21:54:24 | TEMPLOG : Bio   Filter | 035.600
2016-12-12 21:55:25 | TEMPLOG : WellhouseOne | 062.600
2016-12-12 21:55:26 | TEMPLOG : Table    One | 034.700
2016-12-12 21:56:26 | TEMPLOG : WellhouseOne | 059.000
2016-12-12 21:57:28 | TEMPLOG : WellhouseOne | 057.200
2016-12-12 21:58:29 | TEMPLOG : WellhouseOne | 055.400
2016-12-12 21:59:30 | TEMPLOG : WellhouseOne | 052.700
2016-12-12 22:00:32 | TEMPLOG : WellhouseOne | 050.900
2016-12-12 22:00:32 | TEMPLOG : Bio   Filter | 035.600
2016-12-12 22:00:33 | TEMPLOG : To   GeoLoop | 046.400
2016-12-12 22:00:33 | TEMPLOG : Table    One | 034.700
2016-12-12 22:01:33 | TEMPLOG : WellhouseOne | 049.100
2016-12-12 22:01:34 | TEMPLOG : To   GeoLoop | 045.500
2016-12-12 22:03:36 | TEMPLOG : WellhouseOne | 048.200
2016-12-12 22:04:36 | TEMPLOG : WellhouseOne | 047.300
2016-12-12 22:05:37 | TEMPLOG : WellhouseOne | 046.400
2016-12-12 22:08:41 | TEMPLOG : WellhouseOne | 045.500
2016-12-12 22:08:42 | TEMPLOG : To   GeoLoop | 046.400
2016-12-12 22:09:42 | TEMPLOG : WellhouseOne | 044.600
2016-12-12 22:09:43 | TEMPLOG : To   GeoLoop | 045.500
2016-12-12 22:12:47 | TEMPLOG : WellhouseOne | 043.700
2016-12-12 22:15:52 | TEMPLOG : WellhouseOne | 042.800
2016-12-12 22:16:53 | TEMPLOG : WellhouseOne | 054.500
2016-12-12 22:17:54 | TEMPLOG : WellhouseOne | 111.200
2016-12-12 22:18:56 | TEMPLOG : WellhouseOne | 129.200
2016-12-12 22:19:57 | TEMPLOG : WellhouseOne | 119.300
2016-12-12 22:20:59 | TEMPLOG : WellhouseOne | 091.400
2016-12-12 22:22:00 | TEMPLOG : WellhouseOne | 077.900
2016-12-12 22:23:02 | TEMPLOG : WellhouseOne | 068.900
2016-12-12 22:24:03 | TEMPLOG : WellhouseOne | 061.700
2016-12-12 22:25:04 | TEMPLOG : WellhouseOne | 056.300
2016-12-12 22:26:06 | TEMPLOG : WellhouseOne | 053.600
2016-12-12 22:28:08 | TEMPLOG : WellhouseOne | 051.800
2016-12-12 22:29:10 | TEMPLOG : WellhouseOne | 050.000
2016-12-12 22:30:11 | TEMPLOG : WellhouseOne | 049.100
2016-12-12 22:31:11 | TEMPLOG : WellhouseOne | 048.200
2016-12-12 22:32:14 | TEMPLOG : WellhouseOne | 047.300
2016-12-12 22:32:14 | TEMPLOG : Bio   Filter | 034.700
2016-12-12 22:33:15 | TEMPLOG : WellhouseOne | 046.400
2016-12-12 22:36:18 | TEMPLOG : WellhouseOne | 045.500
2016-12-12 22:36:19 | TEMPLOG : Table    One | 033.800
2016-12-12 22:37:20 | TEMPLOG : Table    One | 034.700
2016-12-12 22:38:21 | TEMPLOG : Table    One | 033.800
2016-12-12 22:39:21 | TEMPLOG : WellhouseOne | 044.600
2016-12-12 22:39:22 | TEMPLOG : Table    One | 034.700
2016-12-12 22:41:24 | TEMPLOG : WellhouseOne | 043.700
2016-12-12 22:41:25 | TEMPLOG : Table    One | 033.800
2016-12-12 22:43:28 | TEMPLOG : WellhouseOne | 042.800
2016-12-12 22:45:30 | TEMPLOG : WellhouseOne | 076.100
2016-12-12 22:46:31 | TEMPLOG : WellhouseOne | 112.100
2016-12-12 22:47:33 | TEMPLOG : WellhouseOne | 123.800
2016-12-12 22:48:33 | TEMPLOG : WellhouseOne | 130.100
2016-12-12 22:49:35 | TEMPLOG : WellhouseOne | 108.500
2016-12-12 22:50:37 | TEMPLOG : WellhouseOne | 086.900
2016-12-12 22:51:39 | TEMPLOG : WellhouseOne | 074.300
2016-12-12 22:52:41 | TEMPLOG : WellhouseOne | 066.200
2016-12-12 22:53:41 | TEMPLOG : WellhouseOne | 059.900
2016-12-12 22:54:43 | TEMPLOG : WellhouseOne | 057.200
2016-12-12 22:55:43 | TEMPLOG : WellhouseOne | 053.600
2016-12-12 22:56:45 | TEMPLOG : WellhouseOne | 051.800
2016-12-12 22:57:46 | TEMPLOG : WellhouseOne | 050.000
2016-12-12 22:58:47 | TEMPLOG : WellhouseOne | 049.100
2016-12-12 22:59:49 | TEMPLOG : WellhouseOne | 048.200
2016-12-12 23:00:51 | TEMPLOG : WellhouseOne | 047.300
2016-12-12 23:00:51 | TEMPLOG : Bio   Filter | 033.800
2016-12-12 23:00:51 | TEMPLOG : To   GeoLoop | 045.500
2016-12-12 23:00:51 | TEMPLOG : Table    One | 033.800
2016-12-12 23:01:51 | TEMPLOG : WellhouseOne | 046.400
2016-12-12 23:02:54 | TEMPLOG : To   GeoLoop | 044.600
2016-12-12 23:03:56 | TEMPLOG : To   GeoLoop | 045.500
2016-12-12 23:04:56 | TEMPLOG : WellhouseOne | 045.500
2016-12-12 23:05:57 | TEMPLOG : WellhouseOne | 044.600
2016-12-12 23:06:59 | TEMPLOG : To   GeoLoop | 044.600
2016-12-12 23:07:59 | TEMPLOG : WellhouseOne | 043.700
2016-12-12 23:08:00 | TEMPLOG : To   GeoLoop | 045.500
2016-12-12 23:09:01 | TEMPLOG : To   GeoLoop | 044.600
2016-12-12 23:11:03 | TEMPLOG : WellhouseOne | 042.800
2016-12-12 23:11:04 | TEMPLOG : To   GeoLoop | 045.500
2016-12-12 23:12:04 | TEMPLOG : WellhouseOne | 041.900
2016-12-12 23:13:06 | TEMPLOG : To   GeoLoop | 044.600
2016-12-12 23:15:08 | TEMPLOG : WellhouseOne | 091.400
2016-12-12 23:16:09 | TEMPLOG : WellhouseOne | 114.800
2016-12-12 23:17:11 | TEMPLOG : WellhouseOne | 125.600
2016-12-12 23:17:11 | TEMPLOG : Table    One | 032.900
2016-12-12 23:18:12 | TEMPLOG : WellhouseOne | 131.000
2016-12-12 23:19:13 | TEMPLOG : WellhouseOne | 121.100
2016-12-12 23:20:14 | TEMPLOG : WellhouseOne | 094.100
2016-12-12 23:21:15 | TEMPLOG : WellhouseOne | 077.900
2016-12-12 23:22:16 | TEMPLOG : WellhouseOne | 068.000
2016-12-12 23:23:17 | TEMPLOG : WellhouseOne | 061.700
2016-12-12 23:24:19 | TEMPLOG : WellhouseOne | 057.200
2016-12-12 23:25:20 | TEMPLOG : WellhouseOne | 054.500
2016-12-12 23:25:21 | TEMPLOG : Table    One | 033.800
2016-12-12 23:26:21 | TEMPLOG : WellhouseOne | 052.700
2016-12-12 23:26:23 | TEMPLOG : Table    One | 032.900
2016-12-12 23:27:23 | TEMPLOG : WellhouseOne | 051.800
2016-12-12 23:28:25 | TEMPLOG : WellhouseOne | 050.000
2016-12-12 23:29:26 | TEMPLOG : WellhouseOne | 049.100
2016-12-12 23:30:28 | TEMPLOG : WellhouseOne | 048.200
2016-12-12 23:31:29 | TEMPLOG : WellhouseOne | 047.300
2016-12-12 23:33:32 | TEMPLOG : WellhouseOne | 046.400
2016-12-12 23:35:34 | TEMPLOG : WellhouseOne | 045.500
2016-12-12 23:37:37 | TEMPLOG : WellhouseOne | 044.600
2016-12-12 23:38:38 | TEMPLOG : WellhouseOne | 043.700
2016-12-12 23:41:42 | TEMPLOG : WellhouseOne | 042.800
2016-12-12 23:43:44 | TEMPLOG : WellhouseOne | 061.700
2016-12-12 23:44:46 | TEMPLOG : WellhouseOne | 106.700
2016-12-12 23:45:47 | TEMPLOG : WellhouseOne | 120.200
2016-12-12 23:46:48 | TEMPLOG : WellhouseOne | 129.200
2016-12-12 23:47:50 | TEMPLOG : WellhouseOne | 135.500
2016-12-12 23:48:51 | TEMPLOG : WellhouseOne | 105.800
2016-12-12 23:49:52 | TEMPLOG : WellhouseOne | 086.000
2016-12-12 23:49:52 | TEMPLOG : Bio   Filter | 032.900
2016-12-12 23:50:53 | TEMPLOG : WellhouseOne | 072.500
2016-12-12 23:50:53 | TEMPLOG : Bio   Filter | 033.800
2016-12-12 23:51:54 | TEMPLOG : WellhouseOne | 067.100
2016-12-12 23:51:54 | TEMPLOG : Bio   Filter | 032.900
2016-12-12 23:52:56 | TEMPLOG : WellhouseOne | 060.800
2016-12-12 23:53:57 | TEMPLOG : WellhouseOne | 056.300
2016-12-12 23:54:58 | TEMPLOG : WellhouseOne | 052.700
2016-12-12 23:55:59 | TEMPLOG : WellhouseOne | 051.800
2016-12-12 23:57:00 | TEMPLOG : WellhouseOne | 049.100
2016-12-12 23:58:01 | TEMPLOG : WellhouseOne | 047.300
