2016-11-24 00:00:47 | TEMPLOG : WellhouseOne | 038.300
2016-11-24 00:00:47 | TEMPLOG : Bio   Filter | 041.900
2016-11-24 00:00:48 | TEMPLOG : To   GeoLoop | 051.800
2016-11-24 00:00:48 | TEMPLOG : Table    One | 039.200
2016-11-24 00:01:48 | TEMPLOG : WellhouseOne | 039.200
2016-11-24 00:03:52 | TEMPLOG : WellhouseOne | 038.300
2016-11-24 00:12:01 | TEMPLOG : Bio   Filter | 041.000
2016-11-24 00:13:02 | TEMPLOG : Bio   Filter | 041.900
2016-11-24 00:17:08 | TEMPLOG : WellhouseOne | 037.400
2016-11-24 00:18:09 | TEMPLOG : Bio   Filter | 041.000
2016-11-24 00:25:18 | TEMPLOG : WellhouseOne | 036.500
2016-11-24 00:27:20 | TEMPLOG : WellhouseOne | 037.400
2016-11-24 00:33:28 | TEMPLOG : WellhouseOne | 038.300
2016-11-24 00:38:34 | TEMPLOG : WellhouseOne | 039.200
2016-11-24 00:43:41 | TEMPLOG : Bio   Filter | 041.900
2016-11-24 00:44:42 | TEMPLOG : WellhouseOne | 038.300
2016-11-24 00:44:42 | TEMPLOG : Bio   Filter | 041.000
2016-11-24 00:48:47 | TEMPLOG : WellhouseOne | 037.400
2016-11-24 00:50:48 | TEMPLOG : WellhouseOne | 038.300
2016-11-24 00:51:50 | TEMPLOG : WellhouseOne | 037.400
2016-11-24 01:00:01 | TEMPLOG : WellhouseOne | 037.400
2016-11-24 01:00:01 | TEMPLOG : Bio   Filter | 041.000
2016-11-24 01:00:01 | TEMPLOG : To   GeoLoop | 051.800
2016-11-24 01:00:02 | TEMPLOG : Table    One | 039.200
2016-11-24 01:05:10 | TEMPLOG : WellhouseOne | 036.500
2016-11-24 01:11:16 | TEMPLOG : To   GeoLoop | 050.900
2016-11-24 01:12:17 | TEMPLOG : To   GeoLoop | 051.800
2016-11-24 01:13:17 | TEMPLOG : WellhouseOne | 037.400
2016-11-24 01:13:18 | TEMPLOG : To   GeoLoop | 050.900
2016-11-24 01:15:20 | TEMPLOG : To   GeoLoop | 051.800
2016-11-24 01:16:20 | TEMPLOG : WellhouseOne | 038.300
2016-11-24 01:16:21 | TEMPLOG : To   GeoLoop | 050.900
2016-11-24 01:19:24 | TEMPLOG : WellhouseOne | 039.200
2016-11-24 01:20:26 | TEMPLOG : To   GeoLoop | 051.800
2016-11-24 01:21:28 | TEMPLOG : WellhouseOne | 040.100
2016-11-24 01:21:28 | TEMPLOG : To   GeoLoop | 050.900
2016-11-24 01:22:30 | TEMPLOG : To   GeoLoop | 051.800
2016-11-24 01:26:33 | TEMPLOG : WellhouseOne | 041.000
2016-11-24 01:30:37 | TEMPLOG : Bio   Filter | 041.900
2016-11-24 01:35:45 | TEMPLOG : WellhouseOne | 040.100
2016-11-24 01:35:46 | TEMPLOG : Bio   Filter | 041.000
2016-11-24 01:39:50 | TEMPLOG : Bio   Filter | 041.900
2016-11-24 01:39:51 | TEMPLOG : To   GeoLoop | 050.900
2016-11-24 01:40:52 | TEMPLOG : To   GeoLoop | 051.800
2016-11-24 01:43:56 | TEMPLOG : To   GeoLoop | 050.900
2016-11-24 01:45:58 | TEMPLOG : WellhouseOne | 039.200
2016-11-24 01:45:58 | TEMPLOG : To   GeoLoop | 051.800
2016-11-24 01:49:02 | TEMPLOG : To   GeoLoop | 050.900
2016-11-24 01:50:03 | TEMPLOG : Bio   Filter | 041.000
2016-11-24 01:51:04 | TEMPLOG : Bio   Filter | 041.900
2016-11-24 01:52:05 | TEMPLOG : Bio   Filter | 041.000
2016-11-24 01:52:05 | TEMPLOG : To   GeoLoop | 051.800
2016-11-24 01:53:06 | TEMPLOG : Bio   Filter | 041.900
2016-11-24 01:53:06 | TEMPLOG : Table    One | 040.100
2016-11-24 01:56:09 | TEMPLOG : WellhouseOne | 038.300
2016-11-24 01:57:10 | TEMPLOG : To   GeoLoop | 050.900
2016-11-24 01:58:12 | TEMPLOG : To   GeoLoop | 051.800
2016-11-24 01:59:13 | TEMPLOG : To   GeoLoop | 050.900
2016-11-24 02:00:13 | TEMPLOG : WellhouseOne | 038.300
2016-11-24 02:00:13 | TEMPLOG : Bio   Filter | 041.900
2016-11-24 02:00:14 | TEMPLOG : To   GeoLoop | 050.900
2016-11-24 02:00:14 | TEMPLOG : Table    One | 040.100
2016-11-24 02:01:16 | TEMPLOG : To   GeoLoop | 051.800
2016-11-24 02:01:16 | TEMPLOG : Table    One | 039.200
2016-11-24 02:02:16 | TEMPLOG : WellhouseOne | 039.200
2016-11-24 02:02:18 | TEMPLOG : To   GeoLoop | 050.900
2016-11-24 02:05:20 | TEMPLOG : WellhouseOne | 040.100
2016-11-24 02:05:21 | TEMPLOG : Table    One | 040.100
2016-11-24 02:09:27 | TEMPLOG : WellhouseOne | 041.000
2016-11-24 02:10:29 | TEMPLOG : To   GeoLoop | 051.800
2016-11-24 02:11:30 | TEMPLOG : To   GeoLoop | 050.900
2016-11-24 02:15:34 | TEMPLOG : WellhouseOne | 041.900
2016-11-24 02:18:38 | TEMPLOG : To   GeoLoop | 051.800
2016-11-24 02:19:39 | TEMPLOG : To   GeoLoop | 050.900
2016-11-24 02:20:39 | TEMPLOG : WellhouseOne | 042.800
2016-11-24 02:21:40 | TEMPLOG : WellhouseOne | 041.900
2016-11-24 02:21:41 | TEMPLOG : Bio   Filter | 042.800
2016-11-24 02:22:42 | TEMPLOG : To   GeoLoop | 051.800
2016-11-24 02:23:45 | TEMPLOG : To   GeoLoop | 050.900
2016-11-24 02:25:46 | TEMPLOG : WellhouseOne | 041.000
2016-11-24 02:31:53 | TEMPLOG : WellhouseOne | 040.100
2016-11-24 02:32:56 | TEMPLOG : Table    One | 039.200
2016-11-24 02:38:02 | TEMPLOG : Bio   Filter | 041.900
2016-11-24 02:39:04 | TEMPLOG : Bio   Filter | 042.800
2016-11-24 02:40:05 | TEMPLOG : WellhouseOne | 039.200
2016-11-24 02:47:15 | TEMPLOG : Bio   Filter | 041.900
2016-11-24 02:48:17 | TEMPLOG : Bio   Filter | 042.800
2016-11-24 02:51:21 | TEMPLOG : WellhouseOne | 040.100
2016-11-24 02:52:22 | TEMPLOG : Bio   Filter | 041.900
2016-11-24 02:56:26 | TEMPLOG : WellhouseOne | 041.000
2016-11-24 02:58:29 | TEMPLOG : Bio   Filter | 041.000
2016-11-24 03:00:30 | TEMPLOG : WellhouseOne | 041.900
2016-11-24 03:00:31 | TEMPLOG : Bio   Filter | 041.000
2016-11-24 03:00:31 | TEMPLOG : To   GeoLoop | 050.900
2016-11-24 03:00:31 | TEMPLOG : Table    One | 039.200
2016-11-24 03:03:34 | TEMPLOG : WellhouseOne | 041.000
2016-11-24 03:09:42 | TEMPLOG : WellhouseOne | 040.100
2016-11-24 03:16:49 | TEMPLOG : WellhouseOne | 039.200
2016-11-24 03:18:51 | TEMPLOG : To   GeoLoop | 050.000
2016-11-24 03:21:56 | TEMPLOG : WellhouseOne | 038.300
2016-11-24 03:25:01 | TEMPLOG : Table    One | 038.300
2016-11-24 03:26:03 | TEMPLOG : Table    One | 039.200
2016-11-24 03:27:04 | TEMPLOG : Table    One | 038.300
2016-11-24 03:34:11 | TEMPLOG : WellhouseOne | 037.400
2016-11-24 03:35:12 | TEMPLOG : WellhouseOne | 038.300
2016-11-24 03:40:19 | TEMPLOG : WellhouseOne | 039.200
2016-11-24 03:42:21 | TEMPLOG : Bio   Filter | 040.100
2016-11-24 03:43:22 | TEMPLOG : WellhouseOne | 040.100
2016-11-24 03:45:25 | TEMPLOG : WellhouseOne | 039.200
2016-11-24 03:46:27 | TEMPLOG : WellhouseOne | 040.100
2016-11-24 03:47:29 | TEMPLOG : WellhouseOne | 039.200
2016-11-24 03:47:29 | TEMPLOG : Bio   Filter | 041.000
2016-11-24 03:52:36 | TEMPLOG : WellhouseOne | 038.300
2016-11-24 03:54:39 | TEMPLOG : WellhouseOne | 039.200
2016-11-24 03:56:42 | TEMPLOG : WellhouseOne | 038.300
2016-11-24 04:00:47 | TEMPLOG : WellhouseOne | 038.300
2016-11-24 04:00:47 | TEMPLOG : Bio   Filter | 041.000
2016-11-24 04:00:48 | TEMPLOG : To   GeoLoop | 050.000
2016-11-24 04:00:49 | TEMPLOG : Table    One | 038.300
2016-11-24 04:02:50 | TEMPLOG : WellhouseOne | 037.400
2016-11-24 04:03:52 | TEMPLOG : Table    One | 037.400
2016-11-24 04:04:53 | TEMPLOG : Table    One | 038.300
2016-11-24 04:07:56 | TEMPLOG : WellhouseOne | 038.300
2016-11-24 04:08:57 | TEMPLOG : WellhouseOne | 037.400
2016-11-24 04:09:59 | TEMPLOG : Bio   Filter | 040.100
2016-11-24 04:13:03 | TEMPLOG : Table    One | 037.400
2016-11-24 04:14:05 | TEMPLOG : Table    One | 038.300
2016-11-24 04:19:09 | TEMPLOG : WellhouseOne | 036.500
2016-11-24 04:22:16 | TEMPLOG : Table    One | 037.400
2016-11-24 04:23:17 | TEMPLOG : WellhouseOne | 037.400
2016-11-24 04:26:19 | TEMPLOG : WellhouseOne | 038.300
2016-11-24 04:28:21 | TEMPLOG : WellhouseOne | 037.400
2016-11-24 04:29:22 | TEMPLOG : WellhouseOne | 038.300
2016-11-24 04:31:26 | TEMPLOG : Table    One | 038.300
2016-11-24 04:33:29 | TEMPLOG : To   GeoLoop | 049.100
2016-11-24 04:33:29 | TEMPLOG : Table    One | 037.400
2016-11-24 04:34:30 | TEMPLOG : WellhouseOne | 039.200
2016-11-24 04:34:30 | TEMPLOG : To   GeoLoop | 050.000
2016-11-24 04:34:30 | TEMPLOG : Table    One | 038.300
2016-11-24 04:37:33 | TEMPLOG : WellhouseOne | 038.300
2016-11-24 04:42:39 | TEMPLOG : WellhouseOne | 037.400
2016-11-24 04:49:46 | TEMPLOG : WellhouseOne | 036.500
2016-11-24 04:52:52 | TEMPLOG : Bio   Filter | 041.000
2016-11-24 04:53:53 | TEMPLOG : WellhouseOne | 035.600
2016-11-24 05:00:00 | TEMPLOG : Bio   Filter | 041.000
2016-11-24 05:00:00 | TEMPLOG : To   GeoLoop | 050.000
2016-11-24 05:00:00 | TEMPLOG : Table    One | 038.300
2016-11-24 05:04:05 | TEMPLOG : Bio   Filter | 040.100
2016-11-24 05:05:06 | TEMPLOG : WellhouseOne | 036.500
2016-11-24 05:07:11 | TEMPLOG : To   GeoLoop | 049.100
2016-11-24 05:09:13 | TEMPLOG : WellhouseOne | 037.400
2016-11-24 05:10:14 | TEMPLOG : To   GeoLoop | 050.000
2016-11-24 05:12:16 | TEMPLOG : WellhouseOne | 038.300
2016-11-24 05:12:17 | TEMPLOG : To   GeoLoop | 049.100
2016-11-24 05:16:20 | TEMPLOG : WellhouseOne | 039.200
2016-11-24 05:21:28 | TEMPLOG : To   GeoLoop | 050.000
2016-11-24 05:22:28 | TEMPLOG : WellhouseOne | 038.300
2016-11-24 05:22:29 | TEMPLOG : To   GeoLoop | 049.100
2016-11-24 05:25:31 | TEMPLOG : To   GeoLoop | 050.000
2016-11-24 05:26:32 | TEMPLOG : WellhouseOne | 037.400
2016-11-24 05:26:32 | TEMPLOG : To   GeoLoop | 049.100
2016-11-24 05:27:33 | TEMPLOG : To   GeoLoop | 050.000
2016-11-24 05:30:38 | TEMPLOG : Bio   Filter | 041.000
2016-11-24 05:30:38 | TEMPLOG : To   GeoLoop | 049.100
2016-11-24 05:30:38 | TEMPLOG : Table    One | 039.200
2016-11-24 05:31:39 | TEMPLOG : To   GeoLoop | 050.000
2016-11-24 05:31:39 | TEMPLOG : Table    One | 038.300
2016-11-24 05:33:43 | TEMPLOG : Table    One | 039.200
2016-11-24 05:39:49 | TEMPLOG : To   GeoLoop | 049.100
2016-11-24 05:40:51 | TEMPLOG : To   GeoLoop | 050.000
2016-11-24 05:47:59 | TEMPLOG : WellhouseOne | 036.500
2016-11-24 05:49:00 | TEMPLOG : WellhouseOne | 037.400
2016-11-24 05:49:01 | TEMPLOG : To   GeoLoop | 049.100
2016-11-24 05:51:04 | TEMPLOG : To   GeoLoop | 050.000
2016-11-24 05:52:06 | TEMPLOG : To   GeoLoop | 049.100
2016-11-24 05:53:07 | TEMPLOG : To   GeoLoop | 050.000
2016-11-24 05:54:08 | TEMPLOG : To   GeoLoop | 049.100
2016-11-24 05:55:08 | TEMPLOG : WellhouseOne | 038.300
2016-11-24 05:56:10 | TEMPLOG : To   GeoLoop | 050.000
2016-11-24 05:58:12 | TEMPLOG : To   GeoLoop | 049.100
2016-11-24 05:59:15 | TEMPLOG : To   GeoLoop | 050.000
2016-11-24 06:00:15 | TEMPLOG : WellhouseOne | 039.200
2016-11-24 06:00:16 | TEMPLOG : Bio   Filter | 041.000
2016-11-24 06:00:16 | TEMPLOG : To   GeoLoop | 049.100
2016-11-24 06:00:16 | TEMPLOG : Table    One | 039.200
2016-11-24 06:07:21 | TEMPLOG : WellhouseOne | 038.300
2016-11-24 06:22:39 | TEMPLOG : WellhouseOne | 037.400
2016-11-24 06:22:41 | TEMPLOG : Table    One | 038.300
2016-11-24 06:25:44 | TEMPLOG : WellhouseOne | 036.500
2016-11-24 06:29:49 | TEMPLOG : WellhouseOne | 035.600
2016-11-24 06:32:53 | TEMPLOG : Table    One | 037.400
2016-11-24 06:33:54 | TEMPLOG : Bio   Filter | 040.100
2016-11-24 06:35:55 | TEMPLOG : WellhouseOne | 036.500
2016-11-24 06:36:57 | TEMPLOG : Table    One | 038.300
2016-11-24 06:38:00 | TEMPLOG : Table    One | 037.400
2016-11-24 06:39:00 | TEMPLOG : WellhouseOne | 037.400
2016-11-24 06:39:01 | TEMPLOG : Bio   Filter | 041.000
2016-11-24 06:39:01 | TEMPLOG : Table    One | 038.300
2016-11-24 06:42:04 | TEMPLOG : WellhouseOne | 038.300
2016-11-24 06:42:04 | TEMPLOG : Bio   Filter | 040.100
2016-11-24 06:44:07 | TEMPLOG : WellhouseOne | 039.200
2016-11-24 06:46:09 | TEMPLOG : WellhouseOne | 040.100
2016-11-24 06:50:14 | TEMPLOG : WellhouseOne | 039.200
2016-11-24 06:53:17 | TEMPLOG : WellhouseOne | 038.300
2016-11-24 07:00:26 | TEMPLOG : WellhouseOne | 038.300
2016-11-24 07:00:26 | TEMPLOG : Bio   Filter | 040.100
2016-11-24 07:00:27 | TEMPLOG : To   GeoLoop | 049.100
2016-11-24 07:00:27 | TEMPLOG : Table    One | 037.400
2016-11-24 07:01:28 | TEMPLOG : Table    One | 038.300
2016-11-24 07:04:31 | TEMPLOG : Table    One | 037.400
2016-11-24 07:05:33 | TEMPLOG : Table    One | 038.300
2016-11-24 07:06:34 | TEMPLOG : Table    One | 037.400
2016-11-24 07:08:36 | TEMPLOG : Table    One | 038.300
2016-11-24 07:09:36 | TEMPLOG : WellhouseOne | 037.400
2016-11-24 07:09:37 | TEMPLOG : Bio   Filter | 039.200
2016-11-24 07:10:38 | TEMPLOG : To   GeoLoop | 048.200
2016-11-24 07:10:38 | TEMPLOG : Table    One | 037.400
2016-11-24 07:11:40 | TEMPLOG : Table    One | 038.300
2016-11-24 07:12:40 | TEMPLOG : To   GeoLoop | 049.100
2016-11-24 07:14:43 | TEMPLOG : Bio   Filter | 040.100
2016-11-24 07:14:44 | TEMPLOG : Table    One | 037.400
2016-11-24 07:16:46 | TEMPLOG : To   GeoLoop | 048.200
2016-11-24 07:17:46 | TEMPLOG : Bio   Filter | 039.200
2016-11-24 07:18:47 | TEMPLOG : Bio   Filter | 040.100
2016-11-24 07:19:49 | TEMPLOG : Table    One | 038.300
2016-11-24 07:20:49 | TEMPLOG : WellhouseOne | 038.300
2016-11-24 07:20:50 | TEMPLOG : To   GeoLoop | 049.100
2016-11-24 07:22:53 | TEMPLOG : WellhouseOne | 039.200
2016-11-24 07:23:55 | TEMPLOG : Bio   Filter | 039.200
2016-11-24 07:23:55 | TEMPLOG : To   GeoLoop | 048.200
2016-11-24 07:24:55 | TEMPLOG : To   GeoLoop | 049.100
2016-11-24 07:25:56 | TEMPLOG : WellhouseOne | 040.100
2016-11-24 07:26:57 | TEMPLOG : Bio   Filter | 040.100
2016-11-24 07:27:59 | TEMPLOG : Table    One | 039.200
2016-11-24 07:30:03 | TEMPLOG : Table    One | 040.100
2016-11-24 07:32:04 | TEMPLOG : Bio   Filter | 041.000
2016-11-24 07:32:05 | TEMPLOG : Table    One | 041.000
2016-11-24 07:33:05 | TEMPLOG : WellhouseOne | 041.000
2016-11-24 07:33:06 | TEMPLOG : Table    One | 041.900
2016-11-24 07:35:07 | TEMPLOG : WellhouseOne | 040.100
2016-11-24 07:35:09 | TEMPLOG : Table    One | 042.800
2016-11-24 07:36:10 | TEMPLOG : Bio   Filter | 041.900
2016-11-24 07:37:12 | TEMPLOG : Table    One | 043.700
2016-11-24 07:38:14 | TEMPLOG : Table    One | 044.600
2016-11-24 07:39:14 | TEMPLOG : Bio   Filter | 042.800
2016-11-24 07:40:16 | TEMPLOG : Table    One | 045.500
2016-11-24 07:42:18 | TEMPLOG : Table    One | 046.400
2016-11-24 07:43:18 | TEMPLOG : Bio   Filter | 043.700
2016-11-24 07:44:19 | TEMPLOG : WellhouseOne | 039.200
2016-11-24 07:44:20 | TEMPLOG : Table    One | 047.300
2016-11-24 07:45:21 | TEMPLOG : Table    One | 048.200
2016-11-24 07:47:22 | TEMPLOG : WellhouseOne | 040.100
2016-11-24 07:47:23 | TEMPLOG : To   GeoLoop | 050.000
2016-11-24 07:47:23 | TEMPLOG : Table    One | 049.100
2016-11-24 07:48:23 | TEMPLOG : WellhouseOne | 039.200
2016-11-24 07:48:24 | TEMPLOG : Bio   Filter | 044.600
2016-11-24 07:48:25 | TEMPLOG : Table    One | 050.000
2016-11-24 07:49:27 | TEMPLOG : Table    One | 050.900
2016-11-24 07:51:28 | TEMPLOG : WellhouseOne | 040.100
2016-11-24 07:51:28 | TEMPLOG : Bio   Filter | 045.500
2016-11-24 07:51:29 | TEMPLOG : Table    One | 051.800
2016-11-24 07:52:30 | TEMPLOG : Table    One | 052.700
2016-11-24 07:53:31 | TEMPLOG : Bio   Filter | 046.400
2016-11-24 07:54:32 | TEMPLOG : Table    One | 053.600
2016-11-24 07:56:34 | TEMPLOG : Bio   Filter | 047.300
2016-11-24 07:57:36 | TEMPLOG : Table    One | 054.500
2016-11-24 07:58:37 | TEMPLOG : Bio   Filter | 048.200
2016-11-24 08:00:38 | TEMPLOG : WellhouseOne | 040.100
2016-11-24 08:00:39 | TEMPLOG : Bio   Filter | 048.200
2016-11-24 08:00:39 | TEMPLOG : To   GeoLoop | 050.000
2016-11-24 08:00:39 | TEMPLOG : Table    One | 055.400
2016-11-24 08:02:41 | TEMPLOG : Bio   Filter | 049.100
2016-11-24 08:03:43 | TEMPLOG : Table    One | 056.300
2016-11-24 08:04:44 | TEMPLOG : To   GeoLoop | 050.900
2016-11-24 08:05:45 | TEMPLOG : Bio   Filter | 050.000
2016-11-24 08:06:45 | TEMPLOG : WellhouseOne | 041.000
2016-11-24 08:07:47 | TEMPLOG : Table    One | 057.200
2016-11-24 08:08:49 | TEMPLOG : Table    One | 056.300
2016-11-24 08:09:49 | TEMPLOG : WellhouseOne | 041.900
2016-11-24 08:09:49 | TEMPLOG : Bio   Filter | 050.900
2016-11-24 08:09:50 | TEMPLOG : Table    One | 057.200
2016-11-24 08:11:51 | TEMPLOG : WellhouseOne | 042.800
2016-11-24 08:13:54 | TEMPLOG : Bio   Filter | 051.800
2016-11-24 08:13:54 | TEMPLOG : Table    One | 058.100
2016-11-24 08:16:57 | TEMPLOG : Table    One | 059.000
2016-11-24 08:17:58 | TEMPLOG : Bio   Filter | 052.700
2016-11-24 08:21:01 | TEMPLOG : Table    One | 058.100
2016-11-24 08:23:03 | TEMPLOG : Bio   Filter | 053.600
2016-11-24 08:25:07 | TEMPLOG : To   GeoLoop | 051.800
2016-11-24 08:26:07 | TEMPLOG : WellhouseOne | 043.700
2016-11-24 08:26:08 | TEMPLOG : To   GeoLoop | 050.900
2016-11-24 08:27:10 | TEMPLOG : Bio   Filter | 054.500
2016-11-24 08:27:10 | TEMPLOG : To   GeoLoop | 051.800
2016-11-24 08:27:10 | TEMPLOG : Table    One | 057.200
2016-11-24 08:32:17 | TEMPLOG : Bio   Filter | 055.400
2016-11-24 08:33:18 | TEMPLOG : Table    One | 056.300
2016-11-24 08:36:22 | TEMPLOG : Bio   Filter | 056.300
2016-11-24 08:40:26 | TEMPLOG : WellhouseOne | 044.600
2016-11-24 08:40:26 | TEMPLOG : To   GeoLoop | 052.700
2016-11-24 08:40:26 | TEMPLOG : Table    One | 055.400
2016-11-24 08:41:27 | TEMPLOG : Bio   Filter | 057.200
2016-11-24 08:46:35 | TEMPLOG : Bio   Filter | 058.100
2016-11-24 08:50:38 | TEMPLOG : Bio   Filter | 059.000
2016-11-24 08:55:45 | TEMPLOG : WellhouseOne | 045.500
2016-11-24 08:55:45 | TEMPLOG : Bio   Filter | 059.900
2016-11-24 08:55:46 | TEMPLOG : Table    One | 056.300
2016-11-24 08:57:48 | TEMPLOG : To   GeoLoop | 053.600
2016-11-24 08:59:51 | TEMPLOG : Bio   Filter | 060.800
2016-11-24 09:00:51 | TEMPLOG : WellhouseOne | 045.500
2016-11-24 09:00:52 | TEMPLOG : Bio   Filter | 060.800
2016-11-24 09:00:52 | TEMPLOG : To   GeoLoop | 053.600
2016-11-24 09:00:52 | TEMPLOG : Table    One | 056.300
2016-11-24 09:01:53 | TEMPLOG : WellhouseOne | 046.400
2016-11-24 09:04:58 | TEMPLOG : Bio   Filter | 061.700
2016-11-24 09:05:59 | TEMPLOG : Table    One | 057.200
2016-11-24 09:11:06 | TEMPLOG : Bio   Filter | 062.600
2016-11-24 09:11:07 | TEMPLOG : Table    One | 058.100
2016-11-24 09:12:07 | TEMPLOG : WellhouseOne | 047.300
2016-11-24 09:12:08 | TEMPLOG : To   GeoLoop | 054.500
2016-11-24 09:17:15 | TEMPLOG : Bio   Filter | 063.500
2016-11-24 09:18:17 | TEMPLOG : Table    One | 059.000
2016-11-24 09:24:24 | TEMPLOG : Bio   Filter | 064.400
2016-11-24 09:26:26 | TEMPLOG : WellhouseOne | 048.200
2016-11-24 09:27:27 | TEMPLOG : WellhouseOne | 047.300
2016-11-24 09:28:29 | TEMPLOG : To   GeoLoop | 055.400
2016-11-24 09:30:32 | TEMPLOG : Table    One | 059.900
2016-11-24 09:32:33 | TEMPLOG : WellhouseOne | 048.200
2016-11-24 09:33:34 | TEMPLOG : WellhouseOne | 047.300
2016-11-24 09:35:36 | TEMPLOG : WellhouseOne | 048.200
2016-11-24 09:37:40 | TEMPLOG : Table    One | 060.800
2016-11-24 09:39:42 | TEMPLOG : To   GeoLoop | 056.300
2016-11-24 09:40:42 | TEMPLOG : WellhouseOne | 049.100
2016-11-24 09:40:43 | TEMPLOG : To   GeoLoop | 055.400
2016-11-24 09:40:43 | TEMPLOG : Table    One | 061.700
2016-11-24 09:41:43 | TEMPLOG : WellhouseOne | 048.200
2016-11-24 09:41:44 | TEMPLOG : To   GeoLoop | 056.300
2016-11-24 09:42:44 | TEMPLOG : WellhouseOne | 049.100
2016-11-24 09:42:45 | TEMPLOG : Table    One | 062.600
2016-11-24 09:43:47 | TEMPLOG : Bio   Filter | 065.300
2016-11-24 09:44:49 | TEMPLOG : Table    One | 063.500
2016-11-24 09:45:49 | TEMPLOG : WellhouseOne | 050.000
2016-11-24 09:46:50 | TEMPLOG : Table    One | 064.400
2016-11-24 09:47:52 | TEMPLOG : Table    One | 065.300
2016-11-24 09:48:53 | TEMPLOG : Table    One | 067.100
2016-11-24 09:49:54 | TEMPLOG : Table    One | 068.900
2016-11-24 09:50:54 | TEMPLOG : WellhouseOne | 050.900
2016-11-24 09:50:54 | TEMPLOG : Bio   Filter | 066.200
2016-11-24 09:50:55 | TEMPLOG : Table    One | 069.800
2016-11-24 09:51:55 | TEMPLOG : WellhouseOne | 050.000
2016-11-24 09:51:56 | TEMPLOG : To   GeoLoop | 057.200
2016-11-24 09:51:56 | TEMPLOG : Table    One | 071.600
2016-11-24 09:52:57 | TEMPLOG : Table    One | 072.500
2016-11-24 09:53:59 | TEMPLOG : Table    One | 073.400
2016-11-24 09:56:00 | TEMPLOG : WellhouseOne | 049.100
2016-11-24 09:56:01 | TEMPLOG : Table    One | 074.300
2016-11-24 10:00:03 | TEMPLOG : WellhouseOne | 049.100
2016-11-24 10:00:04 | TEMPLOG : Bio   Filter | 066.200
2016-11-24 10:00:04 | TEMPLOG : To   GeoLoop | 057.200
2016-11-24 10:00:04 | TEMPLOG : Table    One | 074.300
2016-11-24 10:02:06 | TEMPLOG : WellhouseOne | 048.200
2016-11-24 10:03:09 | TEMPLOG : Table    One | 073.400
2016-11-24 10:06:12 | TEMPLOG : Bio   Filter | 065.300
2016-11-24 10:07:13 | TEMPLOG : Bio   Filter | 066.200
2016-11-24 10:08:14 | TEMPLOG : Bio   Filter | 065.300
2016-11-24 10:08:15 | TEMPLOG : To   GeoLoop | 058.100
2016-11-24 10:11:17 | TEMPLOG : WellhouseOne | 049.100
2016-11-24 10:15:23 | TEMPLOG : Table    One | 074.300
2016-11-24 10:17:25 | TEMPLOG : Bio   Filter | 064.400
2016-11-24 10:17:25 | TEMPLOG : Table    One | 075.200
2016-11-24 10:18:27 | TEMPLOG : Bio   Filter | 065.300
2016-11-24 10:19:28 | TEMPLOG : Bio   Filter | 064.400
2016-11-24 10:20:30 | TEMPLOG : Bio   Filter | 065.300
2016-11-24 10:20:31 | TEMPLOG : To   GeoLoop | 059.000
2016-11-24 10:20:31 | TEMPLOG : Table    One | 076.100
2016-11-24 10:21:31 | TEMPLOG : To   GeoLoop | 058.100
2016-11-24 10:22:34 | TEMPLOG : Bio   Filter | 064.400
2016-11-24 10:23:35 | TEMPLOG : To   GeoLoop | 059.000
2016-11-24 10:25:37 | TEMPLOG : WellhouseOne | 048.200
2016-11-24 10:26:38 | TEMPLOG : WellhouseOne | 049.100
2016-11-24 10:28:41 | TEMPLOG : Table    One | 077.000
2016-11-24 10:29:42 | TEMPLOG : Bio   Filter | 063.500
2016-11-24 10:31:45 | TEMPLOG : Bio   Filter | 064.400
2016-11-24 10:32:45 | TEMPLOG : WellhouseOne | 048.200
2016-11-24 10:32:46 | TEMPLOG : Table    One | 077.900
2016-11-24 10:33:46 | TEMPLOG : WellhouseOne | 049.100
2016-11-24 10:35:50 | TEMPLOG : Table    One | 078.800
2016-11-24 10:36:51 | TEMPLOG : WellhouseOne | 048.200
2016-11-24 10:36:52 | TEMPLOG : Table    One | 079.700
2016-11-24 10:38:54 | TEMPLOG : WellhouseOne | 049.100
2016-11-24 10:42:01 | TEMPLOG : WellhouseOne | 048.200
2016-11-24 10:42:02 | TEMPLOG : Table    One | 080.600
2016-11-24 10:43:02 | TEMPLOG : WellhouseOne | 049.100
2016-11-24 10:43:03 | TEMPLOG : Table    One | 079.700
2016-11-24 10:44:03 | TEMPLOG : WellhouseOne | 048.200
2016-11-24 10:44:03 | TEMPLOG : To   GeoLoop | 058.100
2016-11-24 10:44:03 | TEMPLOG : Table    One | 080.600
2016-11-24 10:45:04 | TEMPLOG : WellhouseOne | 049.100
2016-11-24 10:51:14 | TEMPLOG : Table    One | 081.500
2016-11-24 10:52:14 | TEMPLOG : Bio   Filter | 063.500
2016-11-24 10:53:16 | TEMPLOG : Bio   Filter | 064.400
2016-11-24 10:55:18 | TEMPLOG : Bio   Filter | 063.500
2016-11-24 10:55:18 | TEMPLOG : Table    One | 082.400
2016-11-24 10:56:19 | TEMPLOG : Bio   Filter | 064.400
2016-11-24 10:58:21 | TEMPLOG : Table    One | 081.500
2016-11-24 10:59:22 | TEMPLOG : WellhouseOne | 048.200
2016-11-24 11:00:23 | TEMPLOG : WellhouseOne | 048.200
2016-11-24 11:00:23 | TEMPLOG : Bio   Filter | 064.400
2016-11-24 11:00:23 | TEMPLOG : To   GeoLoop | 058.100
2016-11-24 11:00:24 | TEMPLOG : Table    One | 081.500
2016-11-24 11:01:24 | TEMPLOG : WellhouseOne | 049.100
2016-11-24 11:01:24 | TEMPLOG : Table    One | 082.400
2016-11-24 11:02:25 | TEMPLOG : Table    One | 081.500
2016-11-24 11:03:25 | TEMPLOG : WellhouseOne | 048.200
2016-11-24 11:04:28 | TEMPLOG : Table    One | 082.400
2016-11-24 11:05:30 | TEMPLOG : Table    One | 081.500
2016-11-24 11:08:32 | TEMPLOG : WellhouseOne | 049.100
2016-11-24 11:10:35 | TEMPLOG : To   GeoLoop | 057.200
2016-11-24 11:10:35 | TEMPLOG : Table    One | 082.400
2016-11-24 11:11:36 | TEMPLOG : To   GeoLoop | 058.100
2016-11-24 11:14:40 | TEMPLOG : Bio   Filter | 065.300
2016-11-24 11:14:41 | TEMPLOG : Table    One | 083.300
2016-11-24 11:15:42 | TEMPLOG : Bio   Filter | 064.400
2016-11-24 11:16:43 | TEMPLOG : Bio   Filter | 065.300
2016-11-24 11:20:47 | TEMPLOG : WellhouseOne | 050.000
2016-11-24 11:21:49 | TEMPLOG : WellhouseOne | 049.100
2016-11-24 11:21:49 | TEMPLOG : Table    One | 084.200
2016-11-24 11:26:55 | TEMPLOG : Table    One | 085.100
2016-11-24 11:28:56 | TEMPLOG : WellhouseOne | 050.000
2016-11-24 11:28:57 | TEMPLOG : Bio   Filter | 066.200
2016-11-24 11:28:57 | TEMPLOG : Table    One | 084.200
2016-11-24 11:29:58 | TEMPLOG : Bio   Filter | 065.300
2016-11-24 11:29:58 | TEMPLOG : Table    One | 085.100
2016-11-24 11:32:01 | TEMPLOG : WellhouseOne | 049.100
2016-11-24 11:34:03 | TEMPLOG : WellhouseOne | 050.000
2016-11-24 11:37:07 | TEMPLOG : WellhouseOne | 049.100
2016-11-24 11:38:08 | TEMPLOG : WellhouseOne | 050.000
2016-11-24 11:38:09 | TEMPLOG : Bio   Filter | 066.200
2016-11-24 11:39:11 | TEMPLOG : Table    One | 086.000
2016-11-24 11:41:13 | TEMPLOG : WellhouseOne | 049.100
2016-11-24 11:41:13 | TEMPLOG : Table    One | 085.100
2016-11-24 11:43:16 | TEMPLOG : Table    One | 086.000
2016-11-24 11:47:20 | TEMPLOG : WellhouseOne | 050.000
2016-11-24 11:48:23 | TEMPLOG : Table    One | 086.900
2016-11-24 11:49:24 | TEMPLOG : Bio   Filter | 067.100
2016-11-24 11:50:25 | TEMPLOG : Bio   Filter | 066.200
2016-11-24 11:50:25 | TEMPLOG : To   GeoLoop | 059.000
2016-11-24 11:50:25 | TEMPLOG : Table    One | 087.800
2016-11-24 11:51:25 | TEMPLOG : WellhouseOne | 049.100
2016-11-24 11:51:25 | TEMPLOG : Bio   Filter | 067.100
2016-11-24 11:51:25 | TEMPLOG : To   GeoLoop | 058.100
2016-11-24 11:52:27 | TEMPLOG : Table    One | 086.900
2016-11-24 11:54:29 | TEMPLOG : WellhouseOne | 050.000
2016-11-24 11:55:30 | TEMPLOG : To   GeoLoop | 059.000
2016-11-24 11:59:35 | TEMPLOG : WellhouseOne | 049.100
2016-11-24 12:00:37 | TEMPLOG : WellhouseOne | 050.000
2016-11-24 12:00:37 | TEMPLOG : Bio   Filter | 067.100
2016-11-24 12:00:37 | TEMPLOG : To   GeoLoop | 059.000
2016-11-24 12:00:38 | TEMPLOG : Table    One | 086.000
2016-11-24 12:01:39 | TEMPLOG : Table    One | 086.900
2016-11-24 12:02:40 | TEMPLOG : Table    One | 086.000
2016-11-24 12:03:41 | TEMPLOG : WellhouseOne | 049.100
2016-11-24 12:04:41 | TEMPLOG : WellhouseOne | 050.000
2016-11-24 12:09:49 | TEMPLOG : Table    One | 086.900
2016-11-24 12:13:53 | TEMPLOG : To   GeoLoop | 059.900
2016-11-24 12:18:59 | TEMPLOG : Table    One | 087.800
2016-11-24 12:21:02 | TEMPLOG : Bio   Filter | 068.000
2016-11-24 12:21:03 | TEMPLOG : Table    One | 088.700
2016-11-24 12:22:03 | TEMPLOG : Bio   Filter | 067.100
2016-11-24 12:23:05 | TEMPLOG : Table    One | 089.600
2016-11-24 12:26:09 | TEMPLOG : Bio   Filter | 068.000
2016-11-24 12:27:10 | TEMPLOG : To   GeoLoop | 060.800
2016-11-24 12:29:12 | TEMPLOG : Table    One | 090.500
2016-11-24 12:30:13 | TEMPLOG : To   GeoLoop | 061.700
2016-11-24 12:31:14 | TEMPLOG : To   GeoLoop | 062.600
2016-11-24 12:32:17 | TEMPLOG : Table    One | 089.600
2016-11-24 12:33:18 | TEMPLOG : Table    One | 090.500
2016-11-24 12:34:18 | TEMPLOG : To   GeoLoop | 063.500
2016-11-24 12:35:18 | TEMPLOG : WellhouseOne | 050.900
2016-11-24 12:37:21 | TEMPLOG : To   GeoLoop | 064.400
2016-11-24 12:37:21 | TEMPLOG : Table    One | 089.600
2016-11-24 12:38:22 | TEMPLOG : To   GeoLoop | 063.500
2016-11-24 12:38:23 | TEMPLOG : Table    One | 090.500
2016-11-24 12:40:26 | TEMPLOG : Table    One | 091.400
2016-11-24 12:41:26 | TEMPLOG : WellhouseOne | 051.800
2016-11-24 12:41:26 | TEMPLOG : Bio   Filter | 068.900
2016-11-24 12:41:26 | TEMPLOG : To   GeoLoop | 064.400
2016-11-24 12:42:29 | TEMPLOG : To   GeoLoop | 063.500
2016-11-24 12:43:30 | TEMPLOG : To   GeoLoop | 064.400
2016-11-24 12:44:32 | TEMPLOG : WellhouseOne | 050.900
2016-11-24 12:45:34 | TEMPLOG : To   GeoLoop | 063.500
2016-11-24 12:46:36 | TEMPLOG : To   GeoLoop | 064.400
2016-11-24 12:46:36 | TEMPLOG : Table    One | 092.300
2016-11-24 12:51:42 | TEMPLOG : Table    One | 093.200
2016-11-24 12:54:48 | TEMPLOG : To   GeoLoop | 065.300
2016-11-24 12:56:50 | TEMPLOG : Table    One | 092.300
2016-11-24 12:57:52 | TEMPLOG : Table    One | 093.200
2016-11-24 13:00:54 | TEMPLOG : WellhouseOne | 050.900
2016-11-24 13:00:55 | TEMPLOG : Bio   Filter | 068.900
2016-11-24 13:00:55 | TEMPLOG : To   GeoLoop | 065.300
2016-11-24 13:00:55 | TEMPLOG : Table    One | 094.100
2016-11-24 13:01:57 | TEMPLOG : Table    One | 093.200
2016-11-24 13:02:59 | TEMPLOG : Table    One | 094.100
2016-11-24 13:03:59 | TEMPLOG : WellhouseOne | 051.800
2016-11-24 13:05:00 | TEMPLOG : WellhouseOne | 052.700
2016-11-24 13:06:01 | TEMPLOG : To   GeoLoop | 066.200
2016-11-24 13:06:02 | TEMPLOG : Table    One | 093.200
2016-11-24 13:07:02 | TEMPLOG : WellhouseOne | 051.800
2016-11-24 13:08:05 | TEMPLOG : Table    One | 094.100
2016-11-24 13:11:08 | TEMPLOG : Table    One | 093.200
2016-11-24 13:12:08 | TEMPLOG : WellhouseOne | 050.900
2016-11-24 13:12:09 | TEMPLOG : Bio   Filter | 069.800
2016-11-24 13:12:10 | TEMPLOG : Table    One | 094.100
2016-11-24 13:13:10 | TEMPLOG : WellhouseOne | 051.800
2016-11-24 13:15:13 | TEMPLOG : Bio   Filter | 068.900
2016-11-24 13:16:13 | TEMPLOG : WellhouseOne | 052.700
2016-11-24 13:16:14 | TEMPLOG : Bio   Filter | 069.800
2016-11-24 13:19:18 | TEMPLOG : WellhouseOne | 051.800
2016-11-24 13:19:19 | TEMPLOG : Table    One | 095.000
2016-11-24 13:23:22 | TEMPLOG : To   GeoLoop | 067.100
2016-11-24 13:24:23 | TEMPLOG : To   GeoLoop | 066.200
2016-11-24 13:25:24 | TEMPLOG : Bio   Filter | 070.700
2016-11-24 13:25:24 | TEMPLOG : To   GeoLoop | 067.100
2016-11-24 13:25:24 | TEMPLOG : Table    One | 094.100
2016-11-24 13:26:25 | TEMPLOG : To   GeoLoop | 066.200
2016-11-24 13:26:25 | TEMPLOG : Table    One | 095.000
2016-11-24 13:27:26 | TEMPLOG : WellhouseOne | 052.700
2016-11-24 13:27:27 | TEMPLOG : Table    One | 094.100
2016-11-24 13:28:27 | TEMPLOG : WellhouseOne | 053.600
2016-11-24 13:28:27 | TEMPLOG : To   GeoLoop | 067.100
2016-11-24 13:29:28 | TEMPLOG : WellhouseOne | 052.700
2016-11-24 13:29:30 | TEMPLOG : Bio   Filter | 069.800
2016-11-24 13:30:32 | TEMPLOG : Bio   Filter | 070.700
2016-11-24 13:31:33 | TEMPLOG : WellhouseOne | 051.800
2016-11-24 13:35:39 | TEMPLOG : To   GeoLoop | 066.200
2016-11-24 13:36:40 | TEMPLOG : WellhouseOne | 052.700
2016-11-24 13:36:40 | TEMPLOG : To   GeoLoop | 067.100
2016-11-24 13:36:40 | TEMPLOG : Table    One | 095.000
2016-11-24 13:37:41 | TEMPLOG : Table    One | 094.100
2016-11-24 13:38:42 | TEMPLOG : WellhouseOne | 051.800
2016-11-24 13:38:43 | TEMPLOG : To   GeoLoop | 066.200
2016-11-24 13:38:43 | TEMPLOG : Table    One | 095.000
2016-11-24 13:39:44 | TEMPLOG : To   GeoLoop | 067.100
2016-11-24 13:39:45 | TEMPLOG : Table    One | 094.100
2016-11-24 13:40:46 | TEMPLOG : To   GeoLoop | 066.200
2016-11-24 13:41:47 | TEMPLOG : To   GeoLoop | 067.100
2016-11-24 13:41:48 | TEMPLOG : Table    One | 093.200
2016-11-24 13:42:49 | TEMPLOG : Table    One | 094.100
2016-11-24 13:43:49 | TEMPLOG : WellhouseOne | 052.700
2016-11-24 13:43:49 | TEMPLOG : Bio   Filter | 069.800
2016-11-24 13:43:50 | TEMPLOG : To   GeoLoop | 066.200
2016-11-24 13:44:52 | TEMPLOG : Bio   Filter | 070.700
2016-11-24 13:44:52 | TEMPLOG : To   GeoLoop | 067.100
2016-11-24 13:44:52 | TEMPLOG : Table    One | 093.200
2016-11-24 13:45:55 | TEMPLOG : Table    One | 094.100
2016-11-24 13:48:59 | TEMPLOG : Table    One | 093.200
2016-11-24 13:52:02 | TEMPLOG : WellhouseOne | 053.600
2016-11-24 13:53:03 | TEMPLOG : WellhouseOne | 052.700
2016-11-24 13:53:05 | TEMPLOG : Table    One | 094.100
2016-11-24 13:54:05 | TEMPLOG : Table    One | 093.200
2016-11-24 13:55:06 | TEMPLOG : To   GeoLoop | 066.200
2016-11-24 13:58:10 | TEMPLOG : To   GeoLoop | 067.100
2016-11-24 14:00:12 | TEMPLOG : WellhouseOne | 052.700
2016-11-24 14:00:12 | TEMPLOG : Bio   Filter | 070.700
2016-11-24 14:00:12 | TEMPLOG : To   GeoLoop | 066.200
2016-11-24 14:00:12 | TEMPLOG : Table    One | 093.200
2016-11-24 14:02:14 | TEMPLOG : Table    One | 094.100
2016-11-24 14:05:18 | TEMPLOG : Table    One | 093.200
2016-11-24 14:09:22 | TEMPLOG : Table    One | 092.300
2016-11-24 14:10:22 | TEMPLOG : WellhouseOne | 053.600
2016-11-24 14:11:23 | TEMPLOG : Table    One | 091.400
2016-11-24 14:12:24 | TEMPLOG : Bio   Filter | 069.800
2016-11-24 14:13:26 | TEMPLOG : Table    One | 092.300
2016-11-24 14:18:34 | TEMPLOG : Table    One | 091.400
2016-11-24 14:19:34 | TEMPLOG : To   GeoLoop | 065.300
2016-11-24 14:20:35 | TEMPLOG : To   GeoLoop | 066.200
2016-11-24 14:21:36 | TEMPLOG : To   GeoLoop | 065.300
2016-11-24 14:22:37 | TEMPLOG : WellhouseOne | 052.700
2016-11-24 14:23:40 | TEMPLOG : WellhouseOne | 053.600
2016-11-24 14:23:41 | TEMPLOG : To   GeoLoop | 066.200
2016-11-24 14:25:43 | TEMPLOG : To   GeoLoop | 065.300
2016-11-24 14:26:44 | TEMPLOG : Bio   Filter | 068.900
2016-11-24 14:27:45 | TEMPLOG : Bio   Filter | 069.800
2016-11-24 14:27:45 | TEMPLOG : Table    One | 090.500
2016-11-24 14:28:46 | TEMPLOG : WellhouseOne | 052.700
2016-11-24 14:29:47 | TEMPLOG : WellhouseOne | 053.600
2016-11-24 14:29:48 | TEMPLOG : Bio   Filter | 068.900
2016-11-24 14:29:48 | TEMPLOG : Table    One | 089.600
2016-11-24 14:30:49 | TEMPLOG : Bio   Filter | 069.800
2016-11-24 14:31:50 | TEMPLOG : Bio   Filter | 068.900
2016-11-24 14:33:53 | TEMPLOG : Table    One | 088.700
2016-11-24 14:34:53 | TEMPLOG : WellhouseOne | 052.700
2016-11-24 14:35:55 | TEMPLOG : WellhouseOne | 053.600
2016-11-24 14:36:56 | TEMPLOG : Table    One | 087.800
2016-11-24 14:37:56 | TEMPLOG : WellhouseOne | 052.700
2016-11-24 14:38:58 | TEMPLOG : WellhouseOne | 053.600
2016-11-24 14:40:00 | TEMPLOG : WellhouseOne | 052.700
2016-11-24 14:40:00 | TEMPLOG : To   GeoLoop | 064.400
2016-11-24 14:41:03 | TEMPLOG : To   GeoLoop | 065.300
2016-11-24 14:42:03 | TEMPLOG : WellhouseOne | 053.600
2016-11-24 14:42:03 | TEMPLOG : Bio   Filter | 068.000
2016-11-24 14:42:04 | TEMPLOG : Table    One | 086.900
2016-11-24 14:43:04 | TEMPLOG : Bio   Filter | 068.900
2016-11-24 14:43:05 | TEMPLOG : To   GeoLoop | 064.400
2016-11-24 14:44:07 | TEMPLOG : To   GeoLoop | 065.300
2016-11-24 14:44:07 | TEMPLOG : Table    One | 085.100
2016-11-24 14:45:07 | TEMPLOG : Bio   Filter | 068.000
2016-11-24 14:46:10 | TEMPLOG : Table    One | 084.200
2016-11-24 14:47:11 | TEMPLOG : Table    One | 083.300
2016-11-24 14:48:12 | TEMPLOG : Table    One | 082.400
2016-11-24 14:49:14 | TEMPLOG : To   GeoLoop | 064.400
2016-11-24 14:49:15 | TEMPLOG : Table    One | 081.500
2016-11-24 14:52:17 | TEMPLOG : WellhouseOne | 052.700
2016-11-24 14:52:18 | TEMPLOG : Table    One | 080.600
2016-11-24 14:53:19 | TEMPLOG : WellhouseOne | 053.600
2016-11-24 14:53:19 | TEMPLOG : Bio   Filter | 067.100
2016-11-24 14:55:22 | TEMPLOG : Table    One | 081.500
2016-11-24 14:59:27 | TEMPLOG : WellhouseOne | 052.700
2016-11-24 14:59:27 | TEMPLOG : Bio   Filter | 066.200
2016-11-24 14:59:28 | TEMPLOG : Table    One | 082.400
2016-11-24 15:00:28 | TEMPLOG : WellhouseOne | 052.700
2016-11-24 15:00:28 | TEMPLOG : Bio   Filter | 067.100
2016-11-24 15:00:28 | TEMPLOG : To   GeoLoop | 064.400
2016-11-24 15:00:29 | TEMPLOG : Table    One | 082.400
2016-11-24 15:03:30 | TEMPLOG : WellhouseOne | 053.600
2016-11-24 15:03:31 | TEMPLOG : Bio   Filter | 066.200
2016-11-24 15:04:32 | TEMPLOG : WellhouseOne | 052.700
2016-11-24 15:04:33 | TEMPLOG : Table    One | 081.500
2016-11-24 15:05:33 | TEMPLOG : WellhouseOne | 053.600
2016-11-24 15:07:36 | TEMPLOG : Table    One | 080.600
2016-11-24 15:08:37 | TEMPLOG : To   GeoLoop | 063.500
2016-11-24 15:10:40 | TEMPLOG : Table    One | 079.700
2016-11-24 15:11:40 | TEMPLOG : Bio   Filter | 065.300
2016-11-24 15:14:44 | TEMPLOG : Table    One | 078.800
2016-11-24 15:17:47 | TEMPLOG : Bio   Filter | 064.400
2016-11-24 15:18:48 | TEMPLOG : Table    One | 077.900
2016-11-24 15:20:50 | TEMPLOG : WellhouseOne | 052.700
2016-11-24 15:21:53 | TEMPLOG : Table    One | 077.000
2016-11-24 15:24:56 | TEMPLOG : Bio   Filter | 063.500
2016-11-24 15:25:57 | TEMPLOG : To   GeoLoop | 062.600
2016-11-24 15:25:57 | TEMPLOG : Table    One | 076.100
2016-11-24 15:31:03 | TEMPLOG : Table    One | 075.200
2016-11-24 15:34:05 | TEMPLOG : Bio   Filter | 062.600
2016-11-24 15:35:07 | TEMPLOG : Table    One | 074.300
2016-11-24 15:36:08 | TEMPLOG : WellhouseOne | 051.800
2016-11-24 15:38:11 | TEMPLOG : Table    One | 073.400
2016-11-24 15:40:12 | TEMPLOG : WellhouseOne | 052.700
2016-11-24 15:40:12 | TEMPLOG : To   GeoLoop | 061.700
2016-11-24 15:42:15 | TEMPLOG : Table    One | 072.500
2016-11-24 15:43:16 | TEMPLOG : Bio   Filter | 061.700
2016-11-24 15:44:18 | TEMPLOG : Table    One | 071.600
2016-11-24 15:45:19 | TEMPLOG : WellhouseOne | 051.800
2016-11-24 15:45:19 | TEMPLOG : Table    One | 070.700
2016-11-24 15:47:21 | TEMPLOG : Table    One | 069.800
2016-11-24 15:49:23 | TEMPLOG : Bio   Filter | 060.800
2016-11-24 15:49:24 | TEMPLOG : Table    One | 068.900
2016-11-24 15:50:25 | TEMPLOG : Bio   Filter | 061.700
2016-11-24 15:51:25 | TEMPLOG : Bio   Filter | 060.800
2016-11-24 15:52:27 | TEMPLOG : To   GeoLoop | 060.800
2016-11-24 15:52:27 | TEMPLOG : Table    One | 068.000
2016-11-24 15:54:29 | TEMPLOG : To   GeoLoop | 061.700
2016-11-24 15:54:30 | TEMPLOG : Table    One | 067.100
2016-11-24 15:55:30 | TEMPLOG : Bio   Filter | 059.900
2016-11-24 15:55:31 | TEMPLOG : To   GeoLoop | 060.800
2016-11-24 15:56:32 | TEMPLOG : Table    One | 066.200
2016-11-24 15:58:34 | TEMPLOG : Table    One | 065.300
2016-11-24 15:59:34 | TEMPLOG : Bio   Filter | 059.000
2016-11-24 16:00:35 | TEMPLOG : WellhouseOne | 051.800
2016-11-24 16:00:36 | TEMPLOG : Bio   Filter | 059.000
2016-11-24 16:00:37 | TEMPLOG : To   GeoLoop | 060.800
2016-11-24 16:00:37 | TEMPLOG : Table    One | 064.400
2016-11-24 16:02:39 | TEMPLOG : Table    One | 063.500
2016-11-24 16:03:39 | TEMPLOG : WellhouseOne | 050.900
2016-11-24 16:04:41 | TEMPLOG : Table    One | 062.600
2016-11-24 16:05:42 | TEMPLOG : Bio   Filter | 058.100
2016-11-24 16:06:44 | TEMPLOG : Table    One | 061.700
2016-11-24 16:09:48 | TEMPLOG : To   GeoLoop | 059.900
2016-11-24 16:09:48 | TEMPLOG : Table    One | 060.800
2016-11-24 16:10:48 | TEMPLOG : WellhouseOne | 050.000
2016-11-24 16:10:49 | TEMPLOG : Bio   Filter | 057.200
2016-11-24 16:12:51 | TEMPLOG : Table    One | 059.900
2016-11-24 16:14:54 | TEMPLOG : Table    One | 059.000
2016-11-24 16:15:55 | TEMPLOG : Bio   Filter | 056.300
2016-11-24 16:16:57 | TEMPLOG : Table    One | 058.100
2016-11-24 16:17:57 | TEMPLOG : WellhouseOne | 049.100
2016-11-24 16:20:01 | TEMPLOG : Table    One | 057.200
2016-11-24 16:21:02 | TEMPLOG : Table    One | 056.300
2016-11-24 16:22:04 | TEMPLOG : Bio   Filter | 055.400
2016-11-24 16:23:04 | TEMPLOG : To   GeoLoop | 059.000
2016-11-24 16:24:05 | TEMPLOG : Bio   Filter | 054.500
2016-11-24 16:24:06 | TEMPLOG : Table    One | 055.400
2016-11-24 16:25:06 | TEMPLOG : WellhouseOne | 048.200
2016-11-24 16:25:07 | TEMPLOG : Table    One | 054.500
2016-11-24 16:26:08 | TEMPLOG : Table    One | 053.600
2016-11-24 16:27:09 | TEMPLOG : Bio   Filter | 053.600
2016-11-24 16:28:11 | TEMPLOG : Table    One | 052.700
2016-11-24 16:29:13 | TEMPLOG : Table    One | 051.800
2016-11-24 16:31:15 | TEMPLOG : Bio   Filter | 052.700
2016-11-24 16:31:16 | TEMPLOG : To   GeoLoop | 058.100
2016-11-24 16:31:16 | TEMPLOG : Table    One | 050.900
2016-11-24 16:33:19 | TEMPLOG : Table    One | 050.000
2016-11-24 16:35:20 | TEMPLOG : WellhouseOne | 047.300
2016-11-24 16:36:22 | TEMPLOG : Bio   Filter | 051.800
2016-11-24 16:38:24 | TEMPLOG : Table    One | 049.100
2016-11-24 16:39:24 | TEMPLOG : WellhouseOne | 048.200
2016-11-24 16:41:27 | TEMPLOG : Bio   Filter | 050.900
2016-11-24 16:42:29 | TEMPLOG : Table    One | 048.200
2016-11-24 16:45:33 | TEMPLOG : WellhouseOne | 047.300
2016-11-24 16:47:38 | TEMPLOG : To   GeoLoop | 057.200
2016-11-24 16:48:38 | TEMPLOG : WellhouseOne | 046.400
2016-11-24 16:48:38 | TEMPLOG : Bio   Filter | 050.000
2016-11-24 16:48:38 | TEMPLOG : To   GeoLoop | 058.100
2016-11-24 16:50:40 | TEMPLOG : To   GeoLoop | 057.200
2016-11-24 16:51:41 | TEMPLOG : Bio   Filter | 050.900
2016-11-24 16:52:42 | TEMPLOG : Bio   Filter | 050.000
2016-11-24 16:52:43 | TEMPLOG : Table    One | 047.300
2016-11-24 17:00:52 | TEMPLOG : WellhouseOne | 046.400
2016-11-24 17:00:52 | TEMPLOG : Bio   Filter | 049.100
2016-11-24 17:00:52 | TEMPLOG : To   GeoLoop | 057.200
2016-11-24 17:00:52 | TEMPLOG : Table    One | 047.300
2016-11-24 17:06:58 | TEMPLOG : Table    One | 046.400
2016-11-24 17:08:59 | TEMPLOG : WellhouseOne | 045.500
2016-11-24 17:10:00 | TEMPLOG : WellhouseOne | 046.400
2016-11-24 17:11:01 | TEMPLOG : WellhouseOne | 045.500
2016-11-24 17:13:03 | TEMPLOG : WellhouseOne | 046.400
2016-11-24 17:16:09 | TEMPLOG : Bio   Filter | 048.200
2016-11-24 17:17:11 | TEMPLOG : Table    One | 045.500
2016-11-24 17:21:15 | TEMPLOG : WellhouseOne | 045.500
2016-11-24 17:22:16 | TEMPLOG : To   GeoLoop | 056.300
2016-11-24 17:23:17 | TEMPLOG : To   GeoLoop | 057.200
2016-11-24 17:24:18 | TEMPLOG : To   GeoLoop | 056.300
2016-11-24 17:25:21 | TEMPLOG : To   GeoLoop | 057.200
2016-11-24 17:26:21 | TEMPLOG : WellhouseOne | 046.400
2016-11-24 17:27:23 | TEMPLOG : To   GeoLoop | 056.300
2016-11-24 17:28:24 | TEMPLOG : WellhouseOne | 047.300
2016-11-24 17:28:24 | TEMPLOG : To   GeoLoop | 057.200
2016-11-24 17:29:25 | TEMPLOG : Bio   Filter | 047.300
2016-11-24 17:29:25 | TEMPLOG : To   GeoLoop | 056.300
2016-11-24 17:30:26 | TEMPLOG : WellhouseOne | 046.400
2016-11-24 17:31:28 | TEMPLOG : To   GeoLoop | 057.200
2016-11-24 17:32:30 | TEMPLOG : To   GeoLoop | 056.300
2016-11-24 17:33:31 | TEMPLOG : To   GeoLoop | 057.200
2016-11-24 17:34:32 | TEMPLOG : To   GeoLoop | 056.300
2016-11-24 17:35:33 | TEMPLOG : WellhouseOne | 045.500
2016-11-24 17:37:37 | TEMPLOG : Table    One | 044.600
2016-11-24 17:38:39 | TEMPLOG : Table    One | 045.500
2016-11-24 17:39:41 | TEMPLOG : Table    One | 044.600
2016-11-24 17:40:41 | TEMPLOG : WellhouseOne | 044.600
2016-11-24 17:46:49 | TEMPLOG : WellhouseOne | 043.700
2016-11-24 17:46:49 | TEMPLOG : Bio   Filter | 046.400
2016-11-24 17:47:51 | TEMPLOG : Bio   Filter | 047.300
2016-11-24 17:50:55 | TEMPLOG : Table    One | 043.700
2016-11-24 17:51:55 | TEMPLOG : Bio   Filter | 046.400
2016-11-24 17:58:02 | TEMPLOG : Bio   Filter | 045.500
2016-11-24 17:59:03 | TEMPLOG : Bio   Filter | 046.400
2016-11-24 18:00:04 | TEMPLOG : WellhouseOne | 043.700
2016-11-24 18:00:05 | TEMPLOG : Bio   Filter | 045.500
2016-11-24 18:00:05 | TEMPLOG : To   GeoLoop | 056.300
2016-11-24 18:00:05 | TEMPLOG : Table    One | 043.700
2016-11-24 18:01:05 | TEMPLOG : WellhouseOne | 042.800
2016-11-24 18:04:10 | TEMPLOG : Bio   Filter | 046.400
2016-11-24 18:05:12 | TEMPLOG : Bio   Filter | 045.500
2016-11-24 18:07:14 | TEMPLOG : To   GeoLoop | 055.400
2016-11-24 18:07:14 | TEMPLOG : Table    One | 042.800
2016-11-24 18:08:16 | TEMPLOG : Table    One | 043.700
2016-11-24 18:09:17 | TEMPLOG : Table    One | 042.800
2016-11-24 18:11:18 | TEMPLOG : WellhouseOne | 043.700
2016-11-24 18:14:22 | TEMPLOG : Bio   Filter | 044.600
2016-11-24 18:16:24 | TEMPLOG : WellhouseOne | 042.800
2016-11-24 18:17:26 | TEMPLOG : WellhouseOne | 043.700
2016-11-24 18:18:27 | TEMPLOG : Bio   Filter | 045.500
2016-11-24 18:20:30 | TEMPLOG : WellhouseOne | 042.800
2016-11-24 18:20:31 | TEMPLOG : Bio   Filter | 044.600
2016-11-24 18:27:41 | TEMPLOG : Table    One | 041.900
2016-11-24 18:33:47 | TEMPLOG : WellhouseOne | 041.900
2016-11-24 18:44:58 | TEMPLOG : WellhouseOne | 041.000
2016-11-24 18:49:04 | TEMPLOG : WellhouseOne | 041.900
2016-11-24 18:54:11 | TEMPLOG : WellhouseOne | 042.800
2016-11-24 19:00:17 | TEMPLOG : WellhouseOne | 042.800
2016-11-24 19:00:17 | TEMPLOG : Bio   Filter | 044.600
2016-11-24 19:00:17 | TEMPLOG : To   GeoLoop | 055.400
2016-11-24 19:00:17 | TEMPLOG : Table    One | 041.900
2016-11-24 19:11:29 | TEMPLOG : WellhouseOne | 041.900
2016-11-24 19:14:33 | TEMPLOG : To   GeoLoop | 054.500
2016-11-24 19:15:35 | TEMPLOG : To   GeoLoop | 055.400
2016-11-24 19:16:36 | TEMPLOG : To   GeoLoop | 054.500
2016-11-24 19:17:37 | TEMPLOG : Bio   Filter | 043.700
2016-11-24 19:24:44 | TEMPLOG : WellhouseOne | 041.000
2016-11-24 19:25:47 | TEMPLOG : Table    One | 041.000
2016-11-24 19:28:50 | TEMPLOG : Table    One | 041.900
2016-11-24 19:29:50 | TEMPLOG : WellhouseOne | 041.900
2016-11-24 19:31:52 | TEMPLOG : WellhouseOne | 042.800
2016-11-24 19:34:57 | TEMPLOG : WellhouseOne | 043.700
2016-11-24 19:41:03 | TEMPLOG : WellhouseOne | 042.800
2016-11-24 19:43:05 | TEMPLOG : WellhouseOne | 041.900
2016-11-24 19:49:13 | TEMPLOG : Table    One | 041.000
2016-11-24 19:50:14 | TEMPLOG : Table    One | 041.900
2016-11-24 19:51:15 | TEMPLOG : Table    One | 041.000
2016-11-24 19:55:18 | TEMPLOG : WellhouseOne | 041.000
2016-11-24 19:57:21 | TEMPLOG : Table    One | 041.900
2016-11-24 19:58:23 | TEMPLOG : Table    One | 041.000
2016-11-24 20:00:24 | TEMPLOG : WellhouseOne | 041.000
2016-11-24 20:00:24 | TEMPLOG : Bio   Filter | 043.700
2016-11-24 20:00:25 | TEMPLOG : To   GeoLoop | 054.500
2016-11-24 20:00:25 | TEMPLOG : Table    One | 041.000
2016-11-24 20:03:29 | TEMPLOG : Table    One | 041.900
2016-11-24 20:04:31 | TEMPLOG : Table    One | 041.000
2016-11-24 20:05:31 | TEMPLOG : WellhouseOne | 040.100
2016-11-24 20:05:32 | TEMPLOG : Table    One | 041.900
2016-11-24 20:06:32 | TEMPLOG : WellhouseOne | 041.000
2016-11-24 20:06:33 | TEMPLOG : Table    One | 041.000
2016-11-24 20:10:37 | TEMPLOG : WellhouseOne | 041.900
2016-11-24 20:12:38 | TEMPLOG : WellhouseOne | 042.800
2016-11-24 20:15:44 | TEMPLOG : WellhouseOne | 043.700
2016-11-24 20:20:48 | TEMPLOG : WellhouseOne | 042.800
2016-11-24 20:26:54 | TEMPLOG : WellhouseOne | 041.900
2016-11-24 20:26:55 | TEMPLOG : To   GeoLoop | 053.600
2016-11-24 20:29:58 | TEMPLOG : To   GeoLoop | 054.500
2016-11-24 20:32:02 | TEMPLOG : To   GeoLoop | 053.600
2016-11-24 20:33:02 | TEMPLOG : WellhouseOne | 041.000
2016-11-24 20:39:09 | TEMPLOG : Bio   Filter | 042.800
2016-11-24 20:41:12 | TEMPLOG : Bio   Filter | 043.700
2016-11-24 20:42:14 | TEMPLOG : Bio   Filter | 042.800
2016-11-24 20:45:17 | TEMPLOG : WellhouseOne | 040.100
2016-11-24 20:48:22 | TEMPLOG : WellhouseOne | 041.000
2016-11-24 20:51:27 | TEMPLOG : WellhouseOne | 041.900
2016-11-24 20:54:32 | TEMPLOG : WellhouseOne | 042.800
2016-11-24 20:56:34 | TEMPLOG : WellhouseOne | 043.700
2016-11-24 20:58:38 | TEMPLOG : Table    One | 040.100
2016-11-24 21:00:39 | TEMPLOG : WellhouseOne | 043.700
2016-11-24 21:00:39 | TEMPLOG : Bio   Filter | 042.800
2016-11-24 21:00:40 | TEMPLOG : To   GeoLoop | 053.600
2016-11-24 21:00:40 | TEMPLOG : Table    One | 040.100
2016-11-24 21:02:43 | TEMPLOG : WellhouseOne | 042.800
2016-11-24 21:06:48 | TEMPLOG : WellhouseOne | 041.900
2016-11-24 21:15:58 | TEMPLOG : WellhouseOne | 041.000
2016-11-24 21:24:06 | TEMPLOG : WellhouseOne | 040.100
2016-11-24 21:24:07 | TEMPLOG : To   GeoLoop | 052.700
2016-11-24 21:25:08 | TEMPLOG : To   GeoLoop | 053.600
2016-11-24 21:26:09 | TEMPLOG : To   GeoLoop | 052.700
2016-11-24 21:30:15 | TEMPLOG : Table    One | 039.200
2016-11-24 21:32:16 | TEMPLOG : WellhouseOne | 041.000
2016-11-24 21:32:16 | TEMPLOG : Bio   Filter | 041.900
2016-11-24 21:52:43 | TEMPLOG : WellhouseOne | 040.100
2016-11-24 22:00:53 | TEMPLOG : WellhouseOne | 040.100
2016-11-24 22:00:53 | TEMPLOG : Bio   Filter | 041.900
2016-11-24 22:00:54 | TEMPLOG : To   GeoLoop | 052.700
2016-11-24 22:00:54 | TEMPLOG : Table    One | 039.200
2016-11-24 22:02:55 | TEMPLOG : WellhouseOne | 039.200
2016-11-24 22:06:00 | TEMPLOG : Bio   Filter | 041.000
2016-11-24 22:07:01 | TEMPLOG : Bio   Filter | 041.900
2016-11-24 22:09:03 | TEMPLOG : WellhouseOne | 038.300
2016-11-24 22:12:07 | TEMPLOG : WellhouseOne | 039.200
2016-11-24 22:14:09 | TEMPLOG : WellhouseOne | 040.100
2016-11-24 22:17:13 | TEMPLOG : WellhouseOne | 041.000
2016-11-24 22:21:17 | TEMPLOG : WellhouseOne | 041.900
2016-11-24 22:21:18 | TEMPLOG : Table    One | 040.100
2016-11-24 22:22:20 | TEMPLOG : Table    One | 039.200
2016-11-24 22:25:23 | TEMPLOG : WellhouseOne | 042.800
2016-11-24 22:28:25 | TEMPLOG : WellhouseOne | 041.900
2016-11-24 22:32:33 | TEMPLOG : WellhouseOne | 041.000
2016-11-24 22:41:44 | TEMPLOG : WellhouseOne | 040.100
2016-11-24 22:41:44 | TEMPLOG : Bio   Filter | 041.000
2016-11-24 22:41:45 | TEMPLOG : To   GeoLoop | 051.800
2016-11-24 22:42:46 | TEMPLOG : Bio   Filter | 041.900
2016-11-24 22:44:49 | TEMPLOG : Bio   Filter | 041.000
2016-11-24 22:44:49 | TEMPLOG : To   GeoLoop | 052.700
2016-11-24 22:45:50 | TEMPLOG : To   GeoLoop | 051.800
2016-11-24 22:47:51 | TEMPLOG : WellhouseOne | 039.200
2016-11-24 22:51:56 | TEMPLOG : Bio   Filter | 041.900
2016-11-24 22:52:57 | TEMPLOG : Bio   Filter | 041.000
2016-11-24 22:59:05 | TEMPLOG : WellhouseOne | 040.100
2016-11-24 23:00:06 | TEMPLOG : WellhouseOne | 040.100
2016-11-24 23:00:07 | TEMPLOG : Bio   Filter | 041.000
2016-11-24 23:00:07 | TEMPLOG : To   GeoLoop | 051.800
2016-11-24 23:00:07 | TEMPLOG : Table    One | 039.200
2016-11-24 23:02:09 | TEMPLOG : Bio   Filter | 041.900
2016-11-24 23:03:11 | TEMPLOG : Bio   Filter | 041.000
2016-11-24 23:04:12 | TEMPLOG : WellhouseOne | 041.000
2016-11-24 23:05:12 | TEMPLOG : WellhouseOne | 040.100
2016-11-24 23:06:14 | TEMPLOG : WellhouseOne | 041.000
2016-11-24 23:06:14 | TEMPLOG : Bio   Filter | 041.900
2016-11-24 23:07:15 | TEMPLOG : WellhouseOne | 040.100
2016-11-24 23:09:18 | TEMPLOG : WellhouseOne | 041.000
2016-11-24 23:10:20 | TEMPLOG : WellhouseOne | 040.100
2016-11-24 23:10:21 | TEMPLOG : Bio   Filter | 041.000
2016-11-24 23:11:22 | TEMPLOG : Bio   Filter | 041.900
2016-11-24 23:13:26 | TEMPLOG : Bio   Filter | 041.000
2016-11-24 23:14:26 | TEMPLOG : WellhouseOne | 039.200
2016-11-24 23:18:31 | TEMPLOG : Table    One | 038.300
2016-11-24 23:19:32 | TEMPLOG : Table    One | 039.200
2016-11-24 23:20:33 | TEMPLOG : Table    One | 038.300
2016-11-24 23:31:46 | TEMPLOG : WellhouseOne | 038.300
2016-11-24 23:33:49 | TEMPLOG : Bio   Filter | 040.100
2016-11-24 23:34:50 | TEMPLOG : Bio   Filter | 041.000
2016-11-24 23:36:53 | TEMPLOG : Bio   Filter | 040.100
2016-11-24 23:38:56 | TEMPLOG : To   GeoLoop | 050.900
2016-11-24 23:40:59 | TEMPLOG : To   GeoLoop | 051.800
2016-11-24 23:42:00 | TEMPLOG : To   GeoLoop | 050.900
2016-11-24 23:44:01 | TEMPLOG : WellhouseOne | 039.200
2016-11-24 23:53:15 | TEMPLOG : Table    One | 037.400
2016-11-24 23:54:16 | TEMPLOG : Table    One | 038.300
2016-11-24 23:55:18 | TEMPLOG : Table    One | 037.400
2016-11-24 23:56:18 | TEMPLOG : WellhouseOne | 040.100
2016-11-24 23:58:20 | TEMPLOG : WellhouseOne | 039.200
