2016-11-28 00:00:58 | TEMPLOG : WellhouseOne | 044.600
2016-11-28 00:00:58 | TEMPLOG : Bio   Filter | 044.600
2016-11-28 00:00:58 | TEMPLOG : To   GeoLoop | 050.900
2016-11-28 00:00:59 | TEMPLOG : Table    One | 042.800
2016-11-28 00:05:03 | TEMPLOG : WellhouseOne | 043.700
2016-11-28 00:10:09 | TEMPLOG : WellhouseOne | 042.800
2016-11-28 00:10:09 | TEMPLOG : Bio   Filter | 045.500
2016-11-28 00:21:26 | TEMPLOG : To   GeoLoop | 051.800
2016-11-28 00:22:28 | TEMPLOG : To   GeoLoop | 050.900
2016-11-28 00:24:32 | TEMPLOG : Table    One | 043.700
2016-11-28 00:25:32 | TEMPLOG : Table    One | 042.800
2016-11-28 00:26:34 | TEMPLOG : Table    One | 043.700
2016-11-28 00:32:40 | TEMPLOG : To   GeoLoop | 051.800
2016-11-28 00:33:41 | TEMPLOG : To   GeoLoop | 050.900
2016-11-28 00:35:43 | TEMPLOG : WellhouseOne | 043.700
2016-11-28 00:35:43 | TEMPLOG : Bio   Filter | 046.400
2016-11-28 00:36:44 | TEMPLOG : Bio   Filter | 045.500
2016-11-28 00:39:48 | TEMPLOG : WellhouseOne | 044.600
2016-11-28 00:40:49 | TEMPLOG : WellhouseOne | 043.700
2016-11-28 00:44:53 | TEMPLOG : Bio   Filter | 046.400
2016-11-28 00:44:53 | TEMPLOG : Table    One | 042.800
2016-11-28 00:45:54 | TEMPLOG : Bio   Filter | 045.500
2016-11-28 00:47:55 | TEMPLOG : WellhouseOne | 042.800
2016-11-28 00:48:56 | TEMPLOG : WellhouseOne | 043.700
2016-11-28 00:49:57 | TEMPLOG : WellhouseOne | 042.800
2016-11-28 00:53:00 | TEMPLOG : Bio   Filter | 046.400
2016-11-28 00:59:06 | TEMPLOG : Bio   Filter | 045.500
2016-11-28 01:00:08 | TEMPLOG : WellhouseOne | 042.800
2016-11-28 01:00:08 | TEMPLOG : Bio   Filter | 046.400
2016-11-28 01:00:08 | TEMPLOG : To   GeoLoop | 050.900
2016-11-28 01:00:09 | TEMPLOG : Table    One | 042.800
2016-11-28 01:01:10 | TEMPLOG : Bio   Filter | 045.500
2016-11-28 01:03:14 | TEMPLOG : Bio   Filter | 046.400
2016-11-28 01:05:15 | TEMPLOG : Bio   Filter | 045.500
2016-11-28 01:08:18 | TEMPLOG : Bio   Filter | 046.400
2016-11-28 01:16:30 | TEMPLOG : WellhouseOne | 043.700
2016-11-28 01:16:31 | TEMPLOG : Bio   Filter | 045.500
2016-11-28 01:19:34 | TEMPLOG : WellhouseOne | 044.600
2016-11-28 01:21:38 | TEMPLOG : WellhouseOne | 043.700
2016-11-28 01:21:38 | TEMPLOG : Bio   Filter | 044.600
2016-11-28 01:32:49 | TEMPLOG : WellhouseOne | 042.800
2016-11-28 01:33:51 | TEMPLOG : WellhouseOne | 043.700
2016-11-28 01:33:51 | TEMPLOG : Table    One | 041.900
2016-11-28 01:34:52 | TEMPLOG : WellhouseOne | 042.800
2016-11-28 01:34:52 | TEMPLOG : Table    One | 042.800
2016-11-28 01:35:54 | TEMPLOG : Table    One | 041.900
2016-11-28 01:37:56 | TEMPLOG : Table    One | 042.800
2016-11-28 01:40:59 | TEMPLOG : Table    One | 041.900
2016-11-28 01:54:17 | TEMPLOG : Bio   Filter | 043.700
2016-11-28 01:55:19 | TEMPLOG : To   GeoLoop | 050.000
2016-11-28 01:56:20 | TEMPLOG : To   GeoLoop | 050.900
2016-11-28 01:57:21 | TEMPLOG : WellhouseOne | 043.700
2016-11-28 01:57:21 | TEMPLOG : Bio   Filter | 044.600
2016-11-28 01:57:22 | TEMPLOG : To   GeoLoop | 050.000
2016-11-28 01:58:23 | TEMPLOG : To   GeoLoop | 050.900
2016-11-28 01:59:23 | TEMPLOG : To   GeoLoop | 050.000
2016-11-28 02:00:24 | TEMPLOG : WellhouseOne | 044.600
2016-11-28 02:00:24 | TEMPLOG : Bio   Filter | 044.600
2016-11-28 02:00:25 | TEMPLOG : To   GeoLoop | 050.000
2016-11-28 02:00:26 | TEMPLOG : Table    One | 041.900
2016-11-28 02:02:28 | TEMPLOG : WellhouseOne | 043.700
2016-11-28 02:02:28 | TEMPLOG : Bio   Filter | 043.700
2016-11-28 02:02:28 | TEMPLOG : To   GeoLoop | 050.900
2016-11-28 02:04:31 | TEMPLOG : Bio   Filter | 044.600
2016-11-28 02:04:31 | TEMPLOG : To   GeoLoop | 050.000
2016-11-28 02:05:32 | TEMPLOG : To   GeoLoop | 050.900
2016-11-28 02:06:33 | TEMPLOG : To   GeoLoop | 050.000
2016-11-28 02:07:34 | TEMPLOG : To   GeoLoop | 050.900
2016-11-28 02:08:35 | TEMPLOG : To   GeoLoop | 050.000
2016-11-28 02:11:38 | TEMPLOG : WellhouseOne | 042.800
2016-11-28 02:14:40 | TEMPLOG : Bio   Filter | 043.700
2016-11-28 02:16:43 | TEMPLOG : Table    One | 041.000
2016-11-28 02:25:54 | TEMPLOG : WellhouseOne | 041.900
2016-11-28 02:26:55 | TEMPLOG : Bio   Filter | 042.800
2016-11-28 02:29:59 | TEMPLOG : Table    One | 040.100
2016-11-28 02:34:03 | TEMPLOG : Bio   Filter | 043.700
2016-11-28 02:35:04 | TEMPLOG : Bio   Filter | 042.800
2016-11-28 02:36:05 | TEMPLOG : Bio   Filter | 043.700
2016-11-28 02:37:06 | TEMPLOG : Bio   Filter | 042.800
2016-11-28 02:40:11 | TEMPLOG : WellhouseOne | 042.800
2016-11-28 02:40:11 | TEMPLOG : Bio   Filter | 043.700
2016-11-28 02:42:13 | TEMPLOG : Bio   Filter | 042.800
2016-11-28 02:46:18 | TEMPLOG : WellhouseOne | 041.900
2016-11-28 02:55:29 | TEMPLOG : Bio   Filter | 041.900
2016-11-28 02:57:32 | TEMPLOG : Bio   Filter | 042.800
2016-11-28 02:58:33 | TEMPLOG : Bio   Filter | 041.900
2016-11-28 03:00:34 | TEMPLOG : WellhouseOne | 041.900
2016-11-28 03:00:34 | TEMPLOG : Bio   Filter | 041.900
2016-11-28 03:00:35 | TEMPLOG : To   GeoLoop | 050.000
2016-11-28 03:00:35 | TEMPLOG : Table    One | 040.100
2016-11-28 03:03:38 | TEMPLOG : To   GeoLoop | 049.100
2016-11-28 03:03:38 | TEMPLOG : Table    One | 039.200
2016-11-28 03:05:40 | TEMPLOG : To   GeoLoop | 050.000
2016-11-28 03:06:42 | TEMPLOG : To   GeoLoop | 049.100
2016-11-28 03:11:48 | TEMPLOG : Bio   Filter | 041.000
2016-11-28 03:12:49 | TEMPLOG : Bio   Filter | 041.900
2016-11-28 03:14:51 | TEMPLOG : WellhouseOne | 041.000
2016-11-28 03:15:52 | TEMPLOG : WellhouseOne | 041.900
2016-11-28 03:16:54 | TEMPLOG : Bio   Filter | 041.000
2016-11-28 03:17:55 | TEMPLOG : Bio   Filter | 041.900
2016-11-28 03:18:56 | TEMPLOG : WellhouseOne | 042.800
2016-11-28 03:20:58 | TEMPLOG : Bio   Filter | 041.000
2016-11-28 03:21:59 | TEMPLOG : WellhouseOne | 043.700
2016-11-28 03:21:59 | TEMPLOG : Bio   Filter | 041.900
2016-11-28 03:24:01 | TEMPLOG : WellhouseOne | 042.800
2016-11-28 03:32:12 | TEMPLOG : WellhouseOne | 041.900
2016-11-28 03:36:18 | TEMPLOG : Bio   Filter | 041.000
2016-11-28 03:42:25 | TEMPLOG : WellhouseOne | 041.000
2016-11-28 03:46:30 | TEMPLOG : Bio   Filter | 041.900
2016-11-28 03:49:34 | TEMPLOG : Bio   Filter | 041.000
2016-11-28 03:51:36 | TEMPLOG : Bio   Filter | 041.900
2016-11-28 03:57:44 | TEMPLOG : WellhouseOne | 041.900
2016-11-28 04:00:48 | TEMPLOG : WellhouseOne | 041.900
2016-11-28 04:00:48 | TEMPLOG : Bio   Filter | 041.900
2016-11-28 04:00:48 | TEMPLOG : To   GeoLoop | 049.100
2016-11-28 04:00:49 | TEMPLOG : Table    One | 039.200
2016-11-28 04:05:55 | TEMPLOG : WellhouseOne | 041.000
2016-11-28 04:06:56 | TEMPLOG : WellhouseOne | 041.900
2016-11-28 04:08:59 | TEMPLOG : Bio   Filter | 041.000
2016-11-28 04:10:01 | TEMPLOG : WellhouseOne | 041.000
2016-11-28 04:12:03 | TEMPLOG : Table    One | 038.300
2016-11-28 04:17:08 | TEMPLOG : Bio   Filter | 041.900
2016-11-28 04:18:09 | TEMPLOG : WellhouseOne | 040.100
2016-11-28 04:18:09 | TEMPLOG : Bio   Filter | 041.000
2016-11-28 04:21:12 | TEMPLOG : Bio   Filter | 041.900
2016-11-28 04:23:14 | TEMPLOG : Table    One | 039.200
2016-11-28 04:24:15 | TEMPLOG : Table    One | 038.300
2016-11-28 04:28:21 | TEMPLOG : Table    One | 039.200
2016-11-28 04:30:23 | TEMPLOG : Bio   Filter | 041.000
2016-11-28 04:34:27 | TEMPLOG : Table    One | 038.300
2016-11-28 04:36:28 | TEMPLOG : WellhouseOne | 041.000
2016-11-28 04:39:32 | TEMPLOG : WellhouseOne | 041.900
2016-11-28 04:45:39 | TEMPLOG : WellhouseOne | 041.000
2016-11-28 04:46:40 | TEMPLOG : Bio   Filter | 040.100
2016-11-28 04:47:42 | TEMPLOG : To   GeoLoop | 048.200
2016-11-28 04:48:44 | TEMPLOG : To   GeoLoop | 049.100
2016-11-28 04:49:44 | TEMPLOG : To   GeoLoop | 048.200
2016-11-28 04:53:49 | TEMPLOG : To   GeoLoop | 049.100
2016-11-28 04:54:52 | TEMPLOG : Table    One | 037.400
2016-11-28 04:55:55 | TEMPLOG : To   GeoLoop | 048.200
2016-11-28 04:56:56 | TEMPLOG : To   GeoLoop | 049.100
2016-11-28 04:56:56 | TEMPLOG : Table    One | 038.300
2016-11-28 04:57:57 | TEMPLOG : To   GeoLoop | 048.200
2016-11-28 04:57:57 | TEMPLOG : Table    One | 037.400
2016-11-28 05:00:59 | TEMPLOG : WellhouseOne | 041.000
2016-11-28 05:00:59 | TEMPLOG : Bio   Filter | 040.100
2016-11-28 05:04:04 | TEMPLOG : WellhouseOne | 040.100
2016-11-28 05:12:14 | TEMPLOG : Bio   Filter | 039.200
2016-11-28 05:16:18 | TEMPLOG : Bio   Filter | 040.100
2016-11-28 05:17:19 | TEMPLOG : WellhouseOne | 041.000
2016-11-28 05:17:19 | TEMPLOG : Bio   Filter | 039.200
2016-11-28 05:18:21 | TEMPLOG : Bio   Filter | 040.100
2016-11-28 05:21:25 | TEMPLOG : WellhouseOne | 041.900
2016-11-28 05:26:31 | TEMPLOG : WellhouseOne | 041.000
2016-11-28 05:32:39 | TEMPLOG : Bio   Filter | 039.200
2016-11-28 05:33:40 | TEMPLOG : WellhouseOne | 040.100
2016-11-28 05:34:42 | TEMPLOG : WellhouseOne | 041.000
2016-11-28 05:35:45 | TEMPLOG : Table    One | 036.500
2016-11-28 05:38:49 | TEMPLOG : WellhouseOne | 040.100
2016-11-28 05:53:08 | TEMPLOG : WellhouseOne | 039.200
2016-11-28 05:53:09 | TEMPLOG : Bio   Filter | 038.300
2016-11-28 05:58:16 | TEMPLOG : WellhouseOne | 040.100
2016-11-28 06:00:17 | TEMPLOG : WellhouseOne | 040.100
2016-11-28 06:00:18 | TEMPLOG : Bio   Filter | 038.300
2016-11-28 06:00:18 | TEMPLOG : To   GeoLoop | 048.200
2016-11-28 06:00:18 | TEMPLOG : Table    One | 036.500
2016-11-28 06:04:22 | TEMPLOG : WellhouseOne | 041.000
2016-11-28 06:08:29 | TEMPLOG : WellhouseOne | 040.100
2016-11-28 06:13:35 | TEMPLOG : Bio   Filter | 039.200
2016-11-28 06:22:45 | TEMPLOG : Bio   Filter | 038.300
2016-11-28 06:23:47 | TEMPLOG : To   GeoLoop | 047.300
2016-11-28 06:24:48 | TEMPLOG : To   GeoLoop | 048.200
2016-11-28 06:26:49 | TEMPLOG : WellhouseOne | 039.200
2016-11-28 06:26:50 | TEMPLOG : To   GeoLoop | 047.300
2016-11-28 06:34:59 | TEMPLOG : Table    One | 035.600
2016-11-28 06:36:01 | TEMPLOG : Table    One | 036.500
2016-11-28 06:38:06 | TEMPLOG : Table    One | 035.600
2016-11-28 06:41:09 | TEMPLOG : WellhouseOne | 040.100
2016-11-28 06:48:17 | TEMPLOG : WellhouseOne | 041.000
2016-11-28 06:48:17 | TEMPLOG : Bio   Filter | 037.400
2016-11-28 06:49:19 | TEMPLOG : WellhouseOne | 040.100
2016-11-28 06:49:19 | TEMPLOG : Bio   Filter | 038.300
2016-11-28 06:57:31 | TEMPLOG : Bio   Filter | 037.400
2016-11-28 06:58:31 | TEMPLOG : WellhouseOne | 039.200
2016-11-28 07:00:35 | TEMPLOG : WellhouseOne | 039.200
2016-11-28 07:00:35 | TEMPLOG : Bio   Filter | 037.400
2016-11-28 07:00:35 | TEMPLOG : To   GeoLoop | 047.300
2016-11-28 07:00:36 | TEMPLOG : Table    One | 035.600
2016-11-28 07:03:39 | TEMPLOG : Table    One | 036.500
2016-11-28 07:06:42 | TEMPLOG : Bio   Filter | 038.300
2016-11-28 07:15:52 | TEMPLOG : Table    One | 037.400
2016-11-28 07:17:54 | TEMPLOG : To   GeoLoop | 048.200
2016-11-28 07:18:55 | TEMPLOG : Bio   Filter | 039.200
2016-11-28 07:18:56 | TEMPLOG : To   GeoLoop | 047.300
2016-11-28 07:22:00 | TEMPLOG : WellhouseOne | 040.100
2016-11-28 07:26:04 | TEMPLOG : WellhouseOne | 041.000
2016-11-28 07:26:05 | TEMPLOG : Bio   Filter | 038.300
2016-11-28 07:27:06 | TEMPLOG : Table    One | 036.500
2016-11-28 07:29:07 | TEMPLOG : WellhouseOne | 041.900
2016-11-28 07:32:10 | TEMPLOG : WellhouseOne | 041.000
2016-11-28 07:34:14 | TEMPLOG : Table    One | 037.400
2016-11-28 07:35:15 | TEMPLOG : Table    One | 036.500
2016-11-28 07:36:16 | TEMPLOG : WellhouseOne | 040.100
2016-11-28 07:38:18 | TEMPLOG : Table    One | 037.400
2016-11-28 07:39:19 | TEMPLOG : Table    One | 036.500
2016-11-28 07:40:22 | TEMPLOG : Table    One | 037.400
2016-11-28 07:43:24 | TEMPLOG : Bio   Filter | 039.200
2016-11-28 07:43:25 | TEMPLOG : Table    One | 038.300
2016-11-28 07:45:26 | TEMPLOG : WellhouseOne | 039.200
2016-11-28 07:49:31 | TEMPLOG : Table    One | 039.200
2016-11-28 07:50:32 | TEMPLOG : To   GeoLoop | 048.200
2016-11-28 07:51:33 | TEMPLOG : Table    One | 040.100
2016-11-28 07:52:33 | TEMPLOG : Bio   Filter | 040.100
2016-11-28 07:53:35 | TEMPLOG : Table    One | 041.900
2016-11-28 07:54:36 | TEMPLOG : Bio   Filter | 041.000
2016-11-28 07:58:41 | TEMPLOG : Bio   Filter | 041.900
2016-11-28 07:59:43 | TEMPLOG : Table    One | 042.800
2016-11-28 08:00:43 | TEMPLOG : WellhouseOne | 039.200
2016-11-28 08:00:43 | TEMPLOG : Bio   Filter | 041.900
2016-11-28 08:00:43 | TEMPLOG : To   GeoLoop | 049.100
2016-11-28 08:00:44 | TEMPLOG : Table    One | 043.700
2016-11-28 08:01:44 | TEMPLOG : Bio   Filter | 042.800
2016-11-28 08:01:45 | TEMPLOG : Table    One | 045.500
2016-11-28 08:02:45 | TEMPLOG : WellhouseOne | 040.100
2016-11-28 08:02:46 | TEMPLOG : Table    One | 046.400
2016-11-28 08:03:47 | TEMPLOG : Bio   Filter | 043.700
2016-11-28 08:03:47 | TEMPLOG : Table    One | 047.300
2016-11-28 08:04:47 | TEMPLOG : WellhouseOne | 041.000
2016-11-28 08:04:48 | TEMPLOG : Bio   Filter | 044.600
2016-11-28 08:04:48 | TEMPLOG : Table    One | 048.200
2016-11-28 08:05:49 | TEMPLOG : Bio   Filter | 045.500
2016-11-28 08:05:49 | TEMPLOG : Table    One | 050.000
2016-11-28 08:06:49 | TEMPLOG : WellhouseOne | 041.900
2016-11-28 08:07:50 | TEMPLOG : Bio   Filter | 046.400
2016-11-28 08:07:50 | TEMPLOG : Table    One | 050.900
2016-11-28 08:09:53 | TEMPLOG : Bio   Filter | 047.300
2016-11-28 08:09:53 | TEMPLOG : To   GeoLoop | 050.000
2016-11-28 08:09:53 | TEMPLOG : Table    One | 051.800
2016-11-28 08:10:54 | TEMPLOG : Bio   Filter | 048.200
2016-11-28 08:10:54 | TEMPLOG : Table    One | 052.700
2016-11-28 08:11:55 | TEMPLOG : Table    One | 053.600
2016-11-28 08:12:56 | TEMPLOG : Bio   Filter | 049.100
2016-11-28 08:13:57 | TEMPLOG : WellhouseOne | 042.800
2016-11-28 08:13:58 | TEMPLOG : Table    One | 054.500
2016-11-28 08:14:59 | TEMPLOG : WellhouseOne | 041.900
2016-11-28 08:16:00 | TEMPLOG : WellhouseOne | 042.800
2016-11-28 08:16:00 | TEMPLOG : Bio   Filter | 050.000
2016-11-28 08:18:03 | TEMPLOG : WellhouseOne | 041.900
2016-11-28 08:18:03 | TEMPLOG : Bio   Filter | 050.900
2016-11-28 08:20:05 | TEMPLOG : WellhouseOne | 042.800
2016-11-28 08:20:05 | TEMPLOG : To   GeoLoop | 050.900
2016-11-28 08:21:06 | TEMPLOG : Bio   Filter | 051.800
2016-11-28 08:22:07 | TEMPLOG : WellhouseOne | 041.900
2016-11-28 08:22:08 | TEMPLOG : Table    One | 053.600
2016-11-28 08:23:08 | TEMPLOG : WellhouseOne | 042.800
2016-11-28 08:24:11 | TEMPLOG : WellhouseOne | 041.900
2016-11-28 08:25:12 | TEMPLOG : WellhouseOne | 042.800
2016-11-28 08:25:13 | TEMPLOG : Table    One | 052.700
2016-11-28 08:26:14 | TEMPLOG : Bio   Filter | 052.700
2016-11-28 08:28:19 | TEMPLOG : Table    One | 051.800
2016-11-28 08:29:19 | TEMPLOG : Bio   Filter | 051.800
2016-11-28 08:30:20 | TEMPLOG : Table    One | 050.900
2016-11-28 08:32:22 | TEMPLOG : Bio   Filter | 052.700
2016-11-28 08:33:24 | TEMPLOG : Table    One | 051.800
2016-11-28 08:38:30 | TEMPLOG : WellhouseOne | 043.700
2016-11-28 08:45:40 | TEMPLOG : WellhouseOne | 044.600
2016-11-28 08:45:41 | TEMPLOG : To   GeoLoop | 051.800
2016-11-28 08:48:44 | TEMPLOG : To   GeoLoop | 050.900
2016-11-28 08:49:44 | TEMPLOG : WellhouseOne | 045.500
2016-11-28 08:49:45 | TEMPLOG : To   GeoLoop | 051.800
2016-11-28 08:50:45 | TEMPLOG : To   GeoLoop | 050.900
2016-11-28 08:51:46 | TEMPLOG : WellhouseOne | 046.400
2016-11-28 08:51:47 | TEMPLOG : To   GeoLoop | 051.800
2016-11-28 08:52:47 | TEMPLOG : Bio   Filter | 051.800
2016-11-28 08:54:50 | TEMPLOG : Table    One | 050.900
2016-11-28 08:55:51 | TEMPLOG : To   GeoLoop | 050.900
2016-11-28 08:56:52 | TEMPLOG : To   GeoLoop | 051.800
2016-11-28 08:57:55 | TEMPLOG : To   GeoLoop | 050.900
2016-11-28 08:59:57 | TEMPLOG : Bio   Filter | 050.900
2016-11-28 09:00:57 | TEMPLOG : WellhouseOne | 046.400
2016-11-28 09:00:57 | TEMPLOG : Bio   Filter | 050.900
2016-11-28 09:00:58 | TEMPLOG : To   GeoLoop | 050.900
2016-11-28 09:00:58 | TEMPLOG : Table    One | 050.000
2016-11-28 09:10:08 | TEMPLOG : Bio   Filter | 050.000
2016-11-28 09:11:09 | TEMPLOG : Table    One | 049.100
2016-11-28 09:22:22 | TEMPLOG : Bio   Filter | 049.100
2016-11-28 09:30:34 | TEMPLOG : To   GeoLoop | 051.800
2016-11-28 09:31:35 | TEMPLOG : To   GeoLoop | 050.900
2016-11-28 09:33:38 | TEMPLOG : To   GeoLoop | 051.800
2016-11-28 09:35:40 | TEMPLOG : WellhouseOne | 047.300
2016-11-28 09:38:43 | TEMPLOG : Bio   Filter | 050.000
2016-11-28 09:41:45 | TEMPLOG : WellhouseOne | 048.200
2016-11-28 09:42:47 | TEMPLOG : WellhouseOne | 047.300
2016-11-28 09:43:48 | TEMPLOG : WellhouseOne | 048.200
2016-11-28 09:44:51 | TEMPLOG : Table    One | 050.000
2016-11-28 09:45:52 | TEMPLOG : WellhouseOne | 047.300
2016-11-28 09:48:57 | TEMPLOG : Table    One | 050.900
2016-11-28 09:54:02 | TEMPLOG : WellhouseOne | 048.200
2016-11-28 09:54:04 | TEMPLOG : Table    One | 051.800
2016-11-28 09:55:04 | TEMPLOG : WellhouseOne | 047.300
2016-11-28 09:55:04 | TEMPLOG : Bio   Filter | 050.900
2016-11-28 09:56:05 | TEMPLOG : WellhouseOne | 048.200
2016-11-28 09:58:06 | TEMPLOG : WellhouseOne | 047.300
2016-11-28 09:58:07 | TEMPLOG : To   GeoLoop | 052.700
2016-11-28 09:59:08 | TEMPLOG : To   GeoLoop | 051.800
2016-11-28 09:59:08 | TEMPLOG : Table    One | 052.700
2016-11-28 10:00:08 | TEMPLOG : WellhouseOne | 047.300
2016-11-28 10:00:09 | TEMPLOG : Bio   Filter | 050.900
2016-11-28 10:00:09 | TEMPLOG : To   GeoLoop | 051.800
2016-11-28 10:00:10 | TEMPLOG : Table    One | 052.700
2016-11-28 10:01:11 | TEMPLOG : WellhouseOne | 048.200
2016-11-28 10:02:12 | TEMPLOG : WellhouseOne | 047.300
2016-11-28 10:06:19 | TEMPLOG : To   GeoLoop | 052.700
2016-11-28 10:07:20 | TEMPLOG : Bio   Filter | 051.800
2016-11-28 10:07:21 | TEMPLOG : Table    One | 053.600
2016-11-28 10:08:22 | TEMPLOG : Bio   Filter | 050.900
2016-11-28 10:09:23 | TEMPLOG : Bio   Filter | 051.800
2016-11-28 10:13:30 | TEMPLOG : Table    One | 054.500
2016-11-28 10:17:33 | TEMPLOG : Bio   Filter | 052.700
2016-11-28 10:17:34 | TEMPLOG : Table    One | 055.400
2016-11-28 10:23:42 | TEMPLOG : Bio   Filter | 053.600
2016-11-28 10:24:42 | TEMPLOG : WellhouseOne | 048.200
2016-11-28 10:24:43 | TEMPLOG : Table    One | 056.300
2016-11-28 10:25:43 | TEMPLOG : To   GeoLoop | 053.600
2016-11-28 10:32:50 | TEMPLOG : Bio   Filter | 054.500
2016-11-28 10:33:51 | TEMPLOG : Bio   Filter | 053.600
2016-11-28 10:33:52 | TEMPLOG : Table    One | 057.200
2016-11-28 10:34:52 | TEMPLOG : Bio   Filter | 054.500
2016-11-28 10:36:56 | TEMPLOG : Table    One | 058.100
2016-11-28 10:39:59 | TEMPLOG : Bio   Filter | 055.400
2016-11-28 10:42:03 | TEMPLOG : Table    One | 059.000
2016-11-28 10:48:09 | TEMPLOG : To   GeoLoop | 054.500
2016-11-28 10:49:11 | TEMPLOG : Table    One | 059.900
2016-11-28 10:50:12 | TEMPLOG : Bio   Filter | 056.300
2016-11-28 10:51:13 | TEMPLOG : Table    One | 060.800
2016-11-28 10:53:17 | TEMPLOG : Table    One | 061.700
2016-11-28 10:55:18 | TEMPLOG : Bio   Filter | 057.200
2016-11-28 10:55:19 | TEMPLOG : Table    One | 062.600
2016-11-28 10:56:20 | TEMPLOG : Table    One | 063.500
2016-11-28 10:57:21 | TEMPLOG : WellhouseOne | 049.100
2016-11-28 10:57:22 | TEMPLOG : Table    One | 064.400
2016-11-28 10:58:22 | TEMPLOG : WellhouseOne | 048.200
2016-11-28 10:58:22 | TEMPLOG : Bio   Filter | 058.100
2016-11-28 10:58:23 | TEMPLOG : To   GeoLoop | 055.400
2016-11-28 10:58:24 | TEMPLOG : Table    One | 065.300
2016-11-28 11:00:26 | TEMPLOG : WellhouseOne | 049.100
2016-11-28 11:00:26 | TEMPLOG : Bio   Filter | 058.100
2016-11-28 11:00:26 | TEMPLOG : To   GeoLoop | 055.400
2016-11-28 11:00:27 | TEMPLOG : Table    One | 066.200
2016-11-28 11:01:27 | TEMPLOG : WellhouseOne | 048.200
2016-11-28 11:01:27 | TEMPLOG : Bio   Filter | 059.000
2016-11-28 11:01:28 | TEMPLOG : Table    One | 067.100
2016-11-28 11:03:30 | TEMPLOG : Table    One | 068.000
2016-11-28 11:04:30 | TEMPLOG : Bio   Filter | 059.900
2016-11-28 11:04:31 | TEMPLOG : Table    One | 068.900
2016-11-28 11:05:32 | TEMPLOG : Table    One | 070.700
2016-11-28 11:06:33 | TEMPLOG : To   GeoLoop | 056.300
2016-11-28 11:07:34 | TEMPLOG : Bio   Filter | 060.800
2016-11-28 11:08:35 | TEMPLOG : To   GeoLoop | 055.400
2016-11-28 11:09:37 | TEMPLOG : To   GeoLoop | 056.300
2016-11-28 11:14:44 | TEMPLOG : To   GeoLoop | 055.400
2016-11-28 11:14:44 | TEMPLOG : Table    One | 069.800
2016-11-28 11:17:48 | TEMPLOG : Table    One | 070.700
2016-11-28 11:19:51 | TEMPLOG : To   GeoLoop | 056.300
2016-11-28 11:20:52 | TEMPLOG : To   GeoLoop | 055.400
2016-11-28 11:21:53 | TEMPLOG : WellhouseOne | 049.100
2016-11-28 11:21:54 | TEMPLOG : Table    One | 069.800
2016-11-28 11:24:58 | TEMPLOG : Table    One | 070.700
2016-11-28 11:27:00 | TEMPLOG : To   GeoLoop | 056.300
2016-11-28 11:28:01 | TEMPLOG : To   GeoLoop | 055.400
2016-11-28 11:29:02 | TEMPLOG : To   GeoLoop | 056.300
2016-11-28 11:29:02 | TEMPLOG : Table    One | 071.600
2016-11-28 11:30:03 | TEMPLOG : WellhouseOne | 050.000
2016-11-28 11:30:03 | TEMPLOG : Bio   Filter | 061.700
2016-11-28 11:32:06 | TEMPLOG : Table    One | 070.700
2016-11-28 11:35:10 | TEMPLOG : Table    One | 071.600
2016-11-28 11:36:12 | TEMPLOG : Table    One | 070.700
2016-11-28 11:37:12 | TEMPLOG : Table    One | 071.600
2016-11-28 11:42:18 | TEMPLOG : Table    One | 070.700
2016-11-28 11:44:21 | TEMPLOG : Table    One | 071.600
2016-11-28 11:45:22 | TEMPLOG : Table    One | 070.700
2016-11-28 11:47:24 | TEMPLOG : Table    One | 071.600
2016-11-28 11:49:27 | TEMPLOG : Table    One | 072.500
2016-11-28 11:50:28 | TEMPLOG : Table    One | 071.600
2016-11-28 11:53:30 | TEMPLOG : WellhouseOne | 050.900
2016-11-28 11:53:31 | TEMPLOG : Table    One | 070.700
2016-11-28 11:54:31 | TEMPLOG : WellhouseOne | 050.000
2016-11-28 11:55:33 | TEMPLOG : Table    One | 069.800
2016-11-28 11:58:38 | TEMPLOG : Table    One | 070.700
2016-11-28 12:00:40 | TEMPLOG : WellhouseOne | 050.000
2016-11-28 12:00:40 | TEMPLOG : Bio   Filter | 061.700
2016-11-28 12:00:40 | TEMPLOG : To   GeoLoop | 056.300
2016-11-28 12:00:40 | TEMPLOG : Table    One | 070.700
2016-11-28 12:03:44 | TEMPLOG : To   GeoLoop | 057.200
2016-11-28 12:03:45 | TEMPLOG : Table    One | 071.600
2016-11-28 12:04:45 | TEMPLOG : Bio   Filter | 062.600
2016-11-28 12:04:45 | TEMPLOG : Table    One | 072.500
2016-11-28 12:07:49 | TEMPLOG : Table    One | 071.600
2016-11-28 12:08:50 | TEMPLOG : Table    One | 069.800
2016-11-28 12:09:51 | TEMPLOG : Bio   Filter | 061.700
2016-11-28 12:09:51 | TEMPLOG : Table    One | 068.900
2016-11-28 12:10:52 | TEMPLOG : To   GeoLoop | 056.300
2016-11-28 12:11:53 | TEMPLOG : Table    One | 070.700
2016-11-28 12:13:55 | TEMPLOG : To   GeoLoop | 057.200
2016-11-28 12:14:57 | TEMPLOG : Table    One | 071.600
2016-11-28 12:15:58 | TEMPLOG : Table    One | 072.500
2016-11-28 12:16:59 | TEMPLOG : Table    One | 073.400
2016-11-28 12:18:01 | TEMPLOG : Bio   Filter | 062.600
2016-11-28 12:19:02 | TEMPLOG : Table    One | 072.500
2016-11-28 12:20:03 | TEMPLOG : Bio   Filter | 061.700
2016-11-28 12:20:03 | TEMPLOG : Table    One | 070.700
2016-11-28 12:21:04 | TEMPLOG : Table    One | 068.900
2016-11-28 12:22:06 | TEMPLOG : To   GeoLoop | 056.300
2016-11-28 12:22:06 | TEMPLOG : Table    One | 068.000
2016-11-28 12:24:08 | TEMPLOG : To   GeoLoop | 057.200
2016-11-28 12:24:09 | TEMPLOG : Table    One | 067.100
2016-11-28 12:25:09 | TEMPLOG : Bio   Filter | 060.800
2016-11-28 12:26:10 | TEMPLOG : To   GeoLoop | 056.300
2016-11-28 12:26:10 | TEMPLOG : Table    One | 066.200
2016-11-28 12:28:12 | TEMPLOG : Table    One | 065.300
2016-11-28 12:30:15 | TEMPLOG : To   GeoLoop | 057.200
2016-11-28 12:31:16 | TEMPLOG : Bio   Filter | 059.900
2016-11-28 12:31:16 | TEMPLOG : To   GeoLoop | 056.300
2016-11-28 12:33:18 | TEMPLOG : WellhouseOne | 050.900
2016-11-28 12:33:19 | TEMPLOG : To   GeoLoop | 057.200
2016-11-28 12:33:19 | TEMPLOG : Table    One | 064.400
2016-11-28 12:34:21 | TEMPLOG : Table    One | 063.500
2016-11-28 12:35:23 | TEMPLOG : WellhouseOne | 051.800
2016-11-28 12:35:23 | TEMPLOG : To   GeoLoop | 056.300
2016-11-28 12:36:24 | TEMPLOG : To   GeoLoop | 057.200
2016-11-28 12:37:26 | TEMPLOG : Table    One | 064.400
2016-11-28 12:38:26 | TEMPLOG : Bio   Filter | 059.000
2016-11-28 12:38:27 | TEMPLOG : Table    One | 065.300
2016-11-28 12:42:30 | TEMPLOG : WellhouseOne | 050.900
2016-11-28 12:44:33 | TEMPLOG : WellhouseOne | 051.800
2016-11-28 12:44:33 | TEMPLOG : Bio   Filter | 059.900
2016-11-28 12:44:33 | TEMPLOG : Table    One | 066.200
2016-11-28 12:45:34 | TEMPLOG : Bio   Filter | 059.000
2016-11-28 12:45:34 | TEMPLOG : Table    One | 067.100
2016-11-28 12:46:34 | TEMPLOG : WellhouseOne | 050.900
2016-11-28 12:46:35 | TEMPLOG : To   GeoLoop | 058.100
2016-11-28 12:47:36 | TEMPLOG : WellhouseOne | 051.800
2016-11-28 12:47:36 | TEMPLOG : To   GeoLoop | 057.200
2016-11-28 12:47:36 | TEMPLOG : Table    One | 066.200
2016-11-28 12:48:37 | TEMPLOG : WellhouseOne | 050.900
2016-11-28 12:48:37 | TEMPLOG : Bio   Filter | 059.900
2016-11-28 12:48:38 | TEMPLOG : Table    One | 067.100
2016-11-28 12:50:41 | TEMPLOG : Table    One | 066.200
2016-11-28 12:51:41 | TEMPLOG : Table    One | 065.300
2016-11-28 12:53:44 | TEMPLOG : Table    One | 064.400
2016-11-28 12:54:44 | TEMPLOG : Bio   Filter | 059.000
2016-11-28 12:56:47 | TEMPLOG : Bio   Filter | 059.900
2016-11-28 12:56:48 | TEMPLOG : Table    One | 063.500
2016-11-28 12:57:48 | TEMPLOG : Bio   Filter | 059.000
2016-11-28 13:00:53 | TEMPLOG : WellhouseOne | 050.900
2016-11-28 13:00:53 | TEMPLOG : Bio   Filter | 059.000
2016-11-28 13:00:54 | TEMPLOG : To   GeoLoop | 057.200
2016-11-28 13:00:54 | TEMPLOG : Table    One | 063.500
2016-11-28 13:01:55 | TEMPLOG : Table    One | 062.600
2016-11-28 13:04:58 | TEMPLOG : WellhouseOne | 050.000
2016-11-28 13:04:58 | TEMPLOG : To   GeoLoop | 056.300
2016-11-28 13:04:59 | TEMPLOG : Table    One | 061.700
2016-11-28 13:05:59 | TEMPLOG : Bio   Filter | 058.100
2016-11-28 13:07:00 | TEMPLOG : WellhouseOne | 050.900
2016-11-28 13:07:00 | TEMPLOG : Bio   Filter | 059.000
2016-11-28 13:08:02 | TEMPLOG : WellhouseOne | 050.000
2016-11-28 13:08:03 | TEMPLOG : Bio   Filter | 058.100
2016-11-28 13:09:03 | TEMPLOG : WellhouseOne | 050.900
2016-11-28 13:09:05 | TEMPLOG : Bio   Filter | 059.000
2016-11-28 13:10:06 | TEMPLOG : Bio   Filter | 058.100
2016-11-28 13:10:07 | TEMPLOG : Table    One | 060.800
2016-11-28 13:13:11 | TEMPLOG : Table    One | 059.900
2016-11-28 13:16:14 | TEMPLOG : Table    One | 059.000
2016-11-28 13:18:16 | TEMPLOG : Bio   Filter | 057.200
2016-11-28 13:20:18 | TEMPLOG : WellhouseOne | 050.000
2016-11-28 13:21:19 | TEMPLOG : Table    One | 058.100
2016-11-28 13:23:20 | TEMPLOG : WellhouseOne | 050.900
2016-11-28 13:25:22 | TEMPLOG : WellhouseOne | 050.000
2016-11-28 13:28:26 | TEMPLOG : Table    One | 057.200
2016-11-28 13:31:29 | TEMPLOG : Bio   Filter | 056.300
2016-11-28 13:32:31 | TEMPLOG : Bio   Filter | 057.200
2016-11-28 13:33:32 | TEMPLOG : Bio   Filter | 056.300
2016-11-28 13:42:43 | TEMPLOG : WellhouseOne | 050.900
2016-11-28 13:42:44 | TEMPLOG : Table    One | 056.300
2016-11-28 13:43:46 | TEMPLOG : To   GeoLoop | 055.400
2016-11-28 13:45:48 | TEMPLOG : WellhouseOne | 050.000
2016-11-28 13:45:49 | TEMPLOG : To   GeoLoop | 056.300
2016-11-28 13:46:50 | TEMPLOG : To   GeoLoop | 055.400
2016-11-28 13:48:53 | TEMPLOG : Bio   Filter | 055.400
2016-11-28 13:49:54 | TEMPLOG : To   GeoLoop | 056.300
2016-11-28 13:49:54 | TEMPLOG : Table    One | 055.400
2016-11-28 13:50:57 | TEMPLOG : To   GeoLoop | 055.400
2016-11-28 13:56:03 | TEMPLOG : Table    One | 054.500
2016-11-28 14:00:07 | TEMPLOG : WellhouseOne | 049.100
2016-11-28 14:00:07 | TEMPLOG : Bio   Filter | 054.500
2016-11-28 14:00:08 | TEMPLOG : To   GeoLoop | 055.400
2016-11-28 14:00:08 | TEMPLOG : Table    One | 054.500
2016-11-28 14:04:12 | TEMPLOG : Table    One | 053.600
2016-11-28 14:10:20 | TEMPLOG : Bio   Filter | 053.600
2016-11-28 14:12:21 | TEMPLOG : WellhouseOne | 048.200
2016-11-28 14:13:23 | TEMPLOG : Table    One | 052.700
2016-11-28 14:16:28 | TEMPLOG : Bio   Filter | 052.700
2016-11-28 14:18:31 | TEMPLOG : WellhouseOne | 047.300
2016-11-28 14:18:31 | TEMPLOG : To   GeoLoop | 054.500
2016-11-28 14:19:32 | TEMPLOG : To   GeoLoop | 055.400
2016-11-28 14:19:33 | TEMPLOG : Table    One | 051.800
2016-11-28 14:20:34 | TEMPLOG : WellhouseOne | 048.200
2016-11-28 14:20:34 | TEMPLOG : To   GeoLoop | 054.500
2016-11-28 14:30:49 | TEMPLOG : To   GeoLoop | 055.400
2016-11-28 14:37:58 | TEMPLOG : WellhouseOne | 049.100
2016-11-28 14:37:59 | TEMPLOG : To   GeoLoop | 054.500
2016-11-28 14:38:59 | TEMPLOG : WellhouseOne | 048.200
2016-11-28 14:39:00 | TEMPLOG : To   GeoLoop | 055.400
2016-11-28 14:40:02 | TEMPLOG : To   GeoLoop | 054.500
2016-11-28 14:42:03 | TEMPLOG : To   GeoLoop | 055.400
2016-11-28 14:43:04 | TEMPLOG : To   GeoLoop | 054.500
2016-11-28 14:44:05 | TEMPLOG : To   GeoLoop | 055.400
2016-11-28 14:45:06 | TEMPLOG : To   GeoLoop | 054.500
2016-11-28 14:46:08 | TEMPLOG : To   GeoLoop | 055.400
2016-11-28 14:47:10 | TEMPLOG : To   GeoLoop | 054.500
2016-11-28 14:49:11 | TEMPLOG : Bio   Filter | 051.800
2016-11-28 14:50:13 | TEMPLOG : WellhouseOne | 047.300
2016-11-28 14:53:17 | TEMPLOG : Table    One | 050.900
2016-11-28 14:56:19 | TEMPLOG : WellhouseOne | 048.200
2016-11-28 14:58:21 | TEMPLOG : WellhouseOne | 047.300
2016-11-28 15:00:24 | TEMPLOG : WellhouseOne | 047.300
2016-11-28 15:00:24 | TEMPLOG : Bio   Filter | 051.800
2016-11-28 15:00:24 | TEMPLOG : To   GeoLoop | 054.500
2016-11-28 15:00:24 | TEMPLOG : Table    One | 050.900
2016-11-28 15:02:26 | TEMPLOG : WellhouseOne | 048.200
2016-11-28 15:06:32 | TEMPLOG : WellhouseOne | 047.300
2016-11-28 15:07:33 | TEMPLOG : Bio   Filter | 050.900
2016-11-28 15:08:34 | TEMPLOG : Bio   Filter | 051.800
2016-11-28 15:09:35 | TEMPLOG : Bio   Filter | 050.900
2016-11-28 15:10:37 | TEMPLOG : Bio   Filter | 051.800
2016-11-28 15:11:38 | TEMPLOG : Table    One | 050.000
2016-11-28 15:12:39 | TEMPLOG : Bio   Filter | 050.900
2016-11-28 15:19:48 | TEMPLOG : Table    One | 049.100
2016-11-28 15:20:48 | TEMPLOG : WellhouseOne | 046.400
2016-11-28 15:23:52 | TEMPLOG : Bio   Filter | 050.000
2016-11-28 15:25:54 | TEMPLOG : WellhouseOne | 047.300
2016-11-28 15:28:57 | TEMPLOG : Table    One | 048.200
2016-11-28 15:32:00 | TEMPLOG : WellhouseOne | 046.400
2016-11-28 15:35:05 | TEMPLOG : To   GeoLoop | 053.600
2016-11-28 15:36:05 | TEMPLOG : To   GeoLoop | 054.500
2016-11-28 15:37:06 | TEMPLOG : To   GeoLoop | 053.600
2016-11-28 15:41:11 | TEMPLOG : Bio   Filter | 049.100
2016-11-28 15:42:12 | TEMPLOG : WellhouseOne | 045.500
2016-11-28 15:42:13 | TEMPLOG : Table    One | 047.300
2016-11-28 15:43:14 | TEMPLOG : WellhouseOne | 046.400
2016-11-28 15:45:16 | TEMPLOG : WellhouseOne | 045.500
2016-11-28 15:46:17 | TEMPLOG : WellhouseOne | 046.400
2016-11-28 15:53:27 | TEMPLOG : Table    One | 046.400
2016-11-28 15:55:29 | TEMPLOG : Bio   Filter | 048.200
2016-11-28 15:56:31 | TEMPLOG : WellhouseOne | 045.500
2016-11-28 15:58:34 | TEMPLOG : Table    One | 047.300
2016-11-28 16:00:36 | TEMPLOG : WellhouseOne | 045.500
2016-11-28 16:00:36 | TEMPLOG : Bio   Filter | 048.200
2016-11-28 16:00:36 | TEMPLOG : To   GeoLoop | 053.600
2016-11-28 16:00:37 | TEMPLOG : Table    One | 047.300
2016-11-28 16:03:41 | TEMPLOG : Table    One | 046.400
2016-11-28 16:07:45 | TEMPLOG : To   GeoLoop | 052.700
2016-11-28 16:07:45 | TEMPLOG : Table    One | 045.500
2016-11-28 16:08:46 | TEMPLOG : To   GeoLoop | 053.600
2016-11-28 16:09:47 | TEMPLOG : To   GeoLoop | 052.700
2016-11-28 16:10:47 | TEMPLOG : WellhouseOne | 046.400
2016-11-28 16:11:48 | TEMPLOG : Bio   Filter | 047.300
2016-11-28 16:15:53 | TEMPLOG : WellhouseOne | 045.500
2016-11-28 16:16:54 | TEMPLOG : Table    One | 044.600
2016-11-28 16:17:55 | TEMPLOG : Table    One | 045.500
2016-11-28 16:19:57 | TEMPLOG : Table    One | 044.600
2016-11-28 16:27:05 | TEMPLOG : Bio   Filter | 046.400
2016-11-28 16:36:15 | TEMPLOG : WellhouseOne | 044.600
2016-11-28 16:38:20 | TEMPLOG : Table    One | 043.700
2016-11-28 16:46:33 | TEMPLOG : WellhouseOne | 043.700
2016-11-28 16:47:33 | TEMPLOG : WellhouseOne | 044.600
2016-11-28 16:49:36 | TEMPLOG : Bio   Filter | 045.500
2016-11-28 16:50:37 | TEMPLOG : WellhouseOne | 043.700
2016-11-28 16:52:40 | TEMPLOG : WellhouseOne | 044.600
2016-11-28 16:54:43 | TEMPLOG : WellhouseOne | 045.500
2016-11-28 16:56:48 | TEMPLOG : To   GeoLoop | 051.800
2016-11-28 16:57:49 | TEMPLOG : To   GeoLoop | 052.700
2016-11-28 17:00:51 | TEMPLOG : WellhouseOne | 045.500
2016-11-28 17:00:52 | TEMPLOG : Bio   Filter | 045.500
2016-11-28 17:00:52 | TEMPLOG : To   GeoLoop | 052.700
2016-11-28 17:00:52 | TEMPLOG : Table    One | 042.800
2016-11-28 17:01:52 | TEMPLOG : WellhouseOne | 044.600
2016-11-28 17:01:53 | TEMPLOG : Table    One | 043.700
2016-11-28 17:02:54 | TEMPLOG : Table    One | 042.800
2016-11-28 17:04:57 | TEMPLOG : To   GeoLoop | 051.800
2016-11-28 17:06:59 | TEMPLOG : WellhouseOne | 043.700
2016-11-28 17:07:00 | TEMPLOG : To   GeoLoop | 052.700
2016-11-28 17:08:00 | TEMPLOG : To   GeoLoop | 051.800
2016-11-28 17:09:01 | TEMPLOG : WellhouseOne | 044.600
2016-11-28 17:10:02 | TEMPLOG : WellhouseOne | 043.700
2016-11-28 17:10:03 | TEMPLOG : To   GeoLoop | 052.700
2016-11-28 17:14:07 | TEMPLOG : To   GeoLoop | 051.800
2016-11-28 17:16:10 | TEMPLOG : To   GeoLoop | 052.700
2016-11-28 17:17:11 | TEMPLOG : To   GeoLoop | 051.800
2016-11-28 17:18:13 | TEMPLOG : To   GeoLoop | 052.700
2016-11-28 17:19:13 | TEMPLOG : WellhouseOne | 042.800
2016-11-28 17:19:13 | TEMPLOG : To   GeoLoop | 051.800
2016-11-28 17:22:16 | TEMPLOG : WellhouseOne | 043.700
2016-11-28 17:23:17 | TEMPLOG : WellhouseOne | 042.800
2016-11-28 17:30:26 | TEMPLOG : WellhouseOne | 041.900
2016-11-28 17:34:31 | TEMPLOG : WellhouseOne | 042.800
2016-11-28 17:38:35 | TEMPLOG : Bio   Filter | 044.600
2016-11-28 17:40:37 | TEMPLOG : Bio   Filter | 045.500
2016-11-28 17:43:39 | TEMPLOG : WellhouseOne | 041.900
2016-11-28 17:43:40 | TEMPLOG : Bio   Filter | 044.600
2016-11-28 17:44:41 | TEMPLOG : WellhouseOne | 042.800
2016-11-28 17:46:44 | TEMPLOG : WellhouseOne | 041.900
2016-11-28 17:46:44 | TEMPLOG : Bio   Filter | 045.500
2016-11-28 17:47:46 | TEMPLOG : Bio   Filter | 044.600
2016-11-28 17:55:56 | TEMPLOG : WellhouseOne | 041.000
2016-11-28 17:56:58 | TEMPLOG : WellhouseOne | 041.900
2016-11-28 17:56:59 | TEMPLOG : Table    One | 041.900
2016-11-28 18:00:02 | TEMPLOG : WellhouseOne | 041.900
2016-11-28 18:00:02 | TEMPLOG : Bio   Filter | 044.600
2016-11-28 18:00:02 | TEMPLOG : To   GeoLoop | 051.800
2016-11-28 18:00:03 | TEMPLOG : Table    One | 041.900
2016-11-28 18:03:06 | TEMPLOG : WellhouseOne | 041.000
2016-11-28 18:15:19 | TEMPLOG : WellhouseOne | 041.900
2016-11-28 18:25:32 | TEMPLOG : WellhouseOne | 041.000
2016-11-28 18:42:50 | TEMPLOG : WellhouseOne | 040.100
2016-11-28 18:43:51 | TEMPLOG : WellhouseOne | 041.000
2016-11-28 18:45:53 | TEMPLOG : WellhouseOne | 040.100
2016-11-28 18:46:54 | TEMPLOG : WellhouseOne | 041.000
2016-11-28 18:52:02 | TEMPLOG : WellhouseOne | 040.100
2016-11-28 18:53:03 | TEMPLOG : WellhouseOne | 041.000
2016-11-28 18:58:09 | TEMPLOG : WellhouseOne | 041.900
2016-11-28 19:00:12 | TEMPLOG : WellhouseOne | 041.900
2016-11-28 19:00:12 | TEMPLOG : Bio   Filter | 044.600
2016-11-28 19:00:12 | TEMPLOG : To   GeoLoop | 051.800
2016-11-28 19:00:13 | TEMPLOG : Table    One | 041.900
2016-11-28 19:08:25 | TEMPLOG : WellhouseOne | 041.000
2016-11-28 19:08:25 | TEMPLOG : Bio   Filter | 043.700
2016-11-28 19:09:27 | TEMPLOG : Bio   Filter | 044.600
2016-11-28 19:09:27 | TEMPLOG : To   GeoLoop | 050.900
2016-11-28 19:13:33 | TEMPLOG : To   GeoLoop | 051.800
2016-11-28 19:14:35 | TEMPLOG : To   GeoLoop | 050.900
2016-11-28 19:19:40 | TEMPLOG : WellhouseOne | 040.100
2016-11-28 19:24:47 | TEMPLOG : Bio   Filter | 043.700
2016-11-28 19:26:49 | TEMPLOG : Bio   Filter | 044.600
2016-11-28 19:29:53 | TEMPLOG : Bio   Filter | 043.700
2016-11-28 19:30:54 | TEMPLOG : Table    One | 041.000
2016-11-28 19:31:55 | TEMPLOG : Bio   Filter | 044.600
2016-11-28 19:32:57 | TEMPLOG : Bio   Filter | 043.700
2016-11-28 19:37:01 | TEMPLOG : WellhouseOne | 041.000
2016-11-28 19:39:03 | TEMPLOG : WellhouseOne | 041.900
2016-11-28 19:45:09 | TEMPLOG : WellhouseOne | 041.000
2016-11-28 19:50:16 | TEMPLOG : WellhouseOne | 040.100
2016-11-28 20:00:29 | TEMPLOG : WellhouseOne | 040.100
2016-11-28 20:00:30 | TEMPLOG : Bio   Filter | 043.700
2016-11-28 20:00:30 | TEMPLOG : To   GeoLoop | 050.900
2016-11-28 20:00:30 | TEMPLOG : Table    One | 041.000
2016-11-28 20:05:35 | TEMPLOG : WellhouseOne | 039.200
2016-11-28 20:06:36 | TEMPLOG : WellhouseOne | 040.100
2016-11-28 20:07:37 | TEMPLOG : WellhouseOne | 039.200
2016-11-28 20:08:38 | TEMPLOG : WellhouseOne | 040.100
2016-11-28 20:09:39 | TEMPLOG : Bio   Filter | 044.600
2016-11-28 20:10:40 | TEMPLOG : WellhouseOne | 039.200
2016-11-28 20:14:44 | TEMPLOG : WellhouseOne | 040.100
2016-11-28 20:17:48 | TEMPLOG : WellhouseOne | 041.000
2016-11-28 20:22:57 | TEMPLOG : Bio   Filter | 043.700
2016-11-28 20:26:00 | TEMPLOG : Bio   Filter | 044.600
2016-11-28 20:27:01 | TEMPLOG : WellhouseOne | 040.100
2016-11-28 20:28:02 | TEMPLOG : WellhouseOne | 041.000
2016-11-28 20:29:03 | TEMPLOG : WellhouseOne | 040.100
2016-11-28 20:31:05 | TEMPLOG : Bio   Filter | 043.700
2016-11-28 20:33:08 | TEMPLOG : Bio   Filter | 044.600
2016-11-28 20:39:15 | TEMPLOG : Bio   Filter | 043.700
2016-11-28 20:49:27 | TEMPLOG : WellhouseOne | 039.200
2016-11-28 20:50:29 | TEMPLOG : WellhouseOne | 040.100
2016-11-28 20:52:34 | TEMPLOG : Bio   Filter | 042.800
2016-11-28 20:56:40 | TEMPLOG : WellhouseOne | 041.000
2016-11-28 20:56:40 | TEMPLOG : To   GeoLoop | 050.000
2016-11-28 20:57:41 | TEMPLOG : To   GeoLoop | 050.900
2016-11-28 20:58:42 | TEMPLOG : WellhouseOne | 041.900
2016-11-28 21:00:44 | TEMPLOG : WellhouseOne | 041.900
2016-11-28 21:00:45 | TEMPLOG : Bio   Filter | 042.800
2016-11-28 21:00:45 | TEMPLOG : To   GeoLoop | 050.900
2016-11-28 21:00:45 | TEMPLOG : Table    One | 041.000
2016-11-28 21:01:46 | TEMPLOG : To   GeoLoop | 050.000
2016-11-28 21:05:50 | TEMPLOG : WellhouseOne | 041.000
2016-11-28 21:08:54 | TEMPLOG : Table    One | 040.100
2016-11-28 21:20:10 | TEMPLOG : Bio   Filter | 041.900
2016-11-28 21:21:12 | TEMPLOG : Table    One | 039.200
2016-11-28 21:22:12 | TEMPLOG : WellhouseOne | 040.100
2016-11-28 21:32:24 | TEMPLOG : WellhouseOne | 039.200
2016-11-28 21:33:25 | TEMPLOG : WellhouseOne | 040.100
2016-11-28 21:34:26 | TEMPLOG : To   GeoLoop | 049.100
2016-11-28 21:34:27 | TEMPLOG : Table    One | 038.300
2016-11-28 21:35:28 | TEMPLOG : Bio   Filter | 041.000
2016-11-28 21:35:29 | TEMPLOG : To   GeoLoop | 050.000
2016-11-28 21:36:29 | TEMPLOG : WellhouseOne | 041.000
2016-11-28 21:36:30 | TEMPLOG : To   GeoLoop | 049.100
2016-11-28 21:41:35 | TEMPLOG : WellhouseOne | 041.900
2016-11-28 21:42:36 | TEMPLOG : WellhouseOne | 041.000
2016-11-28 21:47:43 | TEMPLOG : WellhouseOne | 040.100
2016-11-28 21:55:52 | TEMPLOG : WellhouseOne | 039.200
2016-11-28 22:00:58 | TEMPLOG : WellhouseOne | 039.200
2016-11-28 22:00:58 | TEMPLOG : Bio   Filter | 041.000
2016-11-28 22:00:59 | TEMPLOG : To   GeoLoop | 049.100
2016-11-28 22:00:59 | TEMPLOG : Table    One | 038.300
2016-11-28 22:06:04 | TEMPLOG : Bio   Filter | 040.100
2016-11-28 22:08:07 | TEMPLOG : Bio   Filter | 041.000
2016-11-28 22:10:11 | TEMPLOG : WellhouseOne | 038.300
2016-11-28 22:11:12 | TEMPLOG : WellhouseOne | 039.200
2016-11-28 22:12:13 | TEMPLOG : WellhouseOne | 038.300
2016-11-28 22:15:17 | TEMPLOG : WellhouseOne | 039.200
2016-11-28 22:19:22 | TEMPLOG : WellhouseOne | 040.100
2016-11-28 22:19:22 | TEMPLOG : Bio   Filter | 040.100
2016-11-28 22:22:26 | TEMPLOG : WellhouseOne | 041.000
2016-11-28 22:22:26 | TEMPLOG : Bio   Filter | 041.000
2016-11-28 22:26:30 | TEMPLOG : WellhouseOne | 040.100
2016-11-28 22:26:30 | TEMPLOG : Bio   Filter | 040.100
2016-11-28 22:29:33 | TEMPLOG : Bio   Filter | 041.000
2016-11-28 22:30:34 | TEMPLOG : Bio   Filter | 040.100
2016-11-28 22:34:39 | TEMPLOG : WellhouseOne | 039.200
2016-11-28 22:39:46 | TEMPLOG : Table    One | 037.400
2016-11-28 22:42:49 | TEMPLOG : WellhouseOne | 038.300
2016-11-28 22:53:00 | TEMPLOG : WellhouseOne | 037.400
2016-11-28 22:55:02 | TEMPLOG : WellhouseOne | 038.300
2016-11-28 22:59:06 | TEMPLOG : WellhouseOne | 039.200
2016-11-28 23:00:07 | TEMPLOG : WellhouseOne | 039.200
2016-11-28 23:00:08 | TEMPLOG : Bio   Filter | 040.100
2016-11-28 23:00:08 | TEMPLOG : To   GeoLoop | 049.100
2016-11-28 23:00:08 | TEMPLOG : Table    One | 037.400
2016-11-28 23:03:10 | TEMPLOG : WellhouseOne | 040.100
2016-11-28 23:03:11 | TEMPLOG : To   GeoLoop | 048.200
2016-11-28 23:04:12 | TEMPLOG : To   GeoLoop | 049.100
2016-11-28 23:05:12 | TEMPLOG : WellhouseOne | 039.200
2016-11-28 23:05:13 | TEMPLOG : To   GeoLoop | 048.200
2016-11-28 23:07:17 | TEMPLOG : Table    One | 036.500
2016-11-28 23:08:18 | TEMPLOG : WellhouseOne | 038.300
2016-11-28 23:08:18 | TEMPLOG : Table    One | 037.400
2016-11-28 23:11:22 | TEMPLOG : To   GeoLoop | 049.100
2016-11-28 23:11:22 | TEMPLOG : Table    One | 036.500
2016-11-28 23:12:23 | TEMPLOG : To   GeoLoop | 048.200
2016-11-28 23:12:23 | TEMPLOG : Table    One | 037.400
2016-11-28 23:13:24 | TEMPLOG : To   GeoLoop | 049.100
2016-11-28 23:14:25 | TEMPLOG : To   GeoLoop | 048.200
2016-11-28 23:17:28 | TEMPLOG : Bio   Filter | 039.200
2016-11-28 23:25:37 | TEMPLOG : WellhouseOne | 037.400
2016-11-28 23:34:50 | TEMPLOG : Bio   Filter | 040.100
2016-11-28 23:36:52 | TEMPLOG : WellhouseOne | 038.300
2016-11-28 23:38:53 | TEMPLOG : WellhouseOne | 039.200
2016-11-28 23:40:56 | TEMPLOG : WellhouseOne | 040.100
2016-11-28 23:46:03 | TEMPLOG : To   GeoLoop | 049.100
2016-11-28 23:47:03 | TEMPLOG : WellhouseOne | 039.200
2016-11-28 23:47:04 | TEMPLOG : To   GeoLoop | 048.200
2016-11-28 23:50:07 | TEMPLOG : WellhouseOne | 038.300
2016-11-28 23:59:20 | TEMPLOG : WellhouseOne | 037.400
2016-11-28 23:59:21 | TEMPLOG : Table    One | 036.500
