2016-12-30 00:00:18 | TEMPLOG : WellhouseOne | 045.500
2016-12-30 00:00:19 | TEMPLOG : Bio   Filter | 029.300
2016-12-30 00:00:19 | TEMPLOG : To   GeoLoop | 041.900
2016-12-30 00:00:19 | TEMPLOG : Table    One | 029.300
2016-12-30 00:01:19 | TEMPLOG : WellhouseOne | 044.600
2016-12-30 00:03:23 | TEMPLOG : WellhouseOne | 043.700
2016-12-30 00:05:27 | TEMPLOG : WellhouseOne | 042.800
2016-12-30 00:07:29 | TEMPLOG : WellhouseOne | 046.400
2016-12-30 00:08:32 | TEMPLOG : WellhouseOne | 104.900
2016-12-30 00:09:33 | TEMPLOG : WellhouseOne | 119.300
2016-12-30 00:10:34 | TEMPLOG : WellhouseOne | 127.400
2016-12-30 00:11:35 | TEMPLOG : WellhouseOne | 131.900
2016-12-30 00:12:36 | TEMPLOG : WellhouseOne | 135.500
2016-12-30 00:13:37 | TEMPLOG : WellhouseOne | 138.200
2016-12-30 00:14:38 | TEMPLOG : WellhouseOne | 100.400
2016-12-30 00:15:40 | TEMPLOG : WellhouseOne | 084.200
2016-12-30 00:16:42 | TEMPLOG : WellhouseOne | 073.400
2016-12-30 00:17:43 | TEMPLOG : WellhouseOne | 067.100
2016-12-30 00:18:46 | TEMPLOG : WellhouseOne | 061.700
2016-12-30 00:19:46 | TEMPLOG : WellhouseOne | 058.100
2016-12-30 00:20:48 | TEMPLOG : WellhouseOne | 055.400
2016-12-30 00:21:50 | TEMPLOG : WellhouseOne | 053.600
2016-12-30 00:22:51 | TEMPLOG : WellhouseOne | 050.900
2016-12-30 00:23:52 | TEMPLOG : WellhouseOne | 050.000
2016-12-30 00:24:53 | TEMPLOG : WellhouseOne | 048.200
2016-12-30 00:25:54 | TEMPLOG : WellhouseOne | 047.300
2016-12-30 00:26:55 | TEMPLOG : WellhouseOne | 046.400
2016-12-30 00:27:57 | TEMPLOG : WellhouseOne | 045.500
2016-12-30 00:30:00 | TEMPLOG : WellhouseOne | 044.600
2016-12-30 00:32:02 | TEMPLOG : WellhouseOne | 043.700
2016-12-30 00:33:04 | TEMPLOG : Table    One | 028.400
2016-12-30 00:34:04 | TEMPLOG : WellhouseOne | 042.800
2016-12-30 00:35:07 | TEMPLOG : Table    One | 029.300
2016-12-30 00:36:08 | TEMPLOG : WellhouseOne | 059.900
2016-12-30 00:37:09 | TEMPLOG : WellhouseOne | 105.800
2016-12-30 00:37:10 | TEMPLOG : Bio   Filter | 028.400
2016-12-30 00:38:11 | TEMPLOG : WellhouseOne | 116.600
2016-12-30 00:39:13 | TEMPLOG : WellhouseOne | 128.300
2016-12-30 00:39:14 | TEMPLOG : Table    One | 028.400
2016-12-30 00:40:14 | TEMPLOG : WellhouseOne | 131.900
2016-12-30 00:41:16 | TEMPLOG : WellhouseOne | 134.600
2016-12-30 00:42:17 | TEMPLOG : WellhouseOne | 136.400
2016-12-30 00:42:17 | TEMPLOG : To   GeoLoop | 041.000
2016-12-30 00:43:18 | TEMPLOG : WellhouseOne | 100.400
2016-12-30 00:44:18 | TEMPLOG : WellhouseOne | 084.200
2016-12-30 00:45:19 | TEMPLOG : WellhouseOne | 074.300
2016-12-30 00:46:21 | TEMPLOG : WellhouseOne | 066.200
2016-12-30 00:47:22 | TEMPLOG : WellhouseOne | 060.800
2016-12-30 00:47:22 | TEMPLOG : Bio   Filter | 029.300
2016-12-30 00:48:23 | TEMPLOG : WellhouseOne | 058.100
2016-12-30 00:49:24 | TEMPLOG : WellhouseOne | 055.400
2016-12-30 00:50:25 | TEMPLOG : WellhouseOne | 052.700
2016-12-30 00:50:26 | TEMPLOG : Bio   Filter | 028.400
2016-12-30 00:51:26 | TEMPLOG : WellhouseOne | 050.900
2016-12-30 00:52:28 | TEMPLOG : WellhouseOne | 049.100
2016-12-30 00:52:28 | TEMPLOG : Table    One | 029.300
2016-12-30 00:53:29 | TEMPLOG : WellhouseOne | 048.200
2016-12-30 00:53:29 | TEMPLOG : Bio   Filter | 029.300
2016-12-30 00:53:30 | TEMPLOG : Table    One | 028.400
2016-12-30 00:54:30 | TEMPLOG : WellhouseOne | 047.300
2016-12-30 00:55:31 | TEMPLOG : WellhouseOne | 046.400
2016-12-30 00:56:32 | TEMPLOG : WellhouseOne | 045.500
2016-12-30 00:57:34 | TEMPLOG : WellhouseOne | 044.600
2016-12-30 00:58:36 | TEMPLOG : Table    One | 029.300
2016-12-30 00:59:36 | TEMPLOG : WellhouseOne | 043.700
2016-12-30 00:59:37 | TEMPLOG : To   GeoLoop | 041.900
2016-12-30 01:00:37 | TEMPLOG : WellhouseOne | 043.700
2016-12-30 01:00:38 | TEMPLOG : Bio   Filter | 029.300
2016-12-30 01:00:38 | TEMPLOG : To   GeoLoop | 041.000
2016-12-30 01:00:38 | TEMPLOG : Table    One | 029.300
2016-12-30 01:02:40 | TEMPLOG : WellhouseOne | 042.800
2016-12-30 01:04:44 | TEMPLOG : WellhouseOne | 077.000
2016-12-30 01:05:46 | TEMPLOG : WellhouseOne | 110.300
2016-12-30 01:06:46 | TEMPLOG : WellhouseOne | 123.800
2016-12-30 01:07:48 | TEMPLOG : WellhouseOne | 130.100
2016-12-30 01:08:49 | TEMPLOG : WellhouseOne | 134.600
2016-12-30 01:09:50 | TEMPLOG : WellhouseOne | 138.200
2016-12-30 01:10:51 | TEMPLOG : WellhouseOne | 095.900
2016-12-30 01:11:53 | TEMPLOG : WellhouseOne | 080.600
2016-12-30 01:12:54 | TEMPLOG : WellhouseOne | 073.400
2016-12-30 01:13:54 | TEMPLOG : WellhouseOne | 067.100
2016-12-30 01:14:57 | TEMPLOG : WellhouseOne | 061.700
2016-12-30 01:15:58 | TEMPLOG : WellhouseOne | 058.100
2016-12-30 01:17:00 | TEMPLOG : WellhouseOne | 055.400
2016-12-30 01:17:00 | TEMPLOG : Table    One | 028.400
2016-12-30 01:18:00 | TEMPLOG : WellhouseOne | 053.600
2016-12-30 01:19:01 | TEMPLOG : WellhouseOne | 051.800
2016-12-30 01:20:02 | TEMPLOG : WellhouseOne | 050.000
2016-12-30 01:21:03 | TEMPLOG : WellhouseOne | 049.100
2016-12-30 01:22:05 | TEMPLOG : WellhouseOne | 048.200
2016-12-30 01:23:07 | TEMPLOG : WellhouseOne | 047.300
2016-12-30 01:24:08 | TEMPLOG : WellhouseOne | 046.400
2016-12-30 01:25:09 | TEMPLOG : WellhouseOne | 045.500
2016-12-30 01:26:10 | TEMPLOG : WellhouseOne | 044.600
2016-12-30 01:29:15 | TEMPLOG : WellhouseOne | 043.700
2016-12-30 01:31:17 | TEMPLOG : WellhouseOne | 042.800
2016-12-30 01:32:17 | TEMPLOG : WellhouseOne | 043.700
2016-12-30 01:33:19 | TEMPLOG : WellhouseOne | 104.000
2016-12-30 01:34:20 | TEMPLOG : WellhouseOne | 120.200
2016-12-30 01:35:21 | TEMPLOG : WellhouseOne | 127.400
2016-12-30 01:36:22 | TEMPLOG : WellhouseOne | 131.900
2016-12-30 01:37:23 | TEMPLOG : WellhouseOne | 135.500
2016-12-30 01:38:24 | TEMPLOG : WellhouseOne | 137.300
2016-12-30 01:39:25 | TEMPLOG : WellhouseOne | 122.000
2016-12-30 01:40:27 | TEMPLOG : WellhouseOne | 093.200
2016-12-30 01:41:28 | TEMPLOG : WellhouseOne | 079.700
2016-12-30 01:42:29 | TEMPLOG : WellhouseOne | 071.600
2016-12-30 01:43:30 | TEMPLOG : WellhouseOne | 066.200
2016-12-30 01:44:31 | TEMPLOG : WellhouseOne | 060.800
2016-12-30 01:45:34 | TEMPLOG : WellhouseOne | 057.200
2016-12-30 01:45:34 | TEMPLOG : Bio   Filter | 028.400
2016-12-30 01:46:35 | TEMPLOG : WellhouseOne | 054.500
2016-12-30 01:46:35 | TEMPLOG : Bio   Filter | 029.300
2016-12-30 01:47:36 | TEMPLOG : WellhouseOne | 052.700
2016-12-30 01:47:37 | TEMPLOG : Table    One | 029.300
2016-12-30 01:48:37 | TEMPLOG : WellhouseOne | 050.900
2016-12-30 01:48:38 | TEMPLOG : Table    One | 028.400
2016-12-30 01:49:38 | TEMPLOG : WellhouseOne | 050.000
2016-12-30 01:50:39 | TEMPLOG : WellhouseOne | 048.200
2016-12-30 01:50:40 | TEMPLOG : Table    One | 029.300
2016-12-30 01:52:42 | TEMPLOG : WellhouseOne | 047.300
2016-12-30 01:53:42 | TEMPLOG : WellhouseOne | 046.400
2016-12-30 01:54:43 | TEMPLOG : WellhouseOne | 045.500
2016-12-30 01:56:47 | TEMPLOG : WellhouseOne | 044.600
2016-12-30 01:58:49 | TEMPLOG : WellhouseOne | 043.700
2016-12-30 02:00:53 | TEMPLOG : WellhouseOne | 042.800
2016-12-30 02:00:53 | TEMPLOG : Bio   Filter | 029.300
2016-12-30 02:00:54 | TEMPLOG : To   GeoLoop | 041.000
2016-12-30 02:00:54 | TEMPLOG : Table    One | 029.300
2016-12-30 02:01:54 | TEMPLOG : WellhouseOne | 055.400
2016-12-30 02:02:56 | TEMPLOG : WellhouseOne | 109.400
2016-12-30 02:03:57 | TEMPLOG : WellhouseOne | 125.600
2016-12-30 02:04:59 | TEMPLOG : WellhouseOne | 133.700
2016-12-30 02:06:00 | TEMPLOG : WellhouseOne | 102.200
2016-12-30 02:06:00 | TEMPLOG : Bio   Filter | 030.200
2016-12-30 02:06:02 | TEMPLOG : Table    One | 030.200
2016-12-30 02:07:02 | TEMPLOG : WellhouseOne | 081.500
2016-12-30 02:08:04 | TEMPLOG : WellhouseOne | 070.700
2016-12-30 02:09:05 | TEMPLOG : WellhouseOne | 065.300
2016-12-30 02:10:07 | TEMPLOG : WellhouseOne | 060.800
2016-12-30 02:11:08 | TEMPLOG : WellhouseOne | 057.200
2016-12-30 02:12:09 | TEMPLOG : WellhouseOne | 055.400
2016-12-30 02:13:11 | TEMPLOG : WellhouseOne | 052.700
2016-12-30 02:14:13 | TEMPLOG : WellhouseOne | 050.900
2016-12-30 02:15:14 | TEMPLOG : WellhouseOne | 050.000
2016-12-30 02:16:15 | TEMPLOG : WellhouseOne | 049.100
2016-12-30 02:17:17 | TEMPLOG : WellhouseOne | 048.200
2016-12-30 02:18:18 | TEMPLOG : WellhouseOne | 047.300
2016-12-30 02:19:19 | TEMPLOG : WellhouseOne | 046.400
2016-12-30 02:21:22 | TEMPLOG : WellhouseOne | 045.500
2016-12-30 02:23:26 | TEMPLOG : WellhouseOne | 044.600
2016-12-30 02:25:28 | TEMPLOG : WellhouseOne | 043.700
2016-12-30 02:27:31 | TEMPLOG : WellhouseOne | 042.800
2016-12-30 02:28:33 | TEMPLOG : WellhouseOne | 055.400
2016-12-30 02:29:35 | TEMPLOG : WellhouseOne | 105.800
2016-12-30 02:30:36 | TEMPLOG : WellhouseOne | 122.000
2016-12-30 02:31:38 | TEMPLOG : WellhouseOne | 130.100
2016-12-30 02:32:39 | TEMPLOG : WellhouseOne | 134.600
2016-12-30 02:33:41 | TEMPLOG : WellhouseOne | 138.200
2016-12-30 02:34:41 | TEMPLOG : WellhouseOne | 109.400
2016-12-30 02:34:42 | TEMPLOG : Table    One | 029.300
2016-12-30 02:35:42 | TEMPLOG : WellhouseOne | 087.800
2016-12-30 02:36:43 | TEMPLOG : WellhouseOne | 076.100
2016-12-30 02:37:45 | TEMPLOG : WellhouseOne | 068.900
2016-12-30 02:38:47 | TEMPLOG : WellhouseOne | 063.500
2016-12-30 02:38:48 | TEMPLOG : Table    One | 030.200
2016-12-30 02:39:49 | TEMPLOG : WellhouseOne | 059.900
2016-12-30 02:39:50 | TEMPLOG : Table    One | 029.300
2016-12-30 02:40:50 | TEMPLOG : WellhouseOne | 057.200
2016-12-30 02:40:52 | TEMPLOG : Table    One | 030.200
2016-12-30 02:41:52 | TEMPLOG : WellhouseOne | 054.500
2016-12-30 02:42:53 | TEMPLOG : WellhouseOne | 052.700
2016-12-30 02:43:54 | TEMPLOG : WellhouseOne | 051.800
2016-12-30 02:44:55 | TEMPLOG : WellhouseOne | 050.000
2016-12-30 02:45:56 | TEMPLOG : WellhouseOne | 049.100
2016-12-30 02:46:57 | TEMPLOG : WellhouseOne | 048.200
2016-12-30 02:48:59 | TEMPLOG : WellhouseOne | 047.300
2016-12-30 02:50:02 | TEMPLOG : WellhouseOne | 046.400
2016-12-30 02:51:04 | TEMPLOG : Bio   Filter | 031.100
2016-12-30 02:52:05 | TEMPLOG : WellhouseOne | 045.500
2016-12-30 02:52:07 | TEMPLOG : Table    One | 031.100
2016-12-30 02:56:09 | TEMPLOG : WellhouseOne | 044.600
2016-12-30 02:58:11 | TEMPLOG : WellhouseOne | 043.700
2016-12-30 02:59:12 | TEMPLOG : WellhouseOne | 087.800
2016-12-30 03:00:13 | TEMPLOG : WellhouseOne | 116.600
2016-12-30 03:00:14 | TEMPLOG : Bio   Filter | 031.100
2016-12-30 03:00:14 | TEMPLOG : To   GeoLoop | 041.000
2016-12-30 03:00:15 | TEMPLOG : Table    One | 031.100
2016-12-30 03:01:15 | TEMPLOG : WellhouseOne | 128.300
2016-12-30 03:02:16 | TEMPLOG : WellhouseOne | 134.600
2016-12-30 03:03:17 | TEMPLOG : WellhouseOne | 091.400
2016-12-30 03:04:19 | TEMPLOG : WellhouseOne | 076.100
2016-12-30 03:05:21 | TEMPLOG : WellhouseOne | 066.200
2016-12-30 03:06:22 | TEMPLOG : WellhouseOne | 062.600
2016-12-30 03:07:24 | TEMPLOG : WellhouseOne | 058.100
2016-12-30 03:08:25 | TEMPLOG : WellhouseOne | 056.300
2016-12-30 03:09:26 | TEMPLOG : WellhouseOne | 053.600
2016-12-30 03:10:28 | TEMPLOG : WellhouseOne | 051.800
2016-12-30 03:11:29 | TEMPLOG : WellhouseOne | 050.900
2016-12-30 03:12:29 | TEMPLOG : WellhouseOne | 050.000
2016-12-30 03:13:30 | TEMPLOG : WellhouseOne | 049.100
2016-12-30 03:14:32 | TEMPLOG : WellhouseOne | 048.200
2016-12-30 03:15:32 | TEMPLOG : WellhouseOne | 047.300
2016-12-30 03:16:34 | TEMPLOG : WellhouseOne | 046.400
2016-12-30 03:17:35 | TEMPLOG : WellhouseOne | 045.500
2016-12-30 03:19:39 | TEMPLOG : WellhouseOne | 043.700
2016-12-30 03:20:40 | TEMPLOG : WellhouseOne | 044.600
2016-12-30 03:22:42 | TEMPLOG : WellhouseOne | 043.700
2016-12-30 03:22:44 | TEMPLOG : Table    One | 030.200
2016-12-30 03:24:45 | TEMPLOG : WellhouseOne | 042.800
2016-12-30 03:26:47 | TEMPLOG : WellhouseOne | 098.600
2016-12-30 03:27:48 | TEMPLOG : WellhouseOne | 119.300
2016-12-30 03:28:49 | TEMPLOG : WellhouseOne | 128.300
2016-12-30 03:29:50 | TEMPLOG : WellhouseOne | 134.600
2016-12-30 03:30:51 | TEMPLOG : WellhouseOne | 099.500
2016-12-30 03:31:52 | TEMPLOG : WellhouseOne | 083.300
2016-12-30 03:32:53 | TEMPLOG : WellhouseOne | 072.500
2016-12-30 03:33:54 | TEMPLOG : WellhouseOne | 066.200
2016-12-30 03:34:55 | TEMPLOG : WellhouseOne | 061.700
2016-12-30 03:34:56 | TEMPLOG : Table    One | 031.100
2016-12-30 03:35:56 | TEMPLOG : WellhouseOne | 058.100
2016-12-30 03:36:58 | TEMPLOG : WellhouseOne | 055.400
2016-12-30 03:38:00 | TEMPLOG : WellhouseOne | 052.700
2016-12-30 03:39:01 | TEMPLOG : WellhouseOne | 050.900
2016-12-30 03:40:03 | TEMPLOG : WellhouseOne | 050.000
2016-12-30 03:41:04 | TEMPLOG : WellhouseOne | 049.100
2016-12-30 03:42:06 | TEMPLOG : WellhouseOne | 048.200
2016-12-30 03:43:07 | TEMPLOG : WellhouseOne | 047.300
2016-12-30 03:45:10 | TEMPLOG : WellhouseOne | 046.400
2016-12-30 03:47:12 | TEMPLOG : WellhouseOne | 045.500
2016-12-30 03:50:15 | TEMPLOG : WellhouseOne | 044.600
2016-12-30 03:52:18 | TEMPLOG : WellhouseOne | 043.700
2016-12-30 03:54:20 | TEMPLOG : WellhouseOne | 078.800
2016-12-30 03:55:22 | TEMPLOG : WellhouseOne | 113.900
2016-12-30 03:55:24 | TEMPLOG : Table    One | 030.200
2016-12-30 03:56:24 | TEMPLOG : WellhouseOne | 125.600
2016-12-30 03:57:25 | TEMPLOG : WellhouseOne | 132.800
2016-12-30 03:58:27 | TEMPLOG : WellhouseOne | 136.400
2016-12-30 03:58:27 | TEMPLOG : Bio   Filter | 030.200
2016-12-30 03:59:28 | TEMPLOG : WellhouseOne | 111.200
2016-12-30 04:00:29 | TEMPLOG : WellhouseOne | 088.700
2016-12-30 04:00:29 | TEMPLOG : Bio   Filter | 030.200
2016-12-30 04:00:29 | TEMPLOG : To   GeoLoop | 041.000
2016-12-30 04:00:29 | TEMPLOG : Table    One | 030.200
2016-12-30 04:01:29 | TEMPLOG : WellhouseOne | 077.000
2016-12-30 04:02:31 | TEMPLOG : WellhouseOne | 068.900
2016-12-30 04:02:32 | TEMPLOG : Table    One | 029.300
2016-12-30 04:03:32 | TEMPLOG : WellhouseOne | 063.500
2016-12-30 04:03:33 | TEMPLOG : Table    One | 030.200
2016-12-30 04:04:33 | TEMPLOG : WellhouseOne | 059.000
2016-12-30 04:05:34 | TEMPLOG : WellhouseOne | 055.400
2016-12-30 04:05:35 | TEMPLOG : Table    One | 029.300
2016-12-30 04:06:35 | TEMPLOG : WellhouseOne | 052.700
2016-12-30 04:07:37 | TEMPLOG : WellhouseOne | 051.800
2016-12-30 04:07:37 | TEMPLOG : To   GeoLoop | 040.100
2016-12-30 04:08:38 | TEMPLOG : WellhouseOne | 050.900
2016-12-30 04:08:39 | TEMPLOG : To   GeoLoop | 041.000
2016-12-30 04:08:39 | TEMPLOG : Table    One | 030.200
2016-12-30 04:09:40 | TEMPLOG : WellhouseOne | 050.000
2016-12-30 04:10:41 | TEMPLOG : WellhouseOne | 049.100
2016-12-30 04:11:43 | TEMPLOG : WellhouseOne | 048.200
2016-12-30 04:12:44 | TEMPLOG : WellhouseOne | 047.300
2016-12-30 04:14:46 | TEMPLOG : WellhouseOne | 046.400
2016-12-30 04:15:47 | TEMPLOG : WellhouseOne | 045.500
2016-12-30 04:17:49 | TEMPLOG : Bio   Filter | 031.100
2016-12-30 04:18:50 | TEMPLOG : WellhouseOne | 044.600
2016-12-30 04:19:51 | TEMPLOG : Bio   Filter | 030.200
2016-12-30 04:21:53 | TEMPLOG : WellhouseOne | 043.700
2016-12-30 04:23:55 | TEMPLOG : WellhouseOne | 097.700
2016-12-30 04:24:56 | TEMPLOG : WellhouseOne | 121.100
2016-12-30 04:25:58 | TEMPLOG : WellhouseOne | 131.900
2016-12-30 04:26:59 | TEMPLOG : WellhouseOne | 115.700
2016-12-30 04:28:00 | TEMPLOG : WellhouseOne | 086.000
2016-12-30 04:29:02 | TEMPLOG : WellhouseOne | 073.400
2016-12-30 04:29:02 | TEMPLOG : Bio   Filter | 031.100
2016-12-30 04:30:03 | TEMPLOG : WellhouseOne | 064.400
2016-12-30 04:31:05 | TEMPLOG : WellhouseOne | 060.800
2016-12-30 04:31:06 | TEMPLOG : Table    One | 031.100
2016-12-30 04:32:06 | TEMPLOG : WellhouseOne | 057.200
2016-12-30 04:33:07 | TEMPLOG : WellhouseOne | 054.500
2016-12-30 04:34:09 | TEMPLOG : WellhouseOne | 053.600
2016-12-30 04:35:11 | TEMPLOG : WellhouseOne | 051.800
2016-12-30 04:36:11 | TEMPLOG : WellhouseOne | 050.900
2016-12-30 04:37:12 | TEMPLOG : WellhouseOne | 050.000
2016-12-30 04:38:14 | TEMPLOG : WellhouseOne | 049.100
2016-12-30 04:39:15 | TEMPLOG : WellhouseOne | 048.200
2016-12-30 04:41:17 | TEMPLOG : WellhouseOne | 047.300
2016-12-30 04:43:20 | TEMPLOG : WellhouseOne | 046.400
2016-12-30 04:45:23 | TEMPLOG : WellhouseOne | 045.500
2016-12-30 04:47:26 | TEMPLOG : WellhouseOne | 044.600
2016-12-30 04:50:29 | TEMPLOG : WellhouseOne | 043.700
2016-12-30 04:51:31 | TEMPLOG : WellhouseOne | 077.900
2016-12-30 04:52:32 | TEMPLOG : WellhouseOne | 105.800
2016-12-30 04:53:34 | TEMPLOG : WellhouseOne | 118.400
2016-12-30 04:54:35 | TEMPLOG : WellhouseOne | 125.600
2016-12-30 04:55:37 | TEMPLOG : WellhouseOne | 131.000
2016-12-30 04:56:38 | TEMPLOG : WellhouseOne | 091.400
2016-12-30 04:57:39 | TEMPLOG : WellhouseOne | 078.800
2016-12-30 04:58:40 | TEMPLOG : WellhouseOne | 069.800
2016-12-30 04:59:41 | TEMPLOG : WellhouseOne | 064.400
2016-12-30 05:00:42 | TEMPLOG : WellhouseOne | 059.900
2016-12-30 05:00:43 | TEMPLOG : To   GeoLoop | 041.000
2016-12-30 05:01:44 | TEMPLOG : WellhouseOne | 057.200
2016-12-30 05:02:46 | TEMPLOG : WellhouseOne | 054.500
2016-12-30 05:03:47 | TEMPLOG : WellhouseOne | 052.700
2016-12-30 05:04:48 | TEMPLOG : WellhouseOne | 050.900
2016-12-30 05:05:49 | TEMPLOG : WellhouseOne | 050.000
2016-12-30 05:06:50 | TEMPLOG : WellhouseOne | 049.100
2016-12-30 05:07:51 | TEMPLOG : WellhouseOne | 048.200
2016-12-30 05:09:54 | TEMPLOG : WellhouseOne | 047.300
2016-12-30 05:10:55 | TEMPLOG : WellhouseOne | 046.400
2016-12-30 05:14:01 | TEMPLOG : WellhouseOne | 045.500
2016-12-30 05:19:08 | TEMPLOG : WellhouseOne | 044.600
2016-12-30 05:20:09 | TEMPLOG : WellhouseOne | 045.500
2016-12-30 05:21:11 | TEMPLOG : WellhouseOne | 104.900
2016-12-30 05:22:13 | TEMPLOG : WellhouseOne | 122.000
2016-12-30 05:23:14 | TEMPLOG : WellhouseOne | 131.900
2016-12-30 05:24:16 | TEMPLOG : WellhouseOne | 110.300
2016-12-30 05:25:16 | TEMPLOG : WellhouseOne | 085.100
2016-12-30 05:26:18 | TEMPLOG : WellhouseOne | 075.200
2016-12-30 05:27:19 | TEMPLOG : WellhouseOne | 067.100
2016-12-30 05:28:20 | TEMPLOG : WellhouseOne | 062.600
2016-12-30 05:29:22 | TEMPLOG : WellhouseOne | 058.100
2016-12-30 05:30:23 | TEMPLOG : WellhouseOne | 055.400
2016-12-30 05:31:24 | TEMPLOG : WellhouseOne | 053.600
2016-12-30 05:32:27 | TEMPLOG : WellhouseOne | 051.800
2016-12-30 05:33:29 | TEMPLOG : WellhouseOne | 050.900
2016-12-30 05:34:31 | TEMPLOG : WellhouseOne | 050.000
2016-12-30 05:35:32 | TEMPLOG : WellhouseOne | 049.100
2016-12-30 05:36:35 | TEMPLOG : WellhouseOne | 048.200
2016-12-30 05:38:38 | TEMPLOG : WellhouseOne | 047.300
2016-12-30 05:39:39 | TEMPLOG : WellhouseOne | 046.400
2016-12-30 05:41:43 | TEMPLOG : WellhouseOne | 045.500
2016-12-30 05:47:50 | TEMPLOG : WellhouseOne | 044.600
2016-12-30 05:48:52 | TEMPLOG : WellhouseOne | 084.200
2016-12-30 05:49:53 | TEMPLOG : WellhouseOne | 114.800
2016-12-30 05:50:53 | TEMPLOG : WellhouseOne | 125.600
2016-12-30 05:51:54 | TEMPLOG : WellhouseOne | 131.900
2016-12-30 05:52:55 | TEMPLOG : WellhouseOne | 114.800
2016-12-30 05:53:56 | TEMPLOG : WellhouseOne | 088.700
2016-12-30 05:54:57 | TEMPLOG : WellhouseOne | 077.000
2016-12-30 05:55:58 | TEMPLOG : WellhouseOne | 068.900
2016-12-30 05:56:59 | TEMPLOG : WellhouseOne | 065.300
2016-12-30 05:58:01 | TEMPLOG : WellhouseOne | 060.800
2016-12-30 05:59:02 | TEMPLOG : WellhouseOne | 057.200
2016-12-30 06:00:03 | TEMPLOG : WellhouseOne | 055.400
2016-12-30 06:00:03 | TEMPLOG : Bio   Filter | 031.100
2016-12-30 06:00:04 | TEMPLOG : To   GeoLoop | 041.000
2016-12-30 06:00:04 | TEMPLOG : Table    One | 031.100
2016-12-30 06:01:04 | TEMPLOG : WellhouseOne | 054.500
2016-12-30 06:02:05 | TEMPLOG : WellhouseOne | 052.700
2016-12-30 06:03:07 | TEMPLOG : WellhouseOne | 051.800
2016-12-30 06:04:08 | TEMPLOG : WellhouseOne | 050.900
2016-12-30 06:05:09 | TEMPLOG : WellhouseOne | 050.000
2016-12-30 06:06:12 | TEMPLOG : WellhouseOne | 049.100
2016-12-30 06:08:14 | TEMPLOG : WellhouseOne | 048.200
2016-12-30 06:10:18 | TEMPLOG : WellhouseOne | 047.300
2016-12-30 06:12:20 | TEMPLOG : WellhouseOne | 046.400
2016-12-30 06:17:24 | TEMPLOG : WellhouseOne | 045.500
2016-12-30 06:18:25 | TEMPLOG : WellhouseOne | 057.200
2016-12-30 06:19:26 | TEMPLOG : WellhouseOne | 107.600
2016-12-30 06:20:28 | TEMPLOG : WellhouseOne | 124.700
2016-12-30 06:21:29 | TEMPLOG : WellhouseOne | 132.800
2016-12-30 06:22:30 | TEMPLOG : WellhouseOne | 105.800
2016-12-30 06:23:31 | TEMPLOG : WellhouseOne | 086.000
2016-12-30 06:24:32 | TEMPLOG : WellhouseOne | 075.200
2016-12-30 06:25:32 | TEMPLOG : WellhouseOne | 067.100
2016-12-30 06:26:34 | TEMPLOG : WellhouseOne | 062.600
2016-12-30 06:27:36 | TEMPLOG : WellhouseOne | 059.000
2016-12-30 06:28:37 | TEMPLOG : WellhouseOne | 056.300
2016-12-30 06:29:38 | TEMPLOG : WellhouseOne | 054.500
2016-12-30 06:30:40 | TEMPLOG : WellhouseOne | 052.700
2016-12-30 06:31:42 | TEMPLOG : WellhouseOne | 051.800
2016-12-30 06:32:44 | TEMPLOG : WellhouseOne | 050.900
2016-12-30 06:33:46 | TEMPLOG : WellhouseOne | 050.000
2016-12-30 06:34:48 | TEMPLOG : WellhouseOne | 049.100
2016-12-30 06:35:50 | TEMPLOG : WellhouseOne | 048.200
2016-12-30 06:37:54 | TEMPLOG : WellhouseOne | 047.300
2016-12-30 06:39:59 | TEMPLOG : WellhouseOne | 046.400
2016-12-30 06:42:04 | TEMPLOG : To   GeoLoop | 040.100
2016-12-30 06:43:06 | TEMPLOG : To   GeoLoop | 041.000
2016-12-30 06:44:07 | TEMPLOG : WellhouseOne | 045.500
2016-12-30 06:44:08 | TEMPLOG : To   GeoLoop | 040.100
2016-12-30 06:47:15 | TEMPLOG : WellhouseOne | 047.300
2016-12-30 06:48:17 | TEMPLOG : WellhouseOne | 105.800
2016-12-30 06:49:19 | TEMPLOG : WellhouseOne | 122.900
2016-12-30 06:50:20 | TEMPLOG : WellhouseOne | 131.900
2016-12-30 06:51:22 | TEMPLOG : WellhouseOne | 111.200
2016-12-30 06:52:25 | TEMPLOG : WellhouseOne | 086.000
2016-12-30 06:53:28 | TEMPLOG : WellhouseOne | 076.100
2016-12-30 06:54:29 | TEMPLOG : WellhouseOne | 068.900
2016-12-30 06:55:30 | TEMPLOG : WellhouseOne | 064.400
2016-12-30 06:56:31 | TEMPLOG : WellhouseOne | 059.900
2016-12-30 06:57:33 | TEMPLOG : WellhouseOne | 057.200
2016-12-30 06:58:34 | TEMPLOG : WellhouseOne | 055.400
2016-12-30 06:59:38 | TEMPLOG : WellhouseOne | 053.600
2016-12-30 07:00:40 | TEMPLOG : WellhouseOne | 052.700
2016-12-30 07:00:42 | TEMPLOG : Bio   Filter | 031.100
2016-12-30 07:00:42 | TEMPLOG : To   GeoLoop | 040.100
2016-12-30 07:00:42 | TEMPLOG : Table    One | 031.100
2016-12-30 07:01:43 | TEMPLOG : WellhouseOne | 050.900
2016-12-30 07:02:44 | TEMPLOG : WellhouseOne | 050.000
2016-12-30 07:04:48 | TEMPLOG : WellhouseOne | 049.100
2016-12-30 07:06:53 | TEMPLOG : WellhouseOne | 048.200
2016-12-30 07:07:55 | TEMPLOG : WellhouseOne | 047.300
2016-12-30 07:09:00 | TEMPLOG : To   GeoLoop | 041.000
2016-12-30 07:10:01 | TEMPLOG : To   GeoLoop | 040.100
2016-12-30 07:12:04 | TEMPLOG : WellhouseOne | 046.400
2016-12-30 07:13:07 | TEMPLOG : To   GeoLoop | 041.000
2016-12-30 07:14:09 | TEMPLOG : To   GeoLoop | 040.100
2016-12-30 07:15:10 | TEMPLOG : WellhouseOne | 045.500
2016-12-30 07:15:10 | TEMPLOG : To   GeoLoop | 041.000
2016-12-30 07:17:14 | TEMPLOG : WellhouseOne | 095.000
2016-12-30 07:17:15 | TEMPLOG : To   GeoLoop | 040.100
2016-12-30 07:18:16 | TEMPLOG : WellhouseOne | 113.000
2016-12-30 07:18:16 | TEMPLOG : To   GeoLoop | 041.000
2016-12-30 07:19:17 | TEMPLOG : WellhouseOne | 128.300
2016-12-30 07:20:20 | TEMPLOG : WellhouseOne | 132.800
2016-12-30 07:21:22 | TEMPLOG : WellhouseOne | 095.000
2016-12-30 07:22:24 | TEMPLOG : WellhouseOne | 079.700
2016-12-30 07:22:25 | TEMPLOG : To   GeoLoop | 040.100
2016-12-30 07:23:27 | TEMPLOG : WellhouseOne | 069.800
2016-12-30 07:23:28 | TEMPLOG : To   GeoLoop | 041.000
2016-12-30 07:24:30 | TEMPLOG : WellhouseOne | 063.500
2016-12-30 07:25:34 | TEMPLOG : WellhouseOne | 059.900
2016-12-30 07:26:34 | TEMPLOG : WellhouseOne | 057.200
2016-12-30 07:27:37 | TEMPLOG : WellhouseOne | 055.400
2016-12-30 07:28:39 | TEMPLOG : WellhouseOne | 053.600
2016-12-30 07:29:42 | TEMPLOG : WellhouseOne | 052.700
2016-12-30 07:30:44 | TEMPLOG : WellhouseOne | 051.800
2016-12-30 07:31:47 | TEMPLOG : WellhouseOne | 050.900
2016-12-30 07:31:47 | TEMPLOG : Bio   Filter | 032.900
2016-12-30 07:31:47 | TEMPLOG : Table    One | 032.900
2016-12-30 07:32:48 | TEMPLOG : WellhouseOne | 050.000
2016-12-30 07:34:54 | TEMPLOG : WellhouseOne | 049.100
2016-12-30 07:35:57 | TEMPLOG : Bio   Filter | 033.800
2016-12-30 07:35:58 | TEMPLOG : Table    One | 033.800
2016-12-30 07:36:58 | TEMPLOG : WellhouseOne | 048.200
2016-12-30 07:39:01 | TEMPLOG : WellhouseOne | 047.300
2016-12-30 07:40:06 | TEMPLOG : Table    One | 034.700
2016-12-30 07:41:06 | TEMPLOG : Bio   Filter | 034.700
2016-12-30 07:42:07 | TEMPLOG : WellhouseOne | 046.400
2016-12-30 07:43:09 | TEMPLOG : Table    One | 035.600
2016-12-30 07:44:10 | TEMPLOG : WellhouseOne | 045.500
2016-12-30 07:45:13 | TEMPLOG : Bio   Filter | 035.600
2016-12-30 07:45:14 | TEMPLOG : Table    One | 036.500
2016-12-30 07:47:17 | TEMPLOG : WellhouseOne | 090.500
2016-12-30 07:47:17 | TEMPLOG : Bio   Filter | 036.500
2016-12-30 07:47:18 | TEMPLOG : To   GeoLoop | 041.900
2016-12-30 07:48:18 | TEMPLOG : WellhouseOne | 119.300
2016-12-30 07:48:20 | TEMPLOG : Table    One | 037.400
2016-12-30 07:49:21 | TEMPLOG : WellhouseOne | 131.000
2016-12-30 07:49:21 | TEMPLOG : Bio   Filter | 037.400
2016-12-30 07:50:22 | TEMPLOG : WellhouseOne | 096.800
2016-12-30 07:50:23 | TEMPLOG : Table    One | 038.300
2016-12-30 07:51:24 | TEMPLOG : WellhouseOne | 078.800
2016-12-30 07:52:27 | TEMPLOG : WellhouseOne | 068.900
2016-12-30 07:52:27 | TEMPLOG : Bio   Filter | 038.300
2016-12-30 07:52:28 | TEMPLOG : Table    One | 039.200
2016-12-30 07:53:29 | TEMPLOG : WellhouseOne | 063.500
2016-12-30 07:54:31 | TEMPLOG : WellhouseOne | 059.900
2016-12-30 07:55:33 | TEMPLOG : WellhouseOne | 057.200
2016-12-30 07:55:33 | TEMPLOG : Bio   Filter | 039.200
2016-12-30 07:56:34 | TEMPLOG : WellhouseOne | 055.400
2016-12-30 07:56:34 | TEMPLOG : Bio   Filter | 038.300
2016-12-30 07:57:35 | TEMPLOG : WellhouseOne | 053.600
2016-12-30 07:57:36 | TEMPLOG : Table    One | 040.100
2016-12-30 07:58:36 | TEMPLOG : WellhouseOne | 052.700
2016-12-30 07:58:37 | TEMPLOG : Bio   Filter | 039.200
2016-12-30 07:59:37 | TEMPLOG : WellhouseOne | 051.800
2016-12-30 07:59:38 | TEMPLOG : Table    One | 041.000
2016-12-30 08:00:39 | TEMPLOG : WellhouseOne | 051.800
2016-12-30 08:00:39 | TEMPLOG : Bio   Filter | 040.100
2016-12-30 08:00:39 | TEMPLOG : To   GeoLoop | 041.900
2016-12-30 08:00:40 | TEMPLOG : Table    One | 041.900
2016-12-30 08:01:40 | TEMPLOG : WellhouseOne | 050.900
2016-12-30 08:01:42 | TEMPLOG : Table    One | 042.800
2016-12-30 08:02:42 | TEMPLOG : Bio   Filter | 041.000
2016-12-30 08:03:43 | TEMPLOG : WellhouseOne | 050.000
2016-12-30 08:03:44 | TEMPLOG : Table    One | 043.700
2016-12-30 08:04:45 | TEMPLOG : Table    One | 044.600
2016-12-30 08:05:45 | TEMPLOG : WellhouseOne | 049.100
2016-12-30 08:06:47 | TEMPLOG : Bio   Filter | 041.900
2016-12-30 08:06:47 | TEMPLOG : To   GeoLoop | 042.800
2016-12-30 08:06:48 | TEMPLOG : Table    One | 045.500
2016-12-30 08:07:48 | TEMPLOG : Bio   Filter | 042.800
2016-12-30 08:08:49 | TEMPLOG : WellhouseOne | 048.200
2016-12-30 08:08:49 | TEMPLOG : Table    One | 046.400
2016-12-30 08:09:50 | TEMPLOG : Bio   Filter | 043.700
2016-12-30 08:10:51 | TEMPLOG : Bio   Filter | 044.600
2016-12-30 08:10:52 | TEMPLOG : Table    One | 047.300
2016-12-30 08:11:53 | TEMPLOG : Bio   Filter | 045.500
2016-12-30 08:11:53 | TEMPLOG : Table    One | 048.200
2016-12-30 08:12:53 | TEMPLOG : WellhouseOne | 047.300
2016-12-30 08:12:54 | TEMPLOG : Bio   Filter | 046.400
2016-12-30 08:12:54 | TEMPLOG : Table    One | 049.100
2016-12-30 08:13:55 | TEMPLOG : Bio   Filter | 048.200
2016-12-30 08:14:56 | TEMPLOG : Bio   Filter | 049.100
2016-12-30 08:14:57 | TEMPLOG : Table    One | 050.000
2016-12-30 08:15:57 | TEMPLOG : Bio   Filter | 050.900
2016-12-30 08:15:58 | TEMPLOG : Table    One | 050.900
2016-12-30 08:16:58 | TEMPLOG : WellhouseOne | 070.700
2016-12-30 08:16:58 | TEMPLOG : Bio   Filter | 051.800
2016-12-30 08:17:59 | TEMPLOG : WellhouseOne | 112.100
2016-12-30 08:18:00 | TEMPLOG : Table    One | 050.000
2016-12-30 08:19:00 | TEMPLOG : WellhouseOne | 126.500
2016-12-30 08:19:00 | TEMPLOG : Bio   Filter | 050.900
2016-12-30 08:20:01 | TEMPLOG : WellhouseOne | 096.800
2016-12-30 08:20:02 | TEMPLOG : Table    One | 049.100
2016-12-30 08:21:02 | TEMPLOG : WellhouseOne | 080.600
2016-12-30 08:21:02 | TEMPLOG : Bio   Filter | 050.000
2016-12-30 08:21:02 | TEMPLOG : Table    One | 048.200
2016-12-30 08:22:03 | TEMPLOG : WellhouseOne | 072.500
2016-12-30 08:23:04 | TEMPLOG : WellhouseOne | 067.100
2016-12-30 08:23:04 | TEMPLOG : Bio   Filter | 049.100
2016-12-30 08:23:05 | TEMPLOG : Table    One | 047.300
2016-12-30 08:24:05 | TEMPLOG : WellhouseOne | 062.600
2016-12-30 08:24:07 | TEMPLOG : Bio   Filter | 048.200
2016-12-30 08:24:08 | TEMPLOG : Table    One | 046.400
2016-12-30 08:25:08 | TEMPLOG : WellhouseOne | 059.900
2016-12-30 08:25:09 | TEMPLOG : Bio   Filter | 047.300
2016-12-30 08:26:09 | TEMPLOG : WellhouseOne | 058.100
2016-12-30 08:26:10 | TEMPLOG : Bio   Filter | 046.400
2016-12-30 08:26:11 | TEMPLOG : Table    One | 045.500
2016-12-30 08:27:11 | TEMPLOG : WellhouseOne | 055.400
2016-12-30 08:28:12 | TEMPLOG : WellhouseOne | 054.500
2016-12-30 08:29:13 | TEMPLOG : WellhouseOne | 053.600
2016-12-30 08:30:14 | TEMPLOG : WellhouseOne | 052.700
2016-12-30 08:31:15 | TEMPLOG : WellhouseOne | 051.800
2016-12-30 08:32:17 | TEMPLOG : Bio   Filter | 047.300
2016-12-30 08:33:17 | TEMPLOG : WellhouseOne | 050.900
2016-12-30 08:35:20 | TEMPLOG : WellhouseOne | 050.000
2016-12-30 08:37:24 | TEMPLOG : Bio   Filter | 048.200
2016-12-30 08:37:24 | TEMPLOG : To   GeoLoop | 043.700
2016-12-30 08:38:25 | TEMPLOG : Bio   Filter | 049.100
2016-12-30 08:39:26 | TEMPLOG : WellhouseOne | 049.100
2016-12-30 08:39:27 | TEMPLOG : Bio   Filter | 050.000
2016-12-30 08:41:29 | TEMPLOG : Bio   Filter | 050.900
2016-12-30 08:42:30 | TEMPLOG : Bio   Filter | 050.000
2016-12-30 08:43:31 | TEMPLOG : WellhouseOne | 048.200
2016-12-30 08:45:34 | TEMPLOG : Bio   Filter | 049.100
2016-12-30 08:47:37 | TEMPLOG : WellhouseOne | 062.600
2016-12-30 08:48:38 | TEMPLOG : WellhouseOne | 114.800
2016-12-30 08:49:39 | TEMPLOG : WellhouseOne | 131.900
2016-12-30 08:50:39 | TEMPLOG : WellhouseOne | 091.400
2016-12-30 08:51:40 | TEMPLOG : WellhouseOne | 077.900
2016-12-30 08:51:40 | TEMPLOG : Bio   Filter | 048.200
2016-12-30 08:52:41 | TEMPLOG : WellhouseOne | 070.700
2016-12-30 08:53:43 | TEMPLOG : WellhouseOne | 065.300
2016-12-30 08:54:44 | TEMPLOG : WellhouseOne | 062.600
2016-12-30 08:55:46 | TEMPLOG : WellhouseOne | 059.900
2016-12-30 08:56:47 | TEMPLOG : WellhouseOne | 058.100
2016-12-30 08:57:48 | TEMPLOG : WellhouseOne | 056.300
2016-12-30 08:57:48 | TEMPLOG : Bio   Filter | 047.300
2016-12-30 08:58:49 | TEMPLOG : WellhouseOne | 055.400
2016-12-30 08:59:51 | TEMPLOG : WellhouseOne | 054.500
2016-12-30 09:00:53 | TEMPLOG : WellhouseOne | 054.500
2016-12-30 09:00:54 | TEMPLOG : Bio   Filter | 047.300
2016-12-30 09:00:54 | TEMPLOG : To   GeoLoop | 044.600
2016-12-30 09:00:54 | TEMPLOG : Table    One | 045.500
2016-12-30 09:01:54 | TEMPLOG : WellhouseOne | 053.600
2016-12-30 09:01:55 | TEMPLOG : To   GeoLoop | 043.700
2016-12-30 09:03:58 | TEMPLOG : WellhouseOne | 052.700
2016-12-30 09:03:58 | TEMPLOG : Bio   Filter | 046.400
2016-12-30 09:04:59 | TEMPLOG : To   GeoLoop | 044.600
2016-12-30 09:06:00 | TEMPLOG : WellhouseOne | 051.800
2016-12-30 09:08:03 | TEMPLOG : WellhouseOne | 050.900
2016-12-30 09:10:06 | TEMPLOG : WellhouseOne | 050.000
2016-12-30 09:15:12 | TEMPLOG : Table    One | 046.400
2016-12-30 09:17:14 | TEMPLOG : WellhouseOne | 049.100
2016-12-30 09:19:16 | TEMPLOG : Bio   Filter | 047.300
2016-12-30 09:20:18 | TEMPLOG : WellhouseOne | 095.900
2016-12-30 09:21:19 | TEMPLOG : WellhouseOne | 123.800
2016-12-30 09:22:20 | TEMPLOG : WellhouseOne | 113.900
2016-12-30 09:23:21 | TEMPLOG : WellhouseOne | 089.600
2016-12-30 09:23:21 | TEMPLOG : Bio   Filter | 048.200
2016-12-30 09:23:22 | TEMPLOG : Table    One | 047.300
2016-12-30 09:24:22 | TEMPLOG : WellhouseOne | 078.800
2016-12-30 09:25:23 | TEMPLOG : WellhouseOne | 071.600
2016-12-30 09:26:24 | TEMPLOG : WellhouseOne | 067.100
2016-12-30 09:27:25 | TEMPLOG : WellhouseOne | 063.500
2016-12-30 09:28:26 | TEMPLOG : WellhouseOne | 061.700
2016-12-30 09:28:26 | TEMPLOG : Bio   Filter | 049.100
2016-12-30 09:28:27 | TEMPLOG : Table    One | 048.200
2016-12-30 09:29:27 | TEMPLOG : WellhouseOne | 059.900
2016-12-30 09:30:29 | TEMPLOG : WellhouseOne | 058.100
2016-12-30 09:31:30 | TEMPLOG : WellhouseOne | 057.200
2016-12-30 09:32:32 | TEMPLOG : WellhouseOne | 056.300
2016-12-30 09:32:32 | TEMPLOG : Bio   Filter | 050.000
2016-12-30 09:32:32 | TEMPLOG : To   GeoLoop | 045.500
2016-12-30 09:33:33 | TEMPLOG : WellhouseOne | 055.400
2016-12-30 09:33:34 | TEMPLOG : Table    One | 049.100
2016-12-30 09:34:34 | TEMPLOG : WellhouseOne | 054.500
2016-12-30 09:36:38 | TEMPLOG : WellhouseOne | 053.600
2016-12-30 09:36:38 | TEMPLOG : Bio   Filter | 050.900
2016-12-30 09:38:40 | TEMPLOG : WellhouseOne | 052.700
2016-12-30 09:39:42 | TEMPLOG : Table    One | 050.000
2016-12-30 09:40:42 | TEMPLOG : WellhouseOne | 051.800
2016-12-30 09:40:42 | TEMPLOG : Bio   Filter | 050.000
2016-12-30 09:41:44 | TEMPLOG : Bio   Filter | 050.900
2016-12-30 09:42:45 | TEMPLOG : Bio   Filter | 050.000
2016-12-30 09:43:46 | TEMPLOG : Bio   Filter | 050.900
2016-12-30 09:44:48 | TEMPLOG : WellhouseOne | 050.900
2016-12-30 09:46:51 | TEMPLOG : WellhouseOne | 049.100
2016-12-30 09:47:53 | TEMPLOG : Bio   Filter | 050.000
2016-12-30 09:50:57 | TEMPLOG : WellhouseOne | 050.000
2016-12-30 09:51:58 | TEMPLOG : WellhouseOne | 049.100
2016-12-30 09:52:59 | TEMPLOG : WellhouseOne | 097.700
2016-12-30 09:54:01 | TEMPLOG : WellhouseOne | 125.600
2016-12-30 09:54:01 | TEMPLOG : Bio   Filter | 050.900
2016-12-30 09:55:03 | TEMPLOG : WellhouseOne | 117.500
2016-12-30 09:56:04 | TEMPLOG : WellhouseOne | 090.500
2016-12-30 09:57:05 | TEMPLOG : WellhouseOne | 073.400
2016-12-30 09:57:05 | TEMPLOG : Bio   Filter | 051.800
2016-12-30 09:57:05 | TEMPLOG : Table    One | 050.900
2016-12-30 09:58:05 | TEMPLOG : WellhouseOne | 068.900
2016-12-30 09:59:07 | TEMPLOG : WellhouseOne | 064.400
2016-12-30 09:59:07 | TEMPLOG : To   GeoLoop | 046.400
2016-12-30 10:00:08 | TEMPLOG : WellhouseOne | 061.700
2016-12-30 10:00:08 | TEMPLOG : Bio   Filter | 052.700
2016-12-30 10:00:09 | TEMPLOG : To   GeoLoop | 046.400
2016-12-30 10:00:09 | TEMPLOG : Table    One | 050.900
2016-12-30 10:01:09 | TEMPLOG : WellhouseOne | 058.100
2016-12-30 10:02:11 | TEMPLOG : WellhouseOne | 057.200
2016-12-30 10:02:12 | TEMPLOG : Bio   Filter | 053.600
2016-12-30 10:02:12 | TEMPLOG : Table    One | 051.800
2016-12-30 10:03:13 | TEMPLOG : WellhouseOne | 056.300
2016-12-30 10:04:13 | TEMPLOG : WellhouseOne | 055.400
2016-12-30 10:04:14 | TEMPLOG : Table    One | 052.700
2016-12-30 10:05:14 | TEMPLOG : WellhouseOne | 053.600
2016-12-30 10:06:15 | TEMPLOG : WellhouseOne | 052.700
2016-12-30 10:06:16 | TEMPLOG : Bio   Filter | 054.500
2016-12-30 10:07:17 | TEMPLOG : WellhouseOne | 050.900
2016-12-30 10:07:17 | TEMPLOG : Bio   Filter | 053.600
2016-12-30 10:08:18 | TEMPLOG : WellhouseOne | 050.000
2016-12-30 10:09:19 | TEMPLOG : WellhouseOne | 049.100
2016-12-30 10:09:20 | TEMPLOG : Table    One | 053.600
2016-12-30 10:10:21 | TEMPLOG : Bio   Filter | 054.500
2016-12-30 10:11:23 | TEMPLOG : Table    One | 054.500
2016-12-30 10:12:24 | TEMPLOG : To   GeoLoop | 047.300
2016-12-30 10:12:24 | TEMPLOG : Table    One | 055.400
2016-12-30 10:13:25 | TEMPLOG : Bio   Filter | 055.400
2016-12-30 10:13:26 | TEMPLOG : Table    One | 056.300
2016-12-30 10:14:26 | TEMPLOG : WellhouseOne | 048.200
2016-12-30 10:14:27 | TEMPLOG : Table    One | 058.100
2016-12-30 10:15:28 | TEMPLOG : Bio   Filter | 056.300
2016-12-30 10:15:29 | TEMPLOG : Table    One | 059.000
2016-12-30 10:16:30 | TEMPLOG : Table    One | 059.900
2016-12-30 10:17:30 | TEMPLOG : WellhouseOne | 047.300
2016-12-30 10:17:31 | TEMPLOG : Bio   Filter | 057.200
2016-12-30 10:17:32 | TEMPLOG : To   GeoLoop | 048.200
2016-12-30 10:18:34 | TEMPLOG : To   GeoLoop | 047.300
2016-12-30 10:19:35 | TEMPLOG : Table    One | 060.800
2016-12-30 10:20:36 | TEMPLOG : To   GeoLoop | 048.200
2016-12-30 10:20:36 | TEMPLOG : Table    One | 061.700
2016-12-30 10:22:38 | TEMPLOG : WellhouseOne | 057.200
2016-12-30 10:22:38 | TEMPLOG : Bio   Filter | 058.100
2016-12-30 10:22:38 | TEMPLOG : Table    One | 062.600
2016-12-30 10:23:39 | TEMPLOG : WellhouseOne | 116.600
2016-12-30 10:24:41 | TEMPLOG : WellhouseOne | 131.000
2016-12-30 10:25:42 | TEMPLOG : WellhouseOne | 100.400
2016-12-30 10:25:43 | TEMPLOG : Table    One | 061.700
2016-12-30 10:26:43 | TEMPLOG : WellhouseOne | 079.700
2016-12-30 10:26:44 | TEMPLOG : Table    One | 063.500
2016-12-30 10:27:44 | TEMPLOG : WellhouseOne | 070.700
2016-12-30 10:28:45 | TEMPLOG : WellhouseOne | 064.400
2016-12-30 10:28:46 | TEMPLOG : Table    One | 064.400
2016-12-30 10:29:46 | TEMPLOG : WellhouseOne | 061.700
2016-12-30 10:29:46 | TEMPLOG : Bio   Filter | 059.000
2016-12-30 10:30:47 | TEMPLOG : WellhouseOne | 059.000
2016-12-30 10:30:47 | TEMPLOG : To   GeoLoop | 049.100
2016-12-30 10:30:48 | TEMPLOG : Table    One | 065.300
2016-12-30 10:31:48 | TEMPLOG : WellhouseOne | 057.200
2016-12-30 10:31:49 | TEMPLOG : Table    One | 066.200
2016-12-30 10:32:49 | TEMPLOG : WellhouseOne | 056.300
2016-12-30 10:32:50 | TEMPLOG : Table    One | 067.100
2016-12-30 10:33:50 | TEMPLOG : WellhouseOne | 054.500
2016-12-30 10:34:51 | TEMPLOG : WellhouseOne | 053.600
2016-12-30 10:34:52 | TEMPLOG : Table    One | 068.000
2016-12-30 10:36:54 | TEMPLOG : WellhouseOne | 052.700
2016-12-30 10:36:54 | TEMPLOG : Bio   Filter | 059.900
2016-12-30 10:36:56 | TEMPLOG : Table    One | 068.900
2016-12-30 10:37:58 | TEMPLOG : Table    One | 069.800
2016-12-30 10:38:59 | TEMPLOG : Table    One | 070.700
2016-12-30 10:39:59 | TEMPLOG : WellhouseOne | 051.800
2016-12-30 10:40:01 | TEMPLOG : Table    One | 071.600
2016-12-30 10:41:01 | TEMPLOG : Bio   Filter | 060.800
2016-12-30 10:41:01 | TEMPLOG : Table    One | 073.400
2016-12-30 10:42:03 | TEMPLOG : Table    One | 074.300
2016-12-30 10:43:03 | TEMPLOG : WellhouseOne | 050.900
2016-12-30 10:43:03 | TEMPLOG : Bio   Filter | 061.700
2016-12-30 10:43:04 | TEMPLOG : To   GeoLoop | 050.000
2016-12-30 10:43:05 | TEMPLOG : Table    One | 075.200
2016-12-30 10:44:05 | TEMPLOG : To   GeoLoop | 049.100
2016-12-30 10:44:06 | TEMPLOG : Table    One | 074.300
2016-12-30 10:45:06 | TEMPLOG : Bio   Filter | 062.600
2016-12-30 10:45:06 | TEMPLOG : Table    One | 075.200
2016-12-30 10:46:07 | TEMPLOG : To   GeoLoop | 050.000
2016-12-30 10:46:07 | TEMPLOG : Table    One | 076.100
2016-12-30 10:47:08 | TEMPLOG : Bio   Filter | 063.500
2016-12-30 10:47:09 | TEMPLOG : Table    One | 077.000
2016-12-30 10:49:10 | TEMPLOG : WellhouseOne | 050.000
2016-12-30 10:49:10 | TEMPLOG : Bio   Filter | 064.400
2016-12-30 10:50:12 | TEMPLOG : Table    One | 076.100
2016-12-30 10:51:13 | TEMPLOG : To   GeoLoop | 049.100
2016-12-30 10:51:13 | TEMPLOG : Table    One | 075.200
2016-12-30 10:52:14 | TEMPLOG : WellhouseOne | 049.100
2016-12-30 10:52:15 | TEMPLOG : Table    One | 073.400
2016-12-30 10:53:15 | TEMPLOG : Bio   Filter | 063.500
2016-12-30 10:53:16 | TEMPLOG : Table    One | 071.600
2016-12-30 10:54:16 | TEMPLOG : WellhouseOne | 068.000
2016-12-30 10:54:17 | TEMPLOG : Table    One | 070.700
2016-12-30 10:55:17 | TEMPLOG : WellhouseOne | 117.500
2016-12-30 10:55:18 | TEMPLOG : Bio   Filter | 062.600
2016-12-30 10:55:18 | TEMPLOG : To   GeoLoop | 048.200
2016-12-30 10:55:18 | TEMPLOG : Table    One | 069.800
2016-12-30 10:56:18 | TEMPLOG : WellhouseOne | 134.600
2016-12-30 10:56:20 | TEMPLOG : Table    One | 068.000
2016-12-30 10:57:21 | TEMPLOG : WellhouseOne | 100.400
2016-12-30 10:57:21 | TEMPLOG : Bio   Filter | 061.700
2016-12-30 10:57:21 | TEMPLOG : Table    One | 067.100
2016-12-30 10:58:21 | TEMPLOG : WellhouseOne | 084.200
2016-12-30 10:58:23 | TEMPLOG : Table    One | 066.200
2016-12-30 10:59:23 | TEMPLOG : WellhouseOne | 076.100
2016-12-30 10:59:23 | TEMPLOG : Bio   Filter | 060.800
2016-12-30 10:59:24 | TEMPLOG : Table    One | 065.300
2016-12-30 11:00:24 | TEMPLOG : WellhouseOne | 069.800
2016-12-30 11:00:24 | TEMPLOG : Bio   Filter | 060.800
2016-12-30 11:00:24 | TEMPLOG : To   GeoLoop | 048.200
2016-12-30 11:00:25 | TEMPLOG : Table    One | 064.400
2016-12-30 11:01:26 | TEMPLOG : WellhouseOne | 065.300
2016-12-30 11:01:26 | TEMPLOG : Table    One | 065.300
2016-12-30 11:02:27 | TEMPLOG : WellhouseOne | 062.600
2016-12-30 11:03:29 | TEMPLOG : WellhouseOne | 060.800
2016-12-30 11:03:30 | TEMPLOG : Table    One | 066.200
2016-12-30 11:04:30 | TEMPLOG : WellhouseOne | 059.000
2016-12-30 11:04:30 | TEMPLOG : Bio   Filter | 061.700
2016-12-30 11:05:31 | TEMPLOG : WellhouseOne | 058.100
2016-12-30 11:06:33 | TEMPLOG : WellhouseOne | 057.200
2016-12-30 11:06:33 | TEMPLOG : Table    One | 068.900
2016-12-30 11:07:34 | TEMPLOG : WellhouseOne | 055.400
2016-12-30 11:07:34 | TEMPLOG : Bio   Filter | 062.600
2016-12-30 11:08:35 | TEMPLOG : Table    One | 069.800
2016-12-30 11:09:36 | TEMPLOG : WellhouseOne | 054.500
2016-12-30 11:09:36 | TEMPLOG : Bio   Filter | 064.400
2016-12-30 11:09:37 | TEMPLOG : To   GeoLoop | 049.100
2016-12-30 11:09:37 | TEMPLOG : Table    One | 071.600
2016-12-30 11:10:37 | TEMPLOG : Bio   Filter | 066.200
2016-12-30 11:10:38 | TEMPLOG : Table    One | 073.400
2016-12-30 11:11:38 | TEMPLOG : Bio   Filter | 068.000
2016-12-30 11:11:39 | TEMPLOG : Table    One | 075.200
2016-12-30 11:12:39 | TEMPLOG : WellhouseOne | 053.600
2016-12-30 11:12:40 | TEMPLOG : Bio   Filter | 070.700
2016-12-30 11:12:41 | TEMPLOG : Table    One | 077.000
2016-12-30 11:13:41 | TEMPLOG : Bio   Filter | 074.300
2016-12-30 11:13:41 | TEMPLOG : To   GeoLoop | 050.000
2016-12-30 11:13:41 | TEMPLOG : Table    One | 079.700
2016-12-30 11:14:42 | TEMPLOG : Bio   Filter | 077.000
2016-12-30 11:14:43 | TEMPLOG : Table    One | 081.500
2016-12-30 11:15:43 | TEMPLOG : Bio   Filter | 079.700
2016-12-30 11:15:44 | TEMPLOG : Table    One | 083.300
2016-12-30 11:16:44 | TEMPLOG : WellhouseOne | 052.700
2016-12-30 11:16:44 | TEMPLOG : Bio   Filter | 082.400
2016-12-30 11:16:44 | TEMPLOG : Table    One | 085.100
2016-12-30 11:17:46 | TEMPLOG : Table    One | 083.300
2016-12-30 11:18:47 | TEMPLOG : Table    One | 084.200
2016-12-30 11:19:47 | TEMPLOG : Bio   Filter | 083.300
2016-12-30 11:19:47 | TEMPLOG : Table    One | 085.100
2016-12-30 11:20:48 | TEMPLOG : Bio   Filter | 085.100
2016-12-30 11:20:49 | TEMPLOG : Table    One | 086.000
2016-12-30 11:21:49 | TEMPLOG : Bio   Filter | 086.900
2016-12-30 11:21:49 | TEMPLOG : Table    One | 087.800
2016-12-30 11:22:50 | TEMPLOG : WellhouseOne | 051.800
2016-12-30 11:22:50 | TEMPLOG : Bio   Filter | 088.700
2016-12-30 11:22:50 | TEMPLOG : To   GeoLoop | 050.900
2016-12-30 11:22:51 | TEMPLOG : Table    One | 088.700
2016-12-30 11:23:51 | TEMPLOG : Bio   Filter | 089.600
2016-12-30 11:23:51 | TEMPLOG : Table    One | 089.600
2016-12-30 11:24:52 | TEMPLOG : Bio   Filter | 091.400
2016-12-30 11:24:53 | TEMPLOG : Table    One | 090.500
2016-12-30 11:25:53 | TEMPLOG : Bio   Filter | 092.300
2016-12-30 11:26:55 | TEMPLOG : Bio   Filter | 093.200
2016-12-30 11:27:56 | TEMPLOG : Bio   Filter | 094.100
2016-12-30 11:28:56 | TEMPLOG : WellhouseOne | 106.700
2016-12-30 11:28:57 | TEMPLOG : Table    One | 089.600
2016-12-30 11:29:57 | TEMPLOG : WellhouseOne | 130.100
2016-12-30 11:29:58 | TEMPLOG : Bio   Filter | 093.200
2016-12-30 11:29:58 | TEMPLOG : Table    One | 087.800
2016-12-30 11:30:59 | TEMPLOG : WellhouseOne | 093.200
2016-12-30 11:30:59 | TEMPLOG : Bio   Filter | 091.400
2016-12-30 11:31:00 | TEMPLOG : Table    One | 086.000
2016-12-30 11:32:00 | TEMPLOG : WellhouseOne | 080.600
2016-12-30 11:32:01 | TEMPLOG : Bio   Filter | 089.600
2016-12-30 11:32:02 | TEMPLOG : Table    One | 084.200
2016-12-30 11:33:02 | TEMPLOG : WellhouseOne | 073.400
2016-12-30 11:33:02 | TEMPLOG : Bio   Filter | 088.700
2016-12-30 11:33:02 | TEMPLOG : Table    One | 083.300
2016-12-30 11:34:02 | TEMPLOG : WellhouseOne | 068.900
2016-12-30 11:34:03 | TEMPLOG : Bio   Filter | 087.800
2016-12-30 11:35:05 | TEMPLOG : WellhouseOne | 065.300
2016-12-30 11:35:05 | TEMPLOG : Bio   Filter | 086.900
2016-12-30 11:35:05 | TEMPLOG : Table    One | 082.400
2016-12-30 11:36:06 | TEMPLOG : WellhouseOne | 062.600
2016-12-30 11:36:06 | TEMPLOG : Bio   Filter | 086.000
2016-12-30 11:36:07 | TEMPLOG : Table    One | 081.500
2016-12-30 11:37:07 | TEMPLOG : WellhouseOne | 061.700
2016-12-30 11:37:07 | TEMPLOG : Bio   Filter | 084.200
2016-12-30 11:37:08 | TEMPLOG : To   GeoLoop | 050.000
2016-12-30 11:37:08 | TEMPLOG : Table    One | 080.600
2016-12-30 11:38:09 | TEMPLOG : WellhouseOne | 059.900
2016-12-30 11:39:10 | TEMPLOG : WellhouseOne | 059.000
2016-12-30 11:39:11 | TEMPLOG : Bio   Filter | 083.300
2016-12-30 11:40:11 | TEMPLOG : WellhouseOne | 058.100
2016-12-30 11:40:12 | TEMPLOG : Bio   Filter | 084.200
2016-12-30 11:40:12 | TEMPLOG : Table    One | 081.500
2016-12-30 11:41:12 | TEMPLOG : WellhouseOne | 057.200
2016-12-30 11:41:13 | TEMPLOG : To   GeoLoop | 050.900
2016-12-30 11:41:13 | TEMPLOG : Table    One | 082.400
2016-12-30 11:43:14 | TEMPLOG : WellhouseOne | 056.300
2016-12-30 11:43:14 | TEMPLOG : Bio   Filter | 085.100
2016-12-30 11:43:15 | TEMPLOG : Table    One | 083.300
2016-12-30 11:44:16 | TEMPLOG : Bio   Filter | 086.000
2016-12-30 11:44:17 | TEMPLOG : Table    One | 084.200
2016-12-30 11:45:18 | TEMPLOG : WellhouseOne | 055.400
2016-12-30 11:46:19 | TEMPLOG : Table    One | 086.000
2016-12-30 11:47:20 | TEMPLOG : Bio   Filter | 086.900
2016-12-30 11:47:20 | TEMPLOG : Table    One | 087.800
2016-12-30 11:48:20 | TEMPLOG : WellhouseOne | 054.500
2016-12-30 11:49:22 | TEMPLOG : Bio   Filter | 086.000
2016-12-30 11:51:25 | TEMPLOG : Bio   Filter | 085.100
2016-12-30 11:51:25 | TEMPLOG : Table    One | 088.700
2016-12-30 11:52:25 | TEMPLOG : To   GeoLoop | 051.800
2016-12-30 11:52:26 | TEMPLOG : Table    One | 089.600
2016-12-30 11:53:27 | TEMPLOG : Table    One | 091.400
2016-12-30 11:54:27 | TEMPLOG : WellhouseOne | 053.600
2016-12-30 11:54:28 | TEMPLOG : Table    One | 092.300
2016-12-30 11:56:29 | TEMPLOG : Bio   Filter | 086.000
2016-12-30 11:56:30 | TEMPLOG : Table    One | 093.200
2016-12-30 11:59:33 | TEMPLOG : Bio   Filter | 086.900
2016-12-30 12:00:36 | TEMPLOG : WellhouseOne | 053.600
2016-12-30 12:00:36 | TEMPLOG : Bio   Filter | 087.800
2016-12-30 12:00:36 | TEMPLOG : To   GeoLoop | 051.800
2016-12-30 12:00:36 | TEMPLOG : Table    One | 094.100
2016-12-30 12:02:37 | TEMPLOG : Bio   Filter | 088.700
2016-12-30 12:03:39 | TEMPLOG : WellhouseOne | 052.700
2016-12-30 12:03:39 | TEMPLOG : Bio   Filter | 089.600
2016-12-30 12:04:40 | TEMPLOG : WellhouseOne | 106.700
2016-12-30 12:04:40 | TEMPLOG : Bio   Filter | 090.500
2016-12-30 12:05:41 | TEMPLOG : WellhouseOne | 131.900
2016-12-30 12:05:42 | TEMPLOG : Bio   Filter | 092.300
2016-12-30 12:05:43 | TEMPLOG : Table    One | 095.000
2016-12-30 12:06:43 | TEMPLOG : WellhouseOne | 094.100
2016-12-30 12:06:43 | TEMPLOG : Bio   Filter | 093.200
2016-12-30 12:07:44 | TEMPLOG : WellhouseOne | 080.600
2016-12-30 12:07:44 | TEMPLOG : Bio   Filter | 094.100
2016-12-30 12:08:45 | TEMPLOG : WellhouseOne | 074.300
2016-12-30 12:08:45 | TEMPLOG : Bio   Filter | 095.000
2016-12-30 12:09:46 | TEMPLOG : WellhouseOne | 069.800
2016-12-30 12:09:47 | TEMPLOG : Bio   Filter | 095.900
2016-12-30 12:09:47 | TEMPLOG : Table    One | 095.900
2016-12-30 12:10:48 | TEMPLOG : WellhouseOne | 067.100
2016-12-30 12:10:49 | TEMPLOG : Table    One | 095.000
2016-12-30 12:11:49 | TEMPLOG : WellhouseOne | 065.300
2016-12-30 12:11:50 | TEMPLOG : To   GeoLoop | 052.700
2016-12-30 12:12:50 | TEMPLOG : WellhouseOne | 063.500
2016-12-30 12:12:50 | TEMPLOG : Bio   Filter | 095.000
2016-12-30 12:12:51 | TEMPLOG : To   GeoLoop | 051.800
2016-12-30 12:12:51 | TEMPLOG : Table    One | 094.100
2016-12-30 12:13:51 | TEMPLOG : WellhouseOne | 062.600
2016-12-30 12:13:51 | TEMPLOG : Bio   Filter | 094.100
2016-12-30 12:13:52 | TEMPLOG : Table    One | 093.200
2016-12-30 12:14:52 | TEMPLOG : WellhouseOne | 061.700
2016-12-30 12:14:52 | TEMPLOG : Bio   Filter | 095.000
2016-12-30 12:14:52 | TEMPLOG : Table    One | 094.100
2016-12-30 12:15:53 | TEMPLOG : WellhouseOne | 060.800
2016-12-30 12:15:54 | TEMPLOG : Table    One | 095.000
2016-12-30 12:16:54 | TEMPLOG : WellhouseOne | 059.900
2016-12-30 12:16:54 | TEMPLOG : Bio   Filter | 095.900
2016-12-30 12:16:55 | TEMPLOG : Table    One | 095.900
2016-12-30 12:17:55 | TEMPLOG : WellhouseOne | 059.000
2016-12-30 12:17:56 | TEMPLOG : To   GeoLoop | 052.700
2016-12-30 12:18:57 | TEMPLOG : Bio   Filter | 096.800
2016-12-30 12:20:58 | TEMPLOG : WellhouseOne | 058.100
2016-12-30 12:21:00 | TEMPLOG : Table    One | 096.800
2016-12-30 12:23:02 | TEMPLOG : WellhouseOne | 057.200
2016-12-30 12:23:02 | TEMPLOG : Bio   Filter | 097.700
2016-12-30 12:24:05 | TEMPLOG : WellhouseOne | 058.100
2016-12-30 12:24:05 | TEMPLOG : Table    One | 097.700
2016-12-30 12:25:06 | TEMPLOG : WellhouseOne | 057.200
2016-12-30 12:25:07 | TEMPLOG : Table    One | 096.800
2016-12-30 12:26:09 | TEMPLOG : Table    One | 095.900
2016-12-30 12:27:09 | TEMPLOG : Bio   Filter | 096.800
2016-12-30 12:27:09 | TEMPLOG : To   GeoLoop | 053.600
2016-12-30 12:28:11 | TEMPLOG : To   GeoLoop | 052.700
2016-12-30 12:30:13 | TEMPLOG : To   GeoLoop | 053.600
2016-12-30 12:31:15 | TEMPLOG : Table    One | 095.000
2016-12-30 12:32:15 | TEMPLOG : Bio   Filter | 095.900
2016-12-30 12:32:16 | TEMPLOG : Table    One | 095.900
2016-12-30 12:33:17 | TEMPLOG : Bio   Filter | 095.000
2016-12-30 12:33:17 | TEMPLOG : Table    One | 093.200
2016-12-30 12:34:18 | TEMPLOG : Bio   Filter | 093.200
2016-12-30 12:34:18 | TEMPLOG : Table    One | 092.300
2016-12-30 12:35:18 | TEMPLOG : WellhouseOne | 056.300
2016-12-30 12:36:20 | TEMPLOG : Bio   Filter | 095.000
2016-12-30 12:36:21 | TEMPLOG : Table    One | 095.000
2016-12-30 12:37:22 | TEMPLOG : Bio   Filter | 095.900
2016-12-30 12:38:23 | TEMPLOG : Bio   Filter | 094.100
2016-12-30 12:38:25 | TEMPLOG : Table    One | 092.300
2016-12-30 12:39:25 | TEMPLOG : Bio   Filter | 093.200
2016-12-30 12:39:26 | TEMPLOG : Table    One | 091.400
2016-12-30 12:40:26 | TEMPLOG : Bio   Filter | 092.300
2016-12-30 12:41:28 | TEMPLOG : Bio   Filter | 093.200
2016-12-30 12:43:32 | TEMPLOG : Bio   Filter | 092.300
2016-12-30 12:43:33 | TEMPLOG : Table    One | 092.300
2016-12-30 12:44:33 | TEMPLOG : Bio   Filter | 094.100
2016-12-30 12:44:33 | TEMPLOG : To   GeoLoop | 054.500
2016-12-30 12:44:34 | TEMPLOG : Table    One | 094.100
2016-12-30 12:45:34 | TEMPLOG : WellhouseOne | 060.800
2016-12-30 12:45:35 | TEMPLOG : Table    One | 095.000
2016-12-30 12:46:35 | TEMPLOG : WellhouseOne | 122.000
2016-12-30 12:46:37 | TEMPLOG : Table    One | 094.100
2016-12-30 12:47:37 | TEMPLOG : WellhouseOne | 104.000
2016-12-30 12:47:37 | TEMPLOG : Bio   Filter | 093.200
2016-12-30 12:47:38 | TEMPLOG : Table    One | 093.200
2016-12-30 12:48:38 | TEMPLOG : WellhouseOne | 086.000
2016-12-30 12:48:39 | TEMPLOG : Bio   Filter | 092.300
2016-12-30 12:48:39 | TEMPLOG : To   GeoLoop | 055.400
2016-12-30 12:49:39 | TEMPLOG : WellhouseOne | 077.900
2016-12-30 12:49:40 | TEMPLOG : Table    One | 092.300
2016-12-30 12:50:40 | TEMPLOG : WellhouseOne | 073.400
2016-12-30 12:50:40 | TEMPLOG : Bio   Filter | 090.500
2016-12-30 12:50:40 | TEMPLOG : To   GeoLoop | 054.500
2016-12-30 12:50:41 | TEMPLOG : Table    One | 089.600
2016-12-30 12:51:41 | TEMPLOG : WellhouseOne | 069.800
2016-12-30 12:51:41 | TEMPLOG : Table    One | 091.400
2016-12-30 12:52:41 | TEMPLOG : WellhouseOne | 068.000
2016-12-30 12:52:42 | TEMPLOG : Bio   Filter | 092.300
2016-12-30 12:52:42 | TEMPLOG : To   GeoLoop | 055.400
2016-12-30 12:52:42 | TEMPLOG : Table    One | 092.300
2016-12-30 12:53:42 | TEMPLOG : WellhouseOne | 065.300
2016-12-30 12:54:44 | TEMPLOG : WellhouseOne | 064.400
2016-12-30 12:54:45 | TEMPLOG : Table    One | 093.200
2016-12-30 12:55:45 | TEMPLOG : WellhouseOne | 063.500
2016-12-30 12:55:45 | TEMPLOG : Bio   Filter | 093.200
2016-12-30 12:56:46 | TEMPLOG : WellhouseOne | 062.600
2016-12-30 12:57:47 | TEMPLOG : WellhouseOne | 061.700
2016-12-30 12:57:48 | TEMPLOG : Bio   Filter | 094.100
2016-12-30 12:57:48 | TEMPLOG : To   GeoLoop | 056.300
2016-12-30 12:57:48 | TEMPLOG : Table    One | 094.100
2016-12-30 12:58:49 | TEMPLOG : Table    One | 093.200
2016-12-30 12:59:50 | TEMPLOG : WellhouseOne | 060.800
2016-12-30 12:59:51 | TEMPLOG : Table    One | 092.300
2016-12-30 13:00:51 | TEMPLOG : WellhouseOne | 060.800
2016-12-30 13:00:52 | TEMPLOG : Bio   Filter | 093.200
2016-12-30 13:00:52 | TEMPLOG : To   GeoLoop | 055.400
2016-12-30 13:00:52 | TEMPLOG : Table    One | 091.400
2016-12-30 13:01:53 | TEMPLOG : Table    One | 092.300
2016-12-30 13:02:54 | TEMPLOG : WellhouseOne | 059.900
2016-12-30 13:02:54 | TEMPLOG : Bio   Filter | 094.100
2016-12-30 13:02:54 | TEMPLOG : To   GeoLoop | 056.300
2016-12-30 13:02:54 | TEMPLOG : Table    One | 093.200
2016-12-30 13:05:57 | TEMPLOG : WellhouseOne | 059.000
2016-12-30 13:08:00 | TEMPLOG : Bio   Filter | 092.300
2016-12-30 13:08:00 | TEMPLOG : Table    One | 091.400
2016-12-30 13:09:01 | TEMPLOG : Bio   Filter | 091.400
2016-12-30 13:09:02 | TEMPLOG : Table    One | 090.500
2016-12-30 13:10:02 | TEMPLOG : Bio   Filter | 090.500
2016-12-30 13:10:03 | TEMPLOG : Table    One | 089.600
2016-12-30 13:11:04 | TEMPLOG : To   GeoLoop | 055.400
2016-12-30 13:12:05 | TEMPLOG : Bio   Filter | 089.600
2016-12-30 13:12:05 | TEMPLOG : Table    One | 088.700
2016-12-30 13:13:06 | TEMPLOG : Bio   Filter | 088.700
2016-12-30 13:14:08 | TEMPLOG : Bio   Filter | 087.800
2016-12-30 13:14:08 | TEMPLOG : To   GeoLoop | 056.300
2016-12-30 13:14:09 | TEMPLOG : Table    One | 087.800
2016-12-30 13:15:10 | TEMPLOG : Bio   Filter | 086.000
2016-12-30 13:15:11 | TEMPLOG : Table    One | 085.100
2016-12-30 13:16:11 | TEMPLOG : WellhouseOne | 058.100
2016-12-30 13:16:12 | TEMPLOG : Bio   Filter | 084.200
2016-12-30 13:16:12 | TEMPLOG : To   GeoLoop | 055.400
2016-12-30 13:16:12 | TEMPLOG : Table    One | 083.300
2016-12-30 13:17:13 | TEMPLOG : Bio   Filter | 082.400
2016-12-30 13:17:14 | TEMPLOG : Table    One | 081.500
2016-12-30 13:18:15 | TEMPLOG : Bio   Filter | 080.600
2016-12-30 13:18:16 | TEMPLOG : To   GeoLoop | 054.500
2016-12-30 13:18:17 | TEMPLOG : Table    One | 079.700
2016-12-30 13:19:17 | TEMPLOG : Bio   Filter | 079.700
2016-12-30 13:19:18 | TEMPLOG : Table    One | 078.800
2016-12-30 13:20:18 | TEMPLOG : Bio   Filter | 077.900
2016-12-30 13:20:18 | TEMPLOG : Table    One | 077.900
2016-12-30 13:21:19 | TEMPLOG : WellhouseOne | 057.200
2016-12-30 13:21:19 | TEMPLOG : Bio   Filter | 077.000
2016-12-30 13:21:19 | TEMPLOG : To   GeoLoop | 053.600
2016-12-30 13:21:19 | TEMPLOG : Table    One | 077.000
2016-12-30 13:22:20 | TEMPLOG : Bio   Filter | 076.100
2016-12-30 13:22:20 | TEMPLOG : Table    One | 076.100
2016-12-30 13:24:22 | TEMPLOG : Bio   Filter | 075.200
2016-12-30 13:24:22 | TEMPLOG : To   GeoLoop | 054.500
2016-12-30 13:26:25 | TEMPLOG : Bio   Filter | 074.300
2016-12-30 13:26:25 | TEMPLOG : To   GeoLoop | 053.600
2016-12-30 13:26:25 | TEMPLOG : Table    One | 075.200
2016-12-30 13:27:26 | TEMPLOG : Bio   Filter | 073.400
2016-12-30 13:27:26 | TEMPLOG : Table    One | 074.300
2016-12-30 13:28:26 | TEMPLOG : WellhouseOne | 056.300
2016-12-30 13:28:27 | TEMPLOG : Bio   Filter | 072.500
2016-12-30 13:28:27 | TEMPLOG : Table    One | 073.400
2016-12-30 13:29:28 | TEMPLOG : Bio   Filter | 071.600
2016-12-30 13:29:29 | TEMPLOG : Table    One | 072.500
2016-12-30 13:30:30 | TEMPLOG : Bio   Filter | 072.500
2016-12-30 13:30:30 | TEMPLOG : Table    One | 073.400
2016-12-30 13:31:31 | TEMPLOG : WellhouseOne | 109.400
2016-12-30 13:31:31 | TEMPLOG : Bio   Filter | 073.400
2016-12-30 13:31:31 | TEMPLOG : To   GeoLoop | 054.500
2016-12-30 13:31:31 | TEMPLOG : Table    One | 075.200
2016-12-30 13:32:32 | TEMPLOG : WellhouseOne | 111.200
2016-12-30 13:32:32 | TEMPLOG : Bio   Filter | 074.300
2016-12-30 13:33:33 | TEMPLOG : WellhouseOne | 087.800
2016-12-30 13:33:34 | TEMPLOG : Bio   Filter | 073.400
2016-12-30 13:33:35 | TEMPLOG : Table    One | 074.300
2016-12-30 13:34:35 | TEMPLOG : WellhouseOne | 077.900
2016-12-30 13:34:35 | TEMPLOG : Bio   Filter | 072.500
2016-12-30 13:34:36 | TEMPLOG : To   GeoLoop | 053.600
2016-12-30 13:34:36 | TEMPLOG : Table    One | 073.400
2016-12-30 13:35:36 | TEMPLOG : WellhouseOne | 072.500
2016-12-30 13:35:37 | TEMPLOG : Bio   Filter | 071.600
2016-12-30 13:35:37 | TEMPLOG : Table    One | 072.500
2016-12-30 13:36:38 | TEMPLOG : WellhouseOne | 069.800
2016-12-30 13:37:38 | TEMPLOG : WellhouseOne | 067.100
2016-12-30 13:37:39 | TEMPLOG : Bio   Filter | 070.700
2016-12-30 13:37:39 | TEMPLOG : Table    One | 071.600
2016-12-30 13:38:39 | TEMPLOG : WellhouseOne | 066.200
2016-12-30 13:38:40 | TEMPLOG : Bio   Filter | 069.800
2016-12-30 13:38:40 | TEMPLOG : Table    One | 070.700
2016-12-30 13:39:40 | TEMPLOG : WellhouseOne | 064.400
2016-12-30 13:39:41 | TEMPLOG : Bio   Filter | 068.900
2016-12-30 13:39:42 | TEMPLOG : Table    One | 069.800
2016-12-30 13:40:42 | TEMPLOG : WellhouseOne | 063.500
2016-12-30 13:40:43 | TEMPLOG : Bio   Filter | 068.000
2016-12-30 13:41:44 | TEMPLOG : WellhouseOne | 062.600
2016-12-30 13:41:44 | TEMPLOG : Table    One | 068.900
2016-12-30 13:42:45 | TEMPLOG : WellhouseOne | 061.700
2016-12-30 13:42:45 | TEMPLOG : Bio   Filter | 067.100
2016-12-30 13:42:47 | TEMPLOG : To   GeoLoop | 052.700
2016-12-30 13:42:47 | TEMPLOG : Table    One | 068.000
2016-12-30 13:43:48 | TEMPLOG : WellhouseOne | 060.800
2016-12-30 13:43:48 | TEMPLOG : Bio   Filter | 066.200
2016-12-30 13:43:48 | TEMPLOG : Table    One | 067.100
2016-12-30 13:44:48 | TEMPLOG : Bio   Filter | 065.300
2016-12-30 13:45:51 | TEMPLOG : Table    One | 066.200
2016-12-30 13:46:51 | TEMPLOG : WellhouseOne | 059.900
2016-12-30 13:46:51 | TEMPLOG : Bio   Filter | 064.400
2016-12-30 13:46:52 | TEMPLOG : Table    One | 065.300
2016-12-30 13:48:53 | TEMPLOG : WellhouseOne | 059.000
2016-12-30 13:48:53 | TEMPLOG : Bio   Filter | 063.500
2016-12-30 13:48:54 | TEMPLOG : Table    One | 064.400
2016-12-30 13:50:55 | TEMPLOG : WellhouseOne | 058.100
2016-12-30 13:50:55 | TEMPLOG : Bio   Filter | 062.600
2016-12-30 13:50:56 | TEMPLOG : Table    One | 063.500
2016-12-30 13:55:00 | TEMPLOG : WellhouseOne | 057.200
2016-12-30 13:55:00 | TEMPLOG : Bio   Filter | 061.700
2016-12-30 13:55:01 | TEMPLOG : Table    One | 062.600
2016-12-30 14:00:05 | TEMPLOG : WellhouseOne | 057.200
2016-12-30 14:00:06 | TEMPLOG : Bio   Filter | 061.700
2016-12-30 14:00:06 | TEMPLOG : To   GeoLoop | 052.700
2016-12-30 14:00:06 | TEMPLOG : Table    One | 062.600
2016-12-30 14:04:10 | TEMPLOG : WellhouseOne | 056.300
2016-12-30 14:06:13 | TEMPLOG : Bio   Filter | 060.800
2016-12-30 14:06:14 | TEMPLOG : Table    One | 061.700
2016-12-30 14:07:15 | TEMPLOG : Table    One | 062.600
2016-12-30 14:08:16 | TEMPLOG : Table    One | 061.700
2016-12-30 14:09:17 | TEMPLOG : Table    One | 062.600
2016-12-30 14:10:18 | TEMPLOG : Table    One | 061.700
2016-12-30 14:13:21 | TEMPLOG : WellhouseOne | 055.400
2016-12-30 14:14:22 | TEMPLOG : WellhouseOne | 085.100
2016-12-30 14:15:23 | TEMPLOG : WellhouseOne | 131.000
2016-12-30 14:16:23 | TEMPLOG : WellhouseOne | 091.400
2016-12-30 14:16:24 | TEMPLOG : Table    One | 060.800
2016-12-30 14:17:24 | TEMPLOG : WellhouseOne | 080.600
2016-12-30 14:17:25 | TEMPLOG : Bio   Filter | 059.900
2016-12-30 14:18:27 | TEMPLOG : WellhouseOne | 075.200
2016-12-30 14:19:28 | TEMPLOG : WellhouseOne | 069.800
2016-12-30 14:20:30 | TEMPLOG : WellhouseOne | 067.100
2016-12-30 14:21:31 | TEMPLOG : WellhouseOne | 065.300
2016-12-30 14:22:32 | TEMPLOG : WellhouseOne | 063.500
2016-12-30 14:23:33 | TEMPLOG : WellhouseOne | 062.600
2016-12-30 14:23:34 | TEMPLOG : Bio   Filter | 059.000
2016-12-30 14:23:34 | TEMPLOG : Table    One | 059.900
2016-12-30 14:24:34 | TEMPLOG : WellhouseOne | 061.700
2016-12-30 14:25:36 | TEMPLOG : WellhouseOne | 059.900
2016-12-30 14:27:38 | TEMPLOG : WellhouseOne | 059.000
2016-12-30 14:28:40 | TEMPLOG : Table    One | 059.000
2016-12-30 14:29:41 | TEMPLOG : Bio   Filter | 058.100
2016-12-30 14:31:44 | TEMPLOG : WellhouseOne | 058.100
2016-12-30 14:34:47 | TEMPLOG : WellhouseOne | 057.200
2016-12-30 14:35:49 | TEMPLOG : Table    One | 058.100
2016-12-30 14:36:50 | TEMPLOG : Table    One | 059.000
2016-12-30 14:37:50 | TEMPLOG : WellhouseOne | 056.300
2016-12-30 14:37:51 | TEMPLOG : To   GeoLoop | 051.800
2016-12-30 14:37:51 | TEMPLOG : Table    One | 058.100
2016-12-30 14:38:52 | TEMPLOG : Bio   Filter | 057.200
2016-12-30 14:38:52 | TEMPLOG : To   GeoLoop | 052.700
2016-12-30 14:41:56 | TEMPLOG : To   GeoLoop | 051.800
2016-12-30 14:43:59 | TEMPLOG : To   GeoLoop | 052.700
2016-12-30 14:45:00 | TEMPLOG : To   GeoLoop | 051.800
2016-12-30 14:46:01 | TEMPLOG : Bio   Filter | 058.100
2016-12-30 14:46:02 | TEMPLOG : To   GeoLoop | 052.700
2016-12-30 14:46:02 | TEMPLOG : Table    One | 059.000
2016-12-30 14:48:04 | TEMPLOG : WellhouseOne | 055.400
2016-12-30 14:48:07 | TEMPLOG : Table    One | 059.900
2016-12-30 14:50:08 | TEMPLOG : WellhouseOne | 056.300
2016-12-30 14:50:09 | TEMPLOG : Table    One | 059.000
2016-12-30 14:51:09 | TEMPLOG : WellhouseOne | 055.400
2016-12-30 14:54:13 | TEMPLOG : Table    One | 058.100
2016-12-30 14:55:14 | TEMPLOG : Bio   Filter | 057.200
2016-12-30 14:56:15 | TEMPLOG : WellhouseOne | 105.800
2016-12-30 14:57:16 | TEMPLOG : WellhouseOne | 121.100
2016-12-30 14:58:18 | TEMPLOG : WellhouseOne | 090.500
2016-12-30 14:58:18 | TEMPLOG : To   GeoLoop | 051.800
2016-12-30 14:59:19 | TEMPLOG : WellhouseOne | 079.700
2016-12-30 14:59:20 | TEMPLOG : Table    One | 057.200
2016-12-30 15:00:20 | TEMPLOG : WellhouseOne | 072.500
2016-12-30 15:00:21 | TEMPLOG : Bio   Filter | 057.200
2016-12-30 15:00:21 | TEMPLOG : To   GeoLoop | 051.800
2016-12-30 15:00:21 | TEMPLOG : Table    One | 057.200
2016-12-30 15:01:22 | TEMPLOG : WellhouseOne | 068.900
2016-12-30 15:01:23 | TEMPLOG : Bio   Filter | 056.300
2016-12-30 15:02:24 | TEMPLOG : WellhouseOne | 067.100
2016-12-30 15:02:24 | TEMPLOG : Table    One | 056.300
2016-12-30 15:03:25 | TEMPLOG : WellhouseOne | 065.300
2016-12-30 15:04:25 | TEMPLOG : WellhouseOne | 063.500
2016-12-30 15:05:27 | TEMPLOG : WellhouseOne | 062.600
2016-12-30 15:05:27 | TEMPLOG : Bio   Filter | 055.400
2016-12-30 15:05:28 | TEMPLOG : Table    One | 055.400
2016-12-30 15:06:28 | TEMPLOG : WellhouseOne | 061.700
2016-12-30 15:06:29 | TEMPLOG : Table    One | 056.300
2016-12-30 15:07:30 | TEMPLOG : WellhouseOne | 060.800
2016-12-30 15:07:30 | TEMPLOG : Table    One | 055.400
2016-12-30 15:08:32 | TEMPLOG : WellhouseOne | 059.900
2016-12-30 15:11:37 | TEMPLOG : WellhouseOne | 059.000
2016-12-30 15:11:38 | TEMPLOG : Bio   Filter | 054.500
2016-12-30 15:13:41 | TEMPLOG : Bio   Filter | 055.400
2016-12-30 15:14:42 | TEMPLOG : WellhouseOne | 058.100
2016-12-30 15:17:46 | TEMPLOG : WellhouseOne | 057.200
2016-12-30 15:18:47 | TEMPLOG : Bio   Filter | 054.500
2016-12-30 15:19:48 | TEMPLOG : WellhouseOne | 056.300
2016-12-30 15:19:48 | TEMPLOG : Bio   Filter | 055.400
2016-12-30 15:20:49 | TEMPLOG : WellhouseOne | 055.400
2016-12-30 15:20:51 | TEMPLOG : Bio   Filter | 054.500
2016-12-30 15:20:51 | TEMPLOG : Table    One | 054.500
2016-12-30 15:21:53 | TEMPLOG : Table    One | 055.400
2016-12-30 15:22:54 | TEMPLOG : Bio   Filter | 055.400
2016-12-30 15:22:54 | TEMPLOG : Table    One | 057.200
2016-12-30 15:23:55 | TEMPLOG : Bio   Filter | 056.300
2016-12-30 15:23:55 | TEMPLOG : Table    One | 058.100
2016-12-30 15:24:56 | TEMPLOG : Bio   Filter | 057.200
2016-12-30 15:26:58 | TEMPLOG : Table    One | 059.000
2016-12-30 15:27:59 | TEMPLOG : WellhouseOne | 054.500
2016-12-30 15:27:59 | TEMPLOG : To   GeoLoop | 052.700
2016-12-30 15:27:59 | TEMPLOG : Table    One | 058.100
2016-12-30 15:29:00 | TEMPLOG : WellhouseOne | 055.400
2016-12-30 15:29:00 | TEMPLOG : Bio   Filter | 058.100
2016-12-30 15:29:01 | TEMPLOG : Table    One | 059.900
2016-12-30 15:30:02 | TEMPLOG : Bio   Filter | 059.000
2016-12-30 15:30:03 | TEMPLOG : Table    One | 060.800
2016-12-30 15:31:03 | TEMPLOG : WellhouseOne | 054.500
2016-12-30 15:33:05 | TEMPLOG : Bio   Filter | 058.100
2016-12-30 15:33:06 | TEMPLOG : Table    One | 059.900
2016-12-30 15:34:08 | TEMPLOG : Table    One | 059.000
2016-12-30 15:35:08 | TEMPLOG : Bio   Filter | 057.200
2016-12-30 15:35:08 | TEMPLOG : To   GeoLoop | 051.800
2016-12-30 15:35:09 | TEMPLOG : Table    One | 058.100
2016-12-30 15:36:09 | TEMPLOG : WellhouseOne | 102.200
2016-12-30 15:36:10 | TEMPLOG : Table    One | 059.000
2016-12-30 15:37:10 | TEMPLOG : WellhouseOne | 129.200
2016-12-30 15:37:11 | TEMPLOG : Bio   Filter | 058.100
2016-12-30 15:37:11 | TEMPLOG : To   GeoLoop | 052.700
2016-12-30 15:37:11 | TEMPLOG : Table    One | 059.900
2016-12-30 15:38:11 | TEMPLOG : WellhouseOne | 093.200
2016-12-30 15:38:11 | TEMPLOG : Bio   Filter | 059.000
2016-12-30 15:38:12 | TEMPLOG : Table    One | 061.700
2016-12-30 15:39:12 | TEMPLOG : WellhouseOne | 081.500
2016-12-30 15:39:12 | TEMPLOG : Bio   Filter | 059.900
2016-12-30 15:39:14 | TEMPLOG : Table    One | 064.400
2016-12-30 15:40:14 | TEMPLOG : WellhouseOne | 073.400
2016-12-30 15:40:14 | TEMPLOG : Bio   Filter | 061.700
2016-12-30 15:40:15 | TEMPLOG : Table    One | 066.200
2016-12-30 15:41:15 | TEMPLOG : WellhouseOne | 069.800
2016-12-30 15:41:15 | TEMPLOG : Bio   Filter | 062.600
2016-12-30 15:41:16 | TEMPLOG : Table    One | 068.000
2016-12-30 15:42:16 | TEMPLOG : WellhouseOne | 067.100
2016-12-30 15:42:16 | TEMPLOG : Bio   Filter | 063.500
2016-12-30 15:42:17 | TEMPLOG : To   GeoLoop | 053.600
2016-12-30 15:42:17 | TEMPLOG : Table    One | 069.800
2016-12-30 15:43:17 | TEMPLOG : WellhouseOne | 064.400
2016-12-30 15:43:18 | TEMPLOG : Bio   Filter | 064.400
2016-12-30 15:44:18 | TEMPLOG : WellhouseOne | 062.600
2016-12-30 15:44:19 | TEMPLOG : Bio   Filter | 065.300
2016-12-30 15:45:20 | TEMPLOG : WellhouseOne | 061.700
2016-12-30 15:45:21 | TEMPLOG : Table    One | 070.700
2016-12-30 15:46:21 | TEMPLOG : WellhouseOne | 060.800
2016-12-30 15:46:22 | TEMPLOG : Bio   Filter | 066.200
2016-12-30 15:47:23 | TEMPLOG : WellhouseOne | 059.900
2016-12-30 15:48:26 | TEMPLOG : Table    One | 071.600
2016-12-30 15:49:27 | TEMPLOG : WellhouseOne | 059.000
2016-12-30 15:51:29 | TEMPLOG : Bio   Filter | 065.300
2016-12-30 15:51:29 | TEMPLOG : Table    One | 070.700
2016-12-30 15:52:30 | TEMPLOG : WellhouseOne | 058.100
2016-12-30 15:55:33 | TEMPLOG : Bio   Filter | 064.400
2016-12-30 15:56:34 | TEMPLOG : WellhouseOne | 057.200
2016-12-30 15:57:37 | TEMPLOG : Table    One | 069.800
2016-12-30 15:58:38 | TEMPLOG : Bio   Filter | 063.500
2016-12-30 15:59:38 | TEMPLOG : WellhouseOne | 056.300
2016-12-30 16:00:39 | TEMPLOG : WellhouseOne | 056.300
2016-12-30 16:00:40 | TEMPLOG : Bio   Filter | 063.500
2016-12-30 16:00:40 | TEMPLOG : To   GeoLoop | 053.600
2016-12-30 16:00:40 | TEMPLOG : Table    One | 068.900
2016-12-30 16:01:40 | TEMPLOG : Bio   Filter | 062.600
2016-12-30 16:03:45 | TEMPLOG : Table    One | 068.000
2016-12-30 16:04:45 | TEMPLOG : WellhouseOne | 055.400
2016-12-30 16:04:46 | TEMPLOG : To   GeoLoop | 052.700
2016-12-30 16:05:46 | TEMPLOG : WellhouseOne | 056.300
2016-12-30 16:05:47 | TEMPLOG : To   GeoLoop | 053.600
2016-12-30 16:05:48 | TEMPLOG : Table    One | 067.100
2016-12-30 16:06:48 | TEMPLOG : WellhouseOne | 055.400
2016-12-30 16:06:48 | TEMPLOG : Bio   Filter | 061.700
2016-12-30 16:06:48 | TEMPLOG : To   GeoLoop | 052.700
2016-12-30 16:08:52 | TEMPLOG : Table    One | 066.200
2016-12-30 16:09:52 | TEMPLOG : WellhouseOne | 054.500
2016-12-30 16:10:55 | TEMPLOG : Table    One | 065.300
2016-12-30 16:11:55 | TEMPLOG : Bio   Filter | 060.800
2016-12-30 16:12:57 | TEMPLOG : Table    One | 064.400
2016-12-30 16:13:58 | TEMPLOG : Table    One | 063.500
2016-12-30 16:14:59 | TEMPLOG : WellhouseOne | 056.300
2016-12-30 16:14:59 | TEMPLOG : Bio   Filter | 059.900
2016-12-30 16:15:00 | TEMPLOG : Table    One | 062.600
2016-12-30 16:16:00 | TEMPLOG : WellhouseOne | 122.900
2016-12-30 16:16:00 | TEMPLOG : Bio   Filter | 059.000
2016-12-30 16:16:01 | TEMPLOG : Table    One | 061.700
2016-12-30 16:17:01 | TEMPLOG : WellhouseOne | 103.100
2016-12-30 16:17:01 | TEMPLOG : To   GeoLoop | 051.800
2016-12-30 16:17:02 | TEMPLOG : Table    One | 060.800
2016-12-30 16:18:02 | TEMPLOG : WellhouseOne | 086.000
2016-12-30 16:18:02 | TEMPLOG : Bio   Filter | 058.100
2016-12-30 16:18:02 | TEMPLOG : Table    One | 059.900
2016-12-30 16:19:03 | TEMPLOG : WellhouseOne | 077.000
2016-12-30 16:19:03 | TEMPLOG : Bio   Filter | 057.200
2016-12-30 16:19:04 | TEMPLOG : Table    One | 058.100
2016-12-30 16:20:04 | TEMPLOG : WellhouseOne | 071.600
2016-12-30 16:20:05 | TEMPLOG : Bio   Filter | 056.300
2016-12-30 16:20:05 | TEMPLOG : Table    One | 056.300
2016-12-30 16:21:05 | TEMPLOG : WellhouseOne | 067.100
2016-12-30 16:21:06 | TEMPLOG : Bio   Filter | 055.400
2016-12-30 16:21:06 | TEMPLOG : Table    One | 055.400
2016-12-30 16:22:06 | TEMPLOG : WellhouseOne | 065.300
2016-12-30 16:22:07 | TEMPLOG : Bio   Filter | 054.500
2016-12-30 16:22:07 | TEMPLOG : Table    One | 054.500
2016-12-30 16:23:08 | TEMPLOG : WellhouseOne | 063.500
2016-12-30 16:23:08 | TEMPLOG : Bio   Filter | 053.600
2016-12-30 16:23:10 | TEMPLOG : Table    One | 053.600
2016-12-30 16:24:10 | TEMPLOG : WellhouseOne | 061.700
2016-12-30 16:24:10 | TEMPLOG : Bio   Filter | 052.700
2016-12-30 16:24:11 | TEMPLOG : Table    One | 052.700
2016-12-30 16:25:11 | TEMPLOG : WellhouseOne | 059.900
2016-12-30 16:25:11 | TEMPLOG : Bio   Filter | 051.800
2016-12-30 16:25:11 | TEMPLOG : To   GeoLoop | 050.900
2016-12-30 16:25:11 | TEMPLOG : Table    One | 051.800
2016-12-30 16:26:12 | TEMPLOG : WellhouseOne | 059.000
2016-12-30 16:26:12 | TEMPLOG : Table    One | 050.900
2016-12-30 16:27:13 | TEMPLOG : WellhouseOne | 058.100
2016-12-30 16:27:14 | TEMPLOG : Bio   Filter | 050.900
2016-12-30 16:27:14 | TEMPLOG : Table    One | 050.000
2016-12-30 16:28:15 | TEMPLOG : Bio   Filter | 050.000
2016-12-30 16:29:16 | TEMPLOG : WellhouseOne | 057.200
2016-12-30 16:29:17 | TEMPLOG : Bio   Filter | 049.100
2016-12-30 16:29:17 | TEMPLOG : Table    One | 049.100
2016-12-30 16:30:17 | TEMPLOG : WellhouseOne | 056.300
2016-12-30 16:30:18 | TEMPLOG : Table    One | 048.200
2016-12-30 16:32:19 | TEMPLOG : WellhouseOne | 055.400
2016-12-30 16:32:20 | TEMPLOG : Bio   Filter | 048.200
2016-12-30 16:33:23 | TEMPLOG : Table    One | 047.300
2016-12-30 16:34:23 | TEMPLOG : WellhouseOne | 054.500
2016-12-30 16:35:24 | TEMPLOG : WellhouseOne | 053.600
2016-12-30 16:35:25 | TEMPLOG : Bio   Filter | 047.300
2016-12-30 16:36:26 | TEMPLOG : To   GeoLoop | 050.000
2016-12-30 16:36:26 | TEMPLOG : Table    One | 046.400
2016-12-30 16:39:31 | TEMPLOG : Bio   Filter | 046.400
2016-12-30 16:40:32 | TEMPLOG : Table    One | 045.500
2016-12-30 16:42:34 | TEMPLOG : WellhouseOne | 052.700
2016-12-30 16:43:35 | TEMPLOG : Bio   Filter | 045.500
2016-12-30 16:44:38 | TEMPLOG : Table    One | 044.600
2016-12-30 16:46:38 | TEMPLOG : WellhouseOne | 051.800
2016-12-30 16:47:40 | TEMPLOG : Bio   Filter | 044.600
2016-12-30 16:49:43 | TEMPLOG : Table    One | 043.700
2016-12-30 16:50:43 | TEMPLOG : WellhouseOne | 084.200
2016-12-30 16:51:44 | TEMPLOG : WellhouseOne | 126.500
2016-12-30 16:52:46 | TEMPLOG : WellhouseOne | 105.800
2016-12-30 16:53:47 | TEMPLOG : WellhouseOne | 088.700
2016-12-30 16:54:49 | TEMPLOG : WellhouseOne | 079.700
2016-12-30 16:55:50 | TEMPLOG : WellhouseOne | 072.500
2016-12-30 16:56:51 | TEMPLOG : WellhouseOne | 068.000
2016-12-30 16:56:51 | TEMPLOG : Bio   Filter | 043.700
2016-12-30 16:57:52 | TEMPLOG : WellhouseOne | 064.400
2016-12-30 16:58:54 | TEMPLOG : WellhouseOne | 061.700
2016-12-30 16:58:54 | TEMPLOG : To   GeoLoop | 049.100
2016-12-30 16:58:54 | TEMPLOG : Table    One | 042.800
2016-12-30 16:59:55 | TEMPLOG : WellhouseOne | 060.800
2016-12-30 16:59:55 | TEMPLOG : To   GeoLoop | 050.000
2016-12-30 17:00:56 | TEMPLOG : WellhouseOne | 059.000
2016-12-30 17:00:56 | TEMPLOG : Bio   Filter | 042.800
2016-12-30 17:00:57 | TEMPLOG : To   GeoLoop | 049.100
2016-12-30 17:00:57 | TEMPLOG : Table    One | 042.800
2016-12-30 17:01:57 | TEMPLOG : WellhouseOne | 056.300
2016-12-30 17:04:01 | TEMPLOG : WellhouseOne | 055.400
2016-12-30 17:07:04 | TEMPLOG : WellhouseOne | 054.500
2016-12-30 17:10:07 | TEMPLOG : WellhouseOne | 053.600
2016-12-30 17:11:09 | TEMPLOG : Table    One | 041.900
2016-12-30 17:12:10 | TEMPLOG : Bio   Filter | 041.900
2016-12-30 17:14:12 | TEMPLOG : WellhouseOne | 052.700
2016-12-30 17:19:17 | TEMPLOG : WellhouseOne | 051.800
2016-12-30 17:20:19 | TEMPLOG : Bio   Filter | 041.000
2016-12-30 17:23:23 | TEMPLOG : Bio   Filter | 041.900
2016-12-30 17:25:25 | TEMPLOG : Table    One | 041.000
2016-12-30 17:26:25 | TEMPLOG : WellhouseOne | 052.700
2016-12-30 17:26:26 | TEMPLOG : Bio   Filter | 041.000
2016-12-30 17:27:27 | TEMPLOG : WellhouseOne | 116.600
2016-12-30 17:28:27 | TEMPLOG : WellhouseOne | 123.800
2016-12-30 17:29:30 | TEMPLOG : WellhouseOne | 091.400
2016-12-30 17:30:31 | TEMPLOG : WellhouseOne | 079.700
2016-12-30 17:31:33 | TEMPLOG : WellhouseOne | 073.400
2016-12-30 17:32:35 | TEMPLOG : WellhouseOne | 067.100
2016-12-30 17:33:36 | TEMPLOG : WellhouseOne | 064.400
2016-12-30 17:34:38 | TEMPLOG : WellhouseOne | 061.700
2016-12-30 17:35:39 | TEMPLOG : WellhouseOne | 059.900
2016-12-30 17:36:40 | TEMPLOG : WellhouseOne | 058.100
2016-12-30 17:37:42 | TEMPLOG : WellhouseOne | 057.200
2016-12-30 17:38:43 | TEMPLOG : WellhouseOne | 056.300
2016-12-30 17:39:44 | TEMPLOG : WellhouseOne | 055.400
2016-12-30 17:39:45 | TEMPLOG : Table    One | 040.100
2016-12-30 17:42:47 | TEMPLOG : WellhouseOne | 054.500
2016-12-30 17:42:47 | TEMPLOG : Bio   Filter | 040.100
2016-12-30 17:42:47 | TEMPLOG : To   GeoLoop | 048.200
2016-12-30 17:44:49 | TEMPLOG : To   GeoLoop | 049.100
2016-12-30 17:45:50 | TEMPLOG : To   GeoLoop | 048.200
2016-12-30 17:46:51 | TEMPLOG : Bio   Filter | 041.000
2016-12-30 17:47:52 | TEMPLOG : Bio   Filter | 040.100
2016-12-30 17:49:55 | TEMPLOG : WellhouseOne | 053.600
2016-12-30 17:50:55 | TEMPLOG : WellhouseOne | 052.700
2016-12-30 17:55:00 | TEMPLOG : WellhouseOne | 051.800
2016-12-30 17:56:02 | TEMPLOG : Table    One | 039.200
2016-12-30 17:57:02 | TEMPLOG : WellhouseOne | 050.900
2016-12-30 17:57:02 | TEMPLOG : Bio   Filter | 039.200
2016-12-30 17:58:03 | TEMPLOG : Bio   Filter | 040.100
2016-12-30 17:59:04 | TEMPLOG : WellhouseOne | 050.000
2016-12-30 18:00:05 | TEMPLOG : WellhouseOne | 050.000
2016-12-30 18:00:06 | TEMPLOG : Bio   Filter | 039.200
2016-12-30 18:00:06 | TEMPLOG : To   GeoLoop | 048.200
2016-12-30 18:00:06 | TEMPLOG : Table    One | 039.200
2016-12-30 18:01:06 | TEMPLOG : WellhouseOne | 086.000
2016-12-30 18:02:08 | TEMPLOG : WellhouseOne | 124.700
2016-12-30 18:03:09 | TEMPLOG : WellhouseOne | 120.200
2016-12-30 18:04:10 | TEMPLOG : WellhouseOne | 092.300
2016-12-30 18:05:11 | TEMPLOG : WellhouseOne | 080.600
2016-12-30 18:06:12 | TEMPLOG : WellhouseOne | 074.300
2016-12-30 18:07:14 | TEMPLOG : WellhouseOne | 069.800
2016-12-30 18:08:16 | TEMPLOG : WellhouseOne | 066.200
2016-12-30 18:09:17 | TEMPLOG : WellhouseOne | 063.500
2016-12-30 18:10:19 | TEMPLOG : WellhouseOne | 061.700
2016-12-30 18:11:20 | TEMPLOG : WellhouseOne | 059.000
2016-12-30 18:12:22 | TEMPLOG : WellhouseOne | 057.200
2016-12-30 18:13:23 | TEMPLOG : WellhouseOne | 056.300
2016-12-30 18:15:25 | TEMPLOG : WellhouseOne | 055.400
2016-12-30 18:15:25 | TEMPLOG : Bio   Filter | 038.300
2016-12-30 18:15:26 | TEMPLOG : Table    One | 038.300
2016-12-30 18:16:26 | TEMPLOG : WellhouseOne | 054.500
2016-12-30 18:17:27 | TEMPLOG : WellhouseOne | 053.600
2016-12-30 18:18:28 | TEMPLOG : WellhouseOne | 052.700
2016-12-30 18:20:31 | TEMPLOG : WellhouseOne | 051.800
2016-12-30 18:22:33 | TEMPLOG : WellhouseOne | 050.900
2016-12-30 18:25:36 | TEMPLOG : WellhouseOne | 050.000
2016-12-30 18:27:41 | TEMPLOG : To   GeoLoop | 047.300
2016-12-30 18:29:44 | TEMPLOG : WellhouseOne | 049.100
2016-12-30 18:31:46 | TEMPLOG : WellhouseOne | 048.200
2016-12-30 18:31:46 | TEMPLOG : To   GeoLoop | 048.200
2016-12-30 18:33:47 | TEMPLOG : WellhouseOne | 100.400
2016-12-30 18:34:49 | TEMPLOG : WellhouseOne | 125.600
2016-12-30 18:35:50 | TEMPLOG : WellhouseOne | 113.900
2016-12-30 18:36:51 | TEMPLOG : WellhouseOne | 090.500
2016-12-30 18:37:52 | TEMPLOG : WellhouseOne | 080.600
2016-12-30 18:38:53 | TEMPLOG : WellhouseOne | 073.400
2016-12-30 18:39:54 | TEMPLOG : WellhouseOne | 068.900
2016-12-30 18:40:55 | TEMPLOG : WellhouseOne | 064.400
2016-12-30 18:41:56 | TEMPLOG : WellhouseOne | 062.600
2016-12-30 18:41:57 | TEMPLOG : Table    One | 039.200
2016-12-30 18:42:57 | TEMPLOG : WellhouseOne | 060.800
2016-12-30 18:43:59 | TEMPLOG : WellhouseOne | 059.000
2016-12-30 18:45:00 | TEMPLOG : WellhouseOne | 057.200
2016-12-30 18:45:00 | TEMPLOG : Bio   Filter | 039.200
2016-12-30 18:46:01 | TEMPLOG : WellhouseOne | 056.300
2016-12-30 18:46:01 | TEMPLOG : Bio   Filter | 038.300
2016-12-30 18:47:02 | TEMPLOG : WellhouseOne | 055.400
2016-12-30 18:47:04 | TEMPLOG : Table    One | 038.300
2016-12-30 18:48:04 | TEMPLOG : WellhouseOne | 054.500
2016-12-30 18:50:07 | TEMPLOG : WellhouseOne | 053.600
2016-12-30 18:51:08 | TEMPLOG : WellhouseOne | 052.700
2016-12-30 18:53:11 | TEMPLOG : WellhouseOne | 051.800
2016-12-30 18:55:15 | TEMPLOG : WellhouseOne | 050.900
2016-12-30 18:55:16 | TEMPLOG : Bio   Filter | 039.200
2016-12-30 18:55:16 | TEMPLOG : Table    One | 039.200
2016-12-30 19:00:22 | TEMPLOG : WellhouseOne | 050.900
2016-12-30 19:00:22 | TEMPLOG : Bio   Filter | 039.200
2016-12-30 19:00:23 | TEMPLOG : To   GeoLoop | 048.200
2016-12-30 19:00:23 | TEMPLOG : Table    One | 039.200
2016-12-30 19:01:24 | TEMPLOG : WellhouseOne | 050.000
2016-12-30 19:04:27 | TEMPLOG : Table    One | 038.300
2016-12-30 19:06:30 | TEMPLOG : WellhouseOne | 055.400
2016-12-30 19:06:30 | TEMPLOG : Bio   Filter | 038.300
2016-12-30 19:07:31 | TEMPLOG : WellhouseOne | 113.900
2016-12-30 19:08:33 | TEMPLOG : WellhouseOne | 131.900
2016-12-30 19:08:33 | TEMPLOG : To   GeoLoop | 047.300
2016-12-30 19:09:34 | TEMPLOG : WellhouseOne | 092.300
2016-12-30 19:10:35 | TEMPLOG : WellhouseOne | 081.500
2016-12-30 19:11:36 | TEMPLOG : WellhouseOne | 074.300
2016-12-30 19:12:37 | TEMPLOG : WellhouseOne | 068.900
2016-12-30 19:12:38 | TEMPLOG : Table    One | 037.400
2016-12-30 19:13:39 | TEMPLOG : WellhouseOne | 064.400
2016-12-30 19:13:39 | TEMPLOG : Table    One | 038.300
2016-12-30 19:14:40 | TEMPLOG : WellhouseOne | 062.600
2016-12-30 19:15:40 | TEMPLOG : WellhouseOne | 060.800
2016-12-30 19:16:41 | TEMPLOG : WellhouseOne | 059.000
2016-12-30 19:16:42 | TEMPLOG : Table    One | 037.400
2016-12-30 19:17:43 | TEMPLOG : WellhouseOne | 057.200
2016-12-30 19:18:44 | TEMPLOG : WellhouseOne | 056.300
2016-12-30 19:19:45 | TEMPLOG : WellhouseOne | 055.400
2016-12-30 19:19:45 | TEMPLOG : Bio   Filter | 037.400
2016-12-30 19:20:46 | TEMPLOG : WellhouseOne | 054.500
2016-12-30 19:21:47 | TEMPLOG : WellhouseOne | 053.600
2016-12-30 19:22:49 | TEMPLOG : WellhouseOne | 052.700
2016-12-30 19:22:49 | TEMPLOG : Bio   Filter | 038.300
2016-12-30 19:23:51 | TEMPLOG : WellhouseOne | 051.800
2016-12-30 19:23:51 | TEMPLOG : Bio   Filter | 037.400
2016-12-30 19:25:53 | TEMPLOG : WellhouseOne | 050.900
2016-12-30 19:26:55 | TEMPLOG : WellhouseOne | 050.000
2016-12-30 19:28:57 | TEMPLOG : WellhouseOne | 049.100
2016-12-30 19:29:58 | TEMPLOG : WellhouseOne | 050.000
2016-12-30 19:31:00 | TEMPLOG : WellhouseOne | 049.100
2016-12-30 19:34:04 | TEMPLOG : Table    One | 036.500
2016-12-30 19:35:05 | TEMPLOG : WellhouseOne | 048.200
2016-12-30 19:36:07 | TEMPLOG : Table    One | 037.400
2016-12-30 19:37:08 | TEMPLOG : Bio   Filter | 036.500
2016-12-30 19:37:09 | TEMPLOG : Table    One | 036.500
2016-12-30 19:38:09 | TEMPLOG : WellhouseOne | 085.100
2016-12-30 19:39:10 | TEMPLOG : WellhouseOne | 120.200
2016-12-30 19:40:10 | TEMPLOG : WellhouseOne | 131.000
2016-12-30 19:41:11 | TEMPLOG : WellhouseOne | 101.300
2016-12-30 19:42:12 | TEMPLOG : WellhouseOne | 085.100
2016-12-30 19:43:13 | TEMPLOG : WellhouseOne | 076.100
2016-12-30 19:44:14 | TEMPLOG : WellhouseOne | 070.700
2016-12-30 19:45:15 | TEMPLOG : WellhouseOne | 066.200
2016-12-30 19:46:16 | TEMPLOG : WellhouseOne | 062.600
2016-12-30 19:47:17 | TEMPLOG : WellhouseOne | 059.900
2016-12-30 19:48:18 | TEMPLOG : WellhouseOne | 058.100
2016-12-30 19:49:19 | TEMPLOG : WellhouseOne | 055.400
2016-12-30 19:50:21 | TEMPLOG : WellhouseOne | 054.500
2016-12-30 19:50:22 | TEMPLOG : To   GeoLoop | 046.400
2016-12-30 19:51:22 | TEMPLOG : WellhouseOne | 053.600
2016-12-30 19:51:22 | TEMPLOG : To   GeoLoop | 047.300
2016-12-30 19:52:23 | TEMPLOG : WellhouseOne | 052.700
2016-12-30 19:52:23 | TEMPLOG : To   GeoLoop | 046.400
2016-12-30 19:53:24 | TEMPLOG : To   GeoLoop | 047.300
2016-12-30 19:54:24 | TEMPLOG : WellhouseOne | 051.800
2016-12-30 19:54:25 | TEMPLOG : To   GeoLoop | 046.400
2016-12-30 19:55:26 | TEMPLOG : WellhouseOne | 050.900
2016-12-30 19:58:30 | TEMPLOG : To   GeoLoop | 047.300
2016-12-30 19:59:31 | TEMPLOG : To   GeoLoop | 046.400
2016-12-30 20:00:32 | TEMPLOG : WellhouseOne | 050.000
2016-12-30 20:00:32 | TEMPLOG : Bio   Filter | 036.500
2016-12-30 20:00:32 | TEMPLOG : To   GeoLoop | 046.400
2016-12-30 20:00:32 | TEMPLOG : Table    One | 036.500
2016-12-30 20:03:37 | TEMPLOG : WellhouseOne | 049.100
2016-12-30 20:08:42 | TEMPLOG : WellhouseOne | 048.200
2016-12-30 20:09:44 | TEMPLOG : WellhouseOne | 100.400
2016-12-30 20:10:46 | TEMPLOG : WellhouseOne | 122.900
2016-12-30 20:11:48 | TEMPLOG : WellhouseOne | 133.700
2016-12-30 20:12:49 | TEMPLOG : WellhouseOne | 101.300
2016-12-30 20:13:50 | TEMPLOG : WellhouseOne | 086.000
2016-12-30 20:14:53 | TEMPLOG : WellhouseOne | 077.000
2016-12-30 20:15:55 | TEMPLOG : WellhouseOne | 070.700
2016-12-30 20:15:56 | TEMPLOG : Table    One | 035.600
2016-12-30 20:16:56 | TEMPLOG : WellhouseOne | 065.300
2016-12-30 20:16:58 | TEMPLOG : Table    One | 036.500
2016-12-30 20:17:58 | TEMPLOG : WellhouseOne | 062.600
2016-12-30 20:18:59 | TEMPLOG : WellhouseOne | 059.900
2016-12-30 20:19:00 | TEMPLOG : Table    One | 035.600
2016-12-30 20:20:01 | TEMPLOG : WellhouseOne | 058.100
2016-12-30 20:21:02 | TEMPLOG : WellhouseOne | 056.300
2016-12-30 20:21:03 | TEMPLOG : Bio   Filter | 035.600
2016-12-30 20:22:03 | TEMPLOG : WellhouseOne | 054.500
2016-12-30 20:22:04 | TEMPLOG : Bio   Filter | 036.500
2016-12-30 20:23:06 | TEMPLOG : Bio   Filter | 035.600
2016-12-30 20:24:06 | TEMPLOG : WellhouseOne | 053.600
2016-12-30 20:25:08 | TEMPLOG : WellhouseOne | 052.700
2016-12-30 20:27:10 | TEMPLOG : WellhouseOne | 051.800
2016-12-30 20:29:12 | TEMPLOG : WellhouseOne | 050.900
2016-12-30 20:30:13 | TEMPLOG : WellhouseOne | 050.000
2016-12-30 20:31:14 | TEMPLOG : WellhouseOne | 049.100
2016-12-30 20:33:16 | TEMPLOG : WellhouseOne | 048.200
2016-12-30 20:37:21 | TEMPLOG : WellhouseOne | 047.300
2016-12-30 20:40:24 | TEMPLOG : WellhouseOne | 077.000
2016-12-30 20:41:26 | TEMPLOG : WellhouseOne | 117.500
2016-12-30 20:42:28 | TEMPLOG : WellhouseOne | 122.900
2016-12-30 20:43:29 | TEMPLOG : WellhouseOne | 087.800
2016-12-30 20:44:33 | TEMPLOG : WellhouseOne | 077.000
2016-12-30 20:45:33 | TEMPLOG : WellhouseOne | 068.000
2016-12-30 20:46:35 | TEMPLOG : WellhouseOne | 063.500
2016-12-30 20:47:35 | TEMPLOG : WellhouseOne | 059.900
2016-12-30 20:48:37 | TEMPLOG : WellhouseOne | 058.100
2016-12-30 20:49:37 | TEMPLOG : WellhouseOne | 055.400
2016-12-30 20:50:39 | TEMPLOG : WellhouseOne | 053.600
2016-12-30 20:51:41 | TEMPLOG : WellhouseOne | 052.700
2016-12-30 20:52:42 | TEMPLOG : WellhouseOne | 051.800
2016-12-30 20:54:44 | TEMPLOG : WellhouseOne | 050.900
2016-12-30 20:56:46 | TEMPLOG : WellhouseOne | 050.000
2016-12-30 20:59:49 | TEMPLOG : Bio   Filter | 034.700
2016-12-30 21:00:50 | TEMPLOG : WellhouseOne | 049.100
2016-12-30 21:00:51 | TEMPLOG : Bio   Filter | 034.700
2016-12-30 21:00:51 | TEMPLOG : To   GeoLoop | 046.400
2016-12-30 21:00:51 | TEMPLOG : Table    One | 035.600
2016-12-30 21:03:54 | TEMPLOG : WellhouseOne | 048.200
2016-12-30 21:04:56 | TEMPLOG : Table    One | 034.700
2016-12-30 21:05:56 | TEMPLOG : WellhouseOne | 047.300
2016-12-30 21:06:57 | TEMPLOG : Bio   Filter | 035.600
2016-12-30 21:07:59 | TEMPLOG : Table    One | 035.600
2016-12-30 21:10:00 | TEMPLOG : WellhouseOne | 051.800
2016-12-30 21:10:00 | TEMPLOG : Bio   Filter | 034.700
2016-12-30 21:11:01 | TEMPLOG : WellhouseOne | 111.200
2016-12-30 21:12:03 | TEMPLOG : WellhouseOne | 127.400
2016-12-30 21:13:05 | TEMPLOG : WellhouseOne | 135.500
2016-12-30 21:14:06 | TEMPLOG : WellhouseOne | 097.700
2016-12-30 21:15:07 | TEMPLOG : WellhouseOne | 083.300
2016-12-30 21:16:09 | TEMPLOG : WellhouseOne | 075.200
2016-12-30 21:16:10 | TEMPLOG : To   GeoLoop | 045.500
2016-12-30 21:17:10 | TEMPLOG : WellhouseOne | 068.000
2016-12-30 21:17:11 | TEMPLOG : To   GeoLoop | 046.400
2016-12-30 21:17:11 | TEMPLOG : Table    One | 034.700
2016-12-30 21:18:11 | TEMPLOG : WellhouseOne | 065.300
2016-12-30 21:18:12 | TEMPLOG : To   GeoLoop | 045.500
2016-12-30 21:19:12 | TEMPLOG : WellhouseOne | 061.700
2016-12-30 21:20:14 | TEMPLOG : WellhouseOne | 059.000
2016-12-30 21:21:16 | TEMPLOG : WellhouseOne | 057.200
2016-12-30 21:22:17 | TEMPLOG : WellhouseOne | 055.400
2016-12-30 21:23:17 | TEMPLOG : WellhouseOne | 054.500
2016-12-30 21:23:18 | TEMPLOG : Table    One | 035.600
2016-12-30 21:24:18 | TEMPLOG : WellhouseOne | 053.600
2016-12-30 21:24:19 | TEMPLOG : Table    One | 034.700
2016-12-30 21:25:20 | TEMPLOG : WellhouseOne | 052.700
2016-12-30 21:27:23 | TEMPLOG : WellhouseOne | 051.800
2016-12-30 21:28:24 | TEMPLOG : WellhouseOne | 050.900
2016-12-30 21:30:26 | TEMPLOG : WellhouseOne | 050.000
2016-12-30 21:32:28 | TEMPLOG : WellhouseOne | 049.100
2016-12-30 21:36:35 | TEMPLOG : WellhouseOne | 048.200
2016-12-30 21:37:36 | TEMPLOG : WellhouseOne | 047.300
2016-12-30 21:40:40 | TEMPLOG : WellhouseOne | 046.400
2016-12-30 21:41:42 | TEMPLOG : WellhouseOne | 072.500
2016-12-30 21:42:43 | TEMPLOG : WellhouseOne | 113.000
2016-12-30 21:43:43 | TEMPLOG : WellhouseOne | 127.400
2016-12-30 21:44:44 | TEMPLOG : WellhouseOne | 134.600
2016-12-30 21:45:45 | TEMPLOG : WellhouseOne | 095.900
2016-12-30 21:46:47 | TEMPLOG : WellhouseOne | 082.400
2016-12-30 21:47:48 | TEMPLOG : WellhouseOne | 073.400
2016-12-30 21:48:49 | TEMPLOG : WellhouseOne | 067.100
2016-12-30 21:49:51 | TEMPLOG : WellhouseOne | 062.600
2016-12-30 21:50:52 | TEMPLOG : WellhouseOne | 059.000
2016-12-30 21:51:54 | TEMPLOG : WellhouseOne | 057.200
2016-12-30 21:52:55 | TEMPLOG : WellhouseOne | 055.400
2016-12-30 21:53:56 | TEMPLOG : WellhouseOne | 054.500
2016-12-30 21:54:57 | TEMPLOG : WellhouseOne | 052.700
2016-12-30 21:55:58 | TEMPLOG : WellhouseOne | 051.800
2016-12-30 21:58:01 | TEMPLOG : WellhouseOne | 050.900
2016-12-30 22:00:04 | TEMPLOG : WellhouseOne | 050.000
2016-12-30 22:00:04 | TEMPLOG : Bio   Filter | 034.700
2016-12-30 22:00:04 | TEMPLOG : To   GeoLoop | 045.500
2016-12-30 22:00:05 | TEMPLOG : Table    One | 034.700
2016-12-30 22:04:08 | TEMPLOG : WellhouseOne | 049.100
2016-12-30 22:06:11 | TEMPLOG : WellhouseOne | 048.200
2016-12-30 22:11:17 | TEMPLOG : WellhouseOne | 047.300
2016-12-30 22:13:19 | TEMPLOG : WellhouseOne | 108.500
2016-12-30 22:14:20 | TEMPLOG : WellhouseOne | 128.300
2016-12-30 22:15:22 | TEMPLOG : WellhouseOne | 104.000
2016-12-30 22:15:22 | TEMPLOG : Bio   Filter | 033.800
2016-12-30 22:16:23 | TEMPLOG : WellhouseOne | 084.200
2016-12-30 22:17:24 | TEMPLOG : WellhouseOne | 074.300
2016-12-30 22:18:25 | TEMPLOG : WellhouseOne | 068.000
2016-12-30 22:18:26 | TEMPLOG : Bio   Filter | 034.700
2016-12-30 22:19:27 | TEMPLOG : WellhouseOne | 064.400
2016-12-30 22:19:27 | TEMPLOG : Bio   Filter | 033.800
2016-12-30 22:20:28 | TEMPLOG : WellhouseOne | 060.800
2016-12-30 22:21:29 | TEMPLOG : WellhouseOne | 058.100
2016-12-30 22:22:32 | TEMPLOG : WellhouseOne | 056.300
2016-12-30 22:23:33 | TEMPLOG : WellhouseOne | 054.500
2016-12-30 22:24:34 | TEMPLOG : WellhouseOne | 053.600
2016-12-30 22:25:35 | TEMPLOG : WellhouseOne | 052.700
2016-12-30 22:25:35 | TEMPLOG : Bio   Filter | 034.700
2016-12-30 22:26:36 | TEMPLOG : WellhouseOne | 051.800
2016-12-30 22:27:37 | TEMPLOG : WellhouseOne | 050.900
2016-12-30 22:28:39 | TEMPLOG : WellhouseOne | 050.000
2016-12-30 22:29:41 | TEMPLOG : Bio   Filter | 033.800
2016-12-30 22:30:42 | TEMPLOG : WellhouseOne | 049.100
2016-12-30 22:30:42 | TEMPLOG : Bio   Filter | 034.700
2016-12-30 22:31:44 | TEMPLOG : Bio   Filter | 033.800
2016-12-30 22:32:45 | TEMPLOG : WellhouseOne | 048.200
2016-12-30 22:34:48 | TEMPLOG : WellhouseOne | 047.300
2016-12-30 22:36:52 | TEMPLOG : Table    One | 033.800
2016-12-30 22:38:54 | TEMPLOG : WellhouseOne | 046.400
2016-12-30 22:38:54 | TEMPLOG : To   GeoLoop | 044.600
2016-12-30 22:41:57 | TEMPLOG : WellhouseOne | 052.700
2016-12-30 22:42:58 | TEMPLOG : WellhouseOne | 108.500
2016-12-30 22:42:59 | TEMPLOG : To   GeoLoop | 045.500
2016-12-30 22:43:59 | TEMPLOG : WellhouseOne | 126.500
2016-12-30 22:44:00 | TEMPLOG : To   GeoLoop | 044.600
2016-12-30 22:45:00 | TEMPLOG : WellhouseOne | 133.700
2016-12-30 22:46:02 | TEMPLOG : WellhouseOne | 092.300
2016-12-30 22:47:03 | TEMPLOG : WellhouseOne | 077.900
2016-12-30 22:48:04 | TEMPLOG : WellhouseOne | 071.600
2016-12-30 22:49:06 | TEMPLOG : WellhouseOne | 065.300
2016-12-30 22:49:08 | TEMPLOG : Table    One | 034.700
2016-12-30 22:50:08 | TEMPLOG : WellhouseOne | 060.800
2016-12-30 22:51:09 | TEMPLOG : WellhouseOne | 058.100
2016-12-30 22:52:10 | TEMPLOG : WellhouseOne | 057.200
2016-12-30 22:53:11 | TEMPLOG : WellhouseOne | 055.400
2016-12-30 22:54:12 | TEMPLOG : WellhouseOne | 053.600
2016-12-30 22:55:14 | TEMPLOG : WellhouseOne | 052.700
2016-12-30 22:56:15 | TEMPLOG : WellhouseOne | 051.800
2016-12-30 22:57:17 | TEMPLOG : WellhouseOne | 050.900
2016-12-30 22:58:19 | TEMPLOG : Bio   Filter | 034.700
2016-12-30 22:59:21 | TEMPLOG : To   GeoLoop | 045.500
2016-12-30 23:00:22 | TEMPLOG : WellhouseOne | 050.000
2016-12-30 23:00:22 | TEMPLOG : Bio   Filter | 034.700
2016-12-30 23:00:22 | TEMPLOG : To   GeoLoop | 045.500
2016-12-30 23:00:22 | TEMPLOG : Table    One | 034.700
2016-12-30 23:03:26 | TEMPLOG : WellhouseOne | 049.100
2016-12-30 23:05:29 | TEMPLOG : WellhouseOne | 048.200
2016-12-30 23:09:34 | TEMPLOG : Table    One | 035.600
2016-12-30 23:10:34 | TEMPLOG : WellhouseOne | 047.300
2016-12-30 23:11:36 | TEMPLOG : WellhouseOne | 046.400
2016-12-30 23:12:38 | TEMPLOG : WellhouseOne | 080.600
2016-12-30 23:12:38 | TEMPLOG : Bio   Filter | 035.600
2016-12-30 23:13:39 | TEMPLOG : WellhouseOne | 117.500
2016-12-30 23:13:39 | TEMPLOG : Bio   Filter | 034.700
2016-12-30 23:14:40 | TEMPLOG : WellhouseOne | 131.900
2016-12-30 23:14:40 | TEMPLOG : Bio   Filter | 035.600
2016-12-30 23:15:42 | TEMPLOG : WellhouseOne | 106.700
2016-12-30 23:15:42 | TEMPLOG : Bio   Filter | 034.700
2016-12-30 23:16:43 | TEMPLOG : WellhouseOne | 085.100
2016-12-30 23:16:43 | TEMPLOG : Bio   Filter | 035.600
2016-12-30 23:17:44 | TEMPLOG : WellhouseOne | 074.300
2016-12-30 23:18:44 | TEMPLOG : WellhouseOne | 068.900
2016-12-30 23:19:45 | TEMPLOG : WellhouseOne | 064.400
2016-12-30 23:20:48 | TEMPLOG : WellhouseOne | 060.800
2016-12-30 23:21:49 | TEMPLOG : WellhouseOne | 059.000
2016-12-30 23:22:51 | TEMPLOG : WellhouseOne | 056.300
2016-12-30 23:22:51 | TEMPLOG : Bio   Filter | 036.500
2016-12-30 23:23:52 | TEMPLOG : WellhouseOne | 054.500
2016-12-30 23:24:54 | TEMPLOG : WellhouseOne | 053.600
2016-12-30 23:25:55 | TEMPLOG : WellhouseOne | 051.800
2016-12-30 23:26:57 | TEMPLOG : WellhouseOne | 050.900
2016-12-30 23:28:59 | TEMPLOG : WellhouseOne | 050.000
2016-12-30 23:30:00 | TEMPLOG : WellhouseOne | 049.100
2016-12-30 23:31:02 | TEMPLOG : WellhouseOne | 048.200
2016-12-30 23:32:03 | TEMPLOG : WellhouseOne | 047.300
2016-12-30 23:32:04 | TEMPLOG : To   GeoLoop | 044.600
2016-12-30 23:33:05 | TEMPLOG : WellhouseOne | 046.400
2016-12-30 23:33:05 | TEMPLOG : To   GeoLoop | 045.500
2016-12-30 23:34:07 | TEMPLOG : WellhouseOne | 044.600
2016-12-30 23:35:08 | TEMPLOG : WellhouseOne | 043.700
2016-12-30 23:35:08 | TEMPLOG : Bio   Filter | 035.600
2016-12-30 23:36:09 | TEMPLOG : WellhouseOne | 042.800
2016-12-30 23:37:11 | TEMPLOG : Table    One | 036.500
2016-12-30 23:39:12 | TEMPLOG : WellhouseOne | 043.700
2016-12-30 23:42:16 | TEMPLOG : WellhouseOne | 105.800
2016-12-30 23:43:16 | TEMPLOG : WellhouseOne | 124.700
2016-12-30 23:44:18 | TEMPLOG : WellhouseOne | 122.900
2016-12-30 23:45:19 | TEMPLOG : WellhouseOne | 081.500
2016-12-30 23:45:20 | TEMPLOG : To   GeoLoop | 044.600
2016-12-30 23:46:21 | TEMPLOG : WellhouseOne | 066.200
2016-12-30 23:46:22 | TEMPLOG : Table    One | 035.600
2016-12-30 23:47:22 | TEMPLOG : WellhouseOne | 058.100
2016-12-30 23:48:23 | TEMPLOG : WellhouseOne | 055.400
2016-12-30 23:49:25 | TEMPLOG : WellhouseOne | 051.800
2016-12-30 23:50:26 | TEMPLOG : WellhouseOne | 049.100
2016-12-30 23:51:28 | TEMPLOG : WellhouseOne | 048.200
2016-12-30 23:52:29 | TEMPLOG : WellhouseOne | 046.400
2016-12-30 23:53:30 | TEMPLOG : WellhouseOne | 044.600
2016-12-30 23:54:32 | TEMPLOG : WellhouseOne | 043.700
2016-12-30 23:55:33 | TEMPLOG : WellhouseOne | 042.800
2016-12-30 23:57:36 | TEMPLOG : WellhouseOne | 041.900
2016-12-30 23:57:37 | TEMPLOG : Table    One | 034.700
