2016-12-09 00:00:36 | TEMPLOG : WellhouseOne | 104.000
2016-12-09 00:00:37 | TEMPLOG : Bio   Filter | 023.900
2016-12-09 00:00:37 | TEMPLOG : To   GeoLoop | 037.400
2016-12-09 00:00:37 | TEMPLOG : Table    One | 023.900
2016-12-09 00:01:37 | TEMPLOG : WellhouseOne | 086.000
2016-12-09 00:02:39 | TEMPLOG : WellhouseOne | 073.400
2016-12-09 00:03:40 | TEMPLOG : WellhouseOne | 065.300
2016-12-09 00:03:42 | TEMPLOG : Table    One | 023.000
2016-12-09 00:04:42 | TEMPLOG : WellhouseOne | 059.000
2016-12-09 00:05:44 | TEMPLOG : WellhouseOne | 054.500
2016-12-09 00:06:45 | TEMPLOG : WellhouseOne | 051.800
2016-12-09 00:07:47 | TEMPLOG : WellhouseOne | 050.000
2016-12-09 00:08:48 | TEMPLOG : WellhouseOne | 048.200
2016-12-09 00:09:49 | TEMPLOG : WellhouseOne | 046.400
2016-12-09 00:10:50 | TEMPLOG : WellhouseOne | 045.500
2016-12-09 00:11:52 | TEMPLOG : WellhouseOne | 043.700
2016-12-09 00:11:52 | TEMPLOG : Bio   Filter | 023.000
2016-12-09 00:12:53 | TEMPLOG : WellhouseOne | 042.800
2016-12-09 00:13:54 | TEMPLOG : WellhouseOne | 041.900
2016-12-09 00:15:56 | TEMPLOG : WellhouseOne | 041.000
2016-12-09 00:16:57 | TEMPLOG : WellhouseOne | 040.100
2016-12-09 00:17:59 | TEMPLOG : WellhouseOne | 039.200
2016-12-09 00:20:00 | TEMPLOG : WellhouseOne | 090.500
2016-12-09 00:21:02 | TEMPLOG : WellhouseOne | 108.500
2016-12-09 00:22:03 | TEMPLOG : WellhouseOne | 117.500
2016-12-09 00:23:04 | TEMPLOG : WellhouseOne | 123.800
2016-12-09 00:24:06 | TEMPLOG : WellhouseOne | 128.300
2016-12-09 00:25:07 | TEMPLOG : WellhouseOne | 130.100
2016-12-09 00:26:09 | TEMPLOG : WellhouseOne | 131.900
2016-12-09 00:27:11 | TEMPLOG : WellhouseOne | 132.800
2016-12-09 00:28:12 | TEMPLOG : WellhouseOne | 133.700
2016-12-09 00:29:13 | TEMPLOG : WellhouseOne | 134.600
2016-12-09 00:30:14 | TEMPLOG : WellhouseOne | 136.400
2016-12-09 00:32:17 | TEMPLOG : WellhouseOne | 137.300
2016-12-09 00:34:20 | TEMPLOG : To   GeoLoop | 036.500
2016-12-09 00:35:21 | TEMPLOG : WellhouseOne | 138.200
2016-12-09 00:35:22 | TEMPLOG : To   GeoLoop | 037.400
2016-12-09 00:36:23 | TEMPLOG : To   GeoLoop | 036.500
2016-12-09 00:37:24 | TEMPLOG : WellhouseOne | 140.000
2016-12-09 00:38:25 | TEMPLOG : WellhouseOne | 139.100
2016-12-09 00:38:25 | TEMPLOG : To   GeoLoop | 037.400
2016-12-09 00:39:26 | TEMPLOG : WellhouseOne | 140.000
2016-12-09 00:39:26 | TEMPLOG : To   GeoLoop | 036.500
2016-12-09 00:40:27 | TEMPLOG : WellhouseOne | 126.500
2016-12-09 00:40:28 | TEMPLOG : To   GeoLoop | 037.400
2016-12-09 00:41:28 | TEMPLOG : WellhouseOne | 096.800
2016-12-09 00:41:30 | TEMPLOG : To   GeoLoop | 036.500
2016-12-09 00:42:31 | TEMPLOG : WellhouseOne | 080.600
2016-12-09 00:42:31 | TEMPLOG : To   GeoLoop | 037.400
2016-12-09 00:43:31 | TEMPLOG : WellhouseOne | 070.700
2016-12-09 00:44:34 | TEMPLOG : WellhouseOne | 062.600
2016-12-09 00:44:35 | TEMPLOG : To   GeoLoop | 036.500
2016-12-09 00:45:36 | TEMPLOG : WellhouseOne | 057.200
2016-12-09 00:46:37 | TEMPLOG : WellhouseOne | 054.500
2016-12-09 00:47:39 | TEMPLOG : WellhouseOne | 051.800
2016-12-09 00:48:40 | TEMPLOG : WellhouseOne | 049.100
2016-12-09 00:49:42 | TEMPLOG : WellhouseOne | 047.300
2016-12-09 00:50:43 | TEMPLOG : WellhouseOne | 046.400
2016-12-09 00:50:44 | TEMPLOG : To   GeoLoop | 037.400
2016-12-09 00:51:44 | TEMPLOG : WellhouseOne | 044.600
2016-12-09 00:51:45 | TEMPLOG : To   GeoLoop | 036.500
2016-12-09 00:52:45 | TEMPLOG : WellhouseOne | 043.700
2016-12-09 00:53:47 | TEMPLOG : WellhouseOne | 041.900
2016-12-09 00:54:49 | TEMPLOG : WellhouseOne | 041.000
2016-12-09 00:55:50 | TEMPLOG : Bio   Filter | 022.100
2016-12-09 00:55:51 | TEMPLOG : Table    One | 022.100
2016-12-09 00:56:51 | TEMPLOG : WellhouseOne | 040.100
2016-12-09 00:57:52 | TEMPLOG : Bio   Filter | 023.000
2016-12-09 00:58:53 | TEMPLOG : WellhouseOne | 039.200
2016-12-09 00:58:54 | TEMPLOG : Bio   Filter | 022.100
2016-12-09 00:58:54 | TEMPLOG : Table    One | 023.000
2016-12-09 00:59:54 | TEMPLOG : WellhouseOne | 079.700
2016-12-09 00:59:55 | TEMPLOG : Bio   Filter | 023.000
2016-12-09 00:59:55 | TEMPLOG : Table    One | 022.100
2016-12-09 01:00:55 | TEMPLOG : WellhouseOne | 104.000
2016-12-09 01:00:56 | TEMPLOG : Bio   Filter | 022.100
2016-12-09 01:00:56 | TEMPLOG : To   GeoLoop | 036.500
2016-12-09 01:00:56 | TEMPLOG : Table    One | 022.100
2016-12-09 01:01:56 | TEMPLOG : WellhouseOne | 114.800
2016-12-09 01:01:56 | TEMPLOG : Bio   Filter | 023.000
2016-12-09 01:02:57 | TEMPLOG : WellhouseOne | 120.200
2016-12-09 01:02:58 | TEMPLOG : Table    One | 023.000
2016-12-09 01:03:58 | TEMPLOG : WellhouseOne | 123.800
2016-12-09 01:04:00 | TEMPLOG : Table    One | 022.100
2016-12-09 01:05:00 | TEMPLOG : WellhouseOne | 124.700
2016-12-09 01:05:00 | TEMPLOG : Bio   Filter | 022.100
2016-12-09 01:06:01 | TEMPLOG : WellhouseOne | 129.200
2016-12-09 01:07:02 | TEMPLOG : WellhouseOne | 130.100
2016-12-09 01:08:03 | TEMPLOG : WellhouseOne | 132.800
2016-12-09 01:09:04 | TEMPLOG : WellhouseOne | 133.700
2016-12-09 01:11:06 | TEMPLOG : WellhouseOne | 134.600
2016-12-09 01:13:09 | TEMPLOG : WellhouseOne | 135.500
2016-12-09 01:14:09 | TEMPLOG : WellhouseOne | 136.400
2016-12-09 01:15:10 | TEMPLOG : WellhouseOne | 137.300
2016-12-09 01:16:12 | TEMPLOG : WellhouseOne | 135.500
2016-12-09 01:18:14 | TEMPLOG : WellhouseOne | 137.300
2016-12-09 01:19:17 | TEMPLOG : WellhouseOne | 139.100
2016-12-09 01:20:18 | TEMPLOG : WellhouseOne | 138.200
2016-12-09 01:21:20 | TEMPLOG : WellhouseOne | 137.300
2016-12-09 01:24:24 | TEMPLOG : WellhouseOne | 136.400
2016-12-09 01:25:27 | TEMPLOG : WellhouseOne | 138.200
2016-12-09 01:26:28 | TEMPLOG : WellhouseOne | 139.100
2016-12-09 01:27:30 | TEMPLOG : WellhouseOne | 138.200
2016-12-09 01:28:31 | TEMPLOG : WellhouseOne | 139.100
2016-12-09 01:29:32 | TEMPLOG : WellhouseOne | 138.200
2016-12-09 01:30:33 | TEMPLOG : WellhouseOne | 139.100
2016-12-09 01:31:34 | TEMPLOG : WellhouseOne | 140.900
2016-12-09 01:32:35 | TEMPLOG : WellhouseOne | 104.000
2016-12-09 01:33:36 | TEMPLOG : WellhouseOne | 086.000
2016-12-09 01:34:37 | TEMPLOG : WellhouseOne | 073.400
2016-12-09 01:35:38 | TEMPLOG : WellhouseOne | 066.200
2016-12-09 01:36:39 | TEMPLOG : WellhouseOne | 059.900
2016-12-09 01:37:41 | TEMPLOG : WellhouseOne | 056.300
2016-12-09 01:38:43 | TEMPLOG : WellhouseOne | 052.700
2016-12-09 01:39:43 | TEMPLOG : WellhouseOne | 050.000
2016-12-09 01:40:45 | TEMPLOG : WellhouseOne | 048.200
2016-12-09 01:41:46 | TEMPLOG : WellhouseOne | 047.300
2016-12-09 01:42:47 | TEMPLOG : WellhouseOne | 046.400
2016-12-09 01:43:49 | TEMPLOG : WellhouseOne | 044.600
2016-12-09 01:44:50 | TEMPLOG : WellhouseOne | 042.800
2016-12-09 01:45:51 | TEMPLOG : WellhouseOne | 041.900
2016-12-09 01:46:52 | TEMPLOG : WellhouseOne | 041.000
2016-12-09 01:48:54 | TEMPLOG : WellhouseOne | 040.100
2016-12-09 01:49:56 | TEMPLOG : WellhouseOne | 039.200
2016-12-09 01:50:58 | TEMPLOG : WellhouseOne | 067.100
2016-12-09 01:51:59 | TEMPLOG : WellhouseOne | 100.400
2016-12-09 01:53:01 | TEMPLOG : WellhouseOne | 113.000
2016-12-09 01:54:02 | TEMPLOG : WellhouseOne | 119.300
2016-12-09 01:55:03 | TEMPLOG : WellhouseOne | 122.900
2016-12-09 01:56:05 | TEMPLOG : WellhouseOne | 125.600
2016-12-09 01:57:06 | TEMPLOG : WellhouseOne | 128.300
2016-12-09 01:58:07 | TEMPLOG : WellhouseOne | 131.000
2016-12-09 01:59:08 | TEMPLOG : WellhouseOne | 131.900
2016-12-09 02:00:10 | TEMPLOG : WellhouseOne | 132.800
2016-12-09 02:00:10 | TEMPLOG : Bio   Filter | 022.100
2016-12-09 02:00:10 | TEMPLOG : To   GeoLoop | 036.500
2016-12-09 02:00:11 | TEMPLOG : Table    One | 022.100
2016-12-09 02:01:11 | TEMPLOG : WellhouseOne | 131.900
2016-12-09 02:02:12 | TEMPLOG : WellhouseOne | 134.600
2016-12-09 02:04:15 | TEMPLOG : WellhouseOne | 135.500
2016-12-09 02:05:16 | TEMPLOG : WellhouseOne | 133.700
2016-12-09 02:07:19 | TEMPLOG : WellhouseOne | 135.500
2016-12-09 02:08:19 | TEMPLOG : WellhouseOne | 137.300
2016-12-09 02:11:23 | TEMPLOG : WellhouseOne | 138.200
2016-12-09 02:12:24 | TEMPLOG : WellhouseOne | 136.400
2016-12-09 02:13:25 | TEMPLOG : WellhouseOne | 137.300
2016-12-09 02:16:28 | TEMPLOG : WellhouseOne | 136.400
2016-12-09 02:16:28 | TEMPLOG : To   GeoLoop | 035.600
2016-12-09 02:18:31 | TEMPLOG : WellhouseOne | 134.600
2016-12-09 02:19:32 | TEMPLOG : WellhouseOne | 138.200
2016-12-09 02:19:33 | TEMPLOG : To   GeoLoop | 036.500
2016-12-09 02:20:35 | TEMPLOG : To   GeoLoop | 035.600
2016-12-09 02:21:35 | TEMPLOG : WellhouseOne | 135.500
2016-12-09 02:21:36 | TEMPLOG : To   GeoLoop | 036.500
2016-12-09 02:22:36 | TEMPLOG : WellhouseOne | 136.400
2016-12-09 02:22:37 | TEMPLOG : To   GeoLoop | 035.600
2016-12-09 02:23:38 | TEMPLOG : WellhouseOne | 138.200
2016-12-09 02:23:38 | TEMPLOG : To   GeoLoop | 036.500
2016-12-09 02:24:39 | TEMPLOG : To   GeoLoop | 035.600
2016-12-09 02:25:40 | TEMPLOG : WellhouseOne | 120.200
2016-12-09 02:26:42 | TEMPLOG : WellhouseOne | 093.200
2016-12-09 02:27:43 | TEMPLOG : WellhouseOne | 077.900
2016-12-09 02:28:44 | TEMPLOG : WellhouseOne | 068.900
2016-12-09 02:29:45 | TEMPLOG : WellhouseOne | 061.700
2016-12-09 02:30:47 | TEMPLOG : WellhouseOne | 058.100
2016-12-09 02:31:49 | TEMPLOG : WellhouseOne | 053.600
2016-12-09 02:32:50 | TEMPLOG : WellhouseOne | 050.000
2016-12-09 02:33:51 | TEMPLOG : WellhouseOne | 049.100
2016-12-09 02:34:53 | TEMPLOG : WellhouseOne | 047.300
2016-12-09 02:35:55 | TEMPLOG : WellhouseOne | 045.500
2016-12-09 02:36:56 | TEMPLOG : WellhouseOne | 044.600
2016-12-09 02:37:57 | TEMPLOG : WellhouseOne | 043.700
2016-12-09 02:38:58 | TEMPLOG : WellhouseOne | 042.800
2016-12-09 02:39:59 | TEMPLOG : WellhouseOne | 041.900
2016-12-09 02:41:01 | TEMPLOG : WellhouseOne | 041.000
2016-12-09 02:41:02 | TEMPLOG : Table    One | 021.200
2016-12-09 02:42:02 | TEMPLOG : WellhouseOne | 040.100
2016-12-09 02:44:04 | TEMPLOG : WellhouseOne | 045.500
2016-12-09 02:45:05 | TEMPLOG : WellhouseOne | 094.100
2016-12-09 02:46:06 | TEMPLOG : WellhouseOne | 108.500
2016-12-09 02:46:06 | TEMPLOG : Bio   Filter | 021.200
2016-12-09 02:47:08 | TEMPLOG : WellhouseOne | 117.500
2016-12-09 02:47:08 | TEMPLOG : Bio   Filter | 022.100
2016-12-09 02:48:09 | TEMPLOG : WellhouseOne | 122.900
2016-12-09 02:49:10 | TEMPLOG : WellhouseOne | 126.500
2016-12-09 02:50:12 | TEMPLOG : Bio   Filter | 021.200
2016-12-09 02:51:13 | TEMPLOG : WellhouseOne | 129.200
2016-12-09 02:52:14 | TEMPLOG : WellhouseOne | 130.100
2016-12-09 02:53:15 | TEMPLOG : WellhouseOne | 131.900
2016-12-09 02:56:18 | TEMPLOG : WellhouseOne | 132.800
2016-12-09 02:59:22 | TEMPLOG : WellhouseOne | 134.600
2016-12-09 02:59:23 | TEMPLOG : Bio   Filter | 022.100
2016-12-09 03:00:24 | TEMPLOG : WellhouseOne | 133.700
2016-12-09 03:00:24 | TEMPLOG : Bio   Filter | 021.200
2016-12-09 03:00:24 | TEMPLOG : To   GeoLoop | 035.600
2016-12-09 03:00:24 | TEMPLOG : Table    One | 021.200
2016-12-09 03:01:25 | TEMPLOG : WellhouseOne | 131.000
2016-12-09 03:02:26 | TEMPLOG : WellhouseOne | 134.600
2016-12-09 03:03:26 | TEMPLOG : WellhouseOne | 135.500
2016-12-09 03:04:28 | TEMPLOG : WellhouseOne | 136.400
2016-12-09 03:05:30 | TEMPLOG : Table    One | 022.100
2016-12-09 03:06:30 | TEMPLOG : Bio   Filter | 022.100
2016-12-09 03:06:31 | TEMPLOG : Table    One | 021.200
2016-12-09 03:07:31 | TEMPLOG : WellhouseOne | 139.100
2016-12-09 03:08:32 | TEMPLOG : Bio   Filter | 021.200
2016-12-09 03:09:33 | TEMPLOG : Bio   Filter | 022.100
2016-12-09 03:10:33 | TEMPLOG : WellhouseOne | 135.500
2016-12-09 03:10:34 | TEMPLOG : Bio   Filter | 021.200
2016-12-09 03:11:36 | TEMPLOG : WellhouseOne | 138.200
2016-12-09 03:12:38 | TEMPLOG : WellhouseOne | 136.400
2016-12-09 03:13:39 | TEMPLOG : Table    One | 022.100
2016-12-09 03:14:40 | TEMPLOG : WellhouseOne | 137.300
2016-12-09 03:14:40 | TEMPLOG : Table    One | 021.200
2016-12-09 03:15:41 | TEMPLOG : WellhouseOne | 134.600
2016-12-09 03:15:42 | TEMPLOG : Table    One | 022.100
2016-12-09 03:16:42 | TEMPLOG : WellhouseOne | 136.400
2016-12-09 03:16:43 | TEMPLOG : Table    One | 021.200
2016-12-09 03:17:43 | TEMPLOG : WellhouseOne | 137.300
2016-12-09 03:18:45 | TEMPLOG : WellhouseOne | 138.200
2016-12-09 03:18:45 | TEMPLOG : Bio   Filter | 022.100
2016-12-09 03:19:47 | TEMPLOG : Table    One | 022.100
2016-12-09 03:20:47 | TEMPLOG : WellhouseOne | 135.500
2016-12-09 03:20:49 | TEMPLOG : Table    One | 021.200
2016-12-09 03:21:49 | TEMPLOG : WellhouseOne | 137.300
2016-12-09 03:22:50 | TEMPLOG : WellhouseOne | 138.200
2016-12-09 03:22:51 | TEMPLOG : Bio   Filter | 021.200
2016-12-09 03:23:51 | TEMPLOG : WellhouseOne | 137.300
2016-12-09 03:23:52 | TEMPLOG : Table    One | 022.100
2016-12-09 03:24:53 | TEMPLOG : WellhouseOne | 140.900
2016-12-09 03:24:54 | TEMPLOG : Table    One | 021.200
2016-12-09 03:25:54 | TEMPLOG : WellhouseOne | 138.200
2016-12-09 03:26:55 | TEMPLOG : WellhouseOne | 136.400
2016-12-09 03:27:56 | TEMPLOG : WellhouseOne | 139.100
2016-12-09 03:27:57 | TEMPLOG : Bio   Filter | 022.100
2016-12-09 03:28:57 | TEMPLOG : WellhouseOne | 140.000
2016-12-09 03:29:58 | TEMPLOG : WellhouseOne | 139.100
2016-12-09 03:30:59 | TEMPLOG : WellhouseOne | 135.500
2016-12-09 03:32:00 | TEMPLOG : WellhouseOne | 137.300
2016-12-09 03:33:02 | TEMPLOG : WellhouseOne | 135.500
2016-12-09 03:34:04 | TEMPLOG : WellhouseOne | 106.700
2016-12-09 03:34:04 | TEMPLOG : Bio   Filter | 021.200
2016-12-09 03:35:05 | TEMPLOG : WellhouseOne | 087.800
2016-12-09 03:35:05 | TEMPLOG : Bio   Filter | 022.100
2016-12-09 03:35:06 | TEMPLOG : Table    One | 022.100
2016-12-09 03:36:06 | TEMPLOG : WellhouseOne | 075.200
2016-12-09 03:36:08 | TEMPLOG : Table    One | 021.200
2016-12-09 03:37:09 | TEMPLOG : WellhouseOne | 066.200
2016-12-09 03:38:09 | TEMPLOG : WellhouseOne | 060.800
2016-12-09 03:39:10 | TEMPLOG : WellhouseOne | 056.300
2016-12-09 03:39:11 | TEMPLOG : Bio   Filter | 021.200
2016-12-09 03:40:11 | TEMPLOG : WellhouseOne | 053.600
2016-12-09 03:41:13 | TEMPLOG : WellhouseOne | 050.900
2016-12-09 03:41:14 | TEMPLOG : Bio   Filter | 022.100
2016-12-09 03:42:14 | TEMPLOG : WellhouseOne | 049.100
2016-12-09 03:42:14 | TEMPLOG : Bio   Filter | 021.200
2016-12-09 03:43:15 | TEMPLOG : WellhouseOne | 048.200
2016-12-09 03:43:15 | TEMPLOG : Bio   Filter | 022.100
2016-12-09 03:44:16 | TEMPLOG : WellhouseOne | 047.300
2016-12-09 03:45:17 | TEMPLOG : WellhouseOne | 046.400
2016-12-09 03:46:18 | TEMPLOG : WellhouseOne | 044.600
2016-12-09 03:48:20 | TEMPLOG : WellhouseOne | 043.700
2016-12-09 03:48:20 | TEMPLOG : Bio   Filter | 021.200
2016-12-09 03:49:22 | TEMPLOG : WellhouseOne | 042.800
2016-12-09 03:50:23 | TEMPLOG : WellhouseOne | 041.900
2016-12-09 03:51:25 | TEMPLOG : WellhouseOne | 041.000
2016-12-09 03:53:27 | TEMPLOG : WellhouseOne | 086.900
2016-12-09 03:54:29 | TEMPLOG : WellhouseOne | 106.700
2016-12-09 03:54:29 | TEMPLOG : Bio   Filter | 022.100
2016-12-09 03:55:31 | TEMPLOG : WellhouseOne | 116.600
2016-12-09 03:55:31 | TEMPLOG : Bio   Filter | 021.200
2016-12-09 03:56:32 | TEMPLOG : WellhouseOne | 123.800
2016-12-09 03:56:32 | TEMPLOG : Bio   Filter | 022.100
2016-12-09 03:57:34 | TEMPLOG : WellhouseOne | 128.300
2016-12-09 03:58:35 | TEMPLOG : WellhouseOne | 130.100
2016-12-09 03:58:36 | TEMPLOG : Bio   Filter | 021.200
2016-12-09 03:59:36 | TEMPLOG : WellhouseOne | 131.900
2016-12-09 04:00:37 | TEMPLOG : WellhouseOne | 133.700
2016-12-09 04:00:37 | TEMPLOG : Bio   Filter | 021.200
2016-12-09 04:00:38 | TEMPLOG : To   GeoLoop | 035.600
2016-12-09 04:00:38 | TEMPLOG : Table    One | 021.200
2016-12-09 04:01:38 | TEMPLOG : WellhouseOne | 136.400
2016-12-09 04:03:41 | TEMPLOG : WellhouseOne | 138.200
2016-12-09 04:04:42 | TEMPLOG : WellhouseOne | 135.500
2016-12-09 04:04:42 | TEMPLOG : Bio   Filter | 022.100
2016-12-09 04:05:43 | TEMPLOG : Bio   Filter | 021.200
2016-12-09 04:06:44 | TEMPLOG : WellhouseOne | 105.800
2016-12-09 04:07:45 | TEMPLOG : WellhouseOne | 086.000
2016-12-09 04:07:46 | TEMPLOG : Bio   Filter | 022.100
2016-12-09 04:08:47 | TEMPLOG : WellhouseOne | 073.400
2016-12-09 04:08:47 | TEMPLOG : Bio   Filter | 021.200
2016-12-09 04:09:48 | TEMPLOG : WellhouseOne | 065.300
2016-12-09 04:10:49 | TEMPLOG : WellhouseOne | 059.000
2016-12-09 04:10:50 | TEMPLOG : Table    One | 022.100
2016-12-09 04:11:50 | TEMPLOG : WellhouseOne | 055.400
2016-12-09 04:11:52 | TEMPLOG : Bio   Filter | 022.100
2016-12-09 04:12:53 | TEMPLOG : WellhouseOne | 051.800
2016-12-09 04:13:54 | TEMPLOG : WellhouseOne | 050.000
2016-12-09 04:13:54 | TEMPLOG : Bio   Filter | 021.200
2016-12-09 04:13:55 | TEMPLOG : Table    One | 021.200
2016-12-09 04:14:55 | TEMPLOG : WellhouseOne | 047.300
2016-12-09 04:14:55 | TEMPLOG : Bio   Filter | 022.100
2016-12-09 04:15:58 | TEMPLOG : WellhouseOne | 045.500
2016-12-09 04:16:59 | TEMPLOG : WellhouseOne | 044.600
2016-12-09 04:16:59 | TEMPLOG : Bio   Filter | 021.200
2016-12-09 04:18:00 | TEMPLOG : WellhouseOne | 043.700
2016-12-09 04:18:01 | TEMPLOG : Bio   Filter | 022.100
2016-12-09 04:19:01 | TEMPLOG : WellhouseOne | 042.800
2016-12-09 04:20:03 | TEMPLOG : WellhouseOne | 041.900
2016-12-09 04:21:04 | TEMPLOG : WellhouseOne | 041.000
2016-12-09 04:22:06 | TEMPLOG : WellhouseOne | 040.100
2016-12-09 04:23:08 | TEMPLOG : WellhouseOne | 039.200
2016-12-09 04:23:09 | TEMPLOG : Table    One | 022.100
2016-12-09 04:24:10 | TEMPLOG : Table    One | 021.200
2016-12-09 04:25:10 | TEMPLOG : WellhouseOne | 075.200
2016-12-09 04:26:12 | TEMPLOG : WellhouseOne | 101.300
2016-12-09 04:26:13 | TEMPLOG : Bio   Filter | 021.200
2016-12-09 04:26:14 | TEMPLOG : Table    One | 022.100
2016-12-09 04:27:14 | TEMPLOG : WellhouseOne | 112.100
2016-12-09 04:27:14 | TEMPLOG : Bio   Filter | 022.100
2016-12-09 04:28:16 | TEMPLOG : WellhouseOne | 119.300
2016-12-09 04:29:17 | TEMPLOG : WellhouseOne | 122.900
2016-12-09 04:30:19 | TEMPLOG : WellhouseOne | 125.600
2016-12-09 04:31:20 | TEMPLOG : WellhouseOne | 126.500
2016-12-09 04:32:21 | TEMPLOG : WellhouseOne | 130.100
2016-12-09 04:33:23 | TEMPLOG : WellhouseOne | 131.000
2016-12-09 04:34:23 | TEMPLOG : WellhouseOne | 130.100
2016-12-09 04:35:26 | TEMPLOG : WellhouseOne | 132.800
2016-12-09 04:38:29 | TEMPLOG : WellhouseOne | 133.700
2016-12-09 04:39:30 | TEMPLOG : WellhouseOne | 135.500
2016-12-09 04:40:31 | TEMPLOG : WellhouseOne | 133.700
2016-12-09 04:41:33 | TEMPLOG : WellhouseOne | 136.400
2016-12-09 04:43:35 | TEMPLOG : WellhouseOne | 138.200
2016-12-09 04:44:36 | TEMPLOG : WellhouseOne | 136.400
2016-12-09 04:45:37 | TEMPLOG : WellhouseOne | 133.700
2016-12-09 04:46:38 | TEMPLOG : WellhouseOne | 137.300
2016-12-09 04:47:40 | TEMPLOG : WellhouseOne | 136.400
2016-12-09 04:48:41 | TEMPLOG : WellhouseOne | 138.200
2016-12-09 04:50:43 | TEMPLOG : WellhouseOne | 136.400
2016-12-09 04:51:45 | TEMPLOG : WellhouseOne | 118.400
2016-12-09 04:52:47 | TEMPLOG : WellhouseOne | 091.400
2016-12-09 04:53:49 | TEMPLOG : WellhouseOne | 077.900
2016-12-09 04:54:51 | TEMPLOG : WellhouseOne | 068.000
2016-12-09 04:55:53 | TEMPLOG : WellhouseOne | 061.700
2016-12-09 04:56:54 | TEMPLOG : WellhouseOne | 058.100
2016-12-09 04:57:56 | TEMPLOG : WellhouseOne | 055.400
2016-12-09 04:58:57 | TEMPLOG : WellhouseOne | 052.700
2016-12-09 04:59:58 | TEMPLOG : WellhouseOne | 050.000
2016-12-09 05:01:00 | TEMPLOG : WellhouseOne | 049.100
2016-12-09 05:02:01 | TEMPLOG : WellhouseOne | 047.300
2016-12-09 05:03:03 | TEMPLOG : WellhouseOne | 046.400
2016-12-09 05:04:04 | TEMPLOG : WellhouseOne | 044.600
2016-12-09 05:05:06 | TEMPLOG : WellhouseOne | 043.700
2016-12-09 05:06:06 | TEMPLOG : WellhouseOne | 042.800
2016-12-09 05:07:08 | TEMPLOG : WellhouseOne | 041.900
2016-12-09 05:07:09 | TEMPLOG : To   GeoLoop | 034.700
2016-12-09 05:08:09 | TEMPLOG : WellhouseOne | 041.000
2016-12-09 05:08:10 | TEMPLOG : To   GeoLoop | 035.600
2016-12-09 05:09:11 | TEMPLOG : WellhouseOne | 040.100
2016-12-09 05:09:11 | TEMPLOG : To   GeoLoop | 034.700
2016-12-09 05:10:12 | TEMPLOG : WellhouseOne | 039.200
2016-12-09 05:10:14 | TEMPLOG : To   GeoLoop | 035.600
2016-12-09 05:11:14 | TEMPLOG : WellhouseOne | 085.100
2016-12-09 05:11:15 | TEMPLOG : To   GeoLoop | 034.700
2016-12-09 05:12:16 | TEMPLOG : WellhouseOne | 105.800
2016-12-09 05:13:17 | TEMPLOG : WellhouseOne | 113.000
2016-12-09 05:13:17 | TEMPLOG : To   GeoLoop | 035.600
2016-12-09 05:14:18 | TEMPLOG : WellhouseOne | 119.300
2016-12-09 05:14:18 | TEMPLOG : To   GeoLoop | 034.700
2016-12-09 05:15:19 | TEMPLOG : WellhouseOne | 122.000
2016-12-09 05:16:19 | TEMPLOG : WellhouseOne | 123.800
2016-12-09 05:17:20 | TEMPLOG : WellhouseOne | 126.500
2016-12-09 05:18:22 | TEMPLOG : WellhouseOne | 127.400
2016-12-09 05:19:23 | TEMPLOG : WellhouseOne | 128.300
2016-12-09 05:20:25 | TEMPLOG : WellhouseOne | 129.200
2016-12-09 05:21:26 | TEMPLOG : WellhouseOne | 130.100
2016-12-09 05:22:28 | TEMPLOG : WellhouseOne | 131.900
2016-12-09 05:23:29 | TEMPLOG : WellhouseOne | 131.000
2016-12-09 05:24:30 | TEMPLOG : WellhouseOne | 132.800
2016-12-09 05:25:31 | TEMPLOG : WellhouseOne | 135.500
2016-12-09 05:27:33 | TEMPLOG : WellhouseOne | 136.400
2016-12-09 05:28:35 | TEMPLOG : WellhouseOne | 137.300
2016-12-09 05:29:36 | TEMPLOG : WellhouseOne | 139.100
2016-12-09 05:30:38 | TEMPLOG : WellhouseOne | 138.200
2016-12-09 05:31:39 | TEMPLOG : WellhouseOne | 135.500
2016-12-09 05:32:40 | TEMPLOG : WellhouseOne | 136.400
2016-12-09 05:33:42 | TEMPLOG : WellhouseOne | 137.300
2016-12-09 05:34:44 | TEMPLOG : WellhouseOne | 133.700
2016-12-09 05:35:46 | TEMPLOG : WellhouseOne | 136.400
2016-12-09 05:36:47 | TEMPLOG : WellhouseOne | 137.300
2016-12-09 05:37:49 | TEMPLOG : WellhouseOne | 136.400
2016-12-09 05:37:51 | TEMPLOG : Table    One | 021.200
2016-12-09 05:38:51 | TEMPLOG : WellhouseOne | 137.300
2016-12-09 05:39:52 | TEMPLOG : WellhouseOne | 134.600
2016-12-09 05:41:54 | TEMPLOG : WellhouseOne | 137.300
2016-12-09 05:42:55 | TEMPLOG : WellhouseOne | 139.100
2016-12-09 05:42:56 | TEMPLOG : Bio   Filter | 021.200
2016-12-09 05:44:59 | TEMPLOG : WellhouseOne | 141.800
2016-12-09 05:46:00 | TEMPLOG : WellhouseOne | 140.000
2016-12-09 05:47:03 | TEMPLOG : WellhouseOne | 139.100
2016-12-09 05:48:04 | TEMPLOG : WellhouseOne | 140.900
2016-12-09 05:49:06 | TEMPLOG : WellhouseOne | 141.800
2016-12-09 05:50:06 | TEMPLOG : WellhouseOne | 142.700
2016-12-09 05:50:06 | TEMPLOG : Bio   Filter | 022.100
2016-12-09 05:51:08 | TEMPLOG : WellhouseOne | 104.900
2016-12-09 05:52:08 | TEMPLOG : WellhouseOne | 086.000
2016-12-09 05:52:09 | TEMPLOG : Bio   Filter | 021.200
2016-12-09 05:53:09 | TEMPLOG : WellhouseOne | 074.300
2016-12-09 05:54:10 | TEMPLOG : WellhouseOne | 067.100
2016-12-09 05:55:12 | TEMPLOG : WellhouseOne | 060.800
2016-12-09 05:56:13 | TEMPLOG : WellhouseOne | 057.200
2016-12-09 05:57:14 | TEMPLOG : WellhouseOne | 053.600
2016-12-09 05:58:15 | TEMPLOG : WellhouseOne | 050.900
2016-12-09 05:59:16 | TEMPLOG : WellhouseOne | 048.200
2016-12-09 06:00:17 | TEMPLOG : WellhouseOne | 047.300
2016-12-09 06:00:18 | TEMPLOG : Bio   Filter | 021.200
2016-12-09 06:00:18 | TEMPLOG : To   GeoLoop | 034.700
2016-12-09 06:00:18 | TEMPLOG : Table    One | 021.200
2016-12-09 06:01:18 | TEMPLOG : WellhouseOne | 045.500
2016-12-09 06:02:20 | TEMPLOG : WellhouseOne | 044.600
2016-12-09 06:03:21 | TEMPLOG : WellhouseOne | 043.700
2016-12-09 06:04:23 | TEMPLOG : WellhouseOne | 042.800
2016-12-09 06:05:24 | TEMPLOG : WellhouseOne | 041.900
2016-12-09 06:06:25 | TEMPLOG : WellhouseOne | 041.000
2016-12-09 06:08:28 | TEMPLOG : WellhouseOne | 040.100
2016-12-09 06:09:29 | TEMPLOG : WellhouseOne | 077.000
2016-12-09 06:10:30 | TEMPLOG : WellhouseOne | 104.000
2016-12-09 06:11:31 | TEMPLOG : WellhouseOne | 113.000
2016-12-09 06:12:33 | TEMPLOG : WellhouseOne | 119.300
2016-12-09 06:13:34 | TEMPLOG : WellhouseOne | 122.900
2016-12-09 06:14:36 | TEMPLOG : WellhouseOne | 126.500
2016-12-09 06:15:37 | TEMPLOG : WellhouseOne | 129.200
2016-12-09 06:16:38 | TEMPLOG : WellhouseOne | 131.000
2016-12-09 06:17:40 | TEMPLOG : WellhouseOne | 130.100
2016-12-09 06:18:42 | TEMPLOG : WellhouseOne | 131.000
2016-12-09 06:19:43 | TEMPLOG : WellhouseOne | 132.800
2016-12-09 06:20:44 | TEMPLOG : WellhouseOne | 134.600
2016-12-09 06:21:45 | TEMPLOG : WellhouseOne | 133.700
2016-12-09 06:22:46 | TEMPLOG : WellhouseOne | 134.600
2016-12-09 06:23:47 | TEMPLOG : WellhouseOne | 133.700
2016-12-09 06:24:48 | TEMPLOG : WellhouseOne | 132.800
2016-12-09 06:25:49 | TEMPLOG : WellhouseOne | 134.600
2016-12-09 06:26:50 | TEMPLOG : WellhouseOne | 132.800
2016-12-09 06:27:52 | TEMPLOG : WellhouseOne | 134.600
2016-12-09 06:28:53 | TEMPLOG : WellhouseOne | 135.500
2016-12-09 06:29:54 | TEMPLOG : WellhouseOne | 134.600
2016-12-09 06:30:55 | TEMPLOG : WellhouseOne | 138.200
2016-12-09 06:31:56 | TEMPLOG : WellhouseOne | 137.300
2016-12-09 06:32:57 | TEMPLOG : WellhouseOne | 138.200
2016-12-09 06:34:58 | TEMPLOG : WellhouseOne | 137.300
2016-12-09 06:37:01 | TEMPLOG : WellhouseOne | 134.600
2016-12-09 06:38:02 | TEMPLOG : WellhouseOne | 133.700
2016-12-09 06:39:04 | TEMPLOG : WellhouseOne | 137.300
2016-12-09 06:40:05 | TEMPLOG : WellhouseOne | 132.800
2016-12-09 06:41:07 | TEMPLOG : WellhouseOne | 134.600
2016-12-09 06:42:08 | TEMPLOG : WellhouseOne | 133.700
2016-12-09 06:43:10 | TEMPLOG : WellhouseOne | 135.500
2016-12-09 06:44:11 | TEMPLOG : WellhouseOne | 131.900
2016-12-09 06:45:12 | TEMPLOG : WellhouseOne | 133.700
2016-12-09 06:46:14 | TEMPLOG : To   GeoLoop | 033.800
2016-12-09 06:47:14 | TEMPLOG : WellhouseOne | 134.600
2016-12-09 06:47:15 | TEMPLOG : To   GeoLoop | 034.700
2016-12-09 06:48:17 | TEMPLOG : WellhouseOne | 133.700
2016-12-09 06:50:19 | TEMPLOG : WellhouseOne | 135.500
2016-12-09 06:51:20 | TEMPLOG : WellhouseOne | 134.600
2016-12-09 06:52:21 | TEMPLOG : WellhouseOne | 136.400
2016-12-09 06:53:22 | TEMPLOG : WellhouseOne | 137.300
2016-12-09 06:54:23 | TEMPLOG : WellhouseOne | 135.500
2016-12-09 06:55:23 | TEMPLOG : WellhouseOne | 132.800
2016-12-09 06:56:24 | TEMPLOG : WellhouseOne | 134.600
2016-12-09 06:57:25 | TEMPLOG : WellhouseOne | 136.400
2016-12-09 06:59:28 | TEMPLOG : WellhouseOne | 137.300
2016-12-09 07:00:29 | TEMPLOG : WellhouseOne | 135.500
2016-12-09 07:00:29 | TEMPLOG : Bio   Filter | 021.200
2016-12-09 07:00:30 | TEMPLOG : To   GeoLoop | 034.700
2016-12-09 07:00:30 | TEMPLOG : Table    One | 021.200
2016-12-09 07:03:33 | TEMPLOG : WellhouseOne | 133.700
2016-12-09 07:04:33 | TEMPLOG : WellhouseOne | 135.500
2016-12-09 07:05:35 | TEMPLOG : WellhouseOne | 138.200
2016-12-09 07:06:36 | TEMPLOG : WellhouseOne | 136.400
2016-12-09 07:06:37 | TEMPLOG : To   GeoLoop | 033.800
2016-12-09 07:07:37 | TEMPLOG : WellhouseOne | 124.700
2016-12-09 07:08:38 | TEMPLOG : WellhouseOne | 095.000
2016-12-09 07:08:39 | TEMPLOG : To   GeoLoop | 034.700
2016-12-09 07:09:40 | TEMPLOG : WellhouseOne | 079.700
2016-12-09 07:09:40 | TEMPLOG : To   GeoLoop | 033.800
2016-12-09 07:10:41 | TEMPLOG : WellhouseOne | 069.800
2016-12-09 07:10:41 | TEMPLOG : To   GeoLoop | 034.700
2016-12-09 07:11:42 | TEMPLOG : WellhouseOne | 063.500
2016-12-09 07:11:42 | TEMPLOG : To   GeoLoop | 033.800
2016-12-09 07:12:42 | TEMPLOG : WellhouseOne | 059.000
2016-12-09 07:12:43 | TEMPLOG : To   GeoLoop | 034.700
2016-12-09 07:13:44 | TEMPLOG : WellhouseOne | 055.400
2016-12-09 07:13:44 | TEMPLOG : To   GeoLoop | 033.800
2016-12-09 07:14:45 | TEMPLOG : WellhouseOne | 052.700
2016-12-09 07:15:46 | TEMPLOG : WellhouseOne | 050.900
2016-12-09 07:15:46 | TEMPLOG : To   GeoLoop | 034.700
2016-12-09 07:16:47 | TEMPLOG : WellhouseOne | 049.100
2016-12-09 07:16:47 | TEMPLOG : To   GeoLoop | 033.800
2016-12-09 07:17:48 | TEMPLOG : WellhouseOne | 047.300
2016-12-09 07:18:49 | TEMPLOG : WellhouseOne | 046.400
2016-12-09 07:18:50 | TEMPLOG : To   GeoLoop | 034.700
2016-12-09 07:19:50 | TEMPLOG : WellhouseOne | 044.600
2016-12-09 07:19:51 | TEMPLOG : To   GeoLoop | 033.800
2016-12-09 07:20:52 | TEMPLOG : To   GeoLoop | 034.700
2016-12-09 07:21:52 | TEMPLOG : WellhouseOne | 043.700
2016-12-09 07:22:53 | TEMPLOG : WellhouseOne | 042.800
2016-12-09 07:23:55 | TEMPLOG : Bio   Filter | 022.100
2016-12-09 07:23:56 | TEMPLOG : Table    One | 022.100
2016-12-09 07:24:56 | TEMPLOG : WellhouseOne | 041.900
2016-12-09 07:27:00 | TEMPLOG : WellhouseOne | 082.400
2016-12-09 07:28:01 | TEMPLOG : WellhouseOne | 105.800
2016-12-09 07:29:03 | TEMPLOG : WellhouseOne | 117.500
2016-12-09 07:30:04 | TEMPLOG : WellhouseOne | 122.900
2016-12-09 07:30:04 | TEMPLOG : Bio   Filter | 023.000
2016-12-09 07:30:05 | TEMPLOG : Table    One | 023.000
2016-12-09 07:31:05 | TEMPLOG : WellhouseOne | 126.500
2016-12-09 07:32:06 | TEMPLOG : WellhouseOne | 130.100
2016-12-09 07:33:07 | TEMPLOG : WellhouseOne | 131.000
2016-12-09 07:34:08 | TEMPLOG : WellhouseOne | 130.100
2016-12-09 07:35:09 | TEMPLOG : WellhouseOne | 131.900
2016-12-09 07:35:11 | TEMPLOG : Table    One | 023.900
2016-12-09 07:36:11 | TEMPLOG : WellhouseOne | 135.500
2016-12-09 07:36:11 | TEMPLOG : Bio   Filter | 023.900
2016-12-09 07:37:12 | TEMPLOG : WellhouseOne | 133.700
2016-12-09 07:38:15 | TEMPLOG : Table    One | 024.800
2016-12-09 07:39:16 | TEMPLOG : WellhouseOne | 132.800
2016-12-09 07:41:17 | TEMPLOG : WellhouseOne | 134.600
2016-12-09 07:42:19 | TEMPLOG : Bio   Filter | 024.800
2016-12-09 07:42:20 | TEMPLOG : Table    One | 025.700
2016-12-09 07:43:20 | TEMPLOG : WellhouseOne | 136.400
2016-12-09 07:44:21 | TEMPLOG : WellhouseOne | 138.200
2016-12-09 07:45:23 | TEMPLOG : WellhouseOne | 141.800
2016-12-09 07:45:23 | TEMPLOG : To   GeoLoop | 035.600
2016-12-09 07:45:23 | TEMPLOG : Table    One | 026.600
2016-12-09 07:46:24 | TEMPLOG : WellhouseOne | 135.500
2016-12-09 07:46:24 | TEMPLOG : Bio   Filter | 025.700
2016-12-09 07:47:27 | TEMPLOG : WellhouseOne | 136.400
2016-12-09 07:47:27 | TEMPLOG : Table    One | 027.500
2016-12-09 07:48:28 | TEMPLOG : WellhouseOne | 103.100
2016-12-09 07:49:29 | TEMPLOG : WellhouseOne | 085.100
2016-12-09 07:50:30 | TEMPLOG : WellhouseOne | 073.400
2016-12-09 07:50:31 | TEMPLOG : Bio   Filter | 026.600
2016-12-09 07:50:32 | TEMPLOG : Table    One | 028.400
2016-12-09 07:51:32 | TEMPLOG : WellhouseOne | 066.200
2016-12-09 07:52:34 | TEMPLOG : WellhouseOne | 059.900
2016-12-09 07:52:34 | TEMPLOG : Table    One | 029.300
2016-12-09 07:53:35 | TEMPLOG : WellhouseOne | 054.500
2016-12-09 07:53:36 | TEMPLOG : Bio   Filter | 027.500
2016-12-09 07:54:37 | TEMPLOG : WellhouseOne | 052.700
2016-12-09 07:55:38 | TEMPLOG : WellhouseOne | 050.900
2016-12-09 07:55:39 | TEMPLOG : To   GeoLoop | 036.500
2016-12-09 07:56:40 | TEMPLOG : WellhouseOne | 049.100
2016-12-09 07:57:41 | TEMPLOG : WellhouseOne | 047.300
2016-12-09 07:58:42 | TEMPLOG : WellhouseOne | 045.500
2016-12-09 07:58:43 | TEMPLOG : Bio   Filter | 028.400
2016-12-09 07:58:44 | TEMPLOG : Table    One | 030.200
2016-12-09 07:59:44 | TEMPLOG : WellhouseOne | 044.600
2016-12-09 08:00:45 | TEMPLOG : WellhouseOne | 044.600
2016-12-09 08:00:45 | TEMPLOG : Bio   Filter | 028.400
2016-12-09 08:00:45 | TEMPLOG : To   GeoLoop | 036.500
2016-12-09 08:00:46 | TEMPLOG : Table    One | 030.200
2016-12-09 08:01:46 | TEMPLOG : WellhouseOne | 043.700
2016-12-09 08:01:46 | TEMPLOG : Table    One | 031.100
2016-12-09 08:02:46 | TEMPLOG : WellhouseOne | 042.800
2016-12-09 08:03:47 | TEMPLOG : WellhouseOne | 041.900
2016-12-09 08:03:48 | TEMPLOG : Bio   Filter | 029.300
2016-12-09 08:04:49 | TEMPLOG : WellhouseOne | 041.000
2016-12-09 08:06:52 | TEMPLOG : WellhouseOne | 042.800
2016-12-09 08:07:53 | TEMPLOG : WellhouseOne | 092.300
2016-12-09 08:08:54 | TEMPLOG : WellhouseOne | 109.400
2016-12-09 08:08:54 | TEMPLOG : Bio   Filter | 030.200
2016-12-09 08:09:55 | TEMPLOG : WellhouseOne | 117.500
2016-12-09 08:09:56 | TEMPLOG : To   GeoLoop | 037.400
2016-12-09 08:10:57 | TEMPLOG : WellhouseOne | 122.900
2016-12-09 08:10:57 | TEMPLOG : To   GeoLoop | 036.500
2016-12-09 08:11:58 | TEMPLOG : WellhouseOne | 127.400
2016-12-09 08:12:00 | TEMPLOG : To   GeoLoop | 037.400
2016-12-09 08:12:00 | TEMPLOG : Table    One | 032.900
2016-12-09 08:13:00 | TEMPLOG : WellhouseOne | 130.100
2016-12-09 08:14:01 | TEMPLOG : WellhouseOne | 131.900
2016-12-09 08:15:03 | TEMPLOG : WellhouseOne | 131.000
2016-12-09 08:15:03 | TEMPLOG : Bio   Filter | 031.100
2016-12-09 08:17:06 | TEMPLOG : WellhouseOne | 132.800
2016-12-09 08:19:09 | TEMPLOG : WellhouseOne | 137.300
2016-12-09 08:20:10 | TEMPLOG : WellhouseOne | 133.700
2016-12-09 08:21:11 | TEMPLOG : WellhouseOne | 138.200
2016-12-09 08:22:12 | TEMPLOG : WellhouseOne | 142.700
2016-12-09 08:23:13 | TEMPLOG : WellhouseOne | 139.100
2016-12-09 08:24:15 | TEMPLOG : WellhouseOne | 140.000
2016-12-09 08:24:16 | TEMPLOG : Bio   Filter | 032.900
2016-12-09 08:25:17 | TEMPLOG : WellhouseOne | 141.800
2016-12-09 08:26:18 | TEMPLOG : WellhouseOne | 130.100
2016-12-09 08:27:20 | TEMPLOG : WellhouseOne | 094.100
2016-12-09 08:28:21 | TEMPLOG : WellhouseOne | 077.000
2016-12-09 08:29:24 | TEMPLOG : WellhouseOne | 068.000
2016-12-09 08:29:24 | TEMPLOG : To   GeoLoop | 038.300
2016-12-09 08:30:25 | TEMPLOG : WellhouseOne | 062.600
2016-12-09 08:31:26 | TEMPLOG : WellhouseOne | 058.100
2016-12-09 08:32:27 | TEMPLOG : WellhouseOne | 054.500
2016-12-09 08:32:27 | TEMPLOG : Bio   Filter | 033.800
2016-12-09 08:33:28 | TEMPLOG : WellhouseOne | 051.800
2016-12-09 08:34:29 | TEMPLOG : WellhouseOne | 050.000
2016-12-09 08:35:29 | TEMPLOG : WellhouseOne | 048.200
2016-12-09 08:36:32 | TEMPLOG : WellhouseOne | 047.300
2016-12-09 08:37:33 | TEMPLOG : WellhouseOne | 046.400
2016-12-09 08:38:34 | TEMPLOG : WellhouseOne | 044.600
2016-12-09 08:38:34 | TEMPLOG : Bio   Filter | 034.700
2016-12-09 08:39:35 | TEMPLOG : WellhouseOne | 043.700
2016-12-09 08:40:38 | TEMPLOG : WellhouseOne | 042.800
2016-12-09 08:41:39 | TEMPLOG : WellhouseOne | 041.900
2016-12-09 08:42:40 | TEMPLOG : WellhouseOne | 041.000
2016-12-09 08:42:42 | TEMPLOG : Table    One | 033.800
2016-12-09 08:43:42 | TEMPLOG : WellhouseOne | 040.100
2016-12-09 08:43:43 | TEMPLOG : Bio   Filter | 035.600
2016-12-09 08:44:43 | TEMPLOG : WellhouseOne | 039.200
2016-12-09 08:45:44 | TEMPLOG : WellhouseOne | 073.400
2016-12-09 08:46:45 | TEMPLOG : WellhouseOne | 103.100
2016-12-09 08:47:47 | TEMPLOG : WellhouseOne | 115.700
2016-12-09 08:48:48 | TEMPLOG : WellhouseOne | 126.500
2016-12-09 08:48:48 | TEMPLOG : To   GeoLoop | 039.200
2016-12-09 08:49:49 | TEMPLOG : WellhouseOne | 133.700
2016-12-09 08:49:50 | TEMPLOG : To   GeoLoop | 038.300
2016-12-09 08:50:51 | TEMPLOG : WellhouseOne | 137.300
2016-12-09 08:51:53 | TEMPLOG : WellhouseOne | 138.200
2016-12-09 08:51:53 | TEMPLOG : Bio   Filter | 036.500
2016-12-09 08:51:53 | TEMPLOG : To   GeoLoop | 039.200
2016-12-09 08:52:54 | TEMPLOG : WellhouseOne | 139.100
2016-12-09 08:53:55 | TEMPLOG : WellhouseOne | 142.700
2016-12-09 08:53:56 | TEMPLOG : Table    One | 034.700
2016-12-09 08:55:57 | TEMPLOG : WellhouseOne | 122.900
2016-12-09 08:55:57 | TEMPLOG : Bio   Filter | 037.400
2016-12-09 08:56:58 | TEMPLOG : WellhouseOne | 093.200
2016-12-09 08:57:59 | TEMPLOG : WellhouseOne | 077.000
2016-12-09 08:58:00 | TEMPLOG : Table    One | 035.600
2016-12-09 08:59:00 | TEMPLOG : WellhouseOne | 066.200
2016-12-09 09:00:02 | TEMPLOG : WellhouseOne | 059.900
2016-12-09 09:00:03 | TEMPLOG : Bio   Filter | 037.400
2016-12-09 09:00:03 | TEMPLOG : To   GeoLoop | 039.200
2016-12-09 09:00:04 | TEMPLOG : Table    One | 035.600
2016-12-09 09:01:04 | TEMPLOG : WellhouseOne | 055.400
2016-12-09 09:02:06 | TEMPLOG : WellhouseOne | 052.700
2016-12-09 09:02:06 | TEMPLOG : Bio   Filter | 038.300
2016-12-09 09:03:07 | TEMPLOG : WellhouseOne | 050.900
2016-12-09 09:03:08 | TEMPLOG : Table    One | 036.500
2016-12-09 09:04:08 | TEMPLOG : WellhouseOne | 049.100
2016-12-09 09:05:10 | TEMPLOG : WellhouseOne | 047.300
2016-12-09 09:05:11 | TEMPLOG : To   GeoLoop | 040.100
2016-12-09 09:06:11 | TEMPLOG : WellhouseOne | 046.400
2016-12-09 09:07:13 | TEMPLOG : Bio   Filter | 039.200
2016-12-09 09:07:14 | TEMPLOG : Table    One | 037.400
2016-12-09 09:10:17 | TEMPLOG : WellhouseOne | 045.500
2016-12-09 09:11:18 | TEMPLOG : WellhouseOne | 044.600
2016-12-09 09:12:19 | TEMPLOG : WellhouseOne | 042.800
2016-12-09 09:12:20 | TEMPLOG : Table    One | 038.300
2016-12-09 09:14:21 | TEMPLOG : WellhouseOne | 041.900
2016-12-09 09:14:21 | TEMPLOG : Bio   Filter | 040.100
2016-12-09 09:15:22 | TEMPLOG : WellhouseOne | 041.000
2016-12-09 09:15:24 | TEMPLOG : Table    One | 039.200
2016-12-09 09:16:24 | TEMPLOG : WellhouseOne | 095.000
2016-12-09 09:17:25 | TEMPLOG : WellhouseOne | 115.700
2016-12-09 09:18:27 | TEMPLOG : WellhouseOne | 125.600
2016-12-09 09:18:27 | TEMPLOG : Bio   Filter | 041.000
2016-12-09 09:19:27 | TEMPLOG : WellhouseOne | 132.800
2016-12-09 09:19:28 | TEMPLOG : Table    One | 040.100
2016-12-09 09:20:28 | TEMPLOG : WellhouseOne | 137.300
2016-12-09 09:21:30 | TEMPLOG : WellhouseOne | 139.100
2016-12-09 09:21:30 | TEMPLOG : To   GeoLoop | 041.000
2016-12-09 09:22:31 | TEMPLOG : WellhouseOne | 142.700
2016-12-09 09:23:31 | TEMPLOG : WellhouseOne | 145.400
2016-12-09 09:24:32 | TEMPLOG : WellhouseOne | 132.800
2016-12-09 09:25:33 | TEMPLOG : WellhouseOne | 094.100
2016-12-09 09:25:34 | TEMPLOG : Bio   Filter | 041.900
2016-12-09 09:25:34 | TEMPLOG : Table    One | 041.000
2016-12-09 09:26:35 | TEMPLOG : WellhouseOne | 075.200
2016-12-09 09:27:36 | TEMPLOG : WellhouseOne | 067.100
2016-12-09 09:28:37 | TEMPLOG : WellhouseOne | 060.800
2016-12-09 09:28:39 | TEMPLOG : Table    One | 041.900
2016-12-09 09:29:39 | TEMPLOG : WellhouseOne | 056.300
2016-12-09 09:30:40 | TEMPLOG : WellhouseOne | 052.700
2016-12-09 09:31:43 | TEMPLOG : WellhouseOne | 049.100
2016-12-09 09:31:43 | TEMPLOG : Bio   Filter | 042.800
2016-12-09 09:32:43 | TEMPLOG : WellhouseOne | 048.200
2016-12-09 09:32:45 | TEMPLOG : Table    One | 042.800
2016-12-09 09:33:45 | TEMPLOG : WellhouseOne | 047.300
2016-12-09 09:34:47 | TEMPLOG : WellhouseOne | 045.500
2016-12-09 09:38:53 | TEMPLOG : WellhouseOne | 043.700
2016-12-09 09:38:53 | TEMPLOG : Bio   Filter | 043.700
2016-12-09 09:38:53 | TEMPLOG : Table    One | 043.700
2016-12-09 09:39:54 | TEMPLOG : WellhouseOne | 041.900
2016-12-09 09:41:58 | TEMPLOG : WellhouseOne | 041.000
2016-12-09 09:43:01 | TEMPLOG : Table    One | 044.600
2016-12-09 09:44:02 | TEMPLOG : WellhouseOne | 068.000
2016-12-09 09:44:02 | TEMPLOG : To   GeoLoop | 041.900
2016-12-09 09:45:03 | TEMPLOG : WellhouseOne | 105.800
2016-12-09 09:45:04 | TEMPLOG : Bio   Filter | 044.600
2016-12-09 09:46:05 | TEMPLOG : WellhouseOne | 121.100
2016-12-09 09:47:06 | TEMPLOG : WellhouseOne | 126.500
2016-12-09 09:47:07 | TEMPLOG : Table    One | 045.500
2016-12-09 09:48:08 | TEMPLOG : WellhouseOne | 131.900
2016-12-09 09:48:08 | TEMPLOG : Bio   Filter | 045.500
2016-12-09 09:48:08 | TEMPLOG : Table    One | 044.600
2016-12-09 09:49:09 | TEMPLOG : WellhouseOne | 138.200
2016-12-09 09:50:10 | TEMPLOG : WellhouseOne | 142.700
2016-12-09 09:50:11 | TEMPLOG : Table    One | 045.500
2016-12-09 09:51:11 | TEMPLOG : WellhouseOne | 140.900
2016-12-09 09:52:12 | TEMPLOG : WellhouseOne | 137.300
2016-12-09 09:53:14 | TEMPLOG : WellhouseOne | 096.800
2016-12-09 09:53:14 | TEMPLOG : Bio   Filter | 046.400
2016-12-09 09:53:15 | TEMPLOG : Table    One | 046.400
2016-12-09 09:54:15 | TEMPLOG : WellhouseOne | 077.000
2016-12-09 09:54:15 | TEMPLOG : Table    One | 047.300
2016-12-09 09:55:16 | TEMPLOG : WellhouseOne | 064.400
2016-12-09 09:56:17 | TEMPLOG : WellhouseOne | 059.000
2016-12-09 09:57:18 | TEMPLOG : WellhouseOne | 056.300
2016-12-09 09:57:19 | TEMPLOG : Table    One | 048.200
2016-12-09 09:58:19 | TEMPLOG : WellhouseOne | 051.800
2016-12-09 09:58:20 | TEMPLOG : Bio   Filter | 047.300
2016-12-09 09:58:20 | TEMPLOG : Table    One | 049.100
2016-12-09 09:59:21 | TEMPLOG : WellhouseOne | 050.000
2016-12-09 10:00:22 | TEMPLOG : WellhouseOne | 047.300
2016-12-09 10:00:23 | TEMPLOG : Bio   Filter | 047.300
2016-12-09 10:00:24 | TEMPLOG : To   GeoLoop | 041.900
2016-12-09 10:00:24 | TEMPLOG : Table    One | 050.000
2016-12-09 10:01:25 | TEMPLOG : WellhouseOne | 045.500
2016-12-09 10:01:27 | TEMPLOG : Table    One | 050.900
2016-12-09 10:02:27 | TEMPLOG : WellhouseOne | 044.600
2016-12-09 10:02:28 | TEMPLOG : Table    One | 051.800
2016-12-09 10:03:28 | TEMPLOG : WellhouseOne | 043.700
2016-12-09 10:03:28 | TEMPLOG : To   GeoLoop | 042.800
2016-12-09 10:03:29 | TEMPLOG : Table    One | 053.600
2016-12-09 10:04:29 | TEMPLOG : Bio   Filter | 048.200
2016-12-09 10:04:31 | TEMPLOG : Table    One | 056.300
2016-12-09 10:05:31 | TEMPLOG : WellhouseOne | 042.800
2016-12-09 10:05:32 | TEMPLOG : Table    One | 058.100
2016-12-09 10:06:33 | TEMPLOG : WellhouseOne | 041.000
2016-12-09 10:06:33 | TEMPLOG : Table    One | 059.000
2016-12-09 10:07:33 | TEMPLOG : WellhouseOne | 040.100
2016-12-09 10:08:35 | TEMPLOG : Table    One | 059.900
2016-12-09 10:10:37 | TEMPLOG : WellhouseOne | 039.200
2016-12-09 10:11:39 | TEMPLOG : WellhouseOne | 047.300
2016-12-09 10:12:41 | TEMPLOG : WellhouseOne | 099.500
2016-12-09 10:13:42 | TEMPLOG : WellhouseOne | 119.300
2016-12-09 10:13:43 | TEMPLOG : Table    One | 059.000
2016-12-09 10:14:43 | TEMPLOG : WellhouseOne | 131.000
2016-12-09 10:14:44 | TEMPLOG : To   GeoLoop | 043.700
2016-12-09 10:15:44 | TEMPLOG : WellhouseOne | 134.600
2016-12-09 10:15:45 | TEMPLOG : To   GeoLoop | 042.800
2016-12-09 10:16:45 | TEMPLOG : WellhouseOne | 139.100
2016-12-09 10:16:46 | TEMPLOG : To   GeoLoop | 043.700
2016-12-09 10:17:46 | TEMPLOG : WellhouseOne | 143.600
2016-12-09 10:18:49 | TEMPLOG : WellhouseOne | 103.100
2016-12-09 10:18:49 | TEMPLOG : Table    One | 059.900
2016-12-09 10:19:50 | TEMPLOG : WellhouseOne | 080.600
2016-12-09 10:20:50 | TEMPLOG : WellhouseOne | 068.000
2016-12-09 10:21:52 | TEMPLOG : WellhouseOne | 061.700
2016-12-09 10:21:53 | TEMPLOG : Table    One | 060.800
2016-12-09 10:22:54 | TEMPLOG : WellhouseOne | 056.300
2016-12-09 10:22:55 | TEMPLOG : Table    One | 061.700
2016-12-09 10:23:56 | TEMPLOG : WellhouseOne | 053.600
2016-12-09 10:23:56 | TEMPLOG : Table    One | 062.600
2016-12-09 10:24:57 | TEMPLOG : WellhouseOne | 050.900
2016-12-09 10:24:58 | TEMPLOG : Table    One | 063.500
2016-12-09 10:25:58 | TEMPLOG : WellhouseOne | 049.100
2016-12-09 10:25:58 | TEMPLOG : Table    One | 064.400
2016-12-09 10:26:59 | TEMPLOG : WellhouseOne | 047.300
2016-12-09 10:28:01 | TEMPLOG : WellhouseOne | 045.500
2016-12-09 10:29:02 | TEMPLOG : WellhouseOne | 044.600
2016-12-09 10:29:02 | TEMPLOG : Bio   Filter | 049.100
2016-12-09 10:29:02 | TEMPLOG : Table    One | 065.300
2016-12-09 10:31:04 | TEMPLOG : WellhouseOne | 043.700
2016-12-09 10:31:05 | TEMPLOG : Table    One | 066.200
2016-12-09 10:32:05 | TEMPLOG : WellhouseOne | 042.800
2016-12-09 10:32:06 | TEMPLOG : To   GeoLoop | 044.600
2016-12-09 10:33:07 | TEMPLOG : To   GeoLoop | 043.700
2016-12-09 10:34:07 | TEMPLOG : WellhouseOne | 041.900
2016-12-09 10:34:08 | TEMPLOG : Bio   Filter | 050.000
2016-12-09 10:34:08 | TEMPLOG : Table    One | 067.100
2016-12-09 10:35:08 | TEMPLOG : WellhouseOne | 041.000
2016-12-09 10:37:10 | TEMPLOG : WellhouseOne | 040.100
2016-12-09 10:38:11 | TEMPLOG : WellhouseOne | 059.000
2016-12-09 10:38:13 | TEMPLOG : To   GeoLoop | 044.600
2016-12-09 10:38:13 | TEMPLOG : Table    One | 068.000
2016-12-09 10:39:14 | TEMPLOG : WellhouseOne | 104.900
2016-12-09 10:39:14 | TEMPLOG : Bio   Filter | 050.900
2016-12-09 10:39:15 | TEMPLOG : To   GeoLoop | 043.700
2016-12-09 10:40:15 | TEMPLOG : WellhouseOne | 121.100
2016-12-09 10:40:17 | TEMPLOG : Table    One | 068.900
2016-12-09 10:41:17 | TEMPLOG : WellhouseOne | 131.000
2016-12-09 10:41:17 | TEMPLOG : Bio   Filter | 051.800
2016-12-09 10:42:18 | TEMPLOG : WellhouseOne | 138.200
2016-12-09 10:42:19 | TEMPLOG : To   GeoLoop | 044.600
2016-12-09 10:42:20 | TEMPLOG : Table    One | 069.800
2016-12-09 10:43:21 | TEMPLOG : Bio   Filter | 052.700
2016-12-09 10:43:21 | TEMPLOG : To   GeoLoop | 043.700
2016-12-09 10:44:21 | TEMPLOG : WellhouseOne | 102.200
2016-12-09 10:45:22 | TEMPLOG : WellhouseOne | 086.000
2016-12-09 10:45:23 | TEMPLOG : Table    One | 070.700
2016-12-09 10:46:24 | TEMPLOG : WellhouseOne | 069.800
2016-12-09 10:47:25 | TEMPLOG : WellhouseOne | 061.700
2016-12-09 10:48:26 | TEMPLOG : WellhouseOne | 057.200
2016-12-09 10:48:26 | TEMPLOG : Bio   Filter | 053.600
2016-12-09 10:49:26 | TEMPLOG : WellhouseOne | 053.600
2016-12-09 10:50:27 | TEMPLOG : WellhouseOne | 051.800
2016-12-09 10:50:28 | TEMPLOG : Table    One | 071.600
2016-12-09 10:51:28 | TEMPLOG : WellhouseOne | 049.100
2016-12-09 10:52:29 | TEMPLOG : WellhouseOne | 047.300
2016-12-09 10:52:30 | TEMPLOG : Bio   Filter | 054.500
2016-12-09 10:53:31 | TEMPLOG : WellhouseOne | 045.500
2016-12-09 10:54:33 | TEMPLOG : WellhouseOne | 044.600
2016-12-09 10:56:36 | TEMPLOG : WellhouseOne | 043.700
2016-12-09 10:56:36 | TEMPLOG : To   GeoLoop | 044.600
2016-12-09 10:56:36 | TEMPLOG : Table    One | 072.500
2016-12-09 10:57:36 | TEMPLOG : WellhouseOne | 042.800
2016-12-09 10:57:37 | TEMPLOG : Bio   Filter | 055.400
2016-12-09 10:59:39 | TEMPLOG : WellhouseOne | 041.900
2016-12-09 10:59:40 | TEMPLOG : Table    One | 073.400
2016-12-09 11:00:40 | TEMPLOG : WellhouseOne | 041.000
2016-12-09 11:00:40 | TEMPLOG : Bio   Filter | 055.400
2016-12-09 11:00:40 | TEMPLOG : To   GeoLoop | 044.600
2016-12-09 11:00:40 | TEMPLOG : Table    One | 073.400
2016-12-09 11:01:41 | TEMPLOG : Bio   Filter | 056.300
2016-12-09 11:02:42 | TEMPLOG : WellhouseOne | 040.100
2016-12-09 11:03:43 | TEMPLOG : WellhouseOne | 039.200
2016-12-09 11:03:43 | TEMPLOG : Table    One | 072.500
2016-12-09 11:04:44 | TEMPLOG : WellhouseOne | 096.800
2016-12-09 11:05:44 | TEMPLOG : WellhouseOne | 116.600
2016-12-09 11:05:45 | TEMPLOG : Bio   Filter | 057.200
2016-12-09 11:06:45 | TEMPLOG : WellhouseOne | 129.200
2016-12-09 11:06:46 | TEMPLOG : Table    One | 073.400
2016-12-09 11:07:47 | TEMPLOG : WellhouseOne | 135.500
2016-12-09 11:08:48 | TEMPLOG : WellhouseOne | 139.100
2016-12-09 11:08:49 | TEMPLOG : Table    One | 072.500
2016-12-09 11:09:49 | TEMPLOG : WellhouseOne | 103.100
2016-12-09 11:09:49 | TEMPLOG : Bio   Filter | 058.100
2016-12-09 11:10:50 | TEMPLOG : WellhouseOne | 082.400
2016-12-09 11:10:51 | TEMPLOG : Table    One | 073.400
2016-12-09 11:11:51 | TEMPLOG : WellhouseOne | 069.800
2016-12-09 11:12:53 | TEMPLOG : WellhouseOne | 062.600
2016-12-09 11:12:54 | TEMPLOG : Table    One | 072.500
2016-12-09 11:13:54 | TEMPLOG : WellhouseOne | 057.200
2016-12-09 11:14:56 | TEMPLOG : WellhouseOne | 053.600
2016-12-09 11:15:57 | TEMPLOG : WellhouseOne | 050.900
2016-12-09 11:16:58 | TEMPLOG : WellhouseOne | 050.000
2016-12-09 11:17:59 | TEMPLOG : WellhouseOne | 048.200
2016-12-09 11:18:00 | TEMPLOG : Bio   Filter | 059.000
2016-12-09 11:19:01 | TEMPLOG : WellhouseOne | 045.500
2016-12-09 11:19:02 | TEMPLOG : Table    One | 073.400
2016-12-09 11:20:02 | TEMPLOG : WellhouseOne | 044.600
2016-12-09 11:21:05 | TEMPLOG : WellhouseOne | 043.700
2016-12-09 11:21:05 | TEMPLOG : Table    One | 072.500
2016-12-09 11:22:05 | TEMPLOG : WellhouseOne | 042.800
2016-12-09 11:23:06 | TEMPLOG : WellhouseOne | 041.900
2016-12-09 11:24:08 | TEMPLOG : WellhouseOne | 040.100
2016-12-09 11:25:09 | TEMPLOG : WellhouseOne | 041.000
2016-12-09 11:25:10 | TEMPLOG : Bio   Filter | 058.100
2016-12-09 11:25:10 | TEMPLOG : Table    One | 071.600
2016-12-09 11:26:10 | TEMPLOG : Bio   Filter | 059.000
2016-12-09 11:26:11 | TEMPLOG : Table    One | 072.500
2016-12-09 11:27:11 | TEMPLOG : WellhouseOne | 040.100
2016-12-09 11:29:13 | TEMPLOG : WellhouseOne | 039.200
2016-12-09 11:30:14 | TEMPLOG : WellhouseOne | 094.100
2016-12-09 11:30:15 | TEMPLOG : Table    One | 073.400
2016-12-09 11:31:16 | TEMPLOG : WellhouseOne | 116.600
2016-12-09 11:31:16 | TEMPLOG : Bio   Filter | 059.900
2016-12-09 11:32:17 | TEMPLOG : WellhouseOne | 129.200
2016-12-09 11:33:18 | TEMPLOG : WellhouseOne | 136.400
2016-12-09 11:33:18 | TEMPLOG : To   GeoLoop | 045.500
2016-12-09 11:33:19 | TEMPLOG : Table    One | 074.300
2016-12-09 11:34:19 | TEMPLOG : WellhouseOne | 140.900
2016-12-09 11:35:20 | TEMPLOG : WellhouseOne | 105.800
2016-12-09 11:36:21 | TEMPLOG : WellhouseOne | 082.400
2016-12-09 11:36:21 | TEMPLOG : Table    One | 075.200
2016-12-09 11:37:22 | TEMPLOG : WellhouseOne | 070.700
2016-12-09 11:38:24 | TEMPLOG : WellhouseOne | 061.700
2016-12-09 11:39:25 | TEMPLOG : WellhouseOne | 058.100
2016-12-09 11:39:26 | TEMPLOG : Table    One | 076.100
2016-12-09 11:40:26 | TEMPLOG : WellhouseOne | 054.500
2016-12-09 11:41:27 | TEMPLOG : WellhouseOne | 050.900
2016-12-09 11:41:27 | TEMPLOG : Bio   Filter | 060.800
2016-12-09 11:42:28 | TEMPLOG : WellhouseOne | 050.000
2016-12-09 11:42:29 | TEMPLOG : Table    One | 077.000
2016-12-09 11:43:29 | TEMPLOG : WellhouseOne | 048.200
2016-12-09 11:44:30 | TEMPLOG : WellhouseOne | 046.400
2016-12-09 11:44:31 | TEMPLOG : Table    One | 076.100
2016-12-09 11:45:31 | TEMPLOG : WellhouseOne | 044.600
2016-12-09 11:45:31 | TEMPLOG : Bio   Filter | 059.900
2016-12-09 11:46:32 | TEMPLOG : WellhouseOne | 043.700
2016-12-09 11:49:35 | TEMPLOG : WellhouseOne | 042.800
2016-12-09 11:51:38 | TEMPLOG : Table    One | 075.200
2016-12-09 11:52:38 | TEMPLOG : WellhouseOne | 041.900
2016-12-09 11:52:38 | TEMPLOG : Bio   Filter | 060.800
2016-12-09 11:52:39 | TEMPLOG : To   GeoLoop | 046.400
2016-12-09 11:52:39 | TEMPLOG : Table    One | 076.100
2016-12-09 11:53:40 | TEMPLOG : To   GeoLoop | 045.500
2016-12-09 11:54:40 | TEMPLOG : WellhouseOne | 041.000
2016-12-09 11:54:41 | TEMPLOG : To   GeoLoop | 046.400
2016-12-09 11:54:41 | TEMPLOG : Table    One | 077.000
2016-12-09 11:55:42 | TEMPLOG : WellhouseOne | 040.100
2016-12-09 11:56:42 | TEMPLOG : WellhouseOne | 096.800
2016-12-09 11:57:43 | TEMPLOG : WellhouseOne | 117.500
2016-12-09 11:58:44 | TEMPLOG : WellhouseOne | 128.300
2016-12-09 11:58:45 | TEMPLOG : Table    One | 076.100
2016-12-09 11:59:46 | TEMPLOG : WellhouseOne | 136.400
2016-12-09 11:59:47 | TEMPLOG : Table    One | 077.000
2016-12-09 12:00:48 | TEMPLOG : WellhouseOne | 123.800
2016-12-09 12:00:48 | TEMPLOG : Bio   Filter | 060.800
2016-12-09 12:00:49 | TEMPLOG : To   GeoLoop | 046.400
2016-12-09 12:00:50 | TEMPLOG : Table    One | 077.900
2016-12-09 12:01:51 | TEMPLOG : WellhouseOne | 091.400
2016-12-09 12:01:52 | TEMPLOG : Table    One | 078.800
2016-12-09 12:02:52 | TEMPLOG : WellhouseOne | 077.000
2016-12-09 12:03:53 | TEMPLOG : WellhouseOne | 067.100
2016-12-09 12:03:54 | TEMPLOG : Table    One | 079.700
2016-12-09 12:04:55 | TEMPLOG : WellhouseOne | 060.800
2016-12-09 12:05:56 | TEMPLOG : WellhouseOne | 056.300
2016-12-09 12:05:56 | TEMPLOG : Bio   Filter | 061.700
2016-12-09 12:06:57 | TEMPLOG : WellhouseOne | 053.600
2016-12-09 12:06:58 | TEMPLOG : Table    One | 078.800
2016-12-09 12:07:59 | TEMPLOG : WellhouseOne | 051.800
2016-12-09 12:08:00 | TEMPLOG : Table    One | 079.700
2016-12-09 12:09:00 | TEMPLOG : WellhouseOne | 050.900
2016-12-09 12:09:02 | TEMPLOG : Table    One | 080.600
2016-12-09 12:10:02 | TEMPLOG : WellhouseOne | 049.100
2016-12-09 12:10:02 | TEMPLOG : To   GeoLoop | 047.300
2016-12-09 12:10:02 | TEMPLOG : Table    One | 079.700
2016-12-09 12:11:04 | TEMPLOG : WellhouseOne | 048.200
2016-12-09 12:12:05 | TEMPLOG : WellhouseOne | 047.300
2016-12-09 12:12:05 | TEMPLOG : Table    One | 080.600
2016-12-09 12:13:06 | TEMPLOG : WellhouseOne | 046.400
2016-12-09 12:14:07 | TEMPLOG : WellhouseOne | 045.500
2016-12-09 12:16:08 | TEMPLOG : WellhouseOne | 044.600
2016-12-09 12:17:11 | TEMPLOG : Table    One | 079.700
2016-12-09 12:19:13 | TEMPLOG : WellhouseOne | 042.800
2016-12-09 12:19:15 | TEMPLOG : Table    One | 080.600
2016-12-09 12:20:15 | TEMPLOG : WellhouseOne | 041.900
2016-12-09 12:21:16 | TEMPLOG : WellhouseOne | 041.000
2016-12-09 12:21:18 | TEMPLOG : Table    One | 079.700
2016-12-09 12:22:18 | TEMPLOG : WellhouseOne | 041.900
2016-12-09 12:22:18 | TEMPLOG : Bio   Filter | 060.800
2016-12-09 12:23:19 | TEMPLOG : WellhouseOne | 085.100
2016-12-09 12:24:20 | TEMPLOG : WellhouseOne | 113.900
2016-12-09 12:24:20 | TEMPLOG : Table    One | 078.800
2016-12-09 12:25:20 | TEMPLOG : WellhouseOne | 126.500
2016-12-09 12:26:22 | TEMPLOG : WellhouseOne | 134.600
2016-12-09 12:26:23 | TEMPLOG : To   GeoLoop | 048.200
2016-12-09 12:27:23 | TEMPLOG : WellhouseOne | 096.800
2016-12-09 12:27:24 | TEMPLOG : Table    One | 077.900
2016-12-09 12:28:25 | TEMPLOG : WellhouseOne | 078.800
2016-12-09 12:28:26 | TEMPLOG : Table    One | 079.700
2016-12-09 12:29:26 | TEMPLOG : WellhouseOne | 070.700
2016-12-09 12:30:28 | TEMPLOG : WellhouseOne | 060.800
2016-12-09 12:30:30 | TEMPLOG : Table    One | 080.600
2016-12-09 12:31:30 | TEMPLOG : WellhouseOne | 057.200
2016-12-09 12:31:31 | TEMPLOG : Table    One | 079.700
2016-12-09 12:32:31 | TEMPLOG : WellhouseOne | 052.700
2016-12-09 12:32:32 | TEMPLOG : Table    One | 078.800
2016-12-09 12:33:32 | TEMPLOG : WellhouseOne | 050.900
2016-12-09 12:34:34 | TEMPLOG : WellhouseOne | 050.000
2016-12-09 12:34:34 | TEMPLOG : To   GeoLoop | 049.100
2016-12-09 12:35:34 | TEMPLOG : WellhouseOne | 048.200
2016-12-09 12:36:35 | TEMPLOG : WellhouseOne | 047.300
2016-12-09 12:36:35 | TEMPLOG : Bio   Filter | 059.900
2016-12-09 12:37:36 | TEMPLOG : WellhouseOne | 046.400
2016-12-09 12:37:37 | TEMPLOG : Table    One | 079.700
2016-12-09 12:38:37 | TEMPLOG : WellhouseOne | 045.500
2016-12-09 12:38:38 | TEMPLOG : To   GeoLoop | 050.000
2016-12-09 12:39:39 | TEMPLOG : Table    One | 078.800
2016-12-09 12:41:40 | TEMPLOG : WellhouseOne | 044.600
2016-12-09 12:41:41 | TEMPLOG : Table    One | 077.900
2016-12-09 12:42:41 | TEMPLOG : WellhouseOne | 043.700
2016-12-09 12:42:42 | TEMPLOG : To   GeoLoop | 050.900
2016-12-09 12:43:42 | TEMPLOG : WellhouseOne | 042.800
2016-12-09 12:43:42 | TEMPLOG : Table    One | 078.800
2016-12-09 12:44:43 | TEMPLOG : Bio   Filter | 059.000
2016-12-09 12:44:44 | TEMPLOG : Table    One | 079.700
2016-12-09 12:45:45 | TEMPLOG : Table    One | 080.600
2016-12-09 12:46:45 | TEMPLOG : WellhouseOne | 041.900
2016-12-09 12:46:46 | TEMPLOG : Bio   Filter | 059.900
2016-12-09 12:48:49 | TEMPLOG : Table    One | 081.500
2016-12-09 12:49:50 | TEMPLOG : WellhouseOne | 041.000
2016-12-09 12:50:50 | TEMPLOG : WellhouseOne | 081.500
2016-12-09 12:51:52 | TEMPLOG : WellhouseOne | 113.000
2016-12-09 12:51:53 | TEMPLOG : Table    One | 082.400
2016-12-09 12:52:54 | TEMPLOG : WellhouseOne | 126.500
2016-12-09 12:53:55 | TEMPLOG : WellhouseOne | 130.100
2016-12-09 12:53:55 | TEMPLOG : To   GeoLoop | 051.800
2016-12-09 12:53:55 | TEMPLOG : Table    One | 083.300
2016-12-09 12:54:55 | TEMPLOG : WellhouseOne | 091.400
2016-12-09 12:54:56 | TEMPLOG : Table    One | 082.400
2016-12-09 12:55:57 | TEMPLOG : WellhouseOne | 076.100
2016-12-09 12:56:58 | TEMPLOG : WellhouseOne | 067.100
2016-12-09 12:56:58 | TEMPLOG : Table    One | 081.500
2016-12-09 12:57:59 | TEMPLOG : WellhouseOne | 060.800
2016-12-09 12:59:00 | TEMPLOG : WellhouseOne | 056.300
2016-12-09 13:00:01 | TEMPLOG : WellhouseOne | 053.600
2016-12-09 13:00:02 | TEMPLOG : Bio   Filter | 059.900
2016-12-09 13:00:02 | TEMPLOG : To   GeoLoop | 051.800
2016-12-09 13:00:02 | TEMPLOG : Table    One | 081.500
2016-12-09 13:01:03 | TEMPLOG : WellhouseOne | 050.900
2016-12-09 13:01:03 | TEMPLOG : Bio   Filter | 059.000
2016-12-09 13:01:04 | TEMPLOG : Table    One | 080.600
2016-12-09 13:02:05 | TEMPLOG : WellhouseOne | 049.100
2016-12-09 13:03:06 | TEMPLOG : WellhouseOne | 048.200
2016-12-09 13:04:07 | TEMPLOG : WellhouseOne | 047.300
2016-12-09 13:05:09 | TEMPLOG : WellhouseOne | 046.400
2016-12-09 13:06:09 | TEMPLOG : WellhouseOne | 045.500
2016-12-09 13:06:10 | TEMPLOG : To   GeoLoop | 052.700
2016-12-09 13:07:11 | TEMPLOG : WellhouseOne | 046.400
2016-12-09 13:07:12 | TEMPLOG : Table    One | 081.500
2016-12-09 13:08:13 | TEMPLOG : WellhouseOne | 045.500
2016-12-09 13:09:15 | TEMPLOG : WellhouseOne | 044.600
2016-12-09 13:09:16 | TEMPLOG : Table    One | 082.400
2016-12-09 13:10:16 | TEMPLOG : Bio   Filter | 059.900
2016-12-09 13:10:17 | TEMPLOG : Table    One | 081.500
2016-12-09 13:11:18 | TEMPLOG : Bio   Filter | 059.000
2016-12-09 13:11:19 | TEMPLOG : Table    One | 080.600
2016-12-09 13:12:19 | TEMPLOG : WellhouseOne | 043.700
2016-12-09 13:12:20 | TEMPLOG : Table    One | 079.700
2016-12-09 13:13:20 | TEMPLOG : WellhouseOne | 042.800
2016-12-09 13:15:23 | TEMPLOG : To   GeoLoop | 051.800
2016-12-09 13:15:23 | TEMPLOG : Table    One | 078.800
2016-12-09 13:16:24 | TEMPLOG : Table    One | 077.900
2016-12-09 13:18:25 | TEMPLOG : WellhouseOne | 087.800
2016-12-09 13:18:26 | TEMPLOG : Bio   Filter | 058.100
2016-12-09 13:19:26 | TEMPLOG : WellhouseOne | 119.300
2016-12-09 13:19:27 | TEMPLOG : Table    One | 077.000
2016-12-09 13:20:27 | TEMPLOG : WellhouseOne | 130.100
2016-12-09 13:20:28 | TEMPLOG : Table    One | 076.100
2016-12-09 13:21:28 | TEMPLOG : WellhouseOne | 092.300
2016-12-09 13:21:29 | TEMPLOG : Bio   Filter | 057.200
2016-12-09 13:21:29 | TEMPLOG : Table    One | 075.200
2016-12-09 13:22:29 | TEMPLOG : WellhouseOne | 076.100
2016-12-09 13:22:30 | TEMPLOG : To   GeoLoop | 050.900
2016-12-09 13:22:30 | TEMPLOG : Table    One | 074.300
2016-12-09 13:23:30 | TEMPLOG : WellhouseOne | 067.100
2016-12-09 13:23:31 | TEMPLOG : Bio   Filter | 056.300
2016-12-09 13:24:31 | TEMPLOG : WellhouseOne | 060.800
2016-12-09 13:24:32 | TEMPLOG : Table    One | 072.500
2016-12-09 13:25:33 | TEMPLOG : WellhouseOne | 057.200
2016-12-09 13:25:33 | TEMPLOG : Bio   Filter | 055.400
2016-12-09 13:25:34 | TEMPLOG : Table    One | 071.600
2016-12-09 13:26:34 | TEMPLOG : WellhouseOne | 052.700
2016-12-09 13:26:35 | TEMPLOG : Table    One | 074.300
2016-12-09 13:27:35 | TEMPLOG : WellhouseOne | 050.900
2016-12-09 13:27:36 | TEMPLOG : Table    One | 073.400
2016-12-09 13:28:36 | TEMPLOG : WellhouseOne | 050.000
2016-12-09 13:29:39 | TEMPLOG : Table    One | 074.300
2016-12-09 13:30:39 | TEMPLOG : WellhouseOne | 049.100
2016-12-09 13:30:41 | TEMPLOG : To   GeoLoop | 051.800
2016-12-09 13:30:41 | TEMPLOG : Table    One | 076.100
2016-12-09 13:32:43 | TEMPLOG : WellhouseOne | 047.300
2016-12-09 13:32:43 | TEMPLOG : Table    One | 074.300
2016-12-09 13:33:43 | TEMPLOG : WellhouseOne | 046.400
2016-12-09 13:33:43 | TEMPLOG : Bio   Filter | 054.500
2016-12-09 13:33:44 | TEMPLOG : To   GeoLoop | 050.900
2016-12-09 13:33:45 | TEMPLOG : Table    One | 072.500
2016-12-09 13:34:46 | TEMPLOG : Table    One | 070.700
2016-12-09 13:35:46 | TEMPLOG : WellhouseOne | 045.500
2016-12-09 13:35:47 | TEMPLOG : Table    One | 069.800
2016-12-09 13:36:48 | TEMPLOG : Table    One | 068.900
2016-12-09 13:37:49 | TEMPLOG : WellhouseOne | 044.600
2016-12-09 13:37:49 | TEMPLOG : Bio   Filter | 053.600
2016-12-09 13:37:49 | TEMPLOG : Table    One | 069.800
2016-12-09 13:38:49 | TEMPLOG : WellhouseOne | 045.500
2016-12-09 13:39:50 | TEMPLOG : WellhouseOne | 044.600
2016-12-09 13:40:51 | TEMPLOG : WellhouseOne | 043.700
2016-12-09 13:40:52 | TEMPLOG : Table    One | 068.900
2016-12-09 13:42:54 | TEMPLOG : Table    One | 069.800
2016-12-09 13:43:55 | TEMPLOG : WellhouseOne | 042.800
2016-12-09 13:43:56 | TEMPLOG : Table    One | 070.700
2016-12-09 13:44:56 | TEMPLOG : WellhouseOne | 085.100
2016-12-09 13:44:57 | TEMPLOG : Table    One | 072.500
2016-12-09 13:45:57 | TEMPLOG : WellhouseOne | 115.700
2016-12-09 13:45:58 | TEMPLOG : Table    One | 071.600
2016-12-09 13:46:58 | TEMPLOG : WellhouseOne | 129.200
2016-12-09 13:46:59 | TEMPLOG : Table    One | 068.900
2016-12-09 13:47:59 | TEMPLOG : WellhouseOne | 120.200
2016-12-09 13:48:00 | TEMPLOG : Bio   Filter | 052.700
2016-12-09 13:49:01 | TEMPLOG : WellhouseOne | 089.600
2016-12-09 13:49:02 | TEMPLOG : To   GeoLoop | 050.000
2016-12-09 13:49:03 | TEMPLOG : Table    One | 067.100
2016-12-09 13:50:03 | TEMPLOG : WellhouseOne | 075.200
2016-12-09 13:50:04 | TEMPLOG : Table    One | 065.300
2016-12-09 13:51:04 | TEMPLOG : WellhouseOne | 067.100
2016-12-09 13:51:04 | TEMPLOG : Bio   Filter | 051.800
2016-12-09 13:51:05 | TEMPLOG : Table    One | 066.200
2016-12-09 13:52:05 | TEMPLOG : WellhouseOne | 060.800
2016-12-09 13:52:06 | TEMPLOG : Table    One | 065.300
2016-12-09 13:53:06 | TEMPLOG : WellhouseOne | 059.000
2016-12-09 13:53:07 | TEMPLOG : Table    One | 066.200
2016-12-09 13:54:07 | TEMPLOG : WellhouseOne | 056.300
2016-12-09 13:54:07 | TEMPLOG : Table    One | 064.400
2016-12-09 13:55:08 | TEMPLOG : WellhouseOne | 052.700
2016-12-09 13:55:09 | TEMPLOG : Table    One | 062.600
2016-12-09 13:56:09 | TEMPLOG : WellhouseOne | 051.800
2016-12-09 13:56:10 | TEMPLOG : Bio   Filter | 050.900
2016-12-09 13:56:10 | TEMPLOG : To   GeoLoop | 049.100
2016-12-09 13:56:10 | TEMPLOG : Table    One | 061.700
2016-12-09 13:57:11 | TEMPLOG : Table    One | 062.600
2016-12-09 13:58:12 | TEMPLOG : WellhouseOne | 050.900
2016-12-09 13:58:13 | TEMPLOG : Table    One | 061.700
2016-12-09 13:59:13 | TEMPLOG : WellhouseOne | 049.100
2016-12-09 13:59:13 | TEMPLOG : Bio   Filter | 050.000
2016-12-09 14:00:14 | TEMPLOG : WellhouseOne | 049.100
2016-12-09 14:00:15 | TEMPLOG : Bio   Filter | 050.000
2016-12-09 14:00:15 | TEMPLOG : To   GeoLoop | 049.100
2016-12-09 14:00:15 | TEMPLOG : Table    One | 061.700
2016-12-09 14:01:16 | TEMPLOG : WellhouseOne | 048.200
2016-12-09 14:01:17 | TEMPLOG : Table    One | 060.800
2016-12-09 14:04:19 | TEMPLOG : Bio   Filter | 049.100
2016-12-09 14:04:20 | TEMPLOG : Table    One | 061.700
2016-12-09 14:05:20 | TEMPLOG : WellhouseOne | 047.300
2016-12-09 14:05:21 | TEMPLOG : Table    One | 063.500
2016-12-09 14:06:21 | TEMPLOG : WellhouseOne | 046.400
2016-12-09 14:06:22 | TEMPLOG : To   GeoLoop | 050.000
2016-12-09 14:06:22 | TEMPLOG : Table    One | 062.600
2016-12-09 14:07:23 | TEMPLOG : WellhouseOne | 045.500
2016-12-09 14:07:24 | TEMPLOG : To   GeoLoop | 049.100
2016-12-09 14:07:24 | TEMPLOG : Table    One | 061.700
2016-12-09 14:08:26 | TEMPLOG : Table    One | 060.800
2016-12-09 14:09:26 | TEMPLOG : WellhouseOne | 044.600
2016-12-09 14:09:27 | TEMPLOG : Table    One | 059.900
2016-12-09 14:10:27 | TEMPLOG : WellhouseOne | 045.500
2016-12-09 14:10:28 | TEMPLOG : Table    One | 060.800
2016-12-09 14:12:29 | TEMPLOG : WellhouseOne | 044.600
2016-12-09 14:12:30 | TEMPLOG : Bio   Filter | 048.200
2016-12-09 14:13:30 | TEMPLOG : WellhouseOne | 086.900
2016-12-09 14:13:31 | TEMPLOG : Table    One | 059.900
2016-12-09 14:14:31 | TEMPLOG : WellhouseOne | 116.600
2016-12-09 14:15:32 | TEMPLOG : WellhouseOne | 129.200
2016-12-09 14:16:33 | TEMPLOG : WellhouseOne | 106.700
2016-12-09 14:17:34 | TEMPLOG : WellhouseOne | 084.200
2016-12-09 14:18:35 | TEMPLOG : WellhouseOne | 070.700
2016-12-09 14:19:36 | TEMPLOG : WellhouseOne | 064.400
2016-12-09 14:19:37 | TEMPLOG : Table    One | 059.000
2016-12-09 14:20:37 | TEMPLOG : WellhouseOne | 059.900
2016-12-09 14:20:38 | TEMPLOG : Table    One | 059.900
2016-12-09 14:21:38 | TEMPLOG : WellhouseOne | 058.100
2016-12-09 14:21:38 | TEMPLOG : Table    One | 059.000
2016-12-09 14:22:39 | TEMPLOG : WellhouseOne | 055.400
2016-12-09 14:22:40 | TEMPLOG : Table    One | 057.200
2016-12-09 14:23:40 | TEMPLOG : WellhouseOne | 053.600
2016-12-09 14:23:40 | TEMPLOG : Bio   Filter | 047.300
2016-12-09 14:23:40 | TEMPLOG : To   GeoLoop | 048.200
2016-12-09 14:23:41 | TEMPLOG : Table    One | 056.300
2016-12-09 14:24:41 | TEMPLOG : WellhouseOne | 051.800
2016-12-09 14:24:42 | TEMPLOG : Table    One | 055.400
2016-12-09 14:25:42 | TEMPLOG : WellhouseOne | 050.900
2016-12-09 14:25:42 | TEMPLOG : Table    One | 054.500
2016-12-09 14:26:43 | TEMPLOG : WellhouseOne | 050.000
2016-12-09 14:26:43 | TEMPLOG : Bio   Filter | 046.400
2016-12-09 14:26:43 | TEMPLOG : Table    One | 052.700
2016-12-09 14:27:44 | TEMPLOG : WellhouseOne | 048.200
2016-12-09 14:27:45 | TEMPLOG : Table    One | 051.800
2016-12-09 14:28:46 | TEMPLOG : Bio   Filter | 045.500
2016-12-09 14:28:46 | TEMPLOG : Table    One | 050.900
2016-12-09 14:29:47 | TEMPLOG : To   GeoLoop | 047.300
2016-12-09 14:29:48 | TEMPLOG : Table    One | 050.000
2016-12-09 14:30:49 | TEMPLOG : WellhouseOne | 047.300
2016-12-09 14:30:49 | TEMPLOG : Bio   Filter | 044.600
2016-12-09 14:30:50 | TEMPLOG : Table    One | 049.100
2016-12-09 14:31:50 | TEMPLOG : WellhouseOne | 046.400
2016-12-09 14:32:52 | TEMPLOG : Bio   Filter | 043.700
2016-12-09 14:32:52 | TEMPLOG : Table    One | 048.200
2016-12-09 14:33:53 | TEMPLOG : WellhouseOne | 045.500
2016-12-09 14:33:53 | TEMPLOG : Table    One | 047.300
2016-12-09 14:35:55 | TEMPLOG : Bio   Filter | 042.800
2016-12-09 14:35:55 | TEMPLOG : Table    One | 046.400
2016-12-09 14:38:58 | TEMPLOG : WellhouseOne | 044.600
2016-12-09 14:39:59 | TEMPLOG : Bio   Filter | 041.900
2016-12-09 14:39:59 | TEMPLOG : Table    One | 045.500
2016-12-09 14:40:59 | TEMPLOG : WellhouseOne | 043.700
2016-12-09 14:42:00 | TEMPLOG : WellhouseOne | 096.800
2016-12-09 14:43:01 | TEMPLOG : WellhouseOne | 120.200
2016-12-09 14:44:03 | TEMPLOG : WellhouseOne | 131.000
2016-12-09 14:44:03 | TEMPLOG : Table    One | 044.600
2016-12-09 14:45:03 | TEMPLOG : WellhouseOne | 116.600
2016-12-09 14:45:03 | TEMPLOG : Bio   Filter | 041.000
2016-12-09 14:45:04 | TEMPLOG : To   GeoLoop | 046.400
2016-12-09 14:46:04 | TEMPLOG : WellhouseOne | 089.600
2016-12-09 14:47:06 | TEMPLOG : WellhouseOne | 072.500
2016-12-09 14:48:07 | TEMPLOG : WellhouseOne | 064.400
2016-12-09 14:49:09 | TEMPLOG : WellhouseOne | 059.900
2016-12-09 14:49:10 | TEMPLOG : Table    One | 043.700
2016-12-09 14:50:10 | TEMPLOG : WellhouseOne | 056.300
2016-12-09 14:51:12 | TEMPLOG : WellhouseOne | 054.500
2016-12-09 14:52:13 | TEMPLOG : WellhouseOne | 053.600
2016-12-09 14:52:13 | TEMPLOG : Bio   Filter | 040.100
2016-12-09 14:53:15 | TEMPLOG : WellhouseOne | 051.800
2016-12-09 14:54:16 | TEMPLOG : WellhouseOne | 050.000
2016-12-09 14:55:17 | TEMPLOG : WellhouseOne | 049.100
2016-12-09 14:55:19 | TEMPLOG : Table    One | 042.800
2016-12-09 14:56:19 | TEMPLOG : WellhouseOne | 048.200
2016-12-09 14:58:23 | TEMPLOG : WellhouseOne | 047.300
2016-12-09 14:58:24 | TEMPLOG : Bio   Filter | 039.200
2016-12-09 14:59:26 | TEMPLOG : Table    One | 041.900
2016-12-09 15:00:26 | TEMPLOG : WellhouseOne | 047.300
2016-12-09 15:00:26 | TEMPLOG : Bio   Filter | 039.200
2016-12-09 15:00:26 | TEMPLOG : To   GeoLoop | 046.400
2016-12-09 15:00:27 | TEMPLOG : Table    One | 041.900
2016-12-09 15:01:27 | TEMPLOG : WellhouseOne | 046.400
2016-12-09 15:02:28 | TEMPLOG : WellhouseOne | 045.500
2016-12-09 15:04:32 | TEMPLOG : WellhouseOne | 044.600
2016-12-09 15:06:34 | TEMPLOG : Bio   Filter | 038.300
2016-12-09 15:06:35 | TEMPLOG : Table    One | 041.000
2016-12-09 15:08:37 | TEMPLOG : WellhouseOne | 043.700
2016-12-09 15:09:39 | TEMPLOG : WellhouseOne | 042.800
2016-12-09 15:09:40 | TEMPLOG : Table    One | 041.900
2016-12-09 15:10:40 | TEMPLOG : WellhouseOne | 054.500
2016-12-09 15:11:41 | TEMPLOG : WellhouseOne | 107.600
2016-12-09 15:11:42 | TEMPLOG : Table    One | 042.800
2016-12-09 15:12:42 | TEMPLOG : WellhouseOne | 124.700
2016-12-09 15:12:44 | TEMPLOG : Table    One | 043.700
2016-12-09 15:13:45 | TEMPLOG : WellhouseOne | 132.800
2016-12-09 15:13:46 | TEMPLOG : Table    One | 045.500
2016-12-09 15:14:46 | TEMPLOG : WellhouseOne | 104.000
2016-12-09 15:14:47 | TEMPLOG : Bio   Filter | 039.200
2016-12-09 15:14:47 | TEMPLOG : To   GeoLoop | 047.300
2016-12-09 15:14:47 | TEMPLOG : Table    One | 047.300
2016-12-09 15:15:47 | TEMPLOG : WellhouseOne | 086.000
2016-12-09 15:15:48 | TEMPLOG : Table    One | 049.100
2016-12-09 15:16:48 | TEMPLOG : WellhouseOne | 072.500
2016-12-09 15:16:49 | TEMPLOG : Bio   Filter | 040.100
2016-12-09 15:16:50 | TEMPLOG : Table    One | 050.000
2016-12-09 15:17:50 | TEMPLOG : WellhouseOne | 064.400
2016-12-09 15:17:52 | TEMPLOG : Table    One | 049.100
2016-12-09 15:18:52 | TEMPLOG : WellhouseOne | 058.100
2016-12-09 15:19:53 | TEMPLOG : WellhouseOne | 054.500
2016-12-09 15:19:54 | TEMPLOG : Table    One | 048.200
2016-12-09 15:20:55 | TEMPLOG : WellhouseOne | 052.700
2016-12-09 15:20:56 | TEMPLOG : Table    One | 046.400
2016-12-09 15:21:56 | TEMPLOG : WellhouseOne | 050.900
2016-12-09 15:21:57 | TEMPLOG : Table    One | 044.600
2016-12-09 15:22:57 | TEMPLOG : WellhouseOne | 049.100
2016-12-09 15:22:58 | TEMPLOG : Bio   Filter | 039.200
2016-12-09 15:22:58 | TEMPLOG : To   GeoLoop | 046.400
2016-12-09 15:22:59 | TEMPLOG : Table    One | 043.700
2016-12-09 15:23:59 | TEMPLOG : WellhouseOne | 048.200
2016-12-09 15:24:00 | TEMPLOG : Table    One | 042.800
2016-12-09 15:25:00 | TEMPLOG : WellhouseOne | 047.300
2016-12-09 15:26:02 | TEMPLOG : Table    One | 041.900
2016-12-09 15:27:02 | TEMPLOG : WellhouseOne | 046.400
2016-12-09 15:27:02 | TEMPLOG : Bio   Filter | 038.300
2016-12-09 15:29:04 | TEMPLOG : WellhouseOne | 045.500
2016-12-09 15:31:06 | TEMPLOG : WellhouseOne | 044.600
2016-12-09 15:33:09 | TEMPLOG : Table    One | 041.000
2016-12-09 15:36:12 | TEMPLOG : Bio   Filter | 037.400
2016-12-09 15:38:15 | TEMPLOG : Table    One | 041.900
2016-12-09 15:39:15 | TEMPLOG : WellhouseOne | 104.000
2016-12-09 15:40:16 | TEMPLOG : WellhouseOne | 121.100
2016-12-09 15:40:17 | TEMPLOG : Table    One | 041.000
2016-12-09 15:41:17 | TEMPLOG : WellhouseOne | 131.900
2016-12-09 15:42:18 | TEMPLOG : WellhouseOne | 113.900
2016-12-09 15:42:19 | TEMPLOG : Table    One | 042.800
2016-12-09 15:43:20 | TEMPLOG : WellhouseOne | 090.500
2016-12-09 15:43:20 | TEMPLOG : Table    One | 045.500
2016-12-09 15:44:20 | TEMPLOG : WellhouseOne | 078.800
2016-12-09 15:44:20 | TEMPLOG : Bio   Filter | 038.300
2016-12-09 15:44:21 | TEMPLOG : Table    One | 046.400
2016-12-09 15:45:21 | TEMPLOG : WellhouseOne | 070.700
2016-12-09 15:45:22 | TEMPLOG : Table    One | 048.200
2016-12-09 15:46:23 | TEMPLOG : WellhouseOne | 065.300
2016-12-09 15:46:23 | TEMPLOG : To   GeoLoop | 047.300
2016-12-09 15:46:23 | TEMPLOG : Table    One | 050.000
2016-12-09 15:47:24 | TEMPLOG : WellhouseOne | 060.800
2016-12-09 15:47:25 | TEMPLOG : Bio   Filter | 039.200
2016-12-09 15:47:25 | TEMPLOG : Table    One | 050.900
2016-12-09 15:48:25 | TEMPLOG : WellhouseOne | 057.200
2016-12-09 15:48:27 | TEMPLOG : Table    One | 051.800
2016-12-09 15:49:27 | TEMPLOG : WellhouseOne | 054.500
2016-12-09 15:50:29 | TEMPLOG : WellhouseOne | 052.700
2016-12-09 15:50:30 | TEMPLOG : Table    One | 050.900
2016-12-09 15:51:31 | TEMPLOG : WellhouseOne | 051.800
2016-12-09 15:51:31 | TEMPLOG : Table    One | 050.000
2016-12-09 15:52:31 | TEMPLOG : WellhouseOne | 050.900
2016-12-09 15:52:32 | TEMPLOG : Table    One | 049.100
2016-12-09 15:53:32 | TEMPLOG : WellhouseOne | 050.000
2016-12-09 15:53:33 | TEMPLOG : Table    One | 048.200
2016-12-09 15:54:34 | TEMPLOG : Table    One | 047.300
2016-12-09 15:55:35 | TEMPLOG : WellhouseOne | 049.100
2016-12-09 15:55:36 | TEMPLOG : To   GeoLoop | 046.400
2016-12-09 15:55:36 | TEMPLOG : Table    One | 048.200
2016-12-09 15:56:37 | TEMPLOG : To   GeoLoop | 047.300
2016-12-09 15:58:39 | TEMPLOG : To   GeoLoop | 046.400
2016-12-09 15:58:39 | TEMPLOG : Table    One | 047.300
2016-12-09 15:59:41 | TEMPLOG : Table    One | 045.500
2016-12-09 16:00:41 | TEMPLOG : WellhouseOne | 048.200
2016-12-09 16:00:42 | TEMPLOG : Bio   Filter | 038.300
2016-12-09 16:00:42 | TEMPLOG : To   GeoLoop | 046.400
2016-12-09 16:00:42 | TEMPLOG : Table    One | 043.700
2016-12-09 16:01:43 | TEMPLOG : Table    One | 042.800
2016-12-09 16:02:44 | TEMPLOG : WellhouseOne | 047.300
2016-12-09 16:02:44 | TEMPLOG : Table    One | 041.000
2016-12-09 16:03:45 | TEMPLOG : Bio   Filter | 037.400
2016-12-09 16:04:46 | TEMPLOG : To   GeoLoop | 045.500
2016-12-09 16:04:46 | TEMPLOG : Table    One | 040.100
2016-12-09 16:05:47 | TEMPLOG : WellhouseOne | 046.400
2016-12-09 16:05:47 | TEMPLOG : Table    One | 039.200
2016-12-09 16:06:48 | TEMPLOG : WellhouseOne | 055.400
2016-12-09 16:07:48 | TEMPLOG : WellhouseOne | 104.900
2016-12-09 16:07:49 | TEMPLOG : Bio   Filter | 036.500
2016-12-09 16:07:49 | TEMPLOG : Table    One | 038.300
2016-12-09 16:08:50 | TEMPLOG : WellhouseOne | 122.900
2016-12-09 16:09:51 | TEMPLOG : WellhouseOne | 132.800
2016-12-09 16:10:53 | TEMPLOG : WellhouseOne | 104.000
2016-12-09 16:11:53 | TEMPLOG : WellhouseOne | 086.000
2016-12-09 16:11:55 | TEMPLOG : Table    One | 037.400
2016-12-09 16:12:55 | TEMPLOG : WellhouseOne | 074.300
2016-12-09 16:12:56 | TEMPLOG : Bio   Filter | 035.600
2016-12-09 16:13:57 | TEMPLOG : WellhouseOne | 068.000
2016-12-09 16:14:58 | TEMPLOG : WellhouseOne | 063.500
2016-12-09 16:15:59 | TEMPLOG : WellhouseOne | 059.900
2016-12-09 16:17:00 | TEMPLOG : WellhouseOne | 058.100
2016-12-09 16:18:01 | TEMPLOG : WellhouseOne | 056.300
2016-12-09 16:19:01 | TEMPLOG : WellhouseOne | 054.500
2016-12-09 16:19:02 | TEMPLOG : Table    One | 036.500
2016-12-09 16:20:02 | TEMPLOG : WellhouseOne | 052.700
2016-12-09 16:20:02 | TEMPLOG : Bio   Filter | 034.700
2016-12-09 16:21:04 | TEMPLOG : WellhouseOne | 051.800
2016-12-09 16:22:06 | TEMPLOG : WellhouseOne | 050.000
2016-12-09 16:22:06 | TEMPLOG : To   GeoLoop | 044.600
2016-12-09 16:25:08 | TEMPLOG : WellhouseOne | 049.100
2016-12-09 16:27:10 | TEMPLOG : WellhouseOne | 048.200
2016-12-09 16:27:11 | TEMPLOG : Table    One | 035.600
2016-12-09 16:30:13 | TEMPLOG : WellhouseOne | 047.300
2016-12-09 16:31:14 | TEMPLOG : Bio   Filter | 033.800
2016-12-09 16:32:15 | TEMPLOG : WellhouseOne | 046.400
2016-12-09 16:35:19 | TEMPLOG : WellhouseOne | 097.700
2016-12-09 16:36:20 | TEMPLOG : WellhouseOne | 118.400
2016-12-09 16:37:20 | TEMPLOG : WellhouseOne | 129.200
2016-12-09 16:38:22 | TEMPLOG : WellhouseOne | 135.500
2016-12-09 16:39:26 | TEMPLOG : WellhouseOne | 096.800
2016-12-09 16:40:27 | TEMPLOG : WellhouseOne | 081.500
2016-12-09 16:41:29 | TEMPLOG : WellhouseOne | 071.600
2016-12-09 16:42:30 | TEMPLOG : WellhouseOne | 066.200
2016-12-09 16:43:32 | TEMPLOG : WellhouseOne | 061.700
2016-12-09 16:44:33 | TEMPLOG : WellhouseOne | 059.000
2016-12-09 16:45:35 | TEMPLOG : WellhouseOne | 056.300
2016-12-09 16:46:36 | TEMPLOG : WellhouseOne | 054.500
2016-12-09 16:47:37 | TEMPLOG : WellhouseOne | 053.600
2016-12-09 16:48:38 | TEMPLOG : WellhouseOne | 052.700
2016-12-09 16:48:38 | TEMPLOG : Table    One | 034.700
2016-12-09 16:49:39 | TEMPLOG : WellhouseOne | 051.800
2016-12-09 16:49:40 | TEMPLOG : Table    One | 035.600
2016-12-09 16:50:40 | TEMPLOG : WellhouseOne | 050.900
2016-12-09 16:50:41 | TEMPLOG : Table    One | 034.700
2016-12-09 16:51:41 | TEMPLOG : WellhouseOne | 050.000
2016-12-09 16:53:46 | TEMPLOG : WellhouseOne | 049.100
2016-12-09 16:54:47 | TEMPLOG : Bio   Filter | 032.900
2016-12-09 16:55:47 | TEMPLOG : WellhouseOne | 048.200
2016-12-09 16:55:48 | TEMPLOG : Bio   Filter | 033.800
2016-12-09 16:56:49 | TEMPLOG : WellhouseOne | 047.300
2016-12-09 16:56:49 | TEMPLOG : Bio   Filter | 032.900
2016-12-09 16:58:51 | TEMPLOG : Bio   Filter | 033.800
2016-12-09 16:59:52 | TEMPLOG : WellhouseOne | 046.400
2016-12-09 16:59:52 | TEMPLOG : Bio   Filter | 032.900
2016-12-09 17:00:53 | TEMPLOG : WellhouseOne | 046.400
2016-12-09 17:00:54 | TEMPLOG : Bio   Filter | 032.900
2016-12-09 17:00:54 | TEMPLOG : To   GeoLoop | 044.600
2016-12-09 17:00:54 | TEMPLOG : Table    One | 034.700
2016-12-09 17:01:55 | TEMPLOG : WellhouseOne | 045.500
2016-12-09 17:02:56 | TEMPLOG : WellhouseOne | 094.100
2016-12-09 17:03:58 | TEMPLOG : WellhouseOne | 118.400
2016-12-09 17:04:59 | TEMPLOG : WellhouseOne | 129.200
2016-12-09 17:06:01 | TEMPLOG : WellhouseOne | 130.100
2016-12-09 17:07:02 | TEMPLOG : WellhouseOne | 093.200
2016-12-09 17:08:03 | TEMPLOG : WellhouseOne | 080.600
2016-12-09 17:09:04 | TEMPLOG : WellhouseOne | 071.600
2016-12-09 17:10:05 | TEMPLOG : WellhouseOne | 065.300
2016-12-09 17:11:06 | TEMPLOG : WellhouseOne | 060.800
2016-12-09 17:12:08 | TEMPLOG : WellhouseOne | 058.100
2016-12-09 17:13:10 | TEMPLOG : WellhouseOne | 056.300
2016-12-09 17:14:11 | TEMPLOG : WellhouseOne | 054.500
2016-12-09 17:15:12 | TEMPLOG : WellhouseOne | 052.700
2016-12-09 17:16:13 | TEMPLOG : WellhouseOne | 051.800
2016-12-09 17:17:15 | TEMPLOG : WellhouseOne | 050.900
2016-12-09 17:18:16 | TEMPLOG : WellhouseOne | 050.000
2016-12-09 17:19:17 | TEMPLOG : WellhouseOne | 049.100
2016-12-09 17:21:20 | TEMPLOG : WellhouseOne | 048.200
2016-12-09 17:24:22 | TEMPLOG : WellhouseOne | 047.300
2016-12-09 17:25:24 | TEMPLOG : WellhouseOne | 046.400
2016-12-09 17:28:29 | TEMPLOG : WellhouseOne | 045.500
2016-12-09 17:29:31 | TEMPLOG : WellhouseOne | 057.200
2016-12-09 17:30:32 | TEMPLOG : WellhouseOne | 099.500
2016-12-09 17:31:33 | TEMPLOG : WellhouseOne | 117.500
2016-12-09 17:32:34 | TEMPLOG : WellhouseOne | 126.500
2016-12-09 17:33:35 | TEMPLOG : WellhouseOne | 130.100
2016-12-09 17:34:36 | TEMPLOG : WellhouseOne | 095.000
2016-12-09 17:35:37 | TEMPLOG : WellhouseOne | 080.600
2016-12-09 17:36:38 | TEMPLOG : WellhouseOne | 070.700
2016-12-09 17:36:39 | TEMPLOG : Table    One | 033.800
2016-12-09 17:37:40 | TEMPLOG : WellhouseOne | 065.300
2016-12-09 17:37:40 | TEMPLOG : Table    One | 034.700
2016-12-09 17:38:41 | TEMPLOG : WellhouseOne | 060.800
2016-12-09 17:38:41 | TEMPLOG : Table    One | 033.800
2016-12-09 17:39:42 | TEMPLOG : WellhouseOne | 058.100
2016-12-09 17:40:44 | TEMPLOG : WellhouseOne | 055.400
2016-12-09 17:41:45 | TEMPLOG : WellhouseOne | 053.600
2016-12-09 17:42:46 | TEMPLOG : WellhouseOne | 052.700
2016-12-09 17:43:49 | TEMPLOG : WellhouseOne | 051.800
2016-12-09 17:44:51 | TEMPLOG : WellhouseOne | 050.900
2016-12-09 17:45:53 | TEMPLOG : WellhouseOne | 050.000
2016-12-09 17:46:54 | TEMPLOG : WellhouseOne | 049.100
2016-12-09 17:47:56 | TEMPLOG : WellhouseOne | 048.200
2016-12-09 17:49:58 | TEMPLOG : WellhouseOne | 047.300
2016-12-09 17:53:01 | TEMPLOG : WellhouseOne | 046.400
2016-12-09 17:55:03 | TEMPLOG : WellhouseOne | 045.500
2016-12-09 17:57:05 | TEMPLOG : WellhouseOne | 063.500
2016-12-09 17:58:07 | TEMPLOG : WellhouseOne | 106.700
2016-12-09 17:59:08 | TEMPLOG : WellhouseOne | 122.000
2016-12-09 18:00:10 | TEMPLOG : WellhouseOne | 131.000
2016-12-09 18:00:10 | TEMPLOG : Bio   Filter | 032.900
2016-12-09 18:00:10 | TEMPLOG : To   GeoLoop | 044.600
2016-12-09 18:00:11 | TEMPLOG : Table    One | 033.800
2016-12-09 18:01:11 | TEMPLOG : WellhouseOne | 136.400
2016-12-09 18:02:12 | TEMPLOG : WellhouseOne | 096.800
2016-12-09 18:02:13 | TEMPLOG : To   GeoLoop | 043.700
2016-12-09 18:03:13 | TEMPLOG : WellhouseOne | 083.300
2016-12-09 18:04:14 | TEMPLOG : WellhouseOne | 073.400
2016-12-09 18:05:15 | TEMPLOG : WellhouseOne | 065.300
2016-12-09 18:06:16 | TEMPLOG : WellhouseOne | 060.800
2016-12-09 18:07:17 | TEMPLOG : WellhouseOne | 056.300
2016-12-09 18:08:19 | TEMPLOG : WellhouseOne | 053.600
2016-12-09 18:09:20 | TEMPLOG : WellhouseOne | 050.900
2016-12-09 18:09:21 | TEMPLOG : Table    One | 032.900
2016-12-09 18:10:22 | TEMPLOG : WellhouseOne | 050.000
2016-12-09 18:11:24 | TEMPLOG : WellhouseOne | 049.100
2016-12-09 18:12:25 | TEMPLOG : WellhouseOne | 048.200
2016-12-09 18:16:30 | TEMPLOG : WellhouseOne | 047.300
2016-12-09 18:17:31 | TEMPLOG : WellhouseOne | 046.400
2016-12-09 18:20:35 | TEMPLOG : WellhouseOne | 045.500
2016-12-09 18:21:36 | TEMPLOG : WellhouseOne | 044.600
2016-12-09 18:23:37 | TEMPLOG : WellhouseOne | 043.700
2016-12-09 18:24:39 | TEMPLOG : WellhouseOne | 042.800
2016-12-09 18:25:40 | TEMPLOG : WellhouseOne | 075.200
2016-12-09 18:26:41 | TEMPLOG : WellhouseOne | 112.100
2016-12-09 18:27:42 | TEMPLOG : WellhouseOne | 125.600
2016-12-09 18:28:44 | TEMPLOG : WellhouseOne | 134.600
2016-12-09 18:29:45 | TEMPLOG : WellhouseOne | 113.900
2016-12-09 18:30:46 | TEMPLOG : WellhouseOne | 091.400
2016-12-09 18:31:47 | TEMPLOG : WellhouseOne | 078.800
2016-12-09 18:32:50 | TEMPLOG : WellhouseOne | 070.700
2016-12-09 18:33:51 | TEMPLOG : WellhouseOne | 064.400
2016-12-09 18:34:52 | TEMPLOG : WellhouseOne | 058.100
2016-12-09 18:35:52 | TEMPLOG : WellhouseOne | 055.400
2016-12-09 18:36:54 | TEMPLOG : WellhouseOne | 051.800
2016-12-09 18:37:55 | TEMPLOG : WellhouseOne | 050.900
2016-12-09 18:38:56 | TEMPLOG : WellhouseOne | 049.100
2016-12-09 18:40:59 | TEMPLOG : WellhouseOne | 048.200
2016-12-09 18:42:01 | TEMPLOG : WellhouseOne | 047.300
2016-12-09 18:43:03 | TEMPLOG : WellhouseOne | 046.400
2016-12-09 18:45:04 | TEMPLOG : WellhouseOne | 045.500
2016-12-09 18:48:08 | TEMPLOG : WellhouseOne | 044.600
2016-12-09 18:48:08 | TEMPLOG : Bio   Filter | 031.100
2016-12-09 18:49:09 | TEMPLOG : WellhouseOne | 043.700
2016-12-09 18:51:12 | TEMPLOG : WellhouseOne | 042.800
2016-12-09 18:52:13 | TEMPLOG : WellhouseOne | 041.900
2016-12-09 18:54:16 | TEMPLOG : WellhouseOne | 071.600
2016-12-09 18:55:17 | TEMPLOG : WellhouseOne | 109.400
2016-12-09 18:56:18 | TEMPLOG : WellhouseOne | 122.000
2016-12-09 18:57:19 | TEMPLOG : WellhouseOne | 129.200
2016-12-09 18:58:21 | TEMPLOG : WellhouseOne | 134.600
2016-12-09 18:59:22 | TEMPLOG : WellhouseOne | 096.800
2016-12-09 19:00:22 | TEMPLOG : WellhouseOne | 081.500
2016-12-09 19:00:23 | TEMPLOG : Bio   Filter | 031.100
2016-12-09 19:00:23 | TEMPLOG : To   GeoLoop | 043.700
2016-12-09 19:01:23 | TEMPLOG : WellhouseOne | 069.800
2016-12-09 19:02:24 | TEMPLOG : WellhouseOne | 063.500
2016-12-09 19:03:26 | TEMPLOG : WellhouseOne | 057.200
2016-12-09 19:04:27 | TEMPLOG : WellhouseOne | 052.700
2016-12-09 19:05:29 | TEMPLOG : WellhouseOne | 050.900
2016-12-09 19:06:29 | TEMPLOG : WellhouseOne | 050.000
2016-12-09 19:07:30 | TEMPLOG : WellhouseOne | 049.100
2016-12-09 19:08:31 | TEMPLOG : WellhouseOne | 047.300
2016-12-09 19:09:33 | TEMPLOG : WellhouseOne | 046.400
2016-12-09 19:10:34 | TEMPLOG : WellhouseOne | 045.500
2016-12-09 19:12:37 | TEMPLOG : WellhouseOne | 044.600
2016-12-09 19:13:38 | TEMPLOG : WellhouseOne | 043.700
2016-12-09 19:15:40 | TEMPLOG : WellhouseOne | 042.800
2016-12-09 19:18:44 | TEMPLOG : WellhouseOne | 041.900
2016-12-09 19:20:48 | TEMPLOG : WellhouseOne | 041.000
2016-12-09 19:23:52 | TEMPLOG : WellhouseOne | 074.300
2016-12-09 19:24:54 | TEMPLOG : WellhouseOne | 113.000
2016-12-09 19:25:55 | TEMPLOG : WellhouseOne | 126.500
2016-12-09 19:26:56 | TEMPLOG : WellhouseOne | 133.700
2016-12-09 19:27:57 | TEMPLOG : WellhouseOne | 136.400
2016-12-09 19:28:59 | TEMPLOG : WellhouseOne | 097.700
2016-12-09 19:30:00 | TEMPLOG : WellhouseOne | 082.400
2016-12-09 19:31:01 | TEMPLOG : WellhouseOne | 070.700
2016-12-09 19:32:03 | TEMPLOG : WellhouseOne | 064.400
2016-12-09 19:33:05 | TEMPLOG : WellhouseOne | 059.900
2016-12-09 19:34:06 | TEMPLOG : WellhouseOne | 057.200
2016-12-09 19:35:08 | TEMPLOG : WellhouseOne | 054.500
2016-12-09 19:36:09 | TEMPLOG : WellhouseOne | 051.800
2016-12-09 19:37:10 | TEMPLOG : WellhouseOne | 050.000
2016-12-09 19:38:12 | TEMPLOG : WellhouseOne | 049.100
2016-12-09 19:39:13 | TEMPLOG : WellhouseOne | 048.200
2016-12-09 19:40:14 | TEMPLOG : WellhouseOne | 047.300
2016-12-09 19:42:16 | TEMPLOG : WellhouseOne | 046.400
2016-12-09 19:44:18 | TEMPLOG : Table    One | 033.800
2016-12-09 19:45:19 | TEMPLOG : WellhouseOne | 045.500
2016-12-09 19:46:20 | TEMPLOG : WellhouseOne | 044.600
2016-12-09 19:46:20 | TEMPLOG : Table    One | 032.900
2016-12-09 19:47:21 | TEMPLOG : WellhouseOne | 043.700
2016-12-09 19:48:25 | TEMPLOG : Table    One | 033.800
2016-12-09 19:52:30 | TEMPLOG : WellhouseOne | 093.200
2016-12-09 19:53:31 | TEMPLOG : WellhouseOne | 115.700
2016-12-09 19:54:32 | TEMPLOG : WellhouseOne | 126.500
2016-12-09 19:55:33 | TEMPLOG : WellhouseOne | 132.800
2016-12-09 19:56:35 | TEMPLOG : WellhouseOne | 136.400
2016-12-09 19:56:36 | TEMPLOG : Table    One | 032.900
2016-12-09 19:57:36 | TEMPLOG : WellhouseOne | 099.500
2016-12-09 19:58:38 | TEMPLOG : WellhouseOne | 085.100
2016-12-09 19:59:39 | TEMPLOG : WellhouseOne | 072.500
2016-12-09 20:00:40 | TEMPLOG : WellhouseOne | 064.400
2016-12-09 20:00:41 | TEMPLOG : To   GeoLoop | 043.700
2016-12-09 20:00:41 | TEMPLOG : Table    One | 032.900
2016-12-09 20:01:41 | TEMPLOG : WellhouseOne | 060.800
2016-12-09 20:02:43 | TEMPLOG : WellhouseOne | 057.200
2016-12-09 20:02:44 | TEMPLOG : To   GeoLoop | 042.800
2016-12-09 20:03:45 | TEMPLOG : WellhouseOne | 054.500
2016-12-09 20:04:46 | TEMPLOG : WellhouseOne | 052.700
2016-12-09 20:05:47 | TEMPLOG : WellhouseOne | 050.900
2016-12-09 20:06:49 | TEMPLOG : WellhouseOne | 049.100
2016-12-09 20:07:49 | TEMPLOG : WellhouseOne | 048.200
2016-12-09 20:09:52 | TEMPLOG : WellhouseOne | 047.300
2016-12-09 20:11:54 | TEMPLOG : WellhouseOne | 046.400
2016-12-09 20:12:55 | TEMPLOG : WellhouseOne | 045.500
2016-12-09 20:13:57 | TEMPLOG : WellhouseOne | 044.600
2016-12-09 20:14:58 | TEMPLOG : WellhouseOne | 043.700
2016-12-09 20:19:04 | TEMPLOG : WellhouseOne | 042.800
2016-12-09 20:21:06 | TEMPLOG : WellhouseOne | 073.400
2016-12-09 20:22:07 | TEMPLOG : WellhouseOne | 105.800
2016-12-09 20:23:09 | TEMPLOG : WellhouseOne | 120.200
2016-12-09 20:24:10 | TEMPLOG : WellhouseOne | 129.200
2016-12-09 20:25:11 | TEMPLOG : WellhouseOne | 134.600
2016-12-09 20:25:12 | TEMPLOG : Table    One | 031.100
2016-12-09 20:26:13 | TEMPLOG : WellhouseOne | 119.300
2016-12-09 20:27:14 | TEMPLOG : WellhouseOne | 093.200
2016-12-09 20:28:15 | TEMPLOG : WellhouseOne | 080.600
2016-12-09 20:29:16 | TEMPLOG : WellhouseOne | 069.800
2016-12-09 20:30:18 | TEMPLOG : WellhouseOne | 063.500
2016-12-09 20:31:21 | TEMPLOG : WellhouseOne | 058.100
2016-12-09 20:32:23 | TEMPLOG : WellhouseOne | 053.600
2016-12-09 20:33:24 | TEMPLOG : WellhouseOne | 050.900
2016-12-09 20:34:25 | TEMPLOG : WellhouseOne | 049.100
2016-12-09 20:35:26 | TEMPLOG : WellhouseOne | 047.300
2016-12-09 20:36:27 | TEMPLOG : WellhouseOne | 046.400
2016-12-09 20:37:28 | TEMPLOG : WellhouseOne | 045.500
2016-12-09 20:38:29 | TEMPLOG : WellhouseOne | 043.700
2016-12-09 20:40:31 | TEMPLOG : WellhouseOne | 042.800
2016-12-09 20:41:32 | TEMPLOG : WellhouseOne | 041.900
2016-12-09 20:43:37 | TEMPLOG : Table    One | 032.900
2016-12-09 20:46:41 | TEMPLOG : WellhouseOne | 041.000
2016-12-09 20:49:45 | TEMPLOG : WellhouseOne | 040.100
2016-12-09 20:50:47 | TEMPLOG : WellhouseOne | 055.400
2016-12-09 20:51:48 | TEMPLOG : WellhouseOne | 108.500
2016-12-09 20:52:49 | TEMPLOG : WellhouseOne | 123.800
2016-12-09 20:53:50 | TEMPLOG : WellhouseOne | 131.900
2016-12-09 20:54:51 | TEMPLOG : WellhouseOne | 135.500
2016-12-09 20:55:52 | TEMPLOG : WellhouseOne | 105.800
2016-12-09 20:56:54 | TEMPLOG : WellhouseOne | 086.900
2016-12-09 20:57:55 | TEMPLOG : WellhouseOne | 074.300
2016-12-09 20:58:56 | TEMPLOG : WellhouseOne | 064.400
2016-12-09 20:59:58 | TEMPLOG : WellhouseOne | 059.900
2016-12-09 21:00:59 | TEMPLOG : WellhouseOne | 054.500
2016-12-09 21:02:00 | TEMPLOG : WellhouseOne | 050.900
2016-12-09 21:03:01 | TEMPLOG : WellhouseOne | 048.200
2016-12-09 21:04:02 | TEMPLOG : WellhouseOne | 047.300
2016-12-09 21:05:03 | TEMPLOG : WellhouseOne | 045.500
2016-12-09 21:06:04 | TEMPLOG : WellhouseOne | 044.600
2016-12-09 21:08:08 | TEMPLOG : WellhouseOne | 043.700
2016-12-09 21:09:09 | TEMPLOG : WellhouseOne | 042.800
2016-12-09 21:10:10 | TEMPLOG : WellhouseOne | 041.900
2016-12-09 21:12:13 | TEMPLOG : WellhouseOne | 041.000
2016-12-09 21:14:15 | TEMPLOG : WellhouseOne | 040.100
2016-12-09 21:20:22 | TEMPLOG : WellhouseOne | 092.300
2016-12-09 21:21:23 | TEMPLOG : WellhouseOne | 114.800
2016-12-09 21:22:24 | TEMPLOG : WellhouseOne | 124.700
2016-12-09 21:23:25 | TEMPLOG : WellhouseOne | 129.200
2016-12-09 21:24:27 | TEMPLOG : WellhouseOne | 133.700
2016-12-09 21:25:28 | TEMPLOG : WellhouseOne | 103.100
2016-12-09 21:26:30 | TEMPLOG : WellhouseOne | 084.200
2016-12-09 21:27:33 | TEMPLOG : WellhouseOne | 071.600
2016-12-09 21:28:34 | TEMPLOG : WellhouseOne | 065.300
2016-12-09 21:29:35 | TEMPLOG : WellhouseOne | 058.100
2016-12-09 21:30:36 | TEMPLOG : WellhouseOne | 053.600
2016-12-09 21:31:38 | TEMPLOG : WellhouseOne | 051.800
2016-12-09 21:32:39 | TEMPLOG : WellhouseOne | 049.100
2016-12-09 21:33:42 | TEMPLOG : WellhouseOne | 047.300
2016-12-09 21:34:43 | TEMPLOG : WellhouseOne | 046.400
2016-12-09 21:35:45 | TEMPLOG : WellhouseOne | 044.600
2016-12-09 21:36:46 | TEMPLOG : WellhouseOne | 043.700
2016-12-09 21:38:49 | TEMPLOG : WellhouseOne | 042.800
2016-12-09 21:39:50 | TEMPLOG : WellhouseOne | 041.900
2016-12-09 21:41:51 | TEMPLOG : WellhouseOne | 041.000
2016-12-09 21:42:54 | TEMPLOG : WellhouseOne | 041.900
2016-12-09 21:43:56 | TEMPLOG : WellhouseOne | 041.000
2016-12-09 21:46:59 | TEMPLOG : WellhouseOne | 040.100
2016-12-09 21:48:01 | TEMPLOG : WellhouseOne | 039.200
2016-12-09 21:49:01 | TEMPLOG : WellhouseOne | 061.700
2016-12-09 21:50:02 | TEMPLOG : WellhouseOne | 105.800
2016-12-09 21:51:04 | TEMPLOG : WellhouseOne | 121.100
2016-12-09 21:52:05 | TEMPLOG : WellhouseOne | 131.000
2016-12-09 21:53:07 | TEMPLOG : WellhouseOne | 134.600
2016-12-09 21:54:09 | TEMPLOG : WellhouseOne | 100.400
2016-12-09 21:54:09 | TEMPLOG : To   GeoLoop | 041.900
2016-12-09 21:55:10 | TEMPLOG : WellhouseOne | 083.300
2016-12-09 21:56:10 | TEMPLOG : WellhouseOne | 071.600
2016-12-09 21:57:11 | TEMPLOG : WellhouseOne | 062.600
2016-12-09 21:57:12 | TEMPLOG : Table    One | 031.100
2016-12-09 21:58:13 | TEMPLOG : WellhouseOne | 057.200
2016-12-09 21:59:15 | TEMPLOG : WellhouseOne | 053.600
2016-12-09 22:00:17 | TEMPLOG : WellhouseOne | 050.900
2016-12-09 22:00:17 | TEMPLOG : Bio   Filter | 031.100
2016-12-09 22:00:17 | TEMPLOG : To   GeoLoop | 041.900
2016-12-09 22:00:18 | TEMPLOG : Table    One | 031.100
2016-12-09 22:01:18 | TEMPLOG : WellhouseOne | 048.200
2016-12-09 22:02:20 | TEMPLOG : WellhouseOne | 046.400
2016-12-09 22:03:21 | TEMPLOG : WellhouseOne | 045.500
2016-12-09 22:04:23 | TEMPLOG : WellhouseOne | 044.600
2016-12-09 22:05:25 | TEMPLOG : WellhouseOne | 043.700
2016-12-09 22:06:26 | TEMPLOG : WellhouseOne | 042.800
2016-12-09 22:07:27 | TEMPLOG : WellhouseOne | 041.900
2016-12-09 22:07:28 | TEMPLOG : Bio   Filter | 030.200
2016-12-09 22:08:29 | TEMPLOG : WellhouseOne | 041.000
2016-12-09 22:09:30 | TEMPLOG : WellhouseOne | 040.100
2016-12-09 22:14:38 | TEMPLOG : WellhouseOne | 039.200
2016-12-09 22:16:42 | TEMPLOG : Table    One | 030.200
2016-12-09 22:17:42 | TEMPLOG : WellhouseOne | 088.700
2016-12-09 22:18:43 | TEMPLOG : WellhouseOne | 111.200
2016-12-09 22:19:45 | TEMPLOG : WellhouseOne | 124.700
2016-12-09 22:20:45 | TEMPLOG : WellhouseOne | 131.000
2016-12-09 22:21:47 | TEMPLOG : WellhouseOne | 135.500
2016-12-09 22:22:48 | TEMPLOG : WellhouseOne | 138.200
2016-12-09 22:23:49 | TEMPLOG : WellhouseOne | 103.100
2016-12-09 22:24:51 | TEMPLOG : WellhouseOne | 086.000
2016-12-09 22:25:51 | TEMPLOG : WellhouseOne | 073.400
2016-12-09 22:26:52 | TEMPLOG : WellhouseOne | 064.400
2016-12-09 22:26:52 | TEMPLOG : Bio   Filter | 029.300
2016-12-09 22:27:53 | TEMPLOG : WellhouseOne | 059.900
2016-12-09 22:28:54 | TEMPLOG : WellhouseOne | 054.500
2016-12-09 22:29:55 | TEMPLOG : WellhouseOne | 052.700
2016-12-09 22:30:56 | TEMPLOG : WellhouseOne | 050.900
2016-12-09 22:31:57 | TEMPLOG : WellhouseOne | 048.200
2016-12-09 22:34:01 | TEMPLOG : WellhouseOne | 046.400
2016-12-09 22:35:01 | TEMPLOG : WellhouseOne | 045.500
2016-12-09 22:36:03 | TEMPLOG : WellhouseOne | 044.600
2016-12-09 22:38:05 | TEMPLOG : WellhouseOne | 043.700
2016-12-09 22:39:05 | TEMPLOG : WellhouseOne | 042.800
2016-12-09 22:40:06 | TEMPLOG : WellhouseOne | 041.900
2016-12-09 22:41:07 | TEMPLOG : WellhouseOne | 041.000
2016-12-09 22:42:08 | TEMPLOG : WellhouseOne | 041.900
2016-12-09 22:44:12 | TEMPLOG : WellhouseOne | 041.000
2016-12-09 22:46:13 | TEMPLOG : WellhouseOne | 050.000
2016-12-09 22:46:14 | TEMPLOG : Table    One | 029.300
2016-12-09 22:47:15 | TEMPLOG : WellhouseOne | 104.000
2016-12-09 22:48:16 | TEMPLOG : WellhouseOne | 119.300
2016-12-09 22:49:17 | TEMPLOG : WellhouseOne | 128.300
2016-12-09 22:50:18 | TEMPLOG : WellhouseOne | 132.800
2016-12-09 22:51:20 | TEMPLOG : WellhouseOne | 136.400
2016-12-09 22:51:20 | TEMPLOG : To   GeoLoop | 041.000
2016-12-09 22:52:21 | TEMPLOG : WellhouseOne | 138.200
2016-12-09 22:52:21 | TEMPLOG : To   GeoLoop | 041.900
2016-12-09 22:53:22 | TEMPLOG : WellhouseOne | 099.500
2016-12-09 22:53:23 | TEMPLOG : To   GeoLoop | 041.000
2016-12-09 22:54:23 | TEMPLOG : WellhouseOne | 084.200
2016-12-09 22:55:24 | TEMPLOG : WellhouseOne | 074.300
2016-12-09 22:55:24 | TEMPLOG : Bio   Filter | 028.400
2016-12-09 22:56:26 | TEMPLOG : WellhouseOne | 066.200
2016-12-09 22:57:27 | TEMPLOG : WellhouseOne | 060.800
2016-12-09 22:58:28 | TEMPLOG : WellhouseOne | 056.300
2016-12-09 22:59:30 | TEMPLOG : WellhouseOne | 053.600
2016-12-09 23:00:31 | TEMPLOG : WellhouseOne | 050.900
2016-12-09 23:00:32 | TEMPLOG : Bio   Filter | 028.400
2016-12-09 23:00:33 | TEMPLOG : To   GeoLoop | 041.000
2016-12-09 23:00:33 | TEMPLOG : Table    One | 029.300
2016-12-09 23:01:33 | TEMPLOG : WellhouseOne | 049.100
2016-12-09 23:02:34 | TEMPLOG : WellhouseOne | 048.200
2016-12-09 23:03:37 | TEMPLOG : WellhouseOne | 047.300
2016-12-09 23:04:38 | TEMPLOG : WellhouseOne | 046.400
2016-12-09 23:05:39 | TEMPLOG : WellhouseOne | 045.500
2016-12-09 23:06:40 | TEMPLOG : WellhouseOne | 044.600
2016-12-09 23:08:42 | TEMPLOG : WellhouseOne | 043.700
2016-12-09 23:10:45 | TEMPLOG : WellhouseOne | 042.800
2016-12-09 23:10:46 | TEMPLOG : Table    One | 028.400
2016-12-09 23:12:48 | TEMPLOG : Table    One | 029.300
2016-12-09 23:14:49 | TEMPLOG : WellhouseOne | 064.400
2016-12-09 23:15:51 | TEMPLOG : WellhouseOne | 107.600
2016-12-09 23:15:52 | TEMPLOG : Table    One | 028.400
2016-12-09 23:16:53 | TEMPLOG : WellhouseOne | 121.100
2016-12-09 23:17:54 | TEMPLOG : WellhouseOne | 128.300
2016-12-09 23:18:55 | TEMPLOG : WellhouseOne | 132.800
2016-12-09 23:19:58 | TEMPLOG : WellhouseOne | 134.600
2016-12-09 23:20:58 | TEMPLOG : WellhouseOne | 138.200
2016-12-09 23:21:59 | TEMPLOG : WellhouseOne | 107.600
2016-12-09 23:22:00 | TEMPLOG : Bio   Filter | 027.500
2016-12-09 23:23:01 | TEMPLOG : WellhouseOne | 089.600
2016-12-09 23:24:03 | TEMPLOG : WellhouseOne | 076.100
2016-12-09 23:24:04 | TEMPLOG : Bio   Filter | 028.400
2016-12-09 23:25:05 | TEMPLOG : WellhouseOne | 067.100
2016-12-09 23:25:05 | TEMPLOG : Bio   Filter | 027.500
2016-12-09 23:26:06 | TEMPLOG : WellhouseOne | 060.800
2016-12-09 23:26:07 | TEMPLOG : Bio   Filter | 028.400
2016-12-09 23:27:08 | TEMPLOG : WellhouseOne | 058.100
2016-12-09 23:28:09 | TEMPLOG : WellhouseOne | 053.600
2016-12-09 23:28:09 | TEMPLOG : Bio   Filter | 027.500
2016-12-09 23:29:10 | TEMPLOG : WellhouseOne | 051.800
2016-12-09 23:30:11 | TEMPLOG : WellhouseOne | 050.900
2016-12-09 23:31:12 | TEMPLOG : WellhouseOne | 049.100
2016-12-09 23:32:13 | TEMPLOG : WellhouseOne | 048.200
2016-12-09 23:33:14 | TEMPLOG : WellhouseOne | 047.300
2016-12-09 23:34:16 | TEMPLOG : WellhouseOne | 046.400
2016-12-09 23:35:17 | TEMPLOG : WellhouseOne | 045.500
2016-12-09 23:36:18 | TEMPLOG : WellhouseOne | 044.600
2016-12-09 23:37:20 | TEMPLOG : WellhouseOne | 043.700
2016-12-09 23:39:22 | TEMPLOG : WellhouseOne | 042.800
2016-12-09 23:40:23 | TEMPLOG : WellhouseOne | 041.900
2016-12-09 23:42:25 | TEMPLOG : WellhouseOne | 041.000
2016-12-09 23:43:26 | TEMPLOG : WellhouseOne | 051.800
2016-12-09 23:44:27 | TEMPLOG : WellhouseOne | 100.400
2016-12-09 23:45:29 | TEMPLOG : WellhouseOne | 116.600
2016-12-09 23:46:30 | TEMPLOG : WellhouseOne | 126.500
2016-12-09 23:47:31 | TEMPLOG : WellhouseOne | 131.900
2016-12-09 23:48:32 | TEMPLOG : WellhouseOne | 133.700
2016-12-09 23:49:34 | TEMPLOG : WellhouseOne | 137.300
2016-12-09 23:50:36 | TEMPLOG : WellhouseOne | 138.200
2016-12-09 23:51:38 | TEMPLOG : WellhouseOne | 106.700
2016-12-09 23:52:40 | TEMPLOG : WellhouseOne | 086.900
2016-12-09 23:53:41 | TEMPLOG : WellhouseOne | 076.100
2016-12-09 23:54:42 | TEMPLOG : WellhouseOne | 067.100
2016-12-09 23:55:43 | TEMPLOG : WellhouseOne | 061.700
2016-12-09 23:56:44 | TEMPLOG : WellhouseOne | 058.100
2016-12-09 23:57:45 | TEMPLOG : WellhouseOne | 054.500
2016-12-09 23:58:47 | TEMPLOG : WellhouseOne | 051.800
2016-12-09 23:59:49 | TEMPLOG : WellhouseOne | 050.000
