2016-11-20 00:00:04 | TEMPLOG : WellhouseOne | 038.300
2016-11-20 00:00:05 | TEMPLOG : Bio   Filter | 039.200
2016-11-20 00:00:05 | TEMPLOG : To   GeoLoop | 050.000
2016-11-20 00:00:05 | TEMPLOG : Table    One | 036.500
2016-11-20 00:01:06 | TEMPLOG : WellhouseOne | 039.200
2016-11-20 00:02:07 | TEMPLOG : WellhouseOne | 038.300
2016-11-20 00:03:09 | TEMPLOG : WellhouseOne | 039.200
2016-11-20 00:07:14 | TEMPLOG : WellhouseOne | 038.300
2016-11-20 00:12:21 | TEMPLOG : WellhouseOne | 037.400
2016-11-20 00:29:44 | TEMPLOG : WellhouseOne | 036.500
2016-11-20 00:30:45 | TEMPLOG : WellhouseOne | 037.400
2016-11-20 00:37:53 | TEMPLOG : WellhouseOne | 038.300
2016-11-20 00:48:05 | TEMPLOG : WellhouseOne | 039.200
2016-11-20 00:49:06 | TEMPLOG : WellhouseOne | 038.300
2016-11-20 00:50:06 | TEMPLOG : WellhouseOne | 039.200
2016-11-20 00:51:07 | TEMPLOG : WellhouseOne | 038.300
2016-11-20 00:55:13 | TEMPLOG : Bio   Filter | 040.100
2016-11-20 00:57:16 | TEMPLOG : Bio   Filter | 039.200
2016-11-20 01:00:20 | TEMPLOG : WellhouseOne | 038.300
2016-11-20 01:00:21 | TEMPLOG : Bio   Filter | 039.200
2016-11-20 01:00:21 | TEMPLOG : To   GeoLoop | 050.000
2016-11-20 01:00:21 | TEMPLOG : Table    One | 036.500
2016-11-20 01:01:22 | TEMPLOG : To   GeoLoop | 049.100
2016-11-20 01:02:23 | TEMPLOG : WellhouseOne | 037.400
2016-11-20 01:02:23 | TEMPLOG : To   GeoLoop | 050.000
2016-11-20 01:03:24 | TEMPLOG : To   GeoLoop | 049.100
2016-11-20 01:07:30 | TEMPLOG : Table    One | 035.600
2016-11-20 01:14:39 | TEMPLOG : WellhouseOne | 036.500
2016-11-20 01:15:40 | TEMPLOG : WellhouseOne | 037.400
2016-11-20 01:16:41 | TEMPLOG : WellhouseOne | 036.500
2016-11-20 01:16:42 | TEMPLOG : Bio   Filter | 038.300
2016-11-20 01:18:43 | TEMPLOG : WellhouseOne | 037.400
2016-11-20 01:18:44 | TEMPLOG : Bio   Filter | 039.200
2016-11-20 01:19:46 | TEMPLOG : Table    One | 036.500
2016-11-20 01:21:48 | TEMPLOG : Bio   Filter | 038.300
2016-11-20 01:21:48 | TEMPLOG : Table    One | 035.600
2016-11-20 01:22:48 | TEMPLOG : WellhouseOne | 038.300
2016-11-20 01:22:49 | TEMPLOG : Bio   Filter | 039.200
2016-11-20 01:22:49 | TEMPLOG : Table    One | 036.500
2016-11-20 01:29:58 | TEMPLOG : WellhouseOne | 039.200
2016-11-20 01:34:03 | TEMPLOG : Table    One | 037.400
2016-11-20 01:40:09 | TEMPLOG : Bio   Filter | 040.100
2016-11-20 01:41:10 | TEMPLOG : Bio   Filter | 039.200
2016-11-20 01:43:13 | TEMPLOG : WellhouseOne | 038.300
2016-11-20 01:50:24 | TEMPLOG : WellhouseOne | 037.400
2016-11-20 01:51:25 | TEMPLOG : WellhouseOne | 038.300
2016-11-20 01:52:26 | TEMPLOG : WellhouseOne | 037.400
2016-11-20 01:56:32 | TEMPLOG : Bio   Filter | 040.100
2016-11-20 01:57:33 | TEMPLOG : Bio   Filter | 039.200
2016-11-20 02:00:38 | TEMPLOG : WellhouseOne | 037.400
2016-11-20 02:00:38 | TEMPLOG : Bio   Filter | 040.100
2016-11-20 02:00:38 | TEMPLOG : To   GeoLoop | 049.100
2016-11-20 02:00:39 | TEMPLOG : Table    One | 037.400
2016-11-20 02:01:39 | TEMPLOG : WellhouseOne | 036.500
2016-11-20 02:02:40 | TEMPLOG : WellhouseOne | 037.400
2016-11-20 02:05:44 | TEMPLOG : Bio   Filter | 039.200
2016-11-20 02:10:48 | TEMPLOG : WellhouseOne | 038.300
2016-11-20 02:10:49 | TEMPLOG : Bio   Filter | 040.100
2016-11-20 02:12:51 | TEMPLOG : WellhouseOne | 037.400
2016-11-20 02:13:52 | TEMPLOG : WellhouseOne | 038.300
2016-11-20 02:15:54 | TEMPLOG : WellhouseOne | 039.200
2016-11-20 02:19:59 | TEMPLOG : WellhouseOne | 040.100
2016-11-20 02:21:01 | TEMPLOG : WellhouseOne | 039.200
2016-11-20 02:25:04 | TEMPLOG : WellhouseOne | 038.300
2016-11-20 02:29:10 | TEMPLOG : WellhouseOne | 037.400
2016-11-20 02:40:22 | TEMPLOG : Bio   Filter | 039.200
2016-11-20 02:41:23 | TEMPLOG : Bio   Filter | 040.100
2016-11-20 02:42:24 | TEMPLOG : WellhouseOne | 036.500
2016-11-20 02:45:28 | TEMPLOG : Bio   Filter | 039.200
2016-11-20 02:45:29 | TEMPLOG : Table    One | 036.500
2016-11-20 02:46:29 | TEMPLOG : WellhouseOne | 035.600
2016-11-20 02:47:31 | TEMPLOG : Bio   Filter | 040.100
2016-11-20 02:48:33 | TEMPLOG : Bio   Filter | 039.200
2016-11-20 02:54:39 | TEMPLOG : WellhouseOne | 036.500
2016-11-20 02:55:41 | TEMPLOG : WellhouseOne | 037.400
2016-11-20 02:58:44 | TEMPLOG : WellhouseOne | 038.300
2016-11-20 02:59:46 | TEMPLOG : Table    One | 035.600
2016-11-20 03:00:46 | TEMPLOG : WellhouseOne | 038.300
2016-11-20 03:00:46 | TEMPLOG : Bio   Filter | 039.200
2016-11-20 03:00:46 | TEMPLOG : To   GeoLoop | 049.100
2016-11-20 03:00:47 | TEMPLOG : Table    One | 035.600
2016-11-20 03:01:47 | TEMPLOG : WellhouseOne | 039.200
2016-11-20 03:03:50 | TEMPLOG : Bio   Filter | 038.300
2016-11-20 03:04:51 | TEMPLOG : Bio   Filter | 039.200
2016-11-20 03:06:54 | TEMPLOG : WellhouseOne | 040.100
2016-11-20 03:06:54 | TEMPLOG : Bio   Filter | 038.300
2016-11-20 03:07:54 | TEMPLOG : WellhouseOne | 039.200
2016-11-20 03:08:56 | TEMPLOG : Bio   Filter | 039.200
2016-11-20 03:09:56 | TEMPLOG : WellhouseOne | 038.300
2016-11-20 03:10:58 | TEMPLOG : Bio   Filter | 038.300
2016-11-20 03:15:02 | TEMPLOG : WellhouseOne | 037.400
2016-11-20 03:20:09 | TEMPLOG : WellhouseOne | 036.500
2016-11-20 03:22:13 | TEMPLOG : WellhouseOne | 037.400
2016-11-20 03:23:14 | TEMPLOG : WellhouseOne | 036.500
2016-11-20 03:28:20 | TEMPLOG : WellhouseOne | 035.600
2016-11-20 03:30:23 | TEMPLOG : To   GeoLoop | 048.200
2016-11-20 03:31:24 | TEMPLOG : WellhouseOne | 036.500
2016-11-20 03:31:24 | TEMPLOG : To   GeoLoop | 049.100
2016-11-20 03:32:26 | TEMPLOG : WellhouseOne | 035.600
2016-11-20 03:35:31 | TEMPLOG : To   GeoLoop | 048.200
2016-11-20 03:37:34 | TEMPLOG : To   GeoLoop | 049.100
2016-11-20 03:38:35 | TEMPLOG : WellhouseOne | 036.500
2016-11-20 03:38:35 | TEMPLOG : To   GeoLoop | 048.200
2016-11-20 03:41:39 | TEMPLOG : WellhouseOne | 037.400
2016-11-20 03:47:45 | TEMPLOG : WellhouseOne | 038.300
2016-11-20 03:52:52 | TEMPLOG : To   GeoLoop | 049.100
2016-11-20 03:53:52 | TEMPLOG : To   GeoLoop | 048.200
2016-11-20 03:57:56 | TEMPLOG : WellhouseOne | 039.200
2016-11-20 03:58:57 | TEMPLOG : WellhouseOne | 038.300
2016-11-20 04:00:59 | TEMPLOG : WellhouseOne | 038.300
2016-11-20 04:00:59 | TEMPLOG : Bio   Filter | 038.300
2016-11-20 04:04:02 | TEMPLOG : WellhouseOne | 037.400
2016-11-20 04:08:09 | TEMPLOG : WellhouseOne | 036.500
2016-11-20 04:09:12 | TEMPLOG : Table    One | 034.700
2016-11-20 04:11:14 | TEMPLOG : Table    One | 035.600
2016-11-20 04:16:19 | TEMPLOG : WellhouseOne | 037.400
2016-11-20 04:18:23 | TEMPLOG : WellhouseOne | 036.500
2016-11-20 04:21:28 | TEMPLOG : Table    One | 034.700
2016-11-20 04:23:32 | TEMPLOG : Table    One | 035.600
2016-11-20 04:24:33 | TEMPLOG : WellhouseOne | 035.600
2016-11-20 04:25:34 | TEMPLOG : WellhouseOne | 036.500
2016-11-20 04:25:35 | TEMPLOG : Table    One | 034.700
2016-11-20 04:26:35 | TEMPLOG : WellhouseOne | 035.600
2016-11-20 04:26:36 | TEMPLOG : Table    One | 035.600
2016-11-20 04:28:38 | TEMPLOG : Table    One | 034.700
2016-11-20 04:29:38 | TEMPLOG : WellhouseOne | 036.500
2016-11-20 04:29:40 | TEMPLOG : Table    One | 035.600
2016-11-20 04:33:43 | TEMPLOG : WellhouseOne | 037.400
2016-11-20 04:36:47 | TEMPLOG : WellhouseOne | 038.300
2016-11-20 04:43:54 | TEMPLOG : WellhouseOne | 039.200
2016-11-20 04:44:55 | TEMPLOG : WellhouseOne | 038.300
2016-11-20 04:49:04 | TEMPLOG : WellhouseOne | 037.400
2016-11-20 04:53:10 | TEMPLOG : Bio   Filter | 039.200
2016-11-20 04:55:12 | TEMPLOG : Bio   Filter | 038.300
2016-11-20 05:00:17 | TEMPLOG : WellhouseOne | 037.400
2016-11-20 05:00:17 | TEMPLOG : Bio   Filter | 038.300
2016-11-20 05:00:17 | TEMPLOG : To   GeoLoop | 048.200
2016-11-20 05:00:18 | TEMPLOG : Table    One | 035.600
2016-11-20 05:05:24 | TEMPLOG : WellhouseOne | 036.500
2016-11-20 05:17:38 | TEMPLOG : WellhouseOne | 037.400
2016-11-20 05:22:42 | TEMPLOG : WellhouseOne | 038.300
2016-11-20 05:30:54 | TEMPLOG : WellhouseOne | 039.200
2016-11-20 05:32:57 | TEMPLOG : WellhouseOne | 038.300
2016-11-20 05:36:01 | TEMPLOG : WellhouseOne | 037.400
2016-11-20 05:37:03 | TEMPLOG : WellhouseOne | 038.300
2016-11-20 05:38:04 | TEMPLOG : WellhouseOne | 037.400
2016-11-20 05:42:09 | TEMPLOG : Table    One | 034.700
2016-11-20 05:43:09 | TEMPLOG : WellhouseOne | 036.500
2016-11-20 05:44:10 | TEMPLOG : WellhouseOne | 037.400
2016-11-20 05:45:12 | TEMPLOG : WellhouseOne | 036.500
2016-11-20 05:48:18 | TEMPLOG : Bio   Filter | 037.400
2016-11-20 05:53:25 | TEMPLOG : WellhouseOne | 035.600
2016-11-20 06:00:34 | TEMPLOG : WellhouseOne | 036.500
2016-11-20 06:00:34 | TEMPLOG : Bio   Filter | 037.400
2016-11-20 06:00:34 | TEMPLOG : To   GeoLoop | 048.200
2016-11-20 06:00:34 | TEMPLOG : Table    One | 034.700
2016-11-20 06:01:35 | TEMPLOG : WellhouseOne | 035.600
2016-11-20 06:04:38 | TEMPLOG : WellhouseOne | 036.500
2016-11-20 06:05:39 | TEMPLOG : WellhouseOne | 037.400
2016-11-20 06:11:45 | TEMPLOG : WellhouseOne | 038.300
2016-11-20 06:12:46 | TEMPLOG : WellhouseOne | 037.400
2016-11-20 06:15:50 | TEMPLOG : WellhouseOne | 038.300
2016-11-20 06:17:55 | TEMPLOG : WellhouseOne | 039.200
2016-11-20 06:18:56 | TEMPLOG : WellhouseOne | 038.300
2016-11-20 06:20:58 | TEMPLOG : WellhouseOne | 037.400
2016-11-20 06:21:59 | TEMPLOG : WellhouseOne | 038.300
2016-11-20 06:24:03 | TEMPLOG : WellhouseOne | 037.400
2016-11-20 06:28:08 | TEMPLOG : WellhouseOne | 036.500
2016-11-20 06:29:09 | TEMPLOG : WellhouseOne | 035.600
2016-11-20 06:30:10 | TEMPLOG : WellhouseOne | 036.500
2016-11-20 06:30:11 | TEMPLOG : To   GeoLoop | 047.300
2016-11-20 06:30:12 | TEMPLOG : Table    One | 033.800
2016-11-20 06:31:13 | TEMPLOG : To   GeoLoop | 048.200
2016-11-20 06:31:15 | TEMPLOG : Table    One | 034.700
2016-11-20 06:32:15 | TEMPLOG : WellhouseOne | 035.600
2016-11-20 06:32:15 | TEMPLOG : To   GeoLoop | 047.300
2016-11-20 06:34:18 | TEMPLOG : To   GeoLoop | 048.200
2016-11-20 06:35:18 | TEMPLOG : WellhouseOne | 034.700
2016-11-20 06:35:19 | TEMPLOG : Table    One | 033.800
2016-11-20 06:36:19 | TEMPLOG : To   GeoLoop | 047.300
2016-11-20 06:37:21 | TEMPLOG : To   GeoLoop | 048.200
2016-11-20 06:39:25 | TEMPLOG : To   GeoLoop | 047.300
2016-11-20 06:40:26 | TEMPLOG : To   GeoLoop | 048.200
2016-11-20 06:41:27 | TEMPLOG : To   GeoLoop | 047.300
2016-11-20 06:43:28 | TEMPLOG : To   GeoLoop | 048.200
2016-11-20 06:43:29 | TEMPLOG : Table    One | 034.700
2016-11-20 06:44:29 | TEMPLOG : WellhouseOne | 035.600
2016-11-20 06:44:29 | TEMPLOG : To   GeoLoop | 047.300
2016-11-20 06:45:30 | TEMPLOG : WellhouseOne | 034.700
2016-11-20 06:48:34 | TEMPLOG : WellhouseOne | 035.600
2016-11-20 06:48:36 | TEMPLOG : To   GeoLoop | 048.200
2016-11-20 06:49:38 | TEMPLOG : To   GeoLoop | 047.300
2016-11-20 06:53:42 | TEMPLOG : WellhouseOne | 036.500
2016-11-20 06:58:49 | TEMPLOG : To   GeoLoop | 048.200
2016-11-20 06:59:50 | TEMPLOG : WellhouseOne | 037.400
2016-11-20 07:00:51 | TEMPLOG : WellhouseOne | 037.400
2016-11-20 07:00:52 | TEMPLOG : Bio   Filter | 037.400
2016-11-20 07:00:52 | TEMPLOG : To   GeoLoop | 047.300
2016-11-20 07:00:53 | TEMPLOG : Table    One | 034.700
2016-11-20 07:01:53 | TEMPLOG : To   GeoLoop | 048.200
2016-11-20 07:02:55 | TEMPLOG : To   GeoLoop | 047.300
2016-11-20 07:05:59 | TEMPLOG : To   GeoLoop | 048.200
2016-11-20 07:07:00 | TEMPLOG : Bio   Filter | 038.300
2016-11-20 07:07:00 | TEMPLOG : To   GeoLoop | 047.300
2016-11-20 07:07:00 | TEMPLOG : Table    One | 035.600
2016-11-20 07:08:01 | TEMPLOG : To   GeoLoop | 048.200
2016-11-20 07:09:02 | TEMPLOG : WellhouseOne | 038.300
2016-11-20 07:10:03 | TEMPLOG : WellhouseOne | 037.400
2016-11-20 07:10:04 | TEMPLOG : Table    One | 036.500
2016-11-20 07:12:05 | TEMPLOG : Bio   Filter | 039.200
2016-11-20 07:12:07 | TEMPLOG : Table    One | 037.400
2016-11-20 07:15:10 | TEMPLOG : WellhouseOne | 036.500
2016-11-20 07:18:13 | TEMPLOG : Table    One | 036.500
2016-11-20 07:31:31 | TEMPLOG : Table    One | 037.400
2016-11-20 07:34:34 | TEMPLOG : Bio   Filter | 040.100
2016-11-20 07:38:38 | TEMPLOG : Bio   Filter | 039.200
2016-11-20 07:40:40 | TEMPLOG : WellhouseOne | 037.400
2016-11-20 07:44:43 | TEMPLOG : WellhouseOne | 038.300
2016-11-20 07:44:44 | TEMPLOG : Bio   Filter | 040.100
2016-11-20 07:46:46 | TEMPLOG : WellhouseOne | 039.200
2016-11-20 07:46:46 | TEMPLOG : Table    One | 038.300
2016-11-20 07:48:48 | TEMPLOG : WellhouseOne | 038.300
2016-11-20 07:49:49 | TEMPLOG : WellhouseOne | 039.200
2016-11-20 07:53:55 | TEMPLOG : WellhouseOne | 040.100
2016-11-20 07:54:57 | TEMPLOG : WellhouseOne | 039.200
2016-11-20 07:56:59 | TEMPLOG : WellhouseOne | 038.300
2016-11-20 07:56:59 | TEMPLOG : Bio   Filter | 041.000
2016-11-20 07:58:00 | TEMPLOG : WellhouseOne | 039.200
2016-11-20 07:58:02 | TEMPLOG : Table    One | 039.200
2016-11-20 07:59:02 | TEMPLOG : WellhouseOne | 038.300
2016-11-20 08:00:04 | TEMPLOG : WellhouseOne | 038.300
2016-11-20 08:00:04 | TEMPLOG : Bio   Filter | 041.000
2016-11-20 08:00:04 | TEMPLOG : To   GeoLoop | 048.200
2016-11-20 08:00:04 | TEMPLOG : Table    One | 039.200
2016-11-20 08:01:04 | TEMPLOG : WellhouseOne | 039.200
2016-11-20 08:03:07 | TEMPLOG : To   GeoLoop | 049.100
2016-11-20 08:06:10 | TEMPLOG : Table    One | 040.100
2016-11-20 08:09:13 | TEMPLOG : WellhouseOne | 038.300
2016-11-20 08:17:24 | TEMPLOG : Table    One | 041.000
2016-11-20 08:20:26 | TEMPLOG : WellhouseOne | 039.200
2016-11-20 08:21:28 | TEMPLOG : WellhouseOne | 038.300
2016-11-20 08:22:30 | TEMPLOG : Bio   Filter | 041.900
2016-11-20 08:23:30 | TEMPLOG : WellhouseOne | 039.200
2016-11-20 08:27:35 | TEMPLOG : Table    One | 041.900
2016-11-20 08:29:36 | TEMPLOG : WellhouseOne | 040.100
2016-11-20 08:33:42 | TEMPLOG : WellhouseOne | 041.000
2016-11-20 08:33:42 | TEMPLOG : Bio   Filter | 042.800
2016-11-20 08:33:43 | TEMPLOG : Table    One | 042.800
2016-11-20 08:35:44 | TEMPLOG : WellhouseOne | 040.100
2016-11-20 08:35:44 | TEMPLOG : To   GeoLoop | 050.000
2016-11-20 08:44:55 | TEMPLOG : Table    One | 043.700
2016-11-20 08:45:56 | TEMPLOG : Bio   Filter | 043.700
2016-11-20 08:51:03 | TEMPLOG : Table    One | 044.600
2016-11-20 08:57:10 | TEMPLOG : Bio   Filter | 044.600
2016-11-20 09:00:13 | TEMPLOG : WellhouseOne | 040.100
2016-11-20 09:00:13 | TEMPLOG : Bio   Filter | 044.600
2016-11-20 09:00:14 | TEMPLOG : To   GeoLoop | 050.000
2016-11-20 09:00:14 | TEMPLOG : Table    One | 045.500
2016-11-20 09:01:15 | TEMPLOG : Bio   Filter | 045.500
2016-11-20 09:04:19 | TEMPLOG : To   GeoLoop | 050.900
2016-11-20 09:05:22 | TEMPLOG : Table    One | 046.400
2016-11-20 09:07:23 | TEMPLOG : Bio   Filter | 046.400
2016-11-20 09:09:26 | TEMPLOG : Bio   Filter | 045.500
2016-11-20 09:10:27 | TEMPLOG : WellhouseOne | 041.000
2016-11-20 09:10:27 | TEMPLOG : Bio   Filter | 046.400
2016-11-20 09:11:29 | TEMPLOG : Table    One | 047.300
2016-11-20 09:14:32 | TEMPLOG : WellhouseOne | 041.900
2016-11-20 09:17:36 | TEMPLOG : Table    One | 048.200
2016-11-20 09:19:38 | TEMPLOG : Bio   Filter | 047.300
2016-11-20 09:20:39 | TEMPLOG : WellhouseOne | 041.000
2016-11-20 09:21:41 | TEMPLOG : WellhouseOne | 041.900
2016-11-20 09:21:42 | TEMPLOG : Table    One | 049.100
2016-11-20 09:22:44 | TEMPLOG : To   GeoLoop | 051.800
2016-11-20 09:23:45 | TEMPLOG : WellhouseOne | 041.000
2016-11-20 09:23:45 | TEMPLOG : To   GeoLoop | 050.900
2016-11-20 09:24:46 | TEMPLOG : WellhouseOne | 041.900
2016-11-20 09:24:47 | TEMPLOG : To   GeoLoop | 051.800
2016-11-20 09:25:47 | TEMPLOG : WellhouseOne | 041.000
2016-11-20 09:25:48 | TEMPLOG : Table    One | 050.000
2016-11-20 09:26:48 | TEMPLOG : WellhouseOne | 041.900
2016-11-20 09:26:48 | TEMPLOG : Bio   Filter | 048.200
2016-11-20 09:28:52 | TEMPLOG : Table    One | 050.900
2016-11-20 09:29:53 | TEMPLOG : Table    One | 051.800
2016-11-20 09:30:54 | TEMPLOG : Bio   Filter | 049.100
2016-11-20 09:31:55 | TEMPLOG : Table    One | 052.700
2016-11-20 09:34:58 | TEMPLOG : WellhouseOne | 042.800
2016-11-20 09:34:58 | TEMPLOG : Bio   Filter | 050.000
2016-11-20 09:36:00 | TEMPLOG : To   GeoLoop | 052.700
2016-11-20 09:36:01 | TEMPLOG : Table    One | 053.600
2016-11-20 09:39:04 | TEMPLOG : Bio   Filter | 050.900
2016-11-20 09:40:06 | TEMPLOG : Table    One | 054.500
2016-11-20 09:43:08 | TEMPLOG : Bio   Filter | 051.800
2016-11-20 09:44:10 | TEMPLOG : Table    One | 055.400
2016-11-20 09:46:12 | TEMPLOG : Table    One | 056.300
2016-11-20 09:47:13 | TEMPLOG : WellhouseOne | 043.700
2016-11-20 09:47:13 | TEMPLOG : Bio   Filter | 052.700
2016-11-20 09:47:14 | TEMPLOG : To   GeoLoop | 053.600
2016-11-20 09:47:15 | TEMPLOG : Table    One | 057.200
2016-11-20 09:48:16 | TEMPLOG : Table    One | 058.100
2016-11-20 09:49:18 | TEMPLOG : Table    One | 057.200
2016-11-20 09:50:19 | TEMPLOG : Table    One | 058.100
2016-11-20 09:52:21 | TEMPLOG : Table    One | 057.200
2016-11-20 09:54:23 | TEMPLOG : WellhouseOne | 044.600
2016-11-20 09:54:23 | TEMPLOG : Bio   Filter | 053.600
2016-11-20 09:55:26 | TEMPLOG : Table    One | 058.100
2016-11-20 09:58:28 | TEMPLOG : WellhouseOne | 045.500
2016-11-20 09:58:29 | TEMPLOG : Table    One | 059.000
2016-11-20 10:00:31 | TEMPLOG : WellhouseOne | 045.500
2016-11-20 10:00:32 | TEMPLOG : Bio   Filter | 053.600
2016-11-20 10:00:32 | TEMPLOG : To   GeoLoop | 053.600
2016-11-20 10:00:32 | TEMPLOG : Table    One | 059.000
2016-11-20 10:01:34 | TEMPLOG : Table    One | 059.900
2016-11-20 10:03:35 | TEMPLOG : Bio   Filter | 054.500
2016-11-20 10:03:36 | TEMPLOG : Table    One | 061.700
2016-11-20 10:04:36 | TEMPLOG : To   GeoLoop | 054.500
2016-11-20 10:04:37 | TEMPLOG : Table    One | 062.600
2016-11-20 10:05:37 | TEMPLOG : Bio   Filter | 055.400
2016-11-20 10:05:38 | TEMPLOG : Table    One | 064.400
2016-11-20 10:06:39 | TEMPLOG : Bio   Filter | 056.300
2016-11-20 10:06:40 | TEMPLOG : Table    One | 068.000
2016-11-20 10:07:40 | TEMPLOG : WellhouseOne | 046.400
2016-11-20 10:07:41 | TEMPLOG : To   GeoLoop | 055.400
2016-11-20 10:07:41 | TEMPLOG : Table    One | 068.900
2016-11-20 10:08:42 | TEMPLOG : Bio   Filter | 057.200
2016-11-20 10:08:42 | TEMPLOG : Table    One | 069.800
2016-11-20 10:09:43 | TEMPLOG : Bio   Filter | 058.100
2016-11-20 10:10:45 | TEMPLOG : Table    One | 068.900
2016-11-20 10:12:47 | TEMPLOG : Bio   Filter | 059.000
2016-11-20 10:13:48 | TEMPLOG : To   GeoLoop | 056.300
2016-11-20 10:14:49 | TEMPLOG : WellhouseOne | 047.300
2016-11-20 10:14:49 | TEMPLOG : Bio   Filter | 059.900
2016-11-20 10:15:50 | TEMPLOG : WellhouseOne | 046.400
2016-11-20 10:16:52 | TEMPLOG : Table    One | 068.000
2016-11-20 10:17:53 | TEMPLOG : Table    One | 068.900
2016-11-20 10:18:54 | TEMPLOG : Table    One | 068.000
2016-11-20 10:19:56 | TEMPLOG : Table    One | 067.100
2016-11-20 10:26:04 | TEMPLOG : Table    One | 068.000
2016-11-20 10:27:06 | TEMPLOG : Table    One | 068.900
2016-11-20 10:28:06 | TEMPLOG : Bio   Filter | 060.800
2016-11-20 10:28:06 | TEMPLOG : Table    One | 069.800
2016-11-20 10:29:07 | TEMPLOG : To   GeoLoop | 057.200
2016-11-20 10:29:07 | TEMPLOG : Table    One | 072.500
2016-11-20 10:30:07 | TEMPLOG : WellhouseOne | 047.300
2016-11-20 10:30:08 | TEMPLOG : Bio   Filter | 061.700
2016-11-20 10:30:08 | TEMPLOG : Table    One | 074.300
2016-11-20 10:31:09 | TEMPLOG : Bio   Filter | 062.600
2016-11-20 10:31:09 | TEMPLOG : Table    One | 075.200
2016-11-20 10:32:10 | TEMPLOG : To   GeoLoop | 058.100
2016-11-20 10:32:10 | TEMPLOG : Table    One | 076.100
2016-11-20 10:33:11 | TEMPLOG : Bio   Filter | 063.500
2016-11-20 10:33:11 | TEMPLOG : Table    One | 077.000
2016-11-20 10:34:12 | TEMPLOG : Table    One | 078.800
2016-11-20 10:35:13 | TEMPLOG : Bio   Filter | 064.400
2016-11-20 10:35:13 | TEMPLOG : Table    One | 080.600
2016-11-20 10:36:14 | TEMPLOG : Bio   Filter | 065.300
2016-11-20 10:36:14 | TEMPLOG : To   GeoLoop | 059.000
2016-11-20 10:36:14 | TEMPLOG : Table    One | 083.300
2016-11-20 10:37:14 | TEMPLOG : WellhouseOne | 048.200
2016-11-20 10:37:15 | TEMPLOG : Bio   Filter | 066.200
2016-11-20 10:37:15 | TEMPLOG : Table    One | 086.000
2016-11-20 10:38:15 | TEMPLOG : Bio   Filter | 067.100
2016-11-20 10:38:16 | TEMPLOG : To   GeoLoop | 059.900
2016-11-20 10:38:16 | TEMPLOG : Table    One | 087.800
2016-11-20 10:39:17 | TEMPLOG : Bio   Filter | 068.000
2016-11-20 10:39:18 | TEMPLOG : Table    One | 090.500
2016-11-20 10:40:18 | TEMPLOG : Bio   Filter | 068.900
2016-11-20 10:40:18 | TEMPLOG : Table    One | 092.300
2016-11-20 10:41:19 | TEMPLOG : To   GeoLoop | 060.800
2016-11-20 10:41:19 | TEMPLOG : Table    One | 093.200
2016-11-20 10:42:20 | TEMPLOG : Bio   Filter | 069.800
2016-11-20 10:42:20 | TEMPLOG : Table    One | 094.100
2016-11-20 10:43:21 | TEMPLOG : Table    One | 095.000
2016-11-20 10:44:21 | TEMPLOG : WellhouseOne | 049.100
2016-11-20 10:44:21 | TEMPLOG : Bio   Filter | 070.700
2016-11-20 10:45:22 | TEMPLOG : WellhouseOne | 048.200
2016-11-20 10:45:23 | TEMPLOG : Table    One | 095.900
2016-11-20 10:46:23 | TEMPLOG : WellhouseOne | 049.100
2016-11-20 10:46:23 | TEMPLOG : Bio   Filter | 071.600
2016-11-20 10:46:24 | TEMPLOG : Table    One | 096.800
2016-11-20 10:47:25 | TEMPLOG : Table    One | 097.700
2016-11-20 10:48:25 | TEMPLOG : To   GeoLoop | 061.700
2016-11-20 10:48:26 | TEMPLOG : Table    One | 096.800
2016-11-20 10:49:28 | TEMPLOG : To   GeoLoop | 060.800
2016-11-20 10:49:28 | TEMPLOG : Table    One | 095.000
2016-11-20 10:50:29 | TEMPLOG : Table    One | 091.400
2016-11-20 10:51:30 | TEMPLOG : Table    One | 087.800
2016-11-20 10:52:31 | TEMPLOG : Bio   Filter | 070.700
2016-11-20 10:52:31 | TEMPLOG : To   GeoLoop | 059.900
2016-11-20 10:52:31 | TEMPLOG : Table    One | 084.200
2016-11-20 10:53:32 | TEMPLOG : Bio   Filter | 069.800
2016-11-20 10:53:32 | TEMPLOG : Table    One | 082.400
2016-11-20 10:54:33 | TEMPLOG : Table    One | 081.500
2016-11-20 10:55:34 | TEMPLOG : Bio   Filter | 068.900
2016-11-20 10:55:35 | TEMPLOG : To   GeoLoop | 059.000
2016-11-20 10:55:35 | TEMPLOG : Table    One | 080.600
2016-11-20 10:56:35 | TEMPLOG : WellhouseOne | 050.000
2016-11-20 10:56:36 | TEMPLOG : Table    One | 078.800
2016-11-20 10:57:37 | TEMPLOG : Table    One | 079.700
2016-11-20 10:58:38 | TEMPLOG : Bio   Filter | 068.000
2016-11-20 10:58:38 | TEMPLOG : Table    One | 078.800
2016-11-20 11:00:40 | TEMPLOG : WellhouseOne | 050.000
2016-11-20 11:00:41 | TEMPLOG : Bio   Filter | 068.000
2016-11-20 11:00:41 | TEMPLOG : To   GeoLoop | 059.000
2016-11-20 11:00:41 | TEMPLOG : Table    One | 077.900
2016-11-20 11:01:43 | TEMPLOG : Bio   Filter | 067.100
2016-11-20 11:01:44 | TEMPLOG : Table    One | 077.000
2016-11-20 11:02:45 | TEMPLOG : Table    One | 076.100
2016-11-20 11:03:47 | TEMPLOG : Table    One | 074.300
2016-11-20 11:04:47 | TEMPLOG : WellhouseOne | 049.100
2016-11-20 11:04:48 | TEMPLOG : Bio   Filter | 066.200
2016-11-20 11:04:48 | TEMPLOG : To   GeoLoop | 058.100
2016-11-20 11:04:48 | TEMPLOG : Table    One | 073.400
2016-11-20 11:05:49 | TEMPLOG : Table    One | 072.500
2016-11-20 11:07:51 | TEMPLOG : Bio   Filter | 065.300
2016-11-20 11:07:52 | TEMPLOG : Table    One | 071.600
2016-11-20 11:09:55 | TEMPLOG : Table    One | 070.700
2016-11-20 11:10:55 | TEMPLOG : Bio   Filter | 064.400
2016-11-20 11:13:59 | TEMPLOG : Table    One | 069.800
2016-11-20 11:16:00 | TEMPLOG : WellhouseOne | 050.000
2016-11-20 11:17:01 | TEMPLOG : WellhouseOne | 049.100
2016-11-20 11:18:02 | TEMPLOG : WellhouseOne | 050.000
2016-11-20 11:19:04 | TEMPLOG : Bio   Filter | 063.500
2016-11-20 11:20:05 | TEMPLOG : WellhouseOne | 049.100
2016-11-20 11:20:05 | TEMPLOG : Bio   Filter | 064.400
2016-11-20 11:21:06 | TEMPLOG : WellhouseOne | 050.000
2016-11-20 11:21:07 | TEMPLOG : Bio   Filter | 063.500
2016-11-20 11:29:16 | TEMPLOG : Table    One | 070.700
2016-11-20 11:36:23 | TEMPLOG : To   GeoLoop | 059.000
2016-11-20 11:37:25 | TEMPLOG : To   GeoLoop | 058.100
2016-11-20 11:41:29 | TEMPLOG : WellhouseOne | 050.900
2016-11-20 11:41:30 | TEMPLOG : Table    One | 071.600
2016-11-20 11:42:31 | TEMPLOG : Table    One | 070.700
2016-11-20 11:43:32 | TEMPLOG : WellhouseOne | 050.000
2016-11-20 11:44:33 | TEMPLOG : WellhouseOne | 050.900
2016-11-20 11:44:34 | TEMPLOG : Table    One | 069.800
2016-11-20 11:45:34 | TEMPLOG : WellhouseOne | 050.000
2016-11-20 11:46:35 | TEMPLOG : WellhouseOne | 050.900
2016-11-20 11:46:35 | TEMPLOG : Bio   Filter | 062.600
2016-11-20 11:46:36 | TEMPLOG : Table    One | 068.900
2016-11-20 11:47:37 | TEMPLOG : Table    One | 069.800
2016-11-20 11:48:38 | TEMPLOG : Table    One | 070.700
2016-11-20 11:49:38 | TEMPLOG : WellhouseOne | 050.000
2016-11-20 11:49:39 | TEMPLOG : Table    One | 072.500
2016-11-20 11:50:40 | TEMPLOG : WellhouseOne | 050.900
2016-11-20 11:50:40 | TEMPLOG : Bio   Filter | 063.500
2016-11-20 11:50:40 | TEMPLOG : To   GeoLoop | 059.000
2016-11-20 11:50:40 | TEMPLOG : Table    One | 075.200
2016-11-20 11:51:42 | TEMPLOG : Table    One | 077.000
2016-11-20 11:52:43 | TEMPLOG : Bio   Filter | 064.400
2016-11-20 11:52:43 | TEMPLOG : Table    One | 079.700
2016-11-20 11:53:44 | TEMPLOG : Bio   Filter | 065.300
2016-11-20 11:53:45 | TEMPLOG : Table    One | 080.600
2016-11-20 11:54:46 | TEMPLOG : To   GeoLoop | 059.900
2016-11-20 11:55:48 | TEMPLOG : Table    One | 081.500
2016-11-20 11:56:48 | TEMPLOG : Bio   Filter | 067.100
2016-11-20 11:56:49 | TEMPLOG : Table    One | 086.000
2016-11-20 11:57:51 | TEMPLOG : Table    One | 090.500
2016-11-20 11:58:52 | TEMPLOG : Bio   Filter | 068.000
2016-11-20 11:58:52 | TEMPLOG : To   GeoLoop | 060.800
2016-11-20 11:58:52 | TEMPLOG : Table    One | 089.600
2016-11-20 11:59:53 | TEMPLOG : Bio   Filter | 068.900
2016-11-20 11:59:53 | TEMPLOG : Table    One | 088.700
2016-11-20 12:00:53 | TEMPLOG : WellhouseOne | 051.800
2016-11-20 12:00:54 | TEMPLOG : Bio   Filter | 068.900
2016-11-20 12:00:54 | TEMPLOG : To   GeoLoop | 060.800
2016-11-20 12:00:55 | TEMPLOG : Table    One | 088.700
2016-11-20 12:01:55 | TEMPLOG : Bio   Filter | 069.800
2016-11-20 12:02:58 | TEMPLOG : Table    One | 087.800
2016-11-20 12:03:59 | TEMPLOG : Table    One | 086.000
2016-11-20 12:05:00 | TEMPLOG : Table    One | 085.100
2016-11-20 12:06:01 | TEMPLOG : Table    One | 086.900
2016-11-20 12:07:03 | TEMPLOG : Table    One | 085.100
2016-11-20 12:08:05 | TEMPLOG : Table    One | 086.900
2016-11-20 12:09:06 | TEMPLOG : Table    One | 086.000
2016-11-20 12:10:08 | TEMPLOG : Table    One | 085.100
2016-11-20 12:11:10 | TEMPLOG : Table    One | 086.900
2016-11-20 12:12:11 | TEMPLOG : Bio   Filter | 070.700
2016-11-20 12:12:11 | TEMPLOG : Table    One | 089.600
2016-11-20 12:13:11 | TEMPLOG : WellhouseOne | 052.700
2016-11-20 12:13:12 | TEMPLOG : To   GeoLoop | 061.700
2016-11-20 12:13:12 | TEMPLOG : Table    One | 092.300
2016-11-20 12:14:13 | TEMPLOG : WellhouseOne | 051.800
2016-11-20 12:14:13 | TEMPLOG : Bio   Filter | 071.600
2016-11-20 12:14:13 | TEMPLOG : Table    One | 093.200
2016-11-20 12:15:14 | TEMPLOG : WellhouseOne | 052.700
2016-11-20 12:15:14 | TEMPLOG : Table    One | 091.400
2016-11-20 12:16:16 | TEMPLOG : Table    One | 087.800
2016-11-20 12:17:17 | TEMPLOG : Table    One | 086.900
2016-11-20 12:20:20 | TEMPLOG : Table    One | 090.500
2016-11-20 12:21:20 | TEMPLOG : Bio   Filter | 072.500
2016-11-20 12:21:21 | TEMPLOG : Table    One | 094.100
2016-11-20 12:22:21 | TEMPLOG : To   GeoLoop | 062.600
2016-11-20 12:22:22 | TEMPLOG : Table    One | 095.900
2016-11-20 12:23:23 | TEMPLOG : Bio   Filter | 073.400
2016-11-20 12:23:23 | TEMPLOG : Table    One | 096.800
2016-11-20 12:24:25 | TEMPLOG : Table    One | 095.900
2016-11-20 12:25:25 | TEMPLOG : WellhouseOne | 053.600
2016-11-20 12:25:27 | TEMPLOG : Table    One | 094.100
2016-11-20 12:26:28 | TEMPLOG : Table    One | 092.300
2016-11-20 12:27:29 | TEMPLOG : WellhouseOne | 052.700
2016-11-20 12:27:29 | TEMPLOG : Table    One | 090.500
2016-11-20 12:28:30 | TEMPLOG : Table    One | 088.700
2016-11-20 12:29:31 | TEMPLOG : Bio   Filter | 072.500
2016-11-20 12:29:31 | TEMPLOG : To   GeoLoop | 061.700
2016-11-20 12:29:32 | TEMPLOG : Table    One | 086.900
2016-11-20 12:30:33 | TEMPLOG : Table    One | 086.000
2016-11-20 12:31:33 | TEMPLOG : WellhouseOne | 053.600
2016-11-20 12:31:34 | TEMPLOG : Table    One | 085.100
2016-11-20 12:32:35 | TEMPLOG : Bio   Filter | 071.600
2016-11-20 12:32:35 | TEMPLOG : Table    One | 083.300
2016-11-20 12:33:36 | TEMPLOG : Bio   Filter | 070.700
2016-11-20 12:33:37 | TEMPLOG : Table    One | 082.400
2016-11-20 12:34:38 | TEMPLOG : Table    One | 081.500
2016-11-20 12:35:38 | TEMPLOG : Bio   Filter | 069.800
2016-11-20 12:35:39 | TEMPLOG : Table    One | 079.700
2016-11-20 12:37:41 | TEMPLOG : Table    One | 078.800
2016-11-20 12:38:42 | TEMPLOG : WellhouseOne | 052.700
2016-11-20 12:38:42 | TEMPLOG : Bio   Filter | 068.900
2016-11-20 12:38:43 | TEMPLOG : Table    One | 077.900
2016-11-20 12:39:43 | TEMPLOG : WellhouseOne | 053.600
2016-11-20 12:39:44 | TEMPLOG : To   GeoLoop | 060.800
2016-11-20 12:39:44 | TEMPLOG : Table    One | 077.000
2016-11-20 12:40:44 | TEMPLOG : WellhouseOne | 052.700
2016-11-20 12:40:44 | TEMPLOG : Bio   Filter | 068.000
2016-11-20 12:42:50 | TEMPLOG : Table    One | 076.100
2016-11-20 12:43:51 | TEMPLOG : WellhouseOne | 053.600
2016-11-20 12:43:51 | TEMPLOG : Bio   Filter | 067.100
2016-11-20 12:44:52 | TEMPLOG : WellhouseOne | 052.700
2016-11-20 12:45:53 | TEMPLOG : WellhouseOne | 053.600
2016-11-20 12:46:54 | TEMPLOG : WellhouseOne | 052.700
2016-11-20 12:46:55 | TEMPLOG : Table    One | 075.200
2016-11-20 12:47:55 | TEMPLOG : WellhouseOne | 053.600
2016-11-20 12:47:55 | TEMPLOG : Bio   Filter | 066.200
2016-11-20 12:48:58 | TEMPLOG : Table    One | 076.100
2016-11-20 12:50:59 | TEMPLOG : To   GeoLoop | 061.700
2016-11-20 12:54:03 | TEMPLOG : Table    One | 075.200
2016-11-20 12:56:06 | TEMPLOG : Bio   Filter | 065.300
2016-11-20 12:56:07 | TEMPLOG : Table    One | 074.300
2016-11-20 12:58:09 | TEMPLOG : Bio   Filter | 066.200
2016-11-20 12:58:10 | TEMPLOG : Table    One | 075.200
2016-11-20 12:59:10 | TEMPLOG : Bio   Filter | 065.300
2016-11-20 13:00:12 | TEMPLOG : WellhouseOne | 053.600
2016-11-20 13:00:12 | TEMPLOG : Bio   Filter | 065.300
2016-11-20 13:00:12 | TEMPLOG : To   GeoLoop | 061.700
2016-11-20 13:00:12 | TEMPLOG : Table    One | 075.200
2016-11-20 13:02:15 | TEMPLOG : Table    One | 074.300
2016-11-20 13:03:15 | TEMPLOG : Table    One | 072.500
2016-11-20 13:04:17 | TEMPLOG : Table    One | 071.600
2016-11-20 13:06:19 | TEMPLOG : Table    One | 070.700
2016-11-20 13:07:19 | TEMPLOG : WellhouseOne | 054.500
2016-11-20 13:07:19 | TEMPLOG : Bio   Filter | 064.400
2016-11-20 13:07:20 | TEMPLOG : Table    One | 069.800
2016-11-20 13:08:21 | TEMPLOG : WellhouseOne | 053.600
2016-11-20 13:08:22 | TEMPLOG : Table    One | 065.300
2016-11-20 13:09:23 | TEMPLOG : WellhouseOne | 054.500
2016-11-20 13:09:23 | TEMPLOG : Table    One | 063.500
2016-11-20 13:10:24 | TEMPLOG : To   GeoLoop | 060.800
2016-11-20 13:10:24 | TEMPLOG : Table    One | 062.600
2016-11-20 13:11:26 | TEMPLOG : Table    One | 061.700
2016-11-20 13:12:26 | TEMPLOG : WellhouseOne | 053.600
2016-11-20 13:12:26 | TEMPLOG : Bio   Filter | 063.500
2016-11-20 13:13:27 | TEMPLOG : WellhouseOne | 054.500
2016-11-20 13:13:27 | TEMPLOG : Table    One | 060.800
2016-11-20 13:15:29 | TEMPLOG : To   GeoLoop | 059.900
2016-11-20 13:16:30 | TEMPLOG : To   GeoLoop | 060.800
2016-11-20 13:17:31 | TEMPLOG : Bio   Filter | 062.600
2016-11-20 13:17:31 | TEMPLOG : To   GeoLoop | 059.900
2016-11-20 13:18:32 | TEMPLOG : Table    One | 059.900
2016-11-20 13:20:34 | TEMPLOG : Table    One | 060.800
2016-11-20 13:23:36 | TEMPLOG : WellhouseOne | 055.400
2016-11-20 13:25:39 | TEMPLOG : WellhouseOne | 054.500
2016-11-20 13:25:39 | TEMPLOG : Bio   Filter | 061.700
2016-11-20 13:26:40 | TEMPLOG : WellhouseOne | 055.400
2016-11-20 13:27:41 | TEMPLOG : WellhouseOne | 054.500
2016-11-20 13:27:42 | TEMPLOG : To   GeoLoop | 060.800
2016-11-20 13:28:43 | TEMPLOG : To   GeoLoop | 059.900
2016-11-20 13:29:44 | TEMPLOG : WellhouseOne | 055.400
2016-11-20 13:37:54 | TEMPLOG : WellhouseOne | 054.500
2016-11-20 13:38:56 | TEMPLOG : WellhouseOne | 055.400
2016-11-20 13:41:00 | TEMPLOG : Table    One | 061.700
2016-11-20 13:42:01 | TEMPLOG : WellhouseOne | 054.500
2016-11-20 13:43:02 | TEMPLOG : WellhouseOne | 055.400
2016-11-20 13:43:04 | TEMPLOG : Table    One | 062.600
2016-11-20 13:44:04 | TEMPLOG : WellhouseOne | 054.500
2016-11-20 13:45:05 | TEMPLOG : To   GeoLoop | 060.800
2016-11-20 13:46:06 | TEMPLOG : WellhouseOne | 055.400
2016-11-20 13:46:07 | TEMPLOG : To   GeoLoop | 059.900
2016-11-20 13:47:07 | TEMPLOG : WellhouseOne | 054.500
2016-11-20 13:48:08 | TEMPLOG : WellhouseOne | 055.400
2016-11-20 13:48:08 | TEMPLOG : Bio   Filter | 062.600
2016-11-20 13:48:08 | TEMPLOG : To   GeoLoop | 060.800
2016-11-20 13:48:09 | TEMPLOG : Table    One | 063.500
2016-11-20 13:49:09 | TEMPLOG : To   GeoLoop | 059.900
2016-11-20 13:50:11 | TEMPLOG : To   GeoLoop | 060.800
2016-11-20 13:51:13 | TEMPLOG : To   GeoLoop | 059.900
2016-11-20 13:52:14 | TEMPLOG : To   GeoLoop | 060.800
2016-11-20 13:53:17 | TEMPLOG : To   GeoLoop | 059.900
2016-11-20 13:55:20 | TEMPLOG : To   GeoLoop | 060.800
2016-11-20 13:56:21 | TEMPLOG : Table    One | 064.400
2016-11-20 13:57:22 | TEMPLOG : Table    One | 066.200
2016-11-20 13:58:22 | TEMPLOG : WellhouseOne | 056.300
2016-11-20 13:58:22 | TEMPLOG : Bio   Filter | 063.500
2016-11-20 13:58:23 | TEMPLOG : To   GeoLoop | 061.700
2016-11-20 13:58:23 | TEMPLOG : Table    One | 068.000
2016-11-20 13:59:24 | TEMPLOG : WellhouseOne | 055.400
2016-11-20 13:59:24 | TEMPLOG : To   GeoLoop | 062.600
2016-11-20 13:59:24 | TEMPLOG : Table    One | 071.600
2016-11-20 14:00:25 | TEMPLOG : WellhouseOne | 055.400
2016-11-20 14:00:25 | TEMPLOG : Bio   Filter | 064.400
2016-11-20 14:00:25 | TEMPLOG : To   GeoLoop | 062.600
2016-11-20 14:00:25 | TEMPLOG : Table    One | 074.300
2016-11-20 14:01:26 | TEMPLOG : Bio   Filter | 065.300
2016-11-20 14:01:26 | TEMPLOG : To   GeoLoop | 064.400
2016-11-20 14:01:27 | TEMPLOG : Table    One | 076.100
2016-11-20 14:02:28 | TEMPLOG : To   GeoLoop | 063.500
2016-11-20 14:02:28 | TEMPLOG : Table    One | 073.400
2016-11-20 14:03:29 | TEMPLOG : To   GeoLoop | 062.600
2016-11-20 14:04:30 | TEMPLOG : Bio   Filter | 066.200
2016-11-20 14:04:30 | TEMPLOG : To   GeoLoop | 063.500
2016-11-20 14:04:30 | TEMPLOG : Table    One | 075.200
2016-11-20 14:05:32 | TEMPLOG : Table    One | 077.000
2016-11-20 14:06:33 | TEMPLOG : Bio   Filter | 067.100
2016-11-20 14:06:33 | TEMPLOG : To   GeoLoop | 064.400
2016-11-20 14:06:33 | TEMPLOG : Table    One | 080.600
2016-11-20 14:07:33 | TEMPLOG : WellhouseOne | 056.300
2016-11-20 14:07:33 | TEMPLOG : Bio   Filter | 068.000
2016-11-20 14:07:34 | TEMPLOG : To   GeoLoop | 065.300
2016-11-20 14:07:34 | TEMPLOG : Table    One | 083.300
2016-11-20 14:08:34 | TEMPLOG : Bio   Filter | 068.900
2016-11-20 14:08:34 | TEMPLOG : To   GeoLoop | 066.200
2016-11-20 14:08:34 | TEMPLOG : Table    One | 086.000
2016-11-20 14:09:35 | TEMPLOG : Bio   Filter | 069.800
2016-11-20 14:09:36 | TEMPLOG : Table    One | 087.800
2016-11-20 14:10:37 | TEMPLOG : Table    One | 088.700
2016-11-20 14:11:38 | TEMPLOG : Bio   Filter | 070.700
2016-11-20 14:12:39 | TEMPLOG : Table    One | 086.900
2016-11-20 14:13:40 | TEMPLOG : To   GeoLoop | 065.300
2016-11-20 14:13:40 | TEMPLOG : Table    One | 081.500
2016-11-20 14:14:41 | TEMPLOG : Bio   Filter | 069.800
2016-11-20 14:14:41 | TEMPLOG : To   GeoLoop | 064.400
2016-11-20 14:14:42 | TEMPLOG : Table    One | 078.800
2016-11-20 14:15:43 | TEMPLOG : To   GeoLoop | 063.500
2016-11-20 14:15:43 | TEMPLOG : Table    One | 076.100
2016-11-20 14:16:44 | TEMPLOG : To   GeoLoop | 062.600
2016-11-20 14:16:44 | TEMPLOG : Table    One | 075.200
2016-11-20 14:17:44 | TEMPLOG : Bio   Filter | 068.900
2016-11-20 14:17:45 | TEMPLOG : Table    One | 073.400
2016-11-20 14:18:46 | TEMPLOG : Table    One | 072.500
2016-11-20 14:19:47 | TEMPLOG : Bio   Filter | 068.000
2016-11-20 14:19:47 | TEMPLOG : To   GeoLoop | 061.700
2016-11-20 14:19:47 | TEMPLOG : Table    One | 071.600
2016-11-20 14:21:50 | TEMPLOG : To   GeoLoop | 062.600
2016-11-20 14:21:50 | TEMPLOG : Table    One | 076.100
2016-11-20 14:22:52 | TEMPLOG : To   GeoLoop | 063.500
2016-11-20 14:22:52 | TEMPLOG : Table    One | 082.400
2016-11-20 14:23:53 | TEMPLOG : WellhouseOne | 057.200
2016-11-20 14:23:53 | TEMPLOG : Bio   Filter | 068.900
2016-11-20 14:23:53 | TEMPLOG : To   GeoLoop | 064.400
2016-11-20 14:23:54 | TEMPLOG : Table    One | 086.000
2016-11-20 14:24:54 | TEMPLOG : Bio   Filter | 069.800
2016-11-20 14:24:54 | TEMPLOG : To   GeoLoop | 065.300
2016-11-20 14:24:55 | TEMPLOG : Table    One | 088.700
2016-11-20 14:25:56 | TEMPLOG : Table    One | 090.500
2016-11-20 14:26:56 | TEMPLOG : Bio   Filter | 070.700
2016-11-20 14:26:57 | TEMPLOG : Table    One | 092.300
2016-11-20 14:27:57 | TEMPLOG : Table    One | 093.200
2016-11-20 14:28:58 | TEMPLOG : Table    One | 088.700
2016-11-20 14:29:59 | TEMPLOG : Table    One | 083.300
2016-11-20 14:30:59 | TEMPLOG : Bio   Filter | 069.800
2016-11-20 14:31:00 | TEMPLOG : Table    One | 078.800
2016-11-20 14:32:01 | TEMPLOG : Table    One | 076.100
2016-11-20 14:33:03 | TEMPLOG : Bio   Filter | 068.900
2016-11-20 14:33:03 | TEMPLOG : To   GeoLoop | 061.700
2016-11-20 14:33:03 | TEMPLOG : Table    One | 074.300
2016-11-20 14:34:04 | TEMPLOG : Table    One | 072.500
2016-11-20 14:35:05 | TEMPLOG : Bio   Filter | 068.000
2016-11-20 14:35:05 | TEMPLOG : To   GeoLoop | 060.800
2016-11-20 14:35:05 | TEMPLOG : Table    One | 070.700
2016-11-20 14:36:06 | TEMPLOG : Bio   Filter | 067.100
2016-11-20 14:36:07 | TEMPLOG : Table    One | 069.800
2016-11-20 14:37:08 | TEMPLOG : Table    One | 068.900
2016-11-20 14:38:09 | TEMPLOG : Table    One | 068.000
2016-11-20 14:39:09 | TEMPLOG : Bio   Filter | 066.200
2016-11-20 14:40:11 | TEMPLOG : Table    One | 067.100
2016-11-20 14:41:12 | TEMPLOG : Table    One | 070.700
2016-11-20 14:42:12 | TEMPLOG : Bio   Filter | 065.300
2016-11-20 14:42:12 | TEMPLOG : To   GeoLoop | 061.700
2016-11-20 14:42:13 | TEMPLOG : Table    One | 072.500
2016-11-20 14:43:13 | TEMPLOG : Bio   Filter | 066.200
2016-11-20 14:43:14 | TEMPLOG : Table    One | 075.200
2016-11-20 14:44:15 | TEMPLOG : Table    One | 073.400
2016-11-20 14:45:16 | TEMPLOG : Bio   Filter | 065.300
2016-11-20 14:45:17 | TEMPLOG : Table    One | 072.500
2016-11-20 14:46:18 | TEMPLOG : Table    One | 071.600
2016-11-20 14:47:19 | TEMPLOG : Table    One | 075.200
2016-11-20 14:48:19 | TEMPLOG : Bio   Filter | 066.200
2016-11-20 14:48:19 | TEMPLOG : To   GeoLoop | 062.600
2016-11-20 14:48:20 | TEMPLOG : Table    One | 077.900
2016-11-20 14:49:21 | TEMPLOG : To   GeoLoop | 063.500
2016-11-20 14:49:21 | TEMPLOG : Table    One | 080.600
2016-11-20 14:50:21 | TEMPLOG : Bio   Filter | 067.100
2016-11-20 14:50:22 | TEMPLOG : Table    One | 081.500
2016-11-20 14:51:23 | TEMPLOG : To   GeoLoop | 064.400
2016-11-20 14:51:23 | TEMPLOG : Table    One | 083.300
2016-11-20 14:52:23 | TEMPLOG : Bio   Filter | 068.000
2016-11-20 14:53:24 | TEMPLOG : Bio   Filter | 068.900
2016-11-20 14:53:25 | TEMPLOG : Table    One | 084.200
2016-11-20 14:54:26 | TEMPLOG : Table    One | 085.100
2016-11-20 14:55:26 | TEMPLOG : Bio   Filter | 069.800
2016-11-20 14:56:27 | TEMPLOG : Table    One | 083.300
2016-11-20 14:57:28 | TEMPLOG : Table    One | 081.500
2016-11-20 14:58:31 | TEMPLOG : Table    One | 083.300
2016-11-20 14:59:33 | TEMPLOG : Table    One | 085.100
2016-11-20 15:00:33 | TEMPLOG : WellhouseOne | 057.200
2016-11-20 15:00:33 | TEMPLOG : Bio   Filter | 069.800
2016-11-20 15:00:34 | TEMPLOG : To   GeoLoop | 064.400
2016-11-20 15:00:34 | TEMPLOG : Table    One | 086.000
2016-11-20 15:01:34 | TEMPLOG : Bio   Filter | 070.700
2016-11-20 15:01:36 | TEMPLOG : Table    One | 087.800
2016-11-20 15:03:37 | TEMPLOG : Table    One | 088.700
2016-11-20 15:08:43 | TEMPLOG : Bio   Filter | 071.600
2016-11-20 15:10:48 | TEMPLOG : Table    One | 087.800
2016-11-20 15:11:49 | TEMPLOG : Table    One | 086.900
2016-11-20 15:12:52 | TEMPLOG : To   GeoLoop | 063.500
2016-11-20 15:12:52 | TEMPLOG : Table    One | 085.100
2016-11-20 15:14:55 | TEMPLOG : Bio   Filter | 070.700
2016-11-20 15:14:56 | TEMPLOG : Table    One | 086.000
2016-11-20 15:15:57 | TEMPLOG : Bio   Filter | 071.600
2016-11-20 15:15:58 | TEMPLOG : Table    One | 086.900
2016-11-20 15:18:01 | TEMPLOG : Table    One | 087.800
2016-11-20 15:19:02 | TEMPLOG : To   GeoLoop | 064.400
2016-11-20 15:20:04 | TEMPLOG : To   GeoLoop | 063.500
2016-11-20 15:21:05 | TEMPLOG : To   GeoLoop | 064.400
2016-11-20 15:22:05 | TEMPLOG : WellhouseOne | 058.100
2016-11-20 15:22:06 | TEMPLOG : To   GeoLoop | 063.500
2016-11-20 15:23:07 | TEMPLOG : To   GeoLoop | 064.400
2016-11-20 15:26:11 | TEMPLOG : To   GeoLoop | 063.500
2016-11-20 15:26:11 | TEMPLOG : Table    One | 086.900
2016-11-20 15:27:12 | TEMPLOG : To   GeoLoop | 064.400
2016-11-20 15:28:12 | TEMPLOG : To   GeoLoop | 063.500
2016-11-20 15:30:15 | TEMPLOG : Table    One | 086.000
2016-11-20 15:31:17 | TEMPLOG : Bio   Filter | 070.700
2016-11-20 15:32:19 | TEMPLOG : Bio   Filter | 071.600
2016-11-20 15:33:20 | TEMPLOG : Bio   Filter | 070.700
2016-11-20 15:33:20 | TEMPLOG : Table    One | 085.100
2016-11-20 15:34:21 | TEMPLOG : WellhouseOne | 059.000
2016-11-20 15:34:21 | TEMPLOG : Table    One | 084.200
2016-11-20 15:36:24 | TEMPLOG : WellhouseOne | 059.900
2016-11-20 15:38:25 | TEMPLOG : WellhouseOne | 060.800
2016-11-20 15:39:29 | TEMPLOG : Table    One | 083.300
2016-11-20 15:42:30 | TEMPLOG : WellhouseOne | 059.900
2016-11-20 15:42:30 | TEMPLOG : Bio   Filter | 069.800
2016-11-20 15:42:31 | TEMPLOG : To   GeoLoop | 062.600
2016-11-20 15:42:31 | TEMPLOG : Table    One | 082.400
2016-11-20 15:43:31 | TEMPLOG : WellhouseOne | 060.800
2016-11-20 15:44:32 | TEMPLOG : WellhouseOne | 059.900
2016-11-20 15:44:33 | TEMPLOG : Table    One | 081.500
2016-11-20 15:45:33 | TEMPLOG : Table    One | 080.600
2016-11-20 15:47:36 | TEMPLOG : Table    One | 079.700
2016-11-20 15:48:36 | TEMPLOG : Bio   Filter | 068.900
2016-11-20 15:49:38 | TEMPLOG : Table    One | 077.900
2016-11-20 15:51:41 | TEMPLOG : Table    One | 077.000
2016-11-20 15:52:42 | TEMPLOG : Bio   Filter | 068.000
2016-11-20 15:52:42 | TEMPLOG : To   GeoLoop | 061.700
2016-11-20 15:52:42 | TEMPLOG : Table    One | 076.100
2016-11-20 15:53:43 | TEMPLOG : Table    One | 075.200
2016-11-20 15:54:44 | TEMPLOG : Table    One | 074.300
2016-11-20 15:56:46 | TEMPLOG : Bio   Filter | 067.100
2016-11-20 15:56:46 | TEMPLOG : Table    One | 073.400
2016-11-20 15:57:47 | TEMPLOG : Table    One | 072.500
2016-11-20 15:58:48 | TEMPLOG : Table    One | 071.600
2016-11-20 15:59:49 | TEMPLOG : Bio   Filter | 066.200
2016-11-20 15:59:50 | TEMPLOG : Table    One | 069.800
2016-11-20 16:00:50 | TEMPLOG : WellhouseOne | 059.900
2016-11-20 16:00:50 | TEMPLOG : Bio   Filter | 066.200
2016-11-20 16:00:51 | TEMPLOG : To   GeoLoop | 061.700
2016-11-20 16:00:51 | TEMPLOG : Table    One | 068.000
2016-11-20 16:01:51 | TEMPLOG : Bio   Filter | 065.300
2016-11-20 16:01:52 | TEMPLOG : To   GeoLoop | 060.800
2016-11-20 16:01:53 | TEMPLOG : Table    One | 067.100
2016-11-20 16:02:53 | TEMPLOG : WellhouseOne | 059.000
2016-11-20 16:02:54 | TEMPLOG : Table    One | 066.200
2016-11-20 16:03:54 | TEMPLOG : WellhouseOne | 059.900
2016-11-20 16:03:55 | TEMPLOG : Table    One | 065.300
2016-11-20 16:04:56 | TEMPLOG : Bio   Filter | 064.400
2016-11-20 16:04:56 | TEMPLOG : Table    One | 064.400
2016-11-20 16:06:57 | TEMPLOG : Bio   Filter | 063.500
2016-11-20 16:07:59 | TEMPLOG : Table    One | 065.300
2016-11-20 16:09:00 | TEMPLOG : Table    One | 066.200
2016-11-20 16:10:01 | TEMPLOG : Table    One | 067.100
2016-11-20 16:11:01 | TEMPLOG : Table    One | 068.000
2016-11-20 16:15:06 | TEMPLOG : Table    One | 067.100
2016-11-20 16:17:10 | TEMPLOG : Table    One | 066.200
2016-11-20 16:19:11 | TEMPLOG : Bio   Filter | 062.600
2016-11-20 16:20:13 | TEMPLOG : Table    One | 065.300
2016-11-20 16:22:18 | TEMPLOG : Table    One | 064.400
2016-11-20 16:24:21 | TEMPLOG : Bio   Filter | 061.700
2016-11-20 16:24:22 | TEMPLOG : Table    One | 063.500
2016-11-20 16:25:23 | TEMPLOG : Table    One | 061.700
2016-11-20 16:26:23 | TEMPLOG : WellhouseOne | 059.000
2016-11-20 16:26:24 | TEMPLOG : To   GeoLoop | 059.900
2016-11-20 16:26:24 | TEMPLOG : Table    One | 060.800
2016-11-20 16:27:25 | TEMPLOG : Bio   Filter | 060.800
2016-11-20 16:28:28 | TEMPLOG : Table    One | 059.900
2016-11-20 16:29:29 | TEMPLOG : Table    One | 059.000
2016-11-20 16:31:31 | TEMPLOG : Bio   Filter | 059.900
2016-11-20 16:32:33 | TEMPLOG : Table    One | 058.100
2016-11-20 16:35:35 | TEMPLOG : WellhouseOne | 058.100
2016-11-20 16:35:35 | TEMPLOG : Bio   Filter | 059.000
2016-11-20 16:35:35 | TEMPLOG : Table    One | 057.200
2016-11-20 16:40:41 | TEMPLOG : Bio   Filter | 058.100
2016-11-20 16:41:43 | TEMPLOG : Table    One | 056.300
2016-11-20 16:43:45 | TEMPLOG : To   GeoLoop | 059.000
2016-11-20 16:44:46 | TEMPLOG : To   GeoLoop | 059.900
2016-11-20 16:46:48 | TEMPLOG : To   GeoLoop | 059.000
2016-11-20 16:47:49 | TEMPLOG : To   GeoLoop | 059.900
2016-11-20 16:49:51 | TEMPLOG : Bio   Filter | 057.200
2016-11-20 16:50:52 | TEMPLOG : Bio   Filter | 058.100
2016-11-20 16:51:53 | TEMPLOG : Bio   Filter | 057.200
2016-11-20 16:52:54 | TEMPLOG : WellhouseOne | 057.200
2016-11-20 16:52:55 | TEMPLOG : To   GeoLoop | 059.000
2016-11-20 16:53:56 | TEMPLOG : To   GeoLoop | 059.900
2016-11-20 16:54:57 | TEMPLOG : Table    One | 055.400
2016-11-20 16:55:58 | TEMPLOG : To   GeoLoop | 059.000
2016-11-20 17:00:03 | TEMPLOG : WellhouseOne | 057.200
2016-11-20 17:00:03 | TEMPLOG : Bio   Filter | 057.200
2016-11-20 17:00:03 | TEMPLOG : To   GeoLoop | 059.000
2016-11-20 17:00:04 | TEMPLOG : Table    One | 055.400
2016-11-20 17:04:08 | TEMPLOG : Bio   Filter | 056.300
2016-11-20 17:05:09 | TEMPLOG : Bio   Filter | 057.200
2016-11-20 17:06:10 | TEMPLOG : Bio   Filter | 056.300
2016-11-20 17:08:14 | TEMPLOG : Table    One | 054.500
2016-11-20 17:14:21 | TEMPLOG : WellhouseOne | 056.300
2016-11-20 17:19:27 | TEMPLOG : WellhouseOne | 057.200
2016-11-20 17:19:27 | TEMPLOG : Bio   Filter | 055.400
2016-11-20 17:19:28 | TEMPLOG : Table    One | 053.600
2016-11-20 17:21:29 | TEMPLOG : WellhouseOne | 056.300
2016-11-20 17:32:45 | TEMPLOG : WellhouseOne | 055.400
2016-11-20 17:33:47 | TEMPLOG : Table    One | 052.700
2016-11-20 17:34:48 | TEMPLOG : Bio   Filter | 054.500
2016-11-20 17:35:50 | TEMPLOG : Table    One | 053.600
2016-11-20 17:36:52 | TEMPLOG : Table    One | 052.700
2016-11-20 17:37:52 | TEMPLOG : WellhouseOne | 056.300
2016-11-20 17:41:55 | TEMPLOG : WellhouseOne | 055.400
2016-11-20 17:47:02 | TEMPLOG : To   GeoLoop | 058.100
2016-11-20 17:48:04 | TEMPLOG : To   GeoLoop | 059.000
2016-11-20 17:51:23 | TEMPLOG : To   GeoLoop | 058.100
2016-11-20 17:52:24 | TEMPLOG : To   GeoLoop | 059.000
2016-11-20 17:53:25 | TEMPLOG : To   GeoLoop | 058.100
2016-11-20 17:55:27 | TEMPLOG : Bio   Filter | 053.600
2016-11-20 17:55:27 | TEMPLOG : To   GeoLoop | 059.000
2016-11-20 17:56:28 | TEMPLOG : Bio   Filter | 054.500
2016-11-20 17:56:28 | TEMPLOG : To   GeoLoop | 058.100
2016-11-20 17:56:28 | TEMPLOG : Table    One | 051.800
2016-11-20 17:57:29 | TEMPLOG : WellhouseOne | 054.500
2016-11-20 17:57:29 | TEMPLOG : Bio   Filter | 053.600
2016-11-20 17:57:29 | TEMPLOG : Table    One | 052.700
2016-11-20 17:58:30 | TEMPLOG : WellhouseOne | 055.400
2016-11-20 17:58:30 | TEMPLOG : Table    One | 051.800
2016-11-20 17:59:31 | TEMPLOG : WellhouseOne | 054.500
2016-11-20 18:00:32 | TEMPLOG : WellhouseOne | 054.500
2016-11-20 18:00:32 | TEMPLOG : Bio   Filter | 053.600
2016-11-20 18:00:32 | TEMPLOG : To   GeoLoop | 058.100
2016-11-20 18:00:33 | TEMPLOG : Table    One | 051.800
2016-11-20 18:16:57 | TEMPLOG : WellhouseOne | 053.600
2016-11-20 18:23:06 | TEMPLOG : Table    One | 050.900
2016-11-20 18:27:12 | TEMPLOG : Bio   Filter | 052.700
2016-11-20 18:27:12 | TEMPLOG : Table    One | 051.800
2016-11-20 18:28:13 | TEMPLOG : Table    One | 050.900
2016-11-20 18:29:14 | TEMPLOG : Table    One | 051.800
2016-11-20 18:30:16 | TEMPLOG : Table    One | 050.900
2016-11-20 18:38:26 | TEMPLOG : WellhouseOne | 052.700
2016-11-20 18:39:27 | TEMPLOG : WellhouseOne | 053.600
2016-11-20 18:40:28 | TEMPLOG : WellhouseOne | 052.700
2016-11-20 18:41:30 | TEMPLOG : WellhouseOne | 053.600
2016-11-20 18:42:31 | TEMPLOG : WellhouseOne | 052.700
2016-11-20 18:46:37 | TEMPLOG : Table    One | 050.000
2016-11-20 18:47:38 | TEMPLOG : WellhouseOne | 053.600
2016-11-20 18:47:38 | TEMPLOG : Bio   Filter | 051.800
2016-11-20 18:47:39 | TEMPLOG : Table    One | 050.900
2016-11-20 18:48:39 | TEMPLOG : Bio   Filter | 052.700
2016-11-20 18:49:41 | TEMPLOG : Table    One | 050.000
2016-11-20 18:51:44 | TEMPLOG : Bio   Filter | 051.800
2016-11-20 18:52:45 | TEMPLOG : WellhouseOne | 052.700
2016-11-20 18:53:46 | TEMPLOG : WellhouseOne | 053.600
2016-11-20 18:54:49 | TEMPLOG : Table    One | 050.900
2016-11-20 18:55:50 | TEMPLOG : To   GeoLoop | 057.200
2016-11-20 18:55:50 | TEMPLOG : Table    One | 050.000
2016-11-20 18:56:51 | TEMPLOG : Table    One | 050.900
2016-11-20 18:57:52 | TEMPLOG : To   GeoLoop | 058.100
2016-11-20 18:57:52 | TEMPLOG : Table    One | 050.000
2016-11-20 18:58:52 | TEMPLOG : To   GeoLoop | 057.200
2016-11-20 18:59:53 | TEMPLOG : Bio   Filter | 052.700
2016-11-20 18:59:53 | TEMPLOG : To   GeoLoop | 058.100
2016-11-20 19:00:53 | TEMPLOG : WellhouseOne | 052.700
2016-11-20 19:00:54 | TEMPLOG : Bio   Filter | 051.800
2016-11-20 19:00:54 | TEMPLOG : To   GeoLoop | 058.100
2016-11-20 19:00:55 | TEMPLOG : Table    One | 050.000
2016-11-20 19:02:57 | TEMPLOG : Bio   Filter | 052.700
2016-11-20 19:03:58 | TEMPLOG : Bio   Filter | 051.800
2016-11-20 19:03:58 | TEMPLOG : To   GeoLoop | 057.200
2016-11-20 19:04:59 | TEMPLOG : To   GeoLoop | 058.100
2016-11-20 19:05:59 | TEMPLOG : WellhouseOne | 051.800
2016-11-20 19:06:00 | TEMPLOG : To   GeoLoop | 057.200
2016-11-20 19:07:01 | TEMPLOG : To   GeoLoop | 058.100
2016-11-20 19:09:03 | TEMPLOG : To   GeoLoop | 057.200
2016-11-20 19:12:08 | TEMPLOG : To   GeoLoop | 058.100
2016-11-20 19:13:09 | TEMPLOG : To   GeoLoop | 057.200
2016-11-20 19:15:12 | TEMPLOG : WellhouseOne | 050.900
2016-11-20 19:17:14 | TEMPLOG : WellhouseOne | 051.800
2016-11-20 19:18:15 | TEMPLOG : WellhouseOne | 050.900
2016-11-20 19:22:21 | TEMPLOG : Bio   Filter | 050.900
2016-11-20 19:23:22 | TEMPLOG : Bio   Filter | 051.800
2016-11-20 19:23:23 | TEMPLOG : Table    One | 049.100
2016-11-20 19:25:26 | TEMPLOG : Table    One | 050.000
2016-11-20 19:26:28 | TEMPLOG : Table    One | 049.100
2016-11-20 19:28:30 | TEMPLOG : Bio   Filter | 050.900
2016-11-20 19:29:32 | TEMPLOG : Bio   Filter | 051.800
2016-11-20 19:30:33 | TEMPLOG : Bio   Filter | 050.900
2016-11-20 19:31:35 | TEMPLOG : Bio   Filter | 051.800
2016-11-20 19:32:37 | TEMPLOG : Bio   Filter | 050.900
2016-11-20 19:33:40 | TEMPLOG : Bio   Filter | 051.800
2016-11-20 19:36:45 | TEMPLOG : Table    One | 050.000
2016-11-20 19:45:55 | TEMPLOG : WellhouseOne | 051.800
2016-11-20 19:46:56 | TEMPLOG : WellhouseOne | 050.900
2016-11-20 19:47:58 | TEMPLOG : WellhouseOne | 051.800
2016-11-20 19:49:00 | TEMPLOG : WellhouseOne | 050.900
2016-11-20 19:50:03 | TEMPLOG : Table    One | 049.100
2016-11-20 19:51:04 | TEMPLOG : Bio   Filter | 050.900
2016-11-20 19:51:04 | TEMPLOG : Table    One | 050.000
2016-11-20 19:52:05 | TEMPLOG : Bio   Filter | 051.800
2016-11-20 19:52:05 | TEMPLOG : Table    One | 049.100
2016-11-20 19:53:06 | TEMPLOG : Bio   Filter | 050.900
2016-11-20 19:53:07 | TEMPLOG : Table    One | 050.000
2016-11-20 19:54:08 | TEMPLOG : Table    One | 049.100
2016-11-20 19:56:11 | TEMPLOG : Bio   Filter | 051.800
2016-11-20 19:57:13 | TEMPLOG : Bio   Filter | 050.900
2016-11-20 20:00:15 | TEMPLOG : WellhouseOne | 050.000
2016-11-20 20:00:15 | TEMPLOG : Bio   Filter | 050.900
2016-11-20 20:00:15 | TEMPLOG : To   GeoLoop | 057.200
2016-11-20 20:00:16 | TEMPLOG : Table    One | 049.100
2016-11-20 20:05:23 | TEMPLOG : Table    One | 048.200
2016-11-20 20:06:23 | TEMPLOG : WellhouseOne | 049.100
2016-11-20 20:13:33 | TEMPLOG : Bio   Filter | 050.000
2016-11-20 20:15:36 | TEMPLOG : Bio   Filter | 050.900
2016-11-20 20:16:37 | TEMPLOG : Bio   Filter | 050.000
2016-11-20 20:17:39 | TEMPLOG : WellhouseOne | 048.200
2016-11-20 20:28:56 | TEMPLOG : To   GeoLoop | 056.300
2016-11-20 20:29:57 | TEMPLOG : To   GeoLoop | 057.200
2016-11-20 20:30:59 | TEMPLOG : To   GeoLoop | 056.300
2016-11-20 20:32:00 | TEMPLOG : To   GeoLoop | 057.200
2016-11-20 20:36:03 | TEMPLOG : WellhouseOne | 049.100
2016-11-20 20:36:04 | TEMPLOG : Bio   Filter | 050.900
2016-11-20 20:37:04 | TEMPLOG : Bio   Filter | 050.000
2016-11-20 20:38:06 | TEMPLOG : To   GeoLoop | 056.300
2016-11-20 20:39:07 | TEMPLOG : Bio   Filter | 050.900
2016-11-20 20:41:09 | TEMPLOG : WellhouseOne | 048.200
2016-11-20 20:42:12 | TEMPLOG : To   GeoLoop | 057.200
2016-11-20 20:43:13 | TEMPLOG : To   GeoLoop | 056.300
2016-11-20 20:44:14 | TEMPLOG : Bio   Filter | 050.000
2016-11-20 20:54:28 | TEMPLOG : Table    One | 047.300
2016-11-20 20:57:31 | TEMPLOG : WellhouseOne | 047.300
2016-11-20 20:58:32 | TEMPLOG : WellhouseOne | 048.200
2016-11-20 21:00:35 | TEMPLOG : WellhouseOne | 048.200
2016-11-20 21:00:35 | TEMPLOG : Bio   Filter | 050.000
2016-11-20 21:00:35 | TEMPLOG : To   GeoLoop | 056.300
2016-11-20 21:00:35 | TEMPLOG : Table    One | 047.300
2016-11-20 21:01:36 | TEMPLOG : Bio   Filter | 049.100
2016-11-20 21:02:37 | TEMPLOG : WellhouseOne | 047.300
2016-11-20 21:02:37 | TEMPLOG : Bio   Filter | 050.000
2016-11-20 21:03:39 | TEMPLOG : Bio   Filter | 049.100
2016-11-20 21:08:45 | TEMPLOG : Bio   Filter | 050.000
2016-11-20 21:09:47 | TEMPLOG : Bio   Filter | 049.100
2016-11-20 21:17:57 | TEMPLOG : Table    One | 046.400
2016-11-20 21:18:58 | TEMPLOG : Table    One | 047.300
2016-11-20 21:20:00 | TEMPLOG : Table    One | 046.400
2016-11-20 21:23:03 | TEMPLOG : WellhouseOne | 048.200
2016-11-20 21:25:06 | TEMPLOG : Table    One | 047.300
2016-11-20 21:26:07 | TEMPLOG : Table    One | 046.400
2016-11-20 21:28:10 | TEMPLOG : WellhouseOne | 047.300
2016-11-20 21:29:11 | TEMPLOG : To   GeoLoop | 055.400
2016-11-20 21:30:13 | TEMPLOG : To   GeoLoop | 056.300
2016-11-20 21:35:19 | TEMPLOG : Bio   Filter | 048.200
2016-11-20 21:36:20 | TEMPLOG : To   GeoLoop | 055.400
2016-11-20 21:37:21 | TEMPLOG : Bio   Filter | 049.100
2016-11-20 21:37:21 | TEMPLOG : To   GeoLoop | 056.300
2016-11-20 21:42:27 | TEMPLOG : Bio   Filter | 048.200
2016-11-20 21:43:28 | TEMPLOG : Bio   Filter | 049.100
2016-11-20 21:43:28 | TEMPLOG : Table    One | 047.300
2016-11-20 21:44:29 | TEMPLOG : WellhouseOne | 046.400
2016-11-20 21:44:29 | TEMPLOG : Table    One | 046.400
2016-11-20 21:45:30 | TEMPLOG : Table    One | 047.300
2016-11-20 21:47:32 | TEMPLOG : WellhouseOne | 047.300
2016-11-20 21:48:33 | TEMPLOG : WellhouseOne | 046.400
2016-11-20 22:00:47 | TEMPLOG : WellhouseOne | 046.400
2016-11-20 22:00:47 | TEMPLOG : Bio   Filter | 049.100
2016-11-20 22:00:48 | TEMPLOG : To   GeoLoop | 056.300
2016-11-20 22:00:48 | TEMPLOG : Table    One | 047.300
2016-11-20 22:06:55 | TEMPLOG : WellhouseOne | 047.300
2016-11-20 22:17:06 | TEMPLOG : WellhouseOne | 046.400
2016-11-20 22:17:06 | TEMPLOG : To   GeoLoop | 055.400
2016-11-20 22:19:09 | TEMPLOG : To   GeoLoop | 056.300
2016-11-20 22:21:11 | TEMPLOG : To   GeoLoop | 055.400
2016-11-20 22:22:13 | TEMPLOG : To   GeoLoop | 056.300
2016-11-20 22:23:15 | TEMPLOG : To   GeoLoop | 055.400
2016-11-20 22:24:16 | TEMPLOG : To   GeoLoop | 056.300
2016-11-20 22:27:19 | TEMPLOG : To   GeoLoop | 055.400
2016-11-20 22:28:20 | TEMPLOG : To   GeoLoop | 056.300
2016-11-20 22:31:23 | TEMPLOG : To   GeoLoop | 055.400
2016-11-20 22:51:49 | TEMPLOG : WellhouseOne | 047.300
2016-11-20 22:58:58 | TEMPLOG : WellhouseOne | 046.400
2016-11-20 23:00:00 | TEMPLOG : WellhouseOne | 046.400
2016-11-20 23:00:00 | TEMPLOG : Bio   Filter | 049.100
2016-11-20 23:00:00 | TEMPLOG : To   GeoLoop | 055.400
2016-11-20 23:00:01 | TEMPLOG : Table    One | 047.300
2016-11-20 23:04:06 | TEMPLOG : Table    One | 046.400
2016-11-20 23:10:15 | TEMPLOG : Bio   Filter | 048.200
2016-11-20 23:11:15 | TEMPLOG : WellhouseOne | 045.500
2016-11-20 23:11:16 | TEMPLOG : Bio   Filter | 049.100
2016-11-20 23:12:17 | TEMPLOG : Bio   Filter | 048.200
2016-11-20 23:13:19 | TEMPLOG : Bio   Filter | 049.100
2016-11-20 23:14:20 | TEMPLOG : Bio   Filter | 048.200
2016-11-20 23:15:21 | TEMPLOG : Bio   Filter | 049.100
2016-11-20 23:18:25 | TEMPLOG : Bio   Filter | 048.200
2016-11-20 23:19:26 | TEMPLOG : WellhouseOne | 044.600
2016-11-20 23:26:35 | TEMPLOG : Table    One | 045.500
2016-11-20 23:31:42 | TEMPLOG : WellhouseOne | 045.500
2016-11-20 23:35:47 | TEMPLOG : Bio   Filter | 047.300
2016-11-20 23:40:54 | TEMPLOG : WellhouseOne | 044.600
2016-11-20 23:40:55 | TEMPLOG : To   GeoLoop | 054.500
2016-11-20 23:48:03 | TEMPLOG : Table    One | 044.600
2016-11-20 23:50:05 | TEMPLOG : Table    One | 045.500
2016-11-20 23:51:07 | TEMPLOG : Table    One | 044.600
2016-11-20 23:59:14 | TEMPLOG : Table    One | 045.500
