2016-12-20 00:00:16 | TEMPLOG : WellhouseOne | 055.400
2016-12-20 00:00:17 | TEMPLOG : Bio   Filter | 031.100
2016-12-20 00:00:17 | TEMPLOG : To   GeoLoop | 040.100
2016-12-20 00:01:17 | TEMPLOG : WellhouseOne | 054.500
2016-12-20 00:02:18 | TEMPLOG : WellhouseOne | 052.700
2016-12-20 00:03:19 | TEMPLOG : WellhouseOne | 051.800
2016-12-20 00:04:21 | TEMPLOG : WellhouseOne | 050.900
2016-12-20 00:06:24 | TEMPLOG : WellhouseOne | 050.000
2016-12-20 00:08:27 | TEMPLOG : WellhouseOne | 049.100
2016-12-20 00:11:32 | TEMPLOG : WellhouseOne | 048.200
2016-12-20 00:14:35 | TEMPLOG : WellhouseOne | 047.300
2016-12-20 00:18:41 | TEMPLOG : WellhouseOne | 046.400
2016-12-20 00:19:42 | TEMPLOG : WellhouseOne | 101.300
2016-12-20 00:20:43 | TEMPLOG : WellhouseOne | 124.700
2016-12-20 00:21:44 | TEMPLOG : WellhouseOne | 122.900
2016-12-20 00:22:45 | TEMPLOG : WellhouseOne | 090.500
2016-12-20 00:23:46 | TEMPLOG : WellhouseOne | 078.800
2016-12-20 00:23:46 | TEMPLOG : Bio   Filter | 030.200
2016-12-20 00:24:48 | TEMPLOG : WellhouseOne | 069.800
2016-12-20 00:24:49 | TEMPLOG : Bio   Filter | 031.100
2016-12-20 00:25:50 | TEMPLOG : WellhouseOne | 063.500
2016-12-20 00:26:51 | TEMPLOG : WellhouseOne | 059.900
2016-12-20 00:26:53 | TEMPLOG : Bio   Filter | 030.200
2016-12-20 00:27:53 | TEMPLOG : WellhouseOne | 055.400
2016-12-20 00:28:55 | TEMPLOG : WellhouseOne | 053.600
2016-12-20 00:29:56 | TEMPLOG : WellhouseOne | 052.700
2016-12-20 00:30:57 | TEMPLOG : WellhouseOne | 051.800
2016-12-20 00:30:57 | TEMPLOG : Bio   Filter | 031.100
2016-12-20 00:31:59 | TEMPLOG : WellhouseOne | 050.900
2016-12-20 00:33:00 | TEMPLOG : WellhouseOne | 050.000
2016-12-20 00:34:01 | TEMPLOG : WellhouseOne | 049.100
2016-12-20 00:36:03 | TEMPLOG : WellhouseOne | 048.200
2016-12-20 00:38:06 | TEMPLOG : WellhouseOne | 047.300
2016-12-20 00:41:09 | TEMPLOG : WellhouseOne | 046.400
2016-12-20 00:45:13 | TEMPLOG : WellhouseOne | 045.500
2016-12-20 00:47:16 | TEMPLOG : WellhouseOne | 059.000
2016-12-20 00:48:17 | TEMPLOG : WellhouseOne | 110.300
2016-12-20 00:49:19 | TEMPLOG : WellhouseOne | 124.700
2016-12-20 00:50:19 | TEMPLOG : WellhouseOne | 132.800
2016-12-20 00:51:20 | TEMPLOG : WellhouseOne | 109.400
2016-12-20 00:51:20 | TEMPLOG : Bio   Filter | 030.200
2016-12-20 00:52:21 | TEMPLOG : WellhouseOne | 086.900
2016-12-20 00:53:22 | TEMPLOG : WellhouseOne | 074.300
2016-12-20 00:54:23 | TEMPLOG : WellhouseOne | 067.100
2016-12-20 00:55:24 | TEMPLOG : WellhouseOne | 062.600
2016-12-20 00:56:25 | TEMPLOG : WellhouseOne | 057.200
2016-12-20 00:57:25 | TEMPLOG : WellhouseOne | 056.300
2016-12-20 00:58:26 | TEMPLOG : WellhouseOne | 054.500
2016-12-20 00:59:27 | TEMPLOG : WellhouseOne | 053.600
2016-12-20 01:00:29 | TEMPLOG : WellhouseOne | 051.800
2016-12-20 01:00:29 | TEMPLOG : Bio   Filter | 031.100
2016-12-20 01:00:30 | TEMPLOG : To   GeoLoop | 040.100
2016-12-20 01:00:30 | TEMPLOG : Table    One | 031.100
2016-12-20 01:01:30 | TEMPLOG : WellhouseOne | 050.900
2016-12-20 01:03:33 | TEMPLOG : WellhouseOne | 050.000
2016-12-20 01:04:35 | TEMPLOG : WellhouseOne | 049.100
2016-12-20 01:06:37 | TEMPLOG : WellhouseOne | 048.200
2016-12-20 01:09:42 | TEMPLOG : WellhouseOne | 047.300
2016-12-20 01:13:46 | TEMPLOG : WellhouseOne | 046.400
2016-12-20 01:16:52 | TEMPLOG : WellhouseOne | 057.200
2016-12-20 01:17:52 | TEMPLOG : WellhouseOne | 110.300
2016-12-20 01:18:54 | TEMPLOG : WellhouseOne | 128.300
2016-12-20 01:19:55 | TEMPLOG : WellhouseOne | 101.300
2016-12-20 01:20:57 | TEMPLOG : WellhouseOne | 081.500
2016-12-20 01:21:58 | TEMPLOG : WellhouseOne | 073.400
2016-12-20 01:23:00 | TEMPLOG : WellhouseOne | 066.200
2016-12-20 01:24:02 | TEMPLOG : WellhouseOne | 061.700
2016-12-20 01:25:03 | TEMPLOG : WellhouseOne | 059.000
2016-12-20 01:26:04 | TEMPLOG : WellhouseOne | 056.300
2016-12-20 01:27:07 | TEMPLOG : WellhouseOne | 054.500
2016-12-20 01:28:08 | TEMPLOG : WellhouseOne | 052.700
2016-12-20 01:29:09 | TEMPLOG : WellhouseOne | 051.800
2016-12-20 01:30:11 | TEMPLOG : WellhouseOne | 050.900
2016-12-20 01:31:12 | TEMPLOG : WellhouseOne | 050.000
2016-12-20 01:33:14 | TEMPLOG : WellhouseOne | 049.100
2016-12-20 01:34:15 | TEMPLOG : WellhouseOne | 048.200
2016-12-20 01:37:19 | TEMPLOG : WellhouseOne | 047.300
2016-12-20 01:39:22 | TEMPLOG : WellhouseOne | 046.400
2016-12-20 01:45:29 | TEMPLOG : WellhouseOne | 076.100
2016-12-20 01:46:30 | TEMPLOG : WellhouseOne | 115.700
2016-12-20 01:47:32 | TEMPLOG : WellhouseOne | 131.900
2016-12-20 01:48:33 | TEMPLOG : WellhouseOne | 098.600
2016-12-20 01:49:35 | TEMPLOG : WellhouseOne | 081.500
2016-12-20 01:50:36 | TEMPLOG : WellhouseOne | 070.700
2016-12-20 01:51:36 | TEMPLOG : WellhouseOne | 064.400
2016-12-20 01:52:38 | TEMPLOG : WellhouseOne | 059.900
2016-12-20 01:53:39 | TEMPLOG : WellhouseOne | 058.100
2016-12-20 01:54:40 | TEMPLOG : WellhouseOne | 055.400
2016-12-20 01:55:41 | TEMPLOG : WellhouseOne | 053.600
2016-12-20 01:56:42 | TEMPLOG : WellhouseOne | 052.700
2016-12-20 01:57:43 | TEMPLOG : WellhouseOne | 051.800
2016-12-20 01:58:44 | TEMPLOG : WellhouseOne | 050.900
2016-12-20 01:58:46 | TEMPLOG : Table    One | 032.900
2016-12-20 01:59:46 | TEMPLOG : WellhouseOne | 050.000
2016-12-20 02:00:47 | TEMPLOG : WellhouseOne | 049.100
2016-12-20 02:00:49 | TEMPLOG : To   GeoLoop | 040.100
2016-12-20 02:02:50 | TEMPLOG : WellhouseOne | 048.200
2016-12-20 02:04:52 | TEMPLOG : WellhouseOne | 047.300
2016-12-20 02:08:57 | TEMPLOG : WellhouseOne | 046.400
2016-12-20 02:12:00 | TEMPLOG : WellhouseOne | 045.500
2016-12-20 02:14:03 | TEMPLOG : WellhouseOne | 095.000
2016-12-20 02:15:05 | TEMPLOG : WellhouseOne | 122.900
2016-12-20 02:16:08 | TEMPLOG : WellhouseOne | 126.500
2016-12-20 02:17:08 | TEMPLOG : WellhouseOne | 088.700
2016-12-20 02:18:10 | TEMPLOG : WellhouseOne | 075.200
2016-12-20 02:19:11 | TEMPLOG : WellhouseOne | 068.900
2016-12-20 02:20:12 | TEMPLOG : WellhouseOne | 064.400
2016-12-20 02:21:13 | TEMPLOG : WellhouseOne | 060.800
2016-12-20 02:22:14 | TEMPLOG : WellhouseOne | 058.100
2016-12-20 02:23:16 | TEMPLOG : WellhouseOne | 055.400
2016-12-20 02:24:17 | TEMPLOG : WellhouseOne | 054.500
2016-12-20 02:25:18 | TEMPLOG : WellhouseOne | 052.700
2016-12-20 02:26:20 | TEMPLOG : WellhouseOne | 051.800
2016-12-20 02:27:21 | TEMPLOG : WellhouseOne | 050.900
2016-12-20 02:28:22 | TEMPLOG : WellhouseOne | 050.000
2016-12-20 02:29:22 | TEMPLOG : WellhouseOne | 049.100
2016-12-20 02:31:25 | TEMPLOG : WellhouseOne | 048.200
2016-12-20 02:35:31 | TEMPLOG : WellhouseOne | 047.300
2016-12-20 02:39:36 | TEMPLOG : WellhouseOne | 046.400
2016-12-20 02:42:40 | TEMPLOG : WellhouseOne | 086.900
2016-12-20 02:43:41 | TEMPLOG : WellhouseOne | 118.400
2016-12-20 02:44:43 | TEMPLOG : WellhouseOne | 130.100
2016-12-20 02:45:44 | TEMPLOG : WellhouseOne | 125.600
2016-12-20 02:45:45 | TEMPLOG : Table    One | 031.100
2016-12-20 02:46:45 | TEMPLOG : WellhouseOne | 095.900
2016-12-20 02:47:48 | TEMPLOG : WellhouseOne | 080.600
2016-12-20 02:48:48 | TEMPLOG : WellhouseOne | 072.500
2016-12-20 02:49:49 | TEMPLOG : WellhouseOne | 065.300
2016-12-20 02:50:50 | TEMPLOG : WellhouseOne | 060.800
2016-12-20 02:51:51 | TEMPLOG : WellhouseOne | 057.200
2016-12-20 02:52:52 | TEMPLOG : WellhouseOne | 054.500
2016-12-20 02:53:53 | TEMPLOG : WellhouseOne | 052.700
2016-12-20 02:54:55 | TEMPLOG : WellhouseOne | 051.800
2016-12-20 02:55:56 | TEMPLOG : WellhouseOne | 050.900
2016-12-20 02:56:57 | TEMPLOG : WellhouseOne | 049.100
2016-12-20 02:57:59 | TEMPLOG : WellhouseOne | 048.200
2016-12-20 02:59:00 | TEMPLOG : WellhouseOne | 047.300
2016-12-20 03:00:01 | TEMPLOG : WellhouseOne | 048.200
2016-12-20 03:00:01 | TEMPLOG : Bio   Filter | 031.100
2016-12-20 03:00:01 | TEMPLOG : To   GeoLoop | 040.100
2016-12-20 03:00:01 | TEMPLOG : Table    One | 031.100
2016-12-20 03:02:03 | TEMPLOG : WellhouseOne | 047.300
2016-12-20 03:03:04 | TEMPLOG : WellhouseOne | 046.400
2016-12-20 03:06:08 | TEMPLOG : WellhouseOne | 045.500
2016-12-20 03:09:12 | TEMPLOG : WellhouseOne | 044.600
2016-12-20 03:11:14 | TEMPLOG : WellhouseOne | 043.700
2016-12-20 03:12:15 | TEMPLOG : WellhouseOne | 104.900
2016-12-20 03:13:16 | TEMPLOG : WellhouseOne | 123.800
2016-12-20 03:14:16 | TEMPLOG : WellhouseOne | 131.000
2016-12-20 03:15:17 | TEMPLOG : WellhouseOne | 119.300
2016-12-20 03:16:18 | TEMPLOG : WellhouseOne | 093.200
2016-12-20 03:17:20 | TEMPLOG : WellhouseOne | 079.700
2016-12-20 03:18:21 | TEMPLOG : WellhouseOne | 071.600
2016-12-20 03:18:21 | TEMPLOG : Bio   Filter | 030.200
2016-12-20 03:19:22 | TEMPLOG : WellhouseOne | 065.300
2016-12-20 03:20:24 | TEMPLOG : WellhouseOne | 061.700
2016-12-20 03:20:24 | TEMPLOG : Bio   Filter | 031.100
2016-12-20 03:21:25 | TEMPLOG : WellhouseOne | 058.100
2016-12-20 03:22:26 | TEMPLOG : WellhouseOne | 056.300
2016-12-20 03:22:26 | TEMPLOG : Bio   Filter | 030.200
2016-12-20 03:23:27 | TEMPLOG : WellhouseOne | 053.600
2016-12-20 03:24:27 | TEMPLOG : WellhouseOne | 052.700
2016-12-20 03:25:29 | TEMPLOG : WellhouseOne | 051.800
2016-12-20 03:26:30 | TEMPLOG : WellhouseOne | 050.000
2016-12-20 03:28:33 | TEMPLOG : WellhouseOne | 049.100
2016-12-20 03:29:35 | TEMPLOG : WellhouseOne | 048.200
2016-12-20 03:31:37 | TEMPLOG : WellhouseOne | 047.300
2016-12-20 03:34:42 | TEMPLOG : WellhouseOne | 046.400
2016-12-20 03:37:46 | TEMPLOG : Table    One | 030.200
2016-12-20 03:38:46 | TEMPLOG : WellhouseOne | 045.500
2016-12-20 03:39:48 | TEMPLOG : Table    One | 031.100
2016-12-20 03:40:49 | TEMPLOG : WellhouseOne | 085.100
2016-12-20 03:41:51 | TEMPLOG : WellhouseOne | 118.400
2016-12-20 03:41:51 | TEMPLOG : Table    One | 030.200
2016-12-20 03:42:52 | TEMPLOG : WellhouseOne | 130.100
2016-12-20 03:43:53 | TEMPLOG : WellhouseOne | 110.300
2016-12-20 03:44:54 | TEMPLOG : WellhouseOne | 087.800
2016-12-20 03:44:54 | TEMPLOG : To   GeoLoop | 039.200
2016-12-20 03:45:55 | TEMPLOG : WellhouseOne | 076.100
2016-12-20 03:46:56 | TEMPLOG : WellhouseOne | 068.900
2016-12-20 03:47:58 | TEMPLOG : WellhouseOne | 062.600
2016-12-20 03:48:59 | TEMPLOG : WellhouseOne | 059.000
2016-12-20 03:50:00 | TEMPLOG : WellhouseOne | 056.300
2016-12-20 03:51:01 | TEMPLOG : WellhouseOne | 054.500
2016-12-20 03:52:02 | TEMPLOG : WellhouseOne | 052.700
2016-12-20 03:53:03 | TEMPLOG : WellhouseOne | 050.900
2016-12-20 03:54:04 | TEMPLOG : WellhouseOne | 050.000
2016-12-20 03:55:05 | TEMPLOG : WellhouseOne | 049.100
2016-12-20 03:57:07 | TEMPLOG : WellhouseOne | 048.200
2016-12-20 03:59:09 | TEMPLOG : WellhouseOne | 047.300
2016-12-20 04:00:11 | TEMPLOG : WellhouseOne | 047.300
2016-12-20 04:00:11 | TEMPLOG : Bio   Filter | 030.200
2016-12-20 04:00:12 | TEMPLOG : To   GeoLoop | 039.200
2016-12-20 04:00:12 | TEMPLOG : Table    One | 030.200
2016-12-20 04:01:12 | TEMPLOG : WellhouseOne | 046.400
2016-12-20 04:01:12 | TEMPLOG : To   GeoLoop | 040.100
2016-12-20 04:02:14 | TEMPLOG : To   GeoLoop | 039.200
2016-12-20 04:05:18 | TEMPLOG : WellhouseOne | 045.500
2016-12-20 04:06:20 | TEMPLOG : WellhouseOne | 044.600
2016-12-20 04:07:21 | TEMPLOG : WellhouseOne | 043.700
2016-12-20 04:07:21 | TEMPLOG : Bio   Filter | 029.300
2016-12-20 04:08:22 | TEMPLOG : WellhouseOne | 085.100
2016-12-20 04:09:23 | TEMPLOG : WellhouseOne | 116.600
2016-12-20 04:10:24 | TEMPLOG : WellhouseOne | 128.300
2016-12-20 04:11:27 | TEMPLOG : WellhouseOne | 135.500
2016-12-20 04:12:27 | TEMPLOG : WellhouseOne | 104.000
2016-12-20 04:13:29 | TEMPLOG : WellhouseOne | 087.800
2016-12-20 04:14:30 | TEMPLOG : WellhouseOne | 074.300
2016-12-20 04:15:31 | TEMPLOG : WellhouseOne | 067.100
2016-12-20 04:16:32 | TEMPLOG : WellhouseOne | 062.600
2016-12-20 04:17:33 | TEMPLOG : WellhouseOne | 058.100
2016-12-20 04:18:34 | TEMPLOG : WellhouseOne | 055.400
2016-12-20 04:19:36 | TEMPLOG : WellhouseOne | 053.600
2016-12-20 04:20:38 | TEMPLOG : WellhouseOne | 052.700
2016-12-20 04:21:38 | TEMPLOG : WellhouseOne | 050.900
2016-12-20 04:22:39 | TEMPLOG : WellhouseOne | 050.000
2016-12-20 04:23:41 | TEMPLOG : WellhouseOne | 049.100
2016-12-20 04:24:42 | TEMPLOG : WellhouseOne | 048.200
2016-12-20 04:26:45 | TEMPLOG : WellhouseOne | 047.300
2016-12-20 04:28:47 | TEMPLOG : WellhouseOne | 046.400
2016-12-20 04:30:50 | TEMPLOG : Table    One | 029.300
2016-12-20 04:32:52 | TEMPLOG : WellhouseOne | 045.500
2016-12-20 04:36:56 | TEMPLOG : WellhouseOne | 046.400
2016-12-20 04:37:57 | TEMPLOG : WellhouseOne | 105.800
2016-12-20 04:38:57 | TEMPLOG : WellhouseOne | 125.600
2016-12-20 04:39:58 | TEMPLOG : WellhouseOne | 133.700
2016-12-20 04:40:59 | TEMPLOG : WellhouseOne | 097.700
2016-12-20 04:42:01 | TEMPLOG : WellhouseOne | 082.400
2016-12-20 04:43:02 | TEMPLOG : WellhouseOne | 071.600
2016-12-20 04:44:03 | TEMPLOG : WellhouseOne | 065.300
2016-12-20 04:45:04 | TEMPLOG : WellhouseOne | 060.800
2016-12-20 04:46:05 | TEMPLOG : WellhouseOne | 057.200
2016-12-20 04:47:06 | TEMPLOG : WellhouseOne | 053.600
2016-12-20 04:48:07 | TEMPLOG : WellhouseOne | 051.800
2016-12-20 04:48:08 | TEMPLOG : Table    One | 030.200
2016-12-20 04:49:08 | TEMPLOG : WellhouseOne | 050.900
2016-12-20 04:50:09 | TEMPLOG : WellhouseOne | 049.100
2016-12-20 04:51:11 | TEMPLOG : WellhouseOne | 047.300
2016-12-20 04:52:12 | TEMPLOG : WellhouseOne | 046.400
2016-12-20 04:54:15 | TEMPLOG : WellhouseOne | 045.500
2016-12-20 04:57:19 | TEMPLOG : WellhouseOne | 043.700
2016-12-20 04:58:22 | TEMPLOG : Table    One | 029.300
2016-12-20 04:59:22 | TEMPLOG : WellhouseOne | 042.800
2016-12-20 04:59:23 | TEMPLOG : Table    One | 030.200
2016-12-20 05:00:24 | TEMPLOG : WellhouseOne | 043.700
2016-12-20 05:00:24 | TEMPLOG : Bio   Filter | 029.300
2016-12-20 05:00:24 | TEMPLOG : To   GeoLoop | 039.200
2016-12-20 05:00:24 | TEMPLOG : Table    One | 029.300
2016-12-20 05:03:27 | TEMPLOG : WellhouseOne | 042.800
2016-12-20 05:04:28 | TEMPLOG : WellhouseOne | 088.700
2016-12-20 05:05:29 | TEMPLOG : WellhouseOne | 120.200
2016-12-20 05:06:30 | TEMPLOG : WellhouseOne | 129.200
2016-12-20 05:07:31 | TEMPLOG : WellhouseOne | 133.700
2016-12-20 05:08:33 | TEMPLOG : WellhouseOne | 105.800
2016-12-20 05:09:33 | TEMPLOG : WellhouseOne | 087.800
2016-12-20 05:10:34 | TEMPLOG : WellhouseOne | 074.300
2016-12-20 05:11:35 | TEMPLOG : WellhouseOne | 068.000
2016-12-20 05:12:36 | TEMPLOG : WellhouseOne | 062.600
2016-12-20 05:13:37 | TEMPLOG : WellhouseOne | 058.100
2016-12-20 05:14:38 | TEMPLOG : WellhouseOne | 055.400
2016-12-20 05:15:39 | TEMPLOG : WellhouseOne | 053.600
2016-12-20 05:16:41 | TEMPLOG : WellhouseOne | 051.800
2016-12-20 05:17:42 | TEMPLOG : WellhouseOne | 050.900
2016-12-20 05:18:43 | TEMPLOG : WellhouseOne | 049.100
2016-12-20 05:19:44 | TEMPLOG : WellhouseOne | 047.300
2016-12-20 05:20:46 | TEMPLOG : Bio   Filter | 028.400
2016-12-20 05:21:47 | TEMPLOG : WellhouseOne | 046.400
2016-12-20 05:24:51 | TEMPLOG : WellhouseOne | 045.500
2016-12-20 05:26:53 | TEMPLOG : WellhouseOne | 044.600
2016-12-20 05:28:55 | TEMPLOG : WellhouseOne | 043.700
2016-12-20 05:31:59 | TEMPLOG : WellhouseOne | 044.600
2016-12-20 05:33:00 | TEMPLOG : WellhouseOne | 104.000
2016-12-20 05:34:02 | TEMPLOG : WellhouseOne | 120.200
2016-12-20 05:35:03 | TEMPLOG : WellhouseOne | 131.000
2016-12-20 05:36:04 | TEMPLOG : WellhouseOne | 116.600
2016-12-20 05:37:06 | TEMPLOG : WellhouseOne | 087.800
2016-12-20 05:38:08 | TEMPLOG : WellhouseOne | 075.200
2016-12-20 05:38:08 | TEMPLOG : Bio   Filter | 029.300
2016-12-20 05:39:10 | TEMPLOG : WellhouseOne | 068.900
2016-12-20 05:40:11 | TEMPLOG : WellhouseOne | 063.500
2016-12-20 05:41:11 | TEMPLOG : WellhouseOne | 059.900
2016-12-20 05:42:12 | TEMPLOG : WellhouseOne | 057.200
2016-12-20 05:43:13 | TEMPLOG : WellhouseOne | 055.400
2016-12-20 05:44:15 | TEMPLOG : WellhouseOne | 053.600
2016-12-20 05:45:17 | TEMPLOG : WellhouseOne | 051.800
2016-12-20 05:46:17 | TEMPLOG : WellhouseOne | 050.900
2016-12-20 05:47:19 | TEMPLOG : WellhouseOne | 050.000
2016-12-20 05:48:20 | TEMPLOG : WellhouseOne | 049.100
2016-12-20 05:48:21 | TEMPLOG : Bio   Filter | 028.400
2016-12-20 05:49:21 | TEMPLOG : WellhouseOne | 048.200
2016-12-20 05:49:21 | TEMPLOG : Bio   Filter | 029.300
2016-12-20 05:50:23 | TEMPLOG : WellhouseOne | 047.300
2016-12-20 05:50:24 | TEMPLOG : Bio   Filter | 028.400
2016-12-20 05:52:26 | TEMPLOG : WellhouseOne | 046.400
2016-12-20 05:54:29 | TEMPLOG : WellhouseOne | 045.500
2016-12-20 05:57:33 | TEMPLOG : WellhouseOne | 044.600
2016-12-20 05:59:37 | TEMPLOG : WellhouseOne | 043.700
2016-12-20 06:00:38 | TEMPLOG : WellhouseOne | 082.400
2016-12-20 06:00:38 | TEMPLOG : Bio   Filter | 028.400
2016-12-20 06:00:38 | TEMPLOG : To   GeoLoop | 039.200
2016-12-20 06:00:39 | TEMPLOG : Table    One | 029.300
2016-12-20 06:01:39 | TEMPLOG : WellhouseOne | 111.200
2016-12-20 06:02:40 | TEMPLOG : WellhouseOne | 122.900
2016-12-20 06:03:40 | TEMPLOG : WellhouseOne | 129.200
2016-12-20 06:04:41 | TEMPLOG : WellhouseOne | 136.400
2016-12-20 06:04:42 | TEMPLOG : Table    One | 028.400
2016-12-20 06:05:42 | TEMPLOG : WellhouseOne | 108.500
2016-12-20 06:06:43 | TEMPLOG : WellhouseOne | 088.700
2016-12-20 06:07:45 | TEMPLOG : WellhouseOne | 076.100
2016-12-20 06:07:46 | TEMPLOG : To   GeoLoop | 038.300
2016-12-20 06:08:47 | TEMPLOG : WellhouseOne | 065.300
2016-12-20 06:09:49 | TEMPLOG : WellhouseOne | 059.900
2016-12-20 06:09:50 | TEMPLOG : To   GeoLoop | 039.200
2016-12-20 06:10:50 | TEMPLOG : WellhouseOne | 056.300
2016-12-20 06:10:50 | TEMPLOG : To   GeoLoop | 038.300
2016-12-20 06:11:51 | TEMPLOG : WellhouseOne | 053.600
2016-12-20 06:11:52 | TEMPLOG : To   GeoLoop | 039.200
2016-12-20 06:12:53 | TEMPLOG : WellhouseOne | 052.700
2016-12-20 06:12:53 | TEMPLOG : To   GeoLoop | 038.300
2016-12-20 06:12:54 | TEMPLOG : Table    One | 029.300
2016-12-20 06:13:54 | TEMPLOG : WellhouseOne | 050.000
2016-12-20 06:13:55 | TEMPLOG : To   GeoLoop | 039.200
2016-12-20 06:15:57 | TEMPLOG : WellhouseOne | 048.200
2016-12-20 06:16:58 | TEMPLOG : To   GeoLoop | 038.300
2016-12-20 06:17:59 | TEMPLOG : WellhouseOne | 047.300
2016-12-20 06:17:59 | TEMPLOG : To   GeoLoop | 039.200
2016-12-20 06:19:00 | TEMPLOG : WellhouseOne | 046.400
2016-12-20 06:20:02 | TEMPLOG : WellhouseOne | 044.600
2016-12-20 06:21:02 | TEMPLOG : WellhouseOne | 042.800
2016-12-20 06:21:03 | TEMPLOG : Table    One | 028.400
2016-12-20 06:22:03 | TEMPLOG : WellhouseOne | 043.700
2016-12-20 06:23:04 | TEMPLOG : WellhouseOne | 042.800
2016-12-20 06:24:07 | TEMPLOG : To   GeoLoop | 038.300
2016-12-20 06:25:07 | TEMPLOG : WellhouseOne | 041.900
2016-12-20 06:26:10 | TEMPLOG : To   GeoLoop | 039.200
2016-12-20 06:27:11 | TEMPLOG : To   GeoLoop | 038.300
2016-12-20 06:27:12 | TEMPLOG : Table    One | 029.300
2016-12-20 06:28:13 | TEMPLOG : To   GeoLoop | 039.200
2016-12-20 06:28:13 | TEMPLOG : Table    One | 028.400
2016-12-20 06:29:13 | TEMPLOG : WellhouseOne | 085.100
2016-12-20 06:29:14 | TEMPLOG : To   GeoLoop | 038.300
2016-12-20 06:30:15 | TEMPLOG : WellhouseOne | 114.800
2016-12-20 06:31:16 | TEMPLOG : WellhouseOne | 127.400
2016-12-20 06:32:17 | TEMPLOG : WellhouseOne | 133.700
2016-12-20 06:33:19 | TEMPLOG : WellhouseOne | 135.500
2016-12-20 06:34:20 | TEMPLOG : WellhouseOne | 109.400
2016-12-20 06:35:21 | TEMPLOG : WellhouseOne | 087.800
2016-12-20 06:36:22 | TEMPLOG : WellhouseOne | 075.200
2016-12-20 06:37:23 | TEMPLOG : WellhouseOne | 067.100
2016-12-20 06:38:25 | TEMPLOG : WellhouseOne | 062.600
2016-12-20 06:39:27 | TEMPLOG : WellhouseOne | 059.000
2016-12-20 06:39:27 | TEMPLOG : Bio   Filter | 027.500
2016-12-20 06:40:29 | TEMPLOG : WellhouseOne | 055.400
2016-12-20 06:41:30 | TEMPLOG : WellhouseOne | 054.500
2016-12-20 06:42:31 | TEMPLOG : WellhouseOne | 052.700
2016-12-20 06:43:31 | TEMPLOG : WellhouseOne | 051.800
2016-12-20 06:44:33 | TEMPLOG : WellhouseOne | 050.000
2016-12-20 06:45:34 | TEMPLOG : WellhouseOne | 049.100
2016-12-20 06:46:36 | TEMPLOG : WellhouseOne | 048.200
2016-12-20 06:47:37 | TEMPLOG : WellhouseOne | 046.400
2016-12-20 06:48:39 | TEMPLOG : WellhouseOne | 045.500
2016-12-20 06:48:40 | TEMPLOG : Table    One | 027.500
2016-12-20 06:49:41 | TEMPLOG : Table    One | 028.400
2016-12-20 06:52:44 | TEMPLOG : WellhouseOne | 044.600
2016-12-20 06:53:46 | TEMPLOG : WellhouseOne | 043.700
2016-12-20 06:54:47 | TEMPLOG : WellhouseOne | 042.800
2016-12-20 06:57:51 | TEMPLOG : WellhouseOne | 060.800
2016-12-20 06:58:52 | TEMPLOG : WellhouseOne | 109.400
2016-12-20 06:59:53 | TEMPLOG : WellhouseOne | 120.200
2016-12-20 07:00:55 | TEMPLOG : WellhouseOne | 130.100
2016-12-20 07:00:56 | TEMPLOG : Bio   Filter | 027.500
2016-12-20 07:00:56 | TEMPLOG : To   GeoLoop | 038.300
2016-12-20 07:00:56 | TEMPLOG : Table    One | 028.400
2016-12-20 07:01:56 | TEMPLOG : WellhouseOne | 137.300
2016-12-20 07:02:57 | TEMPLOG : WellhouseOne | 093.200
2016-12-20 07:03:58 | TEMPLOG : WellhouseOne | 080.600
2016-12-20 07:04:59 | TEMPLOG : WellhouseOne | 071.600
2016-12-20 07:06:00 | TEMPLOG : WellhouseOne | 066.200
2016-12-20 07:07:01 | TEMPLOG : WellhouseOne | 061.700
2016-12-20 07:08:02 | TEMPLOG : WellhouseOne | 058.100
2016-12-20 07:09:04 | TEMPLOG : WellhouseOne | 055.400
2016-12-20 07:10:06 | TEMPLOG : WellhouseOne | 053.600
2016-12-20 07:11:08 | TEMPLOG : WellhouseOne | 051.800
2016-12-20 07:12:09 | TEMPLOG : WellhouseOne | 050.900
2016-12-20 07:13:10 | TEMPLOG : WellhouseOne | 050.000
2016-12-20 07:14:12 | TEMPLOG : WellhouseOne | 049.100
2016-12-20 07:15:13 | TEMPLOG : WellhouseOne | 048.200
2016-12-20 07:17:17 | TEMPLOG : WellhouseOne | 047.300
2016-12-20 07:19:19 | TEMPLOG : WellhouseOne | 046.400
2016-12-20 07:21:22 | TEMPLOG : WellhouseOne | 045.500
2016-12-20 07:23:26 | TEMPLOG : WellhouseOne | 044.600
2016-12-20 07:23:26 | TEMPLOG : Bio   Filter | 028.400
2016-12-20 07:24:28 | TEMPLOG : Bio   Filter | 027.500
2016-12-20 07:25:28 | TEMPLOG : Bio   Filter | 028.400
2016-12-20 07:26:29 | TEMPLOG : WellhouseOne | 045.500
2016-12-20 07:27:32 | TEMPLOG : WellhouseOne | 104.000
2016-12-20 07:28:33 | TEMPLOG : WellhouseOne | 117.500
2016-12-20 07:29:35 | TEMPLOG : WellhouseOne | 127.400
2016-12-20 07:30:35 | TEMPLOG : WellhouseOne | 131.900
2016-12-20 07:30:38 | TEMPLOG : Table    One | 029.300
2016-12-20 07:31:38 | TEMPLOG : WellhouseOne | 134.600
2016-12-20 07:32:39 | TEMPLOG : WellhouseOne | 109.400
2016-12-20 07:33:40 | TEMPLOG : WellhouseOne | 087.800
2016-12-20 07:33:41 | TEMPLOG : Table    One | 028.400
2016-12-20 07:34:41 | TEMPLOG : WellhouseOne | 075.200
2016-12-20 07:35:43 | TEMPLOG : WellhouseOne | 067.100
2016-12-20 07:36:44 | TEMPLOG : WellhouseOne | 062.600
2016-12-20 07:37:44 | TEMPLOG : WellhouseOne | 058.100
2016-12-20 07:37:46 | TEMPLOG : Table    One | 029.300
2016-12-20 07:38:46 | TEMPLOG : WellhouseOne | 054.500
2016-12-20 07:39:48 | TEMPLOG : WellhouseOne | 051.800
2016-12-20 07:40:49 | TEMPLOG : WellhouseOne | 050.000
2016-12-20 07:41:50 | TEMPLOG : WellhouseOne | 048.200
2016-12-20 07:42:51 | TEMPLOG : WellhouseOne | 047.300
2016-12-20 07:43:52 | TEMPLOG : WellhouseOne | 046.400
2016-12-20 07:44:53 | TEMPLOG : Bio   Filter | 029.300
2016-12-20 07:47:59 | TEMPLOG : WellhouseOne | 045.500
2016-12-20 07:51:03 | TEMPLOG : WellhouseOne | 044.600
2016-12-20 07:51:04 | TEMPLOG : Table    One | 030.200
2016-12-20 07:52:06 | TEMPLOG : To   GeoLoop | 039.200
2016-12-20 07:56:09 | TEMPLOG : WellhouseOne | 096.800
2016-12-20 07:56:09 | TEMPLOG : Bio   Filter | 030.200
2016-12-20 07:56:10 | TEMPLOG : Table    One | 031.100
2016-12-20 07:57:10 | TEMPLOG : WellhouseOne | 114.800
2016-12-20 07:58:11 | TEMPLOG : WellhouseOne | 122.900
2016-12-20 07:59:12 | TEMPLOG : WellhouseOne | 128.300
2016-12-20 08:00:12 | TEMPLOG : WellhouseOne | 131.900
2016-12-20 08:00:13 | TEMPLOG : Bio   Filter | 031.100
2016-12-20 08:00:13 | TEMPLOG : To   GeoLoop | 039.200
2016-12-20 08:01:13 | TEMPLOG : WellhouseOne | 114.800
2016-12-20 08:02:14 | TEMPLOG : WellhouseOne | 092.300
2016-12-20 08:03:16 | TEMPLOG : WellhouseOne | 081.500
2016-12-20 08:04:17 | TEMPLOG : WellhouseOne | 073.400
2016-12-20 08:04:18 | TEMPLOG : Table    One | 032.900
2016-12-20 08:05:18 | TEMPLOG : WellhouseOne | 068.000
2016-12-20 08:06:19 | TEMPLOG : WellhouseOne | 062.600
2016-12-20 08:07:21 | TEMPLOG : WellhouseOne | 059.000
2016-12-20 08:08:22 | TEMPLOG : WellhouseOne | 056.300
2016-12-20 08:09:23 | TEMPLOG : WellhouseOne | 055.400
2016-12-20 08:09:24 | TEMPLOG : Bio   Filter | 032.900
2016-12-20 08:09:26 | TEMPLOG : Table    One | 033.800
2016-12-20 08:10:26 | TEMPLOG : WellhouseOne | 053.600
2016-12-20 08:11:27 | TEMPLOG : WellhouseOne | 052.700
2016-12-20 08:12:28 | TEMPLOG : WellhouseOne | 050.900
2016-12-20 08:12:29 | TEMPLOG : To   GeoLoop | 040.100
2016-12-20 08:14:32 | TEMPLOG : Table    One | 034.700
2016-12-20 08:15:33 | TEMPLOG : Bio   Filter | 033.800
2016-12-20 08:16:35 | TEMPLOG : WellhouseOne | 050.000
2016-12-20 08:18:37 | TEMPLOG : WellhouseOne | 049.100
2016-12-20 08:21:40 | TEMPLOG : WellhouseOne | 048.200
2016-12-20 08:21:40 | TEMPLOG : Bio   Filter | 034.700
2016-12-20 08:21:41 | TEMPLOG : Table    One | 035.600
2016-12-20 08:22:41 | TEMPLOG : WellhouseOne | 047.300
2016-12-20 08:24:44 | TEMPLOG : WellhouseOne | 046.400
2016-12-20 08:25:45 | TEMPLOG : WellhouseOne | 095.000
2016-12-20 08:26:46 | TEMPLOG : WellhouseOne | 115.700
2016-12-20 08:27:47 | TEMPLOG : WellhouseOne | 122.000
2016-12-20 08:28:49 | TEMPLOG : WellhouseOne | 131.900
2016-12-20 08:28:49 | TEMPLOG : Bio   Filter | 035.600
2016-12-20 08:29:49 | TEMPLOG : WellhouseOne | 095.900
2016-12-20 08:29:51 | TEMPLOG : Table    One | 036.500
2016-12-20 08:30:51 | TEMPLOG : WellhouseOne | 082.400
2016-12-20 08:31:53 | TEMPLOG : WellhouseOne | 073.400
2016-12-20 08:32:54 | TEMPLOG : WellhouseOne | 066.200
2016-12-20 08:33:56 | TEMPLOG : WellhouseOne | 062.600
2016-12-20 08:34:57 | TEMPLOG : WellhouseOne | 059.000
2016-12-20 08:35:59 | TEMPLOG : WellhouseOne | 057.200
2016-12-20 08:37:01 | TEMPLOG : WellhouseOne | 055.400
2016-12-20 08:37:01 | TEMPLOG : Bio   Filter | 036.500
2016-12-20 08:38:04 | TEMPLOG : WellhouseOne | 054.500
2016-12-20 08:39:05 | TEMPLOG : WellhouseOne | 052.700
2016-12-20 08:41:07 | TEMPLOG : WellhouseOne | 051.800
2016-12-20 08:41:08 | TEMPLOG : Table    One | 037.400
2016-12-20 08:43:09 | TEMPLOG : WellhouseOne | 050.900
2016-12-20 08:45:13 | TEMPLOG : WellhouseOne | 050.000
2016-12-20 08:47:15 | TEMPLOG : WellhouseOne | 049.100
2016-12-20 08:48:17 | TEMPLOG : WellhouseOne | 048.200
2016-12-20 08:48:17 | TEMPLOG : Bio   Filter | 037.400
2016-12-20 08:48:18 | TEMPLOG : To   GeoLoop | 041.000
2016-12-20 08:50:20 | TEMPLOG : WellhouseOne | 047.300
2016-12-20 08:50:21 | TEMPLOG : To   GeoLoop | 040.100
2016-12-20 08:51:21 | TEMPLOG : WellhouseOne | 048.200
2016-12-20 08:51:22 | TEMPLOG : To   GeoLoop | 041.000
2016-12-20 08:52:23 | TEMPLOG : WellhouseOne | 047.300
2016-12-20 08:53:27 | TEMPLOG : Table    One | 038.300
2016-12-20 08:54:27 | TEMPLOG : WellhouseOne | 099.500
2016-12-20 08:55:28 | TEMPLOG : WellhouseOne | 123.800
2016-12-20 08:56:29 | TEMPLOG : WellhouseOne | 133.700
2016-12-20 08:57:30 | TEMPLOG : WellhouseOne | 094.100
2016-12-20 08:58:31 | TEMPLOG : WellhouseOne | 076.100
2016-12-20 08:59:33 | TEMPLOG : WellhouseOne | 068.000
2016-12-20 09:00:34 | TEMPLOG : WellhouseOne | 060.800
2016-12-20 09:00:34 | TEMPLOG : Bio   Filter | 037.400
2016-12-20 09:00:34 | TEMPLOG : To   GeoLoop | 041.000
2016-12-20 09:00:34 | TEMPLOG : Table    One | 038.300
2016-12-20 09:01:35 | TEMPLOG : WellhouseOne | 058.100
2016-12-20 09:02:36 | TEMPLOG : WellhouseOne | 054.500
2016-12-20 09:02:38 | TEMPLOG : Table    One | 039.200
2016-12-20 09:03:38 | TEMPLOG : WellhouseOne | 052.700
2016-12-20 09:03:38 | TEMPLOG : Bio   Filter | 038.300
2016-12-20 09:04:39 | TEMPLOG : WellhouseOne | 050.900
2016-12-20 09:05:41 | TEMPLOG : WellhouseOne | 050.000
2016-12-20 09:06:42 | TEMPLOG : WellhouseOne | 049.100
2016-12-20 09:06:43 | TEMPLOG : To   GeoLoop | 041.900
2016-12-20 09:07:43 | TEMPLOG : WellhouseOne | 048.200
2016-12-20 09:08:45 | TEMPLOG : To   GeoLoop | 041.000
2016-12-20 09:10:48 | TEMPLOG : WellhouseOne | 047.300
2016-12-20 09:12:52 | TEMPLOG : Table    One | 038.300
2016-12-20 09:13:52 | TEMPLOG : WellhouseOne | 046.400
2016-12-20 09:14:55 | TEMPLOG : Table    One | 039.200
2016-12-20 09:15:55 | TEMPLOG : WellhouseOne | 045.500
2016-12-20 09:15:56 | TEMPLOG : Bio   Filter | 037.400
2016-12-20 09:16:57 | TEMPLOG : Table    One | 038.300
2016-12-20 09:18:58 | TEMPLOG : WellhouseOne | 044.600
2016-12-20 09:19:59 | TEMPLOG : WellhouseOne | 043.700
2016-12-20 09:21:00 | TEMPLOG : WellhouseOne | 042.800
2016-12-20 09:22:03 | TEMPLOG : WellhouseOne | 071.600
2016-12-20 09:23:03 | TEMPLOG : WellhouseOne | 112.100
2016-12-20 09:24:04 | TEMPLOG : WellhouseOne | 128.300
2016-12-20 09:25:05 | TEMPLOG : WellhouseOne | 135.500
2016-12-20 09:25:06 | TEMPLOG : Table    One | 037.400
2016-12-20 09:26:07 | TEMPLOG : WellhouseOne | 101.300
2016-12-20 09:27:08 | TEMPLOG : WellhouseOne | 080.600
2016-12-20 09:28:10 | TEMPLOG : WellhouseOne | 071.600
2016-12-20 09:29:10 | TEMPLOG : WellhouseOne | 065.300
2016-12-20 09:30:11 | TEMPLOG : WellhouseOne | 059.000
2016-12-20 09:31:13 | TEMPLOG : WellhouseOne | 055.400
2016-12-20 09:32:15 | TEMPLOG : WellhouseOne | 052.700
2016-12-20 09:33:17 | TEMPLOG : WellhouseOne | 050.900
2016-12-20 09:34:20 | TEMPLOG : Table    One | 038.300
2016-12-20 09:35:20 | TEMPLOG : WellhouseOne | 049.100
2016-12-20 09:37:23 | TEMPLOG : WellhouseOne | 048.200
2016-12-20 09:37:25 | TEMPLOG : Table    One | 039.200
2016-12-20 09:38:26 | TEMPLOG : Bio   Filter | 038.300
2016-12-20 09:38:26 | TEMPLOG : To   GeoLoop | 041.900
2016-12-20 09:39:27 | TEMPLOG : WellhouseOne | 047.300
2016-12-20 09:39:28 | TEMPLOG : Table    One | 040.100
2016-12-20 09:40:29 | TEMPLOG : Bio   Filter | 039.200
2016-12-20 09:41:29 | TEMPLOG : WellhouseOne | 046.400
2016-12-20 09:42:30 | TEMPLOG : WellhouseOne | 047.300
2016-12-20 09:43:31 | TEMPLOG : WellhouseOne | 046.400
2016-12-20 09:43:32 | TEMPLOG : Table    One | 041.000
2016-12-20 09:44:34 | TEMPLOG : Bio   Filter | 040.100
2016-12-20 09:45:34 | TEMPLOG : WellhouseOne | 045.500
2016-12-20 09:47:38 | TEMPLOG : WellhouseOne | 044.600
2016-12-20 09:49:43 | TEMPLOG : Table    One | 041.900
2016-12-20 09:50:44 | TEMPLOG : WellhouseOne | 089.600
2016-12-20 09:51:45 | TEMPLOG : WellhouseOne | 116.600
2016-12-20 09:51:45 | TEMPLOG : Bio   Filter | 041.000
2016-12-20 09:52:47 | TEMPLOG : WellhouseOne | 129.200
2016-12-20 09:53:48 | TEMPLOG : WellhouseOne | 102.200
2016-12-20 09:54:48 | TEMPLOG : WellhouseOne | 085.100
2016-12-20 09:55:50 | TEMPLOG : WellhouseOne | 074.300
2016-12-20 09:56:51 | TEMPLOG : WellhouseOne | 068.900
2016-12-20 09:57:52 | TEMPLOG : WellhouseOne | 062.600
2016-12-20 09:58:54 | TEMPLOG : WellhouseOne | 058.100
2016-12-20 09:59:55 | TEMPLOG : WellhouseOne | 055.400
2016-12-20 10:00:56 | TEMPLOG : WellhouseOne | 053.600
2016-12-20 10:00:57 | TEMPLOG : Bio   Filter | 041.000
2016-12-20 10:00:57 | TEMPLOG : To   GeoLoop | 041.900
2016-12-20 10:00:57 | TEMPLOG : Table    One | 041.000
2016-12-20 10:01:57 | TEMPLOG : WellhouseOne | 050.900
2016-12-20 10:02:58 | TEMPLOG : WellhouseOne | 050.000
2016-12-20 10:04:00 | TEMPLOG : WellhouseOne | 049.100
2016-12-20 10:06:02 | TEMPLOG : WellhouseOne | 047.300
2016-12-20 10:09:05 | TEMPLOG : WellhouseOne | 046.400
2016-12-20 10:13:10 | TEMPLOG : Table    One | 041.900
2016-12-20 10:15:12 | TEMPLOG : WellhouseOne | 045.500
2016-12-20 10:17:15 | TEMPLOG : Table    One | 042.800
2016-12-20 10:18:15 | TEMPLOG : WellhouseOne | 091.400
2016-12-20 10:19:16 | TEMPLOG : WellhouseOne | 120.200
2016-12-20 10:20:18 | TEMPLOG : WellhouseOne | 131.000
2016-12-20 10:20:19 | TEMPLOG : Table    One | 043.700
2016-12-20 10:21:19 | TEMPLOG : WellhouseOne | 095.900
2016-12-20 10:22:21 | TEMPLOG : WellhouseOne | 080.600
2016-12-20 10:22:21 | TEMPLOG : Table    One | 042.800
2016-12-20 10:23:22 | TEMPLOG : WellhouseOne | 071.600
2016-12-20 10:24:22 | TEMPLOG : WellhouseOne | 065.300
2016-12-20 10:25:23 | TEMPLOG : WellhouseOne | 062.600
2016-12-20 10:26:24 | TEMPLOG : WellhouseOne | 059.000
2016-12-20 10:27:25 | TEMPLOG : WellhouseOne | 057.200
2016-12-20 10:27:26 | TEMPLOG : Table    One | 043.700
2016-12-20 10:28:26 | TEMPLOG : WellhouseOne | 055.400
2016-12-20 10:28:26 | TEMPLOG : Bio   Filter | 041.900
2016-12-20 10:28:26 | TEMPLOG : To   GeoLoop | 042.800
2016-12-20 10:28:27 | TEMPLOG : Table    One | 044.600
2016-12-20 10:29:27 | TEMPLOG : WellhouseOne | 054.500
2016-12-20 10:29:28 | TEMPLOG : Table    One | 046.400
2016-12-20 10:30:28 | TEMPLOG : WellhouseOne | 053.600
2016-12-20 10:30:29 | TEMPLOG : Bio   Filter | 042.800
2016-12-20 10:30:29 | TEMPLOG : Table    One | 049.100
2016-12-20 10:31:29 | TEMPLOG : WellhouseOne | 052.700
2016-12-20 10:31:30 | TEMPLOG : Bio   Filter | 043.700
2016-12-20 10:31:30 | TEMPLOG : To   GeoLoop | 043.700
2016-12-20 10:31:30 | TEMPLOG : Table    One | 050.900
2016-12-20 10:32:30 | TEMPLOG : WellhouseOne | 051.800
2016-12-20 10:33:32 | TEMPLOG : WellhouseOne | 050.900
2016-12-20 10:33:32 | TEMPLOG : Bio   Filter | 044.600
2016-12-20 10:33:32 | TEMPLOG : Table    One | 052.700
2016-12-20 10:34:33 | TEMPLOG : Bio   Filter | 045.500
2016-12-20 10:35:34 | TEMPLOG : WellhouseOne | 050.000
2016-12-20 10:36:36 | TEMPLOG : Table    One | 051.800
2016-12-20 10:37:38 | TEMPLOG : Table    One | 050.900
2016-12-20 10:38:38 | TEMPLOG : WellhouseOne | 049.100
2016-12-20 10:38:38 | TEMPLOG : Bio   Filter | 046.400
2016-12-20 10:41:40 | TEMPLOG : WellhouseOne | 048.200
2016-12-20 10:45:46 | TEMPLOG : Bio   Filter | 047.300
2016-12-20 10:45:47 | TEMPLOG : Table    One | 051.800
2016-12-20 10:46:48 | TEMPLOG : Table    One | 052.700
2016-12-20 10:47:48 | TEMPLOG : WellhouseOne | 046.400
2016-12-20 10:47:48 | TEMPLOG : Bio   Filter | 048.200
2016-12-20 10:47:48 | TEMPLOG : To   GeoLoop | 044.600
2016-12-20 10:47:49 | TEMPLOG : Table    One | 054.500
2016-12-20 10:48:49 | TEMPLOG : WellhouseOne | 101.300
2016-12-20 10:48:49 | TEMPLOG : Bio   Filter | 049.100
2016-12-20 10:48:50 | TEMPLOG : Table    One | 055.400
2016-12-20 10:49:50 | TEMPLOG : WellhouseOne | 122.900
2016-12-20 10:49:50 | TEMPLOG : Bio   Filter | 050.000
2016-12-20 10:49:51 | TEMPLOG : Table    One | 058.100
2016-12-20 10:50:51 | TEMPLOG : WellhouseOne | 133.700
2016-12-20 10:50:52 | TEMPLOG : Bio   Filter | 051.800
2016-12-20 10:50:52 | TEMPLOG : To   GeoLoop | 045.500
2016-12-20 10:50:53 | TEMPLOG : Table    One | 061.700
2016-12-20 10:51:53 | TEMPLOG : WellhouseOne | 104.900
2016-12-20 10:51:53 | TEMPLOG : Bio   Filter | 054.500
2016-12-20 10:51:54 | TEMPLOG : Table    One | 066.200
2016-12-20 10:52:54 | TEMPLOG : WellhouseOne | 083.300
2016-12-20 10:52:54 | TEMPLOG : Bio   Filter | 057.200
2016-12-20 10:52:55 | TEMPLOG : To   GeoLoop | 046.400
2016-12-20 10:52:55 | TEMPLOG : Table    One | 068.900
2016-12-20 10:53:55 | TEMPLOG : WellhouseOne | 070.700
2016-12-20 10:53:56 | TEMPLOG : Bio   Filter | 059.000
2016-12-20 10:53:56 | TEMPLOG : Table    One | 069.800
2016-12-20 10:54:57 | TEMPLOG : WellhouseOne | 065.300
2016-12-20 10:54:58 | TEMPLOG : Bio   Filter | 059.900
2016-12-20 10:54:58 | TEMPLOG : Table    One | 067.100
2016-12-20 10:55:58 | TEMPLOG : WellhouseOne | 060.800
2016-12-20 10:55:59 | TEMPLOG : Table    One | 065.300
2016-12-20 10:56:59 | TEMPLOG : WellhouseOne | 057.200
2016-12-20 10:57:00 | TEMPLOG : Bio   Filter | 059.000
2016-12-20 10:57:00 | TEMPLOG : Table    One | 063.500
2016-12-20 10:58:00 | TEMPLOG : WellhouseOne | 055.400
2016-12-20 10:58:01 | TEMPLOG : Bio   Filter | 058.100
2016-12-20 10:58:01 | TEMPLOG : Table    One | 061.700
2016-12-20 10:59:01 | TEMPLOG : WellhouseOne | 054.500
2016-12-20 10:59:02 | TEMPLOG : Table    One | 062.600
2016-12-20 11:00:02 | TEMPLOG : WellhouseOne | 053.600
2016-12-20 11:00:03 | TEMPLOG : Bio   Filter | 058.100
2016-12-20 11:00:03 | TEMPLOG : To   GeoLoop | 046.400
2016-12-20 11:00:04 | TEMPLOG : Table    One | 062.600
2016-12-20 11:01:04 | TEMPLOG : WellhouseOne | 052.700
2016-12-20 11:01:04 | TEMPLOG : Bio   Filter | 057.200
2016-12-20 11:01:04 | TEMPLOG : Table    One | 061.700
2016-12-20 11:02:05 | TEMPLOG : WellhouseOne | 051.800
2016-12-20 11:03:05 | TEMPLOG : WellhouseOne | 050.000
2016-12-20 11:04:07 | TEMPLOG : WellhouseOne | 049.100
2016-12-20 11:04:08 | TEMPLOG : Table    One | 062.600
2016-12-20 11:05:08 | TEMPLOG : Table    One | 063.500
2016-12-20 11:06:08 | TEMPLOG : WellhouseOne | 048.200
2016-12-20 11:06:09 | TEMPLOG : Table    One | 064.400
2016-12-20 11:07:09 | TEMPLOG : Table    One | 063.500
2016-12-20 11:08:10 | TEMPLOG : Table    One | 062.600
2016-12-20 11:09:11 | TEMPLOG : Bio   Filter | 059.000
2016-12-20 11:09:11 | TEMPLOG : Table    One | 061.700
2016-12-20 11:10:12 | TEMPLOG : Bio   Filter | 058.100
2016-12-20 11:11:13 | TEMPLOG : WellhouseOne | 047.300
2016-12-20 11:12:16 | TEMPLOG : WellhouseOne | 046.400
2016-12-20 11:12:18 | TEMPLOG : Table    One | 059.900
2016-12-20 11:13:19 | TEMPLOG : Bio   Filter | 057.200
2016-12-20 11:13:19 | TEMPLOG : Table    One | 059.000
2016-12-20 11:14:20 | TEMPLOG : Bio   Filter | 056.300
2016-12-20 11:14:20 | TEMPLOG : To   GeoLoop | 045.500
2016-12-20 11:14:21 | TEMPLOG : Table    One | 058.100
2016-12-20 11:15:21 | TEMPLOG : WellhouseOne | 045.500
2016-12-20 11:15:22 | TEMPLOG : Table    One | 057.200
2016-12-20 11:16:23 | TEMPLOG : WellhouseOne | 046.400
2016-12-20 11:16:23 | TEMPLOG : Bio   Filter | 055.400
2016-12-20 11:16:24 | TEMPLOG : Table    One | 056.300
2016-12-20 11:17:24 | TEMPLOG : WellhouseOne | 094.100
2016-12-20 11:17:24 | TEMPLOG : Table    One | 055.400
2016-12-20 11:18:25 | TEMPLOG : WellhouseOne | 121.100
2016-12-20 11:18:25 | TEMPLOG : Bio   Filter | 054.500
2016-12-20 11:18:26 | TEMPLOG : Table    One | 054.500
2016-12-20 11:19:26 | TEMPLOG : WellhouseOne | 131.900
2016-12-20 11:20:28 | TEMPLOG : WellhouseOne | 112.100
2016-12-20 11:20:28 | TEMPLOG : Bio   Filter | 053.600
2016-12-20 11:20:28 | TEMPLOG : Table    One | 053.600
2016-12-20 11:21:28 | TEMPLOG : WellhouseOne | 087.800
2016-12-20 11:22:30 | TEMPLOG : WellhouseOne | 074.300
2016-12-20 11:22:31 | TEMPLOG : Table    One | 052.700
2016-12-20 11:23:31 | TEMPLOG : WellhouseOne | 066.200
2016-12-20 11:23:32 | TEMPLOG : Bio   Filter | 052.700
2016-12-20 11:24:33 | TEMPLOG : WellhouseOne | 062.600
2016-12-20 11:25:34 | TEMPLOG : WellhouseOne | 059.000
2016-12-20 11:25:36 | TEMPLOG : Table    One | 051.800
2016-12-20 11:26:36 | TEMPLOG : WellhouseOne | 057.200
2016-12-20 11:26:36 | TEMPLOG : Bio   Filter | 051.800
2016-12-20 11:27:37 | TEMPLOG : WellhouseOne | 055.400
2016-12-20 11:27:38 | TEMPLOG : Table    One | 050.900
2016-12-20 11:28:39 | TEMPLOG : WellhouseOne | 054.500
2016-12-20 11:28:39 | TEMPLOG : To   GeoLoop | 044.600
2016-12-20 11:29:39 | TEMPLOG : WellhouseOne | 052.700
2016-12-20 11:29:40 | TEMPLOG : Bio   Filter | 050.900
2016-12-20 11:30:41 | TEMPLOG : WellhouseOne | 051.800
2016-12-20 11:30:42 | TEMPLOG : Table    One | 050.000
2016-12-20 11:31:42 | TEMPLOG : WellhouseOne | 050.900
2016-12-20 11:32:43 | TEMPLOG : WellhouseOne | 050.000
2016-12-20 11:32:43 | TEMPLOG : Bio   Filter | 050.000
2016-12-20 11:33:45 | TEMPLOG : Table    One | 049.100
2016-12-20 11:34:45 | TEMPLOG : WellhouseOne | 049.100
2016-12-20 11:35:47 | TEMPLOG : Bio   Filter | 049.100
2016-12-20 11:36:48 | TEMPLOG : WellhouseOne | 048.200
2016-12-20 11:37:50 | TEMPLOG : Table    One | 048.200
2016-12-20 11:39:52 | TEMPLOG : WellhouseOne | 047.300
2016-12-20 11:39:53 | TEMPLOG : Bio   Filter | 048.200
2016-12-20 11:45:59 | TEMPLOG : WellhouseOne | 046.400
2016-12-20 11:47:01 | TEMPLOG : WellhouseOne | 108.500
2016-12-20 11:48:03 | TEMPLOG : WellhouseOne | 127.400
2016-12-20 11:49:04 | TEMPLOG : WellhouseOne | 135.500
2016-12-20 11:49:05 | TEMPLOG : Table    One | 049.100
2016-12-20 11:50:05 | TEMPLOG : WellhouseOne | 098.600
2016-12-20 11:51:07 | TEMPLOG : WellhouseOne | 082.400
2016-12-20 11:52:08 | TEMPLOG : WellhouseOne | 072.500
2016-12-20 11:52:08 | TEMPLOG : Bio   Filter | 049.100
2016-12-20 11:53:09 | TEMPLOG : WellhouseOne | 067.100
2016-12-20 11:53:09 | TEMPLOG : To   GeoLoop | 045.500
2016-12-20 11:54:10 | TEMPLOG : WellhouseOne | 062.600
2016-12-20 11:55:11 | TEMPLOG : WellhouseOne | 059.900
2016-12-20 11:56:12 | TEMPLOG : WellhouseOne | 057.200
2016-12-20 11:57:13 | TEMPLOG : WellhouseOne | 055.400
2016-12-20 11:57:14 | TEMPLOG : To   GeoLoop | 044.600
2016-12-20 11:58:15 | TEMPLOG : WellhouseOne | 054.500
2016-12-20 11:58:16 | TEMPLOG : To   GeoLoop | 045.500
2016-12-20 11:59:16 | TEMPLOG : WellhouseOne | 053.600
2016-12-20 12:00:17 | TEMPLOG : WellhouseOne | 052.700
2016-12-20 12:00:17 | TEMPLOG : Bio   Filter | 049.100
2016-12-20 12:00:18 | TEMPLOG : To   GeoLoop | 045.500
2016-12-20 12:00:18 | TEMPLOG : Table    One | 049.100
2016-12-20 12:01:19 | TEMPLOG : WellhouseOne | 051.800
2016-12-20 12:03:21 | TEMPLOG : WellhouseOne | 050.900
2016-12-20 12:05:23 | TEMPLOG : WellhouseOne | 050.000
2016-12-20 12:05:23 | TEMPLOG : Bio   Filter | 050.000
2016-12-20 12:07:26 | TEMPLOG : WellhouseOne | 049.100
2016-12-20 12:08:27 | TEMPLOG : Bio   Filter | 049.100
2016-12-20 12:09:28 | TEMPLOG : Bio   Filter | 050.000
2016-12-20 12:11:31 | TEMPLOG : WellhouseOne | 048.200
2016-12-20 12:11:31 | TEMPLOG : Bio   Filter | 049.100
2016-12-20 12:16:36 | TEMPLOG : WellhouseOne | 110.300
2016-12-20 12:17:37 | TEMPLOG : WellhouseOne | 128.300
2016-12-20 12:18:39 | TEMPLOG : WellhouseOne | 119.300
2016-12-20 12:19:39 | TEMPLOG : WellhouseOne | 093.200
2016-12-20 12:20:41 | TEMPLOG : WellhouseOne | 079.700
2016-12-20 12:21:42 | TEMPLOG : WellhouseOne | 072.500
2016-12-20 12:22:44 | TEMPLOG : WellhouseOne | 067.100
2016-12-20 12:22:44 | TEMPLOG : Bio   Filter | 050.000
2016-12-20 12:22:44 | TEMPLOG : Table    One | 050.000
2016-12-20 12:23:45 | TEMPLOG : WellhouseOne | 063.500
2016-12-20 12:24:46 | TEMPLOG : WellhouseOne | 060.800
2016-12-20 12:25:46 | TEMPLOG : WellhouseOne | 058.100
2016-12-20 12:26:48 | TEMPLOG : WellhouseOne | 056.300
2016-12-20 12:26:49 | TEMPLOG : Table    One | 050.900
2016-12-20 12:27:49 | TEMPLOG : WellhouseOne | 055.400
2016-12-20 12:28:50 | TEMPLOG : WellhouseOne | 054.500
2016-12-20 12:28:51 | TEMPLOG : Bio   Filter | 050.900
2016-12-20 12:29:51 | TEMPLOG : WellhouseOne | 053.600
2016-12-20 12:29:53 | TEMPLOG : Table    One | 051.800
2016-12-20 12:30:53 | TEMPLOG : WellhouseOne | 052.700
2016-12-20 12:31:55 | TEMPLOG : WellhouseOne | 051.800
2016-12-20 12:33:57 | TEMPLOG : WellhouseOne | 050.900
2016-12-20 12:33:57 | TEMPLOG : Bio   Filter | 051.800
2016-12-20 12:36:59 | TEMPLOG : WellhouseOne | 050.000
2016-12-20 12:38:01 | TEMPLOG : To   GeoLoop | 046.400
2016-12-20 12:39:02 | TEMPLOG : To   GeoLoop | 045.500
2016-12-20 12:39:02 | TEMPLOG : Table    One | 052.700
2016-12-20 12:40:02 | TEMPLOG : To   GeoLoop | 046.400
2016-12-20 12:41:04 | TEMPLOG : WellhouseOne | 049.100
2016-12-20 12:47:08 | TEMPLOG : WellhouseOne | 104.000
2016-12-20 12:48:09 | TEMPLOG : WellhouseOne | 127.400
2016-12-20 12:49:10 | TEMPLOG : WellhouseOne | 103.100
2016-12-20 12:50:11 | TEMPLOG : WellhouseOne | 086.900
2016-12-20 12:51:12 | TEMPLOG : WellhouseOne | 077.900
2016-12-20 12:52:14 | TEMPLOG : WellhouseOne | 071.600
2016-12-20 12:53:15 | TEMPLOG : WellhouseOne | 068.000
2016-12-20 12:54:18 | TEMPLOG : WellhouseOne | 064.400
2016-12-20 12:55:19 | TEMPLOG : WellhouseOne | 062.600
2016-12-20 12:56:20 | TEMPLOG : WellhouseOne | 060.800
2016-12-20 12:57:21 | TEMPLOG : WellhouseOne | 059.000
2016-12-20 12:58:22 | TEMPLOG : WellhouseOne | 058.100
2016-12-20 13:00:24 | TEMPLOG : WellhouseOne | 057.200
2016-12-20 13:00:24 | TEMPLOG : Bio   Filter | 051.800
2016-12-20 13:00:24 | TEMPLOG : To   GeoLoop | 046.400
2016-12-20 13:00:24 | TEMPLOG : Table    One | 052.700
2016-12-20 13:01:25 | TEMPLOG : WellhouseOne | 056.300
2016-12-20 13:03:28 | TEMPLOG : WellhouseOne | 055.400
2016-12-20 13:06:31 | TEMPLOG : WellhouseOne | 054.500
2016-12-20 13:06:31 | TEMPLOG : Table    One | 051.800
2016-12-20 13:10:34 | TEMPLOG : WellhouseOne | 053.600
2016-12-20 13:10:35 | TEMPLOG : Bio   Filter | 050.900
2016-12-20 13:12:37 | TEMPLOG : Table    One | 050.900
2016-12-20 13:13:38 | TEMPLOG : To   GeoLoop | 045.500
2016-12-20 13:15:40 | TEMPLOG : WellhouseOne | 052.700
2016-12-20 13:15:40 | TEMPLOG : To   GeoLoop | 046.400
2016-12-20 13:16:42 | TEMPLOG : To   GeoLoop | 045.500
2016-12-20 13:19:45 | TEMPLOG : Table    One | 050.000
2016-12-20 13:20:46 | TEMPLOG : Bio   Filter | 050.000
2016-12-20 13:21:47 | TEMPLOG : WellhouseOne | 051.800
2016-12-20 13:22:49 | TEMPLOG : WellhouseOne | 062.600
2016-12-20 13:23:50 | TEMPLOG : WellhouseOne | 113.900
2016-12-20 13:24:51 | TEMPLOG : WellhouseOne | 106.700
2016-12-20 13:25:52 | TEMPLOG : WellhouseOne | 087.800
2016-12-20 13:26:55 | TEMPLOG : WellhouseOne | 078.800
2016-12-20 13:27:56 | TEMPLOG : WellhouseOne | 072.500
2016-12-20 13:28:57 | TEMPLOG : WellhouseOne | 068.000
2016-12-20 13:29:59 | TEMPLOG : WellhouseOne | 065.300
2016-12-20 13:31:00 | TEMPLOG : WellhouseOne | 062.600
2016-12-20 13:32:01 | TEMPLOG : WellhouseOne | 060.800
2016-12-20 13:33:03 | TEMPLOG : WellhouseOne | 059.900
2016-12-20 13:34:04 | TEMPLOG : WellhouseOne | 059.000
2016-12-20 13:34:05 | TEMPLOG : Table    One | 049.100
2016-12-20 13:35:05 | TEMPLOG : WellhouseOne | 058.100
2016-12-20 13:37:08 | TEMPLOG : WellhouseOne | 057.200
2016-12-20 13:39:11 | TEMPLOG : WellhouseOne | 056.300
2016-12-20 13:40:12 | TEMPLOG : Bio   Filter | 049.100
2016-12-20 13:42:14 | TEMPLOG : WellhouseOne | 055.400
2016-12-20 13:44:17 | TEMPLOG : WellhouseOne | 054.500
2016-12-20 13:45:18 | TEMPLOG : Table    One | 048.200
2016-12-20 13:48:21 | TEMPLOG : WellhouseOne | 053.600
2016-12-20 13:48:22 | TEMPLOG : Bio   Filter | 048.200
2016-12-20 13:49:23 | TEMPLOG : Bio   Filter | 049.100
2016-12-20 13:50:24 | TEMPLOG : Bio   Filter | 048.200
2016-12-20 13:52:26 | TEMPLOG : WellhouseOne | 052.700
2016-12-20 13:55:30 | TEMPLOG : WellhouseOne | 080.600
2016-12-20 13:55:32 | TEMPLOG : Table    One | 047.300
2016-12-20 13:56:33 | TEMPLOG : WellhouseOne | 118.400
2016-12-20 13:57:33 | TEMPLOG : WellhouseOne | 107.600
2016-12-20 13:58:34 | TEMPLOG : WellhouseOne | 086.900
2016-12-20 13:58:35 | TEMPLOG : Bio   Filter | 047.300
2016-12-20 13:59:36 | TEMPLOG : WellhouseOne | 077.900
2016-12-20 13:59:37 | TEMPLOG : Bio   Filter | 048.200
2016-12-20 14:00:37 | TEMPLOG : WellhouseOne | 071.600
2016-12-20 14:00:38 | TEMPLOG : Bio   Filter | 047.300
2016-12-20 14:00:38 | TEMPLOG : To   GeoLoop | 045.500
2016-12-20 14:00:38 | TEMPLOG : Table    One | 047.300
2016-12-20 14:01:38 | TEMPLOG : WellhouseOne | 068.000
2016-12-20 14:02:39 | TEMPLOG : WellhouseOne | 065.300
2016-12-20 14:03:40 | TEMPLOG : WellhouseOne | 063.500
2016-12-20 14:04:41 | TEMPLOG : WellhouseOne | 061.700
2016-12-20 14:04:42 | TEMPLOG : Table    One | 046.400
2016-12-20 14:05:42 | TEMPLOG : WellhouseOne | 060.800
2016-12-20 14:06:44 | TEMPLOG : WellhouseOne | 059.000
2016-12-20 14:08:47 | TEMPLOG : WellhouseOne | 058.100
2016-12-20 14:10:49 | TEMPLOG : WellhouseOne | 057.200
2016-12-20 14:11:51 | TEMPLOG : WellhouseOne | 056.300
2016-12-20 14:13:53 | TEMPLOG : WellhouseOne | 055.400
2016-12-20 14:13:53 | TEMPLOG : Bio   Filter | 046.400
2016-12-20 14:18:59 | TEMPLOG : WellhouseOne | 054.500
2016-12-20 14:18:59 | TEMPLOG : Bio   Filter | 047.300
2016-12-20 14:20:00 | TEMPLOG : Bio   Filter | 046.400
2016-12-20 14:24:03 | TEMPLOG : WellhouseOne | 053.600
2016-12-20 14:27:07 | TEMPLOG : Bio   Filter | 047.300
2016-12-20 14:28:09 | TEMPLOG : WellhouseOne | 052.700
2016-12-20 14:28:09 | TEMPLOG : Bio   Filter | 046.400
2016-12-20 14:29:10 | TEMPLOG : WellhouseOne | 101.300
2016-12-20 14:30:11 | TEMPLOG : WellhouseOne | 124.700
2016-12-20 14:31:11 | TEMPLOG : WellhouseOne | 100.400
2016-12-20 14:32:13 | TEMPLOG : WellhouseOne | 083.300
2016-12-20 14:33:14 | TEMPLOG : WellhouseOne | 073.400
2016-12-20 14:34:15 | TEMPLOG : WellhouseOne | 068.900
2016-12-20 14:35:18 | TEMPLOG : WellhouseOne | 063.500
2016-12-20 14:36:20 | TEMPLOG : WellhouseOne | 061.700
2016-12-20 14:37:21 | TEMPLOG : WellhouseOne | 059.900
2016-12-20 14:38:22 | TEMPLOG : WellhouseOne | 059.000
2016-12-20 14:39:23 | TEMPLOG : WellhouseOne | 058.100
2016-12-20 14:40:24 | TEMPLOG : WellhouseOne | 057.200
2016-12-20 14:41:25 | TEMPLOG : WellhouseOne | 056.300
2016-12-20 14:43:27 | TEMPLOG : WellhouseOne | 055.400
2016-12-20 14:43:28 | TEMPLOG : Table    One | 045.500
2016-12-20 14:44:28 | TEMPLOG : WellhouseOne | 054.500
2016-12-20 14:46:31 | TEMPLOG : WellhouseOne | 053.600
2016-12-20 14:48:34 | TEMPLOG : Bio   Filter | 045.500
2016-12-20 14:51:39 | TEMPLOG : Table    One | 044.600
2016-12-20 14:58:45 | TEMPLOG : WellhouseOne | 052.700
2016-12-20 15:00:48 | TEMPLOG : WellhouseOne | 052.700
2016-12-20 15:00:48 | TEMPLOG : Bio   Filter | 045.500
2016-12-20 15:00:48 | TEMPLOG : To   GeoLoop | 045.500
2016-12-20 15:00:48 | TEMPLOG : Table    One | 044.600
2016-12-20 15:01:50 | TEMPLOG : Table    One | 045.500
2016-12-20 15:02:50 | TEMPLOG : WellhouseOne | 109.400
2016-12-20 15:03:51 | TEMPLOG : WellhouseOne | 127.400
2016-12-20 15:04:52 | TEMPLOG : WellhouseOne | 095.900
2016-12-20 15:05:53 | TEMPLOG : WellhouseOne | 082.400
2016-12-20 15:06:54 | TEMPLOG : WellhouseOne | 074.300
2016-12-20 15:07:55 | TEMPLOG : WellhouseOne | 069.800
2016-12-20 15:08:57 | TEMPLOG : WellhouseOne | 066.200
2016-12-20 15:09:59 | TEMPLOG : WellhouseOne | 064.400
2016-12-20 15:11:00 | TEMPLOG : WellhouseOne | 062.600
2016-12-20 15:12:01 | TEMPLOG : WellhouseOne | 061.700
2016-12-20 15:12:02 | TEMPLOG : Table    One | 044.600
2016-12-20 15:13:02 | TEMPLOG : WellhouseOne | 060.800
2016-12-20 15:13:03 | TEMPLOG : Table    One | 045.500
2016-12-20 15:14:03 | TEMPLOG : WellhouseOne | 059.900
2016-12-20 15:14:04 | TEMPLOG : Table    One | 044.600
2016-12-20 15:15:05 | TEMPLOG : WellhouseOne | 059.000
2016-12-20 15:16:05 | TEMPLOG : WellhouseOne | 058.100
2016-12-20 15:19:08 | TEMPLOG : WellhouseOne | 057.200
2016-12-20 15:22:12 | TEMPLOG : WellhouseOne | 056.300
2016-12-20 15:24:15 | TEMPLOG : WellhouseOne | 055.400
2016-12-20 15:28:20 | TEMPLOG : WellhouseOne | 054.500
2016-12-20 15:36:31 | TEMPLOG : Bio   Filter | 044.600
2016-12-20 15:37:32 | TEMPLOG : WellhouseOne | 088.700
2016-12-20 15:38:33 | TEMPLOG : WellhouseOne | 118.400
2016-12-20 15:39:34 | TEMPLOG : WellhouseOne | 113.900
2016-12-20 15:40:35 | TEMPLOG : WellhouseOne | 089.600
2016-12-20 15:41:36 | TEMPLOG : WellhouseOne | 080.600
2016-12-20 15:42:37 | TEMPLOG : WellhouseOne | 073.400
2016-12-20 15:43:38 | TEMPLOG : WellhouseOne | 069.800
2016-12-20 15:44:40 | TEMPLOG : WellhouseOne | 067.100
2016-12-20 15:44:41 | TEMPLOG : Table    One | 045.500
2016-12-20 15:45:41 | TEMPLOG : WellhouseOne | 065.300
2016-12-20 15:45:42 | TEMPLOG : Table    One | 048.200
2016-12-20 15:46:42 | TEMPLOG : WellhouseOne | 063.500
2016-12-20 15:46:43 | TEMPLOG : Bio   Filter | 045.500
2016-12-20 15:46:43 | TEMPLOG : Table    One | 050.900
2016-12-20 15:47:43 | TEMPLOG : WellhouseOne | 062.600
2016-12-20 15:47:43 | TEMPLOG : Bio   Filter | 046.400
2016-12-20 15:47:45 | TEMPLOG : To   GeoLoop | 046.400
2016-12-20 15:47:45 | TEMPLOG : Table    One | 053.600
2016-12-20 15:48:46 | TEMPLOG : WellhouseOne | 061.700
2016-12-20 15:48:46 | TEMPLOG : Table    One | 055.400
2016-12-20 15:49:47 | TEMPLOG : WellhouseOne | 060.800
2016-12-20 15:49:47 | TEMPLOG : Bio   Filter | 047.300
2016-12-20 15:49:47 | TEMPLOG : Table    One | 057.200
2016-12-20 15:50:48 | TEMPLOG : WellhouseOne | 059.900
2016-12-20 15:50:50 | TEMPLOG : Table    One | 058.100
2016-12-20 15:51:50 | TEMPLOG : WellhouseOne | 059.000
2016-12-20 15:51:51 | TEMPLOG : Bio   Filter | 048.200
2016-12-20 15:52:53 | TEMPLOG : Table    One | 059.000
2016-12-20 15:53:53 | TEMPLOG : WellhouseOne | 058.100
2016-12-20 15:53:53 | TEMPLOG : Bio   Filter | 049.100
2016-12-20 15:55:55 | TEMPLOG : WellhouseOne | 057.200
2016-12-20 15:55:55 | TEMPLOG : Bio   Filter | 050.000
2016-12-20 15:58:58 | TEMPLOG : WellhouseOne | 056.300
2016-12-20 16:00:00 | TEMPLOG : To   GeoLoop | 046.400
2016-12-20 16:00:00 | TEMPLOG : Table    One | 059.000
2016-12-20 16:02:04 | TEMPLOG : Bio   Filter | 050.900
2016-12-20 16:02:04 | TEMPLOG : Table    One | 058.100
2016-12-20 16:04:06 | TEMPLOG : WellhouseOne | 055.400
2016-12-20 16:06:09 | TEMPLOG : Table    One | 057.200
2016-12-20 16:09:12 | TEMPLOG : Table    One | 056.300
2016-12-20 16:12:17 | TEMPLOG : WellhouseOne | 054.500
2016-12-20 16:12:17 | TEMPLOG : Bio   Filter | 050.000
2016-12-20 16:12:18 | TEMPLOG : Table    One | 055.400
2016-12-20 16:14:20 | TEMPLOG : Table    One | 054.500
2016-12-20 16:15:21 | TEMPLOG : WellhouseOne | 107.600
2016-12-20 16:16:22 | TEMPLOG : WellhouseOne | 121.100
2016-12-20 16:17:23 | TEMPLOG : WellhouseOne | 092.300
2016-12-20 16:17:24 | TEMPLOG : Table    One | 053.600
2016-12-20 16:18:25 | TEMPLOG : WellhouseOne | 082.400
2016-12-20 16:18:25 | TEMPLOG : Bio   Filter | 049.100
2016-12-20 16:19:26 | TEMPLOG : WellhouseOne | 075.200
2016-12-20 16:19:26 | TEMPLOG : Table    One | 052.700
2016-12-20 16:20:28 | TEMPLOG : WellhouseOne | 070.700
2016-12-20 16:21:30 | TEMPLOG : WellhouseOne | 068.000
2016-12-20 16:21:31 | TEMPLOG : Table    One | 051.800
2016-12-20 16:22:31 | TEMPLOG : WellhouseOne | 065.300
2016-12-20 16:23:32 | TEMPLOG : WellhouseOne | 063.500
2016-12-20 16:23:32 | TEMPLOG : Bio   Filter | 048.200
2016-12-20 16:24:33 | TEMPLOG : WellhouseOne | 062.600
2016-12-20 16:24:34 | TEMPLOG : Table    One | 050.900
2016-12-20 16:25:34 | TEMPLOG : WellhouseOne | 061.700
2016-12-20 16:26:35 | TEMPLOG : WellhouseOne | 060.800
2016-12-20 16:26:36 | TEMPLOG : To   GeoLoop | 045.500
2016-12-20 16:26:36 | TEMPLOG : Table    One | 050.000
2016-12-20 16:27:36 | TEMPLOG : WellhouseOne | 059.900
2016-12-20 16:27:37 | TEMPLOG : Bio   Filter | 047.300
2016-12-20 16:27:37 | TEMPLOG : Table    One | 049.100
2016-12-20 16:28:38 | TEMPLOG : Table    One | 047.300
2016-12-20 16:29:38 | TEMPLOG : WellhouseOne | 059.000
2016-12-20 16:29:39 | TEMPLOG : Table    One | 046.400
2016-12-20 16:30:40 | TEMPLOG : Bio   Filter | 046.400
2016-12-20 16:31:40 | TEMPLOG : WellhouseOne | 058.100
2016-12-20 16:31:41 | TEMPLOG : Table    One | 045.500
2016-12-20 16:32:41 | TEMPLOG : Bio   Filter | 045.500
2016-12-20 16:32:42 | TEMPLOG : Table    One | 044.600
2016-12-20 16:34:43 | TEMPLOG : WellhouseOne | 057.200
2016-12-20 16:35:45 | TEMPLOG : Bio   Filter | 044.600
2016-12-20 16:37:51 | TEMPLOG : WellhouseOne | 056.300
2016-12-20 16:37:51 | TEMPLOG : Table    One | 043.700
2016-12-20 16:41:56 | TEMPLOG : WellhouseOne | 055.400
2016-12-20 16:41:57 | TEMPLOG : Bio   Filter | 043.700
2016-12-20 16:45:00 | TEMPLOG : Table    One | 042.800
2016-12-20 16:48:03 | TEMPLOG : WellhouseOne | 054.500
2016-12-20 16:51:06 | TEMPLOG : WellhouseOne | 070.700
2016-12-20 16:51:06 | TEMPLOG : Bio   Filter | 042.800
2016-12-20 16:52:07 | TEMPLOG : WellhouseOne | 114.800
2016-12-20 16:53:08 | TEMPLOG : WellhouseOne | 111.200
2016-12-20 16:54:09 | TEMPLOG : WellhouseOne | 090.500
2016-12-20 16:55:10 | TEMPLOG : WellhouseOne | 081.500
2016-12-20 16:56:11 | TEMPLOG : WellhouseOne | 074.300
2016-12-20 16:57:12 | TEMPLOG : WellhouseOne | 069.800
2016-12-20 16:57:13 | TEMPLOG : Table    One | 041.900
2016-12-20 16:58:13 | TEMPLOG : WellhouseOne | 066.200
2016-12-20 16:59:14 | TEMPLOG : WellhouseOne | 064.400
2016-12-20 17:00:15 | TEMPLOG : WellhouseOne | 062.600
2016-12-20 17:00:15 | TEMPLOG : Bio   Filter | 042.800
2016-12-20 17:00:16 | TEMPLOG : To   GeoLoop | 044.600
2016-12-20 17:00:16 | TEMPLOG : Table    One | 041.900
2016-12-20 17:01:17 | TEMPLOG : WellhouseOne | 061.700
2016-12-20 17:02:18 | TEMPLOG : WellhouseOne | 059.900
2016-12-20 17:03:19 | TEMPLOG : Bio   Filter | 041.900
2016-12-20 17:04:20 | TEMPLOG : WellhouseOne | 059.000
2016-12-20 17:06:23 | TEMPLOG : WellhouseOne | 058.100
2016-12-20 17:07:24 | TEMPLOG : WellhouseOne | 057.200
2016-12-20 17:08:26 | TEMPLOG : Table    One | 041.000
2016-12-20 17:11:30 | TEMPLOG : WellhouseOne | 056.300
2016-12-20 17:16:34 | TEMPLOG : WellhouseOne | 055.400
2016-12-20 17:22:42 | TEMPLOG : To   GeoLoop | 045.500
2016-12-20 17:23:43 | TEMPLOG : WellhouseOne | 054.500
2016-12-20 17:23:43 | TEMPLOG : To   GeoLoop | 044.600
2016-12-20 17:25:47 | TEMPLOG : Table    One | 041.900
2016-12-20 17:26:48 | TEMPLOG : To   GeoLoop | 045.500
2016-12-20 17:27:49 | TEMPLOG : WellhouseOne | 104.000
2016-12-20 17:27:51 | TEMPLOG : To   GeoLoop | 044.600
2016-12-20 17:28:51 | TEMPLOG : WellhouseOne | 122.000
2016-12-20 17:28:52 | TEMPLOG : To   GeoLoop | 045.500
2016-12-20 17:29:52 | TEMPLOG : WellhouseOne | 103.100
2016-12-20 17:29:53 | TEMPLOG : To   GeoLoop | 044.600
2016-12-20 17:30:53 | TEMPLOG : WellhouseOne | 087.800
2016-12-20 17:31:54 | TEMPLOG : WellhouseOne | 078.800
2016-12-20 17:32:55 | TEMPLOG : WellhouseOne | 074.300
2016-12-20 17:33:57 | TEMPLOG : WellhouseOne | 069.800
2016-12-20 17:34:58 | TEMPLOG : WellhouseOne | 067.100
2016-12-20 17:36:00 | TEMPLOG : WellhouseOne | 065.300
2016-12-20 17:37:00 | TEMPLOG : WellhouseOne | 063.500
2016-12-20 17:37:01 | TEMPLOG : To   GeoLoop | 045.500
2016-12-20 17:38:01 | TEMPLOG : WellhouseOne | 062.600
2016-12-20 17:38:02 | TEMPLOG : To   GeoLoop | 044.600
2016-12-20 17:39:02 | TEMPLOG : WellhouseOne | 061.700
2016-12-20 17:40:03 | TEMPLOG : WellhouseOne | 060.800
2016-12-20 17:41:05 | TEMPLOG : WellhouseOne | 059.900
2016-12-20 17:42:06 | TEMPLOG : WellhouseOne | 059.000
2016-12-20 17:44:07 | TEMPLOG : WellhouseOne | 058.100
2016-12-20 17:46:11 | TEMPLOG : Table    One | 041.000
2016-12-20 17:47:11 | TEMPLOG : WellhouseOne | 057.200
2016-12-20 17:47:11 | TEMPLOG : Bio   Filter | 041.000
2016-12-20 17:47:12 | TEMPLOG : Table    One | 041.900
2016-12-20 17:48:13 | TEMPLOG : Table    One | 041.000
2016-12-20 17:49:14 | TEMPLOG : WellhouseOne | 056.300
2016-12-20 17:49:15 | TEMPLOG : Table    One | 041.900
2016-12-20 17:51:18 | TEMPLOG : Table    One | 041.000
2016-12-20 17:53:20 | TEMPLOG : WellhouseOne | 055.400
2016-12-20 17:53:21 | TEMPLOG : Bio   Filter | 041.900
2016-12-20 17:55:26 | TEMPLOG : Bio   Filter | 041.000
2016-12-20 17:57:28 | TEMPLOG : WellhouseOne | 054.500
2016-12-20 18:00:32 | TEMPLOG : WellhouseOne | 054.500
2016-12-20 18:00:32 | TEMPLOG : Bio   Filter | 041.000
2016-12-20 18:00:32 | TEMPLOG : To   GeoLoop | 044.600
2016-12-20 18:00:33 | TEMPLOG : Table    One | 041.000
2016-12-20 18:02:34 | TEMPLOG : WellhouseOne | 053.600
2016-12-20 18:03:35 | TEMPLOG : WellhouseOne | 102.200
2016-12-20 18:04:37 | TEMPLOG : WellhouseOne | 125.600
2016-12-20 18:05:38 | TEMPLOG : WellhouseOne | 091.400
2016-12-20 18:06:39 | TEMPLOG : WellhouseOne | 080.600
2016-12-20 18:07:41 | TEMPLOG : WellhouseOne | 074.300
2016-12-20 18:08:43 | TEMPLOG : WellhouseOne | 068.900
2016-12-20 18:08:45 | TEMPLOG : Table    One | 040.100
2016-12-20 18:09:46 | TEMPLOG : WellhouseOne | 066.200
2016-12-20 18:10:47 | TEMPLOG : WellhouseOne | 063.500
2016-12-20 18:11:48 | TEMPLOG : WellhouseOne | 061.700
2016-12-20 18:12:49 | TEMPLOG : WellhouseOne | 060.800
2016-12-20 18:13:50 | TEMPLOG : WellhouseOne | 059.900
2016-12-20 18:14:51 | TEMPLOG : WellhouseOne | 059.000
2016-12-20 18:15:52 | TEMPLOG : WellhouseOne | 058.100
2016-12-20 18:17:54 | TEMPLOG : WellhouseOne | 057.200
2016-12-20 18:17:55 | TEMPLOG : Bio   Filter | 040.100
2016-12-20 18:18:56 | TEMPLOG : Bio   Filter | 041.000
2016-12-20 18:19:56 | TEMPLOG : WellhouseOne | 056.300
2016-12-20 18:23:00 | TEMPLOG : WellhouseOne | 055.400
2016-12-20 18:26:03 | TEMPLOG : Bio   Filter | 040.100
2016-12-20 18:27:04 | TEMPLOG : WellhouseOne | 054.500
2016-12-20 18:27:04 | TEMPLOG : Bio   Filter | 041.000
2016-12-20 18:28:06 | TEMPLOG : Bio   Filter | 040.100
2016-12-20 18:31:10 | TEMPLOG : Table    One | 039.200
2016-12-20 18:32:11 | TEMPLOG : WellhouseOne | 053.600
2016-12-20 18:38:19 | TEMPLOG : WellhouseOne | 052.700
2016-12-20 18:40:23 | TEMPLOG : WellhouseOne | 107.600
2016-12-20 18:40:24 | TEMPLOG : Bio   Filter | 039.200
2016-12-20 18:41:24 | TEMPLOG : WellhouseOne | 127.400
2016-12-20 18:41:25 | TEMPLOG : Bio   Filter | 040.100
2016-12-20 18:41:26 | TEMPLOG : Table    One | 038.300
2016-12-20 18:42:26 | TEMPLOG : WellhouseOne | 090.500
2016-12-20 18:42:26 | TEMPLOG : Bio   Filter | 039.200
2016-12-20 18:43:27 | TEMPLOG : WellhouseOne | 080.600
2016-12-20 18:44:28 | TEMPLOG : WellhouseOne | 073.400
2016-12-20 18:45:29 | TEMPLOG : WellhouseOne | 069.800
2016-12-20 18:46:30 | TEMPLOG : WellhouseOne | 066.200
2016-12-20 18:47:32 | TEMPLOG : WellhouseOne | 064.400
2016-12-20 18:48:33 | TEMPLOG : WellhouseOne | 062.600
2016-12-20 18:49:35 | TEMPLOG : WellhouseOne | 060.800
2016-12-20 18:50:36 | TEMPLOG : WellhouseOne | 059.900
2016-12-20 18:51:37 | TEMPLOG : WellhouseOne | 059.000
2016-12-20 18:52:38 | TEMPLOG : WellhouseOne | 058.100
2016-12-20 18:53:39 | TEMPLOG : WellhouseOne | 057.200
2016-12-20 18:55:43 | TEMPLOG : WellhouseOne | 056.300
2016-12-20 18:58:46 | TEMPLOG : WellhouseOne | 055.400
2016-12-20 19:00:48 | TEMPLOG : WellhouseOne | 054.500
2016-12-20 19:00:48 | TEMPLOG : Bio   Filter | 039.200
2016-12-20 19:00:48 | TEMPLOG : To   GeoLoop | 044.600
2016-12-20 19:00:48 | TEMPLOG : Table    One | 038.300
2016-12-20 19:04:52 | TEMPLOG : WellhouseOne | 053.600
2016-12-20 19:07:59 | TEMPLOG : Bio   Filter | 038.300
2016-12-20 19:07:59 | TEMPLOG : Table    One | 037.400
2016-12-20 19:11:01 | TEMPLOG : WellhouseOne | 052.700
2016-12-20 19:14:06 | TEMPLOG : WellhouseOne | 051.800
2016-12-20 19:16:09 | TEMPLOG : WellhouseOne | 110.300
2016-12-20 19:17:10 | TEMPLOG : WellhouseOne | 130.100
2016-12-20 19:18:12 | TEMPLOG : WellhouseOne | 095.900
2016-12-20 19:19:14 | TEMPLOG : WellhouseOne | 084.200
2016-12-20 19:20:16 | TEMPLOG : WellhouseOne | 077.000
2016-12-20 19:21:17 | TEMPLOG : WellhouseOne | 070.700
2016-12-20 19:22:18 | TEMPLOG : WellhouseOne | 067.100
2016-12-20 19:24:23 | TEMPLOG : WellhouseOne | 062.600
2016-12-20 19:25:25 | TEMPLOG : WellhouseOne | 060.800
2016-12-20 19:26:26 | TEMPLOG : WellhouseOne | 059.000
2016-12-20 19:27:27 | TEMPLOG : WellhouseOne | 058.100
2016-12-20 19:28:28 | TEMPLOG : WellhouseOne | 057.200
2016-12-20 19:28:29 | TEMPLOG : Table    One | 038.300
2016-12-20 19:30:31 | TEMPLOG : WellhouseOne | 056.300
2016-12-20 19:31:33 | TEMPLOG : Bio   Filter | 039.200
2016-12-20 19:32:34 | TEMPLOG : WellhouseOne | 055.400
2016-12-20 19:35:38 | TEMPLOG : WellhouseOne | 054.500
2016-12-20 19:37:40 | TEMPLOG : WellhouseOne | 053.600
2016-12-20 19:39:42 | TEMPLOG : WellhouseOne | 052.700
2016-12-20 19:39:44 | TEMPLOG : Table    One | 039.200
2016-12-20 19:42:47 | TEMPLOG : WellhouseOne | 051.800
2016-12-20 19:47:53 | TEMPLOG : WellhouseOne | 050.900
2016-12-20 19:49:56 | TEMPLOG : WellhouseOne | 070.700
2016-12-20 19:50:57 | TEMPLOG : WellhouseOne | 122.000
2016-12-20 19:51:58 | TEMPLOG : WellhouseOne | 118.400
2016-12-20 19:52:59 | TEMPLOG : WellhouseOne | 088.700
2016-12-20 19:54:02 | TEMPLOG : WellhouseOne | 078.800
2016-12-20 19:55:04 | TEMPLOG : WellhouseOne | 071.600
2016-12-20 19:56:05 | TEMPLOG : WellhouseOne | 066.200
2016-12-20 19:57:06 | TEMPLOG : WellhouseOne | 062.600
2016-12-20 19:57:08 | TEMPLOG : Table    One | 038.300
2016-12-20 19:58:08 | TEMPLOG : WellhouseOne | 059.900
2016-12-20 19:59:09 | TEMPLOG : WellhouseOne | 058.100
2016-12-20 20:00:10 | TEMPLOG : WellhouseOne | 057.200
2016-12-20 20:00:11 | TEMPLOG : Bio   Filter | 039.200
2016-12-20 20:00:11 | TEMPLOG : To   GeoLoop | 044.600
2016-12-20 20:00:11 | TEMPLOG : Table    One | 038.300
2016-12-20 20:01:11 | TEMPLOG : WellhouseOne | 056.300
2016-12-20 20:03:14 | TEMPLOG : WellhouseOne | 055.400
2016-12-20 20:06:18 | TEMPLOG : WellhouseOne | 054.500
2016-12-20 20:07:21 | TEMPLOG : Bio   Filter | 038.300
2016-12-20 20:08:21 | TEMPLOG : WellhouseOne | 053.600
2016-12-20 20:13:28 | TEMPLOG : WellhouseOne | 052.700
2016-12-20 20:15:31 | TEMPLOG : Bio   Filter | 039.200
2016-12-20 20:20:37 | TEMPLOG : WellhouseOne | 051.800
2016-12-20 20:20:37 | TEMPLOG : Bio   Filter | 038.300
2016-12-20 20:21:39 | TEMPLOG : Bio   Filter | 039.200
2016-12-20 20:22:39 | TEMPLOG : Bio   Filter | 038.300
2016-12-20 20:25:43 | TEMPLOG : WellhouseOne | 100.400
2016-12-20 20:26:45 | TEMPLOG : WellhouseOne | 128.300
2016-12-20 20:27:46 | TEMPLOG : WellhouseOne | 093.200
2016-12-20 20:28:47 | TEMPLOG : WellhouseOne | 082.400
2016-12-20 20:28:48 | TEMPLOG : Table    One | 037.400
2016-12-20 20:29:49 | TEMPLOG : WellhouseOne | 074.300
2016-12-20 20:30:50 | TEMPLOG : WellhouseOne | 068.900
2016-12-20 20:31:51 | TEMPLOG : WellhouseOne | 065.300
2016-12-20 20:32:53 | TEMPLOG : WellhouseOne | 063.500
2016-12-20 20:33:54 | TEMPLOG : WellhouseOne | 060.800
2016-12-20 20:34:57 | TEMPLOG : WellhouseOne | 059.000
2016-12-20 20:35:57 | TEMPLOG : WellhouseOne | 058.100
2016-12-20 20:36:58 | TEMPLOG : WellhouseOne | 057.200
2016-12-20 20:39:00 | TEMPLOG : WellhouseOne | 056.300
2016-12-20 20:40:02 | TEMPLOG : WellhouseOne | 055.400
2016-12-20 20:41:03 | TEMPLOG : WellhouseOne | 054.500
2016-12-20 20:44:07 | TEMPLOG : WellhouseOne | 053.600
2016-12-20 20:47:11 | TEMPLOG : Bio   Filter | 037.400
2016-12-20 20:49:14 | TEMPLOG : WellhouseOne | 052.700
2016-12-20 20:51:16 | TEMPLOG : WellhouseOne | 051.800
2016-12-20 20:54:20 | TEMPLOG : Bio   Filter | 038.300
2016-12-20 20:55:21 | TEMPLOG : WellhouseOne | 050.900
2016-12-20 20:55:21 | TEMPLOG : Bio   Filter | 037.400
2016-12-20 20:56:22 | TEMPLOG : Bio   Filter | 038.300
2016-12-20 21:00:26 | TEMPLOG : WellhouseOne | 105.800
2016-12-20 21:00:27 | TEMPLOG : Bio   Filter | 038.300
2016-12-20 21:00:27 | TEMPLOG : To   GeoLoop | 044.600
2016-12-20 21:00:27 | TEMPLOG : Table    One | 037.400
2016-12-20 21:01:28 | TEMPLOG : WellhouseOne | 127.400
2016-12-20 21:02:29 | TEMPLOG : WellhouseOne | 104.900
2016-12-20 21:03:32 | TEMPLOG : WellhouseOne | 084.200
2016-12-20 21:04:35 | TEMPLOG : WellhouseOne | 072.500
2016-12-20 21:05:35 | TEMPLOG : WellhouseOne | 069.800
2016-12-20 21:06:37 | TEMPLOG : WellhouseOne | 067.100
2016-12-20 21:07:39 | TEMPLOG : WellhouseOne | 063.500
2016-12-20 21:07:39 | TEMPLOG : To   GeoLoop | 043.700
2016-12-20 21:08:39 | TEMPLOG : WellhouseOne | 060.800
2016-12-20 21:08:40 | TEMPLOG : Bio   Filter | 037.400
2016-12-20 21:08:40 | TEMPLOG : To   GeoLoop | 044.600
2016-12-20 21:08:40 | TEMPLOG : Table    One | 036.500
2016-12-20 21:09:40 | TEMPLOG : WellhouseOne | 059.000
2016-12-20 21:09:41 | TEMPLOG : To   GeoLoop | 043.700
2016-12-20 21:10:41 | TEMPLOG : WellhouseOne | 058.100
2016-12-20 21:10:42 | TEMPLOG : To   GeoLoop | 044.600
2016-12-20 21:11:42 | TEMPLOG : WellhouseOne | 057.200
2016-12-20 21:11:43 | TEMPLOG : To   GeoLoop | 043.700
2016-12-20 21:12:44 | TEMPLOG : WellhouseOne | 056.300
2016-12-20 21:13:46 | TEMPLOG : WellhouseOne | 055.400
2016-12-20 21:14:46 | TEMPLOG : WellhouseOne | 054.500
2016-12-20 21:16:49 | TEMPLOG : WellhouseOne | 053.600
2016-12-20 21:19:52 | TEMPLOG : WellhouseOne | 052.700
2016-12-20 21:22:55 | TEMPLOG : WellhouseOne | 051.800
2016-12-20 21:28:01 | TEMPLOG : WellhouseOne | 050.900
2016-12-20 21:34:07 | TEMPLOG : WellhouseOne | 106.700
2016-12-20 21:34:08 | TEMPLOG : Table    One | 035.600
2016-12-20 21:35:08 | TEMPLOG : WellhouseOne | 129.200
2016-12-20 21:35:09 | TEMPLOG : Bio   Filter | 036.500
2016-12-20 21:36:10 | TEMPLOG : WellhouseOne | 098.600
2016-12-20 21:37:12 | TEMPLOG : WellhouseOne | 084.200
2016-12-20 21:38:14 | TEMPLOG : WellhouseOne | 076.100
2016-12-20 21:39:15 | TEMPLOG : WellhouseOne | 069.800
2016-12-20 21:40:18 | TEMPLOG : WellhouseOne | 066.200
2016-12-20 21:41:19 | TEMPLOG : WellhouseOne | 063.500
2016-12-20 21:42:20 | TEMPLOG : WellhouseOne | 060.800
2016-12-20 21:43:23 | TEMPLOG : WellhouseOne | 059.000
2016-12-20 21:44:25 | TEMPLOG : WellhouseOne | 057.200
2016-12-20 21:45:26 | TEMPLOG : WellhouseOne | 056.300
2016-12-20 21:46:27 | TEMPLOG : WellhouseOne | 055.400
2016-12-20 21:47:28 | TEMPLOG : WellhouseOne | 054.500
2016-12-20 21:49:30 | TEMPLOG : WellhouseOne | 053.600
2016-12-20 21:52:34 | TEMPLOG : WellhouseOne | 052.700
2016-12-20 21:56:39 | TEMPLOG : WellhouseOne | 051.800
2016-12-20 21:58:41 | TEMPLOG : WellhouseOne | 050.900
2016-12-20 22:00:44 | TEMPLOG : WellhouseOne | 050.900
2016-12-20 22:00:44 | TEMPLOG : Bio   Filter | 036.500
2016-12-20 22:00:45 | TEMPLOG : To   GeoLoop | 043.700
2016-12-20 22:00:45 | TEMPLOG : Table    One | 035.600
2016-12-20 22:03:47 | TEMPLOG : WellhouseOne | 050.000
2016-12-20 22:06:51 | TEMPLOG : WellhouseOne | 104.000
2016-12-20 22:07:53 | TEMPLOG : WellhouseOne | 125.600
2016-12-20 22:08:54 | TEMPLOG : WellhouseOne | 103.100
2016-12-20 22:09:55 | TEMPLOG : WellhouseOne | 086.000
2016-12-20 22:10:57 | TEMPLOG : WellhouseOne | 077.900
2016-12-20 22:11:58 | TEMPLOG : WellhouseOne | 071.600
2016-12-20 22:12:59 | TEMPLOG : WellhouseOne | 066.200
2016-12-20 22:14:00 | TEMPLOG : WellhouseOne | 063.500
2016-12-20 22:15:01 | TEMPLOG : WellhouseOne | 060.800
2016-12-20 22:16:02 | TEMPLOG : WellhouseOne | 059.000
2016-12-20 22:17:03 | TEMPLOG : WellhouseOne | 057.200
2016-12-20 22:18:04 | TEMPLOG : WellhouseOne | 056.300
2016-12-20 22:18:04 | TEMPLOG : Bio   Filter | 035.600
2016-12-20 22:19:05 | TEMPLOG : WellhouseOne | 055.400
2016-12-20 22:21:07 | TEMPLOG : WellhouseOne | 054.500
2016-12-20 22:21:08 | TEMPLOG : Table    One | 034.700
2016-12-20 22:22:08 | TEMPLOG : WellhouseOne | 053.600
2016-12-20 22:24:10 | TEMPLOG : WellhouseOne | 052.700
2016-12-20 22:25:11 | TEMPLOG : WellhouseOne | 051.800
2016-12-20 22:26:13 | TEMPLOG : WellhouseOne | 050.900
2016-12-20 22:27:14 | TEMPLOG : WellhouseOne | 051.800
2016-12-20 22:29:18 | TEMPLOG : WellhouseOne | 050.900
2016-12-20 22:29:19 | TEMPLOG : Bio   Filter | 034.700
2016-12-20 22:32:22 | TEMPLOG : WellhouseOne | 050.000
2016-12-20 22:36:27 | TEMPLOG : WellhouseOne | 049.100
2016-12-20 22:38:29 | TEMPLOG : WellhouseOne | 080.600
2016-12-20 22:39:31 | TEMPLOG : WellhouseOne | 118.400
2016-12-20 22:40:32 | TEMPLOG : WellhouseOne | 131.000
2016-12-20 22:41:33 | TEMPLOG : WellhouseOne | 098.600
2016-12-20 22:42:34 | TEMPLOG : WellhouseOne | 086.000
2016-12-20 22:43:35 | TEMPLOG : WellhouseOne | 077.000
2016-12-20 22:44:36 | TEMPLOG : WellhouseOne | 070.700
2016-12-20 22:45:38 | TEMPLOG : WellhouseOne | 066.200
2016-12-20 22:46:39 | TEMPLOG : WellhouseOne | 062.600
2016-12-20 22:46:40 | TEMPLOG : Bio   Filter | 035.600
2016-12-20 22:47:40 | TEMPLOG : WellhouseOne | 059.900
2016-12-20 22:47:41 | TEMPLOG : Bio   Filter | 034.700
2016-12-20 22:48:41 | TEMPLOG : WellhouseOne | 058.100
2016-12-20 22:49:42 | TEMPLOG : WellhouseOne | 056.300
2016-12-20 22:50:43 | TEMPLOG : WellhouseOne | 055.400
2016-12-20 22:51:44 | TEMPLOG : WellhouseOne | 054.500
2016-12-20 22:53:46 | TEMPLOG : WellhouseOne | 053.600
2016-12-20 22:54:48 | TEMPLOG : WellhouseOne | 052.700
2016-12-20 22:54:48 | TEMPLOG : Bio   Filter | 035.600
2016-12-20 22:55:50 | TEMPLOG : Bio   Filter | 034.700
2016-12-20 22:56:50 | TEMPLOG : WellhouseOne | 051.800
2016-12-20 22:57:51 | TEMPLOG : WellhouseOne | 050.000
2016-12-20 22:57:52 | TEMPLOG : To   GeoLoop | 042.800
2016-12-20 22:58:54 | TEMPLOG : To   GeoLoop | 043.700
2016-12-20 23:00:56 | TEMPLOG : WellhouseOne | 050.000
2016-12-20 23:00:56 | TEMPLOG : Bio   Filter | 034.700
2016-12-20 23:00:56 | TEMPLOG : To   GeoLoop | 043.700
2016-12-20 23:00:56 | TEMPLOG : Table    One | 034.700
2016-12-20 23:04:00 | TEMPLOG : WellhouseOne | 049.100
2016-12-20 23:05:01 | TEMPLOG : To   GeoLoop | 042.800
2016-12-20 23:08:05 | TEMPLOG : To   GeoLoop | 043.700
2016-12-20 23:09:06 | TEMPLOG : To   GeoLoop | 042.800
2016-12-20 23:11:08 | TEMPLOG : WellhouseOne | 101.300
2016-12-20 23:12:09 | TEMPLOG : WellhouseOne | 123.800
2016-12-20 23:13:10 | TEMPLOG : WellhouseOne | 122.000
2016-12-20 23:14:11 | TEMPLOG : WellhouseOne | 092.300
2016-12-20 23:14:11 | TEMPLOG : Table    One | 033.800
2016-12-20 23:15:12 | TEMPLOG : WellhouseOne | 079.700
2016-12-20 23:15:12 | TEMPLOG : Table    One | 034.700
2016-12-20 23:16:13 | TEMPLOG : WellhouseOne | 072.500
2016-12-20 23:17:14 | TEMPLOG : WellhouseOne | 067.100
2016-12-20 23:18:15 | TEMPLOG : WellhouseOne | 063.500
2016-12-20 23:19:17 | TEMPLOG : WellhouseOne | 059.000
2016-12-20 23:20:18 | TEMPLOG : WellhouseOne | 057.200
2016-12-20 23:20:18 | TEMPLOG : To   GeoLoop | 043.700
2016-12-20 23:21:19 | TEMPLOG : WellhouseOne | 055.400
2016-12-20 23:21:19 | TEMPLOG : To   GeoLoop | 042.800
2016-12-20 23:22:20 | TEMPLOG : WellhouseOne | 054.500
2016-12-20 23:23:21 | TEMPLOG : WellhouseOne | 053.600
2016-12-20 23:24:22 | TEMPLOG : WellhouseOne | 052.700
2016-12-20 23:26:25 | TEMPLOG : WellhouseOne | 051.800
2016-12-20 23:28:31 | TEMPLOG : Table    One | 033.800
2016-12-20 23:29:31 | TEMPLOG : WellhouseOne | 050.900
2016-12-20 23:31:33 | TEMPLOG : WellhouseOne | 050.000
2016-12-20 23:32:35 | TEMPLOG : Table    One | 034.700
2016-12-20 23:35:39 | TEMPLOG : Table    One | 033.800
2016-12-20 23:36:39 | TEMPLOG : WellhouseOne | 049.100
2016-12-20 23:36:40 | TEMPLOG : Table    One | 034.700
2016-12-20 23:37:41 | TEMPLOG : Table    One | 033.800
2016-12-20 23:38:42 | TEMPLOG : Table    One | 034.700
2016-12-20 23:39:43 | TEMPLOG : Table    One | 033.800
2016-12-20 23:40:44 | TEMPLOG : WellhouseOne | 048.200
2016-12-20 23:42:46 | TEMPLOG : WellhouseOne | 087.800
2016-12-20 23:43:47 | TEMPLOG : WellhouseOne | 119.300
2016-12-20 23:43:48 | TEMPLOG : Table    One | 034.700
2016-12-20 23:44:48 | TEMPLOG : WellhouseOne | 131.000
2016-12-20 23:45:50 | TEMPLOG : WellhouseOne | 100.400
2016-12-20 23:46:51 | TEMPLOG : WellhouseOne | 085.100
2016-12-20 23:47:53 | TEMPLOG : WellhouseOne | 076.100
2016-12-20 23:47:53 | TEMPLOG : To   GeoLoop | 043.700
2016-12-20 23:48:54 | TEMPLOG : WellhouseOne | 068.900
2016-12-20 23:48:55 | TEMPLOG : To   GeoLoop | 042.800
2016-12-20 23:49:55 | TEMPLOG : WellhouseOne | 065.300
2016-12-20 23:49:55 | TEMPLOG : Bio   Filter | 035.600
2016-12-20 23:49:56 | TEMPLOG : To   GeoLoop | 043.700
2016-12-20 23:50:56 | TEMPLOG : WellhouseOne | 061.700
2016-12-20 23:50:56 | TEMPLOG : Bio   Filter | 034.700
2016-12-20 23:50:57 | TEMPLOG : To   GeoLoop | 042.800
2016-12-20 23:51:57 | TEMPLOG : WellhouseOne | 059.000
2016-12-20 23:52:58 | TEMPLOG : WellhouseOne | 058.100
2016-12-20 23:54:00 | TEMPLOG : WellhouseOne | 056.300
2016-12-20 23:54:01 | TEMPLOG : Table    One | 033.800
2016-12-20 23:55:01 | TEMPLOG : WellhouseOne | 055.400
2016-12-20 23:56:02 | TEMPLOG : WellhouseOne | 054.500
2016-12-20 23:57:03 | TEMPLOG : WellhouseOne | 053.600
2016-12-20 23:58:04 | TEMPLOG : WellhouseOne | 052.700
2016-12-20 23:59:05 | TEMPLOG : WellhouseOne | 051.800
