2016-12-11 00:00:17 | TEMPLOG : WellhouseOne | 044.600
2016-12-11 00:00:17 | TEMPLOG : Bio   Filter | 032.900
2016-12-11 00:00:17 | TEMPLOG : To   GeoLoop | 041.900
2016-12-11 00:00:18 | TEMPLOG : Table    One | 032.900
2016-12-11 00:01:18 | TEMPLOG : WellhouseOne | 045.500
2016-12-11 00:02:20 | TEMPLOG : WellhouseOne | 044.600
2016-12-11 00:03:21 | TEMPLOG : WellhouseOne | 042.800
2016-12-11 00:04:21 | TEMPLOG : WellhouseOne | 041.900
2016-12-11 00:06:24 | TEMPLOG : WellhouseOne | 041.000
2016-12-11 00:07:25 | TEMPLOG : WellhouseOne | 092.300
2016-12-11 00:08:26 | TEMPLOG : WellhouseOne | 120.200
2016-12-11 00:09:28 | TEMPLOG : WellhouseOne | 131.000
2016-12-11 00:10:30 | TEMPLOG : WellhouseOne | 131.900
2016-12-11 00:11:32 | TEMPLOG : WellhouseOne | 097.700
2016-12-11 00:12:34 | TEMPLOG : WellhouseOne | 082.400
2016-12-11 00:13:35 | TEMPLOG : WellhouseOne | 071.600
2016-12-11 00:14:36 | TEMPLOG : WellhouseOne | 063.500
2016-12-11 00:15:37 | TEMPLOG : WellhouseOne | 059.000
2016-12-11 00:16:38 | TEMPLOG : WellhouseOne | 055.400
2016-12-11 00:17:39 | TEMPLOG : WellhouseOne | 053.600
2016-12-11 00:18:40 | TEMPLOG : WellhouseOne | 050.900
2016-12-11 00:19:42 | TEMPLOG : WellhouseOne | 050.000
2016-12-11 00:20:43 | TEMPLOG : WellhouseOne | 049.100
2016-12-11 00:21:45 | TEMPLOG : WellhouseOne | 048.200
2016-12-11 00:22:48 | TEMPLOG : Table    One | 033.800
2016-12-11 00:24:50 | TEMPLOG : WellhouseOne | 047.300
2016-12-11 00:24:51 | TEMPLOG : To   GeoLoop | 042.800
2016-12-11 00:27:54 | TEMPLOG : WellhouseOne | 046.400
2016-12-11 00:28:55 | TEMPLOG : WellhouseOne | 045.500
2016-12-11 00:29:56 | TEMPLOG : Bio   Filter | 033.800
2016-12-11 00:33:01 | TEMPLOG : WellhouseOne | 044.600
2016-12-11 00:35:03 | TEMPLOG : WellhouseOne | 045.500
2016-12-11 00:36:04 | TEMPLOG : WellhouseOne | 044.600
2016-12-11 00:36:04 | TEMPLOG : Table    One | 034.700
2016-12-11 00:37:05 | TEMPLOG : Table    One | 033.800
2016-12-11 00:38:06 | TEMPLOG : WellhouseOne | 106.700
2016-12-11 00:38:07 | TEMPLOG : Table    One | 034.700
2016-12-11 00:39:07 | TEMPLOG : WellhouseOne | 123.800
2016-12-11 00:40:08 | TEMPLOG : WellhouseOne | 133.700
2016-12-11 00:41:09 | TEMPLOG : WellhouseOne | 104.000
2016-12-11 00:42:11 | TEMPLOG : WellhouseOne | 086.900
2016-12-11 00:43:12 | TEMPLOG : WellhouseOne | 074.300
2016-12-11 00:43:13 | TEMPLOG : Bio   Filter | 034.700
2016-12-11 00:44:14 | TEMPLOG : WellhouseOne | 068.000
2016-12-11 00:44:15 | TEMPLOG : Bio   Filter | 033.800
2016-12-11 00:45:16 | TEMPLOG : WellhouseOne | 063.500
2016-12-11 00:45:17 | TEMPLOG : Bio   Filter | 034.700
2016-12-11 00:46:18 | TEMPLOG : WellhouseOne | 059.900
2016-12-11 00:47:19 | TEMPLOG : WellhouseOne | 056.300
2016-12-11 00:48:20 | TEMPLOG : WellhouseOne | 053.600
2016-12-11 00:50:23 | TEMPLOG : WellhouseOne | 051.800
2016-12-11 00:52:27 | TEMPLOG : WellhouseOne | 050.900
2016-12-11 00:53:28 | TEMPLOG : WellhouseOne | 050.000
2016-12-11 00:55:30 | TEMPLOG : WellhouseOne | 049.100
2016-12-11 00:56:32 | TEMPLOG : Table    One | 035.600
2016-12-11 00:57:33 | TEMPLOG : WellhouseOne | 048.200
2016-12-11 00:59:35 | TEMPLOG : WellhouseOne | 047.300
2016-12-11 01:00:36 | TEMPLOG : WellhouseOne | 047.300
2016-12-11 01:00:37 | TEMPLOG : Bio   Filter | 034.700
2016-12-11 01:00:38 | TEMPLOG : To   GeoLoop | 042.800
2016-12-11 01:00:38 | TEMPLOG : Table    One | 035.600
2016-12-11 01:03:42 | TEMPLOG : WellhouseOne | 046.400
2016-12-11 01:06:46 | TEMPLOG : Bio   Filter | 035.600
2016-12-11 01:07:47 | TEMPLOG : WellhouseOne | 045.500
2016-12-11 01:07:47 | TEMPLOG : Bio   Filter | 034.700
2016-12-11 01:08:48 | TEMPLOG : WellhouseOne | 103.100
2016-12-11 01:08:48 | TEMPLOG : Bio   Filter | 035.600
2016-12-11 01:09:49 | TEMPLOG : WellhouseOne | 124.700
2016-12-11 01:10:50 | TEMPLOG : WellhouseOne | 136.400
2016-12-11 01:11:51 | TEMPLOG : WellhouseOne | 094.100
2016-12-11 01:12:54 | TEMPLOG : WellhouseOne | 079.700
2016-12-11 01:13:55 | TEMPLOG : WellhouseOne | 070.700
2016-12-11 01:14:57 | TEMPLOG : WellhouseOne | 064.400
2016-12-11 01:15:59 | TEMPLOG : WellhouseOne | 060.800
2016-12-11 01:17:00 | TEMPLOG : WellhouseOne | 057.200
2016-12-11 01:18:01 | TEMPLOG : WellhouseOne | 055.400
2016-12-11 01:19:03 | TEMPLOG : WellhouseOne | 052.700
2016-12-11 01:20:04 | TEMPLOG : WellhouseOne | 051.800
2016-12-11 01:20:05 | TEMPLOG : Table    One | 036.500
2016-12-11 01:22:06 | TEMPLOG : WellhouseOne | 050.900
2016-12-11 01:23:06 | TEMPLOG : WellhouseOne | 050.000
2016-12-11 01:24:07 | TEMPLOG : WellhouseOne | 049.100
2016-12-11 01:25:08 | TEMPLOG : WellhouseOne | 048.200
2016-12-11 01:28:13 | TEMPLOG : WellhouseOne | 047.300
2016-12-11 01:30:15 | TEMPLOG : WellhouseOne | 046.400
2016-12-11 01:33:20 | TEMPLOG : WellhouseOne | 047.300
2016-12-11 01:34:22 | TEMPLOG : WellhouseOne | 046.400
2016-12-11 01:34:22 | TEMPLOG : Bio   Filter | 036.500
2016-12-11 01:38:26 | TEMPLOG : WellhouseOne | 045.500
2016-12-11 01:39:27 | TEMPLOG : WellhouseOne | 106.700
2016-12-11 01:40:28 | TEMPLOG : WellhouseOne | 125.600
2016-12-11 01:41:29 | TEMPLOG : WellhouseOne | 134.600
2016-12-11 01:42:30 | TEMPLOG : WellhouseOne | 095.900
2016-12-11 01:43:31 | TEMPLOG : WellhouseOne | 081.500
2016-12-11 01:44:32 | TEMPLOG : WellhouseOne | 072.500
2016-12-11 01:45:33 | TEMPLOG : WellhouseOne | 066.200
2016-12-11 01:46:34 | TEMPLOG : WellhouseOne | 061.700
2016-12-11 01:47:35 | TEMPLOG : WellhouseOne | 057.200
2016-12-11 01:48:36 | TEMPLOG : WellhouseOne | 055.400
2016-12-11 01:49:38 | TEMPLOG : WellhouseOne | 054.500
2016-12-11 01:50:38 | TEMPLOG : WellhouseOne | 052.700
2016-12-11 01:51:39 | TEMPLOG : WellhouseOne | 051.800
2016-12-11 01:52:41 | TEMPLOG : WellhouseOne | 050.000
2016-12-11 01:56:46 | TEMPLOG : WellhouseOne | 049.100
2016-12-11 01:58:49 | TEMPLOG : WellhouseOne | 048.200
2016-12-11 01:59:50 | TEMPLOG : WellhouseOne | 047.300
2016-12-11 02:00:50 | TEMPLOG : WellhouseOne | 047.300
2016-12-11 02:00:50 | TEMPLOG : Bio   Filter | 036.500
2016-12-11 02:00:51 | TEMPLOG : To   GeoLoop | 042.800
2016-12-11 02:00:51 | TEMPLOG : Table    One | 036.500
2016-12-11 02:02:55 | TEMPLOG : Table    One | 037.400
2016-12-11 02:08:00 | TEMPLOG : WellhouseOne | 046.400
2016-12-11 02:10:02 | TEMPLOG : WellhouseOne | 081.500
2016-12-11 02:11:03 | TEMPLOG : WellhouseOne | 116.600
2016-12-11 02:11:04 | TEMPLOG : Table    One | 036.500
2016-12-11 02:12:04 | TEMPLOG : WellhouseOne | 130.100
2016-12-11 02:12:05 | TEMPLOG : Table    One | 037.400
2016-12-11 02:13:05 | TEMPLOG : WellhouseOne | 110.300
2016-12-11 02:13:06 | TEMPLOG : Table    One | 036.500
2016-12-11 02:14:06 | TEMPLOG : WellhouseOne | 089.600
2016-12-11 02:15:07 | TEMPLOG : WellhouseOne | 077.900
2016-12-11 02:16:10 | TEMPLOG : WellhouseOne | 070.700
2016-12-11 02:17:12 | TEMPLOG : WellhouseOne | 065.300
2016-12-11 02:18:13 | TEMPLOG : WellhouseOne | 061.700
2016-12-11 02:19:14 | TEMPLOG : WellhouseOne | 058.100
2016-12-11 02:20:15 | TEMPLOG : WellhouseOne | 055.400
2016-12-11 02:21:16 | TEMPLOG : WellhouseOne | 054.500
2016-12-11 02:22:18 | TEMPLOG : WellhouseOne | 052.700
2016-12-11 02:23:19 | TEMPLOG : WellhouseOne | 051.800
2016-12-11 02:24:21 | TEMPLOG : WellhouseOne | 050.900
2016-12-11 02:25:23 | TEMPLOG : WellhouseOne | 050.000
2016-12-11 02:25:23 | TEMPLOG : Table    One | 037.400
2016-12-11 02:26:23 | TEMPLOG : WellhouseOne | 049.100
2016-12-11 02:27:24 | TEMPLOG : WellhouseOne | 048.200
2016-12-11 02:27:25 | TEMPLOG : To   GeoLoop | 043.700
2016-12-11 02:28:27 | TEMPLOG : Table    One | 036.500
2016-12-11 02:29:28 | TEMPLOG : To   GeoLoop | 042.800
2016-12-11 02:29:28 | TEMPLOG : Table    One | 037.400
2016-12-11 02:30:28 | TEMPLOG : WellhouseOne | 047.300
2016-12-11 02:30:29 | TEMPLOG : To   GeoLoop | 043.700
2016-12-11 02:32:32 | TEMPLOG : To   GeoLoop | 042.800
2016-12-11 02:33:33 | TEMPLOG : WellhouseOne | 046.400
2016-12-11 02:33:33 | TEMPLOG : To   GeoLoop | 043.700
2016-12-11 02:35:35 | TEMPLOG : WellhouseOne | 047.300
2016-12-11 02:37:38 | TEMPLOG : WellhouseOne | 046.400
2016-12-11 02:39:41 | TEMPLOG : WellhouseOne | 045.500
2016-12-11 02:40:42 | TEMPLOG : WellhouseOne | 044.600
2016-12-11 02:41:43 | TEMPLOG : WellhouseOne | 100.400
2016-12-11 02:42:45 | TEMPLOG : WellhouseOne | 126.500
2016-12-11 02:43:46 | TEMPLOG : WellhouseOne | 131.000
2016-12-11 02:44:47 | TEMPLOG : WellhouseOne | 092.300
2016-12-11 02:45:48 | TEMPLOG : WellhouseOne | 075.200
2016-12-11 02:46:49 | TEMPLOG : WellhouseOne | 061.700
2016-12-11 02:47:50 | TEMPLOG : WellhouseOne | 054.500
2016-12-11 02:48:52 | TEMPLOG : WellhouseOne | 050.900
2016-12-11 02:49:53 | TEMPLOG : WellhouseOne | 049.100
2016-12-11 02:50:54 | TEMPLOG : WellhouseOne | 048.200
2016-12-11 02:51:55 | TEMPLOG : WellhouseOne | 047.300
2016-12-11 02:52:56 | TEMPLOG : WellhouseOne | 046.400
2016-12-11 02:53:58 | TEMPLOG : WellhouseOne | 045.500
2016-12-11 02:56:01 | TEMPLOG : WellhouseOne | 044.600
2016-12-11 02:58:03 | TEMPLOG : WellhouseOne | 043.700
2016-12-11 02:59:05 | TEMPLOG : Table    One | 036.500
2016-12-11 03:00:06 | TEMPLOG : WellhouseOne | 043.700
2016-12-11 03:00:07 | TEMPLOG : Bio   Filter | 036.500
2016-12-11 03:00:07 | TEMPLOG : To   GeoLoop | 043.700
2016-12-11 03:00:07 | TEMPLOG : Table    One | 037.400
2016-12-11 03:01:07 | TEMPLOG : WellhouseOne | 042.800
2016-12-11 03:02:10 | TEMPLOG : Table    One | 036.500
2016-12-11 03:04:11 | TEMPLOG : WellhouseOne | 041.900
2016-12-11 03:04:13 | TEMPLOG : To   GeoLoop | 042.800
2016-12-11 03:05:14 | TEMPLOG : To   GeoLoop | 043.700
2016-12-11 03:06:14 | TEMPLOG : To   GeoLoop | 042.800
2016-12-11 03:07:15 | TEMPLOG : To   GeoLoop | 043.700
2016-12-11 03:09:18 | TEMPLOG : To   GeoLoop | 042.800
2016-12-11 03:10:18 | TEMPLOG : WellhouseOne | 041.000
2016-12-11 03:11:19 | TEMPLOG : WellhouseOne | 102.200
2016-12-11 03:12:20 | TEMPLOG : WellhouseOne | 128.300
2016-12-11 03:13:22 | TEMPLOG : WellhouseOne | 106.700
2016-12-11 03:14:22 | TEMPLOG : WellhouseOne | 077.900
2016-12-11 03:14:23 | TEMPLOG : Bio   Filter | 035.600
2016-12-11 03:15:23 | TEMPLOG : WellhouseOne | 064.400
2016-12-11 03:16:24 | TEMPLOG : WellhouseOne | 055.400
2016-12-11 03:17:26 | TEMPLOG : WellhouseOne | 050.900
2016-12-11 03:18:27 | TEMPLOG : WellhouseOne | 048.200
2016-12-11 03:19:30 | TEMPLOG : WellhouseOne | 046.400
2016-12-11 03:20:32 | TEMPLOG : WellhouseOne | 045.500
2016-12-11 03:20:33 | TEMPLOG : Table    One | 035.600
2016-12-11 03:21:33 | TEMPLOG : WellhouseOne | 044.600
2016-12-11 03:21:34 | TEMPLOG : Table    One | 036.500
2016-12-11 03:22:34 | TEMPLOG : WellhouseOne | 043.700
2016-12-11 03:25:41 | TEMPLOG : Table    One | 035.600
2016-12-11 03:26:41 | TEMPLOG : WellhouseOne | 042.800
2016-12-11 03:27:43 | TEMPLOG : WellhouseOne | 041.900
2016-12-11 03:31:48 | TEMPLOG : WellhouseOne | 041.000
2016-12-11 03:38:59 | TEMPLOG : WellhouseOne | 041.900
2016-12-11 03:39:59 | TEMPLOG : WellhouseOne | 109.400
2016-12-11 03:41:01 | TEMPLOG : WellhouseOne | 127.400
2016-12-11 03:42:02 | TEMPLOG : WellhouseOne | 132.800
2016-12-11 03:43:03 | TEMPLOG : WellhouseOne | 090.500
2016-12-11 03:44:05 | TEMPLOG : WellhouseOne | 072.500
2016-12-11 03:45:06 | TEMPLOG : WellhouseOne | 064.400
2016-12-11 03:46:07 | TEMPLOG : WellhouseOne | 057.200
2016-12-11 03:47:09 | TEMPLOG : WellhouseOne | 053.600
2016-12-11 03:48:09 | TEMPLOG : WellhouseOne | 050.900
2016-12-11 03:49:11 | TEMPLOG : WellhouseOne | 049.100
2016-12-11 03:50:13 | TEMPLOG : WellhouseOne | 048.200
2016-12-11 03:51:15 | TEMPLOG : WellhouseOne | 047.300
2016-12-11 03:52:17 | TEMPLOG : WellhouseOne | 046.400
2016-12-11 03:53:18 | TEMPLOG : WellhouseOne | 045.500
2016-12-11 03:54:19 | TEMPLOG : WellhouseOne | 044.600
2016-12-11 03:56:22 | TEMPLOG : WellhouseOne | 043.700
2016-12-11 03:58:24 | TEMPLOG : WellhouseOne | 042.800
2016-12-11 04:00:27 | TEMPLOG : WellhouseOne | 042.800
2016-12-11 04:00:27 | TEMPLOG : Bio   Filter | 035.600
2016-12-11 04:00:27 | TEMPLOG : To   GeoLoop | 042.800
2016-12-11 04:00:27 | TEMPLOG : Table    One | 035.600
2016-12-11 04:01:28 | TEMPLOG : WellhouseOne | 041.900
2016-12-11 04:06:33 | TEMPLOG : WellhouseOne | 042.800
2016-12-11 04:08:34 | TEMPLOG : WellhouseOne | 057.200
2016-12-11 04:09:36 | TEMPLOG : WellhouseOne | 112.100
2016-12-11 04:09:37 | TEMPLOG : Bio   Filter | 034.700
2016-12-11 04:10:38 | TEMPLOG : WellhouseOne | 127.400
2016-12-11 04:12:41 | TEMPLOG : WellhouseOne | 093.200
2016-12-11 04:13:44 | TEMPLOG : WellhouseOne | 077.900
2016-12-11 04:14:45 | TEMPLOG : WellhouseOne | 068.000
2016-12-11 04:15:46 | TEMPLOG : WellhouseOne | 060.800
2016-12-11 04:16:49 | TEMPLOG : WellhouseOne | 057.200
2016-12-11 04:17:50 | TEMPLOG : WellhouseOne | 053.600
2016-12-11 04:18:51 | TEMPLOG : WellhouseOne | 051.800
2016-12-11 04:19:52 | TEMPLOG : WellhouseOne | 050.900
2016-12-11 04:20:52 | TEMPLOG : WellhouseOne | 049.100
2016-12-11 04:21:54 | TEMPLOG : WellhouseOne | 048.200
2016-12-11 04:22:54 | TEMPLOG : WellhouseOne | 047.300
2016-12-11 04:23:56 | TEMPLOG : WellhouseOne | 046.400
2016-12-11 04:24:57 | TEMPLOG : WellhouseOne | 045.500
2016-12-11 04:25:58 | TEMPLOG : WellhouseOne | 044.600
2016-12-11 04:29:01 | TEMPLOG : WellhouseOne | 043.700
2016-12-11 04:30:03 | TEMPLOG : WellhouseOne | 042.800
2016-12-11 04:31:04 | TEMPLOG : WellhouseOne | 041.900
2016-12-11 04:33:06 | TEMPLOG : WellhouseOne | 042.800
2016-12-11 04:35:09 | TEMPLOG : WellhouseOne | 041.900
2016-12-11 04:38:12 | TEMPLOG : WellhouseOne | 058.100
2016-12-11 04:39:13 | TEMPLOG : WellhouseOne | 112.100
2016-12-11 04:40:14 | TEMPLOG : WellhouseOne | 125.600
2016-12-11 04:41:16 | TEMPLOG : WellhouseOne | 135.500
2016-12-11 04:41:17 | TEMPLOG : Table    One | 034.700
2016-12-11 04:42:18 | TEMPLOG : WellhouseOne | 095.900
2016-12-11 04:42:19 | TEMPLOG : Table    One | 035.600
2016-12-11 04:43:19 | TEMPLOG : WellhouseOne | 082.400
2016-12-11 04:43:20 | TEMPLOG : Table    One | 034.700
2016-12-11 04:44:20 | TEMPLOG : WellhouseOne | 071.600
2016-12-11 04:45:21 | TEMPLOG : WellhouseOne | 063.500
2016-12-11 04:46:22 | TEMPLOG : WellhouseOne | 059.000
2016-12-11 04:47:24 | TEMPLOG : WellhouseOne | 055.400
2016-12-11 04:48:25 | TEMPLOG : WellhouseOne | 053.600
2016-12-11 04:49:26 | TEMPLOG : WellhouseOne | 050.900
2016-12-11 04:50:27 | TEMPLOG : WellhouseOne | 050.000
2016-12-11 04:51:28 | TEMPLOG : WellhouseOne | 049.100
2016-12-11 04:52:29 | TEMPLOG : WellhouseOne | 047.300
2016-12-11 04:54:31 | TEMPLOG : WellhouseOne | 046.400
2016-12-11 04:56:33 | TEMPLOG : WellhouseOne | 045.500
2016-12-11 05:00:36 | TEMPLOG : WellhouseOne | 043.700
2016-12-11 05:00:36 | TEMPLOG : Bio   Filter | 034.700
2016-12-11 05:00:37 | TEMPLOG : To   GeoLoop | 042.800
2016-12-11 05:00:37 | TEMPLOG : Table    One | 034.700
2016-12-11 05:01:38 | TEMPLOG : WellhouseOne | 044.600
2016-12-11 05:07:46 | TEMPLOG : WellhouseOne | 047.300
2016-12-11 05:08:47 | TEMPLOG : WellhouseOne | 105.800
2016-12-11 05:09:48 | TEMPLOG : WellhouseOne | 122.000
2016-12-11 05:10:50 | TEMPLOG : WellhouseOne | 130.100
2016-12-11 05:11:51 | TEMPLOG : WellhouseOne | 124.700
2016-12-11 05:12:52 | TEMPLOG : WellhouseOne | 095.000
2016-12-11 05:13:53 | TEMPLOG : WellhouseOne | 081.500
2016-12-11 05:14:54 | TEMPLOG : WellhouseOne | 072.500
2016-12-11 05:14:56 | TEMPLOG : Table    One | 035.600
2016-12-11 05:15:56 | TEMPLOG : WellhouseOne | 066.200
2016-12-11 05:16:57 | TEMPLOG : WellhouseOne | 061.700
2016-12-11 05:17:58 | TEMPLOG : WellhouseOne | 058.100
2016-12-11 05:17:58 | TEMPLOG : Table    One | 034.700
2016-12-11 05:18:59 | TEMPLOG : WellhouseOne | 056.300
2016-12-11 05:20:00 | TEMPLOG : WellhouseOne | 054.500
2016-12-11 05:21:01 | TEMPLOG : WellhouseOne | 053.600
2016-12-11 05:22:02 | TEMPLOG : WellhouseOne | 051.800
2016-12-11 05:22:05 | TEMPLOG : Table    One | 035.600
2016-12-11 05:23:05 | TEMPLOG : WellhouseOne | 050.900
2016-12-11 05:24:06 | TEMPLOG : WellhouseOne | 050.000
2016-12-11 05:26:08 | TEMPLOG : WellhouseOne | 049.100
2016-12-11 05:28:11 | TEMPLOG : WellhouseOne | 048.200
2016-12-11 05:32:17 | TEMPLOG : WellhouseOne | 047.300
2016-12-11 05:36:21 | TEMPLOG : WellhouseOne | 046.400
2016-12-11 05:38:24 | TEMPLOG : WellhouseOne | 056.300
2016-12-11 05:39:26 | TEMPLOG : WellhouseOne | 109.400
2016-12-11 05:40:27 | TEMPLOG : WellhouseOne | 126.500
2016-12-11 05:41:28 | TEMPLOG : WellhouseOne | 119.300
2016-12-11 05:42:29 | TEMPLOG : WellhouseOne | 091.400
2016-12-11 05:43:31 | TEMPLOG : WellhouseOne | 080.600
2016-12-11 05:44:33 | TEMPLOG : WellhouseOne | 071.600
2016-12-11 05:45:34 | TEMPLOG : WellhouseOne | 065.300
2016-12-11 05:46:35 | TEMPLOG : WellhouseOne | 060.800
2016-12-11 05:47:36 | TEMPLOG : WellhouseOne | 059.000
2016-12-11 05:48:38 | TEMPLOG : WellhouseOne | 056.300
2016-12-11 05:49:38 | TEMPLOG : WellhouseOne | 054.500
2016-12-11 05:50:39 | TEMPLOG : WellhouseOne | 053.600
2016-12-11 05:51:40 | TEMPLOG : WellhouseOne | 052.700
2016-12-11 05:52:41 | TEMPLOG : WellhouseOne | 051.800
2016-12-11 05:53:43 | TEMPLOG : WellhouseOne | 050.900
2016-12-11 05:54:45 | TEMPLOG : WellhouseOne | 050.000
2016-12-11 05:56:47 | TEMPLOG : WellhouseOne | 049.100
2016-12-11 05:57:49 | TEMPLOG : Table    One | 034.700
2016-12-11 05:58:49 | TEMPLOG : WellhouseOne | 048.200
2016-12-11 05:58:50 | TEMPLOG : Table    One | 035.600
2016-12-11 06:00:53 | TEMPLOG : WellhouseOne | 048.200
2016-12-11 06:00:53 | TEMPLOG : Bio   Filter | 034.700
2016-12-11 06:00:53 | TEMPLOG : To   GeoLoop | 042.800
2016-12-11 06:00:53 | TEMPLOG : Table    One | 035.600
2016-12-11 06:02:54 | TEMPLOG : WellhouseOne | 047.300
2016-12-11 06:06:59 | TEMPLOG : WellhouseOne | 046.400
2016-12-11 06:09:02 | TEMPLOG : WellhouseOne | 075.200
2016-12-11 06:10:03 | TEMPLOG : WellhouseOne | 115.700
2016-12-11 06:11:04 | TEMPLOG : WellhouseOne | 131.000
2016-12-11 06:12:06 | TEMPLOG : WellhouseOne | 099.500
2016-12-11 06:13:07 | TEMPLOG : WellhouseOne | 081.500
2016-12-11 06:14:09 | TEMPLOG : WellhouseOne | 071.600
2016-12-11 06:14:09 | TEMPLOG : Table    One | 034.700
2016-12-11 06:15:10 | TEMPLOG : WellhouseOne | 065.300
2016-12-11 06:15:10 | TEMPLOG : Table    One | 035.600
2016-12-11 06:16:11 | TEMPLOG : WellhouseOne | 060.800
2016-12-11 06:17:12 | TEMPLOG : WellhouseOne | 058.100
2016-12-11 06:18:14 | TEMPLOG : WellhouseOne | 056.300
2016-12-11 06:19:16 | TEMPLOG : WellhouseOne | 054.500
2016-12-11 06:20:17 | TEMPLOG : WellhouseOne | 052.700
2016-12-11 06:21:19 | TEMPLOG : WellhouseOne | 051.800
2016-12-11 06:22:19 | TEMPLOG : WellhouseOne | 050.900
2016-12-11 06:24:21 | TEMPLOG : WellhouseOne | 050.000
2016-12-11 06:26:24 | TEMPLOG : WellhouseOne | 049.100
2016-12-11 06:28:25 | TEMPLOG : WellhouseOne | 048.200
2016-12-11 06:32:29 | TEMPLOG : WellhouseOne | 047.300
2016-12-11 06:35:33 | TEMPLOG : WellhouseOne | 046.400
2016-12-11 06:38:37 | TEMPLOG : WellhouseOne | 059.900
2016-12-11 06:39:38 | TEMPLOG : WellhouseOne | 110.300
2016-12-11 06:40:39 | TEMPLOG : WellhouseOne | 127.400
2016-12-11 06:41:40 | TEMPLOG : WellhouseOne | 113.000
2016-12-11 06:42:41 | TEMPLOG : WellhouseOne | 088.700
2016-12-11 06:43:42 | TEMPLOG : WellhouseOne | 075.200
2016-12-11 06:44:44 | TEMPLOG : WellhouseOne | 068.000
2016-12-11 06:45:46 | TEMPLOG : WellhouseOne | 062.600
2016-12-11 06:46:47 | TEMPLOG : WellhouseOne | 059.000
2016-12-11 06:47:48 | TEMPLOG : WellhouseOne | 056.300
2016-12-11 06:48:50 | TEMPLOG : WellhouseOne | 054.500
2016-12-11 06:49:51 | TEMPLOG : WellhouseOne | 053.600
2016-12-11 06:50:52 | TEMPLOG : WellhouseOne | 051.800
2016-12-11 06:52:57 | TEMPLOG : WellhouseOne | 050.900
2016-12-11 06:53:58 | TEMPLOG : WellhouseOne | 050.000
2016-12-11 06:56:01 | TEMPLOG : WellhouseOne | 049.100
2016-12-11 06:58:05 | TEMPLOG : WellhouseOne | 048.200
2016-12-11 07:00:08 | TEMPLOG : WellhouseOne | 048.200
2016-12-11 07:00:09 | TEMPLOG : Bio   Filter | 034.700
2016-12-11 07:00:09 | TEMPLOG : To   GeoLoop | 042.800
2016-12-11 07:00:09 | TEMPLOG : Table    One | 035.600
2016-12-11 07:01:10 | TEMPLOG : WellhouseOne | 047.300
2016-12-11 07:05:14 | TEMPLOG : WellhouseOne | 046.400
2016-12-11 07:09:18 | TEMPLOG : WellhouseOne | 097.700
2016-12-11 07:10:20 | TEMPLOG : WellhouseOne | 118.400
2016-12-11 07:11:22 | TEMPLOG : WellhouseOne | 128.300
2016-12-11 07:12:23 | TEMPLOG : WellhouseOne | 123.800
2016-12-11 07:13:24 | TEMPLOG : WellhouseOne | 093.200
2016-12-11 07:14:25 | TEMPLOG : WellhouseOne | 080.600
2016-12-11 07:15:27 | TEMPLOG : WellhouseOne | 072.500
2016-12-11 07:16:30 | TEMPLOG : WellhouseOne | 066.200
2016-12-11 07:17:31 | TEMPLOG : WellhouseOne | 062.600
2016-12-11 07:18:32 | TEMPLOG : WellhouseOne | 059.000
2016-12-11 07:19:34 | TEMPLOG : WellhouseOne | 057.200
2016-12-11 07:20:35 | TEMPLOG : WellhouseOne | 054.500
2016-12-11 07:21:37 | TEMPLOG : WellhouseOne | 053.600
2016-12-11 07:22:39 | TEMPLOG : WellhouseOne | 052.700
2016-12-11 07:23:41 | TEMPLOG : WellhouseOne | 051.800
2016-12-11 07:24:42 | TEMPLOG : WellhouseOne | 050.900
2016-12-11 07:25:43 | TEMPLOG : WellhouseOne | 050.000
2016-12-11 07:27:45 | TEMPLOG : WellhouseOne | 049.100
2016-12-11 07:29:48 | TEMPLOG : WellhouseOne | 048.200
2016-12-11 07:32:52 | TEMPLOG : WellhouseOne | 047.300
2016-12-11 07:36:55 | TEMPLOG : WellhouseOne | 046.400
2016-12-11 07:38:58 | TEMPLOG : WellhouseOne | 085.100
2016-12-11 07:40:00 | TEMPLOG : WellhouseOne | 112.100
2016-12-11 07:41:01 | TEMPLOG : WellhouseOne | 123.800
2016-12-11 07:42:02 | TEMPLOG : WellhouseOne | 130.100
2016-12-11 07:42:03 | TEMPLOG : Bio   Filter | 035.600
2016-12-11 07:43:03 | TEMPLOG : WellhouseOne | 102.200
2016-12-11 07:43:04 | TEMPLOG : Bio   Filter | 034.700
2016-12-11 07:44:05 | TEMPLOG : WellhouseOne | 086.000
2016-12-11 07:45:06 | TEMPLOG : WellhouseOne | 075.200
2016-12-11 07:46:07 | TEMPLOG : WellhouseOne | 069.800
2016-12-11 07:47:08 | TEMPLOG : WellhouseOne | 063.500
2016-12-11 07:48:10 | TEMPLOG : WellhouseOne | 060.800
2016-12-11 07:49:11 | TEMPLOG : WellhouseOne | 058.100
2016-12-11 07:50:12 | TEMPLOG : WellhouseOne | 055.400
2016-12-11 07:51:12 | TEMPLOG : WellhouseOne | 054.500
2016-12-11 07:52:13 | TEMPLOG : WellhouseOne | 053.600
2016-12-11 07:53:14 | TEMPLOG : WellhouseOne | 051.800
2016-12-11 07:53:15 | TEMPLOG : Bio   Filter | 035.600
2016-12-11 07:54:16 | TEMPLOG : Bio   Filter | 034.700
2016-12-11 07:55:17 | TEMPLOG : WellhouseOne | 050.900
2016-12-11 07:56:19 | TEMPLOG : WellhouseOne | 050.000
2016-12-11 07:56:19 | TEMPLOG : Bio   Filter | 035.600
2016-12-11 07:58:20 | TEMPLOG : WellhouseOne | 049.100
2016-12-11 08:00:22 | TEMPLOG : WellhouseOne | 049.100
2016-12-11 08:00:22 | TEMPLOG : Bio   Filter | 035.600
2016-12-11 08:00:23 | TEMPLOG : To   GeoLoop | 042.800
2016-12-11 08:00:23 | TEMPLOG : Table    One | 035.600
2016-12-11 08:01:23 | TEMPLOG : WellhouseOne | 048.200
2016-12-11 08:06:30 | TEMPLOG : WellhouseOne | 047.300
2016-12-11 08:09:34 | TEMPLOG : WellhouseOne | 068.900
2016-12-11 08:10:34 | TEMPLOG : WellhouseOne | 113.000
2016-12-11 08:11:36 | TEMPLOG : WellhouseOne | 129.200
2016-12-11 08:12:38 | TEMPLOG : WellhouseOne | 106.700
2016-12-11 08:13:39 | TEMPLOG : WellhouseOne | 086.000
2016-12-11 08:14:40 | TEMPLOG : WellhouseOne | 075.200
2016-12-11 08:15:41 | TEMPLOG : WellhouseOne | 068.900
2016-12-11 08:16:42 | TEMPLOG : WellhouseOne | 064.400
2016-12-11 08:17:44 | TEMPLOG : WellhouseOne | 060.800
2016-12-11 08:18:45 | TEMPLOG : WellhouseOne | 058.100
2016-12-11 08:19:46 | TEMPLOG : WellhouseOne | 056.300
2016-12-11 08:20:48 | TEMPLOG : WellhouseOne | 054.500
2016-12-11 08:21:49 | TEMPLOG : WellhouseOne | 053.600
2016-12-11 08:22:50 | TEMPLOG : WellhouseOne | 052.700
2016-12-11 08:23:51 | TEMPLOG : WellhouseOne | 051.800
2016-12-11 08:23:52 | TEMPLOG : Table    One | 036.500
2016-12-11 08:24:52 | TEMPLOG : WellhouseOne | 050.900
2016-12-11 08:25:53 | TEMPLOG : WellhouseOne | 050.000
2016-12-11 08:28:57 | TEMPLOG : WellhouseOne | 049.100
2016-12-11 08:30:59 | TEMPLOG : WellhouseOne | 048.200
2016-12-11 08:32:01 | TEMPLOG : To   GeoLoop | 043.700
2016-12-11 08:33:03 | TEMPLOG : To   GeoLoop | 042.800
2016-12-11 08:36:07 | TEMPLOG : WellhouseOne | 047.300
2016-12-11 08:40:12 | TEMPLOG : WellhouseOne | 087.800
2016-12-11 08:41:13 | TEMPLOG : WellhouseOne | 119.300
2016-12-11 08:42:14 | TEMPLOG : WellhouseOne | 130.100
2016-12-11 08:43:15 | TEMPLOG : WellhouseOne | 090.500
2016-12-11 08:44:17 | TEMPLOG : WellhouseOne | 077.900
2016-12-11 08:45:18 | TEMPLOG : WellhouseOne | 069.800
2016-12-11 08:46:19 | TEMPLOG : WellhouseOne | 065.300
2016-12-11 08:47:21 | TEMPLOG : WellhouseOne | 061.700
2016-12-11 08:48:22 | TEMPLOG : WellhouseOne | 058.100
2016-12-11 08:49:23 | TEMPLOG : WellhouseOne | 056.300
2016-12-11 08:50:24 | TEMPLOG : WellhouseOne | 054.500
2016-12-11 08:51:24 | TEMPLOG : WellhouseOne | 053.600
2016-12-11 08:52:26 | TEMPLOG : WellhouseOne | 052.700
2016-12-11 08:53:27 | TEMPLOG : WellhouseOne | 051.800
2016-12-11 08:54:28 | TEMPLOG : WellhouseOne | 050.900
2016-12-11 08:55:29 | TEMPLOG : WellhouseOne | 050.000
2016-12-11 08:58:31 | TEMPLOG : WellhouseOne | 049.100
2016-12-11 09:00:34 | TEMPLOG : WellhouseOne | 049.100
2016-12-11 09:00:34 | TEMPLOG : Bio   Filter | 035.600
2016-12-11 09:00:34 | TEMPLOG : To   GeoLoop | 043.700
2016-12-11 09:00:35 | TEMPLOG : Table    One | 036.500
2016-12-11 09:01:36 | TEMPLOG : Bio   Filter | 036.500
2016-12-11 09:02:36 | TEMPLOG : WellhouseOne | 048.200
2016-12-11 09:02:37 | TEMPLOG : To   GeoLoop | 042.800
2016-12-11 09:04:40 | TEMPLOG : WellhouseOne | 047.300
2016-12-11 09:06:43 | TEMPLOG : Bio   Filter | 035.600
2016-12-11 09:06:43 | TEMPLOG : To   GeoLoop | 043.700
2016-12-11 09:07:44 | TEMPLOG : WellhouseOne | 046.400
2016-12-11 09:07:45 | TEMPLOG : Bio   Filter | 036.500
2016-12-11 09:08:45 | TEMPLOG : WellhouseOne | 047.300
2016-12-11 09:08:46 | TEMPLOG : To   GeoLoop | 042.800
2016-12-11 09:09:47 | TEMPLOG : WellhouseOne | 062.600
2016-12-11 09:09:47 | TEMPLOG : To   GeoLoop | 043.700
2016-12-11 09:10:48 | TEMPLOG : WellhouseOne | 111.200
2016-12-11 09:10:49 | TEMPLOG : To   GeoLoop | 042.800
2016-12-11 09:11:49 | TEMPLOG : WellhouseOne | 126.500
2016-12-11 09:12:52 | TEMPLOG : WellhouseOne | 134.600
2016-12-11 09:12:52 | TEMPLOG : To   GeoLoop | 043.700
2016-12-11 09:13:53 | TEMPLOG : WellhouseOne | 096.800
2016-12-11 09:14:54 | TEMPLOG : WellhouseOne | 080.600
2016-12-11 09:14:55 | TEMPLOG : To   GeoLoop | 042.800
2016-12-11 09:15:55 | TEMPLOG : WellhouseOne | 070.700
2016-12-11 09:15:56 | TEMPLOG : To   GeoLoop | 043.700
2016-12-11 09:16:57 | TEMPLOG : WellhouseOne | 062.600
2016-12-11 09:16:57 | TEMPLOG : To   GeoLoop | 042.800
2016-12-11 09:17:59 | TEMPLOG : WellhouseOne | 058.100
2016-12-11 09:18:59 | TEMPLOG : WellhouseOne | 055.400
2016-12-11 09:20:01 | TEMPLOG : WellhouseOne | 053.600
2016-12-11 09:21:03 | TEMPLOG : WellhouseOne | 051.800
2016-12-11 09:22:04 | TEMPLOG : WellhouseOne | 050.000
2016-12-11 09:23:05 | TEMPLOG : WellhouseOne | 049.100
2016-12-11 09:23:06 | TEMPLOG : Bio   Filter | 035.600
2016-12-11 09:24:07 | TEMPLOG : WellhouseOne | 048.200
2016-12-11 09:30:16 | TEMPLOG : WellhouseOne | 047.300
2016-12-11 09:34:20 | TEMPLOG : WellhouseOne | 046.400
2016-12-11 09:36:23 | TEMPLOG : To   GeoLoop | 043.700
2016-12-11 09:37:24 | TEMPLOG : To   GeoLoop | 042.800
2016-12-11 09:39:25 | TEMPLOG : WellhouseOne | 097.700
2016-12-11 09:40:27 | TEMPLOG : WellhouseOne | 120.200
2016-12-11 09:41:28 | TEMPLOG : WellhouseOne | 131.900
2016-12-11 09:42:29 | TEMPLOG : WellhouseOne | 108.500
2016-12-11 09:43:31 | TEMPLOG : WellhouseOne | 089.600
2016-12-11 09:44:32 | TEMPLOG : WellhouseOne | 078.800
2016-12-11 09:45:33 | TEMPLOG : WellhouseOne | 071.600
2016-12-11 09:45:34 | TEMPLOG : To   GeoLoop | 043.700
2016-12-11 09:46:34 | TEMPLOG : WellhouseOne | 066.200
2016-12-11 09:46:34 | TEMPLOG : Bio   Filter | 036.500
2016-12-11 09:47:36 | TEMPLOG : WellhouseOne | 061.700
2016-12-11 09:48:37 | TEMPLOG : WellhouseOne | 059.000
2016-12-11 09:49:39 | TEMPLOG : WellhouseOne | 056.300
2016-12-11 09:50:40 | TEMPLOG : WellhouseOne | 055.400
2016-12-11 09:50:40 | TEMPLOG : Table    One | 037.400
2016-12-11 09:51:40 | TEMPLOG : WellhouseOne | 053.600
2016-12-11 09:52:41 | TEMPLOG : WellhouseOne | 052.700
2016-12-11 09:53:42 | TEMPLOG : WellhouseOne | 051.800
2016-12-11 09:55:46 | TEMPLOG : WellhouseOne | 050.900
2016-12-11 09:56:47 | TEMPLOG : WellhouseOne | 050.000
2016-12-11 09:58:50 | TEMPLOG : WellhouseOne | 049.100
2016-12-11 09:58:50 | TEMPLOG : Table    One | 038.300
2016-12-11 10:00:52 | TEMPLOG : WellhouseOne | 049.100
2016-12-11 10:00:52 | TEMPLOG : Bio   Filter | 037.400
2016-12-11 10:00:52 | TEMPLOG : To   GeoLoop | 043.700
2016-12-11 10:00:52 | TEMPLOG : Table    One | 038.300
2016-12-11 10:01:52 | TEMPLOG : WellhouseOne | 048.200
2016-12-11 10:01:53 | TEMPLOG : Table    One | 039.200
2016-12-11 10:05:58 | TEMPLOG : WellhouseOne | 047.300
2016-12-11 10:09:02 | TEMPLOG : WellhouseOne | 074.300
2016-12-11 10:10:04 | TEMPLOG : WellhouseOne | 112.100
2016-12-11 10:11:05 | TEMPLOG : WellhouseOne | 125.600
2016-12-11 10:12:06 | TEMPLOG : WellhouseOne | 115.700
2016-12-11 10:13:07 | TEMPLOG : WellhouseOne | 086.900
2016-12-11 10:14:08 | TEMPLOG : WellhouseOne | 071.600
2016-12-11 10:14:08 | TEMPLOG : Bio   Filter | 038.300
2016-12-11 10:14:09 | TEMPLOG : Table    One | 041.900
2016-12-11 10:15:10 | TEMPLOG : WellhouseOne | 064.400
2016-12-11 10:15:10 | TEMPLOG : Bio   Filter | 039.200
2016-12-11 10:15:10 | TEMPLOG : To   GeoLoop | 044.600
2016-12-11 10:15:11 | TEMPLOG : Table    One | 043.700
2016-12-11 10:16:11 | TEMPLOG : WellhouseOne | 059.900
2016-12-11 10:16:12 | TEMPLOG : Table    One | 045.500
2016-12-11 10:17:12 | TEMPLOG : WellhouseOne | 057.200
2016-12-11 10:17:12 | TEMPLOG : Bio   Filter | 040.100
2016-12-11 10:17:13 | TEMPLOG : Table    One | 047.300
2016-12-11 10:18:13 | TEMPLOG : WellhouseOne | 055.400
2016-12-11 10:18:13 | TEMPLOG : To   GeoLoop | 045.500
2016-12-11 10:18:14 | TEMPLOG : Table    One | 050.000
2016-12-11 10:19:15 | TEMPLOG : WellhouseOne | 054.500
2016-12-11 10:19:15 | TEMPLOG : Bio   Filter | 041.000
2016-12-11 10:19:15 | TEMPLOG : Table    One | 050.900
2016-12-11 10:20:16 | TEMPLOG : WellhouseOne | 052.700
2016-12-11 10:21:17 | TEMPLOG : WellhouseOne | 050.900
2016-12-11 10:21:18 | TEMPLOG : Bio   Filter | 041.900
2016-12-11 10:21:18 | TEMPLOG : To   GeoLoop | 046.400
2016-12-11 10:21:18 | TEMPLOG : Table    One | 052.700
2016-12-11 10:22:18 | TEMPLOG : WellhouseOne | 050.000
2016-12-11 10:22:20 | TEMPLOG : Table    One | 054.500
2016-12-11 10:23:20 | TEMPLOG : Bio   Filter | 042.800
2016-12-11 10:24:22 | TEMPLOG : WellhouseOne | 049.100
2016-12-11 10:24:23 | TEMPLOG : Table    One | 053.600
2016-12-11 10:26:24 | TEMPLOG : WellhouseOne | 048.200
2016-12-11 10:26:26 | TEMPLOG : Table    One | 052.700
2016-12-11 10:27:26 | TEMPLOG : WellhouseOne | 047.300
2016-12-11 10:27:26 | TEMPLOG : To   GeoLoop | 045.500
2016-12-11 10:27:27 | TEMPLOG : Table    One | 050.900
2016-12-11 10:28:28 | TEMPLOG : Table    One | 049.100
2016-12-11 10:29:28 | TEMPLOG : WellhouseOne | 046.400
2016-12-11 10:29:29 | TEMPLOG : Table    One | 048.200
2016-12-11 10:30:30 | TEMPLOG : Table    One | 047.300
2016-12-11 10:31:31 | TEMPLOG : Bio   Filter | 041.900
2016-12-11 10:31:32 | TEMPLOG : Table    One | 046.400
2016-12-11 10:32:33 | TEMPLOG : WellhouseOne | 045.500
2016-12-11 10:32:33 | TEMPLOG : Table    One | 047.300
2016-12-11 10:33:35 | TEMPLOG : Table    One | 048.200
2016-12-11 10:34:36 | TEMPLOG : Table    One | 047.300
2016-12-11 10:35:37 | TEMPLOG : Table    One | 046.400
2016-12-11 10:36:38 | TEMPLOG : Table    One | 045.500
2016-12-11 10:37:38 | TEMPLOG : WellhouseOne | 044.600
2016-12-11 10:38:40 | TEMPLOG : WellhouseOne | 094.100
2016-12-11 10:38:40 | TEMPLOG : Bio   Filter | 041.000
2016-12-11 10:38:40 | TEMPLOG : To   GeoLoop | 044.600
2016-12-11 10:38:41 | TEMPLOG : Table    One | 044.600
2016-12-11 10:39:41 | TEMPLOG : WellhouseOne | 121.100
2016-12-11 10:39:41 | TEMPLOG : To   GeoLoop | 045.500
2016-12-11 10:40:42 | TEMPLOG : WellhouseOne | 132.800
2016-12-11 10:40:42 | TEMPLOG : Table    One | 045.500
2016-12-11 10:41:42 | TEMPLOG : WellhouseOne | 097.700
2016-12-11 10:42:45 | TEMPLOG : WellhouseOne | 077.000
2016-12-11 10:42:46 | TEMPLOG : Table    One | 044.600
2016-12-11 10:43:46 | TEMPLOG : WellhouseOne | 069.800
2016-12-11 10:44:47 | TEMPLOG : WellhouseOne | 063.500
2016-12-11 10:45:48 | TEMPLOG : WellhouseOne | 059.000
2016-12-11 10:45:49 | TEMPLOG : Bio   Filter | 041.900
2016-12-11 10:45:49 | TEMPLOG : Table    One | 045.500
2016-12-11 10:46:50 | TEMPLOG : WellhouseOne | 055.400
2016-12-11 10:47:51 | TEMPLOG : WellhouseOne | 053.600
2016-12-11 10:47:51 | TEMPLOG : Table    One | 046.400
2016-12-11 10:48:52 | TEMPLOG : WellhouseOne | 052.700
2016-12-11 10:48:53 | TEMPLOG : To   GeoLoop | 046.400
2016-12-11 10:49:53 | TEMPLOG : WellhouseOne | 051.800
2016-12-11 10:49:54 | TEMPLOG : To   GeoLoop | 045.500
2016-12-11 10:49:54 | TEMPLOG : Table    One | 045.500
2016-12-11 10:50:54 | TEMPLOG : WellhouseOne | 050.000
2016-12-11 10:51:55 | TEMPLOG : WellhouseOne | 049.100
2016-12-11 10:51:56 | TEMPLOG : Table    One | 044.600
2016-12-11 10:52:56 | TEMPLOG : Table    One | 045.500
2016-12-11 10:53:57 | TEMPLOG : WellhouseOne | 048.200
2016-12-11 10:53:57 | TEMPLOG : Table    One | 046.400
2016-12-11 10:54:58 | TEMPLOG : Bio   Filter | 042.800
2016-12-11 10:54:58 | TEMPLOG : To   GeoLoop | 046.400
2016-12-11 10:54:58 | TEMPLOG : Table    One | 047.300
2016-12-11 10:55:59 | TEMPLOG : WellhouseOne | 047.300
2016-12-11 10:55:59 | TEMPLOG : Bio   Filter | 041.900
2016-12-11 10:55:59 | TEMPLOG : To   GeoLoop | 045.500
2016-12-11 10:55:59 | TEMPLOG : Table    One | 046.400
2016-12-11 10:57:00 | TEMPLOG : Table    One | 045.500
2016-12-11 10:59:02 | TEMPLOG : WellhouseOne | 046.400
2016-12-11 10:59:03 | TEMPLOG : Table    One | 046.400
2016-12-11 11:00:03 | TEMPLOG : WellhouseOne | 046.400
2016-12-11 11:00:03 | TEMPLOG : Bio   Filter | 041.900
2016-12-11 11:00:03 | TEMPLOG : To   GeoLoop | 046.400
2016-12-11 11:00:04 | TEMPLOG : Table    One | 046.400
2016-12-11 11:01:05 | TEMPLOG : Bio   Filter | 042.800
2016-12-11 11:01:05 | TEMPLOG : To   GeoLoop | 045.500
2016-12-11 11:01:05 | TEMPLOG : Table    One | 047.300
2016-12-11 11:02:06 | TEMPLOG : WellhouseOne | 045.500
2016-12-11 11:03:07 | TEMPLOG : To   GeoLoop | 046.400
2016-12-11 11:05:11 | TEMPLOG : Table    One | 048.200
2016-12-11 11:07:13 | TEMPLOG : WellhouseOne | 063.500
2016-12-11 11:07:15 | TEMPLOG : Table    One | 047.300
2016-12-11 11:08:15 | TEMPLOG : WellhouseOne | 112.100
2016-12-11 11:08:16 | TEMPLOG : Table    One | 046.400
2016-12-11 11:09:16 | TEMPLOG : WellhouseOne | 126.500
2016-12-11 11:10:18 | TEMPLOG : WellhouseOne | 130.100
2016-12-11 11:10:19 | TEMPLOG : Table    One | 045.500
2016-12-11 11:11:19 | TEMPLOG : WellhouseOne | 093.200
2016-12-11 11:12:20 | TEMPLOG : WellhouseOne | 077.000
2016-12-11 11:13:21 | TEMPLOG : WellhouseOne | 067.100
2016-12-11 11:14:22 | TEMPLOG : WellhouseOne | 060.800
2016-12-11 11:14:23 | TEMPLOG : To   GeoLoop | 045.500
2016-12-11 11:14:23 | TEMPLOG : Table    One | 044.600
2016-12-11 11:15:23 | TEMPLOG : WellhouseOne | 057.200
2016-12-11 11:15:24 | TEMPLOG : To   GeoLoop | 046.400
2016-12-11 11:16:24 | TEMPLOG : WellhouseOne | 055.400
2016-12-11 11:16:24 | TEMPLOG : Bio   Filter | 041.900
2016-12-11 11:16:24 | TEMPLOG : To   GeoLoop | 045.500
2016-12-11 11:17:25 | TEMPLOG : WellhouseOne | 053.600
2016-12-11 11:18:25 | TEMPLOG : WellhouseOne | 052.700
2016-12-11 11:19:26 | TEMPLOG : WellhouseOne | 051.800
2016-12-11 11:19:27 | TEMPLOG : Table    One | 043.700
2016-12-11 11:20:27 | TEMPLOG : WellhouseOne | 050.000
2016-12-11 11:22:30 | TEMPLOG : WellhouseOne | 049.100
2016-12-11 11:24:33 | TEMPLOG : WellhouseOne | 048.200
2016-12-11 11:24:34 | TEMPLOG : Table    One | 044.600
2016-12-11 11:26:35 | TEMPLOG : WellhouseOne | 047.300
2016-12-11 11:27:37 | TEMPLOG : To   GeoLoop | 046.400
2016-12-11 11:27:38 | TEMPLOG : Table    One | 045.500
2016-12-11 11:29:41 | TEMPLOG : To   GeoLoop | 045.500
2016-12-11 11:29:41 | TEMPLOG : Table    One | 044.600
2016-12-11 11:30:41 | TEMPLOG : WellhouseOne | 046.400
2016-12-11 11:30:42 | TEMPLOG : Table    One | 043.700
2016-12-11 11:32:45 | TEMPLOG : Table    One | 042.800
2016-12-11 11:33:45 | TEMPLOG : WellhouseOne | 045.500
2016-12-11 11:34:47 | TEMPLOG : Bio   Filter | 041.000
2016-12-11 11:36:50 | TEMPLOG : WellhouseOne | 050.900
2016-12-11 11:37:51 | TEMPLOG : WellhouseOne | 107.600
2016-12-11 11:37:52 | TEMPLOG : Table    One | 043.700
2016-12-11 11:38:52 | TEMPLOG : WellhouseOne | 124.700
2016-12-11 11:39:54 | TEMPLOG : WellhouseOne | 123.800
2016-12-11 11:39:54 | TEMPLOG : Bio   Filter | 041.900
2016-12-11 11:39:56 | TEMPLOG : Table    One | 044.600
2016-12-11 11:40:56 | TEMPLOG : WellhouseOne | 093.200
2016-12-11 11:41:58 | TEMPLOG : WellhouseOne | 077.900
2016-12-11 11:41:59 | TEMPLOG : Table    One | 043.700
2016-12-11 11:42:59 | TEMPLOG : WellhouseOne | 071.600
2016-12-11 11:44:00 | TEMPLOG : WellhouseOne | 064.400
2016-12-11 11:45:01 | TEMPLOG : WellhouseOne | 060.800
2016-12-11 11:46:03 | TEMPLOG : WellhouseOne | 056.300
2016-12-11 11:47:05 | TEMPLOG : WellhouseOne | 053.600
2016-12-11 11:48:06 | TEMPLOG : WellhouseOne | 051.800
2016-12-11 11:49:07 | TEMPLOG : WellhouseOne | 050.900
2016-12-11 11:50:09 | TEMPLOG : WellhouseOne | 050.000
2016-12-11 11:51:10 | TEMPLOG : WellhouseOne | 048.200
2016-12-11 11:51:11 | TEMPLOG : Table    One | 044.600
2016-12-11 11:52:11 | TEMPLOG : WellhouseOne | 047.300
2016-12-11 11:52:12 | TEMPLOG : Table    One | 046.400
2016-12-11 11:53:12 | TEMPLOG : WellhouseOne | 046.400
2016-12-11 11:53:13 | TEMPLOG : To   GeoLoop | 046.400
2016-12-11 11:53:13 | TEMPLOG : Table    One | 047.300
2016-12-11 11:54:13 | TEMPLOG : WellhouseOne | 045.500
2016-12-11 11:54:14 | TEMPLOG : Bio   Filter | 042.800
2016-12-11 11:54:15 | TEMPLOG : Table    One | 048.200
2016-12-11 11:55:15 | TEMPLOG : WellhouseOne | 046.400
2016-12-11 11:55:16 | TEMPLOG : Table    One | 049.100
2016-12-11 11:56:17 | TEMPLOG : Bio   Filter | 043.700
2016-12-11 11:57:17 | TEMPLOG : WellhouseOne | 044.600
2016-12-11 11:57:18 | TEMPLOG : To   GeoLoop | 047.300
2016-12-11 11:59:20 | TEMPLOG : WellhouseOne | 043.700
2016-12-11 11:59:20 | TEMPLOG : Table    One | 048.200
2016-12-11 12:00:21 | TEMPLOG : WellhouseOne | 043.700
2016-12-11 12:00:21 | TEMPLOG : Bio   Filter | 043.700
2016-12-11 12:00:21 | TEMPLOG : To   GeoLoop | 046.400
2016-12-11 12:00:21 | TEMPLOG : Table    One | 047.300
2016-12-11 12:01:22 | TEMPLOG : WellhouseOne | 044.600
2016-12-11 12:01:23 | TEMPLOG : Table    One | 046.400
2016-12-11 12:02:24 | TEMPLOG : WellhouseOne | 043.700
2016-12-11 12:02:24 | TEMPLOG : Table    One | 045.500
2016-12-11 12:03:25 | TEMPLOG : Bio   Filter | 042.800
2016-12-11 12:03:25 | TEMPLOG : Table    One | 044.600
2016-12-11 12:04:26 | TEMPLOG : To   GeoLoop | 045.500
2016-12-11 12:05:27 | TEMPLOG : Table    One | 043.700
2016-12-11 12:06:28 | TEMPLOG : WellhouseOne | 042.800
2016-12-11 12:06:28 | TEMPLOG : Bio   Filter | 041.900
2016-12-11 12:07:28 | TEMPLOG : WellhouseOne | 083.300
2016-12-11 12:08:30 | TEMPLOG : WellhouseOne | 120.200
2016-12-11 12:09:31 | TEMPLOG : WellhouseOne | 133.700
2016-12-11 12:09:32 | TEMPLOG : Table    One | 044.600
2016-12-11 12:10:33 | TEMPLOG : WellhouseOne | 101.300
2016-12-11 12:10:34 | TEMPLOG : Table    One | 046.400
2016-12-11 12:11:34 | TEMPLOG : WellhouseOne | 085.100
2016-12-11 12:11:35 | TEMPLOG : To   GeoLoop | 046.400
2016-12-11 12:12:36 | TEMPLOG : WellhouseOne | 074.300
2016-12-11 12:12:36 | TEMPLOG : Bio   Filter | 042.800
2016-12-11 12:12:36 | TEMPLOG : Table    One | 047.300
2016-12-11 12:13:37 | TEMPLOG : WellhouseOne | 065.300
2016-12-11 12:13:37 | TEMPLOG : Table    One | 050.000
2016-12-11 12:14:37 | TEMPLOG : WellhouseOne | 059.900
2016-12-11 12:14:38 | TEMPLOG : Bio   Filter | 043.700
2016-12-11 12:14:39 | TEMPLOG : Table    One | 055.400
2016-12-11 12:15:39 | TEMPLOG : WellhouseOne | 057.200
2016-12-11 12:15:39 | TEMPLOG : Bio   Filter | 044.600
2016-12-11 12:15:39 | TEMPLOG : Table    One | 054.500
2016-12-11 12:16:40 | TEMPLOG : WellhouseOne | 054.500
2016-12-11 12:17:41 | TEMPLOG : WellhouseOne | 052.700
2016-12-11 12:17:41 | TEMPLOG : Bio   Filter | 045.500
2016-12-11 12:17:41 | TEMPLOG : To   GeoLoop | 047.300
2016-12-11 12:17:42 | TEMPLOG : Table    One | 059.000
2016-12-11 12:18:42 | TEMPLOG : WellhouseOne | 051.800
2016-12-11 12:18:42 | TEMPLOG : Bio   Filter | 046.400
2016-12-11 12:18:43 | TEMPLOG : Table    One | 059.900
2016-12-11 12:19:43 | TEMPLOG : WellhouseOne | 050.000
2016-12-11 12:19:44 | TEMPLOG : Table    One | 058.100
2016-12-11 12:20:44 | TEMPLOG : WellhouseOne | 049.100
2016-12-11 12:20:45 | TEMPLOG : Table    One | 055.400
2016-12-11 12:21:46 | TEMPLOG : Table    One | 052.700
2016-12-11 12:22:46 | TEMPLOG : WellhouseOne | 048.200
2016-12-11 12:22:48 | TEMPLOG : Bio   Filter | 045.500
2016-12-11 12:22:48 | TEMPLOG : Table    One | 051.800
2016-12-11 12:24:50 | TEMPLOG : WellhouseOne | 047.300
2016-12-11 12:24:51 | TEMPLOG : Table    One | 050.900
2016-12-11 12:26:52 | TEMPLOG : Bio   Filter | 044.600
2016-12-11 12:27:54 | TEMPLOG : Table    One | 050.000
2016-12-11 12:28:55 | TEMPLOG : WellhouseOne | 046.400
2016-12-11 12:29:56 | TEMPLOG : WellhouseOne | 045.500
2016-12-11 12:29:57 | TEMPLOG : Table    One | 049.100
2016-12-11 12:31:59 | TEMPLOG : To   GeoLoop | 046.400
2016-12-11 12:33:00 | TEMPLOG : WellhouseOne | 044.600
2016-12-11 12:33:00 | TEMPLOG : Bio   Filter | 043.700
2016-12-11 12:33:01 | TEMPLOG : Table    One | 048.200
2016-12-11 12:35:03 | TEMPLOG : Table    One | 047.300
2016-12-11 12:36:03 | TEMPLOG : WellhouseOne | 085.100
2016-12-11 12:37:04 | TEMPLOG : WellhouseOne | 116.600
2016-12-11 12:37:05 | TEMPLOG : Bio   Filter | 042.800
2016-12-11 12:37:05 | TEMPLOG : To   GeoLoop | 045.500
2016-12-11 12:37:05 | TEMPLOG : Table    One | 046.400
2016-12-11 12:38:05 | TEMPLOG : WellhouseOne | 129.200
2016-12-11 12:38:06 | TEMPLOG : To   GeoLoop | 046.400
2016-12-11 12:38:07 | TEMPLOG : Table    One | 047.300
2016-12-11 12:39:07 | TEMPLOG : WellhouseOne | 124.700
2016-12-11 12:40:08 | TEMPLOG : WellhouseOne | 092.300
2016-12-11 12:40:08 | TEMPLOG : Table    One | 046.400
2016-12-11 12:41:09 | TEMPLOG : WellhouseOne | 076.100
2016-12-11 12:42:10 | TEMPLOG : WellhouseOne | 066.200
2016-12-11 12:42:11 | TEMPLOG : Table    One | 050.900
2016-12-11 12:43:11 | TEMPLOG : WellhouseOne | 060.800
2016-12-11 12:43:12 | TEMPLOG : Bio   Filter | 043.700
2016-12-11 12:43:12 | TEMPLOG : To   GeoLoop | 047.300
2016-12-11 12:43:12 | TEMPLOG : Table    One | 054.500
2016-12-11 12:44:13 | TEMPLOG : WellhouseOne | 058.100
2016-12-11 12:44:13 | TEMPLOG : Bio   Filter | 044.600
2016-12-11 12:44:14 | TEMPLOG : To   GeoLoop | 048.200
2016-12-11 12:44:14 | TEMPLOG : Table    One | 056.300
2016-12-11 12:45:14 | TEMPLOG : WellhouseOne | 056.300
2016-12-11 12:45:16 | TEMPLOG : Table    One | 053.600
2016-12-11 12:46:17 | TEMPLOG : WellhouseOne | 053.600
2016-12-11 12:46:17 | TEMPLOG : Bio   Filter | 045.500
2016-12-11 12:46:18 | TEMPLOG : Table    One | 056.300
2016-12-11 12:47:18 | TEMPLOG : WellhouseOne | 052.700
2016-12-11 12:47:19 | TEMPLOG : Table    One | 054.500
2016-12-11 12:48:19 | TEMPLOG : WellhouseOne | 051.800
2016-12-11 12:48:21 | TEMPLOG : Table    One | 055.400
2016-12-11 12:49:22 | TEMPLOG : WellhouseOne | 050.900
2016-12-11 12:49:23 | TEMPLOG : Table    One | 056.300
2016-12-11 12:50:23 | TEMPLOG : WellhouseOne | 050.000
2016-12-11 12:50:24 | TEMPLOG : Bio   Filter | 046.400
2016-12-11 12:50:24 | TEMPLOG : Table    One | 055.400
2016-12-11 12:51:25 | TEMPLOG : WellhouseOne | 049.100
2016-12-11 12:51:25 | TEMPLOG : Bio   Filter | 045.500
2016-12-11 12:51:25 | TEMPLOG : Table    One | 052.700
2016-12-11 12:52:26 | TEMPLOG : To   GeoLoop | 047.300
2016-12-11 12:52:26 | TEMPLOG : Table    One | 050.900
2016-12-11 12:53:27 | TEMPLOG : WellhouseOne | 048.200
2016-12-11 12:53:28 | TEMPLOG : Table    One | 050.000
2016-12-11 12:54:29 | TEMPLOG : WellhouseOne | 047.300
2016-12-11 12:54:29 | TEMPLOG : Table    One | 049.100
2016-12-11 12:55:30 | TEMPLOG : Bio   Filter | 044.600
2016-12-11 12:55:30 | TEMPLOG : Table    One | 048.200
2016-12-11 12:56:31 | TEMPLOG : Table    One | 047.300
2016-12-11 12:57:32 | TEMPLOG : WellhouseOne | 046.400
2016-12-11 12:57:33 | TEMPLOG : To   GeoLoop | 046.400
2016-12-11 12:58:34 | TEMPLOG : Bio   Filter | 043.700
2016-12-11 12:59:34 | TEMPLOG : WellhouseOne | 045.500
2016-12-11 12:59:35 | TEMPLOG : Table    One | 046.400
2016-12-11 13:00:35 | TEMPLOG : WellhouseOne | 045.500
2016-12-11 13:00:36 | TEMPLOG : Bio   Filter | 043.700
2016-12-11 13:00:36 | TEMPLOG : To   GeoLoop | 046.400
2016-12-11 13:00:36 | TEMPLOG : Table    One | 046.400
2016-12-11 13:02:38 | TEMPLOG : WellhouseOne | 044.600
2016-12-11 13:02:39 | TEMPLOG : Table    One | 047.300
2016-12-11 13:03:40 | TEMPLOG : WellhouseOne | 045.500
2016-12-11 13:04:41 | TEMPLOG : WellhouseOne | 044.600
2016-12-11 13:04:41 | TEMPLOG : Bio   Filter | 042.800
2016-12-11 13:04:42 | TEMPLOG : Table    One | 046.400
2016-12-11 13:05:42 | TEMPLOG : WellhouseOne | 100.400
2016-12-11 13:05:43 | TEMPLOG : Table    One | 045.500
2016-12-11 13:06:43 | TEMPLOG : WellhouseOne | 121.100
2016-12-11 13:07:45 | TEMPLOG : WellhouseOne | 131.000
2016-12-11 13:07:46 | TEMPLOG : Table    One | 044.600
2016-12-11 13:08:47 | TEMPLOG : WellhouseOne | 104.000
2016-12-11 13:09:48 | TEMPLOG : WellhouseOne | 083.300
2016-12-11 13:09:49 | TEMPLOG : Table    One | 045.500
2016-12-11 13:10:49 | TEMPLOG : WellhouseOne | 070.700
2016-12-11 13:10:50 | TEMPLOG : Table    One | 048.200
2016-12-11 13:11:50 | TEMPLOG : WellhouseOne | 063.500
2016-12-11 13:11:51 | TEMPLOG : To   GeoLoop | 047.300
2016-12-11 13:11:51 | TEMPLOG : Table    One | 050.900
2016-12-11 13:12:51 | TEMPLOG : WellhouseOne | 061.700
2016-12-11 13:12:52 | TEMPLOG : Table    One | 049.100
2016-12-11 13:13:52 | TEMPLOG : WellhouseOne | 059.000
2016-12-11 13:13:53 | TEMPLOG : Table    One | 048.200
2016-12-11 13:14:54 | TEMPLOG : WellhouseOne | 057.200
2016-12-11 13:14:54 | TEMPLOG : To   GeoLoop | 046.400
2016-12-11 13:14:54 | TEMPLOG : Table    One | 046.400
2016-12-11 13:15:55 | TEMPLOG : WellhouseOne | 055.400
2016-12-11 13:16:56 | TEMPLOG : WellhouseOne | 054.500
2016-12-11 13:16:56 | TEMPLOG : Table    One | 045.500
2016-12-11 13:17:57 | TEMPLOG : WellhouseOne | 053.600
2016-12-11 13:17:57 | TEMPLOG : Bio   Filter | 041.900
2016-12-11 13:18:58 | TEMPLOG : WellhouseOne | 052.700
2016-12-11 13:19:00 | TEMPLOG : Table    One | 044.600
2016-12-11 13:20:00 | TEMPLOG : WellhouseOne | 051.800
2016-12-11 13:21:01 | TEMPLOG : WellhouseOne | 050.900
2016-12-11 13:21:01 | TEMPLOG : Table    One | 043.700
2016-12-11 13:22:02 | TEMPLOG : To   GeoLoop | 045.500
2016-12-11 13:23:02 | TEMPLOG : WellhouseOne | 050.000
2016-12-11 13:24:03 | TEMPLOG : WellhouseOne | 049.100
2016-12-11 13:24:03 | TEMPLOG : Bio   Filter | 041.000
2016-12-11 13:25:04 | TEMPLOG : WellhouseOne | 048.200
2016-12-11 13:25:05 | TEMPLOG : To   GeoLoop | 046.400
2016-12-11 13:29:11 | TEMPLOG : To   GeoLoop | 045.500
2016-12-11 13:30:11 | TEMPLOG : WellhouseOne | 047.300
2016-12-11 13:32:14 | TEMPLOG : To   GeoLoop | 046.400
2016-12-11 13:33:16 | TEMPLOG : Table    One | 046.400
2016-12-11 13:34:16 | TEMPLOG : Bio   Filter | 041.900
2016-12-11 13:34:17 | TEMPLOG : To   GeoLoop | 047.300
2016-12-11 13:34:17 | TEMPLOG : Table    One | 054.500
2016-12-11 13:35:18 | TEMPLOG : WellhouseOne | 089.600
2016-12-11 13:35:18 | TEMPLOG : Bio   Filter | 042.800
2016-12-11 13:35:19 | TEMPLOG : To   GeoLoop | 048.200
2016-12-11 13:35:19 | TEMPLOG : Table    One | 055.400
2016-12-11 13:36:19 | TEMPLOG : WellhouseOne | 118.400
2016-12-11 13:36:19 | TEMPLOG : Bio   Filter | 043.700
2016-12-11 13:36:20 | TEMPLOG : Table    One | 057.200
2016-12-11 13:37:21 | TEMPLOG : WellhouseOne | 130.100
2016-12-11 13:37:21 | TEMPLOG : Bio   Filter | 044.600
2016-12-11 13:37:21 | TEMPLOG : To   GeoLoop | 049.100
2016-12-11 13:37:22 | TEMPLOG : Table    One | 061.700
2016-12-11 13:38:22 | TEMPLOG : WellhouseOne | 108.500
2016-12-11 13:38:22 | TEMPLOG : Bio   Filter | 045.500
2016-12-11 13:38:23 | TEMPLOG : To   GeoLoop | 050.000
2016-12-11 13:38:23 | TEMPLOG : Table    One | 065.300
2016-12-11 13:39:23 | TEMPLOG : WellhouseOne | 086.900
2016-12-11 13:39:24 | TEMPLOG : Bio   Filter | 046.400
2016-12-11 13:39:24 | TEMPLOG : Table    One | 068.900
2016-12-11 13:40:24 | TEMPLOG : WellhouseOne | 074.300
2016-12-11 13:40:24 | TEMPLOG : Bio   Filter | 047.300
2016-12-11 13:40:25 | TEMPLOG : To   GeoLoop | 050.900
2016-12-11 13:40:25 | TEMPLOG : Table    One | 070.700
2016-12-11 13:41:26 | TEMPLOG : WellhouseOne | 068.000
2016-12-11 13:41:26 | TEMPLOG : Bio   Filter | 048.200
2016-12-11 13:41:27 | TEMPLOG : Table    One | 071.600
2016-12-11 13:42:27 | TEMPLOG : WellhouseOne | 061.700
2016-12-11 13:42:27 | TEMPLOG : Bio   Filter | 049.100
2016-12-11 13:42:28 | TEMPLOG : Table    One | 072.500
2016-12-11 13:43:29 | TEMPLOG : WellhouseOne | 059.900
2016-12-11 13:43:29 | TEMPLOG : Bio   Filter | 050.000
2016-12-11 13:43:30 | TEMPLOG : To   GeoLoop | 051.800
2016-12-11 13:43:30 | TEMPLOG : Table    One | 074.300
2016-12-11 13:44:30 | TEMPLOG : WellhouseOne | 056.300
2016-12-11 13:44:30 | TEMPLOG : Bio   Filter | 050.900
2016-12-11 13:44:31 | TEMPLOG : Table    One | 075.200
2016-12-11 13:45:31 | TEMPLOG : WellhouseOne | 055.400
2016-12-11 13:46:33 | TEMPLOG : WellhouseOne | 054.500
2016-12-11 13:46:34 | TEMPLOG : Bio   Filter | 051.800
2016-12-11 13:46:34 | TEMPLOG : Table    One | 076.100
2016-12-11 13:47:34 | TEMPLOG : WellhouseOne | 053.600
2016-12-11 13:47:35 | TEMPLOG : Bio   Filter | 052.700
2016-12-11 13:48:35 | TEMPLOG : WellhouseOne | 052.700
2016-12-11 13:48:36 | TEMPLOG : Table    One | 077.000
2016-12-11 13:49:36 | TEMPLOG : WellhouseOne | 051.800
2016-12-11 13:49:37 | TEMPLOG : Bio   Filter | 053.600
2016-12-11 13:49:37 | TEMPLOG : To   GeoLoop | 052.700
2016-12-11 13:49:37 | TEMPLOG : Table    One | 077.900
2016-12-11 13:50:38 | TEMPLOG : Bio   Filter | 054.500
2016-12-11 13:51:38 | TEMPLOG : WellhouseOne | 050.900
2016-12-11 13:51:40 | TEMPLOG : Table    One | 078.800
2016-12-11 13:52:40 | TEMPLOG : Bio   Filter | 055.400
2016-12-11 13:54:42 | TEMPLOG : WellhouseOne | 050.000
2016-12-11 13:55:44 | TEMPLOG : Bio   Filter | 056.300
2016-12-11 13:56:46 | TEMPLOG : WellhouseOne | 049.100
2016-12-11 14:00:53 | TEMPLOG : WellhouseOne | 048.200
2016-12-11 14:00:53 | TEMPLOG : Bio   Filter | 056.300
2016-12-11 14:00:53 | TEMPLOG : To   GeoLoop | 052.700
2016-12-11 14:00:53 | TEMPLOG : Table    One | 078.800
2016-12-11 14:05:59 | TEMPLOG : WellhouseOne | 082.400
2016-12-11 14:06:00 | TEMPLOG : Table    One | 079.700
2016-12-11 14:07:01 | TEMPLOG : WellhouseOne | 115.700
2016-12-11 14:07:01 | TEMPLOG : Bio   Filter | 057.200
2016-12-11 14:08:02 | TEMPLOG : WellhouseOne | 131.000
2016-12-11 14:09:03 | TEMPLOG : WellhouseOne | 095.900
2016-12-11 14:09:04 | TEMPLOG : Table    One | 078.800
2016-12-11 14:10:05 | TEMPLOG : WellhouseOne | 077.900
2016-12-11 14:11:05 | TEMPLOG : WellhouseOne | 068.000
2016-12-11 14:12:07 | TEMPLOG : WellhouseOne | 062.600
2016-12-11 14:12:08 | TEMPLOG : Table    One | 077.900
2016-12-11 14:13:08 | TEMPLOG : WellhouseOne | 059.000
2016-12-11 14:13:08 | TEMPLOG : Table    One | 078.800
2016-12-11 14:14:09 | TEMPLOG : WellhouseOne | 056.300
2016-12-11 14:15:10 | TEMPLOG : WellhouseOne | 055.400
2016-12-11 14:16:11 | TEMPLOG : WellhouseOne | 054.500
2016-12-11 14:17:12 | TEMPLOG : WellhouseOne | 053.600
2016-12-11 14:19:14 | TEMPLOG : WellhouseOne | 052.700
2016-12-11 14:20:16 | TEMPLOG : WellhouseOne | 051.800
2016-12-11 14:20:16 | TEMPLOG : Table    One | 077.900
2016-12-11 14:22:18 | TEMPLOG : WellhouseOne | 050.900
2016-12-11 14:23:21 | TEMPLOG : Table    One | 077.000
2016-12-11 14:24:21 | TEMPLOG : WellhouseOne | 050.000
2016-12-11 14:27:26 | TEMPLOG : Table    One | 076.100
2016-12-11 14:28:26 | TEMPLOG : WellhouseOne | 049.100
2016-12-11 14:28:27 | TEMPLOG : To   GeoLoop | 051.800
2016-12-11 14:28:27 | TEMPLOG : Table    One | 074.300
2016-12-11 14:29:28 | TEMPLOG : Table    One | 075.200
2016-12-11 14:30:30 | TEMPLOG : Table    One | 076.100
2016-12-11 14:33:32 | TEMPLOG : WellhouseOne | 048.200
2016-12-11 14:33:33 | TEMPLOG : To   GeoLoop | 052.700
2016-12-11 14:33:33 | TEMPLOG : Table    One | 077.000
2016-12-11 14:34:34 | TEMPLOG : To   GeoLoop | 051.800
2016-12-11 14:34:35 | TEMPLOG : Table    One | 073.400
2016-12-11 14:35:35 | TEMPLOG : Bio   Filter | 056.300
2016-12-11 14:35:35 | TEMPLOG : Table    One | 071.600
2016-12-11 14:36:36 | TEMPLOG : WellhouseOne | 081.500
2016-12-11 14:36:38 | TEMPLOG : Table    One | 072.500
2016-12-11 14:37:38 | TEMPLOG : WellhouseOne | 117.500
2016-12-11 14:37:39 | TEMPLOG : Table    One | 074.300
2016-12-11 14:38:39 | TEMPLOG : WellhouseOne | 131.000
2016-12-11 14:38:40 | TEMPLOG : Table    One | 075.200
2016-12-11 14:39:40 | TEMPLOG : WellhouseOne | 095.000
2016-12-11 14:40:42 | TEMPLOG : WellhouseOne | 080.600
2016-12-11 14:41:44 | TEMPLOG : WellhouseOne | 073.400
2016-12-11 14:41:44 | TEMPLOG : Table    One | 074.300
2016-12-11 14:42:44 | TEMPLOG : WellhouseOne | 067.100
2016-12-11 14:42:45 | TEMPLOG : Bio   Filter | 057.200
2016-12-11 14:42:46 | TEMPLOG : Table    One | 075.200
2016-12-11 14:43:46 | TEMPLOG : WellhouseOne | 062.600
2016-12-11 14:44:47 | TEMPLOG : WellhouseOne | 059.900
2016-12-11 14:44:48 | TEMPLOG : To   GeoLoop | 052.700
2016-12-11 14:45:48 | TEMPLOG : WellhouseOne | 057.200
2016-12-11 14:46:49 | TEMPLOG : WellhouseOne | 055.400
2016-12-11 14:47:51 | TEMPLOG : WellhouseOne | 054.500
2016-12-11 14:48:52 | TEMPLOG : WellhouseOne | 053.600
2016-12-11 14:49:53 | TEMPLOG : WellhouseOne | 052.700
2016-12-11 14:49:53 | TEMPLOG : Bio   Filter | 058.100
2016-12-11 14:50:53 | TEMPLOG : WellhouseOne | 051.800
2016-12-11 14:51:55 | TEMPLOG : WellhouseOne | 050.900
2016-12-11 14:51:57 | TEMPLOG : Table    One | 076.100
2016-12-11 14:52:57 | TEMPLOG : Table    One | 075.200
2016-12-11 14:53:58 | TEMPLOG : WellhouseOne | 050.000
2016-12-11 14:54:59 | TEMPLOG : To   GeoLoop | 051.800
2016-12-11 14:54:59 | TEMPLOG : Table    One | 074.300
2016-12-11 14:56:01 | TEMPLOG : Table    One | 073.400
2016-12-11 14:57:01 | TEMPLOG : WellhouseOne | 049.100
2016-12-11 14:57:02 | TEMPLOG : Bio   Filter | 057.200
2016-12-11 14:57:02 | TEMPLOG : Table    One | 072.500
2016-12-11 14:59:04 | TEMPLOG : WellhouseOne | 048.200
2016-12-11 14:59:05 | TEMPLOG : Table    One | 071.600
2016-12-11 15:00:05 | TEMPLOG : WellhouseOne | 048.200
2016-12-11 15:00:05 | TEMPLOG : Bio   Filter | 057.200
2016-12-11 15:00:06 | TEMPLOG : To   GeoLoop | 051.800
2016-12-11 15:00:06 | TEMPLOG : Table    One | 070.700
2016-12-11 15:01:06 | TEMPLOG : WellhouseOne | 047.300
2016-12-11 15:01:07 | TEMPLOG : Table    One | 069.800
2016-12-11 15:02:07 | TEMPLOG : WellhouseOne | 048.200
2016-12-11 15:02:08 | TEMPLOG : Table    One | 068.900
2016-12-11 15:03:09 | TEMPLOG : WellhouseOne | 047.300
2016-12-11 15:03:09 | TEMPLOG : Bio   Filter | 056.300
2016-12-11 15:05:12 | TEMPLOG : Table    One | 069.800
2016-12-11 15:07:13 | TEMPLOG : WellhouseOne | 072.500
2016-12-11 15:07:14 | TEMPLOG : Table    One | 070.700
2016-12-11 15:08:14 | TEMPLOG : WellhouseOne | 118.400
2016-12-11 15:09:15 | TEMPLOG : WellhouseOne | 131.000
2016-12-11 15:09:16 | TEMPLOG : Bio   Filter | 055.400
2016-12-11 15:10:17 | TEMPLOG : WellhouseOne | 098.600
2016-12-11 15:11:18 | TEMPLOG : WellhouseOne | 085.100
2016-12-11 15:12:19 | TEMPLOG : WellhouseOne | 073.400
2016-12-11 15:12:20 | TEMPLOG : To   GeoLoop | 050.900
2016-12-11 15:13:20 | TEMPLOG : WellhouseOne | 063.500
2016-12-11 15:14:21 | TEMPLOG : WellhouseOne | 059.000
2016-12-11 15:14:22 | TEMPLOG : Bio   Filter | 054.500
2016-12-11 15:15:22 | TEMPLOG : WellhouseOne | 056.300
2016-12-11 15:15:23 | TEMPLOG : Table    One | 069.800
2016-12-11 15:16:23 | TEMPLOG : WellhouseOne | 054.500
2016-12-11 15:17:25 | TEMPLOG : WellhouseOne | 052.700
2016-12-11 15:17:25 | TEMPLOG : Bio   Filter | 053.600
2016-12-11 15:17:26 | TEMPLOG : Table    One | 068.900
2016-12-11 15:18:26 | TEMPLOG : WellhouseOne | 051.800
2016-12-11 15:19:28 | TEMPLOG : WellhouseOne | 050.900
2016-12-11 15:19:29 | TEMPLOG : Table    One | 068.000
2016-12-11 15:20:30 | TEMPLOG : Table    One | 067.100
2016-12-11 15:21:31 | TEMPLOG : WellhouseOne | 050.000
2016-12-11 15:21:31 | TEMPLOG : Bio   Filter | 052.700
2016-12-11 15:22:32 | TEMPLOG : Table    One | 066.200
2016-12-11 15:23:32 | TEMPLOG : WellhouseOne | 049.100
2016-12-11 15:25:35 | TEMPLOG : WellhouseOne | 048.200
2016-12-11 15:27:38 | TEMPLOG : WellhouseOne | 047.300
2016-12-11 15:27:38 | TEMPLOG : Bio   Filter | 051.800
2016-12-11 15:29:43 | TEMPLOG : Table    One | 065.300
2016-12-11 15:30:43 | TEMPLOG : To   GeoLoop | 050.000
2016-12-11 15:33:46 | TEMPLOG : WellhouseOne | 046.400
2016-12-11 15:33:46 | TEMPLOG : Table    One | 064.400
2016-12-11 15:34:47 | TEMPLOG : To   GeoLoop | 050.900
2016-12-11 15:35:50 | TEMPLOG : To   GeoLoop | 050.000
2016-12-11 15:36:50 | TEMPLOG : WellhouseOne | 045.500
2016-12-11 15:37:52 | TEMPLOG : Bio   Filter | 050.900
2016-12-11 15:38:53 | TEMPLOG : WellhouseOne | 099.500
2016-12-11 15:39:54 | TEMPLOG : WellhouseOne | 122.000
2016-12-11 15:39:55 | TEMPLOG : Table    One | 063.500
2016-12-11 15:40:56 | TEMPLOG : WellhouseOne | 107.600
2016-12-11 15:41:56 | TEMPLOG : WellhouseOne | 081.500
2016-12-11 15:41:57 | TEMPLOG : Table    One | 062.600
2016-12-11 15:42:57 | TEMPLOG : WellhouseOne | 070.700
2016-12-11 15:42:58 | TEMPLOG : Bio   Filter | 050.000
2016-12-11 15:43:58 | TEMPLOG : WellhouseOne | 063.500
2016-12-11 15:45:00 | TEMPLOG : WellhouseOne | 059.900
2016-12-11 15:46:01 | TEMPLOG : WellhouseOne | 056.300
2016-12-11 15:46:02 | TEMPLOG : Table    One | 061.700
2016-12-11 15:47:02 | TEMPLOG : WellhouseOne | 053.600
2016-12-11 15:48:03 | TEMPLOG : WellhouseOne | 052.700
2016-12-11 15:48:04 | TEMPLOG : Table    One | 060.800
2016-12-11 15:49:05 | TEMPLOG : WellhouseOne | 051.800
2016-12-11 15:49:05 | TEMPLOG : Bio   Filter | 049.100
2016-12-11 15:50:06 | TEMPLOG : WellhouseOne | 050.900
2016-12-11 15:51:08 | TEMPLOG : WellhouseOne | 050.000
2016-12-11 15:51:09 | TEMPLOG : Table    One | 059.900
2016-12-11 15:52:09 | TEMPLOG : WellhouseOne | 049.100
2016-12-11 15:53:11 | TEMPLOG : WellhouseOne | 048.200
2016-12-11 15:54:12 | TEMPLOG : To   GeoLoop | 049.100
2016-12-11 15:54:12 | TEMPLOG : Table    One | 059.000
2016-12-11 15:55:13 | TEMPLOG : WellhouseOne | 047.300
2016-12-11 15:55:13 | TEMPLOG : Bio   Filter | 048.200
2016-12-11 15:56:15 | TEMPLOG : Table    One | 058.100
2016-12-11 15:58:16 | TEMPLOG : WellhouseOne | 046.400
2016-12-11 15:58:16 | TEMPLOG : Table    One | 057.200
2016-12-11 16:00:18 | TEMPLOG : WellhouseOne | 045.500
2016-12-11 16:00:18 | TEMPLOG : Bio   Filter | 048.200
2016-12-11 16:00:19 | TEMPLOG : To   GeoLoop | 049.100
2016-12-11 16:00:19 | TEMPLOG : Table    One | 056.300
2016-12-11 16:01:20 | TEMPLOG : Bio   Filter | 047.300
2016-12-11 16:02:22 | TEMPLOG : Table    One | 055.400
2016-12-11 16:03:22 | TEMPLOG : WellhouseOne | 044.600
2016-12-11 16:04:24 | TEMPLOG : Table    One | 054.500
2016-12-11 16:05:25 | TEMPLOG : Table    One | 053.600
2016-12-11 16:06:25 | TEMPLOG : WellhouseOne | 043.700
2016-12-11 16:06:25 | TEMPLOG : Bio   Filter | 046.400
2016-12-11 16:07:26 | TEMPLOG : WellhouseOne | 085.100
2016-12-11 16:07:27 | TEMPLOG : Table    One | 052.700
2016-12-11 16:08:27 | TEMPLOG : WellhouseOne | 118.400
2016-12-11 16:09:28 | TEMPLOG : WellhouseOne | 131.000
2016-12-11 16:10:29 | TEMPLOG : WellhouseOne | 094.100
2016-12-11 16:10:29 | TEMPLOG : To   GeoLoop | 048.200
2016-12-11 16:10:30 | TEMPLOG : Table    One | 051.800
2016-12-11 16:11:30 | TEMPLOG : WellhouseOne | 075.200
2016-12-11 16:11:31 | TEMPLOG : Bio   Filter | 045.500
2016-12-11 16:11:31 | TEMPLOG : Table    One | 050.900
2016-12-11 16:12:31 | TEMPLOG : WellhouseOne | 065.300
2016-12-11 16:13:33 | TEMPLOG : WellhouseOne | 059.000
2016-12-11 16:13:34 | TEMPLOG : Table    One | 050.000
2016-12-11 16:14:34 | TEMPLOG : WellhouseOne | 055.400
2016-12-11 16:14:36 | TEMPLOG : Table    One | 049.100
2016-12-11 16:15:36 | TEMPLOG : WellhouseOne | 054.500
2016-12-11 16:15:36 | TEMPLOG : Bio   Filter | 044.600
2016-12-11 16:16:37 | TEMPLOG : WellhouseOne | 051.800
2016-12-11 16:16:38 | TEMPLOG : Table    One | 048.200
2016-12-11 16:17:38 | TEMPLOG : WellhouseOne | 050.900
2016-12-11 16:18:39 | TEMPLOG : WellhouseOne | 050.000
2016-12-11 16:18:40 | TEMPLOG : Table    One | 047.300
2016-12-11 16:19:40 | TEMPLOG : WellhouseOne | 049.100
2016-12-11 16:19:41 | TEMPLOG : Bio   Filter | 043.700
2016-12-11 16:19:41 | TEMPLOG : Table    One | 046.400
2016-12-11 16:20:41 | TEMPLOG : WellhouseOne | 048.200
2016-12-11 16:20:42 | TEMPLOG : Table    One | 045.500
2016-12-11 16:21:43 | TEMPLOG : To   GeoLoop | 047.300
2016-12-11 16:21:43 | TEMPLOG : Table    One | 044.600
2016-12-11 16:22:43 | TEMPLOG : Bio   Filter | 042.800
2016-12-11 16:22:44 | TEMPLOG : Table    One | 042.800
2016-12-11 16:23:45 | TEMPLOG : WellhouseOne | 046.400
2016-12-11 16:23:45 | TEMPLOG : Table    One | 041.900
2016-12-11 16:25:47 | TEMPLOG : WellhouseOne | 045.500
2016-12-11 16:25:47 | TEMPLOG : Bio   Filter | 041.900
2016-12-11 16:25:47 | TEMPLOG : Table    One | 041.000
2016-12-11 16:26:49 | TEMPLOG : Table    One | 040.100
2016-12-11 16:27:49 | TEMPLOG : WellhouseOne | 044.600
2016-12-11 16:29:51 | TEMPLOG : WellhouseOne | 045.500
2016-12-11 16:29:51 | TEMPLOG : Bio   Filter | 041.000
2016-12-11 16:29:52 | TEMPLOG : Table    One | 039.200
2016-12-11 16:31:53 | TEMPLOG : To   GeoLoop | 046.400
2016-12-11 16:32:54 | TEMPLOG : WellhouseOne | 044.600
2016-12-11 16:32:54 | TEMPLOG : Bio   Filter | 040.100
2016-12-11 16:33:56 | TEMPLOG : Table    One | 038.300
2016-12-11 16:35:58 | TEMPLOG : WellhouseOne | 100.400
2016-12-11 16:36:59 | TEMPLOG : WellhouseOne | 121.100
2016-12-11 16:37:00 | TEMPLOG : Bio   Filter | 039.200
2016-12-11 16:38:02 | TEMPLOG : WellhouseOne | 131.000
2016-12-11 16:39:03 | TEMPLOG : WellhouseOne | 101.300
2016-12-11 16:40:04 | TEMPLOG : WellhouseOne | 086.000
2016-12-11 16:40:05 | TEMPLOG : Table    One | 037.400
2016-12-11 16:41:06 | TEMPLOG : WellhouseOne | 076.100
2016-12-11 16:42:06 | TEMPLOG : WellhouseOne | 069.800
2016-12-11 16:43:08 | TEMPLOG : WellhouseOne | 064.400
2016-12-11 16:44:09 | TEMPLOG : WellhouseOne | 060.800
2016-12-11 16:44:10 | TEMPLOG : Bio   Filter | 038.300
2016-12-11 16:45:11 | TEMPLOG : WellhouseOne | 058.100
2016-12-11 16:46:12 | TEMPLOG : WellhouseOne | 056.300
2016-12-11 16:47:13 | TEMPLOG : WellhouseOne | 055.400
2016-12-11 16:48:14 | TEMPLOG : WellhouseOne | 054.500
2016-12-11 16:49:15 | TEMPLOG : WellhouseOne | 052.700
2016-12-11 16:50:16 | TEMPLOG : WellhouseOne | 051.800
2016-12-11 16:52:18 | TEMPLOG : WellhouseOne | 050.900
2016-12-11 16:53:21 | TEMPLOG : WellhouseOne | 050.000
2016-12-11 16:53:22 | TEMPLOG : Table    One | 036.500
2016-12-11 16:56:25 | TEMPLOG : WellhouseOne | 049.100
2016-12-11 16:58:27 | TEMPLOG : WellhouseOne | 048.200
2016-12-11 16:58:28 | TEMPLOG : Bio   Filter | 037.400
2016-12-11 17:00:30 | TEMPLOG : WellhouseOne | 048.200
2016-12-11 17:00:30 | TEMPLOG : Bio   Filter | 037.400
2016-12-11 17:00:30 | TEMPLOG : To   GeoLoop | 046.400
2016-12-11 17:00:31 | TEMPLOG : Table    One | 036.500
2016-12-11 17:01:31 | TEMPLOG : WellhouseOne | 047.300
2016-12-11 17:04:35 | TEMPLOG : WellhouseOne | 046.400
2016-12-11 17:05:36 | TEMPLOG : WellhouseOne | 089.600
2016-12-11 17:05:37 | TEMPLOG : To   GeoLoop | 045.500
2016-12-11 17:06:37 | TEMPLOG : WellhouseOne | 113.900
2016-12-11 17:06:38 | TEMPLOG : To   GeoLoop | 046.400
2016-12-11 17:06:38 | TEMPLOG : Table    One | 035.600
2016-12-11 17:07:38 | TEMPLOG : WellhouseOne | 127.400
2016-12-11 17:07:39 | TEMPLOG : To   GeoLoop | 045.500
2016-12-11 17:08:39 | TEMPLOG : WellhouseOne | 118.400
2016-12-11 17:09:40 | TEMPLOG : WellhouseOne | 091.400
2016-12-11 17:10:41 | TEMPLOG : WellhouseOne | 079.700
2016-12-11 17:10:43 | TEMPLOG : Bio   Filter | 036.500
2016-12-11 17:11:43 | TEMPLOG : WellhouseOne | 070.700
2016-12-11 17:12:45 | TEMPLOG : WellhouseOne | 065.300
2016-12-11 17:13:47 | TEMPLOG : WellhouseOne | 061.700
2016-12-11 17:14:48 | TEMPLOG : WellhouseOne | 058.100
2016-12-11 17:15:52 | TEMPLOG : WellhouseOne | 056.300
2016-12-11 17:16:53 | TEMPLOG : WellhouseOne | 054.500
2016-12-11 17:17:55 | TEMPLOG : WellhouseOne | 053.600
2016-12-11 17:18:56 | TEMPLOG : WellhouseOne | 052.700
2016-12-11 17:20:59 | TEMPLOG : WellhouseOne | 051.800
2016-12-11 17:20:59 | TEMPLOG : To   GeoLoop | 046.400
2016-12-11 17:22:00 | TEMPLOG : WellhouseOne | 050.000
2016-12-11 17:22:00 | TEMPLOG : To   GeoLoop | 045.500
2016-12-11 17:24:02 | TEMPLOG : WellhouseOne | 049.100
2016-12-11 17:26:06 | TEMPLOG : WellhouseOne | 048.200
2016-12-11 17:28:09 | TEMPLOG : WellhouseOne | 047.300
2016-12-11 17:35:15 | TEMPLOG : WellhouseOne | 092.300
2016-12-11 17:36:16 | TEMPLOG : WellhouseOne | 117.500
2016-12-11 17:37:17 | TEMPLOG : WellhouseOne | 128.300
2016-12-11 17:38:21 | TEMPLOG : WellhouseOne | 103.100
2016-12-11 17:39:22 | TEMPLOG : WellhouseOne | 084.200
2016-12-11 17:40:22 | TEMPLOG : WellhouseOne | 074.300
2016-12-11 17:41:23 | TEMPLOG : WellhouseOne | 068.000
2016-12-11 17:42:25 | TEMPLOG : WellhouseOne | 063.500
2016-12-11 17:43:28 | TEMPLOG : WellhouseOne | 059.900
2016-12-11 17:44:29 | TEMPLOG : WellhouseOne | 058.100
2016-12-11 17:45:31 | TEMPLOG : WellhouseOne | 055.400
2016-12-11 17:46:32 | TEMPLOG : WellhouseOne | 053.600
2016-12-11 17:47:33 | TEMPLOG : WellhouseOne | 052.700
2016-12-11 17:48:34 | TEMPLOG : WellhouseOne | 051.800
2016-12-11 17:48:34 | TEMPLOG : Table    One | 034.700
2016-12-11 17:49:35 | TEMPLOG : WellhouseOne | 050.900
2016-12-11 17:50:36 | TEMPLOG : WellhouseOne | 050.000
2016-12-11 17:50:36 | TEMPLOG : Bio   Filter | 035.600
2016-12-11 17:51:37 | TEMPLOG : WellhouseOne | 049.100
2016-12-11 17:52:39 | TEMPLOG : WellhouseOne | 048.200
2016-12-11 17:56:43 | TEMPLOG : WellhouseOne | 047.300
2016-12-11 18:00:47 | TEMPLOG : WellhouseOne | 047.300
2016-12-11 18:00:47 | TEMPLOG : Bio   Filter | 035.600
2016-12-11 18:00:48 | TEMPLOG : To   GeoLoop | 045.500
2016-12-11 18:00:49 | TEMPLOG : Table    One | 034.700
2016-12-11 18:01:49 | TEMPLOG : WellhouseOne | 046.400
2016-12-11 18:03:52 | TEMPLOG : WellhouseOne | 101.300
2016-12-11 18:04:53 | TEMPLOG : WellhouseOne | 119.300
2016-12-11 18:05:54 | TEMPLOG : WellhouseOne | 130.100
2016-12-11 18:06:56 | TEMPLOG : WellhouseOne | 112.100
2016-12-11 18:07:57 | TEMPLOG : WellhouseOne | 090.500
2016-12-11 18:08:58 | TEMPLOG : WellhouseOne | 078.800
2016-12-11 18:09:59 | TEMPLOG : WellhouseOne | 071.600
2016-12-11 18:11:00 | TEMPLOG : WellhouseOne | 066.200
2016-12-11 18:12:01 | TEMPLOG : WellhouseOne | 062.600
2016-12-11 18:13:04 | TEMPLOG : WellhouseOne | 059.000
2016-12-11 18:14:05 | TEMPLOG : WellhouseOne | 056.300
2016-12-11 18:15:06 | TEMPLOG : WellhouseOne | 054.500
2016-12-11 18:15:07 | TEMPLOG : Table    One | 033.800
2016-12-11 18:16:07 | TEMPLOG : WellhouseOne | 053.600
2016-12-11 18:16:08 | TEMPLOG : Bio   Filter | 034.700
2016-12-11 18:17:09 | TEMPLOG : WellhouseOne | 051.800
2016-12-11 18:18:10 | TEMPLOG : WellhouseOne | 050.900
2016-12-11 18:18:10 | TEMPLOG : Bio   Filter | 035.600
2016-12-11 18:19:11 | TEMPLOG : Bio   Filter | 034.700
2016-12-11 18:20:12 | TEMPLOG : WellhouseOne | 050.000
2016-12-11 18:21:13 | TEMPLOG : WellhouseOne | 049.100
2016-12-11 18:23:16 | TEMPLOG : WellhouseOne | 048.200
2016-12-11 18:24:17 | TEMPLOG : WellhouseOne | 047.300
2016-12-11 18:26:19 | TEMPLOG : WellhouseOne | 046.400
2016-12-11 18:28:23 | TEMPLOG : To   GeoLoop | 044.600
2016-12-11 18:30:25 | TEMPLOG : To   GeoLoop | 045.500
2016-12-11 18:31:26 | TEMPLOG : To   GeoLoop | 044.600
2016-12-11 18:32:27 | TEMPLOG : WellhouseOne | 045.500
2016-12-11 18:33:28 | TEMPLOG : WellhouseOne | 103.100
2016-12-11 18:34:29 | TEMPLOG : WellhouseOne | 120.200
2016-12-11 18:35:30 | TEMPLOG : WellhouseOne | 129.200
2016-12-11 18:36:32 | TEMPLOG : WellhouseOne | 128.300
2016-12-11 18:37:34 | TEMPLOG : WellhouseOne | 094.100
2016-12-11 18:38:35 | TEMPLOG : WellhouseOne | 080.600
2016-12-11 18:39:37 | TEMPLOG : WellhouseOne | 071.600
2016-12-11 18:40:38 | TEMPLOG : WellhouseOne | 065.300
2016-12-11 18:41:40 | TEMPLOG : WellhouseOne | 060.800
2016-12-11 18:42:41 | TEMPLOG : WellhouseOne | 057.200
2016-12-11 18:43:42 | TEMPLOG : WellhouseOne | 054.500
2016-12-11 18:44:43 | TEMPLOG : WellhouseOne | 052.700
2016-12-11 18:45:46 | TEMPLOG : WellhouseOne | 051.800
2016-12-11 18:46:47 | TEMPLOG : WellhouseOne | 050.900
2016-12-11 18:46:48 | TEMPLOG : Table    One | 032.900
2016-12-11 18:47:50 | TEMPLOG : WellhouseOne | 050.000
2016-12-11 18:47:50 | TEMPLOG : Bio   Filter | 033.800
2016-12-11 18:48:50 | TEMPLOG : WellhouseOne | 049.100
2016-12-11 18:49:52 | TEMPLOG : WellhouseOne | 048.200
2016-12-11 18:52:55 | TEMPLOG : WellhouseOne | 047.300
2016-12-11 18:54:56 | TEMPLOG : WellhouseOne | 046.400
2016-12-11 18:57:01 | TEMPLOG : WellhouseOne | 045.500
2016-12-11 19:00:05 | TEMPLOG : WellhouseOne | 044.600
2016-12-11 19:00:05 | TEMPLOG : Bio   Filter | 033.800
2016-12-11 19:00:06 | TEMPLOG : To   GeoLoop | 044.600
2016-12-11 19:00:06 | TEMPLOG : Table    One | 032.900
2016-12-11 19:02:07 | TEMPLOG : WellhouseOne | 093.200
2016-12-11 19:03:09 | TEMPLOG : WellhouseOne | 114.800
2016-12-11 19:04:10 | TEMPLOG : WellhouseOne | 124.700
2016-12-11 19:05:11 | TEMPLOG : WellhouseOne | 131.900
2016-12-11 19:06:13 | TEMPLOG : WellhouseOne | 119.300
2016-12-11 19:07:14 | TEMPLOG : WellhouseOne | 092.300
2016-12-11 19:08:16 | TEMPLOG : WellhouseOne | 079.700
2016-12-11 19:09:17 | TEMPLOG : WellhouseOne | 070.700
2016-12-11 19:10:18 | TEMPLOG : WellhouseOne | 064.400
2016-12-11 19:11:19 | TEMPLOG : WellhouseOne | 059.900
2016-12-11 19:12:21 | TEMPLOG : WellhouseOne | 056.300
2016-12-11 19:13:22 | TEMPLOG : WellhouseOne | 054.500
2016-12-11 19:14:22 | TEMPLOG : WellhouseOne | 052.700
2016-12-11 19:15:23 | TEMPLOG : WellhouseOne | 051.800
2016-12-11 19:16:24 | TEMPLOG : WellhouseOne | 050.900
2016-12-11 19:17:25 | TEMPLOG : WellhouseOne | 050.000
2016-12-11 19:18:26 | TEMPLOG : WellhouseOne | 049.100
2016-12-11 19:20:29 | TEMPLOG : WellhouseOne | 048.200
2016-12-11 19:22:31 | TEMPLOG : WellhouseOne | 047.300
2016-12-11 19:26:35 | TEMPLOG : WellhouseOne | 046.400
2016-12-11 19:26:36 | TEMPLOG : Bio   Filter | 032.900
2016-12-11 19:28:38 | TEMPLOG : WellhouseOne | 045.500
2016-12-11 19:28:38 | TEMPLOG : Bio   Filter | 033.800
2016-12-11 19:29:39 | TEMPLOG : WellhouseOne | 044.600
2016-12-11 19:30:41 | TEMPLOG : Bio   Filter | 032.900
2016-12-11 19:31:43 | TEMPLOG : WellhouseOne | 078.800
2016-12-11 19:32:44 | TEMPLOG : WellhouseOne | 113.000
2016-12-11 19:33:46 | TEMPLOG : WellhouseOne | 124.700
2016-12-11 19:34:48 | TEMPLOG : WellhouseOne | 131.900
2016-12-11 19:35:49 | TEMPLOG : WellhouseOne | 124.700
2016-12-11 19:36:51 | TEMPLOG : WellhouseOne | 095.900
2016-12-11 19:37:52 | TEMPLOG : WellhouseOne | 082.400
2016-12-11 19:38:54 | TEMPLOG : WellhouseOne | 073.400
2016-12-11 19:39:55 | TEMPLOG : WellhouseOne | 065.300
2016-12-11 19:40:56 | TEMPLOG : WellhouseOne | 060.800
2016-12-11 19:41:58 | TEMPLOG : WellhouseOne | 058.100
2016-12-11 19:42:59 | TEMPLOG : WellhouseOne | 055.400
2016-12-11 19:44:00 | TEMPLOG : WellhouseOne | 053.600
2016-12-11 19:44:01 | TEMPLOG : To   GeoLoop | 043.700
2016-12-11 19:45:01 | TEMPLOG : WellhouseOne | 051.800
2016-12-11 19:45:01 | TEMPLOG : To   GeoLoop | 044.600
2016-12-11 19:46:02 | TEMPLOG : WellhouseOne | 050.900
2016-12-11 19:47:03 | TEMPLOG : WellhouseOne | 050.000
2016-12-11 19:49:06 | TEMPLOG : WellhouseOne | 049.100
2016-12-11 19:49:07 | TEMPLOG : To   GeoLoop | 043.700
2016-12-11 19:51:08 | TEMPLOG : WellhouseOne | 048.200
2016-12-11 19:54:13 | TEMPLOG : WellhouseOne | 047.300
2016-12-11 19:56:16 | TEMPLOG : WellhouseOne | 046.400
2016-12-11 19:58:19 | TEMPLOG : WellhouseOne | 045.500
2016-12-11 19:59:19 | TEMPLOG : WellhouseOne | 044.600
2016-12-11 20:00:22 | TEMPLOG : WellhouseOne | 045.500
2016-12-11 20:00:23 | TEMPLOG : Bio   Filter | 032.900
2016-12-11 20:00:23 | TEMPLOG : To   GeoLoop | 043.700
2016-12-11 20:01:24 | TEMPLOG : WellhouseOne | 063.500
2016-12-11 20:02:25 | TEMPLOG : WellhouseOne | 108.500
2016-12-11 20:03:26 | TEMPLOG : WellhouseOne | 122.900
2016-12-11 20:04:27 | TEMPLOG : WellhouseOne | 131.900
2016-12-11 20:05:28 | TEMPLOG : WellhouseOne | 136.400
2016-12-11 20:05:29 | TEMPLOG : Table    One | 031.100
2016-12-11 20:06:29 | TEMPLOG : WellhouseOne | 104.000
2016-12-11 20:07:31 | TEMPLOG : WellhouseOne | 085.100
2016-12-11 20:08:32 | TEMPLOG : WellhouseOne | 072.500
2016-12-11 20:09:34 | TEMPLOG : WellhouseOne | 066.200
2016-12-11 20:10:35 | TEMPLOG : WellhouseOne | 059.900
2016-12-11 20:11:36 | TEMPLOG : WellhouseOne | 056.300
2016-12-11 20:12:38 | TEMPLOG : WellhouseOne | 053.600
2016-12-11 20:13:40 | TEMPLOG : WellhouseOne | 051.800
2016-12-11 20:14:42 | TEMPLOG : WellhouseOne | 050.900
2016-12-11 20:15:43 | TEMPLOG : WellhouseOne | 049.100
2016-12-11 20:16:44 | TEMPLOG : WellhouseOne | 048.200
2016-12-11 20:17:45 | TEMPLOG : WellhouseOne | 047.300
2016-12-11 20:19:47 | TEMPLOG : WellhouseOne | 046.400
2016-12-11 20:21:49 | TEMPLOG : WellhouseOne | 045.500
2016-12-11 20:24:52 | TEMPLOG : WellhouseOne | 044.600
2016-12-11 20:27:55 | TEMPLOG : WellhouseOne | 043.700
2016-12-11 20:29:59 | TEMPLOG : WellhouseOne | 095.900
2016-12-11 20:31:00 | TEMPLOG : WellhouseOne | 117.500
2016-12-11 20:32:01 | TEMPLOG : WellhouseOne | 127.400
2016-12-11 20:33:02 | TEMPLOG : WellhouseOne | 133.700
2016-12-11 20:34:03 | TEMPLOG : WellhouseOne | 129.200
2016-12-11 20:35:04 | TEMPLOG : WellhouseOne | 096.800
2016-12-11 20:36:05 | TEMPLOG : WellhouseOne | 081.500
2016-12-11 20:37:06 | TEMPLOG : WellhouseOne | 072.500
2016-12-11 20:38:08 | TEMPLOG : WellhouseOne | 065.300
2016-12-11 20:39:09 | TEMPLOG : WellhouseOne | 060.800
2016-12-11 20:40:10 | TEMPLOG : WellhouseOne | 057.200
2016-12-11 20:40:11 | TEMPLOG : Bio   Filter | 031.100
2016-12-11 20:41:12 | TEMPLOG : WellhouseOne | 054.500
2016-12-11 20:42:13 | TEMPLOG : WellhouseOne | 052.700
2016-12-11 20:43:15 | TEMPLOG : WellhouseOne | 050.900
2016-12-11 20:44:16 | TEMPLOG : WellhouseOne | 049.100
2016-12-11 20:46:18 | TEMPLOG : WellhouseOne | 048.200
2016-12-11 20:46:19 | TEMPLOG : To   GeoLoop | 042.800
2016-12-11 20:47:19 | TEMPLOG : WellhouseOne | 047.300
2016-12-11 20:48:20 | TEMPLOG : WellhouseOne | 046.400
2016-12-11 20:49:21 | TEMPLOG : To   GeoLoop | 043.700
2016-12-11 20:50:22 | TEMPLOG : WellhouseOne | 045.500
2016-12-11 20:50:22 | TEMPLOG : To   GeoLoop | 042.800
2016-12-11 20:52:25 | TEMPLOG : WellhouseOne | 044.600
2016-12-11 20:53:26 | TEMPLOG : WellhouseOne | 043.700
2016-12-11 20:54:27 | TEMPLOG : WellhouseOne | 042.800
2016-12-11 20:54:28 | TEMPLOG : To   GeoLoop | 043.700
2016-12-11 20:55:29 | TEMPLOG : WellhouseOne | 041.900
2016-12-11 20:55:29 | TEMPLOG : To   GeoLoop | 042.800
2016-12-11 20:55:30 | TEMPLOG : Table    One | 030.200
2016-12-11 20:57:32 | TEMPLOG : WellhouseOne | 044.600
2016-12-11 20:58:34 | TEMPLOG : WellhouseOne | 104.000
2016-12-11 20:58:36 | TEMPLOG : Table    One | 031.100
2016-12-11 20:59:37 | TEMPLOG : WellhouseOne | 120.200
2016-12-11 21:00:38 | TEMPLOG : WellhouseOne | 129.200
2016-12-11 21:00:39 | TEMPLOG : Bio   Filter | 031.100
2016-12-11 21:00:39 | TEMPLOG : To   GeoLoop | 042.800
2016-12-11 21:00:39 | TEMPLOG : Table    One | 031.100
2016-12-11 21:01:39 | TEMPLOG : WellhouseOne | 132.800
2016-12-11 21:02:41 | TEMPLOG : WellhouseOne | 123.800
2016-12-11 21:03:42 | TEMPLOG : WellhouseOne | 095.900
2016-12-11 21:04:43 | TEMPLOG : WellhouseOne | 082.400
2016-12-11 21:05:45 | TEMPLOG : WellhouseOne | 073.400
2016-12-11 21:06:48 | TEMPLOG : WellhouseOne | 065.300
2016-12-11 21:06:49 | TEMPLOG : Table    One | 030.200
2016-12-11 21:07:49 | TEMPLOG : WellhouseOne | 060.800
2016-12-11 21:08:50 | TEMPLOG : WellhouseOne | 057.200
2016-12-11 21:09:52 | TEMPLOG : WellhouseOne | 053.600
2016-12-11 21:10:53 | TEMPLOG : WellhouseOne | 051.800
2016-12-11 21:11:54 | TEMPLOG : WellhouseOne | 050.000
2016-12-11 21:12:55 | TEMPLOG : WellhouseOne | 049.100
2016-12-11 21:13:57 | TEMPLOG : WellhouseOne | 047.300
2016-12-11 21:14:57 | TEMPLOG : WellhouseOne | 046.400
2016-12-11 21:15:59 | TEMPLOG : WellhouseOne | 045.500
2016-12-11 21:15:59 | TEMPLOG : Bio   Filter | 030.200
2016-12-11 21:18:01 | TEMPLOG : WellhouseOne | 044.600
2016-12-11 21:20:03 | TEMPLOG : WellhouseOne | 043.700
2016-12-11 21:23:07 | TEMPLOG : WellhouseOne | 042.800
2016-12-11 21:26:11 | TEMPLOG : WellhouseOne | 095.900
2016-12-11 21:27:12 | TEMPLOG : WellhouseOne | 113.900
2016-12-11 21:28:14 | TEMPLOG : WellhouseOne | 123.800
2016-12-11 21:29:14 | TEMPLOG : WellhouseOne | 128.300
2016-12-11 21:30:15 | TEMPLOG : WellhouseOne | 133.700
2016-12-11 21:31:17 | TEMPLOG : WellhouseOne | 136.400
2016-12-11 21:32:19 | TEMPLOG : WellhouseOne | 104.000
2016-12-11 21:33:20 | TEMPLOG : WellhouseOne | 085.100
2016-12-11 21:34:23 | TEMPLOG : WellhouseOne | 074.300
2016-12-11 21:35:26 | TEMPLOG : WellhouseOne | 067.100
2016-12-11 21:36:28 | TEMPLOG : WellhouseOne | 061.700
2016-12-11 21:37:29 | TEMPLOG : WellhouseOne | 058.100
2016-12-11 21:38:31 | TEMPLOG : WellhouseOne | 055.400
2016-12-11 21:39:32 | TEMPLOG : WellhouseOne | 051.800
2016-12-11 21:40:33 | TEMPLOG : WellhouseOne | 050.000
2016-12-11 21:41:33 | TEMPLOG : WellhouseOne | 047.300
2016-12-11 21:42:35 | TEMPLOG : WellhouseOne | 045.500
2016-12-11 21:43:36 | TEMPLOG : WellhouseOne | 044.600
2016-12-11 21:44:37 | TEMPLOG : WellhouseOne | 043.700
2016-12-11 21:45:38 | TEMPLOG : WellhouseOne | 042.800
2016-12-11 21:46:41 | TEMPLOG : WellhouseOne | 043.700
2016-12-11 21:47:42 | TEMPLOG : WellhouseOne | 042.800
2016-12-11 21:52:50 | TEMPLOG : WellhouseOne | 043.700
2016-12-11 21:54:52 | TEMPLOG : WellhouseOne | 089.600
2016-12-11 21:54:53 | TEMPLOG : Table    One | 031.100
2016-12-11 21:55:53 | TEMPLOG : WellhouseOne | 116.600
2016-12-11 21:56:54 | TEMPLOG : WellhouseOne | 128.300
2016-12-11 21:56:55 | TEMPLOG : Bio   Filter | 031.100
2016-12-11 21:57:55 | TEMPLOG : WellhouseOne | 136.400
2016-12-11 21:58:56 | TEMPLOG : WellhouseOne | 099.500
2016-12-11 21:59:57 | TEMPLOG : WellhouseOne | 083.300
2016-12-11 22:00:59 | TEMPLOG : WellhouseOne | 070.700
2016-12-11 22:00:59 | TEMPLOG : Bio   Filter | 031.100
2016-12-11 22:00:59 | TEMPLOG : To   GeoLoop | 042.800
2016-12-11 22:00:59 | TEMPLOG : Table    One | 031.100
2016-12-11 22:01:59 | TEMPLOG : WellhouseOne | 064.400
2016-12-11 22:03:00 | TEMPLOG : WellhouseOne | 059.900
2016-12-11 22:04:01 | TEMPLOG : WellhouseOne | 057.200
2016-12-11 22:05:03 | TEMPLOG : WellhouseOne | 054.500
2016-12-11 22:06:04 | TEMPLOG : WellhouseOne | 052.700
2016-12-11 22:07:05 | TEMPLOG : WellhouseOne | 051.800
2016-12-11 22:08:06 | TEMPLOG : WellhouseOne | 050.000
2016-12-11 22:09:07 | TEMPLOG : WellhouseOne | 049.100
2016-12-11 22:11:11 | TEMPLOG : WellhouseOne | 048.200
2016-12-11 22:12:14 | TEMPLOG : WellhouseOne | 047.300
2016-12-11 22:14:16 | TEMPLOG : WellhouseOne | 046.400
2016-12-11 22:16:18 | TEMPLOG : WellhouseOne | 045.500
2016-12-11 22:19:22 | TEMPLOG : WellhouseOne | 044.600
2016-12-11 22:20:23 | TEMPLOG : WellhouseOne | 043.700
2016-12-11 22:23:27 | TEMPLOG : WellhouseOne | 095.000
2016-12-11 22:24:29 | TEMPLOG : WellhouseOne | 118.400
2016-12-11 22:25:31 | TEMPLOG : WellhouseOne | 130.100
2016-12-11 22:26:32 | TEMPLOG : WellhouseOne | 134.600
2016-12-11 22:27:33 | TEMPLOG : WellhouseOne | 113.000
2016-12-11 22:28:34 | TEMPLOG : WellhouseOne | 090.500
2016-12-11 22:29:35 | TEMPLOG : WellhouseOne | 077.900
2016-12-11 22:30:37 | TEMPLOG : WellhouseOne | 068.900
2016-12-11 22:31:38 | TEMPLOG : WellhouseOne | 063.500
2016-12-11 22:32:39 | TEMPLOG : WellhouseOne | 059.000
2016-12-11 22:33:40 | TEMPLOG : WellhouseOne | 053.600
2016-12-11 22:34:41 | TEMPLOG : WellhouseOne | 049.100
2016-12-11 22:35:42 | TEMPLOG : WellhouseOne | 047.300
2016-12-11 22:36:43 | TEMPLOG : WellhouseOne | 045.500
2016-12-11 22:36:44 | TEMPLOG : Table    One | 030.200
2016-12-11 22:37:44 | TEMPLOG : WellhouseOne | 044.600
2016-12-11 22:38:47 | TEMPLOG : To   GeoLoop | 041.900
2016-12-11 22:39:47 | TEMPLOG : Bio   Filter | 030.200
2016-12-11 22:39:48 | TEMPLOG : To   GeoLoop | 042.800
2016-12-11 22:41:51 | TEMPLOG : Table    One | 031.100
2016-12-11 22:42:52 | TEMPLOG : Bio   Filter | 031.100
2016-12-11 22:44:54 | TEMPLOG : WellhouseOne | 043.700
2016-12-11 22:47:58 | TEMPLOG : WellhouseOne | 042.800
2016-12-11 22:51:02 | TEMPLOG : WellhouseOne | 101.300
2016-12-11 22:52:03 | TEMPLOG : WellhouseOne | 121.100
2016-12-11 22:53:04 | TEMPLOG : WellhouseOne | 130.100
2016-12-11 22:54:05 | TEMPLOG : WellhouseOne | 134.600
2016-12-11 22:55:06 | TEMPLOG : WellhouseOne | 137.300
2016-12-11 22:55:07 | TEMPLOG : Table    One | 030.200
2016-12-11 22:56:07 | TEMPLOG : WellhouseOne | 102.200
2016-12-11 22:56:08 | TEMPLOG : To   GeoLoop | 041.900
2016-12-11 22:57:09 | TEMPLOG : WellhouseOne | 083.300
2016-12-11 22:58:11 | TEMPLOG : WellhouseOne | 072.500
2016-12-11 22:58:11 | TEMPLOG : Bio   Filter | 030.200
2016-12-11 22:59:13 | TEMPLOG : WellhouseOne | 065.300
2016-12-11 23:00:14 | TEMPLOG : WellhouseOne | 059.900
2016-12-11 23:00:15 | TEMPLOG : Bio   Filter | 030.200
2016-12-11 23:00:15 | TEMPLOG : To   GeoLoop | 041.900
2016-12-11 23:00:15 | TEMPLOG : Table    One | 030.200
2016-12-11 23:01:16 | TEMPLOG : WellhouseOne | 056.300
2016-12-11 23:02:17 | TEMPLOG : WellhouseOne | 053.600
2016-12-11 23:03:18 | TEMPLOG : WellhouseOne | 051.800
2016-12-11 23:04:19 | TEMPLOG : WellhouseOne | 049.100
2016-12-11 23:05:20 | TEMPLOG : WellhouseOne | 048.200
2016-12-11 23:06:21 | TEMPLOG : WellhouseOne | 046.400
2016-12-11 23:07:23 | TEMPLOG : WellhouseOne | 045.500
2016-12-11 23:08:24 | TEMPLOG : WellhouseOne | 044.600
2016-12-11 23:09:25 | TEMPLOG : WellhouseOne | 043.700
2016-12-11 23:11:27 | TEMPLOG : WellhouseOne | 041.900
2016-12-11 23:12:28 | TEMPLOG : WellhouseOne | 041.000
2016-12-11 23:13:29 | TEMPLOG : WellhouseOne | 040.100
2016-12-11 23:14:30 | TEMPLOG : WellhouseOne | 039.200
2016-12-11 23:15:31 | TEMPLOG : WellhouseOne | 038.300
2016-12-11 23:16:32 | TEMPLOG : WellhouseOne | 039.200
2016-12-11 23:17:34 | TEMPLOG : WellhouseOne | 040.100
2016-12-11 23:18:36 | TEMPLOG : WellhouseOne | 039.200
2016-12-11 23:19:36 | TEMPLOG : WellhouseOne | 089.600
2016-12-11 23:20:38 | TEMPLOG : WellhouseOne | 115.700
2016-12-11 23:21:40 | TEMPLOG : WellhouseOne | 126.500
2016-12-11 23:22:41 | TEMPLOG : WellhouseOne | 131.900
2016-12-11 23:23:42 | TEMPLOG : WellhouseOne | 135.500
2016-12-11 23:24:43 | TEMPLOG : WellhouseOne | 137.300
2016-12-11 23:25:44 | TEMPLOG : WellhouseOne | 100.400
2016-12-11 23:26:45 | TEMPLOG : WellhouseOne | 081.500
2016-12-11 23:26:46 | TEMPLOG : Table    One | 029.300
2016-12-11 23:27:46 | TEMPLOG : WellhouseOne | 071.600
2016-12-11 23:28:47 | TEMPLOG : WellhouseOne | 065.300
2016-12-11 23:29:49 | TEMPLOG : WellhouseOne | 059.900
2016-12-11 23:30:50 | TEMPLOG : WellhouseOne | 054.500
2016-12-11 23:30:51 | TEMPLOG : Table    One | 030.200
2016-12-11 23:31:51 | TEMPLOG : WellhouseOne | 050.900
2016-12-11 23:32:53 | TEMPLOG : WellhouseOne | 050.000
2016-12-11 23:33:54 | TEMPLOG : WellhouseOne | 048.200
2016-12-11 23:34:56 | TEMPLOG : WellhouseOne | 047.300
2016-12-11 23:35:57 | TEMPLOG : WellhouseOne | 046.400
2016-12-11 23:36:58 | TEMPLOG : WellhouseOne | 045.500
2016-12-11 23:37:59 | TEMPLOG : WellhouseOne | 043.700
2016-12-11 23:39:00 | TEMPLOG : WellhouseOne | 042.800
2016-12-11 23:40:02 | TEMPLOG : Bio   Filter | 029.300
2016-12-11 23:42:03 | TEMPLOG : WellhouseOne | 041.900
2016-12-11 23:44:07 | TEMPLOG : WellhouseOne | 041.000
2016-12-11 23:45:08 | TEMPLOG : WellhouseOne | 040.100
2016-12-11 23:47:10 | TEMPLOG : WellhouseOne | 039.200
2016-12-11 23:48:11 | TEMPLOG : WellhouseOne | 040.100
2016-12-11 23:49:12 | TEMPLOG : WellhouseOne | 095.900
2016-12-11 23:50:13 | TEMPLOG : WellhouseOne | 113.000
2016-12-11 23:50:14 | TEMPLOG : Table    One | 029.300
2016-12-11 23:51:15 | TEMPLOG : WellhouseOne | 123.800
2016-12-11 23:52:15 | TEMPLOG : WellhouseOne | 129.200
2016-12-11 23:53:17 | TEMPLOG : WellhouseOne | 133.700
2016-12-11 23:54:19 | TEMPLOG : WellhouseOne | 136.400
2016-12-11 23:55:20 | TEMPLOG : WellhouseOne | 122.000
2016-12-11 23:56:21 | TEMPLOG : WellhouseOne | 093.200
2016-12-11 23:57:23 | TEMPLOG : WellhouseOne | 080.600
2016-12-11 23:58:24 | TEMPLOG : WellhouseOne | 069.800
2016-12-11 23:59:25 | TEMPLOG : WellhouseOne | 063.500
