2016-12-27 00:00:32 | TEMPLOG : WellhouseOne | 133.700
2016-12-27 00:00:33 | TEMPLOG : Bio   Filter | 028.400
2016-12-27 00:00:34 | TEMPLOG : To   GeoLoop | 041.000
2016-12-27 00:00:34 | TEMPLOG : Table    One | 027.500
2016-12-27 00:01:34 | TEMPLOG : WellhouseOne | 136.400
2016-12-27 00:01:35 | TEMPLOG : Bio   Filter | 027.500
2016-12-27 00:02:35 | TEMPLOG : WellhouseOne | 095.000
2016-12-27 00:03:36 | TEMPLOG : WellhouseOne | 078.800
2016-12-27 00:04:38 | TEMPLOG : WellhouseOne | 069.800
2016-12-27 00:04:39 | TEMPLOG : To   GeoLoop | 040.100
2016-12-27 00:05:39 | TEMPLOG : WellhouseOne | 061.700
2016-12-27 00:05:39 | TEMPLOG : To   GeoLoop | 041.000
2016-12-27 00:06:40 | TEMPLOG : WellhouseOne | 057.200
2016-12-27 00:06:40 | TEMPLOG : To   GeoLoop | 040.100
2016-12-27 00:07:41 | TEMPLOG : WellhouseOne | 055.400
2016-12-27 00:08:42 | TEMPLOG : WellhouseOne | 052.700
2016-12-27 00:09:45 | TEMPLOG : WellhouseOne | 050.900
2016-12-27 00:10:46 | TEMPLOG : WellhouseOne | 049.100
2016-12-27 00:11:47 | TEMPLOG : WellhouseOne | 047.300
2016-12-27 00:12:48 | TEMPLOG : WellhouseOne | 046.400
2016-12-27 00:13:49 | TEMPLOG : WellhouseOne | 045.500
2016-12-27 00:14:51 | TEMPLOG : WellhouseOne | 044.600
2016-12-27 00:15:52 | TEMPLOG : WellhouseOne | 043.700
2016-12-27 00:16:54 | TEMPLOG : Bio   Filter | 028.400
2016-12-27 00:17:55 | TEMPLOG : WellhouseOne | 042.800
2016-12-27 00:17:55 | TEMPLOG : Bio   Filter | 027.500
2016-12-27 00:19:57 | TEMPLOG : WellhouseOne | 041.900
2016-12-27 00:21:59 | TEMPLOG : WellhouseOne | 041.000
2016-12-27 00:23:01 | TEMPLOG : WellhouseOne | 085.100
2016-12-27 00:24:02 | TEMPLOG : WellhouseOne | 113.000
2016-12-27 00:25:03 | TEMPLOG : WellhouseOne | 123.800
2016-12-27 00:26:04 | TEMPLOG : WellhouseOne | 129.200
2016-12-27 00:27:06 | TEMPLOG : WellhouseOne | 132.800
2016-12-27 00:28:06 | TEMPLOG : WellhouseOne | 137.300
2016-12-27 00:29:07 | TEMPLOG : WellhouseOne | 139.100
2016-12-27 00:30:09 | TEMPLOG : WellhouseOne | 111.200
2016-12-27 00:31:11 | TEMPLOG : WellhouseOne | 089.600
2016-12-27 00:32:12 | TEMPLOG : WellhouseOne | 077.000
2016-12-27 00:33:14 | TEMPLOG : WellhouseOne | 068.000
2016-12-27 00:34:15 | TEMPLOG : WellhouseOne | 060.800
2016-12-27 00:35:16 | TEMPLOG : WellhouseOne | 058.100
2016-12-27 00:36:17 | TEMPLOG : WellhouseOne | 054.500
2016-12-27 00:37:18 | TEMPLOG : WellhouseOne | 051.800
2016-12-27 00:38:19 | TEMPLOG : WellhouseOne | 050.900
2016-12-27 00:39:20 | TEMPLOG : WellhouseOne | 048.200
2016-12-27 00:40:21 | TEMPLOG : WellhouseOne | 047.300
2016-12-27 00:42:23 | TEMPLOG : WellhouseOne | 046.400
2016-12-27 00:43:25 | TEMPLOG : WellhouseOne | 045.500
2016-12-27 00:43:26 | TEMPLOG : Table    One | 026.600
2016-12-27 00:45:27 | TEMPLOG : WellhouseOne | 044.600
2016-12-27 00:46:29 | TEMPLOG : WellhouseOne | 043.700
2016-12-27 00:48:32 | TEMPLOG : WellhouseOne | 042.800
2016-12-27 00:49:33 | TEMPLOG : WellhouseOne | 041.900
2016-12-27 00:50:34 | TEMPLOG : WellhouseOne | 042.800
2016-12-27 00:51:37 | TEMPLOG : WellhouseOne | 041.900
2016-12-27 00:52:38 | TEMPLOG : WellhouseOne | 096.800
2016-12-27 00:53:40 | TEMPLOG : WellhouseOne | 116.600
2016-12-27 00:54:41 | TEMPLOG : WellhouseOne | 127.400
2016-12-27 00:55:42 | TEMPLOG : WellhouseOne | 133.700
2016-12-27 00:56:43 | TEMPLOG : WellhouseOne | 136.400
2016-12-27 00:57:44 | TEMPLOG : WellhouseOne | 112.100
2016-12-27 00:58:45 | TEMPLOG : WellhouseOne | 089.600
2016-12-27 00:59:47 | TEMPLOG : WellhouseOne | 077.000
2016-12-27 01:00:48 | TEMPLOG : WellhouseOne | 068.000
2016-12-27 01:00:48 | TEMPLOG : Bio   Filter | 027.500
2016-12-27 01:00:49 | TEMPLOG : To   GeoLoop | 040.100
2016-12-27 01:00:49 | TEMPLOG : Table    One | 026.600
2016-12-27 01:01:49 | TEMPLOG : WellhouseOne | 062.600
2016-12-27 01:02:50 | TEMPLOG : WellhouseOne | 058.100
2016-12-27 01:03:51 | TEMPLOG : WellhouseOne | 053.600
2016-12-27 01:04:53 | TEMPLOG : WellhouseOne | 051.800
2016-12-27 01:05:54 | TEMPLOG : WellhouseOne | 049.100
2016-12-27 01:06:56 | TEMPLOG : WellhouseOne | 046.400
2016-12-27 01:06:57 | TEMPLOG : Table    One | 027.500
2016-12-27 01:07:58 | TEMPLOG : WellhouseOne | 045.500
2016-12-27 01:07:59 | TEMPLOG : Table    One | 026.600
2016-12-27 01:09:00 | TEMPLOG : WellhouseOne | 044.600
2016-12-27 01:10:01 | TEMPLOG : WellhouseOne | 043.700
2016-12-27 01:12:04 | TEMPLOG : WellhouseOne | 041.900
2016-12-27 01:12:06 | TEMPLOG : Table    One | 027.500
2016-12-27 01:14:09 | TEMPLOG : Table    One | 026.600
2016-12-27 01:15:09 | TEMPLOG : WellhouseOne | 041.000
2016-12-27 01:15:10 | TEMPLOG : Table    One | 027.500
2016-12-27 01:17:12 | TEMPLOG : WellhouseOne | 040.100
2016-12-27 01:18:13 | TEMPLOG : Bio   Filter | 028.400
2016-12-27 01:19:14 | TEMPLOG : WellhouseOne | 084.200
2016-12-27 01:19:14 | TEMPLOG : Bio   Filter | 027.500
2016-12-27 01:20:15 | TEMPLOG : WellhouseOne | 111.200
2016-12-27 01:20:16 | TEMPLOG : Bio   Filter | 028.400
2016-12-27 01:21:17 | TEMPLOG : WellhouseOne | 121.100
2016-12-27 01:22:18 | TEMPLOG : WellhouseOne | 127.400
2016-12-27 01:22:18 | TEMPLOG : Bio   Filter | 027.500
2016-12-27 01:23:19 | TEMPLOG : WellhouseOne | 131.000
2016-12-27 01:24:20 | TEMPLOG : WellhouseOne | 133.700
2016-12-27 01:25:21 | TEMPLOG : WellhouseOne | 134.600
2016-12-27 01:25:22 | TEMPLOG : Bio   Filter | 028.400
2016-12-27 01:26:24 | TEMPLOG : WellhouseOne | 136.400
2016-12-27 01:27:25 | TEMPLOG : WellhouseOne | 137.300
2016-12-27 01:28:26 | TEMPLOG : WellhouseOne | 109.400
2016-12-27 01:29:27 | TEMPLOG : WellhouseOne | 089.600
2016-12-27 01:30:28 | TEMPLOG : WellhouseOne | 077.000
2016-12-27 01:31:29 | TEMPLOG : WellhouseOne | 068.900
2016-12-27 01:31:29 | TEMPLOG : Bio   Filter | 027.500
2016-12-27 01:32:31 | TEMPLOG : WellhouseOne | 063.500
2016-12-27 01:33:32 | TEMPLOG : WellhouseOne | 059.000
2016-12-27 01:34:33 | TEMPLOG : WellhouseOne | 055.400
2016-12-27 01:35:34 | TEMPLOG : WellhouseOne | 052.700
2016-12-27 01:36:36 | TEMPLOG : WellhouseOne | 050.900
2016-12-27 01:37:37 | TEMPLOG : WellhouseOne | 048.200
2016-12-27 01:38:38 | TEMPLOG : WellhouseOne | 046.400
2016-12-27 01:38:39 | TEMPLOG : Bio   Filter | 028.400
2016-12-27 01:40:41 | TEMPLOG : WellhouseOne | 045.500
2016-12-27 01:40:41 | TEMPLOG : Bio   Filter | 027.500
2016-12-27 01:41:41 | TEMPLOG : WellhouseOne | 043.700
2016-12-27 01:41:41 | TEMPLOG : Bio   Filter | 028.400
2016-12-27 01:42:42 | TEMPLOG : WellhouseOne | 042.800
2016-12-27 01:43:44 | TEMPLOG : Bio   Filter | 027.500
2016-12-27 01:46:47 | TEMPLOG : WellhouseOne | 041.900
2016-12-27 01:48:49 | TEMPLOG : WellhouseOne | 041.000
2016-12-27 01:50:53 | TEMPLOG : WellhouseOne | 099.500
2016-12-27 01:50:53 | TEMPLOG : To   GeoLoop | 039.200
2016-12-27 01:50:53 | TEMPLOG : Table    One | 026.600
2016-12-27 01:51:54 | TEMPLOG : WellhouseOne | 116.600
2016-12-27 01:52:55 | TEMPLOG : WellhouseOne | 125.600
2016-12-27 01:53:56 | TEMPLOG : WellhouseOne | 130.100
2016-12-27 01:54:57 | TEMPLOG : WellhouseOne | 133.700
2016-12-27 01:55:58 | TEMPLOG : WellhouseOne | 134.600
2016-12-27 01:57:00 | TEMPLOG : WellhouseOne | 135.500
2016-12-27 01:58:02 | TEMPLOG : WellhouseOne | 138.200
2016-12-27 01:59:04 | TEMPLOG : WellhouseOne | 136.400
2016-12-27 02:00:05 | TEMPLOG : WellhouseOne | 095.000
2016-12-27 02:00:05 | TEMPLOG : Bio   Filter | 027.500
2016-12-27 02:00:06 | TEMPLOG : To   GeoLoop | 039.200
2016-12-27 02:00:06 | TEMPLOG : Table    One | 026.600
2016-12-27 02:01:06 | TEMPLOG : WellhouseOne | 077.000
2016-12-27 02:02:08 | TEMPLOG : WellhouseOne | 069.800
2016-12-27 02:03:10 | TEMPLOG : WellhouseOne | 063.500
2016-12-27 02:04:11 | TEMPLOG : WellhouseOne | 059.000
2016-12-27 02:04:11 | TEMPLOG : Bio   Filter | 026.600
2016-12-27 02:05:12 | TEMPLOG : WellhouseOne | 056.300
2016-12-27 02:06:13 | TEMPLOG : WellhouseOne | 053.600
2016-12-27 02:07:15 | TEMPLOG : WellhouseOne | 050.900
2016-12-27 02:08:17 | TEMPLOG : WellhouseOne | 049.100
2016-12-27 02:09:18 | TEMPLOG : WellhouseOne | 047.300
2016-12-27 02:09:19 | TEMPLOG : Table    One | 025.700
2016-12-27 02:10:19 | TEMPLOG : WellhouseOne | 046.400
2016-12-27 02:12:21 | TEMPLOG : WellhouseOne | 044.600
2016-12-27 02:13:23 | TEMPLOG : WellhouseOne | 043.700
2016-12-27 02:15:26 | TEMPLOG : WellhouseOne | 042.800
2016-12-27 02:17:28 | TEMPLOG : WellhouseOne | 041.900
2016-12-27 02:18:31 | TEMPLOG : WellhouseOne | 041.000
2016-12-27 02:20:35 | TEMPLOG : WellhouseOne | 096.800
2016-12-27 02:21:35 | TEMPLOG : WellhouseOne | 118.400
2016-12-27 02:22:38 | TEMPLOG : WellhouseOne | 127.400
2016-12-27 02:23:38 | TEMPLOG : WellhouseOne | 131.900
2016-12-27 02:24:39 | TEMPLOG : WellhouseOne | 133.700
2016-12-27 02:25:40 | TEMPLOG : WellhouseOne | 134.600
2016-12-27 02:26:41 | TEMPLOG : WellhouseOne | 136.400
2016-12-27 02:28:44 | TEMPLOG : WellhouseOne | 122.900
2016-12-27 02:29:45 | TEMPLOG : WellhouseOne | 092.300
2016-12-27 02:30:47 | TEMPLOG : WellhouseOne | 077.900
2016-12-27 02:31:48 | TEMPLOG : WellhouseOne | 068.900
2016-12-27 02:32:49 | TEMPLOG : WellhouseOne | 062.600
2016-12-27 02:33:50 | TEMPLOG : WellhouseOne | 060.800
2016-12-27 02:34:52 | TEMPLOG : WellhouseOne | 056.300
2016-12-27 02:35:53 | TEMPLOG : WellhouseOne | 053.600
2016-12-27 02:36:53 | TEMPLOG : WellhouseOne | 051.800
2016-12-27 02:37:54 | TEMPLOG : WellhouseOne | 050.000
2016-12-27 02:38:55 | TEMPLOG : WellhouseOne | 049.100
2016-12-27 02:39:56 | TEMPLOG : WellhouseOne | 048.200
2016-12-27 02:40:57 | TEMPLOG : WellhouseOne | 047.300
2016-12-27 02:41:59 | TEMPLOG : WellhouseOne | 046.400
2016-12-27 02:42:59 | TEMPLOG : WellhouseOne | 045.500
2016-12-27 02:44:00 | TEMPLOG : WellhouseOne | 044.600
2016-12-27 02:45:01 | TEMPLOG : WellhouseOne | 043.700
2016-12-27 02:46:02 | TEMPLOG : WellhouseOne | 042.800
2016-12-27 02:49:06 | TEMPLOG : WellhouseOne | 041.900
2016-12-27 02:49:08 | TEMPLOG : Table    One | 026.600
2016-12-27 02:51:08 | TEMPLOG : WellhouseOne | 096.800
2016-12-27 02:51:10 | TEMPLOG : Table    One | 025.700
2016-12-27 02:52:10 | TEMPLOG : WellhouseOne | 115.700
2016-12-27 02:53:11 | TEMPLOG : WellhouseOne | 124.700
2016-12-27 02:54:13 | TEMPLOG : WellhouseOne | 131.900
2016-12-27 02:55:14 | TEMPLOG : WellhouseOne | 134.600
2016-12-27 02:56:15 | TEMPLOG : WellhouseOne | 136.400
2016-12-27 02:57:16 | TEMPLOG : WellhouseOne | 120.200
2016-12-27 02:58:18 | TEMPLOG : WellhouseOne | 090.500
2016-12-27 02:59:19 | TEMPLOG : WellhouseOne | 076.100
2016-12-27 03:00:20 | TEMPLOG : WellhouseOne | 067.100
2016-12-27 03:00:20 | TEMPLOG : Bio   Filter | 026.600
2016-12-27 03:00:20 | TEMPLOG : To   GeoLoop | 039.200
2016-12-27 03:00:20 | TEMPLOG : Table    One | 025.700
2016-12-27 03:01:21 | TEMPLOG : WellhouseOne | 060.800
2016-12-27 03:01:22 | TEMPLOG : To   GeoLoop | 038.300
2016-12-27 03:02:22 | TEMPLOG : WellhouseOne | 057.200
2016-12-27 03:03:23 | TEMPLOG : WellhouseOne | 054.500
2016-12-27 03:04:25 | TEMPLOG : WellhouseOne | 051.800
2016-12-27 03:05:26 | TEMPLOG : WellhouseOne | 050.000
2016-12-27 03:06:26 | TEMPLOG : WellhouseOne | 048.200
2016-12-27 03:06:27 | TEMPLOG : To   GeoLoop | 039.200
2016-12-27 03:07:28 | TEMPLOG : WellhouseOne | 047.300
2016-12-27 03:07:28 | TEMPLOG : To   GeoLoop | 038.300
2016-12-27 03:08:30 | TEMPLOG : WellhouseOne | 046.400
2016-12-27 03:09:31 | TEMPLOG : WellhouseOne | 045.500
2016-12-27 03:10:32 | TEMPLOG : WellhouseOne | 044.600
2016-12-27 03:11:33 | TEMPLOG : WellhouseOne | 043.700
2016-12-27 03:12:34 | TEMPLOG : WellhouseOne | 042.800
2016-12-27 03:14:36 | TEMPLOG : WellhouseOne | 041.900
2016-12-27 03:15:37 | TEMPLOG : WellhouseOne | 041.000
2016-12-27 03:16:38 | TEMPLOG : WellhouseOne | 040.100
2016-12-27 03:17:40 | TEMPLOG : WellhouseOne | 067.100
2016-12-27 03:18:41 | TEMPLOG : WellhouseOne | 105.800
2016-12-27 03:19:42 | TEMPLOG : WellhouseOne | 120.200
2016-12-27 03:20:44 | TEMPLOG : WellhouseOne | 126.500
2016-12-27 03:21:45 | TEMPLOG : WellhouseOne | 131.900
2016-12-27 03:22:46 | TEMPLOG : WellhouseOne | 134.600
2016-12-27 03:23:47 | TEMPLOG : WellhouseOne | 138.200
2016-12-27 03:24:48 | TEMPLOG : WellhouseOne | 101.300
2016-12-27 03:25:49 | TEMPLOG : WellhouseOne | 086.000
2016-12-27 03:26:50 | TEMPLOG : WellhouseOne | 074.300
2016-12-27 03:27:52 | TEMPLOG : WellhouseOne | 066.200
2016-12-27 03:28:53 | TEMPLOG : WellhouseOne | 059.000
2016-12-27 03:29:54 | TEMPLOG : WellhouseOne | 055.400
2016-12-27 03:30:55 | TEMPLOG : WellhouseOne | 051.800
2016-12-27 03:31:59 | TEMPLOG : WellhouseOne | 048.200
2016-12-27 03:33:01 | TEMPLOG : WellhouseOne | 046.400
2016-12-27 03:34:02 | TEMPLOG : WellhouseOne | 045.500
2016-12-27 03:36:04 | TEMPLOG : WellhouseOne | 044.600
2016-12-27 03:36:04 | TEMPLOG : Bio   Filter | 025.700
2016-12-27 03:37:05 | TEMPLOG : WellhouseOne | 043.700
2016-12-27 03:37:05 | TEMPLOG : Bio   Filter | 026.600
2016-12-27 03:38:06 | TEMPLOG : Bio   Filter | 025.700
2016-12-27 03:39:07 | TEMPLOG : WellhouseOne | 042.800
2016-12-27 03:41:11 | TEMPLOG : WellhouseOne | 041.900
2016-12-27 03:42:12 | TEMPLOG : WellhouseOne | 041.000
2016-12-27 03:44:15 | TEMPLOG : WellhouseOne | 040.100
2016-12-27 03:45:17 | TEMPLOG : WellhouseOne | 089.600
2016-12-27 03:46:20 | TEMPLOG : WellhouseOne | 113.000
2016-12-27 03:47:22 | TEMPLOG : WellhouseOne | 122.000
2016-12-27 03:48:23 | TEMPLOG : WellhouseOne | 127.400
2016-12-27 03:49:25 | TEMPLOG : WellhouseOne | 131.000
2016-12-27 03:50:27 | TEMPLOG : WellhouseOne | 132.800
2016-12-27 03:51:29 | TEMPLOG : WellhouseOne | 135.500
2016-12-27 03:51:29 | TEMPLOG : Table    One | 024.800
2016-12-27 03:52:30 | TEMPLOG : WellhouseOne | 136.400
2016-12-27 03:52:30 | TEMPLOG : Table    One | 025.700
2016-12-27 03:53:30 | TEMPLOG : WellhouseOne | 137.300
2016-12-27 03:54:31 | TEMPLOG : WellhouseOne | 138.200
2016-12-27 03:56:34 | TEMPLOG : WellhouseOne | 102.200
2016-12-27 03:57:36 | TEMPLOG : WellhouseOne | 085.100
2016-12-27 03:58:37 | TEMPLOG : WellhouseOne | 072.500
2016-12-27 03:58:38 | TEMPLOG : Table    One | 024.800
2016-12-27 03:59:38 | TEMPLOG : WellhouseOne | 066.200
2016-12-27 04:00:40 | TEMPLOG : WellhouseOne | 060.800
2016-12-27 04:00:41 | TEMPLOG : Bio   Filter | 025.700
2016-12-27 04:00:41 | TEMPLOG : To   GeoLoop | 038.300
2016-12-27 04:00:41 | TEMPLOG : Table    One | 024.800
2016-12-27 04:01:41 | TEMPLOG : WellhouseOne | 058.100
2016-12-27 04:02:43 | TEMPLOG : WellhouseOne | 054.500
2016-12-27 04:03:44 | TEMPLOG : WellhouseOne | 051.800
2016-12-27 04:04:45 | TEMPLOG : WellhouseOne | 050.000
2016-12-27 04:05:46 | TEMPLOG : WellhouseOne | 049.100
2016-12-27 04:06:47 | TEMPLOG : WellhouseOne | 047.300
2016-12-27 04:07:48 | TEMPLOG : WellhouseOne | 046.400
2016-12-27 04:08:49 | TEMPLOG : WellhouseOne | 045.500
2016-12-27 04:09:50 | TEMPLOG : WellhouseOne | 044.600
2016-12-27 04:10:51 | TEMPLOG : WellhouseOne | 043.700
2016-12-27 04:11:52 | TEMPLOG : WellhouseOne | 042.800
2016-12-27 04:12:54 | TEMPLOG : WellhouseOne | 041.900
2016-12-27 04:13:56 | TEMPLOG : WellhouseOne | 041.000
2016-12-27 04:16:00 | TEMPLOG : To   GeoLoop | 037.400
2016-12-27 04:17:00 | TEMPLOG : WellhouseOne | 093.200
2016-12-27 04:17:00 | TEMPLOG : To   GeoLoop | 038.300
2016-12-27 04:18:01 | TEMPLOG : WellhouseOne | 113.000
2016-12-27 04:19:02 | TEMPLOG : WellhouseOne | 122.900
2016-12-27 04:19:02 | TEMPLOG : To   GeoLoop | 037.400
2016-12-27 04:20:03 | TEMPLOG : WellhouseOne | 128.300
2016-12-27 04:21:04 | TEMPLOG : WellhouseOne | 132.800
2016-12-27 04:21:04 | TEMPLOG : To   GeoLoop | 038.300
2016-12-27 04:22:05 | TEMPLOG : WellhouseOne | 134.600
2016-12-27 04:23:06 | TEMPLOG : WellhouseOne | 136.400
2016-12-27 04:24:07 | TEMPLOG : WellhouseOne | 137.300
2016-12-27 04:25:08 | TEMPLOG : WellhouseOne | 138.200
2016-12-27 04:27:11 | TEMPLOG : WellhouseOne | 110.300
2016-12-27 04:27:12 | TEMPLOG : To   GeoLoop | 037.400
2016-12-27 04:28:13 | TEMPLOG : WellhouseOne | 088.700
2016-12-27 04:29:15 | TEMPLOG : WellhouseOne | 076.100
2016-12-27 04:30:16 | TEMPLOG : WellhouseOne | 068.000
2016-12-27 04:30:16 | TEMPLOG : Bio   Filter | 024.800
2016-12-27 04:31:17 | TEMPLOG : WellhouseOne | 063.500
2016-12-27 04:31:18 | TEMPLOG : Bio   Filter | 025.700
2016-12-27 04:31:18 | TEMPLOG : Table    One | 023.900
2016-12-27 04:32:18 | TEMPLOG : WellhouseOne | 059.000
2016-12-27 04:32:18 | TEMPLOG : Bio   Filter | 024.800
2016-12-27 04:32:19 | TEMPLOG : Table    One | 024.800
2016-12-27 04:33:19 | TEMPLOG : WellhouseOne | 056.300
2016-12-27 04:34:21 | TEMPLOG : WellhouseOne | 054.500
2016-12-27 04:34:21 | TEMPLOG : Table    One | 023.900
2016-12-27 04:35:22 | TEMPLOG : WellhouseOne | 052.700
2016-12-27 04:35:23 | TEMPLOG : Table    One | 024.800
2016-12-27 04:36:23 | TEMPLOG : WellhouseOne | 050.000
2016-12-27 04:37:24 | TEMPLOG : WellhouseOne | 049.100
2016-12-27 04:38:27 | TEMPLOG : WellhouseOne | 048.200
2016-12-27 04:39:28 | TEMPLOG : WellhouseOne | 047.300
2016-12-27 04:40:29 | TEMPLOG : WellhouseOne | 045.500
2016-12-27 04:42:31 | TEMPLOG : WellhouseOne | 044.600
2016-12-27 04:43:32 | TEMPLOG : WellhouseOne | 043.700
2016-12-27 04:44:34 | TEMPLOG : Bio   Filter | 025.700
2016-12-27 04:45:35 | TEMPLOG : WellhouseOne | 042.800
2016-12-27 04:45:35 | TEMPLOG : Bio   Filter | 024.800
2016-12-27 04:46:37 | TEMPLOG : WellhouseOne | 041.900
2016-12-27 04:47:38 | TEMPLOG : WellhouseOne | 041.000
2016-12-27 04:48:40 | TEMPLOG : WellhouseOne | 077.900
2016-12-27 04:49:40 | TEMPLOG : WellhouseOne | 109.400
2016-12-27 04:50:41 | TEMPLOG : WellhouseOne | 117.500
2016-12-27 04:51:43 | TEMPLOG : WellhouseOne | 125.600
2016-12-27 04:52:45 | TEMPLOG : WellhouseOne | 129.200
2016-12-27 04:53:46 | TEMPLOG : WellhouseOne | 130.100
2016-12-27 04:54:48 | TEMPLOG : WellhouseOne | 132.800
2016-12-27 04:55:50 | TEMPLOG : WellhouseOne | 134.600
2016-12-27 04:56:51 | TEMPLOG : WellhouseOne | 135.500
2016-12-27 04:57:52 | TEMPLOG : WellhouseOne | 137.300
2016-12-27 04:58:53 | TEMPLOG : WellhouseOne | 139.100
2016-12-27 04:59:54 | TEMPLOG : WellhouseOne | 126.500
2016-12-27 05:00:56 | TEMPLOG : WellhouseOne | 096.800
2016-12-27 05:00:56 | TEMPLOG : Bio   Filter | 024.800
2016-12-27 05:00:56 | TEMPLOG : To   GeoLoop | 037.400
2016-12-27 05:00:57 | TEMPLOG : Table    One | 024.800
2016-12-27 05:01:57 | TEMPLOG : WellhouseOne | 081.500
2016-12-27 05:02:58 | TEMPLOG : WellhouseOne | 069.800
2016-12-27 05:03:59 | TEMPLOG : WellhouseOne | 062.600
2016-12-27 05:04:00 | TEMPLOG : Table    One | 023.900
2016-12-27 05:05:00 | TEMPLOG : WellhouseOne | 059.000
2016-12-27 05:06:02 | TEMPLOG : WellhouseOne | 055.400
2016-12-27 05:06:03 | TEMPLOG : Table    One | 024.800
2016-12-27 05:07:04 | TEMPLOG : WellhouseOne | 052.700
2016-12-27 05:08:05 | TEMPLOG : WellhouseOne | 050.900
2016-12-27 05:08:07 | TEMPLOG : Table    One | 023.900
2016-12-27 05:09:08 | TEMPLOG : WellhouseOne | 050.000
2016-12-27 05:10:10 | TEMPLOG : WellhouseOne | 049.100
2016-12-27 05:10:11 | TEMPLOG : Table    One | 024.800
2016-12-27 05:11:11 | TEMPLOG : WellhouseOne | 047.300
2016-12-27 05:11:12 | TEMPLOG : Table    One | 023.900
2016-12-27 05:13:13 | TEMPLOG : WellhouseOne | 046.400
2016-12-27 05:14:14 | TEMPLOG : WellhouseOne | 045.500
2016-12-27 05:15:15 | TEMPLOG : WellhouseOne | 044.600
2016-12-27 05:16:16 | TEMPLOG : WellhouseOne | 043.700
2016-12-27 05:18:19 | TEMPLOG : WellhouseOne | 042.800
2016-12-27 05:20:23 | TEMPLOG : WellhouseOne | 041.000
2016-12-27 05:21:24 | TEMPLOG : WellhouseOne | 095.900
2016-12-27 05:22:25 | TEMPLOG : WellhouseOne | 114.800
2016-12-27 05:23:26 | TEMPLOG : WellhouseOne | 121.100
2016-12-27 05:24:27 | TEMPLOG : WellhouseOne | 125.600
2016-12-27 05:25:29 | TEMPLOG : WellhouseOne | 128.300
2016-12-27 05:26:30 | TEMPLOG : WellhouseOne | 131.000
2016-12-27 05:27:32 | TEMPLOG : WellhouseOne | 131.900
2016-12-27 05:28:33 | TEMPLOG : WellhouseOne | 132.800
2016-12-27 05:29:34 | TEMPLOG : WellhouseOne | 135.500
2016-12-27 05:30:35 | TEMPLOG : WellhouseOne | 137.300
2016-12-27 05:31:38 | TEMPLOG : WellhouseOne | 136.400
2016-12-27 05:32:38 | TEMPLOG : WellhouseOne | 107.600
2016-12-27 05:33:39 | TEMPLOG : WellhouseOne | 088.700
2016-12-27 05:34:40 | TEMPLOG : WellhouseOne | 075.200
2016-12-27 05:35:41 | TEMPLOG : WellhouseOne | 068.000
2016-12-27 05:36:42 | TEMPLOG : WellhouseOne | 061.700
2016-12-27 05:37:42 | TEMPLOG : WellhouseOne | 058.100
2016-12-27 05:38:43 | TEMPLOG : WellhouseOne | 054.500
2016-12-27 05:39:44 | TEMPLOG : WellhouseOne | 051.800
2016-12-27 05:40:45 | TEMPLOG : WellhouseOne | 050.000
2016-12-27 05:41:47 | TEMPLOG : WellhouseOne | 048.200
2016-12-27 05:42:48 | TEMPLOG : WellhouseOne | 047.300
2016-12-27 05:42:49 | TEMPLOG : Table    One | 024.800
2016-12-27 05:43:50 | TEMPLOG : WellhouseOne | 046.400
2016-12-27 05:44:50 | TEMPLOG : WellhouseOne | 045.500
2016-12-27 05:46:53 | TEMPLOG : WellhouseOne | 043.700
2016-12-27 05:48:57 | TEMPLOG : WellhouseOne | 042.800
2016-12-27 05:52:01 | TEMPLOG : WellhouseOne | 041.900
2016-12-27 05:53:02 | TEMPLOG : WellhouseOne | 073.400
2016-12-27 05:54:03 | TEMPLOG : WellhouseOne | 104.000
2016-12-27 05:54:04 | TEMPLOG : Table    One | 023.900
2016-12-27 05:55:04 | TEMPLOG : WellhouseOne | 122.000
2016-12-27 05:56:06 | TEMPLOG : WellhouseOne | 131.000
2016-12-27 05:56:08 | TEMPLOG : Table    One | 024.800
2016-12-27 05:57:09 | TEMPLOG : WellhouseOne | 135.500
2016-12-27 05:57:10 | TEMPLOG : Table    One | 023.900
2016-12-27 05:58:10 | TEMPLOG : WellhouseOne | 137.300
2016-12-27 05:59:12 | TEMPLOG : WellhouseOne | 135.500
2016-12-27 05:59:12 | TEMPLOG : Table    One | 024.800
2016-12-27 06:00:12 | TEMPLOG : WellhouseOne | 095.000
2016-12-27 06:00:13 | TEMPLOG : Bio   Filter | 024.800
2016-12-27 06:00:13 | TEMPLOG : To   GeoLoop | 037.400
2016-12-27 06:00:14 | TEMPLOG : Table    One | 024.800
2016-12-27 06:01:14 | TEMPLOG : WellhouseOne | 080.600
2016-12-27 06:02:15 | TEMPLOG : WellhouseOne | 068.900
2016-12-27 06:02:17 | TEMPLOG : Table    One | 023.900
2016-12-27 06:03:17 | TEMPLOG : WellhouseOne | 061.700
2016-12-27 06:04:18 | TEMPLOG : WellhouseOne | 056.300
2016-12-27 06:05:19 | TEMPLOG : WellhouseOne | 053.600
2016-12-27 06:06:19 | TEMPLOG : WellhouseOne | 050.900
2016-12-27 06:07:20 | TEMPLOG : WellhouseOne | 049.100
2016-12-27 06:08:22 | TEMPLOG : WellhouseOne | 048.200
2016-12-27 06:09:23 | TEMPLOG : WellhouseOne | 046.400
2016-12-27 06:10:24 | TEMPLOG : WellhouseOne | 045.500
2016-12-27 06:12:26 | TEMPLOG : WellhouseOne | 043.700
2016-12-27 06:13:27 | TEMPLOG : WellhouseOne | 042.800
2016-12-27 06:15:29 | TEMPLOG : WellhouseOne | 041.900
2016-12-27 06:15:30 | TEMPLOG : To   GeoLoop | 036.500
2016-12-27 06:17:31 | TEMPLOG : WellhouseOne | 041.000
2016-12-27 06:19:33 | TEMPLOG : WellhouseOne | 057.200
2016-12-27 06:19:34 | TEMPLOG : To   GeoLoop | 037.400
2016-12-27 06:20:35 | TEMPLOG : WellhouseOne | 103.100
2016-12-27 06:20:35 | TEMPLOG : Bio   Filter | 023.900
2016-12-27 06:21:36 | TEMPLOG : WellhouseOne | 118.400
2016-12-27 06:22:36 | TEMPLOG : WellhouseOne | 126.500
2016-12-27 06:22:37 | TEMPLOG : Bio   Filter | 024.800
2016-12-27 06:22:37 | TEMPLOG : Table    One | 024.800
2016-12-27 06:23:37 | TEMPLOG : WellhouseOne | 132.800
2016-12-27 06:24:38 | TEMPLOG : WellhouseOne | 134.600
2016-12-27 06:25:39 | TEMPLOG : WellhouseOne | 135.500
2016-12-27 06:26:40 | TEMPLOG : WellhouseOne | 136.400
2016-12-27 06:27:41 | TEMPLOG : WellhouseOne | 116.600
2016-12-27 06:28:42 | TEMPLOG : WellhouseOne | 090.500
2016-12-27 06:28:43 | TEMPLOG : To   GeoLoop | 036.500
2016-12-27 06:29:43 | TEMPLOG : WellhouseOne | 076.100
2016-12-27 06:29:44 | TEMPLOG : To   GeoLoop | 037.400
2016-12-27 06:30:44 | TEMPLOG : WellhouseOne | 068.000
2016-12-27 06:30:45 | TEMPLOG : To   GeoLoop | 036.500
2016-12-27 06:31:45 | TEMPLOG : WellhouseOne | 061.700
2016-12-27 06:31:46 | TEMPLOG : To   GeoLoop | 037.400
2016-12-27 06:32:46 | TEMPLOG : WellhouseOne | 058.100
2016-12-27 06:32:47 | TEMPLOG : To   GeoLoop | 036.500
2016-12-27 06:33:47 | TEMPLOG : WellhouseOne | 053.600
2016-12-27 06:34:48 | TEMPLOG : WellhouseOne | 050.900
2016-12-27 06:34:49 | TEMPLOG : Table    One | 023.900
2016-12-27 06:35:49 | TEMPLOG : WellhouseOne | 050.000
2016-12-27 06:36:50 | TEMPLOG : WellhouseOne | 048.200
2016-12-27 06:37:53 | TEMPLOG : WellhouseOne | 047.300
2016-12-27 06:38:54 | TEMPLOG : WellhouseOne | 046.400
2016-12-27 06:39:55 | TEMPLOG : WellhouseOne | 045.500
2016-12-27 06:40:56 | TEMPLOG : WellhouseOne | 043.700
2016-12-27 06:41:57 | TEMPLOG : WellhouseOne | 041.900
2016-12-27 06:44:00 | TEMPLOG : WellhouseOne | 040.100
2016-12-27 06:45:02 | TEMPLOG : WellhouseOne | 039.200
2016-12-27 06:46:03 | TEMPLOG : WellhouseOne | 038.300
2016-12-27 06:47:05 | TEMPLOG : WellhouseOne | 039.200
2016-12-27 06:48:06 | TEMPLOG : WellhouseOne | 066.200
2016-12-27 06:49:07 | TEMPLOG : WellhouseOne | 104.900
2016-12-27 06:50:09 | TEMPLOG : WellhouseOne | 114.800
2016-12-27 06:50:09 | TEMPLOG : Bio   Filter | 023.900
2016-12-27 06:51:10 | TEMPLOG : WellhouseOne | 121.100
2016-12-27 06:52:12 | TEMPLOG : WellhouseOne | 126.500
2016-12-27 06:52:12 | TEMPLOG : Bio   Filter | 024.800
2016-12-27 06:53:13 | TEMPLOG : WellhouseOne | 131.000
2016-12-27 06:54:14 | TEMPLOG : WellhouseOne | 130.100
2016-12-27 06:55:16 | TEMPLOG : WellhouseOne | 128.300
2016-12-27 06:56:17 | TEMPLOG : WellhouseOne | 130.100
2016-12-27 06:58:19 | TEMPLOG : WellhouseOne | 131.900
2016-12-27 07:00:22 | TEMPLOG : WellhouseOne | 105.800
2016-12-27 07:00:22 | TEMPLOG : Bio   Filter | 024.800
2016-12-27 07:00:22 | TEMPLOG : To   GeoLoop | 036.500
2016-12-27 07:00:22 | TEMPLOG : Table    One | 023.900
2016-12-27 07:01:23 | TEMPLOG : WellhouseOne | 086.000
2016-12-27 07:02:23 | TEMPLOG : WellhouseOne | 075.200
2016-12-27 07:03:25 | TEMPLOG : WellhouseOne | 067.100
2016-12-27 07:04:26 | TEMPLOG : WellhouseOne | 061.700
2016-12-27 07:05:27 | TEMPLOG : WellhouseOne | 057.200
2016-12-27 07:06:28 | TEMPLOG : WellhouseOne | 053.600
2016-12-27 07:06:29 | TEMPLOG : Bio   Filter | 023.900
2016-12-27 07:07:29 | TEMPLOG : WellhouseOne | 050.900
2016-12-27 07:08:31 | TEMPLOG : WellhouseOne | 050.000
2016-12-27 07:09:32 | TEMPLOG : WellhouseOne | 048.200
2016-12-27 07:10:33 | TEMPLOG : WellhouseOne | 047.300
2016-12-27 07:11:34 | TEMPLOG : WellhouseOne | 046.400
2016-12-27 07:12:35 | TEMPLOG : WellhouseOne | 045.500
2016-12-27 07:13:36 | TEMPLOG : WellhouseOne | 044.600
2016-12-27 07:13:37 | TEMPLOG : Bio   Filter | 024.800
2016-12-27 07:14:38 | TEMPLOG : WellhouseOne | 043.700
2016-12-27 07:14:38 | TEMPLOG : Bio   Filter | 023.900
2016-12-27 07:15:40 | TEMPLOG : Bio   Filter | 024.800
2016-12-27 07:16:41 | TEMPLOG : WellhouseOne | 042.800
2016-12-27 07:16:41 | TEMPLOG : Bio   Filter | 023.900
2016-12-27 07:17:42 | TEMPLOG : WellhouseOne | 041.900
2016-12-27 07:19:45 | TEMPLOG : WellhouseOne | 041.000
2016-12-27 07:20:46 | TEMPLOG : WellhouseOne | 072.500
2016-12-27 07:21:47 | TEMPLOG : WellhouseOne | 106.700
2016-12-27 07:21:48 | TEMPLOG : Bio   Filter | 024.800
2016-12-27 07:22:48 | TEMPLOG : WellhouseOne | 117.500
2016-12-27 07:22:48 | TEMPLOG : Bio   Filter | 023.900
2016-12-27 07:23:49 | TEMPLOG : WellhouseOne | 122.900
2016-12-27 07:23:49 | TEMPLOG : Bio   Filter | 024.800
2016-12-27 07:24:50 | TEMPLOG : WellhouseOne | 124.700
2016-12-27 07:25:52 | TEMPLOG : WellhouseOne | 129.200
2016-12-27 07:26:53 | TEMPLOG : WellhouseOne | 131.000
2016-12-27 07:27:55 | TEMPLOG : WellhouseOne | 132.800
2016-12-27 07:29:58 | TEMPLOG : WellhouseOne | 133.700
2016-12-27 07:30:59 | TEMPLOG : WellhouseOne | 132.800
2016-12-27 07:32:00 | TEMPLOG : WellhouseOne | 135.500
2016-12-27 07:33:02 | TEMPLOG : WellhouseOne | 136.400
2016-12-27 07:34:02 | TEMPLOG : WellhouseOne | 138.200
2016-12-27 07:34:04 | TEMPLOG : Table    One | 024.800
2016-12-27 07:35:04 | TEMPLOG : WellhouseOne | 130.100
2016-12-27 07:36:04 | TEMPLOG : WellhouseOne | 095.900
2016-12-27 07:37:06 | TEMPLOG : WellhouseOne | 080.600
2016-12-27 07:37:06 | TEMPLOG : Bio   Filter | 025.700
2016-12-27 07:37:06 | TEMPLOG : Table    One | 025.700
2016-12-27 07:38:07 | TEMPLOG : WellhouseOne | 072.500
2016-12-27 07:39:08 | TEMPLOG : WellhouseOne | 065.300
2016-12-27 07:40:09 | TEMPLOG : WellhouseOne | 060.800
2016-12-27 07:41:11 | TEMPLOG : WellhouseOne | 056.300
2016-12-27 07:41:11 | TEMPLOG : Bio   Filter | 026.600
2016-12-27 07:41:11 | TEMPLOG : To   GeoLoop | 037.400
2016-12-27 07:41:12 | TEMPLOG : Table    One | 026.600
2016-12-27 07:42:12 | TEMPLOG : WellhouseOne | 053.600
2016-12-27 07:43:14 | TEMPLOG : WellhouseOne | 051.800
2016-12-27 07:44:16 | TEMPLOG : WellhouseOne | 050.900
2016-12-27 07:44:17 | TEMPLOG : Bio   Filter | 027.500
2016-12-27 07:45:18 | TEMPLOG : WellhouseOne | 050.000
2016-12-27 07:45:19 | TEMPLOG : Table    One | 027.500
2016-12-27 07:46:19 | TEMPLOG : WellhouseOne | 049.100
2016-12-27 07:47:20 | TEMPLOG : WellhouseOne | 047.300
2016-12-27 07:48:21 | TEMPLOG : WellhouseOne | 046.400
2016-12-27 07:48:21 | TEMPLOG : Bio   Filter | 028.400
2016-12-27 07:48:22 | TEMPLOG : Table    One | 028.400
2016-12-27 07:49:22 | TEMPLOG : WellhouseOne | 045.500
2016-12-27 07:50:24 | TEMPLOG : WellhouseOne | 044.600
2016-12-27 07:50:24 | TEMPLOG : Bio   Filter | 029.300
2016-12-27 07:51:25 | TEMPLOG : WellhouseOne | 043.700
2016-12-27 07:51:26 | TEMPLOG : Table    One | 029.300
2016-12-27 07:52:26 | TEMPLOG : WellhouseOne | 042.800
2016-12-27 07:52:26 | TEMPLOG : Bio   Filter | 030.200
2016-12-27 07:54:28 | TEMPLOG : WellhouseOne | 041.900
2016-12-27 07:54:29 | TEMPLOG : Bio   Filter | 031.100
2016-12-27 07:54:29 | TEMPLOG : Table    One | 030.200
2016-12-27 07:56:31 | TEMPLOG : WellhouseOne | 095.000
2016-12-27 07:57:33 | TEMPLOG : WellhouseOne | 112.100
2016-12-27 07:57:34 | TEMPLOG : Table    One | 031.100
2016-12-27 07:58:34 | TEMPLOG : WellhouseOne | 122.000
2016-12-27 07:58:35 | TEMPLOG : Bio   Filter | 032.900
2016-12-27 07:58:35 | TEMPLOG : To   GeoLoop | 038.300
2016-12-27 07:59:35 | TEMPLOG : WellhouseOne | 124.700
2016-12-27 07:59:36 | TEMPLOG : Bio   Filter | 033.800
2016-12-27 07:59:36 | TEMPLOG : To   GeoLoop | 037.400
2016-12-27 08:00:37 | TEMPLOG : WellhouseOne | 126.500
2016-12-27 08:00:37 | TEMPLOG : Bio   Filter | 034.700
2016-12-27 08:00:38 | TEMPLOG : To   GeoLoop | 038.300
2016-12-27 08:01:39 | TEMPLOG : WellhouseOne | 129.200
2016-12-27 08:02:41 | TEMPLOG : WellhouseOne | 132.800
2016-12-27 08:02:41 | TEMPLOG : Bio   Filter | 035.600
2016-12-27 08:03:43 | TEMPLOG : WellhouseOne | 131.000
2016-12-27 08:04:44 | TEMPLOG : WellhouseOne | 135.500
2016-12-27 08:04:44 | TEMPLOG : Table    One | 032.900
2016-12-27 08:05:45 | TEMPLOG : WellhouseOne | 134.600
2016-12-27 08:05:45 | TEMPLOG : Bio   Filter | 036.500
2016-12-27 08:06:47 | TEMPLOG : WellhouseOne | 137.300
2016-12-27 08:07:49 | TEMPLOG : WellhouseOne | 113.000
2016-12-27 08:08:50 | TEMPLOG : WellhouseOne | 089.600
2016-12-27 08:09:52 | TEMPLOG : WellhouseOne | 077.000
2016-12-27 08:09:52 | TEMPLOG : Bio   Filter | 037.400
2016-12-27 08:09:53 | TEMPLOG : Table    One | 033.800
2016-12-27 08:10:54 | TEMPLOG : WellhouseOne | 069.800
2016-12-27 08:11:55 | TEMPLOG : WellhouseOne | 064.400
2016-12-27 08:11:56 | TEMPLOG : Table    One | 032.900
2016-12-27 08:12:56 | TEMPLOG : WellhouseOne | 059.900
2016-12-27 08:13:57 | TEMPLOG : WellhouseOne | 057.200
2016-12-27 08:14:58 | TEMPLOG : WellhouseOne | 054.500
2016-12-27 08:14:58 | TEMPLOG : Bio   Filter | 038.300
2016-12-27 08:14:58 | TEMPLOG : Table    One | 033.800
2016-12-27 08:15:58 | TEMPLOG : WellhouseOne | 051.800
2016-12-27 08:16:59 | TEMPLOG : WellhouseOne | 050.000
2016-12-27 08:17:00 | TEMPLOG : To   GeoLoop | 039.200
2016-12-27 08:18:00 | TEMPLOG : WellhouseOne | 048.200
2016-12-27 08:18:01 | TEMPLOG : Bio   Filter | 039.200
2016-12-27 08:19:03 | TEMPLOG : WellhouseOne | 047.300
2016-12-27 08:20:03 | TEMPLOG : WellhouseOne | 046.400
2016-12-27 08:21:06 | TEMPLOG : WellhouseOne | 044.600
2016-12-27 08:22:07 | TEMPLOG : Bio   Filter | 040.100
2016-12-27 08:24:10 | TEMPLOG : WellhouseOne | 043.700
2016-12-27 08:24:10 | TEMPLOG : Bio   Filter | 041.000
2016-12-27 08:25:10 | TEMPLOG : WellhouseOne | 042.800
2016-12-27 08:26:12 | TEMPLOG : WellhouseOne | 041.900
2016-12-27 08:27:13 | TEMPLOG : WellhouseOne | 041.000
2016-12-27 08:27:14 | TEMPLOG : Bio   Filter | 041.900
2016-12-27 08:29:16 | TEMPLOG : WellhouseOne | 086.000
2016-12-27 08:29:17 | TEMPLOG : Bio   Filter | 042.800
2016-12-27 08:30:17 | TEMPLOG : WellhouseOne | 111.200
2016-12-27 08:31:18 | TEMPLOG : WellhouseOne | 120.200
2016-12-27 08:32:20 | TEMPLOG : WellhouseOne | 127.400
2016-12-27 08:32:20 | TEMPLOG : Bio   Filter | 043.700
2016-12-27 08:33:20 | TEMPLOG : WellhouseOne | 131.000
2016-12-27 08:34:21 | TEMPLOG : WellhouseOne | 134.600
2016-12-27 08:35:23 | TEMPLOG : WellhouseOne | 137.300
2016-12-27 08:36:24 | TEMPLOG : WellhouseOne | 138.200
2016-12-27 08:36:25 | TEMPLOG : To   GeoLoop | 040.100
2016-12-27 08:37:26 | TEMPLOG : WellhouseOne | 097.700
2016-12-27 08:37:26 | TEMPLOG : Bio   Filter | 044.600
2016-12-27 08:38:27 | TEMPLOG : WellhouseOne | 081.500
2016-12-27 08:38:28 | TEMPLOG : Table    One | 034.700
2016-12-27 08:39:28 | TEMPLOG : WellhouseOne | 071.600
2016-12-27 08:40:29 | TEMPLOG : WellhouseOne | 064.400
2016-12-27 08:41:30 | TEMPLOG : WellhouseOne | 059.900
2016-12-27 08:42:31 | TEMPLOG : WellhouseOne | 055.400
2016-12-27 08:43:33 | TEMPLOG : WellhouseOne | 052.700
2016-12-27 08:44:34 | TEMPLOG : WellhouseOne | 050.900
2016-12-27 08:45:35 | TEMPLOG : WellhouseOne | 050.000
2016-12-27 08:46:36 | TEMPLOG : WellhouseOne | 049.100
2016-12-27 08:46:36 | TEMPLOG : Bio   Filter | 045.500
2016-12-27 08:47:38 | TEMPLOG : WellhouseOne | 048.200
2016-12-27 08:48:39 | TEMPLOG : WellhouseOne | 047.300
2016-12-27 08:48:39 | TEMPLOG : Bio   Filter | 046.400
2016-12-27 08:48:40 | TEMPLOG : Table    One | 035.600
2016-12-27 08:49:41 | TEMPLOG : WellhouseOne | 046.400
2016-12-27 08:50:42 | TEMPLOG : WellhouseOne | 045.500
2016-12-27 08:51:44 | TEMPLOG : WellhouseOne | 044.600
2016-12-27 08:52:45 | TEMPLOG : WellhouseOne | 043.700
2016-12-27 08:52:45 | TEMPLOG : Bio   Filter | 047.300
2016-12-27 08:53:46 | TEMPLOG : WellhouseOne | 042.800
2016-12-27 08:55:49 | TEMPLOG : WellhouseOne | 041.900
2016-12-27 08:56:50 | TEMPLOG : WellhouseOne | 041.000
2016-12-27 08:56:50 | TEMPLOG : To   GeoLoop | 041.000
2016-12-27 08:58:52 | TEMPLOG : WellhouseOne | 088.700
2016-12-27 08:59:53 | TEMPLOG : WellhouseOne | 113.000
2016-12-27 08:59:54 | TEMPLOG : Bio   Filter | 048.200
2016-12-27 09:00:54 | TEMPLOG : WellhouseOne | 122.900
2016-12-27 09:00:55 | TEMPLOG : Bio   Filter | 048.200
2016-12-27 09:00:55 | TEMPLOG : To   GeoLoop | 041.000
2016-12-27 09:00:55 | TEMPLOG : Table    One | 035.600
2016-12-27 09:01:55 | TEMPLOG : WellhouseOne | 128.300
2016-12-27 09:01:56 | TEMPLOG : Table    One | 036.500
2016-12-27 09:02:56 | TEMPLOG : WellhouseOne | 132.800
2016-12-27 09:03:58 | TEMPLOG : WellhouseOne | 137.300
2016-12-27 09:05:00 | TEMPLOG : WellhouseOne | 122.900
2016-12-27 09:06:01 | TEMPLOG : WellhouseOne | 091.400
2016-12-27 09:07:02 | TEMPLOG : WellhouseOne | 077.000
2016-12-27 09:08:04 | TEMPLOG : WellhouseOne | 068.900
2016-12-27 09:08:05 | TEMPLOG : Table    One | 037.400
2016-12-27 09:09:05 | TEMPLOG : WellhouseOne | 062.600
2016-12-27 09:10:07 | TEMPLOG : WellhouseOne | 057.200
2016-12-27 09:11:08 | TEMPLOG : WellhouseOne | 053.600
2016-12-27 09:12:09 | TEMPLOG : WellhouseOne | 050.900
2016-12-27 09:12:11 | TEMPLOG : Table    One | 038.300
2016-12-27 09:13:11 | TEMPLOG : WellhouseOne | 049.100
2016-12-27 09:13:11 | TEMPLOG : Bio   Filter | 049.100
2016-12-27 09:14:14 | TEMPLOG : WellhouseOne | 048.200
2016-12-27 09:15:16 | TEMPLOG : WellhouseOne | 047.300
2016-12-27 09:16:17 | TEMPLOG : WellhouseOne | 045.500
2016-12-27 09:16:18 | TEMPLOG : Table    One | 039.200
2016-12-27 09:17:19 | TEMPLOG : WellhouseOne | 044.600
2016-12-27 09:17:19 | TEMPLOG : Bio   Filter | 050.000
2016-12-27 09:18:20 | TEMPLOG : WellhouseOne | 043.700
2016-12-27 09:19:22 | TEMPLOG : WellhouseOne | 042.800
2016-12-27 09:20:24 | TEMPLOG : Table    One | 040.100
2016-12-27 09:21:24 | TEMPLOG : Bio   Filter | 050.900
2016-12-27 09:22:25 | TEMPLOG : WellhouseOne | 041.900
2016-12-27 09:23:27 | TEMPLOG : WellhouseOne | 041.000
2016-12-27 09:23:27 | TEMPLOG : Bio   Filter | 051.800
2016-12-27 09:24:28 | TEMPLOG : Table    One | 041.000
2016-12-27 09:25:29 | TEMPLOG : WellhouseOne | 040.100
2016-12-27 09:26:30 | TEMPLOG : WellhouseOne | 041.900
2016-12-27 09:27:31 | TEMPLOG : WellhouseOne | 104.000
2016-12-27 09:28:32 | TEMPLOG : WellhouseOne | 118.400
2016-12-27 09:28:33 | TEMPLOG : To   GeoLoop | 041.900
2016-12-27 09:29:33 | TEMPLOG : WellhouseOne | 127.400
2016-12-27 09:29:33 | TEMPLOG : Bio   Filter | 052.700
2016-12-27 09:29:34 | TEMPLOG : Table    One | 041.900
2016-12-27 09:30:34 | TEMPLOG : WellhouseOne | 131.900
2016-12-27 09:31:36 | TEMPLOG : WellhouseOne | 131.000
2016-12-27 09:31:36 | TEMPLOG : Bio   Filter | 053.600
2016-12-27 09:32:37 | TEMPLOG : WellhouseOne | 094.100
2016-12-27 09:33:39 | TEMPLOG : WellhouseOne | 077.900
2016-12-27 09:33:39 | TEMPLOG : Bio   Filter | 054.500
2016-12-27 09:34:40 | TEMPLOG : WellhouseOne | 067.100
2016-12-27 09:35:42 | TEMPLOG : WellhouseOne | 059.900
2016-12-27 09:35:43 | TEMPLOG : Table    One | 042.800
2016-12-27 09:36:44 | TEMPLOG : WellhouseOne | 055.400
2016-12-27 09:36:44 | TEMPLOG : Bio   Filter | 055.400
2016-12-27 09:37:45 | TEMPLOG : WellhouseOne | 051.800
2016-12-27 09:38:46 | TEMPLOG : WellhouseOne | 049.100
2016-12-27 09:39:47 | TEMPLOG : WellhouseOne | 046.400
2016-12-27 09:39:48 | TEMPLOG : Bio   Filter | 056.300
2016-12-27 09:40:49 | TEMPLOG : WellhouseOne | 045.500
2016-12-27 09:40:49 | TEMPLOG : Bio   Filter | 055.400
2016-12-27 09:41:50 | TEMPLOG : WellhouseOne | 044.600
2016-12-27 09:42:51 | TEMPLOG : WellhouseOne | 043.700
2016-12-27 09:43:52 | TEMPLOG : WellhouseOne | 042.800
2016-12-27 09:43:53 | TEMPLOG : Bio   Filter | 054.500
2016-12-27 09:44:54 | TEMPLOG : Table    One | 043.700
2016-12-27 09:45:54 | TEMPLOG : WellhouseOne | 041.900
2016-12-27 09:46:56 | TEMPLOG : WellhouseOne | 041.000
2016-12-27 09:46:56 | TEMPLOG : Bio   Filter | 053.600
2016-12-27 09:47:58 | TEMPLOG : WellhouseOne | 040.100
2016-12-27 09:50:00 | TEMPLOG : WellhouseOne | 039.200
2016-12-27 09:50:00 | TEMPLOG : Bio   Filter | 052.700
2016-12-27 09:51:01 | TEMPLOG : WellhouseOne | 038.300
2016-12-27 09:51:02 | TEMPLOG : Bio   Filter | 051.800
2016-12-27 09:52:02 | TEMPLOG : WellhouseOne | 039.200
2016-12-27 09:52:03 | TEMPLOG : To   GeoLoop | 042.800
2016-12-27 09:52:03 | TEMPLOG : Table    One | 044.600
2016-12-27 09:53:03 | TEMPLOG : WellhouseOne | 097.700
2016-12-27 09:53:03 | TEMPLOG : Bio   Filter | 050.900
2016-12-27 09:54:04 | TEMPLOG : WellhouseOne | 118.400
2016-12-27 09:55:06 | TEMPLOG : WellhouseOne | 128.300
2016-12-27 09:55:06 | TEMPLOG : Bio   Filter | 050.000
2016-12-27 09:56:07 | TEMPLOG : WellhouseOne | 134.600
2016-12-27 09:57:07 | TEMPLOG : WellhouseOne | 138.200
2016-12-27 09:57:08 | TEMPLOG : Bio   Filter | 049.100
2016-12-27 09:58:08 | TEMPLOG : WellhouseOne | 100.400
2016-12-27 09:58:09 | TEMPLOG : Table    One | 045.500
2016-12-27 09:59:09 | TEMPLOG : WellhouseOne | 079.700
2016-12-27 10:00:10 | TEMPLOG : WellhouseOne | 068.900
2016-12-27 10:00:11 | TEMPLOG : Bio   Filter | 049.100
2016-12-27 10:00:11 | TEMPLOG : To   GeoLoop | 042.800
2016-12-27 10:00:12 | TEMPLOG : Table    One | 045.500
2016-12-27 10:01:12 | TEMPLOG : WellhouseOne | 061.700
2016-12-27 10:01:12 | TEMPLOG : Bio   Filter | 048.200
2016-12-27 10:02:13 | TEMPLOG : WellhouseOne | 056.300
2016-12-27 10:02:14 | TEMPLOG : Table    One | 046.400
2016-12-27 10:03:14 | TEMPLOG : WellhouseOne | 052.700
2016-12-27 10:04:15 | TEMPLOG : WellhouseOne | 050.900
2016-12-27 10:04:17 | TEMPLOG : Table    One | 047.300
2016-12-27 10:05:17 | TEMPLOG : WellhouseOne | 049.100
2016-12-27 10:05:17 | TEMPLOG : Bio   Filter | 049.100
2016-12-27 10:06:18 | TEMPLOG : WellhouseOne | 047.300
2016-12-27 10:06:19 | TEMPLOG : To   GeoLoop | 043.700
2016-12-27 10:06:19 | TEMPLOG : Table    One | 048.200
2016-12-27 10:07:20 | TEMPLOG : WellhouseOne | 046.400
2016-12-27 10:08:20 | TEMPLOG : WellhouseOne | 044.600
2016-12-27 10:08:21 | TEMPLOG : Table    One | 049.100
2016-12-27 10:09:23 | TEMPLOG : Table    One | 050.000
2016-12-27 10:10:23 | TEMPLOG : WellhouseOne | 043.700
2016-12-27 10:10:23 | TEMPLOG : Table    One | 050.900
2016-12-27 10:11:26 | TEMPLOG : Table    One | 052.700
2016-12-27 10:12:26 | TEMPLOG : WellhouseOne | 042.800
2016-12-27 10:12:26 | TEMPLOG : Table    One | 054.500
2016-12-27 10:13:27 | TEMPLOG : WellhouseOne | 041.900
2016-12-27 10:13:28 | TEMPLOG : Table    One | 056.300
2016-12-27 10:14:28 | TEMPLOG : WellhouseOne | 041.000
2016-12-27 10:14:29 | TEMPLOG : Table    One | 057.200
2016-12-27 10:15:31 | TEMPLOG : Table    One | 058.100
2016-12-27 10:16:31 | TEMPLOG : WellhouseOne | 040.100
2016-12-27 10:16:32 | TEMPLOG : To   GeoLoop | 044.600
2016-12-27 10:16:32 | TEMPLOG : Table    One | 059.000
2016-12-27 10:17:33 | TEMPLOG : To   GeoLoop | 043.700
2016-12-27 10:18:34 | TEMPLOG : To   GeoLoop | 044.600
2016-12-27 10:19:35 | TEMPLOG : WellhouseOne | 093.200
2016-12-27 10:20:36 | TEMPLOG : WellhouseOne | 116.600
2016-12-27 10:20:36 | TEMPLOG : Table    One | 059.900
2016-12-27 10:21:37 | TEMPLOG : WellhouseOne | 126.500
2016-12-27 10:21:37 | TEMPLOG : Bio   Filter | 050.000
2016-12-27 10:22:38 | TEMPLOG : WellhouseOne | 132.800
2016-12-27 10:23:39 | TEMPLOG : WellhouseOne | 121.100
2016-12-27 10:24:40 | TEMPLOG : WellhouseOne | 088.700
2016-12-27 10:25:41 | TEMPLOG : WellhouseOne | 076.100
2016-12-27 10:25:42 | TEMPLOG : Table    One | 060.800
2016-12-27 10:26:42 | TEMPLOG : WellhouseOne | 066.200
2016-12-27 10:26:43 | TEMPLOG : Bio   Filter | 050.900
2016-12-27 10:27:44 | TEMPLOG : WellhouseOne | 059.900
2016-12-27 10:28:46 | TEMPLOG : WellhouseOne | 056.300
2016-12-27 10:28:47 | TEMPLOG : Table    One | 061.700
2016-12-27 10:29:47 | TEMPLOG : WellhouseOne | 054.500
2016-12-27 10:29:48 | TEMPLOG : To   GeoLoop | 045.500
2016-12-27 10:30:49 | TEMPLOG : WellhouseOne | 051.800
2016-12-27 10:30:51 | TEMPLOG : Table    One | 062.600
2016-12-27 10:31:51 | TEMPLOG : WellhouseOne | 050.900
2016-12-27 10:31:52 | TEMPLOG : Table    One | 063.500
2016-12-27 10:32:52 | TEMPLOG : WellhouseOne | 048.200
2016-12-27 10:33:55 | TEMPLOG : WellhouseOne | 047.300
2016-12-27 10:33:55 | TEMPLOG : Table    One | 064.400
2016-12-27 10:34:55 | TEMPLOG : WellhouseOne | 046.400
2016-12-27 10:34:55 | TEMPLOG : Bio   Filter | 051.800
2016-12-27 10:35:56 | TEMPLOG : WellhouseOne | 045.500
2016-12-27 10:35:57 | TEMPLOG : Table    One | 065.300
2016-12-27 10:37:59 | TEMPLOG : WellhouseOne | 044.600
2016-12-27 10:38:00 | TEMPLOG : Table    One | 066.200
2016-12-27 10:39:00 | TEMPLOG : WellhouseOne | 043.700
2016-12-27 10:40:01 | TEMPLOG : WellhouseOne | 042.800
2016-12-27 10:40:02 | TEMPLOG : Table    One | 067.100
2016-12-27 10:42:04 | TEMPLOG : WellhouseOne | 041.900
2016-12-27 10:44:06 | TEMPLOG : WellhouseOne | 041.000
2016-12-27 10:44:07 | TEMPLOG : Table    One | 068.000
2016-12-27 10:45:07 | TEMPLOG : WellhouseOne | 040.100
2016-12-27 10:46:09 | TEMPLOG : WellhouseOne | 071.600
2016-12-27 10:47:09 | TEMPLOG : WellhouseOne | 111.200
2016-12-27 10:48:10 | TEMPLOG : WellhouseOne | 125.600
2016-12-27 10:48:11 | TEMPLOG : Bio   Filter | 052.700
2016-12-27 10:48:12 | TEMPLOG : Table    One | 068.900
2016-12-27 10:49:13 | TEMPLOG : WellhouseOne | 134.600
2016-12-27 10:50:13 | TEMPLOG : WellhouseOne | 109.400
2016-12-27 10:51:14 | TEMPLOG : WellhouseOne | 082.400
2016-12-27 10:52:16 | TEMPLOG : WellhouseOne | 069.800
2016-12-27 10:52:17 | TEMPLOG : Table    One | 069.800
2016-12-27 10:53:17 | TEMPLOG : WellhouseOne | 063.500
2016-12-27 10:54:19 | TEMPLOG : WellhouseOne | 058.100
2016-12-27 10:54:20 | TEMPLOG : Table    One | 070.700
2016-12-27 10:55:20 | TEMPLOG : WellhouseOne | 054.500
2016-12-27 10:55:20 | TEMPLOG : Bio   Filter | 053.600
2016-12-27 10:55:20 | TEMPLOG : Table    One | 071.600
2016-12-27 10:56:21 | TEMPLOG : WellhouseOne | 051.800
2016-12-27 10:57:22 | TEMPLOG : WellhouseOne | 050.000
2016-12-27 10:57:23 | TEMPLOG : Table    One | 072.500
2016-12-27 10:58:23 | TEMPLOG : WellhouseOne | 049.100
2016-12-27 10:58:24 | TEMPLOG : Table    One | 073.400
2016-12-27 10:59:24 | TEMPLOG : WellhouseOne | 047.300
2016-12-27 10:59:24 | TEMPLOG : Bio   Filter | 054.500
2016-12-27 11:00:25 | TEMPLOG : WellhouseOne | 046.400
2016-12-27 11:00:25 | TEMPLOG : Bio   Filter | 054.500
2016-12-27 11:00:25 | TEMPLOG : To   GeoLoop | 045.500
2016-12-27 11:00:26 | TEMPLOG : Table    One | 073.400
2016-12-27 11:01:27 | TEMPLOG : Table    One | 074.300
2016-12-27 11:02:29 | TEMPLOG : Bio   Filter | 055.400
2016-12-27 11:03:30 | TEMPLOG : WellhouseOne | 045.500
2016-12-27 11:04:31 | TEMPLOG : WellhouseOne | 044.600
2016-12-27 11:05:32 | TEMPLOG : WellhouseOne | 043.700
2016-12-27 11:05:32 | TEMPLOG : Bio   Filter | 056.300
2016-12-27 11:06:33 | TEMPLOG : WellhouseOne | 042.800
2016-12-27 11:06:33 | TEMPLOG : Bio   Filter | 057.200
2016-12-27 11:08:36 | TEMPLOG : Bio   Filter | 058.100
2016-12-27 11:09:36 | TEMPLOG : WellhouseOne | 041.900
2016-12-27 11:09:36 | TEMPLOG : Bio   Filter | 059.000
2016-12-27 11:10:37 | TEMPLOG : WellhouseOne | 042.800
2016-12-27 11:10:37 | TEMPLOG : Bio   Filter | 060.800
2016-12-27 11:11:38 | TEMPLOG : WellhouseOne | 041.900
2016-12-27 11:11:38 | TEMPLOG : Bio   Filter | 062.600
2016-12-27 11:12:40 | TEMPLOG : WellhouseOne | 069.800
2016-12-27 11:12:40 | TEMPLOG : Bio   Filter | 065.300
2016-12-27 11:13:41 | TEMPLOG : WellhouseOne | 118.400
2016-12-27 11:13:41 | TEMPLOG : Bio   Filter | 068.000
2016-12-27 11:14:41 | TEMPLOG : WellhouseOne | 131.000
2016-12-27 11:14:42 | TEMPLOG : Bio   Filter | 069.800
2016-12-27 11:15:43 | TEMPLOG : WellhouseOne | 111.200
2016-12-27 11:15:43 | TEMPLOG : Bio   Filter | 071.600
2016-12-27 11:15:43 | TEMPLOG : Table    One | 075.200
2016-12-27 11:16:44 | TEMPLOG : WellhouseOne | 084.200
2016-12-27 11:16:45 | TEMPLOG : Bio   Filter | 072.500
2016-12-27 11:16:46 | TEMPLOG : Table    One | 074.300
2016-12-27 11:17:46 | TEMPLOG : WellhouseOne | 071.600
2016-12-27 11:17:46 | TEMPLOG : Bio   Filter | 074.300
2016-12-27 11:17:48 | TEMPLOG : Table    One | 075.200
2016-12-27 11:18:48 | TEMPLOG : WellhouseOne | 063.500
2016-12-27 11:18:48 | TEMPLOG : Bio   Filter | 075.200
2016-12-27 11:19:49 | TEMPLOG : WellhouseOne | 057.200
2016-12-27 11:19:49 | TEMPLOG : Bio   Filter | 076.100
2016-12-27 11:20:50 | TEMPLOG : WellhouseOne | 053.600
2016-12-27 11:21:50 | TEMPLOG : WellhouseOne | 052.700
2016-12-27 11:21:50 | TEMPLOG : Bio   Filter | 077.000
2016-12-27 11:22:51 | TEMPLOG : WellhouseOne | 050.900
2016-12-27 11:23:53 | TEMPLOG : WellhouseOne | 049.100
2016-12-27 11:24:54 | TEMPLOG : WellhouseOne | 047.300
2016-12-27 11:25:55 | TEMPLOG : To   GeoLoop | 046.400
2016-12-27 11:26:56 | TEMPLOG : WellhouseOne | 046.400
2016-12-27 11:26:57 | TEMPLOG : Table    One | 076.100
2016-12-27 11:27:57 | TEMPLOG : Table    One | 075.200
2016-12-27 11:28:58 | TEMPLOG : WellhouseOne | 045.500
2016-12-27 11:28:58 | TEMPLOG : Bio   Filter | 077.900
2016-12-27 11:30:59 | TEMPLOG : WellhouseOne | 044.600
2016-12-27 11:31:00 | TEMPLOG : Bio   Filter | 077.000
2016-12-27 11:33:03 | TEMPLOG : Table    One | 076.100
2016-12-27 11:35:04 | TEMPLOG : Bio   Filter | 076.100
2016-12-27 11:36:04 | TEMPLOG : WellhouseOne | 043.700
2016-12-27 11:36:05 | TEMPLOG : Table    One | 075.200
2016-12-27 11:37:06 | TEMPLOG : Bio   Filter | 075.200
2016-12-27 11:37:06 | TEMPLOG : Table    One | 076.100
2016-12-27 11:39:08 | TEMPLOG : WellhouseOne | 042.800
2016-12-27 11:39:09 | TEMPLOG : Table    One | 077.000
2016-12-27 11:40:09 | TEMPLOG : WellhouseOne | 088.700
2016-12-27 11:40:09 | TEMPLOG : Bio   Filter | 074.300
2016-12-27 11:40:11 | TEMPLOG : Table    One | 077.900
2016-12-27 11:41:11 | TEMPLOG : WellhouseOne | 120.200
2016-12-27 11:42:12 | TEMPLOG : WellhouseOne | 129.200
2016-12-27 11:42:13 | TEMPLOG : Table    One | 078.800
2016-12-27 11:43:13 | TEMPLOG : WellhouseOne | 093.200
2016-12-27 11:44:14 | TEMPLOG : WellhouseOne | 077.000
2016-12-27 11:44:15 | TEMPLOG : Table    One | 077.900
2016-12-27 11:45:15 | TEMPLOG : WellhouseOne | 068.900
2016-12-27 11:45:15 | TEMPLOG : Bio   Filter | 073.400
2016-12-27 11:46:16 | TEMPLOG : WellhouseOne | 062.600
2016-12-27 11:46:17 | TEMPLOG : Bio   Filter | 072.500
2016-12-27 11:47:18 | TEMPLOG : WellhouseOne | 059.000
2016-12-27 11:47:19 | TEMPLOG : Bio   Filter | 071.600
2016-12-27 11:48:19 | TEMPLOG : WellhouseOne | 054.500
2016-12-27 11:49:21 | TEMPLOG : WellhouseOne | 052.700
2016-12-27 11:49:22 | TEMPLOG : Bio   Filter | 070.700
2016-12-27 11:50:22 | TEMPLOG : WellhouseOne | 051.800
2016-12-27 11:51:24 | TEMPLOG : WellhouseOne | 050.000
2016-12-27 11:52:25 | TEMPLOG : WellhouseOne | 048.200
2016-12-27 11:52:25 | TEMPLOG : Bio   Filter | 071.600
2016-12-27 11:54:27 | TEMPLOG : WellhouseOne | 047.300
2016-12-27 11:55:28 | TEMPLOG : WellhouseOne | 046.400
2016-12-27 11:55:28 | TEMPLOG : Bio   Filter | 072.500
2016-12-27 11:56:29 | TEMPLOG : Bio   Filter | 073.400
2016-12-27 11:57:31 | TEMPLOG : Table    One | 078.800
2016-12-27 11:58:31 | TEMPLOG : Bio   Filter | 074.300
2016-12-27 11:58:32 | TEMPLOG : Table    One | 077.900
2016-12-27 11:59:32 | TEMPLOG : WellhouseOne | 045.500
2016-12-27 11:59:32 | TEMPLOG : Bio   Filter | 075.200
2016-12-27 12:00:33 | TEMPLOG : WellhouseOne | 045.500
2016-12-27 12:00:34 | TEMPLOG : Bio   Filter | 076.100
2016-12-27 12:00:34 | TEMPLOG : To   GeoLoop | 046.400
2016-12-27 12:00:34 | TEMPLOG : Table    One | 077.900
2016-12-27 12:01:34 | TEMPLOG : Bio   Filter | 077.000
2016-12-27 12:02:35 | TEMPLOG : WellhouseOne | 044.600
2016-12-27 12:02:35 | TEMPLOG : Bio   Filter | 077.900
2016-12-27 12:03:37 | TEMPLOG : WellhouseOne | 045.500
2016-12-27 12:03:37 | TEMPLOG : Bio   Filter | 078.800
2016-12-27 12:03:37 | TEMPLOG : To   GeoLoop | 047.300
2016-12-27 12:03:37 | TEMPLOG : Table    One | 077.000
2016-12-27 12:04:37 | TEMPLOG : WellhouseOne | 044.600
2016-12-27 12:04:38 | TEMPLOG : Bio   Filter | 079.700
2016-12-27 12:04:38 | TEMPLOG : Table    One | 077.900
2016-12-27 12:05:38 | TEMPLOG : WellhouseOne | 043.700
2016-12-27 12:06:39 | TEMPLOG : WellhouseOne | 044.600
2016-12-27 12:07:40 | TEMPLOG : WellhouseOne | 043.700
2016-12-27 12:07:41 | TEMPLOG : Bio   Filter | 080.600
2016-12-27 12:08:42 | TEMPLOG : WellhouseOne | 098.600
2016-12-27 12:08:43 | TEMPLOG : Table    One | 078.800
2016-12-27 12:09:43 | TEMPLOG : WellhouseOne | 124.700
2016-12-27 12:10:45 | TEMPLOG : WellhouseOne | 112.100
2016-12-27 12:10:45 | TEMPLOG : Bio   Filter | 081.500
2016-12-27 12:11:45 | TEMPLOG : WellhouseOne | 086.000
2016-12-27 12:12:46 | TEMPLOG : WellhouseOne | 075.200
2016-12-27 12:13:47 | TEMPLOG : WellhouseOne | 067.100
2016-12-27 12:13:48 | TEMPLOG : Bio   Filter | 082.400
2016-12-27 12:14:49 | TEMPLOG : WellhouseOne | 060.800
2016-12-27 12:15:51 | TEMPLOG : WellhouseOne | 057.200
2016-12-27 12:16:52 | TEMPLOG : WellhouseOne | 054.500
2016-12-27 12:17:53 | TEMPLOG : WellhouseOne | 052.700
2016-12-27 12:17:53 | TEMPLOG : Bio   Filter | 081.500
2016-12-27 12:17:53 | TEMPLOG : To   GeoLoop | 048.200
2016-12-27 12:18:54 | TEMPLOG : WellhouseOne | 050.900
2016-12-27 12:19:56 | TEMPLOG : WellhouseOne | 049.100
2016-12-27 12:19:56 | TEMPLOG : Bio   Filter | 082.400
2016-12-27 12:20:57 | TEMPLOG : WellhouseOne | 050.000
2016-12-27 12:22:00 | TEMPLOG : WellhouseOne | 049.100
2016-12-27 12:22:00 | TEMPLOG : Table    One | 079.700
2016-12-27 12:23:01 | TEMPLOG : WellhouseOne | 048.200
2016-12-27 12:24:02 | TEMPLOG : WellhouseOne | 047.300
2016-12-27 12:26:04 | TEMPLOG : WellhouseOne | 046.400
2016-12-27 12:27:05 | TEMPLOG : WellhouseOne | 047.300
2016-12-27 12:28:06 | TEMPLOG : WellhouseOne | 046.400
2016-12-27 12:28:06 | TEMPLOG : Bio   Filter | 083.300
2016-12-27 12:28:07 | TEMPLOG : Table    One | 080.600
2016-12-27 12:29:07 | TEMPLOG : Bio   Filter | 082.400
2016-12-27 12:29:08 | TEMPLOG : Table    One | 079.700
2016-12-27 12:30:08 | TEMPLOG : WellhouseOne | 045.500
2016-12-27 12:30:09 | TEMPLOG : Table    One | 080.600
2016-12-27 12:34:15 | TEMPLOG : WellhouseOne | 044.600
2016-12-27 12:34:16 | TEMPLOG : To   GeoLoop | 049.100
2016-12-27 12:36:18 | TEMPLOG : Table    One | 081.500
2016-12-27 12:37:18 | TEMPLOG : WellhouseOne | 088.700
2016-12-27 12:37:19 | TEMPLOG : Table    One | 080.600
2016-12-27 12:38:19 | TEMPLOG : WellhouseOne | 121.100
2016-12-27 12:38:19 | TEMPLOG : Bio   Filter | 083.300
2016-12-27 12:39:20 | TEMPLOG : WellhouseOne | 132.800
2016-12-27 12:39:20 | TEMPLOG : Bio   Filter | 082.400
2016-12-27 12:40:21 | TEMPLOG : WellhouseOne | 089.600
2016-12-27 12:41:22 | TEMPLOG : WellhouseOne | 075.200
2016-12-27 12:42:23 | TEMPLOG : WellhouseOne | 068.900
2016-12-27 12:43:25 | TEMPLOG : WellhouseOne | 062.600
2016-12-27 12:43:25 | TEMPLOG : To   GeoLoop | 050.000
2016-12-27 12:44:27 | TEMPLOG : WellhouseOne | 058.100
2016-12-27 12:44:27 | TEMPLOG : Bio   Filter | 081.500
2016-12-27 12:44:29 | TEMPLOG : Table    One | 081.500
2016-12-27 12:45:29 | TEMPLOG : WellhouseOne | 055.400
2016-12-27 12:46:30 | TEMPLOG : WellhouseOne | 054.500
2016-12-27 12:46:31 | TEMPLOG : To   GeoLoop | 050.900
2016-12-27 12:47:31 | TEMPLOG : WellhouseOne | 051.800
2016-12-27 12:47:31 | TEMPLOG : Bio   Filter | 082.400
2016-12-27 12:47:32 | TEMPLOG : Table    One | 082.400
2016-12-27 12:48:32 | TEMPLOG : WellhouseOne | 050.900
2016-12-27 12:48:33 | TEMPLOG : To   GeoLoop | 051.800
2016-12-27 12:49:33 | TEMPLOG : WellhouseOne | 050.000
2016-12-27 12:49:34 | TEMPLOG : Table    One | 083.300
2016-12-27 12:50:34 | TEMPLOG : WellhouseOne | 049.100
2016-12-27 12:53:37 | TEMPLOG : WellhouseOne | 048.200
2016-12-27 12:54:39 | TEMPLOG : Table    One | 084.200
2016-12-27 12:55:40 | TEMPLOG : Bio   Filter | 081.500
2016-12-27 12:56:41 | TEMPLOG : WellhouseOne | 047.300
2016-12-27 12:56:41 | TEMPLOG : Bio   Filter | 082.400
2016-12-27 12:59:45 | TEMPLOG : WellhouseOne | 046.400
2016-12-27 12:59:45 | TEMPLOG : Bio   Filter | 083.300
2016-12-27 13:00:46 | TEMPLOG : WellhouseOne | 045.500
2016-12-27 13:00:46 | TEMPLOG : Bio   Filter | 083.300
2016-12-27 13:00:47 | TEMPLOG : To   GeoLoop | 051.800
2016-12-27 13:00:47 | TEMPLOG : Table    One | 084.200
2016-12-27 13:01:48 | TEMPLOG : WellhouseOne | 046.400
2016-12-27 13:01:48 | TEMPLOG : Bio   Filter | 082.400
2016-12-27 13:02:49 | TEMPLOG : WellhouseOne | 045.500
2016-12-27 13:03:52 | TEMPLOG : To   GeoLoop | 052.700
2016-12-27 13:03:52 | TEMPLOG : Table    One | 083.300
2016-12-27 13:05:53 | TEMPLOG : WellhouseOne | 044.600
2016-12-27 13:05:53 | TEMPLOG : Bio   Filter | 081.500
2016-12-27 13:06:54 | TEMPLOG : WellhouseOne | 076.100
2016-12-27 13:07:55 | TEMPLOG : WellhouseOne | 120.200
2016-12-27 13:08:56 | TEMPLOG : WellhouseOne | 131.900
2016-12-27 13:08:57 | TEMPLOG : Table    One | 082.400
2016-12-27 13:09:58 | TEMPLOG : WellhouseOne | 095.900
2016-12-27 13:09:59 | TEMPLOG : Bio   Filter | 080.600
2016-12-27 13:11:00 | TEMPLOG : WellhouseOne | 081.500
2016-12-27 13:12:01 | TEMPLOG : WellhouseOne | 070.700
2016-12-27 13:13:03 | TEMPLOG : WellhouseOne | 062.600
2016-12-27 13:14:04 | TEMPLOG : WellhouseOne | 059.000
2016-12-27 13:15:06 | TEMPLOG : WellhouseOne | 056.300
2016-12-27 13:16:07 | TEMPLOG : WellhouseOne | 054.500
2016-12-27 13:17:08 | TEMPLOG : WellhouseOne | 052.700
2016-12-27 13:18:09 | TEMPLOG : WellhouseOne | 051.800
2016-12-27 13:19:10 | TEMPLOG : WellhouseOne | 050.900
2016-12-27 13:20:12 | TEMPLOG : WellhouseOne | 050.000
2016-12-27 13:21:14 | TEMPLOG : To   GeoLoop | 053.600
2016-12-27 13:22:14 | TEMPLOG : WellhouseOne | 049.100
2016-12-27 13:23:15 | TEMPLOG : WellhouseOne | 048.200
2016-12-27 13:24:19 | TEMPLOG : Table    One | 081.500
2016-12-27 13:27:21 | TEMPLOG : WellhouseOne | 047.300
2016-12-27 13:32:27 | TEMPLOG : WellhouseOne | 046.400
2016-12-27 13:32:28 | TEMPLOG : Table    One | 082.400
2016-12-27 13:33:28 | TEMPLOG : Bio   Filter | 081.500
2016-12-27 13:35:31 | TEMPLOG : Table    One | 083.300
2016-12-27 13:37:32 | TEMPLOG : WellhouseOne | 097.700
2016-12-27 13:37:33 | TEMPLOG : Table    One | 084.200
2016-12-27 13:38:33 | TEMPLOG : WellhouseOne | 126.500
2016-12-27 13:39:36 | TEMPLOG : WellhouseOne | 114.800
2016-12-27 13:40:37 | TEMPLOG : WellhouseOne | 092.300
2016-12-27 13:41:38 | TEMPLOG : WellhouseOne | 078.800
2016-12-27 13:42:39 | TEMPLOG : WellhouseOne | 068.000
2016-12-27 13:43:42 | TEMPLOG : WellhouseOne | 062.600
2016-12-27 13:44:43 | TEMPLOG : WellhouseOne | 059.900
2016-12-27 13:44:44 | TEMPLOG : Table    One | 083.300
2016-12-27 13:45:45 | TEMPLOG : WellhouseOne | 056.300
2016-12-27 13:46:46 | TEMPLOG : WellhouseOne | 054.500
2016-12-27 13:47:46 | TEMPLOG : WellhouseOne | 052.700
2016-12-27 13:48:48 | TEMPLOG : WellhouseOne | 051.800
2016-12-27 13:49:50 | TEMPLOG : Bio   Filter | 080.600
2016-12-27 13:50:53 | TEMPLOG : Table    One | 082.400
2016-12-27 13:51:53 | TEMPLOG : WellhouseOne | 050.900
2016-12-27 13:51:54 | TEMPLOG : Table    One | 083.300
2016-12-27 13:52:54 | TEMPLOG : WellhouseOne | 050.000
2016-12-27 13:52:55 | TEMPLOG : Table    One | 082.400
2016-12-27 13:53:56 | TEMPLOG : Table    One | 083.300
2016-12-27 13:56:59 | TEMPLOG : WellhouseOne | 049.100
2016-12-27 13:57:00 | TEMPLOG : Table    One | 084.200
2016-12-27 13:58:00 | TEMPLOG : WellhouseOne | 048.200
2016-12-27 13:58:01 | TEMPLOG : Table    One | 083.300
2016-12-27 14:00:03 | TEMPLOG : WellhouseOne | 048.200
2016-12-27 14:00:03 | TEMPLOG : Bio   Filter | 080.600
2016-12-27 14:00:03 | TEMPLOG : To   GeoLoop | 053.600
2016-12-27 14:00:03 | TEMPLOG : Table    One | 083.300
2016-12-27 14:01:04 | TEMPLOG : Bio   Filter | 081.500
2016-12-27 14:02:05 | TEMPLOG : WellhouseOne | 047.300
2016-12-27 14:03:06 | TEMPLOG : WellhouseOne | 048.200
2016-12-27 14:04:08 | TEMPLOG : Table    One | 082.400
2016-12-27 14:05:09 | TEMPLOG : WellhouseOne | 047.300
2016-12-27 14:07:12 | TEMPLOG : Table    One | 081.500
2016-12-27 14:08:12 | TEMPLOG : WellhouseOne | 090.500
2016-12-27 14:08:13 | TEMPLOG : Bio   Filter | 080.600
2016-12-27 14:09:13 | TEMPLOG : WellhouseOne | 122.000
2016-12-27 14:10:14 | TEMPLOG : WellhouseOne | 122.900
2016-12-27 14:10:15 | TEMPLOG : Bio   Filter | 079.700
2016-12-27 14:11:15 | TEMPLOG : WellhouseOne | 085.100
2016-12-27 14:11:15 | TEMPLOG : Bio   Filter | 080.600
2016-12-27 14:12:16 | TEMPLOG : WellhouseOne | 075.200
2016-12-27 14:13:18 | TEMPLOG : WellhouseOne | 068.900
2016-12-27 14:14:21 | TEMPLOG : WellhouseOne | 066.200
2016-12-27 14:14:22 | TEMPLOG : Table    One | 080.600
2016-12-27 14:15:22 | TEMPLOG : WellhouseOne | 060.800
2016-12-27 14:16:23 | TEMPLOG : WellhouseOne | 058.100
2016-12-27 14:17:24 | TEMPLOG : WellhouseOne | 055.400
2016-12-27 14:18:26 | TEMPLOG : WellhouseOne | 054.500
2016-12-27 14:19:27 | TEMPLOG : WellhouseOne | 053.600
2016-12-27 14:19:28 | TEMPLOG : Table    One | 079.700
2016-12-27 14:20:28 | TEMPLOG : WellhouseOne | 052.700
2016-12-27 14:20:29 | TEMPLOG : Table    One | 080.600
2016-12-27 14:22:31 | TEMPLOG : WellhouseOne | 051.800
2016-12-27 14:22:31 | TEMPLOG : Bio   Filter | 079.700
2016-12-27 14:23:31 | TEMPLOG : WellhouseOne | 050.900
2016-12-27 14:26:36 | TEMPLOG : WellhouseOne | 050.000
2016-12-27 14:29:41 | TEMPLOG : Table    One | 081.500
2016-12-27 14:30:41 | TEMPLOG : Bio   Filter | 080.600
2016-12-27 14:31:42 | TEMPLOG : WellhouseOne | 049.100
2016-12-27 14:32:43 | TEMPLOG : Bio   Filter | 079.700
2016-12-27 14:33:44 | TEMPLOG : Bio   Filter | 078.800
2016-12-27 14:36:48 | TEMPLOG : WellhouseOne | 048.200
2016-12-27 14:38:51 | TEMPLOG : WellhouseOne | 097.700
2016-12-27 14:38:52 | TEMPLOG : Table    One | 080.600
2016-12-27 14:39:52 | TEMPLOG : WellhouseOne | 125.600
2016-12-27 14:40:53 | TEMPLOG : WellhouseOne | 112.100
2016-12-27 14:40:53 | TEMPLOG : Bio   Filter | 077.900
2016-12-27 14:41:54 | TEMPLOG : WellhouseOne | 088.700
2016-12-27 14:41:55 | TEMPLOG : Table    One | 079.700
2016-12-27 14:42:55 | TEMPLOG : WellhouseOne | 077.900
2016-12-27 14:43:57 | TEMPLOG : WellhouseOne | 068.000
2016-12-27 14:45:00 | TEMPLOG : WellhouseOne | 063.500
2016-12-27 14:46:01 | TEMPLOG : WellhouseOne | 060.800
2016-12-27 14:46:01 | TEMPLOG : To   GeoLoop | 052.700
2016-12-27 14:47:02 | TEMPLOG : WellhouseOne | 059.000
2016-12-27 14:47:02 | TEMPLOG : Bio   Filter | 077.000
2016-12-27 14:47:02 | TEMPLOG : To   GeoLoop | 053.600
2016-12-27 14:48:03 | TEMPLOG : WellhouseOne | 057.200
2016-12-27 14:49:04 | TEMPLOG : WellhouseOne | 055.400
2016-12-27 14:50:06 | TEMPLOG : WellhouseOne | 054.500
2016-12-27 14:50:07 | TEMPLOG : Table    One | 080.600
2016-12-27 14:51:07 | TEMPLOG : WellhouseOne | 053.600
2016-12-27 14:52:09 | TEMPLOG : WellhouseOne | 052.700
2016-12-27 14:53:10 | TEMPLOG : WellhouseOne | 051.800
2016-12-27 14:54:11 | TEMPLOG : Bio   Filter | 077.900
2016-12-27 14:56:13 | TEMPLOG : WellhouseOne | 050.900
2016-12-27 14:58:15 | TEMPLOG : WellhouseOne | 050.000
2016-12-27 14:59:16 | TEMPLOG : WellhouseOne | 049.100
2016-12-27 14:59:17 | TEMPLOG : Table    One | 079.700
2016-12-27 15:00:18 | TEMPLOG : WellhouseOne | 049.100
2016-12-27 15:00:18 | TEMPLOG : Bio   Filter | 077.900
2016-12-27 15:00:18 | TEMPLOG : To   GeoLoop | 053.600
2016-12-27 15:00:18 | TEMPLOG : Table    One | 079.700
2016-12-27 15:01:20 | TEMPLOG : Table    One | 078.800
2016-12-27 15:02:21 | TEMPLOG : Bio   Filter | 076.100
2016-12-27 15:02:22 | TEMPLOG : Table    One | 076.100
2016-12-27 15:03:22 | TEMPLOG : Bio   Filter | 074.300
2016-12-27 15:03:23 | TEMPLOG : To   GeoLoop | 052.700
2016-12-27 15:03:23 | TEMPLOG : Table    One | 074.300
2016-12-27 15:04:23 | TEMPLOG : WellhouseOne | 048.200
2016-12-27 15:04:24 | TEMPLOG : Bio   Filter | 073.400
2016-12-27 15:04:24 | TEMPLOG : Table    One | 073.400
2016-12-27 15:05:26 | TEMPLOG : Table    One | 072.500
2016-12-27 15:06:26 | TEMPLOG : Bio   Filter | 072.500
2016-12-27 15:07:27 | TEMPLOG : Bio   Filter | 073.400
2016-12-27 15:08:29 | TEMPLOG : Table    One | 073.400
2016-12-27 15:09:29 | TEMPLOG : WellhouseOne | 113.900
2016-12-27 15:10:30 | TEMPLOG : WellhouseOne | 133.700
2016-12-27 15:10:32 | TEMPLOG : Bio   Filter | 072.500
2016-12-27 15:10:32 | TEMPLOG : Table    One | 072.500
2016-12-27 15:11:32 | TEMPLOG : WellhouseOne | 100.400
2016-12-27 15:11:33 | TEMPLOG : Table    One | 071.600
2016-12-27 15:12:33 | TEMPLOG : WellhouseOne | 084.200
2016-12-27 15:12:34 | TEMPLOG : Bio   Filter | 073.400
2016-12-27 15:12:34 | TEMPLOG : Table    One | 072.500
2016-12-27 15:13:34 | TEMPLOG : WellhouseOne | 075.200
2016-12-27 15:13:35 | TEMPLOG : To   GeoLoop | 053.600
2016-12-27 15:13:35 | TEMPLOG : Table    One | 073.400
2016-12-27 15:14:35 | TEMPLOG : WellhouseOne | 068.000
2016-12-27 15:15:37 | TEMPLOG : WellhouseOne | 063.500
2016-12-27 15:16:39 | TEMPLOG : WellhouseOne | 059.900
2016-12-27 15:16:39 | TEMPLOG : To   GeoLoop | 052.700
2016-12-27 15:16:39 | TEMPLOG : Table    One | 072.500
2016-12-27 15:17:40 | TEMPLOG : WellhouseOne | 058.100
2016-12-27 15:17:40 | TEMPLOG : Bio   Filter | 071.600
2016-12-27 15:17:41 | TEMPLOG : Table    One | 070.700
2016-12-27 15:18:41 | TEMPLOG : WellhouseOne | 056.300
2016-12-27 15:18:42 | TEMPLOG : Bio   Filter | 070.700
2016-12-27 15:18:42 | TEMPLOG : Table    One | 069.800
2016-12-27 15:19:42 | TEMPLOG : WellhouseOne | 055.400
2016-12-27 15:19:43 | TEMPLOG : Bio   Filter | 068.000
2016-12-27 15:19:43 | TEMPLOG : Table    One | 067.100
2016-12-27 15:20:43 | TEMPLOG : WellhouseOne | 054.500
2016-12-27 15:20:43 | TEMPLOG : Bio   Filter | 065.300
2016-12-27 15:20:44 | TEMPLOG : To   GeoLoop | 051.800
2016-12-27 15:20:44 | TEMPLOG : Table    One | 064.400
2016-12-27 15:21:44 | TEMPLOG : WellhouseOne | 053.600
2016-12-27 15:21:44 | TEMPLOG : Bio   Filter | 063.500
2016-12-27 15:21:45 | TEMPLOG : Table    One | 062.600
2016-12-27 15:22:45 | TEMPLOG : WellhouseOne | 052.700
2016-12-27 15:22:45 | TEMPLOG : Bio   Filter | 062.600
2016-12-27 15:22:45 | TEMPLOG : Table    One | 061.700
2016-12-27 15:23:46 | TEMPLOG : WellhouseOne | 051.800
2016-12-27 15:23:47 | TEMPLOG : Table    One | 062.600
2016-12-27 15:24:47 | TEMPLOG : Bio   Filter | 063.500
2016-12-27 15:24:47 | TEMPLOG : Table    One | 063.500
2016-12-27 15:25:48 | TEMPLOG : WellhouseOne | 050.900
2016-12-27 15:25:48 | TEMPLOG : Bio   Filter | 062.600
2016-12-27 15:25:49 | TEMPLOG : Table    One | 061.700
2016-12-27 15:26:49 | TEMPLOG : Bio   Filter | 060.800
2016-12-27 15:26:50 | TEMPLOG : To   GeoLoop | 050.900
2016-12-27 15:26:50 | TEMPLOG : Table    One | 059.900
2016-12-27 15:27:50 | TEMPLOG : Bio   Filter | 059.000
2016-12-27 15:27:50 | TEMPLOG : Table    One | 058.100
2016-12-27 15:28:51 | TEMPLOG : WellhouseOne | 050.000
2016-12-27 15:28:51 | TEMPLOG : Bio   Filter | 058.100
2016-12-27 15:28:52 | TEMPLOG : Table    One | 057.200
2016-12-27 15:30:54 | TEMPLOG : Bio   Filter | 059.000
2016-12-27 15:30:54 | TEMPLOG : Table    One | 059.900
2016-12-27 15:31:55 | TEMPLOG : WellhouseOne | 049.100
2016-12-27 15:31:55 | TEMPLOG : Bio   Filter | 060.800
2016-12-27 15:31:56 | TEMPLOG : Table    One | 061.700
2016-12-27 15:32:56 | TEMPLOG : Bio   Filter | 061.700
2016-12-27 15:32:58 | TEMPLOG : To   GeoLoop | 051.800
2016-12-27 15:32:58 | TEMPLOG : Table    One | 062.600
2016-12-27 15:33:59 | TEMPLOG : Table    One | 063.500
2016-12-27 15:35:00 | TEMPLOG : Table    One | 062.600
2016-12-27 15:37:02 | TEMPLOG : Table    One | 064.400
2016-12-27 15:38:02 | TEMPLOG : Bio   Filter | 063.500
2016-12-27 15:38:03 | TEMPLOG : Table    One | 065.300
2016-12-27 15:39:04 | TEMPLOG : WellhouseOne | 048.200
2016-12-27 15:39:04 | TEMPLOG : Bio   Filter | 064.400
2016-12-27 15:39:05 | TEMPLOG : Table    One | 066.200
2016-12-27 15:40:05 | TEMPLOG : WellhouseOne | 112.100
2016-12-27 15:40:05 | TEMPLOG : Table    One | 067.100
2016-12-27 15:41:06 | TEMPLOG : WellhouseOne | 131.000
2016-12-27 15:41:06 | TEMPLOG : Bio   Filter | 065.300
2016-12-27 15:41:06 | TEMPLOG : Table    One | 068.000
2016-12-27 15:42:07 | TEMPLOG : WellhouseOne | 102.200
2016-12-27 15:43:08 | TEMPLOG : WellhouseOne | 083.300
2016-12-27 15:43:09 | TEMPLOG : Table    One | 068.900
2016-12-27 15:44:09 | TEMPLOG : WellhouseOne | 072.500
2016-12-27 15:44:10 | TEMPLOG : Bio   Filter | 066.200
2016-12-27 15:45:11 | TEMPLOG : WellhouseOne | 066.200
2016-12-27 15:45:11 | TEMPLOG : Bio   Filter | 065.300
2016-12-27 15:45:12 | TEMPLOG : Table    One | 068.000
2016-12-27 15:46:12 | TEMPLOG : WellhouseOne | 063.500
2016-12-27 15:47:13 | TEMPLOG : WellhouseOne | 061.700
2016-12-27 15:48:14 | TEMPLOG : WellhouseOne | 060.800
2016-12-27 15:48:16 | TEMPLOG : Table    One | 067.100
2016-12-27 15:49:16 | TEMPLOG : WellhouseOne | 058.100
2016-12-27 15:49:16 | TEMPLOG : Bio   Filter | 064.400
2016-12-27 15:50:17 | TEMPLOG : WellhouseOne | 057.200
2016-12-27 15:51:18 | TEMPLOG : WellhouseOne | 055.400
2016-12-27 15:51:19 | TEMPLOG : Bio   Filter | 063.500
2016-12-27 15:51:19 | TEMPLOG : Table    One | 066.200
2016-12-27 15:52:19 | TEMPLOG : WellhouseOne | 054.500
2016-12-27 15:54:22 | TEMPLOG : WellhouseOne | 053.600
2016-12-27 15:54:22 | TEMPLOG : Table    One | 065.300
2016-12-27 15:55:23 | TEMPLOG : Bio   Filter | 062.600
2016-12-27 15:57:25 | TEMPLOG : WellhouseOne | 052.700
2016-12-27 15:57:25 | TEMPLOG : Table    One | 064.400
2016-12-27 15:58:26 | TEMPLOG : Bio   Filter | 061.700
2016-12-27 16:00:28 | TEMPLOG : WellhouseOne | 052.700
2016-12-27 16:00:29 | TEMPLOG : Bio   Filter | 061.700
2016-12-27 16:00:30 | TEMPLOG : To   GeoLoop | 051.800
2016-12-27 16:00:30 | TEMPLOG : Table    One | 063.500
2016-12-27 16:02:31 | TEMPLOG : WellhouseOne | 051.800
2016-12-27 16:02:32 | TEMPLOG : Bio   Filter | 060.800
2016-12-27 16:02:32 | TEMPLOG : Table    One | 062.600
2016-12-27 16:03:33 | TEMPLOG : WellhouseOne | 050.900
2016-12-27 16:04:34 | TEMPLOG : Bio   Filter | 059.900
2016-12-27 16:04:34 | TEMPLOG : To   GeoLoop | 050.900
2016-12-27 16:04:34 | TEMPLOG : Table    One | 061.700
2016-12-27 16:05:35 | TEMPLOG : WellhouseOne | 050.000
2016-12-27 16:06:37 | TEMPLOG : WellhouseOne | 048.200
2016-12-27 16:06:37 | TEMPLOG : Bio   Filter | 059.000
2016-12-27 16:06:38 | TEMPLOG : Table    One | 060.800
2016-12-27 16:07:38 | TEMPLOG : WellhouseOne | 049.100
2016-12-27 16:07:38 | TEMPLOG : Bio   Filter | 058.100
2016-12-27 16:07:39 | TEMPLOG : Table    One | 059.900
2016-12-27 16:09:41 | TEMPLOG : Bio   Filter | 057.200
2016-12-27 16:09:42 | TEMPLOG : Table    One | 059.000
2016-12-27 16:10:43 | TEMPLOG : Table    One | 058.100
2016-12-27 16:11:43 | TEMPLOG : WellhouseOne | 083.300
2016-12-27 16:11:43 | TEMPLOG : Bio   Filter | 056.300
2016-12-27 16:12:44 | TEMPLOG : WellhouseOne | 122.000
2016-12-27 16:12:44 | TEMPLOG : Bio   Filter | 055.400
2016-12-27 16:12:44 | TEMPLOG : Table    One | 057.200
2016-12-27 16:13:45 | TEMPLOG : WellhouseOne | 110.300
2016-12-27 16:14:46 | TEMPLOG : WellhouseOne | 089.600
2016-12-27 16:15:47 | TEMPLOG : WellhouseOne | 080.600
2016-12-27 16:15:48 | TEMPLOG : Bio   Filter | 054.500
2016-12-27 16:15:48 | TEMPLOG : Table    One | 056.300
2016-12-27 16:16:48 | TEMPLOG : WellhouseOne | 073.400
2016-12-27 16:17:49 | TEMPLOG : WellhouseOne | 068.900
2016-12-27 16:17:50 | TEMPLOG : Bio   Filter | 053.600
2016-12-27 16:17:50 | TEMPLOG : Table    One | 055.400
2016-12-27 16:18:51 | TEMPLOG : WellhouseOne | 064.400
2016-12-27 16:18:51 | TEMPLOG : To   GeoLoop | 050.000
2016-12-27 16:18:52 | TEMPLOG : Table    One | 054.500
2016-12-27 16:19:52 | TEMPLOG : WellhouseOne | 062.600
2016-12-27 16:19:53 | TEMPLOG : Bio   Filter | 052.700
2016-12-27 16:19:54 | TEMPLOG : Table    One | 053.600
2016-12-27 16:20:55 | TEMPLOG : WellhouseOne | 060.800
2016-12-27 16:20:55 | TEMPLOG : Bio   Filter | 051.800
2016-12-27 16:20:55 | TEMPLOG : Table    One | 052.700
2016-12-27 16:21:56 | TEMPLOG : WellhouseOne | 058.100
2016-12-27 16:21:56 | TEMPLOG : Bio   Filter | 050.900
2016-12-27 16:22:57 | TEMPLOG : WellhouseOne | 056.300
2016-12-27 16:22:58 | TEMPLOG : Table    One | 051.800
2016-12-27 16:23:58 | TEMPLOG : WellhouseOne | 055.400
2016-12-27 16:23:58 | TEMPLOG : Bio   Filter | 050.000
2016-12-27 16:23:59 | TEMPLOG : Table    One | 050.000
2016-12-27 16:24:59 | TEMPLOG : WellhouseOne | 054.500
2016-12-27 16:24:59 | TEMPLOG : Bio   Filter | 049.100
2016-12-27 16:25:00 | TEMPLOG : Table    One | 049.100
2016-12-27 16:26:02 | TEMPLOG : Table    One | 048.200
2016-12-27 16:27:02 | TEMPLOG : Bio   Filter | 048.200
2016-12-27 16:27:03 | TEMPLOG : Table    One | 047.300
2016-12-27 16:28:03 | TEMPLOG : WellhouseOne | 052.700
2016-12-27 16:28:03 | TEMPLOG : Bio   Filter | 047.300
2016-12-27 16:28:03 | TEMPLOG : To   GeoLoop | 049.100
2016-12-27 16:29:05 | TEMPLOG : Table    One | 046.400
2016-12-27 16:30:06 | TEMPLOG : WellhouseOne | 051.800
2016-12-27 16:30:06 | TEMPLOG : Bio   Filter | 046.400
2016-12-27 16:31:07 | TEMPLOG : WellhouseOne | 050.900
2016-12-27 16:31:08 | TEMPLOG : Table    One | 045.500
2016-12-27 16:32:08 | TEMPLOG : Bio   Filter | 045.500
2016-12-27 16:33:10 | TEMPLOG : Table    One | 044.600
2016-12-27 16:34:10 | TEMPLOG : WellhouseOne | 050.000
2016-12-27 16:35:12 | TEMPLOG : Bio   Filter | 044.600
2016-12-27 16:36:13 | TEMPLOG : WellhouseOne | 049.100
2016-12-27 16:36:14 | TEMPLOG : Table    One | 043.700
2016-12-27 16:38:15 | TEMPLOG : Bio   Filter | 043.700
2016-12-27 16:39:15 | TEMPLOG : WellhouseOne | 050.000
2016-12-27 16:39:16 | TEMPLOG : To   GeoLoop | 048.200
2016-12-27 16:40:16 | TEMPLOG : WellhouseOne | 049.100
2016-12-27 16:40:18 | TEMPLOG : Table    One | 042.800
2016-12-27 16:42:20 | TEMPLOG : WellhouseOne | 048.200
2016-12-27 16:42:20 | TEMPLOG : Bio   Filter | 042.800
2016-12-27 16:44:23 | TEMPLOG : WellhouseOne | 109.400
2016-12-27 16:45:24 | TEMPLOG : WellhouseOne | 129.200
2016-12-27 16:45:25 | TEMPLOG : Table    One | 041.900
2016-12-27 16:46:25 | TEMPLOG : WellhouseOne | 109.400
2016-12-27 16:47:26 | TEMPLOG : WellhouseOne | 086.900
2016-12-27 16:47:26 | TEMPLOG : Bio   Filter | 041.900
2016-12-27 16:48:27 | TEMPLOG : WellhouseOne | 075.200
2016-12-27 16:49:28 | TEMPLOG : WellhouseOne | 068.000
2016-12-27 16:49:30 | TEMPLOG : Table    One | 041.000
2016-12-27 16:50:30 | TEMPLOG : WellhouseOne | 063.500
2016-12-27 16:51:31 | TEMPLOG : WellhouseOne | 059.900
2016-12-27 16:52:31 | TEMPLOG : WellhouseOne | 058.100
2016-12-27 16:52:32 | TEMPLOG : Bio   Filter | 041.000
2016-12-27 16:53:34 | TEMPLOG : WellhouseOne | 056.300
2016-12-27 16:54:35 | TEMPLOG : WellhouseOne | 054.500
2016-12-27 16:55:36 | TEMPLOG : WellhouseOne | 053.600
2016-12-27 16:56:38 | TEMPLOG : WellhouseOne | 052.700
2016-12-27 16:57:39 | TEMPLOG : WellhouseOne | 051.800
2016-12-27 16:58:42 | TEMPLOG : Table    One | 040.100
2016-12-27 16:59:42 | TEMPLOG : WellhouseOne | 050.900
2016-12-27 17:00:42 | TEMPLOG : WellhouseOne | 050.000
2016-12-27 17:00:43 | TEMPLOG : Bio   Filter | 041.000
2016-12-27 17:00:43 | TEMPLOG : To   GeoLoop | 048.200
2016-12-27 17:00:44 | TEMPLOG : Table    One | 040.100
2016-12-27 17:01:45 | TEMPLOG : WellhouseOne | 049.100
2016-12-27 17:02:46 | TEMPLOG : Bio   Filter | 040.100
2016-12-27 17:03:47 | TEMPLOG : To   GeoLoop | 047.300
2016-12-27 17:04:49 | TEMPLOG : To   GeoLoop | 048.200
2016-12-27 17:05:49 | TEMPLOG : WellhouseOne | 048.200
2016-12-27 17:06:53 | TEMPLOG : To   GeoLoop | 047.300
2016-12-27 17:08:55 | TEMPLOG : WellhouseOne | 047.300
2016-12-27 17:09:57 | TEMPLOG : Table    One | 039.200
2016-12-27 17:12:59 | TEMPLOG : WellhouseOne | 046.400
2016-12-27 17:15:02 | TEMPLOG : WellhouseOne | 101.300
2016-12-27 17:16:03 | TEMPLOG : WellhouseOne | 127.400
2016-12-27 17:17:05 | TEMPLOG : WellhouseOne | 112.100
2016-12-27 17:17:05 | TEMPLOG : Bio   Filter | 039.200
2016-12-27 17:18:06 | TEMPLOG : WellhouseOne | 086.900
2016-12-27 17:19:08 | TEMPLOG : WellhouseOne | 074.300
2016-12-27 17:20:09 | TEMPLOG : WellhouseOne | 067.100
2016-12-27 17:21:10 | TEMPLOG : WellhouseOne | 062.600
2016-12-27 17:22:13 | TEMPLOG : WellhouseOne | 059.000
2016-12-27 17:23:13 | TEMPLOG : WellhouseOne | 056.300
2016-12-27 17:23:14 | TEMPLOG : Table    One | 038.300
2016-12-27 17:24:14 | TEMPLOG : WellhouseOne | 054.500
2016-12-27 17:25:15 | TEMPLOG : WellhouseOne | 052.700
2016-12-27 17:26:16 | TEMPLOG : WellhouseOne | 051.800
2016-12-27 17:27:17 | TEMPLOG : WellhouseOne | 050.000
2016-12-27 17:27:18 | TEMPLOG : Bio   Filter | 038.300
2016-12-27 17:29:19 | TEMPLOG : WellhouseOne | 049.100
2016-12-27 17:30:20 | TEMPLOG : WellhouseOne | 048.200
2016-12-27 17:32:22 | TEMPLOG : WellhouseOne | 047.300
2016-12-27 17:36:28 | TEMPLOG : WellhouseOne | 046.400
2016-12-27 17:39:33 | TEMPLOG : WellhouseOne | 045.500
2016-12-27 17:39:34 | TEMPLOG : Table    One | 037.400
2016-12-27 17:42:38 | TEMPLOG : Table    One | 038.300
2016-12-27 17:43:38 | TEMPLOG : WellhouseOne | 075.200
2016-12-27 17:43:39 | TEMPLOG : Table    One | 037.400
2016-12-27 17:44:39 | TEMPLOG : WellhouseOne | 116.600
2016-12-27 17:45:41 | TEMPLOG : WellhouseOne | 130.100
2016-12-27 17:46:42 | TEMPLOG : WellhouseOne | 104.000
2016-12-27 17:47:44 | TEMPLOG : WellhouseOne | 081.500
2016-12-27 17:48:45 | TEMPLOG : WellhouseOne | 071.600
2016-12-27 17:48:45 | TEMPLOG : Bio   Filter | 037.400
2016-12-27 17:49:45 | TEMPLOG : WellhouseOne | 063.500
2016-12-27 17:49:46 | TEMPLOG : Bio   Filter | 038.300
2016-12-27 17:50:47 | TEMPLOG : WellhouseOne | 059.900
2016-12-27 17:50:47 | TEMPLOG : Bio   Filter | 037.400
2016-12-27 17:51:47 | TEMPLOG : WellhouseOne | 058.100
2016-12-27 17:52:48 | TEMPLOG : WellhouseOne | 055.400
2016-12-27 17:53:50 | TEMPLOG : WellhouseOne | 054.500
2016-12-27 17:54:51 | TEMPLOG : WellhouseOne | 053.600
2016-12-27 17:55:53 | TEMPLOG : WellhouseOne | 052.700
2016-12-27 17:56:55 | TEMPLOG : WellhouseOne | 050.900
2016-12-27 17:58:58 | TEMPLOG : WellhouseOne | 050.000
2016-12-27 17:58:59 | TEMPLOG : To   GeoLoop | 046.400
2016-12-27 18:00:00 | TEMPLOG : To   GeoLoop | 046.400
2016-12-27 18:00:00 | TEMPLOG : Table    One | 037.400
2016-12-27 18:01:01 | TEMPLOG : To   GeoLoop | 047.300
2016-12-27 18:02:02 | TEMPLOG : WellhouseOne | 049.100
2016-12-27 18:02:04 | TEMPLOG : To   GeoLoop | 046.400
2016-12-27 18:03:05 | TEMPLOG : WellhouseOne | 048.200
2016-12-27 18:04:06 | TEMPLOG : WellhouseOne | 047.300
2016-12-27 18:05:08 | TEMPLOG : Table    One | 036.500
2016-12-27 18:08:12 | TEMPLOG : WellhouseOne | 046.400
2016-12-27 18:10:14 | TEMPLOG : Bio   Filter | 036.500
2016-12-27 18:11:16 | TEMPLOG : WellhouseOne | 045.500
2016-12-27 18:12:18 | TEMPLOG : Bio   Filter | 037.400
2016-12-27 18:13:19 | TEMPLOG : WellhouseOne | 091.400
2016-12-27 18:13:20 | TEMPLOG : Bio   Filter | 036.500
2016-12-27 18:14:21 | TEMPLOG : WellhouseOne | 120.200
2016-12-27 18:15:22 | TEMPLOG : WellhouseOne | 131.900
2016-12-27 18:16:24 | TEMPLOG : WellhouseOne | 119.300
2016-12-27 18:17:25 | TEMPLOG : WellhouseOne | 091.400
2016-12-27 18:18:26 | TEMPLOG : WellhouseOne | 077.000
2016-12-27 18:19:27 | TEMPLOG : WellhouseOne | 070.700
2016-12-27 18:20:28 | TEMPLOG : WellhouseOne | 066.200
2016-12-27 18:21:29 | TEMPLOG : WellhouseOne | 061.700
2016-12-27 18:22:32 | TEMPLOG : WellhouseOne | 058.100
2016-12-27 18:23:33 | TEMPLOG : WellhouseOne | 055.400
2016-12-27 18:24:33 | TEMPLOG : WellhouseOne | 053.600
2016-12-27 18:25:34 | TEMPLOG : WellhouseOne | 052.700
2016-12-27 18:26:35 | TEMPLOG : WellhouseOne | 051.800
2016-12-27 18:27:36 | TEMPLOG : WellhouseOne | 050.900
2016-12-27 18:29:38 | TEMPLOG : WellhouseOne | 050.000
2016-12-27 18:30:39 | TEMPLOG : WellhouseOne | 049.100
2016-12-27 18:31:40 | TEMPLOG : WellhouseOne | 048.200
2016-12-27 18:32:41 | TEMPLOG : Bio   Filter | 035.600
2016-12-27 18:33:42 | TEMPLOG : Bio   Filter | 036.500
2016-12-27 18:34:43 | TEMPLOG : WellhouseOne | 047.300
2016-12-27 18:35:43 | TEMPLOG : WellhouseOne | 046.400
2016-12-27 18:36:44 | TEMPLOG : WellhouseOne | 047.300
2016-12-27 18:36:45 | TEMPLOG : Table    One | 035.600
2016-12-27 18:38:47 | TEMPLOG : WellhouseOne | 046.400
2016-12-27 18:39:48 | TEMPLOG : WellhouseOne | 045.500
2016-12-27 18:41:51 | TEMPLOG : WellhouseOne | 044.600
2016-12-27 18:42:52 | TEMPLOG : WellhouseOne | 059.900
2016-12-27 18:43:54 | TEMPLOG : WellhouseOne | 111.200
2016-12-27 18:44:55 | TEMPLOG : WellhouseOne | 126.500
2016-12-27 18:45:56 | TEMPLOG : WellhouseOne | 118.400
2016-12-27 18:46:57 | TEMPLOG : WellhouseOne | 091.400
2016-12-27 18:47:59 | TEMPLOG : WellhouseOne | 077.000
2016-12-27 18:49:00 | TEMPLOG : WellhouseOne | 068.000
2016-12-27 18:50:01 | TEMPLOG : WellhouseOne | 062.600
2016-12-27 18:51:02 | TEMPLOG : WellhouseOne | 058.100
2016-12-27 18:52:04 | TEMPLOG : WellhouseOne | 055.400
2016-12-27 18:53:05 | TEMPLOG : WellhouseOne | 053.600
2016-12-27 18:54:06 | TEMPLOG : WellhouseOne | 051.800
2016-12-27 18:55:07 | TEMPLOG : WellhouseOne | 050.900
2016-12-27 18:55:07 | TEMPLOG : Bio   Filter | 035.600
2016-12-27 18:56:09 | TEMPLOG : WellhouseOne | 050.000
2016-12-27 18:56:09 | TEMPLOG : Bio   Filter | 036.500
2016-12-27 18:58:11 | TEMPLOG : WellhouseOne | 049.100
2016-12-27 19:00:13 | TEMPLOG : WellhouseOne | 048.200
2016-12-27 19:00:13 | TEMPLOG : Bio   Filter | 036.500
2016-12-27 19:00:14 | TEMPLOG : To   GeoLoop | 046.400
2016-12-27 19:00:14 | TEMPLOG : Table    One | 035.600
2016-12-27 19:02:15 | TEMPLOG : WellhouseOne | 047.300
2016-12-27 19:04:18 | TEMPLOG : WellhouseOne | 046.400
2016-12-27 19:06:21 | TEMPLOG : WellhouseOne | 047.300
2016-12-27 19:07:22 | TEMPLOG : WellhouseOne | 046.400
2016-12-27 19:07:22 | TEMPLOG : Bio   Filter | 035.600
2016-12-27 19:08:24 | TEMPLOG : WellhouseOne | 045.500
2016-12-27 19:08:24 | TEMPLOG : Bio   Filter | 036.500
2016-12-27 19:11:28 | TEMPLOG : WellhouseOne | 046.400
2016-12-27 19:12:29 | TEMPLOG : WellhouseOne | 106.700
2016-12-27 19:13:30 | TEMPLOG : WellhouseOne | 123.800
2016-12-27 19:14:31 | TEMPLOG : WellhouseOne | 132.800
2016-12-27 19:15:32 | TEMPLOG : WellhouseOne | 097.700
2016-12-27 19:16:33 | TEMPLOG : WellhouseOne | 081.500
2016-12-27 19:17:34 | TEMPLOG : WellhouseOne | 073.400
2016-12-27 19:18:36 | TEMPLOG : WellhouseOne | 068.000
2016-12-27 19:18:37 | TEMPLOG : Table    One | 036.500
2016-12-27 19:19:37 | TEMPLOG : WellhouseOne | 062.600
2016-12-27 19:20:38 | TEMPLOG : WellhouseOne | 059.900
2016-12-27 19:21:40 | TEMPLOG : WellhouseOne | 057.200
2016-12-27 19:22:41 | TEMPLOG : WellhouseOne | 054.500
2016-12-27 19:23:42 | TEMPLOG : WellhouseOne | 052.700
2016-12-27 19:23:44 | TEMPLOG : Table    One | 035.600
2016-12-27 19:24:44 | TEMPLOG : WellhouseOne | 051.800
2016-12-27 19:25:45 | TEMPLOG : WellhouseOne | 050.900
2016-12-27 19:26:46 | TEMPLOG : WellhouseOne | 050.000
2016-12-27 19:28:48 | TEMPLOG : WellhouseOne | 049.100
2016-12-27 19:30:52 | TEMPLOG : WellhouseOne | 048.200
2016-12-27 19:31:54 | TEMPLOG : WellhouseOne | 047.300
2016-12-27 19:33:56 | TEMPLOG : WellhouseOne | 046.400
2016-12-27 19:35:59 | TEMPLOG : WellhouseOne | 045.500
2016-12-27 19:41:05 | TEMPLOG : WellhouseOne | 077.000
2016-12-27 19:41:05 | TEMPLOG : Bio   Filter | 035.600
2016-12-27 19:41:05 | TEMPLOG : To   GeoLoop | 045.500
2016-12-27 19:42:06 | TEMPLOG : WellhouseOne | 116.600
2016-12-27 19:43:08 | TEMPLOG : WellhouseOne | 128.300
2016-12-27 19:44:10 | TEMPLOG : WellhouseOne | 136.400
2016-12-27 19:45:10 | TEMPLOG : WellhouseOne | 097.700
2016-12-27 19:46:12 | TEMPLOG : WellhouseOne | 084.200
2016-12-27 19:47:14 | TEMPLOG : WellhouseOne | 074.300
2016-12-27 19:48:14 | TEMPLOG : WellhouseOne | 067.100
2016-12-27 19:49:15 | TEMPLOG : WellhouseOne | 062.600
2016-12-27 19:50:16 | TEMPLOG : WellhouseOne | 059.900
2016-12-27 19:51:17 | TEMPLOG : WellhouseOne | 057.200
2016-12-27 19:52:18 | TEMPLOG : WellhouseOne | 054.500
2016-12-27 19:53:19 | TEMPLOG : WellhouseOne | 051.800
2016-12-27 19:54:20 | TEMPLOG : WellhouseOne | 050.900
2016-12-27 19:54:21 | TEMPLOG : Table    One | 034.700
2016-12-27 19:56:22 | TEMPLOG : WellhouseOne | 050.000
2016-12-27 19:57:23 | TEMPLOG : WellhouseOne | 049.100
2016-12-27 19:59:26 | TEMPLOG : WellhouseOne | 048.200
2016-12-27 20:00:28 | TEMPLOG : WellhouseOne | 048.200
2016-12-27 20:00:28 | TEMPLOG : Bio   Filter | 035.600
2016-12-27 20:00:29 | TEMPLOG : To   GeoLoop | 045.500
2016-12-27 20:00:29 | TEMPLOG : Table    One | 034.700
2016-12-27 20:01:30 | TEMPLOG : WellhouseOne | 046.400
2016-12-27 20:04:33 | TEMPLOG : WellhouseOne | 045.500
2016-12-27 20:05:34 | TEMPLOG : WellhouseOne | 044.600
2016-12-27 20:09:38 | TEMPLOG : WellhouseOne | 043.700
2016-12-27 20:10:39 | TEMPLOG : WellhouseOne | 084.200
2016-12-27 20:11:40 | TEMPLOG : WellhouseOne | 117.500
2016-12-27 20:12:41 | TEMPLOG : WellhouseOne | 130.100
2016-12-27 20:13:43 | TEMPLOG : WellhouseOne | 111.200
2016-12-27 20:13:43 | TEMPLOG : Bio   Filter | 034.700
2016-12-27 20:14:43 | TEMPLOG : WellhouseOne | 087.800
2016-12-27 20:15:44 | TEMPLOG : WellhouseOne | 074.300
2016-12-27 20:16:45 | TEMPLOG : WellhouseOne | 068.000
2016-12-27 20:17:47 | TEMPLOG : WellhouseOne | 060.800
2016-12-27 20:18:48 | TEMPLOG : WellhouseOne | 058.100
2016-12-27 20:19:49 | TEMPLOG : WellhouseOne | 054.500
2016-12-27 20:20:52 | TEMPLOG : WellhouseOne | 051.800
2016-12-27 20:21:53 | TEMPLOG : WellhouseOne | 050.900
2016-12-27 20:21:53 | TEMPLOG : Bio   Filter | 035.600
2016-12-27 20:22:54 | TEMPLOG : WellhouseOne | 050.000
2016-12-27 20:23:56 | TEMPLOG : WellhouseOne | 049.100
2016-12-27 20:26:00 | TEMPLOG : WellhouseOne | 048.200
2016-12-27 20:26:01 | TEMPLOG : Bio   Filter | 034.700
2016-12-27 20:28:03 | TEMPLOG : WellhouseOne | 047.300
2016-12-27 20:29:04 | TEMPLOG : WellhouseOne | 046.400
2016-12-27 20:31:08 | TEMPLOG : WellhouseOne | 045.500
2016-12-27 20:32:10 | TEMPLOG : Bio   Filter | 035.600
2016-12-27 20:33:11 | TEMPLOG : WellhouseOne | 044.600
2016-12-27 20:33:11 | TEMPLOG : Bio   Filter | 034.700
2016-12-27 20:34:13 | TEMPLOG : Bio   Filter | 035.600
2016-12-27 20:37:16 | TEMPLOG : WellhouseOne | 043.700
2016-12-27 20:38:17 | TEMPLOG : WellhouseOne | 044.600
2016-12-27 20:39:18 | TEMPLOG : WellhouseOne | 077.900
2016-12-27 20:39:19 | TEMPLOG : Bio   Filter | 034.700
2016-12-27 20:40:20 | TEMPLOG : WellhouseOne | 117.500
2016-12-27 20:41:21 | TEMPLOG : WellhouseOne | 130.100
2016-12-27 20:42:22 | TEMPLOG : WellhouseOne | 101.300
2016-12-27 20:43:23 | TEMPLOG : WellhouseOne | 086.000
2016-12-27 20:43:24 | TEMPLOG : Bio   Filter | 035.600
2016-12-27 20:44:26 | TEMPLOG : WellhouseOne | 074.300
2016-12-27 20:45:27 | TEMPLOG : WellhouseOne | 066.200
2016-12-27 20:46:29 | TEMPLOG : WellhouseOne | 061.700
2016-12-27 20:46:29 | TEMPLOG : Bio   Filter | 034.700
2016-12-27 20:47:30 | TEMPLOG : WellhouseOne | 059.000
2016-12-27 20:48:31 | TEMPLOG : WellhouseOne | 056.300
2016-12-27 20:49:32 | TEMPLOG : WellhouseOne | 054.500
2016-12-27 20:50:33 | TEMPLOG : WellhouseOne | 053.600
2016-12-27 20:51:35 | TEMPLOG : WellhouseOne | 051.800
2016-12-27 20:52:36 | TEMPLOG : WellhouseOne | 050.900
2016-12-27 20:52:37 | TEMPLOG : To   GeoLoop | 044.600
2016-12-27 20:53:38 | TEMPLOG : WellhouseOne | 050.000
2016-12-27 20:53:39 | TEMPLOG : To   GeoLoop | 045.500
2016-12-27 20:54:40 | TEMPLOG : WellhouseOne | 049.100
2016-12-27 20:54:40 | TEMPLOG : To   GeoLoop | 044.600
2016-12-27 20:55:41 | TEMPLOG : To   GeoLoop | 045.500
2016-12-27 20:57:43 | TEMPLOG : WellhouseOne | 048.200
2016-12-27 20:57:44 | TEMPLOG : To   GeoLoop | 044.600
2016-12-27 20:59:47 | TEMPLOG : Table    One | 033.800
2016-12-27 21:00:47 | TEMPLOG : WellhouseOne | 047.300
2016-12-27 21:00:48 | TEMPLOG : Bio   Filter | 034.700
2016-12-27 21:00:49 | TEMPLOG : To   GeoLoop | 044.600
2016-12-27 21:00:49 | TEMPLOG : Table    One | 034.700
2016-12-27 21:02:50 | TEMPLOG : WellhouseOne | 046.400
2016-12-27 21:07:56 | TEMPLOG : WellhouseOne | 045.500
2016-12-27 21:08:57 | TEMPLOG : WellhouseOne | 103.100
2016-12-27 21:10:00 | TEMPLOG : WellhouseOne | 122.900
2016-12-27 21:11:01 | TEMPLOG : WellhouseOne | 135.500
2016-12-27 21:12:02 | TEMPLOG : WellhouseOne | 097.700
2016-12-27 21:13:04 | TEMPLOG : WellhouseOne | 084.200
2016-12-27 21:14:05 | TEMPLOG : WellhouseOne | 074.300
2016-12-27 21:15:06 | TEMPLOG : WellhouseOne | 067.100
2016-12-27 21:16:07 | TEMPLOG : WellhouseOne | 063.500
2016-12-27 21:17:08 | TEMPLOG : WellhouseOne | 059.900
2016-12-27 21:18:09 | TEMPLOG : WellhouseOne | 057.200
2016-12-27 21:19:10 | TEMPLOG : WellhouseOne | 055.400
2016-12-27 21:20:12 | TEMPLOG : WellhouseOne | 053.600
2016-12-27 21:20:13 | TEMPLOG : Table    One | 033.800
2016-12-27 21:21:13 | TEMPLOG : WellhouseOne | 052.700
2016-12-27 21:21:14 | TEMPLOG : Table    One | 034.700
2016-12-27 21:22:14 | TEMPLOG : WellhouseOne | 050.900
2016-12-27 21:22:15 | TEMPLOG : Table    One | 033.800
2016-12-27 21:23:16 | TEMPLOG : WellhouseOne | 050.000
2016-12-27 21:25:18 | TEMPLOG : WellhouseOne | 049.100
2016-12-27 21:28:23 | TEMPLOG : WellhouseOne | 048.200
2016-12-27 21:30:26 | TEMPLOG : WellhouseOne | 047.300
2016-12-27 21:32:29 | TEMPLOG : WellhouseOne | 045.500
2016-12-27 21:37:39 | TEMPLOG : WellhouseOne | 081.500
2016-12-27 21:38:39 | TEMPLOG : WellhouseOne | 116.600
2016-12-27 21:38:40 | TEMPLOG : Bio   Filter | 033.800
2016-12-27 21:39:40 | TEMPLOG : WellhouseOne | 129.200
2016-12-27 21:40:41 | TEMPLOG : WellhouseOne | 135.500
2016-12-27 21:41:42 | TEMPLOG : WellhouseOne | 104.000
2016-12-27 21:42:43 | TEMPLOG : WellhouseOne | 086.000
2016-12-27 21:43:45 | TEMPLOG : WellhouseOne | 075.200
2016-12-27 21:44:46 | TEMPLOG : WellhouseOne | 067.100
2016-12-27 21:45:47 | TEMPLOG : WellhouseOne | 061.700
2016-12-27 21:46:49 | TEMPLOG : WellhouseOne | 058.100
2016-12-27 21:47:50 | TEMPLOG : WellhouseOne | 054.500
2016-12-27 21:48:51 | TEMPLOG : WellhouseOne | 052.700
2016-12-27 21:49:52 | TEMPLOG : WellhouseOne | 050.900
2016-12-27 21:50:53 | TEMPLOG : WellhouseOne | 050.000
2016-12-27 21:51:55 | TEMPLOG : WellhouseOne | 049.100
2016-12-27 21:52:57 | TEMPLOG : WellhouseOne | 048.200
2016-12-27 21:52:58 | TEMPLOG : Table    One | 032.900
2016-12-27 21:53:59 | TEMPLOG : WellhouseOne | 047.300
2016-12-27 21:55:00 | TEMPLOG : WellhouseOne | 046.400
2016-12-27 21:56:01 | TEMPLOG : WellhouseOne | 045.500
2016-12-27 21:57:03 | TEMPLOG : WellhouseOne | 046.400
2016-12-27 21:59:06 | TEMPLOG : WellhouseOne | 045.500
2016-12-27 22:00:07 | TEMPLOG : WellhouseOne | 045.500
2016-12-27 22:00:07 | TEMPLOG : Bio   Filter | 033.800
2016-12-27 22:00:07 | TEMPLOG : To   GeoLoop | 044.600
2016-12-27 22:00:08 | TEMPLOG : Table    One | 032.900
2016-12-27 22:02:11 | TEMPLOG : To   GeoLoop | 043.700
2016-12-27 22:03:11 | TEMPLOG : Bio   Filter | 032.900
2016-12-27 22:04:12 | TEMPLOG : WellhouseOne | 043.700
2016-12-27 22:05:13 | TEMPLOG : WellhouseOne | 042.800
2016-12-27 22:06:14 | TEMPLOG : WellhouseOne | 068.900
2016-12-27 22:07:15 | TEMPLOG : WellhouseOne | 113.900
2016-12-27 22:08:16 | TEMPLOG : WellhouseOne | 128.300
2016-12-27 22:09:18 | TEMPLOG : WellhouseOne | 135.500
2016-12-27 22:10:19 | TEMPLOG : WellhouseOne | 110.300
2016-12-27 22:11:20 | TEMPLOG : WellhouseOne | 086.900
2016-12-27 22:12:21 | TEMPLOG : WellhouseOne | 076.100
2016-12-27 22:13:25 | TEMPLOG : WellhouseOne | 068.900
2016-12-27 22:14:27 | TEMPLOG : WellhouseOne | 061.700
2016-12-27 22:15:28 | TEMPLOG : WellhouseOne | 058.100
2016-12-27 22:16:30 | TEMPLOG : WellhouseOne | 055.400
2016-12-27 22:17:31 | TEMPLOG : WellhouseOne | 053.600
2016-12-27 22:18:32 | TEMPLOG : WellhouseOne | 052.700
2016-12-27 22:19:34 | TEMPLOG : WellhouseOne | 050.900
2016-12-27 22:20:36 | TEMPLOG : WellhouseOne | 050.000
2016-12-27 22:21:36 | TEMPLOG : WellhouseOne | 049.100
2016-12-27 22:23:39 | TEMPLOG : WellhouseOne | 048.200
2016-12-27 22:25:41 | TEMPLOG : WellhouseOne | 047.300
2016-12-27 22:27:44 | TEMPLOG : WellhouseOne | 046.400
2016-12-27 22:29:46 | TEMPLOG : WellhouseOne | 045.500
2016-12-27 22:30:47 | TEMPLOG : WellhouseOne | 044.600
2016-12-27 22:31:48 | TEMPLOG : WellhouseOne | 042.800
2016-12-27 22:32:49 | TEMPLOG : WellhouseOne | 041.000
2016-12-27 22:33:51 | TEMPLOG : WellhouseOne | 041.900
2016-12-27 22:34:53 | TEMPLOG : WellhouseOne | 086.000
2016-12-27 22:35:54 | TEMPLOG : WellhouseOne | 114.800
2016-12-27 22:36:55 | TEMPLOG : WellhouseOne | 126.500
2016-12-27 22:37:56 | TEMPLOG : WellhouseOne | 133.700
2016-12-27 22:38:58 | TEMPLOG : WellhouseOne | 106.700
2016-12-27 22:39:59 | TEMPLOG : WellhouseOne | 084.200
2016-12-27 22:41:00 | TEMPLOG : WellhouseOne | 075.200
2016-12-27 22:41:01 | TEMPLOG : Bio   Filter | 033.800
2016-12-27 22:42:02 | TEMPLOG : WellhouseOne | 069.800
2016-12-27 22:43:03 | TEMPLOG : WellhouseOne | 063.500
2016-12-27 22:44:04 | TEMPLOG : WellhouseOne | 059.900
2016-12-27 22:45:05 | TEMPLOG : WellhouseOne | 056.300
2016-12-27 22:46:07 | TEMPLOG : WellhouseOne | 052.700
2016-12-27 22:47:08 | TEMPLOG : WellhouseOne | 050.900
2016-12-27 22:47:08 | TEMPLOG : Bio   Filter | 032.900
2016-12-27 22:48:09 | TEMPLOG : WellhouseOne | 050.000
2016-12-27 22:50:11 | TEMPLOG : WellhouseOne | 049.100
2016-12-27 22:52:14 | TEMPLOG : WellhouseOne | 048.200
2016-12-27 22:52:14 | TEMPLOG : Bio   Filter | 033.800
2016-12-27 22:53:15 | TEMPLOG : Bio   Filter | 032.900
2016-12-27 22:54:15 | TEMPLOG : WellhouseOne | 047.300
2016-12-27 22:55:16 | TEMPLOG : Bio   Filter | 033.800
2016-12-27 22:56:17 | TEMPLOG : WellhouseOne | 046.400
2016-12-27 22:58:20 | TEMPLOG : WellhouseOne | 044.600
2016-12-27 23:00:22 | TEMPLOG : WellhouseOne | 044.600
2016-12-27 23:00:22 | TEMPLOG : Bio   Filter | 033.800
2016-12-27 23:00:22 | TEMPLOG : To   GeoLoop | 043.700
2016-12-27 23:00:23 | TEMPLOG : Table    One | 032.900
2016-12-27 23:01:23 | TEMPLOG : WellhouseOne | 043.700
2016-12-27 23:04:26 | TEMPLOG : WellhouseOne | 101.300
2016-12-27 23:04:26 | TEMPLOG : Bio   Filter | 032.900
2016-12-27 23:05:28 | TEMPLOG : WellhouseOne | 121.100
2016-12-27 23:06:30 | TEMPLOG : WellhouseOne | 131.900
2016-12-27 23:07:31 | TEMPLOG : WellhouseOne | 136.400
2016-12-27 23:07:32 | TEMPLOG : Bio   Filter | 033.800
2016-12-27 23:08:32 | TEMPLOG : WellhouseOne | 101.300
2016-12-27 23:09:33 | TEMPLOG : WellhouseOne | 085.100
2016-12-27 23:09:33 | TEMPLOG : Bio   Filter | 032.900
2016-12-27 23:10:34 | TEMPLOG : WellhouseOne | 075.200
2016-12-27 23:10:34 | TEMPLOG : Bio   Filter | 033.800
2016-12-27 23:11:35 | TEMPLOG : WellhouseOne | 067.100
2016-12-27 23:12:37 | TEMPLOG : WellhouseOne | 062.600
2016-12-27 23:13:38 | TEMPLOG : WellhouseOne | 059.000
2016-12-27 23:14:39 | TEMPLOG : WellhouseOne | 057.200
2016-12-27 23:15:40 | TEMPLOG : WellhouseOne | 055.400
2016-12-27 23:15:41 | TEMPLOG : Bio   Filter | 032.900
2016-12-27 23:16:42 | TEMPLOG : WellhouseOne | 053.600
2016-12-27 23:16:43 | TEMPLOG : Bio   Filter | 033.800
2016-12-27 23:17:44 | TEMPLOG : WellhouseOne | 051.800
2016-12-27 23:18:45 | TEMPLOG : WellhouseOne | 050.900
2016-12-27 23:19:46 | TEMPLOG : WellhouseOne | 050.000
2016-12-27 23:20:48 | TEMPLOG : WellhouseOne | 049.100
2016-12-27 23:21:49 | TEMPLOG : WellhouseOne | 048.200
2016-12-27 23:22:50 | TEMPLOG : WellhouseOne | 047.300
2016-12-27 23:22:50 | TEMPLOG : Bio   Filter | 032.900
2016-12-27 23:23:52 | TEMPLOG : Bio   Filter | 033.800
2016-12-27 23:24:52 | TEMPLOG : WellhouseOne | 046.400
2016-12-27 23:27:57 | TEMPLOG : WellhouseOne | 045.500
2016-12-27 23:31:01 | TEMPLOG : Bio   Filter | 032.900
2016-12-27 23:33:03 | TEMPLOG : WellhouseOne | 047.300
2016-12-27 23:34:04 | TEMPLOG : WellhouseOne | 105.800
2016-12-27 23:35:06 | TEMPLOG : WellhouseOne | 122.900
2016-12-27 23:35:06 | TEMPLOG : Bio   Filter | 033.800
2016-12-27 23:36:07 | TEMPLOG : WellhouseOne | 131.900
2016-12-27 23:37:08 | TEMPLOG : WellhouseOne | 101.300
2016-12-27 23:38:11 | TEMPLOG : WellhouseOne | 084.200
2016-12-27 23:38:12 | TEMPLOG : Table    One | 033.800
2016-12-27 23:39:12 | TEMPLOG : WellhouseOne | 076.100
2016-12-27 23:40:13 | TEMPLOG : WellhouseOne | 068.000
2016-12-27 23:41:14 | TEMPLOG : WellhouseOne | 062.600
2016-12-27 23:42:15 | TEMPLOG : WellhouseOne | 059.000
2016-12-27 23:43:17 | TEMPLOG : WellhouseOne | 055.400
2016-12-27 23:43:18 | TEMPLOG : Table    One | 032.900
2016-12-27 23:44:19 | TEMPLOG : WellhouseOne | 054.500
2016-12-27 23:44:19 | TEMPLOG : Table    One | 033.800
2016-12-27 23:45:19 | TEMPLOG : WellhouseOne | 052.700
2016-12-27 23:45:20 | TEMPLOG : Table    One | 032.900
2016-12-27 23:46:20 | TEMPLOG : WellhouseOne | 051.800
2016-12-27 23:47:21 | TEMPLOG : WellhouseOne | 050.000
2016-12-27 23:48:22 | TEMPLOG : WellhouseOne | 048.200
2016-12-27 23:49:24 | TEMPLOG : WellhouseOne | 049.100
2016-12-27 23:50:25 | TEMPLOG : WellhouseOne | 048.200
2016-12-27 23:51:28 | TEMPLOG : Table    One | 033.800
2016-12-27 23:52:28 | TEMPLOG : WellhouseOne | 047.300
2016-12-27 23:53:29 | TEMPLOG : WellhouseOne | 046.400
2016-12-27 23:53:30 | TEMPLOG : Table    One | 032.900
2016-12-27 23:54:33 | TEMPLOG : Table    One | 033.800
2016-12-27 23:55:33 | TEMPLOG : WellhouseOne | 045.500
2016-12-27 23:56:36 | TEMPLOG : Table    One | 032.900
2016-12-27 23:59:39 | TEMPLOG : WellhouseOne | 044.600
