2016-12-28 00:00:40 | TEMPLOG : WellhouseOne | 044.600
2016-12-28 00:00:40 | TEMPLOG : Bio   Filter | 033.800
2016-12-28 00:00:40 | TEMPLOG : To   GeoLoop | 043.700
2016-12-28 00:00:40 | TEMPLOG : Table    One | 032.900
2016-12-28 00:01:41 | TEMPLOG : WellhouseOne | 060.800
2016-12-28 00:02:41 | TEMPLOG : WellhouseOne | 111.200
2016-12-28 00:03:42 | TEMPLOG : WellhouseOne | 125.600
2016-12-28 00:04:44 | TEMPLOG : WellhouseOne | 134.600
2016-12-28 00:05:45 | TEMPLOG : WellhouseOne | 104.900
2016-12-28 00:06:47 | TEMPLOG : WellhouseOne | 087.800
2016-12-28 00:07:48 | TEMPLOG : WellhouseOne | 077.000
2016-12-28 00:08:49 | TEMPLOG : WellhouseOne | 068.900
2016-12-28 00:09:50 | TEMPLOG : WellhouseOne | 062.600
2016-12-28 00:10:51 | TEMPLOG : WellhouseOne | 059.000
2016-12-28 00:10:52 | TEMPLOG : Table    One | 033.800
2016-12-28 00:11:53 | TEMPLOG : WellhouseOne | 056.300
2016-12-28 00:12:54 | TEMPLOG : WellhouseOne | 054.500
2016-12-28 00:12:56 | TEMPLOG : Table    One | 032.900
2016-12-28 00:13:56 | TEMPLOG : WellhouseOne | 052.700
2016-12-28 00:14:58 | TEMPLOG : WellhouseOne | 051.800
2016-12-28 00:15:59 | TEMPLOG : WellhouseOne | 050.000
2016-12-28 00:17:00 | TEMPLOG : WellhouseOne | 049.100
2016-12-28 00:19:03 | TEMPLOG : WellhouseOne | 046.400
2016-12-28 00:20:05 | TEMPLOG : WellhouseOne | 047.300
2016-12-28 00:20:06 | TEMPLOG : To   GeoLoop | 042.800
2016-12-28 00:21:06 | TEMPLOG : WellhouseOne | 046.400
2016-12-28 00:21:07 | TEMPLOG : To   GeoLoop | 043.700
2016-12-28 00:22:08 | TEMPLOG : To   GeoLoop | 042.800
2016-12-28 00:23:09 | TEMPLOG : WellhouseOne | 045.500
2016-12-28 00:26:12 | TEMPLOG : WellhouseOne | 044.600
2016-12-28 00:26:13 | TEMPLOG : To   GeoLoop | 043.700
2016-12-28 00:27:14 | TEMPLOG : Bio   Filter | 032.900
2016-12-28 00:27:14 | TEMPLOG : To   GeoLoop | 042.800
2016-12-28 00:28:15 | TEMPLOG : WellhouseOne | 043.700
2016-12-28 00:28:15 | TEMPLOG : Bio   Filter | 033.800
2016-12-28 00:30:17 | TEMPLOG : WellhouseOne | 078.800
2016-12-28 00:30:18 | TEMPLOG : Bio   Filter | 032.900
2016-12-28 00:31:18 | TEMPLOG : WellhouseOne | 113.900
2016-12-28 00:32:19 | TEMPLOG : WellhouseOne | 127.400
2016-12-28 00:33:20 | TEMPLOG : WellhouseOne | 135.500
2016-12-28 00:34:21 | TEMPLOG : WellhouseOne | 106.700
2016-12-28 00:35:22 | TEMPLOG : WellhouseOne | 086.900
2016-12-28 00:36:24 | TEMPLOG : WellhouseOne | 073.400
2016-12-28 00:37:26 | TEMPLOG : WellhouseOne | 068.000
2016-12-28 00:38:29 | TEMPLOG : WellhouseOne | 061.700
2016-12-28 00:39:30 | TEMPLOG : WellhouseOne | 058.100
2016-12-28 00:39:30 | TEMPLOG : Bio   Filter | 033.800
2016-12-28 00:40:31 | TEMPLOG : WellhouseOne | 055.400
2016-12-28 00:40:31 | TEMPLOG : Bio   Filter | 032.900
2016-12-28 00:41:33 | TEMPLOG : WellhouseOne | 053.600
2016-12-28 00:42:34 | TEMPLOG : WellhouseOne | 051.800
2016-12-28 00:43:35 | TEMPLOG : WellhouseOne | 050.900
2016-12-28 00:44:36 | TEMPLOG : WellhouseOne | 050.000
2016-12-28 00:46:39 | TEMPLOG : WellhouseOne | 049.100
2016-12-28 00:47:40 | TEMPLOG : WellhouseOne | 048.200
2016-12-28 00:48:42 | TEMPLOG : WellhouseOne | 047.300
2016-12-28 00:50:44 | TEMPLOG : WellhouseOne | 046.400
2016-12-28 00:52:47 | TEMPLOG : WellhouseOne | 045.500
2016-12-28 00:55:50 | TEMPLOG : WellhouseOne | 044.600
2016-12-28 00:58:54 | TEMPLOG : WellhouseOne | 050.000
2016-12-28 00:59:56 | TEMPLOG : WellhouseOne | 109.400
2016-12-28 01:00:57 | TEMPLOG : WellhouseOne | 125.600
2016-12-28 01:00:57 | TEMPLOG : Bio   Filter | 032.900
2016-12-28 01:00:57 | TEMPLOG : To   GeoLoop | 042.800
2016-12-28 01:01:58 | TEMPLOG : WellhouseOne | 133.700
2016-12-28 01:02:59 | TEMPLOG : WellhouseOne | 106.700
2016-12-28 01:04:00 | TEMPLOG : WellhouseOne | 086.000
2016-12-28 01:05:02 | TEMPLOG : WellhouseOne | 074.300
2016-12-28 01:06:03 | TEMPLOG : WellhouseOne | 068.000
2016-12-28 01:07:05 | TEMPLOG : WellhouseOne | 061.700
2016-12-28 01:08:06 | TEMPLOG : WellhouseOne | 059.000
2016-12-28 01:09:07 | TEMPLOG : WellhouseOne | 055.400
2016-12-28 01:10:08 | TEMPLOG : WellhouseOne | 053.600
2016-12-28 01:11:09 | TEMPLOG : WellhouseOne | 051.800
2016-12-28 01:12:12 | TEMPLOG : WellhouseOne | 050.000
2016-12-28 01:13:13 | TEMPLOG : WellhouseOne | 049.100
2016-12-28 01:14:14 | TEMPLOG : WellhouseOne | 048.200
2016-12-28 01:14:14 | TEMPLOG : Bio   Filter | 033.800
2016-12-28 01:15:15 | TEMPLOG : WellhouseOne | 047.300
2016-12-28 01:15:16 | TEMPLOG : To   GeoLoop | 043.700
2016-12-28 01:15:17 | TEMPLOG : Table    One | 033.800
2016-12-28 01:16:17 | TEMPLOG : Bio   Filter | 034.700
2016-12-28 01:17:18 | TEMPLOG : WellhouseOne | 046.400
2016-12-28 01:17:19 | TEMPLOG : Table    One | 034.700
2016-12-28 01:20:22 | TEMPLOG : Bio   Filter | 035.600
2016-12-28 01:20:23 | TEMPLOG : Table    One | 035.600
2016-12-28 01:22:26 | TEMPLOG : Table    One | 036.500
2016-12-28 01:23:27 | TEMPLOG : Bio   Filter | 036.500
2016-12-28 01:25:30 | TEMPLOG : Bio   Filter | 037.400
2016-12-28 01:25:31 | TEMPLOG : Table    One | 037.400
2016-12-28 01:26:31 | TEMPLOG : WellhouseOne | 093.200
2016-12-28 01:27:32 | TEMPLOG : WellhouseOne | 121.100
2016-12-28 01:28:32 | TEMPLOG : WellhouseOne | 131.000
2016-12-28 01:29:34 | TEMPLOG : WellhouseOne | 137.300
2016-12-28 01:29:35 | TEMPLOG : To   GeoLoop | 044.600
2016-12-28 01:29:35 | TEMPLOG : Table    One | 038.300
2016-12-28 01:30:36 | TEMPLOG : WellhouseOne | 085.100
2016-12-28 01:30:36 | TEMPLOG : Bio   Filter | 038.300
2016-12-28 01:31:37 | TEMPLOG : WellhouseOne | 070.700
2016-12-28 01:32:38 | TEMPLOG : WellhouseOne | 062.600
2016-12-28 01:33:39 | TEMPLOG : WellhouseOne | 058.100
2016-12-28 01:33:39 | TEMPLOG : To   GeoLoop | 043.700
2016-12-28 01:34:40 | TEMPLOG : WellhouseOne | 055.400
2016-12-28 01:35:41 | TEMPLOG : WellhouseOne | 053.600
2016-12-28 01:35:41 | TEMPLOG : To   GeoLoop | 044.600
2016-12-28 01:36:42 | TEMPLOG : WellhouseOne | 052.700
2016-12-28 01:36:42 | TEMPLOG : To   GeoLoop | 043.700
2016-12-28 01:37:43 | TEMPLOG : WellhouseOne | 051.800
2016-12-28 01:37:43 | TEMPLOG : To   GeoLoop | 044.600
2016-12-28 01:38:44 | TEMPLOG : WellhouseOne | 050.900
2016-12-28 01:39:45 | TEMPLOG : WellhouseOne | 050.000
2016-12-28 01:42:49 | TEMPLOG : WellhouseOne | 049.100
2016-12-28 01:45:53 | TEMPLOG : WellhouseOne | 048.200
2016-12-28 01:48:56 | TEMPLOG : WellhouseOne | 047.300
2016-12-28 01:51:00 | TEMPLOG : To   GeoLoop | 043.700
2016-12-28 01:52:01 | TEMPLOG : To   GeoLoop | 044.600
2016-12-28 01:54:04 | TEMPLOG : WellhouseOne | 046.400
2016-12-28 01:54:04 | TEMPLOG : To   GeoLoop | 043.700
2016-12-28 01:55:06 | TEMPLOG : To   GeoLoop | 044.600
2016-12-28 01:56:06 | TEMPLOG : WellhouseOne | 095.900
2016-12-28 01:56:07 | TEMPLOG : Table    One | 037.400
2016-12-28 01:57:07 | TEMPLOG : WellhouseOne | 120.200
2016-12-28 01:57:07 | TEMPLOG : To   GeoLoop | 043.700
2016-12-28 01:58:08 | TEMPLOG : WellhouseOne | 130.100
2016-12-28 01:58:09 | TEMPLOG : Table    One | 038.300
2016-12-28 01:59:09 | TEMPLOG : WellhouseOne | 103.100
2016-12-28 01:59:09 | TEMPLOG : Bio   Filter | 037.400
2016-12-28 01:59:10 | TEMPLOG : To   GeoLoop | 044.600
2016-12-28 02:00:11 | TEMPLOG : WellhouseOne | 079.700
2016-12-28 02:00:11 | TEMPLOG : Bio   Filter | 038.300
2016-12-28 02:00:12 | TEMPLOG : To   GeoLoop | 043.700
2016-12-28 02:00:12 | TEMPLOG : Table    One | 037.400
2016-12-28 02:01:12 | TEMPLOG : WellhouseOne | 068.000
2016-12-28 02:01:12 | TEMPLOG : Bio   Filter | 037.400
2016-12-28 02:01:13 | TEMPLOG : Table    One | 038.300
2016-12-28 02:02:13 | TEMPLOG : WellhouseOne | 062.600
2016-12-28 02:02:15 | TEMPLOG : Table    One | 037.400
2016-12-28 02:03:15 | TEMPLOG : WellhouseOne | 059.000
2016-12-28 02:04:17 | TEMPLOG : WellhouseOne | 056.300
2016-12-28 02:04:18 | TEMPLOG : Bio   Filter | 038.300
2016-12-28 02:05:19 | TEMPLOG : WellhouseOne | 054.500
2016-12-28 02:05:19 | TEMPLOG : Bio   Filter | 037.400
2016-12-28 02:05:19 | TEMPLOG : To   GeoLoop | 044.600
2016-12-28 02:05:20 | TEMPLOG : Table    One | 038.300
2016-12-28 02:06:20 | TEMPLOG : WellhouseOne | 052.700
2016-12-28 02:06:21 | TEMPLOG : To   GeoLoop | 043.700
2016-12-28 02:07:21 | TEMPLOG : WellhouseOne | 051.800
2016-12-28 02:07:22 | TEMPLOG : To   GeoLoop | 044.600
2016-12-28 02:07:22 | TEMPLOG : Table    One | 037.400
2016-12-28 02:08:22 | TEMPLOG : WellhouseOne | 050.900
2016-12-28 02:08:23 | TEMPLOG : To   GeoLoop | 043.700
2016-12-28 02:10:26 | TEMPLOG : WellhouseOne | 050.000
2016-12-28 02:10:26 | TEMPLOG : To   GeoLoop | 044.600
2016-12-28 02:11:27 | TEMPLOG : To   GeoLoop | 043.700
2016-12-28 02:12:28 | TEMPLOG : WellhouseOne | 049.100
2016-12-28 02:12:29 | TEMPLOG : To   GeoLoop | 044.600
2016-12-28 02:13:31 | TEMPLOG : To   GeoLoop | 043.700
2016-12-28 02:15:33 | TEMPLOG : WellhouseOne | 048.200
2016-12-28 02:20:38 | TEMPLOG : WellhouseOne | 047.300
2016-12-28 02:22:40 | TEMPLOG : WellhouseOne | 046.400
2016-12-28 02:25:45 | TEMPLOG : WellhouseOne | 054.500
2016-12-28 02:26:46 | TEMPLOG : WellhouseOne | 108.500
2016-12-28 02:27:46 | TEMPLOG : WellhouseOne | 125.600
2016-12-28 02:28:47 | TEMPLOG : WellhouseOne | 131.900
2016-12-28 02:29:49 | TEMPLOG : WellhouseOne | 094.100
2016-12-28 02:30:50 | TEMPLOG : WellhouseOne | 075.200
2016-12-28 02:31:51 | TEMPLOG : WellhouseOne | 065.300
2016-12-28 02:32:52 | TEMPLOG : WellhouseOne | 060.800
2016-12-28 02:33:53 | TEMPLOG : WellhouseOne | 057.200
2016-12-28 02:34:54 | TEMPLOG : WellhouseOne | 054.500
2016-12-28 02:35:55 | TEMPLOG : WellhouseOne | 052.700
2016-12-28 02:36:56 | TEMPLOG : WellhouseOne | 051.800
2016-12-28 02:37:58 | TEMPLOG : WellhouseOne | 050.900
2016-12-28 02:38:59 | TEMPLOG : WellhouseOne | 050.000
2016-12-28 02:40:00 | TEMPLOG : WellhouseOne | 049.100
2016-12-28 02:40:02 | TEMPLOG : Table    One | 038.300
2016-12-28 02:42:03 | TEMPLOG : WellhouseOne | 048.200
2016-12-28 02:42:03 | TEMPLOG : Bio   Filter | 038.300
2016-12-28 02:43:05 | TEMPLOG : To   GeoLoop | 044.600
2016-12-28 02:45:08 | TEMPLOG : WellhouseOne | 047.300
2016-12-28 02:46:10 | TEMPLOG : Table    One | 039.200
2016-12-28 02:49:13 | TEMPLOG : Bio   Filter | 039.200
2016-12-28 02:52:17 | TEMPLOG : Table    One | 040.100
2016-12-28 02:53:17 | TEMPLOG : WellhouseOne | 102.200
2016-12-28 02:54:18 | TEMPLOG : WellhouseOne | 127.400
2016-12-28 02:55:19 | TEMPLOG : WellhouseOne | 139.100
2016-12-28 02:56:20 | TEMPLOG : WellhouseOne | 140.000
2016-12-28 02:57:22 | TEMPLOG : WellhouseOne | 077.900
2016-12-28 02:58:23 | TEMPLOG : WellhouseOne | 066.200
2016-12-28 02:59:24 | TEMPLOG : WellhouseOne | 059.900
2016-12-28 03:00:25 | TEMPLOG : WellhouseOne | 056.300
2016-12-28 03:00:26 | TEMPLOG : Bio   Filter | 039.200
2016-12-28 03:00:26 | TEMPLOG : To   GeoLoop | 044.600
2016-12-28 03:00:27 | TEMPLOG : Table    One | 040.100
2016-12-28 03:01:27 | TEMPLOG : WellhouseOne | 054.500
2016-12-28 03:02:29 | TEMPLOG : WellhouseOne | 052.700
2016-12-28 03:03:30 | TEMPLOG : WellhouseOne | 051.800
2016-12-28 03:04:31 | TEMPLOG : WellhouseOne | 050.900
2016-12-28 03:05:32 | TEMPLOG : WellhouseOne | 050.000
2016-12-28 03:07:36 | TEMPLOG : Table    One | 039.200
2016-12-28 03:08:36 | TEMPLOG : WellhouseOne | 049.100
2016-12-28 03:11:43 | TEMPLOG : WellhouseOne | 048.200
2016-12-28 03:18:53 | TEMPLOG : WellhouseOne | 047.300
2016-12-28 03:20:55 | TEMPLOG : WellhouseOne | 085.100
2016-12-28 03:21:56 | TEMPLOG : WellhouseOne | 118.400
2016-12-28 03:22:57 | TEMPLOG : WellhouseOne | 129.200
2016-12-28 03:23:58 | TEMPLOG : WellhouseOne | 089.600
2016-12-28 03:24:59 | TEMPLOG : WellhouseOne | 072.500
2016-12-28 03:26:00 | TEMPLOG : WellhouseOne | 065.300
2016-12-28 03:27:01 | TEMPLOG : WellhouseOne | 060.800
2016-12-28 03:28:01 | TEMPLOG : WellhouseOne | 058.100
2016-12-28 03:29:02 | TEMPLOG : WellhouseOne | 056.300
2016-12-28 03:30:04 | TEMPLOG : WellhouseOne | 054.500
2016-12-28 03:31:05 | TEMPLOG : WellhouseOne | 053.600
2016-12-28 03:32:08 | TEMPLOG : WellhouseOne | 052.700
2016-12-28 03:33:09 | TEMPLOG : WellhouseOne | 051.800
2016-12-28 03:34:11 | TEMPLOG : WellhouseOne | 050.900
2016-12-28 03:36:14 | TEMPLOG : WellhouseOne | 050.000
2016-12-28 03:39:17 | TEMPLOG : WellhouseOne | 049.100
2016-12-28 03:43:22 | TEMPLOG : WellhouseOne | 048.200
2016-12-28 03:45:26 | TEMPLOG : Table    One | 040.100
2016-12-28 03:47:29 | TEMPLOG : Table    One | 039.200
2016-12-28 03:48:29 | TEMPLOG : WellhouseOne | 047.300
2016-12-28 03:49:30 | TEMPLOG : WellhouseOne | 059.000
2016-12-28 03:50:31 | TEMPLOG : WellhouseOne | 111.200
2016-12-28 03:51:32 | TEMPLOG : WellhouseOne | 127.400
2016-12-28 03:52:34 | TEMPLOG : WellhouseOne | 093.200
2016-12-28 03:53:35 | TEMPLOG : WellhouseOne | 072.500
2016-12-28 03:54:36 | TEMPLOG : WellhouseOne | 062.600
2016-12-28 03:55:37 | TEMPLOG : WellhouseOne | 059.000
2016-12-28 03:56:38 | TEMPLOG : WellhouseOne | 056.300
2016-12-28 03:57:40 | TEMPLOG : WellhouseOne | 054.500
2016-12-28 03:58:42 | TEMPLOG : WellhouseOne | 053.600
2016-12-28 03:59:42 | TEMPLOG : WellhouseOne | 051.800
2016-12-28 04:00:44 | TEMPLOG : WellhouseOne | 051.800
2016-12-28 04:00:45 | TEMPLOG : Bio   Filter | 039.200
2016-12-28 04:00:45 | TEMPLOG : To   GeoLoop | 044.600
2016-12-28 04:00:45 | TEMPLOG : Table    One | 039.200
2016-12-28 04:01:45 | TEMPLOG : WellhouseOne | 050.900
2016-12-28 04:03:47 | TEMPLOG : WellhouseOne | 050.000
2016-12-28 04:05:50 | TEMPLOG : WellhouseOne | 049.100
2016-12-28 04:09:54 | TEMPLOG : WellhouseOne | 048.200
2016-12-28 04:12:59 | TEMPLOG : WellhouseOne | 047.300
2016-12-28 04:19:08 | TEMPLOG : WellhouseOne | 105.800
2016-12-28 04:20:09 | TEMPLOG : WellhouseOne | 124.700
2016-12-28 04:21:10 | TEMPLOG : WellhouseOne | 110.300
2016-12-28 04:22:12 | TEMPLOG : WellhouseOne | 078.800
2016-12-28 04:23:14 | TEMPLOG : WellhouseOne | 066.200
2016-12-28 04:24:15 | TEMPLOG : WellhouseOne | 059.900
2016-12-28 04:25:17 | TEMPLOG : WellhouseOne | 057.200
2016-12-28 04:26:18 | TEMPLOG : WellhouseOne | 054.500
2016-12-28 04:27:19 | TEMPLOG : WellhouseOne | 053.600
2016-12-28 04:28:21 | TEMPLOG : WellhouseOne | 051.800
2016-12-28 04:29:23 | TEMPLOG : Table    One | 040.100
2016-12-28 04:30:24 | TEMPLOG : Table    One | 039.200
2016-12-28 04:31:26 | TEMPLOG : WellhouseOne | 050.900
2016-12-28 04:31:26 | TEMPLOG : Table    One | 040.100
2016-12-28 04:33:29 | TEMPLOG : WellhouseOne | 050.000
2016-12-28 04:36:37 | TEMPLOG : Bio   Filter | 040.100
2016-12-28 04:37:37 | TEMPLOG : WellhouseOne | 049.100
2016-12-28 04:37:37 | TEMPLOG : Bio   Filter | 039.200
2016-12-28 04:39:40 | TEMPLOG : Table    One | 039.200
2016-12-28 04:40:40 | TEMPLOG : WellhouseOne | 048.200
2016-12-28 04:47:51 | TEMPLOG : WellhouseOne | 104.000
2016-12-28 04:48:52 | TEMPLOG : WellhouseOne | 124.700
2016-12-28 04:49:53 | TEMPLOG : WellhouseOne | 129.200
2016-12-28 04:50:54 | TEMPLOG : WellhouseOne | 089.600
2016-12-28 04:51:55 | TEMPLOG : WellhouseOne | 075.200
2016-12-28 04:52:56 | TEMPLOG : WellhouseOne | 065.300
2016-12-28 04:53:57 | TEMPLOG : WellhouseOne | 060.800
2016-12-28 04:54:59 | TEMPLOG : WellhouseOne | 057.200
2016-12-28 04:56:00 | TEMPLOG : WellhouseOne | 054.500
2016-12-28 04:57:02 | TEMPLOG : WellhouseOne | 053.600
2016-12-28 04:58:03 | TEMPLOG : WellhouseOne | 052.700
2016-12-28 04:59:05 | TEMPLOG : WellhouseOne | 051.800
2016-12-28 05:00:06 | TEMPLOG : WellhouseOne | 051.800
2016-12-28 05:00:06 | TEMPLOG : Bio   Filter | 039.200
2016-12-28 05:00:07 | TEMPLOG : To   GeoLoop | 044.600
2016-12-28 05:00:07 | TEMPLOG : Table    One | 039.200
2016-12-28 05:01:07 | TEMPLOG : WellhouseOne | 050.900
2016-12-28 05:04:10 | TEMPLOG : Bio   Filter | 038.300
2016-12-28 05:04:11 | TEMPLOG : Table    One | 038.300
2016-12-28 05:05:11 | TEMPLOG : WellhouseOne | 050.000
2016-12-28 05:06:13 | TEMPLOG : To   GeoLoop | 043.700
2016-12-28 05:07:14 | TEMPLOG : To   GeoLoop | 044.600
2016-12-28 05:08:15 | TEMPLOG : WellhouseOne | 049.100
2016-12-28 05:08:15 | TEMPLOG : To   GeoLoop | 043.700
2016-12-28 05:09:16 | TEMPLOG : To   GeoLoop | 044.600
2016-12-28 05:10:17 | TEMPLOG : To   GeoLoop | 043.700
2016-12-28 05:11:18 | TEMPLOG : To   GeoLoop | 044.600
2016-12-28 05:13:21 | TEMPLOG : WellhouseOne | 048.200
2016-12-28 05:14:22 | TEMPLOG : WellhouseOne | 049.100
2016-12-28 05:17:27 | TEMPLOG : WellhouseOne | 048.200
2016-12-28 05:18:28 | TEMPLOG : WellhouseOne | 049.100
2016-12-28 05:19:29 | TEMPLOG : WellhouseOne | 111.200
2016-12-28 05:20:30 | TEMPLOG : WellhouseOne | 130.100
2016-12-28 05:21:32 | TEMPLOG : WellhouseOne | 104.000
2016-12-28 05:22:34 | TEMPLOG : WellhouseOne | 083.300
2016-12-28 05:23:35 | TEMPLOG : WellhouseOne | 068.900
2016-12-28 05:24:36 | TEMPLOG : WellhouseOne | 063.500
2016-12-28 05:25:37 | TEMPLOG : WellhouseOne | 059.900
2016-12-28 05:26:38 | TEMPLOG : WellhouseOne | 058.100
2016-12-28 05:27:39 | TEMPLOG : WellhouseOne | 056.300
2016-12-28 05:27:40 | TEMPLOG : Bio   Filter | 039.200
2016-12-28 05:27:40 | TEMPLOG : Table    One | 039.200
2016-12-28 05:28:40 | TEMPLOG : WellhouseOne | 055.400
2016-12-28 05:28:41 | TEMPLOG : Bio   Filter | 038.300
2016-12-28 05:28:41 | TEMPLOG : Table    One | 038.300
2016-12-28 05:29:41 | TEMPLOG : WellhouseOne | 054.500
2016-12-28 05:29:42 | TEMPLOG : Bio   Filter | 039.200
2016-12-28 05:30:43 | TEMPLOG : Bio   Filter | 038.300
2016-12-28 05:30:43 | TEMPLOG : To   GeoLoop | 043.700
2016-12-28 05:31:44 | TEMPLOG : WellhouseOne | 053.600
2016-12-28 05:31:44 | TEMPLOG : To   GeoLoop | 044.600
2016-12-28 05:32:44 | TEMPLOG : WellhouseOne | 052.700
2016-12-28 05:33:46 | TEMPLOG : WellhouseOne | 051.800
2016-12-28 05:35:47 | TEMPLOG : WellhouseOne | 050.900
2016-12-28 05:37:50 | TEMPLOG : WellhouseOne | 050.000
2016-12-28 05:37:50 | TEMPLOG : To   GeoLoop | 043.700
2016-12-28 05:41:55 | TEMPLOG : Bio   Filter | 037.400
2016-12-28 05:41:55 | TEMPLOG : Table    One | 037.400
2016-12-28 05:43:56 | TEMPLOG : WellhouseOne | 049.100
2016-12-28 05:45:59 | TEMPLOG : WellhouseOne | 048.200
2016-12-28 05:49:05 | TEMPLOG : Table    One | 036.500
2016-12-28 05:51:06 | TEMPLOG : WellhouseOne | 107.600
2016-12-28 05:51:06 | TEMPLOG : Bio   Filter | 036.500
2016-12-28 05:52:06 | TEMPLOG : WellhouseOne | 127.400
2016-12-28 05:53:08 | TEMPLOG : WellhouseOne | 107.600
2016-12-28 05:54:10 | TEMPLOG : WellhouseOne | 086.900
2016-12-28 05:55:11 | TEMPLOG : WellhouseOne | 075.200
2016-12-28 05:55:11 | TEMPLOG : Table    One | 035.600
2016-12-28 05:56:12 | TEMPLOG : WellhouseOne | 068.000
2016-12-28 05:57:13 | TEMPLOG : WellhouseOne | 063.500
2016-12-28 05:58:15 | TEMPLOG : WellhouseOne | 060.800
2016-12-28 05:59:16 | TEMPLOG : WellhouseOne | 058.100
2016-12-28 05:59:16 | TEMPLOG : Bio   Filter | 035.600
2016-12-28 06:00:17 | TEMPLOG : WellhouseOne | 057.200
2016-12-28 06:00:18 | TEMPLOG : Bio   Filter | 035.600
2016-12-28 06:00:18 | TEMPLOG : To   GeoLoop | 043.700
2016-12-28 06:00:18 | TEMPLOG : Table    One | 035.600
2016-12-28 06:01:18 | TEMPLOG : WellhouseOne | 055.400
2016-12-28 06:02:19 | TEMPLOG : WellhouseOne | 054.500
2016-12-28 06:03:21 | TEMPLOG : WellhouseOne | 053.600
2016-12-28 06:03:22 | TEMPLOG : Table    One | 034.700
2016-12-28 06:05:24 | TEMPLOG : WellhouseOne | 052.700
2016-12-28 06:05:24 | TEMPLOG : Bio   Filter | 034.700
2016-12-28 06:05:25 | TEMPLOG : To   GeoLoop | 042.800
2016-12-28 06:06:25 | TEMPLOG : WellhouseOne | 051.800
2016-12-28 06:09:29 | TEMPLOG : WellhouseOne | 050.900
2016-12-28 06:11:31 | TEMPLOG : WellhouseOne | 050.000
2016-12-28 06:15:35 | TEMPLOG : WellhouseOne | 049.100
2016-12-28 06:19:41 | TEMPLOG : Table    One | 033.800
2016-12-28 06:20:41 | TEMPLOG : WellhouseOne | 048.200
2016-12-28 06:20:42 | TEMPLOG : Table    One | 034.700
2016-12-28 06:21:42 | TEMPLOG : WellhouseOne | 052.700
2016-12-28 06:22:43 | TEMPLOG : WellhouseOne | 110.300
2016-12-28 06:22:44 | TEMPLOG : Table    One | 033.800
2016-12-28 06:23:44 | TEMPLOG : WellhouseOne | 128.300
2016-12-28 06:24:46 | TEMPLOG : WellhouseOne | 102.200
2016-12-28 06:25:48 | TEMPLOG : WellhouseOne | 084.200
2016-12-28 06:26:48 | TEMPLOG : WellhouseOne | 076.100
2016-12-28 06:27:50 | TEMPLOG : WellhouseOne | 069.800
2016-12-28 06:27:50 | TEMPLOG : Bio   Filter | 033.800
2016-12-28 06:28:51 | TEMPLOG : WellhouseOne | 065.300
2016-12-28 06:29:53 | TEMPLOG : WellhouseOne | 061.700
2016-12-28 06:30:54 | TEMPLOG : WellhouseOne | 059.000
2016-12-28 06:31:56 | TEMPLOG : WellhouseOne | 056.300
2016-12-28 06:32:57 | TEMPLOG : WellhouseOne | 054.500
2016-12-28 06:33:59 | TEMPLOG : WellhouseOne | 053.600
2016-12-28 06:35:01 | TEMPLOG : WellhouseOne | 051.800
2016-12-28 06:35:01 | TEMPLOG : Bio   Filter | 034.700
2016-12-28 06:38:03 | TEMPLOG : WellhouseOne | 050.900
2016-12-28 06:39:05 | TEMPLOG : WellhouseOne | 050.000
2016-12-28 06:40:06 | TEMPLOG : WellhouseOne | 050.900
2016-12-28 06:41:07 | TEMPLOG : WellhouseOne | 050.000
2016-12-28 06:45:12 | TEMPLOG : WellhouseOne | 049.100
2016-12-28 06:47:14 | TEMPLOG : Bio   Filter | 033.800
2016-12-28 06:48:15 | TEMPLOG : WellhouseOne | 048.200
2016-12-28 06:50:18 | TEMPLOG : WellhouseOne | 047.300
2016-12-28 06:51:19 | TEMPLOG : Bio   Filter | 034.700
2016-12-28 06:52:21 | TEMPLOG : WellhouseOne | 048.200
2016-12-28 06:53:22 | TEMPLOG : WellhouseOne | 109.400
2016-12-28 06:54:25 | TEMPLOG : WellhouseOne | 124.700
2016-12-28 06:54:26 | TEMPLOG : Table    One | 034.700
2016-12-28 06:55:26 | TEMPLOG : WellhouseOne | 107.600
2016-12-28 06:56:26 | TEMPLOG : WellhouseOne | 086.000
2016-12-28 06:56:28 | TEMPLOG : Table    One | 033.800
2016-12-28 06:57:28 | TEMPLOG : WellhouseOne | 074.300
2016-12-28 06:58:29 | TEMPLOG : WellhouseOne | 067.100
2016-12-28 06:59:30 | TEMPLOG : WellhouseOne | 062.600
2016-12-28 07:00:31 | TEMPLOG : WellhouseOne | 059.900
2016-12-28 07:00:32 | TEMPLOG : Bio   Filter | 034.700
2016-12-28 07:00:32 | TEMPLOG : To   GeoLoop | 042.800
2016-12-28 07:00:33 | TEMPLOG : Table    One | 033.800
2016-12-28 07:01:34 | TEMPLOG : WellhouseOne | 057.200
2016-12-28 07:02:35 | TEMPLOG : WellhouseOne | 055.400
2016-12-28 07:03:36 | TEMPLOG : WellhouseOne | 053.600
2016-12-28 07:03:36 | TEMPLOG : Table    One | 034.700
2016-12-28 07:04:36 | TEMPLOG : WellhouseOne | 052.700
2016-12-28 07:05:38 | TEMPLOG : WellhouseOne | 051.800
2016-12-28 07:06:41 | TEMPLOG : Table    One | 033.800
2016-12-28 07:07:42 | TEMPLOG : WellhouseOne | 050.900
2016-12-28 07:09:45 | TEMPLOG : WellhouseOne | 050.000
2016-12-28 07:14:50 | TEMPLOG : WellhouseOne | 049.100
2016-12-28 07:14:50 | TEMPLOG : Bio   Filter | 033.800
2016-12-28 07:18:55 | TEMPLOG : WellhouseOne | 048.200
2016-12-28 07:20:59 | TEMPLOG : WellhouseOne | 047.300
2016-12-28 07:24:03 | TEMPLOG : WellhouseOne | 095.000
2016-12-28 07:25:04 | TEMPLOG : WellhouseOne | 119.300
2016-12-28 07:26:06 | TEMPLOG : WellhouseOne | 129.200
2016-12-28 07:27:07 | TEMPLOG : WellhouseOne | 109.400
2016-12-28 07:28:09 | TEMPLOG : WellhouseOne | 088.700
2016-12-28 07:28:09 | TEMPLOG : Bio   Filter | 034.700
2016-12-28 07:29:09 | TEMPLOG : WellhouseOne | 077.900
2016-12-28 07:30:11 | TEMPLOG : WellhouseOne | 071.600
2016-12-28 07:30:11 | TEMPLOG : Bio   Filter | 033.800
2016-12-28 07:31:12 | TEMPLOG : WellhouseOne | 066.200
2016-12-28 07:32:13 | TEMPLOG : WellhouseOne | 062.600
2016-12-28 07:32:13 | TEMPLOG : Bio   Filter | 034.700
2016-12-28 07:33:15 | TEMPLOG : WellhouseOne | 059.900
2016-12-28 07:33:15 | TEMPLOG : Bio   Filter | 033.800
2016-12-28 07:34:16 | TEMPLOG : WellhouseOne | 057.200
2016-12-28 07:34:17 | TEMPLOG : Bio   Filter | 034.700
2016-12-28 07:35:18 | TEMPLOG : WellhouseOne | 055.400
2016-12-28 07:35:19 | TEMPLOG : Table    One | 034.700
2016-12-28 07:36:19 | TEMPLOG : WellhouseOne | 054.500
2016-12-28 07:37:21 | TEMPLOG : WellhouseOne | 053.600
2016-12-28 07:38:23 | TEMPLOG : WellhouseOne | 052.700
2016-12-28 07:40:25 | TEMPLOG : WellhouseOne | 051.800
2016-12-28 07:40:26 | TEMPLOG : Table    One | 035.600
2016-12-28 07:41:26 | TEMPLOG : WellhouseOne | 050.900
2016-12-28 07:41:27 | TEMPLOG : Bio   Filter | 035.600
2016-12-28 07:44:30 | TEMPLOG : WellhouseOne | 050.000
2016-12-28 07:46:34 | TEMPLOG : Table    One | 036.500
2016-12-28 07:48:34 | TEMPLOG : WellhouseOne | 049.100
2016-12-28 07:49:36 | TEMPLOG : Table    One | 037.400
2016-12-28 07:50:36 | TEMPLOG : WellhouseOne | 048.200
2016-12-28 07:50:37 | TEMPLOG : Bio   Filter | 036.500
2016-12-28 07:50:37 | TEMPLOG : Table    One | 039.200
2016-12-28 07:51:37 | TEMPLOG : WellhouseOne | 047.300
2016-12-28 07:52:39 | TEMPLOG : Bio   Filter | 037.400
2016-12-28 07:52:39 | TEMPLOG : Table    One | 040.100
2016-12-28 07:53:42 | TEMPLOG : Table    One | 041.000
2016-12-28 07:54:42 | TEMPLOG : Bio   Filter | 038.300
2016-12-28 07:54:42 | TEMPLOG : To   GeoLoop | 043.700
2016-12-28 07:55:43 | TEMPLOG : WellhouseOne | 098.600
2016-12-28 07:56:45 | TEMPLOG : WellhouseOne | 122.000
2016-12-28 07:57:46 | TEMPLOG : WellhouseOne | 133.700
2016-12-28 07:57:46 | TEMPLOG : Table    One | 040.100
2016-12-28 07:58:47 | TEMPLOG : WellhouseOne | 097.700
2016-12-28 07:58:47 | TEMPLOG : Table    One | 039.200
2016-12-28 07:59:47 | TEMPLOG : WellhouseOne | 081.500
2016-12-28 07:59:49 | TEMPLOG : Table    One | 040.100
2016-12-28 08:00:49 | TEMPLOG : WellhouseOne | 072.500
2016-12-28 08:00:49 | TEMPLOG : Bio   Filter | 039.200
2016-12-28 08:00:49 | TEMPLOG : To   GeoLoop | 043.700
2016-12-28 08:00:50 | TEMPLOG : Table    One | 040.100
2016-12-28 08:01:50 | TEMPLOG : WellhouseOne | 066.200
2016-12-28 08:01:51 | TEMPLOG : Table    One | 041.000
2016-12-28 08:02:51 | TEMPLOG : WellhouseOne | 061.700
2016-12-28 08:02:52 | TEMPLOG : Bio   Filter | 040.100
2016-12-28 08:02:53 | TEMPLOG : Table    One | 041.900
2016-12-28 08:03:53 | TEMPLOG : WellhouseOne | 058.100
2016-12-28 08:03:53 | TEMPLOG : Bio   Filter | 041.000
2016-12-28 08:04:54 | TEMPLOG : WellhouseOne | 056.300
2016-12-28 08:04:56 | TEMPLOG : Table    One | 042.800
2016-12-28 08:05:56 | TEMPLOG : WellhouseOne | 055.400
2016-12-28 08:05:56 | TEMPLOG : Bio   Filter | 041.900
2016-12-28 08:06:57 | TEMPLOG : WellhouseOne | 052.700
2016-12-28 08:06:58 | TEMPLOG : Bio   Filter | 042.800
2016-12-28 08:06:58 | TEMPLOG : Table    One | 043.700
2016-12-28 08:07:59 | TEMPLOG : Bio   Filter | 043.700
2016-12-28 08:08:00 | TEMPLOG : Table    One | 044.600
2016-12-28 08:09:00 | TEMPLOG : WellhouseOne | 051.800
2016-12-28 08:09:00 | TEMPLOG : Bio   Filter | 044.600
2016-12-28 08:10:01 | TEMPLOG : WellhouseOne | 050.900
2016-12-28 08:10:01 | TEMPLOG : Bio   Filter | 045.500
2016-12-28 08:11:02 | TEMPLOG : Table    One | 045.500
2016-12-28 08:12:02 | TEMPLOG : Bio   Filter | 046.400
2016-12-28 08:13:03 | TEMPLOG : WellhouseOne | 049.100
2016-12-28 08:15:05 | TEMPLOG : WellhouseOne | 048.200
2016-12-28 08:15:06 | TEMPLOG : Bio   Filter | 045.500
2016-12-28 08:15:06 | TEMPLOG : Table    One | 044.600
2016-12-28 08:16:07 | TEMPLOG : Bio   Filter | 046.400
2016-12-28 08:16:07 | TEMPLOG : Table    One | 045.500
2016-12-28 08:17:08 | TEMPLOG : Bio   Filter | 047.300
2016-12-28 08:19:10 | TEMPLOG : WellhouseOne | 047.300
2016-12-28 08:22:14 | TEMPLOG : WellhouseOne | 046.400
2016-12-28 08:22:14 | TEMPLOG : Bio   Filter | 048.200
2016-12-28 08:24:17 | TEMPLOG : Table    One | 044.600
2016-12-28 08:25:17 | TEMPLOG : WellhouseOne | 045.500
2016-12-28 08:25:18 | TEMPLOG : Bio   Filter | 047.300
2016-12-28 08:25:18 | TEMPLOG : To   GeoLoop | 044.600
2016-12-28 08:26:19 | TEMPLOG : WellhouseOne | 046.400
2016-12-28 08:26:19 | TEMPLOG : Bio   Filter | 048.200
2016-12-28 08:26:19 | TEMPLOG : To   GeoLoop | 043.700
2016-12-28 08:27:20 | TEMPLOG : WellhouseOne | 111.200
2016-12-28 08:27:20 | TEMPLOG : Bio   Filter | 047.300
2016-12-28 08:27:20 | TEMPLOG : To   GeoLoop | 044.600
2016-12-28 08:28:21 | TEMPLOG : WellhouseOne | 128.300
2016-12-28 08:28:21 | TEMPLOG : Bio   Filter | 046.400
2016-12-28 08:28:21 | TEMPLOG : Table    One | 043.700
2016-12-28 08:29:22 | TEMPLOG : WellhouseOne | 113.900
2016-12-28 08:30:23 | TEMPLOG : WellhouseOne | 089.600
2016-12-28 08:31:24 | TEMPLOG : WellhouseOne | 077.900
2016-12-28 08:32:25 | TEMPLOG : WellhouseOne | 070.700
2016-12-28 08:32:25 | TEMPLOG : Bio   Filter | 047.300
2016-12-28 08:32:25 | TEMPLOG : Table    One | 044.600
2016-12-28 08:33:26 | TEMPLOG : WellhouseOne | 065.300
2016-12-28 08:33:26 | TEMPLOG : Bio   Filter | 049.100
2016-12-28 08:33:27 | TEMPLOG : Table    One | 045.500
2016-12-28 08:34:28 | TEMPLOG : WellhouseOne | 060.800
2016-12-28 08:34:28 | TEMPLOG : Bio   Filter | 051.800
2016-12-28 08:34:29 | TEMPLOG : Table    One | 047.300
2016-12-28 08:35:29 | TEMPLOG : WellhouseOne | 059.000
2016-12-28 08:35:29 | TEMPLOG : Bio   Filter | 053.600
2016-12-28 08:35:29 | TEMPLOG : Table    One | 048.200
2016-12-28 08:36:30 | TEMPLOG : WellhouseOne | 057.200
2016-12-28 08:36:30 | TEMPLOG : Bio   Filter | 055.400
2016-12-28 08:37:31 | TEMPLOG : WellhouseOne | 055.400
2016-12-28 08:37:32 | TEMPLOG : Bio   Filter | 056.300
2016-12-28 08:37:32 | TEMPLOG : To   GeoLoop | 045.500
2016-12-28 08:38:32 | TEMPLOG : WellhouseOne | 054.500
2016-12-28 08:38:33 | TEMPLOG : Table    One | 047.300
2016-12-28 08:39:33 | TEMPLOG : WellhouseOne | 053.600
2016-12-28 08:39:34 | TEMPLOG : Table    One | 046.400
2016-12-28 08:40:34 | TEMPLOG : WellhouseOne | 052.700
2016-12-28 08:40:34 | TEMPLOG : Bio   Filter | 055.400
2016-12-28 08:41:36 | TEMPLOG : Bio   Filter | 054.500
2016-12-28 08:41:37 | TEMPLOG : Table    One | 045.500
2016-12-28 08:42:38 | TEMPLOG : WellhouseOne | 051.800
2016-12-28 08:42:38 | TEMPLOG : Bio   Filter | 053.600
2016-12-28 08:43:39 | TEMPLOG : Bio   Filter | 052.700
2016-12-28 08:44:39 | TEMPLOG : WellhouseOne | 050.900
2016-12-28 08:44:40 | TEMPLOG : Bio   Filter | 050.900
2016-12-28 08:44:40 | TEMPLOG : Table    One | 044.600
2016-12-28 08:45:41 | TEMPLOG : Bio   Filter | 051.800
2016-12-28 08:46:42 | TEMPLOG : WellhouseOne | 050.000
2016-12-28 08:47:44 | TEMPLOG : Bio   Filter | 050.900
2016-12-28 08:48:45 | TEMPLOG : WellhouseOne | 049.100
2016-12-28 08:50:48 | TEMPLOG : Bio   Filter | 053.600
2016-12-28 08:50:49 | TEMPLOG : Table    One | 045.500
2016-12-28 08:51:50 | TEMPLOG : WellhouseOne | 048.200
2016-12-28 08:51:50 | TEMPLOG : Bio   Filter | 054.500
2016-12-28 08:52:51 | TEMPLOG : Bio   Filter | 055.400
2016-12-28 08:54:53 | TEMPLOG : Bio   Filter | 056.300
2016-12-28 08:54:54 | TEMPLOG : Table    One | 046.400
2016-12-28 08:55:54 | TEMPLOG : WellhouseOne | 047.300
2016-12-28 08:55:54 | TEMPLOG : Bio   Filter | 057.200
2016-12-28 08:56:55 | TEMPLOG : Bio   Filter | 058.100
2016-12-28 08:57:56 | TEMPLOG : WellhouseOne | 105.800
2016-12-28 08:57:57 | TEMPLOG : To   GeoLoop | 046.400
2016-12-28 08:58:57 | TEMPLOG : WellhouseOne | 128.300
2016-12-28 08:59:59 | TEMPLOG : WellhouseOne | 113.900
2016-12-28 09:00:01 | TEMPLOG : Bio   Filter | 057.200
2016-12-28 09:00:01 | TEMPLOG : To   GeoLoop | 046.400
2016-12-28 09:00:01 | TEMPLOG : Table    One | 047.300
2016-12-28 09:01:01 | TEMPLOG : WellhouseOne | 086.000
2016-12-28 09:01:01 | TEMPLOG : Bio   Filter | 056.300
2016-12-28 09:02:02 | TEMPLOG : WellhouseOne | 072.500
2016-12-28 09:02:03 | TEMPLOG : To   GeoLoop | 045.500
2016-12-28 09:03:03 | TEMPLOG : WellhouseOne | 066.200
2016-12-28 09:04:04 | TEMPLOG : WellhouseOne | 062.600
2016-12-28 09:05:05 | TEMPLOG : WellhouseOne | 059.000
2016-12-28 09:06:07 | TEMPLOG : WellhouseOne | 056.300
2016-12-28 09:06:08 | TEMPLOG : To   GeoLoop | 046.400
2016-12-28 09:07:09 | TEMPLOG : WellhouseOne | 054.500
2016-12-28 09:08:10 | TEMPLOG : WellhouseOne | 053.600
2016-12-28 09:08:10 | TEMPLOG : Bio   Filter | 057.200
2016-12-28 09:09:12 | TEMPLOG : WellhouseOne | 052.700
2016-12-28 09:10:13 | TEMPLOG : WellhouseOne | 051.800
2016-12-28 09:10:13 | TEMPLOG : Bio   Filter | 056.300
2016-12-28 09:11:14 | TEMPLOG : WellhouseOne | 050.900
2016-12-28 09:13:17 | TEMPLOG : Bio   Filter | 057.200
2016-12-28 09:14:18 | TEMPLOG : WellhouseOne | 050.000
2016-12-28 09:14:18 | TEMPLOG : Bio   Filter | 056.300
2016-12-28 09:16:22 | TEMPLOG : Bio   Filter | 055.400
2016-12-28 09:18:24 | TEMPLOG : WellhouseOne | 049.100
2016-12-28 09:18:24 | TEMPLOG : Bio   Filter | 054.500
2016-12-28 09:19:27 | TEMPLOG : WellhouseOne | 048.200
2016-12-28 09:20:29 | TEMPLOG : Bio   Filter | 053.600
2016-12-28 09:20:29 | TEMPLOG : To   GeoLoop | 045.500
2016-12-28 09:21:30 | TEMPLOG : Bio   Filter | 052.700
2016-12-28 09:21:31 | TEMPLOG : Table    One | 046.400
2016-12-28 09:23:33 | TEMPLOG : Bio   Filter | 051.800
2016-12-28 09:25:37 | TEMPLOG : Bio   Filter | 050.900
2016-12-28 09:25:38 | TEMPLOG : To   GeoLoop | 046.400
2016-12-28 09:26:39 | TEMPLOG : WellhouseOne | 047.300
2016-12-28 09:26:39 | TEMPLOG : To   GeoLoop | 045.500
2016-12-28 09:28:42 | TEMPLOG : WellhouseOne | 099.500
2016-12-28 09:28:42 | TEMPLOG : Bio   Filter | 050.000
2016-12-28 09:29:42 | TEMPLOG : WellhouseOne | 126.500
2016-12-28 09:30:44 | TEMPLOG : WellhouseOne | 110.300
2016-12-28 09:30:45 | TEMPLOG : Bio   Filter | 049.100
2016-12-28 09:31:45 | TEMPLOG : WellhouseOne | 086.900
2016-12-28 09:31:47 | TEMPLOG : Table    One | 045.500
2016-12-28 09:32:47 | TEMPLOG : WellhouseOne | 075.200
2016-12-28 09:32:48 | TEMPLOG : Bio   Filter | 050.000
2016-12-28 09:32:49 | TEMPLOG : Table    One | 046.400
2016-12-28 09:33:49 | TEMPLOG : WellhouseOne | 068.000
2016-12-28 09:33:49 | TEMPLOG : Bio   Filter | 050.900
2016-12-28 09:34:50 | TEMPLOG : WellhouseOne | 063.500
2016-12-28 09:35:51 | TEMPLOG : WellhouseOne | 060.800
2016-12-28 09:35:52 | TEMPLOG : To   GeoLoop | 046.400
2016-12-28 09:36:52 | TEMPLOG : WellhouseOne | 058.100
2016-12-28 09:37:54 | TEMPLOG : WellhouseOne | 057.200
2016-12-28 09:37:54 | TEMPLOG : Bio   Filter | 050.000
2016-12-28 09:38:55 | TEMPLOG : WellhouseOne | 055.400
2016-12-28 09:39:56 | TEMPLOG : WellhouseOne | 054.500
2016-12-28 09:40:57 | TEMPLOG : WellhouseOne | 053.600
2016-12-28 09:40:57 | TEMPLOG : Bio   Filter | 050.900
2016-12-28 09:41:57 | TEMPLOG : WellhouseOne | 052.700
2016-12-28 09:42:58 | TEMPLOG : WellhouseOne | 051.800
2016-12-28 09:42:59 | TEMPLOG : Bio   Filter | 051.800
2016-12-28 09:43:00 | TEMPLOG : Table    One | 047.300
2016-12-28 09:45:02 | TEMPLOG : WellhouseOne | 050.900
2016-12-28 09:48:06 | TEMPLOG : WellhouseOne | 050.000
2016-12-28 09:48:07 | TEMPLOG : Table    One | 048.200
2016-12-28 09:49:08 | TEMPLOG : Bio   Filter | 052.700
2016-12-28 09:50:08 | TEMPLOG : WellhouseOne | 049.100
2016-12-28 09:51:10 | TEMPLOG : Table    One | 049.100
2016-12-28 09:52:11 | TEMPLOG : Bio   Filter | 053.600
2016-12-28 09:52:11 | TEMPLOG : To   GeoLoop | 047.300
2016-12-28 09:53:12 | TEMPLOG : WellhouseOne | 048.200
2016-12-28 09:53:13 | TEMPLOG : Table    One | 050.000
2016-12-28 09:56:16 | TEMPLOG : WellhouseOne | 047.300
2016-12-28 09:56:17 | TEMPLOG : Table    One | 050.900
2016-12-28 09:58:18 | TEMPLOG : WellhouseOne | 061.700
2016-12-28 09:59:20 | TEMPLOG : WellhouseOne | 118.400
2016-12-28 10:00:21 | TEMPLOG : WellhouseOne | 132.800
2016-12-28 10:00:21 | TEMPLOG : Bio   Filter | 053.600
2016-12-28 10:00:22 | TEMPLOG : To   GeoLoop | 047.300
2016-12-28 10:00:22 | TEMPLOG : Table    One | 051.800
2016-12-28 10:01:22 | TEMPLOG : WellhouseOne | 096.800
2016-12-28 10:02:23 | TEMPLOG : WellhouseOne | 081.500
2016-12-28 10:02:24 | TEMPLOG : Bio   Filter | 054.500
2016-12-28 10:03:25 | TEMPLOG : WellhouseOne | 071.600
2016-12-28 10:03:26 | TEMPLOG : Table    One | 052.700
2016-12-28 10:04:26 | TEMPLOG : WellhouseOne | 067.100
2016-12-28 10:05:28 | TEMPLOG : WellhouseOne | 062.600
2016-12-28 10:05:28 | TEMPLOG : Table    One | 053.600
2016-12-28 10:06:29 | TEMPLOG : WellhouseOne | 059.000
2016-12-28 10:06:30 | TEMPLOG : Table    One | 052.700
2016-12-28 10:07:31 | TEMPLOG : WellhouseOne | 056.300
2016-12-28 10:08:32 | TEMPLOG : WellhouseOne | 055.400
2016-12-28 10:08:32 | TEMPLOG : Bio   Filter | 053.600
2016-12-28 10:10:36 | TEMPLOG : WellhouseOne | 054.500
2016-12-28 10:10:37 | TEMPLOG : Table    One | 053.600
2016-12-28 10:11:38 | TEMPLOG : WellhouseOne | 053.600
2016-12-28 10:13:40 | TEMPLOG : WellhouseOne | 052.700
2016-12-28 10:13:42 | TEMPLOG : Table    One | 054.500
2016-12-28 10:14:42 | TEMPLOG : WellhouseOne | 051.800
2016-12-28 10:14:42 | TEMPLOG : Bio   Filter | 052.700
2016-12-28 10:15:44 | TEMPLOG : Bio   Filter | 053.600
2016-12-28 10:15:44 | TEMPLOG : Table    One | 055.400
2016-12-28 10:16:44 | TEMPLOG : WellhouseOne | 050.900
2016-12-28 10:16:45 | TEMPLOG : To   GeoLoop | 048.200
2016-12-28 10:16:45 | TEMPLOG : Table    One | 056.300
2016-12-28 10:17:46 | TEMPLOG : Table    One | 057.200
2016-12-28 10:18:47 | TEMPLOG : Table    One | 058.100
2016-12-28 10:19:48 | TEMPLOG : Bio   Filter | 054.500
2016-12-28 10:20:50 | TEMPLOG : Table    One | 059.900
2016-12-28 10:21:51 | TEMPLOG : WellhouseOne | 050.000
2016-12-28 10:22:53 | TEMPLOG : To   GeoLoop | 049.100
2016-12-28 10:22:53 | TEMPLOG : Table    One | 060.800
2016-12-28 10:24:56 | TEMPLOG : Table    One | 061.700
2016-12-28 10:25:56 | TEMPLOG : Bio   Filter | 055.400
2016-12-28 10:25:56 | TEMPLOG : Table    One | 062.600
2016-12-28 10:26:57 | TEMPLOG : WellhouseOne | 049.100
2016-12-28 10:26:58 | TEMPLOG : Table    One | 063.500
2016-12-28 10:27:59 | TEMPLOG : Table    One | 064.400
2016-12-28 10:29:00 | TEMPLOG : Table    One | 065.300
2016-12-28 10:30:01 | TEMPLOG : To   GeoLoop | 050.000
2016-12-28 10:30:02 | TEMPLOG : Table    One | 066.200
2016-12-28 10:31:02 | TEMPLOG : WellhouseOne | 058.100
2016-12-28 10:31:03 | TEMPLOG : To   GeoLoop | 049.100
2016-12-28 10:32:04 | TEMPLOG : WellhouseOne | 116.600
2016-12-28 10:32:04 | TEMPLOG : To   GeoLoop | 050.000
2016-12-28 10:32:05 | TEMPLOG : Table    One | 067.100
2016-12-28 10:33:05 | TEMPLOG : WellhouseOne | 131.900
2016-12-28 10:33:05 | TEMPLOG : Table    One | 068.000
2016-12-28 10:34:06 | TEMPLOG : WellhouseOne | 099.500
2016-12-28 10:34:06 | TEMPLOG : Bio   Filter | 056.300
2016-12-28 10:34:07 | TEMPLOG : Table    One | 068.900
2016-12-28 10:35:07 | TEMPLOG : WellhouseOne | 083.300
2016-12-28 10:35:08 | TEMPLOG : Table    One | 069.800
2016-12-28 10:36:08 | TEMPLOG : WellhouseOne | 074.300
2016-12-28 10:36:10 | TEMPLOG : Table    One | 070.700
2016-12-28 10:37:10 | TEMPLOG : WellhouseOne | 068.900
2016-12-28 10:37:11 | TEMPLOG : Table    One | 071.600
2016-12-28 10:38:11 | TEMPLOG : WellhouseOne | 064.400
2016-12-28 10:38:13 | TEMPLOG : Table    One | 072.500
2016-12-28 10:39:13 | TEMPLOG : WellhouseOne | 061.700
2016-12-28 10:39:14 | TEMPLOG : Bio   Filter | 057.200
2016-12-28 10:39:14 | TEMPLOG : Table    One | 073.400
2016-12-28 10:40:15 | TEMPLOG : WellhouseOne | 059.900
2016-12-28 10:41:16 | TEMPLOG : WellhouseOne | 058.100
2016-12-28 10:41:17 | TEMPLOG : Table    One | 074.300
2016-12-28 10:42:17 | TEMPLOG : WellhouseOne | 057.200
2016-12-28 10:43:18 | TEMPLOG : WellhouseOne | 056.300
2016-12-28 10:43:18 | TEMPLOG : Bio   Filter | 058.100
2016-12-28 10:43:18 | TEMPLOG : Table    One | 075.200
2016-12-28 10:44:19 | TEMPLOG : WellhouseOne | 055.400
2016-12-28 10:45:21 | TEMPLOG : Table    One | 076.100
2016-12-28 10:46:21 | TEMPLOG : WellhouseOne | 054.500
2016-12-28 10:46:21 | TEMPLOG : Bio   Filter | 059.000
2016-12-28 10:47:24 | TEMPLOG : WellhouseOne | 053.600
2016-12-28 10:47:24 | TEMPLOG : Table    One | 077.000
2016-12-28 10:48:25 | TEMPLOG : To   GeoLoop | 050.900
2016-12-28 10:49:26 | TEMPLOG : Bio   Filter | 059.900
2016-12-28 10:50:27 | TEMPLOG : WellhouseOne | 052.700
2016-12-28 10:50:27 | TEMPLOG : Table    One | 077.900
2016-12-28 10:51:28 | TEMPLOG : Bio   Filter | 060.800
2016-12-28 10:52:28 | TEMPLOG : WellhouseOne | 051.800
2016-12-28 10:52:30 | TEMPLOG : Table    One | 078.800
2016-12-28 10:54:31 | TEMPLOG : Bio   Filter | 061.700
2016-12-28 10:54:32 | TEMPLOG : Table    One | 079.700
2016-12-28 10:56:34 | TEMPLOG : Bio   Filter | 062.600
2016-12-28 10:57:34 | TEMPLOG : WellhouseOne | 050.900
2016-12-28 10:57:35 | TEMPLOG : Table    One | 080.600
2016-12-28 10:58:36 | TEMPLOG : Table    One | 081.500
2016-12-28 11:00:38 | TEMPLOG : WellhouseOne | 050.900
2016-12-28 11:00:38 | TEMPLOG : Bio   Filter | 063.500
2016-12-28 11:00:38 | TEMPLOG : To   GeoLoop | 050.900
2016-12-28 11:00:38 | TEMPLOG : Table    One | 081.500
2016-12-28 11:02:41 | TEMPLOG : Bio   Filter | 064.400
2016-12-28 11:02:41 | TEMPLOG : Table    One | 082.400
2016-12-28 11:03:41 | TEMPLOG : WellhouseOne | 050.000
2016-12-28 11:03:42 | TEMPLOG : Table    One | 077.900
2016-12-28 11:04:45 | TEMPLOG : Table    One | 077.000
2016-12-28 11:05:45 | TEMPLOG : WellhouseOne | 113.900
2016-12-28 11:05:47 | TEMPLOG : Table    One | 077.900
2016-12-28 11:06:47 | TEMPLOG : WellhouseOne | 125.600
2016-12-28 11:07:48 | TEMPLOG : WellhouseOne | 091.400
2016-12-28 11:07:49 | TEMPLOG : Bio   Filter | 065.300
2016-12-28 11:07:49 | TEMPLOG : Table    One | 077.000
2016-12-28 11:08:50 | TEMPLOG : WellhouseOne | 079.700
2016-12-28 11:09:52 | TEMPLOG : WellhouseOne | 071.600
2016-12-28 11:09:52 | TEMPLOG : Bio   Filter | 066.200
2016-12-28 11:09:53 | TEMPLOG : Table    One | 076.100
2016-12-28 11:10:54 | TEMPLOG : WellhouseOne | 066.200
2016-12-28 11:10:54 | TEMPLOG : Bio   Filter | 067.100
2016-12-28 11:10:54 | TEMPLOG : Table    One | 077.000
2016-12-28 11:11:55 | TEMPLOG : WellhouseOne | 063.500
2016-12-28 11:11:55 | TEMPLOG : Table    One | 072.500
2016-12-28 11:12:55 | TEMPLOG : WellhouseOne | 061.700
2016-12-28 11:12:56 | TEMPLOG : Bio   Filter | 066.200
2016-12-28 11:12:57 | TEMPLOG : Table    One | 068.900
2016-12-28 11:13:57 | TEMPLOG : WellhouseOne | 059.000
2016-12-28 11:13:58 | TEMPLOG : Bio   Filter | 067.100
2016-12-28 11:13:58 | TEMPLOG : To   GeoLoop | 050.000
2016-12-28 11:13:59 | TEMPLOG : Table    One | 070.700
2016-12-28 11:14:59 | TEMPLOG : WellhouseOne | 057.200
2016-12-28 11:14:59 | TEMPLOG : Bio   Filter | 066.200
2016-12-28 11:15:00 | TEMPLOG : Table    One | 067.100
2016-12-28 11:16:00 | TEMPLOG : WellhouseOne | 056.300
2016-12-28 11:16:00 | TEMPLOG : Bio   Filter | 064.400
2016-12-28 11:16:01 | TEMPLOG : Table    One | 065.300
2016-12-28 11:17:01 | TEMPLOG : WellhouseOne | 055.400
2016-12-28 11:17:02 | TEMPLOG : Bio   Filter | 067.100
2016-12-28 11:17:03 | TEMPLOG : Table    One | 068.000
2016-12-28 11:18:03 | TEMPLOG : Bio   Filter | 071.600
2016-12-28 11:18:04 | TEMPLOG : Table    One | 072.500
2016-12-28 11:19:04 | TEMPLOG : WellhouseOne | 054.500
2016-12-28 11:19:04 | TEMPLOG : Bio   Filter | 070.700
2016-12-28 11:19:05 | TEMPLOG : Table    One | 069.800
2016-12-28 11:20:05 | TEMPLOG : WellhouseOne | 053.600
2016-12-28 11:20:06 | TEMPLOG : Bio   Filter | 068.000
2016-12-28 11:20:06 | TEMPLOG : Table    One | 066.200
2016-12-28 11:21:07 | TEMPLOG : Table    One | 067.100
2016-12-28 11:22:08 | TEMPLOG : Table    One | 065.300
2016-12-28 11:23:10 | TEMPLOG : Bio   Filter | 065.300
2016-12-28 11:23:10 | TEMPLOG : Table    One | 063.500
2016-12-28 11:24:10 | TEMPLOG : WellhouseOne | 052.700
2016-12-28 11:24:11 | TEMPLOG : Bio   Filter | 063.500
2016-12-28 11:24:11 | TEMPLOG : Table    One | 061.700
2016-12-28 11:25:12 | TEMPLOG : Bio   Filter | 062.600
2016-12-28 11:25:13 | TEMPLOG : Table    One | 060.800
2016-12-28 11:26:13 | TEMPLOG : Bio   Filter | 060.800
2016-12-28 11:26:14 | TEMPLOG : Table    One | 059.900
2016-12-28 11:28:15 | TEMPLOG : WellhouseOne | 051.800
2016-12-28 11:29:16 | TEMPLOG : Bio   Filter | 059.900
2016-12-28 11:29:17 | TEMPLOG : Table    One | 059.000
2016-12-28 11:30:17 | TEMPLOG : WellhouseOne | 050.900
2016-12-28 11:30:18 | TEMPLOG : Bio   Filter | 059.000
2016-12-28 11:30:18 | TEMPLOG : To   GeoLoop | 049.100
2016-12-28 11:30:18 | TEMPLOG : Table    One | 058.100
2016-12-28 11:31:18 | TEMPLOG : WellhouseOne | 050.000
2016-12-28 11:31:18 | TEMPLOG : Bio   Filter | 058.100
2016-12-28 11:31:19 | TEMPLOG : Table    One | 057.200
2016-12-28 11:33:20 | TEMPLOG : WellhouseOne | 049.100
2016-12-28 11:34:22 | TEMPLOG : Bio   Filter | 057.200
2016-12-28 11:34:22 | TEMPLOG : Table    One | 056.300
2016-12-28 11:35:22 | TEMPLOG : WellhouseOne | 048.200
2016-12-28 11:35:23 | TEMPLOG : Bio   Filter | 056.300
2016-12-28 11:35:23 | TEMPLOG : Table    One | 055.400
2016-12-28 11:36:25 | TEMPLOG : Table    One | 054.500
2016-12-28 11:37:26 | TEMPLOG : Table    One | 055.400
2016-12-28 11:39:28 | TEMPLOG : WellhouseOne | 119.300
2016-12-28 11:39:30 | TEMPLOG : Table    One | 056.300
2016-12-28 11:40:30 | TEMPLOG : WellhouseOne | 104.900
2016-12-28 11:40:30 | TEMPLOG : Bio   Filter | 058.100
2016-12-28 11:40:31 | TEMPLOG : Table    One | 059.000
2016-12-28 11:41:31 | TEMPLOG : WellhouseOne | 079.700
2016-12-28 11:41:32 | TEMPLOG : To   GeoLoop | 050.000
2016-12-28 11:41:32 | TEMPLOG : Table    One | 058.100
2016-12-28 11:42:32 | TEMPLOG : WellhouseOne | 068.000
2016-12-28 11:42:32 | TEMPLOG : Bio   Filter | 057.200
2016-12-28 11:42:33 | TEMPLOG : To   GeoLoop | 049.100
2016-12-28 11:42:33 | TEMPLOG : Table    One | 056.300
2016-12-28 11:43:33 | TEMPLOG : WellhouseOne | 060.800
2016-12-28 11:43:33 | TEMPLOG : Bio   Filter | 056.300
2016-12-28 11:43:34 | TEMPLOG : To   GeoLoop | 050.000
2016-12-28 11:44:34 | TEMPLOG : WellhouseOne | 057.200
2016-12-28 11:44:35 | TEMPLOG : Table    One | 055.400
2016-12-28 11:45:35 | TEMPLOG : WellhouseOne | 055.400
2016-12-28 11:45:35 | TEMPLOG : To   GeoLoop | 049.100
2016-12-28 11:46:36 | TEMPLOG : WellhouseOne | 052.700
2016-12-28 11:46:37 | TEMPLOG : Table    One | 057.200
2016-12-28 11:47:38 | TEMPLOG : WellhouseOne | 051.800
2016-12-28 11:47:38 | TEMPLOG : Bio   Filter | 057.200
2016-12-28 11:47:38 | TEMPLOG : Table    One | 058.100
2016-12-28 11:48:38 | TEMPLOG : WellhouseOne | 050.900
2016-12-28 11:48:39 | TEMPLOG : Bio   Filter | 056.300
2016-12-28 11:48:40 | TEMPLOG : Table    One | 055.400
2016-12-28 11:49:40 | TEMPLOG : WellhouseOne | 050.000
2016-12-28 11:49:40 | TEMPLOG : Bio   Filter | 055.400
2016-12-28 11:49:41 | TEMPLOG : Table    One | 054.500
2016-12-28 11:50:41 | TEMPLOG : WellhouseOne | 049.100
2016-12-28 11:50:41 | TEMPLOG : Bio   Filter | 054.500
2016-12-28 11:50:42 | TEMPLOG : Table    One | 053.600
2016-12-28 11:51:42 | TEMPLOG : WellhouseOne | 048.200
2016-12-28 11:51:43 | TEMPLOG : Bio   Filter | 053.600
2016-12-28 11:51:44 | TEMPLOG : To   GeoLoop | 048.200
2016-12-28 11:51:44 | TEMPLOG : Table    One | 052.700
2016-12-28 11:53:46 | TEMPLOG : Bio   Filter | 052.700
2016-12-28 11:53:46 | TEMPLOG : Table    One | 051.800
2016-12-28 11:54:46 | TEMPLOG : WellhouseOne | 047.300
2016-12-28 11:55:48 | TEMPLOG : Bio   Filter | 051.800
2016-12-28 11:56:49 | TEMPLOG : WellhouseOne | 046.400
2016-12-28 11:56:49 | TEMPLOG : Table    One | 050.900
2016-12-28 11:58:52 | TEMPLOG : Bio   Filter | 050.900
2016-12-28 11:58:53 | TEMPLOG : Table    One | 050.000
2016-12-28 12:00:55 | TEMPLOG : WellhouseOne | 045.500
2016-12-28 12:00:55 | TEMPLOG : Bio   Filter | 050.900
2016-12-28 12:00:56 | TEMPLOG : To   GeoLoop | 048.200
2016-12-28 12:00:56 | TEMPLOG : Table    One | 050.000
2016-12-28 12:01:57 | TEMPLOG : Table    One | 049.100
2016-12-28 12:02:58 | TEMPLOG : Bio   Filter | 050.000
2016-12-28 12:03:58 | TEMPLOG : WellhouseOne | 044.600
2016-12-28 12:06:02 | TEMPLOG : Table    One | 048.200
2016-12-28 12:08:04 | TEMPLOG : WellhouseOne | 125.600
2016-12-28 12:08:05 | TEMPLOG : Table    One | 049.100
2016-12-28 12:09:06 | TEMPLOG : WellhouseOne | 140.000
2016-12-28 12:10:07 | TEMPLOG : WellhouseOne | 087.800
2016-12-28 12:11:08 | TEMPLOG : WellhouseOne | 068.900
2016-12-28 12:11:09 | TEMPLOG : Table    One | 048.200
2016-12-28 12:12:10 | TEMPLOG : WellhouseOne | 061.700
2016-12-28 12:13:12 | TEMPLOG : WellhouseOne | 056.300
2016-12-28 12:14:13 | TEMPLOG : WellhouseOne | 053.600
2016-12-28 12:14:14 | TEMPLOG : Bio   Filter | 049.100
2016-12-28 12:15:15 | TEMPLOG : WellhouseOne | 052.700
2016-12-28 12:15:15 | TEMPLOG : Table    One | 047.300
2016-12-28 12:16:16 | TEMPLOG : WellhouseOne | 050.900
2016-12-28 12:16:16 | TEMPLOG : Bio   Filter | 048.200
2016-12-28 12:17:18 | TEMPLOG : WellhouseOne | 050.000
2016-12-28 12:18:19 | TEMPLOG : WellhouseOne | 049.100
2016-12-28 12:19:20 | TEMPLOG : WellhouseOne | 048.200
2016-12-28 12:20:21 | TEMPLOG : WellhouseOne | 047.300
2016-12-28 12:23:25 | TEMPLOG : WellhouseOne | 046.400
2016-12-28 12:23:26 | TEMPLOG : Table    One | 048.200
2016-12-28 12:24:26 | TEMPLOG : Bio   Filter | 049.100
2016-12-28 12:28:31 | TEMPLOG : WellhouseOne | 045.500
2016-12-28 12:31:35 | TEMPLOG : Bio   Filter | 050.000
2016-12-28 12:32:36 | TEMPLOG : WellhouseOne | 044.600
2016-12-28 12:32:37 | TEMPLOG : Table    One | 049.100
2016-12-28 12:35:39 | TEMPLOG : WellhouseOne | 096.800
2016-12-28 12:35:40 | TEMPLOG : Bio   Filter | 049.100
2016-12-28 12:35:40 | TEMPLOG : Table    One | 048.200
2016-12-28 12:36:40 | TEMPLOG : WellhouseOne | 130.100
2016-12-28 12:37:41 | TEMPLOG : WellhouseOne | 116.600
2016-12-28 12:38:42 | TEMPLOG : WellhouseOne | 080.600
2016-12-28 12:39:44 | TEMPLOG : WellhouseOne | 068.000
2016-12-28 12:39:44 | TEMPLOG : Bio   Filter | 050.000
2016-12-28 12:40:45 | TEMPLOG : WellhouseOne | 061.700
2016-12-28 12:40:45 | TEMPLOG : Bio   Filter | 049.100
2016-12-28 12:40:46 | TEMPLOG : Table    One | 049.100
2016-12-28 12:41:46 | TEMPLOG : WellhouseOne | 058.100
2016-12-28 12:42:47 | TEMPLOG : WellhouseOne | 055.400
2016-12-28 12:42:48 | TEMPLOG : Table    One | 048.200
2016-12-28 12:43:48 | TEMPLOG : WellhouseOne | 054.500
2016-12-28 12:44:49 | TEMPLOG : WellhouseOne | 053.600
2016-12-28 12:45:51 | TEMPLOG : WellhouseOne | 051.800
2016-12-28 12:46:52 | TEMPLOG : WellhouseOne | 050.900
2016-12-28 12:47:53 | TEMPLOG : WellhouseOne | 050.000
2016-12-28 12:48:55 | TEMPLOG : WellhouseOne | 049.100
2016-12-28 12:48:55 | TEMPLOG : Bio   Filter | 048.200
2016-12-28 12:49:57 | TEMPLOG : WellhouseOne | 048.200
2016-12-28 12:50:59 | TEMPLOG : Table    One | 047.300
2016-12-28 12:53:01 | TEMPLOG : WellhouseOne | 047.300
2016-12-28 12:53:01 | TEMPLOG : Table    One | 048.200
2016-12-28 12:54:02 | TEMPLOG : WellhouseOne | 046.400
2016-12-28 12:54:03 | TEMPLOG : Table    One | 047.300
2016-12-28 12:58:07 | TEMPLOG : WellhouseOne | 045.500
2016-12-28 12:59:08 | TEMPLOG : Bio   Filter | 047.300
2016-12-28 13:00:09 | TEMPLOG : WellhouseOne | 045.500
2016-12-28 13:00:09 | TEMPLOG : Bio   Filter | 047.300
2016-12-28 13:00:09 | TEMPLOG : To   GeoLoop | 048.200
2016-12-28 13:00:09 | TEMPLOG : Table    One | 047.300
2016-12-28 13:01:09 | TEMPLOG : WellhouseOne | 044.600
2016-12-28 13:01:10 | TEMPLOG : Bio   Filter | 048.200
2016-12-28 13:02:12 | TEMPLOG : Bio   Filter | 047.300
2016-12-28 13:05:14 | TEMPLOG : WellhouseOne | 112.100
2016-12-28 13:06:15 | TEMPLOG : WellhouseOne | 137.300
2016-12-28 13:07:17 | TEMPLOG : WellhouseOne | 086.900
2016-12-28 13:08:17 | TEMPLOG : WellhouseOne | 069.800
2016-12-28 13:09:18 | TEMPLOG : WellhouseOne | 063.500
2016-12-28 13:10:19 | TEMPLOG : WellhouseOne | 059.000
2016-12-28 13:11:20 | TEMPLOG : WellhouseOne | 056.300
2016-12-28 13:12:21 | TEMPLOG : WellhouseOne | 053.600
2016-12-28 13:13:22 | TEMPLOG : WellhouseOne | 052.700
2016-12-28 13:14:23 | TEMPLOG : WellhouseOne | 050.900
2016-12-28 13:15:25 | TEMPLOG : WellhouseOne | 050.000
2016-12-28 13:16:27 | TEMPLOG : Table    One | 046.400
2016-12-28 13:17:27 | TEMPLOG : WellhouseOne | 049.100
2016-12-28 13:17:28 | TEMPLOG : Table    One | 047.300
2016-12-28 13:19:29 | TEMPLOG : WellhouseOne | 048.200
2016-12-28 13:20:30 | TEMPLOG : Bio   Filter | 048.200
2016-12-28 13:22:32 | TEMPLOG : WellhouseOne | 047.300
2016-12-28 13:25:36 | TEMPLOG : Table    One | 048.200
2016-12-28 13:28:38 | TEMPLOG : WellhouseOne | 046.400
2016-12-28 13:30:40 | TEMPLOG : Bio   Filter | 049.100
2016-12-28 13:33:43 | TEMPLOG : WellhouseOne | 049.100
2016-12-28 13:33:44 | TEMPLOG : Table    One | 049.100
2016-12-28 13:34:45 | TEMPLOG : WellhouseOne | 114.800
2016-12-28 13:35:46 | TEMPLOG : WellhouseOne | 140.000
2016-12-28 13:35:46 | TEMPLOG : Bio   Filter | 050.000
2016-12-28 13:35:47 | TEMPLOG : To   GeoLoop | 049.100
2016-12-28 13:36:47 | TEMPLOG : WellhouseOne | 079.700
2016-12-28 13:37:49 | TEMPLOG : WellhouseOne | 067.100
2016-12-28 13:38:50 | TEMPLOG : WellhouseOne | 061.700
2016-12-28 13:38:51 | TEMPLOG : Table    One | 050.000
2016-12-28 13:39:51 | TEMPLOG : WellhouseOne | 056.300
2016-12-28 13:39:53 | TEMPLOG : Table    One | 049.100
2016-12-28 13:40:53 | TEMPLOG : WellhouseOne | 053.600
2016-12-28 13:41:53 | TEMPLOG : WellhouseOne | 051.800
2016-12-28 13:41:55 | TEMPLOG : Table    One | 050.000
2016-12-28 13:42:55 | TEMPLOG : WellhouseOne | 050.900
2016-12-28 13:42:55 | TEMPLOG : Bio   Filter | 050.900
2016-12-28 13:42:56 | TEMPLOG : Table    One | 051.800
2016-12-28 13:43:56 | TEMPLOG : WellhouseOne | 050.000
2016-12-28 13:43:56 | TEMPLOG : Bio   Filter | 051.800
2016-12-28 13:44:57 | TEMPLOG : WellhouseOne | 049.100
2016-12-28 13:44:57 | TEMPLOG : Bio   Filter | 052.700
2016-12-28 13:45:58 | TEMPLOG : WellhouseOne | 048.200
2016-12-28 13:46:59 | TEMPLOG : Bio   Filter | 051.800
2016-12-28 13:47:00 | TEMPLOG : Table    One | 050.900
2016-12-28 13:49:02 | TEMPLOG : WellhouseOne | 047.300
2016-12-28 13:49:04 | TEMPLOG : Table    One | 051.800
2016-12-28 13:50:05 | TEMPLOG : Bio   Filter | 053.600
2016-12-28 13:50:05 | TEMPLOG : Table    One | 053.600
2016-12-28 13:52:08 | TEMPLOG : Table    One | 052.700
2016-12-28 13:53:08 | TEMPLOG : WellhouseOne | 046.400
2016-12-28 13:53:09 | TEMPLOG : Table    One | 053.600
2016-12-28 13:55:12 | TEMPLOG : Table    One | 052.700
2016-12-28 13:56:12 | TEMPLOG : Bio   Filter | 052.700
2016-12-28 13:56:13 | TEMPLOG : Table    One | 051.800
2016-12-28 13:57:13 | TEMPLOG : WellhouseOne | 045.500
2016-12-28 13:57:13 | TEMPLOG : Bio   Filter | 051.800
2016-12-28 13:57:13 | TEMPLOG : Table    One | 050.900
2016-12-28 14:00:15 | TEMPLOG : WellhouseOne | 045.500
2016-12-28 14:00:15 | TEMPLOG : Bio   Filter | 050.900
2016-12-28 14:00:16 | TEMPLOG : To   GeoLoop | 049.100
2016-12-28 14:00:16 | TEMPLOG : Table    One | 050.000
2016-12-28 14:01:16 | TEMPLOG : Bio   Filter | 050.000
2016-12-28 14:01:17 | TEMPLOG : To   GeoLoop | 048.200
2016-12-28 14:02:18 | TEMPLOG : WellhouseOne | 096.800
2016-12-28 14:02:19 | TEMPLOG : Table    One | 049.100
2016-12-28 14:03:19 | TEMPLOG : WellhouseOne | 129.200
2016-12-28 14:04:20 | TEMPLOG : WellhouseOne | 100.400
2016-12-28 14:04:21 | TEMPLOG : To   GeoLoop | 049.100
2016-12-28 14:04:21 | TEMPLOG : Table    One | 050.000
2016-12-28 14:05:21 | TEMPLOG : WellhouseOne | 077.000
2016-12-28 14:05:21 | TEMPLOG : Bio   Filter | 050.900
2016-12-28 14:05:22 | TEMPLOG : Table    One | 050.900
2016-12-28 14:06:22 | TEMPLOG : WellhouseOne | 065.300
2016-12-28 14:07:23 | TEMPLOG : WellhouseOne | 059.900
2016-12-28 14:08:24 | TEMPLOG : WellhouseOne | 055.400
2016-12-28 14:08:25 | TEMPLOG : Table    One | 050.000
2016-12-28 14:09:25 | TEMPLOG : WellhouseOne | 053.600
2016-12-28 14:09:26 | TEMPLOG : Table    One | 050.900
2016-12-28 14:10:27 | TEMPLOG : WellhouseOne | 052.700
2016-12-28 14:10:27 | TEMPLOG : Table    One | 050.000
2016-12-28 14:11:28 | TEMPLOG : WellhouseOne | 051.800
2016-12-28 14:11:28 | TEMPLOG : Bio   Filter | 050.000
2016-12-28 14:12:29 | TEMPLOG : WellhouseOne | 050.900
2016-12-28 14:13:30 | TEMPLOG : WellhouseOne | 050.000
2016-12-28 14:14:31 | TEMPLOG : WellhouseOne | 049.100
2016-12-28 14:16:33 | TEMPLOG : WellhouseOne | 048.200
2016-12-28 14:17:35 | TEMPLOG : Bio   Filter | 049.100
2016-12-28 14:17:35 | TEMPLOG : To   GeoLoop | 048.200
2016-12-28 14:17:36 | TEMPLOG : Table    One | 049.100
2016-12-28 14:18:38 | TEMPLOG : To   GeoLoop | 049.100
2016-12-28 14:19:39 | TEMPLOG : WellhouseOne | 047.300
2016-12-28 14:24:43 | TEMPLOG : WellhouseOne | 046.400
2016-12-28 14:24:43 | TEMPLOG : Bio   Filter | 050.000
2016-12-28 14:24:44 | TEMPLOG : Table    One | 050.000
2016-12-28 14:26:47 | TEMPLOG : Bio   Filter | 051.800
2016-12-28 14:26:47 | TEMPLOG : Table    One | 051.800
2016-12-28 14:27:47 | TEMPLOG : Bio   Filter | 055.400
2016-12-28 14:27:48 | TEMPLOG : Table    One | 057.200
2016-12-28 14:28:49 | TEMPLOG : Bio   Filter | 058.100
2016-12-28 14:28:49 | TEMPLOG : To   GeoLoop | 050.000
2016-12-28 14:28:49 | TEMPLOG : Table    One | 059.000
2016-12-28 14:29:49 | TEMPLOG : Bio   Filter | 057.200
2016-12-28 14:29:50 | TEMPLOG : Table    One | 056.300
2016-12-28 14:30:50 | TEMPLOG : WellhouseOne | 045.500
2016-12-28 14:30:50 | TEMPLOG : Bio   Filter | 055.400
2016-12-28 14:30:51 | TEMPLOG : Table    One | 054.500
2016-12-28 14:31:52 | TEMPLOG : WellhouseOne | 112.100
2016-12-28 14:31:52 | TEMPLOG : Bio   Filter | 053.600
2016-12-28 14:31:53 | TEMPLOG : To   GeoLoop | 049.100
2016-12-28 14:31:53 | TEMPLOG : Table    One | 052.700
2016-12-28 14:32:53 | TEMPLOG : WellhouseOne | 140.000
2016-12-28 14:32:54 | TEMPLOG : Table    One | 053.600
2016-12-28 14:33:54 | TEMPLOG : WellhouseOne | 097.700
2016-12-28 14:33:54 | TEMPLOG : Bio   Filter | 054.500
2016-12-28 14:33:55 | TEMPLOG : Table    One | 056.300
2016-12-28 14:34:55 | TEMPLOG : WellhouseOne | 075.200
2016-12-28 14:34:55 | TEMPLOG : Bio   Filter | 055.400
2016-12-28 14:34:55 | TEMPLOG : To   GeoLoop | 050.000
2016-12-28 14:35:56 | TEMPLOG : WellhouseOne | 064.400
2016-12-28 14:35:56 | TEMPLOG : Bio   Filter | 054.500
2016-12-28 14:35:56 | TEMPLOG : To   GeoLoop | 049.100
2016-12-28 14:35:56 | TEMPLOG : Table    One | 053.600
2016-12-28 14:36:56 | TEMPLOG : WellhouseOne | 059.900
2016-12-28 14:36:57 | TEMPLOG : Bio   Filter | 052.700
2016-12-28 14:36:57 | TEMPLOG : Table    One | 052.700
2016-12-28 14:37:58 | TEMPLOG : WellhouseOne | 057.200
2016-12-28 14:37:58 | TEMPLOG : Bio   Filter | 054.500
2016-12-28 14:37:58 | TEMPLOG : Table    One | 055.400
2016-12-28 14:38:59 | TEMPLOG : WellhouseOne | 053.600
2016-12-28 14:38:59 | TEMPLOG : Bio   Filter | 053.600
2016-12-28 14:38:59 | TEMPLOG : Table    One | 053.600
2016-12-28 14:40:00 | TEMPLOG : WellhouseOne | 051.800
2016-12-28 14:40:00 | TEMPLOG : Bio   Filter | 052.700
2016-12-28 14:40:00 | TEMPLOG : Table    One | 051.800
2016-12-28 14:41:02 | TEMPLOG : WellhouseOne | 050.900
2016-12-28 14:41:02 | TEMPLOG : Bio   Filter | 050.900
2016-12-28 14:41:02 | TEMPLOG : To   GeoLoop | 048.200
2016-12-28 14:41:02 | TEMPLOG : Table    One | 050.000
2016-12-28 14:42:03 | TEMPLOG : WellhouseOne | 050.000
2016-12-28 14:42:03 | TEMPLOG : Bio   Filter | 050.000
2016-12-28 14:42:04 | TEMPLOG : Table    One | 049.100
2016-12-28 14:43:04 | TEMPLOG : WellhouseOne | 049.100
2016-12-28 14:43:06 | TEMPLOG : Table    One | 050.000
2016-12-28 14:44:07 | TEMPLOG : Bio   Filter | 051.800
2016-12-28 14:44:07 | TEMPLOG : To   GeoLoop | 049.100
2016-12-28 14:44:08 | TEMPLOG : Table    One | 052.700
2016-12-28 14:45:08 | TEMPLOG : WellhouseOne | 048.200
2016-12-28 14:45:08 | TEMPLOG : Bio   Filter | 053.600
2016-12-28 14:45:09 | TEMPLOG : Table    One | 054.500
2016-12-28 14:46:10 | TEMPLOG : Bio   Filter | 052.700
2016-12-28 14:46:10 | TEMPLOG : Table    One | 052.700
2016-12-28 14:47:10 | TEMPLOG : WellhouseOne | 047.300
2016-12-28 14:47:10 | TEMPLOG : Bio   Filter | 051.800
2016-12-28 14:47:11 | TEMPLOG : Table    One | 050.900
2016-12-28 14:48:12 | TEMPLOG : Bio   Filter | 050.900
2016-12-28 14:48:13 | TEMPLOG : Table    One | 050.000
2016-12-28 14:49:13 | TEMPLOG : Bio   Filter | 050.000
2016-12-28 14:50:15 | TEMPLOG : WellhouseOne | 046.400
2016-12-28 14:50:15 | TEMPLOG : To   GeoLoop | 048.200
2016-12-28 14:50:15 | TEMPLOG : Table    One | 049.100
2016-12-28 14:51:17 | TEMPLOG : Bio   Filter | 049.100
2016-12-28 14:52:18 | TEMPLOG : WellhouseOne | 045.500
2016-12-28 14:52:18 | TEMPLOG : Bio   Filter | 050.000
2016-12-28 14:52:18 | TEMPLOG : Table    One | 050.000
2016-12-28 14:54:20 | TEMPLOG : Bio   Filter | 049.100
2016-12-28 14:54:20 | TEMPLOG : Table    One | 049.100
2016-12-28 14:55:21 | TEMPLOG : Bio   Filter | 048.200
2016-12-28 14:55:22 | TEMPLOG : Table    One | 048.200
2016-12-28 14:56:23 | TEMPLOG : Table    One | 047.300
2016-12-28 14:57:23 | TEMPLOG : Bio   Filter | 047.300
2016-12-28 14:58:25 | TEMPLOG : WellhouseOne | 044.600
2016-12-28 14:58:26 | TEMPLOG : Table    One | 046.400
2016-12-28 14:59:28 | TEMPLOG : Table    One | 047.300
2016-12-28 15:00:28 | TEMPLOG : WellhouseOne | 044.600
2016-12-28 15:00:29 | TEMPLOG : Bio   Filter | 048.200
2016-12-28 15:00:29 | TEMPLOG : To   GeoLoop | 048.200
2016-12-28 15:00:30 | TEMPLOG : Table    One | 048.200
2016-12-28 15:01:30 | TEMPLOG : WellhouseOne | 110.300
2016-12-28 15:02:30 | TEMPLOG : WellhouseOne | 140.000
2016-12-28 15:03:31 | TEMPLOG : WellhouseOne | 086.000
2016-12-28 15:04:32 | TEMPLOG : WellhouseOne | 071.600
2016-12-28 15:05:33 | TEMPLOG : WellhouseOne | 062.600
2016-12-28 15:05:34 | TEMPLOG : Table    One | 047.300
2016-12-28 15:06:34 | TEMPLOG : WellhouseOne | 057.200
2016-12-28 15:06:35 | TEMPLOG : Bio   Filter | 047.300
2016-12-28 15:07:36 | TEMPLOG : WellhouseOne | 053.600
2016-12-28 15:07:37 | TEMPLOG : Table    One | 046.400
2016-12-28 15:08:37 | TEMPLOG : WellhouseOne | 051.800
2016-12-28 15:08:38 | TEMPLOG : Bio   Filter | 046.400
2016-12-28 15:09:39 | TEMPLOG : WellhouseOne | 050.000
2016-12-28 15:09:40 | TEMPLOG : Bio   Filter | 047.300
2016-12-28 15:10:41 | TEMPLOG : WellhouseOne | 048.200
2016-12-28 15:10:41 | TEMPLOG : Bio   Filter | 046.400
2016-12-28 15:12:43 | TEMPLOG : WellhouseOne | 047.300
2016-12-28 15:13:44 | TEMPLOG : Bio   Filter | 047.300
2016-12-28 15:13:45 | TEMPLOG : Table    One | 047.300
2016-12-28 15:14:45 | TEMPLOG : WellhouseOne | 046.400
2016-12-28 15:14:45 | TEMPLOG : Bio   Filter | 048.200
2016-12-28 15:14:45 | TEMPLOG : Table    One | 048.200
2016-12-28 15:15:47 | TEMPLOG : Table    One | 047.300
2016-12-28 15:16:48 | TEMPLOG : WellhouseOne | 045.500
2016-12-28 15:17:49 | TEMPLOG : Bio   Filter | 047.300
2016-12-28 15:18:50 | TEMPLOG : Bio   Filter | 050.000
2016-12-28 15:18:51 | TEMPLOG : Table    One | 050.900
2016-12-28 15:19:51 | TEMPLOG : Bio   Filter | 052.700
2016-12-28 15:19:52 | TEMPLOG : To   GeoLoop | 049.100
2016-12-28 15:19:52 | TEMPLOG : Table    One | 053.600
2016-12-28 15:20:52 | TEMPLOG : Bio   Filter | 055.400
2016-12-28 15:20:53 | TEMPLOG : Table    One | 056.300
2016-12-28 15:21:53 | TEMPLOG : Bio   Filter | 057.200
2016-12-28 15:21:53 | TEMPLOG : Table    One | 058.100
2016-12-28 15:22:54 | TEMPLOG : WellhouseOne | 044.600
2016-12-28 15:22:54 | TEMPLOG : Bio   Filter | 059.000
2016-12-28 15:22:55 | TEMPLOG : Table    One | 059.000
2016-12-28 15:23:55 | TEMPLOG : Bio   Filter | 059.900
2016-12-28 15:23:55 | TEMPLOG : To   GeoLoop | 050.000
2016-12-28 15:23:56 | TEMPLOG : Table    One | 059.900
2016-12-28 15:24:57 | TEMPLOG : Table    One | 060.800
2016-12-28 15:25:58 | TEMPLOG : To   GeoLoop | 049.100
2016-12-28 15:27:00 | TEMPLOG : Table    One | 059.900
2016-12-28 15:28:00 | TEMPLOG : WellhouseOne | 043.700
2016-12-28 15:28:00 | TEMPLOG : To   GeoLoop | 050.000
2016-12-28 15:28:01 | TEMPLOG : Table    One | 060.800
2016-12-28 15:29:01 | TEMPLOG : WellhouseOne | 075.200
2016-12-28 15:29:01 | TEMPLOG : Table    One | 061.700
2016-12-28 15:30:02 | TEMPLOG : WellhouseOne | 124.700
2016-12-28 15:31:03 | TEMPLOG : WellhouseOne | 142.700
2016-12-28 15:32:05 | TEMPLOG : WellhouseOne | 085.100
2016-12-28 15:32:05 | TEMPLOG : Table    One | 060.800
2016-12-28 15:33:05 | TEMPLOG : WellhouseOne | 067.100
2016-12-28 15:33:05 | TEMPLOG : Bio   Filter | 058.100
2016-12-28 15:33:06 | TEMPLOG : To   GeoLoop | 049.100
2016-12-28 15:33:07 | TEMPLOG : Table    One | 059.900
2016-12-28 15:34:07 | TEMPLOG : WellhouseOne | 058.100
2016-12-28 15:34:07 | TEMPLOG : Bio   Filter | 059.000
2016-12-28 15:34:08 | TEMPLOG : Table    One | 060.800
2016-12-28 15:35:08 | TEMPLOG : WellhouseOne | 054.500
2016-12-28 15:36:09 | TEMPLOG : WellhouseOne | 052.700
2016-12-28 15:36:10 | TEMPLOG : Table    One | 059.900
2016-12-28 15:37:10 | TEMPLOG : WellhouseOne | 050.900
2016-12-28 15:37:10 | TEMPLOG : Bio   Filter | 058.100
2016-12-28 15:38:11 | TEMPLOG : WellhouseOne | 050.000
2016-12-28 15:39:13 | TEMPLOG : WellhouseOne | 049.100
2016-12-28 15:40:14 | TEMPLOG : WellhouseOne | 048.200
2016-12-28 15:41:16 | TEMPLOG : WellhouseOne | 047.300
2016-12-28 15:42:18 | TEMPLOG : WellhouseOne | 046.400
2016-12-28 15:43:19 | TEMPLOG : WellhouseOne | 045.500
2016-12-28 15:43:19 | TEMPLOG : Bio   Filter | 057.200
2016-12-28 15:45:21 | TEMPLOG : WellhouseOne | 044.600
2016-12-28 15:45:21 | TEMPLOG : Bio   Filter | 056.300
2016-12-28 15:45:22 | TEMPLOG : Table    One | 059.000
2016-12-28 15:47:25 | TEMPLOG : WellhouseOne | 043.700
2016-12-28 15:47:25 | TEMPLOG : Table    One | 058.100
2016-12-28 15:48:26 | TEMPLOG : Bio   Filter | 055.400
2016-12-28 15:50:28 | TEMPLOG : WellhouseOne | 042.800
2016-12-28 15:50:29 | TEMPLOG : Table    One | 057.200
2016-12-28 15:51:29 | TEMPLOG : Bio   Filter | 054.500
2016-12-28 15:52:32 | TEMPLOG : Table    One | 056.300
2016-12-28 15:54:32 | TEMPLOG : WellhouseOne | 041.900
2016-12-28 15:54:33 | TEMPLOG : Bio   Filter | 053.600
2016-12-28 15:54:33 | TEMPLOG : Table    One | 055.400
2016-12-28 15:55:33 | TEMPLOG : WellhouseOne | 082.400
2016-12-28 15:56:35 | TEMPLOG : WellhouseOne | 132.800
2016-12-28 15:56:35 | TEMPLOG : Table    One | 054.500
2016-12-28 15:57:35 | TEMPLOG : WellhouseOne | 144.500
2016-12-28 15:57:36 | TEMPLOG : Bio   Filter | 052.700
2016-12-28 15:58:37 | TEMPLOG : WellhouseOne | 088.700
2016-12-28 15:58:37 | TEMPLOG : To   GeoLoop | 048.200
2016-12-28 15:59:38 | TEMPLOG : WellhouseOne | 068.900
2016-12-28 16:00:38 | TEMPLOG : WellhouseOne | 059.900
2016-12-28 16:00:39 | TEMPLOG : Bio   Filter | 052.700
2016-12-28 16:00:39 | TEMPLOG : To   GeoLoop | 048.200
2016-12-28 16:00:39 | TEMPLOG : Table    One | 054.500
2016-12-28 16:01:39 | TEMPLOG : WellhouseOne | 056.300
2016-12-28 16:01:40 | TEMPLOG : Table    One | 053.600
2016-12-28 16:02:41 | TEMPLOG : WellhouseOne | 053.600
2016-12-28 16:02:41 | TEMPLOG : Bio   Filter | 051.800
2016-12-28 16:03:42 | TEMPLOG : WellhouseOne | 050.000
2016-12-28 16:04:43 | TEMPLOG : WellhouseOne | 049.100
2016-12-28 16:05:44 | TEMPLOG : WellhouseOne | 047.300
2016-12-28 16:06:45 | TEMPLOG : WellhouseOne | 046.400
2016-12-28 16:06:46 | TEMPLOG : Bio   Filter | 050.900
2016-12-28 16:06:46 | TEMPLOG : Table    One | 052.700
2016-12-28 16:07:46 | TEMPLOG : WellhouseOne | 045.500
2016-12-28 16:09:48 | TEMPLOG : WellhouseOne | 044.600
2016-12-28 16:09:48 | TEMPLOG : Bio   Filter | 050.000
2016-12-28 16:10:50 | TEMPLOG : Table    One | 051.800
2016-12-28 16:11:50 | TEMPLOG : WellhouseOne | 043.700
2016-12-28 16:11:50 | TEMPLOG : Bio   Filter | 049.100
2016-12-28 16:11:51 | TEMPLOG : Table    One | 050.000
2016-12-28 16:12:51 | TEMPLOG : Bio   Filter | 047.300
2016-12-28 16:12:52 | TEMPLOG : Table    One | 048.200
2016-12-28 16:13:54 | TEMPLOG : Table    One | 049.100
2016-12-28 16:14:54 | TEMPLOG : WellhouseOne | 042.800
2016-12-28 16:14:54 | TEMPLOG : Bio   Filter | 046.400
2016-12-28 16:14:55 | TEMPLOG : To   GeoLoop | 047.300
2016-12-28 16:14:55 | TEMPLOG : Table    One | 047.300
2016-12-28 16:16:57 | TEMPLOG : WellhouseOne | 041.900
2016-12-28 16:19:59 | TEMPLOG : Bio   Filter | 045.500
2016-12-28 16:21:01 | TEMPLOG : Table    One | 046.400
2016-12-28 16:22:01 | TEMPLOG : WellhouseOne | 046.400
2016-12-28 16:23:02 | TEMPLOG : WellhouseOne | 115.700
2016-12-28 16:23:02 | TEMPLOG : Bio   Filter | 044.600
2016-12-28 16:23:03 | TEMPLOG : Table    One | 045.500
2016-12-28 16:24:03 | TEMPLOG : WellhouseOne | 138.200
2016-12-28 16:24:04 | TEMPLOG : Table    One | 044.600
2016-12-28 16:25:04 | TEMPLOG : WellhouseOne | 091.400
2016-12-28 16:25:04 | TEMPLOG : Bio   Filter | 043.700
2016-12-28 16:25:05 | TEMPLOG : Table    One | 042.800
2016-12-28 16:26:06 | TEMPLOG : WellhouseOne | 071.600
2016-12-28 16:26:06 | TEMPLOG : Bio   Filter | 042.800
2016-12-28 16:26:06 | TEMPLOG : Table    One | 041.900
2016-12-28 16:27:07 | TEMPLOG : WellhouseOne | 061.700
2016-12-28 16:27:07 | TEMPLOG : Bio   Filter | 041.900
2016-12-28 16:28:08 | TEMPLOG : WellhouseOne | 056.300
2016-12-28 16:28:08 | TEMPLOG : To   GeoLoop | 046.400
2016-12-28 16:28:09 | TEMPLOG : Table    One | 041.000
2016-12-28 16:29:09 | TEMPLOG : WellhouseOne | 053.600
2016-12-28 16:29:10 | TEMPLOG : Bio   Filter | 041.000
2016-12-28 16:29:10 | TEMPLOG : Table    One | 040.100
2016-12-28 16:30:11 | TEMPLOG : WellhouseOne | 050.900
2016-12-28 16:31:13 | TEMPLOG : WellhouseOne | 049.100
2016-12-28 16:32:14 | TEMPLOG : WellhouseOne | 048.200
2016-12-28 16:32:14 | TEMPLOG : Bio   Filter | 040.100
2016-12-28 16:33:15 | TEMPLOG : WellhouseOne | 047.300
2016-12-28 16:33:16 | TEMPLOG : Table    One | 039.200
2016-12-28 16:34:16 | TEMPLOG : WellhouseOne | 046.400
2016-12-28 16:35:17 | TEMPLOG : Bio   Filter | 039.200
2016-12-28 16:36:18 | TEMPLOG : WellhouseOne | 045.500
2016-12-28 16:37:20 | TEMPLOG : Table    One | 038.300
2016-12-28 16:38:21 | TEMPLOG : WellhouseOne | 044.600
2016-12-28 16:40:23 | TEMPLOG : WellhouseOne | 043.700
2016-12-28 16:41:25 | TEMPLOG : Bio   Filter | 038.300
2016-12-28 16:42:26 | TEMPLOG : WellhouseOne | 042.800
2016-12-28 16:42:27 | TEMPLOG : Table    One | 037.400
2016-12-28 16:47:36 | TEMPLOG : To   GeoLoop | 045.500
2016-12-28 16:48:37 | TEMPLOG : Bio   Filter | 037.400
2016-12-28 16:49:38 | TEMPLOG : WellhouseOne | 100.400
2016-12-28 16:50:39 | TEMPLOG : WellhouseOne | 123.800
2016-12-28 16:51:40 | TEMPLOG : WellhouseOne | 133.700
2016-12-28 16:51:42 | TEMPLOG : Table    One | 036.500
2016-12-28 16:52:42 | TEMPLOG : WellhouseOne | 092.300
2016-12-28 16:53:44 | TEMPLOG : WellhouseOne | 077.000
2016-12-28 16:54:44 | TEMPLOG : WellhouseOne | 068.000
2016-12-28 16:55:45 | TEMPLOG : WellhouseOne | 061.700
2016-12-28 16:56:47 | TEMPLOG : WellhouseOne | 057.200
2016-12-28 16:57:48 | TEMPLOG : WellhouseOne | 053.600
2016-12-28 16:57:49 | TEMPLOG : Bio   Filter | 036.500
2016-12-28 16:58:50 | TEMPLOG : WellhouseOne | 050.900
2016-12-28 16:59:51 | TEMPLOG : WellhouseOne | 050.000
2016-12-28 17:00:54 | TEMPLOG : WellhouseOne | 049.100
2016-12-28 17:00:54 | TEMPLOG : Bio   Filter | 036.500
2016-12-28 17:00:54 | TEMPLOG : To   GeoLoop | 045.500
2016-12-28 17:00:54 | TEMPLOG : Table    One | 036.500
2016-12-28 17:01:55 | TEMPLOG : WellhouseOne | 048.200
2016-12-28 17:02:57 | TEMPLOG : Table    One | 035.600
2016-12-28 17:03:57 | TEMPLOG : WellhouseOne | 047.300
2016-12-28 17:04:59 | TEMPLOG : WellhouseOne | 046.400
2016-12-28 17:06:01 | TEMPLOG : WellhouseOne | 045.500
2016-12-28 17:08:03 | TEMPLOG : WellhouseOne | 044.600
2016-12-28 17:13:09 | TEMPLOG : WellhouseOne | 043.700
2016-12-28 17:14:09 | TEMPLOG : WellhouseOne | 042.800
2016-12-28 17:14:10 | TEMPLOG : Bio   Filter | 035.600
2016-12-28 17:17:13 | TEMPLOG : WellhouseOne | 095.000
2016-12-28 17:18:13 | TEMPLOG : WellhouseOne | 121.100
2016-12-28 17:18:14 | TEMPLOG : Table    One | 034.700
2016-12-28 17:19:14 | TEMPLOG : WellhouseOne | 132.800
2016-12-28 17:20:16 | TEMPLOG : WellhouseOne | 096.800
2016-12-28 17:21:17 | TEMPLOG : WellhouseOne | 077.000
2016-12-28 17:22:18 | TEMPLOG : WellhouseOne | 067.100
2016-12-28 17:23:19 | TEMPLOG : WellhouseOne | 060.800
2016-12-28 17:24:21 | TEMPLOG : WellhouseOne | 057.200
2016-12-28 17:25:22 | TEMPLOG : WellhouseOne | 053.600
2016-12-28 17:26:24 | TEMPLOG : WellhouseOne | 051.800
2016-12-28 17:27:25 | TEMPLOG : WellhouseOne | 050.000
2016-12-28 17:28:26 | TEMPLOG : WellhouseOne | 049.100
2016-12-28 17:28:27 | TEMPLOG : Bio   Filter | 034.700
2016-12-28 17:29:28 | TEMPLOG : WellhouseOne | 048.200
2016-12-28 17:29:28 | TEMPLOG : To   GeoLoop | 044.600
2016-12-28 17:30:29 | TEMPLOG : WellhouseOne | 047.300
2016-12-28 17:32:31 | TEMPLOG : WellhouseOne | 046.400
2016-12-28 17:34:33 | TEMPLOG : WellhouseOne | 045.500
2016-12-28 17:35:33 | TEMPLOG : WellhouseOne | 044.600
2016-12-28 17:39:38 | TEMPLOG : WellhouseOne | 043.700
2016-12-28 17:42:43 | TEMPLOG : WellhouseOne | 042.800
2016-12-28 17:44:45 | TEMPLOG : WellhouseOne | 088.700
2016-12-28 17:45:47 | TEMPLOG : WellhouseOne | 119.300
2016-12-28 17:45:49 | TEMPLOG : Table    One | 033.800
2016-12-28 17:46:49 | TEMPLOG : WellhouseOne | 131.900
2016-12-28 17:47:51 | TEMPLOG : WellhouseOne | 108.500
2016-12-28 17:48:52 | TEMPLOG : WellhouseOne | 083.300
2016-12-28 17:49:53 | TEMPLOG : WellhouseOne | 070.700
2016-12-28 17:50:55 | TEMPLOG : WellhouseOne | 063.500
2016-12-28 17:51:56 | TEMPLOG : WellhouseOne | 058.100
2016-12-28 17:52:56 | TEMPLOG : WellhouseOne | 054.500
2016-12-28 17:53:57 | TEMPLOG : WellhouseOne | 052.700
2016-12-28 17:54:58 | TEMPLOG : WellhouseOne | 050.900
2016-12-28 17:56:00 | TEMPLOG : WellhouseOne | 050.000
2016-12-28 17:57:02 | TEMPLOG : WellhouseOne | 049.100
2016-12-28 17:58:03 | TEMPLOG : WellhouseOne | 048.200
2016-12-28 17:58:03 | TEMPLOG : Bio   Filter | 033.800
2016-12-28 18:00:05 | TEMPLOG : WellhouseOne | 047.300
2016-12-28 18:00:06 | TEMPLOG : Bio   Filter | 033.800
2016-12-28 18:00:06 | TEMPLOG : To   GeoLoop | 044.600
2016-12-28 18:00:07 | TEMPLOG : Table    One | 033.800
2016-12-28 18:01:07 | TEMPLOG : WellhouseOne | 046.400
2016-12-28 18:04:12 | TEMPLOG : WellhouseOne | 045.500
2016-12-28 18:04:12 | TEMPLOG : Bio   Filter | 034.700
2016-12-28 18:05:14 | TEMPLOG : Bio   Filter | 033.800
2016-12-28 18:06:15 | TEMPLOG : WellhouseOne | 044.600
2016-12-28 18:08:17 | TEMPLOG : WellhouseOne | 043.700
2016-12-28 18:13:21 | TEMPLOG : WellhouseOne | 083.300
2016-12-28 18:14:22 | TEMPLOG : WellhouseOne | 116.600
2016-12-28 18:15:23 | TEMPLOG : WellhouseOne | 129.200
2016-12-28 18:16:24 | TEMPLOG : WellhouseOne | 128.300
2016-12-28 18:17:25 | TEMPLOG : WellhouseOne | 095.000
2016-12-28 18:18:27 | TEMPLOG : WellhouseOne | 081.500
2016-12-28 18:19:28 | TEMPLOG : WellhouseOne | 071.600
2016-12-28 18:19:29 | TEMPLOG : Table    One | 032.900
2016-12-28 18:20:29 | TEMPLOG : WellhouseOne | 066.200
2016-12-28 18:21:30 | TEMPLOG : WellhouseOne | 061.700
2016-12-28 18:22:31 | TEMPLOG : WellhouseOne | 058.100
2016-12-28 18:23:33 | TEMPLOG : WellhouseOne | 055.400
2016-12-28 18:23:33 | TEMPLOG : Bio   Filter | 032.900
2016-12-28 18:24:34 | TEMPLOG : WellhouseOne | 052.700
2016-12-28 18:25:36 | TEMPLOG : WellhouseOne | 051.800
2016-12-28 18:26:37 | TEMPLOG : WellhouseOne | 050.900
2016-12-28 18:27:38 | TEMPLOG : WellhouseOne | 050.000
2016-12-28 18:27:39 | TEMPLOG : Table    One | 033.800
2016-12-28 18:28:39 | TEMPLOG : WellhouseOne | 049.100
2016-12-28 18:28:39 | TEMPLOG : Bio   Filter | 033.800
2016-12-28 18:28:40 | TEMPLOG : Table    One | 032.900
2016-12-28 18:29:40 | TEMPLOG : Table    One | 033.800
2016-12-28 18:32:44 | TEMPLOG : WellhouseOne | 048.200
2016-12-28 18:33:45 | TEMPLOG : WellhouseOne | 047.300
2016-12-28 18:33:46 | TEMPLOG : Table    One | 032.900
2016-12-28 18:34:47 | TEMPLOG : To   GeoLoop | 043.700
2016-12-28 18:35:47 | TEMPLOG : Bio   Filter | 032.900
2016-12-28 18:35:48 | TEMPLOG : To   GeoLoop | 044.600
2016-12-28 18:36:49 | TEMPLOG : To   GeoLoop | 043.700
2016-12-28 18:37:50 | TEMPLOG : To   GeoLoop | 044.600
2016-12-28 18:38:51 | TEMPLOG : To   GeoLoop | 043.700
2016-12-28 18:39:51 | TEMPLOG : WellhouseOne | 046.400
2016-12-28 18:41:53 | TEMPLOG : WellhouseOne | 045.500
2016-12-28 18:42:54 | TEMPLOG : WellhouseOne | 068.900
2016-12-28 18:43:56 | TEMPLOG : WellhouseOne | 113.900
2016-12-28 18:44:57 | TEMPLOG : WellhouseOne | 126.500
2016-12-28 18:45:59 | TEMPLOG : WellhouseOne | 134.600
2016-12-28 18:47:00 | TEMPLOG : WellhouseOne | 106.700
2016-12-28 18:48:02 | TEMPLOG : WellhouseOne | 085.100
2016-12-28 18:49:03 | TEMPLOG : WellhouseOne | 072.500
2016-12-28 18:50:06 | TEMPLOG : WellhouseOne | 066.200
2016-12-28 18:51:07 | TEMPLOG : WellhouseOne | 061.700
2016-12-28 18:52:08 | TEMPLOG : WellhouseOne | 058.100
2016-12-28 18:53:09 | TEMPLOG : WellhouseOne | 056.300
2016-12-28 18:54:10 | TEMPLOG : WellhouseOne | 054.500
2016-12-28 18:55:11 | TEMPLOG : WellhouseOne | 052.700
2016-12-28 18:56:12 | TEMPLOG : WellhouseOne | 051.800
2016-12-28 18:57:13 | TEMPLOG : WellhouseOne | 050.900
2016-12-28 18:59:15 | TEMPLOG : WellhouseOne | 050.000
2016-12-28 19:00:16 | TEMPLOG : WellhouseOne | 050.000
2016-12-28 19:00:16 | TEMPLOG : Bio   Filter | 032.900
2016-12-28 19:00:17 | TEMPLOG : To   GeoLoop | 043.700
2016-12-28 19:00:17 | TEMPLOG : Table    One | 032.900
2016-12-28 19:01:17 | TEMPLOG : WellhouseOne | 049.100
2016-12-28 19:03:19 | TEMPLOG : WellhouseOne | 048.200
2016-12-28 19:04:20 | TEMPLOG : WellhouseOne | 047.300
2016-12-28 19:05:21 | TEMPLOG : WellhouseOne | 046.400
2016-12-28 19:07:24 | TEMPLOG : WellhouseOne | 045.500
2016-12-28 19:09:26 | TEMPLOG : WellhouseOne | 044.600
2016-12-28 19:12:29 | TEMPLOG : WellhouseOne | 043.700
2016-12-28 19:13:30 | TEMPLOG : WellhouseOne | 107.600
2016-12-28 19:14:32 | TEMPLOG : WellhouseOne | 122.900
2016-12-28 19:14:32 | TEMPLOG : Bio   Filter | 033.800
2016-12-28 19:15:33 | TEMPLOG : WellhouseOne | 130.100
2016-12-28 19:16:35 | TEMPLOG : WellhouseOne | 104.000
2016-12-28 19:17:36 | TEMPLOG : WellhouseOne | 083.300
2016-12-28 19:18:38 | TEMPLOG : WellhouseOne | 074.300
2016-12-28 19:19:40 | TEMPLOG : WellhouseOne | 066.200
2016-12-28 19:20:43 | TEMPLOG : WellhouseOne | 062.600
2016-12-28 19:21:43 | TEMPLOG : WellhouseOne | 059.000
2016-12-28 19:22:45 | TEMPLOG : WellhouseOne | 056.300
2016-12-28 19:23:46 | TEMPLOG : WellhouseOne | 054.500
2016-12-28 19:24:48 | TEMPLOG : WellhouseOne | 051.800
2016-12-28 19:24:48 | TEMPLOG : Bio   Filter | 032.900
2016-12-28 19:25:49 | TEMPLOG : WellhouseOne | 050.900
2016-12-28 19:27:51 | TEMPLOG : WellhouseOne | 050.000
2016-12-28 19:27:52 | TEMPLOG : Bio   Filter | 033.800
2016-12-28 19:28:52 | TEMPLOG : WellhouseOne | 049.100
2016-12-28 19:28:53 | TEMPLOG : Bio   Filter | 032.900
2016-12-28 19:29:54 | TEMPLOG : WellhouseOne | 048.200
2016-12-28 19:31:56 | TEMPLOG : WellhouseOne | 047.300
2016-12-28 19:33:59 | TEMPLOG : WellhouseOne | 046.400
2016-12-28 19:36:01 | TEMPLOG : WellhouseOne | 045.500
2016-12-28 19:37:03 | TEMPLOG : WellhouseOne | 044.600
2016-12-28 19:40:06 | TEMPLOG : WellhouseOne | 043.700
2016-12-28 19:42:08 | TEMPLOG : WellhouseOne | 086.000
2016-12-28 19:43:09 | TEMPLOG : WellhouseOne | 122.000
2016-12-28 19:44:11 | TEMPLOG : WellhouseOne | 130.100
2016-12-28 19:45:12 | TEMPLOG : WellhouseOne | 114.800
2016-12-28 19:46:13 | TEMPLOG : WellhouseOne | 087.800
2016-12-28 19:47:14 | TEMPLOG : WellhouseOne | 076.100
2016-12-28 19:48:16 | TEMPLOG : WellhouseOne | 067.100
2016-12-28 19:49:17 | TEMPLOG : WellhouseOne | 060.800
2016-12-28 19:49:17 | TEMPLOG : Bio   Filter | 033.800
2016-12-28 19:50:18 | TEMPLOG : WellhouseOne | 057.200
2016-12-28 19:51:20 | TEMPLOG : WellhouseOne | 054.500
2016-12-28 19:52:21 | TEMPLOG : WellhouseOne | 052.700
2016-12-28 19:53:23 | TEMPLOG : WellhouseOne | 051.800
2016-12-28 19:54:24 | TEMPLOG : WellhouseOne | 050.000
2016-12-28 19:54:24 | TEMPLOG : Bio   Filter | 032.900
2016-12-28 19:55:25 | TEMPLOG : WellhouseOne | 049.100
2016-12-28 19:56:26 | TEMPLOG : WellhouseOne | 048.200
2016-12-28 19:57:27 | TEMPLOG : WellhouseOne | 047.300
2016-12-28 19:58:27 | TEMPLOG : WellhouseOne | 046.400
2016-12-28 20:00:31 | TEMPLOG : WellhouseOne | 045.500
2016-12-28 20:00:31 | TEMPLOG : Bio   Filter | 032.900
2016-12-28 20:00:32 | TEMPLOG : To   GeoLoop | 043.700
2016-12-28 20:00:32 | TEMPLOG : Table    One | 032.900
2016-12-28 20:04:36 | TEMPLOG : WellhouseOne | 044.600
2016-12-28 20:08:41 | TEMPLOG : WellhouseOne | 043.700
2016-12-28 20:10:42 | TEMPLOG : WellhouseOne | 077.000
2016-12-28 20:11:43 | TEMPLOG : WellhouseOne | 113.900
2016-12-28 20:12:44 | TEMPLOG : WellhouseOne | 127.400
2016-12-28 20:13:45 | TEMPLOG : WellhouseOne | 133.700
2016-12-28 20:14:46 | TEMPLOG : WellhouseOne | 101.300
2016-12-28 20:15:47 | TEMPLOG : WellhouseOne | 084.200
2016-12-28 20:16:48 | TEMPLOG : WellhouseOne | 074.300
2016-12-28 20:17:50 | TEMPLOG : WellhouseOne | 067.100
2016-12-28 20:18:51 | TEMPLOG : WellhouseOne | 061.700
2016-12-28 20:19:52 | TEMPLOG : WellhouseOne | 059.000
2016-12-28 20:19:52 | TEMPLOG : To   GeoLoop | 042.800
2016-12-28 20:20:53 | TEMPLOG : WellhouseOne | 056.300
2016-12-28 20:21:54 | TEMPLOG : WellhouseOne | 053.600
2016-12-28 20:22:55 | TEMPLOG : WellhouseOne | 052.700
2016-12-28 20:23:56 | TEMPLOG : WellhouseOne | 050.900
2016-12-28 20:24:58 | TEMPLOG : WellhouseOne | 050.000
2016-12-28 20:25:59 | TEMPLOG : WellhouseOne | 049.100
2016-12-28 20:28:02 | TEMPLOG : WellhouseOne | 048.200
2016-12-28 20:30:07 | TEMPLOG : WellhouseOne | 047.300
2016-12-28 20:30:08 | TEMPLOG : Table    One | 031.100
2016-12-28 20:31:08 | TEMPLOG : WellhouseOne | 046.400
2016-12-28 20:33:10 | TEMPLOG : WellhouseOne | 045.500
2016-12-28 20:34:12 | TEMPLOG : WellhouseOne | 044.600
2016-12-28 20:36:15 | TEMPLOG : WellhouseOne | 043.700
2016-12-28 20:39:19 | TEMPLOG : WellhouseOne | 081.500
2016-12-28 20:40:21 | TEMPLOG : WellhouseOne | 113.900
2016-12-28 20:41:24 | TEMPLOG : WellhouseOne | 125.600
2016-12-28 20:42:25 | TEMPLOG : WellhouseOne | 131.900
2016-12-28 20:43:26 | TEMPLOG : WellhouseOne | 111.200
2016-12-28 20:44:28 | TEMPLOG : WellhouseOne | 087.800
2016-12-28 20:45:29 | TEMPLOG : WellhouseOne | 077.000
2016-12-28 20:46:30 | TEMPLOG : WellhouseOne | 068.900
2016-12-28 20:47:32 | TEMPLOG : WellhouseOne | 063.500
2016-12-28 20:48:33 | TEMPLOG : WellhouseOne | 059.900
2016-12-28 20:49:34 | TEMPLOG : WellhouseOne | 056.300
2016-12-28 20:50:35 | TEMPLOG : WellhouseOne | 054.500
2016-12-28 20:51:37 | TEMPLOG : WellhouseOne | 051.800
2016-12-28 20:52:38 | TEMPLOG : WellhouseOne | 050.000
2016-12-28 20:53:39 | TEMPLOG : WellhouseOne | 049.100
2016-12-28 20:54:41 | TEMPLOG : WellhouseOne | 048.200
2016-12-28 20:55:41 | TEMPLOG : WellhouseOne | 047.300
2016-12-28 20:57:44 | TEMPLOG : WellhouseOne | 046.400
2016-12-28 20:58:45 | TEMPLOG : WellhouseOne | 045.500
2016-12-28 21:00:47 | TEMPLOG : WellhouseOne | 045.500
2016-12-28 21:00:47 | TEMPLOG : To   GeoLoop | 042.800
2016-12-28 21:00:47 | TEMPLOG : Table    One | 031.100
2016-12-28 21:01:48 | TEMPLOG : WellhouseOne | 044.600
2016-12-28 21:03:51 | TEMPLOG : WellhouseOne | 043.700
2016-12-28 21:07:55 | TEMPLOG : WellhouseOne | 044.600
2016-12-28 21:08:56 | TEMPLOG : WellhouseOne | 105.800
2016-12-28 21:09:57 | TEMPLOG : WellhouseOne | 122.000
2016-12-28 21:10:58 | TEMPLOG : WellhouseOne | 131.900
2016-12-28 21:11:59 | TEMPLOG : WellhouseOne | 137.300
2016-12-28 21:13:00 | TEMPLOG : WellhouseOne | 096.800
2016-12-28 21:13:01 | TEMPLOG : Bio   Filter | 031.100
2016-12-28 21:14:01 | TEMPLOG : WellhouseOne | 082.400
2016-12-28 21:15:02 | TEMPLOG : WellhouseOne | 072.500
2016-12-28 21:16:03 | TEMPLOG : WellhouseOne | 066.200
2016-12-28 21:17:04 | TEMPLOG : WellhouseOne | 061.700
2016-12-28 21:18:06 | TEMPLOG : WellhouseOne | 057.200
2016-12-28 21:19:07 | TEMPLOG : WellhouseOne | 055.400
2016-12-28 21:20:08 | TEMPLOG : WellhouseOne | 053.600
2016-12-28 21:21:09 | TEMPLOG : WellhouseOne | 052.700
2016-12-28 21:22:10 | TEMPLOG : WellhouseOne | 051.800
2016-12-28 21:23:11 | TEMPLOG : WellhouseOne | 050.000
2016-12-28 21:24:13 | TEMPLOG : WellhouseOne | 049.100
2016-12-28 21:25:14 | TEMPLOG : WellhouseOne | 048.200
2016-12-28 21:26:15 | TEMPLOG : WellhouseOne | 047.300
2016-12-28 21:27:17 | TEMPLOG : Table    One | 030.200
2016-12-28 21:28:18 | TEMPLOG : WellhouseOne | 046.400
2016-12-28 21:30:20 | TEMPLOG : WellhouseOne | 045.500
2016-12-28 21:30:20 | TEMPLOG : To   GeoLoop | 041.900
2016-12-28 21:33:23 | TEMPLOG : Bio   Filter | 030.200
2016-12-28 21:34:25 | TEMPLOG : WellhouseOne | 044.600
2016-12-28 21:34:25 | TEMPLOG : Bio   Filter | 031.100
2016-12-28 21:35:26 | TEMPLOG : Bio   Filter | 030.200
2016-12-28 21:36:27 | TEMPLOG : WellhouseOne | 043.700
2016-12-28 21:37:28 | TEMPLOG : WellhouseOne | 095.900
2016-12-28 21:38:28 | TEMPLOG : WellhouseOne | 118.400
2016-12-28 21:39:30 | TEMPLOG : WellhouseOne | 128.300
2016-12-28 21:40:31 | TEMPLOG : WellhouseOne | 133.700
2016-12-28 21:41:32 | TEMPLOG : WellhouseOne | 112.100
2016-12-28 21:42:34 | TEMPLOG : WellhouseOne | 088.700
2016-12-28 21:43:35 | TEMPLOG : WellhouseOne | 077.900
2016-12-28 21:44:36 | TEMPLOG : WellhouseOne | 068.900
2016-12-28 21:45:37 | TEMPLOG : WellhouseOne | 063.500
2016-12-28 21:46:38 | TEMPLOG : WellhouseOne | 059.900
2016-12-28 21:47:41 | TEMPLOG : WellhouseOne | 057.200
2016-12-28 21:48:42 | TEMPLOG : WellhouseOne | 054.500
2016-12-28 21:49:43 | TEMPLOG : WellhouseOne | 052.700
2016-12-28 21:50:44 | TEMPLOG : WellhouseOne | 051.800
2016-12-28 21:51:44 | TEMPLOG : WellhouseOne | 050.000
2016-12-28 21:52:45 | TEMPLOG : WellhouseOne | 049.100
2016-12-28 21:53:47 | TEMPLOG : WellhouseOne | 048.200
2016-12-28 21:55:49 | TEMPLOG : WellhouseOne | 047.300
2016-12-28 21:56:50 | TEMPLOG : WellhouseOne | 046.400
2016-12-28 21:58:52 | TEMPLOG : WellhouseOne | 045.500
2016-12-28 22:00:55 | TEMPLOG : WellhouseOne | 045.500
2016-12-28 22:00:56 | TEMPLOG : Bio   Filter | 030.200
2016-12-28 22:00:57 | TEMPLOG : To   GeoLoop | 041.900
2016-12-28 22:00:57 | TEMPLOG : Table    One | 030.200
2016-12-28 22:01:58 | TEMPLOG : WellhouseOne | 044.600
2016-12-28 22:04:00 | TEMPLOG : WellhouseOne | 043.700
2016-12-28 22:04:01 | TEMPLOG : Table    One | 029.300
2016-12-28 22:06:03 | TEMPLOG : WellhouseOne | 106.700
2016-12-28 22:07:04 | TEMPLOG : WellhouseOne | 124.700
2016-12-28 22:08:06 | TEMPLOG : WellhouseOne | 134.600
2016-12-28 22:09:07 | TEMPLOG : WellhouseOne | 103.100
2016-12-28 22:09:08 | TEMPLOG : Table    One | 030.200
2016-12-28 22:10:08 | TEMPLOG : WellhouseOne | 083.300
2016-12-28 22:11:10 | TEMPLOG : WellhouseOne | 073.400
2016-12-28 22:12:11 | TEMPLOG : WellhouseOne | 067.100
2016-12-28 22:13:12 | TEMPLOG : WellhouseOne | 061.700
2016-12-28 22:14:13 | TEMPLOG : WellhouseOne | 059.000
2016-12-28 22:15:14 | TEMPLOG : WellhouseOne | 055.400
2016-12-28 22:16:16 | TEMPLOG : WellhouseOne | 053.600
2016-12-28 22:16:18 | TEMPLOG : Table    One | 029.300
2016-12-28 22:17:18 | TEMPLOG : WellhouseOne | 052.700
2016-12-28 22:18:20 | TEMPLOG : WellhouseOne | 050.900
2016-12-28 22:19:21 | TEMPLOG : WellhouseOne | 050.000
2016-12-28 22:20:22 | TEMPLOG : WellhouseOne | 049.100
2016-12-28 22:21:23 | TEMPLOG : WellhouseOne | 048.200
2016-12-28 22:22:26 | TEMPLOG : WellhouseOne | 047.300
2016-12-28 22:24:27 | TEMPLOG : WellhouseOne | 046.400
2016-12-28 22:25:28 | TEMPLOG : WellhouseOne | 045.500
2016-12-28 22:28:31 | TEMPLOG : WellhouseOne | 044.600
2016-12-28 22:30:34 | TEMPLOG : WellhouseOne | 043.700
2016-12-28 22:32:37 | TEMPLOG : WellhouseOne | 042.800
2016-12-28 22:33:38 | TEMPLOG : WellhouseOne | 102.200
2016-12-28 22:33:38 | TEMPLOG : Bio   Filter | 029.300
2016-12-28 22:34:39 | TEMPLOG : WellhouseOne | 121.100
2016-12-28 22:35:40 | TEMPLOG : WellhouseOne | 130.100
2016-12-28 22:36:41 | TEMPLOG : WellhouseOne | 133.700
2016-12-28 22:37:42 | TEMPLOG : WellhouseOne | 136.400
2016-12-28 22:37:43 | TEMPLOG : To   GeoLoop | 041.000
2016-12-28 22:38:44 | TEMPLOG : WellhouseOne | 097.700
2016-12-28 22:38:44 | TEMPLOG : Bio   Filter | 030.200
2016-12-28 22:38:44 | TEMPLOG : To   GeoLoop | 041.900
2016-12-28 22:39:45 | TEMPLOG : WellhouseOne | 084.200
2016-12-28 22:39:45 | TEMPLOG : Bio   Filter | 029.300
2016-12-28 22:40:46 | TEMPLOG : WellhouseOne | 072.500
2016-12-28 22:41:48 | TEMPLOG : WellhouseOne | 066.200
2016-12-28 22:42:49 | TEMPLOG : WellhouseOne | 061.700
2016-12-28 22:43:51 | TEMPLOG : WellhouseOne | 058.100
2016-12-28 22:44:53 | TEMPLOG : WellhouseOne | 055.400
2016-12-28 22:44:53 | TEMPLOG : To   GeoLoop | 041.000
2016-12-28 22:45:54 | TEMPLOG : WellhouseOne | 053.600
2016-12-28 22:45:54 | TEMPLOG : To   GeoLoop | 041.900
2016-12-28 22:46:55 | TEMPLOG : WellhouseOne | 051.800
2016-12-28 22:46:56 | TEMPLOG : To   GeoLoop | 041.000
2016-12-28 22:47:56 | TEMPLOG : WellhouseOne | 050.900
2016-12-28 22:47:58 | TEMPLOG : To   GeoLoop | 041.900
2016-12-28 22:48:58 | TEMPLOG : WellhouseOne | 049.100
2016-12-28 22:48:59 | TEMPLOG : To   GeoLoop | 041.000
2016-12-28 22:50:00 | TEMPLOG : WellhouseOne | 048.200
2016-12-28 22:51:01 | TEMPLOG : WellhouseOne | 047.300
2016-12-28 22:52:02 | TEMPLOG : WellhouseOne | 046.400
2016-12-28 22:54:04 | TEMPLOG : WellhouseOne | 045.500
2016-12-28 22:55:07 | TEMPLOG : Table    One | 028.400
2016-12-28 22:56:08 | TEMPLOG : Table    One | 029.300
2016-12-28 22:57:09 | TEMPLOG : WellhouseOne | 044.600
2016-12-28 22:58:10 | TEMPLOG : Table    One | 028.400
2016-12-28 23:00:13 | TEMPLOG : WellhouseOne | 043.700
2016-12-28 23:00:13 | TEMPLOG : Bio   Filter | 029.300
2016-12-28 23:00:13 | TEMPLOG : To   GeoLoop | 041.000
2016-12-28 23:00:14 | TEMPLOG : Table    One | 028.400
2016-12-28 23:02:15 | TEMPLOG : WellhouseOne | 101.300
2016-12-28 23:03:17 | TEMPLOG : WellhouseOne | 120.200
2016-12-28 23:04:18 | TEMPLOG : WellhouseOne | 131.000
2016-12-28 23:05:19 | TEMPLOG : WellhouseOne | 136.400
2016-12-28 23:06:20 | TEMPLOG : WellhouseOne | 098.600
2016-12-28 23:07:22 | TEMPLOG : WellhouseOne | 080.600
2016-12-28 23:08:24 | TEMPLOG : WellhouseOne | 074.300
2016-12-28 23:09:25 | TEMPLOG : WellhouseOne | 067.100
2016-12-28 23:10:26 | TEMPLOG : WellhouseOne | 060.800
2016-12-28 23:11:27 | TEMPLOG : WellhouseOne | 058.100
2016-12-28 23:12:28 | TEMPLOG : WellhouseOne | 055.400
2016-12-28 23:13:30 | TEMPLOG : WellhouseOne | 053.600
2016-12-28 23:14:32 | TEMPLOG : WellhouseOne | 051.800
2016-12-28 23:15:33 | TEMPLOG : WellhouseOne | 050.000
2016-12-28 23:15:34 | TEMPLOG : Bio   Filter | 028.400
2016-12-28 23:16:35 | TEMPLOG : WellhouseOne | 049.100
2016-12-28 23:17:36 | TEMPLOG : WellhouseOne | 048.200
2016-12-28 23:18:37 | TEMPLOG : WellhouseOne | 047.300
2016-12-28 23:19:38 | TEMPLOG : WellhouseOne | 046.400
2016-12-28 23:20:39 | TEMPLOG : WellhouseOne | 045.500
2016-12-28 23:22:42 | TEMPLOG : WellhouseOne | 044.600
2016-12-28 23:23:43 | TEMPLOG : WellhouseOne | 043.700
2016-12-28 23:25:45 | TEMPLOG : WellhouseOne | 042.800
2016-12-28 23:28:52 | TEMPLOG : WellhouseOne | 073.400
2016-12-28 23:29:52 | TEMPLOG : WellhouseOne | 112.100
2016-12-28 23:30:54 | TEMPLOG : WellhouseOne | 123.800
2016-12-28 23:31:56 | TEMPLOG : WellhouseOne | 130.100
2016-12-28 23:31:57 | TEMPLOG : Table    One | 027.500
2016-12-28 23:32:57 | TEMPLOG : WellhouseOne | 133.700
2016-12-28 23:33:57 | TEMPLOG : WellhouseOne | 137.300
2016-12-28 23:33:58 | TEMPLOG : Table    One | 028.400
2016-12-28 23:34:58 | TEMPLOG : WellhouseOne | 110.300
2016-12-28 23:34:59 | TEMPLOG : Table    One | 027.500
2016-12-28 23:36:00 | TEMPLOG : WellhouseOne | 089.600
2016-12-28 23:37:01 | TEMPLOG : WellhouseOne | 077.000
2016-12-28 23:38:02 | TEMPLOG : WellhouseOne | 068.000
2016-12-28 23:39:03 | TEMPLOG : WellhouseOne | 063.500
2016-12-28 23:40:04 | TEMPLOG : WellhouseOne | 059.000
2016-12-28 23:40:04 | TEMPLOG : Table    One | 028.400
2016-12-28 23:41:05 | TEMPLOG : WellhouseOne | 056.300
2016-12-28 23:42:06 | TEMPLOG : WellhouseOne | 053.600
2016-12-28 23:43:06 | TEMPLOG : WellhouseOne | 052.700
2016-12-28 23:44:07 | TEMPLOG : WellhouseOne | 050.900
2016-12-28 23:45:08 | TEMPLOG : WellhouseOne | 050.000
2016-12-28 23:45:10 | TEMPLOG : Table    One | 027.500
2016-12-28 23:46:10 | TEMPLOG : WellhouseOne | 049.100
2016-12-28 23:47:11 | TEMPLOG : WellhouseOne | 048.200
2016-12-28 23:48:12 | TEMPLOG : Table    One | 028.400
2016-12-28 23:49:13 | TEMPLOG : WellhouseOne | 046.400
2016-12-28 23:49:13 | TEMPLOG : Table    One | 027.500
2016-12-28 23:51:15 | TEMPLOG : WellhouseOne | 045.500
2016-12-28 23:51:16 | TEMPLOG : Table    One | 028.400
2016-12-28 23:52:18 | TEMPLOG : Table    One | 027.500
2016-12-28 23:53:18 | TEMPLOG : WellhouseOne | 044.600
2016-12-28 23:55:20 | TEMPLOG : WellhouseOne | 043.700
2016-12-28 23:58:23 | TEMPLOG : WellhouseOne | 070.700
2016-12-28 23:58:24 | TEMPLOG : To   GeoLoop | 040.100
2016-12-28 23:59:25 | TEMPLOG : WellhouseOne | 111.200
