2016-11-16 00:00:49 | TEMPLOG : WellhouseOne | 052.700
2016-11-16 00:00:50 | TEMPLOG : Bio   Filter | 051.800
2016-11-16 00:00:50 | TEMPLOG : To   GeoLoop | 059.000
2016-11-16 00:00:50 | TEMPLOG : Table    One | 049.100
2016-11-16 00:14:06 | TEMPLOG : WellhouseOne | 051.800
2016-11-16 00:37:35 | TEMPLOG : To   GeoLoop | 058.100
2016-11-16 00:38:35 | TEMPLOG : To   GeoLoop | 059.000
2016-11-16 00:46:48 | TEMPLOG : WellhouseOne | 050.900
2016-11-16 00:47:50 | TEMPLOG : WellhouseOne | 051.800
2016-11-16 00:50:54 | TEMPLOG : WellhouseOne | 050.900
2016-11-16 00:52:57 | TEMPLOG : Table    One | 050.000
2016-11-16 00:53:58 | TEMPLOG : Table    One | 049.100
2016-11-16 00:58:01 | TEMPLOG : Bio   Filter | 052.700
2016-11-16 00:58:01 | TEMPLOG : Table    One | 050.000
2016-11-16 00:59:02 | TEMPLOG : Bio   Filter | 051.800
2016-11-16 00:59:02 | TEMPLOG : To   GeoLoop | 058.100
2016-11-16 01:00:03 | TEMPLOG : WellhouseOne | 050.900
2016-11-16 01:00:03 | TEMPLOG : Bio   Filter | 051.800
2016-11-16 01:00:03 | TEMPLOG : To   GeoLoop | 059.000
2016-11-16 01:00:03 | TEMPLOG : Table    One | 049.100
2016-11-16 01:06:10 | TEMPLOG : Table    One | 050.000
2016-11-16 01:07:11 | TEMPLOG : To   GeoLoop | 058.100
2016-11-16 01:07:12 | TEMPLOG : Table    One | 049.100
2016-11-16 01:08:13 | TEMPLOG : Table    One | 050.000
2016-11-16 01:09:14 | TEMPLOG : To   GeoLoop | 059.000
2016-11-16 01:09:14 | TEMPLOG : Table    One | 049.100
2016-11-16 01:13:19 | TEMPLOG : To   GeoLoop | 058.100
2016-11-16 01:17:24 | TEMPLOG : To   GeoLoop | 059.000
2016-11-16 01:18:27 | TEMPLOG : To   GeoLoop | 058.100
2016-11-16 01:25:35 | TEMPLOG : To   GeoLoop | 059.000
2016-11-16 01:26:37 | TEMPLOG : To   GeoLoop | 058.100
2016-11-16 01:33:46 | TEMPLOG : To   GeoLoop | 059.000
2016-11-16 01:34:47 | TEMPLOG : To   GeoLoop | 058.100
2016-11-16 01:55:08 | TEMPLOG : Table    One | 050.000
2016-11-16 01:56:10 | TEMPLOG : Table    One | 049.100
2016-11-16 02:00:13 | TEMPLOG : WellhouseOne | 050.900
2016-11-16 02:00:13 | TEMPLOG : Bio   Filter | 051.800
2016-11-16 02:00:13 | TEMPLOG : To   GeoLoop | 058.100
2016-11-16 02:00:14 | TEMPLOG : Table    One | 049.100
2016-11-16 02:03:17 | TEMPLOG : Bio   Filter | 052.700
2016-11-16 02:04:19 | TEMPLOG : Bio   Filter | 051.800
2016-11-16 02:04:20 | TEMPLOG : Table    One | 050.000
2016-11-16 02:07:24 | TEMPLOG : Table    One | 049.100
2016-11-16 02:09:27 | TEMPLOG : Table    One | 050.000
2016-11-16 02:10:27 | TEMPLOG : Table    One | 049.100
2016-11-16 02:11:28 | TEMPLOG : Table    One | 050.000
2016-11-16 02:12:29 | TEMPLOG : Table    One | 049.100
2016-11-16 02:13:30 | TEMPLOG : Table    One | 050.000
2016-11-16 02:15:32 | TEMPLOG : Table    One | 049.100
2016-11-16 02:28:49 | TEMPLOG : Table    One | 050.000
2016-11-16 02:47:12 | TEMPLOG : Bio   Filter | 052.700
2016-11-16 02:48:13 | TEMPLOG : Bio   Filter | 051.800
2016-11-16 02:50:16 | TEMPLOG : Bio   Filter | 052.700
2016-11-16 03:00:30 | TEMPLOG : WellhouseOne | 050.900
2016-11-16 03:00:31 | TEMPLOG : Bio   Filter | 052.700
2016-11-16 03:00:31 | TEMPLOG : To   GeoLoop | 058.100
2016-11-16 03:00:31 | TEMPLOG : Table    One | 050.000
2016-11-16 03:12:45 | TEMPLOG : Table    One | 050.900
2016-11-16 03:13:47 | TEMPLOG : Table    One | 050.000
2016-11-16 03:14:49 | TEMPLOG : Table    One | 050.900
2016-11-16 03:15:50 | TEMPLOG : Table    One | 050.000
2016-11-16 03:23:01 | TEMPLOG : Table    One | 050.900
2016-11-16 03:26:03 | TEMPLOG : WellhouseOne | 051.800
2016-11-16 03:27:06 | TEMPLOG : Table    One | 050.000
2016-11-16 03:29:07 | TEMPLOG : WellhouseOne | 050.900
2016-11-16 03:31:10 | TEMPLOG : WellhouseOne | 051.800
2016-11-16 03:32:14 | TEMPLOG : Table    One | 050.900
2016-11-16 03:33:16 | TEMPLOG : Table    One | 050.000
2016-11-16 03:36:19 | TEMPLOG : WellhouseOne | 050.900
2016-11-16 03:37:20 | TEMPLOG : WellhouseOne | 051.800
2016-11-16 03:38:21 | TEMPLOG : Bio   Filter | 051.800
2016-11-16 03:39:23 | TEMPLOG : Bio   Filter | 052.700
2016-11-16 03:41:24 | TEMPLOG : WellhouseOne | 050.900
2016-11-16 03:43:27 | TEMPLOG : WellhouseOne | 051.800
2016-11-16 03:51:38 | TEMPLOG : WellhouseOne | 050.900
2016-11-16 03:51:38 | TEMPLOG : Bio   Filter | 051.800
2016-11-16 03:52:40 | TEMPLOG : Bio   Filter | 052.700
2016-11-16 03:53:40 | TEMPLOG : WellhouseOne | 051.800
2016-11-16 03:53:40 | TEMPLOG : Bio   Filter | 051.800
2016-11-16 03:53:41 | TEMPLOG : To   GeoLoop | 057.200
2016-11-16 03:54:41 | TEMPLOG : To   GeoLoop | 058.100
2016-11-16 03:58:44 | TEMPLOG : WellhouseOne | 050.900
2016-11-16 03:59:47 | TEMPLOG : WellhouseOne | 051.800
2016-11-16 04:00:48 | TEMPLOG : WellhouseOne | 050.900
2016-11-16 04:00:49 | TEMPLOG : Bio   Filter | 051.800
2016-11-16 04:00:49 | TEMPLOG : To   GeoLoop | 058.100
2016-11-16 04:00:49 | TEMPLOG : Table    One | 050.000
2016-11-16 04:09:58 | TEMPLOG : WellhouseOne | 051.800
2016-11-16 04:10:59 | TEMPLOG : WellhouseOne | 050.900
2016-11-16 04:12:03 | TEMPLOG : To   GeoLoop | 057.200
2016-11-16 04:12:03 | TEMPLOG : Table    One | 049.100
2016-11-16 04:13:05 | TEMPLOG : To   GeoLoop | 058.100
2016-11-16 04:13:05 | TEMPLOG : Table    One | 050.000
2016-11-16 04:14:05 | TEMPLOG : To   GeoLoop | 057.200
2016-11-16 04:15:06 | TEMPLOG : To   GeoLoop | 058.100
2016-11-16 04:18:10 | TEMPLOG : To   GeoLoop | 057.200
2016-11-16 04:19:11 | TEMPLOG : Bio   Filter | 052.700
2016-11-16 04:20:12 | TEMPLOG : Bio   Filter | 051.800
2016-11-16 04:20:12 | TEMPLOG : Table    One | 049.100
2016-11-16 04:21:12 | TEMPLOG : WellhouseOne | 051.800
2016-11-16 04:21:14 | TEMPLOG : Table    One | 050.000
2016-11-16 04:22:14 | TEMPLOG : WellhouseOne | 050.900
2016-11-16 04:22:15 | TEMPLOG : Table    One | 049.100
2016-11-16 04:25:19 | TEMPLOG : To   GeoLoop | 058.100
2016-11-16 04:27:22 | TEMPLOG : To   GeoLoop | 057.200
2016-11-16 04:34:32 | TEMPLOG : Bio   Filter | 050.900
2016-11-16 04:35:33 | TEMPLOG : Bio   Filter | 051.800
2016-11-16 04:35:33 | TEMPLOG : Table    One | 048.200
2016-11-16 04:36:33 | TEMPLOG : Bio   Filter | 050.900
2016-11-16 04:52:52 | TEMPLOG : Table    One | 047.300
2016-11-16 04:53:54 | TEMPLOG : Table    One | 048.200
2016-11-16 04:54:55 | TEMPLOG : Table    One | 047.300
2016-11-16 05:00:01 | TEMPLOG : WellhouseOne | 050.900
2016-11-16 05:00:01 | TEMPLOG : Bio   Filter | 050.900
2016-11-16 05:00:02 | TEMPLOG : To   GeoLoop | 057.200
2016-11-16 05:00:02 | TEMPLOG : Table    One | 047.300
2016-11-16 05:01:02 | TEMPLOG : WellhouseOne | 050.000
2016-11-16 05:02:03 | TEMPLOG : Bio   Filter | 050.000
2016-11-16 05:03:05 | TEMPLOG : WellhouseOne | 050.900
2016-11-16 05:05:08 | TEMPLOG : WellhouseOne | 050.000
2016-11-16 05:07:10 | TEMPLOG : WellhouseOne | 050.900
2016-11-16 05:08:12 | TEMPLOG : WellhouseOne | 050.000
2016-11-16 05:08:13 | TEMPLOG : Bio   Filter | 050.900
2016-11-16 05:09:14 | TEMPLOG : Bio   Filter | 050.000
2016-11-16 05:10:15 | TEMPLOG : Bio   Filter | 050.900
2016-11-16 05:13:19 | TEMPLOG : Bio   Filter | 050.000
2016-11-16 05:15:23 | TEMPLOG : Table    One | 048.200
2016-11-16 05:17:25 | TEMPLOG : Bio   Filter | 050.900
2016-11-16 05:21:29 | TEMPLOG : Table    One | 049.100
2016-11-16 05:23:31 | TEMPLOG : Bio   Filter | 051.800
2016-11-16 05:24:33 | TEMPLOG : Bio   Filter | 050.900
2016-11-16 05:26:35 | TEMPLOG : Bio   Filter | 051.800
2016-11-16 05:43:57 | TEMPLOG : Bio   Filter | 050.900
2016-11-16 05:44:58 | TEMPLOG : Bio   Filter | 051.800
2016-11-16 05:50:04 | TEMPLOG : WellhouseOne | 050.900
2016-11-16 05:51:05 | TEMPLOG : WellhouseOne | 050.000
2016-11-16 05:52:05 | TEMPLOG : WellhouseOne | 050.900
2016-11-16 05:53:07 | TEMPLOG : WellhouseOne | 050.000
2016-11-16 05:56:10 | TEMPLOG : WellhouseOne | 050.900
2016-11-16 05:58:12 | TEMPLOG : WellhouseOne | 050.000
2016-11-16 05:59:13 | TEMPLOG : WellhouseOne | 050.900
2016-11-16 06:00:14 | TEMPLOG : WellhouseOne | 050.000
2016-11-16 06:00:14 | TEMPLOG : Bio   Filter | 051.800
2016-11-16 06:00:14 | TEMPLOG : To   GeoLoop | 057.200
2016-11-16 06:00:14 | TEMPLOG : Table    One | 049.100
2016-11-16 06:01:14 | TEMPLOG : WellhouseOne | 050.900
2016-11-16 06:07:24 | TEMPLOG : WellhouseOne | 050.000
2016-11-16 06:08:25 | TEMPLOG : WellhouseOne | 050.900
2016-11-16 06:11:29 | TEMPLOG : WellhouseOne | 050.000
2016-11-16 06:14:33 | TEMPLOG : WellhouseOne | 050.900
2016-11-16 06:16:36 | TEMPLOG : WellhouseOne | 050.000
2016-11-16 06:19:39 | TEMPLOG : WellhouseOne | 050.900
2016-11-16 06:22:42 | TEMPLOG : WellhouseOne | 050.000
2016-11-16 06:23:44 | TEMPLOG : WellhouseOne | 050.900
2016-11-16 06:26:51 | TEMPLOG : WellhouseOne | 050.000
2016-11-16 06:27:51 | TEMPLOG : WellhouseOne | 050.900
2016-11-16 06:28:52 | TEMPLOG : WellhouseOne | 050.000
2016-11-16 06:29:54 | TEMPLOG : WellhouseOne | 050.900
2016-11-16 06:30:55 | TEMPLOG : WellhouseOne | 050.000
2016-11-16 06:30:55 | TEMPLOG : Bio   Filter | 050.900
2016-11-16 06:31:56 | TEMPLOG : WellhouseOne | 050.900
2016-11-16 06:31:56 | TEMPLOG : Bio   Filter | 051.800
2016-11-16 06:32:57 | TEMPLOG : Bio   Filter | 050.900
2016-11-16 06:35:00 | TEMPLOG : WellhouseOne | 050.000
2016-11-16 06:36:01 | TEMPLOG : WellhouseOne | 050.900
2016-11-16 06:37:03 | TEMPLOG : WellhouseOne | 050.000
2016-11-16 06:37:03 | TEMPLOG : Bio   Filter | 051.800
2016-11-16 06:38:04 | TEMPLOG : WellhouseOne | 050.900
2016-11-16 06:39:05 | TEMPLOG : WellhouseOne | 050.000
2016-11-16 06:41:09 | TEMPLOG : WellhouseOne | 050.900
2016-11-16 06:42:11 | TEMPLOG : WellhouseOne | 050.000
2016-11-16 06:43:14 | TEMPLOG : Table    One | 050.000
2016-11-16 06:44:15 | TEMPLOG : WellhouseOne | 050.900
2016-11-16 06:44:15 | TEMPLOG : Table    One | 049.100
2016-11-16 06:48:21 | TEMPLOG : Table    One | 050.000
2016-11-16 07:00:35 | TEMPLOG : WellhouseOne | 050.900
2016-11-16 07:00:35 | TEMPLOG : Bio   Filter | 051.800
2016-11-16 07:00:36 | TEMPLOG : To   GeoLoop | 057.200
2016-11-16 07:00:36 | TEMPLOG : Table    One | 050.900
2016-11-16 07:02:38 | TEMPLOG : Bio   Filter | 052.700
2016-11-16 07:18:56 | TEMPLOG : WellhouseOne | 051.800
2016-11-16 07:19:57 | TEMPLOG : WellhouseOne | 050.900
2016-11-16 07:20:59 | TEMPLOG : WellhouseOne | 051.800
2016-11-16 07:22:00 | TEMPLOG : WellhouseOne | 050.900
2016-11-16 07:22:01 | TEMPLOG : Table    One | 051.800
2016-11-16 07:23:03 | TEMPLOG : Table    One | 050.900
2016-11-16 07:25:04 | TEMPLOG : WellhouseOne | 051.800
2016-11-16 07:25:05 | TEMPLOG : Table    One | 051.800
2016-11-16 07:27:07 | TEMPLOG : Bio   Filter | 053.600
2016-11-16 07:28:08 | TEMPLOG : Bio   Filter | 052.700
2016-11-16 07:33:12 | TEMPLOG : Bio   Filter | 053.600
2016-11-16 07:34:14 | TEMPLOG : Table    One | 052.700
2016-11-16 07:36:17 | TEMPLOG : Table    One | 053.600
2016-11-16 07:37:18 | TEMPLOG : To   GeoLoop | 058.100
2016-11-16 07:38:19 | TEMPLOG : To   GeoLoop | 057.200
2016-11-16 07:38:19 | TEMPLOG : Table    One | 054.500
2016-11-16 07:39:20 | TEMPLOG : To   GeoLoop | 058.100
2016-11-16 07:40:22 | TEMPLOG : To   GeoLoop | 057.200
2016-11-16 07:41:23 | TEMPLOG : To   GeoLoop | 058.100
2016-11-16 07:42:24 | TEMPLOG : Table    One | 053.600
2016-11-16 07:44:25 | TEMPLOG : WellhouseOne | 052.700
2016-11-16 07:44:25 | TEMPLOG : To   GeoLoop | 057.200
2016-11-16 07:45:26 | TEMPLOG : To   GeoLoop | 058.100
2016-11-16 07:47:28 | TEMPLOG : Table    One | 054.500
2016-11-16 07:48:28 | TEMPLOG : WellhouseOne | 051.800
2016-11-16 07:49:28 | TEMPLOG : WellhouseOne | 052.700
2016-11-16 07:49:29 | TEMPLOG : Table    One | 055.400
2016-11-16 07:51:30 | TEMPLOG : Bio   Filter | 054.500
2016-11-16 07:51:30 | TEMPLOG : Table    One | 056.300
2016-11-16 07:52:31 | TEMPLOG : Bio   Filter | 055.400
2016-11-16 07:53:32 | TEMPLOG : Table    One | 057.200
2016-11-16 07:54:33 | TEMPLOG : Table    One | 059.000
2016-11-16 07:55:33 | TEMPLOG : WellhouseOne | 053.600
2016-11-16 07:55:34 | TEMPLOG : Bio   Filter | 056.300
2016-11-16 07:55:34 | TEMPLOG : To   GeoLoop | 059.000
2016-11-16 07:55:34 | TEMPLOG : Table    One | 061.700
2016-11-16 07:56:35 | TEMPLOG : Bio   Filter | 057.200
2016-11-16 07:56:36 | TEMPLOG : Table    One | 063.500
2016-11-16 07:57:37 | TEMPLOG : Table    One | 065.300
2016-11-16 07:58:37 | TEMPLOG : Table    One | 067.100
2016-11-16 07:59:38 | TEMPLOG : WellhouseOne | 054.500
2016-11-16 07:59:39 | TEMPLOG : Table    One | 066.200
2016-11-16 08:00:39 | TEMPLOG : WellhouseOne | 054.500
2016-11-16 08:00:40 | TEMPLOG : To   GeoLoop | 059.000
2016-11-16 08:00:40 | TEMPLOG : Table    One | 065.300
2016-11-16 08:01:41 | TEMPLOG : Table    One | 066.200
2016-11-16 08:04:44 | TEMPLOG : To   GeoLoop | 059.900
2016-11-16 08:04:44 | TEMPLOG : Table    One | 065.300
2016-11-16 08:05:45 | TEMPLOG : To   GeoLoop | 059.000
2016-11-16 08:06:47 | TEMPLOG : WellhouseOne | 055.400
2016-11-16 08:06:47 | TEMPLOG : To   GeoLoop | 059.900
2016-11-16 08:06:47 | TEMPLOG : Table    One | 066.200
2016-11-16 08:07:49 | TEMPLOG : Table    One | 068.000
2016-11-16 08:08:50 | TEMPLOG : Table    One | 068.900
2016-11-16 08:09:50 | TEMPLOG : Table    One | 069.800
2016-11-16 08:10:51 | TEMPLOG : WellhouseOne | 056.300
2016-11-16 08:10:52 | TEMPLOG : Table    One | 070.700
2016-11-16 08:11:52 | TEMPLOG : To   GeoLoop | 060.800
2016-11-16 08:11:52 | TEMPLOG : Table    One | 072.500
2016-11-16 08:12:53 | TEMPLOG : Table    One | 074.300
2016-11-16 08:13:54 | TEMPLOG : WellhouseOne | 057.200
2016-11-16 08:13:54 | TEMPLOG : Table    One | 075.200
2016-11-16 08:15:56 | TEMPLOG : Table    One | 074.300
2016-11-16 08:16:57 | TEMPLOG : Table    One | 075.200
2016-11-16 08:17:57 | TEMPLOG : WellhouseOne | 058.100
2016-11-16 08:18:59 | TEMPLOG : Table    One | 076.100
2016-11-16 08:21:00 | TEMPLOG : WellhouseOne | 059.000
2016-11-16 08:21:00 | TEMPLOG : To   GeoLoop | 061.700
2016-11-16 08:21:01 | TEMPLOG : Table    One | 077.000
2016-11-16 08:22:01 | TEMPLOG : To   GeoLoop | 060.800
2016-11-16 08:23:01 | TEMPLOG : To   GeoLoop | 061.700
2016-11-16 08:23:02 | TEMPLOG : Table    One | 076.100
2016-11-16 08:25:04 | TEMPLOG : Bio   Filter | 068.900
2016-11-16 08:26:05 | TEMPLOG : WellhouseOne | 059.900
2016-11-16 08:26:06 | TEMPLOG : Table    One | 077.000
2016-11-16 08:27:07 | TEMPLOG : Table    One | 078.800
2016-11-16 08:28:07 | TEMPLOG : WellhouseOne | 060.800
2016-11-16 08:28:08 | TEMPLOG : Table    One | 080.600
2016-11-16 08:29:08 | TEMPLOG : Bio   Filter | 070.700
2016-11-16 08:29:09 | TEMPLOG : Table    One | 081.500
2016-11-16 08:30:10 | TEMPLOG : Bio   Filter | 071.600
2016-11-16 08:30:11 | TEMPLOG : Table    One | 082.400
2016-11-16 08:31:12 | TEMPLOG : To   GeoLoop | 062.600
2016-11-16 08:32:12 | TEMPLOG : WellhouseOne | 061.700
2016-11-16 08:32:12 | TEMPLOG : Bio   Filter | 072.500
2016-11-16 08:35:15 | TEMPLOG : WellhouseOne | 062.600
2016-11-16 08:36:17 | TEMPLOG : Bio   Filter | 073.400
2016-11-16 08:36:17 | TEMPLOG : Table    One | 083.300
2016-11-16 08:37:20 | TEMPLOG : Table    One | 084.200
2016-11-16 08:38:20 | TEMPLOG : WellhouseOne | 063.500
2016-11-16 08:38:20 | TEMPLOG : Bio   Filter | 074.300
2016-11-16 08:38:21 | TEMPLOG : Table    One | 085.100
2016-11-16 08:39:22 | TEMPLOG : Table    One | 086.000
2016-11-16 08:40:24 | TEMPLOG : Table    One | 085.100
2016-11-16 08:41:24 | TEMPLOG : WellhouseOne | 064.400
2016-11-16 08:42:26 | TEMPLOG : Bio   Filter | 075.200
2016-11-16 08:42:27 | TEMPLOG : Table    One | 086.000
2016-11-16 08:43:28 | TEMPLOG : To   GeoLoop | 063.500
2016-11-16 08:45:32 | TEMPLOG : Table    One | 085.100
2016-11-16 08:46:32 | TEMPLOG : WellhouseOne | 065.300
2016-11-16 08:46:33 | TEMPLOG : To   GeoLoop | 062.600
2016-11-16 08:46:33 | TEMPLOG : Table    One | 083.300
2016-11-16 08:47:34 | TEMPLOG : Table    One | 081.500
2016-11-16 08:48:34 | TEMPLOG : Table    One | 079.700
2016-11-16 08:49:36 | TEMPLOG : Table    One | 078.800
2016-11-16 08:50:37 | TEMPLOG : Table    One | 077.000
2016-11-16 08:51:38 | TEMPLOG : Bio   Filter | 071.600
2016-11-16 08:53:40 | TEMPLOG : Table    One | 076.100
2016-11-16 08:56:42 | TEMPLOG : Bio   Filter | 070.700
2016-11-16 08:58:45 | TEMPLOG : Bio   Filter | 069.800
2016-11-16 09:00:46 | TEMPLOG : WellhouseOne | 065.300
2016-11-16 09:00:47 | TEMPLOG : Bio   Filter | 069.800
2016-11-16 09:00:47 | TEMPLOG : To   GeoLoop | 062.600
2016-11-16 09:00:47 | TEMPLOG : Table    One | 076.100
2016-11-16 09:03:51 | TEMPLOG : Table    One | 077.000
2016-11-16 09:04:51 | TEMPLOG : WellhouseOne | 066.200
2016-11-16 09:04:52 | TEMPLOG : Bio   Filter | 070.700
2016-11-16 09:04:52 | TEMPLOG : Table    One | 077.900
2016-11-16 09:05:54 | TEMPLOG : To   GeoLoop | 063.500
2016-11-16 09:06:54 | TEMPLOG : Bio   Filter | 071.600
2016-11-16 09:06:55 | TEMPLOG : Table    One | 078.800
2016-11-16 09:07:56 | TEMPLOG : Bio   Filter | 072.500
2016-11-16 09:07:57 | TEMPLOG : Table    One | 080.600
2016-11-16 09:08:57 | TEMPLOG : WellhouseOne | 067.100
2016-11-16 09:08:57 | TEMPLOG : Bio   Filter | 073.400
2016-11-16 09:08:57 | TEMPLOG : To   GeoLoop | 064.400
2016-11-16 09:08:58 | TEMPLOG : Table    One | 081.500
2016-11-16 09:09:58 | TEMPLOG : Bio   Filter | 074.300
2016-11-16 09:09:59 | TEMPLOG : Table    One | 082.400
2016-11-16 09:10:59 | TEMPLOG : WellhouseOne | 068.000
2016-11-16 09:10:59 | TEMPLOG : Bio   Filter | 075.200
2016-11-16 09:10:59 | TEMPLOG : Table    One | 083.300
2016-11-16 09:12:00 | TEMPLOG : Bio   Filter | 077.000
2016-11-16 09:12:00 | TEMPLOG : To   GeoLoop | 065.300
2016-11-16 09:12:01 | TEMPLOG : Table    One | 084.200
2016-11-16 09:13:01 | TEMPLOG : Bio   Filter | 077.900
2016-11-16 09:14:02 | TEMPLOG : WellhouseOne | 068.900
2016-11-16 09:14:03 | TEMPLOG : Table    One | 085.100
2016-11-16 09:15:04 | TEMPLOG : Bio   Filter | 078.800
2016-11-16 09:15:04 | TEMPLOG : Table    One | 084.200
2016-11-16 09:17:06 | TEMPLOG : WellhouseOne | 069.800
2016-11-16 09:18:07 | TEMPLOG : To   GeoLoop | 066.200
2016-11-16 09:18:08 | TEMPLOG : Table    One | 083.300
2016-11-16 09:20:10 | TEMPLOG : To   GeoLoop | 065.300
2016-11-16 09:21:10 | TEMPLOG : Bio   Filter | 077.900
2016-11-16 09:22:11 | TEMPLOG : WellhouseOne | 070.700
2016-11-16 09:24:14 | TEMPLOG : Table    One | 082.400
2016-11-16 09:25:14 | TEMPLOG : Bio   Filter | 077.000
2016-11-16 09:26:15 | TEMPLOG : Bio   Filter | 076.100
2016-11-16 09:26:16 | TEMPLOG : Table    One | 081.500
2016-11-16 09:27:16 | TEMPLOG : Table    One | 080.600
2016-11-16 09:28:17 | TEMPLOG : Bio   Filter | 075.200
2016-11-16 09:28:17 | TEMPLOG : To   GeoLoop | 064.400
2016-11-16 09:28:17 | TEMPLOG : Table    One | 079.700
2016-11-16 09:29:18 | TEMPLOG : Bio   Filter | 074.300
2016-11-16 09:29:19 | TEMPLOG : Table    One | 080.600
2016-11-16 09:30:20 | TEMPLOG : Table    One | 079.700
2016-11-16 09:31:20 | TEMPLOG : Bio   Filter | 073.400
2016-11-16 09:31:21 | TEMPLOG : Table    One | 078.800
2016-11-16 09:32:21 | TEMPLOG : Bio   Filter | 072.500
2016-11-16 09:32:21 | TEMPLOG : Table    One | 077.900
2016-11-16 09:33:22 | TEMPLOG : WellhouseOne | 069.800
2016-11-16 09:33:22 | TEMPLOG : Bio   Filter | 071.600
2016-11-16 09:33:23 | TEMPLOG : Table    One | 077.000
2016-11-16 09:34:24 | TEMPLOG : To   GeoLoop | 063.500
2016-11-16 09:34:24 | TEMPLOG : Table    One | 076.100
2016-11-16 09:35:24 | TEMPLOG : Bio   Filter | 070.700
2016-11-16 09:37:26 | TEMPLOG : Bio   Filter | 069.800
2016-11-16 09:37:28 | TEMPLOG : Table    One | 075.200
2016-11-16 09:41:33 | TEMPLOG : Bio   Filter | 068.900
2016-11-16 09:45:39 | TEMPLOG : Table    One | 074.300
2016-11-16 09:46:39 | TEMPLOG : Bio   Filter | 068.000
2016-11-16 09:53:48 | TEMPLOG : Table    One | 073.400
2016-11-16 09:54:49 | TEMPLOG : Table    One | 074.300
2016-11-16 10:00:55 | TEMPLOG : WellhouseOne | 069.800
2016-11-16 10:00:55 | TEMPLOG : Bio   Filter | 068.000
2016-11-16 10:00:55 | TEMPLOG : To   GeoLoop | 063.500
2016-11-16 10:00:55 | TEMPLOG : Table    One | 074.300
2016-11-16 10:01:57 | TEMPLOG : Table    One | 073.400
2016-11-16 10:02:58 | TEMPLOG : WellhouseOne | 070.700
2016-11-16 10:02:58 | TEMPLOG : To   GeoLoop | 064.400
2016-11-16 10:03:59 | TEMPLOG : WellhouseOne | 069.800
2016-11-16 10:03:59 | TEMPLOG : To   GeoLoop | 063.500
2016-11-16 10:06:02 | TEMPLOG : To   GeoLoop | 064.400
2016-11-16 10:07:03 | TEMPLOG : To   GeoLoop | 063.500
2016-11-16 10:08:03 | TEMPLOG : WellhouseOne | 070.700
2016-11-16 10:08:04 | TEMPLOG : Bio   Filter | 067.100
2016-11-16 10:09:05 | TEMPLOG : Bio   Filter | 068.000
2016-11-16 10:09:05 | TEMPLOG : To   GeoLoop | 064.400
2016-11-16 10:09:06 | TEMPLOG : Table    One | 076.100
2016-11-16 10:10:08 | TEMPLOG : Table    One | 077.000
2016-11-16 10:11:09 | TEMPLOG : Bio   Filter | 068.900
2016-11-16 10:11:09 | TEMPLOG : To   GeoLoop | 065.300
2016-11-16 10:11:10 | TEMPLOG : Table    One | 079.700
2016-11-16 10:12:11 | TEMPLOG : Bio   Filter | 069.800
2016-11-16 10:12:11 | TEMPLOG : Table    One | 081.500
2016-11-16 10:13:12 | TEMPLOG : Bio   Filter | 070.700
2016-11-16 10:13:12 | TEMPLOG : To   GeoLoop | 066.200
2016-11-16 10:13:12 | TEMPLOG : Table    One | 082.400
2016-11-16 10:14:14 | TEMPLOG : WellhouseOne | 071.600
2016-11-16 10:14:14 | TEMPLOG : Bio   Filter | 071.600
2016-11-16 10:14:14 | TEMPLOG : Table    One | 084.200
2016-11-16 10:15:14 | TEMPLOG : WellhouseOne | 070.700
2016-11-16 10:15:16 | TEMPLOG : Table    One | 082.400
2016-11-16 10:16:16 | TEMPLOG : WellhouseOne | 071.600
2016-11-16 10:16:17 | TEMPLOG : To   GeoLoop | 065.300
2016-11-16 10:16:17 | TEMPLOG : Table    One | 081.500
2016-11-16 10:17:17 | TEMPLOG : WellhouseOne | 070.700
2016-11-16 10:17:19 | TEMPLOG : Table    One | 079.700
2016-11-16 10:18:19 | TEMPLOG : WellhouseOne | 071.600
2016-11-16 10:18:19 | TEMPLOG : Bio   Filter | 070.700
2016-11-16 10:19:22 | TEMPLOG : Table    One | 080.600
2016-11-16 10:22:28 | TEMPLOG : Table    One | 079.700
2016-11-16 10:23:29 | TEMPLOG : To   GeoLoop | 064.400
2016-11-16 10:24:30 | TEMPLOG : To   GeoLoop | 065.300
2016-11-16 10:24:30 | TEMPLOG : Table    One | 081.500
2016-11-16 10:25:31 | TEMPLOG : Bio   Filter | 071.600
2016-11-16 10:25:31 | TEMPLOG : To   GeoLoop | 066.200
2016-11-16 10:25:32 | TEMPLOG : Table    One | 084.200
2016-11-16 10:26:33 | TEMPLOG : Bio   Filter | 072.500
2016-11-16 10:26:33 | TEMPLOG : Table    One | 086.900
2016-11-16 10:27:34 | TEMPLOG : Bio   Filter | 073.400
2016-11-16 10:27:34 | TEMPLOG : To   GeoLoop | 067.100
2016-11-16 10:27:35 | TEMPLOG : Table    One | 088.700
2016-11-16 10:28:35 | TEMPLOG : To   GeoLoop | 068.000
2016-11-16 10:28:36 | TEMPLOG : Table    One | 090.500
2016-11-16 10:29:36 | TEMPLOG : Bio   Filter | 074.300
2016-11-16 10:29:37 | TEMPLOG : Table    One | 089.600
2016-11-16 10:30:38 | TEMPLOG : Table    One | 088.700
2016-11-16 10:31:38 | TEMPLOG : WellhouseOne | 072.500
2016-11-16 10:32:39 | TEMPLOG : To   GeoLoop | 067.100
2016-11-16 10:33:39 | TEMPLOG : Bio   Filter | 075.200
2016-11-16 10:33:40 | TEMPLOG : To   GeoLoop | 068.000
2016-11-16 10:34:42 | TEMPLOG : Table    One | 089.600
2016-11-16 10:35:43 | TEMPLOG : Table    One | 091.400
2016-11-16 10:36:44 | TEMPLOG : Bio   Filter | 076.100
2016-11-16 10:36:44 | TEMPLOG : To   GeoLoop | 068.900
2016-11-16 10:36:44 | TEMPLOG : Table    One | 093.200
2016-11-16 10:37:45 | TEMPLOG : Bio   Filter | 077.000
2016-11-16 10:37:45 | TEMPLOG : Table    One | 095.000
2016-11-16 10:38:45 | TEMPLOG : WellhouseOne | 073.400
2016-11-16 10:38:45 | TEMPLOG : Bio   Filter | 077.900
2016-11-16 10:38:46 | TEMPLOG : To   GeoLoop | 069.800
2016-11-16 10:38:46 | TEMPLOG : Table    One | 096.800
2016-11-16 10:39:47 | TEMPLOG : Bio   Filter | 078.800
2016-11-16 10:39:48 | TEMPLOG : Table    One | 097.700
2016-11-16 10:40:48 | TEMPLOG : To   GeoLoop | 070.700
2016-11-16 10:40:49 | TEMPLOG : Table    One | 098.600
2016-11-16 10:41:49 | TEMPLOG : Bio   Filter | 079.700
2016-11-16 10:41:50 | TEMPLOG : Table    One | 099.500
2016-11-16 10:43:52 | TEMPLOG : Bio   Filter | 080.600
2016-11-16 10:43:53 | TEMPLOG : Table    One | 100.400
2016-11-16 10:45:54 | TEMPLOG : WellhouseOne | 074.300
2016-11-16 10:45:55 | TEMPLOG : Table    One | 101.300
2016-11-16 10:46:56 | TEMPLOG : To   GeoLoop | 071.600
2016-11-16 10:47:57 | TEMPLOG : Bio   Filter | 081.500
2016-11-16 10:47:58 | TEMPLOG : Table    One | 102.200
2016-11-16 10:52:02 | TEMPLOG : To   GeoLoop | 070.700
2016-11-16 10:52:02 | TEMPLOG : Table    One | 103.100
2016-11-16 10:54:04 | TEMPLOG : WellhouseOne | 075.200
2016-11-16 10:54:05 | TEMPLOG : Table    One | 102.200
2016-11-16 10:55:06 | TEMPLOG : To   GeoLoop | 069.800
2016-11-16 10:55:07 | TEMPLOG : Table    One | 100.400
2016-11-16 10:56:08 | TEMPLOG : Table    One | 098.600
2016-11-16 10:57:09 | TEMPLOG : Bio   Filter | 080.600
2016-11-16 10:57:09 | TEMPLOG : To   GeoLoop | 068.900
2016-11-16 10:57:10 | TEMPLOG : Table    One | 097.700
2016-11-16 10:58:10 | TEMPLOG : Table    One | 096.800
2016-11-16 10:59:11 | TEMPLOG : Bio   Filter | 079.700
2016-11-16 11:00:12 | TEMPLOG : WellhouseOne | 075.200
2016-11-16 11:00:12 | TEMPLOG : Bio   Filter | 079.700
2016-11-16 11:00:12 | TEMPLOG : To   GeoLoop | 068.000
2016-11-16 11:00:13 | TEMPLOG : Table    One | 095.000
2016-11-16 11:01:14 | TEMPLOG : Table    One | 095.900
2016-11-16 11:02:15 | TEMPLOG : Table    One | 096.800
2016-11-16 11:03:16 | TEMPLOG : To   GeoLoop | 068.900
2016-11-16 11:03:16 | TEMPLOG : Table    One | 097.700
2016-11-16 11:06:21 | TEMPLOG : To   GeoLoop | 068.000
2016-11-16 11:06:21 | TEMPLOG : Table    One | 095.900
2016-11-16 11:07:21 | TEMPLOG : Bio   Filter | 078.800
2016-11-16 11:08:23 | TEMPLOG : Table    One | 094.100
2016-11-16 11:09:24 | TEMPLOG : Bio   Filter | 077.900
2016-11-16 11:09:24 | TEMPLOG : Table    One | 092.300
2016-11-16 11:10:26 | TEMPLOG : Table    One | 091.400
2016-11-16 11:11:27 | TEMPLOG : Bio   Filter | 077.000
2016-11-16 11:11:27 | TEMPLOG : To   GeoLoop | 067.100
2016-11-16 11:12:28 | TEMPLOG : To   GeoLoop | 068.000
2016-11-16 11:14:30 | TEMPLOG : WellhouseOne | 076.100
2016-11-16 11:18:37 | TEMPLOG : Table    One | 092.300
2016-11-16 11:19:39 | TEMPLOG : Table    One | 095.000
2016-11-16 11:20:40 | TEMPLOG : Bio   Filter | 077.900
2016-11-16 11:20:41 | TEMPLOG : Table    One | 098.600
2016-11-16 11:21:41 | TEMPLOG : Bio   Filter | 078.800
2016-11-16 11:21:42 | TEMPLOG : To   GeoLoop | 068.900
2016-11-16 11:21:42 | TEMPLOG : Table    One | 100.400
2016-11-16 11:22:42 | TEMPLOG : Bio   Filter | 079.700
2016-11-16 11:22:43 | TEMPLOG : Table    One | 102.200
2016-11-16 11:23:44 | TEMPLOG : Bio   Filter | 080.600
2016-11-16 11:23:44 | TEMPLOG : Table    One | 103.100
2016-11-16 11:24:45 | TEMPLOG : Table    One | 104.000
2016-11-16 11:25:46 | TEMPLOG : Bio   Filter | 081.500
2016-11-16 11:25:46 | TEMPLOG : To   GeoLoop | 069.800
2016-11-16 11:25:46 | TEMPLOG : Table    One | 104.900
2016-11-16 11:26:47 | TEMPLOG : Table    One | 104.000
2016-11-16 11:27:48 | TEMPLOG : WellhouseOne | 077.000
2016-11-16 11:27:48 | TEMPLOG : To   GeoLoop | 068.900
2016-11-16 11:28:50 | TEMPLOG : Table    One | 103.100
2016-11-16 11:29:51 | TEMPLOG : Table    One | 102.200
2016-11-16 11:30:52 | TEMPLOG : Table    One | 101.300
2016-11-16 11:31:54 | TEMPLOG : Table    One | 100.400
2016-11-16 11:34:58 | TEMPLOG : Bio   Filter | 080.600
2016-11-16 11:35:00 | TEMPLOG : Table    One | 099.500
2016-11-16 11:37:02 | TEMPLOG : Table    One | 100.400
2016-11-16 11:42:08 | TEMPLOG : WellhouseOne | 077.900
2016-11-16 11:42:08 | TEMPLOG : Table    One | 099.500
2016-11-16 11:43:09 | TEMPLOG : To   GeoLoop | 069.800
2016-11-16 11:43:10 | TEMPLOG : Table    One | 100.400
2016-11-16 11:44:11 | TEMPLOG : Table    One | 101.300
2016-11-16 11:45:12 | TEMPLOG : Bio   Filter | 081.500
2016-11-16 11:45:12 | TEMPLOG : Table    One | 103.100
2016-11-16 11:46:13 | TEMPLOG : Table    One | 104.000
2016-11-16 11:47:14 | TEMPLOG : Bio   Filter | 082.400
2016-11-16 11:47:14 | TEMPLOG : Table    One | 104.900
2016-11-16 11:50:18 | TEMPLOG : Table    One | 105.800
2016-11-16 11:51:18 | TEMPLOG : Bio   Filter | 083.300
2016-11-16 11:53:21 | TEMPLOG : To   GeoLoop | 070.700
2016-11-16 11:54:21 | TEMPLOG : WellhouseOne | 078.800
2016-11-16 11:57:26 | TEMPLOG : WellhouseOne | 077.900
2016-11-16 11:57:26 | TEMPLOG : Table    One | 104.900
2016-11-16 11:59:28 | TEMPLOG : WellhouseOne | 078.800
2016-11-16 12:00:28 | TEMPLOG : WellhouseOne | 078.800
2016-11-16 12:00:29 | TEMPLOG : Bio   Filter | 083.300
2016-11-16 12:00:29 | TEMPLOG : Table    One | 103.100
2016-11-16 12:01:29 | TEMPLOG : Bio   Filter | 082.400
2016-11-16 12:01:29 | TEMPLOG : Table    One | 102.200
2016-11-16 12:02:31 | TEMPLOG : Table    One | 100.400
2016-11-16 12:03:31 | TEMPLOG : Bio   Filter | 081.500
2016-11-16 12:03:31 | TEMPLOG : Table    One | 099.500
2016-11-16 12:04:32 | TEMPLOG : Table    One | 097.700
2016-11-16 12:05:33 | TEMPLOG : Bio   Filter | 080.600
2016-11-16 12:06:35 | TEMPLOG : Table    One | 095.900
2016-11-16 12:07:35 | TEMPLOG : Bio   Filter | 079.700
2016-11-16 12:08:38 | TEMPLOG : Table    One | 096.800
2016-11-16 12:09:39 | TEMPLOG : Table    One | 098.600
2016-11-16 12:10:39 | TEMPLOG : Bio   Filter | 080.600
2016-11-16 12:10:39 | TEMPLOG : Table    One | 101.300
2016-11-16 12:11:41 | TEMPLOG : Bio   Filter | 081.500
2016-11-16 12:11:41 | TEMPLOG : Table    One | 102.200
2016-11-16 12:12:41 | TEMPLOG : Table    One | 101.300
2016-11-16 12:13:42 | TEMPLOG : Table    One | 102.200
2016-11-16 12:14:44 | TEMPLOG : Bio   Filter | 082.400
2016-11-16 12:14:44 | TEMPLOG : Table    One | 103.100
2016-11-16 12:16:46 | TEMPLOG : Table    One | 104.000
2016-11-16 12:17:47 | TEMPLOG : Bio   Filter | 083.300
2016-11-16 12:17:47 | TEMPLOG : Table    One | 104.900
2016-11-16 12:18:48 | TEMPLOG : Table    One | 105.800
2016-11-16 12:19:49 | TEMPLOG : Table    One | 106.700
2016-11-16 12:20:49 | TEMPLOG : Bio   Filter | 084.200
2016-11-16 12:20:50 | TEMPLOG : Table    One | 107.600
2016-11-16 12:23:53 | TEMPLOG : Table    One | 108.500
2016-11-16 12:24:54 | TEMPLOG : Bio   Filter | 085.100
2016-11-16 12:25:55 | TEMPLOG : Table    One | 109.400
2016-11-16 12:26:55 | TEMPLOG : Table    One | 111.200
2016-11-16 12:28:56 | TEMPLOG : Bio   Filter | 086.000
2016-11-16 12:28:57 | TEMPLOG : Table    One | 112.100
2016-11-16 12:29:58 | TEMPLOG : Table    One | 111.200
2016-11-16 12:31:00 | TEMPLOG : Table    One | 112.100
2016-11-16 12:32:01 | TEMPLOG : Table    One | 113.000
2016-11-16 12:33:02 | TEMPLOG : Table    One | 113.900
2016-11-16 12:34:03 | TEMPLOG : Bio   Filter | 086.900
2016-11-16 12:34:03 | TEMPLOG : Table    One | 114.800
2016-11-16 12:36:05 | TEMPLOG : Table    One | 115.700
2016-11-16 12:37:06 | TEMPLOG : Bio   Filter | 087.800
2016-11-16 12:37:06 | TEMPLOG : Table    One | 116.600
2016-11-16 12:38:06 | TEMPLOG : WellhouseOne | 079.700
2016-11-16 12:40:09 | TEMPLOG : Table    One | 115.700
2016-11-16 12:42:11 | TEMPLOG : Table    One | 116.600
2016-11-16 12:43:11 | TEMPLOG : WellhouseOne | 078.800
2016-11-16 12:45:14 | TEMPLOG : Table    One | 113.900
2016-11-16 12:46:14 | TEMPLOG : Table    One | 110.300
2016-11-16 12:47:14 | TEMPLOG : Bio   Filter | 086.900
2016-11-16 12:47:15 | TEMPLOG : Table    One | 108.500
2016-11-16 12:49:17 | TEMPLOG : Table    One | 107.600
2016-11-16 12:50:18 | TEMPLOG : Table    One | 106.700
2016-11-16 12:51:19 | TEMPLOG : Bio   Filter | 086.000
2016-11-16 12:51:19 | TEMPLOG : Table    One | 108.500
2016-11-16 12:52:20 | TEMPLOG : Bio   Filter | 086.900
2016-11-16 12:52:20 | TEMPLOG : Table    One | 110.300
2016-11-16 12:53:20 | TEMPLOG : WellhouseOne | 079.700
2016-11-16 12:53:21 | TEMPLOG : Table    One | 111.200
2016-11-16 12:54:22 | TEMPLOG : Table    One | 113.000
2016-11-16 12:55:23 | TEMPLOG : WellhouseOne | 078.800
2016-11-16 12:55:23 | TEMPLOG : Table    One | 113.900
2016-11-16 12:56:24 | TEMPLOG : Table    One | 114.800
2016-11-16 12:57:25 | TEMPLOG : Bio   Filter | 087.800
2016-11-16 12:57:25 | TEMPLOG : Table    One | 115.700
2016-11-16 12:58:26 | TEMPLOG : Table    One | 116.600
2016-11-16 12:59:27 | TEMPLOG : Table    One | 117.500
2016-11-16 13:00:27 | TEMPLOG : WellhouseOne | 079.700
2016-11-16 13:00:27 | TEMPLOG : Bio   Filter | 087.800
2016-11-16 13:00:27 | TEMPLOG : Table    One | 118.400
2016-11-16 13:01:28 | TEMPLOG : Bio   Filter | 088.700
2016-11-16 13:05:34 | TEMPLOG : Table    One | 117.500
2016-11-16 13:07:35 | TEMPLOG : WellhouseOne | 080.600
2016-11-16 13:10:38 | TEMPLOG : WellhouseOne | 079.700
2016-11-16 13:11:38 | TEMPLOG : WellhouseOne | 080.600
2016-11-16 13:11:39 | TEMPLOG : Table    One | 116.600
2016-11-16 13:12:40 | TEMPLOG : Table    One | 117.500
2016-11-16 13:13:40 | TEMPLOG : WellhouseOne | 079.700
2016-11-16 13:13:40 | TEMPLOG : Bio   Filter | 087.800
2016-11-16 13:13:40 | TEMPLOG : Table    One | 116.600
2016-11-16 13:14:41 | TEMPLOG : Table    One | 114.800
2016-11-16 13:16:42 | TEMPLOG : Table    One | 113.900
2016-11-16 13:17:43 | TEMPLOG : WellhouseOne | 078.800
2016-11-16 13:17:44 | TEMPLOG : Table    One | 113.000
2016-11-16 13:18:44 | TEMPLOG : Bio   Filter | 086.900
2016-11-16 13:18:45 | TEMPLOG : Table    One | 112.100
2016-11-16 13:19:45 | TEMPLOG : Table    One | 111.200
2016-11-16 13:22:48 | TEMPLOG : Table    One | 110.300
2016-11-16 13:23:49 | TEMPLOG : Bio   Filter | 086.000
2016-11-16 13:23:49 | TEMPLOG : Table    One | 109.400
2016-11-16 13:25:51 | TEMPLOG : Table    One | 108.500
2016-11-16 13:27:53 | TEMPLOG : Table    One | 106.700
2016-11-16 13:28:54 | TEMPLOG : Bio   Filter | 085.100
2016-11-16 13:28:54 | TEMPLOG : Table    One | 107.600
2016-11-16 13:31:57 | TEMPLOG : Table    One | 105.800
2016-11-16 13:32:57 | TEMPLOG : Table    One | 104.900
2016-11-16 13:34:59 | TEMPLOG : Bio   Filter | 084.200
2016-11-16 13:35:00 | TEMPLOG : Table    One | 102.200
2016-11-16 13:36:00 | TEMPLOG : Table    One | 099.500
2016-11-16 13:37:01 | TEMPLOG : Bio   Filter | 083.300
2016-11-16 13:38:04 | TEMPLOG : Table    One | 098.600
2016-11-16 13:39:04 | TEMPLOG : Bio   Filter | 082.400
2016-11-16 13:39:05 | TEMPLOG : Table    One | 097.700
2016-11-16 13:40:05 | TEMPLOG : Table    One | 098.600
2016-11-16 13:41:06 | TEMPLOG : Table    One | 099.500
2016-11-16 13:43:08 | TEMPLOG : Table    One | 101.300
2016-11-16 13:44:09 | TEMPLOG : Table    One | 102.200
2016-11-16 13:45:10 | TEMPLOG : Table    One | 103.100
2016-11-16 13:47:12 | TEMPLOG : Bio   Filter | 083.300
2016-11-16 13:49:14 | TEMPLOG : Table    One | 102.200
2016-11-16 13:50:14 | TEMPLOG : Bio   Filter | 082.400
2016-11-16 13:50:14 | TEMPLOG : Table    One | 101.300
2016-11-16 13:51:15 | TEMPLOG : Table    One | 100.400
2016-11-16 13:52:16 | TEMPLOG : Table    One | 098.600
2016-11-16 13:53:16 | TEMPLOG : Bio   Filter | 081.500
2016-11-16 13:53:16 | TEMPLOG : Table    One | 096.800
2016-11-16 13:54:17 | TEMPLOG : WellhouseOne | 077.900
2016-11-16 13:55:18 | TEMPLOG : Table    One | 095.900
2016-11-16 13:56:18 | TEMPLOG : Bio   Filter | 080.600
2016-11-16 13:56:18 | TEMPLOG : Table    One | 094.100
2016-11-16 13:58:20 | TEMPLOG : Table    One | 095.900
2016-11-16 13:59:20 | TEMPLOG : Table    One | 096.800
2016-11-16 14:00:20 | TEMPLOG : WellhouseOne | 077.900
2016-11-16 14:00:20 | TEMPLOG : Bio   Filter | 080.600
2016-11-16 14:00:21 | TEMPLOG : Table    One | 098.600
2016-11-16 14:01:22 | TEMPLOG : Table    One | 100.400
2016-11-16 14:03:24 | TEMPLOG : Table    One | 101.300
2016-11-16 14:04:24 | TEMPLOG : Bio   Filter | 081.500
2016-11-16 14:04:25 | TEMPLOG : Table    One | 102.200
2016-11-16 14:06:26 | TEMPLOG : WellhouseOne | 078.800
2016-11-16 14:07:27 | TEMPLOG : WellhouseOne | 077.900
2016-11-16 14:09:29 | TEMPLOG : WellhouseOne | 078.800
2016-11-16 14:11:31 | TEMPLOG : WellhouseOne | 077.900
2016-11-16 14:12:32 | TEMPLOG : WellhouseOne | 078.800
2016-11-16 14:13:33 | TEMPLOG : Bio   Filter | 082.400
2016-11-16 14:13:34 | TEMPLOG : Table    One | 103.100
2016-11-16 14:14:35 | TEMPLOG : Table    One | 102.200
2016-11-16 14:18:38 | TEMPLOG : WellhouseOne | 077.900
2016-11-16 14:19:39 | TEMPLOG : WellhouseOne | 078.800
2016-11-16 14:19:41 | TEMPLOG : Table    One | 101.300
2016-11-16 14:20:42 | TEMPLOG : Table    One | 102.200
2016-11-16 14:21:43 | TEMPLOG : WellhouseOne | 077.900
2016-11-16 14:21:43 | TEMPLOG : Table    One | 101.300
2016-11-16 14:22:43 | TEMPLOG : WellhouseOne | 078.800
2016-11-16 14:23:45 | TEMPLOG : WellhouseOne | 077.900
2016-11-16 14:25:46 | TEMPLOG : WellhouseOne | 078.800
2016-11-16 14:25:47 | TEMPLOG : Bio   Filter | 081.500
2016-11-16 14:25:47 | TEMPLOG : Table    One | 100.400
2016-11-16 14:30:51 | TEMPLOG : WellhouseOne | 077.900
2016-11-16 14:32:53 | TEMPLOG : Table    One | 099.500
2016-11-16 14:34:56 | TEMPLOG : Table    One | 097.700
2016-11-16 14:35:57 | TEMPLOG : Bio   Filter | 080.600
2016-11-16 14:35:58 | TEMPLOG : Table    One | 096.800
2016-11-16 14:38:00 | TEMPLOG : Table    One | 097.700
2016-11-16 14:39:01 | TEMPLOG : Table    One | 096.800
2016-11-16 14:40:02 | TEMPLOG : Table    One | 095.900
2016-11-16 14:41:03 | TEMPLOG : Table    One | 096.800
2016-11-16 14:43:05 | TEMPLOG : Table    One | 097.700
2016-11-16 14:48:11 | TEMPLOG : Table    One | 096.800
2016-11-16 14:52:14 | TEMPLOG : Bio   Filter | 081.500
2016-11-16 14:54:15 | TEMPLOG : Bio   Filter | 080.600
2016-11-16 14:58:20 | TEMPLOG : Table    One | 097.700
2016-11-16 15:00:21 | TEMPLOG : WellhouseOne | 077.900
2016-11-16 15:00:21 | TEMPLOG : Bio   Filter | 080.600
2016-11-16 15:00:21 | TEMPLOG : Table    One | 097.700
2016-11-16 15:04:24 | TEMPLOG : Table    One | 096.800
2016-11-16 15:08:28 | TEMPLOG : Table    One | 095.900
2016-11-16 15:13:32 | TEMPLOG : Bio   Filter | 079.700
2016-11-16 15:13:32 | TEMPLOG : Table    One | 095.000
2016-11-16 15:15:34 | TEMPLOG : WellhouseOne | 077.000
2016-11-16 15:16:35 | TEMPLOG : Table    One | 094.100
2016-11-16 15:20:38 | TEMPLOG : Bio   Filter | 078.800
2016-11-16 15:25:43 | TEMPLOG : Table    One | 093.200
2016-11-16 15:28:46 | TEMPLOG : Table    One | 092.300
2016-11-16 15:33:49 | TEMPLOG : WellhouseOne | 076.100
2016-11-16 15:33:49 | TEMPLOG : Bio   Filter | 077.900
2016-11-16 15:33:50 | TEMPLOG : Table    One | 091.400
2016-11-16 15:36:52 | TEMPLOG : WellhouseOne | 077.000
2016-11-16 15:38:54 | TEMPLOG : WellhouseOne | 076.100
2016-11-16 15:39:55 | TEMPLOG : Table    One | 090.500
2016-11-16 15:40:56 | TEMPLOG : Table    One | 089.600
2016-11-16 15:43:58 | TEMPLOG : Table    One | 088.700
2016-11-16 15:44:58 | TEMPLOG : Bio   Filter | 077.000
2016-11-16 15:49:03 | TEMPLOG : Table    One | 087.800
2016-11-16 15:50:04 | TEMPLOG : Table    One | 086.900
2016-11-16 15:52:07 | TEMPLOG : Bio   Filter | 076.100
2016-11-16 15:57:13 | TEMPLOG : Table    One | 086.000
2016-11-16 15:59:14 | TEMPLOG : Bio   Filter | 075.200
2016-11-16 16:00:15 | TEMPLOG : WellhouseOne | 075.200
2016-11-16 16:00:16 | TEMPLOG : Bio   Filter | 075.200
2016-11-16 16:00:16 | TEMPLOG : Table    One | 085.100
2016-11-16 16:01:18 | TEMPLOG : WellhouseOne | 076.100
2016-11-16 16:03:22 | TEMPLOG : Table    One | 084.200
2016-11-16 16:04:22 | TEMPLOG : WellhouseOne | 075.200
2016-11-16 16:05:23 | TEMPLOG : WellhouseOne | 076.100
2016-11-16 16:06:25 | TEMPLOG : WellhouseOne | 075.200
2016-11-16 16:06:26 | TEMPLOG : Bio   Filter | 074.300
2016-11-16 16:06:26 | TEMPLOG : Table    One | 083.300
2016-11-16 16:08:27 | TEMPLOG : Table    One | 082.400
2016-11-16 16:10:31 | TEMPLOG : Table    One | 081.500
2016-11-16 16:12:32 | TEMPLOG : Table    One | 080.600
2016-11-16 16:13:32 | TEMPLOG : Bio   Filter | 073.400
2016-11-16 16:14:33 | TEMPLOG : Table    One | 079.700
2016-11-16 16:16:36 | TEMPLOG : Table    One | 078.800
2016-11-16 16:17:36 | TEMPLOG : Bio   Filter | 072.500
2016-11-16 16:17:37 | TEMPLOG : Table    One | 077.900
2016-11-16 16:18:37 | TEMPLOG : Table    One | 077.000
2016-11-16 16:19:38 | TEMPLOG : Table    One | 076.100
2016-11-16 16:20:38 | TEMPLOG : Bio   Filter | 071.600
2016-11-16 16:23:42 | TEMPLOG : Table    One | 075.200
2016-11-16 16:24:42 | TEMPLOG : Bio   Filter | 070.700
2016-11-16 16:24:43 | TEMPLOG : Table    One | 074.300
2016-11-16 16:25:44 | TEMPLOG : Table    One | 073.400
2016-11-16 16:26:44 | TEMPLOG : WellhouseOne | 074.300
2016-11-16 16:26:45 | TEMPLOG : Table    One | 072.500
2016-11-16 16:27:45 | TEMPLOG : Bio   Filter | 069.800
2016-11-16 16:27:46 | TEMPLOG : Table    One | 071.600
2016-11-16 16:28:47 | TEMPLOG : Table    One | 070.700
2016-11-16 16:29:47 | TEMPLOG : Bio   Filter | 068.900
2016-11-16 16:29:47 | TEMPLOG : Table    One | 069.800
2016-11-16 16:30:49 | TEMPLOG : Table    One | 068.900
2016-11-16 16:32:50 | TEMPLOG : Bio   Filter | 068.000
2016-11-16 16:32:51 | TEMPLOG : Table    One | 068.000
2016-11-16 16:34:52 | TEMPLOG : Table    One | 067.100
2016-11-16 16:35:53 | TEMPLOG : Bio   Filter | 067.100
2016-11-16 16:37:55 | TEMPLOG : Table    One | 066.200
2016-11-16 16:38:55 | TEMPLOG : WellhouseOne | 073.400
2016-11-16 16:38:55 | TEMPLOG : Bio   Filter | 066.200
2016-11-16 16:41:59 | TEMPLOG : Table    One | 065.300
2016-11-16 16:44:00 | TEMPLOG : Bio   Filter | 065.300
2016-11-16 16:46:02 | TEMPLOG : WellhouseOne | 072.500
2016-11-16 16:46:02 | TEMPLOG : Table    One | 064.400
2016-11-16 16:50:05 | TEMPLOG : Bio   Filter | 064.400
2016-11-16 16:51:06 | TEMPLOG : Table    One | 063.500
2016-11-16 16:55:10 | TEMPLOG : WellhouseOne | 071.600
2016-11-16 16:59:14 | TEMPLOG : Table    One | 062.600
2016-11-16 17:00:14 | TEMPLOG : WellhouseOne | 070.700
2016-11-16 17:00:14 | TEMPLOG : Bio   Filter | 063.500
2016-11-16 17:00:14 | TEMPLOG : Table    One | 062.600
2016-11-16 17:05:20 | TEMPLOG : Table    One | 061.700
2016-11-16 17:07:22 | TEMPLOG : Bio   Filter | 062.600
2016-11-16 17:10:25 | TEMPLOG : WellhouseOne | 069.800
2016-11-16 17:11:25 | TEMPLOG : WellhouseOne | 070.700
2016-11-16 17:12:26 | TEMPLOG : WellhouseOne | 069.800
2016-11-16 17:12:27 | TEMPLOG : Table    One | 060.800
2016-11-16 17:18:32 | TEMPLOG : Bio   Filter | 061.700
2016-11-16 17:23:35 | TEMPLOG : WellhouseOne | 068.900
2016-11-16 17:25:36 | TEMPLOG : WellhouseOne | 069.800
2016-11-16 17:26:37 | TEMPLOG : WellhouseOne | 068.900
2016-11-16 17:28:39 | TEMPLOG : WellhouseOne | 068.000
2016-11-16 17:29:40 | TEMPLOG : Table    One | 061.700
2016-11-16 17:30:41 | TEMPLOG : Table    One | 060.800
2016-11-16 17:33:43 | TEMPLOG : WellhouseOne | 068.900
2016-11-16 17:38:50 | TEMPLOG : WellhouseOne | 068.000
2016-11-16 17:38:51 | TEMPLOG : Table    One | 061.700
2016-11-16 17:39:51 | TEMPLOG : WellhouseOne | 068.900
2016-11-16 17:43:56 | TEMPLOG : Bio   Filter | 062.600
2016-11-16 17:54:06 | TEMPLOG : Table    One | 060.800
2016-11-16 17:55:06 | TEMPLOG : Bio   Filter | 061.700
2016-11-16 18:00:11 | TEMPLOG : WellhouseOne | 068.900
2016-11-16 18:00:11 | TEMPLOG : Bio   Filter | 061.700
2016-11-16 18:00:12 | TEMPLOG : Table    One | 060.800
2016-11-16 18:02:13 | TEMPLOG : Table    One | 059.900
2016-11-16 18:07:17 | TEMPLOG : Bio   Filter | 060.800
2016-11-16 18:10:20 | TEMPLOG : WellhouseOne | 068.000
2016-11-16 18:13:24 | TEMPLOG : Bio   Filter | 061.700
2016-11-16 18:13:24 | TEMPLOG : Table    One | 060.800
2016-11-16 18:32:44 | TEMPLOG : Table    One | 059.900
2016-11-16 18:33:46 | TEMPLOG : Table    One | 060.800
2016-11-16 18:36:48 | TEMPLOG : WellhouseOne | 067.100
2016-11-16 18:36:48 | TEMPLOG : Table    One | 059.900
2016-11-16 18:37:49 | TEMPLOG : WellhouseOne | 068.000
2016-11-16 18:39:52 | TEMPLOG : WellhouseOne | 067.100
2016-11-16 18:39:52 | TEMPLOG : Bio   Filter | 060.800
2016-11-16 18:40:53 | TEMPLOG : Bio   Filter | 061.700
2016-11-16 18:41:54 | TEMPLOG : Bio   Filter | 060.800
2016-11-16 18:52:04 | TEMPLOG : Table    One | 059.000
2016-11-16 19:00:11 | TEMPLOG : WellhouseOne | 067.100
2016-11-16 19:00:11 | TEMPLOG : Bio   Filter | 060.800
2016-11-16 19:00:12 | TEMPLOG : Table    One | 059.000
2016-11-16 19:03:14 | TEMPLOG : WellhouseOne | 066.200
2016-11-16 19:05:16 | TEMPLOG : Bio   Filter | 059.900
2016-11-16 19:06:17 | TEMPLOG : WellhouseOne | 065.300
2016-11-16 19:10:22 | TEMPLOG : Table    One | 058.100
2016-11-16 19:11:22 | TEMPLOG : WellhouseOne | 064.400
2016-11-16 19:16:26 | TEMPLOG : WellhouseOne | 063.500
2016-11-16 19:20:29 | TEMPLOG : Table    One | 057.200
2016-11-16 19:22:31 | TEMPLOG : Bio   Filter | 059.000
2016-11-16 19:25:33 | TEMPLOG : WellhouseOne | 062.600
2016-11-16 19:29:35 | TEMPLOG : WellhouseOne | 061.700
2016-11-16 19:29:36 | TEMPLOG : Table    One | 056.300
2016-11-16 19:35:45 | TEMPLOG : Bio   Filter | 058.100
2016-11-16 19:36:45 | TEMPLOG : WellhouseOne | 060.800
2016-11-16 19:36:45 | TEMPLOG : Bio   Filter | 059.000
2016-11-16 19:37:47 | TEMPLOG : Bio   Filter | 058.100
2016-11-16 19:38:48 | TEMPLOG : Table    One | 055.400
2016-11-16 19:44:52 | TEMPLOG : WellhouseOne | 059.900
2016-11-16 19:47:55 | TEMPLOG : Table    One | 054.500
2016-11-16 19:51:58 | TEMPLOG : Bio   Filter | 057.200
2016-11-16 19:57:03 | TEMPLOG : WellhouseOne | 059.000
2016-11-16 19:59:06 | TEMPLOG : Table    One | 053.600
2016-11-16 20:00:06 | TEMPLOG : WellhouseOne | 059.000
2016-11-16 20:00:06 | TEMPLOG : Bio   Filter | 056.300
2016-11-16 20:00:06 | TEMPLOG : Table    One | 053.600
2016-11-16 20:05:13 | TEMPLOG : Table    One | 054.500
2016-11-16 20:06:14 | TEMPLOG : Table    One | 053.600
2016-11-16 20:07:15 | TEMPLOG : Bio   Filter | 055.400
2016-11-16 20:08:16 | TEMPLOG : Bio   Filter | 056.300
2016-11-16 20:09:16 | TEMPLOG : Bio   Filter | 055.400
2016-11-16 20:13:19 | TEMPLOG : WellhouseOne | 058.100
2016-11-16 20:14:21 | TEMPLOG : WellhouseOne | 059.000
2016-11-16 20:15:22 | TEMPLOG : WellhouseOne | 058.100
2016-11-16 20:18:25 | TEMPLOG : Table    One | 052.700
2016-11-16 20:19:27 | TEMPLOG : Table    One | 053.600
2016-11-16 20:21:29 | TEMPLOG : WellhouseOne | 057.200
2016-11-16 20:21:30 | TEMPLOG : Table    One | 052.700
2016-11-16 20:31:40 | TEMPLOG : WellhouseOne | 056.300
2016-11-16 20:31:41 | TEMPLOG : Table    One | 051.800
2016-11-16 20:35:43 | TEMPLOG : Bio   Filter | 054.500
2016-11-16 20:38:47 | TEMPLOG : Table    One | 052.700
2016-11-16 20:44:53 | TEMPLOG : WellhouseOne | 055.400
2016-11-16 20:45:54 | TEMPLOG : Table    One | 051.800
2016-11-16 21:00:09 | TEMPLOG : WellhouseOne | 054.500
2016-11-16 21:00:09 | TEMPLOG : Bio   Filter | 054.500
2016-11-16 21:00:10 | TEMPLOG : Table    One | 051.800
2016-11-16 21:05:16 | TEMPLOG : Bio   Filter | 053.600
2016-11-16 21:05:16 | TEMPLOG : Table    One | 050.900
2016-11-16 21:07:18 | TEMPLOG : Table    One | 051.800
2016-11-16 21:08:19 | TEMPLOG : Table    One | 050.900
2016-11-16 21:15:25 | TEMPLOG : WellhouseOne | 053.600
2016-11-16 21:15:27 | TEMPLOG : To   GeoLoop | 061.700
2016-11-16 21:24:36 | TEMPLOG : Table    One | 050.000
2016-11-16 21:26:38 | TEMPLOG : Table    One | 050.900
2016-11-16 21:27:38 | TEMPLOG : Table    One | 050.000
2016-11-16 21:30:40 | TEMPLOG : WellhouseOne | 052.700
2016-11-16 21:30:40 | TEMPLOG : Bio   Filter | 052.700
2016-11-16 21:30:40 | TEMPLOG : To   GeoLoop | 060.800
2016-11-16 21:31:41 | TEMPLOG : Bio   Filter | 053.600
2016-11-16 21:34:44 | TEMPLOG : Bio   Filter | 052.700
2016-11-16 21:46:56 | TEMPLOG : WellhouseOne | 051.800
2016-11-16 21:48:58 | TEMPLOG : WellhouseOne | 052.700
2016-11-16 21:48:58 | TEMPLOG : Table    One | 049.100
2016-11-16 21:49:59 | TEMPLOG : WellhouseOne | 051.800
2016-11-16 21:55:06 | TEMPLOG : Bio   Filter | 051.800
2016-11-16 21:57:08 | TEMPLOG : Bio   Filter | 052.700
2016-11-16 21:58:09 | TEMPLOG : Bio   Filter | 051.800
2016-11-16 22:00:11 | TEMPLOG : WellhouseOne | 051.800
2016-11-16 22:00:11 | TEMPLOG : Bio   Filter | 051.800
2016-11-16 22:00:12 | TEMPLOG : Table    One | 049.100
2016-11-16 22:07:22 | TEMPLOG : Table    One | 048.200
2016-11-16 22:08:22 | TEMPLOG : WellhouseOne | 050.900
2016-11-16 22:08:23 | TEMPLOG : Table    One | 049.100
2016-11-16 22:09:23 | TEMPLOG : WellhouseOne | 051.800
2016-11-16 22:09:23 | TEMPLOG : Table    One | 048.200
2016-11-16 22:10:24 | TEMPLOG : WellhouseOne | 050.900
2016-11-16 22:11:25 | TEMPLOG : WellhouseOne | 051.800
2016-11-16 22:13:28 | TEMPLOG : WellhouseOne | 050.900
2016-11-16 22:14:29 | TEMPLOG : To   GeoLoop | 059.900
2016-11-16 22:20:36 | TEMPLOG : Bio   Filter | 050.900
2016-11-16 22:25:42 | TEMPLOG : Table    One | 047.300
2016-11-16 22:26:43 | TEMPLOG : Table    One | 048.200
2016-11-16 22:28:46 | TEMPLOG : Table    One | 047.300
2016-11-16 22:30:49 | TEMPLOG : Table    One | 048.200
2016-11-16 22:31:49 | TEMPLOG : Table    One | 047.300
2016-11-16 22:32:50 | TEMPLOG : WellhouseOne | 050.000
2016-11-16 22:39:59 | TEMPLOG : Bio   Filter | 050.000
2016-11-16 22:41:00 | TEMPLOG : Bio   Filter | 050.900
2016-11-16 22:42:01 | TEMPLOG : Bio   Filter | 050.000
2016-11-16 22:43:02 | TEMPLOG : WellhouseOne | 049.100
2016-11-16 22:46:05 | TEMPLOG : To   GeoLoop | 059.000
2016-11-16 22:53:15 | TEMPLOG : Table    One | 046.400
2016-11-16 22:54:17 | TEMPLOG : Table    One | 047.300
2016-11-16 22:55:18 | TEMPLOG : Table    One | 046.400
2016-11-16 22:56:20 | TEMPLOG : Table    One | 047.300
2016-11-16 22:59:22 | TEMPLOG : WellhouseOne | 048.200
2016-11-16 22:59:23 | TEMPLOG : Table    One | 046.400
2016-11-16 23:00:24 | TEMPLOG : WellhouseOne | 048.200
2016-11-16 23:00:25 | TEMPLOG : Bio   Filter | 050.000
2016-11-16 23:00:25 | TEMPLOG : To   GeoLoop | 059.000
2016-11-16 23:00:25 | TEMPLOG : Table    One | 046.400
2016-11-16 23:01:25 | TEMPLOG : Bio   Filter | 049.100
2016-11-16 23:02:26 | TEMPLOG : Bio   Filter | 050.000
2016-11-16 23:10:37 | TEMPLOG : Bio   Filter | 049.100
2016-11-16 23:11:39 | TEMPLOG : Bio   Filter | 050.000
2016-11-16 23:12:41 | TEMPLOG : Bio   Filter | 049.100
2016-11-16 23:13:42 | TEMPLOG : Bio   Filter | 050.000
2016-11-16 23:14:43 | TEMPLOG : Bio   Filter | 049.100
2016-11-16 23:18:48 | TEMPLOG : Bio   Filter | 050.000
2016-11-16 23:19:49 | TEMPLOG : Bio   Filter | 049.100
2016-11-16 23:22:53 | TEMPLOG : WellhouseOne | 047.300
2016-11-16 23:23:54 | TEMPLOG : WellhouseOne | 048.200
2016-11-16 23:27:58 | TEMPLOG : WellhouseOne | 047.300
2016-11-16 23:28:59 | TEMPLOG : WellhouseOne | 048.200
2016-11-16 23:29:59 | TEMPLOG : WellhouseOne | 047.300
2016-11-16 23:38:07 | TEMPLOG : To   GeoLoop | 058.100
2016-11-16 23:39:08 | TEMPLOG : To   GeoLoop | 059.000
2016-11-16 23:41:10 | TEMPLOG : To   GeoLoop | 058.100
2016-11-16 23:42:11 | TEMPLOG : To   GeoLoop | 059.000
2016-11-16 23:43:13 | TEMPLOG : To   GeoLoop | 058.100
2016-11-16 23:44:15 | TEMPLOG : To   GeoLoop | 059.000
2016-11-16 23:45:15 | TEMPLOG : To   GeoLoop | 058.100
2016-11-16 23:52:24 | TEMPLOG : Table    One | 045.500
2016-11-16 23:56:29 | TEMPLOG : WellhouseOne | 046.400
2016-11-16 23:57:31 | TEMPLOG : WellhouseOne | 047.300
2016-11-16 23:57:32 | TEMPLOG : Table    One | 046.400
