2016-12-06 00:00:14 | TEMPLOG : WellhouseOne | 034.700
2016-12-06 00:00:14 | TEMPLOG : Bio   Filter | 027.500
2016-12-06 00:00:15 | TEMPLOG : To   GeoLoop | 042.800
2016-12-06 00:00:16 | TEMPLOG : Table    One | 027.500
2016-12-06 00:05:22 | TEMPLOG : WellhouseOne | 033.800
2016-12-06 00:06:23 | TEMPLOG : WellhouseOne | 034.700
2016-12-06 00:08:25 | TEMPLOG : WellhouseOne | 033.800
2016-12-06 00:09:26 | TEMPLOG : WellhouseOne | 034.700
2016-12-06 00:22:44 | TEMPLOG : WellhouseOne | 035.600
2016-12-06 00:23:45 | TEMPLOG : WellhouseOne | 034.700
2016-12-06 00:33:57 | TEMPLOG : Table    One | 026.600
2016-12-06 00:35:59 | TEMPLOG : WellhouseOne | 033.800
2016-12-06 00:36:00 | TEMPLOG : To   GeoLoop | 041.900
2016-12-06 00:39:03 | TEMPLOG : To   GeoLoop | 042.800
2016-12-06 00:40:04 | TEMPLOG : WellhouseOne | 032.900
2016-12-06 00:40:05 | TEMPLOG : To   GeoLoop | 041.900
2016-12-06 00:42:07 | TEMPLOG : WellhouseOne | 033.800
2016-12-06 00:44:10 | TEMPLOG : To   GeoLoop | 042.800
2016-12-06 00:44:10 | TEMPLOG : Table    One | 027.500
2016-12-06 00:47:14 | TEMPLOG : WellhouseOne | 034.700
2016-12-06 00:50:18 | TEMPLOG : WellhouseOne | 033.800
2016-12-06 00:51:19 | TEMPLOG : To   GeoLoop | 041.900
2016-12-06 00:52:21 | TEMPLOG : To   GeoLoop | 042.800
2016-12-06 00:53:22 | TEMPLOG : To   GeoLoop | 041.900
2016-12-06 00:56:24 | TEMPLOG : WellhouseOne | 032.900
2016-12-06 00:56:25 | TEMPLOG : To   GeoLoop | 042.800
2016-12-06 00:58:28 | TEMPLOG : To   GeoLoop | 041.900
2016-12-06 00:59:30 | TEMPLOG : To   GeoLoop | 042.800
2016-12-06 01:00:31 | TEMPLOG : WellhouseOne | 032.900
2016-12-06 01:00:31 | TEMPLOG : Bio   Filter | 027.500
2016-12-06 01:00:31 | TEMPLOG : To   GeoLoop | 041.900
2016-12-06 01:00:31 | TEMPLOG : Table    One | 027.500
2016-12-06 01:11:43 | TEMPLOG : WellhouseOne | 031.100
2016-12-06 01:22:57 | TEMPLOG : WellhouseOne | 032.900
2016-12-06 01:26:01 | TEMPLOG : Table    One | 026.600
2016-12-06 01:27:02 | TEMPLOG : Table    One | 027.500
2016-12-06 01:54:32 | TEMPLOG : Table    One | 026.600
2016-12-06 01:56:34 | TEMPLOG : WellhouseOne | 033.800
2016-12-06 01:56:34 | TEMPLOG : Bio   Filter | 026.600
2016-12-06 02:00:39 | TEMPLOG : WellhouseOne | 033.800
2016-12-06 02:00:39 | TEMPLOG : Bio   Filter | 026.600
2016-12-06 02:00:40 | TEMPLOG : To   GeoLoop | 041.900
2016-12-06 02:00:41 | TEMPLOG : Table    One | 026.600
2016-12-06 02:06:49 | TEMPLOG : To   GeoLoop | 041.000
2016-12-06 02:10:53 | TEMPLOG : Table    One | 025.700
2016-12-06 02:17:02 | TEMPLOG : Bio   Filter | 025.700
2016-12-06 02:18:04 | TEMPLOG : Bio   Filter | 026.600
2016-12-06 02:19:05 | TEMPLOG : Bio   Filter | 025.700
2016-12-06 02:26:13 | TEMPLOG : WellhouseOne | 032.900
2016-12-06 02:28:15 | TEMPLOG : Table    One | 024.800
2016-12-06 02:34:23 | TEMPLOG : WellhouseOne | 031.100
2016-12-06 02:37:27 | TEMPLOG : WellhouseOne | 030.200
2016-12-06 02:42:32 | TEMPLOG : WellhouseOne | 029.300
2016-12-06 02:44:35 | TEMPLOG : Bio   Filter | 024.800
2016-12-06 02:45:37 | TEMPLOG : To   GeoLoop | 040.100
2016-12-06 02:47:38 | TEMPLOG : WellhouseOne | 030.200
2016-12-06 02:49:42 | TEMPLOG : To   GeoLoop | 041.000
2016-12-06 02:50:44 | TEMPLOG : To   GeoLoop | 040.100
2016-12-06 02:55:52 | TEMPLOG : Table    One | 023.900
2016-12-06 02:58:57 | TEMPLOG : WellhouseOne | 031.100
2016-12-06 03:00:00 | TEMPLOG : Bio   Filter | 024.800
2016-12-06 03:00:00 | TEMPLOG : To   GeoLoop | 040.100
2016-12-06 03:00:00 | TEMPLOG : Table    One | 023.900
2016-12-06 03:10:14 | TEMPLOG : Table    One | 024.800
2016-12-06 03:11:15 | TEMPLOG : Table    One | 023.900
2016-12-06 03:17:23 | TEMPLOG : WellhouseOne | 030.200
2016-12-06 03:18:24 | TEMPLOG : WellhouseOne | 031.100
2016-12-06 03:21:29 | TEMPLOG : WellhouseOne | 030.200
2016-12-06 03:27:35 | TEMPLOG : WellhouseOne | 031.100
2016-12-06 03:33:42 | TEMPLOG : WellhouseOne | 030.200
2016-12-06 03:34:44 | TEMPLOG : Bio   Filter | 023.900
2016-12-06 03:35:45 | TEMPLOG : Bio   Filter | 024.800
2016-12-06 03:37:47 | TEMPLOG : Bio   Filter | 023.900
2016-12-06 03:38:49 | TEMPLOG : WellhouseOne | 031.100
2016-12-06 03:38:49 | TEMPLOG : Bio   Filter | 024.800
2016-12-06 03:39:50 | TEMPLOG : Bio   Filter | 023.900
2016-12-06 03:41:52 | TEMPLOG : WellhouseOne | 030.200
2016-12-06 03:44:54 | TEMPLOG : WellhouseOne | 031.100
2016-12-06 03:45:55 | TEMPLOG : WellhouseOne | 030.200
2016-12-06 03:45:55 | TEMPLOG : Bio   Filter | 024.800
2016-12-06 03:46:56 | TEMPLOG : WellhouseOne | 031.100
2016-12-06 03:46:56 | TEMPLOG : Bio   Filter | 023.900
2016-12-06 03:47:59 | TEMPLOG : Bio   Filter | 024.800
2016-12-06 03:47:59 | TEMPLOG : To   GeoLoop | 039.200
2016-12-06 03:49:02 | TEMPLOG : To   GeoLoop | 040.100
2016-12-06 03:52:05 | TEMPLOG : WellhouseOne | 030.200
2016-12-06 03:53:07 | TEMPLOG : To   GeoLoop | 039.200
2016-12-06 03:55:09 | TEMPLOG : To   GeoLoop | 040.100
2016-12-06 03:57:12 | TEMPLOG : To   GeoLoop | 039.200
2016-12-06 03:59:14 | TEMPLOG : Bio   Filter | 023.900
2016-12-06 03:59:14 | TEMPLOG : To   GeoLoop | 040.100
2016-12-06 04:00:15 | TEMPLOG : WellhouseOne | 030.200
2016-12-06 04:00:15 | TEMPLOG : Bio   Filter | 024.800
2016-12-06 04:00:15 | TEMPLOG : To   GeoLoop | 039.200
2016-12-06 04:00:16 | TEMPLOG : Table    One | 023.900
2016-12-06 04:01:16 | TEMPLOG : Bio   Filter | 023.900
2016-12-06 04:03:18 | TEMPLOG : WellhouseOne | 031.100
2016-12-06 04:07:22 | TEMPLOG : Bio   Filter | 024.800
2016-12-06 04:10:26 | TEMPLOG : WellhouseOne | 030.200
2016-12-06 04:11:27 | TEMPLOG : Bio   Filter | 023.900
2016-12-06 04:13:30 | TEMPLOG : WellhouseOne | 031.100
2016-12-06 04:13:31 | TEMPLOG : Table    One | 023.000
2016-12-06 04:14:31 | TEMPLOG : WellhouseOne | 030.200
2016-12-06 04:14:32 | TEMPLOG : Table    One | 023.900
2016-12-06 04:15:33 | TEMPLOG : Table    One | 023.000
2016-12-06 04:17:35 | TEMPLOG : WellhouseOne | 031.100
2016-12-06 04:19:38 | TEMPLOG : WellhouseOne | 030.200
2016-12-06 04:20:40 | TEMPLOG : WellhouseOne | 031.100
2016-12-06 04:23:44 | TEMPLOG : WellhouseOne | 030.200
2016-12-06 04:31:53 | TEMPLOG : WellhouseOne | 029.300
2016-12-06 04:32:54 | TEMPLOG : WellhouseOne | 030.200
2016-12-06 04:46:07 | TEMPLOG : WellhouseOne | 029.300
2016-12-06 04:58:23 | TEMPLOG : WellhouseOne | 028.400
2016-12-06 05:00:25 | TEMPLOG : WellhouseOne | 028.400
2016-12-06 05:00:25 | TEMPLOG : Bio   Filter | 023.000
2016-12-06 05:00:26 | TEMPLOG : To   GeoLoop | 039.200
2016-12-06 05:00:26 | TEMPLOG : Table    One | 023.000
2016-12-06 05:04:32 | TEMPLOG : WellhouseOne | 029.300
2016-12-06 05:07:35 | TEMPLOG : WellhouseOne | 028.400
2016-12-06 05:08:37 | TEMPLOG : WellhouseOne | 029.300
2016-12-06 05:09:39 | TEMPLOG : Bio   Filter | 023.900
2016-12-06 05:10:40 | TEMPLOG : Bio   Filter | 023.000
2016-12-06 05:14:47 | TEMPLOG : WellhouseOne | 028.400
2016-12-06 05:16:50 | TEMPLOG : WellhouseOne | 029.300
2016-12-06 05:17:51 | TEMPLOG : WellhouseOne | 028.400
2016-12-06 05:21:57 | TEMPLOG : To   GeoLoop | 038.300
2016-12-06 05:31:06 | TEMPLOG : WellhouseOne | 029.300
2016-12-06 05:32:07 | TEMPLOG : WellhouseOne | 030.200
2016-12-06 05:33:08 | TEMPLOG : WellhouseOne | 029.300
2016-12-06 05:44:22 | TEMPLOG : WellhouseOne | 028.400
2016-12-06 05:45:25 | TEMPLOG : WellhouseOne | 029.300
2016-12-06 05:46:25 | TEMPLOG : WellhouseOne | 028.400
2016-12-06 05:48:28 | TEMPLOG : WellhouseOne | 029.300
2016-12-06 05:49:29 | TEMPLOG : WellhouseOne | 028.400
2016-12-06 05:50:32 | TEMPLOG : Table    One | 022.100
2016-12-06 05:51:33 | TEMPLOG : Table    One | 023.000
2016-12-06 05:55:37 | TEMPLOG : Bio   Filter | 023.900
2016-12-06 05:55:38 | TEMPLOG : Table    One | 022.100
2016-12-06 05:56:39 | TEMPLOG : Bio   Filter | 023.000
2016-12-06 05:58:43 | TEMPLOG : Table    One | 023.000
2016-12-06 06:00:44 | TEMPLOG : WellhouseOne | 028.400
2016-12-06 06:00:45 | TEMPLOG : Bio   Filter | 023.000
2016-12-06 06:00:45 | TEMPLOG : To   GeoLoop | 038.300
2016-12-06 06:00:45 | TEMPLOG : Table    One | 023.000
2016-12-06 06:01:46 | TEMPLOG : Bio   Filter | 023.900
2016-12-06 06:03:49 | TEMPLOG : Bio   Filter | 023.000
2016-12-06 06:09:57 | TEMPLOG : WellhouseOne | 029.300
2016-12-06 06:15:03 | TEMPLOG : Table    One | 022.100
2016-12-06 06:16:03 | TEMPLOG : WellhouseOne | 028.400
2016-12-06 06:16:04 | TEMPLOG : Table    One | 023.000
2016-12-06 06:19:09 | TEMPLOG : Table    One | 022.100
2016-12-06 06:25:15 | TEMPLOG : Table    One | 023.000
2016-12-06 06:26:17 | TEMPLOG : Table    One | 022.100
2016-12-06 06:28:19 | TEMPLOG : Table    One | 023.000
2016-12-06 06:29:21 | TEMPLOG : Table    One | 022.100
2016-12-06 06:31:23 | TEMPLOG : Table    One | 023.000
2016-12-06 06:33:25 | TEMPLOG : Table    One | 022.100
2016-12-06 06:34:25 | TEMPLOG : WellhouseOne | 027.500
2016-12-06 06:35:26 | TEMPLOG : WellhouseOne | 028.400
2016-12-06 06:41:33 | TEMPLOG : Table    One | 023.000
2016-12-06 06:47:41 | TEMPLOG : Table    One | 022.100
2016-12-06 06:51:48 | TEMPLOG : Table    One | 023.000
2016-12-06 06:54:53 | TEMPLOG : Table    One | 022.100
2016-12-06 06:55:54 | TEMPLOG : Table    One | 023.000
2016-12-06 06:57:57 | TEMPLOG : Table    One | 022.100
2016-12-06 06:58:59 | TEMPLOG : Table    One | 023.000
2016-12-06 06:59:59 | TEMPLOG : WellhouseOne | 029.300
2016-12-06 07:00:00 | TEMPLOG : Bio   Filter | 023.000
2016-12-06 07:00:01 | TEMPLOG : To   GeoLoop | 037.400
2016-12-06 07:00:01 | TEMPLOG : Table    One | 023.000
2016-12-06 07:01:01 | TEMPLOG : WellhouseOne | 030.200
2016-12-06 07:01:02 | TEMPLOG : To   GeoLoop | 038.300
2016-12-06 07:02:02 | TEMPLOG : To   GeoLoop | 037.400
2016-12-06 07:03:03 | TEMPLOG : WellhouseOne | 031.100
2016-12-06 07:03:03 | TEMPLOG : To   GeoLoop | 038.300
2016-12-06 07:08:10 | TEMPLOG : WellhouseOne | 030.200
2016-12-06 07:08:11 | TEMPLOG : To   GeoLoop | 037.400
2016-12-06 07:09:11 | TEMPLOG : WellhouseOne | 031.100
2016-12-06 07:12:17 | TEMPLOG : To   GeoLoop | 038.300
2016-12-06 07:14:19 | TEMPLOG : To   GeoLoop | 037.400
2016-12-06 07:15:19 | TEMPLOG : WellhouseOne | 030.200
2016-12-06 07:15:20 | TEMPLOG : To   GeoLoop | 038.300
2016-12-06 07:16:21 | TEMPLOG : To   GeoLoop | 037.400
2016-12-06 07:17:21 | TEMPLOG : WellhouseOne | 029.300
2016-12-06 07:17:21 | TEMPLOG : Bio   Filter | 023.900
2016-12-06 07:17:22 | TEMPLOG : To   GeoLoop | 038.300
2016-12-06 07:18:22 | TEMPLOG : WellhouseOne | 030.200
2016-12-06 07:19:24 | TEMPLOG : Table    One | 023.900
2016-12-06 07:24:29 | TEMPLOG : WellhouseOne | 031.100
2016-12-06 07:24:30 | TEMPLOG : Bio   Filter | 024.800
2016-12-06 07:24:30 | TEMPLOG : Table    One | 024.800
2016-12-06 07:28:36 | TEMPLOG : Table    One | 025.700
2016-12-06 07:29:38 | TEMPLOG : Bio   Filter | 025.700
2016-12-06 07:32:42 | TEMPLOG : Table    One | 026.600
2016-12-06 07:33:42 | TEMPLOG : Bio   Filter | 026.600
2016-12-06 07:35:45 | TEMPLOG : To   GeoLoop | 039.200
2016-12-06 07:35:46 | TEMPLOG : Table    One | 027.500
2016-12-06 07:37:50 | TEMPLOG : Table    One | 028.400
2016-12-06 07:38:50 | TEMPLOG : WellhouseOne | 032.900
2016-12-06 07:38:51 | TEMPLOG : Bio   Filter | 027.500
2016-12-06 07:40:55 | TEMPLOG : Table    One | 029.300
2016-12-06 07:41:55 | TEMPLOG : WellhouseOne | 033.800
2016-12-06 07:41:56 | TEMPLOG : Table    One | 030.200
2016-12-06 07:42:57 | TEMPLOG : WellhouseOne | 032.900
2016-12-06 07:43:58 | TEMPLOG : WellhouseOne | 033.800
2016-12-06 07:43:58 | TEMPLOG : Table    One | 031.100
2016-12-06 07:44:59 | TEMPLOG : Bio   Filter | 028.400
2016-12-06 07:48:03 | TEMPLOG : WellhouseOne | 034.700
2016-12-06 07:50:05 | TEMPLOG : WellhouseOne | 035.600
2016-12-06 07:50:06 | TEMPLOG : Table    One | 032.900
2016-12-06 07:51:07 | TEMPLOG : WellhouseOne | 034.700
2016-12-06 07:51:07 | TEMPLOG : Bio   Filter | 029.300
2016-12-06 07:53:09 | TEMPLOG : Table    One | 033.800
2016-12-06 07:54:09 | TEMPLOG : WellhouseOne | 035.600
2016-12-06 07:55:11 | TEMPLOG : WellhouseOne | 034.700
2016-12-06 07:55:12 | TEMPLOG : To   GeoLoop | 040.100
2016-12-06 07:55:12 | TEMPLOG : Table    One | 034.700
2016-12-06 07:57:13 | TEMPLOG : Bio   Filter | 030.200
2016-12-06 07:57:14 | TEMPLOG : Table    One | 035.600
2016-12-06 07:59:16 | TEMPLOG : Table    One | 036.500
2016-12-06 08:00:16 | TEMPLOG : WellhouseOne | 034.700
2016-12-06 08:00:17 | TEMPLOG : Bio   Filter | 030.200
2016-12-06 08:00:17 | TEMPLOG : To   GeoLoop | 040.100
2016-12-06 08:00:17 | TEMPLOG : Table    One | 036.500
2016-12-06 08:01:18 | TEMPLOG : Bio   Filter | 031.100
2016-12-06 08:01:19 | TEMPLOG : Table    One | 037.400
2016-12-06 08:04:23 | TEMPLOG : Table    One | 038.300
2016-12-06 08:07:27 | TEMPLOG : WellhouseOne | 035.600
2016-12-06 08:08:28 | TEMPLOG : WellhouseOne | 036.500
2016-12-06 08:10:31 | TEMPLOG : Table    One | 039.200
2016-12-06 08:12:33 | TEMPLOG : Bio   Filter | 032.900
2016-12-06 08:12:33 | TEMPLOG : To   GeoLoop | 041.000
2016-12-06 08:18:39 | TEMPLOG : Bio   Filter | 033.800
2016-12-06 08:18:39 | TEMPLOG : Table    One | 040.100
2016-12-06 08:19:39 | TEMPLOG : WellhouseOne | 035.600
2016-12-06 08:20:40 | TEMPLOG : WellhouseOne | 036.500
2016-12-06 08:21:42 | TEMPLOG : WellhouseOne | 035.600
2016-12-06 08:23:45 | TEMPLOG : WellhouseOne | 036.500
2016-12-06 08:24:47 | TEMPLOG : Bio   Filter | 034.700
2016-12-06 08:26:49 | TEMPLOG : WellhouseOne | 037.400
2016-12-06 08:27:51 | TEMPLOG : Table    One | 039.200
2016-12-06 08:28:52 | TEMPLOG : To   GeoLoop | 041.900
2016-12-06 08:29:53 | TEMPLOG : Table    One | 038.300
2016-12-06 08:30:54 | TEMPLOG : Bio   Filter | 035.600
2016-12-06 08:30:55 | TEMPLOG : Table    One | 037.400
2016-12-06 08:37:02 | TEMPLOG : Bio   Filter | 036.500
2016-12-06 08:38:03 | TEMPLOG : WellhouseOne | 038.300
2016-12-06 08:40:06 | TEMPLOG : Table    One | 036.500
2016-12-06 08:41:07 | TEMPLOG : WellhouseOne | 039.200
2016-12-06 08:42:10 | TEMPLOG : Table    One | 037.400
2016-12-06 08:43:11 | TEMPLOG : Bio   Filter | 037.400
2016-12-06 08:44:12 | TEMPLOG : WellhouseOne | 040.100
2016-12-06 08:44:13 | TEMPLOG : Table    One | 036.500
2016-12-06 08:45:13 | TEMPLOG : WellhouseOne | 041.000
2016-12-06 08:45:15 | TEMPLOG : Table    One | 037.400
2016-12-06 08:46:15 | TEMPLOG : WellhouseOne | 041.900
2016-12-06 08:47:16 | TEMPLOG : WellhouseOne | 041.000
2016-12-06 08:47:17 | TEMPLOG : To   GeoLoop | 042.800
2016-12-06 08:50:20 | TEMPLOG : Bio   Filter | 038.300
2016-12-06 08:54:24 | TEMPLOG : Table    One | 038.300
2016-12-06 08:55:24 | TEMPLOG : WellhouseOne | 041.900
2016-12-06 08:56:25 | TEMPLOG : Bio   Filter | 039.200
2016-12-06 09:00:30 | TEMPLOG : WellhouseOne | 041.900
2016-12-06 09:00:30 | TEMPLOG : Bio   Filter | 039.200
2016-12-06 09:00:30 | TEMPLOG : To   GeoLoop | 042.800
2016-12-06 09:00:31 | TEMPLOG : Table    One | 038.300
2016-12-06 09:01:31 | TEMPLOG : WellhouseOne | 042.800
2016-12-06 09:01:32 | TEMPLOG : Table    One | 039.200
2016-12-06 09:02:33 | TEMPLOG : WellhouseOne | 041.900
2016-12-06 09:03:34 | TEMPLOG : WellhouseOne | 042.800
2016-12-06 09:04:36 | TEMPLOG : Bio   Filter | 040.100
2016-12-06 09:06:38 | TEMPLOG : WellhouseOne | 041.900
2016-12-06 09:08:41 | TEMPLOG : Table    One | 040.100
2016-12-06 09:09:42 | TEMPLOG : To   GeoLoop | 043.700
2016-12-06 09:11:43 | TEMPLOG : WellhouseOne | 041.000
2016-12-06 09:11:43 | TEMPLOG : Bio   Filter | 041.000
2016-12-06 09:11:44 | TEMPLOG : Table    One | 041.000
2016-12-06 09:12:44 | TEMPLOG : WellhouseOne | 041.900
2016-12-06 09:13:46 | TEMPLOG : WellhouseOne | 041.000
2016-12-06 09:13:46 | TEMPLOG : Table    One | 041.900
2016-12-06 09:14:48 | TEMPLOG : Bio   Filter | 041.900
2016-12-06 09:15:49 | TEMPLOG : WellhouseOne | 041.900
2016-12-06 09:16:50 | TEMPLOG : Bio   Filter | 042.800
2016-12-06 09:16:51 | TEMPLOG : Table    One | 042.800
2016-12-06 09:18:53 | TEMPLOG : Bio   Filter | 043.700
2016-12-06 09:19:55 | TEMPLOG : Table    One | 043.700
2016-12-06 09:20:56 | TEMPLOG : WellhouseOne | 041.000
2016-12-06 09:20:56 | TEMPLOG : Bio   Filter | 044.600
2016-12-06 09:22:58 | TEMPLOG : To   GeoLoop | 044.600
2016-12-06 09:23:59 | TEMPLOG : Bio   Filter | 045.500
2016-12-06 09:23:59 | TEMPLOG : Table    One | 044.600
2016-12-06 09:26:02 | TEMPLOG : WellhouseOne | 041.900
2016-12-06 09:26:02 | TEMPLOG : Bio   Filter | 046.400
2016-12-06 09:27:03 | TEMPLOG : WellhouseOne | 041.000
2016-12-06 09:27:03 | TEMPLOG : Bio   Filter | 047.300
2016-12-06 09:28:04 | TEMPLOG : WellhouseOne | 041.900
2016-12-06 09:28:05 | TEMPLOG : Table    One | 045.500
2016-12-06 09:29:05 | TEMPLOG : Bio   Filter | 048.200
2016-12-06 09:31:07 | TEMPLOG : WellhouseOne | 041.000
2016-12-06 09:32:09 | TEMPLOG : Bio   Filter | 049.100
2016-12-06 09:32:11 | TEMPLOG : Table    One | 046.400
2016-12-06 09:33:11 | TEMPLOG : WellhouseOne | 040.100
2016-12-06 09:34:11 | TEMPLOG : WellhouseOne | 041.000
2016-12-06 09:35:13 | TEMPLOG : WellhouseOne | 040.100
2016-12-06 09:35:13 | TEMPLOG : Bio   Filter | 050.000
2016-12-06 09:36:14 | TEMPLOG : WellhouseOne | 041.000
2016-12-06 09:37:15 | TEMPLOG : WellhouseOne | 040.100
2016-12-06 09:38:16 | TEMPLOG : WellhouseOne | 041.000
2016-12-06 09:38:16 | TEMPLOG : To   GeoLoop | 045.500
2016-12-06 09:39:18 | TEMPLOG : To   GeoLoop | 044.600
2016-12-06 09:40:19 | TEMPLOG : WellhouseOne | 041.900
2016-12-06 09:40:19 | TEMPLOG : Table    One | 047.300
2016-12-06 09:41:21 | TEMPLOG : Bio   Filter | 050.900
2016-12-06 09:41:21 | TEMPLOG : To   GeoLoop | 045.500
2016-12-06 09:43:23 | TEMPLOG : WellhouseOne | 042.800
2016-12-06 09:45:25 | TEMPLOG : WellhouseOne | 041.900
2016-12-06 09:45:25 | TEMPLOG : Bio   Filter | 050.000
2016-12-06 09:45:26 | TEMPLOG : Table    One | 048.200
2016-12-06 09:47:27 | TEMPLOG : Bio   Filter | 050.900
2016-12-06 09:47:28 | TEMPLOG : Table    One | 049.100
2016-12-06 09:49:30 | TEMPLOG : Table    One | 050.000
2016-12-06 09:50:31 | TEMPLOG : Bio   Filter | 051.800
2016-12-06 09:51:33 | TEMPLOG : To   GeoLoop | 046.400
2016-12-06 09:51:33 | TEMPLOG : Table    One | 050.900
2016-12-06 09:53:36 | TEMPLOG : Table    One | 051.800
2016-12-06 09:54:36 | TEMPLOG : Bio   Filter | 052.700
2016-12-06 09:55:38 | TEMPLOG : Table    One | 052.700
2016-12-06 09:56:39 | TEMPLOG : Table    One | 053.600
2016-12-06 09:57:40 | TEMPLOG : Table    One | 054.500
2016-12-06 09:58:42 | TEMPLOG : Table    One | 055.400
2016-12-06 09:59:43 | TEMPLOG : Table    One | 056.300
2016-12-06 10:00:43 | TEMPLOG : WellhouseOne | 041.900
2016-12-06 10:00:44 | TEMPLOG : Bio   Filter | 052.700
2016-12-06 10:00:44 | TEMPLOG : To   GeoLoop | 046.400
2016-12-06 10:00:44 | TEMPLOG : Table    One | 058.100
2016-12-06 10:01:44 | TEMPLOG : WellhouseOne | 041.000
2016-12-06 10:01:45 | TEMPLOG : Table    One | 059.000
2016-12-06 10:02:46 | TEMPLOG : Table    One | 059.900
2016-12-06 10:03:47 | TEMPLOG : Bio   Filter | 053.600
2016-12-06 10:03:47 | TEMPLOG : Table    One | 061.700
2016-12-06 10:04:48 | TEMPLOG : To   GeoLoop | 047.300
2016-12-06 10:04:48 | TEMPLOG : Table    One | 062.600
2016-12-06 10:05:51 | TEMPLOG : Table    One | 063.500
2016-12-06 10:06:52 | TEMPLOG : Table    One | 062.600
2016-12-06 10:09:56 | TEMPLOG : Table    One | 063.500
2016-12-06 10:10:56 | TEMPLOG : WellhouseOne | 041.900
2016-12-06 10:10:57 | TEMPLOG : Table    One | 062.600
2016-12-06 10:12:58 | TEMPLOG : WellhouseOne | 043.700
2016-12-06 10:13:59 | TEMPLOG : Bio   Filter | 052.700
2016-12-06 10:14:00 | TEMPLOG : Table    One | 061.700
2016-12-06 10:15:01 | TEMPLOG : WellhouseOne | 042.800
2016-12-06 10:18:04 | TEMPLOG : Bio   Filter | 051.800
2016-12-06 10:19:06 | TEMPLOG : Table    One | 062.600
2016-12-06 10:21:07 | TEMPLOG : WellhouseOne | 041.900
2016-12-06 10:21:08 | TEMPLOG : Table    One | 063.500
2016-12-06 10:22:10 | TEMPLOG : Table    One | 064.400
2016-12-06 10:23:10 | TEMPLOG : WellhouseOne | 042.800
2016-12-06 10:25:12 | TEMPLOG : Bio   Filter | 050.900
2016-12-06 10:27:15 | TEMPLOG : WellhouseOne | 043.700
2016-12-06 10:29:18 | TEMPLOG : Table    One | 065.300
2016-12-06 10:30:19 | TEMPLOG : Table    One | 066.200
2016-12-06 10:31:20 | TEMPLOG : Table    One | 067.100
2016-12-06 10:32:21 | TEMPLOG : To   GeoLoop | 048.200
2016-12-06 10:32:21 | TEMPLOG : Table    One | 068.000
2016-12-06 10:34:23 | TEMPLOG : Table    One | 068.900
2016-12-06 10:35:24 | TEMPLOG : WellhouseOne | 042.800
2016-12-06 10:36:24 | TEMPLOG : WellhouseOne | 043.700
2016-12-06 10:36:24 | TEMPLOG : Bio   Filter | 051.800
2016-12-06 10:36:25 | TEMPLOG : Table    One | 069.800
2016-12-06 10:38:27 | TEMPLOG : Table    One | 070.700
2016-12-06 10:39:28 | TEMPLOG : WellhouseOne | 042.800
2016-12-06 10:40:30 | TEMPLOG : Bio   Filter | 052.700
2016-12-06 10:40:30 | TEMPLOG : Table    One | 071.600
2016-12-06 10:42:33 | TEMPLOG : Bio   Filter | 053.600
2016-12-06 10:42:33 | TEMPLOG : Table    One | 072.500
2016-12-06 10:43:34 | TEMPLOG : WellhouseOne | 043.700
2016-12-06 10:44:35 | TEMPLOG : Bio   Filter | 054.500
2016-12-06 10:44:35 | TEMPLOG : Table    One | 073.400
2016-12-06 10:47:38 | TEMPLOG : Bio   Filter | 055.400
2016-12-06 10:47:39 | TEMPLOG : To   GeoLoop | 047.300
2016-12-06 10:49:42 | TEMPLOG : To   GeoLoop | 048.200
2016-12-06 10:50:43 | TEMPLOG : To   GeoLoop | 047.300
2016-12-06 10:50:43 | TEMPLOG : Table    One | 074.300
2016-12-06 10:51:44 | TEMPLOG : To   GeoLoop | 048.200
2016-12-06 10:52:45 | TEMPLOG : Bio   Filter | 056.300
2016-12-06 10:53:48 | TEMPLOG : Table    One | 075.200
2016-12-06 10:54:49 | TEMPLOG : Bio   Filter | 057.200
2016-12-06 10:55:50 | TEMPLOG : WellhouseOne | 044.600
2016-12-06 10:56:52 | TEMPLOG : Table    One | 076.100
2016-12-06 10:58:53 | TEMPLOG : Bio   Filter | 058.100
2016-12-06 11:00:54 | TEMPLOG : WellhouseOne | 044.600
2016-12-06 11:00:54 | TEMPLOG : Bio   Filter | 058.100
2016-12-06 11:00:55 | TEMPLOG : To   GeoLoop | 048.200
2016-12-06 11:00:55 | TEMPLOG : Table    One | 076.100
2016-12-06 11:01:55 | TEMPLOG : WellhouseOne | 045.500
2016-12-06 11:01:55 | TEMPLOG : Bio   Filter | 059.000
2016-12-06 11:02:56 | TEMPLOG : To   GeoLoop | 049.100
2016-12-06 11:03:56 | TEMPLOG : WellhouseOne | 046.400
2016-12-06 11:03:57 | TEMPLOG : To   GeoLoop | 048.200
2016-12-06 11:04:57 | TEMPLOG : WellhouseOne | 045.500
2016-12-06 11:04:58 | TEMPLOG : Bio   Filter | 059.900
2016-12-06 11:04:58 | TEMPLOG : To   GeoLoop | 049.100
2016-12-06 11:04:58 | TEMPLOG : Table    One | 077.000
2016-12-06 11:09:03 | TEMPLOG : WellhouseOne | 044.600
2016-12-06 11:10:03 | TEMPLOG : WellhouseOne | 045.500
2016-12-06 11:10:04 | TEMPLOG : Bio   Filter | 060.800
2016-12-06 11:11:04 | TEMPLOG : WellhouseOne | 044.600
2016-12-06 11:12:06 | TEMPLOG : WellhouseOne | 045.500
2016-12-06 11:16:10 | TEMPLOG : WellhouseOne | 044.600
2016-12-06 11:20:16 | TEMPLOG : Table    One | 076.100
2016-12-06 11:21:17 | TEMPLOG : Table    One | 075.200
2016-12-06 11:22:17 | TEMPLOG : Bio   Filter | 059.900
2016-12-06 11:22:17 | TEMPLOG : To   GeoLoop | 048.200
2016-12-06 11:22:18 | TEMPLOG : Table    One | 074.300
2016-12-06 11:23:19 | TEMPLOG : Table    One | 073.400
2016-12-06 11:24:20 | TEMPLOG : Bio   Filter | 059.000
2016-12-06 11:25:21 | TEMPLOG : WellhouseOne | 045.500
2016-12-06 11:25:21 | TEMPLOG : Table    One | 074.300
2016-12-06 11:26:21 | TEMPLOG : WellhouseOne | 044.600
2016-12-06 11:27:23 | TEMPLOG : WellhouseOne | 045.500
2016-12-06 11:27:24 | TEMPLOG : To   GeoLoop | 049.100
2016-12-06 11:28:24 | TEMPLOG : WellhouseOne | 046.400
2016-12-06 11:29:27 | TEMPLOG : Table    One | 075.200
2016-12-06 11:30:28 | TEMPLOG : Table    One | 076.100
2016-12-06 11:32:29 | TEMPLOG : WellhouseOne | 045.500
2016-12-06 11:32:30 | TEMPLOG : Table    One | 077.000
2016-12-06 11:33:30 | TEMPLOG : WellhouseOne | 046.400
2016-12-06 11:33:31 | TEMPLOG : Table    One | 076.100
2016-12-06 11:34:31 | TEMPLOG : WellhouseOne | 045.500
2016-12-06 11:34:32 | TEMPLOG : Table    One | 075.200
2016-12-06 11:35:34 | TEMPLOG : Table    One | 076.100
2016-12-06 11:36:34 | TEMPLOG : WellhouseOne | 044.600
2016-12-06 11:36:35 | TEMPLOG : Table    One | 077.000
2016-12-06 11:37:37 | TEMPLOG : Table    One | 078.800
2016-12-06 11:38:37 | TEMPLOG : Bio   Filter | 059.900
2016-12-06 11:38:38 | TEMPLOG : To   GeoLoop | 050.000
2016-12-06 11:40:41 | TEMPLOG : Table    One | 077.900
2016-12-06 11:41:42 | TEMPLOG : Table    One | 076.100
2016-12-06 11:42:43 | TEMPLOG : Table    One | 075.200
2016-12-06 11:45:46 | TEMPLOG : WellhouseOne | 045.500
2016-12-06 11:45:46 | TEMPLOG : To   GeoLoop | 049.100
2016-12-06 11:46:48 | TEMPLOG : Table    One | 074.300
2016-12-06 11:47:49 | TEMPLOG : Bio   Filter | 059.000
2016-12-06 11:49:52 | TEMPLOG : Bio   Filter | 059.900
2016-12-06 11:49:53 | TEMPLOG : Table    One | 076.100
2016-12-06 11:51:55 | TEMPLOG : WellhouseOne | 044.600
2016-12-06 11:51:56 | TEMPLOG : Table    One | 075.200
2016-12-06 11:52:56 | TEMPLOG : WellhouseOne | 045.500
2016-12-06 11:52:57 | TEMPLOG : To   GeoLoop | 050.000
2016-12-06 11:54:59 | TEMPLOG : Table    One | 074.300
2016-12-06 11:56:00 | TEMPLOG : Bio   Filter | 059.000
2016-12-06 11:56:00 | TEMPLOG : Table    One | 073.400
2016-12-06 11:57:00 | TEMPLOG : WellhouseOne | 044.600
2016-12-06 11:57:01 | TEMPLOG : Table    One | 074.300
2016-12-06 12:00:04 | TEMPLOG : WellhouseOne | 045.500
2016-12-06 12:00:04 | TEMPLOG : Bio   Filter | 059.000
2016-12-06 12:00:05 | TEMPLOG : To   GeoLoop | 050.000
2016-12-06 12:00:05 | TEMPLOG : Table    One | 075.200
2016-12-06 12:02:07 | TEMPLOG : Table    One | 074.300
2016-12-06 12:03:07 | TEMPLOG : WellhouseOne | 044.600
2016-12-06 12:03:08 | TEMPLOG : Bio   Filter | 058.100
2016-12-06 12:03:08 | TEMPLOG : Table    One | 073.400
2016-12-06 12:04:10 | TEMPLOG : Table    One | 072.500
2016-12-06 12:08:15 | TEMPLOG : Table    One | 073.400
2016-12-06 12:10:17 | TEMPLOG : WellhouseOne | 045.500
2016-12-06 12:11:18 | TEMPLOG : To   GeoLoop | 050.900
2016-12-06 12:12:19 | TEMPLOG : Table    One | 074.300
2016-12-06 12:14:21 | TEMPLOG : WellhouseOne | 044.600
2016-12-06 12:14:21 | TEMPLOG : Bio   Filter | 059.000
2016-12-06 12:14:22 | TEMPLOG : Table    One | 075.200
2016-12-06 12:15:22 | TEMPLOG : WellhouseOne | 045.500
2016-12-06 12:15:24 | TEMPLOG : Table    One | 074.300
2016-12-06 12:16:24 | TEMPLOG : WellhouseOne | 044.600
2016-12-06 12:19:28 | TEMPLOG : Table    One | 075.200
2016-12-06 12:20:29 | TEMPLOG : Table    One | 076.100
2016-12-06 12:21:29 | TEMPLOG : Bio   Filter | 059.900
2016-12-06 12:21:30 | TEMPLOG : Table    One | 077.900
2016-12-06 12:23:33 | TEMPLOG : Table    One | 076.100
2016-12-06 12:24:34 | TEMPLOG : Bio   Filter | 059.000
2016-12-06 12:24:34 | TEMPLOG : Table    One | 077.000
2016-12-06 12:25:34 | TEMPLOG : WellhouseOne | 045.500
2016-12-06 12:25:35 | TEMPLOG : Bio   Filter | 059.900
2016-12-06 12:25:35 | TEMPLOG : Table    One | 076.100
2016-12-06 12:26:35 | TEMPLOG : WellhouseOne | 046.400
2016-12-06 12:26:35 | TEMPLOG : Bio   Filter | 059.000
2016-12-06 12:27:37 | TEMPLOG : To   GeoLoop | 051.800
2016-12-06 12:27:37 | TEMPLOG : Table    One | 075.200
2016-12-06 12:28:38 | TEMPLOG : Table    One | 074.300
2016-12-06 12:29:39 | TEMPLOG : To   GeoLoop | 050.900
2016-12-06 12:29:39 | TEMPLOG : Table    One | 073.400
2016-12-06 12:30:40 | TEMPLOG : Table    One | 072.500
2016-12-06 12:31:40 | TEMPLOG : WellhouseOne | 045.500
2016-12-06 12:31:41 | TEMPLOG : Bio   Filter | 058.100
2016-12-06 12:31:41 | TEMPLOG : Table    One | 071.600
2016-12-06 12:32:42 | TEMPLOG : Table    One | 069.800
2016-12-06 12:33:43 | TEMPLOG : Bio   Filter | 057.200
2016-12-06 12:34:45 | TEMPLOG : Table    One | 068.900
2016-12-06 12:35:45 | TEMPLOG : Bio   Filter | 056.300
2016-12-06 12:35:46 | TEMPLOG : Table    One | 068.000
2016-12-06 12:37:47 | TEMPLOG : WellhouseOne | 044.600
2016-12-06 12:37:47 | TEMPLOG : Bio   Filter | 055.400
2016-12-06 12:37:48 | TEMPLOG : Table    One | 067.100
2016-12-06 12:38:48 | TEMPLOG : WellhouseOne | 045.500
2016-12-06 12:38:50 | TEMPLOG : Table    One | 066.200
2016-12-06 12:39:50 | TEMPLOG : WellhouseOne | 044.600
2016-12-06 12:39:51 | TEMPLOG : Table    One | 065.300
2016-12-06 12:40:51 | TEMPLOG : WellhouseOne | 045.500
2016-12-06 12:40:52 | TEMPLOG : Bio   Filter | 054.500
2016-12-06 12:40:53 | TEMPLOG : Table    One | 066.200
2016-12-06 12:41:53 | TEMPLOG : WellhouseOne | 046.400
2016-12-06 12:41:54 | TEMPLOG : Table    One | 067.100
2016-12-06 12:42:55 | TEMPLOG : Table    One | 066.200
2016-12-06 12:43:57 | TEMPLOG : Table    One | 067.100
2016-12-06 12:44:57 | TEMPLOG : To   GeoLoop | 051.800
2016-12-06 12:44:58 | TEMPLOG : Table    One | 068.000
2016-12-06 12:45:59 | TEMPLOG : Bio   Filter | 055.400
2016-12-06 12:46:00 | TEMPLOG : Table    One | 069.800
2016-12-06 12:50:03 | TEMPLOG : WellhouseOne | 047.300
2016-12-06 12:50:05 | TEMPLOG : Table    One | 068.900
2016-12-06 12:51:06 | TEMPLOG : Table    One | 068.000
2016-12-06 12:52:07 | TEMPLOG : WellhouseOne | 046.400
2016-12-06 12:53:08 | TEMPLOG : To   GeoLoop | 052.700
2016-12-06 12:53:09 | TEMPLOG : Table    One | 069.800
2016-12-06 12:54:10 | TEMPLOG : Table    One | 070.700
2016-12-06 12:55:11 | TEMPLOG : Table    One | 071.600
2016-12-06 12:56:11 | TEMPLOG : WellhouseOne | 045.500
2016-12-06 12:57:12 | TEMPLOG : WellhouseOne | 046.400
2016-12-06 12:57:12 | TEMPLOG : Bio   Filter | 056.300
2016-12-06 13:00:15 | TEMPLOG : WellhouseOne | 045.500
2016-12-06 13:00:15 | TEMPLOG : Bio   Filter | 056.300
2016-12-06 13:00:15 | TEMPLOG : To   GeoLoop | 052.700
2016-12-06 13:00:16 | TEMPLOG : Table    One | 072.500
2016-12-06 13:02:17 | TEMPLOG : WellhouseOne | 046.400
2016-12-06 13:03:19 | TEMPLOG : Bio   Filter | 057.200
2016-12-06 13:05:21 | TEMPLOG : Table    One | 071.600
2016-12-06 13:06:22 | TEMPLOG : Bio   Filter | 056.300
2016-12-06 13:06:22 | TEMPLOG : Table    One | 070.700
2016-12-06 13:07:23 | TEMPLOG : Table    One | 069.800
2016-12-06 13:10:27 | TEMPLOG : Bio   Filter | 055.400
2016-12-06 13:10:28 | TEMPLOG : Table    One | 070.700
2016-12-06 13:11:28 | TEMPLOG : WellhouseOne | 045.500
2016-12-06 13:12:30 | TEMPLOG : WellhouseOne | 046.400
2016-12-06 13:12:31 | TEMPLOG : Table    One | 071.600
2016-12-06 13:14:33 | TEMPLOG : Table    One | 072.500
2016-12-06 13:16:35 | TEMPLOG : Table    One | 071.600
2016-12-06 13:17:36 | TEMPLOG : Table    One | 069.800
2016-12-06 13:19:38 | TEMPLOG : WellhouseOne | 047.300
2016-12-06 13:20:39 | TEMPLOG : WellhouseOne | 046.400
2016-12-06 13:21:40 | TEMPLOG : WellhouseOne | 047.300
2016-12-06 13:21:40 | TEMPLOG : Bio   Filter | 054.500
2016-12-06 13:21:41 | TEMPLOG : Table    One | 068.900
2016-12-06 13:22:41 | TEMPLOG : WellhouseOne | 046.400
2016-12-06 13:22:42 | TEMPLOG : Table    One | 068.000
2016-12-06 13:25:44 | TEMPLOG : WellhouseOne | 045.500
2016-12-06 13:25:45 | TEMPLOG : Table    One | 065.300
2016-12-06 13:26:46 | TEMPLOG : Bio   Filter | 053.600
2016-12-06 13:26:46 | TEMPLOG : To   GeoLoop | 051.800
2016-12-06 13:26:46 | TEMPLOG : Table    One | 064.400
2016-12-06 13:27:47 | TEMPLOG : WellhouseOne | 046.400
2016-12-06 13:27:47 | TEMPLOG : Table    One | 063.500
2016-12-06 13:28:48 | TEMPLOG : WellhouseOne | 045.500
2016-12-06 13:29:49 | TEMPLOG : Bio   Filter | 052.700
2016-12-06 13:31:52 | TEMPLOG : Bio   Filter | 051.800
2016-12-06 13:31:52 | TEMPLOG : Table    One | 060.800
2016-12-06 13:32:53 | TEMPLOG : To   GeoLoop | 050.900
2016-12-06 13:32:54 | TEMPLOG : Table    One | 059.000
2016-12-06 13:33:54 | TEMPLOG : WellhouseOne | 044.600
2016-12-06 13:33:55 | TEMPLOG : Bio   Filter | 050.900
2016-12-06 13:33:55 | TEMPLOG : Table    One | 058.100
2016-12-06 13:34:56 | TEMPLOG : Table    One | 057.200
2016-12-06 13:36:58 | TEMPLOG : Bio   Filter | 050.000
2016-12-06 13:39:00 | TEMPLOG : WellhouseOne | 043.700
2016-12-06 13:40:01 | TEMPLOG : WellhouseOne | 044.600
2016-12-06 13:40:02 | TEMPLOG : Table    One | 058.100
2016-12-06 13:41:04 | TEMPLOG : Table    One | 057.200
2016-12-06 13:42:04 | TEMPLOG : WellhouseOne | 043.700
2016-12-06 13:43:05 | TEMPLOG : Table    One | 056.300
2016-12-06 13:44:06 | TEMPLOG : Bio   Filter | 049.100
2016-12-06 13:44:06 | TEMPLOG : Table    One | 055.400
2016-12-06 13:45:07 | TEMPLOG : Table    One | 054.500
2016-12-06 13:46:08 | TEMPLOG : To   GeoLoop | 050.000
2016-12-06 13:47:10 | TEMPLOG : Table    One | 053.600
2016-12-06 13:48:11 | TEMPLOG : Table    One | 052.700
2016-12-06 13:49:12 | TEMPLOG : Bio   Filter | 048.200
2016-12-06 13:51:15 | TEMPLOG : Table    One | 051.800
2016-12-06 13:52:15 | TEMPLOG : WellhouseOne | 042.800
2016-12-06 13:53:16 | TEMPLOG : WellhouseOne | 043.700
2016-12-06 13:53:16 | TEMPLOG : Table    One | 050.900
2016-12-06 13:54:17 | TEMPLOG : WellhouseOne | 042.800
2016-12-06 13:54:17 | TEMPLOG : Bio   Filter | 047.300
2016-12-06 13:55:19 | TEMPLOG : Table    One | 050.000
2016-12-06 13:56:21 | TEMPLOG : Table    One | 049.100
2016-12-06 13:57:21 | TEMPLOG : WellhouseOne | 043.700
2016-12-06 13:59:25 | TEMPLOG : To   GeoLoop | 049.100
2016-12-06 14:00:25 | TEMPLOG : WellhouseOne | 043.700
2016-12-06 14:00:25 | TEMPLOG : Bio   Filter | 046.400
2016-12-06 14:00:26 | TEMPLOG : To   GeoLoop | 050.000
2016-12-06 14:00:26 | TEMPLOG : Table    One | 049.100
2016-12-06 14:01:26 | TEMPLOG : WellhouseOne | 044.600
2016-12-06 14:01:26 | TEMPLOG : To   GeoLoop | 049.100
2016-12-06 14:01:26 | TEMPLOG : Table    One | 048.200
2016-12-06 14:03:29 | TEMPLOG : WellhouseOne | 045.500
2016-12-06 14:05:32 | TEMPLOG : WellhouseOne | 046.400
2016-12-06 14:05:33 | TEMPLOG : Table    One | 047.300
2016-12-06 14:08:37 | TEMPLOG : WellhouseOne | 045.500
2016-12-06 14:09:39 | TEMPLOG : Bio   Filter | 045.500
2016-12-06 14:09:39 | TEMPLOG : Table    One | 046.400
2016-12-06 14:10:39 | TEMPLOG : WellhouseOne | 044.600
2016-12-06 14:16:45 | TEMPLOG : WellhouseOne | 043.700
2016-12-06 14:18:49 | TEMPLOG : Table    One | 045.500
2016-12-06 14:21:53 | TEMPLOG : Bio   Filter | 044.600
2016-12-06 14:31:04 | TEMPLOG : Table    One | 044.600
2016-12-06 14:34:06 | TEMPLOG : WellhouseOne | 042.800
2016-12-06 14:37:08 | TEMPLOG : Bio   Filter | 043.700
2016-12-06 14:37:09 | TEMPLOG : Table    One | 043.700
2016-12-06 14:46:22 | TEMPLOG : WellhouseOne | 043.700
2016-12-06 14:47:23 | TEMPLOG : WellhouseOne | 044.600
2016-12-06 14:48:24 | TEMPLOG : To   GeoLoop | 048.200
2016-12-06 14:48:24 | TEMPLOG : Table    One | 042.800
2016-12-06 14:49:25 | TEMPLOG : Bio   Filter | 042.800
2016-12-06 14:50:26 | TEMPLOG : WellhouseOne | 043.700
2016-12-06 14:53:30 | TEMPLOG : Table    One | 041.900
2016-12-06 14:56:32 | TEMPLOG : Bio   Filter | 041.900
2016-12-06 14:58:34 | TEMPLOG : WellhouseOne | 042.800
2016-12-06 15:00:36 | TEMPLOG : WellhouseOne | 042.800
2016-12-06 15:00:37 | TEMPLOG : Bio   Filter | 041.900
2016-12-06 15:00:37 | TEMPLOG : To   GeoLoop | 048.200
2016-12-06 15:00:37 | TEMPLOG : Table    One | 041.000
2016-12-06 15:04:41 | TEMPLOG : Bio   Filter | 041.000
2016-12-06 15:09:48 | TEMPLOG : Table    One | 040.100
2016-12-06 15:12:51 | TEMPLOG : WellhouseOne | 041.900
2016-12-06 15:14:53 | TEMPLOG : Bio   Filter | 040.100
2016-12-06 15:17:56 | TEMPLOG : To   GeoLoop | 047.300
2016-12-06 15:19:59 | TEMPLOG : To   GeoLoop | 048.200
2016-12-06 15:20:59 | TEMPLOG : WellhouseOne | 041.000
2016-12-06 15:20:59 | TEMPLOG : To   GeoLoop | 047.300
2016-12-06 15:23:02 | TEMPLOG : Table    One | 039.200
2016-12-06 15:26:05 | TEMPLOG : WellhouseOne | 041.900
2016-12-06 15:27:06 | TEMPLOG : Bio   Filter | 039.200
2016-12-06 15:28:07 | TEMPLOG : WellhouseOne | 042.800
2016-12-06 15:31:10 | TEMPLOG : WellhouseOne | 043.700
2016-12-06 15:31:11 | TEMPLOG : Table    One | 038.300
2016-12-06 15:32:11 | TEMPLOG : WellhouseOne | 042.800
2016-12-06 15:33:12 | TEMPLOG : WellhouseOne | 041.900
2016-12-06 15:35:15 | TEMPLOG : WellhouseOne | 041.000
2016-12-06 15:37:17 | TEMPLOG : Bio   Filter | 038.300
2016-12-06 15:38:18 | TEMPLOG : Bio   Filter | 039.200
2016-12-06 15:39:19 | TEMPLOG : Bio   Filter | 038.300
2016-12-06 15:41:21 | TEMPLOG : WellhouseOne | 040.100
2016-12-06 15:47:29 | TEMPLOG : Table    One | 037.400
2016-12-06 15:48:30 | TEMPLOG : WellhouseOne | 039.200
2016-12-06 15:50:33 | TEMPLOG : Bio   Filter | 037.400
2016-12-06 16:00:45 | TEMPLOG : WellhouseOne | 039.200
2016-12-06 16:00:45 | TEMPLOG : Bio   Filter | 037.400
2016-12-06 16:00:45 | TEMPLOG : To   GeoLoop | 047.300
2016-12-06 16:00:46 | TEMPLOG : Table    One | 037.400
2016-12-06 16:01:47 | TEMPLOG : To   GeoLoop | 046.400
2016-12-06 16:02:48 | TEMPLOG : To   GeoLoop | 047.300
2016-12-06 16:03:49 | TEMPLOG : To   GeoLoop | 046.400
2016-12-06 16:03:49 | TEMPLOG : Table    One | 036.500
2016-12-06 16:04:50 | TEMPLOG : WellhouseOne | 040.100
2016-12-06 16:04:51 | TEMPLOG : To   GeoLoop | 047.300
2016-12-06 16:05:52 | TEMPLOG : To   GeoLoop | 046.400
2016-12-06 16:06:52 | TEMPLOG : Bio   Filter | 036.500
2016-12-06 16:07:54 | TEMPLOG : WellhouseOne | 041.000
2016-12-06 16:15:05 | TEMPLOG : WellhouseOne | 040.100
2016-12-06 16:18:11 | TEMPLOG : WellhouseOne | 039.200
2016-12-06 16:24:19 | TEMPLOG : WellhouseOne | 038.300
2016-12-06 16:31:29 | TEMPLOG : WellhouseOne | 037.400
2016-12-06 16:33:34 | TEMPLOG : Table    One | 035.600
2016-12-06 16:35:35 | TEMPLOG : WellhouseOne | 038.300
2016-12-06 16:37:37 | TEMPLOG : Bio   Filter | 035.600
2016-12-06 16:39:40 | TEMPLOG : Bio   Filter | 036.500
2016-12-06 16:40:41 | TEMPLOG : Bio   Filter | 035.600
2016-12-06 16:43:44 | TEMPLOG : WellhouseOne | 039.200
2016-12-06 16:45:46 | TEMPLOG : WellhouseOne | 040.100
2016-12-06 16:49:50 | TEMPLOG : WellhouseOne | 041.000
2016-12-06 16:56:59 | TEMPLOG : WellhouseOne | 040.100
2016-12-06 17:00:01 | TEMPLOG : WellhouseOne | 040.100
2016-12-06 17:00:02 | TEMPLOG : Bio   Filter | 035.600
2016-12-06 17:00:03 | TEMPLOG : To   GeoLoop | 046.400
2016-12-06 17:00:03 | TEMPLOG : Table    One | 035.600
2016-12-06 17:02:05 | TEMPLOG : WellhouseOne | 039.200
2016-12-06 17:03:06 | TEMPLOG : Table    One | 034.700
2016-12-06 17:07:09 | TEMPLOG : WellhouseOne | 038.300
2016-12-06 17:07:09 | TEMPLOG : Bio   Filter | 034.700
2016-12-06 17:10:13 | TEMPLOG : Bio   Filter | 035.600
2016-12-06 17:11:13 | TEMPLOG : WellhouseOne | 037.400
2016-12-06 17:11:14 | TEMPLOG : Bio   Filter | 034.700
2016-12-06 17:19:23 | TEMPLOG : To   GeoLoop | 045.500
2016-12-06 17:23:30 | TEMPLOG : To   GeoLoop | 046.400
2016-12-06 17:24:31 | TEMPLOG : WellhouseOne | 038.300
2016-12-06 17:24:31 | TEMPLOG : To   GeoLoop | 045.500
2016-12-06 17:25:32 | TEMPLOG : To   GeoLoop | 046.400
2016-12-06 17:27:34 | TEMPLOG : WellhouseOne | 039.200
2016-12-06 17:29:36 | TEMPLOG : WellhouseOne | 040.100
2016-12-06 17:29:36 | TEMPLOG : To   GeoLoop | 045.500
2016-12-06 17:39:50 | TEMPLOG : WellhouseOne | 039.200
2016-12-06 17:42:55 | TEMPLOG : Bio   Filter | 033.800
2016-12-06 17:43:57 | TEMPLOG : Bio   Filter | 034.700
2016-12-06 17:44:57 | TEMPLOG : WellhouseOne | 038.300
2016-12-06 17:48:01 | TEMPLOG : WellhouseOne | 037.400
2016-12-06 18:00:16 | TEMPLOG : WellhouseOne | 037.400
2016-12-06 18:00:16 | TEMPLOG : Bio   Filter | 034.700
2016-12-06 18:00:17 | TEMPLOG : To   GeoLoop | 045.500
2016-12-06 18:00:17 | TEMPLOG : Table    One | 034.700
2016-12-06 18:02:18 | TEMPLOG : WellhouseOne | 036.500
2016-12-06 18:02:19 | TEMPLOG : Table    One | 033.800
2016-12-06 18:03:19 | TEMPLOG : WellhouseOne | 037.400
2016-12-06 18:04:20 | TEMPLOG : WellhouseOne | 036.500
2016-12-06 18:05:22 | TEMPLOG : Bio   Filter | 033.800
2016-12-06 18:05:22 | TEMPLOG : Table    One | 034.700
2016-12-06 18:07:24 | TEMPLOG : Bio   Filter | 034.700
2016-12-06 18:08:24 | TEMPLOG : WellhouseOne | 037.400
2016-12-06 18:10:27 | TEMPLOG : WellhouseOne | 038.300
2016-12-06 18:10:29 | TEMPLOG : Table    One | 033.800
2016-12-06 18:11:30 | TEMPLOG : Bio   Filter | 033.800
2016-12-06 18:11:31 | TEMPLOG : Table    One | 034.700
2016-12-06 18:12:32 | TEMPLOG : Table    One | 033.800
2016-12-06 18:13:32 | TEMPLOG : WellhouseOne | 039.200
2016-12-06 18:14:34 | TEMPLOG : Table    One | 034.700
2016-12-06 18:15:35 | TEMPLOG : Table    One | 033.800
2016-12-06 18:16:36 | TEMPLOG : Bio   Filter | 034.700
2016-12-06 18:17:37 | TEMPLOG : WellhouseOne | 040.100
2016-12-06 18:17:37 | TEMPLOG : Bio   Filter | 033.800
2016-12-06 18:21:41 | TEMPLOG : WellhouseOne | 041.000
2016-12-06 18:22:43 | TEMPLOG : WellhouseOne | 040.100
2016-12-06 18:23:43 | TEMPLOG : WellhouseOne | 041.000
2016-12-06 18:24:44 | TEMPLOG : WellhouseOne | 040.100
2016-12-06 18:28:48 | TEMPLOG : WellhouseOne | 041.000
2016-12-06 18:34:56 | TEMPLOG : WellhouseOne | 040.100
2016-12-06 18:37:59 | TEMPLOG : WellhouseOne | 039.200
2016-12-06 18:43:07 | TEMPLOG : WellhouseOne | 038.300
2016-12-06 18:48:15 | TEMPLOG : WellhouseOne | 037.400
2016-12-06 19:00:29 | TEMPLOG : WellhouseOne | 037.400
2016-12-06 19:00:30 | TEMPLOG : Bio   Filter | 033.800
2016-12-06 19:00:31 | TEMPLOG : To   GeoLoop | 045.500
2016-12-06 19:00:31 | TEMPLOG : Table    One | 033.800
2016-12-06 19:01:31 | TEMPLOG : WellhouseOne | 036.500
2016-12-06 19:04:34 | TEMPLOG : WellhouseOne | 037.400
2016-12-06 19:07:38 | TEMPLOG : WellhouseOne | 038.300
2016-12-06 19:08:39 | TEMPLOG : To   GeoLoop | 044.600
2016-12-06 19:09:40 | TEMPLOG : To   GeoLoop | 045.500
2016-12-06 19:10:40 | TEMPLOG : WellhouseOne | 039.200
2016-12-06 19:10:41 | TEMPLOG : To   GeoLoop | 044.600
2016-12-06 19:13:44 | TEMPLOG : Table    One | 032.900
2016-12-06 19:14:45 | TEMPLOG : To   GeoLoop | 045.500
2016-12-06 19:14:46 | TEMPLOG : Table    One | 033.800
2016-12-06 19:15:46 | TEMPLOG : WellhouseOne | 040.100
2016-12-06 19:15:46 | TEMPLOG : To   GeoLoop | 044.600
2016-12-06 19:15:47 | TEMPLOG : Table    One | 032.900
2016-12-06 19:17:49 | TEMPLOG : Table    One | 033.800
2016-12-06 19:19:51 | TEMPLOG : WellhouseOne | 041.000
2016-12-06 19:19:52 | TEMPLOG : To   GeoLoop | 045.500
2016-12-06 19:19:52 | TEMPLOG : Table    One | 032.900
2016-12-06 19:20:53 | TEMPLOG : To   GeoLoop | 044.600
2016-12-06 19:20:53 | TEMPLOG : Table    One | 033.800
2016-12-06 19:22:55 | TEMPLOG : Bio   Filter | 032.900
2016-12-06 19:23:56 | TEMPLOG : Table    One | 032.900
2016-12-06 19:24:56 | TEMPLOG : Bio   Filter | 033.800
2016-12-06 19:24:57 | TEMPLOG : Table    One | 033.800
2016-12-06 19:25:57 | TEMPLOG : Bio   Filter | 032.900
2016-12-06 19:25:58 | TEMPLOG : Table    One | 032.900
2016-12-06 19:26:58 | TEMPLOG : Table    One | 033.800
2016-12-06 19:27:59 | TEMPLOG : WellhouseOne | 041.900
2016-12-06 19:27:59 | TEMPLOG : Bio   Filter | 033.800
2016-12-06 19:31:03 | TEMPLOG : Table    One | 032.900
2016-12-06 19:32:04 | TEMPLOG : Bio   Filter | 032.900
2016-12-06 19:33:05 | TEMPLOG : Bio   Filter | 033.800
2016-12-06 19:35:07 | TEMPLOG : WellhouseOne | 041.000
2016-12-06 19:35:07 | TEMPLOG : Bio   Filter | 032.900
2016-12-06 19:36:08 | TEMPLOG : Bio   Filter | 033.800
2016-12-06 19:38:12 | TEMPLOG : Bio   Filter | 032.900
2016-12-06 19:38:12 | TEMPLOG : Table    One | 033.800
2016-12-06 19:39:12 | TEMPLOG : WellhouseOne | 040.100
2016-12-06 19:39:13 | TEMPLOG : Bio   Filter | 033.800
2016-12-06 19:39:14 | TEMPLOG : Table    One | 032.900
2016-12-06 19:40:14 | TEMPLOG : Bio   Filter | 032.900
2016-12-06 19:43:16 | TEMPLOG : WellhouseOne | 039.200
2016-12-06 19:48:22 | TEMPLOG : WellhouseOne | 038.300
2016-12-06 19:51:27 | TEMPLOG : WellhouseOne | 037.400
2016-12-06 19:52:28 | TEMPLOG : WellhouseOne | 038.300
2016-12-06 19:53:29 | TEMPLOG : WellhouseOne | 037.400
2016-12-06 20:00:37 | TEMPLOG : WellhouseOne | 037.400
2016-12-06 20:00:37 | TEMPLOG : Bio   Filter | 032.900
2016-12-06 20:00:38 | TEMPLOG : To   GeoLoop | 044.600
2016-12-06 20:00:38 | TEMPLOG : Table    One | 032.900
2016-12-06 20:05:43 | TEMPLOG : WellhouseOne | 038.300
2016-12-06 20:08:47 | TEMPLOG : WellhouseOne | 039.200
2016-12-06 20:15:58 | TEMPLOG : WellhouseOne | 040.100
2016-12-06 20:22:05 | TEMPLOG : WellhouseOne | 039.200
2016-12-06 20:23:07 | TEMPLOG : WellhouseOne | 038.300
2016-12-06 20:26:10 | TEMPLOG : WellhouseOne | 037.400
2016-12-06 20:29:13 | TEMPLOG : WellhouseOne | 036.500
2016-12-06 20:33:18 | TEMPLOG : WellhouseOne | 035.600
2016-12-06 20:45:36 | TEMPLOG : WellhouseOne | 034.700
2016-12-06 20:51:44 | TEMPLOG : WellhouseOne | 035.600
2016-12-06 20:53:48 | TEMPLOG : To   GeoLoop | 043.700
2016-12-06 20:54:49 | TEMPLOG : To   GeoLoop | 044.600
2016-12-06 20:55:50 | TEMPLOG : WellhouseOne | 036.500
2016-12-06 20:55:50 | TEMPLOG : To   GeoLoop | 043.700
2016-12-06 21:00:57 | TEMPLOG : WellhouseOne | 037.400
2016-12-06 21:00:57 | TEMPLOG : To   GeoLoop | 043.700
2016-12-06 21:05:02 | TEMPLOG : WellhouseOne | 038.300
2016-12-06 21:05:03 | TEMPLOG : Table    One | 031.100
2016-12-06 21:06:03 | TEMPLOG : WellhouseOne | 037.400
2016-12-06 21:10:08 | TEMPLOG : WellhouseOne | 038.300
2016-12-06 21:11:11 | TEMPLOG : Bio   Filter | 031.100
2016-12-06 21:12:12 | TEMPLOG : WellhouseOne | 037.400
2016-12-06 21:24:26 | TEMPLOG : WellhouseOne | 036.500
2016-12-06 21:37:45 | TEMPLOG : WellhouseOne | 037.400
2016-12-06 21:38:46 | TEMPLOG : WellhouseOne | 036.500
2016-12-06 21:42:52 | TEMPLOG : WellhouseOne | 035.600
2016-12-06 21:45:56 | TEMPLOG : WellhouseOne | 034.700
2016-12-06 21:53:04 | TEMPLOG : WellhouseOne | 033.800
2016-12-06 21:54:05 | TEMPLOG : WellhouseOne | 034.700
2016-12-06 21:55:07 | TEMPLOG : WellhouseOne | 033.800
2016-12-06 22:00:15 | TEMPLOG : WellhouseOne | 033.800
2016-12-06 22:00:15 | TEMPLOG : Bio   Filter | 031.100
2016-12-06 22:00:15 | TEMPLOG : To   GeoLoop | 043.700
2016-12-06 22:00:16 | TEMPLOG : Table    One | 031.100
2016-12-06 22:07:22 | TEMPLOG : WellhouseOne | 032.900
2016-12-06 22:08:23 | TEMPLOG : WellhouseOne | 033.800
2016-12-06 22:13:32 | TEMPLOG : WellhouseOne | 034.700
2016-12-06 22:22:42 | TEMPLOG : WellhouseOne | 035.600
2016-12-06 22:55:24 | TEMPLOG : WellhouseOne | 034.700
2016-12-06 22:58:27 | TEMPLOG : WellhouseOne | 033.800
2016-12-06 23:00:30 | TEMPLOG : WellhouseOne | 033.800
2016-12-06 23:00:30 | TEMPLOG : Bio   Filter | 031.100
2016-12-06 23:00:30 | TEMPLOG : To   GeoLoop | 043.700
2016-12-06 23:00:30 | TEMPLOG : Table    One | 031.100
2016-12-06 23:03:33 | TEMPLOG : WellhouseOne | 032.900
2016-12-06 23:07:38 | TEMPLOG : To   GeoLoop | 042.800
2016-12-06 23:08:40 | TEMPLOG : To   GeoLoop | 043.700
2016-12-06 23:09:40 | TEMPLOG : To   GeoLoop | 042.800
2016-12-06 23:10:42 | TEMPLOG : To   GeoLoop | 043.700
2016-12-06 23:12:46 | TEMPLOG : To   GeoLoop | 042.800
2016-12-06 23:15:49 | TEMPLOG : To   GeoLoop | 043.700
2016-12-06 23:17:52 | TEMPLOG : To   GeoLoop | 042.800
2016-12-06 23:18:53 | TEMPLOG : WellhouseOne | 031.100
2016-12-06 23:18:54 | TEMPLOG : To   GeoLoop | 043.700
2016-12-06 23:19:55 | TEMPLOG : To   GeoLoop | 042.800
2016-12-06 23:20:57 | TEMPLOG : To   GeoLoop | 043.700
2016-12-06 23:21:58 | TEMPLOG : WellhouseOne | 032.900
2016-12-06 23:24:01 | TEMPLOG : To   GeoLoop | 042.800
2016-12-06 23:25:02 | TEMPLOG : WellhouseOne | 033.800
2016-12-06 23:25:02 | TEMPLOG : To   GeoLoop | 043.700
2016-12-06 23:26:04 | TEMPLOG : To   GeoLoop | 042.800
2016-12-06 23:27:06 | TEMPLOG : To   GeoLoop | 043.700
2016-12-06 23:28:07 | TEMPLOG : To   GeoLoop | 042.800
2016-12-06 23:29:08 | TEMPLOG : To   GeoLoop | 043.700
2016-12-06 23:31:10 | TEMPLOG : To   GeoLoop | 042.800
2016-12-06 23:32:11 | TEMPLOG : To   GeoLoop | 043.700
2016-12-06 23:33:13 | TEMPLOG : To   GeoLoop | 042.800
2016-12-06 23:36:17 | TEMPLOG : WellhouseOne | 034.700
2016-12-06 23:37:18 | TEMPLOG : WellhouseOne | 033.800
2016-12-06 23:38:19 | TEMPLOG : WellhouseOne | 034.700
2016-12-06 23:45:26 | TEMPLOG : WellhouseOne | 035.600
2016-12-06 23:49:32 | TEMPLOG : WellhouseOne | 034.700
2016-12-06 23:49:33 | TEMPLOG : Table    One | 030.200
2016-12-06 23:50:33 | TEMPLOG : WellhouseOne | 035.600
2016-12-06 23:50:34 | TEMPLOG : Table    One | 031.100
2016-12-06 23:52:36 | TEMPLOG : Bio   Filter | 030.200
2016-12-06 23:56:42 | TEMPLOG : Bio   Filter | 031.100
2016-12-06 23:58:44 | TEMPLOG : Bio   Filter | 030.200
2016-12-06 23:59:45 | TEMPLOG : WellhouseOne | 034.700
2016-12-06 23:59:46 | TEMPLOG : Bio   Filter | 031.100
