2016-11-26 00:00:28 | TEMPLOG : WellhouseOne | 038.300
2016-11-26 00:00:28 | TEMPLOG : Bio   Filter | 041.000
2016-11-26 00:00:29 | TEMPLOG : To   GeoLoop | 051.800
2016-11-26 00:00:29 | TEMPLOG : Table    One | 039.200
2016-11-26 00:04:33 | TEMPLOG : WellhouseOne | 037.400
2016-11-26 00:09:39 | TEMPLOG : Table    One | 038.300
2016-11-26 00:10:40 | TEMPLOG : To   GeoLoop | 050.900
2016-11-26 00:11:42 | TEMPLOG : To   GeoLoop | 051.800
2016-11-26 00:12:43 | TEMPLOG : To   GeoLoop | 050.900
2016-11-26 00:13:43 | TEMPLOG : WellhouseOne | 038.300
2016-11-26 00:13:44 | TEMPLOG : To   GeoLoop | 051.800
2016-11-26 00:26:01 | TEMPLOG : Table    One | 037.400
2016-11-26 00:29:04 | TEMPLOG : To   GeoLoop | 050.900
2016-11-26 00:30:05 | TEMPLOG : To   GeoLoop | 051.800
2016-11-26 00:30:05 | TEMPLOG : Table    One | 038.300
2016-11-26 00:31:06 | TEMPLOG : Bio   Filter | 040.100
2016-11-26 00:31:06 | TEMPLOG : Table    One | 037.400
2016-11-26 00:32:08 | TEMPLOG : To   GeoLoop | 050.900
2016-11-26 00:33:09 | TEMPLOG : WellhouseOne | 037.400
2016-11-26 00:33:09 | TEMPLOG : To   GeoLoop | 051.800
2016-11-26 00:34:10 | TEMPLOG : To   GeoLoop | 050.900
2016-11-26 00:35:12 | TEMPLOG : To   GeoLoop | 051.800
2016-11-26 00:35:12 | TEMPLOG : Table    One | 038.300
2016-11-26 00:36:12 | TEMPLOG : WellhouseOne | 038.300
2016-11-26 00:36:13 | TEMPLOG : To   GeoLoop | 050.900
2016-11-26 00:36:13 | TEMPLOG : Table    One | 037.400
2016-11-26 00:37:14 | TEMPLOG : To   GeoLoop | 051.800
2016-11-26 00:38:15 | TEMPLOG : To   GeoLoop | 050.900
2016-11-26 00:44:23 | TEMPLOG : WellhouseOne | 037.400
2016-11-26 00:51:32 | TEMPLOG : Table    One | 038.300
2016-11-26 01:00:41 | TEMPLOG : WellhouseOne | 038.300
2016-11-26 01:00:41 | TEMPLOG : Bio   Filter | 040.100
2016-11-26 01:00:41 | TEMPLOG : To   GeoLoop | 050.900
2016-11-26 01:00:41 | TEMPLOG : Table    One | 038.300
2016-11-26 01:08:53 | TEMPLOG : Table    One | 037.400
2016-11-26 01:12:58 | TEMPLOG : WellhouseOne | 039.200
2016-11-26 01:13:59 | TEMPLOG : WellhouseOne | 038.300
2016-11-26 01:15:00 | TEMPLOG : WellhouseOne | 039.200
2016-11-26 01:16:01 | TEMPLOG : WellhouseOne | 038.300
2016-11-26 01:23:11 | TEMPLOG : Bio   Filter | 039.200
2016-11-26 01:28:18 | TEMPLOG : WellhouseOne | 037.400
2016-11-26 01:36:28 | TEMPLOG : WellhouseOne | 036.500
2016-11-26 01:44:39 | TEMPLOG : To   GeoLoop | 050.000
2016-11-26 01:45:40 | TEMPLOG : To   GeoLoop | 050.900
2016-11-26 01:46:41 | TEMPLOG : WellhouseOne | 037.400
2016-11-26 01:47:43 | TEMPLOG : To   GeoLoop | 050.000
2016-11-26 01:50:48 | TEMPLOG : Table    One | 036.500
2016-11-26 01:53:54 | TEMPLOG : Table    One | 037.400
2016-11-26 01:54:54 | TEMPLOG : WellhouseOne | 038.300
2016-11-26 01:54:56 | TEMPLOG : Table    One | 036.500
2016-11-26 02:00:01 | TEMPLOG : WellhouseOne | 038.300
2016-11-26 02:00:01 | TEMPLOG : Bio   Filter | 039.200
2016-11-26 02:00:02 | TEMPLOG : To   GeoLoop | 050.000
2016-11-26 02:00:02 | TEMPLOG : Table    One | 036.500
2016-11-26 02:02:04 | TEMPLOG : Table    One | 037.400
2016-11-26 02:05:07 | TEMPLOG : WellhouseOne | 039.200
2016-11-26 02:07:09 | TEMPLOG : WellhouseOne | 038.300
2016-11-26 02:11:14 | TEMPLOG : WellhouseOne | 037.400
2016-11-26 02:15:18 | TEMPLOG : WellhouseOne | 036.500
2016-11-26 02:26:31 | TEMPLOG : Table    One | 036.500
2016-11-26 02:31:37 | TEMPLOG : WellhouseOne | 035.600
2016-11-26 02:36:43 | TEMPLOG : WellhouseOne | 036.500
2016-11-26 02:39:50 | TEMPLOG : WellhouseOne | 037.400
2016-11-26 02:45:59 | TEMPLOG : WellhouseOne | 038.300
2016-11-26 03:00:15 | TEMPLOG : WellhouseOne | 039.200
2016-11-26 03:00:15 | TEMPLOG : Bio   Filter | 039.200
2016-11-26 03:00:16 | TEMPLOG : To   GeoLoop | 050.000
2016-11-26 03:00:16 | TEMPLOG : Table    One | 036.500
2016-11-26 03:04:19 | TEMPLOG : WellhouseOne | 038.300
2016-11-26 03:04:19 | TEMPLOG : Bio   Filter | 038.300
2016-11-26 03:07:23 | TEMPLOG : To   GeoLoop | 049.100
2016-11-26 03:08:23 | TEMPLOG : WellhouseOne | 037.400
2016-11-26 03:08:24 | TEMPLOG : To   GeoLoop | 050.000
2016-11-26 03:09:25 | TEMPLOG : To   GeoLoop | 049.100
2016-11-26 03:10:26 | TEMPLOG : Bio   Filter | 039.200
2016-11-26 03:11:26 | TEMPLOG : To   GeoLoop | 050.000
2016-11-26 03:12:28 | TEMPLOG : To   GeoLoop | 049.100
2016-11-26 03:13:30 | TEMPLOG : Bio   Filter | 038.300
2016-11-26 03:13:30 | TEMPLOG : To   GeoLoop | 050.000
2016-11-26 03:16:34 | TEMPLOG : WellhouseOne | 036.500
2016-11-26 03:17:36 | TEMPLOG : To   GeoLoop | 049.100
2016-11-26 03:19:38 | TEMPLOG : Bio   Filter | 039.200
2016-11-26 03:28:50 | TEMPLOG : Table    One | 037.400
2016-11-26 03:29:51 | TEMPLOG : Table    One | 036.500
2016-11-26 03:33:56 | TEMPLOG : WellhouseOne | 037.400
2016-11-26 03:36:00 | TEMPLOG : Bio   Filter | 038.300
2016-11-26 03:37:01 | TEMPLOG : Bio   Filter | 039.200
2016-11-26 03:39:03 | TEMPLOG : WellhouseOne | 038.300
2016-11-26 03:49:15 | TEMPLOG : WellhouseOne | 039.200
2016-11-26 03:51:18 | TEMPLOG : Bio   Filter | 038.300
2016-11-26 03:52:19 | TEMPLOG : WellhouseOne | 038.300
2016-11-26 03:52:20 | TEMPLOG : Bio   Filter | 039.200
2016-11-26 03:55:24 | TEMPLOG : Table    One | 037.400
2016-11-26 03:56:25 | TEMPLOG : WellhouseOne | 037.400
2016-11-26 04:00:30 | TEMPLOG : WellhouseOne | 037.400
2016-11-26 04:00:31 | TEMPLOG : Bio   Filter | 039.200
2016-11-26 04:00:31 | TEMPLOG : To   GeoLoop | 049.100
2016-11-26 04:00:32 | TEMPLOG : Table    One | 036.500
2016-11-26 04:01:33 | TEMPLOG : Table    One | 037.400
2016-11-26 04:03:35 | TEMPLOG : Table    One | 036.500
2016-11-26 04:04:37 | TEMPLOG : Table    One | 037.400
2016-11-26 04:06:40 | TEMPLOG : Table    One | 036.500
2016-11-26 04:09:45 | TEMPLOG : Table    One | 037.400
2016-11-26 04:10:46 | TEMPLOG : WellhouseOne | 036.500
2016-11-26 04:11:48 | TEMPLOG : Table    One | 036.500
2016-11-26 04:12:49 | TEMPLOG : Table    One | 037.400
2016-11-26 04:23:00 | TEMPLOG : WellhouseOne | 037.400
2016-11-26 04:25:04 | TEMPLOG : Bio   Filter | 040.100
2016-11-26 04:26:06 | TEMPLOG : WellhouseOne | 038.300
2016-11-26 04:26:06 | TEMPLOG : Bio   Filter | 039.200
2016-11-26 04:29:10 | TEMPLOG : WellhouseOne | 039.200
2016-11-26 04:35:17 | TEMPLOG : WellhouseOne | 040.100
2016-11-26 04:36:18 | TEMPLOG : WellhouseOne | 039.200
2016-11-26 04:43:26 | TEMPLOG : Bio   Filter | 040.100
2016-11-26 04:44:27 | TEMPLOG : Bio   Filter | 039.200
2016-11-26 04:45:28 | TEMPLOG : Bio   Filter | 040.100
2016-11-26 04:46:29 | TEMPLOG : WellhouseOne | 038.300
2016-11-26 04:48:31 | TEMPLOG : Bio   Filter | 039.200
2016-11-26 04:58:44 | TEMPLOG : WellhouseOne | 037.400
2016-11-26 05:00:46 | TEMPLOG : WellhouseOne | 037.400
2016-11-26 05:00:46 | TEMPLOG : Bio   Filter | 039.200
2016-11-26 05:00:47 | TEMPLOG : To   GeoLoop | 049.100
2016-11-26 05:00:47 | TEMPLOG : Table    One | 037.400
2016-11-26 05:06:55 | TEMPLOG : WellhouseOne | 038.300
2016-11-26 05:08:57 | TEMPLOG : WellhouseOne | 039.200
2016-11-26 05:08:57 | TEMPLOG : Bio   Filter | 040.100
2016-11-26 05:09:59 | TEMPLOG : Bio   Filter | 039.200
2016-11-26 05:11:00 | TEMPLOG : Bio   Filter | 040.100
2016-11-26 05:13:03 | TEMPLOG : Bio   Filter | 039.200
2016-11-26 05:14:04 | TEMPLOG : Bio   Filter | 040.100
2016-11-26 05:16:06 | TEMPLOG : WellhouseOne | 040.100
2016-11-26 05:17:07 | TEMPLOG : Bio   Filter | 039.200
2016-11-26 05:26:18 | TEMPLOG : WellhouseOne | 039.200
2016-11-26 05:29:21 | TEMPLOG : WellhouseOne | 038.300
2016-11-26 05:29:21 | TEMPLOG : To   GeoLoop | 048.200
2016-11-26 05:31:25 | TEMPLOG : To   GeoLoop | 049.100
2016-11-26 05:32:25 | TEMPLOG : To   GeoLoop | 048.200
2016-11-26 05:35:30 | TEMPLOG : WellhouseOne | 037.400
2016-11-26 05:40:37 | TEMPLOG : Table    One | 036.500
2016-11-26 05:43:39 | TEMPLOG : WellhouseOne | 036.500
2016-11-26 05:48:44 | TEMPLOG : WellhouseOne | 035.600
2016-11-26 05:50:46 | TEMPLOG : WellhouseOne | 036.500
2016-11-26 06:00:59 | TEMPLOG : WellhouseOne | 036.500
2016-11-26 06:00:59 | TEMPLOG : Bio   Filter | 039.200
2016-11-26 06:00:59 | TEMPLOG : To   GeoLoop | 048.200
2016-11-26 06:00:59 | TEMPLOG : Table    One | 036.500
2016-11-26 06:02:00 | TEMPLOG : WellhouseOne | 037.400
2016-11-26 06:09:09 | TEMPLOG : Bio   Filter | 038.300
2016-11-26 06:10:09 | TEMPLOG : Bio   Filter | 039.200
2016-11-26 06:12:12 | TEMPLOG : WellhouseOne | 038.300
2016-11-26 06:13:13 | TEMPLOG : WellhouseOne | 037.400
2016-11-26 06:13:14 | TEMPLOG : Bio   Filter | 038.300
2016-11-26 06:18:20 | TEMPLOG : Bio   Filter | 039.200
2016-11-26 06:20:22 | TEMPLOG : Bio   Filter | 038.300
2016-11-26 06:23:25 | TEMPLOG : WellhouseOne | 036.500
2016-11-26 06:33:37 | TEMPLOG : WellhouseOne | 035.600
2016-11-26 06:45:53 | TEMPLOG : WellhouseOne | 034.700
2016-11-26 06:46:54 | TEMPLOG : WellhouseOne | 035.600
2016-11-26 06:47:57 | TEMPLOG : Bio   Filter | 039.200
2016-11-26 06:48:58 | TEMPLOG : Bio   Filter | 038.300
2016-11-26 06:49:59 | TEMPLOG : Bio   Filter | 039.200
2016-11-26 06:51:00 | TEMPLOG : WellhouseOne | 036.500
2016-11-26 06:55:05 | TEMPLOG : WellhouseOne | 037.400
2016-11-26 06:56:06 | TEMPLOG : Bio   Filter | 038.300
2016-11-26 06:57:07 | TEMPLOG : Bio   Filter | 039.200
2016-11-26 06:57:08 | TEMPLOG : Table    One | 037.400
2016-11-26 07:00:11 | TEMPLOG : WellhouseOne | 037.400
2016-11-26 07:00:12 | TEMPLOG : Bio   Filter | 039.200
2016-11-26 07:00:12 | TEMPLOG : To   GeoLoop | 048.200
2016-11-26 07:00:12 | TEMPLOG : Table    One | 037.400
2016-11-26 07:02:13 | TEMPLOG : WellhouseOne | 038.300
2016-11-26 07:04:16 | TEMPLOG : WellhouseOne | 037.400
2016-11-26 07:05:17 | TEMPLOG : WellhouseOne | 038.300
2016-11-26 07:09:23 | TEMPLOG : WellhouseOne | 037.400
2016-11-26 07:16:32 | TEMPLOG : Table    One | 038.300
2016-11-26 07:19:34 | TEMPLOG : Bio   Filter | 040.100
2016-11-26 07:19:35 | TEMPLOG : Table    One | 039.200
2016-11-26 07:23:39 | TEMPLOG : WellhouseOne | 038.300
2016-11-26 07:27:45 | TEMPLOG : Table    One | 038.300
2016-11-26 07:30:48 | TEMPLOG : WellhouseOne | 037.400
2016-11-26 07:35:55 | TEMPLOG : Table    One | 037.400
2016-11-26 07:36:55 | TEMPLOG : Bio   Filter | 039.200
2016-11-26 07:36:56 | TEMPLOG : Table    One | 038.300
2016-11-26 07:38:58 | TEMPLOG : WellhouseOne | 038.300
2016-11-26 07:38:58 | TEMPLOG : Bio   Filter | 040.100
2016-11-26 07:40:00 | TEMPLOG : Bio   Filter | 039.200
2016-11-26 07:44:06 | TEMPLOG : WellhouseOne | 039.200
2016-11-26 07:46:09 | TEMPLOG : Bio   Filter | 040.100
2016-11-26 07:54:18 | TEMPLOG : WellhouseOne | 038.300
2016-11-26 07:54:18 | TEMPLOG : Table    One | 039.200
2016-11-26 07:55:20 | TEMPLOG : Bio   Filter | 041.000
2016-11-26 08:00:26 | TEMPLOG : WellhouseOne | 038.300
2016-11-26 08:00:26 | TEMPLOG : Bio   Filter | 041.000
2016-11-26 08:00:26 | TEMPLOG : To   GeoLoop | 048.200
2016-11-26 08:00:26 | TEMPLOG : Table    One | 039.200
2016-11-26 08:01:27 | TEMPLOG : WellhouseOne | 037.400
2016-11-26 08:06:35 | TEMPLOG : WellhouseOne | 038.300
2016-11-26 08:17:52 | TEMPLOG : Table    One | 040.100
2016-11-26 08:18:53 | TEMPLOG : Table    One | 039.200
2016-11-26 08:19:54 | TEMPLOG : Table    One | 040.100
2016-11-26 08:21:55 | TEMPLOG : WellhouseOne | 037.400
2016-11-26 08:22:56 | TEMPLOG : WellhouseOne | 038.300
2016-11-26 08:22:57 | TEMPLOG : To   GeoLoop | 049.100
2016-11-26 08:27:02 | TEMPLOG : WellhouseOne | 039.200
2016-11-26 08:27:03 | TEMPLOG : Bio   Filter | 041.900
2016-11-26 08:31:07 | TEMPLOG : WellhouseOne | 040.100
2016-11-26 08:36:14 | TEMPLOG : Table    One | 041.000
2016-11-26 08:41:21 | TEMPLOG : Bio   Filter | 042.800
2016-11-26 08:43:24 | TEMPLOG : WellhouseOne | 039.200
2016-11-26 08:47:30 | TEMPLOG : Table    One | 041.900
2016-11-26 08:56:39 | TEMPLOG : Bio   Filter | 043.700
2016-11-26 08:57:40 | TEMPLOG : WellhouseOne | 038.300
2016-11-26 08:58:42 | TEMPLOG : Table    One | 042.800
2016-11-26 09:00:43 | TEMPLOG : WellhouseOne | 038.300
2016-11-26 09:00:44 | TEMPLOG : Bio   Filter | 043.700
2016-11-26 09:00:44 | TEMPLOG : To   GeoLoop | 049.100
2016-11-26 09:00:44 | TEMPLOG : Table    One | 042.800
2016-11-26 09:03:48 | TEMPLOG : To   GeoLoop | 050.000
2016-11-26 09:05:51 | TEMPLOG : Bio   Filter | 044.600
2016-11-26 09:05:51 | TEMPLOG : Table    One | 043.700
2016-11-26 09:10:57 | TEMPLOG : WellhouseOne | 039.200
2016-11-26 09:10:58 | TEMPLOG : Table    One | 044.600
2016-11-26 09:15:03 | TEMPLOG : WellhouseOne | 040.100
2016-11-26 09:16:04 | TEMPLOG : Bio   Filter | 045.500
2016-11-26 09:17:06 | TEMPLOG : Table    One | 045.500
2016-11-26 09:19:08 | TEMPLOG : WellhouseOne | 041.000
2016-11-26 09:22:11 | TEMPLOG : WellhouseOne | 040.100
2016-11-26 09:22:12 | TEMPLOG : Table    One | 046.400
2016-11-26 09:23:12 | TEMPLOG : Bio   Filter | 046.400
2016-11-26 09:24:14 | TEMPLOG : To   GeoLoop | 050.900
2016-11-26 09:27:19 | TEMPLOG : Table    One | 047.300
2016-11-26 09:28:20 | TEMPLOG : Table    One | 046.400
2016-11-26 09:29:22 | TEMPLOG : Table    One | 047.300
2016-11-26 09:30:22 | TEMPLOG : Bio   Filter | 047.300
2016-11-26 09:32:26 | TEMPLOG : Table    One | 048.200
2016-11-26 09:35:30 | TEMPLOG : Bio   Filter | 048.200
2016-11-26 09:37:33 | TEMPLOG : Table    One | 049.100
2016-11-26 09:40:36 | TEMPLOG : To   GeoLoop | 051.800
2016-11-26 09:40:36 | TEMPLOG : Table    One | 050.000
2016-11-26 09:41:36 | TEMPLOG : WellhouseOne | 041.000
2016-11-26 09:41:37 | TEMPLOG : Bio   Filter | 049.100
2016-11-26 09:44:42 | TEMPLOG : Table    One | 050.900
2016-11-26 09:45:42 | TEMPLOG : Bio   Filter | 050.000
2016-11-26 09:46:44 | TEMPLOG : Table    One | 051.800
2016-11-26 09:48:45 | TEMPLOG : Bio   Filter | 050.900
2016-11-26 09:48:45 | TEMPLOG : Table    One | 052.700
2016-11-26 09:49:47 | TEMPLOG : To   GeoLoop | 052.700
2016-11-26 09:49:47 | TEMPLOG : Table    One | 053.600
2016-11-26 09:50:47 | TEMPLOG : Bio   Filter | 051.800
2016-11-26 09:50:48 | TEMPLOG : Table    One | 055.400
2016-11-26 09:51:48 | TEMPLOG : WellhouseOne | 041.900
2016-11-26 09:51:48 | TEMPLOG : Bio   Filter | 052.700
2016-11-26 09:51:49 | TEMPLOG : Table    One | 056.300
2016-11-26 09:53:51 | TEMPLOG : To   GeoLoop | 053.600
2016-11-26 09:53:51 | TEMPLOG : Table    One | 057.200
2016-11-26 09:54:51 | TEMPLOG : Bio   Filter | 053.600
2016-11-26 09:54:52 | TEMPLOG : Table    One | 059.000
2016-11-26 09:56:54 | TEMPLOG : WellhouseOne | 042.800
2016-11-26 09:56:54 | TEMPLOG : Bio   Filter | 054.500
2016-11-26 09:56:55 | TEMPLOG : Table    One | 059.900
2016-11-26 09:57:56 | TEMPLOG : Table    One | 061.700
2016-11-26 09:58:57 | TEMPLOG : WellhouseOne | 043.700
2016-11-26 09:58:57 | TEMPLOG : Bio   Filter | 055.400
2016-11-26 09:58:57 | TEMPLOG : To   GeoLoop | 054.500
2016-11-26 09:58:57 | TEMPLOG : Table    One | 062.600
2016-11-26 09:59:58 | TEMPLOG : Bio   Filter | 056.300
2016-11-26 09:59:59 | TEMPLOG : Table    One | 063.500
2016-11-26 10:00:59 | TEMPLOG : WellhouseOne | 043.700
2016-11-26 10:00:59 | TEMPLOG : Bio   Filter | 056.300
2016-11-26 10:00:59 | TEMPLOG : To   GeoLoop | 054.500
2016-11-26 10:01:00 | TEMPLOG : Table    One | 062.600
2016-11-26 10:02:02 | TEMPLOG : Table    One | 061.700
2016-11-26 10:03:04 | TEMPLOG : To   GeoLoop | 053.600
2016-11-26 10:05:07 | TEMPLOG : Bio   Filter | 057.200
2016-11-26 10:05:07 | TEMPLOG : To   GeoLoop | 054.500
2016-11-26 10:06:08 | TEMPLOG : Table    One | 064.400
2016-11-26 10:07:09 | TEMPLOG : Bio   Filter | 058.100
2016-11-26 10:07:10 | TEMPLOG : To   GeoLoop | 055.400
2016-11-26 10:07:10 | TEMPLOG : Table    One | 066.200
2016-11-26 10:08:11 | TEMPLOG : Bio   Filter | 059.000
2016-11-26 10:08:11 | TEMPLOG : Table    One | 068.000
2016-11-26 10:09:11 | TEMPLOG : WellhouseOne | 044.600
2016-11-26 10:09:12 | TEMPLOG : Bio   Filter | 059.900
2016-11-26 10:09:13 | TEMPLOG : To   GeoLoop | 056.300
2016-11-26 10:10:16 | TEMPLOG : Bio   Filter | 060.800
2016-11-26 10:10:16 | TEMPLOG : Table    One | 068.900
2016-11-26 10:12:18 | TEMPLOG : Bio   Filter | 061.700
2016-11-26 10:12:18 | TEMPLOG : Table    One | 070.700
2016-11-26 10:13:19 | TEMPLOG : Bio   Filter | 062.600
2016-11-26 10:13:19 | TEMPLOG : To   GeoLoop | 057.200
2016-11-26 10:13:19 | TEMPLOG : Table    One | 072.500
2016-11-26 10:14:21 | TEMPLOG : Table    One | 074.300
2016-11-26 10:15:22 | TEMPLOG : Bio   Filter | 063.500
2016-11-26 10:15:23 | TEMPLOG : Table    One | 075.200
2016-11-26 10:16:24 | TEMPLOG : Bio   Filter | 064.400
2016-11-26 10:16:24 | TEMPLOG : Table    One | 076.100
2016-11-26 10:17:27 | TEMPLOG : Table    One | 077.000
2016-11-26 10:18:27 | TEMPLOG : Bio   Filter | 065.300
2016-11-26 10:19:28 | TEMPLOG : WellhouseOne | 045.500
2016-11-26 10:19:29 | TEMPLOG : Table    One | 076.100
2016-11-26 10:21:31 | TEMPLOG : Table    One | 077.000
2016-11-26 10:22:33 | TEMPLOG : Table    One | 078.800
2016-11-26 10:24:35 | TEMPLOG : Bio   Filter | 066.200
2016-11-26 10:24:36 | TEMPLOG : Table    One | 079.700
2016-11-26 10:26:38 | TEMPLOG : To   GeoLoop | 058.100
2016-11-26 10:26:39 | TEMPLOG : Table    One | 080.600
2016-11-26 10:27:40 | TEMPLOG : Table    One | 081.500
2016-11-26 10:28:41 | TEMPLOG : Table    One | 082.400
2016-11-26 10:29:41 | TEMPLOG : Bio   Filter | 067.100
2016-11-26 10:30:44 | TEMPLOG : To   GeoLoop | 059.000
2016-11-26 10:30:44 | TEMPLOG : Table    One | 084.200
2016-11-26 10:31:44 | TEMPLOG : WellhouseOne | 046.400
2016-11-26 10:31:45 | TEMPLOG : Table    One | 085.100
2016-11-26 10:32:46 | TEMPLOG : Bio   Filter | 068.000
2016-11-26 10:33:48 | TEMPLOG : Table    One | 086.000
2016-11-26 10:34:48 | TEMPLOG : Bio   Filter | 068.900
2016-11-26 10:34:49 | TEMPLOG : Table    One | 086.900
2016-11-26 10:35:49 | TEMPLOG : WellhouseOne | 047.300
2016-11-26 10:35:50 | TEMPLOG : Table    One | 086.000
2016-11-26 10:36:50 | TEMPLOG : Bio   Filter | 069.800
2016-11-26 10:37:52 | TEMPLOG : Table    One | 086.900
2016-11-26 10:38:53 | TEMPLOG : Bio   Filter | 070.700
2016-11-26 10:38:53 | TEMPLOG : Table    One | 087.800
2016-11-26 10:39:54 | TEMPLOG : Table    One | 088.700
2016-11-26 10:40:57 | TEMPLOG : Bio   Filter | 071.600
2016-11-26 10:41:58 | TEMPLOG : WellhouseOne | 048.200
2016-11-26 10:43:00 | TEMPLOG : Table    One | 089.600
2016-11-26 10:44:00 | TEMPLOG : Bio   Filter | 072.500
2016-11-26 10:45:02 | TEMPLOG : Table    One | 091.400
2016-11-26 10:47:04 | TEMPLOG : Table    One | 089.600
2016-11-26 10:48:05 | TEMPLOG : To   GeoLoop | 058.100
2016-11-26 10:48:05 | TEMPLOG : Table    One | 087.800
2016-11-26 10:49:07 | TEMPLOG : Table    One | 086.900
2016-11-26 10:50:07 | TEMPLOG : WellhouseOne | 049.100
2016-11-26 10:50:07 | TEMPLOG : Bio   Filter | 071.600
2016-11-26 10:51:08 | TEMPLOG : Table    One | 088.700
2016-11-26 10:52:09 | TEMPLOG : Bio   Filter | 072.500
2016-11-26 10:52:09 | TEMPLOG : Table    One | 090.500
2016-11-26 10:55:12 | TEMPLOG : Table    One | 089.600
2016-11-26 10:56:13 | TEMPLOG : Table    One | 090.500
2016-11-26 10:57:14 | TEMPLOG : Table    One | 091.400
2016-11-26 10:58:15 | TEMPLOG : Bio   Filter | 073.400
2016-11-26 10:58:15 | TEMPLOG : Table    One | 092.300
2016-11-26 10:59:16 | TEMPLOG : WellhouseOne | 050.000
2016-11-26 10:59:16 | TEMPLOG : Table    One | 093.200
2016-11-26 11:00:17 | TEMPLOG : WellhouseOne | 050.000
2016-11-26 11:00:17 | TEMPLOG : Bio   Filter | 073.400
2016-11-26 11:00:17 | TEMPLOG : To   GeoLoop | 058.100
2016-11-26 11:00:17 | TEMPLOG : Table    One | 093.200
2016-11-26 11:01:19 | TEMPLOG : Table    One | 094.100
2016-11-26 11:02:19 | TEMPLOG : Bio   Filter | 074.300
2016-11-26 11:05:23 | TEMPLOG : WellhouseOne | 050.900
2016-11-26 11:09:28 | TEMPLOG : WellhouseOne | 051.800
2016-11-26 11:11:32 | TEMPLOG : Table    One | 095.000
2016-11-26 11:18:41 | TEMPLOG : Table    One | 094.100
2016-11-26 11:21:45 | TEMPLOG : Table    One | 095.000
2016-11-26 11:22:45 | TEMPLOG : WellhouseOne | 052.700
2016-11-26 11:31:57 | TEMPLOG : Bio   Filter | 075.200
2016-11-26 11:34:00 | TEMPLOG : Table    One | 095.900
2016-11-26 11:36:03 | TEMPLOG : Table    One | 096.800
2016-11-26 11:41:09 | TEMPLOG : WellhouseOne | 053.600
2016-11-26 11:43:12 | TEMPLOG : To   GeoLoop | 059.000
2016-11-26 11:45:14 | TEMPLOG : To   GeoLoop | 058.100
2016-11-26 11:47:16 | TEMPLOG : To   GeoLoop | 059.000
2016-11-26 11:49:18 | TEMPLOG : Table    One | 097.700
2016-11-26 11:50:19 | TEMPLOG : WellhouseOne | 054.500
2016-11-26 11:50:20 | TEMPLOG : Table    One | 098.600
2016-11-26 11:51:20 | TEMPLOG : Table    One | 097.700
2016-11-26 11:53:23 | TEMPLOG : Table    One | 098.600
2016-11-26 11:54:24 | TEMPLOG : Table    One | 097.700
2016-11-26 11:55:24 | TEMPLOG : WellhouseOne | 055.400
2016-11-26 11:57:29 | TEMPLOG : Table    One | 096.800
2016-11-26 11:59:32 | TEMPLOG : Table    One | 095.900
2016-11-26 12:00:32 | TEMPLOG : WellhouseOne | 055.400
2016-11-26 12:00:33 | TEMPLOG : Bio   Filter | 075.200
2016-11-26 12:00:33 | TEMPLOG : To   GeoLoop | 059.000
2016-11-26 12:00:33 | TEMPLOG : Table    One | 095.900
2016-11-26 12:01:35 | TEMPLOG : Table    One | 096.800
2016-11-26 12:02:37 | TEMPLOG : Table    One | 095.900
2016-11-26 12:03:38 | TEMPLOG : To   GeoLoop | 059.900
2016-11-26 12:04:38 | TEMPLOG : WellhouseOne | 056.300
2016-11-26 12:04:38 | TEMPLOG : To   GeoLoop | 059.000
2016-11-26 12:05:40 | TEMPLOG : To   GeoLoop | 059.900
2016-11-26 12:06:42 | TEMPLOG : Table    One | 096.800
2016-11-26 12:07:42 | TEMPLOG : Table    One | 095.900
2016-11-26 12:08:43 | TEMPLOG : WellhouseOne | 055.400
2016-11-26 12:08:44 | TEMPLOG : Table    One | 096.800
2016-11-26 12:09:44 | TEMPLOG : WellhouseOne | 056.300
2016-11-26 12:10:45 | TEMPLOG : WellhouseOne | 055.400
2016-11-26 12:11:46 | TEMPLOG : WellhouseOne | 056.300
2016-11-26 12:14:49 | TEMPLOG : WellhouseOne | 055.400
2016-11-26 12:16:54 | TEMPLOG : Table    One | 097.700
2016-11-26 12:17:54 | TEMPLOG : Bio   Filter | 076.100
2016-11-26 12:18:55 | TEMPLOG : Bio   Filter | 075.200
2016-11-26 12:18:56 | TEMPLOG : Table    One | 098.600
2016-11-26 12:19:56 | TEMPLOG : WellhouseOne | 056.300
2016-11-26 12:19:57 | TEMPLOG : To   GeoLoop | 060.800
2016-11-26 12:20:57 | TEMPLOG : WellhouseOne | 055.400
2016-11-26 12:21:58 | TEMPLOG : WellhouseOne | 056.300
2016-11-26 12:24:01 | TEMPLOG : WellhouseOne | 057.200
2016-11-26 12:24:02 | TEMPLOG : Table    One | 099.500
2016-11-26 12:29:10 | TEMPLOG : To   GeoLoop | 061.700
2016-11-26 12:31:13 | TEMPLOG : To   GeoLoop | 062.600
2016-11-26 12:33:15 | TEMPLOG : To   GeoLoop | 063.500
2016-11-26 12:36:18 | TEMPLOG : WellhouseOne | 058.100
2016-11-26 12:36:18 | TEMPLOG : To   GeoLoop | 064.400
2016-11-26 12:37:19 | TEMPLOG : WellhouseOne | 057.200
2016-11-26 12:40:23 | TEMPLOG : Table    One | 100.400
2016-11-26 12:46:28 | TEMPLOG : WellhouseOne | 058.100
2016-11-26 12:47:31 | TEMPLOG : WellhouseOne | 057.200
2016-11-26 12:47:32 | TEMPLOG : Table    One | 101.300
2016-11-26 12:48:32 | TEMPLOG : WellhouseOne | 058.100
2016-11-26 12:50:34 | TEMPLOG : To   GeoLoop | 065.300
2016-11-26 12:55:39 | TEMPLOG : WellhouseOne | 059.000
2016-11-26 12:56:41 | TEMPLOG : Table    One | 100.400
2016-11-26 12:57:42 | TEMPLOG : Table    One | 101.300
2016-11-26 12:58:43 | TEMPLOG : WellhouseOne | 059.900
2016-11-26 12:58:43 | TEMPLOG : To   GeoLoop | 066.200
2016-11-26 13:00:45 | TEMPLOG : WellhouseOne | 059.900
2016-11-26 13:00:45 | TEMPLOG : Bio   Filter | 075.200
2016-11-26 13:00:46 | TEMPLOG : To   GeoLoop | 065.300
2016-11-26 13:00:46 | TEMPLOG : Table    One | 101.300
2016-11-26 13:01:47 | TEMPLOG : To   GeoLoop | 066.200
2016-11-26 13:03:48 | TEMPLOG : WellhouseOne | 059.000
2016-11-26 13:05:50 | TEMPLOG : WellhouseOne | 059.900
2016-11-26 13:05:51 | TEMPLOG : Table    One | 102.200
2016-11-26 13:10:58 | TEMPLOG : WellhouseOne | 060.800
2016-11-26 13:12:01 | TEMPLOG : Table    One | 101.300
2016-11-26 13:14:03 | TEMPLOG : To   GeoLoop | 067.100
2016-11-26 13:16:06 | TEMPLOG : Table    One | 102.200
2016-11-26 13:18:07 | TEMPLOG : WellhouseOne | 061.700
2016-11-26 13:19:09 | TEMPLOG : WellhouseOne | 060.800
2016-11-26 13:21:12 | TEMPLOG : Table    One | 101.300
2016-11-26 13:22:13 | TEMPLOG : WellhouseOne | 061.700
2016-11-26 13:27:19 | TEMPLOG : Table    One | 100.400
2016-11-26 13:29:21 | TEMPLOG : WellhouseOne | 060.800
2016-11-26 13:29:21 | TEMPLOG : Table    One | 101.300
2016-11-26 13:30:22 | TEMPLOG : WellhouseOne | 061.700
2016-11-26 13:34:28 | TEMPLOG : Table    One | 100.400
2016-11-26 13:41:34 | TEMPLOG : WellhouseOne | 062.600
2016-11-26 13:49:47 | TEMPLOG : Table    One | 099.500
2016-11-26 13:58:59 | TEMPLOG : Table    One | 100.400
2016-11-26 14:00:00 | TEMPLOG : To   GeoLoop | 067.100
2016-11-26 14:00:00 | TEMPLOG : Table    One | 099.500
2016-11-26 14:01:00 | TEMPLOG : WellhouseOne | 063.500
2016-11-26 14:02:01 | TEMPLOG : WellhouseOne | 062.600
2016-11-26 14:02:02 | TEMPLOG : To   GeoLoop | 066.200
2016-11-26 14:04:03 | TEMPLOG : WellhouseOne | 061.700
2016-11-26 14:05:05 | TEMPLOG : WellhouseOne | 062.600
2016-11-26 14:06:08 | TEMPLOG : Table    One | 098.600
2016-11-26 14:07:08 | TEMPLOG : WellhouseOne | 063.500
2016-11-26 14:08:11 | TEMPLOG : Bio   Filter | 074.300
2016-11-26 14:11:15 | TEMPLOG : Table    One | 097.700
2016-11-26 14:12:15 | TEMPLOG : WellhouseOne | 062.600
2016-11-26 14:16:19 | TEMPLOG : WellhouseOne | 063.500
2016-11-26 14:18:23 | TEMPLOG : WellhouseOne | 062.600
2016-11-26 14:19:25 | TEMPLOG : WellhouseOne | 063.500
2016-11-26 14:19:25 | TEMPLOG : Bio   Filter | 073.400
2016-11-26 14:19:25 | TEMPLOG : To   GeoLoop | 065.300
2016-11-26 14:19:25 | TEMPLOG : Table    One | 096.800
2016-11-26 14:21:26 | TEMPLOG : WellhouseOne | 062.600
2016-11-26 14:22:28 | TEMPLOG : WellhouseOne | 063.500
2016-11-26 14:23:29 | TEMPLOG : To   GeoLoop | 066.200
2016-11-26 14:24:30 | TEMPLOG : WellhouseOne | 062.600
2016-11-26 14:24:31 | TEMPLOG : To   GeoLoop | 065.300
2016-11-26 14:26:33 | TEMPLOG : To   GeoLoop | 066.200
2016-11-26 14:27:35 | TEMPLOG : To   GeoLoop | 065.300
2016-11-26 14:27:35 | TEMPLOG : Table    One | 095.900
2016-11-26 14:28:36 | TEMPLOG : Table    One | 095.000
2016-11-26 14:30:38 | TEMPLOG : Bio   Filter | 072.500
2016-11-26 14:31:39 | TEMPLOG : WellhouseOne | 063.500
2016-11-26 14:35:46 | TEMPLOG : Table    One | 094.100
2016-11-26 14:38:49 | TEMPLOG : Table    One | 093.200
2016-11-26 14:39:49 | TEMPLOG : WellhouseOne | 062.600
2016-11-26 14:40:50 | TEMPLOG : Bio   Filter | 071.600
2016-11-26 14:41:52 | TEMPLOG : Table    One | 092.300
2016-11-26 14:43:55 | TEMPLOG : Table    One | 091.400
2016-11-26 14:44:56 | TEMPLOG : Table    One | 090.500
2016-11-26 14:45:57 | TEMPLOG : WellhouseOne | 061.700
2016-11-26 14:45:59 | TEMPLOG : Table    One | 089.600
2016-11-26 14:47:00 | TEMPLOG : Table    One | 088.700
2016-11-26 14:48:00 | TEMPLOG : WellhouseOne | 062.600
2016-11-26 14:48:01 | TEMPLOG : Table    One | 087.800
2016-11-26 14:50:03 | TEMPLOG : Table    One | 086.900
2016-11-26 14:52:04 | TEMPLOG : To   GeoLoop | 064.400
2016-11-26 14:52:04 | TEMPLOG : Table    One | 086.000
2016-11-26 14:53:05 | TEMPLOG : WellhouseOne | 061.700
2016-11-26 14:53:05 | TEMPLOG : Bio   Filter | 070.700
2016-11-26 14:58:11 | TEMPLOG : Table    One | 086.900
2016-11-26 15:00:14 | TEMPLOG : WellhouseOne | 061.700
2016-11-26 15:00:16 | TEMPLOG : Bio   Filter | 070.700
2016-11-26 15:00:16 | TEMPLOG : To   GeoLoop | 064.400
2016-11-26 15:00:16 | TEMPLOG : Table    One | 086.900
2016-11-26 15:02:18 | TEMPLOG : Table    One | 087.800
2016-11-26 15:03:19 | TEMPLOG : WellhouseOne | 060.800
2016-11-26 15:03:19 | TEMPLOG : Table    One | 086.900
2016-11-26 15:04:21 | TEMPLOG : WellhouseOne | 061.700
2016-11-26 15:05:23 | TEMPLOG : Bio   Filter | 069.800
2016-11-26 15:08:27 | TEMPLOG : Table    One | 086.000
2016-11-26 15:13:33 | TEMPLOG : Bio   Filter | 068.900
2016-11-26 15:13:33 | TEMPLOG : Table    One | 085.100
2016-11-26 15:17:39 | TEMPLOG : To   GeoLoop | 063.500
2016-11-26 15:18:40 | TEMPLOG : Table    One | 084.200
2016-11-26 15:21:44 | TEMPLOG : Bio   Filter | 068.000
2016-11-26 15:21:44 | TEMPLOG : Table    One | 083.300
2016-11-26 15:23:45 | TEMPLOG : WellhouseOne | 060.800
2016-11-26 15:24:46 | TEMPLOG : WellhouseOne | 061.700
2016-11-26 15:25:48 | TEMPLOG : WellhouseOne | 060.800
2016-11-26 15:25:49 | TEMPLOG : Table    One | 082.400
2016-11-26 15:28:53 | TEMPLOG : Bio   Filter | 067.100
2016-11-26 15:28:53 | TEMPLOG : Table    One | 081.500
2016-11-26 15:32:58 | TEMPLOG : Table    One | 080.600
2016-11-26 15:35:01 | TEMPLOG : Table    One | 079.700
2016-11-26 15:37:02 | TEMPLOG : To   GeoLoop | 062.600
2016-11-26 15:37:03 | TEMPLOG : Table    One | 078.800
2016-11-26 15:38:04 | TEMPLOG : To   GeoLoop | 063.500
2016-11-26 15:39:04 | TEMPLOG : WellhouseOne | 059.900
2016-11-26 15:39:05 | TEMPLOG : Bio   Filter | 066.200
2016-11-26 15:39:05 | TEMPLOG : To   GeoLoop | 062.600
2016-11-26 15:39:05 | TEMPLOG : Table    One | 077.900
2016-11-26 15:42:09 | TEMPLOG : Table    One | 077.000
2016-11-26 15:44:11 | TEMPLOG : Table    One | 076.100
2016-11-26 15:45:11 | TEMPLOG : Bio   Filter | 065.300
2016-11-26 15:46:13 | TEMPLOG : Table    One | 075.200
2016-11-26 15:49:16 | TEMPLOG : Table    One | 074.300
2016-11-26 15:51:17 | TEMPLOG : WellhouseOne | 059.000
2016-11-26 15:51:18 | TEMPLOG : Bio   Filter | 064.400
2016-11-26 15:51:18 | TEMPLOG : Table    One | 073.400
2016-11-26 15:52:19 | TEMPLOG : WellhouseOne | 059.900
2016-11-26 15:53:20 | TEMPLOG : WellhouseOne | 059.000
2016-11-26 15:53:20 | TEMPLOG : To   GeoLoop | 061.700
2016-11-26 15:53:21 | TEMPLOG : Table    One | 072.500
2016-11-26 15:55:23 | TEMPLOG : Table    One | 071.600
2016-11-26 15:56:23 | TEMPLOG : Bio   Filter | 063.500
2016-11-26 15:57:25 | TEMPLOG : Table    One | 070.700
2016-11-26 15:59:28 | TEMPLOG : Table    One | 069.800
2016-11-26 16:00:29 | TEMPLOG : WellhouseOne | 059.000
2016-11-26 16:00:30 | TEMPLOG : Bio   Filter | 063.500
2016-11-26 16:00:31 | TEMPLOG : To   GeoLoop | 061.700
2016-11-26 16:00:31 | TEMPLOG : Table    One | 069.800
2016-11-26 16:01:31 | TEMPLOG : Bio   Filter | 062.600
2016-11-26 16:01:32 | TEMPLOG : Table    One | 068.900
2016-11-26 16:03:34 | TEMPLOG : Table    One | 068.000
2016-11-26 16:05:36 | TEMPLOG : Bio   Filter | 061.700
2016-11-26 16:05:36 | TEMPLOG : Table    One | 067.100
2016-11-26 16:06:37 | TEMPLOG : WellhouseOne | 058.100
2016-11-26 16:06:38 | TEMPLOG : Table    One | 066.200
2016-11-26 16:07:38 | TEMPLOG : WellhouseOne | 059.000
2016-11-26 16:08:39 | TEMPLOG : WellhouseOne | 058.100
2016-11-26 16:08:41 | TEMPLOG : Bio   Filter | 060.800
2016-11-26 16:08:41 | TEMPLOG : Table    One | 065.300
2016-11-26 16:10:43 | TEMPLOG : To   GeoLoop | 060.800
2016-11-26 16:10:43 | TEMPLOG : Table    One | 064.400
2016-11-26 16:12:46 | TEMPLOG : Table    One | 062.600
2016-11-26 16:13:47 | TEMPLOG : Bio   Filter | 059.900
2016-11-26 16:13:47 | TEMPLOG : Table    One | 060.800
2016-11-26 16:14:48 | TEMPLOG : Table    One | 059.000
2016-11-26 16:15:49 | TEMPLOG : Bio   Filter | 059.000
2016-11-26 16:15:49 | TEMPLOG : Table    One | 058.100
2016-11-26 16:16:49 | TEMPLOG : WellhouseOne | 057.200
2016-11-26 16:16:50 | TEMPLOG : To   GeoLoop | 059.900
2016-11-26 16:16:50 | TEMPLOG : Table    One | 057.200
2016-11-26 16:17:51 | TEMPLOG : Bio   Filter | 058.100
2016-11-26 16:17:51 | TEMPLOG : Table    One | 056.300
2016-11-26 16:19:54 | TEMPLOG : Bio   Filter | 057.200
2016-11-26 16:19:55 | TEMPLOG : Table    One | 055.400
2016-11-26 16:20:56 | TEMPLOG : Table    One | 054.500
2016-11-26 16:22:58 | TEMPLOG : WellhouseOne | 056.300
2016-11-26 16:22:58 | TEMPLOG : Bio   Filter | 056.300
2016-11-26 16:22:59 | TEMPLOG : Table    One | 053.600
2016-11-26 16:24:00 | TEMPLOG : To   GeoLoop | 059.000
2016-11-26 16:25:01 | TEMPLOG : Bio   Filter | 055.400
2016-11-26 16:25:01 | TEMPLOG : To   GeoLoop | 059.900
2016-11-26 16:26:03 | TEMPLOG : To   GeoLoop | 059.000
2016-11-26 16:26:03 | TEMPLOG : Table    One | 052.700
2016-11-26 16:28:04 | TEMPLOG : Bio   Filter | 054.500
2016-11-26 16:28:05 | TEMPLOG : To   GeoLoop | 059.900
2016-11-26 16:29:05 | TEMPLOG : WellhouseOne | 055.400
2016-11-26 16:29:06 | TEMPLOG : To   GeoLoop | 059.000
2016-11-26 16:29:06 | TEMPLOG : Table    One | 051.800
2016-11-26 16:32:09 | TEMPLOG : Bio   Filter | 053.600
2016-11-26 16:33:11 | TEMPLOG : Table    One | 050.900
2016-11-26 16:34:11 | TEMPLOG : WellhouseOne | 054.500
2016-11-26 16:36:14 | TEMPLOG : Bio   Filter | 052.700
2016-11-26 16:37:16 | TEMPLOG : Table    One | 050.000
2016-11-26 16:39:18 | TEMPLOG : WellhouseOne | 053.600
2016-11-26 16:40:20 | TEMPLOG : To   GeoLoop | 058.100
2016-11-26 16:42:23 | TEMPLOG : Table    One | 049.100
2016-11-26 16:43:24 | TEMPLOG : Bio   Filter | 051.800
2016-11-26 16:44:24 | TEMPLOG : WellhouseOne | 052.700
2016-11-26 16:44:25 | TEMPLOG : To   GeoLoop | 059.000
2016-11-26 16:45:26 | TEMPLOG : To   GeoLoop | 058.100
2016-11-26 16:48:29 | TEMPLOG : Bio   Filter | 050.900
2016-11-26 16:49:30 | TEMPLOG : Table    One | 048.200
2016-11-26 16:50:30 | TEMPLOG : WellhouseOne | 051.800
2016-11-26 16:53:34 | TEMPLOG : WellhouseOne | 050.900
2016-11-26 16:53:34 | TEMPLOG : Bio   Filter | 050.000
2016-11-26 16:54:35 | TEMPLOG : WellhouseOne | 051.800
2016-11-26 16:55:37 | TEMPLOG : WellhouseOne | 050.900
2016-11-26 16:57:41 | TEMPLOG : Table    One | 047.300
2016-11-26 16:58:42 | TEMPLOG : WellhouseOne | 051.800
2016-11-26 17:00:44 | TEMPLOG : WellhouseOne | 050.900
2016-11-26 17:00:44 | TEMPLOG : Bio   Filter | 050.000
2016-11-26 17:00:44 | TEMPLOG : To   GeoLoop | 058.100
2016-11-26 17:00:45 | TEMPLOG : Table    One | 047.300
2016-11-26 17:01:45 | TEMPLOG : WellhouseOne | 051.800
2016-11-26 17:02:46 | TEMPLOG : WellhouseOne | 050.900
2016-11-26 17:05:52 | TEMPLOG : To   GeoLoop | 057.200
2016-11-26 17:06:52 | TEMPLOG : WellhouseOne | 050.000
2016-11-26 17:06:52 | TEMPLOG : Bio   Filter | 049.100
2016-11-26 17:06:53 | TEMPLOG : Table    One | 046.400
2016-11-26 17:07:53 | TEMPLOG : Bio   Filter | 050.000
2016-11-26 17:07:54 | TEMPLOG : Table    One | 047.300
2016-11-26 17:08:56 | TEMPLOG : Bio   Filter | 049.100
2016-11-26 17:08:56 | TEMPLOG : To   GeoLoop | 058.100
2016-11-26 17:08:57 | TEMPLOG : Table    One | 046.400
2016-11-26 17:09:58 | TEMPLOG : To   GeoLoop | 057.200
2016-11-26 17:10:59 | TEMPLOG : To   GeoLoop | 058.100
2016-11-26 17:12:00 | TEMPLOG : To   GeoLoop | 057.200
2016-11-26 17:15:03 | TEMPLOG : WellhouseOne | 049.100
2016-11-26 17:16:03 | TEMPLOG : Bio   Filter | 048.200
2016-11-26 17:17:06 | TEMPLOG : Table    One | 045.500
2016-11-26 17:19:07 | TEMPLOG : WellhouseOne | 048.200
2016-11-26 17:21:08 | TEMPLOG : WellhouseOne | 049.100
2016-11-26 17:22:09 | TEMPLOG : WellhouseOne | 048.200
2016-11-26 17:35:25 | TEMPLOG : WellhouseOne | 047.300
2016-11-26 17:40:32 | TEMPLOG : WellhouseOne | 046.400
2016-11-26 17:41:34 | TEMPLOG : Bio   Filter | 047.300
2016-11-26 17:42:35 | TEMPLOG : Bio   Filter | 048.200
2016-11-26 17:43:36 | TEMPLOG : Bio   Filter | 047.300
2016-11-26 17:49:46 | TEMPLOG : Table    One | 044.600
2016-11-26 17:50:47 | TEMPLOG : Table    One | 045.500
2016-11-26 17:51:49 | TEMPLOG : Table    One | 044.600
2016-11-26 17:59:58 | TEMPLOG : WellhouseOne | 045.500
2016-11-26 18:00:59 | TEMPLOG : WellhouseOne | 045.500
2016-11-26 18:00:59 | TEMPLOG : Bio   Filter | 047.300
2016-11-26 18:00:59 | TEMPLOG : To   GeoLoop | 057.200
2016-11-26 18:00:59 | TEMPLOG : Table    One | 044.600
2016-11-26 18:08:07 | TEMPLOG : Bio   Filter | 046.400
2016-11-26 18:09:08 | TEMPLOG : WellhouseOne | 044.600
2016-11-26 18:09:08 | TEMPLOG : To   GeoLoop | 056.300
2016-11-26 18:11:11 | TEMPLOG : WellhouseOne | 045.500
2016-11-26 18:16:18 | TEMPLOG : WellhouseOne | 044.600
2016-11-26 18:25:30 | TEMPLOG : WellhouseOne | 043.700
2016-11-26 18:30:36 | TEMPLOG : WellhouseOne | 044.600
2016-11-26 18:34:41 | TEMPLOG : WellhouseOne | 045.500
2016-11-26 18:36:44 | TEMPLOG : WellhouseOne | 046.400
2016-11-26 18:43:57 | TEMPLOG : Table    One | 045.500
2016-11-26 18:44:58 | TEMPLOG : To   GeoLoop | 057.200
2016-11-26 18:44:58 | TEMPLOG : Table    One | 044.600
2016-11-26 18:45:59 | TEMPLOG : To   GeoLoop | 056.300
2016-11-26 18:45:59 | TEMPLOG : Table    One | 045.500
2016-11-26 18:47:00 | TEMPLOG : Bio   Filter | 047.300
2016-11-26 18:48:02 | TEMPLOG : To   GeoLoop | 057.200
2016-11-26 18:49:04 | TEMPLOG : To   GeoLoop | 056.300
2016-11-26 18:52:08 | TEMPLOG : To   GeoLoop | 057.200
2016-11-26 18:54:10 | TEMPLOG : WellhouseOne | 045.500
2016-11-26 18:58:14 | TEMPLOG : WellhouseOne | 046.400
2016-11-26 18:59:15 | TEMPLOG : WellhouseOne | 045.500
2016-11-26 19:00:16 | TEMPLOG : WellhouseOne | 045.500
2016-11-26 19:00:16 | TEMPLOG : Bio   Filter | 047.300
2016-11-26 19:00:17 | TEMPLOG : To   GeoLoop | 057.200
2016-11-26 19:00:17 | TEMPLOG : Table    One | 046.400
2016-11-26 19:01:18 | TEMPLOG : Bio   Filter | 048.200
2016-11-26 19:01:18 | TEMPLOG : Table    One | 045.500
2016-11-26 19:02:20 | TEMPLOG : Table    One | 046.400
2016-11-26 19:04:22 | TEMPLOG : To   GeoLoop | 056.300
2016-11-26 19:06:27 | TEMPLOG : To   GeoLoop | 057.200
2016-11-26 19:10:33 | TEMPLOG : To   GeoLoop | 056.300
2016-11-26 19:11:35 | TEMPLOG : To   GeoLoop | 057.200
2016-11-26 19:12:36 | TEMPLOG : To   GeoLoop | 056.300
2016-11-26 19:15:39 | TEMPLOG : To   GeoLoop | 057.200
2016-11-26 19:17:43 | TEMPLOG : To   GeoLoop | 056.300
2016-11-26 19:19:45 | TEMPLOG : WellhouseOne | 046.400
2016-11-26 19:20:47 | TEMPLOG : WellhouseOne | 047.300
2016-11-26 19:23:50 | TEMPLOG : To   GeoLoop | 057.200
2016-11-26 19:27:55 | TEMPLOG : WellhouseOne | 046.400
2016-11-26 19:27:56 | TEMPLOG : To   GeoLoop | 056.300
2016-11-26 19:29:57 | TEMPLOG : Bio   Filter | 049.100
2016-11-26 19:30:59 | TEMPLOG : Table    One | 047.300
2016-11-26 19:33:02 | TEMPLOG : To   GeoLoop | 057.200
2016-11-26 19:34:03 | TEMPLOG : To   GeoLoop | 056.300
2016-11-26 19:35:04 | TEMPLOG : To   GeoLoop | 057.200
2016-11-26 19:36:05 | TEMPLOG : To   GeoLoop | 056.300
2016-11-26 19:37:07 | TEMPLOG : To   GeoLoop | 057.200
2016-11-26 19:39:10 | TEMPLOG : To   GeoLoop | 056.300
2016-11-26 19:40:11 | TEMPLOG : To   GeoLoop | 057.200
2016-11-26 19:41:11 | TEMPLOG : WellhouseOne | 045.500
2016-11-26 19:41:12 | TEMPLOG : To   GeoLoop | 056.300
2016-11-26 19:42:12 | TEMPLOG : WellhouseOne | 046.400
2016-11-26 19:44:14 | TEMPLOG : WellhouseOne | 045.500
2016-11-26 19:45:16 | TEMPLOG : To   GeoLoop | 057.200
2016-11-26 19:46:17 | TEMPLOG : To   GeoLoop | 056.300
2016-11-26 19:48:19 | TEMPLOG : To   GeoLoop | 057.200
2016-11-26 19:49:20 | TEMPLOG : To   GeoLoop | 056.300
2016-11-26 19:51:22 | TEMPLOG : To   GeoLoop | 057.200
2016-11-26 19:54:26 | TEMPLOG : To   GeoLoop | 056.300
2016-11-26 19:55:27 | TEMPLOG : To   GeoLoop | 057.200
2016-11-26 19:56:29 | TEMPLOG : To   GeoLoop | 056.300
2016-11-26 19:57:30 | TEMPLOG : To   GeoLoop | 057.200
2016-11-26 19:58:31 | TEMPLOG : To   GeoLoop | 056.300
2016-11-26 19:59:31 | TEMPLOG : To   GeoLoop | 057.200
2016-11-26 20:00:32 | TEMPLOG : WellhouseOne | 045.500
2016-11-26 20:00:32 | TEMPLOG : Bio   Filter | 049.100
2016-11-26 20:00:33 | TEMPLOG : To   GeoLoop | 056.300
2016-11-26 20:00:34 | TEMPLOG : Table    One | 047.300
2016-11-26 20:01:34 | TEMPLOG : WellhouseOne | 046.400
2016-11-26 20:03:37 | TEMPLOG : WellhouseOne | 047.300
2016-11-26 20:03:37 | TEMPLOG : To   GeoLoop | 057.200
2016-11-26 20:05:40 | TEMPLOG : WellhouseOne | 048.200
2016-11-26 20:05:40 | TEMPLOG : To   GeoLoop | 056.300
2016-11-26 20:06:41 | TEMPLOG : WellhouseOne | 047.300
2016-11-26 20:08:45 | TEMPLOG : Table    One | 046.400
2016-11-26 20:10:46 | TEMPLOG : Bio   Filter | 048.200
2016-11-26 20:15:53 | TEMPLOG : WellhouseOne | 046.400
2016-11-26 20:26:08 | TEMPLOG : Table    One | 047.300
2016-11-26 20:27:09 | TEMPLOG : Bio   Filter | 049.100
2016-11-26 20:29:12 | TEMPLOG : WellhouseOne | 045.500
2016-11-26 20:29:12 | TEMPLOG : Bio   Filter | 048.200
2016-11-26 20:30:13 | TEMPLOG : WellhouseOne | 046.400
2016-11-26 20:30:13 | TEMPLOG : Bio   Filter | 049.100
2016-11-26 20:32:16 | TEMPLOG : WellhouseOne | 045.500
2016-11-26 20:39:24 | TEMPLOG : Bio   Filter | 048.200
2016-11-26 20:39:25 | TEMPLOG : Table    One | 046.400
2016-11-26 20:40:26 | TEMPLOG : Bio   Filter | 049.100
2016-11-26 20:40:27 | TEMPLOG : Table    One | 047.300
2016-11-26 20:41:27 | TEMPLOG : Table    One | 046.400
2016-11-26 20:42:28 | TEMPLOG : Bio   Filter | 048.200
2016-11-26 20:44:30 | TEMPLOG : WellhouseOne | 046.400
2016-11-26 20:46:32 | TEMPLOG : WellhouseOne | 047.300
2016-11-26 20:52:39 | TEMPLOG : WellhouseOne | 046.400
2016-11-26 20:58:47 | TEMPLOG : Bio   Filter | 049.100
2016-11-26 20:59:48 | TEMPLOG : Bio   Filter | 048.200
2016-11-26 21:00:49 | TEMPLOG : WellhouseOne | 046.400
2016-11-26 21:00:49 | TEMPLOG : Bio   Filter | 048.200
2016-11-26 21:00:50 | TEMPLOG : To   GeoLoop | 056.300
2016-11-26 21:00:50 | TEMPLOG : Table    One | 046.400
2016-11-26 21:10:00 | TEMPLOG : WellhouseOne | 045.500
2016-11-26 21:19:10 | TEMPLOG : To   GeoLoop | 055.400
2016-11-26 21:19:10 | TEMPLOG : Table    One | 045.500
2016-11-26 21:21:12 | TEMPLOG : Bio   Filter | 047.300
2016-11-26 21:24:16 | TEMPLOG : Bio   Filter | 048.200
2016-11-26 21:24:16 | TEMPLOG : To   GeoLoop | 056.300
2016-11-26 21:25:17 | TEMPLOG : Bio   Filter | 047.300
2016-11-26 21:25:17 | TEMPLOG : To   GeoLoop | 055.400
2016-11-26 21:27:20 | TEMPLOG : WellhouseOne | 046.400
2016-11-26 21:30:26 | TEMPLOG : WellhouseOne | 047.300
2016-11-26 21:32:30 | TEMPLOG : WellhouseOne | 046.400
2016-11-26 21:40:41 | TEMPLOG : WellhouseOne | 045.500
2016-11-26 21:56:59 | TEMPLOG : Table    One | 044.600
2016-11-26 22:00:01 | TEMPLOG : WellhouseOne | 045.500
2016-11-26 22:00:01 | TEMPLOG : Bio   Filter | 047.300
2016-11-26 22:00:01 | TEMPLOG : To   GeoLoop | 055.400
2016-11-26 22:00:01 | TEMPLOG : Table    One | 044.600
2016-11-26 22:05:07 | TEMPLOG : WellhouseOne | 044.600
2016-11-26 22:09:12 | TEMPLOG : WellhouseOne | 045.500
2016-11-26 22:17:24 | TEMPLOG : WellhouseOne | 044.600
2016-11-26 22:18:25 | TEMPLOG : Bio   Filter | 046.400
2016-11-26 22:26:36 | TEMPLOG : WellhouseOne | 043.700
2016-11-26 22:26:36 | TEMPLOG : To   GeoLoop | 054.500
2016-11-26 22:27:38 | TEMPLOG : To   GeoLoop | 055.400
2016-11-26 22:29:40 | TEMPLOG : WellhouseOne | 044.600
2016-11-26 22:30:42 | TEMPLOG : WellhouseOne | 043.700
2016-11-26 22:30:42 | TEMPLOG : To   GeoLoop | 054.500
2016-11-26 22:31:44 | TEMPLOG : To   GeoLoop | 055.400
2016-11-26 22:32:45 | TEMPLOG : To   GeoLoop | 054.500
2016-11-26 22:34:49 | TEMPLOG : To   GeoLoop | 055.400
2016-11-26 22:37:52 | TEMPLOG : To   GeoLoop | 054.500
2016-11-26 22:41:56 | TEMPLOG : WellhouseOne | 042.800
2016-11-26 22:45:01 | TEMPLOG : Bio   Filter | 047.300
2016-11-26 22:50:06 | TEMPLOG : WellhouseOne | 043.700
2016-11-26 22:50:07 | TEMPLOG : Bio   Filter | 046.400
2016-11-26 22:57:15 | TEMPLOG : WellhouseOne | 042.800
2016-11-26 23:00:20 | TEMPLOG : WellhouseOne | 042.800
2016-11-26 23:00:20 | TEMPLOG : Bio   Filter | 046.400
2016-11-26 23:00:21 | TEMPLOG : To   GeoLoop | 054.500
2016-11-26 23:00:21 | TEMPLOG : Table    One | 044.600
2016-11-26 23:02:24 | TEMPLOG : Table    One | 043.700
2016-11-26 23:05:27 | TEMPLOG : WellhouseOne | 041.900
2016-11-26 23:15:39 | TEMPLOG : WellhouseOne | 041.000
2016-11-26 23:29:57 | TEMPLOG : Bio   Filter | 045.500
2016-11-26 23:30:58 | TEMPLOG : WellhouseOne | 041.900
2016-11-26 23:31:59 | TEMPLOG : Bio   Filter | 046.400
2016-11-26 23:33:01 | TEMPLOG : Bio   Filter | 045.500
2016-11-26 23:34:02 | TEMPLOG : Bio   Filter | 046.400
2016-11-26 23:37:05 | TEMPLOG : Bio   Filter | 045.500
2016-11-26 23:40:09 | TEMPLOG : WellhouseOne | 041.000
2016-11-26 23:47:19 | TEMPLOG : Bio   Filter | 046.400
2016-11-26 23:48:21 | TEMPLOG : Bio   Filter | 045.500
2016-11-26 23:49:22 | TEMPLOG : Bio   Filter | 046.400
2016-11-26 23:50:24 | TEMPLOG : To   GeoLoop | 053.600
2016-11-26 23:52:26 | TEMPLOG : WellhouseOne | 040.100
2016-11-26 23:52:27 | TEMPLOG : To   GeoLoop | 054.500
2016-11-26 23:53:28 | TEMPLOG : To   GeoLoop | 053.600
2016-11-26 23:59:36 | TEMPLOG : Bio   Filter | 045.500
