2016-12-18 00:00:40 | TEMPLOG : WellhouseOne | 127.400
2016-12-18 00:00:40 | TEMPLOG : Bio   Filter | 013.100
2016-12-18 00:00:41 | TEMPLOG : Table    One | 013.100
2016-12-18 00:01:41 | TEMPLOG : WellhouseOne | 128.300
2016-12-18 00:01:41 | TEMPLOG : Table    One | 014.000
2016-12-18 00:02:42 | TEMPLOG : WellhouseOne | 127.400
2016-12-18 00:04:46 | TEMPLOG : WellhouseOne | 128.300
2016-12-18 00:04:46 | TEMPLOG : Bio   Filter | 014.000
2016-12-18 00:05:47 | TEMPLOG : WellhouseOne | 127.400
2016-12-18 00:06:49 | TEMPLOG : WellhouseOne | 128.300
2016-12-18 00:07:50 | TEMPLOG : WellhouseOne | 129.200
2016-12-18 00:08:51 | TEMPLOG : WellhouseOne | 128.300
2016-12-18 00:09:53 | TEMPLOG : WellhouseOne | 127.400
2016-12-18 00:10:54 | TEMPLOG : WellhouseOne | 125.600
2016-12-18 00:10:55 | TEMPLOG : Bio   Filter | 013.100
2016-12-18 00:11:56 | TEMPLOG : WellhouseOne | 126.500
2016-12-18 00:11:57 | TEMPLOG : Bio   Filter | 014.000
2016-12-18 00:12:58 | TEMPLOG : WellhouseOne | 123.800
2016-12-18 00:13:59 | TEMPLOG : WellhouseOne | 127.400
2016-12-18 00:16:01 | TEMPLOG : WellhouseOne | 128.300
2016-12-18 00:20:08 | TEMPLOG : WellhouseOne | 130.100
2016-12-18 00:21:10 | TEMPLOG : Table    One | 014.900
2016-12-18 00:22:11 | TEMPLOG : Table    One | 014.000
2016-12-18 00:23:12 | TEMPLOG : WellhouseOne | 131.000
2016-12-18 00:24:12 | TEMPLOG : WellhouseOne | 129.200
2016-12-18 00:25:14 | TEMPLOG : WellhouseOne | 128.300
2016-12-18 00:26:15 | TEMPLOG : WellhouseOne | 123.800
2016-12-18 00:27:17 | TEMPLOG : WellhouseOne | 127.400
2016-12-18 00:31:20 | TEMPLOG : WellhouseOne | 126.500
2016-12-18 00:32:22 | TEMPLOG : WellhouseOne | 127.400
2016-12-18 00:34:24 | TEMPLOG : WellhouseOne | 128.300
2016-12-18 00:36:27 | TEMPLOG : WellhouseOne | 129.200
2016-12-18 00:36:28 | TEMPLOG : Table    One | 014.900
2016-12-18 00:37:30 | TEMPLOG : Table    One | 014.000
2016-12-18 00:41:34 | TEMPLOG : WellhouseOne | 128.300
2016-12-18 00:42:35 | TEMPLOG : WellhouseOne | 129.200
2016-12-18 00:42:35 | TEMPLOG : Table    One | 014.900
2016-12-18 00:43:36 | TEMPLOG : WellhouseOne | 128.300
2016-12-18 00:44:37 | TEMPLOG : WellhouseOne | 129.200
2016-12-18 00:44:38 | TEMPLOG : Table    One | 014.000
2016-12-18 00:45:38 | TEMPLOG : WellhouseOne | 130.100
2016-12-18 00:46:40 | TEMPLOG : WellhouseOne | 129.200
2016-12-18 00:47:41 | TEMPLOG : WellhouseOne | 128.300
2016-12-18 00:49:44 | TEMPLOG : WellhouseOne | 130.100
2016-12-18 00:50:45 | TEMPLOG : WellhouseOne | 129.200
2016-12-18 00:51:46 | TEMPLOG : WellhouseOne | 131.000
2016-12-18 00:52:47 | TEMPLOG : WellhouseOne | 131.900
2016-12-18 00:53:48 | TEMPLOG : WellhouseOne | 131.000
2016-12-18 00:54:49 | TEMPLOG : WellhouseOne | 130.100
2016-12-18 00:56:52 | TEMPLOG : WellhouseOne | 128.300
2016-12-18 00:57:54 | TEMPLOG : WellhouseOne | 129.200
2016-12-18 01:00:59 | TEMPLOG : WellhouseOne | 130.100
2016-12-18 01:00:59 | TEMPLOG : Bio   Filter | 014.000
2016-12-18 01:00:59 | TEMPLOG : To   GeoLoop | 031.100
2016-12-18 01:00:59 | TEMPLOG : Table    One | 014.000
2016-12-18 01:02:00 | TEMPLOG : WellhouseOne | 128.300
2016-12-18 01:04:02 | TEMPLOG : WellhouseOne | 129.200
2016-12-18 01:05:03 | TEMPLOG : WellhouseOne | 128.300
2016-12-18 01:06:04 | TEMPLOG : WellhouseOne | 126.500
2016-12-18 01:07:06 | TEMPLOG : WellhouseOne | 128.300
2016-12-18 01:08:07 | TEMPLOG : WellhouseOne | 131.000
2016-12-18 01:09:08 | TEMPLOG : WellhouseOne | 129.200
2016-12-18 01:10:09 | TEMPLOG : WellhouseOne | 126.500
2016-12-18 01:11:10 | TEMPLOG : WellhouseOne | 130.100
2016-12-18 01:12:11 | TEMPLOG : WellhouseOne | 128.300
2016-12-18 01:13:13 | TEMPLOG : WellhouseOne | 129.200
2016-12-18 01:14:14 | TEMPLOG : WellhouseOne | 125.600
2016-12-18 01:15:15 | TEMPLOG : WellhouseOne | 126.500
2016-12-18 01:16:16 | TEMPLOG : WellhouseOne | 129.200
2016-12-18 01:17:18 | TEMPLOG : WellhouseOne | 128.300
2016-12-18 01:18:19 | TEMPLOG : WellhouseOne | 127.400
2016-12-18 01:19:20 | TEMPLOG : WellhouseOne | 128.300
2016-12-18 01:20:21 | TEMPLOG : WellhouseOne | 131.000
2016-12-18 01:23:24 | TEMPLOG : WellhouseOne | 129.200
2016-12-18 01:24:25 | TEMPLOG : WellhouseOne | 126.500
2016-12-18 01:26:26 | TEMPLOG : WellhouseOne | 128.300
2016-12-18 01:27:28 | TEMPLOG : WellhouseOne | 127.400
2016-12-18 01:28:29 | TEMPLOG : WellhouseOne | 128.300
2016-12-18 01:29:30 | TEMPLOG : WellhouseOne | 129.200
2016-12-18 01:31:33 | TEMPLOG : WellhouseOne | 126.500
2016-12-18 01:33:37 | TEMPLOG : WellhouseOne | 125.600
2016-12-18 01:34:38 | TEMPLOG : WellhouseOne | 127.400
2016-12-18 01:35:39 | TEMPLOG : WellhouseOne | 128.300
2016-12-18 01:36:40 | TEMPLOG : WellhouseOne | 131.900
2016-12-18 01:37:40 | TEMPLOG : WellhouseOne | 128.300
2016-12-18 01:38:42 | TEMPLOG : WellhouseOne | 130.100
2016-12-18 01:40:44 | TEMPLOG : WellhouseOne | 129.200
2016-12-18 01:41:47 | TEMPLOG : WellhouseOne | 128.300
2016-12-18 01:42:47 | TEMPLOG : WellhouseOne | 126.500
2016-12-18 01:43:48 | TEMPLOG : WellhouseOne | 132.800
2016-12-18 01:43:49 | TEMPLOG : Bio   Filter | 014.900
2016-12-18 01:44:49 | TEMPLOG : WellhouseOne | 130.100
2016-12-18 01:45:51 | TEMPLOG : WellhouseOne | 132.800
2016-12-18 01:45:51 | TEMPLOG : Bio   Filter | 014.000
2016-12-18 01:46:52 | TEMPLOG : WellhouseOne | 131.000
2016-12-18 01:47:53 | TEMPLOG : WellhouseOne | 128.300
2016-12-18 01:48:54 | TEMPLOG : WellhouseOne | 131.900
2016-12-18 01:49:56 | TEMPLOG : WellhouseOne | 134.600
2016-12-18 01:50:57 | TEMPLOG : WellhouseOne | 135.500
2016-12-18 01:51:58 | TEMPLOG : WellhouseOne | 132.800
2016-12-18 01:52:58 | TEMPLOG : WellhouseOne | 133.700
2016-12-18 01:54:00 | TEMPLOG : WellhouseOne | 132.800
2016-12-18 01:55:01 | TEMPLOG : WellhouseOne | 131.900
2016-12-18 01:56:02 | TEMPLOG : WellhouseOne | 131.000
2016-12-18 01:57:04 | TEMPLOG : Table    One | 014.900
2016-12-18 01:58:04 | TEMPLOG : WellhouseOne | 127.400
2016-12-18 01:58:05 | TEMPLOG : Table    One | 014.000
2016-12-18 01:59:05 | TEMPLOG : WellhouseOne | 128.300
2016-12-18 01:59:07 | TEMPLOG : Table    One | 014.900
2016-12-18 02:00:07 | TEMPLOG : WellhouseOne | 130.100
2016-12-18 02:00:07 | TEMPLOG : Bio   Filter | 014.000
2016-12-18 02:00:08 | TEMPLOG : To   GeoLoop | 031.100
2016-12-18 02:00:09 | TEMPLOG : Table    One | 014.900
2016-12-18 02:01:10 | TEMPLOG : Table    One | 014.000
2016-12-18 02:02:13 | TEMPLOG : Table    One | 014.900
2016-12-18 02:03:13 | TEMPLOG : WellhouseOne | 123.800
2016-12-18 02:03:14 | TEMPLOG : Table    One | 014.000
2016-12-18 02:04:14 | TEMPLOG : WellhouseOne | 127.400
2016-12-18 02:05:15 | TEMPLOG : WellhouseOne | 129.200
2016-12-18 02:06:16 | TEMPLOG : WellhouseOne | 130.100
2016-12-18 02:06:17 | TEMPLOG : Table    One | 014.900
2016-12-18 02:08:18 | TEMPLOG : WellhouseOne | 131.000
2016-12-18 02:09:19 | TEMPLOG : WellhouseOne | 130.100
2016-12-18 02:09:21 | TEMPLOG : Table    One | 014.000
2016-12-18 02:11:22 | TEMPLOG : WellhouseOne | 131.000
2016-12-18 02:12:23 | TEMPLOG : WellhouseOne | 131.900
2016-12-18 02:12:24 | TEMPLOG : Bio   Filter | 014.900
2016-12-18 02:12:25 | TEMPLOG : Table    One | 014.900
2016-12-18 02:14:26 | TEMPLOG : WellhouseOne | 131.000
2016-12-18 02:16:28 | TEMPLOG : WellhouseOne | 129.200
2016-12-18 02:17:29 | TEMPLOG : WellhouseOne | 125.600
2016-12-18 02:18:30 | TEMPLOG : WellhouseOne | 126.500
2016-12-18 02:19:31 | TEMPLOG : WellhouseOne | 129.200
2016-12-18 02:20:32 | TEMPLOG : WellhouseOne | 130.100
2016-12-18 02:24:37 | TEMPLOG : WellhouseOne | 131.900
2016-12-18 02:27:41 | TEMPLOG : WellhouseOne | 131.000
2016-12-18 02:28:43 | TEMPLOG : WellhouseOne | 132.800
2016-12-18 02:29:43 | TEMPLOG : WellhouseOne | 131.900
2016-12-18 02:30:44 | TEMPLOG : WellhouseOne | 132.800
2016-12-18 02:31:46 | TEMPLOG : WellhouseOne | 131.900
2016-12-18 02:32:47 | TEMPLOG : WellhouseOne | 131.000
2016-12-18 02:34:49 | TEMPLOG : WellhouseOne | 131.900
2016-12-18 02:36:52 | TEMPLOG : WellhouseOne | 132.800
2016-12-18 02:37:54 | TEMPLOG : WellhouseOne | 131.000
2016-12-18 02:40:59 | TEMPLOG : WellhouseOne | 131.900
2016-12-18 02:42:00 | TEMPLOG : WellhouseOne | 132.800
2016-12-18 02:43:01 | TEMPLOG : WellhouseOne | 131.000
2016-12-18 02:44:02 | TEMPLOG : WellhouseOne | 130.100
2016-12-18 02:45:03 | TEMPLOG : WellhouseOne | 131.900
2016-12-18 02:46:05 | TEMPLOG : WellhouseOne | 131.000
2016-12-18 02:47:06 | TEMPLOG : WellhouseOne | 129.200
2016-12-18 02:48:06 | TEMPLOG : WellhouseOne | 127.400
2016-12-18 02:49:09 | TEMPLOG : WellhouseOne | 129.200
2016-12-18 02:51:11 | TEMPLOG : WellhouseOne | 131.900
2016-12-18 02:52:13 | TEMPLOG : WellhouseOne | 131.000
2016-12-18 02:53:14 | TEMPLOG : WellhouseOne | 130.100
2016-12-18 02:54:15 | TEMPLOG : WellhouseOne | 131.000
2016-12-18 02:55:15 | TEMPLOG : WellhouseOne | 130.100
2016-12-18 02:57:18 | TEMPLOG : WellhouseOne | 131.000
2016-12-18 02:58:19 | TEMPLOG : WellhouseOne | 131.900
2016-12-18 03:00:23 | TEMPLOG : WellhouseOne | 131.000
2016-12-18 03:00:23 | TEMPLOG : Bio   Filter | 014.900
2016-12-18 03:00:23 | TEMPLOG : To   GeoLoop | 031.100
2016-12-18 03:00:23 | TEMPLOG : Table    One | 014.900
2016-12-18 03:03:25 | TEMPLOG : WellhouseOne | 131.900
2016-12-18 03:04:27 | TEMPLOG : WellhouseOne | 134.600
2016-12-18 03:05:28 | TEMPLOG : WellhouseOne | 137.300
2016-12-18 03:06:29 | TEMPLOG : WellhouseOne | 136.400
2016-12-18 03:07:30 | TEMPLOG : WellhouseOne | 135.500
2016-12-18 03:07:31 | TEMPLOG : Table    One | 014.000
2016-12-18 03:08:32 | TEMPLOG : WellhouseOne | 133.700
2016-12-18 03:08:32 | TEMPLOG : Bio   Filter | 014.000
2016-12-18 03:08:32 | TEMPLOG : To   GeoLoop | 030.200
2016-12-18 03:09:33 | TEMPLOG : WellhouseOne | 136.400
2016-12-18 03:10:34 | TEMPLOG : WellhouseOne | 134.600
2016-12-18 03:11:35 | TEMPLOG : WellhouseOne | 131.900
2016-12-18 03:11:36 | TEMPLOG : Table    One | 013.100
2016-12-18 03:12:36 | TEMPLOG : WellhouseOne | 132.800
2016-12-18 03:12:37 | TEMPLOG : Table    One | 014.000
2016-12-18 03:14:38 | TEMPLOG : WellhouseOne | 131.900
2016-12-18 03:15:39 | TEMPLOG : WellhouseOne | 131.000
2016-12-18 03:16:40 | TEMPLOG : WellhouseOne | 131.900
2016-12-18 03:16:40 | TEMPLOG : Bio   Filter | 014.900
2016-12-18 03:17:41 | TEMPLOG : WellhouseOne | 131.000
2016-12-18 03:18:42 | TEMPLOG : WellhouseOne | 131.900
2016-12-18 03:19:44 | TEMPLOG : WellhouseOne | 130.100
2016-12-18 03:20:45 | TEMPLOG : WellhouseOne | 131.900
2016-12-18 03:21:46 | TEMPLOG : WellhouseOne | 131.000
2016-12-18 03:21:48 | TEMPLOG : Table    One | 014.900
2016-12-18 03:22:48 | TEMPLOG : WellhouseOne | 133.700
2016-12-18 03:22:48 | TEMPLOG : To   GeoLoop | 031.100
2016-12-18 03:22:49 | TEMPLOG : Table    One | 014.000
2016-12-18 03:23:49 | TEMPLOG : WellhouseOne | 135.500
2016-12-18 03:23:49 | TEMPLOG : To   GeoLoop | 030.200
2016-12-18 03:24:50 | TEMPLOG : Bio   Filter | 014.000
2016-12-18 03:25:51 | TEMPLOG : WellhouseOne | 134.600
2016-12-18 03:26:53 | TEMPLOG : WellhouseOne | 136.400
2016-12-18 03:27:54 | TEMPLOG : WellhouseOne | 132.800
2016-12-18 03:28:55 | TEMPLOG : WellhouseOne | 126.500
2016-12-18 03:29:55 | TEMPLOG : WellhouseOne | 131.900
2016-12-18 03:30:58 | TEMPLOG : WellhouseOne | 130.100
2016-12-18 03:31:59 | TEMPLOG : WellhouseOne | 133.700
2016-12-18 03:33:00 | TEMPLOG : WellhouseOne | 131.900
2016-12-18 03:35:01 | TEMPLOG : WellhouseOne | 134.600
2016-12-18 03:37:04 | TEMPLOG : WellhouseOne | 133.700
2016-12-18 03:38:05 | TEMPLOG : WellhouseOne | 132.800
2016-12-18 03:39:06 | TEMPLOG : WellhouseOne | 131.900
2016-12-18 03:40:07 | TEMPLOG : WellhouseOne | 126.500
2016-12-18 03:41:08 | TEMPLOG : WellhouseOne | 123.800
2016-12-18 03:43:10 | TEMPLOG : WellhouseOne | 126.500
2016-12-18 03:43:11 | TEMPLOG : Table    One | 014.900
2016-12-18 03:44:11 | TEMPLOG : WellhouseOne | 128.300
2016-12-18 03:44:13 | TEMPLOG : Table    One | 014.000
2016-12-18 03:46:15 | TEMPLOG : WellhouseOne | 125.600
2016-12-18 03:46:16 | TEMPLOG : Table    One | 014.900
2016-12-18 03:47:16 | TEMPLOG : WellhouseOne | 129.200
2016-12-18 03:48:18 | TEMPLOG : Table    One | 014.000
2016-12-18 03:49:19 | TEMPLOG : WellhouseOne | 127.400
2016-12-18 03:50:20 | TEMPLOG : WellhouseOne | 128.300
2016-12-18 03:51:22 | TEMPLOG : WellhouseOne | 130.100
2016-12-18 03:52:23 | TEMPLOG : WellhouseOne | 129.200
2016-12-18 03:53:24 | TEMPLOG : WellhouseOne | 131.000
2016-12-18 03:53:25 | TEMPLOG : Table    One | 014.900
2016-12-18 03:55:28 | TEMPLOG : WellhouseOne | 130.100
2016-12-18 03:56:29 | TEMPLOG : WellhouseOne | 129.200
2016-12-18 03:56:29 | TEMPLOG : Bio   Filter | 014.900
2016-12-18 03:59:33 | TEMPLOG : WellhouseOne | 130.100
2016-12-18 04:00:34 | TEMPLOG : WellhouseOne | 131.900
2016-12-18 04:00:34 | TEMPLOG : Bio   Filter | 014.900
2016-12-18 04:00:35 | TEMPLOG : To   GeoLoop | 030.200
2016-12-18 04:00:35 | TEMPLOG : Table    One | 014.900
2016-12-18 04:01:35 | TEMPLOG : WellhouseOne | 127.400
2016-12-18 04:02:36 | TEMPLOG : WellhouseOne | 131.000
2016-12-18 04:03:37 | TEMPLOG : WellhouseOne | 130.100
2016-12-18 04:04:39 | TEMPLOG : WellhouseOne | 133.700
2016-12-18 04:05:41 | TEMPLOG : WellhouseOne | 131.900
2016-12-18 04:06:42 | TEMPLOG : WellhouseOne | 130.100
2016-12-18 04:07:42 | TEMPLOG : WellhouseOne | 131.000
2016-12-18 04:08:44 | TEMPLOG : WellhouseOne | 133.700
2016-12-18 04:09:45 | TEMPLOG : WellhouseOne | 134.600
2016-12-18 04:10:46 | TEMPLOG : WellhouseOne | 132.800
2016-12-18 04:12:49 | TEMPLOG : WellhouseOne | 129.200
2016-12-18 04:13:51 | TEMPLOG : WellhouseOne | 131.900
2016-12-18 04:14:52 | TEMPLOG : WellhouseOne | 131.000
2016-12-18 04:16:54 | TEMPLOG : WellhouseOne | 131.900
2016-12-18 04:17:56 | TEMPLOG : WellhouseOne | 130.100
2016-12-18 04:18:58 | TEMPLOG : WellhouseOne | 127.400
2016-12-18 04:19:59 | TEMPLOG : WellhouseOne | 129.200
2016-12-18 04:21:01 | TEMPLOG : WellhouseOne | 128.300
2016-12-18 04:23:03 | TEMPLOG : WellhouseOne | 126.500
2016-12-18 04:24:05 | TEMPLOG : Bio   Filter | 014.000
2016-12-18 04:25:06 | TEMPLOG : WellhouseOne | 125.600
2016-12-18 04:25:06 | TEMPLOG : Bio   Filter | 014.900
2016-12-18 04:26:07 | TEMPLOG : WellhouseOne | 128.300
2016-12-18 04:26:07 | TEMPLOG : Bio   Filter | 014.000
2016-12-18 04:27:10 | TEMPLOG : WellhouseOne | 129.200
2016-12-18 04:28:11 | TEMPLOG : WellhouseOne | 131.000
2016-12-18 04:29:12 | TEMPLOG : WellhouseOne | 130.100
2016-12-18 04:29:12 | TEMPLOG : Bio   Filter | 014.900
2016-12-18 04:30:14 | TEMPLOG : WellhouseOne | 129.200
2016-12-18 04:30:14 | TEMPLOG : Bio   Filter | 014.000
2016-12-18 04:31:15 | TEMPLOG : WellhouseOne | 130.100
2016-12-18 04:32:16 | TEMPLOG : WellhouseOne | 131.900
2016-12-18 04:32:17 | TEMPLOG : Bio   Filter | 014.900
2016-12-18 04:35:22 | TEMPLOG : WellhouseOne | 132.800
2016-12-18 04:36:22 | TEMPLOG : WellhouseOne | 131.900
2016-12-18 04:37:23 | TEMPLOG : WellhouseOne | 133.700
2016-12-18 04:38:24 | TEMPLOG : WellhouseOne | 131.000
2016-12-18 04:39:25 | TEMPLOG : WellhouseOne | 128.300
2016-12-18 04:40:26 | TEMPLOG : WellhouseOne | 131.000
2016-12-18 04:42:29 | TEMPLOG : WellhouseOne | 130.100
2016-12-18 04:43:31 | TEMPLOG : WellhouseOne | 131.000
2016-12-18 04:44:33 | TEMPLOG : WellhouseOne | 124.700
2016-12-18 04:45:34 | TEMPLOG : WellhouseOne | 131.000
2016-12-18 04:46:36 | TEMPLOG : WellhouseOne | 133.700
2016-12-18 04:47:37 | TEMPLOG : WellhouseOne | 134.600
2016-12-18 04:48:39 | TEMPLOG : WellhouseOne | 132.800
2016-12-18 04:49:39 | TEMPLOG : WellhouseOne | 131.900
2016-12-18 04:50:40 | TEMPLOG : WellhouseOne | 125.600
2016-12-18 04:51:42 | TEMPLOG : WellhouseOne | 124.700
2016-12-18 04:52:43 | TEMPLOG : WellhouseOne | 128.300
2016-12-18 04:53:44 | TEMPLOG : WellhouseOne | 129.200
2016-12-18 04:53:45 | TEMPLOG : Table    One | 014.000
2016-12-18 04:54:45 | TEMPLOG : WellhouseOne | 132.800
2016-12-18 04:55:47 | TEMPLOG : WellhouseOne | 134.600
2016-12-18 04:57:49 | TEMPLOG : Bio   Filter | 014.000
2016-12-18 04:58:49 | TEMPLOG : WellhouseOne | 123.800
2016-12-18 04:58:51 | TEMPLOG : Table    One | 013.100
2016-12-18 04:59:51 | TEMPLOG : WellhouseOne | 122.900
2016-12-18 05:00:53 | TEMPLOG : WellhouseOne | 124.700
2016-12-18 05:00:53 | TEMPLOG : Bio   Filter | 014.000
2016-12-18 05:00:53 | TEMPLOG : To   GeoLoop | 030.200
2016-12-18 05:00:53 | TEMPLOG : Table    One | 013.100
2016-12-18 05:01:54 | TEMPLOG : WellhouseOne | 130.100
2016-12-18 05:02:55 | TEMPLOG : WellhouseOne | 129.200
2016-12-18 05:03:56 | TEMPLOG : WellhouseOne | 126.500
2016-12-18 05:04:58 | TEMPLOG : WellhouseOne | 125.600
2016-12-18 05:06:00 | TEMPLOG : WellhouseOne | 126.500
2016-12-18 05:07:02 | TEMPLOG : WellhouseOne | 129.200
2016-12-18 05:08:03 | TEMPLOG : WellhouseOne | 128.300
2016-12-18 05:09:04 | TEMPLOG : WellhouseOne | 129.200
2016-12-18 05:10:06 | TEMPLOG : WellhouseOne | 128.300
2016-12-18 05:10:06 | TEMPLOG : Table    One | 014.000
2016-12-18 05:11:06 | TEMPLOG : WellhouseOne | 131.000
2016-12-18 05:12:08 | TEMPLOG : WellhouseOne | 130.100
2016-12-18 05:13:09 | TEMPLOG : WellhouseOne | 131.900
2016-12-18 05:14:10 | TEMPLOG : WellhouseOne | 130.100
2016-12-18 05:15:11 | TEMPLOG : WellhouseOne | 129.200
2016-12-18 05:16:12 | TEMPLOG : WellhouseOne | 130.100
2016-12-18 05:17:14 | TEMPLOG : WellhouseOne | 127.400
2016-12-18 05:18:15 | TEMPLOG : WellhouseOne | 129.200
2016-12-18 05:21:18 | TEMPLOG : WellhouseOne | 128.300
2016-12-18 05:22:20 | TEMPLOG : WellhouseOne | 129.200
2016-12-18 05:25:25 | TEMPLOG : WellhouseOne | 131.900
2016-12-18 05:26:26 | TEMPLOG : WellhouseOne | 132.800
2016-12-18 05:28:28 | TEMPLOG : WellhouseOne | 129.200
2016-12-18 05:29:29 | TEMPLOG : WellhouseOne | 128.300
2016-12-18 05:30:30 | TEMPLOG : WellhouseOne | 132.800
2016-12-18 05:31:31 | TEMPLOG : WellhouseOne | 131.900
2016-12-18 05:32:32 | TEMPLOG : WellhouseOne | 132.800
2016-12-18 05:33:33 | TEMPLOG : WellhouseOne | 130.100
2016-12-18 05:34:35 | TEMPLOG : WellhouseOne | 125.600
2016-12-18 05:34:35 | TEMPLOG : Bio   Filter | 013.100
2016-12-18 05:35:36 | TEMPLOG : WellhouseOne | 126.500
2016-12-18 05:36:37 | TEMPLOG : WellhouseOne | 127.400
2016-12-18 05:36:37 | TEMPLOG : Bio   Filter | 014.000
2016-12-18 05:37:38 | TEMPLOG : WellhouseOne | 131.900
2016-12-18 05:37:38 | TEMPLOG : Bio   Filter | 013.100
2016-12-18 05:38:39 | TEMPLOG : Bio   Filter | 014.000
2016-12-18 05:38:39 | TEMPLOG : To   GeoLoop | 029.300
2016-12-18 05:39:40 | TEMPLOG : WellhouseOne | 128.300
2016-12-18 05:40:41 | TEMPLOG : WellhouseOne | 130.100
2016-12-18 05:41:42 | TEMPLOG : WellhouseOne | 131.000
2016-12-18 05:41:43 | TEMPLOG : To   GeoLoop | 030.200
2016-12-18 05:42:43 | TEMPLOG : WellhouseOne | 129.200
2016-12-18 05:42:44 | TEMPLOG : Table    One | 013.100
2016-12-18 05:43:44 | TEMPLOG : WellhouseOne | 130.100
2016-12-18 05:43:44 | TEMPLOG : Bio   Filter | 013.100
2016-12-18 05:43:45 | TEMPLOG : Table    One | 014.000
2016-12-18 05:44:45 | TEMPLOG : WellhouseOne | 131.900
2016-12-18 05:44:45 | TEMPLOG : To   GeoLoop | 029.300
2016-12-18 05:45:46 | TEMPLOG : WellhouseOne | 131.000
2016-12-18 05:45:46 | TEMPLOG : Bio   Filter | 014.000
2016-12-18 05:45:47 | TEMPLOG : To   GeoLoop | 030.200
2016-12-18 05:46:47 | TEMPLOG : WellhouseOne | 127.400
2016-12-18 05:46:47 | TEMPLOG : Bio   Filter | 013.100
2016-12-18 05:47:49 | TEMPLOG : WellhouseOne | 128.300
2016-12-18 05:48:50 | TEMPLOG : WellhouseOne | 127.400
2016-12-18 05:49:51 | TEMPLOG : WellhouseOne | 125.600
2016-12-18 05:49:52 | TEMPLOG : To   GeoLoop | 029.300
2016-12-18 05:49:52 | TEMPLOG : Table    One | 013.100
2016-12-18 05:50:53 | TEMPLOG : WellhouseOne | 121.100
2016-12-18 05:50:53 | TEMPLOG : To   GeoLoop | 030.200
2016-12-18 05:51:55 | TEMPLOG : WellhouseOne | 127.400
2016-12-18 05:51:56 | TEMPLOG : To   GeoLoop | 029.300
2016-12-18 05:52:57 | TEMPLOG : WellhouseOne | 128.300
2016-12-18 05:53:59 | TEMPLOG : Bio   Filter | 012.200
2016-12-18 05:55:00 | TEMPLOG : Bio   Filter | 013.100
2016-12-18 05:56:01 | TEMPLOG : WellhouseOne | 123.800
2016-12-18 05:56:02 | TEMPLOG : Bio   Filter | 012.200
2016-12-18 05:57:02 | TEMPLOG : WellhouseOne | 126.500
2016-12-18 05:58:03 | TEMPLOG : WellhouseOne | 128.300
2016-12-18 05:58:04 | TEMPLOG : Bio   Filter | 013.100
2016-12-18 05:59:06 | TEMPLOG : WellhouseOne | 127.400
2016-12-18 06:00:07 | TEMPLOG : WellhouseOne | 125.600
2016-12-18 06:00:07 | TEMPLOG : Bio   Filter | 013.100
2016-12-18 06:00:07 | TEMPLOG : To   GeoLoop | 029.300
2016-12-18 06:00:08 | TEMPLOG : Table    One | 013.100
2016-12-18 06:01:08 | TEMPLOG : WellhouseOne | 128.300
2016-12-18 06:01:09 | TEMPLOG : Table    One | 014.000
2016-12-18 06:02:09 | TEMPLOG : WellhouseOne | 124.700
2016-12-18 06:02:10 | TEMPLOG : To   GeoLoop | 030.200
2016-12-18 06:03:11 | TEMPLOG : WellhouseOne | 121.100
2016-12-18 06:04:13 | TEMPLOG : WellhouseOne | 124.700
2016-12-18 06:05:15 | TEMPLOG : WellhouseOne | 127.400
2016-12-18 06:06:16 | TEMPLOG : WellhouseOne | 122.000
2016-12-18 06:07:17 | TEMPLOG : WellhouseOne | 126.500
2016-12-18 06:07:18 | TEMPLOG : To   GeoLoop | 029.300
2016-12-18 06:08:19 | TEMPLOG : WellhouseOne | 124.700
2016-12-18 06:08:19 | TEMPLOG : Bio   Filter | 014.000
2016-12-18 06:08:20 | TEMPLOG : To   GeoLoop | 030.200
2016-12-18 06:09:21 | TEMPLOG : WellhouseOne | 122.900
2016-12-18 06:09:21 | TEMPLOG : Bio   Filter | 013.100
2016-12-18 06:10:22 | TEMPLOG : WellhouseOne | 120.200
2016-12-18 06:10:22 | TEMPLOG : Bio   Filter | 014.000
2016-12-18 06:10:22 | TEMPLOG : To   GeoLoop | 029.300
2016-12-18 06:11:23 | TEMPLOG : WellhouseOne | 119.300
2016-12-18 06:12:25 | TEMPLOG : WellhouseOne | 126.500
2016-12-18 06:12:26 | TEMPLOG : To   GeoLoop | 030.200
2016-12-18 06:12:26 | TEMPLOG : Table    One | 013.100
2016-12-18 06:13:26 | TEMPLOG : WellhouseOne | 125.600
2016-12-18 06:13:27 | TEMPLOG : To   GeoLoop | 029.300
2016-12-18 06:13:27 | TEMPLOG : Table    One | 014.000
2016-12-18 06:14:28 | TEMPLOG : WellhouseOne | 129.200
2016-12-18 06:14:28 | TEMPLOG : Table    One | 013.100
2016-12-18 06:15:29 | TEMPLOG : WellhouseOne | 128.300
2016-12-18 06:15:30 | TEMPLOG : Table    One | 014.000
2016-12-18 06:16:30 | TEMPLOG : WellhouseOne | 127.400
2016-12-18 06:16:31 | TEMPLOG : Table    One | 013.100
2016-12-18 06:17:31 | TEMPLOG : WellhouseOne | 131.000
2016-12-18 06:18:33 | TEMPLOG : WellhouseOne | 122.900
2016-12-18 06:19:34 | TEMPLOG : WellhouseOne | 123.800
2016-12-18 06:20:35 | TEMPLOG : WellhouseOne | 121.100
2016-12-18 06:20:37 | TEMPLOG : Table    One | 014.000
2016-12-18 06:21:37 | TEMPLOG : WellhouseOne | 125.600
2016-12-18 06:22:39 | TEMPLOG : WellhouseOne | 127.400
2016-12-18 06:22:40 | TEMPLOG : Bio   Filter | 013.100
2016-12-18 06:22:41 | TEMPLOG : Table    One | 013.100
2016-12-18 06:23:41 | TEMPLOG : WellhouseOne | 129.200
2016-12-18 06:23:42 | TEMPLOG : Bio   Filter | 014.000
2016-12-18 06:25:44 | TEMPLOG : WellhouseOne | 126.500
2016-12-18 06:26:45 | TEMPLOG : WellhouseOne | 130.100
2016-12-18 06:26:45 | TEMPLOG : Bio   Filter | 013.100
2016-12-18 06:27:47 | TEMPLOG : WellhouseOne | 126.500
2016-12-18 06:27:48 | TEMPLOG : Table    One | 014.000
2016-12-18 06:28:48 | TEMPLOG : WellhouseOne | 127.400
2016-12-18 06:28:48 | TEMPLOG : Table    One | 013.100
2016-12-18 06:29:49 | TEMPLOG : WellhouseOne | 124.700
2016-12-18 06:29:50 | TEMPLOG : Bio   Filter | 014.000
2016-12-18 06:30:50 | TEMPLOG : WellhouseOne | 130.100
2016-12-18 06:31:51 | TEMPLOG : WellhouseOne | 133.700
2016-12-18 06:32:52 | TEMPLOG : WellhouseOne | 131.000
2016-12-18 06:34:54 | TEMPLOG : WellhouseOne | 131.900
2016-12-18 06:35:55 | TEMPLOG : WellhouseOne | 134.600
2016-12-18 06:37:57 | TEMPLOG : WellhouseOne | 132.800
2016-12-18 06:38:59 | TEMPLOG : WellhouseOne | 129.200
2016-12-18 06:39:00 | TEMPLOG : Bio   Filter | 013.100
2016-12-18 06:40:00 | TEMPLOG : WellhouseOne | 133.700
2016-12-18 06:41:01 | TEMPLOG : WellhouseOne | 135.500
2016-12-18 06:42:04 | TEMPLOG : WellhouseOne | 134.600
2016-12-18 06:43:07 | TEMPLOG : WellhouseOne | 123.800
2016-12-18 06:43:08 | TEMPLOG : Table    One | 012.200
2016-12-18 06:44:08 | TEMPLOG : WellhouseOne | 122.900
2016-12-18 06:45:09 | TEMPLOG : WellhouseOne | 126.500
2016-12-18 06:45:10 | TEMPLOG : Table    One | 013.100
2016-12-18 06:46:10 | TEMPLOG : WellhouseOne | 132.800
2016-12-18 06:48:12 | TEMPLOG : WellhouseOne | 130.100
2016-12-18 06:48:13 | TEMPLOG : Table    One | 012.200
2016-12-18 06:49:14 | TEMPLOG : WellhouseOne | 128.300
2016-12-18 06:50:15 | TEMPLOG : WellhouseOne | 123.800
2016-12-18 06:50:15 | TEMPLOG : Table    One | 013.100
2016-12-18 06:51:16 | TEMPLOG : WellhouseOne | 129.200
2016-12-18 06:52:17 | TEMPLOG : WellhouseOne | 133.700
2016-12-18 06:53:18 | TEMPLOG : WellhouseOne | 130.100
2016-12-18 06:54:19 | TEMPLOG : WellhouseOne | 129.200
2016-12-18 06:55:21 | TEMPLOG : WellhouseOne | 130.100
2016-12-18 06:56:21 | TEMPLOG : WellhouseOne | 128.300
2016-12-18 06:57:23 | TEMPLOG : WellhouseOne | 127.400
2016-12-18 06:58:25 | TEMPLOG : WellhouseOne | 126.500
2016-12-18 06:59:26 | TEMPLOG : WellhouseOne | 128.300
2016-12-18 07:00:28 | TEMPLOG : WellhouseOne | 129.200
2016-12-18 07:00:29 | TEMPLOG : Bio   Filter | 013.100
2016-12-18 07:00:29 | TEMPLOG : To   GeoLoop | 029.300
2016-12-18 07:00:30 | TEMPLOG : Table    One | 013.100
2016-12-18 07:01:31 | TEMPLOG : WellhouseOne | 127.400
2016-12-18 07:04:35 | TEMPLOG : WellhouseOne | 129.200
2016-12-18 07:05:37 | TEMPLOG : WellhouseOne | 130.100
2016-12-18 07:07:39 | TEMPLOG : WellhouseOne | 126.500
2016-12-18 07:08:39 | TEMPLOG : WellhouseOne | 129.200
2016-12-18 07:09:41 | TEMPLOG : WellhouseOne | 131.900
2016-12-18 07:10:42 | TEMPLOG : WellhouseOne | 129.200
2016-12-18 07:11:44 | TEMPLOG : WellhouseOne | 126.500
2016-12-18 07:12:45 | TEMPLOG : WellhouseOne | 125.600
2016-12-18 07:13:47 | TEMPLOG : WellhouseOne | 124.700
2016-12-18 07:14:48 | TEMPLOG : WellhouseOne | 123.800
2016-12-18 07:15:49 | TEMPLOG : WellhouseOne | 124.700
2016-12-18 07:17:50 | TEMPLOG : WellhouseOne | 122.900
2016-12-18 07:18:52 | TEMPLOG : WellhouseOne | 122.000
2016-12-18 07:19:53 | TEMPLOG : WellhouseOne | 124.700
2016-12-18 07:20:54 | TEMPLOG : WellhouseOne | 127.400
2016-12-18 07:21:56 | TEMPLOG : WellhouseOne | 133.700
2016-12-18 07:22:57 | TEMPLOG : WellhouseOne | 123.800
2016-12-18 07:23:58 | TEMPLOG : WellhouseOne | 124.700
2016-12-18 07:24:59 | TEMPLOG : WellhouseOne | 126.500
2016-12-18 07:26:01 | TEMPLOG : WellhouseOne | 125.600
2016-12-18 07:28:04 | TEMPLOG : WellhouseOne | 124.700
2016-12-18 07:29:05 | TEMPLOG : WellhouseOne | 126.500
2016-12-18 07:30:07 | TEMPLOG : WellhouseOne | 128.300
2016-12-18 07:31:09 | TEMPLOG : Table    One | 014.000
2016-12-18 07:32:10 | TEMPLOG : WellhouseOne | 126.500
2016-12-18 07:32:11 | TEMPLOG : Bio   Filter | 014.000
2016-12-18 07:34:14 | TEMPLOG : WellhouseOne | 122.900
2016-12-18 07:35:15 | TEMPLOG : WellhouseOne | 128.300
2016-12-18 07:35:16 | TEMPLOG : Table    One | 014.900
2016-12-18 07:36:17 | TEMPLOG : WellhouseOne | 130.100
2016-12-18 07:36:18 | TEMPLOG : Bio   Filter | 014.900
2016-12-18 07:37:18 | TEMPLOG : WellhouseOne | 129.200
2016-12-18 07:38:20 | TEMPLOG : WellhouseOne | 122.900
2016-12-18 07:38:20 | TEMPLOG : To   GeoLoop | 030.200
2016-12-18 07:39:20 | TEMPLOG : WellhouseOne | 123.800
2016-12-18 07:39:20 | TEMPLOG : Bio   Filter | 015.800
2016-12-18 07:40:21 | TEMPLOG : WellhouseOne | 126.500
2016-12-18 07:41:23 | TEMPLOG : Table    One | 015.800
2016-12-18 07:42:23 | TEMPLOG : WellhouseOne | 124.700
2016-12-18 07:43:25 | TEMPLOG : WellhouseOne | 126.500
2016-12-18 07:44:27 | TEMPLOG : WellhouseOne | 131.000
2016-12-18 07:44:28 | TEMPLOG : Bio   Filter | 016.700
2016-12-18 07:44:28 | TEMPLOG : Table    One | 016.700
2016-12-18 07:45:28 | TEMPLOG : WellhouseOne | 127.400
2016-12-18 07:46:29 | TEMPLOG : WellhouseOne | 129.200
2016-12-18 07:46:30 | TEMPLOG : Table    One | 017.600
2016-12-18 07:47:31 | TEMPLOG : WellhouseOne | 132.800
2016-12-18 07:48:33 | TEMPLOG : WellhouseOne | 129.200
2016-12-18 07:48:33 | TEMPLOG : Bio   Filter | 017.600
2016-12-18 07:49:35 | TEMPLOG : WellhouseOne | 127.400
2016-12-18 07:50:35 | TEMPLOG : WellhouseOne | 128.300
2016-12-18 07:50:36 | TEMPLOG : Table    One | 018.500
2016-12-18 07:51:36 | TEMPLOG : WellhouseOne | 127.400
2016-12-18 07:52:38 | TEMPLOG : Bio   Filter | 018.500
2016-12-18 07:52:38 | TEMPLOG : Table    One | 019.400
2016-12-18 07:55:42 | TEMPLOG : WellhouseOne | 126.500
2016-12-18 07:55:43 | TEMPLOG : Bio   Filter | 019.400
2016-12-18 07:55:43 | TEMPLOG : To   GeoLoop | 031.100
2016-12-18 07:56:43 | TEMPLOG : WellhouseOne | 128.300
2016-12-18 07:57:44 | TEMPLOG : WellhouseOne | 129.200
2016-12-18 07:58:45 | TEMPLOG : WellhouseOne | 127.400
2016-12-18 07:58:45 | TEMPLOG : Bio   Filter | 020.300
2016-12-18 07:59:46 | TEMPLOG : WellhouseOne | 131.000
2016-12-18 07:59:47 | TEMPLOG : Table    One | 020.300
2016-12-18 08:00:47 | TEMPLOG : WellhouseOne | 131.000
2016-12-18 08:00:48 | TEMPLOG : Bio   Filter | 020.300
2016-12-18 08:00:48 | TEMPLOG : To   GeoLoop | 031.100
2016-12-18 08:00:48 | TEMPLOG : Table    One | 020.300
2016-12-18 08:01:49 | TEMPLOG : WellhouseOne | 131.900
2016-12-18 08:01:49 | TEMPLOG : Bio   Filter | 021.200
2016-12-18 08:02:50 | TEMPLOG : WellhouseOne | 133.700
2016-12-18 08:02:51 | TEMPLOG : Table    One | 021.200
2016-12-18 08:03:51 | TEMPLOG : WellhouseOne | 131.900
2016-12-18 08:04:52 | TEMPLOG : Bio   Filter | 022.100
2016-12-18 08:05:53 | TEMPLOG : WellhouseOne | 134.600
2016-12-18 08:06:54 | TEMPLOG : WellhouseOne | 133.700
2016-12-18 08:06:55 | TEMPLOG : Bio   Filter | 023.000
2016-12-18 08:07:56 | TEMPLOG : WellhouseOne | 135.500
2016-12-18 08:08:57 | TEMPLOG : WellhouseOne | 134.600
2016-12-18 08:09:58 | TEMPLOG : WellhouseOne | 135.500
2016-12-18 08:09:59 | TEMPLOG : Table    One | 022.100
2016-12-18 08:10:59 | TEMPLOG : WellhouseOne | 138.200
2016-12-18 08:10:59 | TEMPLOG : Bio   Filter | 023.900
2016-12-18 08:12:00 | TEMPLOG : WellhouseOne | 135.500
2016-12-18 08:13:02 | TEMPLOG : WellhouseOne | 134.600
2016-12-18 08:13:02 | TEMPLOG : Bio   Filter | 024.800
2016-12-18 08:14:02 | TEMPLOG : WellhouseOne | 137.300
2016-12-18 08:15:03 | TEMPLOG : WellhouseOne | 136.400
2016-12-18 08:15:04 | TEMPLOG : Table    One | 023.000
2016-12-18 08:16:04 | TEMPLOG : WellhouseOne | 137.300
2016-12-18 08:17:06 | TEMPLOG : WellhouseOne | 138.200
2016-12-18 08:17:06 | TEMPLOG : Bio   Filter | 025.700
2016-12-18 08:18:08 | TEMPLOG : WellhouseOne | 136.400
2016-12-18 08:19:09 | TEMPLOG : WellhouseOne | 139.100
2016-12-18 08:19:09 | TEMPLOG : Bio   Filter | 026.600
2016-12-18 08:20:10 | TEMPLOG : WellhouseOne | 136.400
2016-12-18 08:21:12 | TEMPLOG : WellhouseOne | 133.700
2016-12-18 08:21:12 | TEMPLOG : To   GeoLoop | 032.900
2016-12-18 08:23:14 | TEMPLOG : WellhouseOne | 134.600
2016-12-18 08:24:15 | TEMPLOG : Bio   Filter | 027.500
2016-12-18 08:26:18 | TEMPLOG : WellhouseOne | 136.400
2016-12-18 08:27:19 | TEMPLOG : WellhouseOne | 135.500
2016-12-18 08:27:19 | TEMPLOG : Bio   Filter | 028.400
2016-12-18 08:27:20 | TEMPLOG : Table    One | 023.900
2016-12-18 08:28:20 | TEMPLOG : WellhouseOne | 137.300
2016-12-18 08:30:22 | TEMPLOG : WellhouseOne | 138.200
2016-12-18 08:31:24 | TEMPLOG : Bio   Filter | 029.300
2016-12-18 08:32:25 | TEMPLOG : WellhouseOne | 134.600
2016-12-18 08:32:27 | TEMPLOG : Table    One | 024.800
2016-12-18 08:33:27 | TEMPLOG : WellhouseOne | 135.500
2016-12-18 08:34:28 | TEMPLOG : Bio   Filter | 030.200
2016-12-18 08:36:31 | TEMPLOG : WellhouseOne | 136.400
2016-12-18 08:36:31 | TEMPLOG : To   GeoLoop | 033.800
2016-12-18 08:37:32 | TEMPLOG : WellhouseOne | 137.300
2016-12-18 08:38:33 | TEMPLOG : WellhouseOne | 135.500
2016-12-18 08:39:34 | TEMPLOG : WellhouseOne | 134.600
2016-12-18 08:39:34 | TEMPLOG : Bio   Filter | 031.100
2016-12-18 08:40:36 | TEMPLOG : WellhouseOne | 138.200
2016-12-18 08:41:37 | TEMPLOG : WellhouseOne | 139.100
2016-12-18 08:42:38 | TEMPLOG : WellhouseOne | 140.900
2016-12-18 08:42:39 | TEMPLOG : Table    One | 025.700
2016-12-18 08:43:39 | TEMPLOG : WellhouseOne | 139.100
2016-12-18 08:44:40 | TEMPLOG : WellhouseOne | 140.000
2016-12-18 08:45:41 | TEMPLOG : WellhouseOne | 138.200
2016-12-18 08:46:43 | TEMPLOG : WellhouseOne | 139.100
2016-12-18 08:47:44 | TEMPLOG : WellhouseOne | 140.000
2016-12-18 08:48:46 | TEMPLOG : WellhouseOne | 138.200
2016-12-18 08:49:47 | TEMPLOG : WellhouseOne | 136.400
2016-12-18 08:50:48 | TEMPLOG : WellhouseOne | 139.100
2016-12-18 08:50:49 | TEMPLOG : Table    One | 026.600
2016-12-18 08:52:51 | TEMPLOG : WellhouseOne | 138.200
2016-12-18 08:52:51 | TEMPLOG : Bio   Filter | 032.900
2016-12-18 08:53:52 | TEMPLOG : WellhouseOne | 139.100
2016-12-18 08:54:54 | TEMPLOG : WellhouseOne | 141.800
2016-12-18 08:54:54 | TEMPLOG : To   GeoLoop | 034.700
2016-12-18 08:55:54 | TEMPLOG : WellhouseOne | 142.700
2016-12-18 08:56:56 | TEMPLOG : WellhouseOne | 140.000
2016-12-18 08:57:59 | TEMPLOG : Bio   Filter | 033.800
2016-12-18 08:57:59 | TEMPLOG : Table    One | 027.500
2016-12-18 09:00:02 | TEMPLOG : WellhouseOne | 138.200
2016-12-18 09:00:02 | TEMPLOG : Bio   Filter | 033.800
2016-12-18 09:00:02 | TEMPLOG : To   GeoLoop | 034.700
2016-12-18 09:00:03 | TEMPLOG : Table    One | 027.500
2016-12-18 09:01:03 | TEMPLOG : WellhouseOne | 139.100
2016-12-18 09:02:04 | TEMPLOG : WellhouseOne | 140.900
2016-12-18 09:04:06 | TEMPLOG : WellhouseOne | 144.500
2016-12-18 09:05:07 | TEMPLOG : WellhouseOne | 142.700
2016-12-18 09:07:10 | TEMPLOG : WellhouseOne | 141.800
2016-12-18 09:07:10 | TEMPLOG : Bio   Filter | 034.700
2016-12-18 09:07:11 | TEMPLOG : Table    One | 028.400
2016-12-18 09:09:13 | TEMPLOG : WellhouseOne | 140.900
2016-12-18 09:10:14 | TEMPLOG : WellhouseOne | 141.800
2016-12-18 09:11:15 | TEMPLOG : WellhouseOne | 143.600
2016-12-18 09:12:16 | TEMPLOG : WellhouseOne | 142.700
2016-12-18 09:12:16 | TEMPLOG : Bio   Filter | 035.600
2016-12-18 09:12:17 | TEMPLOG : To   GeoLoop | 035.600
2016-12-18 09:13:17 | TEMPLOG : WellhouseOne | 141.800
2016-12-18 09:13:18 | TEMPLOG : Bio   Filter | 034.700
2016-12-18 09:13:18 | TEMPLOG : Table    One | 029.300
2016-12-18 09:14:19 | TEMPLOG : WellhouseOne | 140.000
2016-12-18 09:15:20 | TEMPLOG : WellhouseOne | 140.900
2016-12-18 09:16:21 | TEMPLOG : WellhouseOne | 142.700
2016-12-18 09:18:23 | TEMPLOG : Table    One | 030.200
2016-12-18 09:19:24 | TEMPLOG : WellhouseOne | 141.800
2016-12-18 09:20:24 | TEMPLOG : WellhouseOne | 120.200
2016-12-18 09:21:26 | TEMPLOG : WellhouseOne | 087.800
2016-12-18 09:22:27 | TEMPLOG : WellhouseOne | 077.900
2016-12-18 09:22:27 | TEMPLOG : Bio   Filter | 035.600
2016-12-18 09:23:29 | TEMPLOG : WellhouseOne | 068.000
2016-12-18 09:23:30 | TEMPLOG : Table    One | 031.100
2016-12-18 09:24:30 | TEMPLOG : WellhouseOne | 061.700
2016-12-18 09:25:32 | TEMPLOG : WellhouseOne | 057.200
2016-12-18 09:26:33 | TEMPLOG : WellhouseOne | 053.600
2016-12-18 09:27:33 | TEMPLOG : WellhouseOne | 050.900
2016-12-18 09:27:34 | TEMPLOG : Bio   Filter | 036.500
2016-12-18 09:28:34 | TEMPLOG : WellhouseOne | 049.100
2016-12-18 09:28:35 | TEMPLOG : To   GeoLoop | 036.500
2016-12-18 09:29:35 | TEMPLOG : WellhouseOne | 048.200
2016-12-18 09:30:37 | TEMPLOG : WellhouseOne | 046.400
2016-12-18 09:30:38 | TEMPLOG : Table    One | 032.900
2016-12-18 09:31:38 | TEMPLOG : WellhouseOne | 044.600
2016-12-18 09:32:39 | TEMPLOG : WellhouseOne | 043.700
2016-12-18 09:33:40 | TEMPLOG : WellhouseOne | 042.800
2016-12-18 09:33:40 | TEMPLOG : Bio   Filter | 037.400
2016-12-18 09:34:42 | TEMPLOG : Table    One | 033.800
2016-12-18 09:35:43 | TEMPLOG : WellhouseOne | 041.000
2016-12-18 09:36:44 | TEMPLOG : WellhouseOne | 042.800
2016-12-18 09:37:45 | TEMPLOG : WellhouseOne | 041.900
2016-12-18 09:38:46 | TEMPLOG : WellhouseOne | 054.500
2016-12-18 09:39:48 | TEMPLOG : WellhouseOne | 104.900
2016-12-18 09:39:48 | TEMPLOG : To   GeoLoop | 037.400
2016-12-18 09:39:48 | TEMPLOG : Table    One | 034.700
2016-12-18 09:40:49 | TEMPLOG : WellhouseOne | 118.400
2016-12-18 09:40:49 | TEMPLOG : Bio   Filter | 038.300
2016-12-18 09:40:49 | TEMPLOG : To   GeoLoop | 036.500
2016-12-18 09:41:49 | TEMPLOG : WellhouseOne | 128.300
2016-12-18 09:41:51 | TEMPLOG : To   GeoLoop | 037.400
2016-12-18 09:41:51 | TEMPLOG : Table    One | 035.600
2016-12-18 09:42:52 | TEMPLOG : WellhouseOne | 132.800
2016-12-18 09:43:53 | TEMPLOG : WellhouseOne | 136.400
2016-12-18 09:45:56 | TEMPLOG : WellhouseOne | 137.300
2016-12-18 09:45:57 | TEMPLOG : Table    One | 036.500
2016-12-18 09:46:57 | TEMPLOG : WellhouseOne | 136.400
2016-12-18 09:47:57 | TEMPLOG : WellhouseOne | 137.300
2016-12-18 09:47:58 | TEMPLOG : Bio   Filter | 039.200
2016-12-18 09:47:58 | TEMPLOG : Table    One | 037.400
2016-12-18 09:49:59 | TEMPLOG : WellhouseOne | 138.200
2016-12-18 09:50:01 | TEMPLOG : Table    One | 038.300
2016-12-18 09:52:03 | TEMPLOG : WellhouseOne | 131.900
2016-12-18 09:53:04 | TEMPLOG : WellhouseOne | 095.900
2016-12-18 09:53:04 | TEMPLOG : Table    One | 039.200
2016-12-18 09:54:04 | TEMPLOG : WellhouseOne | 077.900
2016-12-18 09:55:07 | TEMPLOG : WellhouseOne | 068.900
2016-12-18 09:55:07 | TEMPLOG : Bio   Filter | 040.100
2016-12-18 09:56:08 | TEMPLOG : WellhouseOne | 061.700
2016-12-18 09:56:09 | TEMPLOG : Table    One | 040.100
2016-12-18 09:57:09 | TEMPLOG : WellhouseOne | 057.200
2016-12-18 09:58:10 | TEMPLOG : WellhouseOne | 052.700
2016-12-18 09:58:10 | TEMPLOG : To   GeoLoop | 038.300
2016-12-18 09:59:11 | TEMPLOG : WellhouseOne | 050.900
2016-12-18 09:59:11 | TEMPLOG : Table    One | 041.000
2016-12-18 10:00:12 | TEMPLOG : WellhouseOne | 049.100
2016-12-18 10:00:12 | TEMPLOG : Bio   Filter | 040.100
2016-12-18 10:00:12 | TEMPLOG : To   GeoLoop | 038.300
2016-12-18 10:00:12 | TEMPLOG : Table    One | 041.900
2016-12-18 10:01:13 | TEMPLOG : WellhouseOne | 047.300
2016-12-18 10:01:13 | TEMPLOG : Bio   Filter | 041.000
2016-12-18 10:02:14 | TEMPLOG : WellhouseOne | 045.500
2016-12-18 10:03:15 | TEMPLOG : WellhouseOne | 044.600
2016-12-18 10:03:16 | TEMPLOG : Table    One | 042.800
2016-12-18 10:04:16 | TEMPLOG : WellhouseOne | 042.800
2016-12-18 10:05:17 | TEMPLOG : WellhouseOne | 041.900
2016-12-18 10:05:18 | TEMPLOG : Table    One | 043.700
2016-12-18 10:06:19 | TEMPLOG : WellhouseOne | 040.100
2016-12-18 10:07:21 | TEMPLOG : WellhouseOne | 039.200
2016-12-18 10:07:21 | TEMPLOG : Table    One | 044.600
2016-12-18 10:08:22 | TEMPLOG : Table    One | 045.500
2016-12-18 10:10:23 | TEMPLOG : WellhouseOne | 078.800
2016-12-18 10:10:24 | TEMPLOG : Bio   Filter | 041.900
2016-12-18 10:10:24 | TEMPLOG : Table    One | 046.400
2016-12-18 10:11:24 | TEMPLOG : WellhouseOne | 109.400
2016-12-18 10:11:25 | TEMPLOG : Bio   Filter | 041.000
2016-12-18 10:12:25 | TEMPLOG : WellhouseOne | 121.100
2016-12-18 10:12:26 | TEMPLOG : Bio   Filter | 041.900
2016-12-18 10:12:26 | TEMPLOG : Table    One | 047.300
2016-12-18 10:13:26 | TEMPLOG : WellhouseOne | 130.100
2016-12-18 10:14:27 | TEMPLOG : WellhouseOne | 135.500
2016-12-18 10:14:28 | TEMPLOG : Table    One | 048.200
2016-12-18 10:15:28 | TEMPLOG : WellhouseOne | 140.000
2016-12-18 10:15:29 | TEMPLOG : Table    One | 049.100
2016-12-18 10:17:30 | TEMPLOG : WellhouseOne | 108.500
2016-12-18 10:17:30 | TEMPLOG : To   GeoLoop | 039.200
2016-12-18 10:18:31 | TEMPLOG : WellhouseOne | 087.800
2016-12-18 10:19:32 | TEMPLOG : WellhouseOne | 074.300
2016-12-18 10:19:32 | TEMPLOG : Table    One | 050.000
2016-12-18 10:20:33 | TEMPLOG : WellhouseOne | 064.400
2016-12-18 10:21:34 | TEMPLOG : WellhouseOne | 058.100
2016-12-18 10:22:35 | TEMPLOG : WellhouseOne | 051.800
2016-12-18 10:22:36 | TEMPLOG : Bio   Filter | 042.800
2016-12-18 10:22:37 | TEMPLOG : Table    One | 050.900
2016-12-18 10:23:37 | TEMPLOG : WellhouseOne | 047.300
2016-12-18 10:23:38 | TEMPLOG : Table    One | 051.800
2016-12-18 10:24:38 | TEMPLOG : WellhouseOne | 043.700
2016-12-18 10:25:40 | TEMPLOG : WellhouseOne | 041.000
2016-12-18 10:25:41 | TEMPLOG : Table    One | 052.700
2016-12-18 10:26:41 | TEMPLOG : WellhouseOne | 039.200
2016-12-18 10:26:41 | TEMPLOG : Table    One | 053.600
2016-12-18 10:27:41 | TEMPLOG : WellhouseOne | 037.400
2016-12-18 10:27:42 | TEMPLOG : Table    One | 054.500
2016-12-18 10:28:42 | TEMPLOG : Bio   Filter | 043.700
2016-12-18 10:28:43 | TEMPLOG : Table    One | 055.400
2016-12-18 10:29:44 | TEMPLOG : Table    One | 056.300
2016-12-18 10:30:44 | TEMPLOG : WellhouseOne | 035.600
2016-12-18 10:30:45 | TEMPLOG : To   GeoLoop | 040.100
2016-12-18 10:30:45 | TEMPLOG : Table    One | 057.200
2016-12-18 10:32:46 | TEMPLOG : WellhouseOne | 034.700
2016-12-18 10:32:48 | TEMPLOG : Table    One | 058.100
2016-12-18 10:33:48 | TEMPLOG : WellhouseOne | 033.800
2016-12-18 10:33:49 | TEMPLOG : Bio   Filter | 044.600
2016-12-18 10:33:51 | TEMPLOG : Table    One | 059.000
2016-12-18 10:34:53 | TEMPLOG : WellhouseOne | 078.800
2016-12-18 10:35:54 | TEMPLOG : WellhouseOne | 107.600
2016-12-18 10:35:55 | TEMPLOG : Table    One | 059.900
2016-12-18 10:36:55 | TEMPLOG : WellhouseOne | 119.300
2016-12-18 10:36:57 | TEMPLOG : Table    One | 060.800
2016-12-18 10:37:57 | TEMPLOG : WellhouseOne | 127.400
2016-12-18 10:38:58 | TEMPLOG : WellhouseOne | 132.800
2016-12-18 10:38:59 | TEMPLOG : Bio   Filter | 045.500
2016-12-18 10:39:59 | TEMPLOG : WellhouseOne | 135.500
2016-12-18 10:40:00 | TEMPLOG : To   GeoLoop | 039.200
2016-12-18 10:40:00 | TEMPLOG : Table    One | 061.700
2016-12-18 10:41:00 | TEMPLOG : WellhouseOne | 138.200
2016-12-18 10:41:01 | TEMPLOG : Table    One | 062.600
2016-12-18 10:42:01 | TEMPLOG : WellhouseOne | 140.000
2016-12-18 10:42:04 | TEMPLOG : Table    One | 063.500
2016-12-18 10:45:06 | TEMPLOG : WellhouseOne | 141.800
2016-12-18 10:46:07 | TEMPLOG : WellhouseOne | 142.700
2016-12-18 10:46:07 | TEMPLOG : Bio   Filter | 046.400
2016-12-18 10:47:10 | TEMPLOG : Table    One | 064.400
2016-12-18 10:48:10 | TEMPLOG : WellhouseOne | 143.600
2016-12-18 10:49:11 | TEMPLOG : WellhouseOne | 144.500
2016-12-18 10:49:12 | TEMPLOG : Bio   Filter | 047.300
2016-12-18 10:50:13 | TEMPLOG : WellhouseOne | 100.400
2016-12-18 10:51:15 | TEMPLOG : WellhouseOne | 076.100
2016-12-18 10:52:16 | TEMPLOG : WellhouseOne | 062.600
2016-12-18 10:52:16 | TEMPLOG : Bio   Filter | 048.200
2016-12-18 10:53:16 | TEMPLOG : WellhouseOne | 057.200
2016-12-18 10:54:18 | TEMPLOG : WellhouseOne | 050.900
2016-12-18 10:54:18 | TEMPLOG : Bio   Filter | 049.100
2016-12-18 10:54:18 | TEMPLOG : Table    One | 065.300
2016-12-18 10:55:19 | TEMPLOG : WellhouseOne | 045.500
2016-12-18 10:55:20 | TEMPLOG : Bio   Filter | 050.000
2016-12-18 10:56:20 | TEMPLOG : WellhouseOne | 042.800
2016-12-18 10:56:21 | TEMPLOG : Bio   Filter | 050.900
2016-12-18 10:57:21 | TEMPLOG : WellhouseOne | 041.000
2016-12-18 10:57:22 | TEMPLOG : Table    One | 066.200
2016-12-18 10:58:23 | TEMPLOG : WellhouseOne | 039.200
2016-12-18 10:58:23 | TEMPLOG : Bio   Filter | 051.800
2016-12-18 10:59:24 | TEMPLOG : WellhouseOne | 037.400
2016-12-18 11:00:25 | TEMPLOG : WellhouseOne | 036.500
2016-12-18 11:00:25 | TEMPLOG : Bio   Filter | 052.700
2016-12-18 11:00:26 | TEMPLOG : To   GeoLoop | 039.200
2016-12-18 11:00:26 | TEMPLOG : Table    One | 065.300
2016-12-18 11:01:26 | TEMPLOG : WellhouseOne | 035.600
2016-12-18 11:01:27 | TEMPLOG : Table    One | 064.400
2016-12-18 11:02:27 | TEMPLOG : WellhouseOne | 034.700
2016-12-18 11:03:29 | TEMPLOG : WellhouseOne | 033.800
2016-12-18 11:04:31 | TEMPLOG : Bio   Filter | 053.600
2016-12-18 11:05:33 | TEMPLOG : WellhouseOne | 032.900
2016-12-18 11:06:34 | TEMPLOG : WellhouseOne | 057.200
2016-12-18 11:06:35 | TEMPLOG : Table    One | 063.500
2016-12-18 11:07:35 | TEMPLOG : WellhouseOne | 100.400
2016-12-18 11:07:36 | TEMPLOG : Table    One | 062.600
2016-12-18 11:08:36 | TEMPLOG : WellhouseOne | 115.700
2016-12-18 11:08:37 | TEMPLOG : Bio   Filter | 054.500
2016-12-18 11:09:39 | TEMPLOG : WellhouseOne | 126.500
2016-12-18 11:09:40 | TEMPLOG : To   GeoLoop | 040.100
2016-12-18 11:10:41 | TEMPLOG : WellhouseOne | 131.900
2016-12-18 11:10:41 | TEMPLOG : Bio   Filter | 055.400
2016-12-18 11:11:42 | TEMPLOG : WellhouseOne | 136.400
2016-12-18 11:12:43 | TEMPLOG : WellhouseOne | 140.900
2016-12-18 11:12:44 | TEMPLOG : Bio   Filter | 056.300
2016-12-18 11:13:45 | TEMPLOG : WellhouseOne | 141.800
2016-12-18 11:13:46 | TEMPLOG : Table    One | 063.500
2016-12-18 11:14:46 | TEMPLOG : WellhouseOne | 143.600
2016-12-18 11:14:47 | TEMPLOG : Bio   Filter | 057.200
2016-12-18 11:15:49 | TEMPLOG : WellhouseOne | 144.500
2016-12-18 11:15:49 | TEMPLOG : Table    One | 064.400
2016-12-18 11:16:50 | TEMPLOG : WellhouseOne | 147.200
2016-12-18 11:16:50 | TEMPLOG : Bio   Filter | 058.100
2016-12-18 11:16:50 | TEMPLOG : Table    One | 065.300
2016-12-18 11:17:50 | TEMPLOG : WellhouseOne | 137.300
2016-12-18 11:18:52 | TEMPLOG : WellhouseOne | 093.200
2016-12-18 11:19:53 | TEMPLOG : WellhouseOne | 075.200
2016-12-18 11:19:53 | TEMPLOG : Bio   Filter | 059.000
2016-12-18 11:20:54 | TEMPLOG : WellhouseOne | 064.400
2016-12-18 11:21:55 | TEMPLOG : WellhouseOne | 055.400
2016-12-18 11:22:56 | TEMPLOG : WellhouseOne | 050.900
2016-12-18 11:22:57 | TEMPLOG : Bio   Filter | 059.900
2016-12-18 11:22:57 | TEMPLOG : Table    One | 064.400
2016-12-18 11:23:57 | TEMPLOG : WellhouseOne | 046.400
2016-12-18 11:24:58 | TEMPLOG : WellhouseOne | 043.700
2016-12-18 11:24:59 | TEMPLOG : Table    One | 063.500
2016-12-18 11:25:59 | TEMPLOG : WellhouseOne | 041.900
2016-12-18 11:27:00 | TEMPLOG : WellhouseOne | 040.100
2016-12-18 11:27:00 | TEMPLOG : Bio   Filter | 060.800
2016-12-18 11:28:01 | TEMPLOG : WellhouseOne | 038.300
2016-12-18 11:28:02 | TEMPLOG : Table    One | 064.400
2016-12-18 11:29:03 | TEMPLOG : Table    One | 065.300
2016-12-18 11:30:04 | TEMPLOG : WellhouseOne | 036.500
2016-12-18 11:32:06 | TEMPLOG : WellhouseOne | 035.600
2016-12-18 11:34:08 | TEMPLOG : WellhouseOne | 034.700
2016-12-18 11:34:09 | TEMPLOG : Bio   Filter | 061.700
2016-12-18 11:35:11 | TEMPLOG : Table    One | 066.200
2016-12-18 11:36:11 | TEMPLOG : WellhouseOne | 097.700
2016-12-18 11:36:12 | TEMPLOG : Table    One | 067.100
2016-12-18 11:37:13 | TEMPLOG : WellhouseOne | 115.700
2016-12-18 11:37:14 | TEMPLOG : Table    One | 068.000
2016-12-18 11:38:14 | TEMPLOG : WellhouseOne | 124.700
2016-12-18 11:38:15 | TEMPLOG : Table    One | 068.900
2016-12-18 11:39:16 | TEMPLOG : WellhouseOne | 131.000
2016-12-18 11:40:17 | TEMPLOG : WellhouseOne | 135.500
2016-12-18 11:40:17 | TEMPLOG : Table    One | 069.800
2016-12-18 11:41:18 | TEMPLOG : WellhouseOne | 137.300
2016-12-18 11:42:19 | TEMPLOG : WellhouseOne | 138.200
2016-12-18 11:42:21 | TEMPLOG : Table    One | 070.700
2016-12-18 11:43:21 | TEMPLOG : WellhouseOne | 139.100
2016-12-18 11:43:22 | TEMPLOG : Table    One | 071.600
2016-12-18 11:44:22 | TEMPLOG : WellhouseOne | 140.900
2016-12-18 11:44:22 | TEMPLOG : Bio   Filter | 060.800
2016-12-18 11:44:23 | TEMPLOG : Table    One | 072.500
2016-12-18 11:45:23 | TEMPLOG : WellhouseOne | 142.700
2016-12-18 11:45:23 | TEMPLOG : Bio   Filter | 061.700
2016-12-18 11:45:24 | TEMPLOG : Table    One | 070.700
2016-12-18 11:46:24 | TEMPLOG : WellhouseOne | 141.800
2016-12-18 11:46:25 | TEMPLOG : Table    One | 069.800
2016-12-18 11:47:25 | TEMPLOG : WellhouseOne | 092.300
2016-12-18 11:47:27 | TEMPLOG : To   GeoLoop | 041.000
2016-12-18 11:48:27 | TEMPLOG : WellhouseOne | 074.300
2016-12-18 11:48:28 | TEMPLOG : Table    One | 070.700
2016-12-18 11:49:28 | TEMPLOG : WellhouseOne | 064.400
2016-12-18 11:49:30 | TEMPLOG : Table    One | 069.800
2016-12-18 11:50:30 | TEMPLOG : WellhouseOne | 059.000
2016-12-18 11:51:31 | TEMPLOG : WellhouseOne | 053.600
2016-12-18 11:51:31 | TEMPLOG : Bio   Filter | 062.600
2016-12-18 11:51:32 | TEMPLOG : Table    One | 070.700
2016-12-18 11:52:32 | TEMPLOG : WellhouseOne | 048.200
2016-12-18 11:52:32 | TEMPLOG : Table    One | 069.800
2016-12-18 11:53:33 | TEMPLOG : WellhouseOne | 045.500
2016-12-18 11:53:34 | TEMPLOG : Table    One | 070.700
2016-12-18 11:54:35 | TEMPLOG : WellhouseOne | 043.700
2016-12-18 11:54:36 | TEMPLOG : Table    One | 069.800
2016-12-18 11:55:36 | TEMPLOG : WellhouseOne | 041.900
2016-12-18 11:56:37 | TEMPLOG : WellhouseOne | 040.100
2016-12-18 11:57:38 | TEMPLOG : WellhouseOne | 039.200
2016-12-18 11:58:39 | TEMPLOG : WellhouseOne | 038.300
2016-12-18 11:59:40 | TEMPLOG : WellhouseOne | 037.400
2016-12-18 11:59:40 | TEMPLOG : Bio   Filter | 061.700
2016-12-18 11:59:40 | TEMPLOG : Table    One | 070.700
2016-12-18 12:00:41 | TEMPLOG : WellhouseOne | 035.600
2016-12-18 12:00:41 | TEMPLOG : Bio   Filter | 061.700
2016-12-18 12:00:41 | TEMPLOG : To   GeoLoop | 041.000
2016-12-18 12:00:42 | TEMPLOG : Table    One | 070.700
2016-12-18 12:02:43 | TEMPLOG : WellhouseOne | 034.700
2016-12-18 12:03:44 | TEMPLOG : WellhouseOne | 033.800
2016-12-18 12:04:45 | TEMPLOG : WellhouseOne | 080.600
2016-12-18 12:04:46 | TEMPLOG : Table    One | 071.600
2016-12-18 12:05:46 | TEMPLOG : WellhouseOne | 107.600
2016-12-18 12:06:47 | TEMPLOG : WellhouseOne | 122.000
2016-12-18 12:07:49 | TEMPLOG : WellhouseOne | 130.100
2016-12-18 12:07:49 | TEMPLOG : Bio   Filter | 060.800
2016-12-18 12:07:49 | TEMPLOG : Table    One | 072.500
2016-12-18 12:08:50 | TEMPLOG : WellhouseOne | 135.500
2016-12-18 12:09:51 | TEMPLOG : WellhouseOne | 139.100
2016-12-18 12:10:52 | TEMPLOG : WellhouseOne | 140.900
2016-12-18 12:11:53 | TEMPLOG : WellhouseOne | 143.600
2016-12-18 12:12:54 | TEMPLOG : WellhouseOne | 145.400
2016-12-18 12:12:55 | TEMPLOG : Table    One | 071.600
2016-12-18 12:13:55 | TEMPLOG : WellhouseOne | 146.300
2016-12-18 12:14:56 | TEMPLOG : WellhouseOne | 098.600
2016-12-18 12:14:58 | TEMPLOG : Table    One | 072.500
2016-12-18 12:15:58 | TEMPLOG : WellhouseOne | 077.900
2016-12-18 12:16:59 | TEMPLOG : WellhouseOne | 065.300
2016-12-18 12:17:00 | TEMPLOG : To   GeoLoop | 041.900
2016-12-18 12:18:01 | TEMPLOG : WellhouseOne | 058.100
2016-12-18 12:18:01 | TEMPLOG : To   GeoLoop | 041.000
2016-12-18 12:19:02 | TEMPLOG : WellhouseOne | 052.700
2016-12-18 12:19:02 | TEMPLOG : To   GeoLoop | 041.900
2016-12-18 12:20:03 | TEMPLOG : WellhouseOne | 049.100
2016-12-18 12:21:04 | TEMPLOG : WellhouseOne | 045.500
2016-12-18 12:21:04 | TEMPLOG : Bio   Filter | 061.700
2016-12-18 12:21:04 | TEMPLOG : Table    One | 073.400
2016-12-18 12:22:05 | TEMPLOG : WellhouseOne | 043.700
2016-12-18 12:23:05 | TEMPLOG : WellhouseOne | 041.900
2016-12-18 12:24:07 | TEMPLOG : WellhouseOne | 040.100
2016-12-18 12:24:07 | TEMPLOG : Bio   Filter | 062.600
2016-12-18 12:24:07 | TEMPLOG : Table    One | 074.300
2016-12-18 12:25:08 | TEMPLOG : WellhouseOne | 039.200
2016-12-18 12:26:09 | TEMPLOG : WellhouseOne | 038.300
2016-12-18 12:27:11 | TEMPLOG : WellhouseOne | 037.400
2016-12-18 12:28:12 | TEMPLOG : WellhouseOne | 036.500
2016-12-18 12:29:15 | TEMPLOG : Table    One | 075.200
2016-12-18 12:31:16 | TEMPLOG : WellhouseOne | 034.700
2016-12-18 12:31:18 | TEMPLOG : To   GeoLoop | 042.800
2016-12-18 12:32:18 | TEMPLOG : WellhouseOne | 050.000
2016-12-18 12:32:19 | TEMPLOG : Table    One | 074.300
2016-12-18 12:33:19 | TEMPLOG : WellhouseOne | 102.200
2016-12-18 12:34:22 | TEMPLOG : WellhouseOne | 118.400
2016-12-18 12:35:23 | TEMPLOG : WellhouseOne | 129.200
2016-12-18 12:36:24 | TEMPLOG : WellhouseOne | 131.000
2016-12-18 12:37:24 | TEMPLOG : WellhouseOne | 134.600
2016-12-18 12:38:26 | TEMPLOG : WellhouseOne | 139.100
2016-12-18 12:38:26 | TEMPLOG : Bio   Filter | 061.700
2016-12-18 12:38:26 | TEMPLOG : Table    One | 075.200
2016-12-18 12:39:27 | TEMPLOG : WellhouseOne | 140.900
2016-12-18 12:40:28 | TEMPLOG : WellhouseOne | 141.800
2016-12-18 12:40:28 | TEMPLOG : To   GeoLoop | 043.700
2016-12-18 12:41:29 | TEMPLOG : WellhouseOne | 126.500
2016-12-18 12:42:29 | TEMPLOG : WellhouseOne | 087.800
2016-12-18 12:42:30 | TEMPLOG : To   GeoLoop | 044.600
2016-12-18 12:42:30 | TEMPLOG : Table    One | 076.100
2016-12-18 12:43:31 | TEMPLOG : WellhouseOne | 072.500
2016-12-18 12:44:33 | TEMPLOG : WellhouseOne | 061.700
2016-12-18 12:44:33 | TEMPLOG : Table    One | 077.000
2016-12-18 12:45:33 | TEMPLOG : WellhouseOne | 055.400
2016-12-18 12:46:34 | TEMPLOG : WellhouseOne | 050.900
2016-12-18 12:46:34 | TEMPLOG : Bio   Filter | 060.800
2016-12-18 12:46:35 | TEMPLOG : To   GeoLoop | 045.500
2016-12-18 12:47:35 | TEMPLOG : WellhouseOne | 049.100
2016-12-18 12:47:37 | TEMPLOG : Table    One | 077.900
2016-12-18 12:48:37 | TEMPLOG : WellhouseOne | 046.400
2016-12-18 12:49:38 | TEMPLOG : WellhouseOne | 045.500
2016-12-18 12:50:39 | TEMPLOG : WellhouseOne | 042.800
2016-12-18 12:50:40 | TEMPLOG : Table    One | 078.800
2016-12-18 12:51:40 | TEMPLOG : WellhouseOne | 041.900
2016-12-18 12:52:43 | TEMPLOG : WellhouseOne | 040.100
2016-12-18 12:53:43 | TEMPLOG : WellhouseOne | 039.200
2016-12-18 12:55:46 | TEMPLOG : WellhouseOne | 038.300
2016-12-18 12:55:46 | TEMPLOG : Bio   Filter | 059.900
2016-12-18 12:56:47 | TEMPLOG : WellhouseOne | 037.400
2016-12-18 12:56:48 | TEMPLOG : To   GeoLoop | 046.400
2016-12-18 12:57:49 | TEMPLOG : WellhouseOne | 036.500
2016-12-18 12:58:50 | TEMPLOG : WellhouseOne | 035.600
2016-12-18 12:58:52 | TEMPLOG : Table    One | 077.900
2016-12-18 12:59:52 | TEMPLOG : WellhouseOne | 057.200
2016-12-18 12:59:53 | TEMPLOG : Table    One | 077.000
2016-12-18 13:00:53 | TEMPLOG : WellhouseOne | 104.900
2016-12-18 13:00:53 | TEMPLOG : Bio   Filter | 059.900
2016-12-18 13:00:54 | TEMPLOG : To   GeoLoop | 046.400
2016-12-18 13:00:54 | TEMPLOG : Table    One | 077.000
2016-12-18 13:01:54 | TEMPLOG : WellhouseOne | 118.400
2016-12-18 13:02:56 | TEMPLOG : WellhouseOne | 127.400
2016-12-18 13:03:57 | TEMPLOG : WellhouseOne | 134.600
2016-12-18 13:04:58 | TEMPLOG : WellhouseOne | 141.800
2016-12-18 13:04:58 | TEMPLOG : Bio   Filter | 060.800
2016-12-18 13:05:59 | TEMPLOG : WellhouseOne | 143.600
2016-12-18 13:07:00 | TEMPLOG : WellhouseOne | 144.500
2016-12-18 13:08:02 | TEMPLOG : WellhouseOne | 099.500
2016-12-18 13:08:02 | TEMPLOG : Bio   Filter | 059.900
2016-12-18 13:09:02 | TEMPLOG : WellhouseOne | 077.900
2016-12-18 13:10:03 | TEMPLOG : WellhouseOne | 065.300
2016-12-18 13:11:04 | TEMPLOG : WellhouseOne | 059.000
2016-12-18 13:11:05 | TEMPLOG : To   GeoLoop | 047.300
2016-12-18 13:12:06 | TEMPLOG : WellhouseOne | 053.600
2016-12-18 13:12:08 | TEMPLOG : Table    One | 077.900
2016-12-18 13:13:08 | TEMPLOG : WellhouseOne | 050.000
2016-12-18 13:13:08 | TEMPLOG : Table    One | 077.000
2016-12-18 13:14:09 | TEMPLOG : WellhouseOne | 047.300
2016-12-18 13:15:09 | TEMPLOG : WellhouseOne | 045.500
2016-12-18 13:16:12 | TEMPLOG : WellhouseOne | 044.600
2016-12-18 13:17:13 | TEMPLOG : WellhouseOne | 042.800
2016-12-18 13:18:15 | TEMPLOG : Table    One | 076.100
2016-12-18 13:19:16 | TEMPLOG : WellhouseOne | 041.900
2016-12-18 13:19:17 | TEMPLOG : Table    One | 075.200
2016-12-18 13:20:17 | TEMPLOG : WellhouseOne | 041.000
2016-12-18 13:21:18 | TEMPLOG : WellhouseOne | 040.100
2016-12-18 13:21:19 | TEMPLOG : Table    One | 074.300
2016-12-18 13:22:19 | TEMPLOG : WellhouseOne | 039.200
2016-12-18 13:23:20 | TEMPLOG : Bio   Filter | 059.000
2016-12-18 13:24:21 | TEMPLOG : WellhouseOne | 038.300
2016-12-18 13:25:22 | TEMPLOG : WellhouseOne | 036.500
2016-12-18 13:25:23 | TEMPLOG : Table    One | 075.200
2016-12-18 13:26:24 | TEMPLOG : WellhouseOne | 065.300
2016-12-18 13:27:25 | TEMPLOG : WellhouseOne | 107.600
2016-12-18 13:28:26 | TEMPLOG : WellhouseOne | 122.000
2016-12-18 13:28:27 | TEMPLOG : Table    One | 076.100
2016-12-18 13:29:27 | TEMPLOG : WellhouseOne | 131.000
2016-12-18 13:30:28 | TEMPLOG : WellhouseOne | 136.400
2016-12-18 13:31:29 | TEMPLOG : WellhouseOne | 140.900
2016-12-18 13:31:30 | TEMPLOG : Table    One | 077.000
2016-12-18 13:32:31 | TEMPLOG : WellhouseOne | 142.700
2016-12-18 13:33:32 | TEMPLOG : WellhouseOne | 123.800
2016-12-18 13:34:33 | TEMPLOG : WellhouseOne | 086.000
2016-12-18 13:34:34 | TEMPLOG : To   GeoLoop | 046.400
2016-12-18 13:34:34 | TEMPLOG : Table    One | 076.100
2016-12-18 13:35:34 | TEMPLOG : WellhouseOne | 069.800
2016-12-18 13:35:35 | TEMPLOG : Bio   Filter | 058.100
2016-12-18 13:35:35 | TEMPLOG : Table    One | 075.200
2016-12-18 13:36:35 | TEMPLOG : WellhouseOne | 062.600
2016-12-18 13:37:36 | TEMPLOG : WellhouseOne | 057.200
2016-12-18 13:37:38 | TEMPLOG : Table    One | 076.100
2016-12-18 13:38:38 | TEMPLOG : WellhouseOne | 052.700
2016-12-18 13:39:39 | TEMPLOG : WellhouseOne | 050.000
2016-12-18 13:40:40 | TEMPLOG : WellhouseOne | 048.200
2016-12-18 13:40:40 | TEMPLOG : To   GeoLoop | 047.300
2016-12-18 13:41:41 | TEMPLOG : WellhouseOne | 044.600
2016-12-18 13:41:41 | TEMPLOG : To   GeoLoop | 046.400
2016-12-18 13:41:42 | TEMPLOG : Table    One | 077.000
2016-12-18 13:42:42 | TEMPLOG : WellhouseOne | 042.800
2016-12-18 13:43:44 | TEMPLOG : WellhouseOne | 041.900
2016-12-18 13:45:46 | TEMPLOG : WellhouseOne | 041.000
2016-12-18 13:45:46 | TEMPLOG : Bio   Filter | 057.200
2016-12-18 13:46:47 | TEMPLOG : WellhouseOne | 040.100
2016-12-18 13:47:48 | TEMPLOG : WellhouseOne | 039.200
2016-12-18 13:49:51 | TEMPLOG : WellhouseOne | 038.300
2016-12-18 13:50:53 | TEMPLOG : WellhouseOne | 037.400
2016-12-18 13:50:55 | TEMPLOG : Table    One | 077.900
2016-12-18 13:51:55 | TEMPLOG : WellhouseOne | 036.500
2016-12-18 13:52:56 | TEMPLOG : WellhouseOne | 089.600
2016-12-18 13:52:56 | TEMPLOG : Table    One | 077.000
2016-12-18 13:53:57 | TEMPLOG : WellhouseOne | 113.000
2016-12-18 13:54:58 | TEMPLOG : WellhouseOne | 126.500
2016-12-18 13:56:00 | TEMPLOG : WellhouseOne | 132.800
2016-12-18 13:57:02 | TEMPLOG : WellhouseOne | 138.200
2016-12-18 13:58:03 | TEMPLOG : WellhouseOne | 140.900
2016-12-18 13:59:04 | TEMPLOG : WellhouseOne | 120.200
2016-12-18 14:00:05 | TEMPLOG : WellhouseOne | 086.900
2016-12-18 14:00:05 | TEMPLOG : Bio   Filter | 057.200
2016-12-18 14:00:06 | TEMPLOG : To   GeoLoop | 046.400
2016-12-18 14:00:06 | TEMPLOG : Table    One | 076.100
2016-12-18 14:01:06 | TEMPLOG : WellhouseOne | 070.700
2016-12-18 14:02:08 | TEMPLOG : WellhouseOne | 061.700
2016-12-18 14:03:09 | TEMPLOG : WellhouseOne | 057.200
2016-12-18 14:04:10 | TEMPLOG : WellhouseOne | 053.600
2016-12-18 14:05:11 | TEMPLOG : WellhouseOne | 050.000
2016-12-18 14:06:12 | TEMPLOG : WellhouseOne | 047.300
2016-12-18 14:07:12 | TEMPLOG : WellhouseOne | 046.400
2016-12-18 14:08:13 | TEMPLOG : WellhouseOne | 045.500
2016-12-18 14:09:14 | TEMPLOG : WellhouseOne | 044.600
2016-12-18 14:10:15 | TEMPLOG : WellhouseOne | 043.700
2016-12-18 14:10:16 | TEMPLOG : Bio   Filter | 056.300
2016-12-18 14:10:16 | TEMPLOG : Table    One | 075.200
2016-12-18 14:12:18 | TEMPLOG : WellhouseOne | 042.800
2016-12-18 14:12:20 | TEMPLOG : Table    One | 074.300
2016-12-18 14:14:22 | TEMPLOG : WellhouseOne | 041.900
2016-12-18 14:14:22 | TEMPLOG : Table    One | 073.400
2016-12-18 14:17:26 | TEMPLOG : Bio   Filter | 055.400
2016-12-18 14:18:26 | TEMPLOG : WellhouseOne | 041.000
2016-12-18 14:18:28 | TEMPLOG : Table    One | 072.500
2016-12-18 14:19:28 | TEMPLOG : WellhouseOne | 098.600
2016-12-18 14:19:28 | TEMPLOG : Table    One | 071.600
2016-12-18 14:20:29 | TEMPLOG : WellhouseOne | 121.100
2016-12-18 14:21:29 | TEMPLOG : WellhouseOne | 130.100
2016-12-18 14:21:30 | TEMPLOG : Table    One | 070.700
2016-12-18 14:22:30 | TEMPLOG : WellhouseOne | 135.500
2016-12-18 14:22:31 | TEMPLOG : Bio   Filter | 054.500
2016-12-18 14:23:31 | TEMPLOG : WellhouseOne | 127.400
2016-12-18 14:24:32 | TEMPLOG : WellhouseOne | 095.000
2016-12-18 14:25:34 | TEMPLOG : WellhouseOne | 080.600
2016-12-18 14:26:35 | TEMPLOG : WellhouseOne | 069.800
2016-12-18 14:26:35 | TEMPLOG : Bio   Filter | 053.600
2016-12-18 14:27:36 | TEMPLOG : WellhouseOne | 062.600
2016-12-18 14:28:37 | TEMPLOG : WellhouseOne | 056.300
2016-12-18 14:29:39 | TEMPLOG : WellhouseOne | 052.700
2016-12-18 14:29:39 | TEMPLOG : To   GeoLoop | 045.500
2016-12-18 14:30:40 | TEMPLOG : WellhouseOne | 050.000
2016-12-18 14:31:42 | TEMPLOG : WellhouseOne | 048.200
2016-12-18 14:32:42 | TEMPLOG : WellhouseOne | 047.300
2016-12-18 14:33:43 | TEMPLOG : WellhouseOne | 046.400
2016-12-18 14:33:44 | TEMPLOG : To   GeoLoop | 046.400
2016-12-18 14:34:44 | TEMPLOG : WellhouseOne | 043.700
2016-12-18 14:34:45 | TEMPLOG : To   GeoLoop | 045.500
2016-12-18 14:35:45 | TEMPLOG : WellhouseOne | 042.800
2016-12-18 14:36:46 | TEMPLOG : WellhouseOne | 041.900
2016-12-18 14:37:48 | TEMPLOG : WellhouseOne | 041.000
2016-12-18 14:37:49 | TEMPLOG : Table    One | 069.800
2016-12-18 14:38:49 | TEMPLOG : WellhouseOne | 041.900
2016-12-18 14:39:50 | TEMPLOG : WellhouseOne | 041.000
2016-12-18 14:39:50 | TEMPLOG : Bio   Filter | 052.700
2016-12-18 14:40:52 | TEMPLOG : Table    One | 068.900
2016-12-18 14:43:56 | TEMPLOG : WellhouseOne | 077.900
2016-12-18 14:44:56 | TEMPLOG : WellhouseOne | 113.000
2016-12-18 14:45:58 | TEMPLOG : WellhouseOne | 124.700
2016-12-18 14:46:59 | TEMPLOG : WellhouseOne | 132.800
2016-12-18 14:46:59 | TEMPLOG : Bio   Filter | 051.800
2016-12-18 14:48:00 | TEMPLOG : WellhouseOne | 138.200
2016-12-18 14:49:00 | TEMPLOG : WellhouseOne | 136.400
2016-12-18 14:50:01 | TEMPLOG : WellhouseOne | 088.700
2016-12-18 14:50:02 | TEMPLOG : Table    One | 068.000
2016-12-18 14:51:02 | TEMPLOG : WellhouseOne | 071.600
2016-12-18 14:52:03 | TEMPLOG : WellhouseOne | 062.600
2016-12-18 14:53:04 | TEMPLOG : WellhouseOne | 056.300
2016-12-18 14:53:05 | TEMPLOG : Table    One | 067.100
2016-12-18 14:54:05 | TEMPLOG : WellhouseOne | 051.800
2016-12-18 14:55:06 | TEMPLOG : WellhouseOne | 049.100
2016-12-18 14:56:07 | TEMPLOG : WellhouseOne | 047.300
2016-12-18 14:56:07 | TEMPLOG : Bio   Filter | 050.900
2016-12-18 14:56:09 | TEMPLOG : Table    One | 066.200
2016-12-18 14:57:09 | TEMPLOG : WellhouseOne | 045.500
2016-12-18 14:58:11 | TEMPLOG : WellhouseOne | 043.700
2016-12-18 14:58:11 | TEMPLOG : Table    One | 065.300
2016-12-18 14:59:12 | TEMPLOG : WellhouseOne | 041.900
2016-12-18 14:59:13 | TEMPLOG : Table    One | 064.400
2016-12-18 15:00:13 | TEMPLOG : WellhouseOne | 041.000
2016-12-18 15:00:13 | TEMPLOG : Bio   Filter | 050.900
2016-12-18 15:00:13 | TEMPLOG : To   GeoLoop | 045.500
2016-12-18 15:00:13 | TEMPLOG : Table    One | 063.500
2016-12-18 15:01:14 | TEMPLOG : WellhouseOne | 040.100
2016-12-18 15:01:15 | TEMPLOG : Table    One | 062.600
2016-12-18 15:02:15 | TEMPLOG : WellhouseOne | 039.200
2016-12-18 15:02:15 | TEMPLOG : Bio   Filter | 050.000
2016-12-18 15:02:16 | TEMPLOG : Table    One | 061.700
2016-12-18 15:03:16 | TEMPLOG : WellhouseOne | 038.300
2016-12-18 15:04:17 | TEMPLOG : WellhouseOne | 037.400
2016-12-18 15:04:17 | TEMPLOG : To   GeoLoop | 044.600
2016-12-18 15:04:18 | TEMPLOG : Table    One | 060.800
2016-12-18 15:05:20 | TEMPLOG : Table    One | 059.900
2016-12-18 15:06:20 | TEMPLOG : WellhouseOne | 036.500
2016-12-18 15:06:20 | TEMPLOG : Bio   Filter | 049.100
2016-12-18 15:07:22 | TEMPLOG : Table    One | 059.000
2016-12-18 15:08:22 | TEMPLOG : WellhouseOne | 061.700
2016-12-18 15:09:23 | TEMPLOG : WellhouseOne | 108.500
2016-12-18 15:10:25 | TEMPLOG : WellhouseOne | 121.100
2016-12-18 15:11:27 | TEMPLOG : WellhouseOne | 129.200
2016-12-18 15:12:28 | TEMPLOG : WellhouseOne | 135.500
2016-12-18 15:12:29 | TEMPLOG : Table    One | 059.900
2016-12-18 15:13:29 | TEMPLOG : WellhouseOne | 140.000
2016-12-18 15:13:29 | TEMPLOG : Bio   Filter | 048.200
2016-12-18 15:14:31 | TEMPLOG : WellhouseOne | 132.800
2016-12-18 15:15:33 | TEMPLOG : WellhouseOne | 088.700
2016-12-18 15:16:34 | TEMPLOG : WellhouseOne | 071.600
2016-12-18 15:16:35 | TEMPLOG : Table    One | 059.000
2016-12-18 15:17:35 | TEMPLOG : WellhouseOne | 062.600
2016-12-18 15:18:37 | TEMPLOG : WellhouseOne | 057.200
2016-12-18 15:18:37 | TEMPLOG : Bio   Filter | 047.300
2016-12-18 15:19:38 | TEMPLOG : WellhouseOne | 052.700
2016-12-18 15:19:39 | TEMPLOG : Table    One | 058.100
2016-12-18 15:20:39 | TEMPLOG : WellhouseOne | 049.100
2016-12-18 15:21:40 | TEMPLOG : WellhouseOne | 046.400
2016-12-18 15:22:41 | TEMPLOG : WellhouseOne | 044.600
2016-12-18 15:23:42 | TEMPLOG : WellhouseOne | 042.800
2016-12-18 15:23:42 | TEMPLOG : Bio   Filter | 046.400
2016-12-18 15:23:43 | TEMPLOG : Table    One | 057.200
2016-12-18 15:24:43 | TEMPLOG : WellhouseOne | 041.900
2016-12-18 15:25:44 | TEMPLOG : WellhouseOne | 041.000
2016-12-18 15:26:45 | TEMPLOG : WellhouseOne | 039.200
2016-12-18 15:26:46 | TEMPLOG : Table    One | 056.300
2016-12-18 15:27:46 | TEMPLOG : WellhouseOne | 038.300
2016-12-18 15:28:48 | TEMPLOG : WellhouseOne | 037.400
2016-12-18 15:28:48 | TEMPLOG : Bio   Filter | 045.500
2016-12-18 15:28:49 | TEMPLOG : To   GeoLoop | 043.700
2016-12-18 15:29:50 | TEMPLOG : Table    One | 055.400
2016-12-18 15:30:50 | TEMPLOG : WellhouseOne | 036.500
2016-12-18 15:31:52 | TEMPLOG : Table    One | 054.500
2016-12-18 15:32:52 | TEMPLOG : WellhouseOne | 035.600
2016-12-18 15:32:52 | TEMPLOG : Bio   Filter | 044.600
2016-12-18 15:33:54 | TEMPLOG : WellhouseOne | 064.400
2016-12-18 15:34:55 | TEMPLOG : WellhouseOne | 109.400
2016-12-18 15:34:56 | TEMPLOG : Table    One | 053.600
2016-12-18 15:35:57 | TEMPLOG : WellhouseOne | 122.000
2016-12-18 15:36:58 | TEMPLOG : WellhouseOne | 130.100
2016-12-18 15:37:58 | TEMPLOG : WellhouseOne | 134.600
2016-12-18 15:37:59 | TEMPLOG : Bio   Filter | 043.700
2016-12-18 15:38:59 | TEMPLOG : WellhouseOne | 139.100
2016-12-18 15:39:00 | TEMPLOG : Table    One | 052.700
2016-12-18 15:40:00 | TEMPLOG : WellhouseOne | 123.800
2016-12-18 15:41:02 | TEMPLOG : WellhouseOne | 087.800
2016-12-18 15:42:03 | TEMPLOG : WellhouseOne | 072.500
2016-12-18 15:42:03 | TEMPLOG : Bio   Filter | 042.800
2016-12-18 15:43:03 | TEMPLOG : WellhouseOne | 062.600
2016-12-18 15:43:04 | TEMPLOG : Table    One | 051.800
2016-12-18 15:44:04 | TEMPLOG : WellhouseOne | 056.300
2016-12-18 15:45:06 | TEMPLOG : WellhouseOne | 052.700
2016-12-18 15:45:06 | TEMPLOG : To   GeoLoop | 042.800
2016-12-18 15:45:06 | TEMPLOG : Table    One | 050.900
2016-12-18 15:46:07 | TEMPLOG : WellhouseOne | 048.200
2016-12-18 15:46:07 | TEMPLOG : Bio   Filter | 041.900
2016-12-18 15:47:08 | TEMPLOG : WellhouseOne | 045.500
2016-12-18 15:48:09 | TEMPLOG : WellhouseOne | 043.700
2016-12-18 15:48:10 | TEMPLOG : Table    One | 050.000
2016-12-18 15:49:10 | TEMPLOG : WellhouseOne | 041.900
2016-12-18 15:50:11 | TEMPLOG : WellhouseOne | 041.000
2016-12-18 15:51:12 | TEMPLOG : WellhouseOne | 040.100
2016-12-18 15:51:12 | TEMPLOG : Bio   Filter | 041.000
2016-12-18 15:51:13 | TEMPLOG : Table    One | 049.100
2016-12-18 15:52:14 | TEMPLOG : WellhouseOne | 039.200
2016-12-18 15:53:16 | TEMPLOG : Table    One | 048.200
2016-12-18 15:54:16 | TEMPLOG : WellhouseOne | 038.300
2016-12-18 15:55:18 | TEMPLOG : WellhouseOne | 037.400
2016-12-18 15:55:18 | TEMPLOG : Bio   Filter | 040.100
2016-12-18 15:56:21 | TEMPLOG : Table    One | 047.300
2016-12-18 15:57:22 | TEMPLOG : WellhouseOne | 036.500
2016-12-18 15:58:23 | TEMPLOG : WellhouseOne | 035.600
2016-12-18 15:58:24 | TEMPLOG : Table    One | 046.400
2016-12-18 15:59:25 | TEMPLOG : WellhouseOne | 086.900
2016-12-18 16:00:27 | TEMPLOG : WellhouseOne | 113.000
2016-12-18 16:00:27 | TEMPLOG : Bio   Filter | 039.200
2016-12-18 16:00:28 | TEMPLOG : To   GeoLoop | 042.800
2016-12-18 16:00:28 | TEMPLOG : Table    One | 046.400
2016-12-18 16:01:28 | TEMPLOG : WellhouseOne | 123.800
2016-12-18 16:01:30 | TEMPLOG : Table    One | 045.500
2016-12-18 16:02:30 | TEMPLOG : WellhouseOne | 130.100
2016-12-18 16:02:30 | TEMPLOG : To   GeoLoop | 041.900
2016-12-18 16:03:31 | TEMPLOG : WellhouseOne | 134.600
2016-12-18 16:03:31 | TEMPLOG : To   GeoLoop | 042.800
2016-12-18 16:03:31 | TEMPLOG : Table    One | 044.600
2016-12-18 16:04:32 | TEMPLOG : WellhouseOne | 138.200
2016-12-18 16:04:32 | TEMPLOG : Bio   Filter | 038.300
2016-12-18 16:05:33 | TEMPLOG : WellhouseOne | 139.100
2016-12-18 16:05:34 | TEMPLOG : To   GeoLoop | 041.900
2016-12-18 16:06:35 | TEMPLOG : WellhouseOne | 096.800
2016-12-18 16:06:36 | TEMPLOG : Table    One | 043.700
2016-12-18 16:07:36 | TEMPLOG : WellhouseOne | 077.000
2016-12-18 16:08:37 | TEMPLOG : WellhouseOne | 066.200
2016-12-18 16:08:38 | TEMPLOG : Bio   Filter | 037.400
2016-12-18 16:08:38 | TEMPLOG : Table    One | 042.800
2016-12-18 16:09:39 | TEMPLOG : WellhouseOne | 058.100
2016-12-18 16:10:39 | TEMPLOG : WellhouseOne | 053.600
2016-12-18 16:10:40 | TEMPLOG : Table    One | 041.900
2016-12-18 16:11:40 | TEMPLOG : WellhouseOne | 050.000
2016-12-18 16:12:41 | TEMPLOG : WellhouseOne | 047.300
2016-12-18 16:12:42 | TEMPLOG : Bio   Filter | 036.500
2016-12-18 16:12:42 | TEMPLOG : Table    One | 041.000
2016-12-18 16:13:42 | TEMPLOG : WellhouseOne | 045.500
2016-12-18 16:14:43 | TEMPLOG : WellhouseOne | 044.600
2016-12-18 16:14:44 | TEMPLOG : Table    One | 040.100
2016-12-18 16:15:44 | TEMPLOG : WellhouseOne | 042.800
2016-12-18 16:15:45 | TEMPLOG : Bio   Filter | 035.600
2016-12-18 16:16:46 | TEMPLOG : WellhouseOne | 041.900
2016-12-18 16:16:47 | TEMPLOG : Table    One | 039.200
2016-12-18 16:17:48 | TEMPLOG : WellhouseOne | 041.000
2016-12-18 16:18:49 | TEMPLOG : WellhouseOne | 039.200
2016-12-18 16:18:49 | TEMPLOG : Bio   Filter | 034.700
2016-12-18 16:18:49 | TEMPLOG : To   GeoLoop | 041.000
2016-12-18 16:18:50 | TEMPLOG : Table    One | 038.300
2016-12-18 16:20:52 | TEMPLOG : WellhouseOne | 038.300
2016-12-18 16:20:53 | TEMPLOG : Table    One | 037.400
2016-12-18 16:21:53 | TEMPLOG : WellhouseOne | 036.500
2016-12-18 16:21:53 | TEMPLOG : Bio   Filter | 033.800
2016-12-18 16:22:54 | TEMPLOG : WellhouseOne | 035.600
2016-12-18 16:22:54 | TEMPLOG : Table    One | 036.500
2016-12-18 16:23:55 | TEMPLOG : WellhouseOne | 034.700
2016-12-18 16:23:55 | TEMPLOG : Table    One | 035.600
2016-12-18 16:24:55 | TEMPLOG : WellhouseOne | 035.600
2016-12-18 16:24:56 | TEMPLOG : Bio   Filter | 032.900
2016-12-18 16:25:56 | TEMPLOG : WellhouseOne | 099.500
2016-12-18 16:25:57 | TEMPLOG : Table    One | 034.700
2016-12-18 16:26:57 | TEMPLOG : WellhouseOne | 116.600
2016-12-18 16:26:59 | TEMPLOG : Table    One | 033.800
2016-12-18 16:27:59 | TEMPLOG : WellhouseOne | 124.700
2016-12-18 16:28:00 | TEMPLOG : Table    One | 032.900
2016-12-18 16:29:00 | TEMPLOG : WellhouseOne | 129.200
2016-12-18 16:29:00 | TEMPLOG : To   GeoLoop | 040.100
2016-12-18 16:30:01 | TEMPLOG : WellhouseOne | 131.900
2016-12-18 16:30:01 | TEMPLOG : Bio   Filter | 031.100
2016-12-18 16:30:02 | TEMPLOG : Table    One | 031.100
2016-12-18 16:31:02 | TEMPLOG : WellhouseOne | 134.600
2016-12-18 16:32:03 | TEMPLOG : WellhouseOne | 138.200
2016-12-18 16:32:03 | TEMPLOG : Bio   Filter | 030.200
2016-12-18 16:32:04 | TEMPLOG : Table    One | 030.200
2016-12-18 16:33:04 | TEMPLOG : WellhouseOne | 129.200
2016-12-18 16:34:06 | TEMPLOG : WellhouseOne | 086.900
2016-12-18 16:35:07 | TEMPLOG : WellhouseOne | 073.400
2016-12-18 16:35:07 | TEMPLOG : Bio   Filter | 029.300
2016-12-18 16:35:08 | TEMPLOG : Table    One | 029.300
2016-12-18 16:36:08 | TEMPLOG : WellhouseOne | 062.600
2016-12-18 16:36:09 | TEMPLOG : To   GeoLoop | 039.200
2016-12-18 16:37:10 | TEMPLOG : WellhouseOne | 056.300
2016-12-18 16:38:11 | TEMPLOG : WellhouseOne | 052.700
2016-12-18 16:38:11 | TEMPLOG : Bio   Filter | 028.400
2016-12-18 16:38:12 | TEMPLOG : Table    One | 028.400
2016-12-18 16:39:12 | TEMPLOG : WellhouseOne | 049.100
2016-12-18 16:40:13 | TEMPLOG : WellhouseOne | 046.400
2016-12-18 16:41:15 | TEMPLOG : WellhouseOne | 044.600
2016-12-18 16:41:15 | TEMPLOG : Bio   Filter | 027.500
2016-12-18 16:42:18 | TEMPLOG : WellhouseOne | 042.800
2016-12-18 16:42:19 | TEMPLOG : Table    One | 027.500
2016-12-18 16:43:20 | TEMPLOG : WellhouseOne | 041.000
2016-12-18 16:44:21 | TEMPLOG : WellhouseOne | 040.100
2016-12-18 16:45:23 | TEMPLOG : WellhouseOne | 038.300
2016-12-18 16:46:24 | TEMPLOG : Bio   Filter | 026.600
2016-12-18 16:47:25 | TEMPLOG : WellhouseOne | 037.400
2016-12-18 16:48:26 | TEMPLOG : WellhouseOne | 036.500
2016-12-18 16:50:28 | TEMPLOG : WellhouseOne | 034.700
2016-12-18 16:50:29 | TEMPLOG : Table    One | 026.600
2016-12-18 16:52:30 | TEMPLOG : WellhouseOne | 099.500
2016-12-18 16:53:32 | TEMPLOG : WellhouseOne | 114.800
2016-12-18 16:54:34 | TEMPLOG : WellhouseOne | 122.000
2016-12-18 16:54:35 | TEMPLOG : Bio   Filter | 025.700
2016-12-18 16:55:35 | TEMPLOG : WellhouseOne | 126.500
2016-12-18 16:56:36 | TEMPLOG : WellhouseOne | 129.200
2016-12-18 16:57:38 | TEMPLOG : WellhouseOne | 132.800
2016-12-18 16:58:40 | TEMPLOG : WellhouseOne | 134.600
2016-12-18 16:58:41 | TEMPLOG : To   GeoLoop | 038.300
2016-12-18 16:58:41 | TEMPLOG : Table    One | 025.700
2016-12-18 16:59:41 | TEMPLOG : WellhouseOne | 136.400
2016-12-18 16:59:42 | TEMPLOG : To   GeoLoop | 039.200
2016-12-18 17:00:43 | TEMPLOG : WellhouseOne | 138.200
2016-12-18 17:00:43 | TEMPLOG : Bio   Filter | 025.700
2016-12-18 17:00:43 | TEMPLOG : To   GeoLoop | 039.200
2016-12-18 17:00:44 | TEMPLOG : Table    One | 025.700
2016-12-18 17:01:44 | TEMPLOG : WellhouseOne | 129.200
2016-12-18 17:01:44 | TEMPLOG : To   GeoLoop | 038.300
2016-12-18 17:02:46 | TEMPLOG : WellhouseOne | 089.600
2016-12-18 17:03:47 | TEMPLOG : WellhouseOne | 077.000
2016-12-18 17:04:48 | TEMPLOG : WellhouseOne | 067.100
2016-12-18 17:05:49 | TEMPLOG : WellhouseOne | 059.000
2016-12-18 17:06:51 | TEMPLOG : WellhouseOne | 053.600
2016-12-18 17:07:53 | TEMPLOG : WellhouseOne | 050.000
2016-12-18 17:07:53 | TEMPLOG : Bio   Filter | 024.800
2016-12-18 17:08:54 | TEMPLOG : WellhouseOne | 048.200
2016-12-18 17:08:54 | TEMPLOG : Bio   Filter | 025.700
2016-12-18 17:09:57 | TEMPLOG : WellhouseOne | 045.500
2016-12-18 17:09:57 | TEMPLOG : Bio   Filter | 024.800
2016-12-18 17:10:57 | TEMPLOG : WellhouseOne | 043.700
2016-12-18 17:11:58 | TEMPLOG : WellhouseOne | 042.800
2016-12-18 17:13:00 | TEMPLOG : WellhouseOne | 041.900
2016-12-18 17:14:01 | TEMPLOG : WellhouseOne | 040.100
2016-12-18 17:15:02 | TEMPLOG : WellhouseOne | 039.200
2016-12-18 17:16:04 | TEMPLOG : Table    One | 024.800
2016-12-18 17:17:04 | TEMPLOG : WellhouseOne | 038.300
2016-12-18 17:17:05 | TEMPLOG : Table    One | 025.700
2016-12-18 17:18:05 | TEMPLOG : WellhouseOne | 037.400
2016-12-18 17:18:07 | TEMPLOG : Table    One | 024.800
2016-12-18 17:20:08 | TEMPLOG : WellhouseOne | 036.500
2016-12-18 17:21:09 | TEMPLOG : WellhouseOne | 069.800
2016-12-18 17:22:10 | TEMPLOG : WellhouseOne | 105.800
2016-12-18 17:23:12 | TEMPLOG : WellhouseOne | 116.600
2016-12-18 17:24:13 | TEMPLOG : WellhouseOne | 122.900
2016-12-18 17:25:15 | TEMPLOG : WellhouseOne | 126.500
2016-12-18 17:26:16 | TEMPLOG : WellhouseOne | 128.300
2016-12-18 17:27:19 | TEMPLOG : WellhouseOne | 131.000
2016-12-18 17:28:20 | TEMPLOG : WellhouseOne | 132.800
2016-12-18 17:29:21 | TEMPLOG : WellhouseOne | 134.600
2016-12-18 17:31:23 | TEMPLOG : WellhouseOne | 127.400
2016-12-18 17:32:24 | TEMPLOG : WellhouseOne | 094.100
2016-12-18 17:32:25 | TEMPLOG : Bio   Filter | 023.900
2016-12-18 17:33:25 | TEMPLOG : WellhouseOne | 078.800
2016-12-18 17:34:27 | TEMPLOG : WellhouseOne | 066.200
2016-12-18 17:35:28 | TEMPLOG : WellhouseOne | 060.800
2016-12-18 17:36:30 | TEMPLOG : WellhouseOne | 054.500
2016-12-18 17:37:31 | TEMPLOG : WellhouseOne | 050.000
2016-12-18 17:38:33 | TEMPLOG : WellhouseOne | 046.400
2016-12-18 17:39:33 | TEMPLOG : WellhouseOne | 044.600
2016-12-18 17:39:35 | TEMPLOG : Table    One | 023.900
2016-12-18 17:40:35 | TEMPLOG : WellhouseOne | 042.800
2016-12-18 17:41:36 | TEMPLOG : WellhouseOne | 041.900
2016-12-18 17:42:37 | TEMPLOG : WellhouseOne | 041.000
2016-12-18 17:43:38 | TEMPLOG : WellhouseOne | 039.200
2016-12-18 17:45:41 | TEMPLOG : WellhouseOne | 038.300
2016-12-18 17:46:43 | TEMPLOG : WellhouseOne | 037.400
2016-12-18 17:46:43 | TEMPLOG : Bio   Filter | 023.000
2016-12-18 17:47:44 | TEMPLOG : WellhouseOne | 036.500
2016-12-18 17:47:45 | TEMPLOG : To   GeoLoop | 037.400
2016-12-18 17:47:45 | TEMPLOG : Table    One | 023.000
2016-12-18 17:48:45 | TEMPLOG : WellhouseOne | 035.600
2016-12-18 17:48:46 | TEMPLOG : To   GeoLoop | 038.300
2016-12-18 17:49:48 | TEMPLOG : To   GeoLoop | 037.400
2016-12-18 17:50:48 | TEMPLOG : WellhouseOne | 093.200
2016-12-18 17:51:49 | TEMPLOG : WellhouseOne | 109.400
2016-12-18 17:52:50 | TEMPLOG : WellhouseOne | 117.500
2016-12-18 17:53:51 | TEMPLOG : WellhouseOne | 123.800
2016-12-18 17:54:52 | TEMPLOG : WellhouseOne | 128.300
2016-12-18 17:56:54 | TEMPLOG : WellhouseOne | 133.700
2016-12-18 17:57:55 | TEMPLOG : WellhouseOne | 136.400
2016-12-18 17:58:57 | TEMPLOG : WellhouseOne | 137.300
2016-12-18 18:00:58 | TEMPLOG : WellhouseOne | 135.500
2016-12-18 18:00:59 | TEMPLOG : Bio   Filter | 023.000
2016-12-18 18:00:59 | TEMPLOG : To   GeoLoop | 037.400
2016-12-18 18:00:59 | TEMPLOG : Table    One | 022.100
2016-12-18 18:02:00 | TEMPLOG : WellhouseOne | 133.700
2016-12-18 18:03:01 | TEMPLOG : WellhouseOne | 139.100
2016-12-18 18:03:01 | TEMPLOG : Bio   Filter | 022.100
2016-12-18 18:04:02 | TEMPLOG : WellhouseOne | 138.200
2016-12-18 18:05:03 | TEMPLOG : WellhouseOne | 137.300
2016-12-18 18:06:04 | TEMPLOG : WellhouseOne | 136.400
2016-12-18 18:07:05 | TEMPLOG : WellhouseOne | 118.400
2016-12-18 18:08:06 | TEMPLOG : WellhouseOne | 090.500
2016-12-18 18:09:08 | TEMPLOG : WellhouseOne | 077.000
2016-12-18 18:10:09 | TEMPLOG : WellhouseOne | 068.900
2016-12-18 18:11:10 | TEMPLOG : WellhouseOne | 060.800
2016-12-18 18:12:12 | TEMPLOG : WellhouseOne | 055.400
2016-12-18 18:13:13 | TEMPLOG : WellhouseOne | 052.700
2016-12-18 18:13:13 | TEMPLOG : Bio   Filter | 021.200
2016-12-18 18:14:14 | TEMPLOG : WellhouseOne | 049.100
2016-12-18 18:15:15 | TEMPLOG : WellhouseOne | 046.400
2016-12-18 18:16:16 | TEMPLOG : WellhouseOne | 044.600
2016-12-18 18:17:17 | TEMPLOG : WellhouseOne | 043.700
2016-12-18 18:18:18 | TEMPLOG : WellhouseOne | 041.900
2016-12-18 18:19:19 | TEMPLOG : WellhouseOne | 041.000
2016-12-18 18:19:20 | TEMPLOG : Table    One | 021.200
2016-12-18 18:20:20 | TEMPLOG : WellhouseOne | 040.100
2016-12-18 18:20:22 | TEMPLOG : Table    One | 022.100
2016-12-18 18:21:22 | TEMPLOG : WellhouseOne | 039.200
2016-12-18 18:21:23 | TEMPLOG : Table    One | 021.200
2016-12-18 18:22:23 | TEMPLOG : WellhouseOne | 038.300
2016-12-18 18:23:24 | TEMPLOG : WellhouseOne | 037.400
2016-12-18 18:24:24 | TEMPLOG : WellhouseOne | 036.500
2016-12-18 18:25:26 | TEMPLOG : WellhouseOne | 077.900
2016-12-18 18:25:27 | TEMPLOG : To   GeoLoop | 036.500
2016-12-18 18:26:28 | TEMPLOG : WellhouseOne | 104.900
2016-12-18 18:27:29 | TEMPLOG : WellhouseOne | 113.000
2016-12-18 18:28:31 | TEMPLOG : WellhouseOne | 117.500
2016-12-18 18:29:32 | TEMPLOG : WellhouseOne | 122.000
2016-12-18 18:30:33 | TEMPLOG : WellhouseOne | 125.600
2016-12-18 18:32:37 | TEMPLOG : WellhouseOne | 124.700
2016-12-18 18:33:40 | TEMPLOG : WellhouseOne | 129.200
2016-12-18 18:35:42 | TEMPLOG : WellhouseOne | 127.400
2016-12-18 18:36:44 | TEMPLOG : WellhouseOne | 126.500
2016-12-18 18:37:45 | TEMPLOG : WellhouseOne | 128.300
2016-12-18 18:38:46 | TEMPLOG : WellhouseOne | 129.200
2016-12-18 18:39:47 | TEMPLOG : Bio   Filter | 020.300
2016-12-18 18:40:48 | TEMPLOG : WellhouseOne | 130.100
2016-12-18 18:41:50 | TEMPLOG : WellhouseOne | 131.900
2016-12-18 18:41:51 | TEMPLOG : Table    One | 020.300
2016-12-18 18:42:51 | TEMPLOG : WellhouseOne | 132.800
2016-12-18 18:43:53 | TEMPLOG : WellhouseOne | 131.900
2016-12-18 18:43:54 | TEMPLOG : Table    One | 021.200
2016-12-18 18:44:55 | TEMPLOG : Table    One | 020.300
2016-12-18 18:45:56 | TEMPLOG : WellhouseOne | 134.600
2016-12-18 18:46:58 | TEMPLOG : WellhouseOne | 132.800
2016-12-18 18:47:59 | TEMPLOG : WellhouseOne | 134.600
2016-12-18 18:50:02 | TEMPLOG : WellhouseOne | 132.800
2016-12-18 18:51:04 | TEMPLOG : WellhouseOne | 131.900
2016-12-18 18:52:05 | TEMPLOG : WellhouseOne | 133.700
2016-12-18 18:53:06 | TEMPLOG : WellhouseOne | 132.800
2016-12-18 18:54:07 | TEMPLOG : WellhouseOne | 136.400
2016-12-18 18:55:09 | TEMPLOG : WellhouseOne | 134.600
2016-12-18 18:56:10 | TEMPLOG : WellhouseOne | 135.500
2016-12-18 18:58:12 | TEMPLOG : WellhouseOne | 136.400
2016-12-18 18:59:13 | TEMPLOG : WellhouseOne | 132.800
2016-12-18 19:00:14 | TEMPLOG : WellhouseOne | 131.000
2016-12-18 19:00:15 | TEMPLOG : Bio   Filter | 020.300
2016-12-18 19:00:15 | TEMPLOG : To   GeoLoop | 036.500
2016-12-18 19:00:15 | TEMPLOG : Table    One | 020.300
2016-12-18 19:01:15 | TEMPLOG : WellhouseOne | 135.500
2016-12-18 19:01:16 | TEMPLOG : Bio   Filter | 019.400
2016-12-18 19:02:16 | TEMPLOG : WellhouseOne | 136.400
2016-12-18 19:03:18 | TEMPLOG : WellhouseOne | 134.600
2016-12-18 19:04:19 | TEMPLOG : WellhouseOne | 136.400
2016-12-18 19:06:22 | TEMPLOG : WellhouseOne | 139.100
2016-12-18 19:07:23 | TEMPLOG : WellhouseOne | 137.300
2016-12-18 19:08:25 | TEMPLOG : WellhouseOne | 138.200
2016-12-18 19:10:28 | TEMPLOG : WellhouseOne | 134.600
2016-12-18 19:11:29 | TEMPLOG : WellhouseOne | 136.400
2016-12-18 19:13:32 | TEMPLOG : WellhouseOne | 118.400
2016-12-18 19:14:36 | TEMPLOG : WellhouseOne | 086.900
2016-12-18 19:15:37 | TEMPLOG : WellhouseOne | 077.000
2016-12-18 19:15:38 | TEMPLOG : Bio   Filter | 020.300
2016-12-18 19:16:38 | TEMPLOG : WellhouseOne | 068.000
2016-12-18 19:17:39 | TEMPLOG : WellhouseOne | 061.700
2016-12-18 19:18:40 | TEMPLOG : WellhouseOne | 057.200
2016-12-18 19:19:41 | TEMPLOG : WellhouseOne | 053.600
2016-12-18 19:19:41 | TEMPLOG : Bio   Filter | 019.400
2016-12-18 19:20:42 | TEMPLOG : WellhouseOne | 051.800
2016-12-18 19:21:43 | TEMPLOG : WellhouseOne | 049.100
2016-12-18 19:22:44 | TEMPLOG : WellhouseOne | 047.300
2016-12-18 19:23:45 | TEMPLOG : WellhouseOne | 045.500
2016-12-18 19:24:47 | TEMPLOG : WellhouseOne | 044.600
2016-12-18 19:25:48 | TEMPLOG : WellhouseOne | 043.700
2016-12-18 19:26:49 | TEMPLOG : WellhouseOne | 042.800
2016-12-18 19:27:50 | TEMPLOG : WellhouseOne | 041.000
2016-12-18 19:29:54 | TEMPLOG : WellhouseOne | 040.100
2016-12-18 19:30:56 | TEMPLOG : WellhouseOne | 038.300
2016-12-18 19:31:56 | TEMPLOG : WellhouseOne | 088.700
2016-12-18 19:31:57 | TEMPLOG : Table    One | 019.400
2016-12-18 19:32:57 | TEMPLOG : WellhouseOne | 104.000
2016-12-18 19:32:58 | TEMPLOG : Table    One | 020.300
2016-12-18 19:33:58 | TEMPLOG : WellhouseOne | 113.000
2016-12-18 19:35:01 | TEMPLOG : WellhouseOne | 117.500
2016-12-18 19:35:01 | TEMPLOG : To   GeoLoop | 035.600
2016-12-18 19:35:01 | TEMPLOG : Table    One | 019.400
2016-12-18 19:36:02 | TEMPLOG : WellhouseOne | 120.200
2016-12-18 19:37:03 | TEMPLOG : WellhouseOne | 121.100
2016-12-18 19:38:04 | TEMPLOG : WellhouseOne | 123.800
2016-12-18 19:39:05 | TEMPLOG : WellhouseOne | 127.400
2016-12-18 19:40:06 | TEMPLOG : WellhouseOne | 129.200
2016-12-18 19:41:07 | TEMPLOG : Table    One | 020.300
2016-12-18 19:42:08 | TEMPLOG : WellhouseOne | 131.000
2016-12-18 19:43:10 | TEMPLOG : Table    One | 019.400
2016-12-18 19:44:10 | TEMPLOG : WellhouseOne | 131.900
2016-12-18 19:45:12 | TEMPLOG : WellhouseOne | 132.800
2016-12-18 19:46:14 | TEMPLOG : WellhouseOne | 130.100
2016-12-18 19:47:14 | TEMPLOG : WellhouseOne | 127.400
2016-12-18 19:48:16 | TEMPLOG : WellhouseOne | 130.100
2016-12-18 19:50:17 | TEMPLOG : WellhouseOne | 131.000
2016-12-18 19:51:18 | TEMPLOG : WellhouseOne | 131.900
2016-12-18 19:52:20 | TEMPLOG : WellhouseOne | 132.800
2016-12-18 19:53:21 | TEMPLOG : WellhouseOne | 130.100
2016-12-18 19:54:22 | TEMPLOG : WellhouseOne | 131.000
2016-12-18 19:55:23 | TEMPLOG : WellhouseOne | 132.800
2016-12-18 19:57:26 | TEMPLOG : WellhouseOne | 131.900
2016-12-18 19:58:27 | TEMPLOG : WellhouseOne | 133.700
2016-12-18 20:00:30 | TEMPLOG : WellhouseOne | 131.000
2016-12-18 20:00:30 | TEMPLOG : Bio   Filter | 019.400
2016-12-18 20:00:31 | TEMPLOG : To   GeoLoop | 035.600
2016-12-18 20:00:31 | TEMPLOG : Table    One | 019.400
2016-12-18 20:01:31 | TEMPLOG : WellhouseOne | 134.600
2016-12-18 20:02:33 | TEMPLOG : WellhouseOne | 135.500
2016-12-18 20:04:39 | TEMPLOG : WellhouseOne | 131.900
2016-12-18 20:05:41 | TEMPLOG : WellhouseOne | 133.700
2016-12-18 20:06:41 | TEMPLOG : WellhouseOne | 135.500
2016-12-18 20:07:43 | TEMPLOG : WellhouseOne | 136.400
2016-12-18 20:08:44 | TEMPLOG : WellhouseOne | 135.500
2016-12-18 20:09:45 | TEMPLOG : WellhouseOne | 136.400
2016-12-18 20:10:46 | TEMPLOG : WellhouseOne | 137.300
2016-12-18 20:11:48 | TEMPLOG : Table    One | 020.300
2016-12-18 20:13:49 | TEMPLOG : WellhouseOne | 138.200
2016-12-18 20:14:50 | TEMPLOG : WellhouseOne | 134.600
2016-12-18 20:15:51 | TEMPLOG : WellhouseOne | 136.400
2016-12-18 20:16:52 | TEMPLOG : WellhouseOne | 138.200
2016-12-18 20:17:53 | TEMPLOG : WellhouseOne | 135.500
2016-12-18 20:18:55 | TEMPLOG : WellhouseOne | 139.100
2016-12-18 20:19:58 | TEMPLOG : WellhouseOne | 132.800
2016-12-18 20:20:59 | TEMPLOG : WellhouseOne | 137.300
2016-12-18 20:21:00 | TEMPLOG : Table    One | 019.400
2016-12-18 20:22:00 | TEMPLOG : WellhouseOne | 135.500
2016-12-18 20:24:02 | TEMPLOG : WellhouseOne | 131.900
2016-12-18 20:25:03 | TEMPLOG : WellhouseOne | 136.400
2016-12-18 20:26:04 | TEMPLOG : WellhouseOne | 137.300
2016-12-18 20:27:05 | TEMPLOG : WellhouseOne | 139.100
2016-12-18 20:28:06 | TEMPLOG : WellhouseOne | 138.200
2016-12-18 20:30:09 | TEMPLOG : WellhouseOne | 140.900
2016-12-18 20:31:10 | TEMPLOG : WellhouseOne | 109.400
2016-12-18 20:32:11 | TEMPLOG : WellhouseOne | 088.700
2016-12-18 20:33:12 | TEMPLOG : WellhouseOne | 076.100
2016-12-18 20:33:13 | TEMPLOG : Bio   Filter | 018.500
2016-12-18 20:34:14 | TEMPLOG : WellhouseOne | 068.900
2016-12-18 20:35:15 | TEMPLOG : WellhouseOne | 063.500
2016-12-18 20:36:16 | TEMPLOG : WellhouseOne | 059.000
2016-12-18 20:37:17 | TEMPLOG : WellhouseOne | 055.400
2016-12-18 20:37:18 | TEMPLOG : To   GeoLoop | 034.700
2016-12-18 20:38:19 | TEMPLOG : WellhouseOne | 052.700
2016-12-18 20:38:19 | TEMPLOG : To   GeoLoop | 035.600
2016-12-18 20:39:20 | TEMPLOG : WellhouseOne | 050.900
2016-12-18 20:40:21 | TEMPLOG : WellhouseOne | 047.300
2016-12-18 20:40:22 | TEMPLOG : Table    One | 018.500
2016-12-18 20:41:22 | TEMPLOG : WellhouseOne | 046.400
2016-12-18 20:42:24 | TEMPLOG : WellhouseOne | 045.500
2016-12-18 20:43:26 | TEMPLOG : WellhouseOne | 044.600
2016-12-18 20:44:27 | TEMPLOG : WellhouseOne | 042.800
2016-12-18 20:45:28 | TEMPLOG : WellhouseOne | 041.000
2016-12-18 20:47:31 | TEMPLOG : WellhouseOne | 040.100
2016-12-18 20:48:34 | TEMPLOG : WellhouseOne | 038.300
2016-12-18 20:48:34 | TEMPLOG : Bio   Filter | 017.600
2016-12-18 20:48:35 | TEMPLOG : To   GeoLoop | 034.700
2016-12-18 20:49:35 | TEMPLOG : WellhouseOne | 085.100
2016-12-18 20:49:36 | TEMPLOG : Bio   Filter | 018.500
2016-12-18 20:50:37 | TEMPLOG : WellhouseOne | 105.800
2016-12-18 20:50:37 | TEMPLOG : Bio   Filter | 017.600
2016-12-18 20:51:38 | TEMPLOG : WellhouseOne | 113.900
2016-12-18 20:52:40 | TEMPLOG : WellhouseOne | 115.700
2016-12-18 20:53:41 | TEMPLOG : WellhouseOne | 118.400
2016-12-18 20:54:42 | TEMPLOG : WellhouseOne | 123.800
2016-12-18 20:55:44 | TEMPLOG : WellhouseOne | 122.900
2016-12-18 20:56:45 | TEMPLOG : WellhouseOne | 124.700
2016-12-18 20:56:45 | TEMPLOG : Bio   Filter | 018.500
2016-12-18 20:57:46 | TEMPLOG : WellhouseOne | 127.400
2016-12-18 20:58:47 | TEMPLOG : WellhouseOne | 128.300
2016-12-18 20:59:49 | TEMPLOG : WellhouseOne | 130.100
2016-12-18 20:59:50 | TEMPLOG : Table    One | 019.400
2016-12-18 21:00:50 | TEMPLOG : WellhouseOne | 131.000
2016-12-18 21:00:50 | TEMPLOG : Bio   Filter | 018.500
2016-12-18 21:00:51 | TEMPLOG : To   GeoLoop | 035.600
2016-12-18 21:00:51 | TEMPLOG : Table    One | 019.400
2016-12-18 21:01:51 | TEMPLOG : WellhouseOne | 131.900
2016-12-18 21:02:52 | TEMPLOG : To   GeoLoop | 034.700
2016-12-18 21:03:53 | TEMPLOG : WellhouseOne | 130.100
2016-12-18 21:04:54 | TEMPLOG : WellhouseOne | 131.900
2016-12-18 21:05:55 | TEMPLOG : WellhouseOne | 132.800
2016-12-18 21:05:56 | TEMPLOG : To   GeoLoop | 035.600
2016-12-18 21:06:58 | TEMPLOG : To   GeoLoop | 034.700
2016-12-18 21:09:00 | TEMPLOG : Bio   Filter | 019.400
2016-12-18 21:11:04 | TEMPLOG : WellhouseOne | 133.700
2016-12-18 21:12:05 | TEMPLOG : WellhouseOne | 132.800
2016-12-18 21:13:06 | TEMPLOG : WellhouseOne | 131.000
2016-12-18 21:14:07 | TEMPLOG : WellhouseOne | 132.800
2016-12-18 21:15:08 | TEMPLOG : WellhouseOne | 133.700
2016-12-18 21:16:09 | TEMPLOG : WellhouseOne | 132.800
2016-12-18 21:16:10 | TEMPLOG : Bio   Filter | 018.500
2016-12-18 21:17:10 | TEMPLOG : WellhouseOne | 134.600
2016-12-18 21:18:12 | TEMPLOG : WellhouseOne | 135.500
2016-12-18 21:19:15 | TEMPLOG : WellhouseOne | 136.400
2016-12-18 21:22:20 | TEMPLOG : WellhouseOne | 133.700
2016-12-18 21:23:20 | TEMPLOG : WellhouseOne | 136.400
2016-12-18 21:24:22 | TEMPLOG : WellhouseOne | 142.700
2016-12-18 21:25:23 | TEMPLOG : WellhouseOne | 141.800
2016-12-18 21:26:26 | TEMPLOG : WellhouseOne | 138.200
2016-12-18 21:26:28 | TEMPLOG : Table    One | 018.500
2016-12-18 21:27:28 | TEMPLOG : WellhouseOne | 136.400
2016-12-18 21:28:29 | TEMPLOG : WellhouseOne | 139.100
2016-12-18 21:29:30 | TEMPLOG : WellhouseOne | 142.700
2016-12-18 21:30:31 | TEMPLOG : WellhouseOne | 139.100
2016-12-18 21:31:32 | TEMPLOG : WellhouseOne | 140.000
2016-12-18 21:35:39 | TEMPLOG : WellhouseOne | 134.600
2016-12-18 21:36:40 | TEMPLOG : WellhouseOne | 138.200
2016-12-18 21:38:41 | TEMPLOG : WellhouseOne | 136.400
2016-12-18 21:39:42 | TEMPLOG : WellhouseOne | 138.200
2016-12-18 21:40:43 | TEMPLOG : WellhouseOne | 137.300
2016-12-18 21:41:46 | TEMPLOG : WellhouseOne | 138.200
2016-12-18 21:42:47 | TEMPLOG : WellhouseOne | 140.000
2016-12-18 21:43:48 | TEMPLOG : WellhouseOne | 139.100
2016-12-18 21:45:52 | TEMPLOG : WellhouseOne | 140.000
2016-12-18 21:46:53 | TEMPLOG : WellhouseOne | 139.100
2016-12-18 21:49:57 | TEMPLOG : WellhouseOne | 138.200
2016-12-18 21:51:59 | TEMPLOG : WellhouseOne | 137.300
2016-12-18 21:51:59 | TEMPLOG : Table    One | 019.400
2016-12-18 21:52:59 | TEMPLOG : WellhouseOne | 138.200
2016-12-18 21:53:00 | TEMPLOG : Table    One | 018.500
2016-12-18 21:56:03 | TEMPLOG : WellhouseOne | 139.100
2016-12-18 21:57:04 | TEMPLOG : WellhouseOne | 138.200
2016-12-18 21:58:05 | TEMPLOG : WellhouseOne | 137.300
2016-12-18 21:59:06 | TEMPLOG : WellhouseOne | 138.200
2016-12-18 22:00:07 | TEMPLOG : WellhouseOne | 138.200
2016-12-18 22:00:07 | TEMPLOG : Bio   Filter | 018.500
2016-12-18 22:00:07 | TEMPLOG : To   GeoLoop | 034.700
2016-12-18 22:00:08 | TEMPLOG : Table    One | 018.500
2016-12-18 22:01:09 | TEMPLOG : WellhouseOne | 139.100
2016-12-18 22:03:11 | TEMPLOG : WellhouseOne | 138.200
2016-12-18 22:05:13 | TEMPLOG : WellhouseOne | 137.300
2016-12-18 22:06:14 | TEMPLOG : Bio   Filter | 017.600
2016-12-18 22:06:15 | TEMPLOG : To   GeoLoop | 033.800
2016-12-18 22:07:15 | TEMPLOG : WellhouseOne | 138.200
2016-12-18 22:08:17 | TEMPLOG : Bio   Filter | 018.500
2016-12-18 22:09:18 | TEMPLOG : WellhouseOne | 137.300
2016-12-18 22:09:18 | TEMPLOG : Bio   Filter | 017.600
2016-12-18 22:10:19 | TEMPLOG : WellhouseOne | 132.800
2016-12-18 22:11:20 | TEMPLOG : WellhouseOne | 136.400
2016-12-18 22:14:24 | TEMPLOG : WellhouseOne | 137.300
2016-12-18 22:16:28 | TEMPLOG : WellhouseOne | 138.200
2016-12-18 22:18:29 | TEMPLOG : WellhouseOne | 139.100
2016-12-18 22:19:30 | TEMPLOG : WellhouseOne | 137.300
2016-12-18 22:20:32 | TEMPLOG : WellhouseOne | 135.500
2016-12-18 22:21:35 | TEMPLOG : WellhouseOne | 137.300
2016-12-18 22:21:36 | TEMPLOG : Bio   Filter | 018.500
2016-12-18 22:22:37 | TEMPLOG : WellhouseOne | 136.400
2016-12-18 22:24:40 | TEMPLOG : WellhouseOne | 132.800
2016-12-18 22:25:41 | TEMPLOG : WellhouseOne | 135.500
2016-12-18 22:26:42 | TEMPLOG : WellhouseOne | 137.300
2016-12-18 22:27:43 | TEMPLOG : WellhouseOne | 138.200
2016-12-18 22:28:44 | TEMPLOG : WellhouseOne | 132.800
2016-12-18 22:29:46 | TEMPLOG : WellhouseOne | 138.200
2016-12-18 22:30:47 | TEMPLOG : WellhouseOne | 137.300
2016-12-18 22:32:50 | TEMPLOG : WellhouseOne | 135.500
2016-12-18 22:33:51 | TEMPLOG : WellhouseOne | 136.400
2016-12-18 22:33:51 | TEMPLOG : Bio   Filter | 017.600
2016-12-18 22:34:52 | TEMPLOG : WellhouseOne | 134.600
2016-12-18 22:34:52 | TEMPLOG : Bio   Filter | 018.500
2016-12-18 22:35:53 | TEMPLOG : WellhouseOne | 137.300
2016-12-18 22:35:53 | TEMPLOG : Bio   Filter | 017.600
2016-12-18 22:36:54 | TEMPLOG : WellhouseOne | 136.400
2016-12-18 22:37:55 | TEMPLOG : WellhouseOne | 138.200
2016-12-18 22:37:55 | TEMPLOG : Bio   Filter | 018.500
2016-12-18 22:39:57 | TEMPLOG : WellhouseOne | 137.300
2016-12-18 22:40:58 | TEMPLOG : WellhouseOne | 133.700
2016-12-18 22:41:00 | TEMPLOG : Table    One | 019.400
2016-12-18 22:42:01 | TEMPLOG : WellhouseOne | 137.300
2016-12-18 22:43:03 | TEMPLOG : WellhouseOne | 138.200
2016-12-18 22:47:08 | TEMPLOG : WellhouseOne | 137.300
2016-12-18 22:48:09 | TEMPLOG : WellhouseOne | 138.200
2016-12-18 22:49:11 | TEMPLOG : WellhouseOne | 139.100
2016-12-18 22:50:12 | TEMPLOG : WellhouseOne | 140.900
2016-12-18 22:52:14 | TEMPLOG : WellhouseOne | 140.000
2016-12-18 22:54:16 | TEMPLOG : WellhouseOne | 140.900
2016-12-18 22:56:20 | TEMPLOG : WellhouseOne | 115.700
2016-12-18 22:57:21 | TEMPLOG : WellhouseOne | 093.200
2016-12-18 22:58:23 | TEMPLOG : WellhouseOne | 079.700
2016-12-18 22:59:24 | TEMPLOG : WellhouseOne | 071.600
2016-12-18 23:00:26 | TEMPLOG : WellhouseOne | 065.300
2016-12-18 23:00:26 | TEMPLOG : Bio   Filter | 019.400
2016-12-18 23:00:26 | TEMPLOG : To   GeoLoop | 033.800
2016-12-18 23:00:26 | TEMPLOG : Table    One | 019.400
2016-12-18 23:01:27 | TEMPLOG : WellhouseOne | 060.800
2016-12-18 23:01:27 | TEMPLOG : Bio   Filter | 018.500
2016-12-18 23:02:28 | TEMPLOG : WellhouseOne | 056.300
2016-12-18 23:03:29 | TEMPLOG : WellhouseOne | 054.500
2016-12-18 23:04:30 | TEMPLOG : WellhouseOne | 052.700
2016-12-18 23:05:31 | TEMPLOG : WellhouseOne | 050.900
2016-12-18 23:06:32 | TEMPLOG : WellhouseOne | 049.100
2016-12-18 23:07:33 | TEMPLOG : WellhouseOne | 047.300
2016-12-18 23:08:34 | TEMPLOG : WellhouseOne | 045.500
2016-12-18 23:09:35 | TEMPLOG : WellhouseOne | 044.600
2016-12-18 23:10:37 | TEMPLOG : WellhouseOne | 043.700
2016-12-18 23:11:38 | TEMPLOG : WellhouseOne | 042.800
2016-12-18 23:11:38 | TEMPLOG : Bio   Filter | 019.400
2016-12-18 23:12:39 | TEMPLOG : WellhouseOne | 041.900
2016-12-18 23:13:40 | TEMPLOG : WellhouseOne | 041.000
2016-12-18 23:14:41 | TEMPLOG : WellhouseOne | 042.800
2016-12-18 23:15:42 | TEMPLOG : WellhouseOne | 099.500
2016-12-18 23:16:44 | TEMPLOG : WellhouseOne | 113.900
2016-12-18 23:17:44 | TEMPLOG : WellhouseOne | 120.200
2016-12-18 23:18:45 | TEMPLOG : WellhouseOne | 124.700
2016-12-18 23:19:46 | TEMPLOG : WellhouseOne | 129.200
2016-12-18 23:20:47 | TEMPLOG : WellhouseOne | 130.100
2016-12-18 23:21:50 | TEMPLOG : WellhouseOne | 131.900
2016-12-18 23:22:51 | TEMPLOG : WellhouseOne | 132.800
2016-12-18 23:23:51 | TEMPLOG : WellhouseOne | 131.900
2016-12-18 23:24:52 | TEMPLOG : WellhouseOne | 132.800
2016-12-18 23:27:56 | TEMPLOG : Bio   Filter | 018.500
2016-12-18 23:28:57 | TEMPLOG : WellhouseOne | 131.900
2016-12-18 23:28:57 | TEMPLOG : Bio   Filter | 019.400
2016-12-18 23:29:58 | TEMPLOG : WellhouseOne | 133.700
2016-12-18 23:32:02 | TEMPLOG : Bio   Filter | 018.500
2016-12-18 23:33:02 | TEMPLOG : WellhouseOne | 134.600
2016-12-18 23:33:03 | TEMPLOG : Bio   Filter | 019.400
2016-12-18 23:34:04 | TEMPLOG : Bio   Filter | 018.500
2016-12-18 23:35:04 | TEMPLOG : WellhouseOne | 135.500
2016-12-18 23:38:08 | TEMPLOG : WellhouseOne | 136.400
2016-12-18 23:43:13 | TEMPLOG : WellhouseOne | 134.600
2016-12-18 23:44:14 | TEMPLOG : WellhouseOne | 135.500
2016-12-18 23:47:19 | TEMPLOG : WellhouseOne | 137.300
2016-12-18 23:49:22 | TEMPLOG : WellhouseOne | 136.400
2016-12-18 23:52:24 | TEMPLOG : WellhouseOne | 137.300
2016-12-18 23:57:31 | TEMPLOG : WellhouseOne | 138.200
2016-12-18 23:58:33 | TEMPLOG : WellhouseOne | 137.300
2016-12-18 23:59:35 | TEMPLOG : Bio   Filter | 019.400
