2016-12-19 00:00:36 | TEMPLOG : WellhouseOne | 137.300
2016-12-19 00:00:37 | TEMPLOG : Bio   Filter | 019.400
2016-12-19 00:00:37 | TEMPLOG : To   GeoLoop | 033.800
2016-12-19 00:00:37 | TEMPLOG : Table    One | 019.400
2016-12-19 00:01:38 | TEMPLOG : WellhouseOne | 139.100
2016-12-19 00:02:39 | TEMPLOG : WellhouseOne | 138.200
2016-12-19 00:04:41 | TEMPLOG : WellhouseOne | 139.100
2016-12-19 00:05:42 | TEMPLOG : WellhouseOne | 138.200
2016-12-19 00:06:43 | TEMPLOG : WellhouseOne | 137.300
2016-12-19 00:07:46 | TEMPLOG : WellhouseOne | 138.200
2016-12-19 00:08:47 | TEMPLOG : WellhouseOne | 140.000
2016-12-19 00:10:50 | TEMPLOG : WellhouseOne | 139.100
2016-12-19 00:11:50 | TEMPLOG : WellhouseOne | 140.000
2016-12-19 00:12:51 | TEMPLOG : WellhouseOne | 138.200
2016-12-19 00:15:55 | TEMPLOG : WellhouseOne | 137.300
2016-12-19 00:16:56 | TEMPLOG : WellhouseOne | 139.100
2016-12-19 00:17:57 | TEMPLOG : WellhouseOne | 140.000
2016-12-19 00:18:58 | TEMPLOG : WellhouseOne | 139.100
2016-12-19 00:22:01 | TEMPLOG : WellhouseOne | 138.200
2016-12-19 00:23:02 | TEMPLOG : WellhouseOne | 139.100
2016-12-19 00:25:04 | TEMPLOG : WellhouseOne | 140.000
2016-12-19 00:25:05 | TEMPLOG : Table    One | 018.500
2016-12-19 00:26:05 | TEMPLOG : WellhouseOne | 140.900
2016-12-19 00:27:07 | TEMPLOG : WellhouseOne | 136.400
2016-12-19 00:28:08 | TEMPLOG : WellhouseOne | 100.400
2016-12-19 00:29:09 | TEMPLOG : WellhouseOne | 085.100
2016-12-19 00:30:11 | TEMPLOG : WellhouseOne | 073.400
2016-12-19 00:30:12 | TEMPLOG : Table    One | 019.400
2016-12-19 00:31:12 | TEMPLOG : WellhouseOne | 068.000
2016-12-19 00:32:13 | TEMPLOG : WellhouseOne | 062.600
2016-12-19 00:32:13 | TEMPLOG : Bio   Filter | 018.500
2016-12-19 00:33:14 | TEMPLOG : WellhouseOne | 059.000
2016-12-19 00:34:17 | TEMPLOG : WellhouseOne | 055.400
2016-12-19 00:35:18 | TEMPLOG : WellhouseOne | 051.800
2016-12-19 00:35:19 | TEMPLOG : Bio   Filter | 019.400
2016-12-19 00:36:20 | TEMPLOG : WellhouseOne | 050.900
2016-12-19 00:36:21 | TEMPLOG : Bio   Filter | 018.500
2016-12-19 00:37:22 | TEMPLOG : WellhouseOne | 049.100
2016-12-19 00:37:23 | TEMPLOG : Bio   Filter | 019.400
2016-12-19 00:38:24 | TEMPLOG : WellhouseOne | 048.200
2016-12-19 00:39:27 | TEMPLOG : WellhouseOne | 046.400
2016-12-19 00:39:27 | TEMPLOG : Bio   Filter | 018.500
2016-12-19 00:40:27 | TEMPLOG : WellhouseOne | 045.500
2016-12-19 00:41:29 | TEMPLOG : WellhouseOne | 044.600
2016-12-19 00:42:30 | TEMPLOG : WellhouseOne | 043.700
2016-12-19 00:42:30 | TEMPLOG : Bio   Filter | 019.400
2016-12-19 00:43:32 | TEMPLOG : WellhouseOne | 042.800
2016-12-19 00:44:33 | TEMPLOG : WellhouseOne | 041.900
2016-12-19 00:46:36 | TEMPLOG : WellhouseOne | 060.800
2016-12-19 00:47:37 | TEMPLOG : WellhouseOne | 104.000
2016-12-19 00:48:38 | TEMPLOG : WellhouseOne | 114.800
2016-12-19 00:49:40 | TEMPLOG : WellhouseOne | 121.100
2016-12-19 00:50:41 | TEMPLOG : WellhouseOne | 124.700
2016-12-19 00:51:42 | TEMPLOG : WellhouseOne | 127.400
2016-12-19 00:52:43 | TEMPLOG : WellhouseOne | 129.200
2016-12-19 00:53:44 | TEMPLOG : WellhouseOne | 131.000
2016-12-19 00:55:47 | TEMPLOG : WellhouseOne | 131.900
2016-12-19 00:56:48 | TEMPLOG : WellhouseOne | 132.800
2016-12-19 00:57:51 | TEMPLOG : WellhouseOne | 133.700
2016-12-19 00:58:52 | TEMPLOG : WellhouseOne | 132.800
2016-12-19 00:59:53 | TEMPLOG : WellhouseOne | 133.700
2016-12-19 01:00:54 | TEMPLOG : WellhouseOne | 133.700
2016-12-19 01:00:55 | TEMPLOG : Bio   Filter | 019.400
2016-12-19 01:00:55 | TEMPLOG : To   GeoLoop | 033.800
2016-12-19 01:00:55 | TEMPLOG : Table    One | 019.400
2016-12-19 01:01:56 | TEMPLOG : WellhouseOne | 134.600
2016-12-19 01:01:56 | TEMPLOG : To   GeoLoop | 032.900
2016-12-19 01:01:56 | TEMPLOG : Table    One | 018.500
2016-12-19 01:02:56 | TEMPLOG : WellhouseOne | 137.300
2016-12-19 01:03:57 | TEMPLOG : WellhouseOne | 140.900
2016-12-19 01:03:58 | TEMPLOG : Bio   Filter | 018.500
2016-12-19 01:04:59 | TEMPLOG : WellhouseOne | 135.500
2016-12-19 01:06:00 | TEMPLOG : WellhouseOne | 097.700
2016-12-19 01:07:01 | TEMPLOG : WellhouseOne | 082.400
2016-12-19 01:07:01 | TEMPLOG : Bio   Filter | 019.400
2016-12-19 01:08:02 | TEMPLOG : WellhouseOne | 071.600
2016-12-19 01:08:03 | TEMPLOG : Bio   Filter | 018.500
2016-12-19 01:09:05 | TEMPLOG : WellhouseOne | 064.400
2016-12-19 01:10:06 | TEMPLOG : WellhouseOne | 058.100
2016-12-19 01:11:07 | TEMPLOG : WellhouseOne | 055.400
2016-12-19 01:12:08 | TEMPLOG : WellhouseOne | 051.800
2016-12-19 01:13:09 | TEMPLOG : WellhouseOne | 050.000
2016-12-19 01:14:10 | TEMPLOG : WellhouseOne | 048.200
2016-12-19 01:15:11 | TEMPLOG : WellhouseOne | 045.500
2016-12-19 01:16:12 | TEMPLOG : WellhouseOne | 044.600
2016-12-19 01:17:13 | TEMPLOG : WellhouseOne | 043.700
2016-12-19 01:18:15 | TEMPLOG : WellhouseOne | 042.800
2016-12-19 01:20:18 | TEMPLOG : WellhouseOne | 041.900
2016-12-19 01:21:19 | TEMPLOG : WellhouseOne | 041.000
2016-12-19 01:22:20 | TEMPLOG : WellhouseOne | 040.100
2016-12-19 01:23:21 | TEMPLOG : WellhouseOne | 048.200
2016-12-19 01:24:22 | TEMPLOG : WellhouseOne | 102.200
2016-12-19 01:25:23 | TEMPLOG : WellhouseOne | 115.700
2016-12-19 01:26:24 | TEMPLOG : WellhouseOne | 122.900
2016-12-19 01:27:26 | TEMPLOG : WellhouseOne | 126.500
2016-12-19 01:28:27 | TEMPLOG : WellhouseOne | 128.300
2016-12-19 01:29:28 | TEMPLOG : WellhouseOne | 129.200
2016-12-19 01:30:29 | TEMPLOG : WellhouseOne | 130.100
2016-12-19 01:31:32 | TEMPLOG : WellhouseOne | 131.000
2016-12-19 01:32:33 | TEMPLOG : WellhouseOne | 132.800
2016-12-19 01:33:34 | TEMPLOG : WellhouseOne | 131.900
2016-12-19 01:34:35 | TEMPLOG : WellhouseOne | 132.800
2016-12-19 01:35:37 | TEMPLOG : WellhouseOne | 133.700
2016-12-19 01:36:38 | TEMPLOG : WellhouseOne | 135.500
2016-12-19 01:37:38 | TEMPLOG : WellhouseOne | 138.200
2016-12-19 01:38:39 | TEMPLOG : WellhouseOne | 139.100
2016-12-19 01:39:40 | TEMPLOG : WellhouseOne | 133.700
2016-12-19 01:43:45 | TEMPLOG : WellhouseOne | 132.800
2016-12-19 01:44:47 | TEMPLOG : WellhouseOne | 133.700
2016-12-19 01:44:48 | TEMPLOG : Table    One | 017.600
2016-12-19 01:45:48 | TEMPLOG : WellhouseOne | 134.600
2016-12-19 01:47:51 | TEMPLOG : WellhouseOne | 135.500
2016-12-19 01:47:51 | TEMPLOG : Bio   Filter | 017.600
2016-12-19 01:47:51 | TEMPLOG : Table    One | 018.500
2016-12-19 01:48:51 | TEMPLOG : WellhouseOne | 136.400
2016-12-19 01:50:53 | TEMPLOG : WellhouseOne | 135.500
2016-12-19 01:50:54 | TEMPLOG : Table    One | 017.600
2016-12-19 01:51:54 | TEMPLOG : WellhouseOne | 133.700
2016-12-19 01:52:55 | TEMPLOG : WellhouseOne | 135.500
2016-12-19 01:53:56 | TEMPLOG : WellhouseOne | 136.400
2016-12-19 01:54:58 | TEMPLOG : WellhouseOne | 135.500
2016-12-19 01:55:59 | TEMPLOG : WellhouseOne | 136.400
2016-12-19 01:57:01 | TEMPLOG : WellhouseOne | 134.600
2016-12-19 01:58:01 | TEMPLOG : WellhouseOne | 135.500
2016-12-19 01:59:02 | TEMPLOG : WellhouseOne | 136.400
2016-12-19 01:59:03 | TEMPLOG : Bio   Filter | 016.700
2016-12-19 02:00:05 | TEMPLOG : WellhouseOne | 136.400
2016-12-19 02:00:05 | TEMPLOG : Bio   Filter | 016.700
2016-12-19 02:00:06 | TEMPLOG : To   GeoLoop | 032.900
2016-12-19 02:00:06 | TEMPLOG : Table    One | 017.600
2016-12-19 02:01:06 | TEMPLOG : WellhouseOne | 131.900
2016-12-19 02:01:08 | TEMPLOG : Table    One | 016.700
2016-12-19 02:02:08 | TEMPLOG : WellhouseOne | 135.500
2016-12-19 02:02:09 | TEMPLOG : Table    One | 017.600
2016-12-19 02:04:11 | TEMPLOG : WellhouseOne | 134.600
2016-12-19 02:05:12 | TEMPLOG : WellhouseOne | 135.500
2016-12-19 02:06:14 | TEMPLOG : WellhouseOne | 133.700
2016-12-19 02:07:15 | TEMPLOG : WellhouseOne | 135.500
2016-12-19 02:09:18 | TEMPLOG : WellhouseOne | 139.100
2016-12-19 02:10:19 | TEMPLOG : WellhouseOne | 137.300
2016-12-19 02:11:20 | TEMPLOG : WellhouseOne | 136.400
2016-12-19 02:13:24 | TEMPLOG : WellhouseOne | 138.200
2016-12-19 02:14:25 | TEMPLOG : WellhouseOne | 142.700
2016-12-19 02:14:25 | TEMPLOG : Bio   Filter | 017.600
2016-12-19 02:15:26 | TEMPLOG : WellhouseOne | 141.800
2016-12-19 02:16:28 | TEMPLOG : WellhouseOne | 111.200
2016-12-19 02:17:30 | TEMPLOG : WellhouseOne | 088.700
2016-12-19 02:18:31 | TEMPLOG : WellhouseOne | 077.900
2016-12-19 02:19:32 | TEMPLOG : WellhouseOne | 069.800
2016-12-19 02:20:34 | TEMPLOG : WellhouseOne | 062.600
2016-12-19 02:21:36 | TEMPLOG : WellhouseOne | 059.000
2016-12-19 02:22:38 | TEMPLOG : WellhouseOne | 055.400
2016-12-19 02:23:40 | TEMPLOG : WellhouseOne | 052.700
2016-12-19 02:24:41 | TEMPLOG : WellhouseOne | 050.000
2016-12-19 02:25:42 | TEMPLOG : WellhouseOne | 048.200
2016-12-19 02:26:43 | TEMPLOG : WellhouseOne | 046.400
2016-12-19 02:27:43 | TEMPLOG : WellhouseOne | 045.500
2016-12-19 02:28:44 | TEMPLOG : WellhouseOne | 043.700
2016-12-19 02:29:48 | TEMPLOG : WellhouseOne | 042.800
2016-12-19 02:30:49 | TEMPLOG : WellhouseOne | 041.900
2016-12-19 02:32:50 | TEMPLOG : WellhouseOne | 041.000
2016-12-19 02:34:53 | TEMPLOG : WellhouseOne | 082.400
2016-12-19 02:35:55 | TEMPLOG : WellhouseOne | 106.700
2016-12-19 02:36:56 | TEMPLOG : WellhouseOne | 113.900
2016-12-19 02:37:58 | TEMPLOG : WellhouseOne | 119.300
2016-12-19 02:38:59 | TEMPLOG : WellhouseOne | 122.900
2016-12-19 02:40:01 | TEMPLOG : WellhouseOne | 123.800
2016-12-19 02:41:02 | TEMPLOG : WellhouseOne | 125.600
2016-12-19 02:42:03 | TEMPLOG : WellhouseOne | 127.400
2016-12-19 02:44:06 | TEMPLOG : WellhouseOne | 128.300
2016-12-19 02:45:08 | TEMPLOG : WellhouseOne | 129.200
2016-12-19 02:46:10 | TEMPLOG : WellhouseOne | 130.100
2016-12-19 02:48:12 | TEMPLOG : WellhouseOne | 131.000
2016-12-19 02:49:13 | TEMPLOG : WellhouseOne | 135.500
2016-12-19 02:50:14 | TEMPLOG : WellhouseOne | 134.600
2016-12-19 02:51:15 | TEMPLOG : WellhouseOne | 132.800
2016-12-19 02:52:16 | TEMPLOG : WellhouseOne | 133.700
2016-12-19 02:55:18 | TEMPLOG : WellhouseOne | 134.600
2016-12-19 02:57:20 | TEMPLOG : WellhouseOne | 132.800
2016-12-19 02:58:22 | TEMPLOG : WellhouseOne | 131.900
2016-12-19 02:59:23 | TEMPLOG : WellhouseOne | 132.800
2016-12-19 03:00:24 | TEMPLOG : WellhouseOne | 132.800
2016-12-19 03:00:24 | TEMPLOG : Bio   Filter | 017.600
2016-12-19 03:00:25 | TEMPLOG : Table    One | 017.600
2016-12-19 03:04:29 | TEMPLOG : Table    One | 016.700
2016-12-19 03:05:30 | TEMPLOG : WellhouseOne | 133.700
2016-12-19 03:06:31 | TEMPLOG : WellhouseOne | 134.600
2016-12-19 03:06:32 | TEMPLOG : Table    One | 017.600
2016-12-19 03:07:32 | TEMPLOG : WellhouseOne | 136.400
2016-12-19 03:07:33 | TEMPLOG : Table    One | 016.700
2016-12-19 03:08:33 | TEMPLOG : WellhouseOne | 134.600
2016-12-19 03:09:34 | TEMPLOG : WellhouseOne | 133.700
2016-12-19 03:10:36 | TEMPLOG : WellhouseOne | 135.500
2016-12-19 03:11:37 | TEMPLOG : WellhouseOne | 139.100
2016-12-19 03:12:39 | TEMPLOG : WellhouseOne | 136.400
2016-12-19 03:13:41 | TEMPLOG : WellhouseOne | 134.600
2016-12-19 03:14:41 | TEMPLOG : WellhouseOne | 135.500
2016-12-19 03:14:42 | TEMPLOG : Bio   Filter | 016.700
2016-12-19 03:15:43 | TEMPLOG : WellhouseOne | 134.600
2016-12-19 03:20:50 | TEMPLOG : WellhouseOne | 133.700
2016-12-19 03:23:52 | TEMPLOG : WellhouseOne | 135.500
2016-12-19 03:25:54 | TEMPLOG : WellhouseOne | 136.400
2016-12-19 03:27:56 | TEMPLOG : WellhouseOne | 135.500
2016-12-19 03:29:59 | TEMPLOG : WellhouseOne | 134.600
2016-12-19 03:31:01 | TEMPLOG : WellhouseOne | 136.400
2016-12-19 03:32:02 | TEMPLOG : WellhouseOne | 137.300
2016-12-19 03:33:03 | TEMPLOG : WellhouseOne | 135.500
2016-12-19 03:35:05 | TEMPLOG : WellhouseOne | 138.200
2016-12-19 03:36:06 | TEMPLOG : WellhouseOne | 137.300
2016-12-19 03:37:08 | TEMPLOG : WellhouseOne | 138.200
2016-12-19 03:38:09 | TEMPLOG : WellhouseOne | 134.600
2016-12-19 03:39:11 | TEMPLOG : WellhouseOne | 133.700
2016-12-19 03:40:12 | TEMPLOG : WellhouseOne | 134.600
2016-12-19 03:41:14 | TEMPLOG : WellhouseOne | 131.900
2016-12-19 03:42:15 | TEMPLOG : WellhouseOne | 135.500
2016-12-19 03:43:17 | TEMPLOG : WellhouseOne | 136.400
2016-12-19 03:45:19 | TEMPLOG : WellhouseOne | 135.500
2016-12-19 03:46:20 | TEMPLOG : WellhouseOne | 137.300
2016-12-19 03:47:21 | TEMPLOG : WellhouseOne | 136.400
2016-12-19 03:48:22 | TEMPLOG : WellhouseOne | 135.500
2016-12-19 03:49:24 | TEMPLOG : WellhouseOne | 137.300
2016-12-19 03:51:26 | TEMPLOG : WellhouseOne | 136.400
2016-12-19 03:52:27 | TEMPLOG : WellhouseOne | 137.300
2016-12-19 03:55:31 | TEMPLOG : WellhouseOne | 136.400
2016-12-19 03:56:32 | TEMPLOG : WellhouseOne | 137.300
2016-12-19 03:58:36 | TEMPLOG : WellhouseOne | 136.400
2016-12-19 03:59:37 | TEMPLOG : WellhouseOne | 135.500
2016-12-19 04:00:38 | TEMPLOG : WellhouseOne | 135.500
2016-12-19 04:00:39 | TEMPLOG : Bio   Filter | 016.700
2016-12-19 04:00:40 | TEMPLOG : Table    One | 016.700
2016-12-19 04:03:42 | TEMPLOG : WellhouseOne | 136.400
2016-12-19 04:04:43 | TEMPLOG : WellhouseOne | 138.200
2016-12-19 04:06:45 | TEMPLOG : WellhouseOne | 135.500
2016-12-19 04:07:46 | TEMPLOG : WellhouseOne | 134.600
2016-12-19 04:08:47 | TEMPLOG : WellhouseOne | 135.500
2016-12-19 04:09:49 | TEMPLOG : WellhouseOne | 134.600
2016-12-19 04:10:51 | TEMPLOG : WellhouseOne | 135.500
2016-12-19 04:12:53 | TEMPLOG : WellhouseOne | 136.400
2016-12-19 04:13:54 | TEMPLOG : WellhouseOne | 135.500
2016-12-19 04:15:57 | TEMPLOG : Bio   Filter | 015.800
2016-12-19 04:15:57 | TEMPLOG : To   GeoLoop | 031.100
2016-12-19 04:16:58 | TEMPLOG : WellhouseOne | 137.300
2016-12-19 04:20:02 | TEMPLOG : WellhouseOne | 136.400
2016-12-19 04:21:03 | TEMPLOG : WellhouseOne | 134.600
2016-12-19 04:22:04 | TEMPLOG : WellhouseOne | 136.400
2016-12-19 04:23:05 | TEMPLOG : WellhouseOne | 135.500
2016-12-19 04:23:06 | TEMPLOG : Bio   Filter | 016.700
2016-12-19 04:25:08 | TEMPLOG : WellhouseOne | 132.800
2016-12-19 04:26:09 | TEMPLOG : WellhouseOne | 135.500
2016-12-19 04:28:13 | TEMPLOG : WellhouseOne | 134.600
2016-12-19 04:30:14 | TEMPLOG : WellhouseOne | 135.500
2016-12-19 04:31:16 | TEMPLOG : WellhouseOne | 134.600
2016-12-19 04:34:19 | TEMPLOG : WellhouseOne | 132.800
2016-12-19 04:35:21 | TEMPLOG : WellhouseOne | 131.900
2016-12-19 04:35:22 | TEMPLOG : Bio   Filter | 015.800
2016-12-19 04:36:23 | TEMPLOG : WellhouseOne | 134.600
2016-12-19 04:37:23 | TEMPLOG : WellhouseOne | 131.000
2016-12-19 04:38:24 | TEMPLOG : WellhouseOne | 130.100
2016-12-19 04:38:24 | TEMPLOG : Bio   Filter | 016.700
2016-12-19 04:39:26 | TEMPLOG : WellhouseOne | 135.500
2016-12-19 04:41:28 | TEMPLOG : WellhouseOne | 134.600
2016-12-19 04:41:28 | TEMPLOG : Bio   Filter | 015.800
2016-12-19 04:42:29 | TEMPLOG : WellhouseOne | 132.800
2016-12-19 04:42:29 | TEMPLOG : Bio   Filter | 016.700
2016-12-19 04:43:30 | TEMPLOG : WellhouseOne | 129.200
2016-12-19 04:43:30 | TEMPLOG : Bio   Filter | 015.800
2016-12-19 04:44:31 | TEMPLOG : WellhouseOne | 133.700
2016-12-19 04:45:32 | TEMPLOG : WellhouseOne | 135.500
2016-12-19 04:46:33 | TEMPLOG : WellhouseOne | 134.600
2016-12-19 04:48:37 | TEMPLOG : WellhouseOne | 136.400
2016-12-19 04:49:38 | TEMPLOG : WellhouseOne | 135.500
2016-12-19 04:50:39 | TEMPLOG : WellhouseOne | 136.400
2016-12-19 04:51:40 | TEMPLOG : WellhouseOne | 133.700
2016-12-19 04:53:43 | TEMPLOG : WellhouseOne | 136.400
2016-12-19 04:54:44 | TEMPLOG : WellhouseOne | 134.600
2016-12-19 04:56:46 | TEMPLOG : WellhouseOne | 133.700
2016-12-19 04:57:47 | TEMPLOG : WellhouseOne | 135.500
2016-12-19 04:58:48 | TEMPLOG : WellhouseOne | 136.400
2016-12-19 04:59:49 | TEMPLOG : WellhouseOne | 133.700
2016-12-19 05:00:50 | TEMPLOG : WellhouseOne | 131.000
2016-12-19 05:00:50 | TEMPLOG : Bio   Filter | 015.800
2016-12-19 05:00:50 | TEMPLOG : To   GeoLoop | 031.100
2016-12-19 05:00:51 | TEMPLOG : Table    One | 016.700
2016-12-19 05:01:51 | TEMPLOG : WellhouseOne | 135.500
2016-12-19 05:02:53 | TEMPLOG : WellhouseOne | 134.600
2016-12-19 05:03:54 | TEMPLOG : WellhouseOne | 136.400
2016-12-19 05:04:55 | TEMPLOG : WellhouseOne | 137.300
2016-12-19 05:05:56 | TEMPLOG : WellhouseOne | 135.500
2016-12-19 05:06:57 | TEMPLOG : WellhouseOne | 136.400
2016-12-19 05:08:59 | TEMPLOG : Bio   Filter | 016.700
2016-12-19 05:10:00 | TEMPLOG : WellhouseOne | 137.300
2016-12-19 05:11:01 | TEMPLOG : WellhouseOne | 138.200
2016-12-19 05:13:03 | TEMPLOG : WellhouseOne | 133.700
2016-12-19 05:13:03 | TEMPLOG : Bio   Filter | 015.800
2016-12-19 05:14:05 | TEMPLOG : WellhouseOne | 132.800
2016-12-19 05:15:07 | TEMPLOG : WellhouseOne | 131.000
2016-12-19 05:16:08 | TEMPLOG : WellhouseOne | 129.200
2016-12-19 05:16:09 | TEMPLOG : Table    One | 015.800
2016-12-19 05:17:10 | TEMPLOG : Table    One | 016.700
2016-12-19 05:18:11 | TEMPLOG : WellhouseOne | 128.300
2016-12-19 05:20:13 | TEMPLOG : WellhouseOne | 132.800
2016-12-19 05:21:14 | TEMPLOG : WellhouseOne | 133.700
2016-12-19 05:22:15 | TEMPLOG : WellhouseOne | 134.600
2016-12-19 05:24:17 | TEMPLOG : WellhouseOne | 130.100
2016-12-19 05:25:18 | TEMPLOG : WellhouseOne | 132.800
2016-12-19 05:26:19 | TEMPLOG : WellhouseOne | 129.200
2016-12-19 05:27:22 | TEMPLOG : WellhouseOne | 131.000
2016-12-19 05:28:23 | TEMPLOG : WellhouseOne | 132.800
2016-12-19 05:29:24 | TEMPLOG : WellhouseOne | 133.700
2016-12-19 05:30:25 | TEMPLOG : WellhouseOne | 130.100
2016-12-19 05:31:26 | TEMPLOG : WellhouseOne | 133.700
2016-12-19 05:33:29 | TEMPLOG : WellhouseOne | 131.000
2016-12-19 05:34:31 | TEMPLOG : WellhouseOne | 129.200
2016-12-19 05:35:32 | TEMPLOG : WellhouseOne | 130.100
2016-12-19 05:36:34 | TEMPLOG : WellhouseOne | 128.300
2016-12-19 05:37:35 | TEMPLOG : WellhouseOne | 131.900
2016-12-19 05:39:38 | TEMPLOG : WellhouseOne | 132.800
2016-12-19 05:39:39 | TEMPLOG : Table    One | 015.800
2016-12-19 05:40:39 | TEMPLOG : WellhouseOne | 128.300
2016-12-19 05:42:41 | TEMPLOG : WellhouseOne | 133.700
2016-12-19 05:43:42 | TEMPLOG : WellhouseOne | 132.800
2016-12-19 05:44:43 | TEMPLOG : WellhouseOne | 131.000
2016-12-19 05:45:44 | TEMPLOG : WellhouseOne | 132.800
2016-12-19 05:46:46 | TEMPLOG : WellhouseOne | 130.100
2016-12-19 05:48:47 | TEMPLOG : WellhouseOne | 131.900
2016-12-19 05:49:48 | TEMPLOG : WellhouseOne | 133.700
2016-12-19 05:49:49 | TEMPLOG : Table    One | 016.700
2016-12-19 05:50:49 | TEMPLOG : WellhouseOne | 131.000
2016-12-19 05:50:50 | TEMPLOG : Table    One | 015.800
2016-12-19 05:51:51 | TEMPLOG : WellhouseOne | 133.700
2016-12-19 05:52:53 | TEMPLOG : WellhouseOne | 131.000
2016-12-19 05:53:54 | TEMPLOG : WellhouseOne | 131.900
2016-12-19 05:54:56 | TEMPLOG : WellhouseOne | 130.100
2016-12-19 05:55:56 | TEMPLOG : WellhouseOne | 127.400
2016-12-19 05:56:57 | TEMPLOG : WellhouseOne | 128.300
2016-12-19 05:57:58 | TEMPLOG : WellhouseOne | 131.000
2016-12-19 05:58:59 | TEMPLOG : WellhouseOne | 127.400
2016-12-19 06:00:00 | TEMPLOG : WellhouseOne | 131.000
2016-12-19 06:00:00 | TEMPLOG : Bio   Filter | 015.800
2016-12-19 06:00:00 | TEMPLOG : To   GeoLoop | 031.100
2016-12-19 06:00:00 | TEMPLOG : Table    One | 015.800
2016-12-19 06:01:01 | TEMPLOG : WellhouseOne | 129.200
2016-12-19 06:02:01 | TEMPLOG : WellhouseOne | 130.100
2016-12-19 06:03:03 | TEMPLOG : WellhouseOne | 127.400
2016-12-19 06:04:04 | TEMPLOG : WellhouseOne | 126.500
2016-12-19 06:05:05 | TEMPLOG : WellhouseOne | 131.900
2016-12-19 06:06:06 | TEMPLOG : WellhouseOne | 127.400
2016-12-19 06:06:08 | TEMPLOG : Table    One | 016.700
2016-12-19 06:08:10 | TEMPLOG : WellhouseOne | 130.100
2016-12-19 06:09:11 | TEMPLOG : WellhouseOne | 134.600
2016-12-19 06:10:12 | TEMPLOG : WellhouseOne | 139.100
2016-12-19 06:11:14 | TEMPLOG : WellhouseOne | 140.000
2016-12-19 06:12:16 | TEMPLOG : WellhouseOne | 142.700
2016-12-19 06:13:18 | TEMPLOG : WellhouseOne | 102.200
2016-12-19 06:14:20 | TEMPLOG : WellhouseOne | 081.500
2016-12-19 06:15:21 | TEMPLOG : WellhouseOne | 072.500
2016-12-19 06:16:23 | TEMPLOG : WellhouseOne | 064.400
2016-12-19 06:17:25 | TEMPLOG : WellhouseOne | 059.900
2016-12-19 06:18:26 | TEMPLOG : WellhouseOne | 055.400
2016-12-19 06:19:28 | TEMPLOG : WellhouseOne | 052.700
2016-12-19 06:19:28 | TEMPLOG : Bio   Filter | 016.700
2016-12-19 06:20:29 | TEMPLOG : WellhouseOne | 050.900
2016-12-19 06:21:31 | TEMPLOG : WellhouseOne | 049.100
2016-12-19 06:22:32 | TEMPLOG : WellhouseOne | 047.300
2016-12-19 06:23:33 | TEMPLOG : WellhouseOne | 045.500
2016-12-19 06:24:35 | TEMPLOG : WellhouseOne | 044.600
2016-12-19 06:25:38 | TEMPLOG : WellhouseOne | 043.700
2016-12-19 06:26:39 | TEMPLOG : WellhouseOne | 042.800
2016-12-19 06:27:40 | TEMPLOG : WellhouseOne | 041.000
2016-12-19 06:28:42 | TEMPLOG : WellhouseOne | 039.200
2016-12-19 06:29:44 | TEMPLOG : WellhouseOne | 038.300
2016-12-19 06:29:44 | TEMPLOG : Bio   Filter | 015.800
2016-12-19 06:30:45 | TEMPLOG : WellhouseOne | 082.400
2016-12-19 06:31:47 | TEMPLOG : WellhouseOne | 102.200
2016-12-19 06:32:50 | TEMPLOG : WellhouseOne | 109.400
2016-12-19 06:33:52 | TEMPLOG : WellhouseOne | 113.900
2016-12-19 06:34:53 | TEMPLOG : WellhouseOne | 117.500
2016-12-19 06:36:55 | TEMPLOG : WellhouseOne | 122.000
2016-12-19 06:37:58 | TEMPLOG : WellhouseOne | 124.700
2016-12-19 06:41:01 | TEMPLOG : WellhouseOne | 122.000
2016-12-19 06:42:03 | TEMPLOG : WellhouseOne | 125.600
2016-12-19 06:42:04 | TEMPLOG : Bio   Filter | 016.700
2016-12-19 06:43:05 | TEMPLOG : WellhouseOne | 127.400
2016-12-19 06:43:05 | TEMPLOG : Bio   Filter | 015.800
2016-12-19 06:44:06 | TEMPLOG : WellhouseOne | 126.500
2016-12-19 06:45:07 | TEMPLOG : WellhouseOne | 127.400
2016-12-19 06:46:08 | TEMPLOG : WellhouseOne | 128.300
2016-12-19 06:47:10 | TEMPLOG : WellhouseOne | 129.200
2016-12-19 06:48:13 | TEMPLOG : WellhouseOne | 130.100
2016-12-19 06:49:14 | TEMPLOG : WellhouseOne | 126.500
2016-12-19 06:50:16 | TEMPLOG : WellhouseOne | 128.300
2016-12-19 06:51:17 | TEMPLOG : WellhouseOne | 126.500
2016-12-19 06:52:18 | TEMPLOG : WellhouseOne | 128.300
2016-12-19 06:54:21 | TEMPLOG : WellhouseOne | 130.100
2016-12-19 06:54:21 | TEMPLOG : Bio   Filter | 016.700
2016-12-19 06:55:22 | TEMPLOG : Bio   Filter | 015.800
2016-12-19 06:56:23 | TEMPLOG : WellhouseOne | 131.000
2016-12-19 06:57:25 | TEMPLOG : Bio   Filter | 016.700
2016-12-19 06:58:26 | TEMPLOG : WellhouseOne | 131.900
2016-12-19 06:58:26 | TEMPLOG : Bio   Filter | 015.800
2016-12-19 06:59:27 | TEMPLOG : WellhouseOne | 133.700
2016-12-19 07:00:28 | TEMPLOG : WellhouseOne | 132.800
2016-12-19 07:00:28 | TEMPLOG : Bio   Filter | 015.800
2016-12-19 07:00:28 | TEMPLOG : To   GeoLoop | 031.100
2016-12-19 07:00:28 | TEMPLOG : Table    One | 016.700
2016-12-19 07:02:30 | TEMPLOG : WellhouseOne | 131.900
2016-12-19 07:03:31 | TEMPLOG : WellhouseOne | 129.200
2016-12-19 07:04:33 | TEMPLOG : WellhouseOne | 126.500
2016-12-19 07:05:37 | TEMPLOG : WellhouseOne | 129.200
2016-12-19 07:06:38 | TEMPLOG : WellhouseOne | 127.400
2016-12-19 07:07:39 | TEMPLOG : WellhouseOne | 130.100
2016-12-19 07:08:40 | TEMPLOG : WellhouseOne | 128.300
2016-12-19 07:09:42 | TEMPLOG : WellhouseOne | 130.100
2016-12-19 07:09:42 | TEMPLOG : Bio   Filter | 016.700
2016-12-19 07:10:43 | TEMPLOG : WellhouseOne | 128.300
2016-12-19 07:11:44 | TEMPLOG : WellhouseOne | 126.500
2016-12-19 07:13:46 | TEMPLOG : WellhouseOne | 127.400
2016-12-19 07:13:46 | TEMPLOG : Bio   Filter | 015.800
2016-12-19 07:14:47 | TEMPLOG : WellhouseOne | 128.300
2016-12-19 07:14:47 | TEMPLOG : Bio   Filter | 016.700
2016-12-19 07:15:48 | TEMPLOG : WellhouseOne | 130.100
2016-12-19 07:16:49 | TEMPLOG : WellhouseOne | 127.400
2016-12-19 07:17:51 | TEMPLOG : WellhouseOne | 128.300
2016-12-19 07:18:51 | TEMPLOG : WellhouseOne | 127.400
2016-12-19 07:19:54 | TEMPLOG : WellhouseOne | 125.600
2016-12-19 07:20:56 | TEMPLOG : WellhouseOne | 126.500
2016-12-19 07:21:56 | TEMPLOG : WellhouseOne | 125.600
2016-12-19 07:22:57 | TEMPLOG : WellhouseOne | 128.300
2016-12-19 07:24:59 | TEMPLOG : WellhouseOne | 127.400
2016-12-19 07:25:00 | TEMPLOG : Table    One | 017.600
2016-12-19 07:26:00 | TEMPLOG : WellhouseOne | 128.300
2016-12-19 07:27:01 | TEMPLOG : WellhouseOne | 126.500
2016-12-19 07:28:02 | TEMPLOG : WellhouseOne | 129.200
2016-12-19 07:29:03 | TEMPLOG : WellhouseOne | 127.400
2016-12-19 07:29:04 | TEMPLOG : Bio   Filter | 017.600
2016-12-19 07:31:07 | TEMPLOG : WellhouseOne | 126.500
2016-12-19 07:32:08 | TEMPLOG : WellhouseOne | 125.600
2016-12-19 07:32:08 | TEMPLOG : Bio   Filter | 018.500
2016-12-19 07:32:09 | TEMPLOG : Table    One | 018.500
2016-12-19 07:33:09 | TEMPLOG : WellhouseOne | 129.200
2016-12-19 07:34:10 | TEMPLOG : WellhouseOne | 131.900
2016-12-19 07:35:11 | TEMPLOG : WellhouseOne | 126.500
2016-12-19 07:35:11 | TEMPLOG : Bio   Filter | 019.400
2016-12-19 07:36:12 | TEMPLOG : WellhouseOne | 125.600
2016-12-19 07:36:12 | TEMPLOG : Table    One | 019.400
2016-12-19 07:37:12 | TEMPLOG : WellhouseOne | 129.200
2016-12-19 07:38:13 | TEMPLOG : WellhouseOne | 132.800
2016-12-19 07:39:15 | TEMPLOG : WellhouseOne | 131.900
2016-12-19 07:39:15 | TEMPLOG : Bio   Filter | 020.300
2016-12-19 07:40:17 | TEMPLOG : WellhouseOne | 134.600
2016-12-19 07:40:17 | TEMPLOG : Table    One | 020.300
2016-12-19 07:41:18 | TEMPLOG : WellhouseOne | 135.500
2016-12-19 07:42:19 | TEMPLOG : WellhouseOne | 133.700
2016-12-19 07:43:20 | TEMPLOG : WellhouseOne | 131.900
2016-12-19 07:43:21 | TEMPLOG : Table    One | 021.200
2016-12-19 07:44:21 | TEMPLOG : WellhouseOne | 131.000
2016-12-19 07:44:21 | TEMPLOG : Bio   Filter | 021.200
2016-12-19 07:45:22 | TEMPLOG : WellhouseOne | 129.200
2016-12-19 07:46:23 | TEMPLOG : WellhouseOne | 133.700
2016-12-19 07:46:24 | TEMPLOG : Table    One | 022.100
2016-12-19 07:47:24 | TEMPLOG : WellhouseOne | 132.800
2016-12-19 07:48:25 | TEMPLOG : WellhouseOne | 131.900
2016-12-19 07:48:26 | TEMPLOG : Table    One | 023.000
2016-12-19 07:49:26 | TEMPLOG : WellhouseOne | 135.500
2016-12-19 07:49:27 | TEMPLOG : Bio   Filter | 022.100
2016-12-19 07:50:28 | TEMPLOG : Table    One | 023.900
2016-12-19 07:51:29 | TEMPLOG : WellhouseOne | 131.900
2016-12-19 07:52:30 | TEMPLOG : WellhouseOne | 138.200
2016-12-19 07:52:30 | TEMPLOG : Bio   Filter | 023.000
2016-12-19 07:53:31 | TEMPLOG : WellhouseOne | 139.100
2016-12-19 07:53:32 | TEMPLOG : To   GeoLoop | 032.900
2016-12-19 07:53:33 | TEMPLOG : Table    One | 024.800
2016-12-19 07:55:35 | TEMPLOG : WellhouseOne | 136.400
2016-12-19 07:55:35 | TEMPLOG : Bio   Filter | 023.900
2016-12-19 07:56:36 | TEMPLOG : WellhouseOne | 135.500
2016-12-19 07:56:37 | TEMPLOG : Table    One | 025.700
2016-12-19 07:57:37 | TEMPLOG : WellhouseOne | 139.100
2016-12-19 07:57:37 | TEMPLOG : Bio   Filter | 024.800
2016-12-19 07:58:38 | TEMPLOG : WellhouseOne | 135.500
2016-12-19 07:59:39 | TEMPLOG : WellhouseOne | 131.900
2016-12-19 08:00:40 | TEMPLOG : WellhouseOne | 137.300
2016-12-19 08:00:40 | TEMPLOG : Bio   Filter | 025.700
2016-12-19 08:00:41 | TEMPLOG : To   GeoLoop | 032.900
2016-12-19 08:00:42 | TEMPLOG : Table    One | 025.700
2016-12-19 08:01:42 | TEMPLOG : WellhouseOne | 132.800
2016-12-19 08:02:43 | TEMPLOG : WellhouseOne | 131.900
2016-12-19 08:02:44 | TEMPLOG : Table    One | 026.600
2016-12-19 08:03:44 | TEMPLOG : WellhouseOne | 139.100
2016-12-19 08:05:47 | TEMPLOG : WellhouseOne | 138.200
2016-12-19 08:05:47 | TEMPLOG : Bio   Filter | 026.600
2016-12-19 08:07:50 | TEMPLOG : WellhouseOne | 136.400
2016-12-19 08:08:51 | TEMPLOG : WellhouseOne | 135.500
2016-12-19 08:08:52 | TEMPLOG : Bio   Filter | 027.500
2016-12-19 08:09:53 | TEMPLOG : WellhouseOne | 136.400
2016-12-19 08:09:53 | TEMPLOG : To   GeoLoop | 033.800
2016-12-19 08:10:54 | TEMPLOG : WellhouseOne | 137.300
2016-12-19 08:10:54 | TEMPLOG : Table    One | 027.500
2016-12-19 08:11:54 | TEMPLOG : WellhouseOne | 140.900
2016-12-19 08:12:55 | TEMPLOG : Bio   Filter | 028.400
2016-12-19 08:13:56 | TEMPLOG : WellhouseOne | 136.400
2016-12-19 08:14:57 | TEMPLOG : WellhouseOne | 139.100
2016-12-19 08:15:58 | TEMPLOG : WellhouseOne | 134.600
2016-12-19 08:15:59 | TEMPLOG : Bio   Filter | 029.300
2016-12-19 08:15:59 | TEMPLOG : Table    One | 028.400
2016-12-19 08:16:59 | TEMPLOG : WellhouseOne | 132.800
2016-12-19 08:17:01 | TEMPLOG : Table    One | 027.500
2016-12-19 08:18:01 | TEMPLOG : WellhouseOne | 138.200
2016-12-19 08:19:02 | TEMPLOG : WellhouseOne | 140.900
2016-12-19 08:19:03 | TEMPLOG : Bio   Filter | 030.200
2016-12-19 08:20:04 | TEMPLOG : WellhouseOne | 140.000
2016-12-19 08:21:05 | TEMPLOG : WellhouseOne | 142.700
2016-12-19 08:22:06 | TEMPLOG : WellhouseOne | 141.800
2016-12-19 08:23:08 | TEMPLOG : WellhouseOne | 145.400
2016-12-19 08:23:08 | TEMPLOG : Bio   Filter | 031.100
2016-12-19 08:24:08 | TEMPLOG : WellhouseOne | 144.500
2016-12-19 08:24:09 | TEMPLOG : To   GeoLoop | 034.700
2016-12-19 08:25:10 | TEMPLOG : WellhouseOne | 145.400
2016-12-19 08:26:12 | TEMPLOG : WellhouseOne | 146.300
2016-12-19 08:26:14 | TEMPLOG : Table    One | 028.400
2016-12-19 08:27:14 | TEMPLOG : WellhouseOne | 145.400
2016-12-19 08:28:16 | TEMPLOG : WellhouseOne | 128.300
2016-12-19 08:29:18 | TEMPLOG : WellhouseOne | 095.000
2016-12-19 08:30:18 | TEMPLOG : WellhouseOne | 082.400
2016-12-19 08:31:20 | TEMPLOG : WellhouseOne | 073.400
2016-12-19 08:31:20 | TEMPLOG : Bio   Filter | 032.900
2016-12-19 08:32:21 | TEMPLOG : WellhouseOne | 065.300
2016-12-19 08:33:22 | TEMPLOG : WellhouseOne | 059.000
2016-12-19 08:34:23 | TEMPLOG : WellhouseOne | 055.400
2016-12-19 08:35:24 | TEMPLOG : WellhouseOne | 051.800
2016-12-19 08:36:24 | TEMPLOG : WellhouseOne | 049.100
2016-12-19 08:37:25 | TEMPLOG : WellhouseOne | 047.300
2016-12-19 08:38:26 | TEMPLOG : WellhouseOne | 045.500
2016-12-19 08:39:28 | TEMPLOG : WellhouseOne | 044.600
2016-12-19 08:39:28 | TEMPLOG : Table    One | 029.300
2016-12-19 08:40:28 | TEMPLOG : WellhouseOne | 042.800
2016-12-19 08:40:29 | TEMPLOG : To   GeoLoop | 035.600
2016-12-19 08:40:29 | TEMPLOG : Table    One | 028.400
2016-12-19 08:41:30 | TEMPLOG : Table    One | 029.300
2016-12-19 08:42:30 | TEMPLOG : WellhouseOne | 041.000
2016-12-19 08:44:33 | TEMPLOG : WellhouseOne | 040.100
2016-12-19 08:45:34 | TEMPLOG : WellhouseOne | 039.200
2016-12-19 08:45:34 | TEMPLOG : Bio   Filter | 033.800
2016-12-19 08:46:35 | TEMPLOG : WellhouseOne | 038.300
2016-12-19 08:47:35 | TEMPLOG : WellhouseOne | 092.300
2016-12-19 08:48:36 | TEMPLOG : WellhouseOne | 109.400
2016-12-19 08:49:38 | TEMPLOG : WellhouseOne | 118.400
2016-12-19 08:49:38 | TEMPLOG : Bio   Filter | 034.700
2016-12-19 08:50:39 | TEMPLOG : WellhouseOne | 127.400
2016-12-19 08:50:39 | TEMPLOG : Table    One | 030.200
2016-12-19 08:51:39 | TEMPLOG : WellhouseOne | 129.200
2016-12-19 08:53:41 | TEMPLOG : WellhouseOne | 130.100
2016-12-19 08:54:43 | TEMPLOG : WellhouseOne | 133.700
2016-12-19 08:54:43 | TEMPLOG : Bio   Filter | 035.600
2016-12-19 08:55:44 | TEMPLOG : WellhouseOne | 132.800
2016-12-19 08:56:47 | TEMPLOG : Table    One | 031.100
2016-12-19 08:57:47 | TEMPLOG : WellhouseOne | 139.100
2016-12-19 08:58:47 | TEMPLOG : WellhouseOne | 141.800
2016-12-19 08:58:48 | TEMPLOG : To   GeoLoop | 036.500
2016-12-19 08:59:49 | TEMPLOG : WellhouseOne | 145.400
2016-12-19 09:00:50 | TEMPLOG : WellhouseOne | 140.900
2016-12-19 09:00:50 | TEMPLOG : Bio   Filter | 036.500
2016-12-19 09:00:51 | TEMPLOG : To   GeoLoop | 036.500
2016-12-19 09:00:51 | TEMPLOG : Table    One | 031.100
2016-12-19 09:01:51 | TEMPLOG : WellhouseOne | 141.800
2016-12-19 09:02:52 | TEMPLOG : WellhouseOne | 142.700
2016-12-19 09:03:55 | TEMPLOG : WellhouseOne | 144.500
2016-12-19 09:03:55 | TEMPLOG : Bio   Filter | 037.400
2016-12-19 09:04:56 | TEMPLOG : WellhouseOne | 145.400
2016-12-19 09:05:57 | TEMPLOG : WellhouseOne | 119.300
2016-12-19 09:06:58 | TEMPLOG : WellhouseOne | 090.500
2016-12-19 09:07:00 | TEMPLOG : Table    One | 032.900
2016-12-19 09:08:01 | TEMPLOG : WellhouseOne | 075.200
2016-12-19 09:08:01 | TEMPLOG : Bio   Filter | 038.300
2016-12-19 09:09:01 | TEMPLOG : WellhouseOne | 064.400
2016-12-19 09:10:02 | TEMPLOG : WellhouseOne | 058.100
2016-12-19 09:11:03 | TEMPLOG : WellhouseOne | 052.700
2016-12-19 09:11:04 | TEMPLOG : Table    One | 033.800
2016-12-19 09:12:05 | TEMPLOG : WellhouseOne | 050.000
2016-12-19 09:13:06 | TEMPLOG : WellhouseOne | 049.100
2016-12-19 09:13:06 | TEMPLOG : To   GeoLoop | 037.400
2016-12-19 09:14:07 | TEMPLOG : WellhouseOne | 047.300
2016-12-19 09:14:07 | TEMPLOG : Bio   Filter | 039.200
2016-12-19 09:14:08 | TEMPLOG : To   GeoLoop | 036.500
2016-12-19 09:15:09 | TEMPLOG : WellhouseOne | 045.500
2016-12-19 09:15:09 | TEMPLOG : To   GeoLoop | 037.400
2016-12-19 09:15:09 | TEMPLOG : Table    One | 034.700
2016-12-19 09:16:10 | TEMPLOG : WellhouseOne | 044.600
2016-12-19 09:17:11 | TEMPLOG : WellhouseOne | 043.700
2016-12-19 09:18:11 | TEMPLOG : WellhouseOne | 042.800
2016-12-19 09:18:11 | TEMPLOG : Bio   Filter | 040.100
2016-12-19 09:21:15 | TEMPLOG : WellhouseOne | 041.000
2016-12-19 09:21:15 | TEMPLOG : Table    One | 035.600
2016-12-19 09:23:17 | TEMPLOG : WellhouseOne | 040.100
2016-12-19 09:23:17 | TEMPLOG : Bio   Filter | 041.000
2016-12-19 09:24:18 | TEMPLOG : WellhouseOne | 039.200
2016-12-19 09:25:19 | TEMPLOG : WellhouseOne | 096.800
2016-12-19 09:25:20 | TEMPLOG : Table    One | 036.500
2016-12-19 09:26:20 | TEMPLOG : WellhouseOne | 113.000
2016-12-19 09:27:21 | TEMPLOG : WellhouseOne | 122.000
2016-12-19 09:28:22 | TEMPLOG : WellhouseOne | 130.100
2016-12-19 09:28:22 | TEMPLOG : Bio   Filter | 041.900
2016-12-19 09:28:23 | TEMPLOG : To   GeoLoop | 038.300
2016-12-19 09:28:23 | TEMPLOG : Table    One | 037.400
2016-12-19 09:29:23 | TEMPLOG : WellhouseOne | 137.300
2016-12-19 09:30:24 | TEMPLOG : WellhouseOne | 139.100
2016-12-19 09:30:26 | TEMPLOG : Table    One | 038.300
2016-12-19 09:31:26 | TEMPLOG : WellhouseOne | 142.700
2016-12-19 09:32:27 | TEMPLOG : WellhouseOne | 145.400
2016-12-19 09:33:28 | TEMPLOG : WellhouseOne | 148.100
2016-12-19 09:34:30 | TEMPLOG : WellhouseOne | 117.500
2016-12-19 09:34:30 | TEMPLOG : Bio   Filter | 042.800
2016-12-19 09:34:30 | TEMPLOG : Table    One | 039.200
2016-12-19 09:35:31 | TEMPLOG : WellhouseOne | 086.000
2016-12-19 09:36:32 | TEMPLOG : WellhouseOne | 071.600
2016-12-19 09:37:33 | TEMPLOG : WellhouseOne | 062.600
2016-12-19 09:38:34 | TEMPLOG : WellhouseOne | 057.200
2016-12-19 09:38:35 | TEMPLOG : Table    One | 040.100
2016-12-19 09:39:36 | TEMPLOG : WellhouseOne | 050.900
2016-12-19 09:40:36 | TEMPLOG : WellhouseOne | 048.200
2016-12-19 09:41:37 | TEMPLOG : WellhouseOne | 045.500
2016-12-19 09:41:38 | TEMPLOG : Table    One | 041.000
2016-12-19 09:42:38 | TEMPLOG : WellhouseOne | 043.700
2016-12-19 09:43:39 | TEMPLOG : WellhouseOne | 041.900
2016-12-19 09:43:39 | TEMPLOG : To   GeoLoop | 039.200
2016-12-19 09:44:40 | TEMPLOG : WellhouseOne | 041.000
2016-12-19 09:44:41 | TEMPLOG : Table    One | 041.900
2016-12-19 09:45:42 | TEMPLOG : WellhouseOne | 040.100
2016-12-19 09:46:43 | TEMPLOG : WellhouseOne | 039.200
2016-12-19 09:47:45 | TEMPLOG : WellhouseOne | 037.400
2016-12-19 09:47:45 | TEMPLOG : Bio   Filter | 043.700
2016-12-19 09:47:46 | TEMPLOG : Table    One | 042.800
2016-12-19 09:49:48 | TEMPLOG : WellhouseOne | 036.500
2016-12-19 09:50:50 | TEMPLOG : WellhouseOne | 035.600
2016-12-19 09:50:51 | TEMPLOG : Table    One | 043.700
2016-12-19 09:52:52 | TEMPLOG : WellhouseOne | 090.500
2016-12-19 09:52:52 | TEMPLOG : Bio   Filter | 044.600
2016-12-19 09:52:53 | TEMPLOG : Table    One | 044.600
2016-12-19 09:53:53 | TEMPLOG : WellhouseOne | 112.100
2016-12-19 09:54:54 | TEMPLOG : WellhouseOne | 125.600
2016-12-19 09:55:55 | TEMPLOG : WellhouseOne | 129.200
2016-12-19 09:55:57 | TEMPLOG : Table    One | 045.500
2016-12-19 09:56:57 | TEMPLOG : WellhouseOne | 131.900
2016-12-19 09:57:58 | TEMPLOG : WellhouseOne | 135.500
2016-12-19 09:58:00 | TEMPLOG : Bio   Filter | 045.500
2016-12-19 09:58:00 | TEMPLOG : Table    One | 046.400
2016-12-19 09:59:01 | TEMPLOG : WellhouseOne | 137.300
2016-12-19 09:59:01 | TEMPLOG : To   GeoLoop | 040.100
2016-12-19 10:00:02 | TEMPLOG : WellhouseOne | 137.300
2016-12-19 10:00:02 | TEMPLOG : Bio   Filter | 045.500
2016-12-19 10:00:02 | TEMPLOG : To   GeoLoop | 040.100
2016-12-19 10:00:03 | TEMPLOG : Table    One | 046.400
2016-12-19 10:01:03 | TEMPLOG : WellhouseOne | 143.600
2016-12-19 10:01:04 | TEMPLOG : Table    One | 047.300
2016-12-19 10:02:04 | TEMPLOG : WellhouseOne | 138.200
2016-12-19 10:03:05 | TEMPLOG : WellhouseOne | 088.700
2016-12-19 10:04:06 | TEMPLOG : WellhouseOne | 072.500
2016-12-19 10:04:07 | TEMPLOG : Table    One | 048.200
2016-12-19 10:05:07 | TEMPLOG : WellhouseOne | 062.600
2016-12-19 10:05:09 | TEMPLOG : Table    One | 049.100
2016-12-19 10:06:09 | TEMPLOG : WellhouseOne | 057.200
2016-12-19 10:07:11 | TEMPLOG : WellhouseOne | 051.800
2016-12-19 10:07:12 | TEMPLOG : Table    One | 050.000
2016-12-19 10:08:12 | TEMPLOG : WellhouseOne | 049.100
2016-12-19 10:08:13 | TEMPLOG : Table    One | 050.900
2016-12-19 10:09:13 | TEMPLOG : WellhouseOne | 046.400
2016-12-19 10:09:14 | TEMPLOG : Bio   Filter | 046.400
2016-12-19 10:10:14 | TEMPLOG : WellhouseOne | 044.600
2016-12-19 10:10:15 | TEMPLOG : Table    One | 051.800
2016-12-19 10:11:15 | TEMPLOG : WellhouseOne | 042.800
2016-12-19 10:11:16 | TEMPLOG : Table    One | 052.700
2016-12-19 10:12:16 | TEMPLOG : WellhouseOne | 041.000
2016-12-19 10:12:17 | TEMPLOG : Table    One | 053.600
2016-12-19 10:13:17 | TEMPLOG : Bio   Filter | 047.300
2016-12-19 10:13:18 | TEMPLOG : To   GeoLoop | 041.000
2016-12-19 10:13:18 | TEMPLOG : Table    One | 054.500
2016-12-19 10:14:18 | TEMPLOG : WellhouseOne | 039.200
2016-12-19 10:14:18 | TEMPLOG : To   GeoLoop | 040.100
2016-12-19 10:14:19 | TEMPLOG : Table    One | 055.400
2016-12-19 10:15:20 | TEMPLOG : Table    One | 057.200
2016-12-19 10:16:20 | TEMPLOG : WellhouseOne | 038.300
2016-12-19 10:17:23 | TEMPLOG : WellhouseOne | 036.500
2016-12-19 10:17:24 | TEMPLOG : Bio   Filter | 048.200
2016-12-19 10:17:24 | TEMPLOG : Table    One | 058.100
2016-12-19 10:20:28 | TEMPLOG : To   GeoLoop | 041.000
2016-12-19 10:21:28 | TEMPLOG : WellhouseOne | 094.100
2016-12-19 10:22:30 | TEMPLOG : WellhouseOne | 113.900
2016-12-19 10:23:32 | TEMPLOG : WellhouseOne | 125.600
2016-12-19 10:24:33 | TEMPLOG : WellhouseOne | 133.700
2016-12-19 10:24:33 | TEMPLOG : Table    One | 059.000
2016-12-19 10:25:33 | TEMPLOG : WellhouseOne | 139.100
2016-12-19 10:26:34 | TEMPLOG : WellhouseOne | 142.700
2016-12-19 10:27:35 | TEMPLOG : WellhouseOne | 146.300
2016-12-19 10:27:36 | TEMPLOG : Table    One | 059.900
2016-12-19 10:28:37 | TEMPLOG : WellhouseOne | 131.900
2016-12-19 10:28:38 | TEMPLOG : Table    One | 060.800
2016-12-19 10:29:38 | TEMPLOG : WellhouseOne | 090.500
2016-12-19 10:29:40 | TEMPLOG : Table    One | 061.700
2016-12-19 10:30:40 | TEMPLOG : WellhouseOne | 073.400
2016-12-19 10:30:40 | TEMPLOG : Bio   Filter | 049.100
2016-12-19 10:30:41 | TEMPLOG : Table    One | 062.600
2016-12-19 10:31:41 | TEMPLOG : WellhouseOne | 063.500
2016-12-19 10:32:43 | TEMPLOG : WellhouseOne | 057.200
2016-12-19 10:33:44 | TEMPLOG : WellhouseOne | 050.900
2016-12-19 10:33:45 | TEMPLOG : Table    One | 063.500
2016-12-19 10:34:45 | TEMPLOG : WellhouseOne | 048.200
2016-12-19 10:35:47 | TEMPLOG : WellhouseOne | 047.300
2016-12-19 10:36:48 | TEMPLOG : WellhouseOne | 045.500
2016-12-19 10:36:49 | TEMPLOG : Table    One | 064.400
2016-12-19 10:37:49 | TEMPLOG : WellhouseOne | 044.600
2016-12-19 10:38:50 | TEMPLOG : WellhouseOne | 043.700
2016-12-19 10:38:51 | TEMPLOG : Table    One | 065.300
2016-12-19 10:39:51 | TEMPLOG : WellhouseOne | 041.900
2016-12-19 10:39:51 | TEMPLOG : Bio   Filter | 050.000
2016-12-19 10:40:51 | TEMPLOG : WellhouseOne | 040.100
2016-12-19 10:42:54 | TEMPLOG : WellhouseOne | 039.200
2016-12-19 10:42:54 | TEMPLOG : Bio   Filter | 050.900
2016-12-19 10:43:55 | TEMPLOG : WellhouseOne | 038.300
2016-12-19 10:43:57 | TEMPLOG : Table    One | 066.200
2016-12-19 10:44:57 | TEMPLOG : WellhouseOne | 037.400
2016-12-19 10:44:57 | TEMPLOG : Bio   Filter | 051.800
2016-12-19 10:46:00 | TEMPLOG : Table    One | 067.100
2016-12-19 10:47:00 | TEMPLOG : WellhouseOne | 036.500
2016-12-19 10:47:00 | TEMPLOG : Bio   Filter | 052.700
2016-12-19 10:48:02 | TEMPLOG : WellhouseOne | 083.300
2016-12-19 10:48:03 | TEMPLOG : Table    One | 068.000
2016-12-19 10:49:03 | TEMPLOG : WellhouseOne | 112.100
2016-12-19 10:49:03 | TEMPLOG : Bio   Filter | 053.600
2016-12-19 10:50:04 | TEMPLOG : WellhouseOne | 123.800
2016-12-19 10:50:05 | TEMPLOG : Bio   Filter | 054.500
2016-12-19 10:51:06 | TEMPLOG : WellhouseOne | 132.800
2016-12-19 10:51:06 | TEMPLOG : Bio   Filter | 056.300
2016-12-19 10:51:07 | TEMPLOG : Table    One | 068.900
2016-12-19 10:52:07 | TEMPLOG : WellhouseOne | 140.000
2016-12-19 10:52:07 | TEMPLOG : Bio   Filter | 057.200
2016-12-19 10:53:08 | TEMPLOG : WellhouseOne | 140.900
2016-12-19 10:53:09 | TEMPLOG : Bio   Filter | 058.100
2016-12-19 10:54:10 | TEMPLOG : WellhouseOne | 144.500
2016-12-19 10:54:10 | TEMPLOG : Bio   Filter | 059.000
2016-12-19 10:54:10 | TEMPLOG : Table    One | 069.800
2016-12-19 10:55:11 | TEMPLOG : WellhouseOne | 107.600
2016-12-19 10:55:11 | TEMPLOG : Table    One | 070.700
2016-12-19 10:56:12 | TEMPLOG : WellhouseOne | 081.500
2016-12-19 10:56:13 | TEMPLOG : Bio   Filter | 059.900
2016-12-19 10:57:14 | TEMPLOG : WellhouseOne | 067.100
2016-12-19 10:58:15 | TEMPLOG : WellhouseOne | 059.000
2016-12-19 10:59:16 | TEMPLOG : WellhouseOne | 053.600
2016-12-19 10:59:16 | TEMPLOG : Bio   Filter | 059.000
2016-12-19 11:00:17 | TEMPLOG : WellhouseOne | 050.000
2016-12-19 11:00:18 | TEMPLOG : Bio   Filter | 059.000
2016-12-19 11:00:18 | TEMPLOG : To   GeoLoop | 041.000
2016-12-19 11:00:18 | TEMPLOG : Table    One | 070.700
2016-12-19 11:01:19 | TEMPLOG : WellhouseOne | 047.300
2016-12-19 11:02:20 | TEMPLOG : WellhouseOne | 044.600
2016-12-19 11:02:22 | TEMPLOG : Table    One | 071.600
2016-12-19 11:03:22 | TEMPLOG : WellhouseOne | 042.800
2016-12-19 11:03:23 | TEMPLOG : Table    One | 070.700
2016-12-19 11:04:23 | TEMPLOG : WellhouseOne | 041.000
2016-12-19 11:05:24 | TEMPLOG : WellhouseOne | 040.100
2016-12-19 11:05:25 | TEMPLOG : Bio   Filter | 058.100
2016-12-19 11:06:25 | TEMPLOG : WellhouseOne | 038.300
2016-12-19 11:06:26 | TEMPLOG : Bio   Filter | 059.000
2016-12-19 11:06:26 | TEMPLOG : Table    One | 069.800
2016-12-19 11:08:28 | TEMPLOG : WellhouseOne | 037.400
2016-12-19 11:10:31 | TEMPLOG : WellhouseOne | 036.500
2016-12-19 11:11:33 | TEMPLOG : Table    One | 070.700
2016-12-19 11:12:33 | TEMPLOG : WellhouseOne | 035.600
2016-12-19 11:12:34 | TEMPLOG : Bio   Filter | 059.900
2016-12-19 11:13:34 | TEMPLOG : WellhouseOne | 064.400
2016-12-19 11:14:35 | TEMPLOG : WellhouseOne | 104.900
2016-12-19 11:15:36 | TEMPLOG : WellhouseOne | 121.100
2016-12-19 11:15:36 | TEMPLOG : Bio   Filter | 060.800
2016-12-19 11:16:37 | TEMPLOG : WellhouseOne | 131.900
2016-12-19 11:17:38 | TEMPLOG : WellhouseOne | 136.400
2016-12-19 11:17:38 | TEMPLOG : Bio   Filter | 061.700
2016-12-19 11:18:39 | TEMPLOG : WellhouseOne | 141.800
2016-12-19 11:19:40 | TEMPLOG : WellhouseOne | 146.300
2016-12-19 11:20:41 | TEMPLOG : WellhouseOne | 109.400
2016-12-19 11:20:41 | TEMPLOG : Bio   Filter | 062.600
2016-12-19 11:21:42 | TEMPLOG : WellhouseOne | 080.600
2016-12-19 11:22:43 | TEMPLOG : WellhouseOne | 068.900
2016-12-19 11:22:44 | TEMPLOG : Table    One | 069.800
2016-12-19 11:23:44 | TEMPLOG : WellhouseOne | 061.700
2016-12-19 11:23:44 | TEMPLOG : Bio   Filter | 063.500
2016-12-19 11:24:45 | TEMPLOG : WellhouseOne | 055.400
2016-12-19 11:25:45 | TEMPLOG : WellhouseOne | 050.900
2016-12-19 11:25:46 | TEMPLOG : Bio   Filter | 064.400
2016-12-19 11:25:46 | TEMPLOG : Table    One | 070.700
2016-12-19 11:26:46 | TEMPLOG : WellhouseOne | 048.200
2016-12-19 11:26:47 | TEMPLOG : Table    One | 069.800
2016-12-19 11:27:48 | TEMPLOG : WellhouseOne | 046.400
2016-12-19 11:28:49 | TEMPLOG : WellhouseOne | 044.600
2016-12-19 11:28:49 | TEMPLOG : Bio   Filter | 065.300
2016-12-19 11:29:51 | TEMPLOG : WellhouseOne | 043.700
2016-12-19 11:30:52 | TEMPLOG : WellhouseOne | 041.000
2016-12-19 11:31:53 | TEMPLOG : WellhouseOne | 040.100
2016-12-19 11:31:54 | TEMPLOG : Table    One | 070.700
2016-12-19 11:32:54 | TEMPLOG : WellhouseOne | 039.200
2016-12-19 11:34:55 | TEMPLOG : WellhouseOne | 038.300
2016-12-19 11:34:57 | TEMPLOG : Table    One | 071.600
2016-12-19 11:36:58 | TEMPLOG : WellhouseOne | 037.400
2016-12-19 11:36:59 | TEMPLOG : To   GeoLoop | 041.900
2016-12-19 11:38:00 | TEMPLOG : WellhouseOne | 036.500
2016-12-19 11:38:01 | TEMPLOG : To   GeoLoop | 041.000
2016-12-19 11:39:01 | TEMPLOG : WellhouseOne | 035.600
2016-12-19 11:40:02 | TEMPLOG : WellhouseOne | 087.800
2016-12-19 11:40:03 | TEMPLOG : To   GeoLoop | 041.900
2016-12-19 11:41:03 | TEMPLOG : WellhouseOne | 112.100
2016-12-19 11:41:04 | TEMPLOG : Table    One | 070.700
2016-12-19 11:42:05 | TEMPLOG : WellhouseOne | 123.800
2016-12-19 11:42:05 | TEMPLOG : Bio   Filter | 064.400
2016-12-19 11:43:06 | TEMPLOG : WellhouseOne | 131.900
2016-12-19 11:44:07 | TEMPLOG : WellhouseOne | 138.200
2016-12-19 11:44:07 | TEMPLOG : Table    One | 071.600
2016-12-19 11:45:08 | TEMPLOG : WellhouseOne | 141.800
2016-12-19 11:45:08 | TEMPLOG : Table    One | 072.500
2016-12-19 11:46:08 | TEMPLOG : WellhouseOne | 118.400
2016-12-19 11:46:09 | TEMPLOG : Bio   Filter | 065.300
2016-12-19 11:47:09 | TEMPLOG : WellhouseOne | 086.000
2016-12-19 11:47:10 | TEMPLOG : Table    One | 073.400
2016-12-19 11:48:11 | TEMPLOG : WellhouseOne | 071.600
2016-12-19 11:48:11 | TEMPLOG : Bio   Filter | 066.200
2016-12-19 11:48:12 | TEMPLOG : Table    One | 072.500
2016-12-19 11:49:12 | TEMPLOG : WellhouseOne | 064.400
2016-12-19 11:50:14 | TEMPLOG : WellhouseOne | 058.100
2016-12-19 11:51:15 | TEMPLOG : WellhouseOne | 053.600
2016-12-19 11:51:15 | TEMPLOG : Table    One | 073.400
2016-12-19 11:52:16 | TEMPLOG : WellhouseOne | 050.900
2016-12-19 11:52:16 | TEMPLOG : Bio   Filter | 067.100
2016-12-19 11:52:16 | TEMPLOG : To   GeoLoop | 042.800
2016-12-19 11:52:17 | TEMPLOG : Table    One | 074.300
2016-12-19 11:53:17 | TEMPLOG : WellhouseOne | 047.300
2016-12-19 11:53:19 | TEMPLOG : Table    One | 075.200
2016-12-19 11:54:19 | TEMPLOG : WellhouseOne | 046.400
2016-12-19 11:54:20 | TEMPLOG : Table    One | 076.100
2016-12-19 11:55:20 | TEMPLOG : WellhouseOne | 045.500
2016-12-19 11:55:20 | TEMPLOG : Bio   Filter | 068.000
2016-12-19 11:56:21 | TEMPLOG : WellhouseOne | 043.700
2016-12-19 11:57:22 | TEMPLOG : WellhouseOne | 042.800
2016-12-19 11:58:24 | TEMPLOG : Table    One | 077.000
2016-12-19 12:00:25 | TEMPLOG : WellhouseOne | 041.000
2016-12-19 12:00:25 | TEMPLOG : Bio   Filter | 068.000
2016-12-19 12:00:25 | TEMPLOG : To   GeoLoop | 042.800
2016-12-19 12:00:26 | TEMPLOG : Table    One | 077.000
2016-12-19 12:01:27 | TEMPLOG : Bio   Filter | 068.900
2016-12-19 12:01:27 | TEMPLOG : Table    One | 077.900
2016-12-19 12:02:29 | TEMPLOG : Table    One | 078.800
2016-12-19 12:03:29 | TEMPLOG : WellhouseOne | 040.100
2016-12-19 12:03:30 | TEMPLOG : Bio   Filter | 069.800
2016-12-19 12:04:31 | TEMPLOG : WellhouseOne | 039.200
2016-12-19 12:04:31 | TEMPLOG : To   GeoLoop | 043.700
2016-12-19 12:05:32 | TEMPLOG : WellhouseOne | 040.100
2016-12-19 12:05:33 | TEMPLOG : Table    One | 079.700
2016-12-19 12:06:33 | TEMPLOG : WellhouseOne | 085.100
2016-12-19 12:06:34 | TEMPLOG : Bio   Filter | 070.700
2016-12-19 12:07:35 | TEMPLOG : WellhouseOne | 112.100
2016-12-19 12:07:35 | TEMPLOG : Table    One | 080.600
2016-12-19 12:08:36 | TEMPLOG : WellhouseOne | 124.700
2016-12-19 12:08:36 | TEMPLOG : Table    One | 081.500
2016-12-19 12:09:36 | TEMPLOG : WellhouseOne | 130.100
2016-12-19 12:10:37 | TEMPLOG : WellhouseOne | 136.400
2016-12-19 12:10:39 | TEMPLOG : Table    One | 082.400
2016-12-19 12:11:39 | TEMPLOG : WellhouseOne | 106.700
2016-12-19 12:12:41 | TEMPLOG : WellhouseOne | 079.700
2016-12-19 12:13:42 | TEMPLOG : WellhouseOne | 068.000
2016-12-19 12:13:43 | TEMPLOG : To   GeoLoop | 044.600
2016-12-19 12:14:43 | TEMPLOG : WellhouseOne | 061.700
2016-12-19 12:15:44 | TEMPLOG : WellhouseOne | 057.200
2016-12-19 12:15:45 | TEMPLOG : Table    One | 081.500
2016-12-19 12:16:45 | TEMPLOG : WellhouseOne | 053.600
2016-12-19 12:16:46 | TEMPLOG : Table    One | 082.400
2016-12-19 12:17:46 | TEMPLOG : WellhouseOne | 050.900
2016-12-19 12:18:47 | TEMPLOG : WellhouseOne | 049.100
2016-12-19 12:18:48 | TEMPLOG : Bio   Filter | 071.600
2016-12-19 12:19:49 | TEMPLOG : WellhouseOne | 048.200
2016-12-19 12:19:49 | TEMPLOG : Bio   Filter | 070.700
2016-12-19 12:19:50 | TEMPLOG : Table    One | 080.600
2016-12-19 12:20:51 | TEMPLOG : WellhouseOne | 047.300
2016-12-19 12:20:51 | TEMPLOG : Bio   Filter | 069.800
2016-12-19 12:20:52 | TEMPLOG : Table    One | 077.900
2016-12-19 12:21:52 | TEMPLOG : WellhouseOne | 046.400
2016-12-19 12:21:52 | TEMPLOG : Bio   Filter | 068.900
2016-12-19 12:21:52 | TEMPLOG : Table    One | 076.100
2016-12-19 12:22:52 | TEMPLOG : WellhouseOne | 045.500
2016-12-19 12:22:53 | TEMPLOG : Bio   Filter | 068.000
2016-12-19 12:22:53 | TEMPLOG : Table    One | 073.400
2016-12-19 12:23:53 | TEMPLOG : WellhouseOne | 044.600
2016-12-19 12:23:53 | TEMPLOG : Bio   Filter | 066.200
2016-12-19 12:23:54 | TEMPLOG : To   GeoLoop | 043.700
2016-12-19 12:23:54 | TEMPLOG : Table    One | 072.500
2016-12-19 12:24:54 | TEMPLOG : WellhouseOne | 043.700
2016-12-19 12:24:55 | TEMPLOG : Table    One | 071.600
2016-12-19 12:25:56 | TEMPLOG : Bio   Filter | 065.300
2016-12-19 12:25:56 | TEMPLOG : To   GeoLoop | 044.600
2016-12-19 12:25:57 | TEMPLOG : Table    One | 069.800
2016-12-19 12:26:57 | TEMPLOG : WellhouseOne | 042.800
2016-12-19 12:26:57 | TEMPLOG : Bio   Filter | 063.500
2016-12-19 12:26:58 | TEMPLOG : Table    One | 068.000
2016-12-19 12:27:58 | TEMPLOG : Bio   Filter | 062.600
2016-12-19 12:27:58 | TEMPLOG : To   GeoLoop | 043.700
2016-12-19 12:27:59 | TEMPLOG : Table    One | 065.300
2016-12-19 12:28:59 | TEMPLOG : Bio   Filter | 061.700
2016-12-19 12:29:00 | TEMPLOG : Table    One | 064.400
2016-12-19 12:30:01 | TEMPLOG : Bio   Filter | 060.800
2016-12-19 12:30:02 | TEMPLOG : Table    One | 063.500
2016-12-19 12:31:02 | TEMPLOG : WellhouseOne | 041.900
2016-12-19 12:31:02 | TEMPLOG : Bio   Filter | 059.900
2016-12-19 12:31:03 | TEMPLOG : Table    One | 061.700
2016-12-19 12:32:03 | TEMPLOG : WellhouseOne | 052.700
2016-12-19 12:32:04 | TEMPLOG : Bio   Filter | 059.000
2016-12-19 12:33:04 | TEMPLOG : WellhouseOne | 110.300
2016-12-19 12:33:04 | TEMPLOG : Bio   Filter | 058.100
2016-12-19 12:34:05 | TEMPLOG : WellhouseOne | 125.600
2016-12-19 12:35:06 | TEMPLOG : WellhouseOne | 132.800
2016-12-19 12:35:07 | TEMPLOG : Table    One | 062.600
2016-12-19 12:36:07 | TEMPLOG : WellhouseOne | 130.100
2016-12-19 12:36:07 | TEMPLOG : Bio   Filter | 059.000
2016-12-19 12:36:08 | TEMPLOG : To   GeoLoop | 044.600
2016-12-19 12:36:08 | TEMPLOG : Table    One | 064.400
2016-12-19 12:37:08 | TEMPLOG : WellhouseOne | 092.300
2016-12-19 12:37:09 | TEMPLOG : Table    One | 065.300
2016-12-19 12:38:09 | TEMPLOG : WellhouseOne | 074.300
2016-12-19 12:39:11 | TEMPLOG : WellhouseOne | 066.200
2016-12-19 12:39:11 | TEMPLOG : Table    One | 066.200
2016-12-19 12:40:12 | TEMPLOG : WellhouseOne | 059.000
2016-12-19 12:40:12 | TEMPLOG : Table    One | 065.300
2016-12-19 12:41:12 | TEMPLOG : WellhouseOne | 055.400
2016-12-19 12:41:13 | TEMPLOG : Table    One | 064.400
2016-12-19 12:42:14 | TEMPLOG : WellhouseOne | 053.600
2016-12-19 12:42:14 | TEMPLOG : Bio   Filter | 058.100
2016-12-19 12:42:14 | TEMPLOG : Table    One | 063.500
2016-12-19 12:43:15 | TEMPLOG : WellhouseOne | 051.800
2016-12-19 12:43:16 | TEMPLOG : Table    One | 062.600
2016-12-19 12:44:17 | TEMPLOG : WellhouseOne | 050.000
2016-12-19 12:44:17 | TEMPLOG : Bio   Filter | 057.200
2016-12-19 12:44:18 | TEMPLOG : Table    One | 063.500
2016-12-19 12:45:18 | TEMPLOG : WellhouseOne | 049.100
2016-12-19 12:46:19 | TEMPLOG : WellhouseOne | 048.200
2016-12-19 12:47:21 | TEMPLOG : WellhouseOne | 046.400
2016-12-19 12:48:22 | TEMPLOG : WellhouseOne | 043.700
2016-12-19 12:49:23 | TEMPLOG : WellhouseOne | 042.800
2016-12-19 12:49:23 | TEMPLOG : Bio   Filter | 056.300
2016-12-19 12:49:24 | TEMPLOG : Table    One | 062.600
2016-12-19 12:50:24 | TEMPLOG : WellhouseOne | 041.000
2016-12-19 12:50:26 | TEMPLOG : Table    One | 061.700
2016-12-19 12:51:27 | TEMPLOG : Bio   Filter | 055.400
2016-12-19 12:51:28 | TEMPLOG : Table    One | 059.900
2016-12-19 12:52:28 | TEMPLOG : WellhouseOne | 040.100
2016-12-19 12:52:28 | TEMPLOG : Bio   Filter | 054.500
2016-12-19 12:53:29 | TEMPLOG : WellhouseOne | 039.200
2016-12-19 12:53:30 | TEMPLOG : Table    One | 059.000
2016-12-19 12:54:30 | TEMPLOG : Bio   Filter | 053.600
2016-12-19 12:54:30 | TEMPLOG : To   GeoLoop | 043.700
2016-12-19 12:54:30 | TEMPLOG : Table    One | 058.100
2016-12-19 12:55:31 | TEMPLOG : WellhouseOne | 038.300
2016-12-19 12:55:31 | TEMPLOG : Bio   Filter | 052.700
2016-12-19 12:55:32 | TEMPLOG : Table    One | 057.200
2016-12-19 12:56:32 | TEMPLOG : WellhouseOne | 041.000
2016-12-19 12:56:32 | TEMPLOG : Table    One | 056.300
2016-12-19 12:57:33 | TEMPLOG : WellhouseOne | 103.100
2016-12-19 12:57:33 | TEMPLOG : Bio   Filter | 051.800
2016-12-19 12:58:35 | TEMPLOG : WellhouseOne | 122.000
2016-12-19 12:58:36 | TEMPLOG : Table    One | 055.400
2016-12-19 12:59:36 | TEMPLOG : WellhouseOne | 131.000
2016-12-19 12:59:36 | TEMPLOG : Bio   Filter | 050.900
2016-12-19 13:00:38 | TEMPLOG : WellhouseOne | 136.400
2016-12-19 13:00:38 | TEMPLOG : Bio   Filter | 050.900
2016-12-19 13:00:38 | TEMPLOG : To   GeoLoop | 043.700
2016-12-19 13:00:39 | TEMPLOG : Table    One | 055.400
2016-12-19 13:01:39 | TEMPLOG : WellhouseOne | 100.400
2016-12-19 13:02:40 | TEMPLOG : WellhouseOne | 077.900
2016-12-19 13:02:41 | TEMPLOG : Table    One | 054.500
2016-12-19 13:03:41 | TEMPLOG : WellhouseOne | 068.900
2016-12-19 13:04:42 | TEMPLOG : WellhouseOne | 061.700
2016-12-19 13:05:44 | TEMPLOG : WellhouseOne | 057.200
2016-12-19 13:05:45 | TEMPLOG : Table    One | 053.600
2016-12-19 13:06:45 | TEMPLOG : WellhouseOne | 053.600
2016-12-19 13:07:47 | TEMPLOG : WellhouseOne | 051.800
2016-12-19 13:08:48 | TEMPLOG : WellhouseOne | 050.000
2016-12-19 13:08:48 | TEMPLOG : Table    One | 052.700
2016-12-19 13:09:48 | TEMPLOG : WellhouseOne | 048.200
2016-12-19 13:09:49 | TEMPLOG : Bio   Filter | 050.000
2016-12-19 13:10:49 | TEMPLOG : WellhouseOne | 046.400
2016-12-19 13:10:50 | TEMPLOG : Table    One | 051.800
2016-12-19 13:11:51 | TEMPLOG : WellhouseOne | 045.500
2016-12-19 13:12:53 | TEMPLOG : WellhouseOne | 043.700
2016-12-19 13:12:54 | TEMPLOG : Table    One | 050.900
2016-12-19 13:13:54 | TEMPLOG : WellhouseOne | 042.800
2016-12-19 13:14:56 | TEMPLOG : Bio   Filter | 049.100
2016-12-19 13:14:56 | TEMPLOG : Table    One | 050.000
2016-12-19 13:15:57 | TEMPLOG : WellhouseOne | 043.700
2016-12-19 13:15:58 | TEMPLOG : To   GeoLoop | 042.800
2016-12-19 13:17:00 | TEMPLOG : Bio   Filter | 048.200
2016-12-19 13:17:00 | TEMPLOG : To   GeoLoop | 043.700
2016-12-19 13:18:00 | TEMPLOG : WellhouseOne | 042.800
2016-12-19 13:18:01 | TEMPLOG : To   GeoLoop | 042.800
2016-12-19 13:18:01 | TEMPLOG : Table    One | 049.100
2016-12-19 13:21:05 | TEMPLOG : Bio   Filter | 047.300
2016-12-19 13:22:06 | TEMPLOG : WellhouseOne | 041.900
2016-12-19 13:23:07 | TEMPLOG : WellhouseOne | 099.500
2016-12-19 13:23:08 | TEMPLOG : Bio   Filter | 048.200
2016-12-19 13:23:08 | TEMPLOG : To   GeoLoop | 043.700
2016-12-19 13:23:08 | TEMPLOG : Table    One | 050.000
2016-12-19 13:24:09 | TEMPLOG : WellhouseOne | 121.100
2016-12-19 13:24:09 | TEMPLOG : Table    One | 050.900
2016-12-19 13:25:09 | TEMPLOG : WellhouseOne | 131.000
2016-12-19 13:25:10 | TEMPLOG : Table    One | 051.800
2016-12-19 13:26:11 | TEMPLOG : WellhouseOne | 134.600
2016-12-19 13:26:11 | TEMPLOG : Bio   Filter | 049.100
2016-12-19 13:26:11 | TEMPLOG : Table    One | 052.700
2016-12-19 13:27:11 | TEMPLOG : WellhouseOne | 108.500
2016-12-19 13:27:12 | TEMPLOG : Table    One | 053.600
2016-12-19 13:28:13 | TEMPLOG : WellhouseOne | 086.000
2016-12-19 13:28:13 | TEMPLOG : To   GeoLoop | 044.600
2016-12-19 13:28:13 | TEMPLOG : Table    One | 055.400
2016-12-19 13:29:14 | TEMPLOG : WellhouseOne | 071.600
2016-12-19 13:29:14 | TEMPLOG : Bio   Filter | 050.000
2016-12-19 13:29:15 | TEMPLOG : Table    One | 058.100
2016-12-19 13:30:15 | TEMPLOG : WellhouseOne | 062.600
2016-12-19 13:30:15 | TEMPLOG : Bio   Filter | 050.900
2016-12-19 13:30:15 | TEMPLOG : To   GeoLoop | 045.500
2016-12-19 13:30:16 | TEMPLOG : Table    One | 060.800
2016-12-19 13:31:16 | TEMPLOG : WellhouseOne | 059.000
2016-12-19 13:31:17 | TEMPLOG : Bio   Filter | 051.800
2016-12-19 13:31:17 | TEMPLOG : Table    One | 063.500
2016-12-19 13:32:17 | TEMPLOG : WellhouseOne | 056.300
2016-12-19 13:32:18 | TEMPLOG : Bio   Filter | 052.700
2016-12-19 13:32:18 | TEMPLOG : To   GeoLoop | 046.400
2016-12-19 13:32:18 | TEMPLOG : Table    One | 067.100
2016-12-19 13:33:19 | TEMPLOG : WellhouseOne | 054.500
2016-12-19 13:33:19 | TEMPLOG : Bio   Filter | 054.500
2016-12-19 13:33:19 | TEMPLOG : To   GeoLoop | 047.300
2016-12-19 13:33:20 | TEMPLOG : Table    One | 069.800
2016-12-19 13:34:20 | TEMPLOG : WellhouseOne | 052.700
2016-12-19 13:34:20 | TEMPLOG : Bio   Filter | 055.400
2016-12-19 13:34:21 | TEMPLOG : Table    One | 072.500
2016-12-19 13:35:21 | TEMPLOG : WellhouseOne | 051.800
2016-12-19 13:35:21 | TEMPLOG : Bio   Filter | 056.300
2016-12-19 13:35:21 | TEMPLOG : To   GeoLoop | 048.200
2016-12-19 13:35:22 | TEMPLOG : Table    One | 074.300
2016-12-19 13:36:22 | TEMPLOG : WellhouseOne | 050.900
2016-12-19 13:36:22 | TEMPLOG : Bio   Filter | 058.100
2016-12-19 13:36:23 | TEMPLOG : Table    One | 076.100
2016-12-19 13:37:23 | TEMPLOG : WellhouseOne | 050.000
2016-12-19 13:37:24 | TEMPLOG : To   GeoLoop | 049.100
2016-12-19 13:37:24 | TEMPLOG : Table    One | 077.900
2016-12-19 13:38:24 | TEMPLOG : WellhouseOne | 049.100
2016-12-19 13:38:25 | TEMPLOG : Table    One | 079.700
2016-12-19 13:39:25 | TEMPLOG : WellhouseOne | 048.200
2016-12-19 13:39:26 | TEMPLOG : Table    One | 080.600
2016-12-19 13:40:26 | TEMPLOG : WellhouseOne | 047.300
2016-12-19 13:40:26 | TEMPLOG : Table    One | 079.700
2016-12-19 13:41:27 | TEMPLOG : WellhouseOne | 046.400
2016-12-19 13:41:27 | TEMPLOG : Table    One | 076.100
2016-12-19 13:42:28 | TEMPLOG : To   GeoLoop | 048.200
2016-12-19 13:42:28 | TEMPLOG : Table    One | 073.400
2016-12-19 13:43:29 | TEMPLOG : WellhouseOne | 045.500
2016-12-19 13:43:30 | TEMPLOG : Table    One | 072.500
2016-12-19 13:45:31 | TEMPLOG : WellhouseOne | 043.700
2016-12-19 13:45:32 | TEMPLOG : Table    One | 073.400
2016-12-19 13:46:32 | TEMPLOG : WellhouseOne | 041.900
2016-12-19 13:46:33 | TEMPLOG : Table    One | 074.300
2016-12-19 13:47:33 | TEMPLOG : WellhouseOne | 042.800
2016-12-19 13:47:34 | TEMPLOG : Table    One | 075.200
2016-12-19 13:48:35 | TEMPLOG : Table    One | 076.100
2016-12-19 13:49:35 | TEMPLOG : WellhouseOne | 059.000
2016-12-19 13:49:36 | TEMPLOG : Table    One | 078.800
2016-12-19 13:50:36 | TEMPLOG : WellhouseOne | 110.300
2016-12-19 13:50:36 | TEMPLOG : To   GeoLoop | 049.100
2016-12-19 13:50:36 | TEMPLOG : Table    One | 080.600
2016-12-19 13:51:37 | TEMPLOG : WellhouseOne | 121.100
2016-12-19 13:52:38 | TEMPLOG : WellhouseOne | 129.200
2016-12-19 13:52:38 | TEMPLOG : Table    One | 079.700
2016-12-19 13:53:39 | TEMPLOG : Table    One | 077.900
2016-12-19 13:54:40 | TEMPLOG : WellhouseOne | 093.200
2016-12-19 13:54:40 | TEMPLOG : To   GeoLoop | 048.200
2016-12-19 13:55:41 | TEMPLOG : WellhouseOne | 074.300
2016-12-19 13:55:41 | TEMPLOG : Table    One | 075.200
2016-12-19 13:56:42 | TEMPLOG : WellhouseOne | 063.500
2016-12-19 13:56:43 | TEMPLOG : To   GeoLoop | 047.300
2016-12-19 13:56:43 | TEMPLOG : Table    One | 071.600
2016-12-19 13:57:43 | TEMPLOG : WellhouseOne | 059.000
2016-12-19 13:57:45 | TEMPLOG : Table    One | 067.100
2016-12-19 13:58:45 | TEMPLOG : WellhouseOne | 055.400
2016-12-19 13:58:46 | TEMPLOG : To   GeoLoop | 046.400
2016-12-19 13:58:46 | TEMPLOG : Table    One | 064.400
2016-12-19 13:59:46 | TEMPLOG : WellhouseOne | 053.600
2016-12-19 13:59:47 | TEMPLOG : Table    One | 062.600
2016-12-19 14:00:48 | TEMPLOG : WellhouseOne | 051.800
2016-12-19 14:00:48 | TEMPLOG : To   GeoLoop | 046.400
2016-12-19 14:00:48 | TEMPLOG : Table    One | 061.700
2016-12-19 14:01:48 | TEMPLOG : WellhouseOne | 050.900
2016-12-19 14:01:49 | TEMPLOG : To   GeoLoop | 045.500
2016-12-19 14:01:49 | TEMPLOG : Table    One | 060.800
2016-12-19 14:03:51 | TEMPLOG : WellhouseOne | 050.000
2016-12-19 14:04:52 | TEMPLOG : WellhouseOne | 048.200
2016-12-19 14:04:52 | TEMPLOG : Table    One | 062.600
2016-12-19 14:05:53 | TEMPLOG : WellhouseOne | 047.300
2016-12-19 14:05:53 | TEMPLOG : To   GeoLoop | 046.400
2016-12-19 14:06:54 | TEMPLOG : WellhouseOne | 046.400
2016-12-19 14:06:54 | TEMPLOG : Table    One | 063.500
2016-12-19 14:07:55 | TEMPLOG : WellhouseOne | 044.600
2016-12-19 14:07:55 | TEMPLOG : Table    One | 064.400
2016-12-19 14:08:57 | TEMPLOG : Table    One | 061.700
2016-12-19 14:09:59 | TEMPLOG : Table    One | 063.500
2016-12-19 14:10:59 | TEMPLOG : WellhouseOne | 043.700
2016-12-19 14:11:01 | TEMPLOG : Table    One | 062.600
2016-12-19 14:12:01 | TEMPLOG : Table    One | 061.700
2016-12-19 14:13:02 | TEMPLOG : To   GeoLoop | 045.500
2016-12-19 14:13:02 | TEMPLOG : Table    One | 059.000
2016-12-19 14:16:05 | TEMPLOG : WellhouseOne | 044.600
2016-12-19 14:17:06 | TEMPLOG : WellhouseOne | 091.400
2016-12-19 14:17:07 | TEMPLOG : Table    One | 060.800
2016-12-19 14:18:07 | TEMPLOG : WellhouseOne | 122.000
2016-12-19 14:18:07 | TEMPLOG : To   GeoLoop | 046.400
2016-12-19 14:18:07 | TEMPLOG : Table    One | 062.600
2016-12-19 14:19:08 | TEMPLOG : WellhouseOne | 131.900
2016-12-19 14:19:09 | TEMPLOG : Table    One | 061.700
2016-12-19 14:20:09 | TEMPLOG : WellhouseOne | 088.700
2016-12-19 14:20:09 | TEMPLOG : To   GeoLoop | 045.500
2016-12-19 14:20:10 | TEMPLOG : Table    One | 059.900
2016-12-19 14:21:10 | TEMPLOG : WellhouseOne | 069.800
2016-12-19 14:22:11 | TEMPLOG : WellhouseOne | 062.600
2016-12-19 14:22:11 | TEMPLOG : Table    One | 059.000
2016-12-19 14:23:11 | TEMPLOG : WellhouseOne | 058.100
2016-12-19 14:23:12 | TEMPLOG : Table    One | 058.100
2016-12-19 14:24:12 | TEMPLOG : WellhouseOne | 054.500
2016-12-19 14:24:12 | TEMPLOG : Table    One | 059.000
2016-12-19 14:25:12 | TEMPLOG : WellhouseOne | 051.800
2016-12-19 14:26:13 | TEMPLOG : WellhouseOne | 050.900
2016-12-19 14:26:15 | TEMPLOG : Table    One | 058.100
2016-12-19 14:27:15 | TEMPLOG : WellhouseOne | 050.000
2016-12-19 14:27:16 | TEMPLOG : Table    One | 057.200
2016-12-19 14:28:16 | TEMPLOG : WellhouseOne | 049.100
2016-12-19 14:29:18 | TEMPLOG : WellhouseOne | 048.200
2016-12-19 14:30:19 | TEMPLOG : WellhouseOne | 047.300
2016-12-19 14:30:20 | TEMPLOG : Table    One | 056.300
2016-12-19 14:31:20 | TEMPLOG : WellhouseOne | 046.400
2016-12-19 14:31:20 | TEMPLOG : Table    One | 058.100
2016-12-19 14:32:21 | TEMPLOG : Table    One | 059.000
2016-12-19 14:34:23 | TEMPLOG : WellhouseOne | 045.500
2016-12-19 14:34:23 | TEMPLOG : Table    One | 056.300
2016-12-19 14:35:24 | TEMPLOG : Table    One | 055.400
2016-12-19 14:36:24 | TEMPLOG : To   GeoLoop | 044.600
2016-12-19 14:36:24 | TEMPLOG : Table    One | 054.500
2016-12-19 14:38:26 | TEMPLOG : WellhouseOne | 044.600
2016-12-19 14:38:27 | TEMPLOG : Table    One | 053.600
2016-12-19 14:39:27 | TEMPLOG : Table    One | 052.700
2016-12-19 14:40:29 | TEMPLOG : Table    One | 051.800
2016-12-19 14:41:30 | TEMPLOG : Table    One | 050.900
2016-12-19 14:42:30 | TEMPLOG : WellhouseOne | 082.400
2016-12-19 14:43:31 | TEMPLOG : WellhouseOne | 119.300
2016-12-19 14:44:31 | TEMPLOG : WellhouseOne | 125.600
2016-12-19 14:44:32 | TEMPLOG : Table    One | 050.000
2016-12-19 14:45:33 | TEMPLOG : WellhouseOne | 093.200
2016-12-19 14:46:34 | TEMPLOG : WellhouseOne | 080.600
2016-12-19 14:46:34 | TEMPLOG : To   GeoLoop | 043.700
2016-12-19 14:46:34 | TEMPLOG : Table    One | 049.100
2016-12-19 14:47:35 | TEMPLOG : WellhouseOne | 072.500
2016-12-19 14:48:36 | TEMPLOG : WellhouseOne | 066.200
2016-12-19 14:48:37 | TEMPLOG : Table    One | 048.200
2016-12-19 14:49:37 | TEMPLOG : WellhouseOne | 060.800
2016-12-19 14:49:37 | TEMPLOG : Table    One | 047.300
2016-12-19 14:50:38 | TEMPLOG : WellhouseOne | 057.200
2016-12-19 14:51:39 | TEMPLOG : WellhouseOne | 055.400
2016-12-19 14:51:39 | TEMPLOG : Table    One | 046.400
2016-12-19 14:52:39 | TEMPLOG : WellhouseOne | 053.600
2016-12-19 14:53:40 | TEMPLOG : WellhouseOne | 051.800
2016-12-19 14:54:41 | TEMPLOG : WellhouseOne | 050.900
2016-12-19 14:54:42 | TEMPLOG : Table    One | 045.500
2016-12-19 14:55:43 | TEMPLOG : WellhouseOne | 050.000
2016-12-19 15:00:48 | TEMPLOG : WellhouseOne | 050.000
2016-12-19 15:00:48 | TEMPLOG : To   GeoLoop | 043.700
2016-12-19 15:00:48 | TEMPLOG : Table    One | 044.600
2016-12-19 15:02:50 | TEMPLOG : Table    One | 043.700
2016-12-19 15:03:51 | TEMPLOG : To   GeoLoop | 042.800
2016-12-19 15:04:52 | TEMPLOG : WellhouseOne | 049.100
2016-12-19 15:04:52 | TEMPLOG : To   GeoLoop | 043.700
2016-12-19 15:06:53 | TEMPLOG : WellhouseOne | 048.200
2016-12-19 15:06:54 | TEMPLOG : Table    One | 044.600
2016-12-19 15:07:56 | TEMPLOG : Table    One | 045.500
2016-12-19 15:08:56 | TEMPLOG : WellhouseOne | 047.300
2016-12-19 15:09:59 | TEMPLOG : Table    One | 044.600
2016-12-19 15:11:00 | TEMPLOG : WellhouseOne | 046.400
2016-12-19 15:12:01 | TEMPLOG : WellhouseOne | 107.600
2016-12-19 15:12:01 | TEMPLOG : Table    One | 045.500
2016-12-19 15:13:01 | TEMPLOG : WellhouseOne | 127.400
2016-12-19 15:13:02 | TEMPLOG : Table    One | 046.400
2016-12-19 15:14:02 | TEMPLOG : WellhouseOne | 134.600
2016-12-19 15:15:03 | TEMPLOG : WellhouseOne | 095.900
2016-12-19 15:16:04 | TEMPLOG : WellhouseOne | 081.500
2016-12-19 15:16:05 | TEMPLOG : Table    One | 047.300
2016-12-19 15:17:05 | TEMPLOG : WellhouseOne | 074.300
2016-12-19 15:18:06 | TEMPLOG : WellhouseOne | 067.100
2016-12-19 15:19:07 | TEMPLOG : WellhouseOne | 061.700
2016-12-19 15:19:07 | TEMPLOG : Table    One | 048.200
2016-12-19 15:20:07 | TEMPLOG : WellhouseOne | 057.200
2016-12-19 15:20:08 | TEMPLOG : Table    One | 049.100
2016-12-19 15:21:08 | TEMPLOG : WellhouseOne | 054.500
2016-12-19 15:21:09 | TEMPLOG : To   GeoLoop | 044.600
2016-12-19 15:21:09 | TEMPLOG : Table    One | 050.000
2016-12-19 15:22:10 | TEMPLOG : WellhouseOne | 052.700
2016-12-19 15:23:12 | TEMPLOG : WellhouseOne | 050.900
2016-12-19 15:23:12 | TEMPLOG : Table    One | 050.900
2016-12-19 15:24:13 | TEMPLOG : WellhouseOne | 048.200
2016-12-19 15:25:14 | TEMPLOG : WellhouseOne | 047.300
2016-12-19 15:25:15 | TEMPLOG : Table    One | 050.000
2016-12-19 15:26:15 | TEMPLOG : Table    One | 049.100
2016-12-19 15:27:16 | TEMPLOG : To   GeoLoop | 043.700
2016-12-19 15:27:16 | TEMPLOG : Table    One | 047.300
2016-12-19 15:28:18 | TEMPLOG : Table    One | 046.400
2016-12-19 15:29:18 | TEMPLOG : WellhouseOne | 046.400
2016-12-19 15:31:21 | TEMPLOG : Table    One | 045.500
2016-12-19 15:33:24 | TEMPLOG : Table    One | 046.400
2016-12-19 15:35:25 | TEMPLOG : WellhouseOne | 047.300
2016-12-19 15:36:27 | TEMPLOG : Table    One | 047.300
2016-12-19 15:38:29 | TEMPLOG : WellhouseOne | 046.400
2016-12-19 15:38:29 | TEMPLOG : Table    One | 046.400
2016-12-19 15:39:30 | TEMPLOG : WellhouseOne | 066.200
2016-12-19 15:39:30 | TEMPLOG : Table    One | 045.500
2016-12-19 15:40:30 | TEMPLOG : WellhouseOne | 115.700
2016-12-19 15:40:31 | TEMPLOG : Table    One | 044.600
2016-12-19 15:41:31 | TEMPLOG : WellhouseOne | 130.100
2016-12-19 15:41:32 | TEMPLOG : Table    One | 043.700
2016-12-19 15:42:32 | TEMPLOG : WellhouseOne | 123.800
2016-12-19 15:42:33 | TEMPLOG : Table    One | 042.800
2016-12-19 15:43:33 | TEMPLOG : WellhouseOne | 093.200
2016-12-19 15:44:34 | TEMPLOG : WellhouseOne | 077.900
2016-12-19 15:44:35 | TEMPLOG : Table    One | 041.900
2016-12-19 15:45:35 | TEMPLOG : WellhouseOne | 068.900
2016-12-19 15:46:36 | TEMPLOG : WellhouseOne | 063.500
2016-12-19 15:47:37 | TEMPLOG : WellhouseOne | 059.000
2016-12-19 15:47:37 | TEMPLOG : To   GeoLoop | 042.800
2016-12-19 15:47:38 | TEMPLOG : Table    One | 041.000
2016-12-19 15:48:38 | TEMPLOG : WellhouseOne | 055.400
2016-12-19 15:49:38 | TEMPLOG : WellhouseOne | 053.600
2016-12-19 15:50:39 | TEMPLOG : WellhouseOne | 052.700
2016-12-19 15:51:40 | TEMPLOG : WellhouseOne | 051.800
2016-12-19 15:52:41 | TEMPLOG : WellhouseOne | 050.000
2016-12-19 15:53:42 | TEMPLOG : WellhouseOne | 049.100
2016-12-19 15:53:42 | TEMPLOG : Table    One | 040.100
2016-12-19 15:54:42 | TEMPLOG : WellhouseOne | 050.000
2016-12-19 15:55:43 | TEMPLOG : WellhouseOne | 049.100
2016-12-19 15:56:44 | TEMPLOG : Table    One | 041.000
2016-12-19 15:57:45 | TEMPLOG : WellhouseOne | 048.200
2016-12-19 15:58:46 | TEMPLOG : Table    One | 041.900
2016-12-19 15:59:47 | TEMPLOG : WellhouseOne | 047.300
2016-12-19 15:59:47 | TEMPLOG : Table    One | 042.800
2016-12-19 16:00:47 | TEMPLOG : WellhouseOne | 047.300
2016-12-19 16:00:48 | TEMPLOG : To   GeoLoop | 043.700
2016-12-19 16:00:48 | TEMPLOG : Table    One | 044.600
2016-12-19 16:01:49 | TEMPLOG : Table    One | 045.500
2016-12-19 16:02:49 | TEMPLOG : WellhouseOne | 048.200
2016-12-19 16:02:50 | TEMPLOG : Table    One | 046.400
2016-12-19 16:03:51 | TEMPLOG : Table    One | 047.300
2016-12-19 16:06:54 | TEMPLOG : Table    One | 046.400
2016-12-19 16:07:54 | TEMPLOG : Table    One | 044.600
2016-12-19 16:08:55 | TEMPLOG : WellhouseOne | 060.800
2016-12-19 16:08:55 | TEMPLOG : Table    One | 042.800
2016-12-19 16:09:55 | TEMPLOG : WellhouseOne | 113.900
2016-12-19 16:09:55 | TEMPLOG : To   GeoLoop | 042.800
2016-12-19 16:09:56 | TEMPLOG : Table    One | 041.900
2016-12-19 16:10:56 | TEMPLOG : WellhouseOne | 128.300
2016-12-19 16:10:56 | TEMPLOG : Table    One | 041.000
2016-12-19 16:11:57 | TEMPLOG : WellhouseOne | 092.300
2016-12-19 16:11:58 | TEMPLOG : Table    One | 040.100
2016-12-19 16:12:58 | TEMPLOG : WellhouseOne | 079.700
2016-12-19 16:12:58 | TEMPLOG : Table    One | 039.200
2016-12-19 16:13:59 | TEMPLOG : WellhouseOne | 071.600
2016-12-19 16:15:00 | TEMPLOG : WellhouseOne | 066.200
2016-12-19 16:15:00 | TEMPLOG : Table    One | 040.100
2016-12-19 16:16:00 | TEMPLOG : WellhouseOne | 059.000
2016-12-19 16:16:01 | TEMPLOG : Table    One | 041.000
2016-12-19 16:17:02 | TEMPLOG : WellhouseOne | 055.400
2016-12-19 16:17:02 | TEMPLOG : Table    One | 041.900
2016-12-19 16:18:02 | TEMPLOG : WellhouseOne | 053.600
2016-12-19 16:20:04 | TEMPLOG : WellhouseOne | 051.800
2016-12-19 16:21:05 | TEMPLOG : WellhouseOne | 050.900
2016-12-19 16:21:05 | TEMPLOG : Table    One | 041.000
2016-12-19 16:22:06 | TEMPLOG : WellhouseOne | 050.000
2016-12-19 16:23:07 | TEMPLOG : WellhouseOne | 049.100
2016-12-19 16:25:08 | TEMPLOG : WellhouseOne | 048.200
2016-12-19 16:26:09 | TEMPLOG : WellhouseOne | 047.300
2016-12-19 16:26:09 | TEMPLOG : Table    One | 040.100
2016-12-19 16:27:10 | TEMPLOG : Table    One | 039.200
2016-12-19 16:28:10 | TEMPLOG : WellhouseOne | 046.400
2016-12-19 16:28:12 | TEMPLOG : Table    One | 038.300
2016-12-19 16:29:12 | TEMPLOG : To   GeoLoop | 041.900
2016-12-19 16:29:13 | TEMPLOG : Table    One | 037.400
2016-12-19 16:30:14 | TEMPLOG : Table    One | 036.500
2016-12-19 16:31:14 | TEMPLOG : WellhouseOne | 045.500
2016-12-19 16:32:15 | TEMPLOG : WellhouseOne | 044.600
2016-12-19 16:32:15 | TEMPLOG : Table    One | 035.600
2016-12-19 16:34:17 | TEMPLOG : WellhouseOne | 043.700
2016-12-19 16:34:18 | TEMPLOG : Table    One | 034.700
2016-12-19 16:36:21 | TEMPLOG : WellhouseOne | 093.200
2016-12-19 16:37:22 | TEMPLOG : WellhouseOne | 121.100
2016-12-19 16:38:23 | TEMPLOG : WellhouseOne | 131.000
2016-12-19 16:39:24 | TEMPLOG : WellhouseOne | 104.000
2016-12-19 16:40:25 | TEMPLOG : WellhouseOne | 084.200
2016-12-19 16:41:26 | TEMPLOG : WellhouseOne | 070.700
2016-12-19 16:42:26 | TEMPLOG : WellhouseOne | 064.400
2016-12-19 16:42:27 | TEMPLOG : Table    One | 033.800
2016-12-19 16:43:27 | TEMPLOG : WellhouseOne | 057.200
2016-12-19 16:44:28 | TEMPLOG : WellhouseOne | 054.500
2016-12-19 16:45:29 | TEMPLOG : WellhouseOne | 050.900
2016-12-19 16:46:30 | TEMPLOG : WellhouseOne | 050.000
2016-12-19 16:47:31 | TEMPLOG : WellhouseOne | 049.100
2016-12-19 16:47:31 | TEMPLOG : Table    One | 032.900
2016-12-19 16:48:31 | TEMPLOG : WellhouseOne | 047.300
2016-12-19 16:48:31 | TEMPLOG : To   GeoLoop | 041.000
2016-12-19 16:49:32 | TEMPLOG : WellhouseOne | 046.400
2016-12-19 16:51:33 | TEMPLOG : WellhouseOne | 045.500
2016-12-19 16:52:34 | TEMPLOG : WellhouseOne | 043.700
2016-12-19 16:53:34 | TEMPLOG : WellhouseOne | 042.800
2016-12-19 16:58:40 | TEMPLOG : WellhouseOne | 041.000
2016-12-19 17:00:42 | TEMPLOG : WellhouseOne | 041.000
2016-12-19 17:00:43 | TEMPLOG : To   GeoLoop | 041.000
2016-12-19 17:00:43 | TEMPLOG : Table    One | 031.100
2016-12-19 17:02:45 | TEMPLOG : WellhouseOne | 073.400
2016-12-19 17:03:46 | TEMPLOG : WellhouseOne | 113.000
2016-12-19 17:04:48 | TEMPLOG : WellhouseOne | 126.500
2016-12-19 17:05:49 | TEMPLOG : WellhouseOne | 132.800
2016-12-19 17:06:50 | TEMPLOG : WellhouseOne | 137.300
2016-12-19 17:07:50 | TEMPLOG : WellhouseOne | 097.700
2016-12-19 17:08:51 | TEMPLOG : WellhouseOne | 080.600
2016-12-19 17:09:52 | TEMPLOG : WellhouseOne | 068.000
2016-12-19 17:10:53 | TEMPLOG : WellhouseOne | 063.500
2016-12-19 17:11:54 | TEMPLOG : WellhouseOne | 059.000
2016-12-19 17:12:55 | TEMPLOG : WellhouseOne | 055.400
2016-12-19 17:13:56 | TEMPLOG : WellhouseOne | 051.800
2016-12-19 17:14:57 | TEMPLOG : WellhouseOne | 050.000
2016-12-19 17:15:58 | TEMPLOG : WellhouseOne | 049.100
2016-12-19 17:17:00 | TEMPLOG : WellhouseOne | 047.300
2016-12-19 17:18:00 | TEMPLOG : WellhouseOne | 046.400
2016-12-19 17:22:04 | TEMPLOG : WellhouseOne | 045.500
2016-12-19 17:23:06 | TEMPLOG : WellhouseOne | 044.600
2016-12-19 17:25:07 | TEMPLOG : WellhouseOne | 043.700
2016-12-19 17:26:08 | TEMPLOG : WellhouseOne | 042.800
2016-12-19 17:26:09 | TEMPLOG : Table    One | 030.200
2016-12-19 17:27:10 | TEMPLOG : Table    One | 031.100
2016-12-19 17:28:11 | TEMPLOG : WellhouseOne | 041.900
2016-12-19 17:30:14 | TEMPLOG : WellhouseOne | 059.900
2016-12-19 17:31:16 | TEMPLOG : WellhouseOne | 111.200
2016-12-19 17:31:16 | TEMPLOG : Table    One | 030.200
2016-12-19 17:32:16 | TEMPLOG : WellhouseOne | 122.900
2016-12-19 17:33:17 | TEMPLOG : WellhouseOne | 131.000
2016-12-19 17:34:18 | TEMPLOG : WellhouseOne | 135.500
2016-12-19 17:35:19 | TEMPLOG : WellhouseOne | 105.800
2016-12-19 17:36:20 | TEMPLOG : WellhouseOne | 083.300
2016-12-19 17:36:20 | TEMPLOG : To   GeoLoop | 040.100
2016-12-19 17:37:21 | TEMPLOG : WellhouseOne | 069.800
2016-12-19 17:38:22 | TEMPLOG : WellhouseOne | 063.500
2016-12-19 17:39:24 | TEMPLOG : WellhouseOne | 060.800
2016-12-19 17:40:25 | TEMPLOG : WellhouseOne | 058.100
2016-12-19 17:41:26 | TEMPLOG : WellhouseOne | 055.400
2016-12-19 17:42:28 | TEMPLOG : WellhouseOne | 052.700
2016-12-19 17:43:28 | TEMPLOG : WellhouseOne | 050.900
2016-12-19 17:44:29 | TEMPLOG : WellhouseOne | 050.000
2016-12-19 17:45:29 | TEMPLOG : WellhouseOne | 048.200
2016-12-19 17:46:31 | TEMPLOG : WellhouseOne | 046.400
2016-12-19 17:47:31 | TEMPLOG : WellhouseOne | 045.500
2016-12-19 17:49:33 | TEMPLOG : WellhouseOne | 044.600
2016-12-19 17:52:37 | TEMPLOG : WellhouseOne | 043.700
2016-12-19 17:54:40 | TEMPLOG : WellhouseOne | 044.600
2016-12-19 17:57:42 | TEMPLOG : WellhouseOne | 061.700
2016-12-19 17:58:43 | TEMPLOG : WellhouseOne | 110.300
2016-12-19 17:59:44 | TEMPLOG : WellhouseOne | 123.800
2016-12-19 18:00:45 | TEMPLOG : WellhouseOne | 131.900
2016-12-19 18:00:46 | TEMPLOG : Bio   Filter | 030.200
2016-12-19 18:00:46 | TEMPLOG : To   GeoLoop | 040.100
2016-12-19 18:00:46 | TEMPLOG : Table    One | 030.200
2016-12-19 18:01:46 | TEMPLOG : WellhouseOne | 135.500
2016-12-19 18:02:48 | TEMPLOG : WellhouseOne | 095.900
2016-12-19 18:02:48 | TEMPLOG : Bio   Filter | 029.300
2016-12-19 18:03:49 | TEMPLOG : WellhouseOne | 078.800
2016-12-19 18:04:50 | TEMPLOG : WellhouseOne | 068.000
2016-12-19 18:05:52 | TEMPLOG : WellhouseOne | 063.500
2016-12-19 18:06:53 | TEMPLOG : WellhouseOne | 059.900
2016-12-19 18:07:54 | TEMPLOG : WellhouseOne | 056.300
2016-12-19 18:08:55 | TEMPLOG : WellhouseOne | 053.600
2016-12-19 18:09:56 | TEMPLOG : WellhouseOne | 050.900
2016-12-19 18:12:59 | TEMPLOG : WellhouseOne | 050.000
2016-12-19 18:14:01 | TEMPLOG : WellhouseOne | 049.100
2016-12-19 18:16:04 | TEMPLOG : WellhouseOne | 048.200
2016-12-19 18:16:04 | TEMPLOG : Bio   Filter | 030.200
2016-12-19 18:18:07 | TEMPLOG : WellhouseOne | 047.300
2016-12-19 18:21:12 | TEMPLOG : WellhouseOne | 046.400
2016-12-19 18:22:13 | TEMPLOG : WellhouseOne | 045.500
2016-12-19 18:23:14 | TEMPLOG : WellhouseOne | 044.600
2016-12-19 18:23:15 | TEMPLOG : To   GeoLoop | 041.000
2016-12-19 18:24:16 | TEMPLOG : To   GeoLoop | 040.100
2016-12-19 18:25:16 | TEMPLOG : WellhouseOne | 043.700
2016-12-19 18:26:18 | TEMPLOG : WellhouseOne | 048.200
2016-12-19 18:26:20 | TEMPLOG : To   GeoLoop | 041.000
2016-12-19 18:27:21 | TEMPLOG : WellhouseOne | 107.600
2016-12-19 18:28:22 | TEMPLOG : WellhouseOne | 122.900
2016-12-19 18:29:23 | TEMPLOG : WellhouseOne | 131.000
2016-12-19 18:29:23 | TEMPLOG : Table    One | 031.100
2016-12-19 18:30:24 | TEMPLOG : WellhouseOne | 135.500
2016-12-19 18:30:25 | TEMPLOG : Table    One | 030.200
2016-12-19 18:31:25 | TEMPLOG : WellhouseOne | 111.200
2016-12-19 18:32:28 | TEMPLOG : WellhouseOne | 090.500
2016-12-19 18:32:29 | TEMPLOG : Table    One | 031.100
2016-12-19 18:33:30 | TEMPLOG : WellhouseOne | 078.800
2016-12-19 18:34:30 | TEMPLOG : WellhouseOne | 069.800
2016-12-19 18:35:31 | TEMPLOG : WellhouseOne | 064.400
2016-12-19 18:36:33 | TEMPLOG : WellhouseOne | 060.800
2016-12-19 18:37:34 | TEMPLOG : WellhouseOne | 058.100
2016-12-19 18:38:36 | TEMPLOG : WellhouseOne | 055.400
2016-12-19 18:39:37 | TEMPLOG : WellhouseOne | 054.500
2016-12-19 18:40:38 | TEMPLOG : WellhouseOne | 052.700
2016-12-19 18:41:39 | TEMPLOG : WellhouseOne | 051.800
2016-12-19 18:41:39 | TEMPLOG : Bio   Filter | 031.100
2016-12-19 18:42:41 | TEMPLOG : WellhouseOne | 050.900
2016-12-19 18:43:41 | TEMPLOG : WellhouseOne | 050.000
2016-12-19 18:45:43 | TEMPLOG : WellhouseOne | 049.100
2016-12-19 18:47:45 | TEMPLOG : WellhouseOne | 048.200
2016-12-19 18:49:48 | TEMPLOG : WellhouseOne | 047.300
2016-12-19 18:51:49 | TEMPLOG : WellhouseOne | 046.400
2016-12-19 18:53:53 | TEMPLOG : WellhouseOne | 045.500
2016-12-19 18:56:57 | TEMPLOG : WellhouseOne | 077.900
2016-12-19 18:58:00 | TEMPLOG : WellhouseOne | 112.100
2016-12-19 18:59:01 | TEMPLOG : WellhouseOne | 127.400
2016-12-19 19:00:03 | TEMPLOG : WellhouseOne | 122.000
2016-12-19 19:00:03 | TEMPLOG : Bio   Filter | 031.100
2016-12-19 19:00:04 | TEMPLOG : To   GeoLoop | 041.000
2016-12-19 19:01:04 | TEMPLOG : WellhouseOne | 088.700
2016-12-19 19:02:06 | TEMPLOG : WellhouseOne | 077.900
2016-12-19 19:03:07 | TEMPLOG : WellhouseOne | 070.700
2016-12-19 19:04:09 | TEMPLOG : WellhouseOne | 065.300
2016-12-19 19:05:10 | TEMPLOG : WellhouseOne | 061.700
2016-12-19 19:06:10 | TEMPLOG : WellhouseOne | 059.000
2016-12-19 19:07:12 | TEMPLOG : WellhouseOne | 056.300
2016-12-19 19:08:13 | TEMPLOG : WellhouseOne | 054.500
2016-12-19 19:09:14 | TEMPLOG : WellhouseOne | 052.700
2016-12-19 19:10:15 | TEMPLOG : WellhouseOne | 051.800
2016-12-19 19:11:16 | TEMPLOG : WellhouseOne | 050.900
2016-12-19 19:12:17 | TEMPLOG : WellhouseOne | 050.000
2016-12-19 19:14:19 | TEMPLOG : WellhouseOne | 049.100
2016-12-19 19:16:21 | TEMPLOG : WellhouseOne | 048.200
2016-12-19 19:19:25 | TEMPLOG : WellhouseOne | 047.300
2016-12-19 19:22:30 | TEMPLOG : WellhouseOne | 046.400
2016-12-19 19:24:32 | TEMPLOG : WellhouseOne | 045.500
2016-12-19 19:25:34 | TEMPLOG : WellhouseOne | 046.400
2016-12-19 19:26:35 | TEMPLOG : WellhouseOne | 107.600
2016-12-19 19:27:36 | TEMPLOG : WellhouseOne | 125.600
2016-12-19 19:28:37 | TEMPLOG : WellhouseOne | 136.400
2016-12-19 19:29:38 | TEMPLOG : WellhouseOne | 095.900
2016-12-19 19:30:39 | TEMPLOG : WellhouseOne | 082.400
2016-12-19 19:31:40 | TEMPLOG : WellhouseOne | 072.500
2016-12-19 19:32:42 | TEMPLOG : WellhouseOne | 067.100
2016-12-19 19:33:43 | TEMPLOG : WellhouseOne | 062.600
2016-12-19 19:34:44 | TEMPLOG : WellhouseOne | 058.100
2016-12-19 19:35:45 | TEMPLOG : WellhouseOne | 056.300
2016-12-19 19:36:47 | TEMPLOG : WellhouseOne | 054.500
2016-12-19 19:37:48 | TEMPLOG : WellhouseOne | 053.600
2016-12-19 19:38:49 | TEMPLOG : WellhouseOne | 051.800
2016-12-19 19:39:51 | TEMPLOG : WellhouseOne | 050.900
2016-12-19 19:40:51 | TEMPLOG : WellhouseOne | 050.000
2016-12-19 19:41:53 | TEMPLOG : WellhouseOne | 049.100
2016-12-19 19:44:56 | TEMPLOG : WellhouseOne | 048.200
2016-12-19 19:46:58 | TEMPLOG : WellhouseOne | 047.300
2016-12-19 19:50:01 | TEMPLOG : WellhouseOne | 046.400
2016-12-19 19:52:03 | TEMPLOG : WellhouseOne | 045.500
2016-12-19 19:54:05 | TEMPLOG : WellhouseOne | 050.900
2016-12-19 19:55:06 | TEMPLOG : WellhouseOne | 109.400
2016-12-19 19:56:07 | TEMPLOG : WellhouseOne | 124.700
2016-12-19 19:57:09 | TEMPLOG : WellhouseOne | 133.700
2016-12-19 19:58:10 | TEMPLOG : WellhouseOne | 114.800
2016-12-19 19:59:12 | TEMPLOG : WellhouseOne | 090.500
2016-12-19 20:00:13 | TEMPLOG : WellhouseOne | 077.900
2016-12-19 20:00:14 | TEMPLOG : To   GeoLoop | 041.000
2016-12-19 20:01:14 | TEMPLOG : WellhouseOne | 070.700
2016-12-19 20:02:15 | TEMPLOG : WellhouseOne | 064.400
2016-12-19 20:03:16 | TEMPLOG : WellhouseOne | 059.900
2016-12-19 20:04:17 | TEMPLOG : WellhouseOne | 057.200
2016-12-19 20:05:18 | TEMPLOG : WellhouseOne | 055.400
2016-12-19 20:06:19 | TEMPLOG : WellhouseOne | 053.600
2016-12-19 20:07:20 | TEMPLOG : WellhouseOne | 052.700
2016-12-19 20:08:21 | TEMPLOG : WellhouseOne | 051.800
2016-12-19 20:09:22 | TEMPLOG : WellhouseOne | 050.900
2016-12-19 20:10:24 | TEMPLOG : WellhouseOne | 050.000
2016-12-19 20:11:25 | TEMPLOG : WellhouseOne | 049.100
2016-12-19 20:12:27 | TEMPLOG : WellhouseOne | 048.200
2016-12-19 20:14:29 | TEMPLOG : WellhouseOne | 047.300
2016-12-19 20:16:31 | TEMPLOG : WellhouseOne | 046.400
2016-12-19 20:19:34 | TEMPLOG : WellhouseOne | 045.500
2016-12-19 20:22:37 | TEMPLOG : WellhouseOne | 046.400
2016-12-19 20:23:39 | TEMPLOG : WellhouseOne | 106.700
2016-12-19 20:24:40 | TEMPLOG : WellhouseOne | 124.700
2016-12-19 20:25:42 | TEMPLOG : WellhouseOne | 132.800
2016-12-19 20:26:43 | TEMPLOG : WellhouseOne | 122.000
2016-12-19 20:27:44 | TEMPLOG : WellhouseOne | 092.300
2016-12-19 20:28:45 | TEMPLOG : WellhouseOne | 079.700
2016-12-19 20:29:46 | TEMPLOG : WellhouseOne | 069.800
2016-12-19 20:29:46 | TEMPLOG : To   GeoLoop | 040.100
2016-12-19 20:30:47 | TEMPLOG : WellhouseOne | 064.400
2016-12-19 20:31:48 | TEMPLOG : WellhouseOne | 060.800
2016-12-19 20:32:50 | TEMPLOG : WellhouseOne | 058.100
2016-12-19 20:33:53 | TEMPLOG : WellhouseOne | 054.500
2016-12-19 20:34:54 | TEMPLOG : WellhouseOne | 053.600
2016-12-19 20:34:55 | TEMPLOG : To   GeoLoop | 041.000
2016-12-19 20:35:55 | TEMPLOG : WellhouseOne | 051.800
2016-12-19 20:35:56 | TEMPLOG : To   GeoLoop | 040.100
2016-12-19 20:36:57 | TEMPLOG : WellhouseOne | 050.900
2016-12-19 20:37:58 | TEMPLOG : WellhouseOne | 050.000
2016-12-19 20:40:01 | TEMPLOG : WellhouseOne | 049.100
2016-12-19 20:42:04 | TEMPLOG : WellhouseOne | 048.200
2016-12-19 20:42:04 | TEMPLOG : To   GeoLoop | 041.000
2016-12-19 20:44:07 | TEMPLOG : WellhouseOne | 047.300
2016-12-19 20:48:11 | TEMPLOG : WellhouseOne | 046.400
2016-12-19 20:50:16 | TEMPLOG : To   GeoLoop | 040.100
2016-12-19 20:51:16 | TEMPLOG : WellhouseOne | 045.500
2016-12-19 20:51:16 | TEMPLOG : To   GeoLoop | 041.000
2016-12-19 20:52:17 | TEMPLOG : WellhouseOne | 068.000
2016-12-19 20:53:18 | TEMPLOG : WellhouseOne | 113.000
2016-12-19 20:54:20 | TEMPLOG : WellhouseOne | 128.300
2016-12-19 20:55:21 | TEMPLOG : WellhouseOne | 114.800
2016-12-19 20:56:22 | TEMPLOG : WellhouseOne | 088.700
2016-12-19 20:57:23 | TEMPLOG : WellhouseOne | 077.000
2016-12-19 20:58:24 | TEMPLOG : WellhouseOne | 068.900
2016-12-19 20:58:25 | TEMPLOG : To   GeoLoop | 040.100
2016-12-19 20:59:26 | TEMPLOG : WellhouseOne | 063.500
2016-12-19 21:00:27 | TEMPLOG : WellhouseOne | 059.900
2016-12-19 21:00:28 | TEMPLOG : Bio   Filter | 031.100
2016-12-19 21:00:28 | TEMPLOG : To   GeoLoop | 041.000
2016-12-19 21:00:28 | TEMPLOG : Table    One | 031.100
2016-12-19 21:01:28 | TEMPLOG : WellhouseOne | 057.200
2016-12-19 21:01:29 | TEMPLOG : To   GeoLoop | 040.100
2016-12-19 21:02:29 | TEMPLOG : WellhouseOne | 055.400
2016-12-19 21:02:30 | TEMPLOG : To   GeoLoop | 041.000
2016-12-19 21:03:31 | TEMPLOG : WellhouseOne | 053.600
2016-12-19 21:04:33 | TEMPLOG : WellhouseOne | 051.800
2016-12-19 21:05:34 | TEMPLOG : WellhouseOne | 050.900
2016-12-19 21:06:35 | TEMPLOG : WellhouseOne | 050.000
2016-12-19 21:07:36 | TEMPLOG : WellhouseOne | 049.100
2016-12-19 21:09:39 | TEMPLOG : WellhouseOne | 048.200
2016-12-19 21:11:41 | TEMPLOG : WellhouseOne | 047.300
2016-12-19 21:12:43 | TEMPLOG : To   GeoLoop | 040.100
2016-12-19 21:13:44 | TEMPLOG : WellhouseOne | 046.400
2016-12-19 21:17:50 | TEMPLOG : WellhouseOne | 045.500
2016-12-19 21:20:54 | TEMPLOG : WellhouseOne | 071.600
2016-12-19 21:21:55 | TEMPLOG : WellhouseOne | 112.100
2016-12-19 21:21:55 | TEMPLOG : To   GeoLoop | 041.000
2016-12-19 21:22:56 | TEMPLOG : WellhouseOne | 127.400
2016-12-19 21:23:58 | TEMPLOG : WellhouseOne | 107.600
2016-12-19 21:24:59 | TEMPLOG : WellhouseOne | 086.000
2016-12-19 21:26:01 | TEMPLOG : WellhouseOne | 075.200
2016-12-19 21:27:02 | TEMPLOG : WellhouseOne | 068.900
2016-12-19 21:28:03 | TEMPLOG : WellhouseOne | 063.500
2016-12-19 21:29:04 | TEMPLOG : WellhouseOne | 059.900
2016-12-19 21:30:05 | TEMPLOG : WellhouseOne | 057.200
2016-12-19 21:31:06 | TEMPLOG : WellhouseOne | 055.400
2016-12-19 21:32:08 | TEMPLOG : WellhouseOne | 054.500
2016-12-19 21:33:10 | TEMPLOG : WellhouseOne | 053.600
2016-12-19 21:34:11 | TEMPLOG : WellhouseOne | 052.700
2016-12-19 21:35:13 | TEMPLOG : WellhouseOne | 051.800
2016-12-19 21:35:14 | TEMPLOG : Table    One | 032.900
2016-12-19 21:36:15 | TEMPLOG : WellhouseOne | 050.900
2016-12-19 21:38:16 | TEMPLOG : WellhouseOne | 050.000
2016-12-19 21:38:17 | TEMPLOG : Bio   Filter | 032.900
2016-12-19 21:40:19 | TEMPLOG : WellhouseOne | 049.100
2016-12-19 21:41:19 | TEMPLOG : WellhouseOne | 048.200
2016-12-19 21:43:22 | TEMPLOG : WellhouseOne | 047.300
2016-12-19 21:46:25 | TEMPLOG : WellhouseOne | 046.400
2016-12-19 21:49:29 | TEMPLOG : WellhouseOne | 086.900
2016-12-19 21:50:31 | TEMPLOG : WellhouseOne | 116.600
2016-12-19 21:51:32 | TEMPLOG : WellhouseOne | 128.300
2016-12-19 21:52:33 | TEMPLOG : WellhouseOne | 106.700
2016-12-19 21:53:35 | TEMPLOG : WellhouseOne | 086.000
2016-12-19 21:54:36 | TEMPLOG : WellhouseOne | 075.200
2016-12-19 21:55:37 | TEMPLOG : WellhouseOne | 068.000
2016-12-19 21:56:40 | TEMPLOG : WellhouseOne | 063.500
2016-12-19 21:57:41 | TEMPLOG : WellhouseOne | 059.900
2016-12-19 21:58:42 | TEMPLOG : WellhouseOne | 057.200
2016-12-19 21:59:43 | TEMPLOG : WellhouseOne | 055.400
2016-12-19 22:00:45 | TEMPLOG : WellhouseOne | 054.500
2016-12-19 22:00:45 | TEMPLOG : Bio   Filter | 032.900
2016-12-19 22:00:46 | TEMPLOG : To   GeoLoop | 041.000
2016-12-19 22:00:46 | TEMPLOG : Table    One | 032.900
2016-12-19 22:01:46 | TEMPLOG : WellhouseOne | 052.700
2016-12-19 22:03:49 | TEMPLOG : WellhouseOne | 051.800
2016-12-19 22:04:50 | TEMPLOG : WellhouseOne | 050.900
2016-12-19 22:06:52 | TEMPLOG : WellhouseOne | 050.000
2016-12-19 22:09:57 | TEMPLOG : WellhouseOne | 049.100
2016-12-19 22:09:59 | TEMPLOG : Table    One | 033.800
2016-12-19 22:13:01 | TEMPLOG : Bio   Filter | 033.800
2016-12-19 22:15:04 | TEMPLOG : WellhouseOne | 048.200
2016-12-19 22:17:07 | TEMPLOG : WellhouseOne | 047.300
2016-12-19 22:18:08 | TEMPLOG : WellhouseOne | 098.600
2016-12-19 22:19:08 | TEMPLOG : WellhouseOne | 121.100
2016-12-19 22:20:09 | TEMPLOG : WellhouseOne | 129.200
2016-12-19 22:21:11 | TEMPLOG : WellhouseOne | 127.400
2016-12-19 22:22:12 | TEMPLOG : WellhouseOne | 086.900
2016-12-19 22:22:12 | TEMPLOG : Table    One | 034.700
2016-12-19 22:23:13 | TEMPLOG : WellhouseOne | 076.100
2016-12-19 22:24:14 | TEMPLOG : WellhouseOne | 068.900
2016-12-19 22:25:15 | TEMPLOG : WellhouseOne | 065.300
2016-12-19 22:26:16 | TEMPLOG : WellhouseOne | 062.600
2016-12-19 22:26:16 | TEMPLOG : Bio   Filter | 034.700
2016-12-19 22:27:17 | TEMPLOG : WellhouseOne | 060.800
2016-12-19 22:28:20 | TEMPLOG : WellhouseOne | 059.000
2016-12-19 22:28:20 | TEMPLOG : Bio   Filter | 033.800
2016-12-19 22:29:21 | TEMPLOG : WellhouseOne | 057.200
2016-12-19 22:30:21 | TEMPLOG : WellhouseOne | 056.300
2016-12-19 22:31:24 | TEMPLOG : WellhouseOne | 055.400
2016-12-19 22:33:27 | TEMPLOG : WellhouseOne | 054.500
2016-12-19 22:34:30 | TEMPLOG : WellhouseOne | 053.600
2016-12-19 22:36:33 | TEMPLOG : WellhouseOne | 052.700
2016-12-19 22:37:35 | TEMPLOG : WellhouseOne | 051.800
2016-12-19 22:39:39 | TEMPLOG : WellhouseOne | 050.900
2016-12-19 22:39:40 | TEMPLOG : Table    One | 033.800
2016-12-19 22:41:41 | TEMPLOG : WellhouseOne | 050.000
2016-12-19 22:43:43 | TEMPLOG : WellhouseOne | 049.100
2016-12-19 22:44:44 | TEMPLOG : WellhouseOne | 048.200
2016-12-19 22:48:50 | TEMPLOG : WellhouseOne | 077.900
2016-12-19 22:48:50 | TEMPLOG : Bio   Filter | 032.900
2016-12-19 22:49:51 | TEMPLOG : WellhouseOne | 117.500
2016-12-19 22:49:52 | TEMPLOG : Table    One | 032.900
2016-12-19 22:50:52 | TEMPLOG : WellhouseOne | 133.700
2016-12-19 22:51:53 | TEMPLOG : WellhouseOne | 110.300
2016-12-19 22:52:54 | TEMPLOG : WellhouseOne | 088.700
2016-12-19 22:53:56 | TEMPLOG : WellhouseOne | 077.900
2016-12-19 22:54:57 | TEMPLOG : WellhouseOne | 069.800
2016-12-19 22:55:58 | TEMPLOG : WellhouseOne | 063.500
2016-12-19 22:56:59 | TEMPLOG : WellhouseOne | 059.000
2016-12-19 22:58:00 | TEMPLOG : WellhouseOne | 058.100
2016-12-19 22:59:02 | TEMPLOG : WellhouseOne | 056.300
2016-12-19 23:00:04 | TEMPLOG : WellhouseOne | 054.500
2016-12-19 23:00:05 | TEMPLOG : Bio   Filter | 032.900
2016-12-19 23:00:05 | TEMPLOG : To   GeoLoop | 041.000
2016-12-19 23:00:06 | TEMPLOG : Table    One | 032.900
2016-12-19 23:01:06 | TEMPLOG : WellhouseOne | 053.600
2016-12-19 23:02:07 | TEMPLOG : WellhouseOne | 052.700
2016-12-19 23:03:08 | TEMPLOG : WellhouseOne | 051.800
2016-12-19 23:04:10 | TEMPLOG : WellhouseOne | 050.900
2016-12-19 23:06:13 | TEMPLOG : WellhouseOne | 050.000
2016-12-19 23:07:14 | TEMPLOG : WellhouseOne | 049.100
2016-12-19 23:09:16 | TEMPLOG : WellhouseOne | 048.200
2016-12-19 23:13:21 | TEMPLOG : WellhouseOne | 047.300
2016-12-19 23:16:24 | TEMPLOG : WellhouseOne | 046.400
2016-12-19 23:19:27 | TEMPLOG : WellhouseOne | 104.000
2016-12-19 23:20:29 | TEMPLOG : WellhouseOne | 125.600
2016-12-19 23:21:31 | TEMPLOG : WellhouseOne | 134.600
2016-12-19 23:22:32 | TEMPLOG : WellhouseOne | 100.400
2016-12-19 23:23:33 | TEMPLOG : WellhouseOne | 083.300
2016-12-19 23:24:34 | TEMPLOG : WellhouseOne | 073.400
2016-12-19 23:25:35 | TEMPLOG : WellhouseOne | 067.100
2016-12-19 23:26:36 | TEMPLOG : WellhouseOne | 061.700
2016-12-19 23:27:37 | TEMPLOG : WellhouseOne | 059.900
2016-12-19 23:28:37 | TEMPLOG : WellhouseOne | 057.200
2016-12-19 23:29:39 | TEMPLOG : WellhouseOne | 055.400
2016-12-19 23:30:40 | TEMPLOG : WellhouseOne | 054.500
2016-12-19 23:31:41 | TEMPLOG : WellhouseOne | 053.600
2016-12-19 23:32:42 | TEMPLOG : WellhouseOne | 051.800
2016-12-19 23:34:45 | TEMPLOG : WellhouseOne | 050.900
2016-12-19 23:35:47 | TEMPLOG : To   GeoLoop | 040.100
2016-12-19 23:36:48 | TEMPLOG : WellhouseOne | 050.000
2016-12-19 23:37:48 | TEMPLOG : WellhouseOne | 049.100
2016-12-19 23:37:49 | TEMPLOG : Bio   Filter | 031.100
2016-12-19 23:39:51 | TEMPLOG : WellhouseOne | 048.200
2016-12-19 23:39:52 | TEMPLOG : Table    One | 031.100
2016-12-19 23:41:55 | TEMPLOG : WellhouseOne | 047.300
2016-12-19 23:44:59 | TEMPLOG : WellhouseOne | 046.400
2016-12-19 23:49:04 | TEMPLOG : WellhouseOne | 095.900
2016-12-19 23:50:05 | TEMPLOG : WellhouseOne | 120.200
2016-12-19 23:51:06 | TEMPLOG : WellhouseOne | 130.100
2016-12-19 23:52:07 | TEMPLOG : WellhouseOne | 122.900
2016-12-19 23:53:08 | TEMPLOG : WellhouseOne | 094.100
2016-12-19 23:54:09 | TEMPLOG : WellhouseOne | 081.500
2016-12-19 23:55:11 | TEMPLOG : WellhouseOne | 071.600
2016-12-19 23:56:12 | TEMPLOG : WellhouseOne | 067.100
2016-12-19 23:57:13 | TEMPLOG : WellhouseOne | 062.600
2016-12-19 23:58:14 | TEMPLOG : WellhouseOne | 059.900
2016-12-19 23:59:15 | TEMPLOG : WellhouseOne | 057.200
